2023-06-14 10:43:00.599 | INFO     | httprunner.runner:test_start:450 - Start to run testcase: 企业注册信息暂存用例集, TestCase ID: 03d35076-6a8f-4462-bf80-1b1a5ec182dd
2023-06-14 10:43:00.600 | INFO     | httprunner.runner:__run_step:292 - run step begin: 用户注册 >>>>>>
2023-06-14 10:43:00.600 | INFO     | httprunner.runner:__run_step:292 - run step begin: 用户注册 >>>>>>
2023-06-14 10:43:00.704 | DEBUG    | httprunner.client:request:186 - client IP: 10.14.148.129, Port: 59068
2023-06-14 10:43:00.705 | DEBUG    | httprunner.client:request:194 - server IP: 139.198.116.76, Port: 8000
2023-06-14 10:43:00.705 | DEBUG    | httprunner.client:log_print:40 - 
================== request details ==================
method   : POST
url      : http://139.198.116.76:8000/api/home/test/registry
headers  : {
    "User-Agent": "Mozilla/5.0 (Windows NT 10.0; WOW64) AppleWebKit/537.36 (KHTML, like Gecko) Chrome/100.0.4896.60 Safari/537.36",
    "Accept-Encoding": "gzip, deflate",
    "Accept": "application/json, text/plain, */*",
    "Connection": "keep-alive",
    "Accept-Language": "zh-CN,zh;q=0.9",
    "HRUN-Request-ID": "HRUN-03d35076-6a8f-4462-bf80-1b1a5ec182dd-580600",
    "Content-Length": "187",
    "Content-Type": "application/json"
}
cookies  : {}
body     : {
    "email": "OEqji9MRJ4dieVHI@qaqseq.com",
    "mobile": "10294736470",
    "openId": "",
    "openUserName": "",
    "password": "Admin@123",
    "remarks": "",
    "username": "ru42TXIr2V5uAEFirKRNnJDnXBUFxIs8"
}

2023-06-14 10:43:00.706 | DEBUG    | httprunner.client:log_print:40 - 
================== response details ==================
status_code : 200
headers  : {
    "Server": "nginx",
    "Date": "Wed, 14 Jun 2023 02:43:00 GMT",
    "Content-Type": "application/json",
    "Transfer-Encoding": "chunked",
    "Connection": "keep-alive",
    "X-Frame-Options": "SAMEORIGIN"
}
cookies  : {}
encoding : utf-8
content_type : application/json
body     : {
    "message": "success",
    "status": 1,
    "data": true
}

2023-06-14 10:43:00.706 | INFO     | httprunner.client:request:217 - status_code: 200, response_time(ms): 104.37 ms, response_length: 0 bytes
2023-06-14 10:43:00.706 | INFO     | httprunner.response:validate:249 - assert status_code equal 200(int)	==> pass
2023-06-14 10:43:00.707 | INFO     | httprunner.response:validate:249 - assert body.message equal success(str)	==> pass
2023-06-14 10:43:00.707 | INFO     | httprunner.response:validate:249 - assert body.status equal 1(int)	==> pass
2023-06-14 10:43:00.707 | INFO     | httprunner.response:validate:249 - assert body.message contains success(str)	==> pass
2023-06-14 10:43:00.707 | INFO     | httprunner.response:validate:249 - assert body.status contained_by [1, 200](list)	==> pass
2023-06-14 10:43:00.707 | INFO     | httprunner.runner:__run_step:304 - run step end: 用户注册 <<<<<<

2023-06-14 10:43:00.707 | INFO     | httprunner.runner:__run_step:304 - run step end: 用户注册 <<<<<<

2023-06-14 10:43:00.707 | INFO     | httprunner.runner:__run_step:292 - run step begin: 登录-企业 >>>>>>
2023-06-14 10:43:00.708 | INFO     | httprunner.runner:__run_step:292 - run step begin: 登录-企业用户 >>>>>>
2023-06-14 10:43:00.776 | DEBUG    | httprunner.client:request:186 - client IP: 10.14.148.129, Port: 59068
2023-06-14 10:43:00.776 | DEBUG    | httprunner.client:request:194 - server IP: 139.198.116.76, Port: 8000
2023-06-14 10:43:00.777 | DEBUG    | httprunner.client:log_print:40 - 
================== request details ==================
method   : POST
url      : http://139.198.116.76:8000/api/home/test/login
headers  : {
    "User-Agent": "python-requests/2.28.1",
    "Accept-Encoding": "gzip, deflate, br",
    "Accept": "*/*",
    "Connection": "keep-alive",
    "Content-Length": "170",
    "Content-Type": "application/json",
    "HRUN-Request-ID": "HRUN-03d35076-6a8f-4462-bf80-1b1a5ec182dd-580708"
}
cookies  : {}
body     : {
    "captcha": "0000",
    "captchaSign": "089349945ca1c5d91a137a9194be4f1029cb0e7bb58ff7890ecae4de686631dc",
    "emailCaptcha": "",
    "username": "ru42TXIr2V5uAEFirKRNnJDnXBUFxIs8"
}

2023-06-14 10:43:00.777 | DEBUG    | httprunner.client:log_print:40 - 
================== response details ==================
status_code : 200
headers  : {
    "Server": "nginx",
    "Date": "Wed, 14 Jun 2023 02:43:00 GMT",
    "Content-Type": "application/json;charset=UTF-8",
    "Transfer-Encoding": "chunked",
    "Connection": "keep-alive",
    "Set-Cookie": "SESSION=NWZhZjU3NDYtMjE3ZC00NWZiLThmNjctZjhlN2VkNjNkYTkz; Path=/; HttpOnly; SameSite=Lax",
    "X-Frame-Options": "SAMEORIGIN"
}
cookies  : {
    "SESSION": "NWZhZjU3NDYtMjE3ZC00NWZiLThmNjctZjhlN2VkNjNkYTkz"
}
encoding : UTF-8
content_type : application/json;charset=UTF-8
body     : {
    "message": "success",
    "status": 1,
    "data": true
}

2023-06-14 10:43:00.777 | INFO     | httprunner.client:request:217 - status_code: 200, response_time(ms): 68.17 ms, response_length: 0 bytes
2023-06-14 10:43:00.777 | INFO     | httprunner.response:extract:179 - extract mapping: {'entSession': 'response.headers."Set-Cookie".session'}
2023-06-14 10:43:00.778 | INFO     | httprunner.response:validate:249 - assert status_code equal 200(int)	==> pass
2023-06-14 10:43:00.778 | INFO     | httprunner.response:validate:249 - assert headers."Content-Type" equal application/json;charset=UTF-8(str)	==> pass
2023-06-14 10:43:00.778 | INFO     | httprunner.response:validate:249 - assert body.message equal success(str)	==> pass
2023-06-14 10:43:00.778 | INFO     | httprunner.response:validate:249 - assert body.status equal 1(int)	==> pass
2023-06-14 10:43:00.778 | INFO     | httprunner.response:validate:249 - assert body.data equal True(bool)	==> pass
2023-06-14 10:43:00.778 | INFO     | httprunner.runner:__run_step:304 - run step end: 登录-企业用户 <<<<<<

2023-06-14 10:43:00.778 | INFO     | httprunner.runner:__run_step_testcase:286 - export variables: {'entSession': 'response.headers."Set-Cookie".session'}
2023-06-14 10:43:00.779 | INFO     | httprunner.runner:__run_step:304 - run step end: 登录-企业 <<<<<<

2023-06-14 10:43:00.779 | INFO     | httprunner.runner:__run_step:292 - run step begin: 前缀注册企业资质图片上传 >>>>>>
2023-06-14 10:43:00.779 | INFO     | httprunner.runner:__run_step:292 - run step begin: 前缀注册企业资质图片上传 >>>>>>
2023-06-14 10:43:00.896 | DEBUG    | httprunner.client:request:186 - client IP: 10.14.148.129, Port: 59068
2023-06-14 10:43:00.897 | DEBUG    | httprunner.client:request:194 - server IP: 139.198.116.76, Port: 8000
2023-06-14 10:43:00.898 | DEBUG    | httprunner.client:log_print:40 - 
================== request details ==================
method   : POST
url      : http://139.198.116.76:8000/api/file/img/upload
headers  : {
    "User-Agent": "Mozilla/5.0 (Macintosh; Intel Mac OS X 10_15_7) AppleWebKit/537.36 (KHTML, like Gecko) Chrome/105.0.0.0 Safari/537.36",
    "Accept-Encoding": "gzip, deflate",
    "Accept": "application/json, text/plain, */*",
    "Connection": "keep-alive",
    "Accept-Language": "zh-CN,zh;q=0.9",
    "Content-Type": "multipart/form-data; boundary=86998bffd8e3426eb0bfcf55cb20b82c",
    "HRUN-Request-ID": "HRUN-03d35076-6a8f-4462-bf80-1b1a5ec182dd-580780",
    "Cookie": "SESSION=NWZhZjU3NDYtMjE3ZC00NWZiLThmNjctZjhlN2VkNjNkYTkz; SESSION=response.headers.\"Set-Cookie\".session",
    "Content-Length": "20435"
}
cookies  : {
    "SESSION": "NWZhZjU3NDYtMjE3ZC00NWZiLThmNjctZjhlN2VkNjNkYTkz"
}
body     : upload file stream (OMITTED)

2023-06-14 10:43:00.899 | DEBUG    | httprunner.client:log_print:40 - 
================== response details ==================
status_code : 200
headers  : {
    "Server": "nginx",
    "Date": "Wed, 14 Jun 2023 02:43:00 GMT",
    "Content-Type": "application/json;charset=UTF-8",
    "Transfer-Encoding": "chunked",
    "Connection": "keep-alive",
    "X-Frame-Options": "SAMEORIGIN"
}
cookies  : {}
encoding : UTF-8
content_type : application/json;charset=UTF-8
body     : {
    "message": "success",
    "status": 1,
    "data": {
        "id": 2086,
        "path": "169efb7a-4cd9-4f08-a060-92ea56195f32.jpeg"
    }
}

2023-06-14 10:43:00.899 | INFO     | httprunner.client:request:217 - status_code: 200, response_time(ms): 115.36 ms, response_length: 0 bytes
2023-06-14 10:43:00.899 | INFO     | httprunner.response:extract:179 - extract mapping: {'imgId': 2086}
2023-06-14 10:43:00.899 | INFO     | httprunner.response:validate:249 - assert status_code equal 200(int)	==> pass
2023-06-14 10:43:00.900 | INFO     | httprunner.runner:__run_step:304 - run step end: 前缀注册企业资质图片上传 <<<<<<

2023-06-14 10:43:00.900 | INFO     | httprunner.runner:__run_step_testcase:286 - export variables: {'imgId': 2086}
2023-06-14 10:43:00.900 | INFO     | httprunner.runner:__run_step:304 - run step end: 前缀注册企业资质图片上传 <<<<<<

2023-06-14 10:43:00.900 | INFO     | httprunner.runner:__run_step:292 - run step begin: 前缀注册企业联系人身份证图片正面上传 >>>>>>
2023-06-14 10:43:00.901 | INFO     | httprunner.runner:__run_step:292 - run step begin: 前缀注册企业联系人身份证图片背面上传 >>>>>>
2023-06-14 10:43:01.024 | DEBUG    | httprunner.client:request:186 - client IP: 10.14.148.129, Port: 59068
2023-06-14 10:43:01.025 | DEBUG    | httprunner.client:request:194 - server IP: 139.198.116.76, Port: 8000
2023-06-14 10:43:01.025 | DEBUG    | httprunner.client:log_print:40 - 
================== request details ==================
method   : POST
url      : http://139.198.116.76:8000/api/file/img/upload
headers  : {
    "User-Agent": "Mozilla/5.0 (Macintosh; Intel Mac OS X 10_15_7) AppleWebKit/537.36 (KHTML, like Gecko) Chrome/105.0.0.0 Safari/537.36",
    "Accept-Encoding": "gzip, deflate",
    "Accept": "application/json, text/plain, */*",
    "Connection": "keep-alive",
    "Accept-Language": "zh-CN,zh;q=0.9",
    "Content-Type": "multipart/form-data; boundary=fa4b962ede52409fae5c69d3d7190aae",
    "HRUN-Request-ID": "HRUN-03d35076-6a8f-4462-bf80-1b1a5ec182dd-580901",
    "Cookie": "SESSION=NWZhZjU3NDYtMjE3ZC00NWZiLThmNjctZjhlN2VkNjNkYTkz; SESSION=response.headers.\"Set-Cookie\".session",
    "Content-Length": "20435"
}
cookies  : {
    "SESSION": "NWZhZjU3NDYtMjE3ZC00NWZiLThmNjctZjhlN2VkNjNkYTkz"
}
body     : upload file stream (OMITTED)

2023-06-14 10:43:01.026 | DEBUG    | httprunner.client:log_print:40 - 
================== response details ==================
status_code : 200
headers  : {
    "Server": "nginx",
    "Date": "Wed, 14 Jun 2023 02:43:01 GMT",
    "Content-Type": "application/json;charset=UTF-8",
    "Transfer-Encoding": "chunked",
    "Connection": "keep-alive",
    "X-Frame-Options": "SAMEORIGIN"
}
cookies  : {}
encoding : UTF-8
content_type : application/json;charset=UTF-8
body     : {
    "message": "success",
    "status": 1,
    "data": {
        "id": 2087,
        "path": "1a64f1a2-d9b9-4e8a-9cf7-f96b20477c06.jpeg"
    }
}

2023-06-14 10:43:01.026 | INFO     | httprunner.client:request:217 - status_code: 200, response_time(ms): 122.95 ms, response_length: 0 bytes
2023-06-14 10:43:01.026 | INFO     | httprunner.response:extract:179 - extract mapping: {'imgId_f': 2087}
2023-06-14 10:43:01.027 | INFO     | httprunner.response:validate:249 - assert status_code equal 200(int)	==> pass
2023-06-14 10:43:01.027 | INFO     | httprunner.runner:__run_step:304 - run step end: 前缀注册企业联系人身份证图片背面上传 <<<<<<

2023-06-14 10:43:01.027 | INFO     | httprunner.runner:__run_step_testcase:286 - export variables: {'imgId_f': 2087}
2023-06-14 10:43:01.027 | INFO     | httprunner.runner:__run_step:304 - run step end: 前缀注册企业联系人身份证图片正面上传 <<<<<<

2023-06-14 10:43:01.028 | INFO     | httprunner.runner:__run_step:292 - run step begin: 前缀注册企业联系人身份证图片背面上传 >>>>>>
2023-06-14 10:43:01.028 | INFO     | httprunner.runner:__run_step:292 - run step begin: 前缀注册企业联系人身份证图片背面上传 >>>>>>
2023-06-14 10:43:01.137 | DEBUG    | httprunner.client:request:186 - client IP: 10.14.148.129, Port: 59068
2023-06-14 10:43:01.138 | DEBUG    | httprunner.client:request:194 - server IP: 139.198.116.76, Port: 8000
2023-06-14 10:43:01.139 | DEBUG    | httprunner.client:log_print:40 - 
================== request details ==================
method   : POST
url      : http://139.198.116.76:8000/api/file/img/upload
headers  : {
    "User-Agent": "Mozilla/5.0 (Macintosh; Intel Mac OS X 10_15_7) AppleWebKit/537.36 (KHTML, like Gecko) Chrome/105.0.0.0 Safari/537.36",
    "Accept-Encoding": "gzip, deflate",
    "Accept": "application/json, text/plain, */*",
    "Connection": "keep-alive",
    "Accept-Language": "zh-CN,zh;q=0.9",
    "Content-Type": "multipart/form-data; boundary=0878853dd11c4afe983c9d42cd0b86e9",
    "HRUN-Request-ID": "HRUN-03d35076-6a8f-4462-bf80-1b1a5ec182dd-581029",
    "Cookie": "SESSION=NWZhZjU3NDYtMjE3ZC00NWZiLThmNjctZjhlN2VkNjNkYTkz; SESSION=response.headers.\"Set-Cookie\".session",
    "Content-Length": "20435"
}
cookies  : {
    "SESSION": "NWZhZjU3NDYtMjE3ZC00NWZiLThmNjctZjhlN2VkNjNkYTkz"
}
body     : upload file stream (OMITTED)

2023-06-14 10:43:01.140 | DEBUG    | httprunner.client:log_print:40 - 
================== response details ==================
status_code : 200
headers  : {
    "Server": "nginx",
    "Date": "Wed, 14 Jun 2023 02:43:01 GMT",
    "Content-Type": "application/json;charset=UTF-8",
    "Transfer-Encoding": "chunked",
    "Connection": "keep-alive",
    "X-Frame-Options": "SAMEORIGIN"
}
cookies  : {}
encoding : UTF-8
content_type : application/json;charset=UTF-8
body     : {
    "message": "success",
    "status": 1,
    "data": {
        "id": 2088,
        "path": "b8deb088-af40-4bae-9320-b23e4ac412f3.jpeg"
    }
}

2023-06-14 10:43:01.140 | INFO     | httprunner.client:request:217 - status_code: 200, response_time(ms): 106.83 ms, response_length: 0 bytes
2023-06-14 10:43:01.140 | INFO     | httprunner.response:extract:179 - extract mapping: {'imgId_b': 2088}
2023-06-14 10:43:01.141 | INFO     | httprunner.response:validate:249 - assert status_code equal 200(int)	==> pass
2023-06-14 10:43:01.141 | INFO     | httprunner.runner:__run_step:304 - run step end: 前缀注册企业联系人身份证图片背面上传 <<<<<<

2023-06-14 10:43:01.141 | INFO     | httprunner.runner:__run_step_testcase:286 - export variables: {'imgId_b': 2088}
2023-06-14 10:43:01.141 | INFO     | httprunner.runner:__run_step:304 - run step end: 前缀注册企业联系人身份证图片背面上传 <<<<<<

2023-06-14 10:43:01.142 | INFO     | httprunner.runner:__run_step:292 - run step begin: 暂存企业注册第一步提交信息 >>>>>>
2023-06-14 10:43:01.246 | INFO     | httprunner.runner:__run_step:292 - run step begin: 企业保存注册基本信息 >>>>>>
2023-06-14 10:43:01.323 | DEBUG    | httprunner.client:request:186 - client IP: 10.14.148.129, Port: 59068
2023-06-14 10:43:01.324 | DEBUG    | httprunner.client:request:194 - server IP: 139.198.116.76, Port: 8000
2023-06-14 10:43:01.326 | DEBUG    | httprunner.client:log_print:40 - 
================== request details ==================
method   : POST
url      : http://139.198.116.76:8000/api/v3/entApply/basicInfo/storage
headers  : {
    "User-Agent": "Mozilla/5.0 (Macintosh; Intel Mac OS X 10_15_7) AppleWebKit/537.36 (KHTML, like Gecko) Chrome/105.0.0.0 Safari/537.36",
    "Accept-Encoding": "gzip, deflate",
    "Accept": "application/json, text/plain, */*",
    "Connection": "keep-alive",
    "Accept-Language": "zh-CN,zh;q=0.9",
    "Content-Type": "application/json;charset=UTF-8",
    "HRUN-Request-ID": "HRUN-03d35076-6a8f-4462-bf80-1b1a5ec182dd-581248",
    "Cookie": "SESSION=NWZhZjU3NDYtMjE3ZC00NWZiLThmNjctZjhlN2VkNjNkYTkz; SESSION=OWI3ZGY2MDEtYzRiNy00ZGUxLWE1YzEtZGE1YTNlZDhmZTRi",
    "Content-Length": "3430"
}
cookies  : {
    "SESSION": "NWZhZjU3NDYtMjE3ZC00NWZiLThmNjctZjhlN2VkNjNkYTkz"
}
body     : {
    "applyStep": 2,
    "applyType": null,
    "area": [
        "110000",
        "110100",
        "110101"
    ],
    "cltrid": null,
    "contactCrtBackImgPath": null,
    "contactCrtBackImgRid": 2088,
    "contactCrtFrontImgPath": null,
    "contactCrtFrontImgRid": 2087,
    "contactCrtNo": "818748197002274513",
    "contactCrtType": 1,
    "contactEmail": "OEqji9MRJ4dieVHI@qaqseq.com",
    "contactName": "ru42TXIr2V5uAEFirKRNnJDnXBUFxIs8",
    "contactPhone": "10294736470",
    "createDate": null,
    "dataHostingContractFilePath": null,
    "dataHostingContractFileRid": null,
    "dataHostingOrg": null,
    "entGeneralId": null,
    "entInfoLicenses": [],
    "entInfoSerIndustrys": [],
    "entInfoSyss": [
        {
            "deployAddr": "致真",
            "deployAddrCity": "110100",
            "deployAddrCounty": "110101",
            "deployAddrProvince": "110000",
            "deployMode": 1,
            "entApplyId": 951,
            "id": 2205,
            "ipPort": null,
            "name": null,
            "sysType": 1
        },
        {
            "deployAddr": "致真",
            "deployAddrCity": "110100",
            "deployAddrCounty": "110101",
            "deployAddrProvince": "110000",
            "deployMode": 1,
            "entApplyId": 951,
            "id": 2206,
            "ipPort": null,
            "name": null,
            "sysType": 2
        },
        {
            "deployAddr": "天津",
            "deployAddrCity": "120100",
            "deployAddrCounty": "120101",
            "deployAddrProvince": "120000",
            "deployMode": 1,
            "entApplyId": 951,
            "id": 2207,
            "ipPort": null,
            "name": null,
            "sysType": 3
        },
        {
            "deployAddr": "天津",
            "deployAddrCity": "120100",
            "deployAddrCounty": "120101",
            "deployAddrProvince": "120000",
            "deployMode": 1,
            "entApplyId": 951,
            "id": 2208,
            "ipPort": null,
            "name": null,
            "sysType": 4
        }
    ],
    "entPrefix": "88.408.956450866134",
    "escrowId": null,
    "escrowOrgName": null,
    "establishDate": null,
    "extDomain": null,
    "extIpAddr": null,
    "extWebName": null,
    "finalAuditMsg": null,
    "finalAuditStatus": null,
    "firstAuditMsg": null,
    "firstAuditStatus": null,
    "id": null,
    "idRegNaImp": null,
    "industry": [
        "A",
        "01"
    ],
    "industryCategory": "A",
    "industrySpecific": "01",
    "isSubmit": 0,
    "legalCrtBackImgContent": null,
    "legalCrtBackImgPath": null,
    "legalCrtBackImgRid": 2088,
    "legalCrtFrontImgContent": null,
    "legalCrtFrontImgPath": null,
    "legalCrtFrontImgRid": 2087,
    "legalCrtNo": "818748197002274513",
    "legalCrtType": "1",
    "legalCrtTypeDesc": "中国居民身份证",
    "legalEmail": null,
    "legalFax": null,
    "legalName": "张三",
    "legalPhone": null,
    "orgAddr": "致真",
    "orgAddrCity": "110100",
    "orgAddrCityDesc": "市辖区",
    "orgAddrCounty": "110101",
    "orgAddrCountyDesc": "东城区",
    "orgAddrProvince": "110000",
    "orgAddrProvinceDesc": "北京市",
    "orgCategorySpecificDesc": "农、林、牧、渔业-农业",
    "orgCrtCode": "93lm8icBtY3EUzjzeBNewkirJPR9TB3g",
    "orgCrtImgContent": null,
    "orgCrtImgPath": null,
    "orgCrtImgRid": 2086,
    "orgCrtType": "1",
    "orgDesc": null,
    "orgName": "mbXmkU5Y3i4AQYDnqUlD4StdHe96DKGj",
    "orgNature": "1",
    "orgNatureDesc": "国有控股",
    "periodValidity": null,
    "regAuthority": null,
    "regCapital": null,
    "regRealNaImpName": null,
    "regRealNaImpType": null,
    "servHostingContractFilePath": null,
    "servHostingContractFileRid": null,
    "servHostingOrg": null,
    "servSysBuildContractFilePath": null,
    "servSysBuildContractFileRid": null,
    "servSysBuildName": null,
    "servSysBuildType": 1,
    "servSysOperContractFilePath": null,
    "servSysOperContractFileRid": null,
    "servSysOperName": null,
    "servSysOperType": 1,
    "svtrid": null,
    "thirdServiceMsg": null,
    "thirdServiceStatus": null,
    "updateDate": null,
    "userId": null,
    "userName": null,
    "website": null
}

2023-06-14 10:43:01.327 | DEBUG    | httprunner.client:log_print:40 - 
================== response details ==================
status_code : 200
headers  : {
    "Server": "nginx",
    "Date": "Wed, 14 Jun 2023 02:43:01 GMT",
    "Content-Type": "application/json;charset=UTF-8",
    "Transfer-Encoding": "chunked",
    "Connection": "keep-alive",
    "X-Frame-Options": "SAMEORIGIN"
}
cookies  : {}
encoding : UTF-8
content_type : application/json;charset=UTF-8
body     : {
    "message": "success",
    "status": 1,
    "data": true
}

2023-06-14 10:43:01.327 | INFO     | httprunner.client:request:217 - status_code: 200, response_time(ms): 75.1 ms, response_length: 0 bytes
2023-06-14 10:43:01.328 | INFO     | httprunner.response:validate:249 - assert status_code equal 200(int)	==> pass
2023-06-14 10:43:01.328 | INFO     | httprunner.response:validate:249 - assert body.message equal success(str)	==> pass
2023-06-14 10:43:01.328 | INFO     | httprunner.runner:__run_step:304 - run step end: 企业保存注册基本信息 <<<<<<

2023-06-14 10:43:01.328 | INFO     | httprunner.runner:__run_step:304 - run step end: 暂存企业注册第一步提交信息 <<<<<<

