2023-06-14 10:42:03.031 | INFO     | httprunner.runner:test_start:450 - Start to run testcase: 申请记录分页-33,34, TestCase ID: 05391d25-2c95-4d9d-b363-8f0ae33a1c1a
2023-06-14 10:42:03.032 | INFO     | httprunner.runner:__run_step:292 - run step begin: 用户注册 >>>>>>
2023-06-14 10:42:03.032 | INFO     | httprunner.runner:__run_step:292 - run step begin: 用户注册 >>>>>>
2023-06-14 10:42:03.139 | DEBUG    | httprunner.client:request:186 - client IP: 10.14.148.129, Port: 58846
2023-06-14 10:42:03.139 | DEBUG    | httprunner.client:request:194 - server IP: 139.198.116.76, Port: 8000
2023-06-14 10:42:03.139 | DEBUG    | httprunner.client:log_print:40 - 
================== request details ==================
method   : POST
url      : http://139.198.116.76:8000/api/home/test/registry
headers  : {
    "User-Agent": "Mozilla/5.0 (Windows NT 10.0; WOW64) AppleWebKit/537.36 (KHTML, like Gecko) Chrome/100.0.4896.60 Safari/537.36",
    "Accept-Encoding": "gzip, deflate",
    "Accept": "application/json, text/plain, */*",
    "Connection": "keep-alive",
    "Accept-Language": "zh-CN,zh;q=0.9",
    "HRUN-Request-ID": "HRUN-05391d25-2c95-4d9d-b363-8f0ae33a1c1a-523032",
    "Content-Length": "187",
    "Content-Type": "application/json"
}
cookies  : {}
body     : {
    "email": "lVx0qHKWJaGGifvi@qaqseq.com",
    "mobile": "18918253704",
    "openId": "",
    "openUserName": "",
    "password": "Admin@123",
    "remarks": "",
    "username": "5Ffk1xupwirqGif8St1hoXbQJU7pB6lS"
}

2023-06-14 10:42:03.139 | DEBUG    | httprunner.client:log_print:40 - 
================== response details ==================
status_code : 200
headers  : {
    "Server": "nginx",
    "Date": "Wed, 14 Jun 2023 02:42:03 GMT",
    "Content-Type": "application/json",
    "Transfer-Encoding": "chunked",
    "Connection": "keep-alive",
    "X-Frame-Options": "SAMEORIGIN"
}
cookies  : {}
encoding : utf-8
content_type : application/json
body     : {
    "message": "success",
    "status": 1,
    "data": true
}

2023-06-14 10:42:03.140 | INFO     | httprunner.client:request:217 - status_code: 200, response_time(ms): 106.54 ms, response_length: 0 bytes
2023-06-14 10:42:03.140 | INFO     | httprunner.response:validate:249 - assert status_code equal 200(int)	==> pass
2023-06-14 10:42:03.140 | INFO     | httprunner.response:validate:249 - assert body.message equal success(str)	==> pass
2023-06-14 10:42:03.140 | INFO     | httprunner.response:validate:249 - assert body.status equal 1(int)	==> pass
2023-06-14 10:42:03.140 | INFO     | httprunner.response:validate:249 - assert body.message contains success(str)	==> pass
2023-06-14 10:42:03.140 | INFO     | httprunner.response:validate:249 - assert body.status contained_by [1, 200](list)	==> pass
2023-06-14 10:42:03.140 | INFO     | httprunner.runner:__run_step:304 - run step end: 用户注册 <<<<<<

2023-06-14 10:42:03.140 | INFO     | httprunner.runner:__run_step:304 - run step end: 用户注册 <<<<<<

2023-06-14 10:42:03.141 | INFO     | httprunner.runner:__run_step:292 - run step begin: 登录-企业 >>>>>>
2023-06-14 10:42:03.141 | INFO     | httprunner.runner:__run_step:292 - run step begin: 登录-企业用户 >>>>>>
2023-06-14 10:42:03.246 | DEBUG    | httprunner.client:request:186 - client IP: 10.14.148.129, Port: 58846
2023-06-14 10:42:03.247 | DEBUG    | httprunner.client:request:194 - server IP: 139.198.116.76, Port: 8000
2023-06-14 10:42:03.247 | DEBUG    | httprunner.client:log_print:40 - 
================== request details ==================
method   : POST
url      : http://139.198.116.76:8000/api/home/test/login
headers  : {
    "User-Agent": "python-requests/2.28.1",
    "Accept-Encoding": "gzip, deflate, br",
    "Accept": "*/*",
    "Connection": "keep-alive",
    "Content-Length": "170",
    "Content-Type": "application/json",
    "HRUN-Request-ID": "HRUN-05391d25-2c95-4d9d-b363-8f0ae33a1c1a-523141"
}
cookies  : {}
body     : {
    "captcha": "0000",
    "captchaSign": "bf0ed8bcfa997d86860c540c2db362032df83e2fa4d9eed038c23cacbb1222ff",
    "emailCaptcha": "",
    "username": "5Ffk1xupwirqGif8St1hoXbQJU7pB6lS"
}

2023-06-14 10:42:03.248 | DEBUG    | httprunner.client:log_print:40 - 
================== response details ==================
status_code : 200
headers  : {
    "Server": "nginx",
    "Date": "Wed, 14 Jun 2023 02:42:03 GMT",
    "Content-Type": "application/json;charset=UTF-8",
    "Transfer-Encoding": "chunked",
    "Connection": "keep-alive",
    "Set-Cookie": "SESSION=MTY2NTZkN2YtYjAyOC00ZjA2LTg4NjgtZTc5NTFkYzllMGVj; Path=/; HttpOnly; SameSite=Lax",
    "X-Frame-Options": "SAMEORIGIN"
}
cookies  : {
    "SESSION": "MTY2NTZkN2YtYjAyOC00ZjA2LTg4NjgtZTc5NTFkYzllMGVj"
}
encoding : UTF-8
content_type : application/json;charset=UTF-8
body     : {
    "message": "success",
    "status": 1,
    "data": true
}

2023-06-14 10:42:03.248 | INFO     | httprunner.client:request:217 - status_code: 200, response_time(ms): 104.79 ms, response_length: 0 bytes
2023-06-14 10:42:03.248 | INFO     | httprunner.response:extract:179 - extract mapping: {'entSession': 'response.headers."Set-Cookie".session'}
2023-06-14 10:42:03.248 | INFO     | httprunner.response:validate:249 - assert status_code equal 200(int)	==> pass
2023-06-14 10:42:03.249 | INFO     | httprunner.response:validate:249 - assert headers."Content-Type" equal application/json;charset=UTF-8(str)	==> pass
2023-06-14 10:42:03.249 | INFO     | httprunner.response:validate:249 - assert body.message equal success(str)	==> pass
2023-06-14 10:42:03.249 | INFO     | httprunner.response:validate:249 - assert body.status equal 1(int)	==> pass
2023-06-14 10:42:03.249 | INFO     | httprunner.response:validate:249 - assert body.data equal True(bool)	==> pass
2023-06-14 10:42:03.249 | INFO     | httprunner.runner:__run_step:304 - run step end: 登录-企业用户 <<<<<<

2023-06-14 10:42:03.250 | INFO     | httprunner.runner:__run_step_testcase:286 - export variables: {'entSession': 'response.headers."Set-Cookie".session'}
2023-06-14 10:42:03.250 | INFO     | httprunner.runner:__run_step:304 - run step end: 登录-企业 <<<<<<

2023-06-14 10:42:03.250 | INFO     | httprunner.runner:__run_step:292 - run step begin: 前缀注册企业资质图片上传 >>>>>>
2023-06-14 10:42:03.251 | INFO     | httprunner.runner:__run_step:292 - run step begin: 前缀注册企业资质图片上传 >>>>>>
2023-06-14 10:42:03.367 | DEBUG    | httprunner.client:request:186 - client IP: 10.14.148.129, Port: 58846
2023-06-14 10:42:03.369 | DEBUG    | httprunner.client:request:194 - server IP: 139.198.116.76, Port: 8000
2023-06-14 10:42:03.370 | DEBUG    | httprunner.client:log_print:40 - 
================== request details ==================
method   : POST
url      : http://139.198.116.76:8000/api/file/img/upload
headers  : {
    "User-Agent": "Mozilla/5.0 (Macintosh; Intel Mac OS X 10_15_7) AppleWebKit/537.36 (KHTML, like Gecko) Chrome/105.0.0.0 Safari/537.36",
    "Accept-Encoding": "gzip, deflate",
    "Accept": "application/json, text/plain, */*",
    "Connection": "keep-alive",
    "Accept-Language": "zh-CN,zh;q=0.9",
    "Content-Type": "multipart/form-data; boundary=5f46097b8dc3400e92bc91a0666d537f",
    "HRUN-Request-ID": "HRUN-05391d25-2c95-4d9d-b363-8f0ae33a1c1a-523252",
    "Cookie": "SESSION=MTY2NTZkN2YtYjAyOC00ZjA2LTg4NjgtZTc5NTFkYzllMGVj; SESSION=response.headers.\"Set-Cookie\".session",
    "Content-Length": "20435"
}
cookies  : {
    "SESSION": "MTY2NTZkN2YtYjAyOC00ZjA2LTg4NjgtZTc5NTFkYzllMGVj"
}
body     : upload file stream (OMITTED)

2023-06-14 10:42:03.371 | DEBUG    | httprunner.client:log_print:40 - 
================== response details ==================
status_code : 200
headers  : {
    "Server": "nginx",
    "Date": "Wed, 14 Jun 2023 02:42:03 GMT",
    "Content-Type": "application/json;charset=UTF-8",
    "Transfer-Encoding": "chunked",
    "Connection": "keep-alive",
    "X-Frame-Options": "SAMEORIGIN"
}
cookies  : {}
encoding : UTF-8
content_type : application/json;charset=UTF-8
body     : {
    "message": "success",
    "status": 1,
    "data": {
        "id": 2059,
        "path": "ccf7cb5f-526a-43ad-b529-85db25c79c73.jpeg"
    }
}

2023-06-14 10:42:03.371 | INFO     | httprunner.client:request:217 - status_code: 200, response_time(ms): 114.85 ms, response_length: 0 bytes
2023-06-14 10:42:03.371 | INFO     | httprunner.response:extract:179 - extract mapping: {'imgId': 2059}
2023-06-14 10:42:03.372 | INFO     | httprunner.response:validate:249 - assert status_code equal 200(int)	==> pass
2023-06-14 10:42:03.372 | INFO     | httprunner.runner:__run_step:304 - run step end: 前缀注册企业资质图片上传 <<<<<<

2023-06-14 10:42:03.372 | INFO     | httprunner.runner:__run_step_testcase:286 - export variables: {'imgId': 2059}
2023-06-14 10:42:03.372 | INFO     | httprunner.runner:__run_step:304 - run step end: 前缀注册企业资质图片上传 <<<<<<

2023-06-14 10:42:03.372 | INFO     | httprunner.runner:__run_step:292 - run step begin: 前缀注册企业联系人身份证图片正面上传 >>>>>>
2023-06-14 10:42:03.373 | INFO     | httprunner.runner:__run_step:292 - run step begin: 前缀注册企业联系人身份证图片背面上传 >>>>>>
2023-06-14 10:42:03.475 | DEBUG    | httprunner.client:request:186 - client IP: 10.14.148.129, Port: 58846
2023-06-14 10:42:03.476 | DEBUG    | httprunner.client:request:194 - server IP: 139.198.116.76, Port: 8000
2023-06-14 10:42:03.477 | DEBUG    | httprunner.client:log_print:40 - 
================== request details ==================
method   : POST
url      : http://139.198.116.76:8000/api/file/img/upload
headers  : {
    "User-Agent": "Mozilla/5.0 (Macintosh; Intel Mac OS X 10_15_7) AppleWebKit/537.36 (KHTML, like Gecko) Chrome/105.0.0.0 Safari/537.36",
    "Accept-Encoding": "gzip, deflate",
    "Accept": "application/json, text/plain, */*",
    "Connection": "keep-alive",
    "Accept-Language": "zh-CN,zh;q=0.9",
    "Content-Type": "multipart/form-data; boundary=d16777f2c4ca4e6e9133a917f7360e40",
    "HRUN-Request-ID": "HRUN-05391d25-2c95-4d9d-b363-8f0ae33a1c1a-523374",
    "Cookie": "SESSION=MTY2NTZkN2YtYjAyOC00ZjA2LTg4NjgtZTc5NTFkYzllMGVj; SESSION=response.headers.\"Set-Cookie\".session",
    "Content-Length": "20435"
}
cookies  : {
    "SESSION": "MTY2NTZkN2YtYjAyOC00ZjA2LTg4NjgtZTc5NTFkYzllMGVj"
}
body     : upload file stream (OMITTED)

2023-06-14 10:42:03.478 | DEBUG    | httprunner.client:log_print:40 - 
================== response details ==================
status_code : 200
headers  : {
    "Server": "nginx",
    "Date": "Wed, 14 Jun 2023 02:42:03 GMT",
    "Content-Type": "application/json;charset=UTF-8",
    "Transfer-Encoding": "chunked",
    "Connection": "keep-alive",
    "X-Frame-Options": "SAMEORIGIN"
}
cookies  : {}
encoding : UTF-8
content_type : application/json;charset=UTF-8
body     : {
    "message": "success",
    "status": 1,
    "data": {
        "id": 2060,
        "path": "847ea141-f414-49de-87d8-5274c9fe72f1.jpeg"
    }
}

2023-06-14 10:42:03.478 | INFO     | httprunner.client:request:217 - status_code: 200, response_time(ms): 101.15 ms, response_length: 0 bytes
2023-06-14 10:42:03.478 | INFO     | httprunner.response:extract:179 - extract mapping: {'imgId_f': 2060}
2023-06-14 10:42:03.479 | INFO     | httprunner.response:validate:249 - assert status_code equal 200(int)	==> pass
2023-06-14 10:42:03.479 | INFO     | httprunner.runner:__run_step:304 - run step end: 前缀注册企业联系人身份证图片背面上传 <<<<<<

2023-06-14 10:42:03.479 | INFO     | httprunner.runner:__run_step_testcase:286 - export variables: {'imgId_f': 2060}
2023-06-14 10:42:03.479 | INFO     | httprunner.runner:__run_step:304 - run step end: 前缀注册企业联系人身份证图片正面上传 <<<<<<

2023-06-14 10:42:03.479 | INFO     | httprunner.runner:__run_step:292 - run step begin: 前缀注册企业联系人身份证图片背面上传 >>>>>>
2023-06-14 10:42:03.480 | INFO     | httprunner.runner:__run_step:292 - run step begin: 前缀注册企业联系人身份证图片背面上传 >>>>>>
2023-06-14 10:42:03.588 | DEBUG    | httprunner.client:request:186 - client IP: 10.14.148.129, Port: 58846
2023-06-14 10:42:03.589 | DEBUG    | httprunner.client:request:194 - server IP: 139.198.116.76, Port: 8000
2023-06-14 10:42:03.590 | DEBUG    | httprunner.client:log_print:40 - 
================== request details ==================
method   : POST
url      : http://139.198.116.76:8000/api/file/img/upload
headers  : {
    "User-Agent": "Mozilla/5.0 (Macintosh; Intel Mac OS X 10_15_7) AppleWebKit/537.36 (KHTML, like Gecko) Chrome/105.0.0.0 Safari/537.36",
    "Accept-Encoding": "gzip, deflate",
    "Accept": "application/json, text/plain, */*",
    "Connection": "keep-alive",
    "Accept-Language": "zh-CN,zh;q=0.9",
    "Content-Type": "multipart/form-data; boundary=adbb5423776148e0a3d9dd48a33a1734",
    "HRUN-Request-ID": "HRUN-05391d25-2c95-4d9d-b363-8f0ae33a1c1a-523481",
    "Cookie": "SESSION=MTY2NTZkN2YtYjAyOC00ZjA2LTg4NjgtZTc5NTFkYzllMGVj; SESSION=response.headers.\"Set-Cookie\".session",
    "Content-Length": "20435"
}
cookies  : {
    "SESSION": "MTY2NTZkN2YtYjAyOC00ZjA2LTg4NjgtZTc5NTFkYzllMGVj"
}
body     : upload file stream (OMITTED)

2023-06-14 10:42:03.591 | DEBUG    | httprunner.client:log_print:40 - 
================== response details ==================
status_code : 200
headers  : {
    "Server": "nginx",
    "Date": "Wed, 14 Jun 2023 02:42:03 GMT",
    "Content-Type": "application/json;charset=UTF-8",
    "Transfer-Encoding": "chunked",
    "Connection": "keep-alive",
    "X-Frame-Options": "SAMEORIGIN"
}
cookies  : {}
encoding : UTF-8
content_type : application/json;charset=UTF-8
body     : {
    "message": "success",
    "status": 1,
    "data": {
        "id": 2061,
        "path": "423faede-5c9b-430a-b7b2-eb982c9bd472.jpeg"
    }
}

2023-06-14 10:42:03.592 | INFO     | httprunner.client:request:217 - status_code: 200, response_time(ms): 106.81 ms, response_length: 0 bytes
2023-06-14 10:42:03.592 | INFO     | httprunner.response:extract:179 - extract mapping: {'imgId_b': 2061}
2023-06-14 10:42:03.592 | INFO     | httprunner.response:validate:249 - assert status_code equal 200(int)	==> pass
2023-06-14 10:42:03.592 | INFO     | httprunner.runner:__run_step:304 - run step end: 前缀注册企业联系人身份证图片背面上传 <<<<<<

2023-06-14 10:42:03.592 | INFO     | httprunner.runner:__run_step_testcase:286 - export variables: {'imgId_b': 2061}
2023-06-14 10:42:03.592 | INFO     | httprunner.runner:__run_step:304 - run step end: 前缀注册企业联系人身份证图片背面上传 <<<<<<

2023-06-14 10:42:03.593 | INFO     | httprunner.runner:__run_step:292 - run step begin: 企业注册第一步提交信息 >>>>>>
2023-06-14 10:42:03.593 | INFO     | httprunner.runner:__run_step:292 - run step begin: 企业注册第一步提交信息 >>>>>>
2023-06-14 10:42:03.797 | DEBUG    | httprunner.client:request:186 - client IP: 10.14.148.129, Port: 58846
2023-06-14 10:42:03.797 | DEBUG    | httprunner.client:request:194 - server IP: 139.198.116.76, Port: 8000
2023-06-14 10:42:03.799 | DEBUG    | httprunner.client:log_print:40 - 
================== request details ==================
method   : POST
url      : http://139.198.116.76:8000/api/v3/entApply/basicInfo/submit
headers  : {
    "User-Agent": "Mozilla/5.0 (Macintosh; Intel Mac OS X 10_15_7) AppleWebKit/537.36 (KHTML, like Gecko) Chrome/105.0.0.0 Safari/537.36",
    "Accept-Encoding": "gzip, deflate",
    "Accept": "application/json, text/plain, */*",
    "Connection": "keep-alive",
    "Accept-Language": "zh-CN,zh;q=0.9",
    "Content-Type": "application/json;charset=UTF-8",
    "HRUN-Request-ID": "HRUN-05391d25-2c95-4d9d-b363-8f0ae33a1c1a-523594",
    "Cookie": "SESSION=MTY2NTZkN2YtYjAyOC00ZjA2LTg4NjgtZTc5NTFkYzllMGVj; SESSION=response.headers.\"Set-Cookie\".session",
    "Content-Length": "2556"
}
cookies  : {
    "SESSION": "MTY2NTZkN2YtYjAyOC00ZjA2LTg4NjgtZTc5NTFkYzllMGVj"
}
body     : {
    "applyStep": 2,
    "applyType": null,
    "area": [
        "110000",
        "110100",
        "110101"
    ],
    "cltrid": null,
    "contactCrtBackImgPath": null,
    "contactCrtBackImgRid": 2061,
    "contactCrtFrontImgPath": null,
    "contactCrtFrontImgRid": 2060,
    "contactCrtNo": "827036196711010039",
    "contactCrtType": 1,
    "contactEmail": "lVx0qHKWJaGGifvi@qaqseq.com",
    "contactName": "5Ffk1xupwirqGif8St1hoXbQJU7pB6lS",
    "contactPhone": "18918253704",
    "createDate": null,
    "dataHostingContractFilePath": null,
    "dataHostingContractFileRid": null,
    "dataHostingOrg": null,
    "entGeneralId": null,
    "entInfoLicenses": [],
    "entInfoSerIndustrys": [],
    "entPrefix": "88.408.58381461106",
    "escrowId": null,
    "escrowOrgName": null,
    "establishDate": null,
    "extDomain": null,
    "extIpAddr": null,
    "extWebName": null,
    "finalAuditMsg": null,
    "finalAuditStatus": null,
    "firstAuditMsg": null,
    "firstAuditStatus": null,
    "id": null,
    "idRegNaImp": null,
    "industry": [
        "A",
        "01"
    ],
    "industryCategory": "A",
    "industrySpecific": "01",
    "isSubmit": 0,
    "legalCrtBackImgContent": null,
    "legalCrtBackImgPath": null,
    "legalCrtBackImgRid": 2061,
    "legalCrtFrontImgContent": null,
    "legalCrtFrontImgPath": null,
    "legalCrtFrontImgRid": 2060,
    "legalCrtNo": "827036196711010039",
    "legalCrtType": "1",
    "legalCrtTypeDesc": "中国居民身份证",
    "legalEmail": null,
    "legalFax": null,
    "legalName": "张三",
    "legalPhone": null,
    "orgAddr": "致真",
    "orgAddrCity": "110100",
    "orgAddrCityDesc": "市辖区",
    "orgAddrCounty": "110101",
    "orgAddrCountyDesc": "东城区",
    "orgAddrProvince": "110000",
    "orgAddrProvinceDesc": "北京市",
    "orgCategorySpecificDesc": "农、林、牧、渔业-农业",
    "orgCrtCode": "YR6QhzWQiBvII1kb9lXLC9g09mB8GIj2",
    "orgCrtImgContent": null,
    "orgCrtImgPath": null,
    "orgCrtImgRid": 2059,
    "orgCrtType": "1",
    "orgDesc": null,
    "orgName": "YTue4sO7PTfh6RfjWGZlD6DmnrQlyMcw",
    "orgNature": "1",
    "orgNatureDesc": "国有控股",
    "periodValidity": null,
    "regAuthority": null,
    "regCapital": null,
    "regRealNaImpName": null,
    "regRealNaImpType": null,
    "servHostingContractFilePath": null,
    "servHostingContractFileRid": null,
    "servHostingOrg": null,
    "servSysBuildContractFilePath": null,
    "servSysBuildContractFileRid": null,
    "servSysBuildName": null,
    "servSysBuildType": 1,
    "servSysOperContractFilePath": null,
    "servSysOperContractFileRid": null,
    "servSysOperName": null,
    "servSysOperType": 1,
    "svtrid": null,
    "thirdServiceMsg": null,
    "thirdServiceStatus": null,
    "updateDate": null,
    "userId": null,
    "userName": null,
    "website": null
}

2023-06-14 10:42:03.800 | DEBUG    | httprunner.client:log_print:40 - 
================== response details ==================
status_code : 200
headers  : {
    "Server": "nginx",
    "Date": "Wed, 14 Jun 2023 02:42:03 GMT",
    "Content-Type": "application/json;charset=UTF-8",
    "Transfer-Encoding": "chunked",
    "Connection": "keep-alive",
    "X-Frame-Options": "SAMEORIGIN"
}
cookies  : {}
encoding : UTF-8
content_type : application/json;charset=UTF-8
body     : {
    "message": "success",
    "status": 1,
    "data": true
}

2023-06-14 10:42:03.800 | INFO     | httprunner.client:request:217 - status_code: 200, response_time(ms): 202.42 ms, response_length: 0 bytes
2023-06-14 10:42:03.801 | INFO     | httprunner.response:validate:249 - assert status_code equal 200(int)	==> pass
2023-06-14 10:42:03.801 | INFO     | httprunner.response:validate:249 - assert body.message equal success(str)	==> pass
2023-06-14 10:42:03.801 | INFO     | httprunner.runner:__run_step:304 - run step end: 企业注册第一步提交信息 <<<<<<

2023-06-14 10:42:03.801 | INFO     | httprunner.runner:__run_step:304 - run step end: 企业注册第一步提交信息 <<<<<<

2023-06-14 10:42:03.802 | INFO     | httprunner.runner:__run_step:292 - run step begin: 企业注册查询注册信息 >>>>>>
2023-06-14 10:42:03.802 | INFO     | httprunner.runner:__run_step:292 - run step begin: 企业注册查询注册信息 >>>>>>
2023-06-14 10:42:03.889 | DEBUG    | httprunner.client:request:186 - client IP: 10.14.148.129, Port: 58846
2023-06-14 10:42:03.890 | DEBUG    | httprunner.client:request:194 - server IP: 139.198.116.76, Port: 8000
2023-06-14 10:42:03.891 | DEBUG    | httprunner.client:log_print:40 - 
================== request details ==================
method   : GET
url      : http://139.198.116.76:8000/api/v3/entApply/applyOrNot
headers  : {
    "User-Agent": "Mozilla/5.0 (Macintosh; Intel Mac OS X 10_15_7) AppleWebKit/537.36 (KHTML, like Gecko) Chrome/105.0.0.0 Safari/537.36",
    "Accept-Encoding": "gzip, deflate",
    "Accept": "application/json, text/plain, */*",
    "Connection": "keep-alive",
    "Accept-Language": "zh-CN,zh;q=0.9",
    "HRUN-Request-ID": "HRUN-05391d25-2c95-4d9d-b363-8f0ae33a1c1a-523803",
    "Cookie": "SESSION=MTY2NTZkN2YtYjAyOC00ZjA2LTg4NjgtZTc5NTFkYzllMGVj; SESSION=response.headers.\"Set-Cookie\".session"
}
cookies  : {
    "SESSION": "MTY2NTZkN2YtYjAyOC00ZjA2LTg4NjgtZTc5NTFkYzllMGVj"
}
body     : None

2023-06-14 10:42:03.893 | DEBUG    | httprunner.client:log_print:40 - 
================== response details ==================
status_code : 200
headers  : {
    "Server": "nginx",
    "Date": "Wed, 14 Jun 2023 02:42:03 GMT",
    "Content-Type": "application/json;charset=UTF-8",
    "Transfer-Encoding": "chunked",
    "Connection": "keep-alive",
    "X-Frame-Options": "SAMEORIGIN"
}
cookies  : {}
encoding : UTF-8
content_type : application/json;charset=UTF-8
body     : {
    "message": "success",
    "status": 1,
    "data": {
        "nbmsEntApplyPO": {
            "id": 1121,
            "createDate": "2023-06-14 10:42:04",
            "updateDate": "2023-06-14 10:42:04",
            "applyType": null,
            "entGeneralId": null,
            "applyStep": 2,
            "isSubmit": 0,
            "entPrefix": "88.408.58381461106",
            "firstAuditStatus": null,
            "firstAuditMsg": null,
            "thirdServiceStatus": null,
            "thirdServiceMsg": null,
            "userName": "5Ffk1xupwirqGif8St1hoXbQJU7pB6lS",
            "finalAuditStatus": null,
            "finalAuditMsg": null,
            "svtrid": null,
            "cltrid": null,
            "userId": 1332,
            "orgName": "YTue4sO7PTfh6RfjWGZlD6DmnrQlyMcw",
            "orgNature": "1",
            "orgAddrProvince": "110000",
            "orgAddrCity": "110100",
            "orgAddrCounty": "110101",
            "orgAddr": "致真",
            "orgCrtType": "1",
            "orgCrtCode": "YR6QhzWQiBvII1kb9lXLC9g09mB8GIj2",
            "legalName": "张三",
            "legalCrtType": "1",
            "legalCrtNo": "827036196711010039",
            "orgDesc": null,
            "industryCategory": "A",
            "industrySpecific": "01",
            "contactName": "5Ffk1xupwirqGif8St1hoXbQJU7pB6lS",
            "contactPhone": "18918253704",
            "contactCrtType": 1,
            "contactCrtNo": "827036196711010039",
            "contactEmail": "lVx0qHKWJaGGifvi@qaqseq.com",
            "website": null,
            "regAuthority": null,
            "regCapital": null,
            "establishDate": null,
            "periodValidity": null,
            "legalEmail": null,
            "legalPhone": null,
            "legalFax": null,
            "servSysBuildType": null,
            "servSysBuildName": null,
            "servSysOperType": null,
            "servSysOperName": null,
            "dataHostingOrg": null,
            "servHostingOrg": null,
            "regRealNaImpType": null,
            "regRealNaImpName": null,
            "idRegNaImp": null,
            "extWebName": null,
            "extDomain": null,
            "extIpAddr": null,
            "orgCrtImgRid": 2059,
            "contactCrtFrontImgRid": 2060,
            "contactCrtBackImgRid": 2061,
            "legalCrtFrontImgRid": 2060,
            "legalCrtBackImgRid": 2061,
            "servSysBuildContractFileRid": null,
            "servSysOperContractFileRid": null,
            "dataHostingContractFileRid": null,
            "servHostingContractFileRid": null,
            "entInfoLicenses": [],
            "entInfoSyss": [],
            "entInfoSerIndustrys": [],
            "escrowId": null,
            "industryQualificationRid": null,
            "certificationRid": null,
            "openingBank": null,
            "bankCard": null,
            "verificationName": null,
            "orgNatureDesc": "国有控股",
            "orgCrtImgContent": null,
            "orgCategorySpecificDesc": "农、林、牧、渔业-农业",
            "orgAddrProvinceDesc": "北京市",
            "orgAddrCountyDesc": "东城区",
            "orgAddrCityDesc": "市辖区",
            "legalCrtTypeDesc": "中国居民身份证",
            "legalCrtFrontImgContent": null,
            "legalCrtBackImgContent": null,
            "orgCrtImgPath": "ccf7cb5f-526a-43ad-b529-85db25c79c73.jpeg",
            "contactCrtFrontImgPath": "847ea141-f414-49de-87d8-5274c9fe72f1.jpeg",
            "contactCrtBackImgPath": "423faede-5c9b-430a-b7b2-eb982c9bd472.jpeg",
            "legalCrtFrontImgPath": "847ea141-f414-49de-87d8-5274c9fe72f1.jpeg",
            "legalCrtBackImgPath": "423faede-5c9b-430a-b7b2-eb982c9bd472.jpeg",
            "servSysBuildContractFilePath": null,
            "servSysOperContractFilePath": null,
            "dataHostingContractFilePath": null,
            "servHostingContractFilePath": null,
            "industryQualificationFilePath": null,
            "certificationFilePath": null,
            "escrowOrgName": null
        },
        "nbmsEntPO": null,
        "nbmsEntPrefixApplyPO": null,
        "needRelog": null,
        "applyStatus": 0
    }
}

2023-06-14 10:42:03.894 | INFO     | httprunner.client:request:217 - status_code: 200, response_time(ms): 86.13 ms, response_length: 0 bytes
2023-06-14 10:42:03.900 | INFO     | httprunner.response:extract:179 - extract mapping: {'applyId': 1121, 'userId': 1332, 'userName': '5Ffk1xupwirqGif8St1hoXbQJU7pB6lS', 'imgId_f': 2060, 'imgId_b': 2061, 'entId': None, 'entUserId': None, 'prefix': '88.408.58381461106', 'contactCrtNo': '827036196711010039', 'contactCrtType': 1, 'contactEmail': 'lVx0qHKWJaGGifvi@qaqseq.com', 'contactName': '5Ffk1xupwirqGif8St1hoXbQJU7pB6lS', 'contactPhone': '18918253704', 'industryCategory': 'A', 'industrySpecific': '01', 'orgName': 'YTue4sO7PTfh6RfjWGZlD6DmnrQlyMcw', 'orgNature': '1', 'orgAddrProvince': '110000', 'orgAddrCity': '110100', 'orgAddrCounty': '110101', 'orgAddr': '致真', 'orgCrtType': '1', 'orgCrtCode': 'YR6QhzWQiBvII1kb9lXLC9g09mB8GIj2', 'legalName': '张三', 'legalEmail': None, 'legalPhone': None, 'legalCrtType': '1', 'legalCrtNo': '827036196711010039', 'legalCrtFrontImgRid': 2060, 'legalCrtBackImgRid': 2061, 'orgCrtImgRid': 2059, 'imgId': 2059, 'orgNatureDesc': '国有控股', 'orgCategorySpecificDesc': '农、林、牧、渔业-农业', 'orgAddrProvinceDesc': '北京市', 'orgAddrCountyDesc': '东城区', 'orgAddrCityDesc': '市辖区', 'legalCrtTypeDesc': '中国居民身份证', 'createDate': '2023-06-14 10:42:04', 'updateDate': '2023-06-14 10:42:04', 'entInfoSyss_0_id': None, 'entInfoSyss_0_entApplyId': None, 'entApplyId': None, 'entInfoSyss_0_sysType': None, 'entInfoSyss_0_deployMode': None, 'entInfoSyss_0_deployAddr': None, 'entInfoSyss_0_deployAddrProvince': None, 'entInfoSyss_0_deployAddrCity': None, 'entInfoSyss_0_deployAddrCounty': None, 'entInfoSyss_1_id': None, 'entInfoSyss_1_entApplyId': None, 'entInfoSyss_1_sysType': None, 'entInfoSyss_1_deployMode': None, 'entInfoSyss_1_deployAddr': None, 'entInfoSyss_1_deployAddrProvince': None, 'entInfoSyss_1_deployAddrCity': None, 'entInfoSyss_1_deployAddrCounty': None, 'entInfoSyss_2_id': None, 'entInfoSyss_2_entApplyId': None, 'entInfoSyss_2_sysType': None, 'entInfoSyss_2_deployMode': None, 'entInfoSyss_2_deployAddr': None, 'entInfoSyss_2_deployAddrProvince': None, 'entInfoSyss_2_deployAddrCity': None, 'entInfoSyss_2_deployAddrCounty': None, 'entInfoSyss_3_id': None, 'entInfoSyss_3_entApplyId': None, 'entInfoSyss_3_sysType': None, 'entInfoSyss_3_deployMode': None, 'entInfoSyss_3_deployAddr': None, 'entInfoSyss_3_deployAddrProvince': None, 'entInfoSyss_3_deployAddrCity': None, 'entInfoSyss_3_deployAddrCounty': None}
2023-06-14 10:42:03.900 | INFO     | httprunner.response:validate:249 - assert status_code equal 200(int)	==> pass
2023-06-14 10:42:03.901 | INFO     | httprunner.response:validate:249 - assert body.message equal success(str)	==> pass
2023-06-14 10:42:03.901 | INFO     | httprunner.runner:__run_step:304 - run step end: 企业注册查询注册信息 <<<<<<

2023-06-14 10:42:03.901 | INFO     | httprunner.runner:__run_step_testcase:286 - export variables: {'prefix': '88.408.58381461106', 'entInfoSyss_1_entApplyId': None, 'entInfoSyss_1_id': None, 'entInfoSyss_2_sysType': None, 'legalName': '张三', 'entInfoSyss_3_deployAddrProvince': None, 'orgNature': '1', 'industrySpecific': '01', 'orgAddrProvinceDesc': '北京市', 'contactEmail': 'lVx0qHKWJaGGifvi@qaqseq.com', 'entInfoSyss_0_id': None, 'entInfoSyss_3_entApplyId': None, 'entInfoSyss_1_deployAddrCity': None, 'entId': None, 'orgAddrProvince': '110000', 'orgCategorySpecificDesc': '农、林、牧、渔业-农业', 'entInfoSyss_3_sysType': None, 'imgId_f': 2060, 'userName': '5Ffk1xupwirqGif8St1hoXbQJU7pB6lS', 'orgAddrCounty': '110101', 'orgAddr': '致真', 'entInfoSyss_1_deployMode': None, 'entInfoSyss_0_deployAddrCounty': None, 'contactCrtType': 1, 'entInfoSyss_0_sysType': None, 'orgAddrCityDesc': '市辖区', 'entInfoSyss_3_deployAddr': None, 'entInfoSyss_3_deployAddrCounty': None, 'entInfoSyss_0_deployAddrCity': None, 'imgId': 2059, 'imgId_b': 2061, 'orgAddrCity': '110100', 'legalCrtFrontImgRid': 2060, 'entInfoSyss_1_sysType': None, 'entInfoSyss_3_deployMode': None, 'entUserId': None, 'userId': 1332, 'orgCrtType': '1', 'orgCrtImgRid': 2059, 'entInfoSyss_2_deployAddrCity': None, 'legalEmail': None, 'industryCategory': 'A', 'orgNatureDesc': '国有控股', 'entInfoSyss_2_deployAddrProvince': None, 'createDate': '2023-06-14 10:42:04', 'applyId': 1121, 'legalCrtType': '1', 'entInfoSyss_0_deployMode': None, 'orgAddrCountyDesc': '东城区', 'entInfoSyss_0_deployAddrProvince': None, 'entInfoSyss_1_deployAddrProvince': None, 'updateDate': '2023-06-14 10:42:04', 'entApplyId': None, 'contactPhone': '18918253704', 'entInfoSyss_2_deployAddr': None, 'entInfoSyss_3_id': None, 'entInfoSyss_1_deployAddr': None, 'contactCrtNo': '827036196711010039', 'entInfoSyss_0_entApplyId': None, 'entInfoSyss_2_entApplyId': None, 'contactName': '5Ffk1xupwirqGif8St1hoXbQJU7pB6lS', 'orgCrtCode': 'YR6QhzWQiBvII1kb9lXLC9g09mB8GIj2', 'legalCrtBackImgRid': 2061, 'entInfoSyss_2_id': None, 'entInfoSyss_0_deployAddr': None, 'entInfoSyss_2_deployMode': None, 'entInfoSyss_1_deployAddrCounty': None, 'entInfoSyss_3_deployAddrCity': None, 'legalCrtNo': '827036196711010039', 'legalPhone': None, 'legalCrtTypeDesc': '中国居民身份证', 'entInfoSyss_2_deployAddrCounty': None, 'orgName': 'YTue4sO7PTfh6RfjWGZlD6DmnrQlyMcw'}
2023-06-14 10:42:03.901 | INFO     | httprunner.runner:__run_step:304 - run step end: 企业注册查询注册信息 <<<<<<

2023-06-14 10:42:03.901 | INFO     | httprunner.runner:__run_step:292 - run step begin: 企业注册第二步提交信息 >>>>>>
2023-06-14 10:42:03.902 | INFO     | httprunner.runner:__run_step:292 - run step begin: 企业注册第二步提交信息 >>>>>>
2023-06-14 10:42:03.989 | DEBUG    | httprunner.client:request:186 - client IP: 10.14.148.129, Port: 58846
2023-06-14 10:42:03.990 | DEBUG    | httprunner.client:request:194 - server IP: 139.198.116.76, Port: 8000
2023-06-14 10:42:03.992 | DEBUG    | httprunner.client:log_print:40 - 
================== request details ==================
method   : POST
url      : http://139.198.116.76:8000/api/v3/entApply/registerManageInfo
headers  : {
    "User-Agent": "Mozilla/5.0 (Macintosh; Intel Mac OS X 10_15_7) AppleWebKit/537.36 (KHTML, like Gecko) Chrome/105.0.0.0 Safari/537.36",
    "Accept-Encoding": "gzip, deflate",
    "Accept": "application/json, text/plain, */*",
    "Connection": "keep-alive",
    "Accept-Language": "zh-CN,zh;q=0.9",
    "Content-Type": "application/json;charset=UTF-8",
    "X-HTTP-Method-Override": "put",
    "HRUN-Request-ID": "HRUN-05391d25-2c95-4d9d-b363-8f0ae33a1c1a-523903",
    "Cookie": "SESSION=MTY2NTZkN2YtYjAyOC00ZjA2LTg4NjgtZTc5NTFkYzllMGVj; SESSION=response.headers.\"Set-Cookie\".session",
    "Content-Length": "3281"
}
cookies  : {
    "SESSION": "MTY2NTZkN2YtYjAyOC00ZjA2LTg4NjgtZTc5NTFkYzllMGVj"
}
body     : {
    "applyStep": 3,
    "applyType": null,
    "cltrid": null,
    "contactCrtBackImgPath": null,
    "contactCrtBackImgRid": 2061,
    "contactCrtFrontImgPath": null,
    "contactCrtFrontImgRid": 2060,
    "contactCrtNo": "827036196711010039",
    "contactCrtType": 1,
    "contactEmail": "lVx0qHKWJaGGifvi@qaqseq.com",
    "contactName": "5Ffk1xupwirqGif8St1hoXbQJU7pB6lS",
    "contactPhone": "18918253704",
    "createDate": "2023-06-14 10:42:04",
    "dataHostingContractFilePath": null,
    "dataHostingContractFileRid": null,
    "dataHostingOrg": null,
    "entGeneralId": null,
    "entInfoLicenses": [],
    "entInfoSerIndustrys": [],
    "entInfoSyss": [
        {
            "deployAddr": "致真",
            "deployAddrCity": "110100",
            "deployAddrCounty": "110101",
            "deployAddrProvince": "110000",
            "deployMode": 1,
            "ipPort": null,
            "name": null,
            "sysType": 1
        },
        {
            "deployAddr": "致真",
            "deployAddrCity": "110100",
            "deployAddrCounty": "110101",
            "deployAddrProvince": "110000",
            "deployMode": 1,
            "ipPort": null,
            "name": null,
            "sysType": 2
        },
        {
            "deployAddr": "天津",
            "deployAddrCity": "120100",
            "deployAddrCounty": "120101",
            "deployAddrProvince": "120000",
            "deployMode": 1,
            "ipPort": null,
            "name": null,
            "sysType": 3
        },
        {
            "deployAddr": "天津",
            "deployAddrCity": "120100",
            "deployAddrCounty": "120101",
            "deployAddrProvince": "120000",
            "deployMode": 1,
            "ipPort": null,
            "name": null,
            "sysType": 4
        }
    ],
    "entPrefix": "88.408.58381461106",
    "escrowId": null,
    "escrowOrgName": null,
    "establishDate": null,
    "extDomain": null,
    "extIpAddr": null,
    "extWebName": null,
    "finalAuditMsg": null,
    "finalAuditStatus": null,
    "firstAuditMsg": null,
    "firstAuditStatus": null,
    "id": 1121,
    "idRegNaImp": null,
    "industryCategory": "A",
    "industrySpecific": "01",
    "isSubmit": 0,
    "legalCrtBackImgContent": null,
    "legalCrtBackImgPath": null,
    "legalCrtBackImgRid": 2061,
    "legalCrtFrontImgContent": null,
    "legalCrtFrontImgPath": null,
    "legalCrtFrontImgRid": 2060,
    "legalCrtNo": "827036196711010039",
    "legalCrtType": "1",
    "legalCrtTypeDesc": "中国居民身份证",
    "legalEmail": null,
    "legalFax": null,
    "legalName": "张三",
    "legalPhone": null,
    "orgAddr": "致真",
    "orgAddrCity": "110100",
    "orgAddrCityDesc": "市辖区",
    "orgAddrCounty": "110101",
    "orgAddrCountyDesc": "东城区",
    "orgAddrProvince": "110000",
    "orgAddrProvinceDesc": "北京市",
    "orgCategorySpecificDesc": "农、林、牧、渔业-农业",
    "orgCrtCode": "YR6QhzWQiBvII1kb9lXLC9g09mB8GIj2",
    "orgCrtImgContent": null,
    "orgCrtImgPath": null,
    "orgCrtImgRid": 2059,
    "orgCrtType": "1",
    "orgDesc": null,
    "orgName": "YTue4sO7PTfh6RfjWGZlD6DmnrQlyMcw",
    "orgNature": "1",
    "orgNatureDesc": "1",
    "periodValidity": null,
    "regAuthority": null,
    "regCapital": null,
    "regRealNaImpName": null,
    "regRealNaImpType": null,
    "servHostingContractFilePath": null,
    "servHostingContractFileRid": null,
    "servHostingOrg": null,
    "servSysBuildContractFilePath": null,
    "servSysBuildContractFileRid": null,
    "servSysBuildName": null,
    "servSysBuildType": 1,
    "servSysOperContractFilePath": null,
    "servSysOperContractFileRid": null,
    "servSysOperName": null,
    "servSysOperType": 1,
    "svtrid": null,
    "thirdServiceMsg": null,
    "thirdServiceStatus": null,
    "updateDate": "2023-06-14 10:42:04",
    "userId": 1332,
    "userName": "5Ffk1xupwirqGif8St1hoXbQJU7pB6lS",
    "website": null
}

2023-06-14 10:42:03.993 | DEBUG    | httprunner.client:log_print:40 - 
================== response details ==================
status_code : 200
headers  : {
    "Server": "nginx",
    "Date": "Wed, 14 Jun 2023 02:42:04 GMT",
    "Content-Type": "application/json;charset=UTF-8",
    "Transfer-Encoding": "chunked",
    "Connection": "keep-alive",
    "X-Frame-Options": "SAMEORIGIN"
}
cookies  : {}
encoding : UTF-8
content_type : application/json;charset=UTF-8
body     : {
    "message": "success",
    "status": 1,
    "data": true
}

2023-06-14 10:42:03.993 | INFO     | httprunner.client:request:217 - status_code: 200, response_time(ms): 85.79 ms, response_length: 0 bytes
2023-06-14 10:42:03.993 | INFO     | httprunner.response:validate:249 - assert status_code equal 200(int)	==> pass
2023-06-14 10:42:03.993 | INFO     | httprunner.response:validate:249 - assert body.message equal success(str)	==> pass
2023-06-14 10:42:03.993 | INFO     | httprunner.runner:__run_step:304 - run step end: 企业注册第二步提交信息 <<<<<<

2023-06-14 10:42:03.994 | INFO     | httprunner.runner:__run_step:304 - run step end: 企业注册第二步提交信息 <<<<<<

2023-06-14 10:42:03.994 | INFO     | httprunner.runner:__run_step:292 - run step begin: 企业注册查询注册信息 >>>>>>
2023-06-14 10:42:03.995 | INFO     | httprunner.runner:__run_step:292 - run step begin: 企业注册查询注册信息 >>>>>>
2023-06-14 10:42:04.109 | DEBUG    | httprunner.client:request:186 - client IP: 10.14.148.129, Port: 58846
2023-06-14 10:42:04.110 | DEBUG    | httprunner.client:request:194 - server IP: 139.198.116.76, Port: 8000
2023-06-14 10:42:04.111 | DEBUG    | httprunner.client:log_print:40 - 
================== request details ==================
method   : GET
url      : http://139.198.116.76:8000/api/v3/entApply/applyOrNot
headers  : {
    "User-Agent": "Mozilla/5.0 (Macintosh; Intel Mac OS X 10_15_7) AppleWebKit/537.36 (KHTML, like Gecko) Chrome/105.0.0.0 Safari/537.36",
    "Accept-Encoding": "gzip, deflate",
    "Accept": "application/json, text/plain, */*",
    "Connection": "keep-alive",
    "Accept-Language": "zh-CN,zh;q=0.9",
    "HRUN-Request-ID": "HRUN-05391d25-2c95-4d9d-b363-8f0ae33a1c1a-523995",
    "Cookie": "SESSION=MTY2NTZkN2YtYjAyOC00ZjA2LTg4NjgtZTc5NTFkYzllMGVj; SESSION=response.headers.\"Set-Cookie\".session"
}
cookies  : {
    "SESSION": "MTY2NTZkN2YtYjAyOC00ZjA2LTg4NjgtZTc5NTFkYzllMGVj"
}
body     : None

2023-06-14 10:42:04.113 | DEBUG    | httprunner.client:log_print:40 - 
================== response details ==================
status_code : 200
headers  : {
    "Server": "nginx",
    "Date": "Wed, 14 Jun 2023 02:42:04 GMT",
    "Content-Type": "application/json;charset=UTF-8",
    "Transfer-Encoding": "chunked",
    "Connection": "keep-alive",
    "X-Frame-Options": "SAMEORIGIN"
}
cookies  : {}
encoding : UTF-8
content_type : application/json;charset=UTF-8
body     : {
    "message": "success",
    "status": 1,
    "data": {
        "nbmsEntApplyPO": {
            "id": 1121,
            "createDate": "2023-06-14 10:42:04",
            "updateDate": "2023-06-14 10:42:04",
            "applyType": null,
            "entGeneralId": null,
            "applyStep": 3,
            "isSubmit": 0,
            "entPrefix": "88.408.58381461106",
            "firstAuditStatus": null,
            "firstAuditMsg": null,
            "thirdServiceStatus": null,
            "thirdServiceMsg": null,
            "userName": "5Ffk1xupwirqGif8St1hoXbQJU7pB6lS",
            "finalAuditStatus": null,
            "finalAuditMsg": null,
            "svtrid": null,
            "cltrid": null,
            "userId": 1332,
            "orgName": "YTue4sO7PTfh6RfjWGZlD6DmnrQlyMcw",
            "orgNature": "1",
            "orgAddrProvince": "110000",
            "orgAddrCity": "110100",
            "orgAddrCounty": "110101",
            "orgAddr": "致真",
            "orgCrtType": "1",
            "orgCrtCode": "YR6QhzWQiBvII1kb9lXLC9g09mB8GIj2",
            "legalName": "张三",
            "legalCrtType": "1",
            "legalCrtNo": "827036196711010039",
            "orgDesc": null,
            "industryCategory": "A",
            "industrySpecific": "01",
            "contactName": "5Ffk1xupwirqGif8St1hoXbQJU7pB6lS",
            "contactPhone": "18918253704",
            "contactCrtType": 1,
            "contactCrtNo": "827036196711010039",
            "contactEmail": "lVx0qHKWJaGGifvi@qaqseq.com",
            "website": null,
            "regAuthority": null,
            "regCapital": null,
            "establishDate": null,
            "periodValidity": null,
            "legalEmail": null,
            "legalPhone": null,
            "legalFax": null,
            "servSysBuildType": 1,
            "servSysBuildName": null,
            "servSysOperType": 1,
            "servSysOperName": null,
            "dataHostingOrg": null,
            "servHostingOrg": null,
            "regRealNaImpType": null,
            "regRealNaImpName": null,
            "idRegNaImp": null,
            "extWebName": null,
            "extDomain": null,
            "extIpAddr": null,
            "orgCrtImgRid": 2059,
            "contactCrtFrontImgRid": 2060,
            "contactCrtBackImgRid": 2061,
            "legalCrtFrontImgRid": 2060,
            "legalCrtBackImgRid": 2061,
            "servSysBuildContractFileRid": null,
            "servSysOperContractFileRid": null,
            "dataHostingContractFileRid": null,
            "servHostingContractFileRid": null,
            "entInfoLicenses": [],
            "entInfoSyss": [
                {
                    "id": 2237,
                    "entApplyId": 1121,
                    "sysType": 1,
                    "deployMode": 1,
                    "deployAddr": "致真",
                    "deployAddrProvince": "110000",
                    "deployAddrCity": "110100",
                    "deployAddrCounty": "110101",
                    "name": null,
                    "ipPort": null
                },
                {
                    "id": 2238,
                    "entApplyId": 1121,
                    "sysType": 2,
                    "deployMode": 1,
                    "deployAddr": "致真",
                    "deployAddrProvince": "110000",
                    "deployAddrCity": "110100",
                    "deployAddrCounty": "110101",
                    "name": null,
                    "ipPort": null
                },
                {
                    "id": 2239,
                    "entApplyId": 1121,
                    "sysType": 3,
                    "deployMode": 1,
                    "deployAddr": "天津",
                    "deployAddrProvince": "120000",
                    "deployAddrCity": "120100",
                    "deployAddrCounty": "120101",
                    "name": null,
                    "ipPort": null
                },
                {
                    "id": 2240,
                    "entApplyId": 1121,
                    "sysType": 4,
                    "deployMode": 1,
                    "deployAddr": "天津",
                    "deployAddrProvince": "120000",
                    "deployAddrCity": "120100",
                    "deployAddrCounty": "120101",
                    "name": null,
                    "ipPort": null
                }
            ],
            "entInfoSerIndustrys": [],
            "escrowId": null,
            "industryQualificationRid": null,
            "certificationRid": null,
            "openingBank": null,
            "bankCard": null,
            "verificationName": null,
            "orgNatureDesc": "国有控股",
            "orgCrtImgContent": null,
            "orgCategorySpecificDesc": "农、林、牧、渔业-农业",
            "orgAddrProvinceDesc": "北京市",
            "orgAddrCountyDesc": "东城区",
            "orgAddrCityDesc": "市辖区",
            "legalCrtTypeDesc": "中国居民身份证",
            "legalCrtFrontImgContent": null,
            "legalCrtBackImgContent": null,
            "orgCrtImgPath": "ccf7cb5f-526a-43ad-b529-85db25c79c73.jpeg",
            "contactCrtFrontImgPath": "847ea141-f414-49de-87d8-5274c9fe72f1.jpeg",
            "contactCrtBackImgPath": "423faede-5c9b-430a-b7b2-eb982c9bd472.jpeg",
            "legalCrtFrontImgPath": "847ea141-f414-49de-87d8-5274c9fe72f1.jpeg",
            "legalCrtBackImgPath": "423faede-5c9b-430a-b7b2-eb982c9bd472.jpeg",
            "servSysBuildContractFilePath": null,
            "servSysOperContractFilePath": null,
            "dataHostingContractFilePath": null,
            "servHostingContractFilePath": null,
            "industryQualificationFilePath": null,
            "certificationFilePath": null,
            "escrowOrgName": null
        },
        "nbmsEntPO": null,
        "nbmsEntPrefixApplyPO": null,
        "needRelog": null,
        "applyStatus": 0
    }
}

2023-06-14 10:42:04.113 | INFO     | httprunner.client:request:217 - status_code: 200, response_time(ms): 113.4 ms, response_length: 0 bytes
2023-06-14 10:42:04.115 | INFO     | httprunner.response:extract:179 - extract mapping: {'applyId': 1121, 'userId': 1332, 'userName': '5Ffk1xupwirqGif8St1hoXbQJU7pB6lS', 'imgId_f': 2060, 'imgId_b': 2061, 'entId': None, 'entUserId': None, 'prefix': '88.408.58381461106', 'contactCrtNo': '827036196711010039', 'contactCrtType': 1, 'contactEmail': 'lVx0qHKWJaGGifvi@qaqseq.com', 'contactName': '5Ffk1xupwirqGif8St1hoXbQJU7pB6lS', 'contactPhone': '18918253704', 'industryCategory': 'A', 'industrySpecific': '01', 'orgName': 'YTue4sO7PTfh6RfjWGZlD6DmnrQlyMcw', 'orgNature': '1', 'orgAddrProvince': '110000', 'orgAddrCity': '110100', 'orgAddrCounty': '110101', 'orgAddr': '致真', 'orgCrtType': '1', 'orgCrtCode': 'YR6QhzWQiBvII1kb9lXLC9g09mB8GIj2', 'legalName': '张三', 'legalEmail': None, 'legalPhone': None, 'legalCrtType': '1', 'legalCrtNo': '827036196711010039', 'legalCrtFrontImgRid': 2060, 'legalCrtBackImgRid': 2061, 'orgCrtImgRid': 2059, 'imgId': 2059, 'orgNatureDesc': '国有控股', 'orgCategorySpecificDesc': '农、林、牧、渔业-农业', 'orgAddrProvinceDesc': '北京市', 'orgAddrCountyDesc': '东城区', 'orgAddrCityDesc': '市辖区', 'legalCrtTypeDesc': '中国居民身份证', 'createDate': '2023-06-14 10:42:04', 'updateDate': '2023-06-14 10:42:04', 'entInfoSyss_0_id': 2237, 'entInfoSyss_0_entApplyId': 1121, 'entApplyId': 1121, 'entInfoSyss_0_sysType': 1, 'entInfoSyss_0_deployMode': 1, 'entInfoSyss_0_deployAddr': '致真', 'entInfoSyss_0_deployAddrProvince': '110000', 'entInfoSyss_0_deployAddrCity': '110100', 'entInfoSyss_0_deployAddrCounty': '110101', 'entInfoSyss_1_id': 2238, 'entInfoSyss_1_entApplyId': 1121, 'entInfoSyss_1_sysType': 2, 'entInfoSyss_1_deployMode': 1, 'entInfoSyss_1_deployAddr': '致真', 'entInfoSyss_1_deployAddrProvince': '110000', 'entInfoSyss_1_deployAddrCity': '110100', 'entInfoSyss_1_deployAddrCounty': '110101', 'entInfoSyss_2_id': 2239, 'entInfoSyss_2_entApplyId': 1121, 'entInfoSyss_2_sysType': 3, 'entInfoSyss_2_deployMode': 1, 'entInfoSyss_2_deployAddr': '天津', 'entInfoSyss_2_deployAddrProvince': '120000', 'entInfoSyss_2_deployAddrCity': '120100', 'entInfoSyss_2_deployAddrCounty': '120101', 'entInfoSyss_3_id': 2240, 'entInfoSyss_3_entApplyId': 1121, 'entInfoSyss_3_sysType': 4, 'entInfoSyss_3_deployMode': 1, 'entInfoSyss_3_deployAddr': '天津', 'entInfoSyss_3_deployAddrProvince': '120000', 'entInfoSyss_3_deployAddrCity': '120100', 'entInfoSyss_3_deployAddrCounty': '120101'}
2023-06-14 10:42:04.115 | INFO     | httprunner.response:validate:249 - assert status_code equal 200(int)	==> pass
2023-06-14 10:42:04.115 | INFO     | httprunner.response:validate:249 - assert body.message equal success(str)	==> pass
2023-06-14 10:42:04.115 | INFO     | httprunner.runner:__run_step:304 - run step end: 企业注册查询注册信息 <<<<<<

2023-06-14 10:42:04.116 | INFO     | httprunner.runner:__run_step_testcase:286 - export variables: {'prefix': '88.408.58381461106', 'entInfoSyss_1_entApplyId': 1121, 'entInfoSyss_1_id': 2238, 'entInfoSyss_2_sysType': 3, 'legalName': '张三', 'entInfoSyss_3_deployAddrProvince': '120000', 'orgNature': '1', 'industrySpecific': '01', 'orgAddrProvinceDesc': '北京市', 'contactEmail': 'lVx0qHKWJaGGifvi@qaqseq.com', 'entInfoSyss_0_id': 2237, 'entInfoSyss_3_entApplyId': 1121, 'entInfoSyss_1_deployAddrCity': '110100', 'entId': None, 'orgAddrProvince': '110000', 'orgCategorySpecificDesc': '农、林、牧、渔业-农业', 'entInfoSyss_3_sysType': 4, 'imgId_f': 2060, 'userName': '5Ffk1xupwirqGif8St1hoXbQJU7pB6lS', 'orgAddrCounty': '110101', 'orgAddr': '致真', 'entInfoSyss_1_deployMode': 1, 'entInfoSyss_0_deployAddrCounty': '110101', 'contactCrtType': 1, 'entInfoSyss_0_sysType': 1, 'orgAddrCityDesc': '市辖区', 'entInfoSyss_3_deployAddr': '天津', 'entInfoSyss_3_deployAddrCounty': '120101', 'entInfoSyss_0_deployAddrCity': '110100', 'imgId': 2059, 'imgId_b': 2061, 'orgAddrCity': '110100', 'legalCrtFrontImgRid': 2060, 'entInfoSyss_1_sysType': 2, 'entInfoSyss_3_deployMode': 1, 'entUserId': None, 'userId': 1332, 'orgCrtType': '1', 'orgCrtImgRid': 2059, 'entInfoSyss_2_deployAddrCity': '120100', 'legalEmail': None, 'industryCategory': 'A', 'orgNatureDesc': '国有控股', 'entInfoSyss_2_deployAddrProvince': '120000', 'createDate': '2023-06-14 10:42:04', 'applyId': 1121, 'legalCrtType': '1', 'entInfoSyss_0_deployMode': 1, 'orgAddrCountyDesc': '东城区', 'entInfoSyss_0_deployAddrProvince': '110000', 'entInfoSyss_1_deployAddrProvince': '110000', 'updateDate': '2023-06-14 10:42:04', 'entApplyId': 1121, 'contactPhone': '18918253704', 'entInfoSyss_2_deployAddr': '天津', 'entInfoSyss_3_id': 2240, 'entInfoSyss_1_deployAddr': '致真', 'contactCrtNo': '827036196711010039', 'entInfoSyss_0_entApplyId': 1121, 'entInfoSyss_2_entApplyId': 1121, 'contactName': '5Ffk1xupwirqGif8St1hoXbQJU7pB6lS', 'orgCrtCode': 'YR6QhzWQiBvII1kb9lXLC9g09mB8GIj2', 'legalCrtBackImgRid': 2061, 'entInfoSyss_2_id': 2239, 'entInfoSyss_0_deployAddr': '致真', 'entInfoSyss_2_deployMode': 1, 'entInfoSyss_1_deployAddrCounty': '110101', 'entInfoSyss_3_deployAddrCity': '120100', 'legalCrtNo': '827036196711010039', 'legalPhone': None, 'legalCrtTypeDesc': '中国居民身份证', 'entInfoSyss_2_deployAddrCounty': '120101', 'orgName': 'YTue4sO7PTfh6RfjWGZlD6DmnrQlyMcw'}
2023-06-14 10:42:04.116 | INFO     | httprunner.runner:__run_step:304 - run step end: 企业注册查询注册信息 <<<<<<

2023-06-14 10:42:04.117 | INFO     | httprunner.runner:__run_step:292 - run step begin: 企业注册最终第三步提交信息 >>>>>>
2023-06-14 10:42:04.117 | INFO     | httprunner.runner:__run_step:292 - run step begin: 企业注册最终第三步提交信息 >>>>>>
2023-06-14 10:42:04.337 | DEBUG    | httprunner.client:request:186 - client IP: 10.14.148.129, Port: 58846
2023-06-14 10:42:04.337 | DEBUG    | httprunner.client:request:194 - server IP: 139.198.116.76, Port: 8000
2023-06-14 10:42:04.340 | DEBUG    | httprunner.client:log_print:40 - 
================== request details ==================
method   : POST
url      : http://139.198.116.76:8000/api/v3/entApply/apply
headers  : {
    "User-Agent": "Mozilla/5.0 (Macintosh; Intel Mac OS X 10_15_7) AppleWebKit/537.36 (KHTML, like Gecko) Chrome/105.0.0.0 Safari/537.36",
    "Accept-Encoding": "gzip, deflate",
    "Accept": "application/json, text/plain, */*",
    "Connection": "keep-alive",
    "Accept-Language": "zh-CN,zh;q=0.9",
    "Content-Type": "application/json;charset=UTF-8",
    "HRUN-Request-ID": "HRUN-05391d25-2c95-4d9d-b363-8f0ae33a1c1a-524118",
    "Cookie": "SESSION=MTY2NTZkN2YtYjAyOC00ZjA2LTg4NjgtZTc5NTFkYzllMGVj; SESSION=response.headers.\"Set-Cookie\".session",
    "Content-Length": "3281"
}
cookies  : {
    "SESSION": "MTY2NTZkN2YtYjAyOC00ZjA2LTg4NjgtZTc5NTFkYzllMGVj"
}
body     : {
    "applyStep": 4,
    "applyType": null,
    "cltrid": null,
    "contactCrtBackImgPath": null,
    "contactCrtBackImgRid": 2061,
    "contactCrtFrontImgPath": null,
    "contactCrtFrontImgRid": 2060,
    "contactCrtNo": "827036196711010039",
    "contactCrtType": 1,
    "contactEmail": "lVx0qHKWJaGGifvi@qaqseq.com",
    "contactName": "5Ffk1xupwirqGif8St1hoXbQJU7pB6lS",
    "contactPhone": "18918253704",
    "createDate": "2023-06-14 10:42:04",
    "dataHostingContractFilePath": null,
    "dataHostingContractFileRid": null,
    "dataHostingOrg": null,
    "entGeneralId": null,
    "entInfoLicenses": [],
    "entInfoSerIndustrys": [],
    "entInfoSyss": [
        {
            "deployAddr": "致真",
            "deployAddrCity": "110100",
            "deployAddrCounty": "110101",
            "deployAddrProvince": "110000",
            "deployMode": 1,
            "ipPort": null,
            "name": null,
            "sysType": 2
        },
        {
            "deployAddr": "致真",
            "deployAddrCity": "110100",
            "deployAddrCounty": "110101",
            "deployAddrProvince": "110000",
            "deployMode": 1,
            "ipPort": null,
            "name": null,
            "sysType": 3
        },
        {
            "deployAddr": "天津",
            "deployAddrCity": "120100",
            "deployAddrCounty": "120101",
            "deployAddrProvince": "120000",
            "deployMode": 1,
            "ipPort": null,
            "name": null,
            "sysType": 4
        },
        {
            "deployAddr": "天津",
            "deployAddrCity": "120100",
            "deployAddrCounty": "120101",
            "deployAddrProvince": "120000",
            "deployMode": 1,
            "ipPort": null,
            "name": null,
            "sysType": 4
        }
    ],
    "entPrefix": "88.408.58381461106",
    "escrowId": null,
    "escrowOrgName": null,
    "establishDate": null,
    "extDomain": null,
    "extIpAddr": null,
    "extWebName": null,
    "finalAuditMsg": null,
    "finalAuditStatus": null,
    "firstAuditMsg": null,
    "firstAuditStatus": null,
    "id": 1121,
    "idRegNaImp": null,
    "industryCategory": "A",
    "industrySpecific": "01",
    "isSubmit": 0,
    "legalCrtBackImgContent": null,
    "legalCrtBackImgPath": null,
    "legalCrtBackImgRid": 2061,
    "legalCrtFrontImgContent": null,
    "legalCrtFrontImgPath": null,
    "legalCrtFrontImgRid": 2060,
    "legalCrtNo": "827036196711010039",
    "legalCrtType": "1",
    "legalCrtTypeDesc": "中国居民身份证",
    "legalEmail": null,
    "legalFax": null,
    "legalName": "张三",
    "legalPhone": null,
    "orgAddr": "致真",
    "orgAddrCity": "110100",
    "orgAddrCityDesc": "市辖区",
    "orgAddrCounty": "110101",
    "orgAddrCountyDesc": "东城区",
    "orgAddrProvince": "110000",
    "orgAddrProvinceDesc": "北京市",
    "orgCategorySpecificDesc": "农、林、牧、渔业-农业",
    "orgCrtCode": "YR6QhzWQiBvII1kb9lXLC9g09mB8GIj2",
    "orgCrtImgContent": null,
    "orgCrtImgPath": null,
    "orgCrtImgRid": 2059,
    "orgCrtType": "1",
    "orgDesc": null,
    "orgName": "YTue4sO7PTfh6RfjWGZlD6DmnrQlyMcw",
    "orgNature": "1",
    "orgNatureDesc": "1",
    "periodValidity": null,
    "regAuthority": null,
    "regCapital": null,
    "regRealNaImpName": null,
    "regRealNaImpType": null,
    "servHostingContractFilePath": null,
    "servHostingContractFileRid": null,
    "servHostingOrg": null,
    "servSysBuildContractFilePath": null,
    "servSysBuildContractFileRid": null,
    "servSysBuildName": null,
    "servSysBuildType": 1,
    "servSysOperContractFilePath": null,
    "servSysOperContractFileRid": null,
    "servSysOperName": null,
    "servSysOperType": 1,
    "svtrid": null,
    "thirdServiceMsg": null,
    "thirdServiceStatus": null,
    "updateDate": "2023-06-14 10:42:04",
    "userId": 1332,
    "userName": "5Ffk1xupwirqGif8St1hoXbQJU7pB6lS",
    "website": null
}

2023-06-14 10:42:04.341 | DEBUG    | httprunner.client:log_print:40 - 
================== response details ==================
status_code : 200
headers  : {
    "Server": "nginx",
    "Date": "Wed, 14 Jun 2023 02:42:04 GMT",
    "Content-Type": "application/json;charset=UTF-8",
    "Transfer-Encoding": "chunked",
    "Connection": "keep-alive",
    "X-Frame-Options": "SAMEORIGIN"
}
cookies  : {}
encoding : UTF-8
content_type : application/json;charset=UTF-8
body     : {
    "message": "success",
    "status": 1,
    "data": true
}

2023-06-14 10:42:04.341 | INFO     | httprunner.client:request:217 - status_code: 200, response_time(ms): 218.35 ms, response_length: 0 bytes
2023-06-14 10:42:04.341 | INFO     | httprunner.response:validate:249 - assert status_code equal 200(int)	==> pass
2023-06-14 10:42:04.342 | INFO     | httprunner.response:validate:249 - assert body.message equal success(str)	==> pass
2023-06-14 10:42:04.342 | INFO     | httprunner.runner:__run_step:304 - run step end: 企业注册最终第三步提交信息 <<<<<<

2023-06-14 10:42:04.342 | INFO     | httprunner.runner:__run_step:304 - run step end: 企业注册最终第三步提交信息 <<<<<<

2023-06-14 10:42:04.343 | INFO     | httprunner.runner:__run_step:292 - run step begin: 登录-管理员 >>>>>>
2023-06-14 10:42:04.343 | INFO     | httprunner.runner:__run_step:292 - run step begin: 登录-企业用户 >>>>>>
2023-06-14 10:42:04.442 | DEBUG    | httprunner.client:request:186 - client IP: 10.14.148.129, Port: 58846
2023-06-14 10:42:04.443 | DEBUG    | httprunner.client:request:194 - server IP: 139.198.116.76, Port: 8000
2023-06-14 10:42:04.444 | DEBUG    | httprunner.client:log_print:40 - 
================== request details ==================
method   : POST
url      : http://139.198.116.76:8000/api/home/test/login
headers  : {
    "User-Agent": "python-requests/2.28.1",
    "Accept-Encoding": "gzip, deflate, br",
    "Accept": "*/*",
    "Connection": "keep-alive",
    "Content-Length": "144",
    "Content-Type": "application/json",
    "HRUN-Request-ID": "HRUN-05391d25-2c95-4d9d-b363-8f0ae33a1c1a-524344",
    "Cookie": "SESSION=MTY2NTZkN2YtYjAyOC00ZjA2LTg4NjgtZTc5NTFkYzllMGVj"
}
cookies  : {
    "SESSION": "MTY2NTZkN2YtYjAyOC00ZjA2LTg4NjgtZTc5NTFkYzllMGVj"
}
body     : {
    "captcha": "0000",
    "captchaSign": "5d39bab12bba81ab59b3931d2ca06ee9603c3803355932be66974f122cab3502",
    "emailCaptcha": "",
    "username": "adminy"
}

2023-06-14 10:42:04.444 | DEBUG    | httprunner.client:log_print:40 - 
================== response details ==================
status_code : 200
headers  : {
    "Server": "nginx",
    "Date": "Wed, 14 Jun 2023 02:42:04 GMT",
    "Content-Type": "application/json;charset=UTF-8",
    "Transfer-Encoding": "chunked",
    "Connection": "keep-alive",
    "Set-Cookie": "SESSION=MjIyNzMxNzgtZjJlYS00MGM1LTgxYTItZGQ2NTZjOWY2ZTY1; Path=/; HttpOnly; SameSite=Lax",
    "X-Frame-Options": "SAMEORIGIN"
}
cookies  : {
    "SESSION": "MjIyNzMxNzgtZjJlYS00MGM1LTgxYTItZGQ2NTZjOWY2ZTY1"
}
encoding : UTF-8
content_type : application/json;charset=UTF-8
body     : {
    "message": "success",
    "status": 1,
    "data": true
}

2023-06-14 10:42:04.445 | INFO     | httprunner.client:request:217 - status_code: 200, response_time(ms): 97.85 ms, response_length: 0 bytes
2023-06-14 10:42:04.445 | INFO     | httprunner.response:extract:179 - extract mapping: {'adminSession': 'response.headers."Set-Cookie".session'}
2023-06-14 10:42:04.445 | INFO     | httprunner.response:validate:249 - assert status_code equal 200(int)	==> pass
2023-06-14 10:42:04.445 | INFO     | httprunner.response:validate:249 - assert headers."Content-Type" equal application/json;charset=UTF-8(str)	==> pass
2023-06-14 10:42:04.446 | INFO     | httprunner.response:validate:249 - assert body.message equal success(str)	==> pass
2023-06-14 10:42:04.446 | INFO     | httprunner.response:validate:249 - assert body.status equal 1(int)	==> pass
2023-06-14 10:42:04.446 | INFO     | httprunner.response:validate:249 - assert body.data equal True(bool)	==> pass
2023-06-14 10:42:04.446 | INFO     | httprunner.runner:__run_step:304 - run step end: 登录-企业用户 <<<<<<

2023-06-14 10:42:04.446 | INFO     | httprunner.runner:__run_step_testcase:286 - export variables: {'adminSession': 'response.headers."Set-Cookie".session'}
2023-06-14 10:42:04.446 | INFO     | httprunner.runner:__run_step:304 - run step end: 登录-管理员 <<<<<<

2023-06-14 10:42:04.447 | INFO     | httprunner.runner:__run_step:292 - run step begin: 年费费用查询 >>>>>>
2023-06-14 10:42:04.448 | INFO     | httprunner.runner:__run_step:292 - run step begin: 财务规则查询-年费 >>>>>>
2023-06-14 10:42:04.504 | DEBUG    | httprunner.client:request:186 - client IP: 10.14.148.129, Port: 58846
2023-06-14 10:42:04.505 | DEBUG    | httprunner.client:request:194 - server IP: 139.198.116.76, Port: 8000
2023-06-14 10:42:04.506 | DEBUG    | httprunner.client:log_print:40 - 
================== request details ==================
method   : GET
url      : http://139.198.116.76:8000/api/finance/rule/findRule?cache=1663837640684&moneyType=2&userId=1332
headers  : {
    "User-Agent": "Mozilla/5.0 (Macintosh; Intel Mac OS X 10_15_7) AppleWebKit/537.36 (KHTML, like Gecko) Chrome/98.0.4758.102 Safari/537.36 Edg/98.0.1108.56",
    "Accept-Encoding": "gzip, deflate",
    "Accept": "application/json, text/plain, */*",
    "Connection": "keep-alive",
    "Accept-Language": "zh-CN,zh;q=0.9,en;q=0.8,en-GB;q=0.7,en-US;q=0.6",
    "HRUN-Request-ID": "HRUN-05391d25-2c95-4d9d-b363-8f0ae33a1c1a-524448",
    "Cookie": "SESSION=MjIyNzMxNzgtZjJlYS00MGM1LTgxYTItZGQ2NTZjOWY2ZTY1; SESSION=response.headers.\"Set-Cookie\".session"
}
cookies  : {
    "SESSION": "MjIyNzMxNzgtZjJlYS00MGM1LTgxYTItZGQ2NTZjOWY2ZTY1"
}
body     : None

2023-06-14 10:42:04.507 | DEBUG    | httprunner.client:log_print:40 - 
================== response details ==================
status_code : 200
headers  : {
    "Server": "nginx",
    "Date": "Wed, 14 Jun 2023 02:42:04 GMT",
    "Content-Type": "application/json;charset=UTF-8",
    "Transfer-Encoding": "chunked",
    "Connection": "keep-alive",
    "X-Frame-Options": "SAMEORIGIN"
}
cookies  : {}
encoding : UTF-8
content_type : application/json;charset=UTF-8
body     : {
    "message": "success",
    "status": 1,
    "data": [
        {
            "id": 78,
            "createDate": "2023-05-31 12:51:47",
            "updateDate": "2023-05-31 12:51:47",
            "name": "标准",
            "money": 10000.0,
            "moneyType": 2,
            "prefixCount": 1,
            "remart": "test",
            "entName": null,
            "entUserId": null,
            "ruleType": 2,
            "escrowId": null
        }
    ]
}

2023-06-14 10:42:04.507 | INFO     | httprunner.client:request:217 - status_code: 200, response_time(ms): 56.13 ms, response_length: 0 bytes
2023-06-14 10:42:04.507 | INFO     | httprunner.response:extract:179 - extract mapping: {'annualFeeRuleId': 78}
2023-06-14 10:42:04.508 | INFO     | httprunner.response:validate:249 - assert status_code equal 200(int)	==> pass
2023-06-14 10:42:04.508 | INFO     | httprunner.response:validate:249 - assert body.message equal success(str)	==> pass
2023-06-14 10:42:04.508 | INFO     | httprunner.response:validate:249 - assert body.status equal 1(int)	==> pass
2023-06-14 10:42:04.508 | INFO     | httprunner.runner:__run_step:304 - run step end: 财务规则查询-年费 <<<<<<

2023-06-14 10:42:04.509 | INFO     | httprunner.runner:__run_step_testcase:286 - export variables: {'annualFeeRuleId': 78}
2023-06-14 10:42:04.509 | INFO     | httprunner.runner:__run_step:304 - run step end: 年费费用查询 <<<<<<

2023-06-14 10:42:04.509 | INFO     | httprunner.runner:__run_step:292 - run step begin: 注册费费用查询 >>>>>>
2023-06-14 10:42:04.510 | INFO     | httprunner.runner:__run_step:292 - run step begin: 财务规则查询-注册费 >>>>>>
2023-06-14 10:42:04.572 | DEBUG    | httprunner.client:request:186 - client IP: 10.14.148.129, Port: 58846
2023-06-14 10:42:04.572 | DEBUG    | httprunner.client:request:194 - server IP: 139.198.116.76, Port: 8000
2023-06-14 10:42:04.572 | DEBUG    | httprunner.client:log_print:40 - 
================== request details ==================
method   : GET
url      : http://139.198.116.76:8000/api/finance/rule/findRule?moneyType=1&userId=1332
headers  : {
    "User-Agent": "Mozilla/5.0 (Macintosh; Intel Mac OS X 10_15_7) AppleWebKit/537.36 (KHTML, like Gecko) Chrome/98.0.4758.102 Safari/537.36 Edg/98.0.1108.56",
    "Accept-Encoding": "gzip, deflate",
    "Accept": "application/json, text/plain, */*",
    "Connection": "keep-alive",
    "Accept-Language": "zh-CN,zh;q=0.9,en;q=0.8,en-GB;q=0.7,en-US;q=0.6",
    "HRUN-Request-ID": "HRUN-05391d25-2c95-4d9d-b363-8f0ae33a1c1a-524511",
    "Cookie": "SESSION=MjIyNzMxNzgtZjJlYS00MGM1LTgxYTItZGQ2NTZjOWY2ZTY1; SESSION=response.headers.\"Set-Cookie\".session"
}
cookies  : {
    "SESSION": "MjIyNzMxNzgtZjJlYS00MGM1LTgxYTItZGQ2NTZjOWY2ZTY1"
}
body     : None

2023-06-14 10:42:04.573 | DEBUG    | httprunner.client:log_print:40 - 
================== response details ==================
status_code : 200
headers  : {
    "Server": "nginx",
    "Date": "Wed, 14 Jun 2023 02:42:04 GMT",
    "Content-Type": "application/json;charset=UTF-8",
    "Transfer-Encoding": "chunked",
    "Connection": "keep-alive",
    "X-Frame-Options": "SAMEORIGIN"
}
cookies  : {}
encoding : UTF-8
content_type : application/json;charset=UTF-8
body     : {
    "message": "success",
    "status": 1,
    "data": [
        {
            "id": 77,
            "createDate": "2023-05-31 12:51:33",
            "updateDate": "2023-05-31 12:51:33",
            "name": "标准",
            "money": 10000.0,
            "moneyType": 1,
            "prefixCount": 1,
            "remart": "test",
            "entName": null,
            "entUserId": null,
            "ruleType": 2,
            "escrowId": null
        }
    ]
}

2023-06-14 10:42:04.573 | INFO     | httprunner.client:request:217 - status_code: 200, response_time(ms): 61.09 ms, response_length: 0 bytes
2023-06-14 10:42:04.574 | INFO     | httprunner.response:extract:179 - extract mapping: {'regFeeRuleId': 77}
2023-06-14 10:42:04.574 | INFO     | httprunner.response:validate:249 - assert status_code equal 200(int)	==> pass
2023-06-14 10:42:04.574 | INFO     | httprunner.response:validate:249 - assert body.message equal success(str)	==> pass
2023-06-14 10:42:04.574 | INFO     | httprunner.response:validate:249 - assert body.status equal 1(int)	==> pass
2023-06-14 10:42:04.574 | INFO     | httprunner.runner:__run_step:304 - run step end: 财务规则查询-注册费 <<<<<<

2023-06-14 10:42:04.574 | INFO     | httprunner.runner:__run_step_testcase:286 - export variables: {'regFeeRuleId': 77}
2023-06-14 10:42:04.575 | INFO     | httprunner.runner:__run_step:304 - run step end: 注册费费用查询 <<<<<<

2023-06-14 10:42:04.575 | INFO     | httprunner.runner:__run_step:292 - run step begin: 审核结果保存 >>>>>>
2023-06-14 10:42:04.576 | INFO     | httprunner.runner:__run_step:292 - run step begin: 企业审核保存 >>>>>>
2023-06-14 10:42:05.831 | DEBUG    | httprunner.client:request:186 - client IP: 10.14.148.129, Port: 58846
2023-06-14 10:42:05.832 | DEBUG    | httprunner.client:request:194 - server IP: 139.198.116.76, Port: 8000
2023-06-14 10:42:05.833 | DEBUG    | httprunner.client:log_print:40 - 
================== request details ==================
method   : POST
url      : http://139.198.116.76:8000/api/v3/ent/audit/save?annualFeeRuleId=78&applyId=1121&auditMsg=%E5%AE%A1%E6%A0%B8%E9%80%9A%E8%BF%87&auditResult=pass&entPrefix=88.408.58381461106&regFeeRuleId=77
headers  : {
    "User-Agent": "Mozilla/5.0 (Macintosh; Intel Mac OS X 10_15_7) AppleWebKit/537.36 (KHTML, like Gecko) Chrome/98.0.4758.102 Safari/537.36 Edg/98.0.1108.56",
    "Accept-Encoding": "gzip, deflate",
    "Accept": "application/json, text/plain, */*",
    "Connection": "keep-alive",
    "Accept-Language": "zh-CN,zh;q=0.9,en;q=0.8,en-GB;q=0.7,en-US;q=0.6",
    "Content-Length": "0",
    "HRUN-Request-ID": "HRUN-05391d25-2c95-4d9d-b363-8f0ae33a1c1a-524576",
    "Cookie": "SESSION=MjIyNzMxNzgtZjJlYS00MGM1LTgxYTItZGQ2NTZjOWY2ZTY1; SESSION=response.headers.\"Set-Cookie\".session"
}
cookies  : {
    "SESSION": "MjIyNzMxNzgtZjJlYS00MGM1LTgxYTItZGQ2NTZjOWY2ZTY1"
}
body     : None

2023-06-14 10:42:05.833 | DEBUG    | httprunner.client:log_print:40 - 
================== response details ==================
status_code : 200
headers  : {
    "Server": "nginx",
    "Date": "Wed, 14 Jun 2023 02:42:05 GMT",
    "Content-Type": "application/json",
    "Transfer-Encoding": "chunked",
    "Connection": "keep-alive",
    "X-Frame-Options": "SAMEORIGIN"
}
cookies  : {}
encoding : utf-8
content_type : application/json
body     : {
    "message": "success",
    "status": 1,
    "data": true
}

2023-06-14 10:42:05.834 | INFO     | httprunner.client:request:217 - status_code: 200, response_time(ms): 1254.37 ms, response_length: 0 bytes
2023-06-14 10:42:05.834 | INFO     | httprunner.response:validate:249 - assert status_code equal 200(int)	==> pass
2023-06-14 10:42:05.835 | INFO     | httprunner.response:validate:249 - assert body.message equal success(str)	==> pass
2023-06-14 10:42:05.835 | INFO     | httprunner.response:validate:249 - assert body.status equal 1(int)	==> pass
2023-06-14 10:42:05.835 | INFO     | httprunner.response:validate:249 - assert body.data equal True(bool)	==> pass
2023-06-14 10:42:05.835 | INFO     | httprunner.runner:__run_step:304 - run step end: 企业审核保存 <<<<<<

2023-06-14 10:42:05.836 | INFO     | httprunner.runner:__run_step:304 - run step end: 审核结果保存 <<<<<<

2023-06-14 10:42:05.836 | INFO     | httprunner.runner:__run_step:292 - run step begin: 申请记录分页 >>>>>>
2023-06-14 10:42:05.837 | INFO     | httprunner.runner:__run_step:292 - run step begin: 申请记录分页列表 >>>>>>
2023-06-14 10:42:05.897 | DEBUG    | httprunner.client:request:186 - client IP: 10.14.148.129, Port: 58846
2023-06-14 10:42:05.898 | DEBUG    | httprunner.client:request:194 - server IP: 139.198.116.76, Port: 8000
2023-06-14 10:42:05.899 | DEBUG    | httprunner.client:log_print:40 - 
================== request details ==================
method   : GET
url      : http://139.198.116.76:8000/api/v3/entApply/record/pageQuery?currentPage=&order=&orderProp=&orgName=YTue4sO7PTfh6RfjWGZlD6DmnrQlyMcw&rangeTime=
headers  : {
    "User-Agent": "Mozilla/5.0 (Macintosh; Intel Mac OS X 10_15_7) AppleWebKit/537.36 (KHTML, like Gecko) Chrome/105.0.0.0 Safari/537.36",
    "Accept-Encoding": "gzip, deflate",
    "Accept": "application/json, text/plain, */*",
    "Connection": "keep-alive",
    "Accept-Language": "zh-CN,zh;q=0.9",
    "HRUN-Request-ID": "HRUN-05391d25-2c95-4d9d-b363-8f0ae33a1c1a-525838",
    "Cookie": "SESSION=MjIyNzMxNzgtZjJlYS00MGM1LTgxYTItZGQ2NTZjOWY2ZTY1; SESSION=response.headers.\"Set-Cookie\".session"
}
cookies  : {
    "SESSION": "MjIyNzMxNzgtZjJlYS00MGM1LTgxYTItZGQ2NTZjOWY2ZTY1"
}
body     : None

2023-06-14 10:42:05.900 | DEBUG    | httprunner.client:log_print:40 - 
================== response details ==================
status_code : 200
headers  : {
    "Server": "nginx",
    "Date": "Wed, 14 Jun 2023 02:42:05 GMT",
    "Content-Type": "application/json",
    "Transfer-Encoding": "chunked",
    "Connection": "keep-alive",
    "X-Frame-Options": "SAMEORIGIN"
}
cookies  : {}
encoding : utf-8
content_type : application/json
body     : {
    "message": "success",
    "status": 1,
    "data": {
        "first": true,
        "last": true,
        "totalPages": 1,
        "totalElements": 1,
        "number": 1,
        "size": 10,
        "sort": {
            "sorted": false,
            "unsorted": true,
            "empty": true
        },
        "numberOfElements": 1,
        "content": [
            {
                "id": 1121,
                "escrowOrgName": null,
                "orgName": "YTue4sO7PTfh6RfjWGZlD6DmnrQlyMcw",
                "entPrefix": "88.408.58381461106",
                "orgCrtCode": "YR6QhzWQiBvII1kb9lXLC9g09mB8GIj2",
                "orgNature": 1,
                "applyType": 1,
                "thirdServiceStatus": 3,
                "firstAuditStatus": 2,
                "createDate": "2023-06-14 10:42:04",
                "updateDate": "2023-06-14 10:42:06"
            }
        ]
    }
}

2023-06-14 10:42:05.901 | INFO     | httprunner.client:request:217 - status_code: 200, response_time(ms): 59.61 ms, response_length: 0 bytes
2023-06-14 10:42:05.902 | INFO     | httprunner.response:extract:179 - extract mapping: {'applyId': 1121}
2023-06-14 10:42:05.902 | INFO     | httprunner.response:validate:249 - assert status_code equal 200(int)	==> pass
2023-06-14 10:42:05.902 | INFO     | httprunner.response:validate:249 - assert headers."Content-Type" equal application/json(str)	==> pass
2023-06-14 10:42:05.903 | INFO     | httprunner.response:validate:249 - assert body.message equal success(str)	==> pass
2023-06-14 10:42:05.903 | INFO     | httprunner.response:validate:249 - assert body.status equal 1(int)	==> pass
2023-06-14 10:42:05.903 | INFO     | httprunner.runner:__run_step:304 - run step end: 申请记录分页列表 <<<<<<

2023-06-14 10:42:05.903 | INFO     | httprunner.runner:__run_step_testcase:286 - export variables: {'applyId': 1121}
2023-06-14 10:42:05.903 | INFO     | httprunner.runner:__run_step:304 - run step end: 申请记录分页 <<<<<<

2023-06-14 10:42:05.904 | INFO     | httprunner.runner:__run_step:292 - run step begin: 申请记录详情 >>>>>>
2023-06-14 10:42:05.905 | INFO     | httprunner.runner:__run_step:292 - run step begin: 申请记录详情 >>>>>>
2023-06-14 10:42:06.000 | DEBUG    | httprunner.client:request:186 - client IP: 10.14.148.129, Port: 58846
2023-06-14 10:42:06.003 | DEBUG    | httprunner.client:request:194 - server IP: 139.198.116.76, Port: 8000
2023-06-14 10:42:06.004 | DEBUG    | httprunner.client:log_print:40 - 
================== request details ==================
method   : GET
url      : http://139.198.116.76:8000/api/v3/entApply/record/detail?applyId=1121&isSensetive=1
headers  : {
    "User-Agent": "Mozilla/5.0 (Macintosh; Intel Mac OS X 10_15_7) AppleWebKit/537.36 (KHTML, like Gecko) Chrome/105.0.0.0 Safari/537.36",
    "Accept-Encoding": "gzip, deflate",
    "Accept": "application/json, text/plain, */*",
    "Connection": "keep-alive",
    "Accept-Language": "zh-CN,zh;q=0.9",
    "HRUN-Request-ID": "HRUN-05391d25-2c95-4d9d-b363-8f0ae33a1c1a-525905",
    "Cookie": "SESSION=MjIyNzMxNzgtZjJlYS00MGM1LTgxYTItZGQ2NTZjOWY2ZTY1; SESSION=response.headers.\"Set-Cookie\".session"
}
cookies  : {
    "SESSION": "MjIyNzMxNzgtZjJlYS00MGM1LTgxYTItZGQ2NTZjOWY2ZTY1"
}
body     : None

2023-06-14 10:42:06.005 | DEBUG    | httprunner.client:log_print:40 - 
================== response details ==================
status_code : 200
headers  : {
    "Server": "nginx",
    "Date": "Wed, 14 Jun 2023 02:42:06 GMT",
    "Content-Type": "application/json",
    "Transfer-Encoding": "chunked",
    "Connection": "keep-alive",
    "X-Frame-Options": "SAMEORIGIN"
}
cookies  : {}
encoding : utf-8
content_type : application/json
body     : {
    "message": "success",
    "status": 1,
    "data": {
        "entApplyPO": {
            "id": 1121,
            "createDate": "2023-06-14 10:42:04",
            "updateDate": "2023-06-14 10:42:06",
            "applyType": 1,
            "entGeneralId": "2811183900000002",
            "applyStep": 4,
            "isSubmit": 1,
            "entPrefix": "88.408.58381461106",
            "firstAuditStatus": 2,
            "firstAuditMsg": "审核通过",
            "thirdServiceStatus": 3,
            "thirdServiceMsg": null,
            "userName": "5Ffk1xupwirqGif8St1hoXbQJU7pB6lS",
            "finalAuditStatus": null,
            "finalAuditMsg": null,
            "svtrid": "230614103900000020",
            "cltrid": "168671052506081257763",
            "userId": 1332,
            "orgName": "YTue4sO7PTfh6RfjWGZlD6DmnrQlyMcw",
            "orgNature": "1",
            "orgAddrProvince": "110000",
            "orgAddrCity": "110100",
            "orgAddrCounty": "110101",
            "orgAddr": "致真",
            "orgCrtType": "1",
            "orgCrtCode": "YR6QhzWQiBvII1kb9lXLC9g09mB8GIj2",
            "legalName": "*三",
            "legalCrtType": "1",
            "legalCrtNo": "**************0039",
            "orgDesc": null,
            "industryCategory": "A",
            "industrySpecific": "01",
            "contactName": "******************************lS",
            "contactPhone": "189****3704",
            "contactCrtType": 1,
            "contactCrtNo": "**************0039",
            "contactEmail": "lVx*************@qaqseq.com",
            "website": null,
            "regAuthority": null,
            "regCapital": null,
            "establishDate": null,
            "periodValidity": null,
            "legalEmail": null,
            "legalPhone": null,
            "legalFax": null,
            "servSysBuildType": 1,
            "servSysBuildName": null,
            "servSysOperType": 1,
            "servSysOperName": null,
            "dataHostingOrg": null,
            "servHostingOrg": null,
            "regRealNaImpType": null,
            "regRealNaImpName": null,
            "idRegNaImp": null,
            "extWebName": null,
            "extDomain": null,
            "extIpAddr": null,
            "orgCrtImgRid": 2059,
            "contactCrtFrontImgRid": 2060,
            "contactCrtBackImgRid": 2061,
            "legalCrtFrontImgRid": 2060,
            "legalCrtBackImgRid": 2061,
            "servSysBuildContractFileRid": null,
            "servSysOperContractFileRid": null,
            "dataHostingContractFileRid": null,
            "servHostingContractFileRid": null,
            "entInfoLicenses": [],
            "entInfoSyss": [
                {
                    "id": 2237,
                    "entApplyId": 1121,
                    "sysType": 1,
                    "deployMode": 1,
                    "deployAddr": "致真",
                    "deployAddrProvince": "110000",
                    "deployAddrCity": "110100",
                    "deployAddrCounty": "110101",
                    "name": null,
                    "ipPort": null
                },
                {
                    "id": 2238,
                    "entApplyId": 1121,
                    "sysType": 2,
                    "deployMode": 1,
                    "deployAddr": "致真",
                    "deployAddrProvince": "110000",
                    "deployAddrCity": "110100",
                    "deployAddrCounty": "110101",
                    "name": null,
                    "ipPort": null
                },
                {
                    "id": 2239,
                    "entApplyId": 1121,
                    "sysType": 3,
                    "deployMode": 1,
                    "deployAddr": "天津",
                    "deployAddrProvince": "120000",
                    "deployAddrCity": "120100",
                    "deployAddrCounty": "120101",
                    "name": null,
                    "ipPort": null
                },
                {
                    "id": 2240,
                    "entApplyId": 1121,
                    "sysType": 4,
                    "deployMode": 1,
                    "deployAddr": "天津",
                    "deployAddrProvince": "120000",
                    "deployAddrCity": "120100",
                    "deployAddrCounty": "120101",
                    "name": null,
                    "ipPort": null
                }
            ],
            "entInfoSerIndustrys": [],
            "escrowId": null,
            "industryQualificationRid": null,
            "certificationRid": null,
            "openingBank": null,
            "bankCard": null,
            "verificationName": null,
            "orgNatureDesc": "国有控股",
            "orgCrtImgContent": null,
            "orgCategorySpecificDesc": "农、林、牧、渔业-农业",
            "orgAddrProvinceDesc": "北京市",
            "orgAddrCountyDesc": "东城区",
            "orgAddrCityDesc": "市辖区",
            "legalCrtTypeDesc": "中国居民身份证",
            "legalCrtFrontImgContent": null,
            "legalCrtBackImgContent": null,
            "orgCrtImgPath": "ccf7cb5f-526a-43ad-b529-85db25c79c73.jpeg",
            "contactCrtFrontImgPath": "847ea141-f414-49de-87d8-5274c9fe72f1.jpeg",
            "contactCrtBackImgPath": "423faede-5c9b-430a-b7b2-eb982c9bd472.jpeg",
            "legalCrtFrontImgPath": "847ea141-f414-49de-87d8-5274c9fe72f1.jpeg",
            "legalCrtBackImgPath": "423faede-5c9b-430a-b7b2-eb982c9bd472.jpeg",
            "servSysBuildContractFilePath": null,
            "servSysOperContractFilePath": null,
            "dataHostingContractFilePath": null,
            "servHostingContractFilePath": null,
            "industryQualificationFilePath": null,
            "certificationFilePath": null,
            "escrowOrgName": null
        },
        "verifyDetailVO": {
            "verifyStatus": 3,
            "verifyMsg": null,
            "createDate": "2023-06-14 10:42:06",
            "verificationName": null
        },
        "entAuditPOs": [
            {
                "id": 30777,
                "createDate": "2023-06-14 10:42:06",
                "updateDate": "2023-06-14 10:42:06",
                "applyId": 1121,
                "status": 2,
                "auditMsg": "审核通过",
                "auditUserId": 630,
                "auditUser": "adminy",
                "entId": null,
                "entUserId": 1332,
                "escrowId": null
            }
        ]
    }
}

2023-06-14 10:42:06.006 | INFO     | httprunner.client:request:217 - status_code: 200, response_time(ms): 94.82 ms, response_length: 0 bytes
2023-06-14 10:42:06.006 | INFO     | httprunner.response:validate:249 - assert status_code equal 200(int)	==> pass
2023-06-14 10:42:06.006 | INFO     | httprunner.response:validate:249 - assert headers."Content-Type" equal application/json(str)	==> pass
2023-06-14 10:42:06.006 | INFO     | httprunner.response:validate:249 - assert body.message equal success(str)	==> pass
2023-06-14 10:42:06.006 | INFO     | httprunner.response:validate:249 - assert body.status equal 1(int)	==> pass
2023-06-14 10:42:06.007 | INFO     | httprunner.response:validate:249 - assert body.data.entAuditPOs[0].status contained_by [1, 2, 3](list)	==> pass
2023-06-14 10:42:06.007 | INFO     | httprunner.response:validate:249 - assert body.data.verifyDetailVO.verifyStatus contained_by [1, 2, 3, 4, 5](list)	==> pass
2023-06-14 10:42:06.007 | INFO     | httprunner.runner:__run_step:304 - run step end: 申请记录详情 <<<<<<

2023-06-14 10:42:06.007 | INFO     | httprunner.runner:__run_step:304 - run step end: 申请记录详情 <<<<<<

