2023-06-26 10:34:22.087 | INFO     | httprunner.runner:test_start:450 - Start to run testcase: 首页-数据汇总-企业数量, TestCase ID: 0e05a1e6-5126-41bc-9586-5619c18ed278
2023-06-26 10:34:22.088 | INFO     | httprunner.runner:__run_step:292 - run step begin: 登录-管理员 >>>>>>
2023-06-26 10:34:22.088 | INFO     | httprunner.runner:__run_step:292 - run step begin: 登录-企业用户 >>>>>>
2023-06-26 10:34:22.194 | DEBUG    | httprunner.client:request:186 - client IP: 127.0.0.1, Port: 51196
2023-06-26 10:34:22.194 | DEBUG    | httprunner.client:request:194 - server IP: 127.0.0.1, Port: 8888
2023-06-26 10:34:22.194 | DEBUG    | httprunner.client:log_print:40 - 
================== request details ==================
method   : POST
url      : http://139.198.116.76:8000/api/home/test/login
headers  : {
    "User-Agent": "python-requests/2.28.1",
    "Accept-Encoding": "gzip, deflate, br",
    "Accept": "*/*",
    "Connection": "keep-alive",
    "Content-Length": "144",
    "Content-Type": "application/json",
    "HRUN-Request-ID": "HRUN-0e05a1e6-5126-41bc-9586-5619c18ed278-862088"
}
cookies  : {}
body     : {
    "captcha": "0000",
    "captchaSign": "5d39bab12bba81ab59b3931d2ca06ee9603c3803355932be66974f122cab3502",
    "emailCaptcha": "",
    "username": "adminy"
}

2023-06-26 10:34:22.195 | DEBUG    | httprunner.client:log_print:40 - 
================== response details ==================
status_code : 200
headers  : {
    "Server": "nginx",
    "Date": "Mon, 26 Jun 2023 02:34:22 GMT",
    "Content-Type": "application/json;charset=UTF-8",
    "Transfer-Encoding": "chunked",
    "Set-Cookie": "SESSION=NzE3YWI5MWMtNTYzNC00Y2JhLTlmMzQtYmEyYTBhZTU1Nzlj; Path=/; HttpOnly; SameSite=Lax",
    "X-Frame-Options": "SAMEORIGIN",
    "Connection": "keep-alive"
}
cookies  : {
    "SESSION": "NzE3YWI5MWMtNTYzNC00Y2JhLTlmMzQtYmEyYTBhZTU1Nzlj"
}
encoding : UTF-8
content_type : application/json;charset=UTF-8
body     : {
    "message": "success",
    "status": 1,
    "data": true
}

2023-06-26 10:34:22.195 | INFO     | httprunner.client:request:217 - status_code: 200, response_time(ms): 105.43 ms, response_length: 0 bytes
2023-06-26 10:34:22.195 | INFO     | httprunner.response:extract:179 - extract mapping: {'adminSession': 'response.headers."Set-Cookie".session'}
2023-06-26 10:34:22.195 | INFO     | httprunner.response:validate:249 - assert status_code equal 200(int)	==> pass
2023-06-26 10:34:22.195 | INFO     | httprunner.response:validate:249 - assert headers."Content-Type" equal application/json;charset=UTF-8(str)	==> pass
2023-06-26 10:34:22.195 | INFO     | httprunner.response:validate:249 - assert body.message equal success(str)	==> pass
2023-06-26 10:34:22.195 | INFO     | httprunner.response:validate:249 - assert body.status equal 1(int)	==> pass
2023-06-26 10:34:22.195 | INFO     | httprunner.response:validate:249 - assert body.data equal True(bool)	==> pass
2023-06-26 10:34:22.196 | INFO     | httprunner.runner:__run_step:304 - run step end: 登录-企业用户 <<<<<<

2023-06-26 10:34:22.196 | INFO     | httprunner.runner:__run_step_testcase:286 - export variables: {'adminSession': 'response.headers."Set-Cookie".session'}
2023-06-26 10:34:22.196 | INFO     | httprunner.runner:__run_step:304 - run step end: 登录-管理员 <<<<<<

2023-06-26 10:34:22.196 | INFO     | httprunner.runner:__run_step:292 - run step begin: 企业申请中统计 >>>>>>
2023-06-26 10:34:22.196 | INFO     | httprunner.runner:__run_step:292 - run step begin: 首页-数据汇总-企业申请中 >>>>>>
2023-06-26 10:34:22.262 | DEBUG    | httprunner.client:request:186 - client IP: 127.0.0.1, Port: 51196
2023-06-26 10:34:22.262 | DEBUG    | httprunner.client:request:194 - server IP: 127.0.0.1, Port: 8888
2023-06-26 10:34:22.263 | DEBUG    | httprunner.client:log_print:40 - 
================== request details ==================
method   : GET
url      : http://139.198.116.76:8000/api/index/statistics?cache=1663755717060
headers  : {
    "User-Agent": "Mozilla/5.0 (Macintosh; Intel Mac OS X 10_15_7) AppleWebKit/537.36 (KHTML, like Gecko) Chrome/105.0.0.0 Safari/537.36",
    "Accept-Encoding": "gzip, deflate",
    "Accept": "application/json, text/plain, */*",
    "Connection": "keep-alive",
    "Accept-Language": "zh-CN,zh;q=0.9",
    "HRUN-Request-ID": "HRUN-0e05a1e6-5126-41bc-9586-5619c18ed278-862196",
    "Cookie": "SESSION=NzE3YWI5MWMtNTYzNC00Y2JhLTlmMzQtYmEyYTBhZTU1Nzlj; SESSION=response.headers.\"Set-Cookie\".session"
}
cookies  : {
    "SESSION": "NzE3YWI5MWMtNTYzNC00Y2JhLTlmMzQtYmEyYTBhZTU1Nzlj"
}
body     : None

2023-06-26 10:34:22.263 | DEBUG    | httprunner.client:log_print:40 - 
================== response details ==================
status_code : 200
headers  : {
    "Server": "nginx",
    "Date": "Mon, 26 Jun 2023 02:34:22 GMT",
    "Content-Type": "application/json;charset=UTF-8",
    "Transfer-Encoding": "chunked",
    "X-Frame-Options": "SAMEORIGIN",
    "Connection": "keep-alive"
}
cookies  : {}
encoding : UTF-8
content_type : application/json;charset=UTF-8
body     : {
    "message": "success",
    "status": 1,
    "data": {
        "prefixNum": 534,
        "entNum": 463,
        "applyNum": 369,
        "identityNum": 1922,
        "resolvnum": 280,
        "delnum": 81
    }
}

2023-06-26 10:34:22.264 | INFO     | httprunner.client:request:217 - status_code: 200, response_time(ms): 65.64 ms, response_length: 0 bytes
2023-06-26 10:34:22.264 | INFO     | httprunner.response:extract:179 - extract mapping: {'applyNum': 369, 'delnum': 81, 'entNum': 463, 'identityNum': 1922, 'prefixNum': 534, 'resolvnum': 280}
2023-06-26 10:34:22.264 | INFO     | httprunner.response:validate:249 - assert status_code equal 200(int)	==> pass
2023-06-26 10:34:22.264 | INFO     | httprunner.response:validate:249 - assert headers."Content-Type" equal application/json;charset=UTF-8(str)	==> pass
2023-06-26 10:34:22.265 | INFO     | httprunner.response:validate:249 - assert body.message equal success(str)	==> pass
2023-06-26 10:34:22.265 | INFO     | httprunner.response:validate:249 - assert body.status equal 1(int)	==> pass
2023-06-26 10:34:22.265 | INFO     | httprunner.runner:__run_step:304 - run step end: 首页-数据汇总-企业申请中 <<<<<<

2023-06-26 10:34:22.265 | INFO     | httprunner.runner:__run_step_testcase:286 - export variables: {'entNum': 463, 'resolvnum': 280, 'identityNum': 1922, 'delnum': 81, 'prefixNum': 534, 'applyNum': 369}
2023-06-26 10:34:22.265 | INFO     | httprunner.runner:__run_step:304 - run step end: 企业申请中统计 <<<<<<

2023-06-26 10:34:22.265 | INFO     | httprunner.runner:__run_step:292 - run step begin: 前缀注册并审核通过 >>>>>>
2023-06-26 10:34:22.266 | INFO     | httprunner.runner:__run_step:292 - run step begin: 用户注册 >>>>>>
2023-06-26 10:34:22.267 | INFO     | httprunner.runner:__run_step:292 - run step begin: 用户注册 >>>>>>
2023-06-26 10:34:22.324 | DEBUG    | httprunner.client:request:186 - client IP: 127.0.0.1, Port: 51196
2023-06-26 10:34:22.324 | DEBUG    | httprunner.client:request:194 - server IP: 127.0.0.1, Port: 8888
2023-06-26 10:34:22.327 | DEBUG    | httprunner.client:log_print:40 - 
================== request details ==================
method   : POST
url      : http://139.198.116.76:8000/api/home/test/registry
headers  : {
    "User-Agent": "Mozilla/5.0 (Windows NT 10.0; WOW64) AppleWebKit/537.36 (KHTML, like Gecko) Chrome/100.0.4896.60 Safari/537.36",
    "Accept-Encoding": "gzip, deflate",
    "Accept": "application/json, text/plain, */*",
    "Connection": "keep-alive",
    "Accept-Language": "zh-CN,zh;q=0.9",
    "HRUN-Request-ID": "HRUN-0e05a1e6-5126-41bc-9586-5619c18ed278-862267",
    "Cookie": "SESSION=NzE3YWI5MWMtNTYzNC00Y2JhLTlmMzQtYmEyYTBhZTU1Nzlj",
    "Content-Length": "187",
    "Content-Type": "application/json"
}
cookies  : {
    "SESSION": "NzE3YWI5MWMtNTYzNC00Y2JhLTlmMzQtYmEyYTBhZTU1Nzlj"
}
body     : {
    "email": "pu2dJ1RPr3enATtT@qaqseq.com",
    "mobile": "13250608878",
    "openId": "",
    "openUserName": "",
    "password": "Admin@123",
    "remarks": "",
    "username": "zAUeacYASAGLeLhX2OcyNlsl85jXcY2H"
}

2023-06-26 10:34:22.327 | DEBUG    | httprunner.client:log_print:40 - 
================== response details ==================
status_code : 200
headers  : {
    "Server": "nginx",
    "Date": "Mon, 26 Jun 2023 02:34:22 GMT",
    "Content-Type": "application/json",
    "Transfer-Encoding": "chunked",
    "X-Frame-Options": "SAMEORIGIN",
    "Connection": "keep-alive"
}
cookies  : {}
encoding : utf-8
content_type : application/json
body     : {
    "message": "success",
    "status": 1,
    "data": true
}

2023-06-26 10:34:22.328 | INFO     | httprunner.client:request:217 - status_code: 200, response_time(ms): 57.31 ms, response_length: 0 bytes
2023-06-26 10:34:22.328 | INFO     | httprunner.response:validate:249 - assert status_code equal 200(int)	==> pass
2023-06-26 10:34:22.328 | INFO     | httprunner.response:validate:249 - assert body.message equal success(str)	==> pass
2023-06-26 10:34:22.328 | INFO     | httprunner.response:validate:249 - assert body.status equal 1(int)	==> pass
2023-06-26 10:34:22.328 | INFO     | httprunner.response:validate:249 - assert body.message contains success(str)	==> pass
2023-06-26 10:34:22.328 | INFO     | httprunner.response:validate:249 - assert body.status contained_by [1, 200](list)	==> pass
2023-06-26 10:34:22.329 | INFO     | httprunner.runner:__run_step:304 - run step end: 用户注册 <<<<<<

2023-06-26 10:34:22.329 | INFO     | httprunner.runner:__run_step:304 - run step end: 用户注册 <<<<<<

2023-06-26 10:34:22.329 | INFO     | httprunner.runner:__run_step:292 - run step begin: 登录-企业 >>>>>>
2023-06-26 10:34:22.330 | INFO     | httprunner.runner:__run_step:292 - run step begin: 登录-企业用户 >>>>>>
2023-06-26 10:34:22.421 | DEBUG    | httprunner.client:request:186 - client IP: 127.0.0.1, Port: 51196
2023-06-26 10:34:22.422 | DEBUG    | httprunner.client:request:194 - server IP: 127.0.0.1, Port: 8888
2023-06-26 10:34:22.423 | DEBUG    | httprunner.client:log_print:40 - 
================== request details ==================
method   : POST
url      : http://139.198.116.76:8000/api/home/test/login
headers  : {
    "User-Agent": "python-requests/2.28.1",
    "Accept-Encoding": "gzip, deflate, br",
    "Accept": "*/*",
    "Connection": "keep-alive",
    "Content-Length": "170",
    "Content-Type": "application/json",
    "HRUN-Request-ID": "HRUN-0e05a1e6-5126-41bc-9586-5619c18ed278-862330",
    "Cookie": "SESSION=NzE3YWI5MWMtNTYzNC00Y2JhLTlmMzQtYmEyYTBhZTU1Nzlj"
}
cookies  : {
    "SESSION": "NzE3YWI5MWMtNTYzNC00Y2JhLTlmMzQtYmEyYTBhZTU1Nzlj"
}
body     : {
    "captcha": "0000",
    "captchaSign": "2c81de88e9f5edd63a8479c4f7ae065be17c5c7d88125c6f7ca2bffc01110c93",
    "emailCaptcha": "",
    "username": "zAUeacYASAGLeLhX2OcyNlsl85jXcY2H"
}

2023-06-26 10:34:22.424 | DEBUG    | httprunner.client:log_print:40 - 
================== response details ==================
status_code : 200
headers  : {
    "Server": "nginx",
    "Date": "Mon, 26 Jun 2023 02:34:22 GMT",
    "Content-Type": "application/json;charset=UTF-8",
    "Transfer-Encoding": "chunked",
    "Set-Cookie": "SESSION=MmUyMzk4ZWQtMWNkZC00YzQyLTlkMzYtY2VmZDY0NDAxOWE1; Path=/; HttpOnly; SameSite=Lax",
    "X-Frame-Options": "SAMEORIGIN",
    "Connection": "keep-alive"
}
cookies  : {
    "SESSION": "MmUyMzk4ZWQtMWNkZC00YzQyLTlkMzYtY2VmZDY0NDAxOWE1"
}
encoding : UTF-8
content_type : application/json;charset=UTF-8
body     : {
    "message": "success",
    "status": 1,
    "data": true
}

2023-06-26 10:34:22.424 | INFO     | httprunner.client:request:217 - status_code: 200, response_time(ms): 90.91 ms, response_length: 0 bytes
2023-06-26 10:34:22.424 | INFO     | httprunner.response:extract:179 - extract mapping: {'entSession': 'response.headers."Set-Cookie".session'}
2023-06-26 10:34:22.424 | INFO     | httprunner.response:validate:249 - assert status_code equal 200(int)	==> pass
2023-06-26 10:34:22.425 | INFO     | httprunner.response:validate:249 - assert headers."Content-Type" equal application/json;charset=UTF-8(str)	==> pass
2023-06-26 10:34:22.425 | INFO     | httprunner.response:validate:249 - assert body.message equal success(str)	==> pass
2023-06-26 10:34:22.425 | INFO     | httprunner.response:validate:249 - assert body.status equal 1(int)	==> pass
2023-06-26 10:34:22.425 | INFO     | httprunner.response:validate:249 - assert body.data equal True(bool)	==> pass
2023-06-26 10:34:22.425 | INFO     | httprunner.runner:__run_step:304 - run step end: 登录-企业用户 <<<<<<

2023-06-26 10:34:22.425 | INFO     | httprunner.runner:__run_step_testcase:286 - export variables: {'entSession': 'response.headers."Set-Cookie".session'}
2023-06-26 10:34:22.426 | INFO     | httprunner.runner:__run_step:304 - run step end: 登录-企业 <<<<<<

2023-06-26 10:34:22.426 | INFO     | httprunner.runner:__run_step:292 - run step begin: 前缀注册企业资质图片上传 >>>>>>
2023-06-26 10:34:22.426 | INFO     | httprunner.runner:__run_step:292 - run step begin: 前缀注册企业资质图片上传 >>>>>>
2023-06-26 10:34:22.527 | DEBUG    | httprunner.client:request:186 - client IP: 127.0.0.1, Port: 51196
2023-06-26 10:34:22.527 | DEBUG    | httprunner.client:request:194 - server IP: 127.0.0.1, Port: 8888
2023-06-26 10:34:22.528 | DEBUG    | httprunner.client:log_print:40 - 
================== request details ==================
method   : POST
url      : http://139.198.116.76:8000/api/file/img/upload
headers  : {
    "User-Agent": "Mozilla/5.0 (Macintosh; Intel Mac OS X 10_15_7) AppleWebKit/537.36 (KHTML, like Gecko) Chrome/105.0.0.0 Safari/537.36",
    "Accept-Encoding": "gzip, deflate",
    "Accept": "application/json, text/plain, */*",
    "Connection": "keep-alive",
    "Accept-Language": "zh-CN,zh;q=0.9",
    "Content-Type": "multipart/form-data; boundary=6c865453466e4e338857966bc8ee4b1c",
    "HRUN-Request-ID": "HRUN-0e05a1e6-5126-41bc-9586-5619c18ed278-862427",
    "Cookie": "SESSION=MmUyMzk4ZWQtMWNkZC00YzQyLTlkMzYtY2VmZDY0NDAxOWE1; SESSION=response.headers.\"Set-Cookie\".session",
    "Content-Length": "20435"
}
cookies  : {
    "SESSION": "MmUyMzk4ZWQtMWNkZC00YzQyLTlkMzYtY2VmZDY0NDAxOWE1"
}
body     : upload file stream (OMITTED)

2023-06-26 10:34:22.529 | DEBUG    | httprunner.client:log_print:40 - 
================== response details ==================
status_code : 200
headers  : {
    "Server": "nginx",
    "Date": "Mon, 26 Jun 2023 02:34:22 GMT",
    "Content-Type": "application/json;charset=UTF-8",
    "Transfer-Encoding": "chunked",
    "X-Frame-Options": "SAMEORIGIN",
    "Connection": "keep-alive"
}
cookies  : {}
encoding : UTF-8
content_type : application/json;charset=UTF-8
body     : {
    "message": "success",
    "status": 1,
    "data": {
        "id": 2962,
        "path": "a91e5fb2-412d-4200-b84e-d4489002b9de.jpeg"
    }
}

2023-06-26 10:34:22.529 | INFO     | httprunner.client:request:217 - status_code: 200, response_time(ms): 99.29 ms, response_length: 0 bytes
2023-06-26 10:34:22.530 | INFO     | httprunner.response:extract:179 - extract mapping: {'imgId': 2962}
2023-06-26 10:34:22.530 | INFO     | httprunner.response:validate:249 - assert status_code equal 200(int)	==> pass
2023-06-26 10:34:22.530 | INFO     | httprunner.runner:__run_step:304 - run step end: 前缀注册企业资质图片上传 <<<<<<

2023-06-26 10:34:22.531 | INFO     | httprunner.runner:__run_step_testcase:286 - export variables: {'imgId': 2962}
2023-06-26 10:34:22.531 | INFO     | httprunner.runner:__run_step:304 - run step end: 前缀注册企业资质图片上传 <<<<<<

2023-06-26 10:34:22.531 | INFO     | httprunner.runner:__run_step:292 - run step begin: 前缀注册企业联系人身份证图片正面上传 >>>>>>
2023-06-26 10:34:22.531 | INFO     | httprunner.runner:__run_step:292 - run step begin: 前缀注册企业联系人身份证图片背面上传 >>>>>>
2023-06-26 10:34:22.711 | DEBUG    | httprunner.client:request:186 - client IP: 127.0.0.1, Port: 51196
2023-06-26 10:34:22.712 | DEBUG    | httprunner.client:request:194 - server IP: 127.0.0.1, Port: 8888
2023-06-26 10:34:22.712 | DEBUG    | httprunner.client:log_print:40 - 
================== request details ==================
method   : POST
url      : http://139.198.116.76:8000/api/file/img/upload
headers  : {
    "User-Agent": "Mozilla/5.0 (Macintosh; Intel Mac OS X 10_15_7) AppleWebKit/537.36 (KHTML, like Gecko) Chrome/105.0.0.0 Safari/537.36",
    "Accept-Encoding": "gzip, deflate",
    "Accept": "application/json, text/plain, */*",
    "Connection": "keep-alive",
    "Accept-Language": "zh-CN,zh;q=0.9",
    "Content-Type": "multipart/form-data; boundary=73d59fc3c769425a8fe9f4f41b9bc507",
    "HRUN-Request-ID": "HRUN-0e05a1e6-5126-41bc-9586-5619c18ed278-862531",
    "Cookie": "SESSION=MmUyMzk4ZWQtMWNkZC00YzQyLTlkMzYtY2VmZDY0NDAxOWE1; SESSION=response.headers.\"Set-Cookie\".session",
    "Content-Length": "20435"
}
cookies  : {
    "SESSION": "MmUyMzk4ZWQtMWNkZC00YzQyLTlkMzYtY2VmZDY0NDAxOWE1"
}
body     : upload file stream (OMITTED)

2023-06-26 10:34:22.713 | DEBUG    | httprunner.client:log_print:40 - 
================== response details ==================
status_code : 200
headers  : {
    "Server": "nginx",
    "Date": "Mon, 26 Jun 2023 02:34:22 GMT",
    "Content-Type": "application/json;charset=UTF-8",
    "Transfer-Encoding": "chunked",
    "X-Frame-Options": "SAMEORIGIN",
    "Connection": "keep-alive"
}
cookies  : {}
encoding : UTF-8
content_type : application/json;charset=UTF-8
body     : {
    "message": "success",
    "status": 1,
    "data": {
        "id": 2963,
        "path": "34b08369-981f-4d13-8901-fcc50f31e141.jpeg"
    }
}

2023-06-26 10:34:22.714 | INFO     | httprunner.client:request:217 - status_code: 200, response_time(ms): 180.04 ms, response_length: 0 bytes
2023-06-26 10:34:22.714 | INFO     | httprunner.response:extract:179 - extract mapping: {'imgId_f': 2963}
2023-06-26 10:34:22.715 | INFO     | httprunner.response:validate:249 - assert status_code equal 200(int)	==> pass
2023-06-26 10:34:22.715 | INFO     | httprunner.runner:__run_step:304 - run step end: 前缀注册企业联系人身份证图片背面上传 <<<<<<

2023-06-26 10:34:22.715 | INFO     | httprunner.runner:__run_step_testcase:286 - export variables: {'imgId_f': 2963}
2023-06-26 10:34:22.715 | INFO     | httprunner.runner:__run_step:304 - run step end: 前缀注册企业联系人身份证图片正面上传 <<<<<<

2023-06-26 10:34:22.716 | INFO     | httprunner.runner:__run_step:292 - run step begin: 前缀注册企业联系人身份证图片背面上传 >>>>>>
2023-06-26 10:34:22.717 | INFO     | httprunner.runner:__run_step:292 - run step begin: 前缀注册企业联系人身份证图片背面上传 >>>>>>
2023-06-26 10:34:22.815 | DEBUG    | httprunner.client:request:186 - client IP: 127.0.0.1, Port: 51196
2023-06-26 10:34:22.815 | DEBUG    | httprunner.client:request:194 - server IP: 127.0.0.1, Port: 8888
2023-06-26 10:34:22.816 | DEBUG    | httprunner.client:log_print:40 - 
================== request details ==================
method   : POST
url      : http://139.198.116.76:8000/api/file/img/upload
headers  : {
    "User-Agent": "Mozilla/5.0 (Macintosh; Intel Mac OS X 10_15_7) AppleWebKit/537.36 (KHTML, like Gecko) Chrome/105.0.0.0 Safari/537.36",
    "Accept-Encoding": "gzip, deflate",
    "Accept": "application/json, text/plain, */*",
    "Connection": "keep-alive",
    "Accept-Language": "zh-CN,zh;q=0.9",
    "Content-Type": "multipart/form-data; boundary=e28cd85ca02b4374b53db3d7b222bf12",
    "HRUN-Request-ID": "HRUN-0e05a1e6-5126-41bc-9586-5619c18ed278-862717",
    "Cookie": "SESSION=MmUyMzk4ZWQtMWNkZC00YzQyLTlkMzYtY2VmZDY0NDAxOWE1; SESSION=response.headers.\"Set-Cookie\".session",
    "Content-Length": "20435"
}
cookies  : {
    "SESSION": "MmUyMzk4ZWQtMWNkZC00YzQyLTlkMzYtY2VmZDY0NDAxOWE1"
}
body     : upload file stream (OMITTED)

2023-06-26 10:34:22.817 | DEBUG    | httprunner.client:log_print:40 - 
================== response details ==================
status_code : 200
headers  : {
    "Server": "nginx",
    "Date": "Mon, 26 Jun 2023 02:34:22 GMT",
    "Content-Type": "application/json;charset=UTF-8",
    "Transfer-Encoding": "chunked",
    "X-Frame-Options": "SAMEORIGIN",
    "Connection": "keep-alive"
}
cookies  : {}
encoding : UTF-8
content_type : application/json;charset=UTF-8
body     : {
    "message": "success",
    "status": 1,
    "data": {
        "id": 2964,
        "path": "4d51fd9d-261d-4e58-855d-4000a0c9900e.jpeg"
    }
}

2023-06-26 10:34:22.818 | INFO     | httprunner.client:request:217 - status_code: 200, response_time(ms): 97.38 ms, response_length: 0 bytes
2023-06-26 10:34:22.818 | INFO     | httprunner.response:extract:179 - extract mapping: {'imgId_b': 2964}
2023-06-26 10:34:22.818 | INFO     | httprunner.response:validate:249 - assert status_code equal 200(int)	==> pass
2023-06-26 10:34:22.819 | INFO     | httprunner.runner:__run_step:304 - run step end: 前缀注册企业联系人身份证图片背面上传 <<<<<<

2023-06-26 10:34:22.819 | INFO     | httprunner.runner:__run_step_testcase:286 - export variables: {'imgId_b': 2964}
2023-06-26 10:34:22.819 | INFO     | httprunner.runner:__run_step:304 - run step end: 前缀注册企业联系人身份证图片背面上传 <<<<<<

2023-06-26 10:34:22.819 | INFO     | httprunner.runner:__run_step:292 - run step begin: 企业注册第一步提交信息 >>>>>>
2023-06-26 10:34:22.820 | INFO     | httprunner.runner:__run_step:292 - run step begin: 企业注册第一步提交信息 >>>>>>
2023-06-26 10:34:22.993 | DEBUG    | httprunner.client:request:186 - client IP: 127.0.0.1, Port: 51196
2023-06-26 10:34:22.993 | DEBUG    | httprunner.client:request:194 - server IP: 127.0.0.1, Port: 8888
2023-06-26 10:34:22.995 | DEBUG    | httprunner.client:log_print:40 - 
================== request details ==================
method   : POST
url      : http://139.198.116.76:8000/api/v3/entApply/basicInfo/submit
headers  : {
    "User-Agent": "Mozilla/5.0 (Macintosh; Intel Mac OS X 10_15_7) AppleWebKit/537.36 (KHTML, like Gecko) Chrome/105.0.0.0 Safari/537.36",
    "Accept-Encoding": "gzip, deflate",
    "Accept": "application/json, text/plain, */*",
    "Connection": "keep-alive",
    "Accept-Language": "zh-CN,zh;q=0.9",
    "Content-Type": "application/json;charset=UTF-8",
    "HRUN-Request-ID": "HRUN-0e05a1e6-5126-41bc-9586-5619c18ed278-862820",
    "Cookie": "SESSION=MmUyMzk4ZWQtMWNkZC00YzQyLTlkMzYtY2VmZDY0NDAxOWE1; SESSION=response.headers.\"Set-Cookie\".session",
    "Content-Length": "2555"
}
cookies  : {
    "SESSION": "MmUyMzk4ZWQtMWNkZC00YzQyLTlkMzYtY2VmZDY0NDAxOWE1"
}
body     : {
    "applyStep": 2,
    "applyType": null,
    "area": [
        "110000",
        "110100",
        "110101"
    ],
    "cltrid": null,
    "contactCrtBackImgPath": null,
    "contactCrtBackImgRid": 2964,
    "contactCrtFrontImgPath": null,
    "contactCrtFrontImgRid": 2963,
    "contactCrtNo": "320432199911126332",
    "contactCrtType": 1,
    "contactEmail": "pu2dJ1RPr3enATtT@qaqseq.com",
    "contactName": "zAUeacYASAGLeLhX2OcyNlsl85jXcY2H",
    "contactPhone": "13250608878",
    "createDate": null,
    "dataHostingContractFilePath": null,
    "dataHostingContractFileRid": null,
    "dataHostingOrg": null,
    "entGeneralId": null,
    "entInfoLicenses": [],
    "entInfoSerIndustrys": [],
    "entPrefix": "88.408.8084798098",
    "escrowId": null,
    "escrowOrgName": null,
    "establishDate": null,
    "extDomain": null,
    "extIpAddr": null,
    "extWebName": null,
    "finalAuditMsg": null,
    "finalAuditStatus": null,
    "firstAuditMsg": null,
    "firstAuditStatus": null,
    "id": null,
    "idRegNaImp": null,
    "industry": [
        "A",
        "01"
    ],
    "industryCategory": "A",
    "industrySpecific": "01",
    "isSubmit": 0,
    "legalCrtBackImgContent": null,
    "legalCrtBackImgPath": null,
    "legalCrtBackImgRid": 2964,
    "legalCrtFrontImgContent": null,
    "legalCrtFrontImgPath": null,
    "legalCrtFrontImgRid": 2963,
    "legalCrtNo": "320432199911126332",
    "legalCrtType": "1",
    "legalCrtTypeDesc": "中国居民身份证",
    "legalEmail": null,
    "legalFax": null,
    "legalName": "张三",
    "legalPhone": null,
    "orgAddr": "致真",
    "orgAddrCity": "110100",
    "orgAddrCityDesc": "市辖区",
    "orgAddrCounty": "110101",
    "orgAddrCountyDesc": "东城区",
    "orgAddrProvince": "110000",
    "orgAddrProvinceDesc": "北京市",
    "orgCategorySpecificDesc": "农、林、牧、渔业-农业",
    "orgCrtCode": "zAUeacYASAGLeLhX2OcyNlsl85jXcY2H",
    "orgCrtImgContent": null,
    "orgCrtImgPath": null,
    "orgCrtImgRid": 2962,
    "orgCrtType": "1",
    "orgDesc": null,
    "orgName": "zAUeacYASAGLeLhX2OcyNlsl85jXcY2H",
    "orgNature": "1",
    "orgNatureDesc": "国有控股",
    "periodValidity": null,
    "regAuthority": null,
    "regCapital": null,
    "regRealNaImpName": null,
    "regRealNaImpType": null,
    "servHostingContractFilePath": null,
    "servHostingContractFileRid": null,
    "servHostingOrg": null,
    "servSysBuildContractFilePath": null,
    "servSysBuildContractFileRid": null,
    "servSysBuildName": null,
    "servSysBuildType": 1,
    "servSysOperContractFilePath": null,
    "servSysOperContractFileRid": null,
    "servSysOperName": null,
    "servSysOperType": 1,
    "svtrid": null,
    "thirdServiceMsg": null,
    "thirdServiceStatus": null,
    "updateDate": null,
    "userId": null,
    "userName": null,
    "website": null
}

2023-06-26 10:34:22.995 | DEBUG    | httprunner.client:log_print:40 - 
================== response details ==================
status_code : 200
headers  : {
    "Server": "nginx",
    "Date": "Mon, 26 Jun 2023 02:34:23 GMT",
    "Content-Type": "application/json;charset=UTF-8",
    "Transfer-Encoding": "chunked",
    "X-Frame-Options": "SAMEORIGIN",
    "Connection": "keep-alive"
}
cookies  : {}
encoding : UTF-8
content_type : application/json;charset=UTF-8
body     : {
    "message": "success",
    "status": 1,
    "data": true
}

2023-06-26 10:34:22.996 | INFO     | httprunner.client:request:217 - status_code: 200, response_time(ms): 172.85 ms, response_length: 0 bytes
2023-06-26 10:34:22.996 | INFO     | httprunner.response:validate:249 - assert status_code equal 200(int)	==> pass
2023-06-26 10:34:22.996 | INFO     | httprunner.response:validate:249 - assert body.message equal success(str)	==> pass
2023-06-26 10:34:22.996 | INFO     | httprunner.runner:__run_step:304 - run step end: 企业注册第一步提交信息 <<<<<<

2023-06-26 10:34:22.996 | INFO     | httprunner.runner:__run_step:304 - run step end: 企业注册第一步提交信息 <<<<<<

2023-06-26 10:34:22.996 | INFO     | httprunner.runner:__run_step:292 - run step begin: 企业注册查询注册信息 >>>>>>
2023-06-26 10:34:22.996 | INFO     | httprunner.runner:__run_step:292 - run step begin: 企业注册查询注册信息 >>>>>>
2023-06-26 10:34:23.105 | DEBUG    | httprunner.client:request:186 - client IP: 127.0.0.1, Port: 51196
2023-06-26 10:34:23.105 | DEBUG    | httprunner.client:request:194 - server IP: 127.0.0.1, Port: 8888
2023-06-26 10:34:23.106 | DEBUG    | httprunner.client:log_print:40 - 
================== request details ==================
method   : GET
url      : http://139.198.116.76:8000/api/v3/entApply/applyOrNot
headers  : {
    "User-Agent": "Mozilla/5.0 (Macintosh; Intel Mac OS X 10_15_7) AppleWebKit/537.36 (KHTML, like Gecko) Chrome/105.0.0.0 Safari/537.36",
    "Accept-Encoding": "gzip, deflate",
    "Accept": "application/json, text/plain, */*",
    "Connection": "keep-alive",
    "Accept-Language": "zh-CN,zh;q=0.9",
    "HRUN-Request-ID": "HRUN-0e05a1e6-5126-41bc-9586-5619c18ed278-862997",
    "Cookie": "SESSION=MmUyMzk4ZWQtMWNkZC00YzQyLTlkMzYtY2VmZDY0NDAxOWE1; SESSION=response.headers.\"Set-Cookie\".session"
}
cookies  : {
    "SESSION": "MmUyMzk4ZWQtMWNkZC00YzQyLTlkMzYtY2VmZDY0NDAxOWE1"
}
body     : None

2023-06-26 10:34:23.108 | DEBUG    | httprunner.client:log_print:40 - 
================== response details ==================
status_code : 200
headers  : {
    "Server": "nginx",
    "Date": "Mon, 26 Jun 2023 02:34:23 GMT",
    "Content-Type": "application/json;charset=UTF-8",
    "Transfer-Encoding": "chunked",
    "X-Frame-Options": "SAMEORIGIN",
    "Connection": "keep-alive"
}
cookies  : {}
encoding : UTF-8
content_type : application/json;charset=UTF-8
body     : {
    "message": "success",
    "status": 1,
    "data": {
        "nbmsEntApplyPO": {
            "id": 1460,
            "createDate": "2023-06-26 10:34:23",
            "updateDate": "2023-06-26 10:34:23",
            "applyType": null,
            "entGeneralId": null,
            "applyStep": 2,
            "isSubmit": 0,
            "entPrefix": "88.408.8084798098",
            "firstAuditStatus": null,
            "firstAuditMsg": null,
            "thirdServiceStatus": null,
            "thirdServiceMsg": null,
            "userName": "zAUeacYASAGLeLhX2OcyNlsl85jXcY2H",
            "finalAuditStatus": null,
            "finalAuditMsg": null,
            "svtrid": null,
            "cltrid": null,
            "userId": 1694,
            "orgName": "zAUeacYASAGLeLhX2OcyNlsl85jXcY2H",
            "orgNature": "1",
            "orgAddrProvince": "110000",
            "orgAddrCity": "110100",
            "orgAddrCounty": "110101",
            "orgAddr": "致真",
            "orgCrtType": "1",
            "orgCrtCode": "zAUeacYASAGLeLhX2OcyNlsl85jXcY2H",
            "legalName": "张三",
            "legalCrtType": "1",
            "legalCrtNo": "320432199911126332",
            "orgDesc": null,
            "industryCategory": "A",
            "industrySpecific": "01",
            "contactName": "zAUeacYASAGLeLhX2OcyNlsl85jXcY2H",
            "contactPhone": "13250608878",
            "contactCrtType": 1,
            "contactCrtNo": "320432199911126332",
            "contactEmail": "pu2dJ1RPr3enATtT@qaqseq.com",
            "website": null,
            "regAuthority": null,
            "regCapital": null,
            "establishDate": null,
            "periodValidity": null,
            "legalEmail": null,
            "legalPhone": null,
            "legalFax": null,
            "servSysBuildType": null,
            "servSysBuildName": null,
            "servSysOperType": null,
            "servSysOperName": null,
            "dataHostingOrg": null,
            "servHostingOrg": null,
            "regRealNaImpType": null,
            "regRealNaImpName": null,
            "idRegNaImp": null,
            "extWebName": null,
            "extDomain": null,
            "extIpAddr": null,
            "orgCrtImgRid": 2962,
            "contactCrtFrontImgRid": 2963,
            "contactCrtBackImgRid": 2964,
            "legalCrtFrontImgRid": 2963,
            "legalCrtBackImgRid": 2964,
            "servSysBuildContractFileRid": null,
            "servSysOperContractFileRid": null,
            "dataHostingContractFileRid": null,
            "servHostingContractFileRid": null,
            "entInfoLicenses": [],
            "entInfoSyss": [],
            "entInfoSerIndustrys": [],
            "escrowId": null,
            "industryQualificationRid": null,
            "certificationRid": null,
            "openingBank": null,
            "bankCard": null,
            "verificationName": null,
            "orgNatureDesc": "国有控股",
            "orgCrtImgContent": null,
            "orgCategorySpecificDesc": "农、林、牧、渔业-农业",
            "orgAddrProvinceDesc": "北京市",
            "orgAddrCountyDesc": "东城区",
            "orgAddrCityDesc": "市辖区",
            "legalCrtTypeDesc": "中国居民身份证",
            "legalCrtFrontImgContent": null,
            "legalCrtBackImgContent": null,
            "orgCrtImgPath": "a91e5fb2-412d-4200-b84e-d4489002b9de.jpeg",
            "contactCrtFrontImgPath": "34b08369-981f-4d13-8901-fcc50f31e141.jpeg",
            "contactCrtBackImgPath": "4d51fd9d-261d-4e58-855d-4000a0c9900e.jpeg",
            "legalCrtFrontImgPath": "34b08369-981f-4d13-8901-fcc50f31e141.jpeg",
            "legalCrtBackImgPath": "4d51fd9d-261d-4e58-855d-4000a0c9900e.jpeg",
            "servSysBuildContractFilePath": null,
            "servSysOperContractFilePath": null,
            "dataHostingContractFilePath": null,
            "servHostingContractFilePath": null,
            "industryQualificationFilePath": null,
            "certificationFilePath": null,
            "escrowOrgName": null
        },
        "nbmsEntPO": null,
        "nbmsEntPrefixApplyPO": null,
        "needRelog": null,
        "applyStatus": 0
    }
}

2023-06-26 10:34:23.108 | INFO     | httprunner.client:request:217 - status_code: 200, response_time(ms): 108.15 ms, response_length: 0 bytes
2023-06-26 10:34:23.111 | INFO     | httprunner.response:extract:179 - extract mapping: {'applyId': 1460, 'userId': 1694, 'userName': 'zAUeacYASAGLeLhX2OcyNlsl85jXcY2H', 'imgId_f': 2963, 'imgId_b': 2964, 'entId': None, 'entUserId': None, 'prefix': '88.408.8084798098', 'contactCrtNo': '320432199911126332', 'contactCrtType': 1, 'contactEmail': 'pu2dJ1RPr3enATtT@qaqseq.com', 'contactName': 'zAUeacYASAGLeLhX2OcyNlsl85jXcY2H', 'contactPhone': '13250608878', 'industryCategory': 'A', 'industrySpecific': '01', 'orgName': 'zAUeacYASAGLeLhX2OcyNlsl85jXcY2H', 'orgNature': '1', 'orgAddrProvince': '110000', 'orgAddrCity': '110100', 'orgAddrCounty': '110101', 'orgAddr': '致真', 'orgCrtType': '1', 'orgCrtCode': 'zAUeacYASAGLeLhX2OcyNlsl85jXcY2H', 'legalName': '张三', 'legalEmail': None, 'legalPhone': None, 'legalCrtType': '1', 'legalCrtNo': '320432199911126332', 'legalCrtFrontImgRid': 2963, 'legalCrtBackImgRid': 2964, 'orgCrtImgRid': 2962, 'imgId': 2962, 'orgNatureDesc': '国有控股', 'orgCategorySpecificDesc': '农、林、牧、渔业-农业', 'orgAddrProvinceDesc': '北京市', 'orgAddrCountyDesc': '东城区', 'orgAddrCityDesc': '市辖区', 'legalCrtTypeDesc': '中国居民身份证', 'createDate': '2023-06-26 10:34:23', 'updateDate': '2023-06-26 10:34:23', 'entInfoSyss_0_id': None, 'entInfoSyss_0_entApplyId': None, 'entApplyId': None, 'entInfoSyss_0_sysType': None, 'entInfoSyss_0_deployMode': None, 'entInfoSyss_0_deployAddr': None, 'entInfoSyss_0_deployAddrProvince': None, 'entInfoSyss_0_deployAddrCity': None, 'entInfoSyss_0_deployAddrCounty': None, 'entInfoSyss_1_id': None, 'entInfoSyss_1_entApplyId': None, 'entInfoSyss_1_sysType': None, 'entInfoSyss_1_deployMode': None, 'entInfoSyss_1_deployAddr': None, 'entInfoSyss_1_deployAddrProvince': None, 'entInfoSyss_1_deployAddrCity': None, 'entInfoSyss_1_deployAddrCounty': None, 'entInfoSyss_2_id': None, 'entInfoSyss_2_entApplyId': None, 'entInfoSyss_2_sysType': None, 'entInfoSyss_2_deployMode': None, 'entInfoSyss_2_deployAddr': None, 'entInfoSyss_2_deployAddrProvince': None, 'entInfoSyss_2_deployAddrCity': None, 'entInfoSyss_2_deployAddrCounty': None, 'entInfoSyss_3_id': None, 'entInfoSyss_3_entApplyId': None, 'entInfoSyss_3_sysType': None, 'entInfoSyss_3_deployMode': None, 'entInfoSyss_3_deployAddr': None, 'entInfoSyss_3_deployAddrProvince': None, 'entInfoSyss_3_deployAddrCity': None, 'entInfoSyss_3_deployAddrCounty': None}
2023-06-26 10:34:23.111 | INFO     | httprunner.response:validate:249 - assert status_code equal 200(int)	==> pass
2023-06-26 10:34:23.111 | INFO     | httprunner.response:validate:249 - assert body.message equal success(str)	==> pass
2023-06-26 10:34:23.111 | INFO     | httprunner.runner:__run_step:304 - run step end: 企业注册查询注册信息 <<<<<<

2023-06-26 10:34:23.111 | INFO     | httprunner.runner:__run_step_testcase:286 - export variables: {'entInfoSyss_1_id': None, 'entInfoSyss_2_deployAddrCity': None, 'orgCrtType': '1', 'entInfoSyss_2_deployAddrCounty': None, 'entInfoSyss_3_deployAddrProvince': None, 'prefix': '88.408.8084798098', 'entInfoSyss_3_sysType': None, 'orgAddrCounty': '110101', 'orgNature': '1', 'imgId_f': 2963, 'imgId': 2962, 'entInfoSyss_0_entApplyId': None, 'industryCategory': 'A', 'entInfoSyss_0_deployMode': None, 'applyId': 1460, 'orgAddrProvinceDesc': '北京市', 'legalCrtTypeDesc': '中国居民身份证', 'entInfoSyss_1_deployAddrProvince': None, 'userId': 1694, 'entInfoSyss_1_deployAddr': None, 'entInfoSyss_1_entApplyId': None, 'orgCategorySpecificDesc': '农、林、牧、渔业-农业', 'entInfoSyss_0_sysType': None, 'entInfoSyss_0_deployAddrProvince': None, 'entInfoSyss_3_entApplyId': None, 'entInfoSyss_2_deployMode': None, 'entInfoSyss_1_sysType': None, 'entInfoSyss_1_deployAddrCounty': None, 'entId': None, 'entApplyId': None, 'updateDate': '2023-06-26 10:34:23', 'orgAddr': '致真', 'entInfoSyss_2_id': None, 'imgId_b': 2964, 'userName': 'zAUeacYASAGLeLhX2OcyNlsl85jXcY2H', 'legalCrtBackImgRid': 2964, 'entInfoSyss_3_deployAddrCity': None, 'orgAddrProvince': '110000', 'entInfoSyss_2_deployAddr': None, 'legalCrtType': '1', 'orgAddrCountyDesc': '东城区', 'entInfoSyss_0_deployAddrCity': None, 'contactCrtNo': '320432199911126332', 'entInfoSyss_0_deployAddrCounty': None, 'orgAddrCityDesc': '市辖区', 'orgCrtImgRid': 2962, 'entInfoSyss_2_sysType': None, 'entInfoSyss_3_id': None, 'entInfoSyss_3_deployAddrCounty': None, 'entInfoSyss_0_deployAddr': None, 'contactCrtType': 1, 'entInfoSyss_3_deployMode': None, 'orgNatureDesc': '国有控股', 'industrySpecific': '01', 'legalCrtFrontImgRid': 2963, 'legalName': '张三', 'entInfoSyss_0_id': None, 'entUserId': None, 'legalCrtNo': '320432199911126332', 'orgCrtCode': 'zAUeacYASAGLeLhX2OcyNlsl85jXcY2H', 'entInfoSyss_3_deployAddr': None, 'contactPhone': '13250608878', 'entInfoSyss_2_entApplyId': None, 'contactName': 'zAUeacYASAGLeLhX2OcyNlsl85jXcY2H', 'orgName': 'zAUeacYASAGLeLhX2OcyNlsl85jXcY2H', 'entInfoSyss_2_deployAddrProvince': None, 'entInfoSyss_1_deployAddrCity': None, 'legalEmail': None, 'legalPhone': None, 'createDate': '2023-06-26 10:34:23', 'contactEmail': 'pu2dJ1RPr3enATtT@qaqseq.com', 'orgAddrCity': '110100', 'entInfoSyss_1_deployMode': None}
2023-06-26 10:34:23.111 | INFO     | httprunner.runner:__run_step:304 - run step end: 企业注册查询注册信息 <<<<<<

2023-06-26 10:34:23.111 | INFO     | httprunner.runner:__run_step:292 - run step begin: 企业注册第二步提交信息 >>>>>>
2023-06-26 10:34:23.112 | INFO     | httprunner.runner:__run_step:292 - run step begin: 企业注册第二步提交信息 >>>>>>
2023-06-26 10:34:23.177 | DEBUG    | httprunner.client:request:186 - client IP: 127.0.0.1, Port: 51196
2023-06-26 10:34:23.178 | DEBUG    | httprunner.client:request:194 - server IP: 127.0.0.1, Port: 8888
2023-06-26 10:34:23.180 | DEBUG    | httprunner.client:log_print:40 - 
================== request details ==================
method   : POST
url      : http://139.198.116.76:8000/api/v3/entApply/registerManageInfo
headers  : {
    "User-Agent": "Mozilla/5.0 (Macintosh; Intel Mac OS X 10_15_7) AppleWebKit/537.36 (KHTML, like Gecko) Chrome/105.0.0.0 Safari/537.36",
    "Accept-Encoding": "gzip, deflate",
    "Accept": "application/json, text/plain, */*",
    "Connection": "keep-alive",
    "Accept-Language": "zh-CN,zh;q=0.9",
    "Content-Type": "application/json;charset=UTF-8",
    "X-HTTP-Method-Override": "put",
    "HRUN-Request-ID": "HRUN-0e05a1e6-5126-41bc-9586-5619c18ed278-863112",
    "Cookie": "SESSION=MmUyMzk4ZWQtMWNkZC00YzQyLTlkMzYtY2VmZDY0NDAxOWE1; SESSION=response.headers.\"Set-Cookie\".session",
    "Content-Length": "3280"
}
cookies  : {
    "SESSION": "MmUyMzk4ZWQtMWNkZC00YzQyLTlkMzYtY2VmZDY0NDAxOWE1"
}
body     : {
    "applyStep": 3,
    "applyType": null,
    "cltrid": null,
    "contactCrtBackImgPath": null,
    "contactCrtBackImgRid": 2964,
    "contactCrtFrontImgPath": null,
    "contactCrtFrontImgRid": 2963,
    "contactCrtNo": "320432199911126332",
    "contactCrtType": 1,
    "contactEmail": "pu2dJ1RPr3enATtT@qaqseq.com",
    "contactName": "zAUeacYASAGLeLhX2OcyNlsl85jXcY2H",
    "contactPhone": "13250608878",
    "createDate": "2023-06-26 10:34:23",
    "dataHostingContractFilePath": null,
    "dataHostingContractFileRid": null,
    "dataHostingOrg": null,
    "entGeneralId": null,
    "entInfoLicenses": [],
    "entInfoSerIndustrys": [],
    "entInfoSyss": [
        {
            "deployAddr": "致真",
            "deployAddrCity": "110100",
            "deployAddrCounty": "110101",
            "deployAddrProvince": "110000",
            "deployMode": 1,
            "ipPort": null,
            "name": null,
            "sysType": 1
        },
        {
            "deployAddr": "致真",
            "deployAddrCity": "110100",
            "deployAddrCounty": "110101",
            "deployAddrProvince": "110000",
            "deployMode": 1,
            "ipPort": null,
            "name": null,
            "sysType": 2
        },
        {
            "deployAddr": "天津",
            "deployAddrCity": "120100",
            "deployAddrCounty": "120101",
            "deployAddrProvince": "120000",
            "deployMode": 1,
            "ipPort": null,
            "name": null,
            "sysType": 3
        },
        {
            "deployAddr": "天津",
            "deployAddrCity": "120100",
            "deployAddrCounty": "120101",
            "deployAddrProvince": "120000",
            "deployMode": 1,
            "ipPort": null,
            "name": null,
            "sysType": 4
        }
    ],
    "entPrefix": "88.408.8084798098",
    "escrowId": null,
    "escrowOrgName": null,
    "establishDate": null,
    "extDomain": null,
    "extIpAddr": null,
    "extWebName": null,
    "finalAuditMsg": null,
    "finalAuditStatus": null,
    "firstAuditMsg": null,
    "firstAuditStatus": null,
    "id": 1460,
    "idRegNaImp": null,
    "industryCategory": "A",
    "industrySpecific": "01",
    "isSubmit": 0,
    "legalCrtBackImgContent": null,
    "legalCrtBackImgPath": null,
    "legalCrtBackImgRid": 2964,
    "legalCrtFrontImgContent": null,
    "legalCrtFrontImgPath": null,
    "legalCrtFrontImgRid": 2963,
    "legalCrtNo": "320432199911126332",
    "legalCrtType": "1",
    "legalCrtTypeDesc": "中国居民身份证",
    "legalEmail": null,
    "legalFax": null,
    "legalName": "张三",
    "legalPhone": null,
    "orgAddr": "致真",
    "orgAddrCity": "110100",
    "orgAddrCityDesc": "市辖区",
    "orgAddrCounty": "110101",
    "orgAddrCountyDesc": "东城区",
    "orgAddrProvince": "110000",
    "orgAddrProvinceDesc": "北京市",
    "orgCategorySpecificDesc": "农、林、牧、渔业-农业",
    "orgCrtCode": "zAUeacYASAGLeLhX2OcyNlsl85jXcY2H",
    "orgCrtImgContent": null,
    "orgCrtImgPath": null,
    "orgCrtImgRid": 2962,
    "orgCrtType": "1",
    "orgDesc": null,
    "orgName": "zAUeacYASAGLeLhX2OcyNlsl85jXcY2H",
    "orgNature": "1",
    "orgNatureDesc": "1",
    "periodValidity": null,
    "regAuthority": null,
    "regCapital": null,
    "regRealNaImpName": null,
    "regRealNaImpType": null,
    "servHostingContractFilePath": null,
    "servHostingContractFileRid": null,
    "servHostingOrg": null,
    "servSysBuildContractFilePath": null,
    "servSysBuildContractFileRid": null,
    "servSysBuildName": null,
    "servSysBuildType": 1,
    "servSysOperContractFilePath": null,
    "servSysOperContractFileRid": null,
    "servSysOperName": null,
    "servSysOperType": 1,
    "svtrid": null,
    "thirdServiceMsg": null,
    "thirdServiceStatus": null,
    "updateDate": "2023-06-26 10:34:23",
    "userId": 1694,
    "userName": "zAUeacYASAGLeLhX2OcyNlsl85jXcY2H",
    "website": null
}

2023-06-26 10:34:23.180 | DEBUG    | httprunner.client:log_print:40 - 
================== response details ==================
status_code : 200
headers  : {
    "Server": "nginx",
    "Date": "Mon, 26 Jun 2023 02:34:23 GMT",
    "Content-Type": "application/json;charset=UTF-8",
    "Transfer-Encoding": "chunked",
    "X-Frame-Options": "SAMEORIGIN",
    "Connection": "keep-alive"
}
cookies  : {}
encoding : UTF-8
content_type : application/json;charset=UTF-8
body     : {
    "message": "success",
    "status": 1,
    "data": true
}

2023-06-26 10:34:23.181 | INFO     | httprunner.client:request:217 - status_code: 200, response_time(ms): 65.12 ms, response_length: 0 bytes
2023-06-26 10:34:23.181 | INFO     | httprunner.response:validate:249 - assert status_code equal 200(int)	==> pass
2023-06-26 10:34:23.181 | INFO     | httprunner.response:validate:249 - assert body.message equal success(str)	==> pass
2023-06-26 10:34:23.181 | INFO     | httprunner.runner:__run_step:304 - run step end: 企业注册第二步提交信息 <<<<<<

2023-06-26 10:34:23.181 | INFO     | httprunner.runner:__run_step:304 - run step end: 企业注册第二步提交信息 <<<<<<

2023-06-26 10:34:23.181 | INFO     | httprunner.runner:__run_step:292 - run step begin: 企业注册查询注册信息 >>>>>>
2023-06-26 10:34:23.182 | INFO     | httprunner.runner:__run_step:292 - run step begin: 企业注册查询注册信息 >>>>>>
2023-06-26 10:34:23.252 | DEBUG    | httprunner.client:request:186 - client IP: 127.0.0.1, Port: 51196
2023-06-26 10:34:23.252 | DEBUG    | httprunner.client:request:194 - server IP: 127.0.0.1, Port: 8888
2023-06-26 10:34:23.253 | DEBUG    | httprunner.client:log_print:40 - 
================== request details ==================
method   : GET
url      : http://139.198.116.76:8000/api/v3/entApply/applyOrNot
headers  : {
    "User-Agent": "Mozilla/5.0 (Macintosh; Intel Mac OS X 10_15_7) AppleWebKit/537.36 (KHTML, like Gecko) Chrome/105.0.0.0 Safari/537.36",
    "Accept-Encoding": "gzip, deflate",
    "Accept": "application/json, text/plain, */*",
    "Connection": "keep-alive",
    "Accept-Language": "zh-CN,zh;q=0.9",
    "HRUN-Request-ID": "HRUN-0e05a1e6-5126-41bc-9586-5619c18ed278-863182",
    "Cookie": "SESSION=MmUyMzk4ZWQtMWNkZC00YzQyLTlkMzYtY2VmZDY0NDAxOWE1; SESSION=response.headers.\"Set-Cookie\".session"
}
cookies  : {
    "SESSION": "MmUyMzk4ZWQtMWNkZC00YzQyLTlkMzYtY2VmZDY0NDAxOWE1"
}
body     : None

2023-06-26 10:34:23.254 | DEBUG    | httprunner.client:log_print:40 - 
================== response details ==================
status_code : 200
headers  : {
    "Server": "nginx",
    "Date": "Mon, 26 Jun 2023 02:34:23 GMT",
    "Content-Type": "application/json;charset=UTF-8",
    "Transfer-Encoding": "chunked",
    "X-Frame-Options": "SAMEORIGIN",
    "Connection": "keep-alive"
}
cookies  : {}
encoding : UTF-8
content_type : application/json;charset=UTF-8
body     : {
    "message": "success",
    "status": 1,
    "data": {
        "nbmsEntApplyPO": {
            "id": 1460,
            "createDate": "2023-06-26 10:34:23",
            "updateDate": "2023-06-26 10:34:23",
            "applyType": null,
            "entGeneralId": null,
            "applyStep": 3,
            "isSubmit": 0,
            "entPrefix": "88.408.8084798098",
            "firstAuditStatus": null,
            "firstAuditMsg": null,
            "thirdServiceStatus": null,
            "thirdServiceMsg": null,
            "userName": "zAUeacYASAGLeLhX2OcyNlsl85jXcY2H",
            "finalAuditStatus": null,
            "finalAuditMsg": null,
            "svtrid": null,
            "cltrid": null,
            "userId": 1694,
            "orgName": "zAUeacYASAGLeLhX2OcyNlsl85jXcY2H",
            "orgNature": "1",
            "orgAddrProvince": "110000",
            "orgAddrCity": "110100",
            "orgAddrCounty": "110101",
            "orgAddr": "致真",
            "orgCrtType": "1",
            "orgCrtCode": "zAUeacYASAGLeLhX2OcyNlsl85jXcY2H",
            "legalName": "张三",
            "legalCrtType": "1",
            "legalCrtNo": "320432199911126332",
            "orgDesc": null,
            "industryCategory": "A",
            "industrySpecific": "01",
            "contactName": "zAUeacYASAGLeLhX2OcyNlsl85jXcY2H",
            "contactPhone": "13250608878",
            "contactCrtType": 1,
            "contactCrtNo": "320432199911126332",
            "contactEmail": "pu2dJ1RPr3enATtT@qaqseq.com",
            "website": null,
            "regAuthority": null,
            "regCapital": null,
            "establishDate": null,
            "periodValidity": null,
            "legalEmail": null,
            "legalPhone": null,
            "legalFax": null,
            "servSysBuildType": 1,
            "servSysBuildName": null,
            "servSysOperType": 1,
            "servSysOperName": null,
            "dataHostingOrg": null,
            "servHostingOrg": null,
            "regRealNaImpType": null,
            "regRealNaImpName": null,
            "idRegNaImp": null,
            "extWebName": null,
            "extDomain": null,
            "extIpAddr": null,
            "orgCrtImgRid": 2962,
            "contactCrtFrontImgRid": 2963,
            "contactCrtBackImgRid": 2964,
            "legalCrtFrontImgRid": 2963,
            "legalCrtBackImgRid": 2964,
            "servSysBuildContractFileRid": null,
            "servSysOperContractFileRid": null,
            "dataHostingContractFileRid": null,
            "servHostingContractFileRid": null,
            "entInfoLicenses": [],
            "entInfoSyss": [
                {
                    "id": 3692,
                    "entApplyId": 1460,
                    "sysType": 1,
                    "deployMode": 1,
                    "deployAddr": "致真",
                    "deployAddrProvince": "110000",
                    "deployAddrCity": "110100",
                    "deployAddrCounty": "110101",
                    "name": null,
                    "ipPort": null
                },
                {
                    "id": 3693,
                    "entApplyId": 1460,
                    "sysType": 2,
                    "deployMode": 1,
                    "deployAddr": "致真",
                    "deployAddrProvince": "110000",
                    "deployAddrCity": "110100",
                    "deployAddrCounty": "110101",
                    "name": null,
                    "ipPort": null
                },
                {
                    "id": 3694,
                    "entApplyId": 1460,
                    "sysType": 3,
                    "deployMode": 1,
                    "deployAddr": "天津",
                    "deployAddrProvince": "120000",
                    "deployAddrCity": "120100",
                    "deployAddrCounty": "120101",
                    "name": null,
                    "ipPort": null
                },
                {
                    "id": 3695,
                    "entApplyId": 1460,
                    "sysType": 4,
                    "deployMode": 1,
                    "deployAddr": "天津",
                    "deployAddrProvince": "120000",
                    "deployAddrCity": "120100",
                    "deployAddrCounty": "120101",
                    "name": null,
                    "ipPort": null
                }
            ],
            "entInfoSerIndustrys": [],
            "escrowId": null,
            "industryQualificationRid": null,
            "certificationRid": null,
            "openingBank": null,
            "bankCard": null,
            "verificationName": null,
            "orgNatureDesc": "国有控股",
            "orgCrtImgContent": null,
            "orgCategorySpecificDesc": "农、林、牧、渔业-农业",
            "orgAddrProvinceDesc": "北京市",
            "orgAddrCountyDesc": "东城区",
            "orgAddrCityDesc": "市辖区",
            "legalCrtTypeDesc": "中国居民身份证",
            "legalCrtFrontImgContent": null,
            "legalCrtBackImgContent": null,
            "orgCrtImgPath": "a91e5fb2-412d-4200-b84e-d4489002b9de.jpeg",
            "contactCrtFrontImgPath": "34b08369-981f-4d13-8901-fcc50f31e141.jpeg",
            "contactCrtBackImgPath": "4d51fd9d-261d-4e58-855d-4000a0c9900e.jpeg",
            "legalCrtFrontImgPath": "34b08369-981f-4d13-8901-fcc50f31e141.jpeg",
            "legalCrtBackImgPath": "4d51fd9d-261d-4e58-855d-4000a0c9900e.jpeg",
            "servSysBuildContractFilePath": null,
            "servSysOperContractFilePath": null,
            "dataHostingContractFilePath": null,
            "servHostingContractFilePath": null,
            "industryQualificationFilePath": null,
            "certificationFilePath": null,
            "escrowOrgName": null
        },
        "nbmsEntPO": null,
        "nbmsEntPrefixApplyPO": null,
        "needRelog": null,
        "applyStatus": 0
    }
}

2023-06-26 10:34:23.255 | INFO     | httprunner.client:request:217 - status_code: 200, response_time(ms): 69.97 ms, response_length: 0 bytes
2023-06-26 10:34:23.258 | INFO     | httprunner.response:extract:179 - extract mapping: {'applyId': 1460, 'userId': 1694, 'userName': 'zAUeacYASAGLeLhX2OcyNlsl85jXcY2H', 'imgId_f': 2963, 'imgId_b': 2964, 'entId': None, 'entUserId': None, 'prefix': '88.408.8084798098', 'contactCrtNo': '320432199911126332', 'contactCrtType': 1, 'contactEmail': 'pu2dJ1RPr3enATtT@qaqseq.com', 'contactName': 'zAUeacYASAGLeLhX2OcyNlsl85jXcY2H', 'contactPhone': '13250608878', 'industryCategory': 'A', 'industrySpecific': '01', 'orgName': 'zAUeacYASAGLeLhX2OcyNlsl85jXcY2H', 'orgNature': '1', 'orgAddrProvince': '110000', 'orgAddrCity': '110100', 'orgAddrCounty': '110101', 'orgAddr': '致真', 'orgCrtType': '1', 'orgCrtCode': 'zAUeacYASAGLeLhX2OcyNlsl85jXcY2H', 'legalName': '张三', 'legalEmail': None, 'legalPhone': None, 'legalCrtType': '1', 'legalCrtNo': '320432199911126332', 'legalCrtFrontImgRid': 2963, 'legalCrtBackImgRid': 2964, 'orgCrtImgRid': 2962, 'imgId': 2962, 'orgNatureDesc': '国有控股', 'orgCategorySpecificDesc': '农、林、牧、渔业-农业', 'orgAddrProvinceDesc': '北京市', 'orgAddrCountyDesc': '东城区', 'orgAddrCityDesc': '市辖区', 'legalCrtTypeDesc': '中国居民身份证', 'createDate': '2023-06-26 10:34:23', 'updateDate': '2023-06-26 10:34:23', 'entInfoSyss_0_id': 3692, 'entInfoSyss_0_entApplyId': 1460, 'entApplyId': 1460, 'entInfoSyss_0_sysType': 1, 'entInfoSyss_0_deployMode': 1, 'entInfoSyss_0_deployAddr': '致真', 'entInfoSyss_0_deployAddrProvince': '110000', 'entInfoSyss_0_deployAddrCity': '110100', 'entInfoSyss_0_deployAddrCounty': '110101', 'entInfoSyss_1_id': 3693, 'entInfoSyss_1_entApplyId': 1460, 'entInfoSyss_1_sysType': 2, 'entInfoSyss_1_deployMode': 1, 'entInfoSyss_1_deployAddr': '致真', 'entInfoSyss_1_deployAddrProvince': '110000', 'entInfoSyss_1_deployAddrCity': '110100', 'entInfoSyss_1_deployAddrCounty': '110101', 'entInfoSyss_2_id': 3694, 'entInfoSyss_2_entApplyId': 1460, 'entInfoSyss_2_sysType': 3, 'entInfoSyss_2_deployMode': 1, 'entInfoSyss_2_deployAddr': '天津', 'entInfoSyss_2_deployAddrProvince': '120000', 'entInfoSyss_2_deployAddrCity': '120100', 'entInfoSyss_2_deployAddrCounty': '120101', 'entInfoSyss_3_id': 3695, 'entInfoSyss_3_entApplyId': 1460, 'entInfoSyss_3_sysType': 4, 'entInfoSyss_3_deployMode': 1, 'entInfoSyss_3_deployAddr': '天津', 'entInfoSyss_3_deployAddrProvince': '120000', 'entInfoSyss_3_deployAddrCity': '120100', 'entInfoSyss_3_deployAddrCounty': '120101'}
2023-06-26 10:34:23.258 | INFO     | httprunner.response:validate:249 - assert status_code equal 200(int)	==> pass
2023-06-26 10:34:23.258 | INFO     | httprunner.response:validate:249 - assert body.message equal success(str)	==> pass
2023-06-26 10:34:23.259 | INFO     | httprunner.runner:__run_step:304 - run step end: 企业注册查询注册信息 <<<<<<

2023-06-26 10:34:23.259 | INFO     | httprunner.runner:__run_step_testcase:286 - export variables: {'entInfoSyss_1_id': 3693, 'entInfoSyss_2_deployAddrCity': '120100', 'orgCrtType': '1', 'entInfoSyss_2_deployAddrCounty': '120101', 'entInfoSyss_3_deployAddrProvince': '120000', 'prefix': '88.408.8084798098', 'entInfoSyss_3_sysType': 4, 'orgAddrCounty': '110101', 'orgNature': '1', 'imgId_f': 2963, 'imgId': 2962, 'entInfoSyss_0_entApplyId': 1460, 'industryCategory': 'A', 'entInfoSyss_0_deployMode': 1, 'applyId': 1460, 'orgAddrProvinceDesc': '北京市', 'legalCrtTypeDesc': '中国居民身份证', 'entInfoSyss_1_deployAddrProvince': '110000', 'userId': 1694, 'entInfoSyss_1_deployAddr': '致真', 'entInfoSyss_1_entApplyId': 1460, 'orgCategorySpecificDesc': '农、林、牧、渔业-农业', 'entInfoSyss_0_sysType': 1, 'entInfoSyss_0_deployAddrProvince': '110000', 'entInfoSyss_3_entApplyId': 1460, 'entInfoSyss_2_deployMode': 1, 'entInfoSyss_1_sysType': 2, 'entInfoSyss_1_deployAddrCounty': '110101', 'entId': None, 'entApplyId': 1460, 'updateDate': '2023-06-26 10:34:23', 'orgAddr': '致真', 'entInfoSyss_2_id': 3694, 'imgId_b': 2964, 'userName': 'zAUeacYASAGLeLhX2OcyNlsl85jXcY2H', 'legalCrtBackImgRid': 2964, 'entInfoSyss_3_deployAddrCity': '120100', 'orgAddrProvince': '110000', 'entInfoSyss_2_deployAddr': '天津', 'legalCrtType': '1', 'orgAddrCountyDesc': '东城区', 'entInfoSyss_0_deployAddrCity': '110100', 'contactCrtNo': '320432199911126332', 'entInfoSyss_0_deployAddrCounty': '110101', 'orgAddrCityDesc': '市辖区', 'orgCrtImgRid': 2962, 'entInfoSyss_2_sysType': 3, 'entInfoSyss_3_id': 3695, 'entInfoSyss_3_deployAddrCounty': '120101', 'entInfoSyss_0_deployAddr': '致真', 'contactCrtType': 1, 'entInfoSyss_3_deployMode': 1, 'orgNatureDesc': '国有控股', 'industrySpecific': '01', 'legalCrtFrontImgRid': 2963, 'legalName': '张三', 'entInfoSyss_0_id': 3692, 'entUserId': None, 'legalCrtNo': '320432199911126332', 'orgCrtCode': 'zAUeacYASAGLeLhX2OcyNlsl85jXcY2H', 'entInfoSyss_3_deployAddr': '天津', 'contactPhone': '13250608878', 'entInfoSyss_2_entApplyId': 1460, 'contactName': 'zAUeacYASAGLeLhX2OcyNlsl85jXcY2H', 'orgName': 'zAUeacYASAGLeLhX2OcyNlsl85jXcY2H', 'entInfoSyss_2_deployAddrProvince': '120000', 'entInfoSyss_1_deployAddrCity': '110100', 'legalEmail': None, 'legalPhone': None, 'createDate': '2023-06-26 10:34:23', 'contactEmail': 'pu2dJ1RPr3enATtT@qaqseq.com', 'orgAddrCity': '110100', 'entInfoSyss_1_deployMode': 1}
2023-06-26 10:34:23.259 | INFO     | httprunner.runner:__run_step:304 - run step end: 企业注册查询注册信息 <<<<<<

2023-06-26 10:34:23.260 | INFO     | httprunner.runner:__run_step:292 - run step begin: 企业注册最终第三步提交信息 >>>>>>
2023-06-26 10:34:23.260 | INFO     | httprunner.runner:__run_step:292 - run step begin: 企业注册最终第三步提交信息 >>>>>>
2023-06-26 10:34:23.443 | DEBUG    | httprunner.client:request:186 - client IP: 127.0.0.1, Port: 51196
2023-06-26 10:34:23.444 | DEBUG    | httprunner.client:request:194 - server IP: 127.0.0.1, Port: 8888
2023-06-26 10:34:23.445 | DEBUG    | httprunner.client:log_print:40 - 
================== request details ==================
method   : POST
url      : http://139.198.116.76:8000/api/v3/entApply/apply
headers  : {
    "User-Agent": "Mozilla/5.0 (Macintosh; Intel Mac OS X 10_15_7) AppleWebKit/537.36 (KHTML, like Gecko) Chrome/105.0.0.0 Safari/537.36",
    "Accept-Encoding": "gzip, deflate",
    "Accept": "application/json, text/plain, */*",
    "Connection": "keep-alive",
    "Accept-Language": "zh-CN,zh;q=0.9",
    "Content-Type": "application/json;charset=UTF-8",
    "HRUN-Request-ID": "HRUN-0e05a1e6-5126-41bc-9586-5619c18ed278-863260",
    "Cookie": "SESSION=MmUyMzk4ZWQtMWNkZC00YzQyLTlkMzYtY2VmZDY0NDAxOWE1; SESSION=response.headers.\"Set-Cookie\".session",
    "Content-Length": "3280"
}
cookies  : {
    "SESSION": "MmUyMzk4ZWQtMWNkZC00YzQyLTlkMzYtY2VmZDY0NDAxOWE1"
}
body     : {
    "applyStep": 4,
    "applyType": null,
    "cltrid": null,
    "contactCrtBackImgPath": null,
    "contactCrtBackImgRid": 2964,
    "contactCrtFrontImgPath": null,
    "contactCrtFrontImgRid": 2963,
    "contactCrtNo": "320432199911126332",
    "contactCrtType": 1,
    "contactEmail": "pu2dJ1RPr3enATtT@qaqseq.com",
    "contactName": "zAUeacYASAGLeLhX2OcyNlsl85jXcY2H",
    "contactPhone": "13250608878",
    "createDate": "2023-06-26 10:34:23",
    "dataHostingContractFilePath": null,
    "dataHostingContractFileRid": null,
    "dataHostingOrg": null,
    "entGeneralId": null,
    "entInfoLicenses": [],
    "entInfoSerIndustrys": [],
    "entInfoSyss": [
        {
            "deployAddr": "致真",
            "deployAddrCity": "110100",
            "deployAddrCounty": "110101",
            "deployAddrProvince": "110000",
            "deployMode": 1,
            "ipPort": null,
            "name": null,
            "sysType": 2
        },
        {
            "deployAddr": "致真",
            "deployAddrCity": "110100",
            "deployAddrCounty": "110101",
            "deployAddrProvince": "110000",
            "deployMode": 1,
            "ipPort": null,
            "name": null,
            "sysType": 3
        },
        {
            "deployAddr": "天津",
            "deployAddrCity": "120100",
            "deployAddrCounty": "120101",
            "deployAddrProvince": "120000",
            "deployMode": 1,
            "ipPort": null,
            "name": null,
            "sysType": 4
        },
        {
            "deployAddr": "天津",
            "deployAddrCity": "120100",
            "deployAddrCounty": "120101",
            "deployAddrProvince": "120000",
            "deployMode": 1,
            "ipPort": null,
            "name": null,
            "sysType": 4
        }
    ],
    "entPrefix": "88.408.8084798098",
    "escrowId": null,
    "escrowOrgName": null,
    "establishDate": null,
    "extDomain": null,
    "extIpAddr": null,
    "extWebName": null,
    "finalAuditMsg": null,
    "finalAuditStatus": null,
    "firstAuditMsg": null,
    "firstAuditStatus": null,
    "id": 1460,
    "idRegNaImp": null,
    "industryCategory": "A",
    "industrySpecific": "01",
    "isSubmit": 0,
    "legalCrtBackImgContent": null,
    "legalCrtBackImgPath": null,
    "legalCrtBackImgRid": 2964,
    "legalCrtFrontImgContent": null,
    "legalCrtFrontImgPath": null,
    "legalCrtFrontImgRid": 2963,
    "legalCrtNo": "320432199911126332",
    "legalCrtType": "1",
    "legalCrtTypeDesc": "中国居民身份证",
    "legalEmail": null,
    "legalFax": null,
    "legalName": "张三",
    "legalPhone": null,
    "orgAddr": "致真",
    "orgAddrCity": "110100",
    "orgAddrCityDesc": "市辖区",
    "orgAddrCounty": "110101",
    "orgAddrCountyDesc": "东城区",
    "orgAddrProvince": "110000",
    "orgAddrProvinceDesc": "北京市",
    "orgCategorySpecificDesc": "农、林、牧、渔业-农业",
    "orgCrtCode": "zAUeacYASAGLeLhX2OcyNlsl85jXcY2H",
    "orgCrtImgContent": null,
    "orgCrtImgPath": null,
    "orgCrtImgRid": 2962,
    "orgCrtType": "1",
    "orgDesc": null,
    "orgName": "zAUeacYASAGLeLhX2OcyNlsl85jXcY2H",
    "orgNature": "1",
    "orgNatureDesc": "1",
    "periodValidity": null,
    "regAuthority": null,
    "regCapital": null,
    "regRealNaImpName": null,
    "regRealNaImpType": null,
    "servHostingContractFilePath": null,
    "servHostingContractFileRid": null,
    "servHostingOrg": null,
    "servSysBuildContractFilePath": null,
    "servSysBuildContractFileRid": null,
    "servSysBuildName": null,
    "servSysBuildType": 1,
    "servSysOperContractFilePath": null,
    "servSysOperContractFileRid": null,
    "servSysOperName": null,
    "servSysOperType": 1,
    "svtrid": null,
    "thirdServiceMsg": null,
    "thirdServiceStatus": null,
    "updateDate": "2023-06-26 10:34:23",
    "userId": 1694,
    "userName": "zAUeacYASAGLeLhX2OcyNlsl85jXcY2H",
    "website": null
}

2023-06-26 10:34:23.446 | DEBUG    | httprunner.client:log_print:40 - 
================== response details ==================
status_code : 200
headers  : {
    "Server": "nginx",
    "Date": "Mon, 26 Jun 2023 02:34:23 GMT",
    "Content-Type": "application/json;charset=UTF-8",
    "Transfer-Encoding": "chunked",
    "X-Frame-Options": "SAMEORIGIN",
    "Connection": "keep-alive"
}
cookies  : {}
encoding : UTF-8
content_type : application/json;charset=UTF-8
body     : {
    "message": "success",
    "status": 1,
    "data": true
}

2023-06-26 10:34:23.446 | INFO     | httprunner.client:request:217 - status_code: 200, response_time(ms): 182.92 ms, response_length: 0 bytes
2023-06-26 10:34:23.446 | INFO     | httprunner.response:validate:249 - assert status_code equal 200(int)	==> pass
2023-06-26 10:34:23.446 | INFO     | httprunner.response:validate:249 - assert body.message equal success(str)	==> pass
2023-06-26 10:34:23.446 | INFO     | httprunner.runner:__run_step:304 - run step end: 企业注册最终第三步提交信息 <<<<<<

2023-06-26 10:34:23.447 | INFO     | httprunner.runner:__run_step:304 - run step end: 企业注册最终第三步提交信息 <<<<<<

2023-06-26 10:34:23.447 | INFO     | httprunner.runner:__run_step:292 - run step begin: 登录-管理员 >>>>>>
2023-06-26 10:34:23.447 | INFO     | httprunner.runner:__run_step:292 - run step begin: 登录-企业用户 >>>>>>
2023-06-26 10:34:23.510 | DEBUG    | httprunner.client:request:186 - client IP: 127.0.0.1, Port: 51196
2023-06-26 10:34:23.511 | DEBUG    | httprunner.client:request:194 - server IP: 127.0.0.1, Port: 8888
2023-06-26 10:34:23.511 | DEBUG    | httprunner.client:log_print:40 - 
================== request details ==================
method   : POST
url      : http://139.198.116.76:8000/api/home/test/login
headers  : {
    "User-Agent": "python-requests/2.28.1",
    "Accept-Encoding": "gzip, deflate, br",
    "Accept": "*/*",
    "Connection": "keep-alive",
    "Content-Length": "144",
    "Content-Type": "application/json",
    "HRUN-Request-ID": "HRUN-0e05a1e6-5126-41bc-9586-5619c18ed278-863448",
    "Cookie": "SESSION=MmUyMzk4ZWQtMWNkZC00YzQyLTlkMzYtY2VmZDY0NDAxOWE1"
}
cookies  : {
    "SESSION": "MmUyMzk4ZWQtMWNkZC00YzQyLTlkMzYtY2VmZDY0NDAxOWE1"
}
body     : {
    "captcha": "0000",
    "captchaSign": "5d39bab12bba81ab59b3931d2ca06ee9603c3803355932be66974f122cab3502",
    "emailCaptcha": "",
    "username": "adminy"
}

2023-06-26 10:34:23.512 | DEBUG    | httprunner.client:log_print:40 - 
================== response details ==================
status_code : 200
headers  : {
    "Server": "nginx",
    "Date": "Mon, 26 Jun 2023 02:34:23 GMT",
    "Content-Type": "application/json;charset=UTF-8",
    "Transfer-Encoding": "chunked",
    "Set-Cookie": "SESSION=NzBhOTgwM2UtZTYwOC00MjE2LTliZDYtNjRjYzMzM2RhNmFm; Path=/; HttpOnly; SameSite=Lax",
    "X-Frame-Options": "SAMEORIGIN",
    "Connection": "keep-alive"
}
cookies  : {
    "SESSION": "NzBhOTgwM2UtZTYwOC00MjE2LTliZDYtNjRjYzMzM2RhNmFm"
}
encoding : UTF-8
content_type : application/json;charset=UTF-8
body     : {
    "message": "success",
    "status": 1,
    "data": true
}

2023-06-26 10:34:23.513 | INFO     | httprunner.client:request:217 - status_code: 200, response_time(ms): 62.13 ms, response_length: 0 bytes
2023-06-26 10:34:23.513 | INFO     | httprunner.response:extract:179 - extract mapping: {'adminSession': 'response.headers."Set-Cookie".session'}
2023-06-26 10:34:23.513 | INFO     | httprunner.response:validate:249 - assert status_code equal 200(int)	==> pass
2023-06-26 10:34:23.514 | INFO     | httprunner.response:validate:249 - assert headers."Content-Type" equal application/json;charset=UTF-8(str)	==> pass
2023-06-26 10:34:23.514 | INFO     | httprunner.response:validate:249 - assert body.message equal success(str)	==> pass
2023-06-26 10:34:23.514 | INFO     | httprunner.response:validate:249 - assert body.status equal 1(int)	==> pass
2023-06-26 10:34:23.514 | INFO     | httprunner.response:validate:249 - assert body.data equal True(bool)	==> pass
2023-06-26 10:34:23.514 | INFO     | httprunner.runner:__run_step:304 - run step end: 登录-企业用户 <<<<<<

2023-06-26 10:34:23.515 | INFO     | httprunner.runner:__run_step_testcase:286 - export variables: {'adminSession': 'response.headers."Set-Cookie".session'}
2023-06-26 10:34:23.515 | INFO     | httprunner.runner:__run_step:304 - run step end: 登录-管理员 <<<<<<

2023-06-26 10:34:23.515 | INFO     | httprunner.runner:__run_step:292 - run step begin: 年费费用查询 >>>>>>
2023-06-26 10:34:23.516 | INFO     | httprunner.runner:__run_step:292 - run step begin: 财务规则查询-年费 >>>>>>
2023-06-26 10:34:23.594 | DEBUG    | httprunner.client:request:186 - client IP: 127.0.0.1, Port: 51196
2023-06-26 10:34:23.595 | DEBUG    | httprunner.client:request:194 - server IP: 127.0.0.1, Port: 8888
2023-06-26 10:34:23.596 | DEBUG    | httprunner.client:log_print:40 - 
================== request details ==================
method   : GET
url      : http://139.198.116.76:8000/api/finance/rule/findRule?cache=1663837640684&moneyType=2&userId=1694
headers  : {
    "User-Agent": "Mozilla/5.0 (Macintosh; Intel Mac OS X 10_15_7) AppleWebKit/537.36 (KHTML, like Gecko) Chrome/98.0.4758.102 Safari/537.36 Edg/98.0.1108.56",
    "Accept-Encoding": "gzip, deflate",
    "Accept": "application/json, text/plain, */*",
    "Connection": "keep-alive",
    "Accept-Language": "zh-CN,zh;q=0.9,en;q=0.8,en-GB;q=0.7,en-US;q=0.6",
    "HRUN-Request-ID": "HRUN-0e05a1e6-5126-41bc-9586-5619c18ed278-863516",
    "Cookie": "SESSION=NzBhOTgwM2UtZTYwOC00MjE2LTliZDYtNjRjYzMzM2RhNmFm; SESSION=response.headers.\"Set-Cookie\".session"
}
cookies  : {
    "SESSION": "NzBhOTgwM2UtZTYwOC00MjE2LTliZDYtNjRjYzMzM2RhNmFm"
}
body     : None

2023-06-26 10:34:23.597 | DEBUG    | httprunner.client:log_print:40 - 
================== response details ==================
status_code : 200
headers  : {
    "Server": "nginx",
    "Date": "Mon, 26 Jun 2023 02:34:23 GMT",
    "Content-Type": "application/json;charset=UTF-8",
    "Transfer-Encoding": "chunked",
    "X-Frame-Options": "SAMEORIGIN",
    "Connection": "keep-alive"
}
cookies  : {}
encoding : UTF-8
content_type : application/json;charset=UTF-8
body     : {
    "message": "success",
    "status": 1,
    "data": [
        {
            "id": 78,
            "createDate": "2023-05-31 12:51:47",
            "updateDate": "2023-05-31 12:51:47",
            "name": "标准",
            "money": 10000.0,
            "moneyType": 2,
            "prefixCount": 1,
            "remart": "test",
            "entName": null,
            "entUserId": null,
            "ruleType": 2,
            "escrowId": null
        }
    ]
}

2023-06-26 10:34:23.597 | INFO     | httprunner.client:request:217 - status_code: 200, response_time(ms): 77.28 ms, response_length: 0 bytes
2023-06-26 10:34:23.597 | INFO     | httprunner.response:extract:179 - extract mapping: {'annualFeeRuleId': 78}
2023-06-26 10:34:23.597 | INFO     | httprunner.response:validate:249 - assert status_code equal 200(int)	==> pass
2023-06-26 10:34:23.597 | INFO     | httprunner.response:validate:249 - assert body.message equal success(str)	==> pass
2023-06-26 10:34:23.597 | INFO     | httprunner.response:validate:249 - assert body.status equal 1(int)	==> pass
2023-06-26 10:34:23.597 | INFO     | httprunner.runner:__run_step:304 - run step end: 财务规则查询-年费 <<<<<<

2023-06-26 10:34:23.598 | INFO     | httprunner.runner:__run_step_testcase:286 - export variables: {'annualFeeRuleId': 78}
2023-06-26 10:34:23.598 | INFO     | httprunner.runner:__run_step:304 - run step end: 年费费用查询 <<<<<<

2023-06-26 10:34:23.598 | INFO     | httprunner.runner:__run_step:292 - run step begin: 注册费费用查询 >>>>>>
2023-06-26 10:34:23.598 | INFO     | httprunner.runner:__run_step:292 - run step begin: 财务规则查询-注册费 >>>>>>
2023-06-26 10:34:23.760 | DEBUG    | httprunner.client:request:186 - client IP: 127.0.0.1, Port: 51196
2023-06-26 10:34:23.761 | DEBUG    | httprunner.client:request:194 - server IP: 127.0.0.1, Port: 8888
2023-06-26 10:34:23.762 | DEBUG    | httprunner.client:log_print:40 - 
================== request details ==================
method   : GET
url      : http://139.198.116.76:8000/api/finance/rule/findRule?moneyType=1&userId=1694
headers  : {
    "User-Agent": "Mozilla/5.0 (Macintosh; Intel Mac OS X 10_15_7) AppleWebKit/537.36 (KHTML, like Gecko) Chrome/98.0.4758.102 Safari/537.36 Edg/98.0.1108.56",
    "Accept-Encoding": "gzip, deflate",
    "Accept": "application/json, text/plain, */*",
    "Connection": "keep-alive",
    "Accept-Language": "zh-CN,zh;q=0.9,en;q=0.8,en-GB;q=0.7,en-US;q=0.6",
    "HRUN-Request-ID": "HRUN-0e05a1e6-5126-41bc-9586-5619c18ed278-863598",
    "Cookie": "SESSION=NzBhOTgwM2UtZTYwOC00MjE2LTliZDYtNjRjYzMzM2RhNmFm; SESSION=response.headers.\"Set-Cookie\".session"
}
cookies  : {
    "SESSION": "NzBhOTgwM2UtZTYwOC00MjE2LTliZDYtNjRjYzMzM2RhNmFm"
}
body     : None

2023-06-26 10:34:23.763 | DEBUG    | httprunner.client:log_print:40 - 
================== response details ==================
status_code : 200
headers  : {
    "Server": "nginx",
    "Date": "Mon, 26 Jun 2023 02:34:23 GMT",
    "Content-Type": "application/json;charset=UTF-8",
    "Transfer-Encoding": "chunked",
    "X-Frame-Options": "SAMEORIGIN",
    "Connection": "keep-alive"
}
cookies  : {}
encoding : UTF-8
content_type : application/json;charset=UTF-8
body     : {
    "message": "success",
    "status": 1,
    "data": [
        {
            "id": 77,
            "createDate": "2023-05-31 12:51:33",
            "updateDate": "2023-05-31 12:51:33",
            "name": "标准",
            "money": 10000.0,
            "moneyType": 1,
            "prefixCount": 1,
            "remart": "test",
            "entName": null,
            "entUserId": null,
            "ruleType": 2,
            "escrowId": null
        }
    ]
}

2023-06-26 10:34:23.764 | INFO     | httprunner.client:request:217 - status_code: 200, response_time(ms): 161.14 ms, response_length: 0 bytes
2023-06-26 10:34:23.764 | INFO     | httprunner.response:extract:179 - extract mapping: {'regFeeRuleId': 77}
2023-06-26 10:34:23.764 | INFO     | httprunner.response:validate:249 - assert status_code equal 200(int)	==> pass
2023-06-26 10:34:23.764 | INFO     | httprunner.response:validate:249 - assert body.message equal success(str)	==> pass
2023-06-26 10:34:23.764 | INFO     | httprunner.response:validate:249 - assert body.status equal 1(int)	==> pass
2023-06-26 10:34:23.764 | INFO     | httprunner.runner:__run_step:304 - run step end: 财务规则查询-注册费 <<<<<<

2023-06-26 10:34:23.764 | INFO     | httprunner.runner:__run_step_testcase:286 - export variables: {'regFeeRuleId': 77}
2023-06-26 10:34:23.764 | INFO     | httprunner.runner:__run_step:304 - run step end: 注册费费用查询 <<<<<<

2023-06-26 10:34:23.764 | INFO     | httprunner.runner:__run_step:292 - run step begin: 审核结果保存 >>>>>>
2023-06-26 10:34:23.765 | INFO     | httprunner.runner:__run_step:292 - run step begin: 企业审核保存 >>>>>>
2023-06-26 10:34:24.822 | DEBUG    | httprunner.client:request:186 - client IP: 127.0.0.1, Port: 51196
2023-06-26 10:34:24.822 | DEBUG    | httprunner.client:request:194 - server IP: 127.0.0.1, Port: 8888
2023-06-26 10:34:24.823 | DEBUG    | httprunner.client:log_print:40 - 
================== request details ==================
method   : POST
url      : http://139.198.116.76:8000/api/v3/ent/audit/save?annualFeeRuleId=78&applyId=1460&auditMsg=%E5%AE%A1%E6%A0%B8%E9%80%9A%E8%BF%87&auditResult=pass&entPrefix=88.408.8084798098&regFeeRuleId=77
headers  : {
    "User-Agent": "Mozilla/5.0 (Macintosh; Intel Mac OS X 10_15_7) AppleWebKit/537.36 (KHTML, like Gecko) Chrome/98.0.4758.102 Safari/537.36 Edg/98.0.1108.56",
    "Accept-Encoding": "gzip, deflate",
    "Accept": "application/json, text/plain, */*",
    "Connection": "keep-alive",
    "Accept-Language": "zh-CN,zh;q=0.9,en;q=0.8,en-GB;q=0.7,en-US;q=0.6",
    "Content-Length": "0",
    "HRUN-Request-ID": "HRUN-0e05a1e6-5126-41bc-9586-5619c18ed278-863765",
    "Cookie": "SESSION=NzBhOTgwM2UtZTYwOC00MjE2LTliZDYtNjRjYzMzM2RhNmFm; SESSION=response.headers.\"Set-Cookie\".session"
}
cookies  : {
    "SESSION": "NzBhOTgwM2UtZTYwOC00MjE2LTliZDYtNjRjYzMzM2RhNmFm"
}
body     : None

2023-06-26 10:34:24.823 | DEBUG    | httprunner.client:log_print:40 - 
================== response details ==================
status_code : 200
headers  : {
    "Server": "nginx",
    "Date": "Mon, 26 Jun 2023 02:34:24 GMT",
    "Content-Type": "application/json",
    "Transfer-Encoding": "chunked",
    "X-Frame-Options": "SAMEORIGIN",
    "Connection": "keep-alive"
}
cookies  : {}
encoding : utf-8
content_type : application/json
body     : {
    "message": "success",
    "status": 1,
    "data": true
}

2023-06-26 10:34:24.824 | INFO     | httprunner.client:request:217 - status_code: 200, response_time(ms): 1056.76 ms, response_length: 0 bytes
2023-06-26 10:34:24.824 | INFO     | httprunner.response:validate:249 - assert status_code equal 200(int)	==> pass
2023-06-26 10:34:24.824 | INFO     | httprunner.response:validate:249 - assert body.message equal success(str)	==> pass
2023-06-26 10:34:24.824 | INFO     | httprunner.response:validate:249 - assert body.status equal 1(int)	==> pass
2023-06-26 10:34:24.825 | INFO     | httprunner.response:validate:249 - assert body.data equal True(bool)	==> pass
2023-06-26 10:34:24.825 | INFO     | httprunner.runner:__run_step:304 - run step end: 企业审核保存 <<<<<<

2023-06-26 10:34:24.825 | INFO     | httprunner.runner:__run_step:304 - run step end: 审核结果保存 <<<<<<

2023-06-26 10:34:24.826 | INFO     | httprunner.runner:__run_step:292 - run step begin: 前缀管理分页 >>>>>>
2023-06-26 10:34:24.826 | INFO     | httprunner.runner:__run_step:292 - run step begin: 前缀管理分页 >>>>>>
2023-06-26 10:34:24.881 | DEBUG    | httprunner.client:request:186 - client IP: 127.0.0.1, Port: 51196
2023-06-26 10:34:24.882 | DEBUG    | httprunner.client:request:194 - server IP: 127.0.0.1, Port: 8888
2023-06-26 10:34:24.883 | DEBUG    | httprunner.client:log_print:40 - 
================== request details ==================
method   : GET
url      : http://139.198.116.76:8000/api/v3/ent/prefix/manage/pageQuery?cache=1663838231980&currentPage=1&entPrefix=88.408.8084798098&escrowOrgName=&order=&orderProp=
headers  : {
    "User-Agent": "Mozilla/5.0 (Macintosh; Intel Mac OS X 10_15_7) AppleWebKit/537.36 (KHTML, like Gecko) Chrome/98.0.4758.102 Safari/537.36 Edg/98.0.1108.56",
    "Accept-Encoding": "gzip, deflate",
    "Accept": "application/json, text/plain, */*",
    "Connection": "keep-alive",
    "Accept-Language": "zh-CN,zh;q=0.9,en;q=0.8,en-GB;q=0.7,en-US;q=0.6",
    "HRUN-Request-ID": "HRUN-0e05a1e6-5126-41bc-9586-5619c18ed278-864827",
    "Cookie": "SESSION=NzBhOTgwM2UtZTYwOC00MjE2LTliZDYtNjRjYzMzM2RhNmFm; SESSION=response.headers.\"Set-Cookie\".session"
}
cookies  : {
    "SESSION": "NzBhOTgwM2UtZTYwOC00MjE2LTliZDYtNjRjYzMzM2RhNmFm"
}
body     : None

2023-06-26 10:34:24.884 | DEBUG    | httprunner.client:log_print:40 - 
================== response details ==================
status_code : 200
headers  : {
    "Server": "nginx",
    "Date": "Mon, 26 Jun 2023 02:34:24 GMT",
    "Content-Type": "application/json",
    "Transfer-Encoding": "chunked",
    "X-Frame-Options": "SAMEORIGIN",
    "Connection": "keep-alive"
}
cookies  : {}
encoding : utf-8
content_type : application/json
body     : {
    "message": "success",
    "status": 1,
    "data": {
        "first": true,
        "last": true,
        "totalPages": 1,
        "totalElements": 1,
        "number": 1,
        "size": 10,
        "sort": {
            "sorted": false,
            "unsorted": true,
            "empty": true
        },
        "numberOfElements": 1,
        "content": [
            {
                "userId": 1694,
                "entPrefix": "88.408.8084798098",
                "state": 1,
                "entGeneralId": null,
                "entName": "zAUeacYASAGLeLhX2OcyNlsl85jXcY2H",
                "escrowOrgName": null,
                "proxyState": 1,
                "createDate": "2023-06-26 10:34:25",
                "updateDate": "2023-06-26 10:34:25",
                "id": 748
            }
        ]
    }
}

2023-06-26 10:34:24.884 | INFO     | httprunner.client:request:217 - status_code: 200, response_time(ms): 53.84 ms, response_length: 0 bytes
2023-06-26 10:34:24.885 | INFO     | httprunner.response:extract:179 - extract mapping: {'userId': 1694, 'entPrefix': '88.408.8084798098', 'prefixId': 748, 'entNameCn': 'zAUeacYASAGLeLhX2OcyNlsl85jXcY2H', 'proxyState': 1}
2023-06-26 10:34:24.885 | INFO     | httprunner.response:validate:249 - assert status_code equal 200(int)	==> pass
2023-06-26 10:34:24.885 | INFO     | httprunner.response:validate:249 - assert body.message equal success(str)	==> pass
2023-06-26 10:34:24.885 | INFO     | httprunner.runner:__run_step:304 - run step end: 前缀管理分页 <<<<<<

2023-06-26 10:34:24.885 | INFO     | httprunner.runner:__run_step_testcase:286 - export variables: {'proxyState': 1, 'entPrefix': '88.408.8084798098', 'entNameCn': 'zAUeacYASAGLeLhX2OcyNlsl85jXcY2H', 'prefixId': 748, 'userId': 1694}
2023-06-26 10:34:24.885 | INFO     | httprunner.runner:__run_step:304 - run step end: 前缀管理分页 <<<<<<

2023-06-26 10:34:24.885 | INFO     | httprunner.runner:__run_step_testcase:286 - export variables: {'entPrefix': '88.408.8084798098'}
2023-06-26 10:34:24.885 | INFO     | httprunner.runner:__run_step:304 - run step end: 前缀注册并审核通过 <<<<<<

2023-06-26 10:34:24.885 | INFO     | httprunner.runner:__run_step:292 - run step begin: 登录-管理员 >>>>>>
2023-06-26 10:34:24.886 | INFO     | httprunner.runner:__run_step:292 - run step begin: 登录-企业用户 >>>>>>
2023-06-26 10:34:24.947 | DEBUG    | httprunner.client:request:186 - client IP: 127.0.0.1, Port: 51196
2023-06-26 10:34:24.948 | DEBUG    | httprunner.client:request:194 - server IP: 127.0.0.1, Port: 8888
2023-06-26 10:34:24.948 | DEBUG    | httprunner.client:log_print:40 - 
================== request details ==================
method   : POST
url      : http://139.198.116.76:8000/api/home/test/login
headers  : {
    "User-Agent": "python-requests/2.28.1",
    "Accept-Encoding": "gzip, deflate, br",
    "Accept": "*/*",
    "Connection": "keep-alive",
    "Content-Length": "144",
    "Content-Type": "application/json",
    "HRUN-Request-ID": "HRUN-0e05a1e6-5126-41bc-9586-5619c18ed278-864886",
    "Cookie": "SESSION=NzBhOTgwM2UtZTYwOC00MjE2LTliZDYtNjRjYzMzM2RhNmFm"
}
cookies  : {
    "SESSION": "NzBhOTgwM2UtZTYwOC00MjE2LTliZDYtNjRjYzMzM2RhNmFm"
}
body     : {
    "captcha": "0000",
    "captchaSign": "5d39bab12bba81ab59b3931d2ca06ee9603c3803355932be66974f122cab3502",
    "emailCaptcha": "",
    "username": "adminy"
}

2023-06-26 10:34:24.949 | DEBUG    | httprunner.client:log_print:40 - 
================== response details ==================
status_code : 200
headers  : {
    "Server": "nginx",
    "Date": "Mon, 26 Jun 2023 02:34:25 GMT",
    "Content-Type": "application/json;charset=UTF-8",
    "Transfer-Encoding": "chunked",
    "Set-Cookie": "SESSION=ODJkMWRmOTQtZGY4OC00ZGRmLWI5ZTUtYjA0MzA5MDg4ZDY0; Path=/; HttpOnly; SameSite=Lax",
    "X-Frame-Options": "SAMEORIGIN",
    "Connection": "keep-alive"
}
cookies  : {
    "SESSION": "ODJkMWRmOTQtZGY4OC00ZGRmLWI5ZTUtYjA0MzA5MDg4ZDY0"
}
encoding : UTF-8
content_type : application/json;charset=UTF-8
body     : {
    "message": "success",
    "status": 1,
    "data": true
}

2023-06-26 10:34:24.949 | INFO     | httprunner.client:request:217 - status_code: 200, response_time(ms): 61.19 ms, response_length: 0 bytes
2023-06-26 10:34:24.949 | INFO     | httprunner.response:extract:179 - extract mapping: {'adminSession': 'response.headers."Set-Cookie".session'}
2023-06-26 10:34:24.950 | INFO     | httprunner.response:validate:249 - assert status_code equal 200(int)	==> pass
2023-06-26 10:34:24.950 | INFO     | httprunner.response:validate:249 - assert headers."Content-Type" equal application/json;charset=UTF-8(str)	==> pass
2023-06-26 10:34:24.950 | INFO     | httprunner.response:validate:249 - assert body.message equal success(str)	==> pass
2023-06-26 10:34:24.951 | INFO     | httprunner.response:validate:249 - assert body.status equal 1(int)	==> pass
2023-06-26 10:34:24.951 | INFO     | httprunner.response:validate:249 - assert body.data equal True(bool)	==> pass
2023-06-26 10:34:24.951 | INFO     | httprunner.runner:__run_step:304 - run step end: 登录-企业用户 <<<<<<

2023-06-26 10:34:24.951 | INFO     | httprunner.runner:__run_step_testcase:286 - export variables: {'adminSession': 'response.headers."Set-Cookie".session'}
2023-06-26 10:34:24.952 | INFO     | httprunner.runner:__run_step:304 - run step end: 登录-管理员 <<<<<<

2023-06-26 10:34:24.952 | INFO     | httprunner.runner:__run_step:292 - run step begin: 企业数量统计 >>>>>>
2023-06-26 10:34:24.952 | INFO     | httprunner.runner:__run_step:292 - run step begin: 首页-数据汇总-企业数量 >>>>>>
2023-06-26 10:34:25.029 | DEBUG    | httprunner.client:request:186 - client IP: 127.0.0.1, Port: 51196
2023-06-26 10:34:25.029 | DEBUG    | httprunner.client:request:194 - server IP: 127.0.0.1, Port: 8888
2023-06-26 10:34:25.029 | DEBUG    | httprunner.client:log_print:40 - 
================== request details ==================
method   : GET
url      : http://139.198.116.76:8000/api/index/statistics?cache=1663755717060
headers  : {
    "User-Agent": "Mozilla/5.0 (Macintosh; Intel Mac OS X 10_15_7) AppleWebKit/537.36 (KHTML, like Gecko) Chrome/105.0.0.0 Safari/537.36",
    "Accept-Encoding": "gzip, deflate",
    "Accept": "application/json, text/plain, */*",
    "Connection": "keep-alive",
    "Accept-Language": "zh-CN,zh;q=0.9",
    "HRUN-Request-ID": "HRUN-0e05a1e6-5126-41bc-9586-5619c18ed278-864952",
    "Cookie": "SESSION=ODJkMWRmOTQtZGY4OC00ZGRmLWI5ZTUtYjA0MzA5MDg4ZDY0; SESSION=response.headers.\"Set-Cookie\".session"
}
cookies  : {
    "SESSION": "ODJkMWRmOTQtZGY4OC00ZGRmLWI5ZTUtYjA0MzA5MDg4ZDY0"
}
body     : None

2023-06-26 10:34:25.030 | DEBUG    | httprunner.client:log_print:40 - 
================== response details ==================
status_code : 200
headers  : {
    "Server": "nginx",
    "Date": "Mon, 26 Jun 2023 02:34:25 GMT",
    "Content-Type": "application/json;charset=UTF-8",
    "Transfer-Encoding": "chunked",
    "X-Frame-Options": "SAMEORIGIN",
    "Connection": "keep-alive"
}
cookies  : {}
encoding : UTF-8
content_type : application/json;charset=UTF-8
body     : {
    "message": "success",
    "status": 1,
    "data": {
        "prefixNum": 535,
        "entNum": 464,
        "applyNum": 369,
        "identityNum": 1922,
        "resolvnum": 280,
        "delnum": 81
    }
}

2023-06-26 10:34:25.030 | INFO     | httprunner.client:request:217 - status_code: 200, response_time(ms): 76.56 ms, response_length: 0 bytes
2023-06-26 10:34:25.030 | INFO     | httprunner.response:validate:249 - assert status_code equal 200(int)	==> pass
2023-06-26 10:34:25.030 | INFO     | httprunner.response:validate:249 - assert headers."Content-Type" equal application/json;charset=UTF-8(str)	==> pass
2023-06-26 10:34:25.030 | INFO     | httprunner.response:validate:249 - assert body.message equal success(str)	==> pass
2023-06-26 10:34:25.030 | INFO     | httprunner.response:validate:249 - assert body.status equal 1(int)	==> pass
2023-06-26 10:34:25.030 | INFO     | httprunner.response:validate:249 - assert body.data.prefixNum equal 535(int)	==> pass
2023-06-26 10:34:25.030 | INFO     | httprunner.response:validate:249 - assert body.data.entNum equal 464(int)	==> pass
2023-06-26 10:34:25.030 | INFO     | httprunner.runner:__run_step:304 - run step end: 首页-数据汇总-企业数量 <<<<<<

2023-06-26 10:34:25.030 | INFO     | httprunner.runner:__run_step:304 - run step end: 企业数量统计 <<<<<<

