2023-06-14 16:25:29.868 | INFO     | httprunner.runner:test_start:450 - Start to run testcase: 申请记录分页-33,34, TestCase ID: 11dffab3-ac0a-4f2e-952a-27b68ca63f74
2023-06-14 16:25:29.869 | INFO     | httprunner.runner:__run_step:292 - run step begin: 用户注册 >>>>>>
2023-06-14 16:25:29.869 | INFO     | httprunner.runner:__run_step:292 - run step begin: 用户注册 >>>>>>
2023-06-14 16:25:30.004 | DEBUG    | httprunner.client:request:186 - client IP: 127.0.0.1, Port: 59322
2023-06-14 16:25:30.004 | DEBUG    | httprunner.client:request:194 - server IP: 127.0.0.1, Port: 8888
2023-06-14 16:25:30.004 | DEBUG    | httprunner.client:log_print:40 - 
================== request details ==================
method   : POST
url      : http://139.198.116.76:8000/api/home/test/registry
headers  : {
    "User-Agent": "Mozilla/5.0 (Windows NT 10.0; WOW64) AppleWebKit/537.36 (KHTML, like Gecko) Chrome/100.0.4896.60 Safari/537.36",
    "Accept-Encoding": "gzip, deflate",
    "Accept": "application/json, text/plain, */*",
    "Connection": "keep-alive",
    "Accept-Language": "zh-CN,zh;q=0.9",
    "HRUN-Request-ID": "HRUN-11dffab3-ac0a-4f2e-952a-27b68ca63f74-129870",
    "Content-Length": "187",
    "Content-Type": "application/json"
}
cookies  : {}
body     : {
    "email": "r1A6VxPqvDtGdx4T@qaqseq.com",
    "mobile": "18725589659",
    "openId": "",
    "openUserName": "",
    "password": "Admin@123",
    "remarks": "",
    "username": "Jerq4iKsP1gCDa4ywCvPK9q2FReJNoZZ"
}

2023-06-14 16:25:30.015 | DEBUG    | httprunner.client:log_print:40 - 
================== response details ==================
status_code : 200
headers  : {
    "Server": "nginx",
    "Date": "Wed, 14 Jun 2023 08:25:30 GMT",
    "Content-Type": "application/json",
    "Transfer-Encoding": "chunked",
    "X-Frame-Options": "SAMEORIGIN",
    "Connection": "keep-alive"
}
cookies  : {}
encoding : utf-8
content_type : application/json
body     : {
    "message": "success",
    "status": 1,
    "data": true
}

2023-06-14 16:25:30.015 | INFO     | httprunner.client:request:217 - status_code: 200, response_time(ms): 133.96 ms, response_length: 0 bytes
2023-06-14 16:25:30.016 | INFO     | httprunner.response:validate:249 - assert status_code equal 200(int)	==> pass
2023-06-14 16:25:30.016 | INFO     | httprunner.response:validate:249 - assert body.message equal success(str)	==> pass
2023-06-14 16:25:30.016 | INFO     | httprunner.response:validate:249 - assert body.status equal 1(int)	==> pass
2023-06-14 16:25:30.016 | INFO     | httprunner.response:validate:249 - assert body.message contains success(str)	==> pass
2023-06-14 16:25:30.016 | INFO     | httprunner.response:validate:249 - assert body.status contained_by [1, 200](list)	==> pass
2023-06-14 16:25:30.016 | INFO     | httprunner.runner:__run_step:304 - run step end: 用户注册 <<<<<<

2023-06-14 16:25:30.017 | INFO     | httprunner.runner:__run_step:304 - run step end: 用户注册 <<<<<<

2023-06-14 16:25:30.017 | INFO     | httprunner.runner:__run_step:292 - run step begin: 登录-企业 >>>>>>
2023-06-14 16:25:30.017 | INFO     | httprunner.runner:__run_step:292 - run step begin: 登录-企业用户 >>>>>>
2023-06-14 16:25:30.089 | DEBUG    | httprunner.client:request:186 - client IP: 127.0.0.1, Port: 59322
2023-06-14 16:25:30.090 | DEBUG    | httprunner.client:request:194 - server IP: 127.0.0.1, Port: 8888
2023-06-14 16:25:30.091 | DEBUG    | httprunner.client:log_print:40 - 
================== request details ==================
method   : POST
url      : http://139.198.116.76:8000/api/home/test/login
headers  : {
    "User-Agent": "python-requests/2.28.1",
    "Accept-Encoding": "gzip, deflate, br",
    "Accept": "*/*",
    "Connection": "keep-alive",
    "Content-Length": "170",
    "Content-Type": "application/json",
    "HRUN-Request-ID": "HRUN-11dffab3-ac0a-4f2e-952a-27b68ca63f74-130018"
}
cookies  : {}
body     : {
    "captcha": "0000",
    "captchaSign": "6c771f0eb27fc8f9341a8fbf74905048a524dd32c94e3ae57193886c281196c9",
    "emailCaptcha": "",
    "username": "Jerq4iKsP1gCDa4ywCvPK9q2FReJNoZZ"
}

2023-06-14 16:25:30.092 | DEBUG    | httprunner.client:log_print:40 - 
================== response details ==================
status_code : 200
headers  : {
    "Server": "nginx",
    "Date": "Wed, 14 Jun 2023 08:25:30 GMT",
    "Content-Type": "application/json;charset=UTF-8",
    "Transfer-Encoding": "chunked",
    "Set-Cookie": "SESSION=ODU2NjlhOTYtODFkNC00ZjY3LTkyZGMtMDAzODZhNmMyNTAy; Path=/; HttpOnly; SameSite=Lax",
    "X-Frame-Options": "SAMEORIGIN",
    "Connection": "keep-alive"
}
cookies  : {
    "SESSION": "ODU2NjlhOTYtODFkNC00ZjY3LTkyZGMtMDAzODZhNmMyNTAy"
}
encoding : UTF-8
content_type : application/json;charset=UTF-8
body     : {
    "message": "success",
    "status": 1,
    "data": true
}

2023-06-14 16:25:30.093 | INFO     | httprunner.client:request:217 - status_code: 200, response_time(ms): 71.43 ms, response_length: 0 bytes
2023-06-14 16:25:30.093 | INFO     | httprunner.response:extract:179 - extract mapping: {'entSession': 'response.headers."Set-Cookie".session'}
2023-06-14 16:25:30.093 | INFO     | httprunner.response:validate:249 - assert status_code equal 200(int)	==> pass
2023-06-14 16:25:30.093 | INFO     | httprunner.response:validate:249 - assert headers."Content-Type" equal application/json;charset=UTF-8(str)	==> pass
2023-06-14 16:25:30.093 | INFO     | httprunner.response:validate:249 - assert body.message equal success(str)	==> pass
2023-06-14 16:25:30.094 | INFO     | httprunner.response:validate:249 - assert body.status equal 1(int)	==> pass
2023-06-14 16:25:30.094 | INFO     | httprunner.response:validate:249 - assert body.data equal True(bool)	==> pass
2023-06-14 16:25:30.094 | INFO     | httprunner.runner:__run_step:304 - run step end: 登录-企业用户 <<<<<<

2023-06-14 16:25:30.094 | INFO     | httprunner.runner:__run_step_testcase:286 - export variables: {'entSession': 'response.headers."Set-Cookie".session'}
2023-06-14 16:25:30.094 | INFO     | httprunner.runner:__run_step:304 - run step end: 登录-企业 <<<<<<

2023-06-14 16:25:30.095 | INFO     | httprunner.runner:__run_step:292 - run step begin: 前缀注册企业资质图片上传 >>>>>>
2023-06-14 16:25:30.095 | INFO     | httprunner.runner:__run_step:292 - run step begin: 前缀注册企业资质图片上传 >>>>>>
2023-06-14 16:25:30.219 | DEBUG    | httprunner.client:request:186 - client IP: 127.0.0.1, Port: 59322
2023-06-14 16:25:30.220 | DEBUG    | httprunner.client:request:194 - server IP: 127.0.0.1, Port: 8888
2023-06-14 16:25:30.222 | DEBUG    | httprunner.client:log_print:40 - 
================== request details ==================
method   : POST
url      : http://139.198.116.76:8000/api/file/img/upload
headers  : {
    "User-Agent": "Mozilla/5.0 (Macintosh; Intel Mac OS X 10_15_7) AppleWebKit/537.36 (KHTML, like Gecko) Chrome/105.0.0.0 Safari/537.36",
    "Accept-Encoding": "gzip, deflate",
    "Accept": "application/json, text/plain, */*",
    "Connection": "keep-alive",
    "Accept-Language": "zh-CN,zh;q=0.9",
    "Content-Type": "multipart/form-data; boundary=03bab79472a24f9592d713e7f3d80fd8",
    "HRUN-Request-ID": "HRUN-11dffab3-ac0a-4f2e-952a-27b68ca63f74-130098",
    "Cookie": "SESSION=ODU2NjlhOTYtODFkNC00ZjY3LTkyZGMtMDAzODZhNmMyNTAy; SESSION=response.headers.\"Set-Cookie\".session",
    "Content-Length": "20435"
}
cookies  : {
    "SESSION": "ODU2NjlhOTYtODFkNC00ZjY3LTkyZGMtMDAzODZhNmMyNTAy"
}
body     : upload file stream (OMITTED)

2023-06-14 16:25:30.223 | DEBUG    | httprunner.client:log_print:40 - 
================== response details ==================
status_code : 200
headers  : {
    "Server": "nginx",
    "Date": "Wed, 14 Jun 2023 08:25:30 GMT",
    "Content-Type": "application/json;charset=UTF-8",
    "Transfer-Encoding": "chunked",
    "X-Frame-Options": "SAMEORIGIN",
    "Connection": "keep-alive"
}
cookies  : {}
encoding : UTF-8
content_type : application/json;charset=UTF-8
body     : {
    "message": "success",
    "status": 1,
    "data": {
        "id": 2242,
        "path": "72a76957-e541-49e3-9baf-ee516378501b.jpeg"
    }
}

2023-06-14 16:25:30.223 | INFO     | httprunner.client:request:217 - status_code: 200, response_time(ms): 120.86 ms, response_length: 0 bytes
2023-06-14 16:25:30.223 | INFO     | httprunner.response:extract:179 - extract mapping: {'imgId': 2242}
2023-06-14 16:25:30.224 | INFO     | httprunner.response:validate:249 - assert status_code equal 200(int)	==> pass
2023-06-14 16:25:30.224 | INFO     | httprunner.runner:__run_step:304 - run step end: 前缀注册企业资质图片上传 <<<<<<

2023-06-14 16:25:30.224 | INFO     | httprunner.runner:__run_step_testcase:286 - export variables: {'imgId': 2242}
2023-06-14 16:25:30.224 | INFO     | httprunner.runner:__run_step:304 - run step end: 前缀注册企业资质图片上传 <<<<<<

2023-06-14 16:25:30.224 | INFO     | httprunner.runner:__run_step:292 - run step begin: 前缀注册企业联系人身份证图片正面上传 >>>>>>
2023-06-14 16:25:30.225 | INFO     | httprunner.runner:__run_step:292 - run step begin: 前缀注册企业联系人身份证图片背面上传 >>>>>>
2023-06-14 16:25:30.329 | DEBUG    | httprunner.client:request:186 - client IP: 127.0.0.1, Port: 59322
2023-06-14 16:25:30.329 | DEBUG    | httprunner.client:request:194 - server IP: 127.0.0.1, Port: 8888
2023-06-14 16:25:30.330 | DEBUG    | httprunner.client:log_print:40 - 
================== request details ==================
method   : POST
url      : http://139.198.116.76:8000/api/file/img/upload
headers  : {
    "User-Agent": "Mozilla/5.0 (Macintosh; Intel Mac OS X 10_15_7) AppleWebKit/537.36 (KHTML, like Gecko) Chrome/105.0.0.0 Safari/537.36",
    "Accept-Encoding": "gzip, deflate",
    "Accept": "application/json, text/plain, */*",
    "Connection": "keep-alive",
    "Accept-Language": "zh-CN,zh;q=0.9",
    "Content-Type": "multipart/form-data; boundary=2a14c4b20e5e458ebd416480c242faaf",
    "HRUN-Request-ID": "HRUN-11dffab3-ac0a-4f2e-952a-27b68ca63f74-130226",
    "Cookie": "SESSION=ODU2NjlhOTYtODFkNC00ZjY3LTkyZGMtMDAzODZhNmMyNTAy; SESSION=response.headers.\"Set-Cookie\".session",
    "Content-Length": "20435"
}
cookies  : {
    "SESSION": "ODU2NjlhOTYtODFkNC00ZjY3LTkyZGMtMDAzODZhNmMyNTAy"
}
body     : upload file stream (OMITTED)

2023-06-14 16:25:30.330 | DEBUG    | httprunner.client:log_print:40 - 
================== response details ==================
status_code : 200
headers  : {
    "Server": "nginx",
    "Date": "Wed, 14 Jun 2023 08:25:30 GMT",
    "Content-Type": "application/json;charset=UTF-8",
    "Transfer-Encoding": "chunked",
    "X-Frame-Options": "SAMEORIGIN",
    "Connection": "keep-alive"
}
cookies  : {}
encoding : UTF-8
content_type : application/json;charset=UTF-8
body     : {
    "message": "success",
    "status": 1,
    "data": {
        "id": 2243,
        "path": "c72c3a09-0564-43ba-acb0-fb5850a79665.jpeg"
    }
}

2023-06-14 16:25:30.331 | INFO     | httprunner.client:request:217 - status_code: 200, response_time(ms): 102.5 ms, response_length: 0 bytes
2023-06-14 16:25:30.331 | INFO     | httprunner.response:extract:179 - extract mapping: {'imgId_f': 2243}
2023-06-14 16:25:30.331 | INFO     | httprunner.response:validate:249 - assert status_code equal 200(int)	==> pass
2023-06-14 16:25:30.331 | INFO     | httprunner.runner:__run_step:304 - run step end: 前缀注册企业联系人身份证图片背面上传 <<<<<<

2023-06-14 16:25:30.332 | INFO     | httprunner.runner:__run_step_testcase:286 - export variables: {'imgId_f': 2243}
2023-06-14 16:25:30.332 | INFO     | httprunner.runner:__run_step:304 - run step end: 前缀注册企业联系人身份证图片正面上传 <<<<<<

2023-06-14 16:25:30.332 | INFO     | httprunner.runner:__run_step:292 - run step begin: 前缀注册企业联系人身份证图片背面上传 >>>>>>
2023-06-14 16:25:30.333 | INFO     | httprunner.runner:__run_step:292 - run step begin: 前缀注册企业联系人身份证图片背面上传 >>>>>>
2023-06-14 16:25:30.438 | DEBUG    | httprunner.client:request:186 - client IP: 127.0.0.1, Port: 59322
2023-06-14 16:25:30.439 | DEBUG    | httprunner.client:request:194 - server IP: 127.0.0.1, Port: 8888
2023-06-14 16:25:30.441 | DEBUG    | httprunner.client:log_print:40 - 
================== request details ==================
method   : POST
url      : http://139.198.116.76:8000/api/file/img/upload
headers  : {
    "User-Agent": "Mozilla/5.0 (Macintosh; Intel Mac OS X 10_15_7) AppleWebKit/537.36 (KHTML, like Gecko) Chrome/105.0.0.0 Safari/537.36",
    "Accept-Encoding": "gzip, deflate",
    "Accept": "application/json, text/plain, */*",
    "Connection": "keep-alive",
    "Accept-Language": "zh-CN,zh;q=0.9",
    "Content-Type": "multipart/form-data; boundary=8c270d66e22f42e08c9141c68c276a83",
    "HRUN-Request-ID": "HRUN-11dffab3-ac0a-4f2e-952a-27b68ca63f74-130334",
    "Cookie": "SESSION=ODU2NjlhOTYtODFkNC00ZjY3LTkyZGMtMDAzODZhNmMyNTAy; SESSION=response.headers.\"Set-Cookie\".session",
    "Content-Length": "20435"
}
cookies  : {
    "SESSION": "ODU2NjlhOTYtODFkNC00ZjY3LTkyZGMtMDAzODZhNmMyNTAy"
}
body     : upload file stream (OMITTED)

2023-06-14 16:25:30.442 | DEBUG    | httprunner.client:log_print:40 - 
================== response details ==================
status_code : 200
headers  : {
    "Server": "nginx",
    "Date": "Wed, 14 Jun 2023 08:25:30 GMT",
    "Content-Type": "application/json;charset=UTF-8",
    "Transfer-Encoding": "chunked",
    "X-Frame-Options": "SAMEORIGIN",
    "Connection": "keep-alive"
}
cookies  : {}
encoding : UTF-8
content_type : application/json;charset=UTF-8
body     : {
    "message": "success",
    "status": 1,
    "data": {
        "id": 2244,
        "path": "3dfecf6c-d989-46ad-8019-363d17e2af0a.jpeg"
    }
}

2023-06-14 16:25:30.442 | INFO     | httprunner.client:request:217 - status_code: 200, response_time(ms): 103.61 ms, response_length: 0 bytes
2023-06-14 16:25:30.443 | INFO     | httprunner.response:extract:179 - extract mapping: {'imgId_b': 2244}
2023-06-14 16:25:30.443 | INFO     | httprunner.response:validate:249 - assert status_code equal 200(int)	==> pass
2023-06-14 16:25:30.443 | INFO     | httprunner.runner:__run_step:304 - run step end: 前缀注册企业联系人身份证图片背面上传 <<<<<<

2023-06-14 16:25:30.443 | INFO     | httprunner.runner:__run_step_testcase:286 - export variables: {'imgId_b': 2244}
2023-06-14 16:25:30.443 | INFO     | httprunner.runner:__run_step:304 - run step end: 前缀注册企业联系人身份证图片背面上传 <<<<<<

2023-06-14 16:25:30.444 | INFO     | httprunner.runner:__run_step:292 - run step begin: 企业注册第一步提交信息 >>>>>>
2023-06-14 16:25:30.444 | INFO     | httprunner.runner:__run_step:292 - run step begin: 企业注册第一步提交信息 >>>>>>
2023-06-14 16:25:30.706 | DEBUG    | httprunner.client:request:186 - client IP: 127.0.0.1, Port: 59322
2023-06-14 16:25:30.707 | DEBUG    | httprunner.client:request:194 - server IP: 127.0.0.1, Port: 8888
2023-06-14 16:25:30.709 | DEBUG    | httprunner.client:log_print:40 - 
================== request details ==================
method   : POST
url      : http://139.198.116.76:8000/api/v3/entApply/basicInfo/submit
headers  : {
    "User-Agent": "Mozilla/5.0 (Macintosh; Intel Mac OS X 10_15_7) AppleWebKit/537.36 (KHTML, like Gecko) Chrome/105.0.0.0 Safari/537.36",
    "Accept-Encoding": "gzip, deflate",
    "Accept": "application/json, text/plain, */*",
    "Connection": "keep-alive",
    "Accept-Language": "zh-CN,zh;q=0.9",
    "Content-Type": "application/json;charset=UTF-8",
    "HRUN-Request-ID": "HRUN-11dffab3-ac0a-4f2e-952a-27b68ca63f74-130445",
    "Cookie": "SESSION=ODU2NjlhOTYtODFkNC00ZjY3LTkyZGMtMDAzODZhNmMyNTAy; SESSION=response.headers.\"Set-Cookie\".session",
    "Content-Length": "2549"
}
cookies  : {
    "SESSION": "ODU2NjlhOTYtODFkNC00ZjY3LTkyZGMtMDAzODZhNmMyNTAy"
}
body     : {
    "applyStep": 2,
    "applyType": null,
    "area": [
        "110000",
        "110100",
        "110101"
    ],
    "cltrid": null,
    "contactCrtBackImgPath": null,
    "contactCrtBackImgRid": 2244,
    "contactCrtFrontImgPath": null,
    "contactCrtFrontImgRid": 2243,
    "contactCrtNo": "443627196207292319",
    "contactCrtType": 1,
    "contactEmail": "r1A6VxPqvDtGdx4T@qaqseq.com",
    "contactName": "Jerq4iKsP1gCDa4ywCvPK9q2FReJNoZZ",
    "contactPhone": "18725589659",
    "createDate": null,
    "dataHostingContractFilePath": null,
    "dataHostingContractFileRid": null,
    "dataHostingOrg": null,
    "entGeneralId": null,
    "entInfoLicenses": [],
    "entInfoSerIndustrys": [],
    "entPrefix": "88.408.5362",
    "escrowId": null,
    "escrowOrgName": null,
    "establishDate": null,
    "extDomain": null,
    "extIpAddr": null,
    "extWebName": null,
    "finalAuditMsg": null,
    "finalAuditStatus": null,
    "firstAuditMsg": null,
    "firstAuditStatus": null,
    "id": null,
    "idRegNaImp": null,
    "industry": [
        "A",
        "01"
    ],
    "industryCategory": "A",
    "industrySpecific": "01",
    "isSubmit": 0,
    "legalCrtBackImgContent": null,
    "legalCrtBackImgPath": null,
    "legalCrtBackImgRid": 2244,
    "legalCrtFrontImgContent": null,
    "legalCrtFrontImgPath": null,
    "legalCrtFrontImgRid": 2243,
    "legalCrtNo": "443627196207292319",
    "legalCrtType": "1",
    "legalCrtTypeDesc": "中国居民身份证",
    "legalEmail": null,
    "legalFax": null,
    "legalName": "张三",
    "legalPhone": null,
    "orgAddr": "致真",
    "orgAddrCity": "110100",
    "orgAddrCityDesc": "市辖区",
    "orgAddrCounty": "110101",
    "orgAddrCountyDesc": "东城区",
    "orgAddrProvince": "110000",
    "orgAddrProvinceDesc": "北京市",
    "orgCategorySpecificDesc": "农、林、牧、渔业-农业",
    "orgCrtCode": "Jerq4iKsP1gCDa4ywCvPK9q2FReJNoZZ",
    "orgCrtImgContent": null,
    "orgCrtImgPath": null,
    "orgCrtImgRid": 2242,
    "orgCrtType": "1",
    "orgDesc": null,
    "orgName": "Jerq4iKsP1gCDa4ywCvPK9q2FReJNoZZ",
    "orgNature": "1",
    "orgNatureDesc": "国有控股",
    "periodValidity": null,
    "regAuthority": null,
    "regCapital": null,
    "regRealNaImpName": null,
    "regRealNaImpType": null,
    "servHostingContractFilePath": null,
    "servHostingContractFileRid": null,
    "servHostingOrg": null,
    "servSysBuildContractFilePath": null,
    "servSysBuildContractFileRid": null,
    "servSysBuildName": null,
    "servSysBuildType": 1,
    "servSysOperContractFilePath": null,
    "servSysOperContractFileRid": null,
    "servSysOperName": null,
    "servSysOperType": 1,
    "svtrid": null,
    "thirdServiceMsg": null,
    "thirdServiceStatus": null,
    "updateDate": null,
    "userId": null,
    "userName": null,
    "website": null
}

2023-06-14 16:25:30.710 | DEBUG    | httprunner.client:log_print:40 - 
================== response details ==================
status_code : 200
headers  : {
    "Server": "nginx",
    "Date": "Wed, 14 Jun 2023 08:25:30 GMT",
    "Content-Type": "application/json;charset=UTF-8",
    "Transfer-Encoding": "chunked",
    "X-Frame-Options": "SAMEORIGIN",
    "Connection": "keep-alive"
}
cookies  : {}
encoding : UTF-8
content_type : application/json;charset=UTF-8
body     : {
    "message": "success",
    "status": 1,
    "data": true
}

2023-06-14 16:25:30.710 | INFO     | httprunner.client:request:217 - status_code: 200, response_time(ms): 261.12 ms, response_length: 0 bytes
2023-06-14 16:25:30.710 | INFO     | httprunner.response:validate:249 - assert status_code equal 200(int)	==> pass
2023-06-14 16:25:30.711 | INFO     | httprunner.response:validate:249 - assert body.message equal success(str)	==> pass
2023-06-14 16:25:30.711 | INFO     | httprunner.runner:__run_step:304 - run step end: 企业注册第一步提交信息 <<<<<<

2023-06-14 16:25:30.711 | INFO     | httprunner.runner:__run_step:304 - run step end: 企业注册第一步提交信息 <<<<<<

2023-06-14 16:25:30.711 | INFO     | httprunner.runner:__run_step:292 - run step begin: 企业注册查询注册信息 >>>>>>
2023-06-14 16:25:30.712 | INFO     | httprunner.runner:__run_step:292 - run step begin: 企业注册查询注册信息 >>>>>>
2023-06-14 16:25:30.789 | DEBUG    | httprunner.client:request:186 - client IP: 127.0.0.1, Port: 59322
2023-06-14 16:25:30.790 | DEBUG    | httprunner.client:request:194 - server IP: 127.0.0.1, Port: 8888
2023-06-14 16:25:30.791 | DEBUG    | httprunner.client:log_print:40 - 
================== request details ==================
method   : GET
url      : http://139.198.116.76:8000/api/v3/entApply/applyOrNot
headers  : {
    "User-Agent": "Mozilla/5.0 (Macintosh; Intel Mac OS X 10_15_7) AppleWebKit/537.36 (KHTML, like Gecko) Chrome/105.0.0.0 Safari/537.36",
    "Accept-Encoding": "gzip, deflate",
    "Accept": "application/json, text/plain, */*",
    "Connection": "keep-alive",
    "Accept-Language": "zh-CN,zh;q=0.9",
    "HRUN-Request-ID": "HRUN-11dffab3-ac0a-4f2e-952a-27b68ca63f74-130712",
    "Cookie": "SESSION=ODU2NjlhOTYtODFkNC00ZjY3LTkyZGMtMDAzODZhNmMyNTAy; SESSION=response.headers.\"Set-Cookie\".session"
}
cookies  : {
    "SESSION": "ODU2NjlhOTYtODFkNC00ZjY3LTkyZGMtMDAzODZhNmMyNTAy"
}
body     : None

2023-06-14 16:25:30.792 | DEBUG    | httprunner.client:log_print:40 - 
================== response details ==================
status_code : 200
headers  : {
    "Server": "nginx",
    "Date": "Wed, 14 Jun 2023 08:25:30 GMT",
    "Content-Type": "application/json;charset=UTF-8",
    "Transfer-Encoding": "chunked",
    "X-Frame-Options": "SAMEORIGIN",
    "Connection": "keep-alive"
}
cookies  : {}
encoding : UTF-8
content_type : application/json;charset=UTF-8
body     : {
    "message": "success",
    "status": 1,
    "data": {
        "nbmsEntApplyPO": {
            "id": 1178,
            "createDate": "2023-06-14 16:25:31",
            "updateDate": "2023-06-14 16:25:31",
            "applyType": null,
            "entGeneralId": null,
            "applyStep": 2,
            "isSubmit": 0,
            "entPrefix": "88.408.5362",
            "firstAuditStatus": null,
            "firstAuditMsg": null,
            "thirdServiceStatus": null,
            "thirdServiceMsg": null,
            "userName": "Jerq4iKsP1gCDa4ywCvPK9q2FReJNoZZ",
            "finalAuditStatus": null,
            "finalAuditMsg": null,
            "svtrid": null,
            "cltrid": null,
            "userId": 1389,
            "orgName": "Jerq4iKsP1gCDa4ywCvPK9q2FReJNoZZ",
            "orgNature": "1",
            "orgAddrProvince": "110000",
            "orgAddrCity": "110100",
            "orgAddrCounty": "110101",
            "orgAddr": "致真",
            "orgCrtType": "1",
            "orgCrtCode": "Jerq4iKsP1gCDa4ywCvPK9q2FReJNoZZ",
            "legalName": "张三",
            "legalCrtType": "1",
            "legalCrtNo": "443627196207292319",
            "orgDesc": null,
            "industryCategory": "A",
            "industrySpecific": "01",
            "contactName": "Jerq4iKsP1gCDa4ywCvPK9q2FReJNoZZ",
            "contactPhone": "18725589659",
            "contactCrtType": 1,
            "contactCrtNo": "443627196207292319",
            "contactEmail": "r1A6VxPqvDtGdx4T@qaqseq.com",
            "website": null,
            "regAuthority": null,
            "regCapital": null,
            "establishDate": null,
            "periodValidity": null,
            "legalEmail": null,
            "legalPhone": null,
            "legalFax": null,
            "servSysBuildType": null,
            "servSysBuildName": null,
            "servSysOperType": null,
            "servSysOperName": null,
            "dataHostingOrg": null,
            "servHostingOrg": null,
            "regRealNaImpType": null,
            "regRealNaImpName": null,
            "idRegNaImp": null,
            "extWebName": null,
            "extDomain": null,
            "extIpAddr": null,
            "orgCrtImgRid": 2242,
            "contactCrtFrontImgRid": 2243,
            "contactCrtBackImgRid": 2244,
            "legalCrtFrontImgRid": 2243,
            "legalCrtBackImgRid": 2244,
            "servSysBuildContractFileRid": null,
            "servSysOperContractFileRid": null,
            "dataHostingContractFileRid": null,
            "servHostingContractFileRid": null,
            "entInfoLicenses": [],
            "entInfoSyss": [],
            "entInfoSerIndustrys": [],
            "escrowId": null,
            "industryQualificationRid": null,
            "certificationRid": null,
            "openingBank": null,
            "bankCard": null,
            "verificationName": null,
            "orgNatureDesc": "国有控股",
            "orgCrtImgContent": null,
            "orgCategorySpecificDesc": "农、林、牧、渔业-农业",
            "orgAddrProvinceDesc": "北京市",
            "orgAddrCountyDesc": "东城区",
            "orgAddrCityDesc": "市辖区",
            "legalCrtTypeDesc": "中国居民身份证",
            "legalCrtFrontImgContent": null,
            "legalCrtBackImgContent": null,
            "orgCrtImgPath": "72a76957-e541-49e3-9baf-ee516378501b.jpeg",
            "contactCrtFrontImgPath": "c72c3a09-0564-43ba-acb0-fb5850a79665.jpeg",
            "contactCrtBackImgPath": "3dfecf6c-d989-46ad-8019-363d17e2af0a.jpeg",
            "legalCrtFrontImgPath": "c72c3a09-0564-43ba-acb0-fb5850a79665.jpeg",
            "legalCrtBackImgPath": "3dfecf6c-d989-46ad-8019-363d17e2af0a.jpeg",
            "servSysBuildContractFilePath": null,
            "servSysOperContractFilePath": null,
            "dataHostingContractFilePath": null,
            "servHostingContractFilePath": null,
            "industryQualificationFilePath": null,
            "certificationFilePath": null,
            "escrowOrgName": null
        },
        "nbmsEntPO": null,
        "nbmsEntPrefixApplyPO": null,
        "needRelog": null,
        "applyStatus": 0
    }
}

2023-06-14 16:25:30.793 | INFO     | httprunner.client:request:217 - status_code: 200, response_time(ms): 76.56 ms, response_length: 0 bytes
2023-06-14 16:25:30.798 | INFO     | httprunner.response:extract:179 - extract mapping: {'applyId': 1178, 'userId': 1389, 'userName': 'Jerq4iKsP1gCDa4ywCvPK9q2FReJNoZZ', 'imgId_f': 2243, 'imgId_b': 2244, 'entId': None, 'entUserId': None, 'prefix': '88.408.5362', 'contactCrtNo': '443627196207292319', 'contactCrtType': 1, 'contactEmail': 'r1A6VxPqvDtGdx4T@qaqseq.com', 'contactName': 'Jerq4iKsP1gCDa4ywCvPK9q2FReJNoZZ', 'contactPhone': '18725589659', 'industryCategory': 'A', 'industrySpecific': '01', 'orgName': 'Jerq4iKsP1gCDa4ywCvPK9q2FReJNoZZ', 'orgNature': '1', 'orgAddrProvince': '110000', 'orgAddrCity': '110100', 'orgAddrCounty': '110101', 'orgAddr': '致真', 'orgCrtType': '1', 'orgCrtCode': 'Jerq4iKsP1gCDa4ywCvPK9q2FReJNoZZ', 'legalName': '张三', 'legalEmail': None, 'legalPhone': None, 'legalCrtType': '1', 'legalCrtNo': '443627196207292319', 'legalCrtFrontImgRid': 2243, 'legalCrtBackImgRid': 2244, 'orgCrtImgRid': 2242, 'imgId': 2242, 'orgNatureDesc': '国有控股', 'orgCategorySpecificDesc': '农、林、牧、渔业-农业', 'orgAddrProvinceDesc': '北京市', 'orgAddrCountyDesc': '东城区', 'orgAddrCityDesc': '市辖区', 'legalCrtTypeDesc': '中国居民身份证', 'createDate': '2023-06-14 16:25:31', 'updateDate': '2023-06-14 16:25:31', 'entInfoSyss_0_id': None, 'entInfoSyss_0_entApplyId': None, 'entApplyId': None, 'entInfoSyss_0_sysType': None, 'entInfoSyss_0_deployMode': None, 'entInfoSyss_0_deployAddr': None, 'entInfoSyss_0_deployAddrProvince': None, 'entInfoSyss_0_deployAddrCity': None, 'entInfoSyss_0_deployAddrCounty': None, 'entInfoSyss_1_id': None, 'entInfoSyss_1_entApplyId': None, 'entInfoSyss_1_sysType': None, 'entInfoSyss_1_deployMode': None, 'entInfoSyss_1_deployAddr': None, 'entInfoSyss_1_deployAddrProvince': None, 'entInfoSyss_1_deployAddrCity': None, 'entInfoSyss_1_deployAddrCounty': None, 'entInfoSyss_2_id': None, 'entInfoSyss_2_entApplyId': None, 'entInfoSyss_2_sysType': None, 'entInfoSyss_2_deployMode': None, 'entInfoSyss_2_deployAddr': None, 'entInfoSyss_2_deployAddrProvince': None, 'entInfoSyss_2_deployAddrCity': None, 'entInfoSyss_2_deployAddrCounty': None, 'entInfoSyss_3_id': None, 'entInfoSyss_3_entApplyId': None, 'entInfoSyss_3_sysType': None, 'entInfoSyss_3_deployMode': None, 'entInfoSyss_3_deployAddr': None, 'entInfoSyss_3_deployAddrProvince': None, 'entInfoSyss_3_deployAddrCity': None, 'entInfoSyss_3_deployAddrCounty': None}
2023-06-14 16:25:30.799 | INFO     | httprunner.response:validate:249 - assert status_code equal 200(int)	==> pass
2023-06-14 16:25:30.799 | INFO     | httprunner.response:validate:249 - assert body.message equal success(str)	==> pass
2023-06-14 16:25:30.799 | INFO     | httprunner.runner:__run_step:304 - run step end: 企业注册查询注册信息 <<<<<<

2023-06-14 16:25:30.799 | INFO     | httprunner.runner:__run_step_testcase:286 - export variables: {'entInfoSyss_2_entApplyId': None, 'applyId': 1178, 'legalEmail': None, 'entId': None, 'orgAddrProvinceDesc': '北京市', 'orgAddrCity': '110100', 'entInfoSyss_3_entApplyId': None, 'entInfoSyss_1_deployAddrCounty': None, 'orgCategorySpecificDesc': '农、林、牧、渔业-农业', 'entInfoSyss_1_entApplyId': None, 'orgAddr': '致真', 'updateDate': '2023-06-14 16:25:31', 'legalName': '张三', 'entInfoSyss_1_deployMode': None, 'entInfoSyss_0_sysType': None, 'imgId': 2242, 'entInfoSyss_1_id': None, 'entInfoSyss_3_sysType': None, 'entInfoSyss_2_deployAddrProvince': None, 'entUserId': None, 'contactPhone': '18725589659', 'legalCrtType': '1', 'orgAddrCityDesc': '市辖区', 'imgId_b': 2244, 'legalPhone': None, 'entInfoSyss_3_deployAddr': None, 'userName': 'Jerq4iKsP1gCDa4ywCvPK9q2FReJNoZZ', 'contactCrtType': 1, 'entInfoSyss_0_id': None, 'legalCrtFrontImgRid': 2243, 'entInfoSyss_2_deployMode': None, 'orgAddrProvince': '110000', 'entInfoSyss_2_deployAddrCounty': None, 'entInfoSyss_2_deployAddr': None, 'legalCrtNo': '443627196207292319', 'entInfoSyss_0_entApplyId': None, 'orgNature': '1', 'entInfoSyss_0_deployAddrCounty': None, 'entInfoSyss_3_deployMode': None, 'orgAddrCounty': '110101', 'entInfoSyss_3_deployAddrCounty': None, 'entInfoSyss_1_deployAddrCity': None, 'contactName': 'Jerq4iKsP1gCDa4ywCvPK9q2FReJNoZZ', 'legalCrtBackImgRid': 2244, 'orgCrtType': '1', 'legalCrtTypeDesc': '中国居民身份证', 'entInfoSyss_2_id': None, 'industryCategory': 'A', 'entInfoSyss_0_deployMode': None, 'entInfoSyss_1_deployAddr': None, 'orgNatureDesc': '国有控股', 'entInfoSyss_1_deployAddrProvince': None, 'contactEmail': 'r1A6VxPqvDtGdx4T@qaqseq.com', 'entApplyId': None, 'createDate': '2023-06-14 16:25:31', 'entInfoSyss_0_deployAddr': None, 'entInfoSyss_3_deployAddrCity': None, 'entInfoSyss_1_sysType': None, 'industrySpecific': '01', 'orgCrtCode': 'Jerq4iKsP1gCDa4ywCvPK9q2FReJNoZZ', 'entInfoSyss_2_deployAddrCity': None, 'entInfoSyss_2_sysType': None, 'entInfoSyss_0_deployAddrCity': None, 'prefix': '88.408.5362', 'entInfoSyss_3_deployAddrProvince': None, 'imgId_f': 2243, 'orgAddrCountyDesc': '东城区', 'orgCrtImgRid': 2242, 'entInfoSyss_3_id': None, 'userId': 1389, 'entInfoSyss_0_deployAddrProvince': None, 'contactCrtNo': '443627196207292319', 'orgName': 'Jerq4iKsP1gCDa4ywCvPK9q2FReJNoZZ'}
2023-06-14 16:25:30.799 | INFO     | httprunner.runner:__run_step:304 - run step end: 企业注册查询注册信息 <<<<<<

2023-06-14 16:25:30.800 | INFO     | httprunner.runner:__run_step:292 - run step begin: 企业注册第二步提交信息 >>>>>>
2023-06-14 16:25:30.800 | INFO     | httprunner.runner:__run_step:292 - run step begin: 企业注册第二步提交信息 >>>>>>
2023-06-14 16:25:30.876 | DEBUG    | httprunner.client:request:186 - client IP: 127.0.0.1, Port: 59322
2023-06-14 16:25:30.877 | DEBUG    | httprunner.client:request:194 - server IP: 127.0.0.1, Port: 8888
2023-06-14 16:25:30.879 | DEBUG    | httprunner.client:log_print:40 - 
================== request details ==================
method   : POST
url      : http://139.198.116.76:8000/api/v3/entApply/registerManageInfo
headers  : {
    "User-Agent": "Mozilla/5.0 (Macintosh; Intel Mac OS X 10_15_7) AppleWebKit/537.36 (KHTML, like Gecko) Chrome/105.0.0.0 Safari/537.36",
    "Accept-Encoding": "gzip, deflate",
    "Accept": "application/json, text/plain, */*",
    "Connection": "keep-alive",
    "Accept-Language": "zh-CN,zh;q=0.9",
    "Content-Type": "application/json;charset=UTF-8",
    "X-HTTP-Method-Override": "put",
    "HRUN-Request-ID": "HRUN-11dffab3-ac0a-4f2e-952a-27b68ca63f74-130801",
    "Cookie": "SESSION=ODU2NjlhOTYtODFkNC00ZjY3LTkyZGMtMDAzODZhNmMyNTAy; SESSION=response.headers.\"Set-Cookie\".session",
    "Content-Length": "3274"
}
cookies  : {
    "SESSION": "ODU2NjlhOTYtODFkNC00ZjY3LTkyZGMtMDAzODZhNmMyNTAy"
}
body     : {
    "applyStep": 3,
    "applyType": null,
    "cltrid": null,
    "contactCrtBackImgPath": null,
    "contactCrtBackImgRid": 2244,
    "contactCrtFrontImgPath": null,
    "contactCrtFrontImgRid": 2243,
    "contactCrtNo": "443627196207292319",
    "contactCrtType": 1,
    "contactEmail": "r1A6VxPqvDtGdx4T@qaqseq.com",
    "contactName": "Jerq4iKsP1gCDa4ywCvPK9q2FReJNoZZ",
    "contactPhone": "18725589659",
    "createDate": "2023-06-14 16:25:31",
    "dataHostingContractFilePath": null,
    "dataHostingContractFileRid": null,
    "dataHostingOrg": null,
    "entGeneralId": null,
    "entInfoLicenses": [],
    "entInfoSerIndustrys": [],
    "entInfoSyss": [
        {
            "deployAddr": "致真",
            "deployAddrCity": "110100",
            "deployAddrCounty": "110101",
            "deployAddrProvince": "110000",
            "deployMode": 1,
            "ipPort": null,
            "name": null,
            "sysType": 1
        },
        {
            "deployAddr": "致真",
            "deployAddrCity": "110100",
            "deployAddrCounty": "110101",
            "deployAddrProvince": "110000",
            "deployMode": 1,
            "ipPort": null,
            "name": null,
            "sysType": 2
        },
        {
            "deployAddr": "天津",
            "deployAddrCity": "120100",
            "deployAddrCounty": "120101",
            "deployAddrProvince": "120000",
            "deployMode": 1,
            "ipPort": null,
            "name": null,
            "sysType": 3
        },
        {
            "deployAddr": "天津",
            "deployAddrCity": "120100",
            "deployAddrCounty": "120101",
            "deployAddrProvince": "120000",
            "deployMode": 1,
            "ipPort": null,
            "name": null,
            "sysType": 4
        }
    ],
    "entPrefix": "88.408.5362",
    "escrowId": null,
    "escrowOrgName": null,
    "establishDate": null,
    "extDomain": null,
    "extIpAddr": null,
    "extWebName": null,
    "finalAuditMsg": null,
    "finalAuditStatus": null,
    "firstAuditMsg": null,
    "firstAuditStatus": null,
    "id": 1178,
    "idRegNaImp": null,
    "industryCategory": "A",
    "industrySpecific": "01",
    "isSubmit": 0,
    "legalCrtBackImgContent": null,
    "legalCrtBackImgPath": null,
    "legalCrtBackImgRid": 2244,
    "legalCrtFrontImgContent": null,
    "legalCrtFrontImgPath": null,
    "legalCrtFrontImgRid": 2243,
    "legalCrtNo": "443627196207292319",
    "legalCrtType": "1",
    "legalCrtTypeDesc": "中国居民身份证",
    "legalEmail": null,
    "legalFax": null,
    "legalName": "张三",
    "legalPhone": null,
    "orgAddr": "致真",
    "orgAddrCity": "110100",
    "orgAddrCityDesc": "市辖区",
    "orgAddrCounty": "110101",
    "orgAddrCountyDesc": "东城区",
    "orgAddrProvince": "110000",
    "orgAddrProvinceDesc": "北京市",
    "orgCategorySpecificDesc": "农、林、牧、渔业-农业",
    "orgCrtCode": "Jerq4iKsP1gCDa4ywCvPK9q2FReJNoZZ",
    "orgCrtImgContent": null,
    "orgCrtImgPath": null,
    "orgCrtImgRid": 2242,
    "orgCrtType": "1",
    "orgDesc": null,
    "orgName": "Jerq4iKsP1gCDa4ywCvPK9q2FReJNoZZ",
    "orgNature": "1",
    "orgNatureDesc": "1",
    "periodValidity": null,
    "regAuthority": null,
    "regCapital": null,
    "regRealNaImpName": null,
    "regRealNaImpType": null,
    "servHostingContractFilePath": null,
    "servHostingContractFileRid": null,
    "servHostingOrg": null,
    "servSysBuildContractFilePath": null,
    "servSysBuildContractFileRid": null,
    "servSysBuildName": null,
    "servSysBuildType": 1,
    "servSysOperContractFilePath": null,
    "servSysOperContractFileRid": null,
    "servSysOperName": null,
    "servSysOperType": 1,
    "svtrid": null,
    "thirdServiceMsg": null,
    "thirdServiceStatus": null,
    "updateDate": "2023-06-14 16:25:31",
    "userId": 1389,
    "userName": "Jerq4iKsP1gCDa4ywCvPK9q2FReJNoZZ",
    "website": null
}

2023-06-14 16:25:30.880 | DEBUG    | httprunner.client:log_print:40 - 
================== response details ==================
status_code : 200
headers  : {
    "Server": "nginx",
    "Date": "Wed, 14 Jun 2023 08:25:30 GMT",
    "Content-Type": "application/json;charset=UTF-8",
    "Transfer-Encoding": "chunked",
    "X-Frame-Options": "SAMEORIGIN",
    "Connection": "keep-alive"
}
cookies  : {}
encoding : UTF-8
content_type : application/json;charset=UTF-8
body     : {
    "message": "success",
    "status": 1,
    "data": true
}

2023-06-14 16:25:30.880 | INFO     | httprunner.client:request:217 - status_code: 200, response_time(ms): 74.54 ms, response_length: 0 bytes
2023-06-14 16:25:30.880 | INFO     | httprunner.response:validate:249 - assert status_code equal 200(int)	==> pass
2023-06-14 16:25:30.880 | INFO     | httprunner.response:validate:249 - assert body.message equal success(str)	==> pass
2023-06-14 16:25:30.880 | INFO     | httprunner.runner:__run_step:304 - run step end: 企业注册第二步提交信息 <<<<<<

2023-06-14 16:25:30.881 | INFO     | httprunner.runner:__run_step:304 - run step end: 企业注册第二步提交信息 <<<<<<

2023-06-14 16:25:30.881 | INFO     | httprunner.runner:__run_step:292 - run step begin: 企业注册查询注册信息 >>>>>>
2023-06-14 16:25:30.882 | INFO     | httprunner.runner:__run_step:292 - run step begin: 企业注册查询注册信息 >>>>>>
2023-06-14 16:25:30.962 | DEBUG    | httprunner.client:request:186 - client IP: 127.0.0.1, Port: 59322
2023-06-14 16:25:30.964 | DEBUG    | httprunner.client:request:194 - server IP: 127.0.0.1, Port: 8888
2023-06-14 16:25:30.965 | DEBUG    | httprunner.client:log_print:40 - 
================== request details ==================
method   : GET
url      : http://139.198.116.76:8000/api/v3/entApply/applyOrNot
headers  : {
    "User-Agent": "Mozilla/5.0 (Macintosh; Intel Mac OS X 10_15_7) AppleWebKit/537.36 (KHTML, like Gecko) Chrome/105.0.0.0 Safari/537.36",
    "Accept-Encoding": "gzip, deflate",
    "Accept": "application/json, text/plain, */*",
    "Connection": "keep-alive",
    "Accept-Language": "zh-CN,zh;q=0.9",
    "HRUN-Request-ID": "HRUN-11dffab3-ac0a-4f2e-952a-27b68ca63f74-130883",
    "Cookie": "SESSION=ODU2NjlhOTYtODFkNC00ZjY3LTkyZGMtMDAzODZhNmMyNTAy; SESSION=response.headers.\"Set-Cookie\".session"
}
cookies  : {
    "SESSION": "ODU2NjlhOTYtODFkNC00ZjY3LTkyZGMtMDAzODZhNmMyNTAy"
}
body     : None

2023-06-14 16:25:30.967 | DEBUG    | httprunner.client:log_print:40 - 
================== response details ==================
status_code : 200
headers  : {
    "Server": "nginx",
    "Date": "Wed, 14 Jun 2023 08:25:31 GMT",
    "Content-Type": "application/json;charset=UTF-8",
    "Transfer-Encoding": "chunked",
    "X-Frame-Options": "SAMEORIGIN",
    "Connection": "keep-alive"
}
cookies  : {}
encoding : UTF-8
content_type : application/json;charset=UTF-8
body     : {
    "message": "success",
    "status": 1,
    "data": {
        "nbmsEntApplyPO": {
            "id": 1178,
            "createDate": "2023-06-14 16:25:31",
            "updateDate": "2023-06-14 16:25:31",
            "applyType": null,
            "entGeneralId": null,
            "applyStep": 3,
            "isSubmit": 0,
            "entPrefix": "88.408.5362",
            "firstAuditStatus": null,
            "firstAuditMsg": null,
            "thirdServiceStatus": null,
            "thirdServiceMsg": null,
            "userName": "Jerq4iKsP1gCDa4ywCvPK9q2FReJNoZZ",
            "finalAuditStatus": null,
            "finalAuditMsg": null,
            "svtrid": null,
            "cltrid": null,
            "userId": 1389,
            "orgName": "Jerq4iKsP1gCDa4ywCvPK9q2FReJNoZZ",
            "orgNature": "1",
            "orgAddrProvince": "110000",
            "orgAddrCity": "110100",
            "orgAddrCounty": "110101",
            "orgAddr": "致真",
            "orgCrtType": "1",
            "orgCrtCode": "Jerq4iKsP1gCDa4ywCvPK9q2FReJNoZZ",
            "legalName": "张三",
            "legalCrtType": "1",
            "legalCrtNo": "443627196207292319",
            "orgDesc": null,
            "industryCategory": "A",
            "industrySpecific": "01",
            "contactName": "Jerq4iKsP1gCDa4ywCvPK9q2FReJNoZZ",
            "contactPhone": "18725589659",
            "contactCrtType": 1,
            "contactCrtNo": "443627196207292319",
            "contactEmail": "r1A6VxPqvDtGdx4T@qaqseq.com",
            "website": null,
            "regAuthority": null,
            "regCapital": null,
            "establishDate": null,
            "periodValidity": null,
            "legalEmail": null,
            "legalPhone": null,
            "legalFax": null,
            "servSysBuildType": 1,
            "servSysBuildName": null,
            "servSysOperType": 1,
            "servSysOperName": null,
            "dataHostingOrg": null,
            "servHostingOrg": null,
            "regRealNaImpType": null,
            "regRealNaImpName": null,
            "idRegNaImp": null,
            "extWebName": null,
            "extDomain": null,
            "extIpAddr": null,
            "orgCrtImgRid": 2242,
            "contactCrtFrontImgRid": 2243,
            "contactCrtBackImgRid": 2244,
            "legalCrtFrontImgRid": 2243,
            "legalCrtBackImgRid": 2244,
            "servSysBuildContractFileRid": null,
            "servSysOperContractFileRid": null,
            "dataHostingContractFileRid": null,
            "servHostingContractFileRid": null,
            "entInfoLicenses": [],
            "entInfoSyss": [
                {
                    "id": 2461,
                    "entApplyId": 1178,
                    "sysType": 1,
                    "deployMode": 1,
                    "deployAddr": "致真",
                    "deployAddrProvince": "110000",
                    "deployAddrCity": "110100",
                    "deployAddrCounty": "110101",
                    "name": null,
                    "ipPort": null
                },
                {
                    "id": 2462,
                    "entApplyId": 1178,
                    "sysType": 2,
                    "deployMode": 1,
                    "deployAddr": "致真",
                    "deployAddrProvince": "110000",
                    "deployAddrCity": "110100",
                    "deployAddrCounty": "110101",
                    "name": null,
                    "ipPort": null
                },
                {
                    "id": 2463,
                    "entApplyId": 1178,
                    "sysType": 3,
                    "deployMode": 1,
                    "deployAddr": "天津",
                    "deployAddrProvince": "120000",
                    "deployAddrCity": "120100",
                    "deployAddrCounty": "120101",
                    "name": null,
                    "ipPort": null
                },
                {
                    "id": 2464,
                    "entApplyId": 1178,
                    "sysType": 4,
                    "deployMode": 1,
                    "deployAddr": "天津",
                    "deployAddrProvince": "120000",
                    "deployAddrCity": "120100",
                    "deployAddrCounty": "120101",
                    "name": null,
                    "ipPort": null
                }
            ],
            "entInfoSerIndustrys": [],
            "escrowId": null,
            "industryQualificationRid": null,
            "certificationRid": null,
            "openingBank": null,
            "bankCard": null,
            "verificationName": null,
            "orgNatureDesc": "国有控股",
            "orgCrtImgContent": null,
            "orgCategorySpecificDesc": "农、林、牧、渔业-农业",
            "orgAddrProvinceDesc": "北京市",
            "orgAddrCountyDesc": "东城区",
            "orgAddrCityDesc": "市辖区",
            "legalCrtTypeDesc": "中国居民身份证",
            "legalCrtFrontImgContent": null,
            "legalCrtBackImgContent": null,
            "orgCrtImgPath": "72a76957-e541-49e3-9baf-ee516378501b.jpeg",
            "contactCrtFrontImgPath": "c72c3a09-0564-43ba-acb0-fb5850a79665.jpeg",
            "contactCrtBackImgPath": "3dfecf6c-d989-46ad-8019-363d17e2af0a.jpeg",
            "legalCrtFrontImgPath": "c72c3a09-0564-43ba-acb0-fb5850a79665.jpeg",
            "legalCrtBackImgPath": "3dfecf6c-d989-46ad-8019-363d17e2af0a.jpeg",
            "servSysBuildContractFilePath": null,
            "servSysOperContractFilePath": null,
            "dataHostingContractFilePath": null,
            "servHostingContractFilePath": null,
            "industryQualificationFilePath": null,
            "certificationFilePath": null,
            "escrowOrgName": null
        },
        "nbmsEntPO": null,
        "nbmsEntPrefixApplyPO": null,
        "needRelog": null,
        "applyStatus": 0
    }
}

2023-06-14 16:25:30.967 | INFO     | httprunner.client:request:217 - status_code: 200, response_time(ms): 79.48 ms, response_length: 0 bytes
2023-06-14 16:25:30.969 | INFO     | httprunner.response:extract:179 - extract mapping: {'applyId': 1178, 'userId': 1389, 'userName': 'Jerq4iKsP1gCDa4ywCvPK9q2FReJNoZZ', 'imgId_f': 2243, 'imgId_b': 2244, 'entId': None, 'entUserId': None, 'prefix': '88.408.5362', 'contactCrtNo': '443627196207292319', 'contactCrtType': 1, 'contactEmail': 'r1A6VxPqvDtGdx4T@qaqseq.com', 'contactName': 'Jerq4iKsP1gCDa4ywCvPK9q2FReJNoZZ', 'contactPhone': '18725589659', 'industryCategory': 'A', 'industrySpecific': '01', 'orgName': 'Jerq4iKsP1gCDa4ywCvPK9q2FReJNoZZ', 'orgNature': '1', 'orgAddrProvince': '110000', 'orgAddrCity': '110100', 'orgAddrCounty': '110101', 'orgAddr': '致真', 'orgCrtType': '1', 'orgCrtCode': 'Jerq4iKsP1gCDa4ywCvPK9q2FReJNoZZ', 'legalName': '张三', 'legalEmail': None, 'legalPhone': None, 'legalCrtType': '1', 'legalCrtNo': '443627196207292319', 'legalCrtFrontImgRid': 2243, 'legalCrtBackImgRid': 2244, 'orgCrtImgRid': 2242, 'imgId': 2242, 'orgNatureDesc': '国有控股', 'orgCategorySpecificDesc': '农、林、牧、渔业-农业', 'orgAddrProvinceDesc': '北京市', 'orgAddrCountyDesc': '东城区', 'orgAddrCityDesc': '市辖区', 'legalCrtTypeDesc': '中国居民身份证', 'createDate': '2023-06-14 16:25:31', 'updateDate': '2023-06-14 16:25:31', 'entInfoSyss_0_id': 2461, 'entInfoSyss_0_entApplyId': 1178, 'entApplyId': 1178, 'entInfoSyss_0_sysType': 1, 'entInfoSyss_0_deployMode': 1, 'entInfoSyss_0_deployAddr': '致真', 'entInfoSyss_0_deployAddrProvince': '110000', 'entInfoSyss_0_deployAddrCity': '110100', 'entInfoSyss_0_deployAddrCounty': '110101', 'entInfoSyss_1_id': 2462, 'entInfoSyss_1_entApplyId': 1178, 'entInfoSyss_1_sysType': 2, 'entInfoSyss_1_deployMode': 1, 'entInfoSyss_1_deployAddr': '致真', 'entInfoSyss_1_deployAddrProvince': '110000', 'entInfoSyss_1_deployAddrCity': '110100', 'entInfoSyss_1_deployAddrCounty': '110101', 'entInfoSyss_2_id': 2463, 'entInfoSyss_2_entApplyId': 1178, 'entInfoSyss_2_sysType': 3, 'entInfoSyss_2_deployMode': 1, 'entInfoSyss_2_deployAddr': '天津', 'entInfoSyss_2_deployAddrProvince': '120000', 'entInfoSyss_2_deployAddrCity': '120100', 'entInfoSyss_2_deployAddrCounty': '120101', 'entInfoSyss_3_id': 2464, 'entInfoSyss_3_entApplyId': 1178, 'entInfoSyss_3_sysType': 4, 'entInfoSyss_3_deployMode': 1, 'entInfoSyss_3_deployAddr': '天津', 'entInfoSyss_3_deployAddrProvince': '120000', 'entInfoSyss_3_deployAddrCity': '120100', 'entInfoSyss_3_deployAddrCounty': '120101'}
2023-06-14 16:25:30.969 | INFO     | httprunner.response:validate:249 - assert status_code equal 200(int)	==> pass
2023-06-14 16:25:30.969 | INFO     | httprunner.response:validate:249 - assert body.message equal success(str)	==> pass
2023-06-14 16:25:30.969 | INFO     | httprunner.runner:__run_step:304 - run step end: 企业注册查询注册信息 <<<<<<

2023-06-14 16:25:30.970 | INFO     | httprunner.runner:__run_step_testcase:286 - export variables: {'entInfoSyss_2_entApplyId': 1178, 'applyId': 1178, 'legalEmail': None, 'entId': None, 'orgAddrProvinceDesc': '北京市', 'orgAddrCity': '110100', 'entInfoSyss_3_entApplyId': 1178, 'entInfoSyss_1_deployAddrCounty': '110101', 'orgCategorySpecificDesc': '农、林、牧、渔业-农业', 'entInfoSyss_1_entApplyId': 1178, 'orgAddr': '致真', 'updateDate': '2023-06-14 16:25:31', 'legalName': '张三', 'entInfoSyss_1_deployMode': 1, 'entInfoSyss_0_sysType': 1, 'imgId': 2242, 'entInfoSyss_1_id': 2462, 'entInfoSyss_3_sysType': 4, 'entInfoSyss_2_deployAddrProvince': '120000', 'entUserId': None, 'contactPhone': '18725589659', 'legalCrtType': '1', 'orgAddrCityDesc': '市辖区', 'imgId_b': 2244, 'legalPhone': None, 'entInfoSyss_3_deployAddr': '天津', 'userName': 'Jerq4iKsP1gCDa4ywCvPK9q2FReJNoZZ', 'contactCrtType': 1, 'entInfoSyss_0_id': 2461, 'legalCrtFrontImgRid': 2243, 'entInfoSyss_2_deployMode': 1, 'orgAddrProvince': '110000', 'entInfoSyss_2_deployAddrCounty': '120101', 'entInfoSyss_2_deployAddr': '天津', 'legalCrtNo': '443627196207292319', 'entInfoSyss_0_entApplyId': 1178, 'orgNature': '1', 'entInfoSyss_0_deployAddrCounty': '110101', 'entInfoSyss_3_deployMode': 1, 'orgAddrCounty': '110101', 'entInfoSyss_3_deployAddrCounty': '120101', 'entInfoSyss_1_deployAddrCity': '110100', 'contactName': 'Jerq4iKsP1gCDa4ywCvPK9q2FReJNoZZ', 'legalCrtBackImgRid': 2244, 'orgCrtType': '1', 'legalCrtTypeDesc': '中国居民身份证', 'entInfoSyss_2_id': 2463, 'industryCategory': 'A', 'entInfoSyss_0_deployMode': 1, 'entInfoSyss_1_deployAddr': '致真', 'orgNatureDesc': '国有控股', 'entInfoSyss_1_deployAddrProvince': '110000', 'contactEmail': 'r1A6VxPqvDtGdx4T@qaqseq.com', 'entApplyId': 1178, 'createDate': '2023-06-14 16:25:31', 'entInfoSyss_0_deployAddr': '致真', 'entInfoSyss_3_deployAddrCity': '120100', 'entInfoSyss_1_sysType': 2, 'industrySpecific': '01', 'orgCrtCode': 'Jerq4iKsP1gCDa4ywCvPK9q2FReJNoZZ', 'entInfoSyss_2_deployAddrCity': '120100', 'entInfoSyss_2_sysType': 3, 'entInfoSyss_0_deployAddrCity': '110100', 'prefix': '88.408.5362', 'entInfoSyss_3_deployAddrProvince': '120000', 'imgId_f': 2243, 'orgAddrCountyDesc': '东城区', 'orgCrtImgRid': 2242, 'entInfoSyss_3_id': 2464, 'userId': 1389, 'entInfoSyss_0_deployAddrProvince': '110000', 'contactCrtNo': '443627196207292319', 'orgName': 'Jerq4iKsP1gCDa4ywCvPK9q2FReJNoZZ'}
2023-06-14 16:25:30.970 | INFO     | httprunner.runner:__run_step:304 - run step end: 企业注册查询注册信息 <<<<<<

2023-06-14 16:25:30.970 | INFO     | httprunner.runner:__run_step:292 - run step begin: 企业注册最终第三步提交信息 >>>>>>
2023-06-14 16:25:30.971 | INFO     | httprunner.runner:__run_step:292 - run step begin: 企业注册最终第三步提交信息 >>>>>>
2023-06-14 16:25:31.154 | DEBUG    | httprunner.client:request:186 - client IP: 127.0.0.1, Port: 59322
2023-06-14 16:25:31.155 | DEBUG    | httprunner.client:request:194 - server IP: 127.0.0.1, Port: 8888
2023-06-14 16:25:31.157 | DEBUG    | httprunner.client:log_print:40 - 
================== request details ==================
method   : POST
url      : http://139.198.116.76:8000/api/v3/entApply/apply
headers  : {
    "User-Agent": "Mozilla/5.0 (Macintosh; Intel Mac OS X 10_15_7) AppleWebKit/537.36 (KHTML, like Gecko) Chrome/105.0.0.0 Safari/537.36",
    "Accept-Encoding": "gzip, deflate",
    "Accept": "application/json, text/plain, */*",
    "Connection": "keep-alive",
    "Accept-Language": "zh-CN,zh;q=0.9",
    "Content-Type": "application/json;charset=UTF-8",
    "HRUN-Request-ID": "HRUN-11dffab3-ac0a-4f2e-952a-27b68ca63f74-130972",
    "Cookie": "SESSION=ODU2NjlhOTYtODFkNC00ZjY3LTkyZGMtMDAzODZhNmMyNTAy; SESSION=response.headers.\"Set-Cookie\".session",
    "Content-Length": "3274"
}
cookies  : {
    "SESSION": "ODU2NjlhOTYtODFkNC00ZjY3LTkyZGMtMDAzODZhNmMyNTAy"
}
body     : {
    "applyStep": 4,
    "applyType": null,
    "cltrid": null,
    "contactCrtBackImgPath": null,
    "contactCrtBackImgRid": 2244,
    "contactCrtFrontImgPath": null,
    "contactCrtFrontImgRid": 2243,
    "contactCrtNo": "443627196207292319",
    "contactCrtType": 1,
    "contactEmail": "r1A6VxPqvDtGdx4T@qaqseq.com",
    "contactName": "Jerq4iKsP1gCDa4ywCvPK9q2FReJNoZZ",
    "contactPhone": "18725589659",
    "createDate": "2023-06-14 16:25:31",
    "dataHostingContractFilePath": null,
    "dataHostingContractFileRid": null,
    "dataHostingOrg": null,
    "entGeneralId": null,
    "entInfoLicenses": [],
    "entInfoSerIndustrys": [],
    "entInfoSyss": [
        {
            "deployAddr": "致真",
            "deployAddrCity": "110100",
            "deployAddrCounty": "110101",
            "deployAddrProvince": "110000",
            "deployMode": 1,
            "ipPort": null,
            "name": null,
            "sysType": 2
        },
        {
            "deployAddr": "致真",
            "deployAddrCity": "110100",
            "deployAddrCounty": "110101",
            "deployAddrProvince": "110000",
            "deployMode": 1,
            "ipPort": null,
            "name": null,
            "sysType": 3
        },
        {
            "deployAddr": "天津",
            "deployAddrCity": "120100",
            "deployAddrCounty": "120101",
            "deployAddrProvince": "120000",
            "deployMode": 1,
            "ipPort": null,
            "name": null,
            "sysType": 4
        },
        {
            "deployAddr": "天津",
            "deployAddrCity": "120100",
            "deployAddrCounty": "120101",
            "deployAddrProvince": "120000",
            "deployMode": 1,
            "ipPort": null,
            "name": null,
            "sysType": 4
        }
    ],
    "entPrefix": "88.408.5362",
    "escrowId": null,
    "escrowOrgName": null,
    "establishDate": null,
    "extDomain": null,
    "extIpAddr": null,
    "extWebName": null,
    "finalAuditMsg": null,
    "finalAuditStatus": null,
    "firstAuditMsg": null,
    "firstAuditStatus": null,
    "id": 1178,
    "idRegNaImp": null,
    "industryCategory": "A",
    "industrySpecific": "01",
    "isSubmit": 0,
    "legalCrtBackImgContent": null,
    "legalCrtBackImgPath": null,
    "legalCrtBackImgRid": 2244,
    "legalCrtFrontImgContent": null,
    "legalCrtFrontImgPath": null,
    "legalCrtFrontImgRid": 2243,
    "legalCrtNo": "443627196207292319",
    "legalCrtType": "1",
    "legalCrtTypeDesc": "中国居民身份证",
    "legalEmail": null,
    "legalFax": null,
    "legalName": "张三",
    "legalPhone": null,
    "orgAddr": "致真",
    "orgAddrCity": "110100",
    "orgAddrCityDesc": "市辖区",
    "orgAddrCounty": "110101",
    "orgAddrCountyDesc": "东城区",
    "orgAddrProvince": "110000",
    "orgAddrProvinceDesc": "北京市",
    "orgCategorySpecificDesc": "农、林、牧、渔业-农业",
    "orgCrtCode": "Jerq4iKsP1gCDa4ywCvPK9q2FReJNoZZ",
    "orgCrtImgContent": null,
    "orgCrtImgPath": null,
    "orgCrtImgRid": 2242,
    "orgCrtType": "1",
    "orgDesc": null,
    "orgName": "Jerq4iKsP1gCDa4ywCvPK9q2FReJNoZZ",
    "orgNature": "1",
    "orgNatureDesc": "1",
    "periodValidity": null,
    "regAuthority": null,
    "regCapital": null,
    "regRealNaImpName": null,
    "regRealNaImpType": null,
    "servHostingContractFilePath": null,
    "servHostingContractFileRid": null,
    "servHostingOrg": null,
    "servSysBuildContractFilePath": null,
    "servSysBuildContractFileRid": null,
    "servSysBuildName": null,
    "servSysBuildType": 1,
    "servSysOperContractFilePath": null,
    "servSysOperContractFileRid": null,
    "servSysOperName": null,
    "servSysOperType": 1,
    "svtrid": null,
    "thirdServiceMsg": null,
    "thirdServiceStatus": null,
    "updateDate": "2023-06-14 16:25:31",
    "userId": 1389,
    "userName": "Jerq4iKsP1gCDa4ywCvPK9q2FReJNoZZ",
    "website": null
}

2023-06-14 16:25:31.158 | DEBUG    | httprunner.client:log_print:40 - 
================== response details ==================
status_code : 200
headers  : {
    "Server": "nginx",
    "Date": "Wed, 14 Jun 2023 08:25:31 GMT",
    "Content-Type": "application/json;charset=UTF-8",
    "Transfer-Encoding": "chunked",
    "X-Frame-Options": "SAMEORIGIN",
    "Connection": "keep-alive"
}
cookies  : {}
encoding : UTF-8
content_type : application/json;charset=UTF-8
body     : {
    "message": "success",
    "status": 1,
    "data": true
}

2023-06-14 16:25:31.158 | INFO     | httprunner.client:request:217 - status_code: 200, response_time(ms): 181.16 ms, response_length: 0 bytes
2023-06-14 16:25:31.158 | INFO     | httprunner.response:validate:249 - assert status_code equal 200(int)	==> pass
2023-06-14 16:25:31.158 | INFO     | httprunner.response:validate:249 - assert body.message equal success(str)	==> pass
2023-06-14 16:25:31.158 | INFO     | httprunner.runner:__run_step:304 - run step end: 企业注册最终第三步提交信息 <<<<<<

2023-06-14 16:25:31.159 | INFO     | httprunner.runner:__run_step:304 - run step end: 企业注册最终第三步提交信息 <<<<<<

2023-06-14 16:25:31.159 | INFO     | httprunner.runner:__run_step:292 - run step begin: 登录-管理员 >>>>>>
2023-06-14 16:25:31.160 | INFO     | httprunner.runner:__run_step:292 - run step begin: 登录-企业用户 >>>>>>
2023-06-14 16:25:31.250 | DEBUG    | httprunner.client:request:186 - client IP: 127.0.0.1, Port: 59322
2023-06-14 16:25:31.250 | DEBUG    | httprunner.client:request:194 - server IP: 127.0.0.1, Port: 8888
2023-06-14 16:25:31.251 | DEBUG    | httprunner.client:log_print:40 - 
================== request details ==================
method   : POST
url      : http://139.198.116.76:8000/api/home/test/login
headers  : {
    "User-Agent": "python-requests/2.28.1",
    "Accept-Encoding": "gzip, deflate, br",
    "Accept": "*/*",
    "Connection": "keep-alive",
    "Content-Length": "144",
    "Content-Type": "application/json",
    "HRUN-Request-ID": "HRUN-11dffab3-ac0a-4f2e-952a-27b68ca63f74-131160",
    "Cookie": "SESSION=ODU2NjlhOTYtODFkNC00ZjY3LTkyZGMtMDAzODZhNmMyNTAy"
}
cookies  : {
    "SESSION": "ODU2NjlhOTYtODFkNC00ZjY3LTkyZGMtMDAzODZhNmMyNTAy"
}
body     : {
    "captcha": "0000",
    "captchaSign": "5d39bab12bba81ab59b3931d2ca06ee9603c3803355932be66974f122cab3502",
    "emailCaptcha": "",
    "username": "adminy"
}

2023-06-14 16:25:31.252 | DEBUG    | httprunner.client:log_print:40 - 
================== response details ==================
status_code : 200
headers  : {
    "Server": "nginx",
    "Date": "Wed, 14 Jun 2023 08:25:31 GMT",
    "Content-Type": "application/json;charset=UTF-8",
    "Transfer-Encoding": "chunked",
    "Set-Cookie": "SESSION=ODI4YzBjMzQtYjE3Ny00MjE1LWI3MGEtMjk2ODY3MmQyNGM5; Path=/; HttpOnly; SameSite=Lax",
    "X-Frame-Options": "SAMEORIGIN",
    "Connection": "keep-alive"
}
cookies  : {
    "SESSION": "ODI4YzBjMzQtYjE3Ny00MjE1LWI3MGEtMjk2ODY3MmQyNGM5"
}
encoding : UTF-8
content_type : application/json;charset=UTF-8
body     : {
    "message": "success",
    "status": 1,
    "data": true
}

2023-06-14 16:25:31.252 | INFO     | httprunner.client:request:217 - status_code: 200, response_time(ms): 89.46 ms, response_length: 0 bytes
2023-06-14 16:25:31.253 | INFO     | httprunner.response:extract:179 - extract mapping: {'adminSession': 'response.headers."Set-Cookie".session'}
2023-06-14 16:25:31.253 | INFO     | httprunner.response:validate:249 - assert status_code equal 200(int)	==> pass
2023-06-14 16:25:31.253 | INFO     | httprunner.response:validate:249 - assert headers."Content-Type" equal application/json;charset=UTF-8(str)	==> pass
2023-06-14 16:25:31.254 | INFO     | httprunner.response:validate:249 - assert body.message equal success(str)	==> pass
2023-06-14 16:25:31.254 | INFO     | httprunner.response:validate:249 - assert body.status equal 1(int)	==> pass
2023-06-14 16:25:31.254 | INFO     | httprunner.response:validate:249 - assert body.data equal True(bool)	==> pass
2023-06-14 16:25:31.254 | INFO     | httprunner.runner:__run_step:304 - run step end: 登录-企业用户 <<<<<<

2023-06-14 16:25:31.254 | INFO     | httprunner.runner:__run_step_testcase:286 - export variables: {'adminSession': 'response.headers."Set-Cookie".session'}
2023-06-14 16:25:31.255 | INFO     | httprunner.runner:__run_step:304 - run step end: 登录-管理员 <<<<<<

2023-06-14 16:25:31.255 | INFO     | httprunner.runner:__run_step:292 - run step begin: 年费费用查询 >>>>>>
2023-06-14 16:25:31.256 | INFO     | httprunner.runner:__run_step:292 - run step begin: 财务规则查询-年费 >>>>>>
2023-06-14 16:25:31.314 | DEBUG    | httprunner.client:request:186 - client IP: 127.0.0.1, Port: 59322
2023-06-14 16:25:31.314 | DEBUG    | httprunner.client:request:194 - server IP: 127.0.0.1, Port: 8888
2023-06-14 16:25:31.315 | DEBUG    | httprunner.client:log_print:40 - 
================== request details ==================
method   : GET
url      : http://139.198.116.76:8000/api/finance/rule/findRule?cache=1663837640684&moneyType=2&userId=1389
headers  : {
    "User-Agent": "Mozilla/5.0 (Macintosh; Intel Mac OS X 10_15_7) AppleWebKit/537.36 (KHTML, like Gecko) Chrome/98.0.4758.102 Safari/537.36 Edg/98.0.1108.56",
    "Accept-Encoding": "gzip, deflate",
    "Accept": "application/json, text/plain, */*",
    "Connection": "keep-alive",
    "Accept-Language": "zh-CN,zh;q=0.9,en;q=0.8,en-GB;q=0.7,en-US;q=0.6",
    "HRUN-Request-ID": "HRUN-11dffab3-ac0a-4f2e-952a-27b68ca63f74-131256",
    "Cookie": "SESSION=ODI4YzBjMzQtYjE3Ny00MjE1LWI3MGEtMjk2ODY3MmQyNGM5; SESSION=response.headers.\"Set-Cookie\".session"
}
cookies  : {
    "SESSION": "ODI4YzBjMzQtYjE3Ny00MjE1LWI3MGEtMjk2ODY3MmQyNGM5"
}
body     : None

2023-06-14 16:25:31.316 | DEBUG    | httprunner.client:log_print:40 - 
================== response details ==================
status_code : 200
headers  : {
    "Server": "nginx",
    "Date": "Wed, 14 Jun 2023 08:25:31 GMT",
    "Content-Type": "application/json;charset=UTF-8",
    "Transfer-Encoding": "chunked",
    "X-Frame-Options": "SAMEORIGIN",
    "Connection": "keep-alive"
}
cookies  : {}
encoding : UTF-8
content_type : application/json;charset=UTF-8
body     : {
    "message": "success",
    "status": 1,
    "data": [
        {
            "id": 78,
            "createDate": "2023-05-31 12:51:47",
            "updateDate": "2023-05-31 12:51:47",
            "name": "标准",
            "money": 10000.0,
            "moneyType": 2,
            "prefixCount": 1,
            "remart": "test",
            "entName": null,
            "entUserId": null,
            "ruleType": 2,
            "escrowId": null
        }
    ]
}

2023-06-14 16:25:31.317 | INFO     | httprunner.client:request:217 - status_code: 200, response_time(ms): 57.19 ms, response_length: 0 bytes
2023-06-14 16:25:31.317 | INFO     | httprunner.response:extract:179 - extract mapping: {'annualFeeRuleId': 78}
2023-06-14 16:25:31.318 | INFO     | httprunner.response:validate:249 - assert status_code equal 200(int)	==> pass
2023-06-14 16:25:31.318 | INFO     | httprunner.response:validate:249 - assert body.message equal success(str)	==> pass
2023-06-14 16:25:31.318 | INFO     | httprunner.response:validate:249 - assert body.status equal 1(int)	==> pass
2023-06-14 16:25:31.318 | INFO     | httprunner.runner:__run_step:304 - run step end: 财务规则查询-年费 <<<<<<

2023-06-14 16:25:31.318 | INFO     | httprunner.runner:__run_step_testcase:286 - export variables: {'annualFeeRuleId': 78}
2023-06-14 16:25:31.318 | INFO     | httprunner.runner:__run_step:304 - run step end: 年费费用查询 <<<<<<

2023-06-14 16:25:31.319 | INFO     | httprunner.runner:__run_step:292 - run step begin: 注册费费用查询 >>>>>>
2023-06-14 16:25:31.320 | INFO     | httprunner.runner:__run_step:292 - run step begin: 财务规则查询-注册费 >>>>>>
2023-06-14 16:25:31.377 | DEBUG    | httprunner.client:request:186 - client IP: 127.0.0.1, Port: 59322
2023-06-14 16:25:31.377 | DEBUG    | httprunner.client:request:194 - server IP: 127.0.0.1, Port: 8888
2023-06-14 16:25:31.378 | DEBUG    | httprunner.client:log_print:40 - 
================== request details ==================
method   : GET
url      : http://139.198.116.76:8000/api/finance/rule/findRule?moneyType=1&userId=1389
headers  : {
    "User-Agent": "Mozilla/5.0 (Macintosh; Intel Mac OS X 10_15_7) AppleWebKit/537.36 (KHTML, like Gecko) Chrome/98.0.4758.102 Safari/537.36 Edg/98.0.1108.56",
    "Accept-Encoding": "gzip, deflate",
    "Accept": "application/json, text/plain, */*",
    "Connection": "keep-alive",
    "Accept-Language": "zh-CN,zh;q=0.9,en;q=0.8,en-GB;q=0.7,en-US;q=0.6",
    "HRUN-Request-ID": "HRUN-11dffab3-ac0a-4f2e-952a-27b68ca63f74-131320",
    "Cookie": "SESSION=ODI4YzBjMzQtYjE3Ny00MjE1LWI3MGEtMjk2ODY3MmQyNGM5; SESSION=response.headers.\"Set-Cookie\".session"
}
cookies  : {
    "SESSION": "ODI4YzBjMzQtYjE3Ny00MjE1LWI3MGEtMjk2ODY3MmQyNGM5"
}
body     : None

2023-06-14 16:25:31.380 | DEBUG    | httprunner.client:log_print:40 - 
================== response details ==================
status_code : 200
headers  : {
    "Server": "nginx",
    "Date": "Wed, 14 Jun 2023 08:25:31 GMT",
    "Content-Type": "application/json;charset=UTF-8",
    "Transfer-Encoding": "chunked",
    "X-Frame-Options": "SAMEORIGIN",
    "Connection": "keep-alive"
}
cookies  : {}
encoding : UTF-8
content_type : application/json;charset=UTF-8
body     : {
    "message": "success",
    "status": 1,
    "data": [
        {
            "id": 77,
            "createDate": "2023-05-31 12:51:33",
            "updateDate": "2023-05-31 12:51:33",
            "name": "标准",
            "money": 10000.0,
            "moneyType": 1,
            "prefixCount": 1,
            "remart": "test",
            "entName": null,
            "entUserId": null,
            "ruleType": 2,
            "escrowId": null
        }
    ]
}

2023-06-14 16:25:31.380 | INFO     | httprunner.client:request:217 - status_code: 200, response_time(ms): 56.28 ms, response_length: 0 bytes
2023-06-14 16:25:31.381 | INFO     | httprunner.response:extract:179 - extract mapping: {'regFeeRuleId': 77}
2023-06-14 16:25:31.381 | INFO     | httprunner.response:validate:249 - assert status_code equal 200(int)	==> pass
2023-06-14 16:25:31.381 | INFO     | httprunner.response:validate:249 - assert body.message equal success(str)	==> pass
2023-06-14 16:25:31.381 | INFO     | httprunner.response:validate:249 - assert body.status equal 1(int)	==> pass
2023-06-14 16:25:31.382 | INFO     | httprunner.runner:__run_step:304 - run step end: 财务规则查询-注册费 <<<<<<

2023-06-14 16:25:31.382 | INFO     | httprunner.runner:__run_step_testcase:286 - export variables: {'regFeeRuleId': 77}
2023-06-14 16:25:31.382 | INFO     | httprunner.runner:__run_step:304 - run step end: 注册费费用查询 <<<<<<

2023-06-14 16:25:31.383 | INFO     | httprunner.runner:__run_step:292 - run step begin: 审核结果保存 >>>>>>
2023-06-14 16:25:31.383 | INFO     | httprunner.runner:__run_step:292 - run step begin: 企业审核保存 >>>>>>
2023-06-14 16:25:33.296 | DEBUG    | httprunner.client:request:186 - client IP: 127.0.0.1, Port: 59322
2023-06-14 16:25:33.296 | DEBUG    | httprunner.client:request:194 - server IP: 127.0.0.1, Port: 8888
2023-06-14 16:25:33.297 | DEBUG    | httprunner.client:log_print:40 - 
================== request details ==================
method   : POST
url      : http://139.198.116.76:8000/api/v3/ent/audit/save?annualFeeRuleId=78&applyId=1178&auditMsg=%E5%AE%A1%E6%A0%B8%E9%80%9A%E8%BF%87&auditResult=pass&entPrefix=88.408.5362&regFeeRuleId=77
headers  : {
    "User-Agent": "Mozilla/5.0 (Macintosh; Intel Mac OS X 10_15_7) AppleWebKit/537.36 (KHTML, like Gecko) Chrome/98.0.4758.102 Safari/537.36 Edg/98.0.1108.56",
    "Accept-Encoding": "gzip, deflate",
    "Accept": "application/json, text/plain, */*",
    "Connection": "keep-alive",
    "Accept-Language": "zh-CN,zh;q=0.9,en;q=0.8,en-GB;q=0.7,en-US;q=0.6",
    "Content-Length": "0",
    "HRUN-Request-ID": "HRUN-11dffab3-ac0a-4f2e-952a-27b68ca63f74-131384",
    "Cookie": "SESSION=ODI4YzBjMzQtYjE3Ny00MjE1LWI3MGEtMjk2ODY3MmQyNGM5; SESSION=response.headers.\"Set-Cookie\".session"
}
cookies  : {
    "SESSION": "ODI4YzBjMzQtYjE3Ny00MjE1LWI3MGEtMjk2ODY3MmQyNGM5"
}
body     : None

2023-06-14 16:25:33.298 | DEBUG    | httprunner.client:log_print:40 - 
================== response details ==================
status_code : 200
headers  : {
    "Server": "nginx",
    "Date": "Wed, 14 Jun 2023 08:25:33 GMT",
    "Content-Type": "application/json",
    "Transfer-Encoding": "chunked",
    "X-Frame-Options": "SAMEORIGIN",
    "Connection": "keep-alive"
}
cookies  : {}
encoding : utf-8
content_type : application/json
body     : {
    "message": "success",
    "status": 1,
    "data": true
}

2023-06-14 16:25:33.298 | INFO     | httprunner.client:request:217 - status_code: 200, response_time(ms): 1911.79 ms, response_length: 0 bytes
2023-06-14 16:25:33.298 | INFO     | httprunner.response:validate:249 - assert status_code equal 200(int)	==> pass
2023-06-14 16:25:33.299 | INFO     | httprunner.response:validate:249 - assert body.message equal success(str)	==> pass
2023-06-14 16:25:33.299 | INFO     | httprunner.response:validate:249 - assert body.status equal 1(int)	==> pass
2023-06-14 16:25:33.299 | INFO     | httprunner.response:validate:249 - assert body.data equal True(bool)	==> pass
2023-06-14 16:25:33.299 | INFO     | httprunner.runner:__run_step:304 - run step end: 企业审核保存 <<<<<<

2023-06-14 16:25:33.299 | INFO     | httprunner.runner:__run_step:304 - run step end: 审核结果保存 <<<<<<

2023-06-14 16:25:33.300 | INFO     | httprunner.runner:__run_step:292 - run step begin: 申请记录分页 >>>>>>
2023-06-14 16:25:33.300 | INFO     | httprunner.runner:__run_step:292 - run step begin: 申请记录分页列表 >>>>>>
2023-06-14 16:25:33.353 | DEBUG    | httprunner.client:request:186 - client IP: 127.0.0.1, Port: 59322
2023-06-14 16:25:33.353 | DEBUG    | httprunner.client:request:194 - server IP: 127.0.0.1, Port: 8888
2023-06-14 16:25:33.354 | DEBUG    | httprunner.client:log_print:40 - 
================== request details ==================
method   : GET
url      : http://139.198.116.76:8000/api/v3/entApply/record/pageQuery?currentPage=&order=&orderProp=&orgName=Jerq4iKsP1gCDa4ywCvPK9q2FReJNoZZ&rangeTime=
headers  : {
    "User-Agent": "Mozilla/5.0 (Macintosh; Intel Mac OS X 10_15_7) AppleWebKit/537.36 (KHTML, like Gecko) Chrome/105.0.0.0 Safari/537.36",
    "Accept-Encoding": "gzip, deflate",
    "Accept": "application/json, text/plain, */*",
    "Connection": "keep-alive",
    "Accept-Language": "zh-CN,zh;q=0.9",
    "HRUN-Request-ID": "HRUN-11dffab3-ac0a-4f2e-952a-27b68ca63f74-133300",
    "Cookie": "SESSION=ODI4YzBjMzQtYjE3Ny00MjE1LWI3MGEtMjk2ODY3MmQyNGM5; SESSION=response.headers.\"Set-Cookie\".session"
}
cookies  : {
    "SESSION": "ODI4YzBjMzQtYjE3Ny00MjE1LWI3MGEtMjk2ODY3MmQyNGM5"
}
body     : None

2023-06-14 16:25:33.355 | DEBUG    | httprunner.client:log_print:40 - 
================== response details ==================
status_code : 200
headers  : {
    "Server": "nginx",
    "Date": "Wed, 14 Jun 2023 08:25:33 GMT",
    "Content-Type": "application/json",
    "Transfer-Encoding": "chunked",
    "X-Frame-Options": "SAMEORIGIN",
    "Connection": "keep-alive"
}
cookies  : {}
encoding : utf-8
content_type : application/json
body     : {
    "message": "success",
    "status": 1,
    "data": {
        "first": true,
        "last": true,
        "totalPages": 1,
        "totalElements": 1,
        "number": 1,
        "size": 10,
        "sort": {
            "sorted": false,
            "empty": true,
            "unsorted": true
        },
        "numberOfElements": 1,
        "content": [
            {
                "id": 1178,
                "escrowOrgName": null,
                "orgName": "Jerq4iKsP1gCDa4ywCvPK9q2FReJNoZZ",
                "entPrefix": "88.408.5362",
                "orgCrtCode": "Jerq4iKsP1gCDa4ywCvPK9q2FReJNoZZ",
                "orgNature": 1,
                "applyType": 1,
                "thirdServiceStatus": 3,
                "firstAuditStatus": 2,
                "createDate": "2023-06-14 16:25:31",
                "updateDate": "2023-06-14 16:25:33"
            }
        ]
    }
}

2023-06-14 16:25:33.355 | INFO     | httprunner.client:request:217 - status_code: 200, response_time(ms): 52.21 ms, response_length: 0 bytes
2023-06-14 16:25:33.355 | INFO     | httprunner.response:extract:179 - extract mapping: {'applyId': 1178}
2023-06-14 16:25:33.356 | INFO     | httprunner.response:validate:249 - assert status_code equal 200(int)	==> pass
2023-06-14 16:25:33.356 | INFO     | httprunner.response:validate:249 - assert headers."Content-Type" equal application/json(str)	==> pass
2023-06-14 16:25:33.356 | INFO     | httprunner.response:validate:249 - assert body.message equal success(str)	==> pass
2023-06-14 16:25:33.357 | INFO     | httprunner.response:validate:249 - assert body.status equal 1(int)	==> pass
2023-06-14 16:25:33.357 | INFO     | httprunner.runner:__run_step:304 - run step end: 申请记录分页列表 <<<<<<

2023-06-14 16:25:33.357 | INFO     | httprunner.runner:__run_step_testcase:286 - export variables: {'applyId': 1178}
2023-06-14 16:25:33.357 | INFO     | httprunner.runner:__run_step:304 - run step end: 申请记录分页 <<<<<<

2023-06-14 16:25:33.357 | INFO     | httprunner.runner:__run_step:292 - run step begin: 申请记录详情 >>>>>>
2023-06-14 16:25:33.357 | INFO     | httprunner.runner:__run_step:292 - run step begin: 申请记录详情 >>>>>>
2023-06-14 16:25:33.431 | DEBUG    | httprunner.client:request:186 - client IP: 127.0.0.1, Port: 59322
2023-06-14 16:25:33.431 | DEBUG    | httprunner.client:request:194 - server IP: 127.0.0.1, Port: 8888
2023-06-14 16:25:33.432 | DEBUG    | httprunner.client:log_print:40 - 
================== request details ==================
method   : GET
url      : http://139.198.116.76:8000/api/v3/entApply/record/detail?applyId=1178&isSensetive=1
headers  : {
    "User-Agent": "Mozilla/5.0 (Macintosh; Intel Mac OS X 10_15_7) AppleWebKit/537.36 (KHTML, like Gecko) Chrome/105.0.0.0 Safari/537.36",
    "Accept-Encoding": "gzip, deflate",
    "Accept": "application/json, text/plain, */*",
    "Connection": "keep-alive",
    "Accept-Language": "zh-CN,zh;q=0.9",
    "HRUN-Request-ID": "HRUN-11dffab3-ac0a-4f2e-952a-27b68ca63f74-133358",
    "Cookie": "SESSION=ODI4YzBjMzQtYjE3Ny00MjE1LWI3MGEtMjk2ODY3MmQyNGM5; SESSION=response.headers.\"Set-Cookie\".session"
}
cookies  : {
    "SESSION": "ODI4YzBjMzQtYjE3Ny00MjE1LWI3MGEtMjk2ODY3MmQyNGM5"
}
body     : None

2023-06-14 16:25:33.433 | DEBUG    | httprunner.client:log_print:40 - 
================== response details ==================
status_code : 200
headers  : {
    "Server": "nginx",
    "Date": "Wed, 14 Jun 2023 08:25:33 GMT",
    "Content-Type": "application/json",
    "Transfer-Encoding": "chunked",
    "X-Frame-Options": "SAMEORIGIN",
    "Connection": "keep-alive"
}
cookies  : {}
encoding : utf-8
content_type : application/json
body     : {
    "message": "success",
    "status": 1,
    "data": {
        "entApplyPO": {
            "id": 1178,
            "createDate": "2023-06-14 16:25:31",
            "updateDate": "2023-06-14 16:25:33",
            "applyType": 1,
            "entGeneralId": "2811218200000001",
            "applyStep": 4,
            "isSubmit": 1,
            "entPrefix": "88.408.5362",
            "firstAuditStatus": 2,
            "firstAuditMsg": "审核通过",
            "thirdServiceStatus": 3,
            "thirdServiceMsg": null,
            "userName": "Jerq4iKsP1gCDa4ywCvPK9q2FReJNoZZ",
            "finalAuditStatus": null,
            "finalAuditMsg": null,
            "svtrid": "230614162200000032",
            "cltrid": "168673113198162343073",
            "userId": 1389,
            "orgName": "Jerq4iKsP1gCDa4ywCvPK9q2FReJNoZZ",
            "orgNature": "1",
            "orgAddrProvince": "110000",
            "orgAddrCity": "110100",
            "orgAddrCounty": "110101",
            "orgAddr": "致真",
            "orgCrtType": "1",
            "orgCrtCode": "Jerq4iKsP1gCDa4ywCvPK9q2FReJNoZZ",
            "legalName": "*三",
            "legalCrtType": "1",
            "legalCrtNo": "**************2319",
            "orgDesc": null,
            "industryCategory": "A",
            "industrySpecific": "01",
            "contactName": "******************************ZZ",
            "contactPhone": "187****9659",
            "contactCrtType": 1,
            "contactCrtNo": "**************2319",
            "contactEmail": "r1A*************@qaqseq.com",
            "website": null,
            "regAuthority": null,
            "regCapital": null,
            "establishDate": null,
            "periodValidity": null,
            "legalEmail": null,
            "legalPhone": null,
            "legalFax": null,
            "servSysBuildType": 1,
            "servSysBuildName": null,
            "servSysOperType": 1,
            "servSysOperName": null,
            "dataHostingOrg": null,
            "servHostingOrg": null,
            "regRealNaImpType": null,
            "regRealNaImpName": null,
            "idRegNaImp": null,
            "extWebName": null,
            "extDomain": null,
            "extIpAddr": null,
            "orgCrtImgRid": 2242,
            "contactCrtFrontImgRid": 2243,
            "contactCrtBackImgRid": 2244,
            "legalCrtFrontImgRid": 2243,
            "legalCrtBackImgRid": 2244,
            "servSysBuildContractFileRid": null,
            "servSysOperContractFileRid": null,
            "dataHostingContractFileRid": null,
            "servHostingContractFileRid": null,
            "entInfoLicenses": [],
            "entInfoSyss": [
                {
                    "id": 2461,
                    "entApplyId": 1178,
                    "sysType": 1,
                    "deployMode": 1,
                    "deployAddr": "致真",
                    "deployAddrProvince": "110000",
                    "deployAddrCity": "110100",
                    "deployAddrCounty": "110101",
                    "name": null,
                    "ipPort": null
                },
                {
                    "id": 2462,
                    "entApplyId": 1178,
                    "sysType": 2,
                    "deployMode": 1,
                    "deployAddr": "致真",
                    "deployAddrProvince": "110000",
                    "deployAddrCity": "110100",
                    "deployAddrCounty": "110101",
                    "name": null,
                    "ipPort": null
                },
                {
                    "id": 2463,
                    "entApplyId": 1178,
                    "sysType": 3,
                    "deployMode": 1,
                    "deployAddr": "天津",
                    "deployAddrProvince": "120000",
                    "deployAddrCity": "120100",
                    "deployAddrCounty": "120101",
                    "name": null,
                    "ipPort": null
                },
                {
                    "id": 2464,
                    "entApplyId": 1178,
                    "sysType": 4,
                    "deployMode": 1,
                    "deployAddr": "天津",
                    "deployAddrProvince": "120000",
                    "deployAddrCity": "120100",
                    "deployAddrCounty": "120101",
                    "name": null,
                    "ipPort": null
                }
            ],
            "entInfoSerIndustrys": [],
            "escrowId": null,
            "industryQualificationRid": null,
            "certificationRid": null,
            "openingBank": null,
            "bankCard": null,
            "verificationName": null,
            "orgNatureDesc": "国有控股",
            "orgCrtImgContent": null,
            "orgCategorySpecificDesc": "农、林、牧、渔业-农业",
            "orgAddrProvinceDesc": "北京市",
            "orgAddrCountyDesc": "东城区",
            "orgAddrCityDesc": "市辖区",
            "legalCrtTypeDesc": "中国居民身份证",
            "legalCrtFrontImgContent": null,
            "legalCrtBackImgContent": null,
            "orgCrtImgPath": "72a76957-e541-49e3-9baf-ee516378501b.jpeg",
            "contactCrtFrontImgPath": "c72c3a09-0564-43ba-acb0-fb5850a79665.jpeg",
            "contactCrtBackImgPath": "3dfecf6c-d989-46ad-8019-363d17e2af0a.jpeg",
            "legalCrtFrontImgPath": "c72c3a09-0564-43ba-acb0-fb5850a79665.jpeg",
            "legalCrtBackImgPath": "3dfecf6c-d989-46ad-8019-363d17e2af0a.jpeg",
            "servSysBuildContractFilePath": null,
            "servSysOperContractFilePath": null,
            "dataHostingContractFilePath": null,
            "servHostingContractFilePath": null,
            "industryQualificationFilePath": null,
            "certificationFilePath": null,
            "escrowOrgName": null
        },
        "verifyDetailVO": {
            "verifyStatus": 3,
            "verifyMsg": null,
            "createDate": "2023-06-14 16:25:33",
            "verificationName": null
        },
        "entAuditPOs": [
            {
                "id": 30826,
                "createDate": "2023-06-14 16:25:33",
                "updateDate": "2023-06-14 16:25:33",
                "applyId": 1178,
                "status": 2,
                "auditMsg": "审核通过",
                "auditUserId": 630,
                "auditUser": "adminy",
                "entId": null,
                "entUserId": 1389,
                "escrowId": null
            }
        ]
    }
}

2023-06-14 16:25:33.434 | INFO     | httprunner.client:request:217 - status_code: 200, response_time(ms): 72.94 ms, response_length: 0 bytes
2023-06-14 16:25:33.434 | INFO     | httprunner.response:validate:249 - assert status_code equal 200(int)	==> pass
2023-06-14 16:25:33.434 | INFO     | httprunner.response:validate:249 - assert headers."Content-Type" equal application/json(str)	==> pass
2023-06-14 16:25:33.434 | INFO     | httprunner.response:validate:249 - assert body.message equal success(str)	==> pass
2023-06-14 16:25:33.434 | INFO     | httprunner.response:validate:249 - assert body.status equal 1(int)	==> pass
2023-06-14 16:25:33.434 | INFO     | httprunner.response:validate:249 - assert body.data.entAuditPOs[0].status contained_by [1, 2, 3](list)	==> pass
2023-06-14 16:25:33.434 | INFO     | httprunner.response:validate:249 - assert body.data.verifyDetailVO.verifyStatus contained_by [1, 2, 3, 4, 5](list)	==> pass
2023-06-14 16:25:33.434 | INFO     | httprunner.runner:__run_step:304 - run step end: 申请记录详情 <<<<<<

2023-06-14 16:25:33.434 | INFO     | httprunner.runner:__run_step:304 - run step end: 申请记录详情 <<<<<<

