2023-06-14 10:45:05.674 | INFO     | httprunner.runner:test_start:450 - Start to run testcase: 前缀管理列表, TestCase ID: 1b698f81-29c0-4295-94f5-a15d417669ab
2023-06-14 10:45:05.675 | INFO     | httprunner.runner:__run_step:292 - run step begin: 前缀注册 >>>>>>
2023-06-14 10:45:05.675 | INFO     | httprunner.runner:__run_step:292 - run step begin: 用户注册 >>>>>>
2023-06-14 10:45:05.675 | INFO     | httprunner.runner:__run_step:292 - run step begin: 用户注册 >>>>>>
2023-06-14 10:45:05.777 | DEBUG    | httprunner.client:request:186 - client IP: 10.14.148.129, Port: 59537
2023-06-14 10:45:05.778 | DEBUG    | httprunner.client:request:194 - server IP: 139.198.116.76, Port: 8000
2023-06-14 10:45:05.778 | DEBUG    | httprunner.client:log_print:40 - 
================== request details ==================
method   : POST
url      : http://139.198.116.76:8000/api/home/test/registry
headers  : {
    "User-Agent": "Mozilla/5.0 (Windows NT 10.0; WOW64) AppleWebKit/537.36 (KHTML, like Gecko) Chrome/100.0.4896.60 Safari/537.36",
    "Accept-Encoding": "gzip, deflate",
    "Accept": "application/json, text/plain, */*",
    "Connection": "keep-alive",
    "Accept-Language": "zh-CN,zh;q=0.9",
    "HRUN-Request-ID": "HRUN-1b698f81-29c0-4295-94f5-a15d417669ab-705675",
    "Content-Length": "187",
    "Content-Type": "application/json"
}
cookies  : {}
body     : {
    "email": "T9ZcuOPOpkzsBGBK@qaqseq.com",
    "mobile": "17126531014",
    "openId": "",
    "openUserName": "",
    "password": "Admin@123",
    "remarks": "",
    "username": "wJvTYMzoFMK4MTqn6obNNMDIB6iB95dn"
}

2023-06-14 10:45:05.778 | DEBUG    | httprunner.client:log_print:40 - 
================== response details ==================
status_code : 200
headers  : {
    "Server": "nginx",
    "Date": "Wed, 14 Jun 2023 02:45:05 GMT",
    "Content-Type": "application/json",
    "Transfer-Encoding": "chunked",
    "Connection": "keep-alive",
    "X-Frame-Options": "SAMEORIGIN"
}
cookies  : {}
encoding : utf-8
content_type : application/json
body     : {
    "message": "success",
    "status": 1,
    "data": true
}

2023-06-14 10:45:05.778 | INFO     | httprunner.client:request:217 - status_code: 200, response_time(ms): 102.14 ms, response_length: 0 bytes
2023-06-14 10:45:05.779 | INFO     | httprunner.response:validate:249 - assert status_code equal 200(int)	==> pass
2023-06-14 10:45:05.779 | INFO     | httprunner.response:validate:249 - assert body.message equal success(str)	==> pass
2023-06-14 10:45:05.779 | INFO     | httprunner.response:validate:249 - assert body.status equal 1(int)	==> pass
2023-06-14 10:45:05.779 | INFO     | httprunner.response:validate:249 - assert body.message contains success(str)	==> pass
2023-06-14 10:45:05.779 | INFO     | httprunner.response:validate:249 - assert body.status contained_by [1, 200](list)	==> pass
2023-06-14 10:45:05.779 | INFO     | httprunner.runner:__run_step:304 - run step end: 用户注册 <<<<<<

2023-06-14 10:45:05.779 | INFO     | httprunner.runner:__run_step:304 - run step end: 用户注册 <<<<<<

2023-06-14 10:45:05.780 | INFO     | httprunner.runner:__run_step:292 - run step begin: 登录-企业 >>>>>>
2023-06-14 10:45:05.780 | INFO     | httprunner.runner:__run_step:292 - run step begin: 登录-企业用户 >>>>>>
2023-06-14 10:45:05.837 | DEBUG    | httprunner.client:request:186 - client IP: 10.14.148.129, Port: 59537
2023-06-14 10:45:05.837 | DEBUG    | httprunner.client:request:194 - server IP: 139.198.116.76, Port: 8000
2023-06-14 10:45:05.838 | DEBUG    | httprunner.client:log_print:40 - 
================== request details ==================
method   : POST
url      : http://139.198.116.76:8000/api/home/test/login
headers  : {
    "User-Agent": "python-requests/2.28.1",
    "Accept-Encoding": "gzip, deflate, br",
    "Accept": "*/*",
    "Connection": "keep-alive",
    "Content-Length": "170",
    "Content-Type": "application/json",
    "HRUN-Request-ID": "HRUN-1b698f81-29c0-4295-94f5-a15d417669ab-705780"
}
cookies  : {}
body     : {
    "captcha": "0000",
    "captchaSign": "e360207bb7e5741c2aebcf341304909b79f6a07ce72ac40b1f52fd8fb28e7881",
    "emailCaptcha": "",
    "username": "wJvTYMzoFMK4MTqn6obNNMDIB6iB95dn"
}

2023-06-14 10:45:05.838 | DEBUG    | httprunner.client:log_print:40 - 
================== response details ==================
status_code : 200
headers  : {
    "Server": "nginx",
    "Date": "Wed, 14 Jun 2023 02:45:05 GMT",
    "Content-Type": "application/json;charset=UTF-8",
    "Transfer-Encoding": "chunked",
    "Connection": "keep-alive",
    "Set-Cookie": "SESSION=NjRmZTkyMmUtZGE4Yy00NjdiLTgwZjctYTk3Nzk1NzFhMzEz; Path=/; HttpOnly; SameSite=Lax",
    "X-Frame-Options": "SAMEORIGIN"
}
cookies  : {
    "SESSION": "NjRmZTkyMmUtZGE4Yy00NjdiLTgwZjctYTk3Nzk1NzFhMzEz"
}
encoding : UTF-8
content_type : application/json;charset=UTF-8
body     : {
    "message": "success",
    "status": 1,
    "data": true
}

2023-06-14 10:45:05.838 | INFO     | httprunner.client:request:217 - status_code: 200, response_time(ms): 56.63 ms, response_length: 0 bytes
2023-06-14 10:45:05.838 | INFO     | httprunner.response:extract:179 - extract mapping: {'entSession': 'response.headers."Set-Cookie".session'}
2023-06-14 10:45:05.839 | INFO     | httprunner.response:validate:249 - assert status_code equal 200(int)	==> pass
2023-06-14 10:45:05.839 | INFO     | httprunner.response:validate:249 - assert headers."Content-Type" equal application/json;charset=UTF-8(str)	==> pass
2023-06-14 10:45:05.839 | INFO     | httprunner.response:validate:249 - assert body.message equal success(str)	==> pass
2023-06-14 10:45:05.839 | INFO     | httprunner.response:validate:249 - assert body.status equal 1(int)	==> pass
2023-06-14 10:45:05.839 | INFO     | httprunner.response:validate:249 - assert body.data equal True(bool)	==> pass
2023-06-14 10:45:05.840 | INFO     | httprunner.runner:__run_step:304 - run step end: 登录-企业用户 <<<<<<

2023-06-14 10:45:05.840 | INFO     | httprunner.runner:__run_step_testcase:286 - export variables: {'entSession': 'response.headers."Set-Cookie".session'}
2023-06-14 10:45:05.840 | INFO     | httprunner.runner:__run_step:304 - run step end: 登录-企业 <<<<<<

2023-06-14 10:45:05.840 | INFO     | httprunner.runner:__run_step:292 - run step begin: 前缀注册企业资质图片上传 >>>>>>
2023-06-14 10:45:05.841 | INFO     | httprunner.runner:__run_step:292 - run step begin: 前缀注册企业资质图片上传 >>>>>>
2023-06-14 10:45:05.948 | DEBUG    | httprunner.client:request:186 - client IP: 10.14.148.129, Port: 59537
2023-06-14 10:45:05.948 | DEBUG    | httprunner.client:request:194 - server IP: 139.198.116.76, Port: 8000
2023-06-14 10:45:05.949 | DEBUG    | httprunner.client:log_print:40 - 
================== request details ==================
method   : POST
url      : http://139.198.116.76:8000/api/file/img/upload
headers  : {
    "User-Agent": "Mozilla/5.0 (Macintosh; Intel Mac OS X 10_15_7) AppleWebKit/537.36 (KHTML, like Gecko) Chrome/105.0.0.0 Safari/537.36",
    "Accept-Encoding": "gzip, deflate",
    "Accept": "application/json, text/plain, */*",
    "Connection": "keep-alive",
    "Accept-Language": "zh-CN,zh;q=0.9",
    "Content-Type": "multipart/form-data; boundary=e3b0285b06c046cfa3b81d2025e9e1f2",
    "HRUN-Request-ID": "HRUN-1b698f81-29c0-4295-94f5-a15d417669ab-705842",
    "Cookie": "SESSION=NjRmZTkyMmUtZGE4Yy00NjdiLTgwZjctYTk3Nzk1NzFhMzEz; SESSION=response.headers.\"Set-Cookie\".session",
    "Content-Length": "20435"
}
cookies  : {
    "SESSION": "NjRmZTkyMmUtZGE4Yy00NjdiLTgwZjctYTk3Nzk1NzFhMzEz"
}
body     : upload file stream (OMITTED)

2023-06-14 10:45:05.951 | DEBUG    | httprunner.client:log_print:40 - 
================== response details ==================
status_code : 200
headers  : {
    "Server": "nginx",
    "Date": "Wed, 14 Jun 2023 02:45:05 GMT",
    "Content-Type": "application/json;charset=UTF-8",
    "Transfer-Encoding": "chunked",
    "Connection": "keep-alive",
    "X-Frame-Options": "SAMEORIGIN"
}
cookies  : {}
encoding : UTF-8
content_type : application/json;charset=UTF-8
body     : {
    "message": "success",
    "status": 1,
    "data": {
        "id": 2170,
        "path": "57e07ce3-5c34-42c5-b9b8-d7c6500a4aa0.jpeg"
    }
}

2023-06-14 10:45:05.951 | INFO     | httprunner.client:request:217 - status_code: 200, response_time(ms): 105.14 ms, response_length: 0 bytes
2023-06-14 10:45:05.952 | INFO     | httprunner.response:extract:179 - extract mapping: {'imgId': 2170}
2023-06-14 10:45:05.953 | INFO     | httprunner.response:validate:249 - assert status_code equal 200(int)	==> pass
2023-06-14 10:45:05.953 | INFO     | httprunner.runner:__run_step:304 - run step end: 前缀注册企业资质图片上传 <<<<<<

2023-06-14 10:45:05.955 | INFO     | httprunner.runner:__run_step_testcase:286 - export variables: {'imgId': 2170}
2023-06-14 10:45:05.955 | INFO     | httprunner.runner:__run_step:304 - run step end: 前缀注册企业资质图片上传 <<<<<<

2023-06-14 10:45:05.956 | INFO     | httprunner.runner:__run_step:292 - run step begin: 前缀注册企业联系人身份证图片正面上传 >>>>>>
2023-06-14 10:45:05.957 | INFO     | httprunner.runner:__run_step:292 - run step begin: 前缀注册企业联系人身份证图片背面上传 >>>>>>
2023-06-14 10:45:06.059 | DEBUG    | httprunner.client:request:186 - client IP: 10.14.148.129, Port: 59537
2023-06-14 10:45:06.060 | DEBUG    | httprunner.client:request:194 - server IP: 139.198.116.76, Port: 8000
2023-06-14 10:45:06.060 | DEBUG    | httprunner.client:log_print:40 - 
================== request details ==================
method   : POST
url      : http://139.198.116.76:8000/api/file/img/upload
headers  : {
    "User-Agent": "Mozilla/5.0 (Macintosh; Intel Mac OS X 10_15_7) AppleWebKit/537.36 (KHTML, like Gecko) Chrome/105.0.0.0 Safari/537.36",
    "Accept-Encoding": "gzip, deflate",
    "Accept": "application/json, text/plain, */*",
    "Connection": "keep-alive",
    "Accept-Language": "zh-CN,zh;q=0.9",
    "Content-Type": "multipart/form-data; boundary=6fcec1295e504dc9bda20e9d7cb162e6",
    "HRUN-Request-ID": "HRUN-1b698f81-29c0-4295-94f5-a15d417669ab-705959",
    "Cookie": "SESSION=NjRmZTkyMmUtZGE4Yy00NjdiLTgwZjctYTk3Nzk1NzFhMzEz; SESSION=response.headers.\"Set-Cookie\".session",
    "Content-Length": "20435"
}
cookies  : {
    "SESSION": "NjRmZTkyMmUtZGE4Yy00NjdiLTgwZjctYTk3Nzk1NzFhMzEz"
}
body     : upload file stream (OMITTED)

2023-06-14 10:45:06.061 | DEBUG    | httprunner.client:log_print:40 - 
================== response details ==================
status_code : 200
headers  : {
    "Server": "nginx",
    "Date": "Wed, 14 Jun 2023 02:45:06 GMT",
    "Content-Type": "application/json;charset=UTF-8",
    "Transfer-Encoding": "chunked",
    "Connection": "keep-alive",
    "X-Frame-Options": "SAMEORIGIN"
}
cookies  : {}
encoding : UTF-8
content_type : application/json;charset=UTF-8
body     : {
    "message": "success",
    "status": 1,
    "data": {
        "id": 2171,
        "path": "c4f7286f-190a-4654-a8e9-eb889cd200a7.jpeg"
    }
}

2023-06-14 10:45:06.061 | INFO     | httprunner.client:request:217 - status_code: 200, response_time(ms): 100.11 ms, response_length: 0 bytes
2023-06-14 10:45:06.062 | INFO     | httprunner.response:extract:179 - extract mapping: {'imgId_f': 2171}
2023-06-14 10:45:06.062 | INFO     | httprunner.response:validate:249 - assert status_code equal 200(int)	==> pass
2023-06-14 10:45:06.062 | INFO     | httprunner.runner:__run_step:304 - run step end: 前缀注册企业联系人身份证图片背面上传 <<<<<<

2023-06-14 10:45:06.063 | INFO     | httprunner.runner:__run_step_testcase:286 - export variables: {'imgId_f': 2171}
2023-06-14 10:45:06.063 | INFO     | httprunner.runner:__run_step:304 - run step end: 前缀注册企业联系人身份证图片正面上传 <<<<<<

2023-06-14 10:45:06.064 | INFO     | httprunner.runner:__run_step:292 - run step begin: 前缀注册企业联系人身份证图片背面上传 >>>>>>
2023-06-14 10:45:06.065 | INFO     | httprunner.runner:__run_step:292 - run step begin: 前缀注册企业联系人身份证图片背面上传 >>>>>>
2023-06-14 10:45:06.223 | DEBUG    | httprunner.client:request:186 - client IP: 10.14.148.129, Port: 59537
2023-06-14 10:45:06.224 | DEBUG    | httprunner.client:request:194 - server IP: 139.198.116.76, Port: 8000
2023-06-14 10:45:06.226 | DEBUG    | httprunner.client:log_print:40 - 
================== request details ==================
method   : POST
url      : http://139.198.116.76:8000/api/file/img/upload
headers  : {
    "User-Agent": "Mozilla/5.0 (Macintosh; Intel Mac OS X 10_15_7) AppleWebKit/537.36 (KHTML, like Gecko) Chrome/105.0.0.0 Safari/537.36",
    "Accept-Encoding": "gzip, deflate",
    "Accept": "application/json, text/plain, */*",
    "Connection": "keep-alive",
    "Accept-Language": "zh-CN,zh;q=0.9",
    "Content-Type": "multipart/form-data; boundary=9d19a45f1f3d478bbcc74dfb1373985e",
    "HRUN-Request-ID": "HRUN-1b698f81-29c0-4295-94f5-a15d417669ab-706068",
    "Cookie": "SESSION=NjRmZTkyMmUtZGE4Yy00NjdiLTgwZjctYTk3Nzk1NzFhMzEz; SESSION=response.headers.\"Set-Cookie\".session",
    "Content-Length": "20435"
}
cookies  : {
    "SESSION": "NjRmZTkyMmUtZGE4Yy00NjdiLTgwZjctYTk3Nzk1NzFhMzEz"
}
body     : upload file stream (OMITTED)

2023-06-14 10:45:06.227 | DEBUG    | httprunner.client:log_print:40 - 
================== response details ==================
status_code : 200
headers  : {
    "Server": "nginx",
    "Date": "Wed, 14 Jun 2023 02:45:06 GMT",
    "Content-Type": "application/json;charset=UTF-8",
    "Transfer-Encoding": "chunked",
    "Connection": "keep-alive",
    "X-Frame-Options": "SAMEORIGIN"
}
cookies  : {}
encoding : UTF-8
content_type : application/json;charset=UTF-8
body     : {
    "message": "success",
    "status": 1,
    "data": {
        "id": 2172,
        "path": "f530e867-8ff5-4219-8e7d-d089de9b439e.jpeg"
    }
}

2023-06-14 10:45:06.228 | INFO     | httprunner.client:request:217 - status_code: 200, response_time(ms): 155.23 ms, response_length: 0 bytes
2023-06-14 10:45:06.228 | INFO     | httprunner.response:extract:179 - extract mapping: {'imgId_b': 2172}
2023-06-14 10:45:06.228 | INFO     | httprunner.response:validate:249 - assert status_code equal 200(int)	==> pass
2023-06-14 10:45:06.229 | INFO     | httprunner.runner:__run_step:304 - run step end: 前缀注册企业联系人身份证图片背面上传 <<<<<<

2023-06-14 10:45:06.230 | INFO     | httprunner.runner:__run_step_testcase:286 - export variables: {'imgId_b': 2172}
2023-06-14 10:45:06.230 | INFO     | httprunner.runner:__run_step:304 - run step end: 前缀注册企业联系人身份证图片背面上传 <<<<<<

2023-06-14 10:45:06.230 | INFO     | httprunner.runner:__run_step:292 - run step begin: 企业注册第一步提交信息 >>>>>>
2023-06-14 10:45:06.232 | INFO     | httprunner.runner:__run_step:292 - run step begin: 企业注册第一步提交信息 >>>>>>
2023-06-14 10:45:06.465 | DEBUG    | httprunner.client:request:186 - client IP: 10.14.148.129, Port: 59537
2023-06-14 10:45:06.467 | DEBUG    | httprunner.client:request:194 - server IP: 139.198.116.76, Port: 8000
2023-06-14 10:45:06.470 | DEBUG    | httprunner.client:log_print:40 - 
================== request details ==================
method   : POST
url      : http://139.198.116.76:8000/api/v3/entApply/basicInfo/submit
headers  : {
    "User-Agent": "Mozilla/5.0 (Macintosh; Intel Mac OS X 10_15_7) AppleWebKit/537.36 (KHTML, like Gecko) Chrome/105.0.0.0 Safari/537.36",
    "Accept-Encoding": "gzip, deflate",
    "Accept": "application/json, text/plain, */*",
    "Connection": "keep-alive",
    "Accept-Language": "zh-CN,zh;q=0.9",
    "Content-Type": "application/json;charset=UTF-8",
    "HRUN-Request-ID": "HRUN-1b698f81-29c0-4295-94f5-a15d417669ab-706233",
    "Cookie": "SESSION=NjRmZTkyMmUtZGE4Yy00NjdiLTgwZjctYTk3Nzk1NzFhMzEz; SESSION=response.headers.\"Set-Cookie\".session",
    "Content-Length": "2557"
}
cookies  : {
    "SESSION": "NjRmZTkyMmUtZGE4Yy00NjdiLTgwZjctYTk3Nzk1NzFhMzEz"
}
body     : {
    "applyStep": 2,
    "applyType": null,
    "area": [
        "110000",
        "110100",
        "110101"
    ],
    "cltrid": null,
    "contactCrtBackImgPath": null,
    "contactCrtBackImgRid": 2172,
    "contactCrtFrontImgPath": null,
    "contactCrtFrontImgRid": 2171,
    "contactCrtNo": "440962198205279115",
    "contactCrtType": 1,
    "contactEmail": "T9ZcuOPOpkzsBGBK@qaqseq.com",
    "contactName": "wJvTYMzoFMK4MTqn6obNNMDIB6iB95dn",
    "contactPhone": "17126531014",
    "createDate": null,
    "dataHostingContractFilePath": null,
    "dataHostingContractFileRid": null,
    "dataHostingOrg": null,
    "entGeneralId": null,
    "entInfoLicenses": [],
    "entInfoSerIndustrys": [],
    "entPrefix": "88.408.930527493889",
    "escrowId": null,
    "escrowOrgName": null,
    "establishDate": null,
    "extDomain": null,
    "extIpAddr": null,
    "extWebName": null,
    "finalAuditMsg": null,
    "finalAuditStatus": null,
    "firstAuditMsg": null,
    "firstAuditStatus": null,
    "id": null,
    "idRegNaImp": null,
    "industry": [
        "A",
        "01"
    ],
    "industryCategory": "A",
    "industrySpecific": "01",
    "isSubmit": 0,
    "legalCrtBackImgContent": null,
    "legalCrtBackImgPath": null,
    "legalCrtBackImgRid": 2172,
    "legalCrtFrontImgContent": null,
    "legalCrtFrontImgPath": null,
    "legalCrtFrontImgRid": 2171,
    "legalCrtNo": "440962198205279115",
    "legalCrtType": "1",
    "legalCrtTypeDesc": "中国居民身份证",
    "legalEmail": null,
    "legalFax": null,
    "legalName": "张三",
    "legalPhone": null,
    "orgAddr": "致真",
    "orgAddrCity": "110100",
    "orgAddrCityDesc": "市辖区",
    "orgAddrCounty": "110101",
    "orgAddrCountyDesc": "东城区",
    "orgAddrProvince": "110000",
    "orgAddrProvinceDesc": "北京市",
    "orgCategorySpecificDesc": "农、林、牧、渔业-农业",
    "orgCrtCode": "NLFLm64IeXCbXY2maG0EMHgGPm9yG23f",
    "orgCrtImgContent": null,
    "orgCrtImgPath": null,
    "orgCrtImgRid": 2170,
    "orgCrtType": "1",
    "orgDesc": null,
    "orgName": "vcaJuRXXCNTzwngOX0CnEUuiKTpEORjX",
    "orgNature": "1",
    "orgNatureDesc": "国有控股",
    "periodValidity": null,
    "regAuthority": null,
    "regCapital": null,
    "regRealNaImpName": null,
    "regRealNaImpType": null,
    "servHostingContractFilePath": null,
    "servHostingContractFileRid": null,
    "servHostingOrg": null,
    "servSysBuildContractFilePath": null,
    "servSysBuildContractFileRid": null,
    "servSysBuildName": null,
    "servSysBuildType": 1,
    "servSysOperContractFilePath": null,
    "servSysOperContractFileRid": null,
    "servSysOperName": null,
    "servSysOperType": 1,
    "svtrid": null,
    "thirdServiceMsg": null,
    "thirdServiceStatus": null,
    "updateDate": null,
    "userId": null,
    "userName": null,
    "website": null
}

2023-06-14 10:45:06.471 | DEBUG    | httprunner.client:log_print:40 - 
================== response details ==================
status_code : 200
headers  : {
    "Server": "nginx",
    "Date": "Wed, 14 Jun 2023 02:45:06 GMT",
    "Content-Type": "application/json;charset=UTF-8",
    "Transfer-Encoding": "chunked",
    "Connection": "keep-alive",
    "X-Frame-Options": "SAMEORIGIN"
}
cookies  : {}
encoding : UTF-8
content_type : application/json;charset=UTF-8
body     : {
    "message": "success",
    "status": 1,
    "data": true
}

2023-06-14 10:45:06.472 | INFO     | httprunner.client:request:217 - status_code: 200, response_time(ms): 231.85 ms, response_length: 0 bytes
2023-06-14 10:45:06.473 | INFO     | httprunner.response:validate:249 - assert status_code equal 200(int)	==> pass
2023-06-14 10:45:06.474 | INFO     | httprunner.response:validate:249 - assert body.message equal success(str)	==> pass
2023-06-14 10:45:06.474 | INFO     | httprunner.runner:__run_step:304 - run step end: 企业注册第一步提交信息 <<<<<<

2023-06-14 10:45:06.475 | INFO     | httprunner.runner:__run_step:304 - run step end: 企业注册第一步提交信息 <<<<<<

2023-06-14 10:45:06.476 | INFO     | httprunner.runner:__run_step:292 - run step begin: 企业注册查询注册信息 >>>>>>
2023-06-14 10:45:06.477 | INFO     | httprunner.runner:__run_step:292 - run step begin: 企业注册查询注册信息 >>>>>>
2023-06-14 10:45:06.559 | DEBUG    | httprunner.client:request:186 - client IP: 10.14.148.129, Port: 59537
2023-06-14 10:45:06.560 | DEBUG    | httprunner.client:request:194 - server IP: 139.198.116.76, Port: 8000
2023-06-14 10:45:06.561 | DEBUG    | httprunner.client:log_print:40 - 
================== request details ==================
method   : GET
url      : http://139.198.116.76:8000/api/v3/entApply/applyOrNot
headers  : {
    "User-Agent": "Mozilla/5.0 (Macintosh; Intel Mac OS X 10_15_7) AppleWebKit/537.36 (KHTML, like Gecko) Chrome/105.0.0.0 Safari/537.36",
    "Accept-Encoding": "gzip, deflate",
    "Accept": "application/json, text/plain, */*",
    "Connection": "keep-alive",
    "Accept-Language": "zh-CN,zh;q=0.9",
    "HRUN-Request-ID": "HRUN-1b698f81-29c0-4295-94f5-a15d417669ab-706477",
    "Cookie": "SESSION=NjRmZTkyMmUtZGE4Yy00NjdiLTgwZjctYTk3Nzk1NzFhMzEz; SESSION=response.headers.\"Set-Cookie\".session"
}
cookies  : {
    "SESSION": "NjRmZTkyMmUtZGE4Yy00NjdiLTgwZjctYTk3Nzk1NzFhMzEz"
}
body     : None

2023-06-14 10:45:06.564 | DEBUG    | httprunner.client:log_print:40 - 
================== response details ==================
status_code : 200
headers  : {
    "Server": "nginx",
    "Date": "Wed, 14 Jun 2023 02:45:06 GMT",
    "Content-Type": "application/json;charset=UTF-8",
    "Transfer-Encoding": "chunked",
    "Connection": "keep-alive",
    "X-Frame-Options": "SAMEORIGIN"
}
cookies  : {}
encoding : UTF-8
content_type : application/json;charset=UTF-8
body     : {
    "message": "success",
    "status": 1,
    "data": {
        "nbmsEntApplyPO": {
            "id": 1155,
            "createDate": "2023-06-14 10:45:06",
            "updateDate": "2023-06-14 10:45:06",
            "applyType": null,
            "entGeneralId": null,
            "applyStep": 2,
            "isSubmit": 0,
            "entPrefix": "88.408.930527493889",
            "firstAuditStatus": null,
            "firstAuditMsg": null,
            "thirdServiceStatus": null,
            "thirdServiceMsg": null,
            "userName": "wJvTYMzoFMK4MTqn6obNNMDIB6iB95dn",
            "finalAuditStatus": null,
            "finalAuditMsg": null,
            "svtrid": null,
            "cltrid": null,
            "userId": 1365,
            "orgName": "vcaJuRXXCNTzwngOX0CnEUuiKTpEORjX",
            "orgNature": "1",
            "orgAddrProvince": "110000",
            "orgAddrCity": "110100",
            "orgAddrCounty": "110101",
            "orgAddr": "致真",
            "orgCrtType": "1",
            "orgCrtCode": "NLFLm64IeXCbXY2maG0EMHgGPm9yG23f",
            "legalName": "张三",
            "legalCrtType": "1",
            "legalCrtNo": "440962198205279115",
            "orgDesc": null,
            "industryCategory": "A",
            "industrySpecific": "01",
            "contactName": "wJvTYMzoFMK4MTqn6obNNMDIB6iB95dn",
            "contactPhone": "17126531014",
            "contactCrtType": 1,
            "contactCrtNo": "440962198205279115",
            "contactEmail": "T9ZcuOPOpkzsBGBK@qaqseq.com",
            "website": null,
            "regAuthority": null,
            "regCapital": null,
            "establishDate": null,
            "periodValidity": null,
            "legalEmail": null,
            "legalPhone": null,
            "legalFax": null,
            "servSysBuildType": null,
            "servSysBuildName": null,
            "servSysOperType": null,
            "servSysOperName": null,
            "dataHostingOrg": null,
            "servHostingOrg": null,
            "regRealNaImpType": null,
            "regRealNaImpName": null,
            "idRegNaImp": null,
            "extWebName": null,
            "extDomain": null,
            "extIpAddr": null,
            "orgCrtImgRid": 2170,
            "contactCrtFrontImgRid": 2171,
            "contactCrtBackImgRid": 2172,
            "legalCrtFrontImgRid": 2171,
            "legalCrtBackImgRid": 2172,
            "servSysBuildContractFileRid": null,
            "servSysOperContractFileRid": null,
            "dataHostingContractFileRid": null,
            "servHostingContractFileRid": null,
            "entInfoLicenses": [],
            "entInfoSyss": [],
            "entInfoSerIndustrys": [],
            "escrowId": null,
            "industryQualificationRid": null,
            "certificationRid": null,
            "openingBank": null,
            "bankCard": null,
            "verificationName": null,
            "orgNatureDesc": "国有控股",
            "orgCrtImgContent": null,
            "orgCategorySpecificDesc": "农、林、牧、渔业-农业",
            "orgAddrProvinceDesc": "北京市",
            "orgAddrCountyDesc": "东城区",
            "orgAddrCityDesc": "市辖区",
            "legalCrtTypeDesc": "中国居民身份证",
            "legalCrtFrontImgContent": null,
            "legalCrtBackImgContent": null,
            "orgCrtImgPath": "57e07ce3-5c34-42c5-b9b8-d7c6500a4aa0.jpeg",
            "contactCrtFrontImgPath": "c4f7286f-190a-4654-a8e9-eb889cd200a7.jpeg",
            "contactCrtBackImgPath": "f530e867-8ff5-4219-8e7d-d089de9b439e.jpeg",
            "legalCrtFrontImgPath": "c4f7286f-190a-4654-a8e9-eb889cd200a7.jpeg",
            "legalCrtBackImgPath": "f530e867-8ff5-4219-8e7d-d089de9b439e.jpeg",
            "servSysBuildContractFilePath": null,
            "servSysOperContractFilePath": null,
            "dataHostingContractFilePath": null,
            "servHostingContractFilePath": null,
            "industryQualificationFilePath": null,
            "certificationFilePath": null,
            "escrowOrgName": null
        },
        "nbmsEntPO": null,
        "nbmsEntPrefixApplyPO": null,
        "needRelog": null,
        "applyStatus": 0
    }
}

2023-06-14 10:45:06.564 | INFO     | httprunner.client:request:217 - status_code: 200, response_time(ms): 81.29 ms, response_length: 0 bytes
2023-06-14 10:45:06.575 | INFO     | httprunner.response:extract:179 - extract mapping: {'applyId': 1155, 'userId': 1365, 'userName': 'wJvTYMzoFMK4MTqn6obNNMDIB6iB95dn', 'imgId_f': 2171, 'imgId_b': 2172, 'entId': None, 'entUserId': None, 'prefix': '88.408.930527493889', 'contactCrtNo': '440962198205279115', 'contactCrtType': 1, 'contactEmail': 'T9ZcuOPOpkzsBGBK@qaqseq.com', 'contactName': 'wJvTYMzoFMK4MTqn6obNNMDIB6iB95dn', 'contactPhone': '17126531014', 'industryCategory': 'A', 'industrySpecific': '01', 'orgName': 'vcaJuRXXCNTzwngOX0CnEUuiKTpEORjX', 'orgNature': '1', 'orgAddrProvince': '110000', 'orgAddrCity': '110100', 'orgAddrCounty': '110101', 'orgAddr': '致真', 'orgCrtType': '1', 'orgCrtCode': 'NLFLm64IeXCbXY2maG0EMHgGPm9yG23f', 'legalName': '张三', 'legalEmail': None, 'legalPhone': None, 'legalCrtType': '1', 'legalCrtNo': '440962198205279115', 'legalCrtFrontImgRid': 2171, 'legalCrtBackImgRid': 2172, 'orgCrtImgRid': 2170, 'imgId': 2170, 'orgNatureDesc': '国有控股', 'orgCategorySpecificDesc': '农、林、牧、渔业-农业', 'orgAddrProvinceDesc': '北京市', 'orgAddrCountyDesc': '东城区', 'orgAddrCityDesc': '市辖区', 'legalCrtTypeDesc': '中国居民身份证', 'createDate': '2023-06-14 10:45:06', 'updateDate': '2023-06-14 10:45:06', 'entInfoSyss_0_id': None, 'entInfoSyss_0_entApplyId': None, 'entApplyId': None, 'entInfoSyss_0_sysType': None, 'entInfoSyss_0_deployMode': None, 'entInfoSyss_0_deployAddr': None, 'entInfoSyss_0_deployAddrProvince': None, 'entInfoSyss_0_deployAddrCity': None, 'entInfoSyss_0_deployAddrCounty': None, 'entInfoSyss_1_id': None, 'entInfoSyss_1_entApplyId': None, 'entInfoSyss_1_sysType': None, 'entInfoSyss_1_deployMode': None, 'entInfoSyss_1_deployAddr': None, 'entInfoSyss_1_deployAddrProvince': None, 'entInfoSyss_1_deployAddrCity': None, 'entInfoSyss_1_deployAddrCounty': None, 'entInfoSyss_2_id': None, 'entInfoSyss_2_entApplyId': None, 'entInfoSyss_2_sysType': None, 'entInfoSyss_2_deployMode': None, 'entInfoSyss_2_deployAddr': None, 'entInfoSyss_2_deployAddrProvince': None, 'entInfoSyss_2_deployAddrCity': None, 'entInfoSyss_2_deployAddrCounty': None, 'entInfoSyss_3_id': None, 'entInfoSyss_3_entApplyId': None, 'entInfoSyss_3_sysType': None, 'entInfoSyss_3_deployMode': None, 'entInfoSyss_3_deployAddr': None, 'entInfoSyss_3_deployAddrProvince': None, 'entInfoSyss_3_deployAddrCity': None, 'entInfoSyss_3_deployAddrCounty': None}
2023-06-14 10:45:06.576 | INFO     | httprunner.response:validate:249 - assert status_code equal 200(int)	==> pass
2023-06-14 10:45:06.576 | INFO     | httprunner.response:validate:249 - assert body.message equal success(str)	==> pass
2023-06-14 10:45:06.576 | INFO     | httprunner.runner:__run_step:304 - run step end: 企业注册查询注册信息 <<<<<<

2023-06-14 10:45:06.577 | INFO     | httprunner.runner:__run_step_testcase:286 - export variables: {'contactPhone': '17126531014', 'entInfoSyss_0_entApplyId': None, 'legalName': '张三', 'orgAddrCity': '110100', 'entApplyId': None, 'entInfoSyss_1_deployMode': None, 'legalCrtNo': '440962198205279115', 'entInfoSyss_0_deployAddrProvince': None, 'entInfoSyss_0_deployMode': None, 'imgId': 2170, 'entInfoSyss_3_id': None, 'entInfoSyss_1_deployAddrCounty': None, 'orgAddr': '致真', 'orgCategorySpecificDesc': '农、林、牧、渔业-农业', 'orgNatureDesc': '国有控股', 'entInfoSyss_2_deployAddr': None, 'entInfoSyss_2_deployAddrCity': None, 'entInfoSyss_2_deployAddrProvince': None, 'entInfoSyss_2_entApplyId': None, 'createDate': '2023-06-14 10:45:06', 'legalEmail': None, 'entInfoSyss_1_sysType': None, 'legalCrtBackImgRid': 2172, 'contactCrtType': 1, 'orgAddrCounty': '110101', 'prefix': '88.408.930527493889', 'imgId_f': 2171, 'entInfoSyss_2_sysType': None, 'entInfoSyss_0_id': None, 'entInfoSyss_1_entApplyId': None, 'entUserId': None, 'entInfoSyss_3_deployMode': None, 'entInfoSyss_0_deployAddr': None, 'entInfoSyss_0_deployAddrCounty': None, 'entInfoSyss_1_deployAddr': None, 'orgAddrProvinceDesc': '北京市', 'entInfoSyss_0_sysType': None, 'orgName': 'vcaJuRXXCNTzwngOX0CnEUuiKTpEORjX', 'contactCrtNo': '440962198205279115', 'industryCategory': 'A', 'userId': 1365, 'updateDate': '2023-06-14 10:45:06', 'imgId_b': 2172, 'entInfoSyss_1_deployAddrCity': None, 'entInfoSyss_3_deployAddr': None, 'orgAddrCountyDesc': '东城区', 'entInfoSyss_2_deployMode': None, 'entInfoSyss_2_id': None, 'entInfoSyss_1_deployAddrProvince': None, 'legalPhone': None, 'entInfoSyss_0_deployAddrCity': None, 'contactEmail': 'T9ZcuOPOpkzsBGBK@qaqseq.com', 'orgCrtType': '1', 'entId': None, 'userName': 'wJvTYMzoFMK4MTqn6obNNMDIB6iB95dn', 'legalCrtType': '1', 'orgNature': '1', 'industrySpecific': '01', 'orgAddrProvince': '110000', 'orgCrtImgRid': 2170, 'orgCrtCode': 'NLFLm64IeXCbXY2maG0EMHgGPm9yG23f', 'entInfoSyss_3_sysType': None, 'contactName': 'wJvTYMzoFMK4MTqn6obNNMDIB6iB95dn', 'entInfoSyss_3_deployAddrCity': None, 'entInfoSyss_1_id': None, 'orgAddrCityDesc': '市辖区', 'entInfoSyss_3_entApplyId': None, 'entInfoSyss_3_deployAddrProvince': None, 'legalCrtFrontImgRid': 2171, 'entInfoSyss_3_deployAddrCounty': None, 'entInfoSyss_2_deployAddrCounty': None, 'applyId': 1155, 'legalCrtTypeDesc': '中国居民身份证'}
2023-06-14 10:45:06.577 | INFO     | httprunner.runner:__run_step:304 - run step end: 企业注册查询注册信息 <<<<<<

2023-06-14 10:45:06.577 | INFO     | httprunner.runner:__run_step:292 - run step begin: 企业注册第二步提交信息 >>>>>>
2023-06-14 10:45:06.579 | INFO     | httprunner.runner:__run_step:292 - run step begin: 企业注册第二步提交信息 >>>>>>
2023-06-14 10:45:06.748 | DEBUG    | httprunner.client:request:186 - client IP: 10.14.148.129, Port: 59537
2023-06-14 10:45:06.749 | DEBUG    | httprunner.client:request:194 - server IP: 139.198.116.76, Port: 8000
2023-06-14 10:45:06.752 | DEBUG    | httprunner.client:log_print:40 - 
================== request details ==================
method   : POST
url      : http://139.198.116.76:8000/api/v3/entApply/registerManageInfo
headers  : {
    "User-Agent": "Mozilla/5.0 (Macintosh; Intel Mac OS X 10_15_7) AppleWebKit/537.36 (KHTML, like Gecko) Chrome/105.0.0.0 Safari/537.36",
    "Accept-Encoding": "gzip, deflate",
    "Accept": "application/json, text/plain, */*",
    "Connection": "keep-alive",
    "Accept-Language": "zh-CN,zh;q=0.9",
    "Content-Type": "application/json;charset=UTF-8",
    "X-HTTP-Method-Override": "put",
    "HRUN-Request-ID": "HRUN-1b698f81-29c0-4295-94f5-a15d417669ab-706580",
    "Cookie": "SESSION=NjRmZTkyMmUtZGE4Yy00NjdiLTgwZjctYTk3Nzk1NzFhMzEz; SESSION=response.headers.\"Set-Cookie\".session",
    "Content-Length": "3282"
}
cookies  : {
    "SESSION": "NjRmZTkyMmUtZGE4Yy00NjdiLTgwZjctYTk3Nzk1NzFhMzEz"
}
body     : {
    "applyStep": 3,
    "applyType": null,
    "cltrid": null,
    "contactCrtBackImgPath": null,
    "contactCrtBackImgRid": 2172,
    "contactCrtFrontImgPath": null,
    "contactCrtFrontImgRid": 2171,
    "contactCrtNo": "440962198205279115",
    "contactCrtType": 1,
    "contactEmail": "T9ZcuOPOpkzsBGBK@qaqseq.com",
    "contactName": "wJvTYMzoFMK4MTqn6obNNMDIB6iB95dn",
    "contactPhone": "17126531014",
    "createDate": "2023-06-14 10:45:06",
    "dataHostingContractFilePath": null,
    "dataHostingContractFileRid": null,
    "dataHostingOrg": null,
    "entGeneralId": null,
    "entInfoLicenses": [],
    "entInfoSerIndustrys": [],
    "entInfoSyss": [
        {
            "deployAddr": "致真",
            "deployAddrCity": "110100",
            "deployAddrCounty": "110101",
            "deployAddrProvince": "110000",
            "deployMode": 1,
            "ipPort": null,
            "name": null,
            "sysType": 1
        },
        {
            "deployAddr": "致真",
            "deployAddrCity": "110100",
            "deployAddrCounty": "110101",
            "deployAddrProvince": "110000",
            "deployMode": 1,
            "ipPort": null,
            "name": null,
            "sysType": 2
        },
        {
            "deployAddr": "天津",
            "deployAddrCity": "120100",
            "deployAddrCounty": "120101",
            "deployAddrProvince": "120000",
            "deployMode": 1,
            "ipPort": null,
            "name": null,
            "sysType": 3
        },
        {
            "deployAddr": "天津",
            "deployAddrCity": "120100",
            "deployAddrCounty": "120101",
            "deployAddrProvince": "120000",
            "deployMode": 1,
            "ipPort": null,
            "name": null,
            "sysType": 4
        }
    ],
    "entPrefix": "88.408.930527493889",
    "escrowId": null,
    "escrowOrgName": null,
    "establishDate": null,
    "extDomain": null,
    "extIpAddr": null,
    "extWebName": null,
    "finalAuditMsg": null,
    "finalAuditStatus": null,
    "firstAuditMsg": null,
    "firstAuditStatus": null,
    "id": 1155,
    "idRegNaImp": null,
    "industryCategory": "A",
    "industrySpecific": "01",
    "isSubmit": 0,
    "legalCrtBackImgContent": null,
    "legalCrtBackImgPath": null,
    "legalCrtBackImgRid": 2172,
    "legalCrtFrontImgContent": null,
    "legalCrtFrontImgPath": null,
    "legalCrtFrontImgRid": 2171,
    "legalCrtNo": "440962198205279115",
    "legalCrtType": "1",
    "legalCrtTypeDesc": "中国居民身份证",
    "legalEmail": null,
    "legalFax": null,
    "legalName": "张三",
    "legalPhone": null,
    "orgAddr": "致真",
    "orgAddrCity": "110100",
    "orgAddrCityDesc": "市辖区",
    "orgAddrCounty": "110101",
    "orgAddrCountyDesc": "东城区",
    "orgAddrProvince": "110000",
    "orgAddrProvinceDesc": "北京市",
    "orgCategorySpecificDesc": "农、林、牧、渔业-农业",
    "orgCrtCode": "NLFLm64IeXCbXY2maG0EMHgGPm9yG23f",
    "orgCrtImgContent": null,
    "orgCrtImgPath": null,
    "orgCrtImgRid": 2170,
    "orgCrtType": "1",
    "orgDesc": null,
    "orgName": "vcaJuRXXCNTzwngOX0CnEUuiKTpEORjX",
    "orgNature": "1",
    "orgNatureDesc": "1",
    "periodValidity": null,
    "regAuthority": null,
    "regCapital": null,
    "regRealNaImpName": null,
    "regRealNaImpType": null,
    "servHostingContractFilePath": null,
    "servHostingContractFileRid": null,
    "servHostingOrg": null,
    "servSysBuildContractFilePath": null,
    "servSysBuildContractFileRid": null,
    "servSysBuildName": null,
    "servSysBuildType": 1,
    "servSysOperContractFilePath": null,
    "servSysOperContractFileRid": null,
    "servSysOperName": null,
    "servSysOperType": 1,
    "svtrid": null,
    "thirdServiceMsg": null,
    "thirdServiceStatus": null,
    "updateDate": "2023-06-14 10:45:06",
    "userId": 1365,
    "userName": "wJvTYMzoFMK4MTqn6obNNMDIB6iB95dn",
    "website": null
}

2023-06-14 10:45:06.754 | DEBUG    | httprunner.client:log_print:40 - 
================== response details ==================
status_code : 200
headers  : {
    "Server": "nginx",
    "Date": "Wed, 14 Jun 2023 02:45:06 GMT",
    "Content-Type": "application/json;charset=UTF-8",
    "Transfer-Encoding": "chunked",
    "Connection": "keep-alive",
    "X-Frame-Options": "SAMEORIGIN"
}
cookies  : {}
encoding : UTF-8
content_type : application/json;charset=UTF-8
body     : {
    "message": "success",
    "status": 1,
    "data": true
}

2023-06-14 10:45:06.754 | INFO     | httprunner.client:request:217 - status_code: 200, response_time(ms): 167.99 ms, response_length: 0 bytes
2023-06-14 10:45:06.755 | INFO     | httprunner.response:validate:249 - assert status_code equal 200(int)	==> pass
2023-06-14 10:45:06.755 | INFO     | httprunner.response:validate:249 - assert body.message equal success(str)	==> pass
2023-06-14 10:45:06.756 | INFO     | httprunner.runner:__run_step:304 - run step end: 企业注册第二步提交信息 <<<<<<

2023-06-14 10:45:06.756 | INFO     | httprunner.runner:__run_step:304 - run step end: 企业注册第二步提交信息 <<<<<<

2023-06-14 10:45:06.757 | INFO     | httprunner.runner:__run_step:292 - run step begin: 企业注册查询注册信息 >>>>>>
2023-06-14 10:45:06.759 | INFO     | httprunner.runner:__run_step:292 - run step begin: 企业注册查询注册信息 >>>>>>
2023-06-14 10:45:06.840 | DEBUG    | httprunner.client:request:186 - client IP: 10.14.148.129, Port: 59537
2023-06-14 10:45:06.841 | DEBUG    | httprunner.client:request:194 - server IP: 139.198.116.76, Port: 8000
2023-06-14 10:45:06.842 | DEBUG    | httprunner.client:log_print:40 - 
================== request details ==================
method   : GET
url      : http://139.198.116.76:8000/api/v3/entApply/applyOrNot
headers  : {
    "User-Agent": "Mozilla/5.0 (Macintosh; Intel Mac OS X 10_15_7) AppleWebKit/537.36 (KHTML, like Gecko) Chrome/105.0.0.0 Safari/537.36",
    "Accept-Encoding": "gzip, deflate",
    "Accept": "application/json, text/plain, */*",
    "Connection": "keep-alive",
    "Accept-Language": "zh-CN,zh;q=0.9",
    "HRUN-Request-ID": "HRUN-1b698f81-29c0-4295-94f5-a15d417669ab-706760",
    "Cookie": "SESSION=NjRmZTkyMmUtZGE4Yy00NjdiLTgwZjctYTk3Nzk1NzFhMzEz; SESSION=response.headers.\"Set-Cookie\".session"
}
cookies  : {
    "SESSION": "NjRmZTkyMmUtZGE4Yy00NjdiLTgwZjctYTk3Nzk1NzFhMzEz"
}
body     : None

2023-06-14 10:45:06.845 | DEBUG    | httprunner.client:log_print:40 - 
================== response details ==================
status_code : 200
headers  : {
    "Server": "nginx",
    "Date": "Wed, 14 Jun 2023 02:45:06 GMT",
    "Content-Type": "application/json;charset=UTF-8",
    "Transfer-Encoding": "chunked",
    "Connection": "keep-alive",
    "X-Frame-Options": "SAMEORIGIN"
}
cookies  : {}
encoding : UTF-8
content_type : application/json;charset=UTF-8
body     : {
    "message": "success",
    "status": 1,
    "data": {
        "nbmsEntApplyPO": {
            "id": 1155,
            "createDate": "2023-06-14 10:45:06",
            "updateDate": "2023-06-14 10:45:07",
            "applyType": null,
            "entGeneralId": null,
            "applyStep": 3,
            "isSubmit": 0,
            "entPrefix": "88.408.930527493889",
            "firstAuditStatus": null,
            "firstAuditMsg": null,
            "thirdServiceStatus": null,
            "thirdServiceMsg": null,
            "userName": "wJvTYMzoFMK4MTqn6obNNMDIB6iB95dn",
            "finalAuditStatus": null,
            "finalAuditMsg": null,
            "svtrid": null,
            "cltrid": null,
            "userId": 1365,
            "orgName": "vcaJuRXXCNTzwngOX0CnEUuiKTpEORjX",
            "orgNature": "1",
            "orgAddrProvince": "110000",
            "orgAddrCity": "110100",
            "orgAddrCounty": "110101",
            "orgAddr": "致真",
            "orgCrtType": "1",
            "orgCrtCode": "NLFLm64IeXCbXY2maG0EMHgGPm9yG23f",
            "legalName": "张三",
            "legalCrtType": "1",
            "legalCrtNo": "440962198205279115",
            "orgDesc": null,
            "industryCategory": "A",
            "industrySpecific": "01",
            "contactName": "wJvTYMzoFMK4MTqn6obNNMDIB6iB95dn",
            "contactPhone": "17126531014",
            "contactCrtType": 1,
            "contactCrtNo": "440962198205279115",
            "contactEmail": "T9ZcuOPOpkzsBGBK@qaqseq.com",
            "website": null,
            "regAuthority": null,
            "regCapital": null,
            "establishDate": null,
            "periodValidity": null,
            "legalEmail": null,
            "legalPhone": null,
            "legalFax": null,
            "servSysBuildType": 1,
            "servSysBuildName": null,
            "servSysOperType": 1,
            "servSysOperName": null,
            "dataHostingOrg": null,
            "servHostingOrg": null,
            "regRealNaImpType": null,
            "regRealNaImpName": null,
            "idRegNaImp": null,
            "extWebName": null,
            "extDomain": null,
            "extIpAddr": null,
            "orgCrtImgRid": 2170,
            "contactCrtFrontImgRid": 2171,
            "contactCrtBackImgRid": 2172,
            "legalCrtFrontImgRid": 2171,
            "legalCrtBackImgRid": 2172,
            "servSysBuildContractFileRid": null,
            "servSysOperContractFileRid": null,
            "dataHostingContractFileRid": null,
            "servHostingContractFileRid": null,
            "entInfoLicenses": [],
            "entInfoSyss": [
                {
                    "id": 2369,
                    "entApplyId": 1155,
                    "sysType": 1,
                    "deployMode": 1,
                    "deployAddr": "致真",
                    "deployAddrProvince": "110000",
                    "deployAddrCity": "110100",
                    "deployAddrCounty": "110101",
                    "name": null,
                    "ipPort": null
                },
                {
                    "id": 2370,
                    "entApplyId": 1155,
                    "sysType": 2,
                    "deployMode": 1,
                    "deployAddr": "致真",
                    "deployAddrProvince": "110000",
                    "deployAddrCity": "110100",
                    "deployAddrCounty": "110101",
                    "name": null,
                    "ipPort": null
                },
                {
                    "id": 2371,
                    "entApplyId": 1155,
                    "sysType": 3,
                    "deployMode": 1,
                    "deployAddr": "天津",
                    "deployAddrProvince": "120000",
                    "deployAddrCity": "120100",
                    "deployAddrCounty": "120101",
                    "name": null,
                    "ipPort": null
                },
                {
                    "id": 2372,
                    "entApplyId": 1155,
                    "sysType": 4,
                    "deployMode": 1,
                    "deployAddr": "天津",
                    "deployAddrProvince": "120000",
                    "deployAddrCity": "120100",
                    "deployAddrCounty": "120101",
                    "name": null,
                    "ipPort": null
                }
            ],
            "entInfoSerIndustrys": [],
            "escrowId": null,
            "industryQualificationRid": null,
            "certificationRid": null,
            "openingBank": null,
            "bankCard": null,
            "verificationName": null,
            "orgNatureDesc": "国有控股",
            "orgCrtImgContent": null,
            "orgCategorySpecificDesc": "农、林、牧、渔业-农业",
            "orgAddrProvinceDesc": "北京市",
            "orgAddrCountyDesc": "东城区",
            "orgAddrCityDesc": "市辖区",
            "legalCrtTypeDesc": "中国居民身份证",
            "legalCrtFrontImgContent": null,
            "legalCrtBackImgContent": null,
            "orgCrtImgPath": "57e07ce3-5c34-42c5-b9b8-d7c6500a4aa0.jpeg",
            "contactCrtFrontImgPath": "c4f7286f-190a-4654-a8e9-eb889cd200a7.jpeg",
            "contactCrtBackImgPath": "f530e867-8ff5-4219-8e7d-d089de9b439e.jpeg",
            "legalCrtFrontImgPath": "c4f7286f-190a-4654-a8e9-eb889cd200a7.jpeg",
            "legalCrtBackImgPath": "f530e867-8ff5-4219-8e7d-d089de9b439e.jpeg",
            "servSysBuildContractFilePath": null,
            "servSysOperContractFilePath": null,
            "dataHostingContractFilePath": null,
            "servHostingContractFilePath": null,
            "industryQualificationFilePath": null,
            "certificationFilePath": null,
            "escrowOrgName": null
        },
        "nbmsEntPO": null,
        "nbmsEntPrefixApplyPO": null,
        "needRelog": null,
        "applyStatus": 0
    }
}

2023-06-14 10:45:06.845 | INFO     | httprunner.client:request:217 - status_code: 200, response_time(ms): 80.6 ms, response_length: 0 bytes
2023-06-14 10:45:06.848 | INFO     | httprunner.response:extract:179 - extract mapping: {'applyId': 1155, 'userId': 1365, 'userName': 'wJvTYMzoFMK4MTqn6obNNMDIB6iB95dn', 'imgId_f': 2171, 'imgId_b': 2172, 'entId': None, 'entUserId': None, 'prefix': '88.408.930527493889', 'contactCrtNo': '440962198205279115', 'contactCrtType': 1, 'contactEmail': 'T9ZcuOPOpkzsBGBK@qaqseq.com', 'contactName': 'wJvTYMzoFMK4MTqn6obNNMDIB6iB95dn', 'contactPhone': '17126531014', 'industryCategory': 'A', 'industrySpecific': '01', 'orgName': 'vcaJuRXXCNTzwngOX0CnEUuiKTpEORjX', 'orgNature': '1', 'orgAddrProvince': '110000', 'orgAddrCity': '110100', 'orgAddrCounty': '110101', 'orgAddr': '致真', 'orgCrtType': '1', 'orgCrtCode': 'NLFLm64IeXCbXY2maG0EMHgGPm9yG23f', 'legalName': '张三', 'legalEmail': None, 'legalPhone': None, 'legalCrtType': '1', 'legalCrtNo': '440962198205279115', 'legalCrtFrontImgRid': 2171, 'legalCrtBackImgRid': 2172, 'orgCrtImgRid': 2170, 'imgId': 2170, 'orgNatureDesc': '国有控股', 'orgCategorySpecificDesc': '农、林、牧、渔业-农业', 'orgAddrProvinceDesc': '北京市', 'orgAddrCountyDesc': '东城区', 'orgAddrCityDesc': '市辖区', 'legalCrtTypeDesc': '中国居民身份证', 'createDate': '2023-06-14 10:45:06', 'updateDate': '2023-06-14 10:45:07', 'entInfoSyss_0_id': 2369, 'entInfoSyss_0_entApplyId': 1155, 'entApplyId': 1155, 'entInfoSyss_0_sysType': 1, 'entInfoSyss_0_deployMode': 1, 'entInfoSyss_0_deployAddr': '致真', 'entInfoSyss_0_deployAddrProvince': '110000', 'entInfoSyss_0_deployAddrCity': '110100', 'entInfoSyss_0_deployAddrCounty': '110101', 'entInfoSyss_1_id': 2370, 'entInfoSyss_1_entApplyId': 1155, 'entInfoSyss_1_sysType': 2, 'entInfoSyss_1_deployMode': 1, 'entInfoSyss_1_deployAddr': '致真', 'entInfoSyss_1_deployAddrProvince': '110000', 'entInfoSyss_1_deployAddrCity': '110100', 'entInfoSyss_1_deployAddrCounty': '110101', 'entInfoSyss_2_id': 2371, 'entInfoSyss_2_entApplyId': 1155, 'entInfoSyss_2_sysType': 3, 'entInfoSyss_2_deployMode': 1, 'entInfoSyss_2_deployAddr': '天津', 'entInfoSyss_2_deployAddrProvince': '120000', 'entInfoSyss_2_deployAddrCity': '120100', 'entInfoSyss_2_deployAddrCounty': '120101', 'entInfoSyss_3_id': 2372, 'entInfoSyss_3_entApplyId': 1155, 'entInfoSyss_3_sysType': 4, 'entInfoSyss_3_deployMode': 1, 'entInfoSyss_3_deployAddr': '天津', 'entInfoSyss_3_deployAddrProvince': '120000', 'entInfoSyss_3_deployAddrCity': '120100', 'entInfoSyss_3_deployAddrCounty': '120101'}
2023-06-14 10:45:06.849 | INFO     | httprunner.response:validate:249 - assert status_code equal 200(int)	==> pass
2023-06-14 10:45:06.849 | INFO     | httprunner.response:validate:249 - assert body.message equal success(str)	==> pass
2023-06-14 10:45:06.850 | INFO     | httprunner.runner:__run_step:304 - run step end: 企业注册查询注册信息 <<<<<<

2023-06-14 10:45:06.850 | INFO     | httprunner.runner:__run_step_testcase:286 - export variables: {'contactPhone': '17126531014', 'entInfoSyss_0_entApplyId': 1155, 'legalName': '张三', 'orgAddrCity': '110100', 'entApplyId': 1155, 'entInfoSyss_1_deployMode': 1, 'legalCrtNo': '440962198205279115', 'entInfoSyss_0_deployAddrProvince': '110000', 'entInfoSyss_0_deployMode': 1, 'imgId': 2170, 'entInfoSyss_3_id': 2372, 'entInfoSyss_1_deployAddrCounty': '110101', 'orgAddr': '致真', 'orgCategorySpecificDesc': '农、林、牧、渔业-农业', 'orgNatureDesc': '国有控股', 'entInfoSyss_2_deployAddr': '天津', 'entInfoSyss_2_deployAddrCity': '120100', 'entInfoSyss_2_deployAddrProvince': '120000', 'entInfoSyss_2_entApplyId': 1155, 'createDate': '2023-06-14 10:45:06', 'legalEmail': None, 'entInfoSyss_1_sysType': 2, 'legalCrtBackImgRid': 2172, 'contactCrtType': 1, 'orgAddrCounty': '110101', 'prefix': '88.408.930527493889', 'imgId_f': 2171, 'entInfoSyss_2_sysType': 3, 'entInfoSyss_0_id': 2369, 'entInfoSyss_1_entApplyId': 1155, 'entUserId': None, 'entInfoSyss_3_deployMode': 1, 'entInfoSyss_0_deployAddr': '致真', 'entInfoSyss_0_deployAddrCounty': '110101', 'entInfoSyss_1_deployAddr': '致真', 'orgAddrProvinceDesc': '北京市', 'entInfoSyss_0_sysType': 1, 'orgName': 'vcaJuRXXCNTzwngOX0CnEUuiKTpEORjX', 'contactCrtNo': '440962198205279115', 'industryCategory': 'A', 'userId': 1365, 'updateDate': '2023-06-14 10:45:07', 'imgId_b': 2172, 'entInfoSyss_1_deployAddrCity': '110100', 'entInfoSyss_3_deployAddr': '天津', 'orgAddrCountyDesc': '东城区', 'entInfoSyss_2_deployMode': 1, 'entInfoSyss_2_id': 2371, 'entInfoSyss_1_deployAddrProvince': '110000', 'legalPhone': None, 'entInfoSyss_0_deployAddrCity': '110100', 'contactEmail': 'T9ZcuOPOpkzsBGBK@qaqseq.com', 'orgCrtType': '1', 'entId': None, 'userName': 'wJvTYMzoFMK4MTqn6obNNMDIB6iB95dn', 'legalCrtType': '1', 'orgNature': '1', 'industrySpecific': '01', 'orgAddrProvince': '110000', 'orgCrtImgRid': 2170, 'orgCrtCode': 'NLFLm64IeXCbXY2maG0EMHgGPm9yG23f', 'entInfoSyss_3_sysType': 4, 'contactName': 'wJvTYMzoFMK4MTqn6obNNMDIB6iB95dn', 'entInfoSyss_3_deployAddrCity': '120100', 'entInfoSyss_1_id': 2370, 'orgAddrCityDesc': '市辖区', 'entInfoSyss_3_entApplyId': 1155, 'entInfoSyss_3_deployAddrProvince': '120000', 'legalCrtFrontImgRid': 2171, 'entInfoSyss_3_deployAddrCounty': '120101', 'entInfoSyss_2_deployAddrCounty': '120101', 'applyId': 1155, 'legalCrtTypeDesc': '中国居民身份证'}
2023-06-14 10:45:06.850 | INFO     | httprunner.runner:__run_step:304 - run step end: 企业注册查询注册信息 <<<<<<

2023-06-14 10:45:06.851 | INFO     | httprunner.runner:__run_step:292 - run step begin: 企业注册最终第三步提交信息 >>>>>>
2023-06-14 10:45:06.853 | INFO     | httprunner.runner:__run_step:292 - run step begin: 企业注册最终第三步提交信息 >>>>>>
2023-06-14 10:45:07.017 | DEBUG    | httprunner.client:request:186 - client IP: 10.14.148.129, Port: 59537
2023-06-14 10:45:07.018 | DEBUG    | httprunner.client:request:194 - server IP: 139.198.116.76, Port: 8000
2023-06-14 10:45:07.020 | DEBUG    | httprunner.client:log_print:40 - 
================== request details ==================
method   : POST
url      : http://139.198.116.76:8000/api/v3/entApply/apply
headers  : {
    "User-Agent": "Mozilla/5.0 (Macintosh; Intel Mac OS X 10_15_7) AppleWebKit/537.36 (KHTML, like Gecko) Chrome/105.0.0.0 Safari/537.36",
    "Accept-Encoding": "gzip, deflate",
    "Accept": "application/json, text/plain, */*",
    "Connection": "keep-alive",
    "Accept-Language": "zh-CN,zh;q=0.9",
    "Content-Type": "application/json;charset=UTF-8",
    "HRUN-Request-ID": "HRUN-1b698f81-29c0-4295-94f5-a15d417669ab-706854",
    "Cookie": "SESSION=NjRmZTkyMmUtZGE4Yy00NjdiLTgwZjctYTk3Nzk1NzFhMzEz; SESSION=response.headers.\"Set-Cookie\".session",
    "Content-Length": "3282"
}
cookies  : {
    "SESSION": "NjRmZTkyMmUtZGE4Yy00NjdiLTgwZjctYTk3Nzk1NzFhMzEz"
}
body     : {
    "applyStep": 4,
    "applyType": null,
    "cltrid": null,
    "contactCrtBackImgPath": null,
    "contactCrtBackImgRid": 2172,
    "contactCrtFrontImgPath": null,
    "contactCrtFrontImgRid": 2171,
    "contactCrtNo": "440962198205279115",
    "contactCrtType": 1,
    "contactEmail": "T9ZcuOPOpkzsBGBK@qaqseq.com",
    "contactName": "wJvTYMzoFMK4MTqn6obNNMDIB6iB95dn",
    "contactPhone": "17126531014",
    "createDate": "2023-06-14 10:45:06",
    "dataHostingContractFilePath": null,
    "dataHostingContractFileRid": null,
    "dataHostingOrg": null,
    "entGeneralId": null,
    "entInfoLicenses": [],
    "entInfoSerIndustrys": [],
    "entInfoSyss": [
        {
            "deployAddr": "致真",
            "deployAddrCity": "110100",
            "deployAddrCounty": "110101",
            "deployAddrProvince": "110000",
            "deployMode": 1,
            "ipPort": null,
            "name": null,
            "sysType": 2
        },
        {
            "deployAddr": "致真",
            "deployAddrCity": "110100",
            "deployAddrCounty": "110101",
            "deployAddrProvince": "110000",
            "deployMode": 1,
            "ipPort": null,
            "name": null,
            "sysType": 3
        },
        {
            "deployAddr": "天津",
            "deployAddrCity": "120100",
            "deployAddrCounty": "120101",
            "deployAddrProvince": "120000",
            "deployMode": 1,
            "ipPort": null,
            "name": null,
            "sysType": 4
        },
        {
            "deployAddr": "天津",
            "deployAddrCity": "120100",
            "deployAddrCounty": "120101",
            "deployAddrProvince": "120000",
            "deployMode": 1,
            "ipPort": null,
            "name": null,
            "sysType": 4
        }
    ],
    "entPrefix": "88.408.930527493889",
    "escrowId": null,
    "escrowOrgName": null,
    "establishDate": null,
    "extDomain": null,
    "extIpAddr": null,
    "extWebName": null,
    "finalAuditMsg": null,
    "finalAuditStatus": null,
    "firstAuditMsg": null,
    "firstAuditStatus": null,
    "id": 1155,
    "idRegNaImp": null,
    "industryCategory": "A",
    "industrySpecific": "01",
    "isSubmit": 0,
    "legalCrtBackImgContent": null,
    "legalCrtBackImgPath": null,
    "legalCrtBackImgRid": 2172,
    "legalCrtFrontImgContent": null,
    "legalCrtFrontImgPath": null,
    "legalCrtFrontImgRid": 2171,
    "legalCrtNo": "440962198205279115",
    "legalCrtType": "1",
    "legalCrtTypeDesc": "中国居民身份证",
    "legalEmail": null,
    "legalFax": null,
    "legalName": "张三",
    "legalPhone": null,
    "orgAddr": "致真",
    "orgAddrCity": "110100",
    "orgAddrCityDesc": "市辖区",
    "orgAddrCounty": "110101",
    "orgAddrCountyDesc": "东城区",
    "orgAddrProvince": "110000",
    "orgAddrProvinceDesc": "北京市",
    "orgCategorySpecificDesc": "农、林、牧、渔业-农业",
    "orgCrtCode": "NLFLm64IeXCbXY2maG0EMHgGPm9yG23f",
    "orgCrtImgContent": null,
    "orgCrtImgPath": null,
    "orgCrtImgRid": 2170,
    "orgCrtType": "1",
    "orgDesc": null,
    "orgName": "vcaJuRXXCNTzwngOX0CnEUuiKTpEORjX",
    "orgNature": "1",
    "orgNatureDesc": "1",
    "periodValidity": null,
    "regAuthority": null,
    "regCapital": null,
    "regRealNaImpName": null,
    "regRealNaImpType": null,
    "servHostingContractFilePath": null,
    "servHostingContractFileRid": null,
    "servHostingOrg": null,
    "servSysBuildContractFilePath": null,
    "servSysBuildContractFileRid": null,
    "servSysBuildName": null,
    "servSysBuildType": 1,
    "servSysOperContractFilePath": null,
    "servSysOperContractFileRid": null,
    "servSysOperName": null,
    "servSysOperType": 1,
    "svtrid": null,
    "thirdServiceMsg": null,
    "thirdServiceStatus": null,
    "updateDate": "2023-06-14 10:45:07",
    "userId": 1365,
    "userName": "wJvTYMzoFMK4MTqn6obNNMDIB6iB95dn",
    "website": null
}

2023-06-14 10:45:07.022 | DEBUG    | httprunner.client:log_print:40 - 
================== response details ==================
status_code : 200
headers  : {
    "Server": "nginx",
    "Date": "Wed, 14 Jun 2023 02:45:07 GMT",
    "Content-Type": "application/json;charset=UTF-8",
    "Transfer-Encoding": "chunked",
    "Connection": "keep-alive",
    "X-Frame-Options": "SAMEORIGIN"
}
cookies  : {}
encoding : UTF-8
content_type : application/json;charset=UTF-8
body     : {
    "message": "success",
    "status": 1,
    "data": true
}

2023-06-14 10:45:07.022 | INFO     | httprunner.client:request:217 - status_code: 200, response_time(ms): 163.04 ms, response_length: 0 bytes
2023-06-14 10:45:07.022 | INFO     | httprunner.response:validate:249 - assert status_code equal 200(int)	==> pass
2023-06-14 10:45:07.023 | INFO     | httprunner.response:validate:249 - assert body.message equal success(str)	==> pass
2023-06-14 10:45:07.023 | INFO     | httprunner.runner:__run_step:304 - run step end: 企业注册最终第三步提交信息 <<<<<<

2023-06-14 10:45:07.026 | INFO     | httprunner.runner:__run_step:304 - run step end: 企业注册最终第三步提交信息 <<<<<<

2023-06-14 10:45:07.027 | INFO     | httprunner.runner:__run_step:292 - run step begin: 登录-管理员 >>>>>>
2023-06-14 10:45:07.029 | INFO     | httprunner.runner:__run_step:292 - run step begin: 登录-企业用户 >>>>>>
2023-06-14 10:45:07.099 | DEBUG    | httprunner.client:request:186 - client IP: 10.14.148.129, Port: 59537
2023-06-14 10:45:07.100 | DEBUG    | httprunner.client:request:194 - server IP: 139.198.116.76, Port: 8000
2023-06-14 10:45:07.101 | DEBUG    | httprunner.client:log_print:40 - 
================== request details ==================
method   : POST
url      : http://139.198.116.76:8000/api/home/test/login
headers  : {
    "User-Agent": "python-requests/2.28.1",
    "Accept-Encoding": "gzip, deflate, br",
    "Accept": "*/*",
    "Connection": "keep-alive",
    "Content-Length": "144",
    "Content-Type": "application/json",
    "HRUN-Request-ID": "HRUN-1b698f81-29c0-4295-94f5-a15d417669ab-707030",
    "Cookie": "SESSION=NjRmZTkyMmUtZGE4Yy00NjdiLTgwZjctYTk3Nzk1NzFhMzEz"
}
cookies  : {
    "SESSION": "NjRmZTkyMmUtZGE4Yy00NjdiLTgwZjctYTk3Nzk1NzFhMzEz"
}
body     : {
    "captcha": "0000",
    "captchaSign": "5d39bab12bba81ab59b3931d2ca06ee9603c3803355932be66974f122cab3502",
    "emailCaptcha": "",
    "username": "adminy"
}

2023-06-14 10:45:07.102 | DEBUG    | httprunner.client:log_print:40 - 
================== response details ==================
status_code : 200
headers  : {
    "Server": "nginx",
    "Date": "Wed, 14 Jun 2023 02:45:07 GMT",
    "Content-Type": "application/json;charset=UTF-8",
    "Transfer-Encoding": "chunked",
    "Connection": "keep-alive",
    "Set-Cookie": "SESSION=NWJlZDk5Y2UtMDZlNi00ZTYzLWI5MTEtNjMyODA4NTU4ZTQ4; Path=/; HttpOnly; SameSite=Lax",
    "X-Frame-Options": "SAMEORIGIN"
}
cookies  : {
    "SESSION": "NWJlZDk5Y2UtMDZlNi00ZTYzLWI5MTEtNjMyODA4NTU4ZTQ4"
}
encoding : UTF-8
content_type : application/json;charset=UTF-8
body     : {
    "message": "success",
    "status": 1,
    "data": true
}

2023-06-14 10:45:07.102 | INFO     | httprunner.client:request:217 - status_code: 200, response_time(ms): 69.49 ms, response_length: 0 bytes
2023-06-14 10:45:07.103 | INFO     | httprunner.response:extract:179 - extract mapping: {'adminSession': 'response.headers."Set-Cookie".session'}
2023-06-14 10:45:07.103 | INFO     | httprunner.response:validate:249 - assert status_code equal 200(int)	==> pass
2023-06-14 10:45:07.104 | INFO     | httprunner.response:validate:249 - assert headers."Content-Type" equal application/json;charset=UTF-8(str)	==> pass
2023-06-14 10:45:07.104 | INFO     | httprunner.response:validate:249 - assert body.message equal success(str)	==> pass
2023-06-14 10:45:07.104 | INFO     | httprunner.response:validate:249 - assert body.status equal 1(int)	==> pass
2023-06-14 10:45:07.105 | INFO     | httprunner.response:validate:249 - assert body.data equal True(bool)	==> pass
2023-06-14 10:45:07.105 | INFO     | httprunner.runner:__run_step:304 - run step end: 登录-企业用户 <<<<<<

2023-06-14 10:45:07.106 | INFO     | httprunner.runner:__run_step_testcase:286 - export variables: {'adminSession': 'response.headers."Set-Cookie".session'}
2023-06-14 10:45:07.106 | INFO     | httprunner.runner:__run_step:304 - run step end: 登录-管理员 <<<<<<

2023-06-14 10:45:07.107 | INFO     | httprunner.runner:__run_step:292 - run step begin: 年费费用查询 >>>>>>
2023-06-14 10:45:07.109 | INFO     | httprunner.runner:__run_step:292 - run step begin: 财务规则查询-年费 >>>>>>
2023-06-14 10:45:07.163 | DEBUG    | httprunner.client:request:186 - client IP: 10.14.148.129, Port: 59537
2023-06-14 10:45:07.164 | DEBUG    | httprunner.client:request:194 - server IP: 139.198.116.76, Port: 8000
2023-06-14 10:45:07.164 | DEBUG    | httprunner.client:log_print:40 - 
================== request details ==================
method   : GET
url      : http://139.198.116.76:8000/api/finance/rule/findRule?cache=1663837640684&moneyType=2&userId=1365
headers  : {
    "User-Agent": "Mozilla/5.0 (Macintosh; Intel Mac OS X 10_15_7) AppleWebKit/537.36 (KHTML, like Gecko) Chrome/98.0.4758.102 Safari/537.36 Edg/98.0.1108.56",
    "Accept-Encoding": "gzip, deflate",
    "Accept": "application/json, text/plain, */*",
    "Connection": "keep-alive",
    "Accept-Language": "zh-CN,zh;q=0.9,en;q=0.8,en-GB;q=0.7,en-US;q=0.6",
    "HRUN-Request-ID": "HRUN-1b698f81-29c0-4295-94f5-a15d417669ab-707109",
    "Cookie": "SESSION=NWJlZDk5Y2UtMDZlNi00ZTYzLWI5MTEtNjMyODA4NTU4ZTQ4; SESSION=response.headers.\"Set-Cookie\".session"
}
cookies  : {
    "SESSION": "NWJlZDk5Y2UtMDZlNi00ZTYzLWI5MTEtNjMyODA4NTU4ZTQ4"
}
body     : None

2023-06-14 10:45:07.165 | DEBUG    | httprunner.client:log_print:40 - 
================== response details ==================
status_code : 200
headers  : {
    "Server": "nginx",
    "Date": "Wed, 14 Jun 2023 02:45:07 GMT",
    "Content-Type": "application/json;charset=UTF-8",
    "Transfer-Encoding": "chunked",
    "Connection": "keep-alive",
    "X-Frame-Options": "SAMEORIGIN"
}
cookies  : {}
encoding : UTF-8
content_type : application/json;charset=UTF-8
body     : {
    "message": "success",
    "status": 1,
    "data": [
        {
            "id": 78,
            "createDate": "2023-05-31 12:51:47",
            "updateDate": "2023-05-31 12:51:47",
            "name": "标准",
            "money": 10000.0,
            "moneyType": 2,
            "prefixCount": 1,
            "remart": "test",
            "entName": null,
            "entUserId": null,
            "ruleType": 2,
            "escrowId": null
        }
    ]
}

2023-06-14 10:45:07.166 | INFO     | httprunner.client:request:217 - status_code: 200, response_time(ms): 53.49 ms, response_length: 0 bytes
2023-06-14 10:45:07.166 | INFO     | httprunner.response:extract:179 - extract mapping: {'annualFeeRuleId': 78}
2023-06-14 10:45:07.167 | INFO     | httprunner.response:validate:249 - assert status_code equal 200(int)	==> pass
2023-06-14 10:45:07.167 | INFO     | httprunner.response:validate:249 - assert body.message equal success(str)	==> pass
2023-06-14 10:45:07.168 | INFO     | httprunner.response:validate:249 - assert body.status equal 1(int)	==> pass
2023-06-14 10:45:07.168 | INFO     | httprunner.runner:__run_step:304 - run step end: 财务规则查询-年费 <<<<<<

2023-06-14 10:45:07.169 | INFO     | httprunner.runner:__run_step_testcase:286 - export variables: {'annualFeeRuleId': 78}
2023-06-14 10:45:07.169 | INFO     | httprunner.runner:__run_step:304 - run step end: 年费费用查询 <<<<<<

2023-06-14 10:45:07.170 | INFO     | httprunner.runner:__run_step:292 - run step begin: 注册费费用查询 >>>>>>
2023-06-14 10:45:07.171 | INFO     | httprunner.runner:__run_step:292 - run step begin: 财务规则查询-注册费 >>>>>>
2023-06-14 10:45:07.228 | DEBUG    | httprunner.client:request:186 - client IP: 10.14.148.129, Port: 59537
2023-06-14 10:45:07.229 | DEBUG    | httprunner.client:request:194 - server IP: 139.198.116.76, Port: 8000
2023-06-14 10:45:07.230 | DEBUG    | httprunner.client:log_print:40 - 
================== request details ==================
method   : GET
url      : http://139.198.116.76:8000/api/finance/rule/findRule?moneyType=1&userId=1365
headers  : {
    "User-Agent": "Mozilla/5.0 (Macintosh; Intel Mac OS X 10_15_7) AppleWebKit/537.36 (KHTML, like Gecko) Chrome/98.0.4758.102 Safari/537.36 Edg/98.0.1108.56",
    "Accept-Encoding": "gzip, deflate",
    "Accept": "application/json, text/plain, */*",
    "Connection": "keep-alive",
    "Accept-Language": "zh-CN,zh;q=0.9,en;q=0.8,en-GB;q=0.7,en-US;q=0.6",
    "HRUN-Request-ID": "HRUN-1b698f81-29c0-4295-94f5-a15d417669ab-707172",
    "Cookie": "SESSION=NWJlZDk5Y2UtMDZlNi00ZTYzLWI5MTEtNjMyODA4NTU4ZTQ4; SESSION=response.headers.\"Set-Cookie\".session"
}
cookies  : {
    "SESSION": "NWJlZDk5Y2UtMDZlNi00ZTYzLWI5MTEtNjMyODA4NTU4ZTQ4"
}
body     : None

2023-06-14 10:45:07.232 | DEBUG    | httprunner.client:log_print:40 - 
================== response details ==================
status_code : 200
headers  : {
    "Server": "nginx",
    "Date": "Wed, 14 Jun 2023 02:45:07 GMT",
    "Content-Type": "application/json;charset=UTF-8",
    "Transfer-Encoding": "chunked",
    "Connection": "keep-alive",
    "X-Frame-Options": "SAMEORIGIN"
}
cookies  : {}
encoding : UTF-8
content_type : application/json;charset=UTF-8
body     : {
    "message": "success",
    "status": 1,
    "data": [
        {
            "id": 77,
            "createDate": "2023-05-31 12:51:33",
            "updateDate": "2023-05-31 12:51:33",
            "name": "标准",
            "money": 10000.0,
            "moneyType": 1,
            "prefixCount": 1,
            "remart": "test",
            "entName": null,
            "entUserId": null,
            "ruleType": 2,
            "escrowId": null
        }
    ]
}

2023-06-14 10:45:07.233 | INFO     | httprunner.client:request:217 - status_code: 200, response_time(ms): 56.23 ms, response_length: 0 bytes
2023-06-14 10:45:07.234 | INFO     | httprunner.response:extract:179 - extract mapping: {'regFeeRuleId': 77}
2023-06-14 10:45:07.234 | INFO     | httprunner.response:validate:249 - assert status_code equal 200(int)	==> pass
2023-06-14 10:45:07.234 | INFO     | httprunner.response:validate:249 - assert body.message equal success(str)	==> pass
2023-06-14 10:45:07.235 | INFO     | httprunner.response:validate:249 - assert body.status equal 1(int)	==> pass
2023-06-14 10:45:07.235 | INFO     | httprunner.runner:__run_step:304 - run step end: 财务规则查询-注册费 <<<<<<

2023-06-14 10:45:07.236 | INFO     | httprunner.runner:__run_step_testcase:286 - export variables: {'regFeeRuleId': 77}
2023-06-14 10:45:07.237 | INFO     | httprunner.runner:__run_step:304 - run step end: 注册费费用查询 <<<<<<

2023-06-14 10:45:07.238 | INFO     | httprunner.runner:__run_step:292 - run step begin: 审核结果保存 >>>>>>
2023-06-14 10:45:07.240 | INFO     | httprunner.runner:__run_step:292 - run step begin: 企业审核保存 >>>>>>
2023-06-14 10:45:08.252 | DEBUG    | httprunner.client:request:186 - client IP: 10.14.148.129, Port: 59537
2023-06-14 10:45:08.253 | DEBUG    | httprunner.client:request:194 - server IP: 139.198.116.76, Port: 8000
2023-06-14 10:45:08.254 | DEBUG    | httprunner.client:log_print:40 - 
================== request details ==================
method   : POST
url      : http://139.198.116.76:8000/api/v3/ent/audit/save?annualFeeRuleId=78&applyId=1155&auditMsg=%E5%AE%A1%E6%A0%B8%E9%80%9A%E8%BF%87&auditResult=pass&entPrefix=88.408.930527493889&regFeeRuleId=77
headers  : {
    "User-Agent": "Mozilla/5.0 (Macintosh; Intel Mac OS X 10_15_7) AppleWebKit/537.36 (KHTML, like Gecko) Chrome/98.0.4758.102 Safari/537.36 Edg/98.0.1108.56",
    "Accept-Encoding": "gzip, deflate",
    "Accept": "application/json, text/plain, */*",
    "Connection": "keep-alive",
    "Accept-Language": "zh-CN,zh;q=0.9,en;q=0.8,en-GB;q=0.7,en-US;q=0.6",
    "Content-Length": "0",
    "HRUN-Request-ID": "HRUN-1b698f81-29c0-4295-94f5-a15d417669ab-707241",
    "Cookie": "SESSION=NWJlZDk5Y2UtMDZlNi00ZTYzLWI5MTEtNjMyODA4NTU4ZTQ4; SESSION=response.headers.\"Set-Cookie\".session"
}
cookies  : {
    "SESSION": "NWJlZDk5Y2UtMDZlNi00ZTYzLWI5MTEtNjMyODA4NTU4ZTQ4"
}
body     : None

2023-06-14 10:45:08.255 | DEBUG    | httprunner.client:log_print:40 - 
================== response details ==================
status_code : 200
headers  : {
    "Server": "nginx",
    "Date": "Wed, 14 Jun 2023 02:45:08 GMT",
    "Content-Type": "application/json",
    "Transfer-Encoding": "chunked",
    "Connection": "keep-alive",
    "X-Frame-Options": "SAMEORIGIN"
}
cookies  : {}
encoding : utf-8
content_type : application/json
body     : {
    "message": "success",
    "status": 1,
    "data": true
}

2023-06-14 10:45:08.256 | INFO     | httprunner.client:request:217 - status_code: 200, response_time(ms): 1011.37 ms, response_length: 0 bytes
2023-06-14 10:45:08.256 | INFO     | httprunner.response:validate:249 - assert status_code equal 200(int)	==> pass
2023-06-14 10:45:08.257 | INFO     | httprunner.response:validate:249 - assert body.message equal success(str)	==> pass
2023-06-14 10:45:08.257 | INFO     | httprunner.response:validate:249 - assert body.status equal 1(int)	==> pass
2023-06-14 10:45:08.257 | INFO     | httprunner.response:validate:249 - assert body.data equal True(bool)	==> pass
2023-06-14 10:45:08.258 | INFO     | httprunner.runner:__run_step:304 - run step end: 企业审核保存 <<<<<<

2023-06-14 10:45:08.258 | INFO     | httprunner.runner:__run_step:304 - run step end: 审核结果保存 <<<<<<

2023-06-14 10:45:08.259 | INFO     | httprunner.runner:__run_step:292 - run step begin: 前缀管理分页 >>>>>>
2023-06-14 10:45:08.261 | INFO     | httprunner.runner:__run_step:292 - run step begin: 前缀管理分页 >>>>>>
2023-06-14 10:45:08.330 | DEBUG    | httprunner.client:request:186 - client IP: 10.14.148.129, Port: 59537
2023-06-14 10:45:08.330 | DEBUG    | httprunner.client:request:194 - server IP: 139.198.116.76, Port: 8000
2023-06-14 10:45:08.332 | DEBUG    | httprunner.client:log_print:40 - 
================== request details ==================
method   : GET
url      : http://139.198.116.76:8000/api/v3/ent/prefix/manage/pageQuery?cache=1663838231980&currentPage=1&entPrefix=88.408.930527493889&escrowOrgName=&order=&orderProp=
headers  : {
    "User-Agent": "Mozilla/5.0 (Macintosh; Intel Mac OS X 10_15_7) AppleWebKit/537.36 (KHTML, like Gecko) Chrome/98.0.4758.102 Safari/537.36 Edg/98.0.1108.56",
    "Accept-Encoding": "gzip, deflate",
    "Accept": "application/json, text/plain, */*",
    "Connection": "keep-alive",
    "Accept-Language": "zh-CN,zh;q=0.9,en;q=0.8,en-GB;q=0.7,en-US;q=0.6",
    "HRUN-Request-ID": "HRUN-1b698f81-29c0-4295-94f5-a15d417669ab-708262",
    "Cookie": "SESSION=NWJlZDk5Y2UtMDZlNi00ZTYzLWI5MTEtNjMyODA4NTU4ZTQ4; SESSION=response.headers.\"Set-Cookie\".session"
}
cookies  : {
    "SESSION": "NWJlZDk5Y2UtMDZlNi00ZTYzLWI5MTEtNjMyODA4NTU4ZTQ4"
}
body     : None

2023-06-14 10:45:08.334 | DEBUG    | httprunner.client:log_print:40 - 
================== response details ==================
status_code : 200
headers  : {
    "Server": "nginx",
    "Date": "Wed, 14 Jun 2023 02:45:08 GMT",
    "Content-Type": "application/json",
    "Transfer-Encoding": "chunked",
    "Connection": "keep-alive",
    "X-Frame-Options": "SAMEORIGIN"
}
cookies  : {}
encoding : utf-8
content_type : application/json
body     : {
    "message": "success",
    "status": 1,
    "data": {
        "first": true,
        "last": true,
        "totalPages": 1,
        "totalElements": 1,
        "number": 1,
        "size": 10,
        "sort": {
            "sorted": false,
            "unsorted": true,
            "empty": true
        },
        "numberOfElements": 1,
        "content": [
            {
                "userId": 1365,
                "entPrefix": "88.408.930527493889",
                "state": 1,
                "entGeneralId": null,
                "entName": "vcaJuRXXCNTzwngOX0CnEUuiKTpEORjX",
                "escrowOrgName": null,
                "proxyState": 1,
                "createDate": "2023-06-14 10:45:08",
                "updateDate": "2023-06-14 10:45:08",
                "id": 589
            }
        ]
    }
}

2023-06-14 10:45:08.334 | INFO     | httprunner.client:request:217 - status_code: 200, response_time(ms): 67.57 ms, response_length: 0 bytes
2023-06-14 10:45:08.337 | INFO     | httprunner.response:extract:179 - extract mapping: {'userId': 1365, 'entPrefix': '88.408.930527493889', 'prefixId': 589, 'entNameCn': 'vcaJuRXXCNTzwngOX0CnEUuiKTpEORjX', 'proxyState': 1}
2023-06-14 10:45:08.337 | INFO     | httprunner.response:validate:249 - assert status_code equal 200(int)	==> pass
2023-06-14 10:45:08.338 | INFO     | httprunner.response:validate:249 - assert body.message equal success(str)	==> pass
2023-06-14 10:45:08.339 | INFO     | httprunner.runner:__run_step:304 - run step end: 前缀管理分页 <<<<<<

2023-06-14 10:45:08.339 | INFO     | httprunner.runner:__run_step_testcase:286 - export variables: {'entPrefix': '88.408.930527493889', 'entNameCn': 'vcaJuRXXCNTzwngOX0CnEUuiKTpEORjX', 'userId': 1365, 'prefixId': 589, 'proxyState': 1}
2023-06-14 10:45:08.340 | INFO     | httprunner.runner:__run_step:304 - run step end: 前缀管理分页 <<<<<<

2023-06-14 10:45:08.340 | INFO     | httprunner.runner:__run_step_testcase:286 - export variables: {'entPrefix': '88.408.930527493889'}
2023-06-14 10:45:08.340 | INFO     | httprunner.runner:__run_step:304 - run step end: 前缀注册 <<<<<<

2023-06-14 10:45:08.341 | INFO     | httprunner.runner:__run_step:292 - run step begin: 登录-管理员 >>>>>>
2023-06-14 10:45:08.343 | INFO     | httprunner.runner:__run_step:292 - run step begin: 登录-企业用户 >>>>>>
2023-06-14 10:45:08.413 | DEBUG    | httprunner.client:request:186 - client IP: 10.14.148.129, Port: 59537
2023-06-14 10:45:08.414 | DEBUG    | httprunner.client:request:194 - server IP: 139.198.116.76, Port: 8000
2023-06-14 10:45:08.415 | DEBUG    | httprunner.client:log_print:40 - 
================== request details ==================
method   : POST
url      : http://139.198.116.76:8000/api/home/test/login
headers  : {
    "User-Agent": "python-requests/2.28.1",
    "Accept-Encoding": "gzip, deflate, br",
    "Accept": "*/*",
    "Connection": "keep-alive",
    "Content-Length": "144",
    "Content-Type": "application/json",
    "HRUN-Request-ID": "HRUN-1b698f81-29c0-4295-94f5-a15d417669ab-708344",
    "Cookie": "SESSION=NWJlZDk5Y2UtMDZlNi00ZTYzLWI5MTEtNjMyODA4NTU4ZTQ4"
}
cookies  : {
    "SESSION": "NWJlZDk5Y2UtMDZlNi00ZTYzLWI5MTEtNjMyODA4NTU4ZTQ4"
}
body     : {
    "captcha": "0000",
    "captchaSign": "5d39bab12bba81ab59b3931d2ca06ee9603c3803355932be66974f122cab3502",
    "emailCaptcha": "",
    "username": "adminy"
}

2023-06-14 10:45:08.416 | DEBUG    | httprunner.client:log_print:40 - 
================== response details ==================
status_code : 200
headers  : {
    "Server": "nginx",
    "Date": "Wed, 14 Jun 2023 02:45:08 GMT",
    "Content-Type": "application/json;charset=UTF-8",
    "Transfer-Encoding": "chunked",
    "Connection": "keep-alive",
    "Set-Cookie": "SESSION=MmQ4NTZlZTgtZGQ1Ny00YTY5LThhYWEtYmFmZTBlZmQ5MzQ5; Path=/; HttpOnly; SameSite=Lax",
    "X-Frame-Options": "SAMEORIGIN"
}
cookies  : {
    "SESSION": "MmQ4NTZlZTgtZGQ1Ny00YTY5LThhYWEtYmFmZTBlZmQ5MzQ5"
}
encoding : UTF-8
content_type : application/json;charset=UTF-8
body     : {
    "message": "success",
    "status": 1,
    "data": true
}

2023-06-14 10:45:08.416 | INFO     | httprunner.client:request:217 - status_code: 200, response_time(ms): 68.41 ms, response_length: 0 bytes
2023-06-14 10:45:08.417 | INFO     | httprunner.response:extract:179 - extract mapping: {'adminSession': 'response.headers."Set-Cookie".session'}
2023-06-14 10:45:08.418 | INFO     | httprunner.response:validate:249 - assert status_code equal 200(int)	==> pass
2023-06-14 10:45:08.418 | INFO     | httprunner.response:validate:249 - assert headers."Content-Type" equal application/json;charset=UTF-8(str)	==> pass
2023-06-14 10:45:08.419 | INFO     | httprunner.response:validate:249 - assert body.message equal success(str)	==> pass
2023-06-14 10:45:08.419 | INFO     | httprunner.response:validate:249 - assert body.status equal 1(int)	==> pass
2023-06-14 10:45:08.420 | INFO     | httprunner.response:validate:249 - assert body.data equal True(bool)	==> pass
2023-06-14 10:45:08.420 | INFO     | httprunner.runner:__run_step:304 - run step end: 登录-企业用户 <<<<<<

2023-06-14 10:45:08.421 | INFO     | httprunner.runner:__run_step_testcase:286 - export variables: {'adminSession': 'response.headers."Set-Cookie".session'}
2023-06-14 10:45:08.421 | INFO     | httprunner.runner:__run_step:304 - run step end: 登录-管理员 <<<<<<

2023-06-14 10:45:08.422 | INFO     | httprunner.runner:__run_step:292 - run step begin: 前缀管理分页 >>>>>>
2023-06-14 10:45:08.423 | INFO     | httprunner.runner:__run_step:292 - run step begin: 前缀管理分页 >>>>>>
2023-06-14 10:45:08.481 | DEBUG    | httprunner.client:request:186 - client IP: 10.14.148.129, Port: 59537
2023-06-14 10:45:08.482 | DEBUG    | httprunner.client:request:194 - server IP: 139.198.116.76, Port: 8000
2023-06-14 10:45:08.483 | DEBUG    | httprunner.client:log_print:40 - 
================== request details ==================
method   : GET
url      : http://139.198.116.76:8000/api/v3/ent/prefix/manage/pageQuery?cache=1663838231980&currentPage=1&entPrefix=88.408.930527493889&escrowOrgName=&order=&orderProp=
headers  : {
    "User-Agent": "Mozilla/5.0 (Macintosh; Intel Mac OS X 10_15_7) AppleWebKit/537.36 (KHTML, like Gecko) Chrome/98.0.4758.102 Safari/537.36 Edg/98.0.1108.56",
    "Accept-Encoding": "gzip, deflate",
    "Accept": "application/json, text/plain, */*",
    "Connection": "keep-alive",
    "Accept-Language": "zh-CN,zh;q=0.9,en;q=0.8,en-GB;q=0.7,en-US;q=0.6",
    "HRUN-Request-ID": "HRUN-1b698f81-29c0-4295-94f5-a15d417669ab-708424",
    "Cookie": "SESSION=MmQ4NTZlZTgtZGQ1Ny00YTY5LThhYWEtYmFmZTBlZmQ5MzQ5; SESSION=response.headers.\"Set-Cookie\".session"
}
cookies  : {
    "SESSION": "MmQ4NTZlZTgtZGQ1Ny00YTY5LThhYWEtYmFmZTBlZmQ5MzQ5"
}
body     : None

2023-06-14 10:45:08.484 | DEBUG    | httprunner.client:log_print:40 - 
================== response details ==================
status_code : 200
headers  : {
    "Server": "nginx",
    "Date": "Wed, 14 Jun 2023 02:45:08 GMT",
    "Content-Type": "application/json",
    "Transfer-Encoding": "chunked",
    "Connection": "keep-alive",
    "X-Frame-Options": "SAMEORIGIN"
}
cookies  : {}
encoding : utf-8
content_type : application/json
body     : {
    "message": "success",
    "status": 1,
    "data": {
        "first": true,
        "last": true,
        "totalPages": 1,
        "totalElements": 1,
        "number": 1,
        "size": 10,
        "sort": {
            "sorted": false,
            "unsorted": true,
            "empty": true
        },
        "numberOfElements": 1,
        "content": [
            {
                "userId": 1365,
                "entPrefix": "88.408.930527493889",
                "state": 1,
                "entGeneralId": null,
                "entName": "vcaJuRXXCNTzwngOX0CnEUuiKTpEORjX",
                "escrowOrgName": null,
                "proxyState": 1,
                "createDate": "2023-06-14 10:45:08",
                "updateDate": "2023-06-14 10:45:08",
                "id": 589
            }
        ]
    }
}

2023-06-14 10:45:08.485 | INFO     | httprunner.client:request:217 - status_code: 200, response_time(ms): 56.82 ms, response_length: 0 bytes
2023-06-14 10:45:08.486 | INFO     | httprunner.response:extract:179 - extract mapping: {'userIdPage': 1365, 'entPrefixPage': '88.408.930527493889', 'prefixIdPage': 589, 'entNameCnPage': 'vcaJuRXXCNTzwngOX0CnEUuiKTpEORjX', 'proxyStatePage': 1}
2023-06-14 10:45:08.487 | INFO     | httprunner.response:validate:249 - assert status_code equal 200(int)	==> pass
2023-06-14 10:45:08.488 | INFO     | httprunner.response:validate:249 - assert body.message equal success(str)	==> pass
2023-06-14 10:45:08.488 | INFO     | httprunner.runner:__run_step:304 - run step end: 前缀管理分页 <<<<<<

2023-06-14 10:45:08.488 | INFO     | httprunner.runner:__run_step_testcase:286 - export variables: {'proxyStatePage': 1, 'userIdPage': 1365, 'prefixIdPage': 589, 'entPrefixPage': '88.408.930527493889', 'entNameCnPage': 'vcaJuRXXCNTzwngOX0CnEUuiKTpEORjX'}
2023-06-14 10:45:08.489 | INFO     | httprunner.runner:__run_step:304 - run step end: 前缀管理分页 <<<<<<

