2023-06-26 10:34:42.624 | INFO     | httprunner.runner:test_start:450 - Start to run testcase: 前缀分配用例集-40,41, TestCase ID: 1e1d0db7-c9ab-49a2-8b39-6ebf8baca097
2023-06-26 10:34:42.625 | INFO     | httprunner.runner:__run_step:292 - run step begin: 用户注册 >>>>>>
2023-06-26 10:34:42.625 | INFO     | httprunner.runner:__run_step:292 - run step begin: 用户注册 >>>>>>
2023-06-26 10:34:42.752 | DEBUG    | httprunner.client:request:186 - client IP: 127.0.0.1, Port: 51289
2023-06-26 10:34:42.753 | DEBUG    | httprunner.client:request:194 - server IP: 127.0.0.1, Port: 8888
2023-06-26 10:34:42.753 | DEBUG    | httprunner.client:log_print:40 - 
================== request details ==================
method   : POST
url      : http://139.198.116.76:8000/api/home/test/registry
headers  : {
    "User-Agent": "Mozilla/5.0 (Windows NT 10.0; WOW64) AppleWebKit/537.36 (KHTML, like Gecko) Chrome/100.0.4896.60 Safari/537.36",
    "Accept-Encoding": "gzip, deflate",
    "Accept": "application/json, text/plain, */*",
    "Connection": "keep-alive",
    "Accept-Language": "zh-CN,zh;q=0.9",
    "HRUN-Request-ID": "HRUN-1e1d0db7-c9ab-49a2-8b39-6ebf8baca097-882625",
    "Content-Length": "187",
    "Content-Type": "application/json"
}
cookies  : {}
body     : {
    "email": "CHYwaHeQqB7OzOfB@qaqseq.com",
    "mobile": "10864842105",
    "openId": "",
    "openUserName": "",
    "password": "Admin@123",
    "remarks": "",
    "username": "RyvWf8VvhwBm7YIStshQOCA7naNB9cTN"
}

2023-06-26 10:34:42.754 | DEBUG    | httprunner.client:log_print:40 - 
================== response details ==================
status_code : 200
headers  : {
    "Server": "nginx",
    "Date": "Mon, 26 Jun 2023 02:34:42 GMT",
    "Content-Type": "application/json",
    "Transfer-Encoding": "chunked",
    "X-Frame-Options": "SAMEORIGIN",
    "Connection": "keep-alive"
}
cookies  : {}
encoding : utf-8
content_type : application/json
body     : {
    "message": "success",
    "status": 1,
    "data": true
}

2023-06-26 10:34:42.754 | INFO     | httprunner.client:request:217 - status_code: 200, response_time(ms): 126.84 ms, response_length: 0 bytes
2023-06-26 10:34:42.754 | INFO     | httprunner.response:validate:249 - assert status_code equal 200(int)	==> pass
2023-06-26 10:34:42.754 | INFO     | httprunner.response:validate:249 - assert body.message equal success(str)	==> pass
2023-06-26 10:34:42.754 | INFO     | httprunner.response:validate:249 - assert body.status equal 1(int)	==> pass
2023-06-26 10:34:42.755 | INFO     | httprunner.response:validate:249 - assert body.message contains success(str)	==> pass
2023-06-26 10:34:42.755 | INFO     | httprunner.response:validate:249 - assert body.status contained_by [1, 200](list)	==> pass
2023-06-26 10:34:42.755 | INFO     | httprunner.runner:__run_step:304 - run step end: 用户注册 <<<<<<

2023-06-26 10:34:42.755 | INFO     | httprunner.runner:__run_step:304 - run step end: 用户注册 <<<<<<

2023-06-26 10:34:42.755 | INFO     | httprunner.runner:__run_step:292 - run step begin: 登录-企业 >>>>>>
2023-06-26 10:34:42.755 | INFO     | httprunner.runner:__run_step:292 - run step begin: 登录-企业用户 >>>>>>
2023-06-26 10:34:42.815 | DEBUG    | httprunner.client:request:186 - client IP: 127.0.0.1, Port: 51289
2023-06-26 10:34:42.815 | DEBUG    | httprunner.client:request:194 - server IP: 127.0.0.1, Port: 8888
2023-06-26 10:34:42.815 | DEBUG    | httprunner.client:log_print:40 - 
================== request details ==================
method   : POST
url      : http://139.198.116.76:8000/api/home/test/login
headers  : {
    "User-Agent": "python-requests/2.28.1",
    "Accept-Encoding": "gzip, deflate, br",
    "Accept": "*/*",
    "Connection": "keep-alive",
    "Content-Length": "170",
    "Content-Type": "application/json",
    "HRUN-Request-ID": "HRUN-1e1d0db7-c9ab-49a2-8b39-6ebf8baca097-882756"
}
cookies  : {}
body     : {
    "captcha": "0000",
    "captchaSign": "2a87b6784d4077a3d68a198e51eb0045d6e6d5af856f16a4ddd2b61064b69e06",
    "emailCaptcha": "",
    "username": "RyvWf8VvhwBm7YIStshQOCA7naNB9cTN"
}

2023-06-26 10:34:42.816 | DEBUG    | httprunner.client:log_print:40 - 
================== response details ==================
status_code : 200
headers  : {
    "Server": "nginx",
    "Date": "Mon, 26 Jun 2023 02:34:42 GMT",
    "Content-Type": "application/json;charset=UTF-8",
    "Transfer-Encoding": "chunked",
    "Set-Cookie": "SESSION=M2E4NzcyODAtNGFmZS00ZWYzLTk1YzAtMTU2NDJkYjRmYTVl; Path=/; HttpOnly; SameSite=Lax",
    "X-Frame-Options": "SAMEORIGIN",
    "Connection": "keep-alive"
}
cookies  : {
    "SESSION": "M2E4NzcyODAtNGFmZS00ZWYzLTk1YzAtMTU2NDJkYjRmYTVl"
}
encoding : UTF-8
content_type : application/json;charset=UTF-8
body     : {
    "message": "success",
    "status": 1,
    "data": true
}

2023-06-26 10:34:42.816 | INFO     | httprunner.client:request:217 - status_code: 200, response_time(ms): 58.88 ms, response_length: 0 bytes
2023-06-26 10:34:42.816 | INFO     | httprunner.response:extract:179 - extract mapping: {'entSession': 'response.headers."Set-Cookie".session'}
2023-06-26 10:34:42.816 | INFO     | httprunner.response:validate:249 - assert status_code equal 200(int)	==> pass
2023-06-26 10:34:42.816 | INFO     | httprunner.response:validate:249 - assert headers."Content-Type" equal application/json;charset=UTF-8(str)	==> pass
2023-06-26 10:34:42.817 | INFO     | httprunner.response:validate:249 - assert body.message equal success(str)	==> pass
2023-06-26 10:34:42.817 | INFO     | httprunner.response:validate:249 - assert body.status equal 1(int)	==> pass
2023-06-26 10:34:42.817 | INFO     | httprunner.response:validate:249 - assert body.data equal True(bool)	==> pass
2023-06-26 10:34:42.817 | INFO     | httprunner.runner:__run_step:304 - run step end: 登录-企业用户 <<<<<<

2023-06-26 10:34:42.817 | INFO     | httprunner.runner:__run_step_testcase:286 - export variables: {'entSession': 'response.headers."Set-Cookie".session'}
2023-06-26 10:34:42.817 | INFO     | httprunner.runner:__run_step:304 - run step end: 登录-企业 <<<<<<

2023-06-26 10:34:42.817 | INFO     | httprunner.runner:__run_step:292 - run step begin: 前缀注册企业资质图片上传 >>>>>>
2023-06-26 10:34:42.818 | INFO     | httprunner.runner:__run_step:292 - run step begin: 前缀注册企业资质图片上传 >>>>>>
2023-06-26 10:34:43.041 | DEBUG    | httprunner.client:request:186 - client IP: 127.0.0.1, Port: 51289
2023-06-26 10:34:43.042 | DEBUG    | httprunner.client:request:194 - server IP: 127.0.0.1, Port: 8888
2023-06-26 10:34:43.043 | DEBUG    | httprunner.client:log_print:40 - 
================== request details ==================
method   : POST
url      : http://139.198.116.76:8000/api/file/img/upload
headers  : {
    "User-Agent": "Mozilla/5.0 (Macintosh; Intel Mac OS X 10_15_7) AppleWebKit/537.36 (KHTML, like Gecko) Chrome/105.0.0.0 Safari/537.36",
    "Accept-Encoding": "gzip, deflate",
    "Accept": "application/json, text/plain, */*",
    "Connection": "keep-alive",
    "Accept-Language": "zh-CN,zh;q=0.9",
    "Content-Type": "multipart/form-data; boundary=2eecbd070e3e4ba587d8d60985b43ff0",
    "HRUN-Request-ID": "HRUN-1e1d0db7-c9ab-49a2-8b39-6ebf8baca097-882820",
    "Cookie": "SESSION=M2E4NzcyODAtNGFmZS00ZWYzLTk1YzAtMTU2NDJkYjRmYTVl; SESSION=response.headers.\"Set-Cookie\".session",
    "Content-Length": "20435"
}
cookies  : {
    "SESSION": "M2E4NzcyODAtNGFmZS00ZWYzLTk1YzAtMTU2NDJkYjRmYTVl"
}
body     : upload file stream (OMITTED)

2023-06-26 10:34:43.044 | DEBUG    | httprunner.client:log_print:40 - 
================== response details ==================
status_code : 200
headers  : {
    "Server": "nginx",
    "Date": "Mon, 26 Jun 2023 02:34:43 GMT",
    "Content-Type": "application/json;charset=UTF-8",
    "Transfer-Encoding": "chunked",
    "X-Frame-Options": "SAMEORIGIN",
    "Connection": "keep-alive"
}
cookies  : {}
encoding : UTF-8
content_type : application/json;charset=UTF-8
body     : {
    "message": "success",
    "status": 1,
    "data": {
        "id": 2977,
        "path": "e65f906d-5bf8-4650-acf9-e1e9d7ccae45.jpeg"
    }
}

2023-06-26 10:34:43.044 | INFO     | httprunner.client:request:217 - status_code: 200, response_time(ms): 220.51 ms, response_length: 0 bytes
2023-06-26 10:34:43.044 | INFO     | httprunner.response:extract:179 - extract mapping: {'imgId': 2977}
2023-06-26 10:34:43.045 | INFO     | httprunner.response:validate:249 - assert status_code equal 200(int)	==> pass
2023-06-26 10:34:43.045 | INFO     | httprunner.runner:__run_step:304 - run step end: 前缀注册企业资质图片上传 <<<<<<

2023-06-26 10:34:43.045 | INFO     | httprunner.runner:__run_step_testcase:286 - export variables: {'imgId': 2977}
2023-06-26 10:34:43.045 | INFO     | httprunner.runner:__run_step:304 - run step end: 前缀注册企业资质图片上传 <<<<<<

2023-06-26 10:34:43.046 | INFO     | httprunner.runner:__run_step:292 - run step begin: 前缀注册企业联系人身份证图片正面上传 >>>>>>
2023-06-26 10:34:43.046 | INFO     | httprunner.runner:__run_step:292 - run step begin: 前缀注册企业联系人身份证图片背面上传 >>>>>>
2023-06-26 10:34:43.359 | DEBUG    | httprunner.client:request:186 - client IP: 127.0.0.1, Port: 51289
2023-06-26 10:34:43.360 | DEBUG    | httprunner.client:request:194 - server IP: 127.0.0.1, Port: 8888
2023-06-26 10:34:43.361 | DEBUG    | httprunner.client:log_print:40 - 
================== request details ==================
method   : POST
url      : http://139.198.116.76:8000/api/file/img/upload
headers  : {
    "User-Agent": "Mozilla/5.0 (Macintosh; Intel Mac OS X 10_15_7) AppleWebKit/537.36 (KHTML, like Gecko) Chrome/105.0.0.0 Safari/537.36",
    "Accept-Encoding": "gzip, deflate",
    "Accept": "application/json, text/plain, */*",
    "Connection": "keep-alive",
    "Accept-Language": "zh-CN,zh;q=0.9",
    "Content-Type": "multipart/form-data; boundary=25f3270b56f146789abbcda5dc181f52",
    "HRUN-Request-ID": "HRUN-1e1d0db7-c9ab-49a2-8b39-6ebf8baca097-883047",
    "Cookie": "SESSION=M2E4NzcyODAtNGFmZS00ZWYzLTk1YzAtMTU2NDJkYjRmYTVl; SESSION=response.headers.\"Set-Cookie\".session",
    "Content-Length": "20435"
}
cookies  : {
    "SESSION": "M2E4NzcyODAtNGFmZS00ZWYzLTk1YzAtMTU2NDJkYjRmYTVl"
}
body     : upload file stream (OMITTED)

2023-06-26 10:34:43.362 | DEBUG    | httprunner.client:log_print:40 - 
================== response details ==================
status_code : 200
headers  : {
    "Server": "nginx",
    "Date": "Mon, 26 Jun 2023 02:34:43 GMT",
    "Content-Type": "application/json;charset=UTF-8",
    "Transfer-Encoding": "chunked",
    "X-Frame-Options": "SAMEORIGIN",
    "Connection": "keep-alive"
}
cookies  : {}
encoding : UTF-8
content_type : application/json;charset=UTF-8
body     : {
    "message": "success",
    "status": 1,
    "data": {
        "id": 2978,
        "path": "53a17488-8766-45d3-b97c-1a6e6adb7eb9.jpeg"
    }
}

2023-06-26 10:34:43.363 | INFO     | httprunner.client:request:217 - status_code: 200, response_time(ms): 311.8 ms, response_length: 0 bytes
2023-06-26 10:34:43.363 | INFO     | httprunner.response:extract:179 - extract mapping: {'imgId_f': 2978}
2023-06-26 10:34:43.363 | INFO     | httprunner.response:validate:249 - assert status_code equal 200(int)	==> pass
2023-06-26 10:34:43.363 | INFO     | httprunner.runner:__run_step:304 - run step end: 前缀注册企业联系人身份证图片背面上传 <<<<<<

2023-06-26 10:34:43.364 | INFO     | httprunner.runner:__run_step_testcase:286 - export variables: {'imgId_f': 2978}
2023-06-26 10:34:43.364 | INFO     | httprunner.runner:__run_step:304 - run step end: 前缀注册企业联系人身份证图片正面上传 <<<<<<

2023-06-26 10:34:43.364 | INFO     | httprunner.runner:__run_step:292 - run step begin: 前缀注册企业联系人身份证图片背面上传 >>>>>>
2023-06-26 10:34:43.365 | INFO     | httprunner.runner:__run_step:292 - run step begin: 前缀注册企业联系人身份证图片背面上传 >>>>>>
2023-06-26 10:34:43.688 | DEBUG    | httprunner.client:request:186 - client IP: 127.0.0.1, Port: 51289
2023-06-26 10:34:43.688 | DEBUG    | httprunner.client:request:194 - server IP: 127.0.0.1, Port: 8888
2023-06-26 10:34:43.689 | DEBUG    | httprunner.client:log_print:40 - 
================== request details ==================
method   : POST
url      : http://139.198.116.76:8000/api/file/img/upload
headers  : {
    "User-Agent": "Mozilla/5.0 (Macintosh; Intel Mac OS X 10_15_7) AppleWebKit/537.36 (KHTML, like Gecko) Chrome/105.0.0.0 Safari/537.36",
    "Accept-Encoding": "gzip, deflate",
    "Accept": "application/json, text/plain, */*",
    "Connection": "keep-alive",
    "Accept-Language": "zh-CN,zh;q=0.9",
    "Content-Type": "multipart/form-data; boundary=26c9f3ef61a94d838bea1b5fb3f63589",
    "HRUN-Request-ID": "HRUN-1e1d0db7-c9ab-49a2-8b39-6ebf8baca097-883366",
    "Cookie": "SESSION=M2E4NzcyODAtNGFmZS00ZWYzLTk1YzAtMTU2NDJkYjRmYTVl; SESSION=response.headers.\"Set-Cookie\".session",
    "Content-Length": "20435"
}
cookies  : {
    "SESSION": "M2E4NzcyODAtNGFmZS00ZWYzLTk1YzAtMTU2NDJkYjRmYTVl"
}
body     : upload file stream (OMITTED)

2023-06-26 10:34:43.691 | DEBUG    | httprunner.client:log_print:40 - 
================== response details ==================
status_code : 200
headers  : {
    "Server": "nginx",
    "Date": "Mon, 26 Jun 2023 02:34:43 GMT",
    "Content-Type": "application/json;charset=UTF-8",
    "Transfer-Encoding": "chunked",
    "X-Frame-Options": "SAMEORIGIN",
    "Connection": "keep-alive"
}
cookies  : {}
encoding : UTF-8
content_type : application/json;charset=UTF-8
body     : {
    "message": "success",
    "status": 1,
    "data": {
        "id": 2979,
        "path": "27d65062-78d4-4d3d-b242-b0100eb49e85.jpeg"
    }
}

2023-06-26 10:34:43.691 | INFO     | httprunner.client:request:217 - status_code: 200, response_time(ms): 321.74 ms, response_length: 0 bytes
2023-06-26 10:34:43.691 | INFO     | httprunner.response:extract:179 - extract mapping: {'imgId_b': 2979}
2023-06-26 10:34:43.692 | INFO     | httprunner.response:validate:249 - assert status_code equal 200(int)	==> pass
2023-06-26 10:34:43.692 | INFO     | httprunner.runner:__run_step:304 - run step end: 前缀注册企业联系人身份证图片背面上传 <<<<<<

2023-06-26 10:34:43.692 | INFO     | httprunner.runner:__run_step_testcase:286 - export variables: {'imgId_b': 2979}
2023-06-26 10:34:43.692 | INFO     | httprunner.runner:__run_step:304 - run step end: 前缀注册企业联系人身份证图片背面上传 <<<<<<

2023-06-26 10:34:43.692 | INFO     | httprunner.runner:__run_step:292 - run step begin: 企业注册第一步提交信息 >>>>>>
2023-06-26 10:34:43.693 | INFO     | httprunner.runner:__run_step:292 - run step begin: 企业注册第一步提交信息 >>>>>>
2023-06-26 10:34:43.886 | DEBUG    | httprunner.client:request:186 - client IP: 127.0.0.1, Port: 51289
2023-06-26 10:34:43.887 | DEBUG    | httprunner.client:request:194 - server IP: 127.0.0.1, Port: 8888
2023-06-26 10:34:43.888 | DEBUG    | httprunner.client:log_print:40 - 
================== request details ==================
method   : POST
url      : http://139.198.116.76:8000/api/v3/entApply/basicInfo/submit
headers  : {
    "User-Agent": "Mozilla/5.0 (Macintosh; Intel Mac OS X 10_15_7) AppleWebKit/537.36 (KHTML, like Gecko) Chrome/105.0.0.0 Safari/537.36",
    "Accept-Encoding": "gzip, deflate",
    "Accept": "application/json, text/plain, */*",
    "Connection": "keep-alive",
    "Accept-Language": "zh-CN,zh;q=0.9",
    "Content-Type": "application/json;charset=UTF-8",
    "HRUN-Request-ID": "HRUN-1e1d0db7-c9ab-49a2-8b39-6ebf8baca097-883694",
    "Cookie": "SESSION=M2E4NzcyODAtNGFmZS00ZWYzLTk1YzAtMTU2NDJkYjRmYTVl; SESSION=response.headers.\"Set-Cookie\".session",
    "Content-Length": "2555"
}
cookies  : {
    "SESSION": "M2E4NzcyODAtNGFmZS00ZWYzLTk1YzAtMTU2NDJkYjRmYTVl"
}
body     : {
    "applyStep": 2,
    "applyType": null,
    "area": [
        "110000",
        "110100",
        "110101"
    ],
    "cltrid": null,
    "contactCrtBackImgPath": null,
    "contactCrtBackImgRid": 2979,
    "contactCrtFrontImgPath": null,
    "contactCrtFrontImgRid": 2978,
    "contactCrtNo": "148413199804076831",
    "contactCrtType": 1,
    "contactEmail": "CHYwaHeQqB7OzOfB@qaqseq.com",
    "contactName": "RyvWf8VvhwBm7YIStshQOCA7naNB9cTN",
    "contactPhone": "10864842105",
    "createDate": null,
    "dataHostingContractFilePath": null,
    "dataHostingContractFileRid": null,
    "dataHostingOrg": null,
    "entGeneralId": null,
    "entInfoLicenses": [],
    "entInfoSerIndustrys": [],
    "entPrefix": "88.408.2835859429",
    "escrowId": null,
    "escrowOrgName": null,
    "establishDate": null,
    "extDomain": null,
    "extIpAddr": null,
    "extWebName": null,
    "finalAuditMsg": null,
    "finalAuditStatus": null,
    "firstAuditMsg": null,
    "firstAuditStatus": null,
    "id": null,
    "idRegNaImp": null,
    "industry": [
        "A",
        "01"
    ],
    "industryCategory": "A",
    "industrySpecific": "01",
    "isSubmit": 0,
    "legalCrtBackImgContent": null,
    "legalCrtBackImgPath": null,
    "legalCrtBackImgRid": 2979,
    "legalCrtFrontImgContent": null,
    "legalCrtFrontImgPath": null,
    "legalCrtFrontImgRid": 2978,
    "legalCrtNo": "148413199804076831",
    "legalCrtType": "1",
    "legalCrtTypeDesc": "中国居民身份证",
    "legalEmail": null,
    "legalFax": null,
    "legalName": "张三",
    "legalPhone": null,
    "orgAddr": "致真",
    "orgAddrCity": "110100",
    "orgAddrCityDesc": "市辖区",
    "orgAddrCounty": "110101",
    "orgAddrCountyDesc": "东城区",
    "orgAddrProvince": "110000",
    "orgAddrProvinceDesc": "北京市",
    "orgCategorySpecificDesc": "农、林、牧、渔业-农业",
    "orgCrtCode": "RyvWf8VvhwBm7YIStshQOCA7naNB9cTN",
    "orgCrtImgContent": null,
    "orgCrtImgPath": null,
    "orgCrtImgRid": 2977,
    "orgCrtType": "1",
    "orgDesc": null,
    "orgName": "RyvWf8VvhwBm7YIStshQOCA7naNB9cTN",
    "orgNature": "1",
    "orgNatureDesc": "国有控股",
    "periodValidity": null,
    "regAuthority": null,
    "regCapital": null,
    "regRealNaImpName": null,
    "regRealNaImpType": null,
    "servHostingContractFilePath": null,
    "servHostingContractFileRid": null,
    "servHostingOrg": null,
    "servSysBuildContractFilePath": null,
    "servSysBuildContractFileRid": null,
    "servSysBuildName": null,
    "servSysBuildType": 1,
    "servSysOperContractFilePath": null,
    "servSysOperContractFileRid": null,
    "servSysOperName": null,
    "servSysOperType": 1,
    "svtrid": null,
    "thirdServiceMsg": null,
    "thirdServiceStatus": null,
    "updateDate": null,
    "userId": null,
    "userName": null,
    "website": null
}

2023-06-26 10:34:43.890 | DEBUG    | httprunner.client:log_print:40 - 
================== response details ==================
status_code : 200
headers  : {
    "Server": "nginx",
    "Date": "Mon, 26 Jun 2023 02:34:43 GMT",
    "Content-Type": "application/json;charset=UTF-8",
    "Transfer-Encoding": "chunked",
    "X-Frame-Options": "SAMEORIGIN",
    "Connection": "keep-alive"
}
cookies  : {}
encoding : UTF-8
content_type : application/json;charset=UTF-8
body     : {
    "message": "success",
    "status": 1,
    "data": true
}

2023-06-26 10:34:43.890 | INFO     | httprunner.client:request:217 - status_code: 200, response_time(ms): 191.81 ms, response_length: 0 bytes
2023-06-26 10:34:43.890 | INFO     | httprunner.response:validate:249 - assert status_code equal 200(int)	==> pass
2023-06-26 10:34:43.890 | INFO     | httprunner.response:validate:249 - assert body.message equal success(str)	==> pass
2023-06-26 10:34:43.891 | INFO     | httprunner.runner:__run_step:304 - run step end: 企业注册第一步提交信息 <<<<<<

2023-06-26 10:34:43.891 | INFO     | httprunner.runner:__run_step:304 - run step end: 企业注册第一步提交信息 <<<<<<

2023-06-26 10:34:43.891 | INFO     | httprunner.runner:__run_step:292 - run step begin: 企业注册查询注册信息 >>>>>>
2023-06-26 10:34:43.892 | INFO     | httprunner.runner:__run_step:292 - run step begin: 企业注册查询注册信息 >>>>>>
2023-06-26 10:34:43.971 | DEBUG    | httprunner.client:request:186 - client IP: 127.0.0.1, Port: 51289
2023-06-26 10:34:43.972 | DEBUG    | httprunner.client:request:194 - server IP: 127.0.0.1, Port: 8888
2023-06-26 10:34:43.973 | DEBUG    | httprunner.client:log_print:40 - 
================== request details ==================
method   : GET
url      : http://139.198.116.76:8000/api/v3/entApply/applyOrNot
headers  : {
    "User-Agent": "Mozilla/5.0 (Macintosh; Intel Mac OS X 10_15_7) AppleWebKit/537.36 (KHTML, like Gecko) Chrome/105.0.0.0 Safari/537.36",
    "Accept-Encoding": "gzip, deflate",
    "Accept": "application/json, text/plain, */*",
    "Connection": "keep-alive",
    "Accept-Language": "zh-CN,zh;q=0.9",
    "HRUN-Request-ID": "HRUN-1e1d0db7-c9ab-49a2-8b39-6ebf8baca097-883892",
    "Cookie": "SESSION=M2E4NzcyODAtNGFmZS00ZWYzLTk1YzAtMTU2NDJkYjRmYTVl; SESSION=response.headers.\"Set-Cookie\".session"
}
cookies  : {
    "SESSION": "M2E4NzcyODAtNGFmZS00ZWYzLTk1YzAtMTU2NDJkYjRmYTVl"
}
body     : None

2023-06-26 10:34:43.975 | DEBUG    | httprunner.client:log_print:40 - 
================== response details ==================
status_code : 200
headers  : {
    "Server": "nginx",
    "Date": "Mon, 26 Jun 2023 02:34:44 GMT",
    "Content-Type": "application/json;charset=UTF-8",
    "Transfer-Encoding": "chunked",
    "X-Frame-Options": "SAMEORIGIN",
    "Connection": "keep-alive"
}
cookies  : {}
encoding : UTF-8
content_type : application/json;charset=UTF-8
body     : {
    "message": "success",
    "status": 1,
    "data": {
        "nbmsEntApplyPO": {
            "id": 1464,
            "createDate": "2023-06-26 10:34:44",
            "updateDate": "2023-06-26 10:34:44",
            "applyType": null,
            "entGeneralId": null,
            "applyStep": 2,
            "isSubmit": 0,
            "entPrefix": "88.408.2835859429",
            "firstAuditStatus": null,
            "firstAuditMsg": null,
            "thirdServiceStatus": null,
            "thirdServiceMsg": null,
            "userName": "RyvWf8VvhwBm7YIStshQOCA7naNB9cTN",
            "finalAuditStatus": null,
            "finalAuditMsg": null,
            "svtrid": null,
            "cltrid": null,
            "userId": 1698,
            "orgName": "RyvWf8VvhwBm7YIStshQOCA7naNB9cTN",
            "orgNature": "1",
            "orgAddrProvince": "110000",
            "orgAddrCity": "110100",
            "orgAddrCounty": "110101",
            "orgAddr": "致真",
            "orgCrtType": "1",
            "orgCrtCode": "RyvWf8VvhwBm7YIStshQOCA7naNB9cTN",
            "legalName": "张三",
            "legalCrtType": "1",
            "legalCrtNo": "148413199804076831",
            "orgDesc": null,
            "industryCategory": "A",
            "industrySpecific": "01",
            "contactName": "RyvWf8VvhwBm7YIStshQOCA7naNB9cTN",
            "contactPhone": "10864842105",
            "contactCrtType": 1,
            "contactCrtNo": "148413199804076831",
            "contactEmail": "CHYwaHeQqB7OzOfB@qaqseq.com",
            "website": null,
            "regAuthority": null,
            "regCapital": null,
            "establishDate": null,
            "periodValidity": null,
            "legalEmail": null,
            "legalPhone": null,
            "legalFax": null,
            "servSysBuildType": null,
            "servSysBuildName": null,
            "servSysOperType": null,
            "servSysOperName": null,
            "dataHostingOrg": null,
            "servHostingOrg": null,
            "regRealNaImpType": null,
            "regRealNaImpName": null,
            "idRegNaImp": null,
            "extWebName": null,
            "extDomain": null,
            "extIpAddr": null,
            "orgCrtImgRid": 2977,
            "contactCrtFrontImgRid": 2978,
            "contactCrtBackImgRid": 2979,
            "legalCrtFrontImgRid": 2978,
            "legalCrtBackImgRid": 2979,
            "servSysBuildContractFileRid": null,
            "servSysOperContractFileRid": null,
            "dataHostingContractFileRid": null,
            "servHostingContractFileRid": null,
            "entInfoLicenses": [],
            "entInfoSyss": [],
            "entInfoSerIndustrys": [],
            "escrowId": null,
            "industryQualificationRid": null,
            "certificationRid": null,
            "openingBank": null,
            "bankCard": null,
            "verificationName": null,
            "orgNatureDesc": "国有控股",
            "orgCrtImgContent": null,
            "orgCategorySpecificDesc": "农、林、牧、渔业-农业",
            "orgAddrProvinceDesc": "北京市",
            "orgAddrCountyDesc": "东城区",
            "orgAddrCityDesc": "市辖区",
            "legalCrtTypeDesc": "中国居民身份证",
            "legalCrtFrontImgContent": null,
            "legalCrtBackImgContent": null,
            "orgCrtImgPath": "e65f906d-5bf8-4650-acf9-e1e9d7ccae45.jpeg",
            "contactCrtFrontImgPath": "53a17488-8766-45d3-b97c-1a6e6adb7eb9.jpeg",
            "contactCrtBackImgPath": "27d65062-78d4-4d3d-b242-b0100eb49e85.jpeg",
            "legalCrtFrontImgPath": "53a17488-8766-45d3-b97c-1a6e6adb7eb9.jpeg",
            "legalCrtBackImgPath": "27d65062-78d4-4d3d-b242-b0100eb49e85.jpeg",
            "servSysBuildContractFilePath": null,
            "servSysOperContractFilePath": null,
            "dataHostingContractFilePath": null,
            "servHostingContractFilePath": null,
            "industryQualificationFilePath": null,
            "certificationFilePath": null,
            "escrowOrgName": null
        },
        "nbmsEntPO": null,
        "nbmsEntPrefixApplyPO": null,
        "needRelog": null,
        "applyStatus": 0
    }
}

2023-06-26 10:34:43.976 | INFO     | httprunner.client:request:217 - status_code: 200, response_time(ms): 79.13 ms, response_length: 0 bytes
2023-06-26 10:34:43.982 | INFO     | httprunner.response:extract:179 - extract mapping: {'applyId': 1464, 'userId': 1698, 'userName': 'RyvWf8VvhwBm7YIStshQOCA7naNB9cTN', 'imgId_f': 2978, 'imgId_b': 2979, 'entId': None, 'entUserId': None, 'prefix': '88.408.2835859429', 'contactCrtNo': '148413199804076831', 'contactCrtType': 1, 'contactEmail': 'CHYwaHeQqB7OzOfB@qaqseq.com', 'contactName': 'RyvWf8VvhwBm7YIStshQOCA7naNB9cTN', 'contactPhone': '10864842105', 'industryCategory': 'A', 'industrySpecific': '01', 'orgName': 'RyvWf8VvhwBm7YIStshQOCA7naNB9cTN', 'orgNature': '1', 'orgAddrProvince': '110000', 'orgAddrCity': '110100', 'orgAddrCounty': '110101', 'orgAddr': '致真', 'orgCrtType': '1', 'orgCrtCode': 'RyvWf8VvhwBm7YIStshQOCA7naNB9cTN', 'legalName': '张三', 'legalEmail': None, 'legalPhone': None, 'legalCrtType': '1', 'legalCrtNo': '148413199804076831', 'legalCrtFrontImgRid': 2978, 'legalCrtBackImgRid': 2979, 'orgCrtImgRid': 2977, 'imgId': 2977, 'orgNatureDesc': '国有控股', 'orgCategorySpecificDesc': '农、林、牧、渔业-农业', 'orgAddrProvinceDesc': '北京市', 'orgAddrCountyDesc': '东城区', 'orgAddrCityDesc': '市辖区', 'legalCrtTypeDesc': '中国居民身份证', 'createDate': '2023-06-26 10:34:44', 'updateDate': '2023-06-26 10:34:44', 'entInfoSyss_0_id': None, 'entInfoSyss_0_entApplyId': None, 'entApplyId': None, 'entInfoSyss_0_sysType': None, 'entInfoSyss_0_deployMode': None, 'entInfoSyss_0_deployAddr': None, 'entInfoSyss_0_deployAddrProvince': None, 'entInfoSyss_0_deployAddrCity': None, 'entInfoSyss_0_deployAddrCounty': None, 'entInfoSyss_1_id': None, 'entInfoSyss_1_entApplyId': None, 'entInfoSyss_1_sysType': None, 'entInfoSyss_1_deployMode': None, 'entInfoSyss_1_deployAddr': None, 'entInfoSyss_1_deployAddrProvince': None, 'entInfoSyss_1_deployAddrCity': None, 'entInfoSyss_1_deployAddrCounty': None, 'entInfoSyss_2_id': None, 'entInfoSyss_2_entApplyId': None, 'entInfoSyss_2_sysType': None, 'entInfoSyss_2_deployMode': None, 'entInfoSyss_2_deployAddr': None, 'entInfoSyss_2_deployAddrProvince': None, 'entInfoSyss_2_deployAddrCity': None, 'entInfoSyss_2_deployAddrCounty': None, 'entInfoSyss_3_id': None, 'entInfoSyss_3_entApplyId': None, 'entInfoSyss_3_sysType': None, 'entInfoSyss_3_deployMode': None, 'entInfoSyss_3_deployAddr': None, 'entInfoSyss_3_deployAddrProvince': None, 'entInfoSyss_3_deployAddrCity': None, 'entInfoSyss_3_deployAddrCounty': None}
2023-06-26 10:34:43.982 | INFO     | httprunner.response:validate:249 - assert status_code equal 200(int)	==> pass
2023-06-26 10:34:43.982 | INFO     | httprunner.response:validate:249 - assert body.message equal success(str)	==> pass
2023-06-26 10:34:43.982 | INFO     | httprunner.runner:__run_step:304 - run step end: 企业注册查询注册信息 <<<<<<

2023-06-26 10:34:43.983 | INFO     | httprunner.runner:__run_step_testcase:286 - export variables: {'entInfoSyss_3_deployMode': None, 'entInfoSyss_0_sysType': None, 'orgAddr': '致真', 'contactName': 'RyvWf8VvhwBm7YIStshQOCA7naNB9cTN', 'entInfoSyss_2_deployAddrCounty': None, 'orgName': 'RyvWf8VvhwBm7YIStshQOCA7naNB9cTN', 'orgAddrProvince': '110000', 'entInfoSyss_1_entApplyId': None, 'imgId': 2977, 'legalCrtBackImgRid': 2979, 'entInfoSyss_2_id': None, 'entInfoSyss_3_entApplyId': None, 'applyId': 1464, 'legalCrtNo': '148413199804076831', 'legalCrtFrontImgRid': 2978, 'entInfoSyss_3_deployAddrCity': None, 'orgCategorySpecificDesc': '农、林、牧、渔业-农业', 'entUserId': None, 'industryCategory': 'A', 'industrySpecific': '01', 'orgCrtImgRid': 2977, 'orgCrtType': '1', 'updateDate': '2023-06-26 10:34:44', 'entInfoSyss_1_id': None, 'legalCrtType': '1', 'entInfoSyss_0_entApplyId': None, 'entInfoSyss_3_id': None, 'entInfoSyss_1_deployAddrCounty': None, 'entInfoSyss_2_deployAddr': None, 'entInfoSyss_2_deployAddrProvince': None, 'legalEmail': None, 'entInfoSyss_2_deployMode': None, 'entId': None, 'contactPhone': '10864842105', 'orgAddrCountyDesc': '东城区', 'orgAddrCityDesc': '市辖区', 'orgCrtCode': 'RyvWf8VvhwBm7YIStshQOCA7naNB9cTN', 'entInfoSyss_3_sysType': None, 'entInfoSyss_3_deployAddr': None, 'entInfoSyss_1_deployMode': None, 'entInfoSyss_0_deployAddr': None, 'entInfoSyss_0_deployAddrProvince': None, 'entInfoSyss_3_deployAddrProvince': None, 'createDate': '2023-06-26 10:34:44', 'orgNatureDesc': '国有控股', 'entApplyId': None, 'userName': 'RyvWf8VvhwBm7YIStshQOCA7naNB9cTN', 'entInfoSyss_0_deployAddrCounty': None, 'contactCrtNo': '148413199804076831', 'contactCrtType': 1, 'entInfoSyss_1_deployAddrCity': None, 'entInfoSyss_0_id': None, 'legalCrtTypeDesc': '中国居民身份证', 'legalName': '张三', 'orgAddrProvinceDesc': '北京市', 'imgId_b': 2979, 'orgNature': '1', 'entInfoSyss_1_sysType': None, 'entInfoSyss_0_deployMode': None, 'userId': 1698, 'entInfoSyss_1_deployAddrProvince': None, 'entInfoSyss_2_entApplyId': None, 'prefix': '88.408.2835859429', 'entInfoSyss_3_deployAddrCounty': None, 'legalPhone': None, 'orgAddrCity': '110100', 'imgId_f': 2978, 'entInfoSyss_2_deployAddrCity': None, 'entInfoSyss_2_sysType': None, 'contactEmail': 'CHYwaHeQqB7OzOfB@qaqseq.com', 'entInfoSyss_1_deployAddr': None, 'entInfoSyss_0_deployAddrCity': None, 'orgAddrCounty': '110101'}
2023-06-26 10:34:43.983 | INFO     | httprunner.runner:__run_step:304 - run step end: 企业注册查询注册信息 <<<<<<

2023-06-26 10:34:43.983 | INFO     | httprunner.runner:__run_step:292 - run step begin: 企业注册第二步提交信息 >>>>>>
2023-06-26 10:34:43.984 | INFO     | httprunner.runner:__run_step:292 - run step begin: 企业注册第二步提交信息 >>>>>>
2023-06-26 10:34:44.142 | DEBUG    | httprunner.client:request:186 - client IP: 127.0.0.1, Port: 51289
2023-06-26 10:34:44.143 | DEBUG    | httprunner.client:request:194 - server IP: 127.0.0.1, Port: 8888
2023-06-26 10:34:44.145 | DEBUG    | httprunner.client:log_print:40 - 
================== request details ==================
method   : POST
url      : http://139.198.116.76:8000/api/v3/entApply/registerManageInfo
headers  : {
    "User-Agent": "Mozilla/5.0 (Macintosh; Intel Mac OS X 10_15_7) AppleWebKit/537.36 (KHTML, like Gecko) Chrome/105.0.0.0 Safari/537.36",
    "Accept-Encoding": "gzip, deflate",
    "Accept": "application/json, text/plain, */*",
    "Connection": "keep-alive",
    "Accept-Language": "zh-CN,zh;q=0.9",
    "Content-Type": "application/json;charset=UTF-8",
    "X-HTTP-Method-Override": "put",
    "HRUN-Request-ID": "HRUN-1e1d0db7-c9ab-49a2-8b39-6ebf8baca097-883985",
    "Cookie": "SESSION=M2E4NzcyODAtNGFmZS00ZWYzLTk1YzAtMTU2NDJkYjRmYTVl; SESSION=response.headers.\"Set-Cookie\".session",
    "Content-Length": "3280"
}
cookies  : {
    "SESSION": "M2E4NzcyODAtNGFmZS00ZWYzLTk1YzAtMTU2NDJkYjRmYTVl"
}
body     : {
    "applyStep": 3,
    "applyType": null,
    "cltrid": null,
    "contactCrtBackImgPath": null,
    "contactCrtBackImgRid": 2979,
    "contactCrtFrontImgPath": null,
    "contactCrtFrontImgRid": 2978,
    "contactCrtNo": "148413199804076831",
    "contactCrtType": 1,
    "contactEmail": "CHYwaHeQqB7OzOfB@qaqseq.com",
    "contactName": "RyvWf8VvhwBm7YIStshQOCA7naNB9cTN",
    "contactPhone": "10864842105",
    "createDate": "2023-06-26 10:34:44",
    "dataHostingContractFilePath": null,
    "dataHostingContractFileRid": null,
    "dataHostingOrg": null,
    "entGeneralId": null,
    "entInfoLicenses": [],
    "entInfoSerIndustrys": [],
    "entInfoSyss": [
        {
            "deployAddr": "致真",
            "deployAddrCity": "110100",
            "deployAddrCounty": "110101",
            "deployAddrProvince": "110000",
            "deployMode": 1,
            "ipPort": null,
            "name": null,
            "sysType": 1
        },
        {
            "deployAddr": "致真",
            "deployAddrCity": "110100",
            "deployAddrCounty": "110101",
            "deployAddrProvince": "110000",
            "deployMode": 1,
            "ipPort": null,
            "name": null,
            "sysType": 2
        },
        {
            "deployAddr": "天津",
            "deployAddrCity": "120100",
            "deployAddrCounty": "120101",
            "deployAddrProvince": "120000",
            "deployMode": 1,
            "ipPort": null,
            "name": null,
            "sysType": 3
        },
        {
            "deployAddr": "天津",
            "deployAddrCity": "120100",
            "deployAddrCounty": "120101",
            "deployAddrProvince": "120000",
            "deployMode": 1,
            "ipPort": null,
            "name": null,
            "sysType": 4
        }
    ],
    "entPrefix": "88.408.2835859429",
    "escrowId": null,
    "escrowOrgName": null,
    "establishDate": null,
    "extDomain": null,
    "extIpAddr": null,
    "extWebName": null,
    "finalAuditMsg": null,
    "finalAuditStatus": null,
    "firstAuditMsg": null,
    "firstAuditStatus": null,
    "id": 1464,
    "idRegNaImp": null,
    "industryCategory": "A",
    "industrySpecific": "01",
    "isSubmit": 0,
    "legalCrtBackImgContent": null,
    "legalCrtBackImgPath": null,
    "legalCrtBackImgRid": 2979,
    "legalCrtFrontImgContent": null,
    "legalCrtFrontImgPath": null,
    "legalCrtFrontImgRid": 2978,
    "legalCrtNo": "148413199804076831",
    "legalCrtType": "1",
    "legalCrtTypeDesc": "中国居民身份证",
    "legalEmail": null,
    "legalFax": null,
    "legalName": "张三",
    "legalPhone": null,
    "orgAddr": "致真",
    "orgAddrCity": "110100",
    "orgAddrCityDesc": "市辖区",
    "orgAddrCounty": "110101",
    "orgAddrCountyDesc": "东城区",
    "orgAddrProvince": "110000",
    "orgAddrProvinceDesc": "北京市",
    "orgCategorySpecificDesc": "农、林、牧、渔业-农业",
    "orgCrtCode": "RyvWf8VvhwBm7YIStshQOCA7naNB9cTN",
    "orgCrtImgContent": null,
    "orgCrtImgPath": null,
    "orgCrtImgRid": 2977,
    "orgCrtType": "1",
    "orgDesc": null,
    "orgName": "RyvWf8VvhwBm7YIStshQOCA7naNB9cTN",
    "orgNature": "1",
    "orgNatureDesc": "1",
    "periodValidity": null,
    "regAuthority": null,
    "regCapital": null,
    "regRealNaImpName": null,
    "regRealNaImpType": null,
    "servHostingContractFilePath": null,
    "servHostingContractFileRid": null,
    "servHostingOrg": null,
    "servSysBuildContractFilePath": null,
    "servSysBuildContractFileRid": null,
    "servSysBuildName": null,
    "servSysBuildType": 1,
    "servSysOperContractFilePath": null,
    "servSysOperContractFileRid": null,
    "servSysOperName": null,
    "servSysOperType": 1,
    "svtrid": null,
    "thirdServiceMsg": null,
    "thirdServiceStatus": null,
    "updateDate": "2023-06-26 10:34:44",
    "userId": 1698,
    "userName": "RyvWf8VvhwBm7YIStshQOCA7naNB9cTN",
    "website": null
}

2023-06-26 10:34:44.147 | DEBUG    | httprunner.client:log_print:40 - 
================== response details ==================
status_code : 200
headers  : {
    "Server": "nginx",
    "Date": "Mon, 26 Jun 2023 02:34:44 GMT",
    "Content-Type": "application/json;charset=UTF-8",
    "Transfer-Encoding": "chunked",
    "X-Frame-Options": "SAMEORIGIN",
    "Connection": "keep-alive"
}
cookies  : {}
encoding : UTF-8
content_type : application/json;charset=UTF-8
body     : {
    "message": "success",
    "status": 1,
    "data": true
}

2023-06-26 10:34:44.147 | INFO     | httprunner.client:request:217 - status_code: 200, response_time(ms): 157.2 ms, response_length: 0 bytes
2023-06-26 10:34:44.147 | INFO     | httprunner.response:validate:249 - assert status_code equal 200(int)	==> pass
2023-06-26 10:34:44.147 | INFO     | httprunner.response:validate:249 - assert body.message equal success(str)	==> pass
2023-06-26 10:34:44.148 | INFO     | httprunner.runner:__run_step:304 - run step end: 企业注册第二步提交信息 <<<<<<

2023-06-26 10:34:44.148 | INFO     | httprunner.runner:__run_step:304 - run step end: 企业注册第二步提交信息 <<<<<<

2023-06-26 10:34:44.148 | INFO     | httprunner.runner:__run_step:292 - run step begin: 企业注册查询注册信息 >>>>>>
2023-06-26 10:34:44.150 | INFO     | httprunner.runner:__run_step:292 - run step begin: 企业注册查询注册信息 >>>>>>
2023-06-26 10:34:44.230 | DEBUG    | httprunner.client:request:186 - client IP: 127.0.0.1, Port: 51289
2023-06-26 10:34:44.231 | DEBUG    | httprunner.client:request:194 - server IP: 127.0.0.1, Port: 8888
2023-06-26 10:34:44.232 | DEBUG    | httprunner.client:log_print:40 - 
================== request details ==================
method   : GET
url      : http://139.198.116.76:8000/api/v3/entApply/applyOrNot
headers  : {
    "User-Agent": "Mozilla/5.0 (Macintosh; Intel Mac OS X 10_15_7) AppleWebKit/537.36 (KHTML, like Gecko) Chrome/105.0.0.0 Safari/537.36",
    "Accept-Encoding": "gzip, deflate",
    "Accept": "application/json, text/plain, */*",
    "Connection": "keep-alive",
    "Accept-Language": "zh-CN,zh;q=0.9",
    "HRUN-Request-ID": "HRUN-1e1d0db7-c9ab-49a2-8b39-6ebf8baca097-884150",
    "Cookie": "SESSION=M2E4NzcyODAtNGFmZS00ZWYzLTk1YzAtMTU2NDJkYjRmYTVl; SESSION=response.headers.\"Set-Cookie\".session"
}
cookies  : {
    "SESSION": "M2E4NzcyODAtNGFmZS00ZWYzLTk1YzAtMTU2NDJkYjRmYTVl"
}
body     : None

2023-06-26 10:34:44.233 | DEBUG    | httprunner.client:log_print:40 - 
================== response details ==================
status_code : 200
headers  : {
    "Server": "nginx",
    "Date": "Mon, 26 Jun 2023 02:34:44 GMT",
    "Content-Type": "application/json;charset=UTF-8",
    "Transfer-Encoding": "chunked",
    "X-Frame-Options": "SAMEORIGIN",
    "Connection": "keep-alive"
}
cookies  : {}
encoding : UTF-8
content_type : application/json;charset=UTF-8
body     : {
    "message": "success",
    "status": 1,
    "data": {
        "nbmsEntApplyPO": {
            "id": 1464,
            "createDate": "2023-06-26 10:34:44",
            "updateDate": "2023-06-26 10:34:44",
            "applyType": null,
            "entGeneralId": null,
            "applyStep": 3,
            "isSubmit": 0,
            "entPrefix": "88.408.2835859429",
            "firstAuditStatus": null,
            "firstAuditMsg": null,
            "thirdServiceStatus": null,
            "thirdServiceMsg": null,
            "userName": "RyvWf8VvhwBm7YIStshQOCA7naNB9cTN",
            "finalAuditStatus": null,
            "finalAuditMsg": null,
            "svtrid": null,
            "cltrid": null,
            "userId": 1698,
            "orgName": "RyvWf8VvhwBm7YIStshQOCA7naNB9cTN",
            "orgNature": "1",
            "orgAddrProvince": "110000",
            "orgAddrCity": "110100",
            "orgAddrCounty": "110101",
            "orgAddr": "致真",
            "orgCrtType": "1",
            "orgCrtCode": "RyvWf8VvhwBm7YIStshQOCA7naNB9cTN",
            "legalName": "张三",
            "legalCrtType": "1",
            "legalCrtNo": "148413199804076831",
            "orgDesc": null,
            "industryCategory": "A",
            "industrySpecific": "01",
            "contactName": "RyvWf8VvhwBm7YIStshQOCA7naNB9cTN",
            "contactPhone": "10864842105",
            "contactCrtType": 1,
            "contactCrtNo": "148413199804076831",
            "contactEmail": "CHYwaHeQqB7OzOfB@qaqseq.com",
            "website": null,
            "regAuthority": null,
            "regCapital": null,
            "establishDate": null,
            "periodValidity": null,
            "legalEmail": null,
            "legalPhone": null,
            "legalFax": null,
            "servSysBuildType": 1,
            "servSysBuildName": null,
            "servSysOperType": 1,
            "servSysOperName": null,
            "dataHostingOrg": null,
            "servHostingOrg": null,
            "regRealNaImpType": null,
            "regRealNaImpName": null,
            "idRegNaImp": null,
            "extWebName": null,
            "extDomain": null,
            "extIpAddr": null,
            "orgCrtImgRid": 2977,
            "contactCrtFrontImgRid": 2978,
            "contactCrtBackImgRid": 2979,
            "legalCrtFrontImgRid": 2978,
            "legalCrtBackImgRid": 2979,
            "servSysBuildContractFileRid": null,
            "servSysOperContractFileRid": null,
            "dataHostingContractFileRid": null,
            "servHostingContractFileRid": null,
            "entInfoLicenses": [],
            "entInfoSyss": [
                {
                    "id": 3712,
                    "entApplyId": 1464,
                    "sysType": 1,
                    "deployMode": 1,
                    "deployAddr": "致真",
                    "deployAddrProvince": "110000",
                    "deployAddrCity": "110100",
                    "deployAddrCounty": "110101",
                    "name": null,
                    "ipPort": null
                },
                {
                    "id": 3713,
                    "entApplyId": 1464,
                    "sysType": 2,
                    "deployMode": 1,
                    "deployAddr": "致真",
                    "deployAddrProvince": "110000",
                    "deployAddrCity": "110100",
                    "deployAddrCounty": "110101",
                    "name": null,
                    "ipPort": null
                },
                {
                    "id": 3714,
                    "entApplyId": 1464,
                    "sysType": 3,
                    "deployMode": 1,
                    "deployAddr": "天津",
                    "deployAddrProvince": "120000",
                    "deployAddrCity": "120100",
                    "deployAddrCounty": "120101",
                    "name": null,
                    "ipPort": null
                },
                {
                    "id": 3715,
                    "entApplyId": 1464,
                    "sysType": 4,
                    "deployMode": 1,
                    "deployAddr": "天津",
                    "deployAddrProvince": "120000",
                    "deployAddrCity": "120100",
                    "deployAddrCounty": "120101",
                    "name": null,
                    "ipPort": null
                }
            ],
            "entInfoSerIndustrys": [],
            "escrowId": null,
            "industryQualificationRid": null,
            "certificationRid": null,
            "openingBank": null,
            "bankCard": null,
            "verificationName": null,
            "orgNatureDesc": "国有控股",
            "orgCrtImgContent": null,
            "orgCategorySpecificDesc": "农、林、牧、渔业-农业",
            "orgAddrProvinceDesc": "北京市",
            "orgAddrCountyDesc": "东城区",
            "orgAddrCityDesc": "市辖区",
            "legalCrtTypeDesc": "中国居民身份证",
            "legalCrtFrontImgContent": null,
            "legalCrtBackImgContent": null,
            "orgCrtImgPath": "e65f906d-5bf8-4650-acf9-e1e9d7ccae45.jpeg",
            "contactCrtFrontImgPath": "53a17488-8766-45d3-b97c-1a6e6adb7eb9.jpeg",
            "contactCrtBackImgPath": "27d65062-78d4-4d3d-b242-b0100eb49e85.jpeg",
            "legalCrtFrontImgPath": "53a17488-8766-45d3-b97c-1a6e6adb7eb9.jpeg",
            "legalCrtBackImgPath": "27d65062-78d4-4d3d-b242-b0100eb49e85.jpeg",
            "servSysBuildContractFilePath": null,
            "servSysOperContractFilePath": null,
            "dataHostingContractFilePath": null,
            "servHostingContractFilePath": null,
            "industryQualificationFilePath": null,
            "certificationFilePath": null,
            "escrowOrgName": null
        },
        "nbmsEntPO": null,
        "nbmsEntPrefixApplyPO": null,
        "needRelog": null,
        "applyStatus": 0
    }
}

2023-06-26 10:34:44.234 | INFO     | httprunner.client:request:217 - status_code: 200, response_time(ms): 79.71 ms, response_length: 0 bytes
2023-06-26 10:34:44.235 | INFO     | httprunner.response:extract:179 - extract mapping: {'applyId': 1464, 'userId': 1698, 'userName': 'RyvWf8VvhwBm7YIStshQOCA7naNB9cTN', 'imgId_f': 2978, 'imgId_b': 2979, 'entId': None, 'entUserId': None, 'prefix': '88.408.2835859429', 'contactCrtNo': '148413199804076831', 'contactCrtType': 1, 'contactEmail': 'CHYwaHeQqB7OzOfB@qaqseq.com', 'contactName': 'RyvWf8VvhwBm7YIStshQOCA7naNB9cTN', 'contactPhone': '10864842105', 'industryCategory': 'A', 'industrySpecific': '01', 'orgName': 'RyvWf8VvhwBm7YIStshQOCA7naNB9cTN', 'orgNature': '1', 'orgAddrProvince': '110000', 'orgAddrCity': '110100', 'orgAddrCounty': '110101', 'orgAddr': '致真', 'orgCrtType': '1', 'orgCrtCode': 'RyvWf8VvhwBm7YIStshQOCA7naNB9cTN', 'legalName': '张三', 'legalEmail': None, 'legalPhone': None, 'legalCrtType': '1', 'legalCrtNo': '148413199804076831', 'legalCrtFrontImgRid': 2978, 'legalCrtBackImgRid': 2979, 'orgCrtImgRid': 2977, 'imgId': 2977, 'orgNatureDesc': '国有控股', 'orgCategorySpecificDesc': '农、林、牧、渔业-农业', 'orgAddrProvinceDesc': '北京市', 'orgAddrCountyDesc': '东城区', 'orgAddrCityDesc': '市辖区', 'legalCrtTypeDesc': '中国居民身份证', 'createDate': '2023-06-26 10:34:44', 'updateDate': '2023-06-26 10:34:44', 'entInfoSyss_0_id': 3712, 'entInfoSyss_0_entApplyId': 1464, 'entApplyId': 1464, 'entInfoSyss_0_sysType': 1, 'entInfoSyss_0_deployMode': 1, 'entInfoSyss_0_deployAddr': '致真', 'entInfoSyss_0_deployAddrProvince': '110000', 'entInfoSyss_0_deployAddrCity': '110100', 'entInfoSyss_0_deployAddrCounty': '110101', 'entInfoSyss_1_id': 3713, 'entInfoSyss_1_entApplyId': 1464, 'entInfoSyss_1_sysType': 2, 'entInfoSyss_1_deployMode': 1, 'entInfoSyss_1_deployAddr': '致真', 'entInfoSyss_1_deployAddrProvince': '110000', 'entInfoSyss_1_deployAddrCity': '110100', 'entInfoSyss_1_deployAddrCounty': '110101', 'entInfoSyss_2_id': 3714, 'entInfoSyss_2_entApplyId': 1464, 'entInfoSyss_2_sysType': 3, 'entInfoSyss_2_deployMode': 1, 'entInfoSyss_2_deployAddr': '天津', 'entInfoSyss_2_deployAddrProvince': '120000', 'entInfoSyss_2_deployAddrCity': '120100', 'entInfoSyss_2_deployAddrCounty': '120101', 'entInfoSyss_3_id': 3715, 'entInfoSyss_3_entApplyId': 1464, 'entInfoSyss_3_sysType': 4, 'entInfoSyss_3_deployMode': 1, 'entInfoSyss_3_deployAddr': '天津', 'entInfoSyss_3_deployAddrProvince': '120000', 'entInfoSyss_3_deployAddrCity': '120100', 'entInfoSyss_3_deployAddrCounty': '120101'}
2023-06-26 10:34:44.235 | INFO     | httprunner.response:validate:249 - assert status_code equal 200(int)	==> pass
2023-06-26 10:34:44.236 | INFO     | httprunner.response:validate:249 - assert body.message equal success(str)	==> pass
2023-06-26 10:34:44.236 | INFO     | httprunner.runner:__run_step:304 - run step end: 企业注册查询注册信息 <<<<<<

2023-06-26 10:34:44.236 | INFO     | httprunner.runner:__run_step_testcase:286 - export variables: {'entInfoSyss_3_deployMode': 1, 'entInfoSyss_0_sysType': 1, 'orgAddr': '致真', 'contactName': 'RyvWf8VvhwBm7YIStshQOCA7naNB9cTN', 'entInfoSyss_2_deployAddrCounty': '120101', 'orgName': 'RyvWf8VvhwBm7YIStshQOCA7naNB9cTN', 'orgAddrProvince': '110000', 'entInfoSyss_1_entApplyId': 1464, 'imgId': 2977, 'legalCrtBackImgRid': 2979, 'entInfoSyss_2_id': 3714, 'entInfoSyss_3_entApplyId': 1464, 'applyId': 1464, 'legalCrtNo': '148413199804076831', 'legalCrtFrontImgRid': 2978, 'entInfoSyss_3_deployAddrCity': '120100', 'orgCategorySpecificDesc': '农、林、牧、渔业-农业', 'entUserId': None, 'industryCategory': 'A', 'industrySpecific': '01', 'orgCrtImgRid': 2977, 'orgCrtType': '1', 'updateDate': '2023-06-26 10:34:44', 'entInfoSyss_1_id': 3713, 'legalCrtType': '1', 'entInfoSyss_0_entApplyId': 1464, 'entInfoSyss_3_id': 3715, 'entInfoSyss_1_deployAddrCounty': '110101', 'entInfoSyss_2_deployAddr': '天津', 'entInfoSyss_2_deployAddrProvince': '120000', 'legalEmail': None, 'entInfoSyss_2_deployMode': 1, 'entId': None, 'contactPhone': '10864842105', 'orgAddrCountyDesc': '东城区', 'orgAddrCityDesc': '市辖区', 'orgCrtCode': 'RyvWf8VvhwBm7YIStshQOCA7naNB9cTN', 'entInfoSyss_3_sysType': 4, 'entInfoSyss_3_deployAddr': '天津', 'entInfoSyss_1_deployMode': 1, 'entInfoSyss_0_deployAddr': '致真', 'entInfoSyss_0_deployAddrProvince': '110000', 'entInfoSyss_3_deployAddrProvince': '120000', 'createDate': '2023-06-26 10:34:44', 'orgNatureDesc': '国有控股', 'entApplyId': 1464, 'userName': 'RyvWf8VvhwBm7YIStshQOCA7naNB9cTN', 'entInfoSyss_0_deployAddrCounty': '110101', 'contactCrtNo': '148413199804076831', 'contactCrtType': 1, 'entInfoSyss_1_deployAddrCity': '110100', 'entInfoSyss_0_id': 3712, 'legalCrtTypeDesc': '中国居民身份证', 'legalName': '张三', 'orgAddrProvinceDesc': '北京市', 'imgId_b': 2979, 'orgNature': '1', 'entInfoSyss_1_sysType': 2, 'entInfoSyss_0_deployMode': 1, 'userId': 1698, 'entInfoSyss_1_deployAddrProvince': '110000', 'entInfoSyss_2_entApplyId': 1464, 'prefix': '88.408.2835859429', 'entInfoSyss_3_deployAddrCounty': '120101', 'legalPhone': None, 'orgAddrCity': '110100', 'imgId_f': 2978, 'entInfoSyss_2_deployAddrCity': '120100', 'entInfoSyss_2_sysType': 3, 'contactEmail': 'CHYwaHeQqB7OzOfB@qaqseq.com', 'entInfoSyss_1_deployAddr': '致真', 'entInfoSyss_0_deployAddrCity': '110100', 'orgAddrCounty': '110101'}
2023-06-26 10:34:44.236 | INFO     | httprunner.runner:__run_step:304 - run step end: 企业注册查询注册信息 <<<<<<

2023-06-26 10:34:44.237 | INFO     | httprunner.runner:__run_step:292 - run step begin: 企业注册最终第三步提交信息 >>>>>>
2023-06-26 10:34:44.238 | INFO     | httprunner.runner:__run_step:292 - run step begin: 企业注册最终第三步提交信息 >>>>>>
2023-06-26 10:34:44.414 | DEBUG    | httprunner.client:request:186 - client IP: 127.0.0.1, Port: 51289
2023-06-26 10:34:44.414 | DEBUG    | httprunner.client:request:194 - server IP: 127.0.0.1, Port: 8888
2023-06-26 10:34:44.416 | DEBUG    | httprunner.client:log_print:40 - 
================== request details ==================
method   : POST
url      : http://139.198.116.76:8000/api/v3/entApply/apply
headers  : {
    "User-Agent": "Mozilla/5.0 (Macintosh; Intel Mac OS X 10_15_7) AppleWebKit/537.36 (KHTML, like Gecko) Chrome/105.0.0.0 Safari/537.36",
    "Accept-Encoding": "gzip, deflate",
    "Accept": "application/json, text/plain, */*",
    "Connection": "keep-alive",
    "Accept-Language": "zh-CN,zh;q=0.9",
    "Content-Type": "application/json;charset=UTF-8",
    "HRUN-Request-ID": "HRUN-1e1d0db7-c9ab-49a2-8b39-6ebf8baca097-884238",
    "Cookie": "SESSION=M2E4NzcyODAtNGFmZS00ZWYzLTk1YzAtMTU2NDJkYjRmYTVl; SESSION=response.headers.\"Set-Cookie\".session",
    "Content-Length": "3280"
}
cookies  : {
    "SESSION": "M2E4NzcyODAtNGFmZS00ZWYzLTk1YzAtMTU2NDJkYjRmYTVl"
}
body     : {
    "applyStep": 4,
    "applyType": null,
    "cltrid": null,
    "contactCrtBackImgPath": null,
    "contactCrtBackImgRid": 2979,
    "contactCrtFrontImgPath": null,
    "contactCrtFrontImgRid": 2978,
    "contactCrtNo": "148413199804076831",
    "contactCrtType": 1,
    "contactEmail": "CHYwaHeQqB7OzOfB@qaqseq.com",
    "contactName": "RyvWf8VvhwBm7YIStshQOCA7naNB9cTN",
    "contactPhone": "10864842105",
    "createDate": "2023-06-26 10:34:44",
    "dataHostingContractFilePath": null,
    "dataHostingContractFileRid": null,
    "dataHostingOrg": null,
    "entGeneralId": null,
    "entInfoLicenses": [],
    "entInfoSerIndustrys": [],
    "entInfoSyss": [
        {
            "deployAddr": "致真",
            "deployAddrCity": "110100",
            "deployAddrCounty": "110101",
            "deployAddrProvince": "110000",
            "deployMode": 1,
            "ipPort": null,
            "name": null,
            "sysType": 2
        },
        {
            "deployAddr": "致真",
            "deployAddrCity": "110100",
            "deployAddrCounty": "110101",
            "deployAddrProvince": "110000",
            "deployMode": 1,
            "ipPort": null,
            "name": null,
            "sysType": 3
        },
        {
            "deployAddr": "天津",
            "deployAddrCity": "120100",
            "deployAddrCounty": "120101",
            "deployAddrProvince": "120000",
            "deployMode": 1,
            "ipPort": null,
            "name": null,
            "sysType": 4
        },
        {
            "deployAddr": "天津",
            "deployAddrCity": "120100",
            "deployAddrCounty": "120101",
            "deployAddrProvince": "120000",
            "deployMode": 1,
            "ipPort": null,
            "name": null,
            "sysType": 4
        }
    ],
    "entPrefix": "88.408.2835859429",
    "escrowId": null,
    "escrowOrgName": null,
    "establishDate": null,
    "extDomain": null,
    "extIpAddr": null,
    "extWebName": null,
    "finalAuditMsg": null,
    "finalAuditStatus": null,
    "firstAuditMsg": null,
    "firstAuditStatus": null,
    "id": 1464,
    "idRegNaImp": null,
    "industryCategory": "A",
    "industrySpecific": "01",
    "isSubmit": 0,
    "legalCrtBackImgContent": null,
    "legalCrtBackImgPath": null,
    "legalCrtBackImgRid": 2979,
    "legalCrtFrontImgContent": null,
    "legalCrtFrontImgPath": null,
    "legalCrtFrontImgRid": 2978,
    "legalCrtNo": "148413199804076831",
    "legalCrtType": "1",
    "legalCrtTypeDesc": "中国居民身份证",
    "legalEmail": null,
    "legalFax": null,
    "legalName": "张三",
    "legalPhone": null,
    "orgAddr": "致真",
    "orgAddrCity": "110100",
    "orgAddrCityDesc": "市辖区",
    "orgAddrCounty": "110101",
    "orgAddrCountyDesc": "东城区",
    "orgAddrProvince": "110000",
    "orgAddrProvinceDesc": "北京市",
    "orgCategorySpecificDesc": "农、林、牧、渔业-农业",
    "orgCrtCode": "RyvWf8VvhwBm7YIStshQOCA7naNB9cTN",
    "orgCrtImgContent": null,
    "orgCrtImgPath": null,
    "orgCrtImgRid": 2977,
    "orgCrtType": "1",
    "orgDesc": null,
    "orgName": "RyvWf8VvhwBm7YIStshQOCA7naNB9cTN",
    "orgNature": "1",
    "orgNatureDesc": "1",
    "periodValidity": null,
    "regAuthority": null,
    "regCapital": null,
    "regRealNaImpName": null,
    "regRealNaImpType": null,
    "servHostingContractFilePath": null,
    "servHostingContractFileRid": null,
    "servHostingOrg": null,
    "servSysBuildContractFilePath": null,
    "servSysBuildContractFileRid": null,
    "servSysBuildName": null,
    "servSysBuildType": 1,
    "servSysOperContractFilePath": null,
    "servSysOperContractFileRid": null,
    "servSysOperName": null,
    "servSysOperType": 1,
    "svtrid": null,
    "thirdServiceMsg": null,
    "thirdServiceStatus": null,
    "updateDate": "2023-06-26 10:34:44",
    "userId": 1698,
    "userName": "RyvWf8VvhwBm7YIStshQOCA7naNB9cTN",
    "website": null
}

2023-06-26 10:34:44.417 | DEBUG    | httprunner.client:log_print:40 - 
================== response details ==================
status_code : 200
headers  : {
    "Server": "nginx",
    "Date": "Mon, 26 Jun 2023 02:34:44 GMT",
    "Content-Type": "application/json;charset=UTF-8",
    "Transfer-Encoding": "chunked",
    "X-Frame-Options": "SAMEORIGIN",
    "Connection": "keep-alive"
}
cookies  : {}
encoding : UTF-8
content_type : application/json;charset=UTF-8
body     : {
    "message": "success",
    "status": 1,
    "data": true
}

2023-06-26 10:34:44.417 | INFO     | httprunner.client:request:217 - status_code: 200, response_time(ms): 174.9 ms, response_length: 0 bytes
2023-06-26 10:34:44.418 | INFO     | httprunner.response:validate:249 - assert status_code equal 200(int)	==> pass
2023-06-26 10:34:44.418 | INFO     | httprunner.response:validate:249 - assert body.message equal success(str)	==> pass
2023-06-26 10:34:44.418 | INFO     | httprunner.runner:__run_step:304 - run step end: 企业注册最终第三步提交信息 <<<<<<

2023-06-26 10:34:44.418 | INFO     | httprunner.runner:__run_step:304 - run step end: 企业注册最终第三步提交信息 <<<<<<

2023-06-26 10:34:44.419 | INFO     | httprunner.runner:__run_step:292 - run step begin: 登录-管理员 >>>>>>
2023-06-26 10:34:44.420 | INFO     | httprunner.runner:__run_step:292 - run step begin: 登录-企业用户 >>>>>>
2023-06-26 10:34:44.484 | DEBUG    | httprunner.client:request:186 - client IP: 127.0.0.1, Port: 51289
2023-06-26 10:34:44.485 | DEBUG    | httprunner.client:request:194 - server IP: 127.0.0.1, Port: 8888
2023-06-26 10:34:44.487 | DEBUG    | httprunner.client:log_print:40 - 
================== request details ==================
method   : POST
url      : http://139.198.116.76:8000/api/home/test/login
headers  : {
    "User-Agent": "python-requests/2.28.1",
    "Accept-Encoding": "gzip, deflate, br",
    "Accept": "*/*",
    "Connection": "keep-alive",
    "Content-Length": "144",
    "Content-Type": "application/json",
    "HRUN-Request-ID": "HRUN-1e1d0db7-c9ab-49a2-8b39-6ebf8baca097-884420",
    "Cookie": "SESSION=M2E4NzcyODAtNGFmZS00ZWYzLTk1YzAtMTU2NDJkYjRmYTVl"
}
cookies  : {
    "SESSION": "M2E4NzcyODAtNGFmZS00ZWYzLTk1YzAtMTU2NDJkYjRmYTVl"
}
body     : {
    "captcha": "0000",
    "captchaSign": "5d39bab12bba81ab59b3931d2ca06ee9603c3803355932be66974f122cab3502",
    "emailCaptcha": "",
    "username": "adminy"
}

2023-06-26 10:34:44.488 | DEBUG    | httprunner.client:log_print:40 - 
================== response details ==================
status_code : 200
headers  : {
    "Server": "nginx",
    "Date": "Mon, 26 Jun 2023 02:34:44 GMT",
    "Content-Type": "application/json;charset=UTF-8",
    "Transfer-Encoding": "chunked",
    "Set-Cookie": "SESSION=ZDMxNWEwNWUtNTk4Yi00ZGViLTlkYWYtYzkwMTg0M2NhZmRj; Path=/; HttpOnly; SameSite=Lax",
    "X-Frame-Options": "SAMEORIGIN",
    "Connection": "keep-alive"
}
cookies  : {
    "SESSION": "ZDMxNWEwNWUtNTk4Yi00ZGViLTlkYWYtYzkwMTg0M2NhZmRj"
}
encoding : UTF-8
content_type : application/json;charset=UTF-8
body     : {
    "message": "success",
    "status": 1,
    "data": true
}

2023-06-26 10:34:44.488 | INFO     | httprunner.client:request:217 - status_code: 200, response_time(ms): 63.73 ms, response_length: 0 bytes
2023-06-26 10:34:44.488 | INFO     | httprunner.response:extract:179 - extract mapping: {'adminSession': 'response.headers."Set-Cookie".session'}
2023-06-26 10:34:44.488 | INFO     | httprunner.response:validate:249 - assert status_code equal 200(int)	==> pass
2023-06-26 10:34:44.488 | INFO     | httprunner.response:validate:249 - assert headers."Content-Type" equal application/json;charset=UTF-8(str)	==> pass
2023-06-26 10:34:44.489 | INFO     | httprunner.response:validate:249 - assert body.message equal success(str)	==> pass
2023-06-26 10:34:44.489 | INFO     | httprunner.response:validate:249 - assert body.status equal 1(int)	==> pass
2023-06-26 10:34:44.489 | INFO     | httprunner.response:validate:249 - assert body.data equal True(bool)	==> pass
2023-06-26 10:34:44.489 | INFO     | httprunner.runner:__run_step:304 - run step end: 登录-企业用户 <<<<<<

2023-06-26 10:34:44.489 | INFO     | httprunner.runner:__run_step_testcase:286 - export variables: {'adminSession': 'response.headers."Set-Cookie".session'}
2023-06-26 10:34:44.489 | INFO     | httprunner.runner:__run_step:304 - run step end: 登录-管理员 <<<<<<

2023-06-26 10:34:44.489 | INFO     | httprunner.runner:__run_step:292 - run step begin: 年费费用查询 >>>>>>
2023-06-26 10:34:44.490 | INFO     | httprunner.runner:__run_step:292 - run step begin: 财务规则查询-年费 >>>>>>
2023-06-26 10:34:44.541 | DEBUG    | httprunner.client:request:186 - client IP: 127.0.0.1, Port: 51289
2023-06-26 10:34:44.542 | DEBUG    | httprunner.client:request:194 - server IP: 127.0.0.1, Port: 8888
2023-06-26 10:34:44.542 | DEBUG    | httprunner.client:log_print:40 - 
================== request details ==================
method   : GET
url      : http://139.198.116.76:8000/api/finance/rule/findRule?cache=1663837640684&moneyType=2&userId=1698
headers  : {
    "User-Agent": "Mozilla/5.0 (Macintosh; Intel Mac OS X 10_15_7) AppleWebKit/537.36 (KHTML, like Gecko) Chrome/98.0.4758.102 Safari/537.36 Edg/98.0.1108.56",
    "Accept-Encoding": "gzip, deflate",
    "Accept": "application/json, text/plain, */*",
    "Connection": "keep-alive",
    "Accept-Language": "zh-CN,zh;q=0.9,en;q=0.8,en-GB;q=0.7,en-US;q=0.6",
    "HRUN-Request-ID": "HRUN-1e1d0db7-c9ab-49a2-8b39-6ebf8baca097-884490",
    "Cookie": "SESSION=ZDMxNWEwNWUtNTk4Yi00ZGViLTlkYWYtYzkwMTg0M2NhZmRj; SESSION=response.headers.\"Set-Cookie\".session"
}
cookies  : {
    "SESSION": "ZDMxNWEwNWUtNTk4Yi00ZGViLTlkYWYtYzkwMTg0M2NhZmRj"
}
body     : None

2023-06-26 10:34:44.543 | DEBUG    | httprunner.client:log_print:40 - 
================== response details ==================
status_code : 200
headers  : {
    "Server": "nginx",
    "Date": "Mon, 26 Jun 2023 02:34:44 GMT",
    "Content-Type": "application/json;charset=UTF-8",
    "Transfer-Encoding": "chunked",
    "X-Frame-Options": "SAMEORIGIN",
    "Connection": "keep-alive"
}
cookies  : {}
encoding : UTF-8
content_type : application/json;charset=UTF-8
body     : {
    "message": "success",
    "status": 1,
    "data": [
        {
            "id": 78,
            "createDate": "2023-05-31 12:51:47",
            "updateDate": "2023-05-31 12:51:47",
            "name": "标准",
            "money": 10000.0,
            "moneyType": 2,
            "prefixCount": 1,
            "remart": "test",
            "entName": null,
            "entUserId": null,
            "ruleType": 2,
            "escrowId": null
        }
    ]
}

2023-06-26 10:34:44.543 | INFO     | httprunner.client:request:217 - status_code: 200, response_time(ms): 51.02 ms, response_length: 0 bytes
2023-06-26 10:34:44.544 | INFO     | httprunner.response:extract:179 - extract mapping: {'annualFeeRuleId': 78}
2023-06-26 10:34:44.544 | INFO     | httprunner.response:validate:249 - assert status_code equal 200(int)	==> pass
2023-06-26 10:34:44.545 | INFO     | httprunner.response:validate:249 - assert body.message equal success(str)	==> pass
2023-06-26 10:34:44.545 | INFO     | httprunner.response:validate:249 - assert body.status equal 1(int)	==> pass
2023-06-26 10:34:44.545 | INFO     | httprunner.runner:__run_step:304 - run step end: 财务规则查询-年费 <<<<<<

2023-06-26 10:34:44.545 | INFO     | httprunner.runner:__run_step_testcase:286 - export variables: {'annualFeeRuleId': 78}
2023-06-26 10:34:44.545 | INFO     | httprunner.runner:__run_step:304 - run step end: 年费费用查询 <<<<<<

2023-06-26 10:34:44.546 | INFO     | httprunner.runner:__run_step:292 - run step begin: 注册费费用查询 >>>>>>
2023-06-26 10:34:44.546 | INFO     | httprunner.runner:__run_step:292 - run step begin: 财务规则查询-注册费 >>>>>>
2023-06-26 10:34:44.734 | DEBUG    | httprunner.client:request:186 - client IP: 127.0.0.1, Port: 51289
2023-06-26 10:34:44.735 | DEBUG    | httprunner.client:request:194 - server IP: 127.0.0.1, Port: 8888
2023-06-26 10:34:44.736 | DEBUG    | httprunner.client:log_print:40 - 
================== request details ==================
method   : GET
url      : http://139.198.116.76:8000/api/finance/rule/findRule?moneyType=1&userId=1698
headers  : {
    "User-Agent": "Mozilla/5.0 (Macintosh; Intel Mac OS X 10_15_7) AppleWebKit/537.36 (KHTML, like Gecko) Chrome/98.0.4758.102 Safari/537.36 Edg/98.0.1108.56",
    "Accept-Encoding": "gzip, deflate",
    "Accept": "application/json, text/plain, */*",
    "Connection": "keep-alive",
    "Accept-Language": "zh-CN,zh;q=0.9,en;q=0.8,en-GB;q=0.7,en-US;q=0.6",
    "HRUN-Request-ID": "HRUN-1e1d0db7-c9ab-49a2-8b39-6ebf8baca097-884546",
    "Cookie": "SESSION=ZDMxNWEwNWUtNTk4Yi00ZGViLTlkYWYtYzkwMTg0M2NhZmRj; SESSION=response.headers.\"Set-Cookie\".session"
}
cookies  : {
    "SESSION": "ZDMxNWEwNWUtNTk4Yi00ZGViLTlkYWYtYzkwMTg0M2NhZmRj"
}
body     : None

2023-06-26 10:34:44.737 | DEBUG    | httprunner.client:log_print:40 - 
================== response details ==================
status_code : 200
headers  : {
    "Server": "nginx",
    "Date": "Mon, 26 Jun 2023 02:34:44 GMT",
    "Content-Type": "application/json;charset=UTF-8",
    "Transfer-Encoding": "chunked",
    "X-Frame-Options": "SAMEORIGIN",
    "Connection": "keep-alive"
}
cookies  : {}
encoding : UTF-8
content_type : application/json;charset=UTF-8
body     : {
    "message": "success",
    "status": 1,
    "data": [
        {
            "id": 77,
            "createDate": "2023-05-31 12:51:33",
            "updateDate": "2023-05-31 12:51:33",
            "name": "标准",
            "money": 10000.0,
            "moneyType": 1,
            "prefixCount": 1,
            "remart": "test",
            "entName": null,
            "entUserId": null,
            "ruleType": 2,
            "escrowId": null
        }
    ]
}

2023-06-26 10:34:44.738 | INFO     | httprunner.client:request:217 - status_code: 200, response_time(ms): 187.63 ms, response_length: 0 bytes
2023-06-26 10:34:44.738 | INFO     | httprunner.response:extract:179 - extract mapping: {'regFeeRuleId': 77}
2023-06-26 10:34:44.738 | INFO     | httprunner.response:validate:249 - assert status_code equal 200(int)	==> pass
2023-06-26 10:34:44.738 | INFO     | httprunner.response:validate:249 - assert body.message equal success(str)	==> pass
2023-06-26 10:34:44.739 | INFO     | httprunner.response:validate:249 - assert body.status equal 1(int)	==> pass
2023-06-26 10:34:44.739 | INFO     | httprunner.runner:__run_step:304 - run step end: 财务规则查询-注册费 <<<<<<

2023-06-26 10:34:44.739 | INFO     | httprunner.runner:__run_step_testcase:286 - export variables: {'regFeeRuleId': 77}
2023-06-26 10:34:44.739 | INFO     | httprunner.runner:__run_step:304 - run step end: 注册费费用查询 <<<<<<

2023-06-26 10:34:44.740 | INFO     | httprunner.runner:__run_step:292 - run step begin: 前缀审核结果保存 >>>>>>
2023-06-26 10:34:44.741 | INFO     | httprunner.runner:__run_step:292 - run step begin: 企业审核保存 >>>>>>
2023-06-26 10:34:45.782 | DEBUG    | httprunner.client:request:186 - client IP: 127.0.0.1, Port: 51289
2023-06-26 10:34:45.782 | DEBUG    | httprunner.client:request:194 - server IP: 127.0.0.1, Port: 8888
2023-06-26 10:34:45.782 | DEBUG    | httprunner.client:log_print:40 - 
================== request details ==================
method   : POST
url      : http://139.198.116.76:8000/api/v3/ent/audit/save?annualFeeRuleId=78&applyId=1464&auditMsg=%E5%AE%A1%E6%A0%B8%E9%80%9A%E8%BF%87&auditResult=pass&entPrefix=88.408.2835859429&regFeeRuleId=77
headers  : {
    "User-Agent": "Mozilla/5.0 (Macintosh; Intel Mac OS X 10_15_7) AppleWebKit/537.36 (KHTML, like Gecko) Chrome/98.0.4758.102 Safari/537.36 Edg/98.0.1108.56",
    "Accept-Encoding": "gzip, deflate",
    "Accept": "application/json, text/plain, */*",
    "Connection": "keep-alive",
    "Accept-Language": "zh-CN,zh;q=0.9,en;q=0.8,en-GB;q=0.7,en-US;q=0.6",
    "Content-Length": "0",
    "HRUN-Request-ID": "HRUN-1e1d0db7-c9ab-49a2-8b39-6ebf8baca097-884741",
    "Cookie": "SESSION=ZDMxNWEwNWUtNTk4Yi00ZGViLTlkYWYtYzkwMTg0M2NhZmRj; SESSION=response.headers.\"Set-Cookie\".session"
}
cookies  : {
    "SESSION": "ZDMxNWEwNWUtNTk4Yi00ZGViLTlkYWYtYzkwMTg0M2NhZmRj"
}
body     : None

2023-06-26 10:34:45.784 | DEBUG    | httprunner.client:log_print:40 - 
================== response details ==================
status_code : 200
headers  : {
    "Server": "nginx",
    "Date": "Mon, 26 Jun 2023 02:34:45 GMT",
    "Content-Type": "application/json",
    "Transfer-Encoding": "chunked",
    "X-Frame-Options": "SAMEORIGIN",
    "Connection": "keep-alive"
}
cookies  : {}
encoding : utf-8
content_type : application/json
body     : {
    "message": "success",
    "status": 1,
    "data": true
}

2023-06-26 10:34:45.784 | INFO     | httprunner.client:request:217 - status_code: 200, response_time(ms): 1040.82 ms, response_length: 0 bytes
2023-06-26 10:34:45.784 | INFO     | httprunner.response:validate:249 - assert status_code equal 200(int)	==> pass
2023-06-26 10:34:45.784 | INFO     | httprunner.response:validate:249 - assert body.message equal success(str)	==> pass
2023-06-26 10:34:45.784 | INFO     | httprunner.response:validate:249 - assert body.status equal 1(int)	==> pass
2023-06-26 10:34:45.784 | INFO     | httprunner.response:validate:249 - assert body.data equal True(bool)	==> pass
2023-06-26 10:34:45.784 | INFO     | httprunner.runner:__run_step:304 - run step end: 企业审核保存 <<<<<<

2023-06-26 10:34:45.784 | INFO     | httprunner.runner:__run_step:304 - run step end: 前缀审核结果保存 <<<<<<

2023-06-26 10:34:45.784 | INFO     | httprunner.runner:__run_step:292 - run step begin: 前缀分配列表 >>>>>>
2023-06-26 10:34:45.785 | INFO     | httprunner.runner:__run_step:292 - run step begin: 前缀分配分页 >>>>>>
2023-06-26 10:34:45.860 | DEBUG    | httprunner.client:request:186 - client IP: 127.0.0.1, Port: 51289
2023-06-26 10:34:45.861 | DEBUG    | httprunner.client:request:194 - server IP: 127.0.0.1, Port: 8888
2023-06-26 10:34:45.861 | DEBUG    | httprunner.client:log_print:40 - 
================== request details ==================
method   : GET
url      : http://139.198.116.76:8000/api/v3/ent/prefix/alloc/pageQuery?currentPage=1&order=&orderProp=&orgName=RyvWf8VvhwBm7YIStshQOCA7naNB9cTN
headers  : {
    "User-Agent": "Mozilla/5.0 (Macintosh; Intel Mac OS X 10_15_7) AppleWebKit/537.36 (KHTML, like Gecko) Chrome/98.0.4758.102 Safari/537.36 Edg/98.0.1108.56",
    "Accept-Encoding": "gzip, deflate",
    "Accept": "application/json, text/plain, */*",
    "Connection": "keep-alive",
    "Accept-Language": "zh-CN,zh;q=0.9,en;q=0.8,en-GB;q=0.7,en-US;q=0.6",
    "HRUN-Request-ID": "HRUN-1e1d0db7-c9ab-49a2-8b39-6ebf8baca097-885785",
    "Cookie": "SESSION=ZDMxNWEwNWUtNTk4Yi00ZGViLTlkYWYtYzkwMTg0M2NhZmRj; SESSION=response.headers.\"Set-Cookie\".session"
}
cookies  : {
    "SESSION": "ZDMxNWEwNWUtNTk4Yi00ZGViLTlkYWYtYzkwMTg0M2NhZmRj"
}
body     : None

2023-06-26 10:34:45.861 | DEBUG    | httprunner.client:log_print:40 - 
================== response details ==================
status_code : 200
headers  : {
    "Server": "nginx",
    "Date": "Mon, 26 Jun 2023 02:34:45 GMT",
    "Content-Type": "application/json",
    "Transfer-Encoding": "chunked",
    "X-Frame-Options": "SAMEORIGIN",
    "Connection": "keep-alive"
}
cookies  : {}
encoding : utf-8
content_type : application/json
body     : {
    "message": "success",
    "status": 1,
    "data": {
        "first": true,
        "last": true,
        "totalPages": 1,
        "totalElements": 1,
        "number": 1,
        "size": 10,
        "sort": null,
        "numberOfElements": 1,
        "content": [
            {
                "orgName": "RyvWf8VvhwBm7YIStshQOCA7naNB9cTN",
                "entPrefix": "88.408.2835859429",
                "orgTypeDesc": "国有控股",
                "escrowOrgName": null,
                "orgCategorySpecificDesc": "农、林、牧、渔业-农业",
                "orgCrtCode": "RyvWf8VvhwBm7YIStshQOCA7naNB9cTN",
                "userId": 1698,
                "updateDate": "2023-06-26 10:34:46"
            }
        ]
    }
}

2023-06-26 10:34:45.861 | INFO     | httprunner.client:request:217 - status_code: 200, response_time(ms): 75.6 ms, response_length: 0 bytes
2023-06-26 10:34:45.862 | INFO     | httprunner.response:extract:179 - extract mapping: {'userId': 1698, 'orgName': 'RyvWf8VvhwBm7YIStshQOCA7naNB9cTN'}
2023-06-26 10:34:45.862 | INFO     | httprunner.response:validate:249 - assert status_code equal 200(int)	==> pass
2023-06-26 10:34:45.862 | INFO     | httprunner.response:validate:249 - assert body.message equal success(str)	==> pass
2023-06-26 10:34:45.862 | INFO     | httprunner.response:validate:249 - assert body.status equal 1(int)	==> pass
2023-06-26 10:34:45.862 | INFO     | httprunner.response:validate:249 - assert body.data.content[0].entPrefix equal 88.408.2835859429(str)	==> pass
2023-06-26 10:34:45.862 | INFO     | httprunner.runner:__run_step:304 - run step end: 前缀分配分页 <<<<<<

2023-06-26 10:34:45.862 | INFO     | httprunner.runner:__run_step_testcase:286 - export variables: {'orgName': 'RyvWf8VvhwBm7YIStshQOCA7naNB9cTN', 'userId': 1698}
2023-06-26 10:34:45.862 | INFO     | httprunner.runner:__run_step:304 - run step end: 前缀分配列表 <<<<<<

2023-06-26 10:34:45.862 | INFO     | httprunner.runner:__run_step:292 - run step begin: 收费标准查询-注册费 >>>>>>
2023-06-26 10:34:45.863 | INFO     | httprunner.runner:__run_step:292 - run step begin: 财务规则查询-注册费 >>>>>>
2023-06-26 10:34:45.927 | DEBUG    | httprunner.client:request:186 - client IP: 127.0.0.1, Port: 51289
2023-06-26 10:34:45.928 | DEBUG    | httprunner.client:request:194 - server IP: 127.0.0.1, Port: 8888
2023-06-26 10:34:45.928 | DEBUG    | httprunner.client:log_print:40 - 
================== request details ==================
method   : GET
url      : http://139.198.116.76:8000/api/finance/rule/findRule?moneyType=1&userId=1698
headers  : {
    "User-Agent": "Mozilla/5.0 (Macintosh; Intel Mac OS X 10_15_7) AppleWebKit/537.36 (KHTML, like Gecko) Chrome/98.0.4758.102 Safari/537.36 Edg/98.0.1108.56",
    "Accept-Encoding": "gzip, deflate",
    "Accept": "application/json, text/plain, */*",
    "Connection": "keep-alive",
    "Accept-Language": "zh-CN,zh;q=0.9,en;q=0.8,en-GB;q=0.7,en-US;q=0.6",
    "HRUN-Request-ID": "HRUN-1e1d0db7-c9ab-49a2-8b39-6ebf8baca097-885863",
    "Cookie": "SESSION=ZDMxNWEwNWUtNTk4Yi00ZGViLTlkYWYtYzkwMTg0M2NhZmRj; SESSION=response.headers.\"Set-Cookie\".session"
}
cookies  : {
    "SESSION": "ZDMxNWEwNWUtNTk4Yi00ZGViLTlkYWYtYzkwMTg0M2NhZmRj"
}
body     : None

2023-06-26 10:34:45.928 | DEBUG    | httprunner.client:log_print:40 - 
================== response details ==================
status_code : 200
headers  : {
    "Server": "nginx",
    "Date": "Mon, 26 Jun 2023 02:34:46 GMT",
    "Content-Type": "application/json;charset=UTF-8",
    "Transfer-Encoding": "chunked",
    "X-Frame-Options": "SAMEORIGIN",
    "Connection": "keep-alive"
}
cookies  : {}
encoding : UTF-8
content_type : application/json;charset=UTF-8
body     : {
    "message": "success",
    "status": 1,
    "data": [
        {
            "id": 77,
            "createDate": "2023-05-31 12:51:33",
            "updateDate": "2023-05-31 12:51:33",
            "name": "标准",
            "money": 10000.0,
            "moneyType": 1,
            "prefixCount": 1,
            "remart": "test",
            "entName": null,
            "entUserId": null,
            "ruleType": 2,
            "escrowId": null
        }
    ]
}

2023-06-26 10:34:45.928 | INFO     | httprunner.client:request:217 - status_code: 200, response_time(ms): 64.15 ms, response_length: 0 bytes
2023-06-26 10:34:45.929 | INFO     | httprunner.response:extract:179 - extract mapping: {'regFeeRuleId': 77}
2023-06-26 10:34:45.929 | INFO     | httprunner.response:validate:249 - assert status_code equal 200(int)	==> pass
2023-06-26 10:34:45.929 | INFO     | httprunner.response:validate:249 - assert body.message equal success(str)	==> pass
2023-06-26 10:34:45.929 | INFO     | httprunner.response:validate:249 - assert body.status equal 1(int)	==> pass
2023-06-26 10:34:45.929 | INFO     | httprunner.runner:__run_step:304 - run step end: 财务规则查询-注册费 <<<<<<

2023-06-26 10:34:45.929 | INFO     | httprunner.runner:__run_step_testcase:286 - export variables: {'regFeeRuleId': 77}
2023-06-26 10:34:45.929 | INFO     | httprunner.runner:__run_step:304 - run step end: 收费标准查询-注册费 <<<<<<

2023-06-26 10:34:45.930 | INFO     | httprunner.runner:__run_step:292 - run step begin: 收费标准查询-年费 >>>>>>
2023-06-26 10:34:45.930 | INFO     | httprunner.runner:__run_step:292 - run step begin: 财务规则查询-年费 >>>>>>
2023-06-26 10:34:45.981 | DEBUG    | httprunner.client:request:186 - client IP: 127.0.0.1, Port: 51289
2023-06-26 10:34:45.981 | DEBUG    | httprunner.client:request:194 - server IP: 127.0.0.1, Port: 8888
2023-06-26 10:34:45.982 | DEBUG    | httprunner.client:log_print:40 - 
================== request details ==================
method   : GET
url      : http://139.198.116.76:8000/api/finance/rule/findRule?cache=1663837640684&moneyType=2&userId=1698
headers  : {
    "User-Agent": "Mozilla/5.0 (Macintosh; Intel Mac OS X 10_15_7) AppleWebKit/537.36 (KHTML, like Gecko) Chrome/98.0.4758.102 Safari/537.36 Edg/98.0.1108.56",
    "Accept-Encoding": "gzip, deflate",
    "Accept": "application/json, text/plain, */*",
    "Connection": "keep-alive",
    "Accept-Language": "zh-CN,zh;q=0.9,en;q=0.8,en-GB;q=0.7,en-US;q=0.6",
    "HRUN-Request-ID": "HRUN-1e1d0db7-c9ab-49a2-8b39-6ebf8baca097-885930",
    "Cookie": "SESSION=ZDMxNWEwNWUtNTk4Yi00ZGViLTlkYWYtYzkwMTg0M2NhZmRj; SESSION=response.headers.\"Set-Cookie\".session"
}
cookies  : {
    "SESSION": "ZDMxNWEwNWUtNTk4Yi00ZGViLTlkYWYtYzkwMTg0M2NhZmRj"
}
body     : None

2023-06-26 10:34:45.982 | DEBUG    | httprunner.client:log_print:40 - 
================== response details ==================
status_code : 200
headers  : {
    "Server": "nginx",
    "Date": "Mon, 26 Jun 2023 02:34:46 GMT",
    "Content-Type": "application/json;charset=UTF-8",
    "Transfer-Encoding": "chunked",
    "X-Frame-Options": "SAMEORIGIN",
    "Connection": "keep-alive"
}
cookies  : {}
encoding : UTF-8
content_type : application/json;charset=UTF-8
body     : {
    "message": "success",
    "status": 1,
    "data": [
        {
            "id": 78,
            "createDate": "2023-05-31 12:51:47",
            "updateDate": "2023-05-31 12:51:47",
            "name": "标准",
            "money": 10000.0,
            "moneyType": 2,
            "prefixCount": 1,
            "remart": "test",
            "entName": null,
            "entUserId": null,
            "ruleType": 2,
            "escrowId": null
        }
    ]
}

2023-06-26 10:34:45.982 | INFO     | httprunner.client:request:217 - status_code: 200, response_time(ms): 50.67 ms, response_length: 0 bytes
2023-06-26 10:34:45.983 | INFO     | httprunner.response:extract:179 - extract mapping: {'annualFeeRuleId': 78}
2023-06-26 10:34:45.983 | INFO     | httprunner.response:validate:249 - assert status_code equal 200(int)	==> pass
2023-06-26 10:34:45.983 | INFO     | httprunner.response:validate:249 - assert body.message equal success(str)	==> pass
2023-06-26 10:34:45.983 | INFO     | httprunner.response:validate:249 - assert body.status equal 1(int)	==> pass
2023-06-26 10:34:45.983 | INFO     | httprunner.runner:__run_step:304 - run step end: 财务规则查询-年费 <<<<<<

2023-06-26 10:34:45.983 | INFO     | httprunner.runner:__run_step_testcase:286 - export variables: {'annualFeeRuleId': 78}
2023-06-26 10:34:45.983 | INFO     | httprunner.runner:__run_step:304 - run step end: 收费标准查询-年费 <<<<<<

2023-06-26 10:34:45.984 | INFO     | httprunner.runner:__run_step:292 - run step begin: 保存分配前缀 >>>>>>
2023-06-26 10:34:45.985 | INFO     | httprunner.runner:__run_step:292 - run step begin: 保存再分配的前缀 >>>>>>
2023-06-26 10:34:46.592 | DEBUG    | httprunner.client:request:186 - client IP: 127.0.0.1, Port: 51289
2023-06-26 10:34:46.592 | DEBUG    | httprunner.client:request:194 - server IP: 127.0.0.1, Port: 8888
2023-06-26 10:34:46.593 | DEBUG    | httprunner.client:log_print:40 - 
================== request details ==================
method   : POST
url      : http://139.198.116.76:8000/api/v3/ent/prefix/alloc/savePrefix?annualFeeRuleId=78&pendingPrefix=88.408.4315987480&regFeeRuleId=77&userId=1698
headers  : {
    "User-Agent": "Mozilla/5.0 (Macintosh; Intel Mac OS X 10_15_7) AppleWebKit/537.36 (KHTML, like Gecko) Chrome/98.0.4758.102 Safari/537.36 Edg/98.0.1108.56",
    "Accept-Encoding": "gzip, deflate",
    "Accept": "application/json, text/plain, */*",
    "Connection": "keep-alive",
    "Accept-Language": "zh-CN,zh;q=0.9,en;q=0.8,en-GB;q=0.7,en-US;q=0.6",
    "Content-Length": "0",
    "HRUN-Request-ID": "HRUN-1e1d0db7-c9ab-49a2-8b39-6ebf8baca097-885985",
    "Cookie": "SESSION=ZDMxNWEwNWUtNTk4Yi00ZGViLTlkYWYtYzkwMTg0M2NhZmRj; SESSION=response.headers.\"Set-Cookie\".session"
}
cookies  : {
    "SESSION": "ZDMxNWEwNWUtNTk4Yi00ZGViLTlkYWYtYzkwMTg0M2NhZmRj"
}
body     : None

2023-06-26 10:34:46.594 | DEBUG    | httprunner.client:log_print:40 - 
================== response details ==================
status_code : 200
headers  : {
    "Server": "nginx",
    "Date": "Mon, 26 Jun 2023 02:34:46 GMT",
    "Content-Type": "application/json",
    "Transfer-Encoding": "chunked",
    "X-Frame-Options": "SAMEORIGIN",
    "Connection": "keep-alive"
}
cookies  : {}
encoding : utf-8
content_type : application/json
body     : {
    "message": "success",
    "status": 1,
    "data": "分配完成"
}

2023-06-26 10:34:46.594 | INFO     | httprunner.client:request:217 - status_code: 200, response_time(ms): 606.89 ms, response_length: 0 bytes
2023-06-26 10:34:46.595 | INFO     | httprunner.response:validate:249 - assert status_code equal 200(int)	==> pass
2023-06-26 10:34:46.595 | INFO     | httprunner.response:validate:249 - assert body.message equal success(str)	==> pass
2023-06-26 10:34:46.595 | INFO     | httprunner.response:validate:249 - assert body.status equal 1(int)	==> pass
2023-06-26 10:34:46.595 | INFO     | httprunner.response:validate:249 - assert body.data equal 分配完成(str)	==> pass
2023-06-26 10:34:46.595 | INFO     | httprunner.runner:__run_step:304 - run step end: 保存再分配的前缀 <<<<<<

2023-06-26 10:34:46.596 | INFO     | httprunner.runner:__run_step:304 - run step end: 保存分配前缀 <<<<<<

2023-06-26 10:34:46.596 | INFO     | httprunner.runner:__run_step:292 - run step begin: 前缀分配列表 >>>>>>
2023-06-26 10:34:46.596 | INFO     | httprunner.runner:__run_step:292 - run step begin: 前缀分配分页-查询是否包含新分配的前缀 >>>>>>
2023-06-26 10:34:46.651 | DEBUG    | httprunner.client:request:186 - client IP: 127.0.0.1, Port: 51289
2023-06-26 10:34:46.651 | DEBUG    | httprunner.client:request:194 - server IP: 127.0.0.1, Port: 8888
2023-06-26 10:34:46.652 | DEBUG    | httprunner.client:log_print:40 - 
================== request details ==================
method   : GET
url      : http://139.198.116.76:8000/api/v3/ent/prefix/alloc/pageQuery?currentPage=1&order=&orderProp=&orgName=RyvWf8VvhwBm7YIStshQOCA7naNB9cTN
headers  : {
    "User-Agent": "Mozilla/5.0 (Macintosh; Intel Mac OS X 10_15_7) AppleWebKit/537.36 (KHTML, like Gecko) Chrome/98.0.4758.102 Safari/537.36 Edg/98.0.1108.56",
    "Accept-Encoding": "gzip, deflate",
    "Accept": "application/json, text/plain, */*",
    "Connection": "keep-alive",
    "Accept-Language": "zh-CN,zh;q=0.9,en;q=0.8,en-GB;q=0.7,en-US;q=0.6",
    "HRUN-Request-ID": "HRUN-1e1d0db7-c9ab-49a2-8b39-6ebf8baca097-886597",
    "Cookie": "SESSION=ZDMxNWEwNWUtNTk4Yi00ZGViLTlkYWYtYzkwMTg0M2NhZmRj; SESSION=response.headers.\"Set-Cookie\".session"
}
cookies  : {
    "SESSION": "ZDMxNWEwNWUtNTk4Yi00ZGViLTlkYWYtYzkwMTg0M2NhZmRj"
}
body     : None

2023-06-26 10:34:46.652 | DEBUG    | httprunner.client:log_print:40 - 
================== response details ==================
status_code : 200
headers  : {
    "Server": "nginx",
    "Date": "Mon, 26 Jun 2023 02:34:46 GMT",
    "Content-Type": "application/json",
    "Transfer-Encoding": "chunked",
    "X-Frame-Options": "SAMEORIGIN",
    "Connection": "keep-alive"
}
cookies  : {}
encoding : utf-8
content_type : application/json
body     : {
    "message": "success",
    "status": 1,
    "data": {
        "first": true,
        "last": true,
        "totalPages": 1,
        "totalElements": 1,
        "number": 1,
        "size": 10,
        "sort": null,
        "numberOfElements": 1,
        "content": [
            {
                "orgName": "RyvWf8VvhwBm7YIStshQOCA7naNB9cTN",
                "entPrefix": "88.408.2835859429,88.408.4315987480",
                "orgTypeDesc": "国有控股",
                "escrowOrgName": null,
                "orgCategorySpecificDesc": "农、林、牧、渔业-农业",
                "orgCrtCode": "RyvWf8VvhwBm7YIStshQOCA7naNB9cTN",
                "userId": 1698,
                "updateDate": "2023-06-26 10:34:46"
            }
        ]
    }
}

2023-06-26 10:34:46.653 | INFO     | httprunner.client:request:217 - status_code: 200, response_time(ms): 54.12 ms, response_length: 0 bytes
2023-06-26 10:34:46.653 | INFO     | httprunner.response:extract:179 - extract mapping: {'userId': 1698, 'orgName': 'RyvWf8VvhwBm7YIStshQOCA7naNB9cTN'}
2023-06-26 10:34:46.653 | INFO     | httprunner.response:validate:249 - assert status_code equal 200(int)	==> pass
2023-06-26 10:34:46.653 | INFO     | httprunner.response:validate:249 - assert body.message equal success(str)	==> pass
2023-06-26 10:34:46.654 | INFO     | httprunner.response:validate:249 - assert body.status equal 1(int)	==> pass
2023-06-26 10:34:46.654 | INFO     | httprunner.response:validate:249 - assert body.data.content[0].entPrefix equal 88.408.2835859429,88.408.4315987480(str)	==> pass
2023-06-26 10:34:46.654 | INFO     | httprunner.runner:__run_step:304 - run step end: 前缀分配分页-查询是否包含新分配的前缀 <<<<<<

2023-06-26 10:34:46.654 | INFO     | httprunner.runner:__run_step_testcase:286 - export variables: {'orgName': 'RyvWf8VvhwBm7YIStshQOCA7naNB9cTN', 'userId': 1698}
2023-06-26 10:34:46.655 | INFO     | httprunner.runner:__run_step:304 - run step end: 前缀分配列表 <<<<<<

2023-06-26 10:34:46.655 | INFO     | httprunner.runner:__run_step:292 - run step begin: 查看详情 >>>>>>
2023-06-26 10:34:46.656 | INFO     | httprunner.runner:__run_step:292 - run step begin: 企业信息详情 >>>>>>
2023-06-26 10:34:46.839 | DEBUG    | httprunner.client:request:186 - client IP: 127.0.0.1, Port: 51289
2023-06-26 10:34:46.840 | DEBUG    | httprunner.client:request:194 - server IP: 127.0.0.1, Port: 8888
2023-06-26 10:34:46.840 | DEBUG    | httprunner.client:log_print:40 - 
================== request details ==================
method   : GET
url      : http://139.198.116.76:8000/api/v3/ent/detail?isSensetive=1&userId=1698
headers  : {
    "User-Agent": "Mozilla/5.0 (Macintosh; Intel Mac OS X 10_15_7) AppleWebKit/537.36 (KHTML, like Gecko) Chrome/98.0.4758.102 Safari/537.36 Edg/98.0.1108.56",
    "Accept-Encoding": "gzip, deflate",
    "Accept": "application/json, text/plain, */*",
    "Connection": "keep-alive",
    "Accept-Language": "zh-CN,zh;q=0.9,en;q=0.8,en-GB;q=0.7,en-US;q=0.6",
    "HRUN-Request-ID": "HRUN-1e1d0db7-c9ab-49a2-8b39-6ebf8baca097-886657",
    "Cookie": "SESSION=ZDMxNWEwNWUtNTk4Yi00ZGViLTlkYWYtYzkwMTg0M2NhZmRj; SESSION=response.headers.\"Set-Cookie\".session"
}
cookies  : {
    "SESSION": "ZDMxNWEwNWUtNTk4Yi00ZGViLTlkYWYtYzkwMTg0M2NhZmRj"
}
body     : None

2023-06-26 10:34:46.843 | DEBUG    | httprunner.client:log_print:40 - 
================== response details ==================
status_code : 200
headers  : {
    "Server": "nginx",
    "Date": "Mon, 26 Jun 2023 02:34:46 GMT",
    "Content-Type": "application/json;charset=UTF-8",
    "Transfer-Encoding": "chunked",
    "X-Frame-Options": "SAMEORIGIN",
    "Connection": "keep-alive"
}
cookies  : {}
encoding : UTF-8
content_type : application/json;charset=UTF-8
body     : {
    "message": "success",
    "status": 1,
    "data": {
        "nbmsEntPO": {
            "id": 576,
            "createDate": "2023-06-26 10:34:46",
            "updateDate": "2023-06-26 10:34:46",
            "entGeneralId": "2812911200000006",
            "userId": 1698,
            "userName": "RyvWf8VvhwBm7YIStshQOCA7naNB9cTN",
            "sync": null,
            "orgName": "RyvWf8VvhwBm7YIStshQOCA7naNB9cTN",
            "orgNature": "1",
            "orgAddrProvince": "110000",
            "orgAddrCity": "110100",
            "orgAddrCounty": "110101",
            "orgAddr": "致真",
            "orgCrtType": "1",
            "orgCrtCode": "RyvWf8VvhwBm7YIStshQOCA7naNB9cTN",
            "legalName": "*三",
            "legalCrtType": "1",
            "legalCrtNo": "**************6831",
            "orgDesc": null,
            "industryCategory": "A",
            "industrySpecific": "01",
            "contactName": "******************************TN",
            "contactPhone": "108****2105",
            "contactCrtType": 1,
            "contactCrtNo": "**************6831",
            "contactEmail": "CHY*************@qaqseq.com",
            "website": null,
            "regAuthority": null,
            "regCapital": null,
            "establishDate": null,
            "periodValidity": null,
            "legalEmail": null,
            "legalPhone": null,
            "legalFax": null,
            "servSysBuildType": 1,
            "servSysBuildName": null,
            "servSysOperType": "1",
            "servSysOperName": null,
            "dataHostingOrg": null,
            "servHostingOrg": null,
            "regRealNaImpType": null,
            "regRealNaImpName": null,
            "idRegNaImp": null,
            "extWebName": null,
            "extDomain": null,
            "extIpAddr": null,
            "orgCrtImgRid": 2977,
            "contactCrtFrontImgRid": 2978,
            "contactCrtBackImgRid": 2979,
            "legalCrtFrontImgRid": 2978,
            "legalCrtBackImgRid": 2979,
            "servSysBuildContractFileRid": null,
            "servSysOperContractFileRid": null,
            "dataHostingContractFileRid": null,
            "servHostingContractFileRid": null,
            "isDeleted": 0,
            "xmlCreated": 0,
            "xmlUpdateTime": null,
            "xmlDeleted": 0,
            "xmlSync": 0,
            "entInfoLicenses": [],
            "entInfoSyss": [
                {
                    "id": 1925,
                    "entId": 576,
                    "sysType": 1,
                    "deployMode": 1,
                    "deployAddr": "致真",
                    "deployAddrProvince": "110000",
                    "deployAddrCity": "110100",
                    "deployAddrCounty": "110101",
                    "name": null,
                    "ipPort": null
                },
                {
                    "id": 1926,
                    "entId": 576,
                    "sysType": 2,
                    "deployMode": 1,
                    "deployAddr": "致真",
                    "deployAddrProvince": "110000",
                    "deployAddrCity": "110100",
                    "deployAddrCounty": "110101",
                    "name": null,
                    "ipPort": null
                },
                {
                    "id": 1927,
                    "entId": 576,
                    "sysType": 3,
                    "deployMode": 1,
                    "deployAddr": "天津",
                    "deployAddrProvince": "120000",
                    "deployAddrCity": "120100",
                    "deployAddrCounty": "120101",
                    "name": null,
                    "ipPort": null
                },
                {
                    "id": 1928,
                    "entId": 576,
                    "sysType": 4,
                    "deployMode": 1,
                    "deployAddr": "天津",
                    "deployAddrProvince": "120000",
                    "deployAddrCity": "120100",
                    "deployAddrCounty": "120101",
                    "name": null,
                    "ipPort": null
                }
            ],
            "entInfoSerIndustrys": [],
            "escrowId": null,
            "industryQualificationRid": null,
            "certificationRid": null,
            "openingBank": null,
            "bankCard": null,
            "orgTypeDesc": "国有控股",
            "orgCrtImgContent": null,
            "orgAddrProvinceDesc": "北京市",
            "orgAddrCountyDesc": "东城区",
            "orgAddrCityDesc": "市辖区",
            "orgCategorySpecificDesc": "农、林、牧、渔业-农业",
            "legalCrtTypeDesc": "中国居民身份证",
            "legalCrtFrontImgContent": null,
            "legalCrtBackImgContent": null,
            "entPrefix": "88.408.2835859429,88.408.4315987480",
            "shrPrefix": null,
            "orgCrtImgPath": "e65f906d-5bf8-4650-acf9-e1e9d7ccae45.jpeg",
            "contactCrtFrontImgPath": "53a17488-8766-45d3-b97c-1a6e6adb7eb9.jpeg",
            "contactCrtBackImgPath": "27d65062-78d4-4d3d-b242-b0100eb49e85.jpeg",
            "legalCrtFrontImgPath": "53a17488-8766-45d3-b97c-1a6e6adb7eb9.jpeg",
            "legalCrtBackImgPath": "27d65062-78d4-4d3d-b242-b0100eb49e85.jpeg",
            "servSysBuildContractFilePath": null,
            "servSysOperContractFilePath": null,
            "dataHostingContractFilePath": null,
            "servHostingContractFilePath": null,
            "industryQualificationFilePath": null,
            "certificationFilePath": null,
            "escrowOrgName": null
        },
        "nbmsEntPrefixPOs": [
            {
                "id": 755,
                "createDate": "2023-06-26 10:34:46",
                "updateDate": "2023-06-26 10:34:46",
                "entPrefix": "88.408.2835859429",
                "state": 1,
                "historyState": 1,
                "entGeneralId": "2812911200000006",
                "entName": "RyvWf8VvhwBm7YIStshQOCA7naNB9cTN",
                "userId": 1698,
                "proxyState": 1,
                "prefixConfigPO": [],
                "escrowId": null
            },
            {
                "id": 756,
                "createDate": "2023-06-26 10:34:47",
                "updateDate": "2023-06-26 10:34:47",
                "entPrefix": "88.408.4315987480",
                "state": 1,
                "historyState": 1,
                "entGeneralId": "2812911200000006",
                "entName": "RyvWf8VvhwBm7YIStshQOCA7naNB9cTN",
                "userId": 1698,
                "proxyState": 1,
                "prefixConfigPO": [],
                "escrowId": null
            }
        ]
    }
}

2023-06-26 10:34:46.843 | INFO     | httprunner.client:request:217 - status_code: 200, response_time(ms): 181.92 ms, response_length: 0 bytes
2023-06-26 10:34:46.843 | INFO     | httprunner.response:extract:179 - extract mapping: {'entId': 576}
2023-06-26 10:34:46.844 | INFO     | httprunner.response:validate:249 - assert status_code equal 200(int)	==> pass
2023-06-26 10:34:46.844 | INFO     | httprunner.response:validate:249 - assert body.message equal success(str)	==> pass
2023-06-26 10:34:46.844 | INFO     | httprunner.response:validate:249 - assert body.status equal 1(int)	==> pass
2023-06-26 10:34:46.844 | INFO     | httprunner.runner:__run_step:304 - run step end: 企业信息详情 <<<<<<

2023-06-26 10:34:46.844 | INFO     | httprunner.runner:__run_step_testcase:286 - export variables: {'entId': 576}
2023-06-26 10:34:46.845 | INFO     | httprunner.runner:__run_step:304 - run step end: 查看详情 <<<<<<

