2023-06-15 17:40:18.382 | INFO     | httprunner.runner:test_start:450 - Start to run testcase: 标识业务数据-管理员查看-39, TestCase ID: 22784ec2-8930-479c-8aed-d42b373781fd
2023-06-15 17:40:18.383 | INFO     | httprunner.runner:__run_step:292 - run step begin: 用户注册 >>>>>>
2023-06-15 17:40:18.383 | INFO     | httprunner.runner:__run_step:292 - run step begin: 用户注册 >>>>>>
2023-06-15 17:40:18.689 | DEBUG    | httprunner.client:request:186 - client IP: 127.0.0.1, Port: 61285
2023-06-15 17:40:18.690 | DEBUG    | httprunner.client:request:194 - server IP: 127.0.0.1, Port: 8888
2023-06-15 17:40:18.691 | DEBUG    | httprunner.client:log_print:40 - 
================== request details ==================
method   : POST
url      : http://139.198.116.76:8000/api/home/test/registry
headers  : {
    "User-Agent": "Mozilla/5.0 (Windows NT 10.0; WOW64) AppleWebKit/537.36 (KHTML, like Gecko) Chrome/100.0.4896.60 Safari/537.36",
    "Accept-Encoding": "gzip, deflate",
    "Accept": "application/json, text/plain, */*",
    "Connection": "keep-alive",
    "Accept-Language": "zh-CN,zh;q=0.9",
    "HRUN-Request-ID": "HRUN-22784ec2-8930-479c-8aed-d42b373781fd-018383",
    "Content-Length": "187",
    "Content-Type": "application/json"
}
cookies  : {}
body     : {
    "email": "x8rjNbbUOXcnsFcc@qaqseq.com",
    "mobile": "13193230070",
    "openId": "",
    "openUserName": "",
    "password": "Admin@123",
    "remarks": "",
    "username": "aVbIpAcxHSemJqdBnZgBV3VMRaXrGF5o"
}

2023-06-15 17:40:18.691 | DEBUG    | httprunner.client:log_print:40 - 
================== response details ==================
status_code : 200
headers  : {
    "Server": "nginx",
    "Date": "Thu, 15 Jun 2023 09:40:18 GMT",
    "Content-Type": "application/json",
    "Transfer-Encoding": "chunked",
    "X-Frame-Options": "SAMEORIGIN",
    "Connection": "keep-alive"
}
cookies  : {}
encoding : utf-8
content_type : application/json
body     : {
    "message": "success",
    "status": 1,
    "data": true
}

2023-06-15 17:40:18.692 | INFO     | httprunner.client:request:217 - status_code: 200, response_time(ms): 305.86 ms, response_length: 0 bytes
2023-06-15 17:40:18.692 | INFO     | httprunner.response:validate:249 - assert status_code equal 200(int)	==> pass
2023-06-15 17:40:18.693 | INFO     | httprunner.response:validate:249 - assert body.message equal success(str)	==> pass
2023-06-15 17:40:18.693 | INFO     | httprunner.response:validate:249 - assert body.status equal 1(int)	==> pass
2023-06-15 17:40:18.693 | INFO     | httprunner.response:validate:249 - assert body.message contains success(str)	==> pass
2023-06-15 17:40:18.693 | INFO     | httprunner.response:validate:249 - assert body.status contained_by [1, 200](list)	==> pass
2023-06-15 17:40:18.693 | INFO     | httprunner.runner:__run_step:304 - run step end: 用户注册 <<<<<<

2023-06-15 17:40:18.693 | INFO     | httprunner.runner:__run_step:304 - run step end: 用户注册 <<<<<<

2023-06-15 17:40:18.693 | INFO     | httprunner.runner:__run_step:292 - run step begin: 登录-企业 >>>>>>
2023-06-15 17:40:18.694 | INFO     | httprunner.runner:__run_step:292 - run step begin: 登录-企业用户 >>>>>>
2023-06-15 17:40:18.896 | DEBUG    | httprunner.client:request:186 - client IP: 127.0.0.1, Port: 61285
2023-06-15 17:40:18.897 | DEBUG    | httprunner.client:request:194 - server IP: 127.0.0.1, Port: 8888
2023-06-15 17:40:18.898 | DEBUG    | httprunner.client:log_print:40 - 
================== request details ==================
method   : POST
url      : http://139.198.116.76:8000/api/home/test/login
headers  : {
    "User-Agent": "python-requests/2.28.1",
    "Accept-Encoding": "gzip, deflate, br",
    "Accept": "*/*",
    "Connection": "keep-alive",
    "Content-Length": "170",
    "Content-Type": "application/json",
    "HRUN-Request-ID": "HRUN-22784ec2-8930-479c-8aed-d42b373781fd-018694"
}
cookies  : {}
body     : {
    "captcha": "0000",
    "captchaSign": "0d720db30fe4beb47c306a675cc623d7e09f0e3b1bba2dc2e2db7e11341d240d",
    "emailCaptcha": "",
    "username": "aVbIpAcxHSemJqdBnZgBV3VMRaXrGF5o"
}

2023-06-15 17:40:18.898 | DEBUG    | httprunner.client:log_print:40 - 
================== response details ==================
status_code : 200
headers  : {
    "Server": "nginx",
    "Date": "Thu, 15 Jun 2023 09:40:18 GMT",
    "Content-Type": "application/json;charset=UTF-8",
    "Transfer-Encoding": "chunked",
    "Set-Cookie": "SESSION=NDIwNjhmNzktY2EwOC00NWQ3LWI5ODktYjFlNDA4NGFlNTEz; Path=/; HttpOnly; SameSite=Lax",
    "X-Frame-Options": "SAMEORIGIN",
    "Connection": "keep-alive"
}
cookies  : {
    "SESSION": "NDIwNjhmNzktY2EwOC00NWQ3LWI5ODktYjFlNDA4NGFlNTEz"
}
encoding : UTF-8
content_type : application/json;charset=UTF-8
body     : {
    "message": "success",
    "status": 1,
    "data": true
}

2023-06-15 17:40:18.899 | INFO     | httprunner.client:request:217 - status_code: 200, response_time(ms): 202.04 ms, response_length: 0 bytes
2023-06-15 17:40:18.899 | INFO     | httprunner.response:extract:179 - extract mapping: {'entSession': 'response.headers."Set-Cookie".session'}
2023-06-15 17:40:18.899 | INFO     | httprunner.response:validate:249 - assert status_code equal 200(int)	==> pass
2023-06-15 17:40:18.899 | INFO     | httprunner.response:validate:249 - assert headers."Content-Type" equal application/json;charset=UTF-8(str)	==> pass
2023-06-15 17:40:18.899 | INFO     | httprunner.response:validate:249 - assert body.message equal success(str)	==> pass
2023-06-15 17:40:18.899 | INFO     | httprunner.response:validate:249 - assert body.status equal 1(int)	==> pass
2023-06-15 17:40:18.899 | INFO     | httprunner.response:validate:249 - assert body.data equal True(bool)	==> pass
2023-06-15 17:40:18.899 | INFO     | httprunner.runner:__run_step:304 - run step end: 登录-企业用户 <<<<<<

2023-06-15 17:40:18.899 | INFO     | httprunner.runner:__run_step_testcase:286 - export variables: {'entSession': 'response.headers."Set-Cookie".session'}
2023-06-15 17:40:18.899 | INFO     | httprunner.runner:__run_step:304 - run step end: 登录-企业 <<<<<<

2023-06-15 17:40:18.900 | INFO     | httprunner.runner:__run_step:292 - run step begin: 前缀注册企业资质图片上传 >>>>>>
2023-06-15 17:40:18.900 | INFO     | httprunner.runner:__run_step:292 - run step begin: 前缀注册企业资质图片上传 >>>>>>
2023-06-15 17:40:19.187 | DEBUG    | httprunner.client:request:186 - client IP: 127.0.0.1, Port: 61285
2023-06-15 17:40:19.188 | DEBUG    | httprunner.client:request:194 - server IP: 127.0.0.1, Port: 8888
2023-06-15 17:40:19.188 | DEBUG    | httprunner.client:log_print:40 - 
================== request details ==================
method   : POST
url      : http://139.198.116.76:8000/api/file/img/upload
headers  : {
    "User-Agent": "Mozilla/5.0 (Macintosh; Intel Mac OS X 10_15_7) AppleWebKit/537.36 (KHTML, like Gecko) Chrome/105.0.0.0 Safari/537.36",
    "Accept-Encoding": "gzip, deflate",
    "Accept": "application/json, text/plain, */*",
    "Connection": "keep-alive",
    "Accept-Language": "zh-CN,zh;q=0.9",
    "Content-Type": "multipart/form-data; boundary=4a599b72c41c4cb88c77d36497c7d5f3",
    "HRUN-Request-ID": "HRUN-22784ec2-8930-479c-8aed-d42b373781fd-018901",
    "Cookie": "SESSION=NDIwNjhmNzktY2EwOC00NWQ3LWI5ODktYjFlNDA4NGFlNTEz; SESSION=response.headers.\"Set-Cookie\".session",
    "Content-Length": "20435"
}
cookies  : {
    "SESSION": "NDIwNjhmNzktY2EwOC00NWQ3LWI5ODktYjFlNDA4NGFlNTEz"
}
body     : upload file stream (OMITTED)

2023-06-15 17:40:19.189 | DEBUG    | httprunner.client:log_print:40 - 
================== response details ==================
status_code : 200
headers  : {
    "Server": "nginx",
    "Date": "Thu, 15 Jun 2023 09:40:19 GMT",
    "Content-Type": "application/json;charset=UTF-8",
    "Transfer-Encoding": "chunked",
    "X-Frame-Options": "SAMEORIGIN",
    "Connection": "keep-alive"
}
cookies  : {}
encoding : UTF-8
content_type : application/json;charset=UTF-8
body     : {
    "message": "success",
    "status": 1,
    "data": {
        "id": 2324,
        "path": "377ce95a-18ea-4b17-8a0e-567d3ffe70a7.jpeg"
    }
}

2023-06-15 17:40:19.189 | INFO     | httprunner.client:request:217 - status_code: 200, response_time(ms): 285.96 ms, response_length: 0 bytes
2023-06-15 17:40:19.189 | INFO     | httprunner.response:extract:179 - extract mapping: {'imgId': 2324}
2023-06-15 17:40:19.189 | INFO     | httprunner.response:validate:249 - assert status_code equal 200(int)	==> pass
2023-06-15 17:40:19.190 | INFO     | httprunner.runner:__run_step:304 - run step end: 前缀注册企业资质图片上传 <<<<<<

2023-06-15 17:40:19.190 | INFO     | httprunner.runner:__run_step_testcase:286 - export variables: {'imgId': 2324}
2023-06-15 17:40:19.190 | INFO     | httprunner.runner:__run_step:304 - run step end: 前缀注册企业资质图片上传 <<<<<<

2023-06-15 17:40:19.190 | INFO     | httprunner.runner:__run_step:292 - run step begin: 前缀注册企业联系人身份证图片正面上传 >>>>>>
2023-06-15 17:40:19.191 | INFO     | httprunner.runner:__run_step:292 - run step begin: 前缀注册企业联系人身份证图片背面上传 >>>>>>
2023-06-15 17:40:19.272 | DEBUG    | httprunner.client:request:186 - client IP: 127.0.0.1, Port: 61285
2023-06-15 17:40:19.272 | DEBUG    | httprunner.client:request:194 - server IP: 127.0.0.1, Port: 8888
2023-06-15 17:40:19.273 | DEBUG    | httprunner.client:log_print:40 - 
================== request details ==================
method   : POST
url      : http://139.198.116.76:8000/api/file/img/upload
headers  : {
    "User-Agent": "Mozilla/5.0 (Macintosh; Intel Mac OS X 10_15_7) AppleWebKit/537.36 (KHTML, like Gecko) Chrome/105.0.0.0 Safari/537.36",
    "Accept-Encoding": "gzip, deflate",
    "Accept": "application/json, text/plain, */*",
    "Connection": "keep-alive",
    "Accept-Language": "zh-CN,zh;q=0.9",
    "Content-Type": "multipart/form-data; boundary=0e6100fa2d6c4440af69c8ddc9e9f07e",
    "HRUN-Request-ID": "HRUN-22784ec2-8930-479c-8aed-d42b373781fd-019192",
    "Cookie": "SESSION=NDIwNjhmNzktY2EwOC00NWQ3LWI5ODktYjFlNDA4NGFlNTEz; SESSION=response.headers.\"Set-Cookie\".session",
    "Content-Length": "20435"
}
cookies  : {
    "SESSION": "NDIwNjhmNzktY2EwOC00NWQ3LWI5ODktYjFlNDA4NGFlNTEz"
}
body     : upload file stream (OMITTED)

2023-06-15 17:40:19.274 | DEBUG    | httprunner.client:log_print:40 - 
================== response details ==================
status_code : 200
headers  : {
    "Server": "nginx",
    "Date": "Thu, 15 Jun 2023 09:40:19 GMT",
    "Content-Type": "application/json;charset=UTF-8",
    "Transfer-Encoding": "chunked",
    "X-Frame-Options": "SAMEORIGIN",
    "Connection": "keep-alive"
}
cookies  : {}
encoding : UTF-8
content_type : application/json;charset=UTF-8
body     : {
    "message": "success",
    "status": 1,
    "data": {
        "id": 2325,
        "path": "7898be01-bd0a-4429-bd32-cd02f6121741.jpeg"
    }
}

2023-06-15 17:40:19.274 | INFO     | httprunner.client:request:217 - status_code: 200, response_time(ms): 79.93 ms, response_length: 0 bytes
2023-06-15 17:40:19.274 | INFO     | httprunner.response:extract:179 - extract mapping: {'imgId_f': 2325}
2023-06-15 17:40:19.275 | INFO     | httprunner.response:validate:249 - assert status_code equal 200(int)	==> pass
2023-06-15 17:40:19.275 | INFO     | httprunner.runner:__run_step:304 - run step end: 前缀注册企业联系人身份证图片背面上传 <<<<<<

2023-06-15 17:40:19.276 | INFO     | httprunner.runner:__run_step_testcase:286 - export variables: {'imgId_f': 2325}
2023-06-15 17:40:19.276 | INFO     | httprunner.runner:__run_step:304 - run step end: 前缀注册企业联系人身份证图片正面上传 <<<<<<

2023-06-15 17:40:19.276 | INFO     | httprunner.runner:__run_step:292 - run step begin: 前缀注册企业联系人身份证图片背面上传 >>>>>>
2023-06-15 17:40:19.277 | INFO     | httprunner.runner:__run_step:292 - run step begin: 前缀注册企业联系人身份证图片背面上传 >>>>>>
2023-06-15 17:40:19.392 | DEBUG    | httprunner.client:request:186 - client IP: 127.0.0.1, Port: 61285
2023-06-15 17:40:19.392 | DEBUG    | httprunner.client:request:194 - server IP: 127.0.0.1, Port: 8888
2023-06-15 17:40:19.393 | DEBUG    | httprunner.client:log_print:40 - 
================== request details ==================
method   : POST
url      : http://139.198.116.76:8000/api/file/img/upload
headers  : {
    "User-Agent": "Mozilla/5.0 (Macintosh; Intel Mac OS X 10_15_7) AppleWebKit/537.36 (KHTML, like Gecko) Chrome/105.0.0.0 Safari/537.36",
    "Accept-Encoding": "gzip, deflate",
    "Accept": "application/json, text/plain, */*",
    "Connection": "keep-alive",
    "Accept-Language": "zh-CN,zh;q=0.9",
    "Content-Type": "multipart/form-data; boundary=70b3541dc07647fdad5589b59a735ef4",
    "HRUN-Request-ID": "HRUN-22784ec2-8930-479c-8aed-d42b373781fd-019277",
    "Cookie": "SESSION=NDIwNjhmNzktY2EwOC00NWQ3LWI5ODktYjFlNDA4NGFlNTEz; SESSION=response.headers.\"Set-Cookie\".session",
    "Content-Length": "20435"
}
cookies  : {
    "SESSION": "NDIwNjhmNzktY2EwOC00NWQ3LWI5ODktYjFlNDA4NGFlNTEz"
}
body     : upload file stream (OMITTED)

2023-06-15 17:40:19.394 | DEBUG    | httprunner.client:log_print:40 - 
================== response details ==================
status_code : 200
headers  : {
    "Server": "nginx",
    "Date": "Thu, 15 Jun 2023 09:40:19 GMT",
    "Content-Type": "application/json;charset=UTF-8",
    "Transfer-Encoding": "chunked",
    "X-Frame-Options": "SAMEORIGIN",
    "Connection": "keep-alive"
}
cookies  : {}
encoding : UTF-8
content_type : application/json;charset=UTF-8
body     : {
    "message": "success",
    "status": 1,
    "data": {
        "id": 2326,
        "path": "ad5691df-d3e9-4c3c-87f0-ae6b4d0202c5.jpeg"
    }
}

2023-06-15 17:40:19.394 | INFO     | httprunner.client:request:217 - status_code: 200, response_time(ms): 114.56 ms, response_length: 0 bytes
2023-06-15 17:40:19.394 | INFO     | httprunner.response:extract:179 - extract mapping: {'imgId_b': 2326}
2023-06-15 17:40:19.394 | INFO     | httprunner.response:validate:249 - assert status_code equal 200(int)	==> pass
2023-06-15 17:40:19.394 | INFO     | httprunner.runner:__run_step:304 - run step end: 前缀注册企业联系人身份证图片背面上传 <<<<<<

2023-06-15 17:40:19.395 | INFO     | httprunner.runner:__run_step_testcase:286 - export variables: {'imgId_b': 2326}
2023-06-15 17:40:19.395 | INFO     | httprunner.runner:__run_step:304 - run step end: 前缀注册企业联系人身份证图片背面上传 <<<<<<

2023-06-15 17:40:19.395 | INFO     | httprunner.runner:__run_step:292 - run step begin: 企业注册第一步提交信息 >>>>>>
2023-06-15 17:40:19.396 | INFO     | httprunner.runner:__run_step:292 - run step begin: 企业注册第一步提交信息 >>>>>>
2023-06-15 17:40:20.220 | DEBUG    | httprunner.client:request:186 - client IP: 127.0.0.1, Port: 61285
2023-06-15 17:40:20.221 | DEBUG    | httprunner.client:request:194 - server IP: 127.0.0.1, Port: 8888
2023-06-15 17:40:20.222 | DEBUG    | httprunner.client:log_print:40 - 
================== request details ==================
method   : POST
url      : http://139.198.116.76:8000/api/v3/entApply/basicInfo/submit
headers  : {
    "User-Agent": "Mozilla/5.0 (Macintosh; Intel Mac OS X 10_15_7) AppleWebKit/537.36 (KHTML, like Gecko) Chrome/105.0.0.0 Safari/537.36",
    "Accept-Encoding": "gzip, deflate",
    "Accept": "application/json, text/plain, */*",
    "Connection": "keep-alive",
    "Accept-Language": "zh-CN,zh;q=0.9",
    "Content-Type": "application/json;charset=UTF-8",
    "HRUN-Request-ID": "HRUN-22784ec2-8930-479c-8aed-d42b373781fd-019397",
    "Cookie": "SESSION=NDIwNjhmNzktY2EwOC00NWQ3LWI5ODktYjFlNDA4NGFlNTEz; SESSION=response.headers.\"Set-Cookie\".session",
    "Content-Length": "2554"
}
cookies  : {
    "SESSION": "NDIwNjhmNzktY2EwOC00NWQ3LWI5ODktYjFlNDA4NGFlNTEz"
}
body     : {
    "applyStep": 2,
    "applyType": null,
    "area": [
        "110000",
        "110100",
        "110101"
    ],
    "cltrid": null,
    "contactCrtBackImgPath": null,
    "contactCrtBackImgRid": 2326,
    "contactCrtFrontImgPath": null,
    "contactCrtFrontImgRid": 2325,
    "contactCrtNo": "437797198302095433",
    "contactCrtType": 1,
    "contactEmail": "x8rjNbbUOXcnsFcc@qaqseq.com",
    "contactName": "aVbIpAcxHSemJqdBnZgBV3VMRaXrGF5o",
    "contactPhone": "13193230070",
    "createDate": null,
    "dataHostingContractFilePath": null,
    "dataHostingContractFileRid": null,
    "dataHostingOrg": null,
    "entGeneralId": null,
    "entInfoLicenses": [],
    "entInfoSerIndustrys": [],
    "entPrefix": "88.408.792262964",
    "escrowId": null,
    "escrowOrgName": null,
    "establishDate": null,
    "extDomain": null,
    "extIpAddr": null,
    "extWebName": null,
    "finalAuditMsg": null,
    "finalAuditStatus": null,
    "firstAuditMsg": null,
    "firstAuditStatus": null,
    "id": null,
    "idRegNaImp": null,
    "industry": [
        "A",
        "01"
    ],
    "industryCategory": "A",
    "industrySpecific": "01",
    "isSubmit": 0,
    "legalCrtBackImgContent": null,
    "legalCrtBackImgPath": null,
    "legalCrtBackImgRid": 2326,
    "legalCrtFrontImgContent": null,
    "legalCrtFrontImgPath": null,
    "legalCrtFrontImgRid": 2325,
    "legalCrtNo": "437797198302095433",
    "legalCrtType": "1",
    "legalCrtTypeDesc": "中国居民身份证",
    "legalEmail": null,
    "legalFax": null,
    "legalName": "张三",
    "legalPhone": null,
    "orgAddr": "致真",
    "orgAddrCity": "110100",
    "orgAddrCityDesc": "市辖区",
    "orgAddrCounty": "110101",
    "orgAddrCountyDesc": "东城区",
    "orgAddrProvince": "110000",
    "orgAddrProvinceDesc": "北京市",
    "orgCategorySpecificDesc": "农、林、牧、渔业-农业",
    "orgCrtCode": "aVbIpAcxHSemJqdBnZgBV3VMRaXrGF5o",
    "orgCrtImgContent": null,
    "orgCrtImgPath": null,
    "orgCrtImgRid": 2324,
    "orgCrtType": "1",
    "orgDesc": null,
    "orgName": "aVbIpAcxHSemJqdBnZgBV3VMRaXrGF5o",
    "orgNature": "1",
    "orgNatureDesc": "国有控股",
    "periodValidity": null,
    "regAuthority": null,
    "regCapital": null,
    "regRealNaImpName": null,
    "regRealNaImpType": null,
    "servHostingContractFilePath": null,
    "servHostingContractFileRid": null,
    "servHostingOrg": null,
    "servSysBuildContractFilePath": null,
    "servSysBuildContractFileRid": null,
    "servSysBuildName": null,
    "servSysBuildType": 1,
    "servSysOperContractFilePath": null,
    "servSysOperContractFileRid": null,
    "servSysOperName": null,
    "servSysOperType": 1,
    "svtrid": null,
    "thirdServiceMsg": null,
    "thirdServiceStatus": null,
    "updateDate": null,
    "userId": null,
    "userName": null,
    "website": null
}

2023-06-15 17:40:20.222 | DEBUG    | httprunner.client:log_print:40 - 
================== response details ==================
status_code : 200
headers  : {
    "Server": "nginx",
    "Date": "Thu, 15 Jun 2023 09:40:20 GMT",
    "Content-Type": "application/json;charset=UTF-8",
    "Transfer-Encoding": "chunked",
    "X-Frame-Options": "SAMEORIGIN",
    "Connection": "keep-alive"
}
cookies  : {}
encoding : UTF-8
content_type : application/json;charset=UTF-8
body     : {
    "message": "success",
    "status": 1,
    "data": true
}

2023-06-15 17:40:20.223 | INFO     | httprunner.client:request:217 - status_code: 200, response_time(ms): 823.15 ms, response_length: 0 bytes
2023-06-15 17:40:20.223 | INFO     | httprunner.response:validate:249 - assert status_code equal 200(int)	==> pass
2023-06-15 17:40:20.223 | INFO     | httprunner.response:validate:249 - assert body.message equal success(str)	==> pass
2023-06-15 17:40:20.223 | INFO     | httprunner.runner:__run_step:304 - run step end: 企业注册第一步提交信息 <<<<<<

2023-06-15 17:40:20.224 | INFO     | httprunner.runner:__run_step:304 - run step end: 企业注册第一步提交信息 <<<<<<

2023-06-15 17:40:20.224 | INFO     | httprunner.runner:__run_step:292 - run step begin: 企业注册查询注册信息 >>>>>>
2023-06-15 17:40:20.224 | INFO     | httprunner.runner:__run_step:292 - run step begin: 企业注册查询注册信息 >>>>>>
2023-06-15 17:40:20.357 | DEBUG    | httprunner.client:request:186 - client IP: 127.0.0.1, Port: 61285
2023-06-15 17:40:20.357 | DEBUG    | httprunner.client:request:194 - server IP: 127.0.0.1, Port: 8888
2023-06-15 17:40:20.358 | DEBUG    | httprunner.client:log_print:40 - 
================== request details ==================
method   : GET
url      : http://139.198.116.76:8000/api/v3/entApply/applyOrNot
headers  : {
    "User-Agent": "Mozilla/5.0 (Macintosh; Intel Mac OS X 10_15_7) AppleWebKit/537.36 (KHTML, like Gecko) Chrome/105.0.0.0 Safari/537.36",
    "Accept-Encoding": "gzip, deflate",
    "Accept": "application/json, text/plain, */*",
    "Connection": "keep-alive",
    "Accept-Language": "zh-CN,zh;q=0.9",
    "HRUN-Request-ID": "HRUN-22784ec2-8930-479c-8aed-d42b373781fd-020224",
    "Cookie": "SESSION=NDIwNjhmNzktY2EwOC00NWQ3LWI5ODktYjFlNDA4NGFlNTEz; SESSION=response.headers.\"Set-Cookie\".session"
}
cookies  : {
    "SESSION": "NDIwNjhmNzktY2EwOC00NWQ3LWI5ODktYjFlNDA4NGFlNTEz"
}
body     : None

2023-06-15 17:40:20.361 | DEBUG    | httprunner.client:log_print:40 - 
================== response details ==================
status_code : 200
headers  : {
    "Server": "nginx",
    "Date": "Thu, 15 Jun 2023 09:40:20 GMT",
    "Content-Type": "application/json;charset=UTF-8",
    "Transfer-Encoding": "chunked",
    "X-Frame-Options": "SAMEORIGIN",
    "Connection": "keep-alive"
}
cookies  : {}
encoding : UTF-8
content_type : application/json;charset=UTF-8
body     : {
    "message": "success",
    "status": 1,
    "data": {
        "nbmsEntApplyPO": {
            "id": 1199,
            "createDate": "2023-06-15 17:40:20",
            "updateDate": "2023-06-15 17:40:20",
            "applyType": null,
            "entGeneralId": null,
            "applyStep": 2,
            "isSubmit": 0,
            "entPrefix": "88.408.792262964",
            "firstAuditStatus": null,
            "firstAuditMsg": null,
            "thirdServiceStatus": null,
            "thirdServiceMsg": null,
            "userName": "aVbIpAcxHSemJqdBnZgBV3VMRaXrGF5o",
            "finalAuditStatus": null,
            "finalAuditMsg": null,
            "svtrid": null,
            "cltrid": null,
            "userId": 1418,
            "orgName": "aVbIpAcxHSemJqdBnZgBV3VMRaXrGF5o",
            "orgNature": "1",
            "orgAddrProvince": "110000",
            "orgAddrCity": "110100",
            "orgAddrCounty": "110101",
            "orgAddr": "致真",
            "orgCrtType": "1",
            "orgCrtCode": "aVbIpAcxHSemJqdBnZgBV3VMRaXrGF5o",
            "legalName": "张三",
            "legalCrtType": "1",
            "legalCrtNo": "437797198302095433",
            "orgDesc": null,
            "industryCategory": "A",
            "industrySpecific": "01",
            "contactName": "aVbIpAcxHSemJqdBnZgBV3VMRaXrGF5o",
            "contactPhone": "13193230070",
            "contactCrtType": 1,
            "contactCrtNo": "437797198302095433",
            "contactEmail": "x8rjNbbUOXcnsFcc@qaqseq.com",
            "website": null,
            "regAuthority": null,
            "regCapital": null,
            "establishDate": null,
            "periodValidity": null,
            "legalEmail": null,
            "legalPhone": null,
            "legalFax": null,
            "servSysBuildType": null,
            "servSysBuildName": null,
            "servSysOperType": null,
            "servSysOperName": null,
            "dataHostingOrg": null,
            "servHostingOrg": null,
            "regRealNaImpType": null,
            "regRealNaImpName": null,
            "idRegNaImp": null,
            "extWebName": null,
            "extDomain": null,
            "extIpAddr": null,
            "orgCrtImgRid": 2324,
            "contactCrtFrontImgRid": 2325,
            "contactCrtBackImgRid": 2326,
            "legalCrtFrontImgRid": 2325,
            "legalCrtBackImgRid": 2326,
            "servSysBuildContractFileRid": null,
            "servSysOperContractFileRid": null,
            "dataHostingContractFileRid": null,
            "servHostingContractFileRid": null,
            "entInfoLicenses": [],
            "entInfoSyss": [],
            "entInfoSerIndustrys": [],
            "escrowId": null,
            "industryQualificationRid": null,
            "certificationRid": null,
            "openingBank": null,
            "bankCard": null,
            "verificationName": null,
            "orgNatureDesc": "国有控股",
            "orgCrtImgContent": null,
            "orgCategorySpecificDesc": "农、林、牧、渔业-农业",
            "orgAddrProvinceDesc": "北京市",
            "orgAddrCountyDesc": "东城区",
            "orgAddrCityDesc": "市辖区",
            "legalCrtTypeDesc": "中国居民身份证",
            "legalCrtFrontImgContent": null,
            "legalCrtBackImgContent": null,
            "orgCrtImgPath": "377ce95a-18ea-4b17-8a0e-567d3ffe70a7.jpeg",
            "contactCrtFrontImgPath": "7898be01-bd0a-4429-bd32-cd02f6121741.jpeg",
            "contactCrtBackImgPath": "ad5691df-d3e9-4c3c-87f0-ae6b4d0202c5.jpeg",
            "legalCrtFrontImgPath": "7898be01-bd0a-4429-bd32-cd02f6121741.jpeg",
            "legalCrtBackImgPath": "ad5691df-d3e9-4c3c-87f0-ae6b4d0202c5.jpeg",
            "servSysBuildContractFilePath": null,
            "servSysOperContractFilePath": null,
            "dataHostingContractFilePath": null,
            "servHostingContractFilePath": null,
            "industryQualificationFilePath": null,
            "certificationFilePath": null,
            "escrowOrgName": null
        },
        "nbmsEntPO": null,
        "nbmsEntPrefixApplyPO": null,
        "needRelog": null,
        "applyStatus": 0
    }
}

2023-06-15 17:40:20.361 | INFO     | httprunner.client:request:217 - status_code: 200, response_time(ms): 132.24 ms, response_length: 0 bytes
2023-06-15 17:40:20.366 | INFO     | httprunner.response:extract:179 - extract mapping: {'applyId': 1199, 'userId': 1418, 'userName': 'aVbIpAcxHSemJqdBnZgBV3VMRaXrGF5o', 'imgId_f': 2325, 'imgId_b': 2326, 'entId': None, 'entUserId': None, 'prefix': '88.408.792262964', 'contactCrtNo': '437797198302095433', 'contactCrtType': 1, 'contactEmail': 'x8rjNbbUOXcnsFcc@qaqseq.com', 'contactName': 'aVbIpAcxHSemJqdBnZgBV3VMRaXrGF5o', 'contactPhone': '13193230070', 'industryCategory': 'A', 'industrySpecific': '01', 'orgName': 'aVbIpAcxHSemJqdBnZgBV3VMRaXrGF5o', 'orgNature': '1', 'orgAddrProvince': '110000', 'orgAddrCity': '110100', 'orgAddrCounty': '110101', 'orgAddr': '致真', 'orgCrtType': '1', 'orgCrtCode': 'aVbIpAcxHSemJqdBnZgBV3VMRaXrGF5o', 'legalName': '张三', 'legalEmail': None, 'legalPhone': None, 'legalCrtType': '1', 'legalCrtNo': '437797198302095433', 'legalCrtFrontImgRid': 2325, 'legalCrtBackImgRid': 2326, 'orgCrtImgRid': 2324, 'imgId': 2324, 'orgNatureDesc': '国有控股', 'orgCategorySpecificDesc': '农、林、牧、渔业-农业', 'orgAddrProvinceDesc': '北京市', 'orgAddrCountyDesc': '东城区', 'orgAddrCityDesc': '市辖区', 'legalCrtTypeDesc': '中国居民身份证', 'createDate': '2023-06-15 17:40:20', 'updateDate': '2023-06-15 17:40:20', 'entInfoSyss_0_id': None, 'entInfoSyss_0_entApplyId': None, 'entApplyId': None, 'entInfoSyss_0_sysType': None, 'entInfoSyss_0_deployMode': None, 'entInfoSyss_0_deployAddr': None, 'entInfoSyss_0_deployAddrProvince': None, 'entInfoSyss_0_deployAddrCity': None, 'entInfoSyss_0_deployAddrCounty': None, 'entInfoSyss_1_id': None, 'entInfoSyss_1_entApplyId': None, 'entInfoSyss_1_sysType': None, 'entInfoSyss_1_deployMode': None, 'entInfoSyss_1_deployAddr': None, 'entInfoSyss_1_deployAddrProvince': None, 'entInfoSyss_1_deployAddrCity': None, 'entInfoSyss_1_deployAddrCounty': None, 'entInfoSyss_2_id': None, 'entInfoSyss_2_entApplyId': None, 'entInfoSyss_2_sysType': None, 'entInfoSyss_2_deployMode': None, 'entInfoSyss_2_deployAddr': None, 'entInfoSyss_2_deployAddrProvince': None, 'entInfoSyss_2_deployAddrCity': None, 'entInfoSyss_2_deployAddrCounty': None, 'entInfoSyss_3_id': None, 'entInfoSyss_3_entApplyId': None, 'entInfoSyss_3_sysType': None, 'entInfoSyss_3_deployMode': None, 'entInfoSyss_3_deployAddr': None, 'entInfoSyss_3_deployAddrProvince': None, 'entInfoSyss_3_deployAddrCity': None, 'entInfoSyss_3_deployAddrCounty': None}
2023-06-15 17:40:20.366 | INFO     | httprunner.response:validate:249 - assert status_code equal 200(int)	==> pass
2023-06-15 17:40:20.366 | INFO     | httprunner.response:validate:249 - assert body.message equal success(str)	==> pass
2023-06-15 17:40:20.366 | INFO     | httprunner.runner:__run_step:304 - run step end: 企业注册查询注册信息 <<<<<<

2023-06-15 17:40:20.366 | INFO     | httprunner.runner:__run_step_testcase:286 - export variables: {'orgAddrCityDesc': '市辖区', 'entInfoSyss_0_deployAddr': None, 'legalCrtBackImgRid': 2326, 'entInfoSyss_0_deployMode': None, 'entInfoSyss_0_deployAddrProvince': None, 'industrySpecific': '01', 'entApplyId': None, 'contactEmail': 'x8rjNbbUOXcnsFcc@qaqseq.com', 'entInfoSyss_3_sysType': None, 'imgId_f': 2325, 'entInfoSyss_2_sysType': None, 'entInfoSyss_3_deployAddr': None, 'orgCrtType': '1', 'entInfoSyss_0_deployAddrCity': None, 'entInfoSyss_0_id': None, 'orgAddrCountyDesc': '东城区', 'entInfoSyss_1_entApplyId': None, 'entUserId': None, 'orgAddrCity': '110100', 'entInfoSyss_1_deployAddrCounty': None, 'legalCrtNo': '437797198302095433', 'contactName': 'aVbIpAcxHSemJqdBnZgBV3VMRaXrGF5o', 'orgNature': '1', 'entInfoSyss_1_id': None, 'updateDate': '2023-06-15 17:40:20', 'entInfoSyss_1_deployAddrProvince': None, 'userName': 'aVbIpAcxHSemJqdBnZgBV3VMRaXrGF5o', 'legalCrtType': '1', 'entInfoSyss_3_entApplyId': None, 'entInfoSyss_2_deployAddrCounty': None, 'orgAddrProvince': '110000', 'legalPhone': None, 'entInfoSyss_0_entApplyId': None, 'entInfoSyss_2_deployAddrProvince': None, 'orgName': 'aVbIpAcxHSemJqdBnZgBV3VMRaXrGF5o', 'entId': None, 'entInfoSyss_0_deployAddrCounty': None, 'orgAddrProvinceDesc': '北京市', 'orgCrtCode': 'aVbIpAcxHSemJqdBnZgBV3VMRaXrGF5o', 'orgCategorySpecificDesc': '农、林、牧、渔业-农业', 'entInfoSyss_2_deployAddr': None, 'contactPhone': '13193230070', 'legalCrtFrontImgRid': 2325, 'entInfoSyss_3_deployAddrProvince': None, 'entInfoSyss_1_deployAddr': None, 'legalCrtTypeDesc': '中国居民身份证', 'applyId': 1199, 'entInfoSyss_1_sysType': None, 'imgId': 2324, 'entInfoSyss_3_deployAddrCounty': None, 'orgCrtImgRid': 2324, 'entInfoSyss_2_id': None, 'entInfoSyss_3_id': None, 'orgAddr': '致真', 'entInfoSyss_2_deployAddrCity': None, 'contactCrtNo': '437797198302095433', 'entInfoSyss_2_deployMode': None, 'orgNatureDesc': '国有控股', 'legalEmail': None, 'legalName': '张三', 'entInfoSyss_3_deployMode': None, 'entInfoSyss_3_deployAddrCity': None, 'prefix': '88.408.792262964', 'entInfoSyss_0_sysType': None, 'entInfoSyss_2_entApplyId': None, 'industryCategory': 'A', 'userId': 1418, 'entInfoSyss_1_deployAddrCity': None, 'imgId_b': 2326, 'orgAddrCounty': '110101', 'createDate': '2023-06-15 17:40:20', 'contactCrtType': 1, 'entInfoSyss_1_deployMode': None}
2023-06-15 17:40:20.366 | INFO     | httprunner.runner:__run_step:304 - run step end: 企业注册查询注册信息 <<<<<<

2023-06-15 17:40:20.367 | INFO     | httprunner.runner:__run_step:292 - run step begin: 企业注册第二步提交信息 >>>>>>
2023-06-15 17:40:20.367 | INFO     | httprunner.runner:__run_step:292 - run step begin: 企业注册第二步提交信息 >>>>>>
2023-06-15 17:40:20.547 | DEBUG    | httprunner.client:request:186 - client IP: 127.0.0.1, Port: 61285
2023-06-15 17:40:20.547 | DEBUG    | httprunner.client:request:194 - server IP: 127.0.0.1, Port: 8888
2023-06-15 17:40:20.549 | DEBUG    | httprunner.client:log_print:40 - 
================== request details ==================
method   : POST
url      : http://139.198.116.76:8000/api/v3/entApply/registerManageInfo
headers  : {
    "User-Agent": "Mozilla/5.0 (Macintosh; Intel Mac OS X 10_15_7) AppleWebKit/537.36 (KHTML, like Gecko) Chrome/105.0.0.0 Safari/537.36",
    "Accept-Encoding": "gzip, deflate",
    "Accept": "application/json, text/plain, */*",
    "Connection": "keep-alive",
    "Accept-Language": "zh-CN,zh;q=0.9",
    "Content-Type": "application/json;charset=UTF-8",
    "X-HTTP-Method-Override": "put",
    "HRUN-Request-ID": "HRUN-22784ec2-8930-479c-8aed-d42b373781fd-020367",
    "Cookie": "SESSION=NDIwNjhmNzktY2EwOC00NWQ3LWI5ODktYjFlNDA4NGFlNTEz; SESSION=response.headers.\"Set-Cookie\".session",
    "Content-Length": "3279"
}
cookies  : {
    "SESSION": "NDIwNjhmNzktY2EwOC00NWQ3LWI5ODktYjFlNDA4NGFlNTEz"
}
body     : {
    "applyStep": 3,
    "applyType": null,
    "cltrid": null,
    "contactCrtBackImgPath": null,
    "contactCrtBackImgRid": 2326,
    "contactCrtFrontImgPath": null,
    "contactCrtFrontImgRid": 2325,
    "contactCrtNo": "437797198302095433",
    "contactCrtType": 1,
    "contactEmail": "x8rjNbbUOXcnsFcc@qaqseq.com",
    "contactName": "aVbIpAcxHSemJqdBnZgBV3VMRaXrGF5o",
    "contactPhone": "13193230070",
    "createDate": "2023-06-15 17:40:20",
    "dataHostingContractFilePath": null,
    "dataHostingContractFileRid": null,
    "dataHostingOrg": null,
    "entGeneralId": null,
    "entInfoLicenses": [],
    "entInfoSerIndustrys": [],
    "entInfoSyss": [
        {
            "deployAddr": "致真",
            "deployAddrCity": "110100",
            "deployAddrCounty": "110101",
            "deployAddrProvince": "110000",
            "deployMode": 1,
            "ipPort": null,
            "name": null,
            "sysType": 1
        },
        {
            "deployAddr": "致真",
            "deployAddrCity": "110100",
            "deployAddrCounty": "110101",
            "deployAddrProvince": "110000",
            "deployMode": 1,
            "ipPort": null,
            "name": null,
            "sysType": 2
        },
        {
            "deployAddr": "天津",
            "deployAddrCity": "120100",
            "deployAddrCounty": "120101",
            "deployAddrProvince": "120000",
            "deployMode": 1,
            "ipPort": null,
            "name": null,
            "sysType": 3
        },
        {
            "deployAddr": "天津",
            "deployAddrCity": "120100",
            "deployAddrCounty": "120101",
            "deployAddrProvince": "120000",
            "deployMode": 1,
            "ipPort": null,
            "name": null,
            "sysType": 4
        }
    ],
    "entPrefix": "88.408.792262964",
    "escrowId": null,
    "escrowOrgName": null,
    "establishDate": null,
    "extDomain": null,
    "extIpAddr": null,
    "extWebName": null,
    "finalAuditMsg": null,
    "finalAuditStatus": null,
    "firstAuditMsg": null,
    "firstAuditStatus": null,
    "id": 1199,
    "idRegNaImp": null,
    "industryCategory": "A",
    "industrySpecific": "01",
    "isSubmit": 0,
    "legalCrtBackImgContent": null,
    "legalCrtBackImgPath": null,
    "legalCrtBackImgRid": 2326,
    "legalCrtFrontImgContent": null,
    "legalCrtFrontImgPath": null,
    "legalCrtFrontImgRid": 2325,
    "legalCrtNo": "437797198302095433",
    "legalCrtType": "1",
    "legalCrtTypeDesc": "中国居民身份证",
    "legalEmail": null,
    "legalFax": null,
    "legalName": "张三",
    "legalPhone": null,
    "orgAddr": "致真",
    "orgAddrCity": "110100",
    "orgAddrCityDesc": "市辖区",
    "orgAddrCounty": "110101",
    "orgAddrCountyDesc": "东城区",
    "orgAddrProvince": "110000",
    "orgAddrProvinceDesc": "北京市",
    "orgCategorySpecificDesc": "农、林、牧、渔业-农业",
    "orgCrtCode": "aVbIpAcxHSemJqdBnZgBV3VMRaXrGF5o",
    "orgCrtImgContent": null,
    "orgCrtImgPath": null,
    "orgCrtImgRid": 2324,
    "orgCrtType": "1",
    "orgDesc": null,
    "orgName": "aVbIpAcxHSemJqdBnZgBV3VMRaXrGF5o",
    "orgNature": "1",
    "orgNatureDesc": "1",
    "periodValidity": null,
    "regAuthority": null,
    "regCapital": null,
    "regRealNaImpName": null,
    "regRealNaImpType": null,
    "servHostingContractFilePath": null,
    "servHostingContractFileRid": null,
    "servHostingOrg": null,
    "servSysBuildContractFilePath": null,
    "servSysBuildContractFileRid": null,
    "servSysBuildName": null,
    "servSysBuildType": 1,
    "servSysOperContractFilePath": null,
    "servSysOperContractFileRid": null,
    "servSysOperName": null,
    "servSysOperType": 1,
    "svtrid": null,
    "thirdServiceMsg": null,
    "thirdServiceStatus": null,
    "updateDate": "2023-06-15 17:40:20",
    "userId": 1418,
    "userName": "aVbIpAcxHSemJqdBnZgBV3VMRaXrGF5o",
    "website": null
}

2023-06-15 17:40:20.551 | DEBUG    | httprunner.client:log_print:40 - 
================== response details ==================
status_code : 200
headers  : {
    "Server": "nginx",
    "Date": "Thu, 15 Jun 2023 09:40:20 GMT",
    "Content-Type": "application/json;charset=UTF-8",
    "Transfer-Encoding": "chunked",
    "X-Frame-Options": "SAMEORIGIN",
    "Connection": "keep-alive"
}
cookies  : {}
encoding : UTF-8
content_type : application/json;charset=UTF-8
body     : {
    "message": "success",
    "status": 1,
    "data": true
}

2023-06-15 17:40:20.551 | INFO     | httprunner.client:request:217 - status_code: 200, response_time(ms): 179.24 ms, response_length: 0 bytes
2023-06-15 17:40:20.552 | INFO     | httprunner.response:validate:249 - assert status_code equal 200(int)	==> pass
2023-06-15 17:40:20.552 | INFO     | httprunner.response:validate:249 - assert body.message equal success(str)	==> pass
2023-06-15 17:40:20.552 | INFO     | httprunner.runner:__run_step:304 - run step end: 企业注册第二步提交信息 <<<<<<

2023-06-15 17:40:20.552 | INFO     | httprunner.runner:__run_step:304 - run step end: 企业注册第二步提交信息 <<<<<<

2023-06-15 17:40:20.552 | INFO     | httprunner.runner:__run_step:292 - run step begin: 企业注册查询注册信息 >>>>>>
2023-06-15 17:40:20.553 | INFO     | httprunner.runner:__run_step:292 - run step begin: 企业注册查询注册信息 >>>>>>
2023-06-15 17:40:20.654 | DEBUG    | httprunner.client:request:186 - client IP: 127.0.0.1, Port: 61285
2023-06-15 17:40:20.654 | DEBUG    | httprunner.client:request:194 - server IP: 127.0.0.1, Port: 8888
2023-06-15 17:40:20.655 | DEBUG    | httprunner.client:log_print:40 - 
================== request details ==================
method   : GET
url      : http://139.198.116.76:8000/api/v3/entApply/applyOrNot
headers  : {
    "User-Agent": "Mozilla/5.0 (Macintosh; Intel Mac OS X 10_15_7) AppleWebKit/537.36 (KHTML, like Gecko) Chrome/105.0.0.0 Safari/537.36",
    "Accept-Encoding": "gzip, deflate",
    "Accept": "application/json, text/plain, */*",
    "Connection": "keep-alive",
    "Accept-Language": "zh-CN,zh;q=0.9",
    "HRUN-Request-ID": "HRUN-22784ec2-8930-479c-8aed-d42b373781fd-020553",
    "Cookie": "SESSION=NDIwNjhmNzktY2EwOC00NWQ3LWI5ODktYjFlNDA4NGFlNTEz; SESSION=response.headers.\"Set-Cookie\".session"
}
cookies  : {
    "SESSION": "NDIwNjhmNzktY2EwOC00NWQ3LWI5ODktYjFlNDA4NGFlNTEz"
}
body     : None

2023-06-15 17:40:20.657 | DEBUG    | httprunner.client:log_print:40 - 
================== response details ==================
status_code : 200
headers  : {
    "Server": "nginx",
    "Date": "Thu, 15 Jun 2023 09:40:20 GMT",
    "Content-Type": "application/json;charset=UTF-8",
    "Transfer-Encoding": "chunked",
    "X-Frame-Options": "SAMEORIGIN",
    "Connection": "keep-alive"
}
cookies  : {}
encoding : UTF-8
content_type : application/json;charset=UTF-8
body     : {
    "message": "success",
    "status": 1,
    "data": {
        "nbmsEntApplyPO": {
            "id": 1199,
            "createDate": "2023-06-15 17:40:20",
            "updateDate": "2023-06-15 17:40:21",
            "applyType": null,
            "entGeneralId": null,
            "applyStep": 3,
            "isSubmit": 0,
            "entPrefix": "88.408.792262964",
            "firstAuditStatus": null,
            "firstAuditMsg": null,
            "thirdServiceStatus": null,
            "thirdServiceMsg": null,
            "userName": "aVbIpAcxHSemJqdBnZgBV3VMRaXrGF5o",
            "finalAuditStatus": null,
            "finalAuditMsg": null,
            "svtrid": null,
            "cltrid": null,
            "userId": 1418,
            "orgName": "aVbIpAcxHSemJqdBnZgBV3VMRaXrGF5o",
            "orgNature": "1",
            "orgAddrProvince": "110000",
            "orgAddrCity": "110100",
            "orgAddrCounty": "110101",
            "orgAddr": "致真",
            "orgCrtType": "1",
            "orgCrtCode": "aVbIpAcxHSemJqdBnZgBV3VMRaXrGF5o",
            "legalName": "张三",
            "legalCrtType": "1",
            "legalCrtNo": "437797198302095433",
            "orgDesc": null,
            "industryCategory": "A",
            "industrySpecific": "01",
            "contactName": "aVbIpAcxHSemJqdBnZgBV3VMRaXrGF5o",
            "contactPhone": "13193230070",
            "contactCrtType": 1,
            "contactCrtNo": "437797198302095433",
            "contactEmail": "x8rjNbbUOXcnsFcc@qaqseq.com",
            "website": null,
            "regAuthority": null,
            "regCapital": null,
            "establishDate": null,
            "periodValidity": null,
            "legalEmail": null,
            "legalPhone": null,
            "legalFax": null,
            "servSysBuildType": 1,
            "servSysBuildName": null,
            "servSysOperType": 1,
            "servSysOperName": null,
            "dataHostingOrg": null,
            "servHostingOrg": null,
            "regRealNaImpType": null,
            "regRealNaImpName": null,
            "idRegNaImp": null,
            "extWebName": null,
            "extDomain": null,
            "extIpAddr": null,
            "orgCrtImgRid": 2324,
            "contactCrtFrontImgRid": 2325,
            "contactCrtBackImgRid": 2326,
            "legalCrtFrontImgRid": 2325,
            "legalCrtBackImgRid": 2326,
            "servSysBuildContractFileRid": null,
            "servSysOperContractFileRid": null,
            "dataHostingContractFileRid": null,
            "servHostingContractFileRid": null,
            "entInfoLicenses": [],
            "entInfoSyss": [
                {
                    "id": 2541,
                    "entApplyId": 1199,
                    "sysType": 1,
                    "deployMode": 1,
                    "deployAddr": "致真",
                    "deployAddrProvince": "110000",
                    "deployAddrCity": "110100",
                    "deployAddrCounty": "110101",
                    "name": null,
                    "ipPort": null
                },
                {
                    "id": 2542,
                    "entApplyId": 1199,
                    "sysType": 2,
                    "deployMode": 1,
                    "deployAddr": "致真",
                    "deployAddrProvince": "110000",
                    "deployAddrCity": "110100",
                    "deployAddrCounty": "110101",
                    "name": null,
                    "ipPort": null
                },
                {
                    "id": 2543,
                    "entApplyId": 1199,
                    "sysType": 3,
                    "deployMode": 1,
                    "deployAddr": "天津",
                    "deployAddrProvince": "120000",
                    "deployAddrCity": "120100",
                    "deployAddrCounty": "120101",
                    "name": null,
                    "ipPort": null
                },
                {
                    "id": 2544,
                    "entApplyId": 1199,
                    "sysType": 4,
                    "deployMode": 1,
                    "deployAddr": "天津",
                    "deployAddrProvince": "120000",
                    "deployAddrCity": "120100",
                    "deployAddrCounty": "120101",
                    "name": null,
                    "ipPort": null
                }
            ],
            "entInfoSerIndustrys": [],
            "escrowId": null,
            "industryQualificationRid": null,
            "certificationRid": null,
            "openingBank": null,
            "bankCard": null,
            "verificationName": null,
            "orgNatureDesc": "国有控股",
            "orgCrtImgContent": null,
            "orgCategorySpecificDesc": "农、林、牧、渔业-农业",
            "orgAddrProvinceDesc": "北京市",
            "orgAddrCountyDesc": "东城区",
            "orgAddrCityDesc": "市辖区",
            "legalCrtTypeDesc": "中国居民身份证",
            "legalCrtFrontImgContent": null,
            "legalCrtBackImgContent": null,
            "orgCrtImgPath": "377ce95a-18ea-4b17-8a0e-567d3ffe70a7.jpeg",
            "contactCrtFrontImgPath": "7898be01-bd0a-4429-bd32-cd02f6121741.jpeg",
            "contactCrtBackImgPath": "ad5691df-d3e9-4c3c-87f0-ae6b4d0202c5.jpeg",
            "legalCrtFrontImgPath": "7898be01-bd0a-4429-bd32-cd02f6121741.jpeg",
            "legalCrtBackImgPath": "ad5691df-d3e9-4c3c-87f0-ae6b4d0202c5.jpeg",
            "servSysBuildContractFilePath": null,
            "servSysOperContractFilePath": null,
            "dataHostingContractFilePath": null,
            "servHostingContractFilePath": null,
            "industryQualificationFilePath": null,
            "certificationFilePath": null,
            "escrowOrgName": null
        },
        "nbmsEntPO": null,
        "nbmsEntPrefixApplyPO": null,
        "needRelog": null,
        "applyStatus": 0
    }
}

2023-06-15 17:40:20.657 | INFO     | httprunner.client:request:217 - status_code: 200, response_time(ms): 101.03 ms, response_length: 0 bytes
2023-06-15 17:40:20.658 | INFO     | httprunner.response:extract:179 - extract mapping: {'applyId': 1199, 'userId': 1418, 'userName': 'aVbIpAcxHSemJqdBnZgBV3VMRaXrGF5o', 'imgId_f': 2325, 'imgId_b': 2326, 'entId': None, 'entUserId': None, 'prefix': '88.408.792262964', 'contactCrtNo': '437797198302095433', 'contactCrtType': 1, 'contactEmail': 'x8rjNbbUOXcnsFcc@qaqseq.com', 'contactName': 'aVbIpAcxHSemJqdBnZgBV3VMRaXrGF5o', 'contactPhone': '13193230070', 'industryCategory': 'A', 'industrySpecific': '01', 'orgName': 'aVbIpAcxHSemJqdBnZgBV3VMRaXrGF5o', 'orgNature': '1', 'orgAddrProvince': '110000', 'orgAddrCity': '110100', 'orgAddrCounty': '110101', 'orgAddr': '致真', 'orgCrtType': '1', 'orgCrtCode': 'aVbIpAcxHSemJqdBnZgBV3VMRaXrGF5o', 'legalName': '张三', 'legalEmail': None, 'legalPhone': None, 'legalCrtType': '1', 'legalCrtNo': '437797198302095433', 'legalCrtFrontImgRid': 2325, 'legalCrtBackImgRid': 2326, 'orgCrtImgRid': 2324, 'imgId': 2324, 'orgNatureDesc': '国有控股', 'orgCategorySpecificDesc': '农、林、牧、渔业-农业', 'orgAddrProvinceDesc': '北京市', 'orgAddrCountyDesc': '东城区', 'orgAddrCityDesc': '市辖区', 'legalCrtTypeDesc': '中国居民身份证', 'createDate': '2023-06-15 17:40:20', 'updateDate': '2023-06-15 17:40:21', 'entInfoSyss_0_id': 2541, 'entInfoSyss_0_entApplyId': 1199, 'entApplyId': 1199, 'entInfoSyss_0_sysType': 1, 'entInfoSyss_0_deployMode': 1, 'entInfoSyss_0_deployAddr': '致真', 'entInfoSyss_0_deployAddrProvince': '110000', 'entInfoSyss_0_deployAddrCity': '110100', 'entInfoSyss_0_deployAddrCounty': '110101', 'entInfoSyss_1_id': 2542, 'entInfoSyss_1_entApplyId': 1199, 'entInfoSyss_1_sysType': 2, 'entInfoSyss_1_deployMode': 1, 'entInfoSyss_1_deployAddr': '致真', 'entInfoSyss_1_deployAddrProvince': '110000', 'entInfoSyss_1_deployAddrCity': '110100', 'entInfoSyss_1_deployAddrCounty': '110101', 'entInfoSyss_2_id': 2543, 'entInfoSyss_2_entApplyId': 1199, 'entInfoSyss_2_sysType': 3, 'entInfoSyss_2_deployMode': 1, 'entInfoSyss_2_deployAddr': '天津', 'entInfoSyss_2_deployAddrProvince': '120000', 'entInfoSyss_2_deployAddrCity': '120100', 'entInfoSyss_2_deployAddrCounty': '120101', 'entInfoSyss_3_id': 2544, 'entInfoSyss_3_entApplyId': 1199, 'entInfoSyss_3_sysType': 4, 'entInfoSyss_3_deployMode': 1, 'entInfoSyss_3_deployAddr': '天津', 'entInfoSyss_3_deployAddrProvince': '120000', 'entInfoSyss_3_deployAddrCity': '120100', 'entInfoSyss_3_deployAddrCounty': '120101'}
2023-06-15 17:40:20.659 | INFO     | httprunner.response:validate:249 - assert status_code equal 200(int)	==> pass
2023-06-15 17:40:20.659 | INFO     | httprunner.response:validate:249 - assert body.message equal success(str)	==> pass
2023-06-15 17:40:20.659 | INFO     | httprunner.runner:__run_step:304 - run step end: 企业注册查询注册信息 <<<<<<

2023-06-15 17:40:20.659 | INFO     | httprunner.runner:__run_step_testcase:286 - export variables: {'orgAddrCityDesc': '市辖区', 'entInfoSyss_0_deployAddr': '致真', 'legalCrtBackImgRid': 2326, 'entInfoSyss_0_deployMode': 1, 'entInfoSyss_0_deployAddrProvince': '110000', 'industrySpecific': '01', 'entApplyId': 1199, 'contactEmail': 'x8rjNbbUOXcnsFcc@qaqseq.com', 'entInfoSyss_3_sysType': 4, 'imgId_f': 2325, 'entInfoSyss_2_sysType': 3, 'entInfoSyss_3_deployAddr': '天津', 'orgCrtType': '1', 'entInfoSyss_0_deployAddrCity': '110100', 'entInfoSyss_0_id': 2541, 'orgAddrCountyDesc': '东城区', 'entInfoSyss_1_entApplyId': 1199, 'entUserId': None, 'orgAddrCity': '110100', 'entInfoSyss_1_deployAddrCounty': '110101', 'legalCrtNo': '437797198302095433', 'contactName': 'aVbIpAcxHSemJqdBnZgBV3VMRaXrGF5o', 'orgNature': '1', 'entInfoSyss_1_id': 2542, 'updateDate': '2023-06-15 17:40:21', 'entInfoSyss_1_deployAddrProvince': '110000', 'userName': 'aVbIpAcxHSemJqdBnZgBV3VMRaXrGF5o', 'legalCrtType': '1', 'entInfoSyss_3_entApplyId': 1199, 'entInfoSyss_2_deployAddrCounty': '120101', 'orgAddrProvince': '110000', 'legalPhone': None, 'entInfoSyss_0_entApplyId': 1199, 'entInfoSyss_2_deployAddrProvince': '120000', 'orgName': 'aVbIpAcxHSemJqdBnZgBV3VMRaXrGF5o', 'entId': None, 'entInfoSyss_0_deployAddrCounty': '110101', 'orgAddrProvinceDesc': '北京市', 'orgCrtCode': 'aVbIpAcxHSemJqdBnZgBV3VMRaXrGF5o', 'orgCategorySpecificDesc': '农、林、牧、渔业-农业', 'entInfoSyss_2_deployAddr': '天津', 'contactPhone': '13193230070', 'legalCrtFrontImgRid': 2325, 'entInfoSyss_3_deployAddrProvince': '120000', 'entInfoSyss_1_deployAddr': '致真', 'legalCrtTypeDesc': '中国居民身份证', 'applyId': 1199, 'entInfoSyss_1_sysType': 2, 'imgId': 2324, 'entInfoSyss_3_deployAddrCounty': '120101', 'orgCrtImgRid': 2324, 'entInfoSyss_2_id': 2543, 'entInfoSyss_3_id': 2544, 'orgAddr': '致真', 'entInfoSyss_2_deployAddrCity': '120100', 'contactCrtNo': '437797198302095433', 'entInfoSyss_2_deployMode': 1, 'orgNatureDesc': '国有控股', 'legalEmail': None, 'legalName': '张三', 'entInfoSyss_3_deployMode': 1, 'entInfoSyss_3_deployAddrCity': '120100', 'prefix': '88.408.792262964', 'entInfoSyss_0_sysType': 1, 'entInfoSyss_2_entApplyId': 1199, 'industryCategory': 'A', 'userId': 1418, 'entInfoSyss_1_deployAddrCity': '110100', 'imgId_b': 2326, 'orgAddrCounty': '110101', 'createDate': '2023-06-15 17:40:20', 'contactCrtType': 1, 'entInfoSyss_1_deployMode': 1}
2023-06-15 17:40:20.659 | INFO     | httprunner.runner:__run_step:304 - run step end: 企业注册查询注册信息 <<<<<<

2023-06-15 17:40:20.659 | INFO     | httprunner.runner:__run_step:292 - run step begin: 企业注册最终第三步提交信息 >>>>>>
2023-06-15 17:40:20.659 | INFO     | httprunner.runner:__run_step:292 - run step begin: 企业注册最终第三步提交信息 >>>>>>
2023-06-15 17:40:20.962 | DEBUG    | httprunner.client:request:186 - client IP: 127.0.0.1, Port: 61285
2023-06-15 17:40:20.963 | DEBUG    | httprunner.client:request:194 - server IP: 127.0.0.1, Port: 8888
2023-06-15 17:40:20.965 | DEBUG    | httprunner.client:log_print:40 - 
================== request details ==================
method   : POST
url      : http://139.198.116.76:8000/api/v3/entApply/apply
headers  : {
    "User-Agent": "Mozilla/5.0 (Macintosh; Intel Mac OS X 10_15_7) AppleWebKit/537.36 (KHTML, like Gecko) Chrome/105.0.0.0 Safari/537.36",
    "Accept-Encoding": "gzip, deflate",
    "Accept": "application/json, text/plain, */*",
    "Connection": "keep-alive",
    "Accept-Language": "zh-CN,zh;q=0.9",
    "Content-Type": "application/json;charset=UTF-8",
    "HRUN-Request-ID": "HRUN-22784ec2-8930-479c-8aed-d42b373781fd-020660",
    "Cookie": "SESSION=NDIwNjhmNzktY2EwOC00NWQ3LWI5ODktYjFlNDA4NGFlNTEz; SESSION=response.headers.\"Set-Cookie\".session",
    "Content-Length": "3279"
}
cookies  : {
    "SESSION": "NDIwNjhmNzktY2EwOC00NWQ3LWI5ODktYjFlNDA4NGFlNTEz"
}
body     : {
    "applyStep": 4,
    "applyType": null,
    "cltrid": null,
    "contactCrtBackImgPath": null,
    "contactCrtBackImgRid": 2326,
    "contactCrtFrontImgPath": null,
    "contactCrtFrontImgRid": 2325,
    "contactCrtNo": "437797198302095433",
    "contactCrtType": 1,
    "contactEmail": "x8rjNbbUOXcnsFcc@qaqseq.com",
    "contactName": "aVbIpAcxHSemJqdBnZgBV3VMRaXrGF5o",
    "contactPhone": "13193230070",
    "createDate": "2023-06-15 17:40:20",
    "dataHostingContractFilePath": null,
    "dataHostingContractFileRid": null,
    "dataHostingOrg": null,
    "entGeneralId": null,
    "entInfoLicenses": [],
    "entInfoSerIndustrys": [],
    "entInfoSyss": [
        {
            "deployAddr": "致真",
            "deployAddrCity": "110100",
            "deployAddrCounty": "110101",
            "deployAddrProvince": "110000",
            "deployMode": 1,
            "ipPort": null,
            "name": null,
            "sysType": 2
        },
        {
            "deployAddr": "致真",
            "deployAddrCity": "110100",
            "deployAddrCounty": "110101",
            "deployAddrProvince": "110000",
            "deployMode": 1,
            "ipPort": null,
            "name": null,
            "sysType": 3
        },
        {
            "deployAddr": "天津",
            "deployAddrCity": "120100",
            "deployAddrCounty": "120101",
            "deployAddrProvince": "120000",
            "deployMode": 1,
            "ipPort": null,
            "name": null,
            "sysType": 4
        },
        {
            "deployAddr": "天津",
            "deployAddrCity": "120100",
            "deployAddrCounty": "120101",
            "deployAddrProvince": "120000",
            "deployMode": 1,
            "ipPort": null,
            "name": null,
            "sysType": 4
        }
    ],
    "entPrefix": "88.408.792262964",
    "escrowId": null,
    "escrowOrgName": null,
    "establishDate": null,
    "extDomain": null,
    "extIpAddr": null,
    "extWebName": null,
    "finalAuditMsg": null,
    "finalAuditStatus": null,
    "firstAuditMsg": null,
    "firstAuditStatus": null,
    "id": 1199,
    "idRegNaImp": null,
    "industryCategory": "A",
    "industrySpecific": "01",
    "isSubmit": 0,
    "legalCrtBackImgContent": null,
    "legalCrtBackImgPath": null,
    "legalCrtBackImgRid": 2326,
    "legalCrtFrontImgContent": null,
    "legalCrtFrontImgPath": null,
    "legalCrtFrontImgRid": 2325,
    "legalCrtNo": "437797198302095433",
    "legalCrtType": "1",
    "legalCrtTypeDesc": "中国居民身份证",
    "legalEmail": null,
    "legalFax": null,
    "legalName": "张三",
    "legalPhone": null,
    "orgAddr": "致真",
    "orgAddrCity": "110100",
    "orgAddrCityDesc": "市辖区",
    "orgAddrCounty": "110101",
    "orgAddrCountyDesc": "东城区",
    "orgAddrProvince": "110000",
    "orgAddrProvinceDesc": "北京市",
    "orgCategorySpecificDesc": "农、林、牧、渔业-农业",
    "orgCrtCode": "aVbIpAcxHSemJqdBnZgBV3VMRaXrGF5o",
    "orgCrtImgContent": null,
    "orgCrtImgPath": null,
    "orgCrtImgRid": 2324,
    "orgCrtType": "1",
    "orgDesc": null,
    "orgName": "aVbIpAcxHSemJqdBnZgBV3VMRaXrGF5o",
    "orgNature": "1",
    "orgNatureDesc": "1",
    "periodValidity": null,
    "regAuthority": null,
    "regCapital": null,
    "regRealNaImpName": null,
    "regRealNaImpType": null,
    "servHostingContractFilePath": null,
    "servHostingContractFileRid": null,
    "servHostingOrg": null,
    "servSysBuildContractFilePath": null,
    "servSysBuildContractFileRid": null,
    "servSysBuildName": null,
    "servSysBuildType": 1,
    "servSysOperContractFilePath": null,
    "servSysOperContractFileRid": null,
    "servSysOperName": null,
    "servSysOperType": 1,
    "svtrid": null,
    "thirdServiceMsg": null,
    "thirdServiceStatus": null,
    "updateDate": "2023-06-15 17:40:21",
    "userId": 1418,
    "userName": "aVbIpAcxHSemJqdBnZgBV3VMRaXrGF5o",
    "website": null
}

2023-06-15 17:40:20.966 | DEBUG    | httprunner.client:log_print:40 - 
================== response details ==================
status_code : 200
headers  : {
    "Server": "nginx",
    "Date": "Thu, 15 Jun 2023 09:40:21 GMT",
    "Content-Type": "application/json;charset=UTF-8",
    "Transfer-Encoding": "chunked",
    "X-Frame-Options": "SAMEORIGIN",
    "Connection": "keep-alive"
}
cookies  : {}
encoding : UTF-8
content_type : application/json;charset=UTF-8
body     : {
    "message": "success",
    "status": 1,
    "data": true
}

2023-06-15 17:40:20.966 | INFO     | httprunner.client:request:217 - status_code: 200, response_time(ms): 302.51 ms, response_length: 0 bytes
2023-06-15 17:40:20.967 | INFO     | httprunner.response:validate:249 - assert status_code equal 200(int)	==> pass
2023-06-15 17:40:20.967 | INFO     | httprunner.response:validate:249 - assert body.message equal success(str)	==> pass
2023-06-15 17:40:20.967 | INFO     | httprunner.runner:__run_step:304 - run step end: 企业注册最终第三步提交信息 <<<<<<

2023-06-15 17:40:20.967 | INFO     | httprunner.runner:__run_step:304 - run step end: 企业注册最终第三步提交信息 <<<<<<

2023-06-15 17:40:20.967 | INFO     | httprunner.runner:__run_step:292 - run step begin: 登录-管理员 >>>>>>
2023-06-15 17:40:20.968 | INFO     | httprunner.runner:__run_step:292 - run step begin: 登录-企业用户 >>>>>>
2023-06-15 17:40:21.191 | DEBUG    | httprunner.client:request:186 - client IP: 127.0.0.1, Port: 61285
2023-06-15 17:40:21.192 | DEBUG    | httprunner.client:request:194 - server IP: 127.0.0.1, Port: 8888
2023-06-15 17:40:21.193 | DEBUG    | httprunner.client:log_print:40 - 
================== request details ==================
method   : POST
url      : http://139.198.116.76:8000/api/home/test/login
headers  : {
    "User-Agent": "python-requests/2.28.1",
    "Accept-Encoding": "gzip, deflate, br",
    "Accept": "*/*",
    "Connection": "keep-alive",
    "Content-Length": "144",
    "Content-Type": "application/json",
    "HRUN-Request-ID": "HRUN-22784ec2-8930-479c-8aed-d42b373781fd-020968",
    "Cookie": "SESSION=NDIwNjhmNzktY2EwOC00NWQ3LWI5ODktYjFlNDA4NGFlNTEz"
}
cookies  : {
    "SESSION": "NDIwNjhmNzktY2EwOC00NWQ3LWI5ODktYjFlNDA4NGFlNTEz"
}
body     : {
    "captcha": "0000",
    "captchaSign": "5d39bab12bba81ab59b3931d2ca06ee9603c3803355932be66974f122cab3502",
    "emailCaptcha": "",
    "username": "adminy"
}

2023-06-15 17:40:21.193 | DEBUG    | httprunner.client:log_print:40 - 
================== response details ==================
status_code : 200
headers  : {
    "Server": "nginx",
    "Date": "Thu, 15 Jun 2023 09:40:21 GMT",
    "Content-Type": "application/json;charset=UTF-8",
    "Transfer-Encoding": "chunked",
    "Set-Cookie": "SESSION=OWM3ZWFlM2ItMzUzYS00NWQ5LTk1ZGMtN2I1MWU4ZDkzYjEx; Path=/; HttpOnly; SameSite=Lax",
    "X-Frame-Options": "SAMEORIGIN",
    "Connection": "keep-alive"
}
cookies  : {
    "SESSION": "OWM3ZWFlM2ItMzUzYS00NWQ5LTk1ZGMtN2I1MWU4ZDkzYjEx"
}
encoding : UTF-8
content_type : application/json;charset=UTF-8
body     : {
    "message": "success",
    "status": 1,
    "data": true
}

2023-06-15 17:40:21.194 | INFO     | httprunner.client:request:217 - status_code: 200, response_time(ms): 223.32 ms, response_length: 0 bytes
2023-06-15 17:40:21.194 | INFO     | httprunner.response:extract:179 - extract mapping: {'adminSession': 'response.headers."Set-Cookie".session'}
2023-06-15 17:40:21.194 | INFO     | httprunner.response:validate:249 - assert status_code equal 200(int)	==> pass
2023-06-15 17:40:21.194 | INFO     | httprunner.response:validate:249 - assert headers."Content-Type" equal application/json;charset=UTF-8(str)	==> pass
2023-06-15 17:40:21.195 | INFO     | httprunner.response:validate:249 - assert body.message equal success(str)	==> pass
2023-06-15 17:40:21.195 | INFO     | httprunner.response:validate:249 - assert body.status equal 1(int)	==> pass
2023-06-15 17:40:21.195 | INFO     | httprunner.response:validate:249 - assert body.data equal True(bool)	==> pass
2023-06-15 17:40:21.196 | INFO     | httprunner.runner:__run_step:304 - run step end: 登录-企业用户 <<<<<<

2023-06-15 17:40:21.196 | INFO     | httprunner.runner:__run_step_testcase:286 - export variables: {'adminSession': 'response.headers."Set-Cookie".session'}
2023-06-15 17:40:21.196 | INFO     | httprunner.runner:__run_step:304 - run step end: 登录-管理员 <<<<<<

2023-06-15 17:40:21.196 | INFO     | httprunner.runner:__run_step:292 - run step begin: 年费费用查询 >>>>>>
2023-06-15 17:40:21.196 | INFO     | httprunner.runner:__run_step:292 - run step begin: 财务规则查询-年费 >>>>>>
2023-06-15 17:40:21.291 | DEBUG    | httprunner.client:request:186 - client IP: 127.0.0.1, Port: 61285
2023-06-15 17:40:21.292 | DEBUG    | httprunner.client:request:194 - server IP: 127.0.0.1, Port: 8888
2023-06-15 17:40:21.292 | DEBUG    | httprunner.client:log_print:40 - 
================== request details ==================
method   : GET
url      : http://139.198.116.76:8000/api/finance/rule/findRule?cache=1663837640684&moneyType=2&userId=1418
headers  : {
    "User-Agent": "Mozilla/5.0 (Macintosh; Intel Mac OS X 10_15_7) AppleWebKit/537.36 (KHTML, like Gecko) Chrome/98.0.4758.102 Safari/537.36 Edg/98.0.1108.56",
    "Accept-Encoding": "gzip, deflate",
    "Accept": "application/json, text/plain, */*",
    "Connection": "keep-alive",
    "Accept-Language": "zh-CN,zh;q=0.9,en;q=0.8,en-GB;q=0.7,en-US;q=0.6",
    "HRUN-Request-ID": "HRUN-22784ec2-8930-479c-8aed-d42b373781fd-021197",
    "Cookie": "SESSION=OWM3ZWFlM2ItMzUzYS00NWQ5LTk1ZGMtN2I1MWU4ZDkzYjEx; SESSION=response.headers.\"Set-Cookie\".session"
}
cookies  : {
    "SESSION": "OWM3ZWFlM2ItMzUzYS00NWQ5LTk1ZGMtN2I1MWU4ZDkzYjEx"
}
body     : None

2023-06-15 17:40:21.295 | DEBUG    | httprunner.client:log_print:40 - 
================== response details ==================
status_code : 200
headers  : {
    "Server": "nginx",
    "Date": "Thu, 15 Jun 2023 09:40:21 GMT",
    "Content-Type": "application/json;charset=UTF-8",
    "Transfer-Encoding": "chunked",
    "X-Frame-Options": "SAMEORIGIN",
    "Connection": "keep-alive"
}
cookies  : {}
encoding : UTF-8
content_type : application/json;charset=UTF-8
body     : {
    "message": "success",
    "status": 1,
    "data": [
        {
            "id": 78,
            "createDate": "2023-05-31 12:51:47",
            "updateDate": "2023-05-31 12:51:47",
            "name": "标准",
            "money": 10000.0,
            "moneyType": 2,
            "prefixCount": 1,
            "remart": "test",
            "entName": null,
            "entUserId": null,
            "ruleType": 2,
            "escrowId": null
        }
    ]
}

2023-06-15 17:40:21.296 | INFO     | httprunner.client:request:217 - status_code: 200, response_time(ms): 94.31 ms, response_length: 0 bytes
2023-06-15 17:40:21.297 | INFO     | httprunner.response:extract:179 - extract mapping: {'annualFeeRuleId': 78}
2023-06-15 17:40:21.297 | INFO     | httprunner.response:validate:249 - assert status_code equal 200(int)	==> pass
2023-06-15 17:40:21.297 | INFO     | httprunner.response:validate:249 - assert body.message equal success(str)	==> pass
2023-06-15 17:40:21.297 | INFO     | httprunner.response:validate:249 - assert body.status equal 1(int)	==> pass
2023-06-15 17:40:21.298 | INFO     | httprunner.runner:__run_step:304 - run step end: 财务规则查询-年费 <<<<<<

2023-06-15 17:40:21.298 | INFO     | httprunner.runner:__run_step_testcase:286 - export variables: {'annualFeeRuleId': 78}
2023-06-15 17:40:21.298 | INFO     | httprunner.runner:__run_step:304 - run step end: 年费费用查询 <<<<<<

2023-06-15 17:40:21.299 | INFO     | httprunner.runner:__run_step:292 - run step begin: 注册费费用查询 >>>>>>
2023-06-15 17:40:21.299 | INFO     | httprunner.runner:__run_step:292 - run step begin: 财务规则查询-注册费 >>>>>>
2023-06-15 17:40:21.369 | DEBUG    | httprunner.client:request:186 - client IP: 127.0.0.1, Port: 61285
2023-06-15 17:40:21.369 | DEBUG    | httprunner.client:request:194 - server IP: 127.0.0.1, Port: 8888
2023-06-15 17:40:21.370 | DEBUG    | httprunner.client:log_print:40 - 
================== request details ==================
method   : GET
url      : http://139.198.116.76:8000/api/finance/rule/findRule?moneyType=1&userId=1418
headers  : {
    "User-Agent": "Mozilla/5.0 (Macintosh; Intel Mac OS X 10_15_7) AppleWebKit/537.36 (KHTML, like Gecko) Chrome/98.0.4758.102 Safari/537.36 Edg/98.0.1108.56",
    "Accept-Encoding": "gzip, deflate",
    "Accept": "application/json, text/plain, */*",
    "Connection": "keep-alive",
    "Accept-Language": "zh-CN,zh;q=0.9,en;q=0.8,en-GB;q=0.7,en-US;q=0.6",
    "HRUN-Request-ID": "HRUN-22784ec2-8930-479c-8aed-d42b373781fd-021299",
    "Cookie": "SESSION=OWM3ZWFlM2ItMzUzYS00NWQ5LTk1ZGMtN2I1MWU4ZDkzYjEx; SESSION=response.headers.\"Set-Cookie\".session"
}
cookies  : {
    "SESSION": "OWM3ZWFlM2ItMzUzYS00NWQ5LTk1ZGMtN2I1MWU4ZDkzYjEx"
}
body     : None

2023-06-15 17:40:21.371 | DEBUG    | httprunner.client:log_print:40 - 
================== response details ==================
status_code : 200
headers  : {
    "Server": "nginx",
    "Date": "Thu, 15 Jun 2023 09:40:21 GMT",
    "Content-Type": "application/json;charset=UTF-8",
    "Transfer-Encoding": "chunked",
    "X-Frame-Options": "SAMEORIGIN",
    "Connection": "keep-alive"
}
cookies  : {}
encoding : UTF-8
content_type : application/json;charset=UTF-8
body     : {
    "message": "success",
    "status": 1,
    "data": [
        {
            "id": 77,
            "createDate": "2023-05-31 12:51:33",
            "updateDate": "2023-05-31 12:51:33",
            "name": "标准",
            "money": 10000.0,
            "moneyType": 1,
            "prefixCount": 1,
            "remart": "test",
            "entName": null,
            "entUserId": null,
            "ruleType": 2,
            "escrowId": null
        }
    ]
}

2023-06-15 17:40:21.371 | INFO     | httprunner.client:request:217 - status_code: 200, response_time(ms): 69.42 ms, response_length: 0 bytes
2023-06-15 17:40:21.372 | INFO     | httprunner.response:extract:179 - extract mapping: {'regFeeRuleId': 77}
2023-06-15 17:40:21.372 | INFO     | httprunner.response:validate:249 - assert status_code equal 200(int)	==> pass
2023-06-15 17:40:21.372 | INFO     | httprunner.response:validate:249 - assert body.message equal success(str)	==> pass
2023-06-15 17:40:21.372 | INFO     | httprunner.response:validate:249 - assert body.status equal 1(int)	==> pass
2023-06-15 17:40:21.373 | INFO     | httprunner.runner:__run_step:304 - run step end: 财务规则查询-注册费 <<<<<<

2023-06-15 17:40:21.373 | INFO     | httprunner.runner:__run_step_testcase:286 - export variables: {'regFeeRuleId': 77}
2023-06-15 17:40:21.373 | INFO     | httprunner.runner:__run_step:304 - run step end: 注册费费用查询 <<<<<<

2023-06-15 17:40:21.374 | INFO     | httprunner.runner:__run_step:292 - run step begin: 审核结果保存 >>>>>>
2023-06-15 17:40:21.375 | INFO     | httprunner.runner:__run_step:292 - run step begin: 企业审核保存 >>>>>>
2023-06-15 17:40:23.552 | DEBUG    | httprunner.client:request:186 - client IP: 127.0.0.1, Port: 61285
2023-06-15 17:40:23.552 | DEBUG    | httprunner.client:request:194 - server IP: 127.0.0.1, Port: 8888
2023-06-15 17:40:23.553 | DEBUG    | httprunner.client:log_print:40 - 
================== request details ==================
method   : POST
url      : http://139.198.116.76:8000/api/v3/ent/audit/save?annualFeeRuleId=78&applyId=1199&auditMsg=%E5%AE%A1%E6%A0%B8%E9%80%9A%E8%BF%87&auditResult=pass&entPrefix=88.408.792262964&regFeeRuleId=77
headers  : {
    "User-Agent": "Mozilla/5.0 (Macintosh; Intel Mac OS X 10_15_7) AppleWebKit/537.36 (KHTML, like Gecko) Chrome/98.0.4758.102 Safari/537.36 Edg/98.0.1108.56",
    "Accept-Encoding": "gzip, deflate",
    "Accept": "application/json, text/plain, */*",
    "Connection": "keep-alive",
    "Accept-Language": "zh-CN,zh;q=0.9,en;q=0.8,en-GB;q=0.7,en-US;q=0.6",
    "Content-Length": "0",
    "HRUN-Request-ID": "HRUN-22784ec2-8930-479c-8aed-d42b373781fd-021375",
    "Cookie": "SESSION=OWM3ZWFlM2ItMzUzYS00NWQ5LTk1ZGMtN2I1MWU4ZDkzYjEx; SESSION=response.headers.\"Set-Cookie\".session"
}
cookies  : {
    "SESSION": "OWM3ZWFlM2ItMzUzYS00NWQ5LTk1ZGMtN2I1MWU4ZDkzYjEx"
}
body     : None

2023-06-15 17:40:23.554 | DEBUG    | httprunner.client:log_print:40 - 
================== response details ==================
status_code : 200
headers  : {
    "Server": "nginx",
    "Date": "Thu, 15 Jun 2023 09:40:23 GMT",
    "Content-Type": "application/json",
    "Transfer-Encoding": "chunked",
    "X-Frame-Options": "SAMEORIGIN",
    "Connection": "keep-alive"
}
cookies  : {}
encoding : utf-8
content_type : application/json
body     : {
    "message": "success",
    "status": 1,
    "data": true
}

2023-06-15 17:40:23.555 | INFO     | httprunner.client:request:217 - status_code: 200, response_time(ms): 2176.23 ms, response_length: 0 bytes
2023-06-15 17:40:23.555 | INFO     | httprunner.response:validate:249 - assert status_code equal 200(int)	==> pass
2023-06-15 17:40:23.555 | INFO     | httprunner.response:validate:249 - assert body.message equal success(str)	==> pass
2023-06-15 17:40:23.555 | INFO     | httprunner.response:validate:249 - assert body.status equal 1(int)	==> pass
2023-06-15 17:40:23.555 | INFO     | httprunner.response:validate:249 - assert body.data equal True(bool)	==> pass
2023-06-15 17:40:23.555 | INFO     | httprunner.runner:__run_step:304 - run step end: 企业审核保存 <<<<<<

2023-06-15 17:40:23.555 | INFO     | httprunner.runner:__run_step:304 - run step end: 审核结果保存 <<<<<<

2023-06-15 17:40:23.555 | INFO     | httprunner.runner:__run_step:292 - run step begin: 登录-企业 >>>>>>
2023-06-15 17:40:23.556 | INFO     | httprunner.runner:__run_step:292 - run step begin: 登录-企业用户 >>>>>>
2023-06-15 17:40:23.657 | DEBUG    | httprunner.client:request:186 - client IP: 127.0.0.1, Port: 61285
2023-06-15 17:40:23.658 | DEBUG    | httprunner.client:request:194 - server IP: 127.0.0.1, Port: 8888
2023-06-15 17:40:23.658 | DEBUG    | httprunner.client:log_print:40 - 
================== request details ==================
method   : POST
url      : http://139.198.116.76:8000/api/home/test/login
headers  : {
    "User-Agent": "python-requests/2.28.1",
    "Accept-Encoding": "gzip, deflate, br",
    "Accept": "*/*",
    "Connection": "keep-alive",
    "Content-Length": "170",
    "Content-Type": "application/json",
    "HRUN-Request-ID": "HRUN-22784ec2-8930-479c-8aed-d42b373781fd-023556",
    "Cookie": "SESSION=OWM3ZWFlM2ItMzUzYS00NWQ5LTk1ZGMtN2I1MWU4ZDkzYjEx"
}
cookies  : {
    "SESSION": "OWM3ZWFlM2ItMzUzYS00NWQ5LTk1ZGMtN2I1MWU4ZDkzYjEx"
}
body     : {
    "captcha": "0000",
    "captchaSign": "0d720db30fe4beb47c306a675cc623d7e09f0e3b1bba2dc2e2db7e11341d240d",
    "emailCaptcha": "",
    "username": "aVbIpAcxHSemJqdBnZgBV3VMRaXrGF5o"
}

2023-06-15 17:40:23.659 | DEBUG    | httprunner.client:log_print:40 - 
================== response details ==================
status_code : 200
headers  : {
    "Server": "nginx",
    "Date": "Thu, 15 Jun 2023 09:40:23 GMT",
    "Content-Type": "application/json;charset=UTF-8",
    "Transfer-Encoding": "chunked",
    "Set-Cookie": "SESSION=NmU1MTIzYTAtMWQ2ZS00YTYzLWE2NTYtYzkyZWJjNDYxZGE1; Path=/; HttpOnly; SameSite=Lax",
    "X-Frame-Options": "SAMEORIGIN",
    "Connection": "keep-alive"
}
cookies  : {
    "SESSION": "NmU1MTIzYTAtMWQ2ZS00YTYzLWE2NTYtYzkyZWJjNDYxZGE1"
}
encoding : UTF-8
content_type : application/json;charset=UTF-8
body     : {
    "message": "success",
    "status": 1,
    "data": true
}

2023-06-15 17:40:23.659 | INFO     | httprunner.client:request:217 - status_code: 200, response_time(ms): 100.62 ms, response_length: 0 bytes
2023-06-15 17:40:23.659 | INFO     | httprunner.response:extract:179 - extract mapping: {'entSession': 'response.headers."Set-Cookie".session'}
2023-06-15 17:40:23.660 | INFO     | httprunner.response:validate:249 - assert status_code equal 200(int)	==> pass
2023-06-15 17:40:23.660 | INFO     | httprunner.response:validate:249 - assert headers."Content-Type" equal application/json;charset=UTF-8(str)	==> pass
2023-06-15 17:40:23.660 | INFO     | httprunner.response:validate:249 - assert body.message equal success(str)	==> pass
2023-06-15 17:40:23.660 | INFO     | httprunner.response:validate:249 - assert body.status equal 1(int)	==> pass
2023-06-15 17:40:23.660 | INFO     | httprunner.response:validate:249 - assert body.data equal True(bool)	==> pass
2023-06-15 17:40:23.660 | INFO     | httprunner.runner:__run_step:304 - run step end: 登录-企业用户 <<<<<<

2023-06-15 17:40:23.660 | INFO     | httprunner.runner:__run_step_testcase:286 - export variables: {'entSession': 'response.headers."Set-Cookie".session'}
2023-06-15 17:40:23.660 | INFO     | httprunner.runner:__run_step:304 - run step end: 登录-企业 <<<<<<

2023-06-15 17:40:23.660 | INFO     | httprunner.runner:__run_step:292 - run step begin: 添加标识业务数据 >>>>>>
2023-06-15 17:40:23.661 | INFO     | httprunner.runner:__run_step:292 - run step begin: 添加标识业务数据 >>>>>>
2023-06-15 17:40:23.753 | DEBUG    | httprunner.client:request:186 - client IP: 127.0.0.1, Port: 61285
2023-06-15 17:40:23.754 | DEBUG    | httprunner.client:request:194 - server IP: 127.0.0.1, Port: 8888
2023-06-15 17:40:23.755 | DEBUG    | httprunner.client:log_print:40 - 
================== request details ==================
method   : POST
url      : http://139.198.116.76:8000/api/v3/entBussInfo
headers  : {
    "User-Agent": "Mozilla/5.0 (Macintosh; Intel Mac OS X 10_15_7) AppleWebKit/537.36 (KHTML, like Gecko) Chrome/105.0.0.0 Safari/537.36",
    "Accept-Encoding": "gzip, deflate",
    "Accept": "application/json, text/plain, */*",
    "Connection": "keep-alive",
    "Accept-Language": "zh-CN,zh;q=0.9",
    "Content-Length": "213",
    "Content-Type": "application/json;charset=UTF-8",
    "HRUN-Request-ID": "HRUN-22784ec2-8930-479c-8aed-d42b373781fd-023661",
    "Cookie": "SESSION=NmU1MTIzYTAtMWQ2ZS00YTYzLWE2NTYtYzkyZWJjNDYxZGE1; SESSION=response.headers.\"Set-Cookie\".session"
}
cookies  : {
    "SESSION": "NmU1MTIzYTAtMWQ2ZS00YTYzLWE2NTYtYzkyZWJjNDYxZGE1"
}
body     : {
    "appDesc": "sdad",
    "appName": 396471419,
    "appRdunit": "bbbbbbbbbbbsdadsdasdasbbbbb",
    "appType": 1,
    "appUserCount": 4602,
    "entId": null,
    "orgName": "aVbIpAcxHSemJqdBnZgBV3VMRaXrGF5o",
    "prefix": "88.408.792262964"
}

2023-06-15 17:40:23.755 | DEBUG    | httprunner.client:log_print:40 - 
================== response details ==================
status_code : 200
headers  : {
    "Server": "nginx",
    "Date": "Thu, 15 Jun 2023 09:40:23 GMT",
    "Content-Type": "application/json",
    "Transfer-Encoding": "chunked",
    "X-Frame-Options": "SAMEORIGIN",
    "Connection": "keep-alive"
}
cookies  : {}
encoding : utf-8
content_type : application/json
body     : {
    "message": "success",
    "status": 1,
    "data": true
}

2023-06-15 17:40:23.756 | INFO     | httprunner.client:request:217 - status_code: 200, response_time(ms): 92.26 ms, response_length: 0 bytes
2023-06-15 17:40:23.756 | INFO     | httprunner.response:validate:249 - assert status_code equal 200(int)	==> pass
2023-06-15 17:40:23.756 | INFO     | httprunner.response:validate:249 - assert headers."Content-Type" equal application/json(str)	==> pass
2023-06-15 17:40:23.757 | INFO     | httprunner.response:validate:249 - assert body.message equal success(str)	==> pass
2023-06-15 17:40:23.757 | INFO     | httprunner.response:validate:249 - assert body.status equal 1(int)	==> pass
2023-06-15 17:40:23.757 | INFO     | httprunner.response:validate:249 - assert body.data equal True(bool)	==> pass
2023-06-15 17:40:23.757 | INFO     | httprunner.runner:__run_step:304 - run step end: 添加标识业务数据 <<<<<<

2023-06-15 17:40:23.757 | INFO     | httprunner.runner:__run_step:304 - run step end: 添加标识业务数据 <<<<<<

2023-06-15 17:40:23.757 | INFO     | httprunner.runner:__run_step:292 - run step begin: 登录-管理员 >>>>>>
2023-06-15 17:40:23.758 | INFO     | httprunner.runner:__run_step:292 - run step begin: 登录-企业用户 >>>>>>
2023-06-15 17:40:23.856 | DEBUG    | httprunner.client:request:186 - client IP: 127.0.0.1, Port: 61285
2023-06-15 17:40:23.857 | DEBUG    | httprunner.client:request:194 - server IP: 127.0.0.1, Port: 8888
2023-06-15 17:40:23.858 | DEBUG    | httprunner.client:log_print:40 - 
================== request details ==================
method   : POST
url      : http://139.198.116.76:8000/api/home/test/login
headers  : {
    "User-Agent": "python-requests/2.28.1",
    "Accept-Encoding": "gzip, deflate, br",
    "Accept": "*/*",
    "Connection": "keep-alive",
    "Content-Length": "144",
    "Content-Type": "application/json",
    "HRUN-Request-ID": "HRUN-22784ec2-8930-479c-8aed-d42b373781fd-023758",
    "Cookie": "SESSION=NmU1MTIzYTAtMWQ2ZS00YTYzLWE2NTYtYzkyZWJjNDYxZGE1"
}
cookies  : {
    "SESSION": "NmU1MTIzYTAtMWQ2ZS00YTYzLWE2NTYtYzkyZWJjNDYxZGE1"
}
body     : {
    "captcha": "0000",
    "captchaSign": "5d39bab12bba81ab59b3931d2ca06ee9603c3803355932be66974f122cab3502",
    "emailCaptcha": "",
    "username": "adminy"
}

2023-06-15 17:40:23.859 | DEBUG    | httprunner.client:log_print:40 - 
================== response details ==================
status_code : 200
headers  : {
    "Server": "nginx",
    "Date": "Thu, 15 Jun 2023 09:40:23 GMT",
    "Content-Type": "application/json;charset=UTF-8",
    "Transfer-Encoding": "chunked",
    "Set-Cookie": "SESSION=MGU1NTUwODMtNTQxNy00MThmLWFjMTMtYmQ4MDEwZGRmYjA0; Path=/; HttpOnly; SameSite=Lax",
    "X-Frame-Options": "SAMEORIGIN",
    "Connection": "keep-alive"
}
cookies  : {
    "SESSION": "MGU1NTUwODMtNTQxNy00MThmLWFjMTMtYmQ4MDEwZGRmYjA0"
}
encoding : UTF-8
content_type : application/json;charset=UTF-8
body     : {
    "message": "success",
    "status": 1,
    "data": true
}

2023-06-15 17:40:23.859 | INFO     | httprunner.client:request:217 - status_code: 200, response_time(ms): 98.56 ms, response_length: 0 bytes
2023-06-15 17:40:23.859 | INFO     | httprunner.response:extract:179 - extract mapping: {'adminSession': 'response.headers."Set-Cookie".session'}
2023-06-15 17:40:23.860 | INFO     | httprunner.response:validate:249 - assert status_code equal 200(int)	==> pass
2023-06-15 17:40:23.860 | INFO     | httprunner.response:validate:249 - assert headers."Content-Type" equal application/json;charset=UTF-8(str)	==> pass
2023-06-15 17:40:23.860 | INFO     | httprunner.response:validate:249 - assert body.message equal success(str)	==> pass
2023-06-15 17:40:23.860 | INFO     | httprunner.response:validate:249 - assert body.status equal 1(int)	==> pass
2023-06-15 17:40:23.860 | INFO     | httprunner.response:validate:249 - assert body.data equal True(bool)	==> pass
2023-06-15 17:40:23.860 | INFO     | httprunner.runner:__run_step:304 - run step end: 登录-企业用户 <<<<<<

2023-06-15 17:40:23.860 | INFO     | httprunner.runner:__run_step_testcase:286 - export variables: {'adminSession': 'response.headers."Set-Cookie".session'}
2023-06-15 17:40:23.860 | INFO     | httprunner.runner:__run_step:304 - run step end: 登录-管理员 <<<<<<

2023-06-15 17:40:23.860 | INFO     | httprunner.runner:__run_step:292 - run step begin: 查看标识业务列表 >>>>>>
2023-06-15 17:40:23.861 | INFO     | httprunner.runner:__run_step:292 - run step begin: 标识业务数据分页列表 >>>>>>
2023-06-15 17:40:23.990 | DEBUG    | httprunner.client:request:186 - client IP: 127.0.0.1, Port: 61285
2023-06-15 17:40:23.991 | DEBUG    | httprunner.client:request:194 - server IP: 127.0.0.1, Port: 8888
2023-06-15 17:40:23.992 | DEBUG    | httprunner.client:log_print:40 - 
================== request details ==================
method   : GET
url      : http://139.198.116.76:8000/api/v3/entBussInfo/pageQuery?currentPage=1&orgName=aVbIpAcxHSemJqdBnZgBV3VMRaXrGF5o&prefix=88.408.792262964&appName=396471419&appType=1
headers  : {
    "User-Agent": "Mozilla/5.0 (Macintosh; Intel Mac OS X 10_15_7) AppleWebKit/537.36 (KHTML, like Gecko) Chrome/105.0.0.0 Safari/537.36",
    "Accept-Encoding": "gzip, deflate",
    "Accept": "application/json, text/plain, */*",
    "Connection": "keep-alive",
    "Accept-Language": "zh-CN,zh;q=0.9",
    "HRUN-Request-ID": "HRUN-22784ec2-8930-479c-8aed-d42b373781fd-023861",
    "Cookie": "SESSION=MGU1NTUwODMtNTQxNy00MThmLWFjMTMtYmQ4MDEwZGRmYjA0; SESSION=response.headers.\"Set-Cookie\".session"
}
cookies  : {
    "SESSION": "MGU1NTUwODMtNTQxNy00MThmLWFjMTMtYmQ4MDEwZGRmYjA0"
}
body     : None

2023-06-15 17:40:23.993 | DEBUG    | httprunner.client:log_print:40 - 
================== response details ==================
status_code : 200
headers  : {
    "Server": "nginx",
    "Date": "Thu, 15 Jun 2023 09:40:24 GMT",
    "Content-Type": "application/json;charset=UTF-8",
    "Transfer-Encoding": "chunked",
    "X-Frame-Options": "SAMEORIGIN",
    "Connection": "keep-alive"
}
cookies  : {}
encoding : UTF-8
content_type : application/json;charset=UTF-8
body     : {
    "message": "success",
    "status": 1,
    "data": {
        "first": true,
        "last": true,
        "totalPages": 1,
        "totalElements": 1,
        "number": 1,
        "size": 10,
        "sort": {
            "sorted": true,
            "unsorted": false,
            "empty": false
        },
        "numberOfElements": 1,
        "content": [
            {
                "appDesc": "sdad",
                "appRdunit": "bbbbbbbbbbbsdadsdasdasbbbbb",
                "appType": 1,
                "appUserCount": 4602,
                "useRecursion": null,
                "prefix": "88.408.792262964",
                "orgName": "aVbIpAcxHSemJqdBnZgBV3VMRaXrGF5o",
                "entId": 469,
                "appName": "396471419",
                "id": 16
            }
        ]
    }
}

2023-06-15 17:40:23.993 | INFO     | httprunner.client:request:217 - status_code: 200, response_time(ms): 129.21 ms, response_length: 0 bytes
2023-06-15 17:40:23.994 | INFO     | httprunner.response:extract:179 - extract mapping: {'entBusinessId': 16}
2023-06-15 17:40:23.994 | INFO     | httprunner.response:validate:249 - assert status_code equal 200(int)	==> pass
2023-06-15 17:40:23.994 | INFO     | httprunner.response:validate:249 - assert headers."Content-Type" equal application/json;charset=UTF-8(str)	==> pass
2023-06-15 17:40:23.994 | INFO     | httprunner.response:validate:249 - assert body.message equal success(str)	==> pass
2023-06-15 17:40:23.994 | INFO     | httprunner.response:validate:249 - assert body.status equal 1(int)	==> pass
2023-06-15 17:40:23.994 | INFO     | httprunner.runner:__run_step:304 - run step end: 标识业务数据分页列表 <<<<<<

2023-06-15 17:40:23.994 | INFO     | httprunner.runner:__run_step_testcase:286 - export variables: {'entBusinessId': 16}
2023-06-15 17:40:23.994 | INFO     | httprunner.runner:__run_step:304 - run step end: 查看标识业务列表 <<<<<<

