2023-06-26 10:35:58.271 | INFO     | httprunner.runner:test_start:450 - Start to run testcase: 托管审核取消,企业登录系统查看托管配置, TestCase ID: 2330ec77-cfc0-4d67-b4b6-d5880e67da12
2023-06-26 10:35:58.376 | INFO     | httprunner.runner:__run_step:292 - run step begin: 用户注册 >>>>>>
2023-06-26 10:35:58.376 | INFO     | httprunner.runner:__run_step:292 - run step begin: 用户注册 >>>>>>
2023-06-26 10:35:58.526 | DEBUG    | httprunner.client:request:186 - client IP: 127.0.0.1, Port: 51649
2023-06-26 10:35:58.527 | DEBUG    | httprunner.client:request:194 - server IP: 127.0.0.1, Port: 8888
2023-06-26 10:35:58.528 | DEBUG    | httprunner.client:log_print:40 - 
================== request details ==================
method   : POST
url      : http://139.198.116.76:8000/api/home/test/registry
headers  : {
    "User-Agent": "Mozilla/5.0 (Windows NT 10.0; WOW64) AppleWebKit/537.36 (KHTML, like Gecko) Chrome/100.0.4896.60 Safari/537.36",
    "Accept-Encoding": "gzip, deflate",
    "Accept": "application/json, text/plain, */*",
    "Connection": "keep-alive",
    "Accept-Language": "zh-CN,zh;q=0.9",
    "HRUN-Request-ID": "HRUN-2330ec77-cfc0-4d67-b4b6-d5880e67da12-958376",
    "Content-Length": "187",
    "Content-Type": "application/json"
}
cookies  : {}
body     : {
    "email": "FyTJtRrs7hzbCgwa@qaqseq.com",
    "mobile": "19450380305",
    "openId": "",
    "openUserName": "",
    "password": "Admin@123",
    "remarks": "",
    "username": "GESGLZEID4NY9tmH8dOSi1fzwsNniDEs"
}

2023-06-26 10:35:58.528 | DEBUG    | httprunner.client:log_print:40 - 
================== response details ==================
status_code : 200
headers  : {
    "Server": "nginx",
    "Date": "Mon, 26 Jun 2023 02:35:58 GMT",
    "Content-Type": "application/json",
    "Transfer-Encoding": "chunked",
    "X-Frame-Options": "SAMEORIGIN",
    "Connection": "keep-alive"
}
cookies  : {}
encoding : utf-8
content_type : application/json
body     : {
    "message": "success",
    "status": 1,
    "data": true
}

2023-06-26 10:35:58.528 | INFO     | httprunner.client:request:217 - status_code: 200, response_time(ms): 150.11 ms, response_length: 0 bytes
2023-06-26 10:35:58.529 | INFO     | httprunner.response:validate:249 - assert status_code equal 200(int)	==> pass
2023-06-26 10:35:58.529 | INFO     | httprunner.response:validate:249 - assert body.message equal success(str)	==> pass
2023-06-26 10:35:58.530 | INFO     | httprunner.response:validate:249 - assert body.status equal 1(int)	==> pass
2023-06-26 10:35:58.531 | INFO     | httprunner.response:validate:249 - assert body.message contains success(str)	==> pass
2023-06-26 10:35:58.531 | INFO     | httprunner.response:validate:249 - assert body.status contained_by [1, 200](list)	==> pass
2023-06-26 10:35:58.531 | INFO     | httprunner.runner:__run_step:304 - run step end: 用户注册 <<<<<<

2023-06-26 10:35:58.531 | INFO     | httprunner.runner:__run_step:304 - run step end: 用户注册 <<<<<<

2023-06-26 10:35:58.531 | INFO     | httprunner.runner:__run_step:292 - run step begin: 登录-企业 >>>>>>
2023-06-26 10:35:58.531 | INFO     | httprunner.runner:__run_step:292 - run step begin: 登录-企业用户 >>>>>>
2023-06-26 10:35:58.591 | DEBUG    | httprunner.client:request:186 - client IP: 127.0.0.1, Port: 51649
2023-06-26 10:35:58.592 | DEBUG    | httprunner.client:request:194 - server IP: 127.0.0.1, Port: 8888
2023-06-26 10:35:58.593 | DEBUG    | httprunner.client:log_print:40 - 
================== request details ==================
method   : POST
url      : http://139.198.116.76:8000/api/home/test/login
headers  : {
    "User-Agent": "python-requests/2.28.1",
    "Accept-Encoding": "gzip, deflate, br",
    "Accept": "*/*",
    "Connection": "keep-alive",
    "Content-Length": "170",
    "Content-Type": "application/json",
    "HRUN-Request-ID": "HRUN-2330ec77-cfc0-4d67-b4b6-d5880e67da12-958531"
}
cookies  : {}
body     : {
    "captcha": "0000",
    "captchaSign": "e04d82fb31cb443f023e48f9dd7e9cf94e5c94e29e6517e3a950b1cf5be3f681",
    "emailCaptcha": "",
    "username": "GESGLZEID4NY9tmH8dOSi1fzwsNniDEs"
}

2023-06-26 10:35:58.594 | DEBUG    | httprunner.client:log_print:40 - 
================== response details ==================
status_code : 200
headers  : {
    "Server": "nginx",
    "Date": "Mon, 26 Jun 2023 02:35:58 GMT",
    "Content-Type": "application/json;charset=UTF-8",
    "Transfer-Encoding": "chunked",
    "Set-Cookie": "SESSION=MDA0NDNmM2ItOGM3YS00Y2FjLWE5ZjktOWEwMjJmM2M4MjFl; Path=/; HttpOnly; SameSite=Lax",
    "X-Frame-Options": "SAMEORIGIN",
    "Connection": "keep-alive"
}
cookies  : {
    "SESSION": "MDA0NDNmM2ItOGM3YS00Y2FjLWE5ZjktOWEwMjJmM2M4MjFl"
}
encoding : UTF-8
content_type : application/json;charset=UTF-8
body     : {
    "message": "success",
    "status": 1,
    "data": true
}

2023-06-26 10:35:58.596 | INFO     | httprunner.client:request:217 - status_code: 200, response_time(ms): 59.9 ms, response_length: 0 bytes
2023-06-26 10:35:58.596 | INFO     | httprunner.response:extract:179 - extract mapping: {'entSession': 'response.headers."Set-Cookie".session'}
2023-06-26 10:35:58.596 | INFO     | httprunner.response:validate:249 - assert status_code equal 200(int)	==> pass
2023-06-26 10:35:58.596 | INFO     | httprunner.response:validate:249 - assert headers."Content-Type" equal application/json;charset=UTF-8(str)	==> pass
2023-06-26 10:35:58.596 | INFO     | httprunner.response:validate:249 - assert body.message equal success(str)	==> pass
2023-06-26 10:35:58.596 | INFO     | httprunner.response:validate:249 - assert body.status equal 1(int)	==> pass
2023-06-26 10:35:58.596 | INFO     | httprunner.response:validate:249 - assert body.data equal True(bool)	==> pass
2023-06-26 10:35:58.596 | INFO     | httprunner.runner:__run_step:304 - run step end: 登录-企业用户 <<<<<<

2023-06-26 10:35:58.597 | INFO     | httprunner.runner:__run_step_testcase:286 - export variables: {'entSession': 'response.headers."Set-Cookie".session'}
2023-06-26 10:35:58.597 | INFO     | httprunner.runner:__run_step:304 - run step end: 登录-企业 <<<<<<

2023-06-26 10:35:58.597 | INFO     | httprunner.runner:__run_step:292 - run step begin: 前缀注册企业资质图片上传 >>>>>>
2023-06-26 10:35:58.597 | INFO     | httprunner.runner:__run_step:292 - run step begin: 前缀注册企业资质图片上传 >>>>>>
2023-06-26 10:35:58.823 | DEBUG    | httprunner.client:request:186 - client IP: 127.0.0.1, Port: 51649
2023-06-26 10:35:58.824 | DEBUG    | httprunner.client:request:194 - server IP: 127.0.0.1, Port: 8888
2023-06-26 10:35:58.824 | DEBUG    | httprunner.client:log_print:40 - 
================== request details ==================
method   : POST
url      : http://139.198.116.76:8000/api/file/img/upload
headers  : {
    "User-Agent": "Mozilla/5.0 (Macintosh; Intel Mac OS X 10_15_7) AppleWebKit/537.36 (KHTML, like Gecko) Chrome/105.0.0.0 Safari/537.36",
    "Accept-Encoding": "gzip, deflate",
    "Accept": "application/json, text/plain, */*",
    "Connection": "keep-alive",
    "Accept-Language": "zh-CN,zh;q=0.9",
    "Content-Type": "multipart/form-data; boundary=a0209d168b074db5aecaf4e03b1ba40f",
    "HRUN-Request-ID": "HRUN-2330ec77-cfc0-4d67-b4b6-d5880e67da12-958598",
    "Cookie": "SESSION=MDA0NDNmM2ItOGM3YS00Y2FjLWE5ZjktOWEwMjJmM2M4MjFl; SESSION=response.headers.\"Set-Cookie\".session",
    "Content-Length": "20435"
}
cookies  : {
    "SESSION": "MDA0NDNmM2ItOGM3YS00Y2FjLWE5ZjktOWEwMjJmM2M4MjFl"
}
body     : upload file stream (OMITTED)

2023-06-26 10:35:58.825 | DEBUG    | httprunner.client:log_print:40 - 
================== response details ==================
status_code : 200
headers  : {
    "Server": "nginx",
    "Date": "Mon, 26 Jun 2023 02:35:58 GMT",
    "Content-Type": "application/json;charset=UTF-8",
    "Transfer-Encoding": "chunked",
    "X-Frame-Options": "SAMEORIGIN",
    "Connection": "keep-alive"
}
cookies  : {}
encoding : UTF-8
content_type : application/json;charset=UTF-8
body     : {
    "message": "success",
    "status": 1,
    "data": {
        "id": 3031,
        "path": "b322e807-8142-4c82-a6bf-bbb7473ca6b6.jpeg"
    }
}

2023-06-26 10:35:58.825 | INFO     | httprunner.client:request:217 - status_code: 200, response_time(ms): 225.34 ms, response_length: 0 bytes
2023-06-26 10:35:58.826 | INFO     | httprunner.response:extract:179 - extract mapping: {'imgId': 3031}
2023-06-26 10:35:58.826 | INFO     | httprunner.response:validate:249 - assert status_code equal 200(int)	==> pass
2023-06-26 10:35:58.826 | INFO     | httprunner.runner:__run_step:304 - run step end: 前缀注册企业资质图片上传 <<<<<<

2023-06-26 10:35:58.827 | INFO     | httprunner.runner:__run_step_testcase:286 - export variables: {'imgId': 3031}
2023-06-26 10:35:58.827 | INFO     | httprunner.runner:__run_step:304 - run step end: 前缀注册企业资质图片上传 <<<<<<

2023-06-26 10:35:58.827 | INFO     | httprunner.runner:__run_step:292 - run step begin: 前缀注册企业联系人身份证图片正面上传 >>>>>>
2023-06-26 10:35:58.828 | INFO     | httprunner.runner:__run_step:292 - run step begin: 前缀注册企业联系人身份证图片背面上传 >>>>>>
2023-06-26 10:35:58.962 | DEBUG    | httprunner.client:request:186 - client IP: 127.0.0.1, Port: 51649
2023-06-26 10:35:58.962 | DEBUG    | httprunner.client:request:194 - server IP: 127.0.0.1, Port: 8888
2023-06-26 10:35:58.963 | DEBUG    | httprunner.client:log_print:40 - 
================== request details ==================
method   : POST
url      : http://139.198.116.76:8000/api/file/img/upload
headers  : {
    "User-Agent": "Mozilla/5.0 (Macintosh; Intel Mac OS X 10_15_7) AppleWebKit/537.36 (KHTML, like Gecko) Chrome/105.0.0.0 Safari/537.36",
    "Accept-Encoding": "gzip, deflate",
    "Accept": "application/json, text/plain, */*",
    "Connection": "keep-alive",
    "Accept-Language": "zh-CN,zh;q=0.9",
    "Content-Type": "multipart/form-data; boundary=ca6f78040ac140d087a261f497e9c44f",
    "HRUN-Request-ID": "HRUN-2330ec77-cfc0-4d67-b4b6-d5880e67da12-958828",
    "Cookie": "SESSION=MDA0NDNmM2ItOGM3YS00Y2FjLWE5ZjktOWEwMjJmM2M4MjFl; SESSION=response.headers.\"Set-Cookie\".session",
    "Content-Length": "20435"
}
cookies  : {
    "SESSION": "MDA0NDNmM2ItOGM3YS00Y2FjLWE5ZjktOWEwMjJmM2M4MjFl"
}
body     : upload file stream (OMITTED)

2023-06-26 10:35:58.964 | DEBUG    | httprunner.client:log_print:40 - 
================== response details ==================
status_code : 200
headers  : {
    "Server": "nginx",
    "Date": "Mon, 26 Jun 2023 02:35:59 GMT",
    "Content-Type": "application/json;charset=UTF-8",
    "Transfer-Encoding": "chunked",
    "X-Frame-Options": "SAMEORIGIN",
    "Connection": "keep-alive"
}
cookies  : {}
encoding : UTF-8
content_type : application/json;charset=UTF-8
body     : {
    "message": "success",
    "status": 1,
    "data": {
        "id": 3032,
        "path": "3c1628b4-d486-4377-8c6f-a82c07d9a058.jpeg"
    }
}

2023-06-26 10:35:58.964 | INFO     | httprunner.client:request:217 - status_code: 200, response_time(ms): 133.46 ms, response_length: 0 bytes
2023-06-26 10:35:58.964 | INFO     | httprunner.response:extract:179 - extract mapping: {'imgId_f': 3032}
2023-06-26 10:35:58.965 | INFO     | httprunner.response:validate:249 - assert status_code equal 200(int)	==> pass
2023-06-26 10:35:58.965 | INFO     | httprunner.runner:__run_step:304 - run step end: 前缀注册企业联系人身份证图片背面上传 <<<<<<

2023-06-26 10:35:58.965 | INFO     | httprunner.runner:__run_step_testcase:286 - export variables: {'imgId_f': 3032}
2023-06-26 10:35:58.965 | INFO     | httprunner.runner:__run_step:304 - run step end: 前缀注册企业联系人身份证图片正面上传 <<<<<<

2023-06-26 10:35:58.966 | INFO     | httprunner.runner:__run_step:292 - run step begin: 前缀注册企业联系人身份证图片背面上传 >>>>>>
2023-06-26 10:35:58.966 | INFO     | httprunner.runner:__run_step:292 - run step begin: 前缀注册企业联系人身份证图片背面上传 >>>>>>
2023-06-26 10:35:59.189 | DEBUG    | httprunner.client:request:186 - client IP: 127.0.0.1, Port: 51649
2023-06-26 10:35:59.190 | DEBUG    | httprunner.client:request:194 - server IP: 127.0.0.1, Port: 8888
2023-06-26 10:35:59.190 | DEBUG    | httprunner.client:log_print:40 - 
================== request details ==================
method   : POST
url      : http://139.198.116.76:8000/api/file/img/upload
headers  : {
    "User-Agent": "Mozilla/5.0 (Macintosh; Intel Mac OS X 10_15_7) AppleWebKit/537.36 (KHTML, like Gecko) Chrome/105.0.0.0 Safari/537.36",
    "Accept-Encoding": "gzip, deflate",
    "Accept": "application/json, text/plain, */*",
    "Connection": "keep-alive",
    "Accept-Language": "zh-CN,zh;q=0.9",
    "Content-Type": "multipart/form-data; boundary=ed37f790c56046f29d3a0e2c32180f8e",
    "HRUN-Request-ID": "HRUN-2330ec77-cfc0-4d67-b4b6-d5880e67da12-958966",
    "Cookie": "SESSION=MDA0NDNmM2ItOGM3YS00Y2FjLWE5ZjktOWEwMjJmM2M4MjFl; SESSION=response.headers.\"Set-Cookie\".session",
    "Content-Length": "20435"
}
cookies  : {
    "SESSION": "MDA0NDNmM2ItOGM3YS00Y2FjLWE5ZjktOWEwMjJmM2M4MjFl"
}
body     : upload file stream (OMITTED)

2023-06-26 10:35:59.191 | DEBUG    | httprunner.client:log_print:40 - 
================== response details ==================
status_code : 200
headers  : {
    "Server": "nginx",
    "Date": "Mon, 26 Jun 2023 02:35:59 GMT",
    "Content-Type": "application/json;charset=UTF-8",
    "Transfer-Encoding": "chunked",
    "X-Frame-Options": "SAMEORIGIN",
    "Connection": "keep-alive"
}
cookies  : {}
encoding : UTF-8
content_type : application/json;charset=UTF-8
body     : {
    "message": "success",
    "status": 1,
    "data": {
        "id": 3033,
        "path": "2d18535a-4ce3-40ad-b710-0d64a9ec9c08.jpeg"
    }
}

2023-06-26 10:35:59.191 | INFO     | httprunner.client:request:217 - status_code: 200, response_time(ms): 222.58 ms, response_length: 0 bytes
2023-06-26 10:35:59.192 | INFO     | httprunner.response:extract:179 - extract mapping: {'imgId_b': 3033}
2023-06-26 10:35:59.192 | INFO     | httprunner.response:validate:249 - assert status_code equal 200(int)	==> pass
2023-06-26 10:35:59.192 | INFO     | httprunner.runner:__run_step:304 - run step end: 前缀注册企业联系人身份证图片背面上传 <<<<<<

2023-06-26 10:35:59.193 | INFO     | httprunner.runner:__run_step_testcase:286 - export variables: {'imgId_b': 3033}
2023-06-26 10:35:59.193 | INFO     | httprunner.runner:__run_step:304 - run step end: 前缀注册企业联系人身份证图片背面上传 <<<<<<

2023-06-26 10:35:59.194 | INFO     | httprunner.runner:__run_step:292 - run step begin: 企业注册第一步提交信息 >>>>>>
2023-06-26 10:35:59.194 | INFO     | httprunner.runner:__run_step:292 - run step begin: 企业注册第一步提交信息 >>>>>>
2023-06-26 10:35:59.394 | DEBUG    | httprunner.client:request:186 - client IP: 127.0.0.1, Port: 51649
2023-06-26 10:35:59.394 | DEBUG    | httprunner.client:request:194 - server IP: 127.0.0.1, Port: 8888
2023-06-26 10:35:59.396 | DEBUG    | httprunner.client:log_print:40 - 
================== request details ==================
method   : POST
url      : http://139.198.116.76:8000/api/v3/entApply/basicInfo/submit
headers  : {
    "User-Agent": "Mozilla/5.0 (Macintosh; Intel Mac OS X 10_15_7) AppleWebKit/537.36 (KHTML, like Gecko) Chrome/105.0.0.0 Safari/537.36",
    "Accept-Encoding": "gzip, deflate",
    "Accept": "application/json, text/plain, */*",
    "Connection": "keep-alive",
    "Accept-Language": "zh-CN,zh;q=0.9",
    "Content-Type": "application/json;charset=UTF-8",
    "HRUN-Request-ID": "HRUN-2330ec77-cfc0-4d67-b4b6-d5880e67da12-959194",
    "Cookie": "SESSION=MDA0NDNmM2ItOGM3YS00Y2FjLWE5ZjktOWEwMjJmM2M4MjFl; SESSION=response.headers.\"Set-Cookie\".session",
    "Content-Length": "2555"
}
cookies  : {
    "SESSION": "MDA0NDNmM2ItOGM3YS00Y2FjLWE5ZjktOWEwMjJmM2M4MjFl"
}
body     : {
    "applyStep": 2,
    "applyType": null,
    "area": [
        "110000",
        "110100",
        "110101"
    ],
    "cltrid": null,
    "contactCrtBackImgPath": null,
    "contactCrtBackImgRid": 3033,
    "contactCrtFrontImgPath": null,
    "contactCrtFrontImgRid": 3032,
    "contactCrtNo": "635157199009106154",
    "contactCrtType": 1,
    "contactEmail": "FyTJtRrs7hzbCgwa@qaqseq.com",
    "contactName": "GESGLZEID4NY9tmH8dOSi1fzwsNniDEs",
    "contactPhone": "19450380305",
    "createDate": null,
    "dataHostingContractFilePath": null,
    "dataHostingContractFileRid": null,
    "dataHostingOrg": null,
    "entGeneralId": null,
    "entInfoLicenses": [],
    "entInfoSerIndustrys": [],
    "entPrefix": "88.408.7466250681",
    "escrowId": null,
    "escrowOrgName": null,
    "establishDate": null,
    "extDomain": null,
    "extIpAddr": null,
    "extWebName": null,
    "finalAuditMsg": null,
    "finalAuditStatus": null,
    "firstAuditMsg": null,
    "firstAuditStatus": null,
    "id": null,
    "idRegNaImp": null,
    "industry": [
        "A",
        "01"
    ],
    "industryCategory": "A",
    "industrySpecific": "01",
    "isSubmit": 0,
    "legalCrtBackImgContent": null,
    "legalCrtBackImgPath": null,
    "legalCrtBackImgRid": 3033,
    "legalCrtFrontImgContent": null,
    "legalCrtFrontImgPath": null,
    "legalCrtFrontImgRid": 3032,
    "legalCrtNo": "635157199009106154",
    "legalCrtType": "1",
    "legalCrtTypeDesc": "中国居民身份证",
    "legalEmail": null,
    "legalFax": null,
    "legalName": "张三",
    "legalPhone": null,
    "orgAddr": "致真",
    "orgAddrCity": "110100",
    "orgAddrCityDesc": "市辖区",
    "orgAddrCounty": "110101",
    "orgAddrCountyDesc": "东城区",
    "orgAddrProvince": "110000",
    "orgAddrProvinceDesc": "北京市",
    "orgCategorySpecificDesc": "农、林、牧、渔业-农业",
    "orgCrtCode": "GESGLZEID4NY9tmH8dOSi1fzwsNniDEs",
    "orgCrtImgContent": null,
    "orgCrtImgPath": null,
    "orgCrtImgRid": 3031,
    "orgCrtType": "1",
    "orgDesc": null,
    "orgName": "GESGLZEID4NY9tmH8dOSi1fzwsNniDEs",
    "orgNature": "1",
    "orgNatureDesc": "国有控股",
    "periodValidity": null,
    "regAuthority": null,
    "regCapital": null,
    "regRealNaImpName": null,
    "regRealNaImpType": null,
    "servHostingContractFilePath": null,
    "servHostingContractFileRid": null,
    "servHostingOrg": null,
    "servSysBuildContractFilePath": null,
    "servSysBuildContractFileRid": null,
    "servSysBuildName": null,
    "servSysBuildType": 1,
    "servSysOperContractFilePath": null,
    "servSysOperContractFileRid": null,
    "servSysOperName": null,
    "servSysOperType": 1,
    "svtrid": null,
    "thirdServiceMsg": null,
    "thirdServiceStatus": null,
    "updateDate": null,
    "userId": null,
    "userName": null,
    "website": null
}

2023-06-26 10:35:59.397 | DEBUG    | httprunner.client:log_print:40 - 
================== response details ==================
status_code : 200
headers  : {
    "Server": "nginx",
    "Date": "Mon, 26 Jun 2023 02:35:59 GMT",
    "Content-Type": "application/json;charset=UTF-8",
    "Transfer-Encoding": "chunked",
    "X-Frame-Options": "SAMEORIGIN",
    "Connection": "keep-alive"
}
cookies  : {}
encoding : UTF-8
content_type : application/json;charset=UTF-8
body     : {
    "message": "success",
    "status": 1,
    "data": true
}

2023-06-26 10:35:59.397 | INFO     | httprunner.client:request:217 - status_code: 200, response_time(ms): 199.31 ms, response_length: 0 bytes
2023-06-26 10:35:59.397 | INFO     | httprunner.response:validate:249 - assert status_code equal 200(int)	==> pass
2023-06-26 10:35:59.398 | INFO     | httprunner.response:validate:249 - assert body.message equal success(str)	==> pass
2023-06-26 10:35:59.398 | INFO     | httprunner.runner:__run_step:304 - run step end: 企业注册第一步提交信息 <<<<<<

2023-06-26 10:35:59.398 | INFO     | httprunner.runner:__run_step:304 - run step end: 企业注册第一步提交信息 <<<<<<

2023-06-26 10:35:59.398 | INFO     | httprunner.runner:__run_step:292 - run step begin: 企业注册查询注册信息 >>>>>>
2023-06-26 10:35:59.398 | INFO     | httprunner.runner:__run_step:292 - run step begin: 企业注册查询注册信息 >>>>>>
2023-06-26 10:35:59.468 | DEBUG    | httprunner.client:request:186 - client IP: 127.0.0.1, Port: 51649
2023-06-26 10:35:59.468 | DEBUG    | httprunner.client:request:194 - server IP: 127.0.0.1, Port: 8888
2023-06-26 10:35:59.469 | DEBUG    | httprunner.client:log_print:40 - 
================== request details ==================
method   : GET
url      : http://139.198.116.76:8000/api/v3/entApply/applyOrNot
headers  : {
    "User-Agent": "Mozilla/5.0 (Macintosh; Intel Mac OS X 10_15_7) AppleWebKit/537.36 (KHTML, like Gecko) Chrome/105.0.0.0 Safari/537.36",
    "Accept-Encoding": "gzip, deflate",
    "Accept": "application/json, text/plain, */*",
    "Connection": "keep-alive",
    "Accept-Language": "zh-CN,zh;q=0.9",
    "HRUN-Request-ID": "HRUN-2330ec77-cfc0-4d67-b4b6-d5880e67da12-959398",
    "Cookie": "SESSION=MDA0NDNmM2ItOGM3YS00Y2FjLWE5ZjktOWEwMjJmM2M4MjFl; SESSION=response.headers.\"Set-Cookie\".session"
}
cookies  : {
    "SESSION": "MDA0NDNmM2ItOGM3YS00Y2FjLWE5ZjktOWEwMjJmM2M4MjFl"
}
body     : None

2023-06-26 10:35:59.576 | DEBUG    | httprunner.client:log_print:40 - 
================== response details ==================
status_code : 200
headers  : {
    "Server": "nginx",
    "Date": "Mon, 26 Jun 2023 02:35:59 GMT",
    "Content-Type": "application/json;charset=UTF-8",
    "Transfer-Encoding": "chunked",
    "X-Frame-Options": "SAMEORIGIN",
    "Connection": "keep-alive"
}
cookies  : {}
encoding : UTF-8
content_type : application/json;charset=UTF-8
body     : {
    "message": "success",
    "status": 1,
    "data": {
        "nbmsEntApplyPO": {
            "id": 1482,
            "createDate": "2023-06-26 10:36:00",
            "updateDate": "2023-06-26 10:36:00",
            "applyType": null,
            "entGeneralId": null,
            "applyStep": 2,
            "isSubmit": 0,
            "entPrefix": "88.408.7466250681",
            "firstAuditStatus": null,
            "firstAuditMsg": null,
            "thirdServiceStatus": null,
            "thirdServiceMsg": null,
            "userName": "GESGLZEID4NY9tmH8dOSi1fzwsNniDEs",
            "finalAuditStatus": null,
            "finalAuditMsg": null,
            "svtrid": null,
            "cltrid": null,
            "userId": 1715,
            "orgName": "GESGLZEID4NY9tmH8dOSi1fzwsNniDEs",
            "orgNature": "1",
            "orgAddrProvince": "110000",
            "orgAddrCity": "110100",
            "orgAddrCounty": "110101",
            "orgAddr": "致真",
            "orgCrtType": "1",
            "orgCrtCode": "GESGLZEID4NY9tmH8dOSi1fzwsNniDEs",
            "legalName": "张三",
            "legalCrtType": "1",
            "legalCrtNo": "635157199009106154",
            "orgDesc": null,
            "industryCategory": "A",
            "industrySpecific": "01",
            "contactName": "GESGLZEID4NY9tmH8dOSi1fzwsNniDEs",
            "contactPhone": "19450380305",
            "contactCrtType": 1,
            "contactCrtNo": "635157199009106154",
            "contactEmail": "FyTJtRrs7hzbCgwa@qaqseq.com",
            "website": null,
            "regAuthority": null,
            "regCapital": null,
            "establishDate": null,
            "periodValidity": null,
            "legalEmail": null,
            "legalPhone": null,
            "legalFax": null,
            "servSysBuildType": null,
            "servSysBuildName": null,
            "servSysOperType": null,
            "servSysOperName": null,
            "dataHostingOrg": null,
            "servHostingOrg": null,
            "regRealNaImpType": null,
            "regRealNaImpName": null,
            "idRegNaImp": null,
            "extWebName": null,
            "extDomain": null,
            "extIpAddr": null,
            "orgCrtImgRid": 3031,
            "contactCrtFrontImgRid": 3032,
            "contactCrtBackImgRid": 3033,
            "legalCrtFrontImgRid": 3032,
            "legalCrtBackImgRid": 3033,
            "servSysBuildContractFileRid": null,
            "servSysOperContractFileRid": null,
            "dataHostingContractFileRid": null,
            "servHostingContractFileRid": null,
            "entInfoLicenses": [],
            "entInfoSyss": [],
            "entInfoSerIndustrys": [],
            "escrowId": null,
            "industryQualificationRid": null,
            "certificationRid": null,
            "openingBank": null,
            "bankCard": null,
            "verificationName": null,
            "orgNatureDesc": "国有控股",
            "orgCrtImgContent": null,
            "orgCategorySpecificDesc": "农、林、牧、渔业-农业",
            "orgAddrProvinceDesc": "北京市",
            "orgAddrCountyDesc": "东城区",
            "orgAddrCityDesc": "市辖区",
            "legalCrtTypeDesc": "中国居民身份证",
            "legalCrtFrontImgContent": null,
            "legalCrtBackImgContent": null,
            "orgCrtImgPath": "b322e807-8142-4c82-a6bf-bbb7473ca6b6.jpeg",
            "contactCrtFrontImgPath": "3c1628b4-d486-4377-8c6f-a82c07d9a058.jpeg",
            "contactCrtBackImgPath": "2d18535a-4ce3-40ad-b710-0d64a9ec9c08.jpeg",
            "legalCrtFrontImgPath": "3c1628b4-d486-4377-8c6f-a82c07d9a058.jpeg",
            "legalCrtBackImgPath": "2d18535a-4ce3-40ad-b710-0d64a9ec9c08.jpeg",
            "servSysBuildContractFilePath": null,
            "servSysOperContractFilePath": null,
            "dataHostingContractFilePath": null,
            "servHostingContractFilePath": null,
            "industryQualificationFilePath": null,
            "certificationFilePath": null,
            "escrowOrgName": null
        },
        "nbmsEntPO": null,
        "nbmsEntPrefixApplyPO": null,
        "needRelog": null,
        "applyStatus": 0
    }
}

2023-06-26 10:35:59.576 | INFO     | httprunner.client:request:217 - status_code: 200, response_time(ms): 69.46 ms, response_length: 0 bytes
2023-06-26 10:35:59.581 | INFO     | httprunner.response:extract:179 - extract mapping: {'applyId': 1482, 'userId': 1715, 'userName': 'GESGLZEID4NY9tmH8dOSi1fzwsNniDEs', 'imgId_f': 3032, 'imgId_b': 3033, 'entId': None, 'entUserId': None, 'prefix': '88.408.7466250681', 'contactCrtNo': '635157199009106154', 'contactCrtType': 1, 'contactEmail': 'FyTJtRrs7hzbCgwa@qaqseq.com', 'contactName': 'GESGLZEID4NY9tmH8dOSi1fzwsNniDEs', 'contactPhone': '19450380305', 'industryCategory': 'A', 'industrySpecific': '01', 'orgName': 'GESGLZEID4NY9tmH8dOSi1fzwsNniDEs', 'orgNature': '1', 'orgAddrProvince': '110000', 'orgAddrCity': '110100', 'orgAddrCounty': '110101', 'orgAddr': '致真', 'orgCrtType': '1', 'orgCrtCode': 'GESGLZEID4NY9tmH8dOSi1fzwsNniDEs', 'legalName': '张三', 'legalEmail': None, 'legalPhone': None, 'legalCrtType': '1', 'legalCrtNo': '635157199009106154', 'legalCrtFrontImgRid': 3032, 'legalCrtBackImgRid': 3033, 'orgCrtImgRid': 3031, 'imgId': 3031, 'orgNatureDesc': '国有控股', 'orgCategorySpecificDesc': '农、林、牧、渔业-农业', 'orgAddrProvinceDesc': '北京市', 'orgAddrCountyDesc': '东城区', 'orgAddrCityDesc': '市辖区', 'legalCrtTypeDesc': '中国居民身份证', 'createDate': '2023-06-26 10:36:00', 'updateDate': '2023-06-26 10:36:00', 'entInfoSyss_0_id': None, 'entInfoSyss_0_entApplyId': None, 'entApplyId': None, 'entInfoSyss_0_sysType': None, 'entInfoSyss_0_deployMode': None, 'entInfoSyss_0_deployAddr': None, 'entInfoSyss_0_deployAddrProvince': None, 'entInfoSyss_0_deployAddrCity': None, 'entInfoSyss_0_deployAddrCounty': None, 'entInfoSyss_1_id': None, 'entInfoSyss_1_entApplyId': None, 'entInfoSyss_1_sysType': None, 'entInfoSyss_1_deployMode': None, 'entInfoSyss_1_deployAddr': None, 'entInfoSyss_1_deployAddrProvince': None, 'entInfoSyss_1_deployAddrCity': None, 'entInfoSyss_1_deployAddrCounty': None, 'entInfoSyss_2_id': None, 'entInfoSyss_2_entApplyId': None, 'entInfoSyss_2_sysType': None, 'entInfoSyss_2_deployMode': None, 'entInfoSyss_2_deployAddr': None, 'entInfoSyss_2_deployAddrProvince': None, 'entInfoSyss_2_deployAddrCity': None, 'entInfoSyss_2_deployAddrCounty': None, 'entInfoSyss_3_id': None, 'entInfoSyss_3_entApplyId': None, 'entInfoSyss_3_sysType': None, 'entInfoSyss_3_deployMode': None, 'entInfoSyss_3_deployAddr': None, 'entInfoSyss_3_deployAddrProvince': None, 'entInfoSyss_3_deployAddrCity': None, 'entInfoSyss_3_deployAddrCounty': None}
2023-06-26 10:35:59.581 | INFO     | httprunner.response:validate:249 - assert status_code equal 200(int)	==> pass
2023-06-26 10:35:59.581 | INFO     | httprunner.response:validate:249 - assert body.message equal success(str)	==> pass
2023-06-26 10:35:59.581 | INFO     | httprunner.runner:__run_step:304 - run step end: 企业注册查询注册信息 <<<<<<

2023-06-26 10:35:59.582 | INFO     | httprunner.runner:__run_step_testcase:286 - export variables: {'entInfoSyss_2_id': None, 'entInfoSyss_1_sysType': None, 'industrySpecific': '01', 'entInfoSyss_0_deployAddrProvince': None, 'entInfoSyss_2_deployAddr': None, 'orgAddrProvinceDesc': '北京市', 'entInfoSyss_3_deployAddrProvince': None, 'orgNature': '1', 'entInfoSyss_2_deployMode': None, 'entInfoSyss_2_deployAddrCounty': None, 'entInfoSyss_3_sysType': None, 'legalPhone': None, 'orgCrtImgRid': 3031, 'legalName': '张三', 'orgName': 'GESGLZEID4NY9tmH8dOSi1fzwsNniDEs', 'entInfoSyss_2_sysType': None, 'entInfoSyss_0_deployAddr': None, 'entInfoSyss_0_entApplyId': None, 'entInfoSyss_3_deployMode': None, 'industryCategory': 'A', 'legalCrtNo': '635157199009106154', 'updateDate': '2023-06-26 10:36:00', 'imgId_f': 3032, 'entInfoSyss_2_deployAddrCity': None, 'legalCrtType': '1', 'entInfoSyss_3_deployAddr': None, 'entApplyId': None, 'orgAddrCountyDesc': '东城区', 'entInfoSyss_1_deployAddr': None, 'entInfoSyss_1_deployAddrCounty': None, 'orgNatureDesc': '国有控股', 'legalEmail': None, 'imgId': 3031, 'entInfoSyss_3_deployAddrCounty': None, 'entInfoSyss_0_deployAddrCounty': None, 'entInfoSyss_0_sysType': None, 'entInfoSyss_0_deployAddrCity': None, 'entInfoSyss_1_deployAddrProvince': None, 'userId': 1715, 'orgAddrCounty': '110101', 'contactCrtNo': '635157199009106154', 'contactCrtType': 1, 'prefix': '88.408.7466250681', 'orgCategorySpecificDesc': '农、林、牧、渔业-农业', 'createDate': '2023-06-26 10:36:00', 'orgCrtCode': 'GESGLZEID4NY9tmH8dOSi1fzwsNniDEs', 'entInfoSyss_0_id': None, 'entInfoSyss_3_id': None, 'entInfoSyss_1_deployMode': None, 'entInfoSyss_3_entApplyId': None, 'entInfoSyss_3_deployAddrCity': None, 'contactName': 'GESGLZEID4NY9tmH8dOSi1fzwsNniDEs', 'entInfoSyss_0_deployMode': None, 'imgId_b': 3033, 'legalCrtFrontImgRid': 3032, 'orgAddrProvince': '110000', 'orgCrtType': '1', 'entInfoSyss_1_id': None, 'orgAddrCity': '110100', 'entInfoSyss_2_entApplyId': None, 'entUserId': None, 'legalCrtBackImgRid': 3033, 'orgAddrCityDesc': '市辖区', 'entInfoSyss_2_deployAddrProvince': None, 'contactPhone': '19450380305', 'contactEmail': 'FyTJtRrs7hzbCgwa@qaqseq.com', 'legalCrtTypeDesc': '中国居民身份证', 'entInfoSyss_1_entApplyId': None, 'applyId': 1482, 'entId': None, 'entInfoSyss_1_deployAddrCity': None, 'userName': 'GESGLZEID4NY9tmH8dOSi1fzwsNniDEs', 'orgAddr': '致真'}
2023-06-26 10:35:59.582 | INFO     | httprunner.runner:__run_step:304 - run step end: 企业注册查询注册信息 <<<<<<

2023-06-26 10:35:59.582 | INFO     | httprunner.runner:__run_step:292 - run step begin: 企业注册第二步提交信息 >>>>>>
2023-06-26 10:35:59.582 | INFO     | httprunner.runner:__run_step:292 - run step begin: 企业注册第二步提交信息 >>>>>>
2023-06-26 10:35:59.666 | DEBUG    | httprunner.client:request:186 - client IP: 127.0.0.1, Port: 51649
2023-06-26 10:35:59.666 | DEBUG    | httprunner.client:request:194 - server IP: 127.0.0.1, Port: 8888
2023-06-26 10:35:59.668 | DEBUG    | httprunner.client:log_print:40 - 
================== request details ==================
method   : POST
url      : http://139.198.116.76:8000/api/v3/entApply/registerManageInfo
headers  : {
    "User-Agent": "Mozilla/5.0 (Macintosh; Intel Mac OS X 10_15_7) AppleWebKit/537.36 (KHTML, like Gecko) Chrome/105.0.0.0 Safari/537.36",
    "Accept-Encoding": "gzip, deflate",
    "Accept": "application/json, text/plain, */*",
    "Connection": "keep-alive",
    "Accept-Language": "zh-CN,zh;q=0.9",
    "Content-Type": "application/json;charset=UTF-8",
    "X-HTTP-Method-Override": "put",
    "HRUN-Request-ID": "HRUN-2330ec77-cfc0-4d67-b4b6-d5880e67da12-959583",
    "Cookie": "SESSION=MDA0NDNmM2ItOGM3YS00Y2FjLWE5ZjktOWEwMjJmM2M4MjFl; SESSION=response.headers.\"Set-Cookie\".session",
    "Content-Length": "3280"
}
cookies  : {
    "SESSION": "MDA0NDNmM2ItOGM3YS00Y2FjLWE5ZjktOWEwMjJmM2M4MjFl"
}
body     : {
    "applyStep": 3,
    "applyType": null,
    "cltrid": null,
    "contactCrtBackImgPath": null,
    "contactCrtBackImgRid": 3033,
    "contactCrtFrontImgPath": null,
    "contactCrtFrontImgRid": 3032,
    "contactCrtNo": "635157199009106154",
    "contactCrtType": 1,
    "contactEmail": "FyTJtRrs7hzbCgwa@qaqseq.com",
    "contactName": "GESGLZEID4NY9tmH8dOSi1fzwsNniDEs",
    "contactPhone": "19450380305",
    "createDate": "2023-06-26 10:36:00",
    "dataHostingContractFilePath": null,
    "dataHostingContractFileRid": null,
    "dataHostingOrg": null,
    "entGeneralId": null,
    "entInfoLicenses": [],
    "entInfoSerIndustrys": [],
    "entInfoSyss": [
        {
            "deployAddr": "致真",
            "deployAddrCity": "110100",
            "deployAddrCounty": "110101",
            "deployAddrProvince": "110000",
            "deployMode": 1,
            "ipPort": null,
            "name": null,
            "sysType": 1
        },
        {
            "deployAddr": "致真",
            "deployAddrCity": "110100",
            "deployAddrCounty": "110101",
            "deployAddrProvince": "110000",
            "deployMode": 1,
            "ipPort": null,
            "name": null,
            "sysType": 2
        },
        {
            "deployAddr": "天津",
            "deployAddrCity": "120100",
            "deployAddrCounty": "120101",
            "deployAddrProvince": "120000",
            "deployMode": 1,
            "ipPort": null,
            "name": null,
            "sysType": 3
        },
        {
            "deployAddr": "天津",
            "deployAddrCity": "120100",
            "deployAddrCounty": "120101",
            "deployAddrProvince": "120000",
            "deployMode": 1,
            "ipPort": null,
            "name": null,
            "sysType": 4
        }
    ],
    "entPrefix": "88.408.7466250681",
    "escrowId": null,
    "escrowOrgName": null,
    "establishDate": null,
    "extDomain": null,
    "extIpAddr": null,
    "extWebName": null,
    "finalAuditMsg": null,
    "finalAuditStatus": null,
    "firstAuditMsg": null,
    "firstAuditStatus": null,
    "id": 1482,
    "idRegNaImp": null,
    "industryCategory": "A",
    "industrySpecific": "01",
    "isSubmit": 0,
    "legalCrtBackImgContent": null,
    "legalCrtBackImgPath": null,
    "legalCrtBackImgRid": 3033,
    "legalCrtFrontImgContent": null,
    "legalCrtFrontImgPath": null,
    "legalCrtFrontImgRid": 3032,
    "legalCrtNo": "635157199009106154",
    "legalCrtType": "1",
    "legalCrtTypeDesc": "中国居民身份证",
    "legalEmail": null,
    "legalFax": null,
    "legalName": "张三",
    "legalPhone": null,
    "orgAddr": "致真",
    "orgAddrCity": "110100",
    "orgAddrCityDesc": "市辖区",
    "orgAddrCounty": "110101",
    "orgAddrCountyDesc": "东城区",
    "orgAddrProvince": "110000",
    "orgAddrProvinceDesc": "北京市",
    "orgCategorySpecificDesc": "农、林、牧、渔业-农业",
    "orgCrtCode": "GESGLZEID4NY9tmH8dOSi1fzwsNniDEs",
    "orgCrtImgContent": null,
    "orgCrtImgPath": null,
    "orgCrtImgRid": 3031,
    "orgCrtType": "1",
    "orgDesc": null,
    "orgName": "GESGLZEID4NY9tmH8dOSi1fzwsNniDEs",
    "orgNature": "1",
    "orgNatureDesc": "1",
    "periodValidity": null,
    "regAuthority": null,
    "regCapital": null,
    "regRealNaImpName": null,
    "regRealNaImpType": null,
    "servHostingContractFilePath": null,
    "servHostingContractFileRid": null,
    "servHostingOrg": null,
    "servSysBuildContractFilePath": null,
    "servSysBuildContractFileRid": null,
    "servSysBuildName": null,
    "servSysBuildType": 1,
    "servSysOperContractFilePath": null,
    "servSysOperContractFileRid": null,
    "servSysOperName": null,
    "servSysOperType": 1,
    "svtrid": null,
    "thirdServiceMsg": null,
    "thirdServiceStatus": null,
    "updateDate": "2023-06-26 10:36:00",
    "userId": 1715,
    "userName": "GESGLZEID4NY9tmH8dOSi1fzwsNniDEs",
    "website": null
}

2023-06-26 10:35:59.669 | DEBUG    | httprunner.client:log_print:40 - 
================== response details ==================
status_code : 200
headers  : {
    "Server": "nginx",
    "Date": "Mon, 26 Jun 2023 02:35:59 GMT",
    "Content-Type": "application/json;charset=UTF-8",
    "Transfer-Encoding": "chunked",
    "X-Frame-Options": "SAMEORIGIN",
    "Connection": "keep-alive"
}
cookies  : {}
encoding : UTF-8
content_type : application/json;charset=UTF-8
body     : {
    "message": "success",
    "status": 1,
    "data": true
}

2023-06-26 10:35:59.669 | INFO     | httprunner.client:request:217 - status_code: 200, response_time(ms): 83.0 ms, response_length: 0 bytes
2023-06-26 10:35:59.669 | INFO     | httprunner.response:validate:249 - assert status_code equal 200(int)	==> pass
2023-06-26 10:35:59.669 | INFO     | httprunner.response:validate:249 - assert body.message equal success(str)	==> pass
2023-06-26 10:35:59.669 | INFO     | httprunner.runner:__run_step:304 - run step end: 企业注册第二步提交信息 <<<<<<

2023-06-26 10:35:59.670 | INFO     | httprunner.runner:__run_step:304 - run step end: 企业注册第二步提交信息 <<<<<<

2023-06-26 10:35:59.670 | INFO     | httprunner.runner:__run_step:292 - run step begin: 企业注册查询注册信息 >>>>>>
2023-06-26 10:35:59.670 | INFO     | httprunner.runner:__run_step:292 - run step begin: 企业注册查询注册信息 >>>>>>
2023-06-26 10:35:59.744 | DEBUG    | httprunner.client:request:186 - client IP: 127.0.0.1, Port: 51649
2023-06-26 10:35:59.744 | DEBUG    | httprunner.client:request:194 - server IP: 127.0.0.1, Port: 8888
2023-06-26 10:35:59.745 | DEBUG    | httprunner.client:log_print:40 - 
================== request details ==================
method   : GET
url      : http://139.198.116.76:8000/api/v3/entApply/applyOrNot
headers  : {
    "User-Agent": "Mozilla/5.0 (Macintosh; Intel Mac OS X 10_15_7) AppleWebKit/537.36 (KHTML, like Gecko) Chrome/105.0.0.0 Safari/537.36",
    "Accept-Encoding": "gzip, deflate",
    "Accept": "application/json, text/plain, */*",
    "Connection": "keep-alive",
    "Accept-Language": "zh-CN,zh;q=0.9",
    "HRUN-Request-ID": "HRUN-2330ec77-cfc0-4d67-b4b6-d5880e67da12-959670",
    "Cookie": "SESSION=MDA0NDNmM2ItOGM3YS00Y2FjLWE5ZjktOWEwMjJmM2M4MjFl; SESSION=response.headers.\"Set-Cookie\".session"
}
cookies  : {
    "SESSION": "MDA0NDNmM2ItOGM3YS00Y2FjLWE5ZjktOWEwMjJmM2M4MjFl"
}
body     : None

2023-06-26 10:35:59.746 | DEBUG    | httprunner.client:log_print:40 - 
================== response details ==================
status_code : 200
headers  : {
    "Server": "nginx",
    "Date": "Mon, 26 Jun 2023 02:35:59 GMT",
    "Content-Type": "application/json;charset=UTF-8",
    "Transfer-Encoding": "chunked",
    "X-Frame-Options": "SAMEORIGIN",
    "Connection": "keep-alive"
}
cookies  : {}
encoding : UTF-8
content_type : application/json;charset=UTF-8
body     : {
    "message": "success",
    "status": 1,
    "data": {
        "nbmsEntApplyPO": {
            "id": 1482,
            "createDate": "2023-06-26 10:36:00",
            "updateDate": "2023-06-26 10:36:00",
            "applyType": null,
            "entGeneralId": null,
            "applyStep": 3,
            "isSubmit": 0,
            "entPrefix": "88.408.7466250681",
            "firstAuditStatus": null,
            "firstAuditMsg": null,
            "thirdServiceStatus": null,
            "thirdServiceMsg": null,
            "userName": "GESGLZEID4NY9tmH8dOSi1fzwsNniDEs",
            "finalAuditStatus": null,
            "finalAuditMsg": null,
            "svtrid": null,
            "cltrid": null,
            "userId": 1715,
            "orgName": "GESGLZEID4NY9tmH8dOSi1fzwsNniDEs",
            "orgNature": "1",
            "orgAddrProvince": "110000",
            "orgAddrCity": "110100",
            "orgAddrCounty": "110101",
            "orgAddr": "致真",
            "orgCrtType": "1",
            "orgCrtCode": "GESGLZEID4NY9tmH8dOSi1fzwsNniDEs",
            "legalName": "张三",
            "legalCrtType": "1",
            "legalCrtNo": "635157199009106154",
            "orgDesc": null,
            "industryCategory": "A",
            "industrySpecific": "01",
            "contactName": "GESGLZEID4NY9tmH8dOSi1fzwsNniDEs",
            "contactPhone": "19450380305",
            "contactCrtType": 1,
            "contactCrtNo": "635157199009106154",
            "contactEmail": "FyTJtRrs7hzbCgwa@qaqseq.com",
            "website": null,
            "regAuthority": null,
            "regCapital": null,
            "establishDate": null,
            "periodValidity": null,
            "legalEmail": null,
            "legalPhone": null,
            "legalFax": null,
            "servSysBuildType": 1,
            "servSysBuildName": null,
            "servSysOperType": 1,
            "servSysOperName": null,
            "dataHostingOrg": null,
            "servHostingOrg": null,
            "regRealNaImpType": null,
            "regRealNaImpName": null,
            "idRegNaImp": null,
            "extWebName": null,
            "extDomain": null,
            "extIpAddr": null,
            "orgCrtImgRid": 3031,
            "contactCrtFrontImgRid": 3032,
            "contactCrtBackImgRid": 3033,
            "legalCrtFrontImgRid": 3032,
            "legalCrtBackImgRid": 3033,
            "servSysBuildContractFileRid": null,
            "servSysOperContractFileRid": null,
            "dataHostingContractFileRid": null,
            "servHostingContractFileRid": null,
            "entInfoLicenses": [],
            "entInfoSyss": [
                {
                    "id": 3784,
                    "entApplyId": 1482,
                    "sysType": 1,
                    "deployMode": 1,
                    "deployAddr": "致真",
                    "deployAddrProvince": "110000",
                    "deployAddrCity": "110100",
                    "deployAddrCounty": "110101",
                    "name": null,
                    "ipPort": null
                },
                {
                    "id": 3785,
                    "entApplyId": 1482,
                    "sysType": 2,
                    "deployMode": 1,
                    "deployAddr": "致真",
                    "deployAddrProvince": "110000",
                    "deployAddrCity": "110100",
                    "deployAddrCounty": "110101",
                    "name": null,
                    "ipPort": null
                },
                {
                    "id": 3786,
                    "entApplyId": 1482,
                    "sysType": 3,
                    "deployMode": 1,
                    "deployAddr": "天津",
                    "deployAddrProvince": "120000",
                    "deployAddrCity": "120100",
                    "deployAddrCounty": "120101",
                    "name": null,
                    "ipPort": null
                },
                {
                    "id": 3787,
                    "entApplyId": 1482,
                    "sysType": 4,
                    "deployMode": 1,
                    "deployAddr": "天津",
                    "deployAddrProvince": "120000",
                    "deployAddrCity": "120100",
                    "deployAddrCounty": "120101",
                    "name": null,
                    "ipPort": null
                }
            ],
            "entInfoSerIndustrys": [],
            "escrowId": null,
            "industryQualificationRid": null,
            "certificationRid": null,
            "openingBank": null,
            "bankCard": null,
            "verificationName": null,
            "orgNatureDesc": "国有控股",
            "orgCrtImgContent": null,
            "orgCategorySpecificDesc": "农、林、牧、渔业-农业",
            "orgAddrProvinceDesc": "北京市",
            "orgAddrCountyDesc": "东城区",
            "orgAddrCityDesc": "市辖区",
            "legalCrtTypeDesc": "中国居民身份证",
            "legalCrtFrontImgContent": null,
            "legalCrtBackImgContent": null,
            "orgCrtImgPath": "b322e807-8142-4c82-a6bf-bbb7473ca6b6.jpeg",
            "contactCrtFrontImgPath": "3c1628b4-d486-4377-8c6f-a82c07d9a058.jpeg",
            "contactCrtBackImgPath": "2d18535a-4ce3-40ad-b710-0d64a9ec9c08.jpeg",
            "legalCrtFrontImgPath": "3c1628b4-d486-4377-8c6f-a82c07d9a058.jpeg",
            "legalCrtBackImgPath": "2d18535a-4ce3-40ad-b710-0d64a9ec9c08.jpeg",
            "servSysBuildContractFilePath": null,
            "servSysOperContractFilePath": null,
            "dataHostingContractFilePath": null,
            "servHostingContractFilePath": null,
            "industryQualificationFilePath": null,
            "certificationFilePath": null,
            "escrowOrgName": null
        },
        "nbmsEntPO": null,
        "nbmsEntPrefixApplyPO": null,
        "needRelog": null,
        "applyStatus": 0
    }
}

2023-06-26 10:35:59.747 | INFO     | httprunner.client:request:217 - status_code: 200, response_time(ms): 73.08 ms, response_length: 0 bytes
2023-06-26 10:35:59.748 | INFO     | httprunner.response:extract:179 - extract mapping: {'applyId': 1482, 'userId': 1715, 'userName': 'GESGLZEID4NY9tmH8dOSi1fzwsNniDEs', 'imgId_f': 3032, 'imgId_b': 3033, 'entId': None, 'entUserId': None, 'prefix': '88.408.7466250681', 'contactCrtNo': '635157199009106154', 'contactCrtType': 1, 'contactEmail': 'FyTJtRrs7hzbCgwa@qaqseq.com', 'contactName': 'GESGLZEID4NY9tmH8dOSi1fzwsNniDEs', 'contactPhone': '19450380305', 'industryCategory': 'A', 'industrySpecific': '01', 'orgName': 'GESGLZEID4NY9tmH8dOSi1fzwsNniDEs', 'orgNature': '1', 'orgAddrProvince': '110000', 'orgAddrCity': '110100', 'orgAddrCounty': '110101', 'orgAddr': '致真', 'orgCrtType': '1', 'orgCrtCode': 'GESGLZEID4NY9tmH8dOSi1fzwsNniDEs', 'legalName': '张三', 'legalEmail': None, 'legalPhone': None, 'legalCrtType': '1', 'legalCrtNo': '635157199009106154', 'legalCrtFrontImgRid': 3032, 'legalCrtBackImgRid': 3033, 'orgCrtImgRid': 3031, 'imgId': 3031, 'orgNatureDesc': '国有控股', 'orgCategorySpecificDesc': '农、林、牧、渔业-农业', 'orgAddrProvinceDesc': '北京市', 'orgAddrCountyDesc': '东城区', 'orgAddrCityDesc': '市辖区', 'legalCrtTypeDesc': '中国居民身份证', 'createDate': '2023-06-26 10:36:00', 'updateDate': '2023-06-26 10:36:00', 'entInfoSyss_0_id': 3784, 'entInfoSyss_0_entApplyId': 1482, 'entApplyId': 1482, 'entInfoSyss_0_sysType': 1, 'entInfoSyss_0_deployMode': 1, 'entInfoSyss_0_deployAddr': '致真', 'entInfoSyss_0_deployAddrProvince': '110000', 'entInfoSyss_0_deployAddrCity': '110100', 'entInfoSyss_0_deployAddrCounty': '110101', 'entInfoSyss_1_id': 3785, 'entInfoSyss_1_entApplyId': 1482, 'entInfoSyss_1_sysType': 2, 'entInfoSyss_1_deployMode': 1, 'entInfoSyss_1_deployAddr': '致真', 'entInfoSyss_1_deployAddrProvince': '110000', 'entInfoSyss_1_deployAddrCity': '110100', 'entInfoSyss_1_deployAddrCounty': '110101', 'entInfoSyss_2_id': 3786, 'entInfoSyss_2_entApplyId': 1482, 'entInfoSyss_2_sysType': 3, 'entInfoSyss_2_deployMode': 1, 'entInfoSyss_2_deployAddr': '天津', 'entInfoSyss_2_deployAddrProvince': '120000', 'entInfoSyss_2_deployAddrCity': '120100', 'entInfoSyss_2_deployAddrCounty': '120101', 'entInfoSyss_3_id': 3787, 'entInfoSyss_3_entApplyId': 1482, 'entInfoSyss_3_sysType': 4, 'entInfoSyss_3_deployMode': 1, 'entInfoSyss_3_deployAddr': '天津', 'entInfoSyss_3_deployAddrProvince': '120000', 'entInfoSyss_3_deployAddrCity': '120100', 'entInfoSyss_3_deployAddrCounty': '120101'}
2023-06-26 10:35:59.749 | INFO     | httprunner.response:validate:249 - assert status_code equal 200(int)	==> pass
2023-06-26 10:35:59.749 | INFO     | httprunner.response:validate:249 - assert body.message equal success(str)	==> pass
2023-06-26 10:35:59.749 | INFO     | httprunner.runner:__run_step:304 - run step end: 企业注册查询注册信息 <<<<<<

2023-06-26 10:35:59.749 | INFO     | httprunner.runner:__run_step_testcase:286 - export variables: {'entInfoSyss_2_id': 3786, 'entInfoSyss_1_sysType': 2, 'industrySpecific': '01', 'entInfoSyss_0_deployAddrProvince': '110000', 'entInfoSyss_2_deployAddr': '天津', 'orgAddrProvinceDesc': '北京市', 'entInfoSyss_3_deployAddrProvince': '120000', 'orgNature': '1', 'entInfoSyss_2_deployMode': 1, 'entInfoSyss_2_deployAddrCounty': '120101', 'entInfoSyss_3_sysType': 4, 'legalPhone': None, 'orgCrtImgRid': 3031, 'legalName': '张三', 'orgName': 'GESGLZEID4NY9tmH8dOSi1fzwsNniDEs', 'entInfoSyss_2_sysType': 3, 'entInfoSyss_0_deployAddr': '致真', 'entInfoSyss_0_entApplyId': 1482, 'entInfoSyss_3_deployMode': 1, 'industryCategory': 'A', 'legalCrtNo': '635157199009106154', 'updateDate': '2023-06-26 10:36:00', 'imgId_f': 3032, 'entInfoSyss_2_deployAddrCity': '120100', 'legalCrtType': '1', 'entInfoSyss_3_deployAddr': '天津', 'entApplyId': 1482, 'orgAddrCountyDesc': '东城区', 'entInfoSyss_1_deployAddr': '致真', 'entInfoSyss_1_deployAddrCounty': '110101', 'orgNatureDesc': '国有控股', 'legalEmail': None, 'imgId': 3031, 'entInfoSyss_3_deployAddrCounty': '120101', 'entInfoSyss_0_deployAddrCounty': '110101', 'entInfoSyss_0_sysType': 1, 'entInfoSyss_0_deployAddrCity': '110100', 'entInfoSyss_1_deployAddrProvince': '110000', 'userId': 1715, 'orgAddrCounty': '110101', 'contactCrtNo': '635157199009106154', 'contactCrtType': 1, 'prefix': '88.408.7466250681', 'orgCategorySpecificDesc': '农、林、牧、渔业-农业', 'createDate': '2023-06-26 10:36:00', 'orgCrtCode': 'GESGLZEID4NY9tmH8dOSi1fzwsNniDEs', 'entInfoSyss_0_id': 3784, 'entInfoSyss_3_id': 3787, 'entInfoSyss_1_deployMode': 1, 'entInfoSyss_3_entApplyId': 1482, 'entInfoSyss_3_deployAddrCity': '120100', 'contactName': 'GESGLZEID4NY9tmH8dOSi1fzwsNniDEs', 'entInfoSyss_0_deployMode': 1, 'imgId_b': 3033, 'legalCrtFrontImgRid': 3032, 'orgAddrProvince': '110000', 'orgCrtType': '1', 'entInfoSyss_1_id': 3785, 'orgAddrCity': '110100', 'entInfoSyss_2_entApplyId': 1482, 'entUserId': None, 'legalCrtBackImgRid': 3033, 'orgAddrCityDesc': '市辖区', 'entInfoSyss_2_deployAddrProvince': '120000', 'contactPhone': '19450380305', 'contactEmail': 'FyTJtRrs7hzbCgwa@qaqseq.com', 'legalCrtTypeDesc': '中国居民身份证', 'entInfoSyss_1_entApplyId': 1482, 'applyId': 1482, 'entId': None, 'entInfoSyss_1_deployAddrCity': '110100', 'userName': 'GESGLZEID4NY9tmH8dOSi1fzwsNniDEs', 'orgAddr': '致真'}
2023-06-26 10:35:59.749 | INFO     | httprunner.runner:__run_step:304 - run step end: 企业注册查询注册信息 <<<<<<

2023-06-26 10:35:59.749 | INFO     | httprunner.runner:__run_step:292 - run step begin: 企业注册最终第三步提交信息 >>>>>>
2023-06-26 10:35:59.750 | INFO     | httprunner.runner:__run_step:292 - run step begin: 企业注册最终第三步提交信息 >>>>>>
2023-06-26 10:35:59.904 | DEBUG    | httprunner.client:request:186 - client IP: 127.0.0.1, Port: 51649
2023-06-26 10:35:59.905 | DEBUG    | httprunner.client:request:194 - server IP: 127.0.0.1, Port: 8888
2023-06-26 10:35:59.906 | DEBUG    | httprunner.client:log_print:40 - 
================== request details ==================
method   : POST
url      : http://139.198.116.76:8000/api/v3/entApply/apply
headers  : {
    "User-Agent": "Mozilla/5.0 (Macintosh; Intel Mac OS X 10_15_7) AppleWebKit/537.36 (KHTML, like Gecko) Chrome/105.0.0.0 Safari/537.36",
    "Accept-Encoding": "gzip, deflate",
    "Accept": "application/json, text/plain, */*",
    "Connection": "keep-alive",
    "Accept-Language": "zh-CN,zh;q=0.9",
    "Content-Type": "application/json;charset=UTF-8",
    "HRUN-Request-ID": "HRUN-2330ec77-cfc0-4d67-b4b6-d5880e67da12-959750",
    "Cookie": "SESSION=MDA0NDNmM2ItOGM3YS00Y2FjLWE5ZjktOWEwMjJmM2M4MjFl; SESSION=response.headers.\"Set-Cookie\".session",
    "Content-Length": "3280"
}
cookies  : {
    "SESSION": "MDA0NDNmM2ItOGM3YS00Y2FjLWE5ZjktOWEwMjJmM2M4MjFl"
}
body     : {
    "applyStep": 4,
    "applyType": null,
    "cltrid": null,
    "contactCrtBackImgPath": null,
    "contactCrtBackImgRid": 3033,
    "contactCrtFrontImgPath": null,
    "contactCrtFrontImgRid": 3032,
    "contactCrtNo": "635157199009106154",
    "contactCrtType": 1,
    "contactEmail": "FyTJtRrs7hzbCgwa@qaqseq.com",
    "contactName": "GESGLZEID4NY9tmH8dOSi1fzwsNniDEs",
    "contactPhone": "19450380305",
    "createDate": "2023-06-26 10:36:00",
    "dataHostingContractFilePath": null,
    "dataHostingContractFileRid": null,
    "dataHostingOrg": null,
    "entGeneralId": null,
    "entInfoLicenses": [],
    "entInfoSerIndustrys": [],
    "entInfoSyss": [
        {
            "deployAddr": "致真",
            "deployAddrCity": "110100",
            "deployAddrCounty": "110101",
            "deployAddrProvince": "110000",
            "deployMode": 1,
            "ipPort": null,
            "name": null,
            "sysType": 2
        },
        {
            "deployAddr": "致真",
            "deployAddrCity": "110100",
            "deployAddrCounty": "110101",
            "deployAddrProvince": "110000",
            "deployMode": 1,
            "ipPort": null,
            "name": null,
            "sysType": 3
        },
        {
            "deployAddr": "天津",
            "deployAddrCity": "120100",
            "deployAddrCounty": "120101",
            "deployAddrProvince": "120000",
            "deployMode": 1,
            "ipPort": null,
            "name": null,
            "sysType": 4
        },
        {
            "deployAddr": "天津",
            "deployAddrCity": "120100",
            "deployAddrCounty": "120101",
            "deployAddrProvince": "120000",
            "deployMode": 1,
            "ipPort": null,
            "name": null,
            "sysType": 4
        }
    ],
    "entPrefix": "88.408.7466250681",
    "escrowId": null,
    "escrowOrgName": null,
    "establishDate": null,
    "extDomain": null,
    "extIpAddr": null,
    "extWebName": null,
    "finalAuditMsg": null,
    "finalAuditStatus": null,
    "firstAuditMsg": null,
    "firstAuditStatus": null,
    "id": 1482,
    "idRegNaImp": null,
    "industryCategory": "A",
    "industrySpecific": "01",
    "isSubmit": 0,
    "legalCrtBackImgContent": null,
    "legalCrtBackImgPath": null,
    "legalCrtBackImgRid": 3033,
    "legalCrtFrontImgContent": null,
    "legalCrtFrontImgPath": null,
    "legalCrtFrontImgRid": 3032,
    "legalCrtNo": "635157199009106154",
    "legalCrtType": "1",
    "legalCrtTypeDesc": "中国居民身份证",
    "legalEmail": null,
    "legalFax": null,
    "legalName": "张三",
    "legalPhone": null,
    "orgAddr": "致真",
    "orgAddrCity": "110100",
    "orgAddrCityDesc": "市辖区",
    "orgAddrCounty": "110101",
    "orgAddrCountyDesc": "东城区",
    "orgAddrProvince": "110000",
    "orgAddrProvinceDesc": "北京市",
    "orgCategorySpecificDesc": "农、林、牧、渔业-农业",
    "orgCrtCode": "GESGLZEID4NY9tmH8dOSi1fzwsNniDEs",
    "orgCrtImgContent": null,
    "orgCrtImgPath": null,
    "orgCrtImgRid": 3031,
    "orgCrtType": "1",
    "orgDesc": null,
    "orgName": "GESGLZEID4NY9tmH8dOSi1fzwsNniDEs",
    "orgNature": "1",
    "orgNatureDesc": "1",
    "periodValidity": null,
    "regAuthority": null,
    "regCapital": null,
    "regRealNaImpName": null,
    "regRealNaImpType": null,
    "servHostingContractFilePath": null,
    "servHostingContractFileRid": null,
    "servHostingOrg": null,
    "servSysBuildContractFilePath": null,
    "servSysBuildContractFileRid": null,
    "servSysBuildName": null,
    "servSysBuildType": 1,
    "servSysOperContractFilePath": null,
    "servSysOperContractFileRid": null,
    "servSysOperName": null,
    "servSysOperType": 1,
    "svtrid": null,
    "thirdServiceMsg": null,
    "thirdServiceStatus": null,
    "updateDate": "2023-06-26 10:36:00",
    "userId": 1715,
    "userName": "GESGLZEID4NY9tmH8dOSi1fzwsNniDEs",
    "website": null
}

2023-06-26 10:35:59.907 | DEBUG    | httprunner.client:log_print:40 - 
================== response details ==================
status_code : 200
headers  : {
    "Server": "nginx",
    "Date": "Mon, 26 Jun 2023 02:36:00 GMT",
    "Content-Type": "application/json;charset=UTF-8",
    "Transfer-Encoding": "chunked",
    "X-Frame-Options": "SAMEORIGIN",
    "Connection": "keep-alive"
}
cookies  : {}
encoding : UTF-8
content_type : application/json;charset=UTF-8
body     : {
    "message": "success",
    "status": 1,
    "data": true
}

2023-06-26 10:35:59.908 | INFO     | httprunner.client:request:217 - status_code: 200, response_time(ms): 154.31 ms, response_length: 0 bytes
2023-06-26 10:35:59.908 | INFO     | httprunner.response:validate:249 - assert status_code equal 200(int)	==> pass
2023-06-26 10:35:59.908 | INFO     | httprunner.response:validate:249 - assert body.message equal success(str)	==> pass
2023-06-26 10:35:59.908 | INFO     | httprunner.runner:__run_step:304 - run step end: 企业注册最终第三步提交信息 <<<<<<

2023-06-26 10:35:59.909 | INFO     | httprunner.runner:__run_step:304 - run step end: 企业注册最终第三步提交信息 <<<<<<

2023-06-26 10:35:59.909 | INFO     | httprunner.runner:__run_step:292 - run step begin: 登录-管理员 >>>>>>
2023-06-26 10:35:59.909 | INFO     | httprunner.runner:__run_step:292 - run step begin: 登录-企业用户 >>>>>>
2023-06-26 10:35:59.974 | DEBUG    | httprunner.client:request:186 - client IP: 127.0.0.1, Port: 51649
2023-06-26 10:35:59.974 | DEBUG    | httprunner.client:request:194 - server IP: 127.0.0.1, Port: 8888
2023-06-26 10:35:59.975 | DEBUG    | httprunner.client:log_print:40 - 
================== request details ==================
method   : POST
url      : http://139.198.116.76:8000/api/home/test/login
headers  : {
    "User-Agent": "python-requests/2.28.1",
    "Accept-Encoding": "gzip, deflate, br",
    "Accept": "*/*",
    "Connection": "keep-alive",
    "Content-Length": "144",
    "Content-Type": "application/json",
    "HRUN-Request-ID": "HRUN-2330ec77-cfc0-4d67-b4b6-d5880e67da12-959909",
    "Cookie": "SESSION=MDA0NDNmM2ItOGM3YS00Y2FjLWE5ZjktOWEwMjJmM2M4MjFl"
}
cookies  : {
    "SESSION": "MDA0NDNmM2ItOGM3YS00Y2FjLWE5ZjktOWEwMjJmM2M4MjFl"
}
body     : {
    "captcha": "0000",
    "captchaSign": "5d39bab12bba81ab59b3931d2ca06ee9603c3803355932be66974f122cab3502",
    "emailCaptcha": "",
    "username": "adminy"
}

2023-06-26 10:35:59.976 | DEBUG    | httprunner.client:log_print:40 - 
================== response details ==================
status_code : 200
headers  : {
    "Server": "nginx",
    "Date": "Mon, 26 Jun 2023 02:36:00 GMT",
    "Content-Type": "application/json;charset=UTF-8",
    "Transfer-Encoding": "chunked",
    "Set-Cookie": "SESSION=NzEyOTI3MDYtYzk0MC00NjI2LTkzYjAtYTY4NTY3MDUzNDcw; Path=/; HttpOnly; SameSite=Lax",
    "X-Frame-Options": "SAMEORIGIN",
    "Connection": "keep-alive"
}
cookies  : {
    "SESSION": "NzEyOTI3MDYtYzk0MC00NjI2LTkzYjAtYTY4NTY3MDUzNDcw"
}
encoding : UTF-8
content_type : application/json;charset=UTF-8
body     : {
    "message": "success",
    "status": 1,
    "data": true
}

2023-06-26 10:35:59.976 | INFO     | httprunner.client:request:217 - status_code: 200, response_time(ms): 64.3 ms, response_length: 0 bytes
2023-06-26 10:35:59.976 | INFO     | httprunner.response:extract:179 - extract mapping: {'adminSession': 'response.headers."Set-Cookie".session'}
2023-06-26 10:35:59.977 | INFO     | httprunner.response:validate:249 - assert status_code equal 200(int)	==> pass
2023-06-26 10:35:59.977 | INFO     | httprunner.response:validate:249 - assert headers."Content-Type" equal application/json;charset=UTF-8(str)	==> pass
2023-06-26 10:35:59.977 | INFO     | httprunner.response:validate:249 - assert body.message equal success(str)	==> pass
2023-06-26 10:35:59.977 | INFO     | httprunner.response:validate:249 - assert body.status equal 1(int)	==> pass
2023-06-26 10:35:59.978 | INFO     | httprunner.response:validate:249 - assert body.data equal True(bool)	==> pass
2023-06-26 10:35:59.978 | INFO     | httprunner.runner:__run_step:304 - run step end: 登录-企业用户 <<<<<<

2023-06-26 10:35:59.978 | INFO     | httprunner.runner:__run_step_testcase:286 - export variables: {'adminSession': 'response.headers."Set-Cookie".session'}
2023-06-26 10:35:59.978 | INFO     | httprunner.runner:__run_step:304 - run step end: 登录-管理员 <<<<<<

2023-06-26 10:35:59.978 | INFO     | httprunner.runner:__run_step:292 - run step begin: 年费费用查询 >>>>>>
2023-06-26 10:35:59.979 | INFO     | httprunner.runner:__run_step:292 - run step begin: 财务规则查询-年费 >>>>>>
2023-06-26 10:36:00.027 | DEBUG    | httprunner.client:request:186 - client IP: 127.0.0.1, Port: 51649
2023-06-26 10:36:00.028 | DEBUG    | httprunner.client:request:194 - server IP: 127.0.0.1, Port: 8888
2023-06-26 10:36:00.028 | DEBUG    | httprunner.client:log_print:40 - 
================== request details ==================
method   : GET
url      : http://139.198.116.76:8000/api/finance/rule/findRule?cache=1663837640684&moneyType=2&userId=1715
headers  : {
    "User-Agent": "Mozilla/5.0 (Macintosh; Intel Mac OS X 10_15_7) AppleWebKit/537.36 (KHTML, like Gecko) Chrome/98.0.4758.102 Safari/537.36 Edg/98.0.1108.56",
    "Accept-Encoding": "gzip, deflate",
    "Accept": "application/json, text/plain, */*",
    "Connection": "keep-alive",
    "Accept-Language": "zh-CN,zh;q=0.9,en;q=0.8,en-GB;q=0.7,en-US;q=0.6",
    "HRUN-Request-ID": "HRUN-2330ec77-cfc0-4d67-b4b6-d5880e67da12-959979",
    "Cookie": "SESSION=NzEyOTI3MDYtYzk0MC00NjI2LTkzYjAtYTY4NTY3MDUzNDcw; SESSION=response.headers.\"Set-Cookie\".session"
}
cookies  : {
    "SESSION": "NzEyOTI3MDYtYzk0MC00NjI2LTkzYjAtYTY4NTY3MDUzNDcw"
}
body     : None

2023-06-26 10:36:00.029 | DEBUG    | httprunner.client:log_print:40 - 
================== response details ==================
status_code : 200
headers  : {
    "Server": "nginx",
    "Date": "Mon, 26 Jun 2023 02:36:00 GMT",
    "Content-Type": "application/json;charset=UTF-8",
    "Transfer-Encoding": "chunked",
    "X-Frame-Options": "SAMEORIGIN",
    "Connection": "keep-alive"
}
cookies  : {}
encoding : UTF-8
content_type : application/json;charset=UTF-8
body     : {
    "message": "success",
    "status": 1,
    "data": [
        {
            "id": 78,
            "createDate": "2023-05-31 12:51:47",
            "updateDate": "2023-05-31 12:51:47",
            "name": "标准",
            "money": 10000.0,
            "moneyType": 2,
            "prefixCount": 1,
            "remart": "test",
            "entName": null,
            "entUserId": null,
            "ruleType": 2,
            "escrowId": null
        }
    ]
}

2023-06-26 10:36:00.030 | INFO     | httprunner.client:request:217 - status_code: 200, response_time(ms): 48.29 ms, response_length: 0 bytes
2023-06-26 10:36:00.030 | INFO     | httprunner.response:extract:179 - extract mapping: {'annualFeeRuleId': 78}
2023-06-26 10:36:00.030 | INFO     | httprunner.response:validate:249 - assert status_code equal 200(int)	==> pass
2023-06-26 10:36:00.031 | INFO     | httprunner.response:validate:249 - assert body.message equal success(str)	==> pass
2023-06-26 10:36:00.031 | INFO     | httprunner.response:validate:249 - assert body.status equal 1(int)	==> pass
2023-06-26 10:36:00.031 | INFO     | httprunner.runner:__run_step:304 - run step end: 财务规则查询-年费 <<<<<<

2023-06-26 10:36:00.031 | INFO     | httprunner.runner:__run_step_testcase:286 - export variables: {'annualFeeRuleId': 78}
2023-06-26 10:36:00.031 | INFO     | httprunner.runner:__run_step:304 - run step end: 年费费用查询 <<<<<<

2023-06-26 10:36:00.032 | INFO     | httprunner.runner:__run_step:292 - run step begin: 注册费费用查询 >>>>>>
2023-06-26 10:36:00.032 | INFO     | httprunner.runner:__run_step:292 - run step begin: 财务规则查询-注册费 >>>>>>
2023-06-26 10:36:00.230 | DEBUG    | httprunner.client:request:186 - client IP: 127.0.0.1, Port: 51649
2023-06-26 10:36:00.230 | DEBUG    | httprunner.client:request:194 - server IP: 127.0.0.1, Port: 8888
2023-06-26 10:36:00.231 | DEBUG    | httprunner.client:log_print:40 - 
================== request details ==================
method   : GET
url      : http://139.198.116.76:8000/api/finance/rule/findRule?moneyType=1&userId=1715
headers  : {
    "User-Agent": "Mozilla/5.0 (Macintosh; Intel Mac OS X 10_15_7) AppleWebKit/537.36 (KHTML, like Gecko) Chrome/98.0.4758.102 Safari/537.36 Edg/98.0.1108.56",
    "Accept-Encoding": "gzip, deflate",
    "Accept": "application/json, text/plain, */*",
    "Connection": "keep-alive",
    "Accept-Language": "zh-CN,zh;q=0.9,en;q=0.8,en-GB;q=0.7,en-US;q=0.6",
    "HRUN-Request-ID": "HRUN-2330ec77-cfc0-4d67-b4b6-d5880e67da12-960032",
    "Cookie": "SESSION=NzEyOTI3MDYtYzk0MC00NjI2LTkzYjAtYTY4NTY3MDUzNDcw; SESSION=response.headers.\"Set-Cookie\".session"
}
cookies  : {
    "SESSION": "NzEyOTI3MDYtYzk0MC00NjI2LTkzYjAtYTY4NTY3MDUzNDcw"
}
body     : None

2023-06-26 10:36:00.232 | DEBUG    | httprunner.client:log_print:40 - 
================== response details ==================
status_code : 200
headers  : {
    "Server": "nginx",
    "Date": "Mon, 26 Jun 2023 02:36:00 GMT",
    "Content-Type": "application/json;charset=UTF-8",
    "Transfer-Encoding": "chunked",
    "X-Frame-Options": "SAMEORIGIN",
    "Connection": "keep-alive"
}
cookies  : {}
encoding : UTF-8
content_type : application/json;charset=UTF-8
body     : {
    "message": "success",
    "status": 1,
    "data": [
        {
            "id": 77,
            "createDate": "2023-05-31 12:51:33",
            "updateDate": "2023-05-31 12:51:33",
            "name": "标准",
            "money": 10000.0,
            "moneyType": 1,
            "prefixCount": 1,
            "remart": "test",
            "entName": null,
            "entUserId": null,
            "ruleType": 2,
            "escrowId": null
        }
    ]
}

2023-06-26 10:36:00.232 | INFO     | httprunner.client:request:217 - status_code: 200, response_time(ms): 197.52 ms, response_length: 0 bytes
2023-06-26 10:36:00.232 | INFO     | httprunner.response:extract:179 - extract mapping: {'regFeeRuleId': 77}
2023-06-26 10:36:00.233 | INFO     | httprunner.response:validate:249 - assert status_code equal 200(int)	==> pass
2023-06-26 10:36:00.233 | INFO     | httprunner.response:validate:249 - assert body.message equal success(str)	==> pass
2023-06-26 10:36:00.233 | INFO     | httprunner.response:validate:249 - assert body.status equal 1(int)	==> pass
2023-06-26 10:36:00.233 | INFO     | httprunner.runner:__run_step:304 - run step end: 财务规则查询-注册费 <<<<<<

2023-06-26 10:36:00.234 | INFO     | httprunner.runner:__run_step_testcase:286 - export variables: {'regFeeRuleId': 77}
2023-06-26 10:36:00.234 | INFO     | httprunner.runner:__run_step:304 - run step end: 注册费费用查询 <<<<<<

2023-06-26 10:36:00.234 | INFO     | httprunner.runner:__run_step:292 - run step begin: 审核结果保存 >>>>>>
2023-06-26 10:36:00.234 | INFO     | httprunner.runner:__run_step:292 - run step begin: 企业审核保存 >>>>>>
2023-06-26 10:36:01.282 | DEBUG    | httprunner.client:request:186 - client IP: 127.0.0.1, Port: 51649
2023-06-26 10:36:01.283 | DEBUG    | httprunner.client:request:194 - server IP: 127.0.0.1, Port: 8888
2023-06-26 10:36:01.284 | DEBUG    | httprunner.client:log_print:40 - 
================== request details ==================
method   : POST
url      : http://139.198.116.76:8000/api/v3/ent/audit/save?annualFeeRuleId=78&applyId=1482&auditMsg=%E5%AE%A1%E6%A0%B8%E9%80%9A%E8%BF%87&auditResult=pass&entPrefix=88.408.7466250681&regFeeRuleId=77
headers  : {
    "User-Agent": "Mozilla/5.0 (Macintosh; Intel Mac OS X 10_15_7) AppleWebKit/537.36 (KHTML, like Gecko) Chrome/98.0.4758.102 Safari/537.36 Edg/98.0.1108.56",
    "Accept-Encoding": "gzip, deflate",
    "Accept": "application/json, text/plain, */*",
    "Connection": "keep-alive",
    "Accept-Language": "zh-CN,zh;q=0.9,en;q=0.8,en-GB;q=0.7,en-US;q=0.6",
    "Content-Length": "0",
    "HRUN-Request-ID": "HRUN-2330ec77-cfc0-4d67-b4b6-d5880e67da12-960234",
    "Cookie": "SESSION=NzEyOTI3MDYtYzk0MC00NjI2LTkzYjAtYTY4NTY3MDUzNDcw; SESSION=response.headers.\"Set-Cookie\".session"
}
cookies  : {
    "SESSION": "NzEyOTI3MDYtYzk0MC00NjI2LTkzYjAtYTY4NTY3MDUzNDcw"
}
body     : None

2023-06-26 10:36:01.285 | DEBUG    | httprunner.client:log_print:40 - 
================== response details ==================
status_code : 200
headers  : {
    "Server": "nginx",
    "Date": "Mon, 26 Jun 2023 02:36:01 GMT",
    "Content-Type": "application/json",
    "Transfer-Encoding": "chunked",
    "X-Frame-Options": "SAMEORIGIN",
    "Connection": "keep-alive"
}
cookies  : {}
encoding : utf-8
content_type : application/json
body     : {
    "message": "success",
    "status": 1,
    "data": true
}

2023-06-26 10:36:01.286 | INFO     | httprunner.client:request:217 - status_code: 200, response_time(ms): 1047.59 ms, response_length: 0 bytes
2023-06-26 10:36:01.286 | INFO     | httprunner.response:validate:249 - assert status_code equal 200(int)	==> pass
2023-06-26 10:36:01.286 | INFO     | httprunner.response:validate:249 - assert body.message equal success(str)	==> pass
2023-06-26 10:36:01.286 | INFO     | httprunner.response:validate:249 - assert body.status equal 1(int)	==> pass
2023-06-26 10:36:01.286 | INFO     | httprunner.response:validate:249 - assert body.data equal True(bool)	==> pass
2023-06-26 10:36:01.287 | INFO     | httprunner.runner:__run_step:304 - run step end: 企业审核保存 <<<<<<

2023-06-26 10:36:01.287 | INFO     | httprunner.runner:__run_step:304 - run step end: 审核结果保存 <<<<<<

2023-06-26 10:36:01.288 | INFO     | httprunner.runner:__run_step:292 - run step begin: 企业用户登录 >>>>>>
2023-06-26 10:36:01.289 | INFO     | httprunner.runner:__run_step:292 - run step begin: 登录-企业用户 >>>>>>
2023-06-26 10:36:01.362 | DEBUG    | httprunner.client:request:186 - client IP: 127.0.0.1, Port: 51649
2023-06-26 10:36:01.362 | DEBUG    | httprunner.client:request:194 - server IP: 127.0.0.1, Port: 8888
2023-06-26 10:36:01.363 | DEBUG    | httprunner.client:log_print:40 - 
================== request details ==================
method   : POST
url      : http://139.198.116.76:8000/api/home/test/login
headers  : {
    "User-Agent": "python-requests/2.28.1",
    "Accept-Encoding": "gzip, deflate, br",
    "Accept": "*/*",
    "Connection": "keep-alive",
    "Content-Length": "170",
    "Content-Type": "application/json",
    "HRUN-Request-ID": "HRUN-2330ec77-cfc0-4d67-b4b6-d5880e67da12-961289",
    "Cookie": "SESSION=NzEyOTI3MDYtYzk0MC00NjI2LTkzYjAtYTY4NTY3MDUzNDcw"
}
cookies  : {
    "SESSION": "NzEyOTI3MDYtYzk0MC00NjI2LTkzYjAtYTY4NTY3MDUzNDcw"
}
body     : {
    "captcha": "0000",
    "captchaSign": "e04d82fb31cb443f023e48f9dd7e9cf94e5c94e29e6517e3a950b1cf5be3f681",
    "emailCaptcha": "",
    "username": "GESGLZEID4NY9tmH8dOSi1fzwsNniDEs"
}

2023-06-26 10:36:01.363 | DEBUG    | httprunner.client:log_print:40 - 
================== response details ==================
status_code : 200
headers  : {
    "Server": "nginx",
    "Date": "Mon, 26 Jun 2023 02:36:01 GMT",
    "Content-Type": "application/json;charset=UTF-8",
    "Transfer-Encoding": "chunked",
    "Set-Cookie": "SESSION=NWIyYzUyYTctZmE2Mi00OTY3LWI2NTQtMTUyMWRhMzNkOTU4; Path=/; HttpOnly; SameSite=Lax",
    "X-Frame-Options": "SAMEORIGIN",
    "Connection": "keep-alive"
}
cookies  : {
    "SESSION": "NWIyYzUyYTctZmE2Mi00OTY3LWI2NTQtMTUyMWRhMzNkOTU4"
}
encoding : UTF-8
content_type : application/json;charset=UTF-8
body     : {
    "message": "success",
    "status": 1,
    "data": true
}

2023-06-26 10:36:01.364 | INFO     | httprunner.client:request:217 - status_code: 200, response_time(ms): 72.6 ms, response_length: 0 bytes
2023-06-26 10:36:01.364 | INFO     | httprunner.response:extract:179 - extract mapping: {'entSession': 'response.headers."Set-Cookie".session'}
2023-06-26 10:36:01.364 | INFO     | httprunner.response:validate:249 - assert status_code equal 200(int)	==> pass
2023-06-26 10:36:01.365 | INFO     | httprunner.response:validate:249 - assert headers."Content-Type" equal application/json;charset=UTF-8(str)	==> pass
2023-06-26 10:36:01.365 | INFO     | httprunner.response:validate:249 - assert body.message equal success(str)	==> pass
2023-06-26 10:36:01.365 | INFO     | httprunner.response:validate:249 - assert body.status equal 1(int)	==> pass
2023-06-26 10:36:01.365 | INFO     | httprunner.response:validate:249 - assert body.data equal True(bool)	==> pass
2023-06-26 10:36:01.366 | INFO     | httprunner.runner:__run_step:304 - run step end: 登录-企业用户 <<<<<<

2023-06-26 10:36:01.366 | INFO     | httprunner.runner:__run_step_testcase:286 - export variables: {'entSession': 'response.headers."Set-Cookie".session'}
2023-06-26 10:36:01.366 | INFO     | httprunner.runner:__run_step:304 - run step end: 企业用户登录 <<<<<<

2023-06-26 10:36:01.366 | INFO     | httprunner.runner:__run_step:292 - run step begin: 企业申请托管 >>>>>>
2023-06-26 10:36:01.367 | INFO     | httprunner.runner:__run_step:292 - run step begin: 托管申请 >>>>>>
2023-06-26 10:36:01.429 | DEBUG    | httprunner.client:request:186 - client IP: 127.0.0.1, Port: 51649
2023-06-26 10:36:01.430 | DEBUG    | httprunner.client:request:194 - server IP: 127.0.0.1, Port: 8888
2023-06-26 10:36:01.431 | DEBUG    | httprunner.client:log_print:40 - 
================== request details ==================
method   : GET
url      : http://139.198.116.76:8000/api/prefixProxy/apply?entPrefix=88.408.7466250681
headers  : {
    "User-Agent": "Mozilla/5.0 (Macintosh; Intel Mac OS X 10_15_7) AppleWebKit/537.36 (KHTML, like Gecko) Chrome/105.0.0.0 Safari/537.36",
    "Accept-Encoding": "gzip, deflate",
    "Accept": "application/json, text/plain, */*",
    "Connection": "keep-alive",
    "Accept-Language": "zh-CN,zh;q=0.9",
    "HRUN-Request-ID": "HRUN-2330ec77-cfc0-4d67-b4b6-d5880e67da12-961368",
    "Cookie": "SESSION=NWIyYzUyYTctZmE2Mi00OTY3LWI2NTQtMTUyMWRhMzNkOTU4; SESSION=response.headers.\"Set-Cookie\".session"
}
cookies  : {
    "SESSION": "NWIyYzUyYTctZmE2Mi00OTY3LWI2NTQtMTUyMWRhMzNkOTU4"
}
body     : None

2023-06-26 10:36:01.432 | DEBUG    | httprunner.client:log_print:40 - 
================== response details ==================
status_code : 200
headers  : {
    "Server": "nginx",
    "Date": "Mon, 26 Jun 2023 02:36:01 GMT",
    "Content-Type": "application/json;charset=UTF-8",
    "Transfer-Encoding": "chunked",
    "X-Frame-Options": "SAMEORIGIN",
    "Connection": "keep-alive"
}
cookies  : {}
encoding : UTF-8
content_type : application/json;charset=UTF-8
body     : {
    "message": "success",
    "status": 1,
    "data": null
}

2023-06-26 10:36:01.433 | INFO     | httprunner.client:request:217 - status_code: 200, response_time(ms): 61.2 ms, response_length: 0 bytes
2023-06-26 10:36:01.433 | INFO     | httprunner.response:validate:249 - assert status_code equal 200(int)	==> pass
2023-06-26 10:36:01.433 | INFO     | httprunner.response:validate:249 - assert body.message equal success(str)	==> pass
2023-06-26 10:36:01.433 | INFO     | httprunner.runner:__run_step:304 - run step end: 托管申请 <<<<<<

2023-06-26 10:36:01.434 | INFO     | httprunner.runner:__run_step:304 - run step end: 企业申请托管 <<<<<<

2023-06-26 10:36:01.434 | INFO     | httprunner.runner:__run_step:292 - run step begin: 管理员用户登录 >>>>>>
2023-06-26 10:36:01.435 | INFO     | httprunner.runner:__run_step:292 - run step begin: 登录-企业用户 >>>>>>
2023-06-26 10:36:01.497 | DEBUG    | httprunner.client:request:186 - client IP: 127.0.0.1, Port: 51649
2023-06-26 10:36:01.499 | DEBUG    | httprunner.client:request:194 - server IP: 127.0.0.1, Port: 8888
2023-06-26 10:36:01.499 | DEBUG    | httprunner.client:log_print:40 - 
================== request details ==================
method   : POST
url      : http://139.198.116.76:8000/api/home/test/login
headers  : {
    "User-Agent": "python-requests/2.28.1",
    "Accept-Encoding": "gzip, deflate, br",
    "Accept": "*/*",
    "Connection": "keep-alive",
    "Content-Length": "144",
    "Content-Type": "application/json",
    "HRUN-Request-ID": "HRUN-2330ec77-cfc0-4d67-b4b6-d5880e67da12-961436",
    "Cookie": "SESSION=NWIyYzUyYTctZmE2Mi00OTY3LWI2NTQtMTUyMWRhMzNkOTU4"
}
cookies  : {
    "SESSION": "NWIyYzUyYTctZmE2Mi00OTY3LWI2NTQtMTUyMWRhMzNkOTU4"
}
body     : {
    "captcha": "0000",
    "captchaSign": "5d39bab12bba81ab59b3931d2ca06ee9603c3803355932be66974f122cab3502",
    "emailCaptcha": "",
    "username": "adminy"
}

2023-06-26 10:36:01.501 | DEBUG    | httprunner.client:log_print:40 - 
================== response details ==================
status_code : 200
headers  : {
    "Server": "nginx",
    "Date": "Mon, 26 Jun 2023 02:36:01 GMT",
    "Content-Type": "application/json;charset=UTF-8",
    "Transfer-Encoding": "chunked",
    "Set-Cookie": "SESSION=ODYxNTgyYzMtYzNhMy00MTc3LWE1MjQtMzI1YWY5NGMwZmE4; Path=/; HttpOnly; SameSite=Lax",
    "X-Frame-Options": "SAMEORIGIN",
    "Connection": "keep-alive"
}
cookies  : {
    "SESSION": "ODYxNTgyYzMtYzNhMy00MTc3LWE1MjQtMzI1YWY5NGMwZmE4"
}
encoding : UTF-8
content_type : application/json;charset=UTF-8
body     : {
    "message": "success",
    "status": 1,
    "data": true
}

2023-06-26 10:36:01.501 | INFO     | httprunner.client:request:217 - status_code: 200, response_time(ms): 61.47 ms, response_length: 0 bytes
2023-06-26 10:36:01.501 | INFO     | httprunner.response:extract:179 - extract mapping: {'adminSession': 'response.headers."Set-Cookie".session'}
2023-06-26 10:36:01.502 | INFO     | httprunner.response:validate:249 - assert status_code equal 200(int)	==> pass
2023-06-26 10:36:01.502 | INFO     | httprunner.response:validate:249 - assert headers."Content-Type" equal application/json;charset=UTF-8(str)	==> pass
2023-06-26 10:36:01.502 | INFO     | httprunner.response:validate:249 - assert body.message equal success(str)	==> pass
2023-06-26 10:36:01.502 | INFO     | httprunner.response:validate:249 - assert body.status equal 1(int)	==> pass
2023-06-26 10:36:01.502 | INFO     | httprunner.response:validate:249 - assert body.data equal True(bool)	==> pass
2023-06-26 10:36:01.502 | INFO     | httprunner.runner:__run_step:304 - run step end: 登录-企业用户 <<<<<<

2023-06-26 10:36:01.503 | INFO     | httprunner.runner:__run_step_testcase:286 - export variables: {'adminSession': 'response.headers."Set-Cookie".session'}
2023-06-26 10:36:01.503 | INFO     | httprunner.runner:__run_step:304 - run step end: 管理员用户登录 <<<<<<

2023-06-26 10:36:01.503 | INFO     | httprunner.runner:__run_step:292 - run step begin: 前缀审核列表查询所申请前缀的id >>>>>>
2023-06-26 10:36:01.504 | INFO     | httprunner.runner:__run_step:292 - run step begin: 前缀审核列表 >>>>>>
2023-06-26 10:36:01.555 | DEBUG    | httprunner.client:request:186 - client IP: 127.0.0.1, Port: 51649
2023-06-26 10:36:01.556 | DEBUG    | httprunner.client:request:194 - server IP: 127.0.0.1, Port: 8888
2023-06-26 10:36:01.557 | DEBUG    | httprunner.client:log_print:40 - 
================== request details ==================
method   : GET
url      : http://139.198.116.76:8000/api/proxyserver/prefix/audit/pageQuery?cache=1663920502544&currentPage=1&entNameCn=&escrowOrgName=&order=&orderProp=&prefix=88.408.7466250681
headers  : {
    "User-Agent": "Mozilla/5.0 (Macintosh; Intel Mac OS X 10_15_7) AppleWebKit/537.36 (KHTML, like Gecko) Chrome/104.0.0.0 Safari/537.36",
    "Accept-Encoding": "gzip, deflate",
    "Accept": "application/json, text/plain, */*",
    "Connection": "keep-alive",
    "Accept-Language": "zh-CN,zh;q=0.9",
    "HRUN-Request-ID": "HRUN-2330ec77-cfc0-4d67-b4b6-d5880e67da12-961504",
    "Cookie": "SESSION=ODYxNTgyYzMtYzNhMy00MTc3LWE1MjQtMzI1YWY5NGMwZmE4; SESSION=response.headers.\"Set-Cookie\".session"
}
cookies  : {
    "SESSION": "ODYxNTgyYzMtYzNhMy00MTc3LWE1MjQtMzI1YWY5NGMwZmE4"
}
body     : None

2023-06-26 10:36:01.559 | DEBUG    | httprunner.client:log_print:40 - 
================== response details ==================
status_code : 200
headers  : {
    "Server": "nginx",
    "Date": "Mon, 26 Jun 2023 02:36:01 GMT",
    "Content-Type": "application/json",
    "Transfer-Encoding": "chunked",
    "X-Frame-Options": "SAMEORIGIN",
    "Connection": "keep-alive"
}
cookies  : {}
encoding : utf-8
content_type : application/json
body     : {
    "message": "success",
    "status": 1,
    "data": {
        "first": true,
        "last": true,
        "totalPages": 1,
        "totalElements": 1,
        "number": 1,
        "size": 10,
        "sort": {
            "sorted": true,
            "unsorted": false,
            "empty": false
        },
        "numberOfElements": 1,
        "content": [
            {
                "id": 403,
                "prefix": "88.408.7466250681",
                "entNameCn": "GESGLZEID4NY9tmH8dOSi1fzwsNniDEs",
                "escrowOrgName": null,
                "isProxy": 2,
                "userId": 1715,
                "createDate": "2023-06-26 10:36:02",
                "updateDate": "2023-06-26 10:36:02"
            }
        ]
    }
}

2023-06-26 10:36:01.560 | INFO     | httprunner.client:request:217 - status_code: 200, response_time(ms): 50.46 ms, response_length: 0 bytes
2023-06-26 10:36:01.560 | INFO     | httprunner.response:extract:179 - extract mapping: {'prefixauditid': 403}
2023-06-26 10:36:01.560 | INFO     | httprunner.response:validate:249 - assert status_code equal 200(int)	==> pass
2023-06-26 10:36:01.561 | INFO     | httprunner.response:validate:249 - assert headers."Content-Type" equal application/json(str)	==> pass
2023-06-26 10:36:01.561 | INFO     | httprunner.response:validate:249 - assert body.message equal success(str)	==> pass
2023-06-26 10:36:01.561 | INFO     | httprunner.response:validate:249 - assert body.status equal 1(int)	==> pass
2023-06-26 10:36:01.561 | INFO     | httprunner.runner:__run_step:304 - run step end: 前缀审核列表 <<<<<<

2023-06-26 10:36:01.561 | INFO     | httprunner.runner:__run_step_testcase:286 - export variables: {'prefixauditid': 403}
2023-06-26 10:36:01.561 | INFO     | httprunner.runner:__run_step:304 - run step end: 前缀审核列表查询所申请前缀的id <<<<<<

2023-06-26 10:36:01.562 | INFO     | httprunner.runner:__run_step:292 - run step begin: 获取托管服务器列表 >>>>>>
2023-06-26 10:36:01.563 | INFO     | httprunner.runner:__run_step:292 - run step begin: 托管服务器列表 >>>>>>
2023-06-26 10:36:01.719 | DEBUG    | httprunner.client:request:186 - client IP: 127.0.0.1, Port: 51649
2023-06-26 10:36:01.720 | DEBUG    | httprunner.client:request:194 - server IP: 127.0.0.1, Port: 8888
2023-06-26 10:36:01.722 | DEBUG    | httprunner.client:log_print:40 - 
================== request details ==================
method   : GET
url      : http://139.198.116.76:8000/api/system/proxy/server/pageQuery?cache=1663915357874
headers  : {
    "User-Agent": "Mozilla/5.0 (Macintosh; Intel Mac OS X 10_15_7) AppleWebKit/537.36 (KHTML, like Gecko) Chrome/104.0.0.0 Safari/537.36",
    "Accept-Encoding": "gzip, deflate",
    "Accept": "application/json, text/plain, */*",
    "Connection": "keep-alive",
    "Accept-Language": "zh-CN,zh;q=0.9",
    "HRUN-Request-ID": "HRUN-2330ec77-cfc0-4d67-b4b6-d5880e67da12-961563",
    "Cookie": "SESSION=ODYxNTgyYzMtYzNhMy00MTc3LWE1MjQtMzI1YWY5NGMwZmE4; SESSION=response.headers.\"Set-Cookie\".session"
}
cookies  : {
    "SESSION": "ODYxNTgyYzMtYzNhMy00MTc3LWE1MjQtMzI1YWY5NGMwZmE4"
}
body     : None

2023-06-26 10:36:01.723 | DEBUG    | httprunner.client:log_print:40 - 
================== response details ==================
status_code : 200
headers  : {
    "Server": "nginx",
    "Date": "Mon, 26 Jun 2023 02:36:01 GMT",
    "Content-Type": "application/json",
    "Transfer-Encoding": "chunked",
    "X-Frame-Options": "SAMEORIGIN",
    "Connection": "keep-alive"
}
cookies  : {}
encoding : utf-8
content_type : application/json
body     : {
    "message": "success",
    "status": 1,
    "data": {
        "first": true,
        "last": true,
        "totalPages": 1,
        "totalElements": 1,
        "number": 1,
        "size": 10,
        "sort": {
            "sorted": true,
            "unsorted": false,
            "empty": false
        },
        "numberOfElements": 1,
        "content": [
            {
                "id": 5,
                "createDate": "2023-05-31 10:16:20",
                "updateDate": "2023-05-31 10:16:20",
                "srvName": "托管服务器-勿动",
                "ipType": 4,
                "ip": "192.168.0.76",
                "tcpPort": 2643,
                "udpPort": null,
                "httpPort": 8083,
                "ipTypeReslove": 4,
                "ipReslove": "139.198.116.208",
                "tcpPortReslove": 2643,
                "udpPortReslove": null,
                "httpPortReslove": 8083
            }
        ]
    }
}

2023-06-26 10:36:01.724 | INFO     | httprunner.client:request:217 - status_code: 200, response_time(ms): 155.95 ms, response_length: 0 bytes
2023-06-26 10:36:01.724 | INFO     | httprunner.response:extract:179 - extract mapping: {'proxyserverid': 5}
2023-06-26 10:36:01.724 | INFO     | httprunner.response:validate:249 - assert status_code equal 200(int)	==> pass
2023-06-26 10:36:01.724 | INFO     | httprunner.response:validate:249 - assert headers."Content-Type" equal application/json(str)	==> pass
2023-06-26 10:36:01.725 | INFO     | httprunner.response:validate:249 - assert body.message equal success(str)	==> pass
2023-06-26 10:36:01.725 | INFO     | httprunner.response:validate:249 - assert body.status equal 1(int)	==> pass
2023-06-26 10:36:01.725 | INFO     | httprunner.runner:__run_step:304 - run step end: 托管服务器列表 <<<<<<

2023-06-26 10:36:01.725 | INFO     | httprunner.runner:__run_step_testcase:286 - export variables: {'proxyserverid': 5}
2023-06-26 10:36:01.726 | INFO     | httprunner.runner:__run_step:304 - run step end: 获取托管服务器列表 <<<<<<

2023-06-26 10:36:01.726 | INFO     | httprunner.runner:__run_step:292 - run step begin: 前缀审核通过 >>>>>>
2023-06-26 10:36:01.727 | INFO     | httprunner.runner:__run_step:292 - run step begin: 托管审核保存 >>>>>>
2023-06-26 10:36:01.839 | DEBUG    | httprunner.client:request:186 - client IP: 127.0.0.1, Port: 51649
2023-06-26 10:36:01.840 | DEBUG    | httprunner.client:request:194 - server IP: 127.0.0.1, Port: 8888
2023-06-26 10:36:01.841 | DEBUG    | httprunner.client:log_print:40 - 
================== request details ==================
method   : POST
url      : http://139.198.116.76:8000/api/proxyserver/prefix/audit/save?auditResult=pass&id=403&ids=5
headers  : {
    "User-Agent": "Mozilla/5.0 (Macintosh; Intel Mac OS X 10_15_7) AppleWebKit/537.36 (KHTML, like Gecko) Chrome/104.0.0.0 Safari/537.36",
    "Accept-Encoding": "gzip, deflate",
    "Accept": "application/json, text/plain, */*",
    "Connection": "keep-alive",
    "Accept-Language": "zh-CN,zh;q=0.9",
    "Content-Length": "0",
    "HRUN-Request-ID": "HRUN-2330ec77-cfc0-4d67-b4b6-d5880e67da12-961728",
    "Cookie": "SESSION=ODYxNTgyYzMtYzNhMy00MTc3LWE1MjQtMzI1YWY5NGMwZmE4; SESSION=response.headers.\"Set-Cookie\".session"
}
cookies  : {
    "SESSION": "ODYxNTgyYzMtYzNhMy00MTc3LWE1MjQtMzI1YWY5NGMwZmE4"
}
body     : None

2023-06-26 10:36:01.842 | DEBUG    | httprunner.client:log_print:40 - 
================== response details ==================
status_code : 200
headers  : {
    "Server": "nginx",
    "Date": "Mon, 26 Jun 2023 02:36:01 GMT",
    "Content-Type": "application/json",
    "Transfer-Encoding": "chunked",
    "X-Frame-Options": "SAMEORIGIN",
    "Connection": "keep-alive"
}
cookies  : {}
encoding : utf-8
content_type : application/json
body     : {
    "message": "success",
    "status": 1,
    "data": true
}

2023-06-26 10:36:01.842 | INFO     | httprunner.client:request:217 - status_code: 200, response_time(ms): 110.41 ms, response_length: 0 bytes
2023-06-26 10:36:01.843 | INFO     | httprunner.response:validate:249 - assert status_code equal 200(int)	==> pass
2023-06-26 10:36:01.843 | INFO     | httprunner.response:validate:249 - assert headers."Content-Type" equal application/json(str)	==> pass
2023-06-26 10:36:01.843 | INFO     | httprunner.response:validate:249 - assert body.message equal success(str)	==> pass
2023-06-26 10:36:01.843 | INFO     | httprunner.response:validate:249 - assert body.status equal 1(int)	==> pass
2023-06-26 10:36:01.843 | INFO     | httprunner.response:validate:249 - assert body.data equal True(bool)	==> pass
2023-06-26 10:36:01.844 | INFO     | httprunner.runner:__run_step:304 - run step end: 托管审核保存 <<<<<<

2023-06-26 10:36:01.844 | INFO     | httprunner.runner:__run_step:304 - run step end: 前缀审核通过 <<<<<<

2023-06-26 10:36:01.844 | INFO     | httprunner.runner:__run_step:292 - run step begin: 取消托管配置 >>>>>>
2023-06-26 10:36:01.845 | INFO     | httprunner.runner:__run_step:292 - run step begin: 托管审核删除托管配置 >>>>>>
2023-06-26 10:36:01.914 | DEBUG    | httprunner.client:request:186 - client IP: 127.0.0.1, Port: 51649
2023-06-26 10:36:01.915 | DEBUG    | httprunner.client:request:194 - server IP: 127.0.0.1, Port: 8888
2023-06-26 10:36:01.916 | DEBUG    | httprunner.client:log_print:40 - 
================== request details ==================
method   : POST
url      : http://139.198.116.76:8000/api/proxyserver/prefix/audit/deleteProxy?id=403&proxyid=5
headers  : {
    "User-Agent": "Mozilla/5.0 (Macintosh; Intel Mac OS X 10_15_7) AppleWebKit/537.36 (KHTML, like Gecko) Chrome/104.0.0.0 Safari/537.36",
    "Accept-Encoding": "gzip, deflate",
    "Accept": "application/json, text/plain, */*",
    "Connection": "keep-alive",
    "Accept-Language": "zh-CN,zh;q=0.9",
    "Content-Length": "0",
    "HRUN-Request-ID": "HRUN-2330ec77-cfc0-4d67-b4b6-d5880e67da12-961845",
    "Cookie": "SESSION=ODYxNTgyYzMtYzNhMy00MTc3LWE1MjQtMzI1YWY5NGMwZmE4; SESSION=response.headers.\"Set-Cookie\".session"
}
cookies  : {
    "SESSION": "ODYxNTgyYzMtYzNhMy00MTc3LWE1MjQtMzI1YWY5NGMwZmE4"
}
body     : None

2023-06-26 10:36:01.918 | DEBUG    | httprunner.client:log_print:40 - 
================== response details ==================
status_code : 200
headers  : {
    "Server": "nginx",
    "Date": "Mon, 26 Jun 2023 02:36:02 GMT",
    "Content-Type": "application/json",
    "Transfer-Encoding": "chunked",
    "X-Frame-Options": "SAMEORIGIN",
    "Connection": "keep-alive"
}
cookies  : {}
encoding : utf-8
content_type : application/json
body     : {
    "message": "success",
    "status": 1,
    "data": true
}

2023-06-26 10:36:01.918 | INFO     | httprunner.client:request:217 - status_code: 200, response_time(ms): 68.63 ms, response_length: 0 bytes
2023-06-26 10:36:01.918 | INFO     | httprunner.response:validate:249 - assert status_code equal 200(int)	==> pass
2023-06-26 10:36:01.919 | INFO     | httprunner.response:validate:249 - assert headers."Content-Type" equal application/json(str)	==> pass
2023-06-26 10:36:01.919 | INFO     | httprunner.response:validate:249 - assert body.message equal success(str)	==> pass
2023-06-26 10:36:01.919 | INFO     | httprunner.response:validate:249 - assert body.status equal 1(int)	==> pass
2023-06-26 10:36:01.919 | INFO     | httprunner.response:validate:249 - assert body.data equal True(bool)	==> pass
2023-06-26 10:36:01.919 | INFO     | httprunner.runner:__run_step:304 - run step end: 托管审核删除托管配置 <<<<<<

2023-06-26 10:36:01.920 | INFO     | httprunner.runner:__run_step:304 - run step end: 取消托管配置 <<<<<<

2023-06-26 10:36:01.920 | INFO     | httprunner.runner:__run_step:292 - run step begin: 企业用户登录 >>>>>>
2023-06-26 10:36:01.921 | INFO     | httprunner.runner:__run_step:292 - run step begin: 登录-企业用户 >>>>>>
2023-06-26 10:36:02.006 | DEBUG    | httprunner.client:request:186 - client IP: 127.0.0.1, Port: 51649
2023-06-26 10:36:02.007 | DEBUG    | httprunner.client:request:194 - server IP: 127.0.0.1, Port: 8888
2023-06-26 10:36:02.007 | DEBUG    | httprunner.client:log_print:40 - 
================== request details ==================
method   : POST
url      : http://139.198.116.76:8000/api/home/test/login
headers  : {
    "User-Agent": "python-requests/2.28.1",
    "Accept-Encoding": "gzip, deflate, br",
    "Accept": "*/*",
    "Connection": "keep-alive",
    "Content-Length": "170",
    "Content-Type": "application/json",
    "HRUN-Request-ID": "HRUN-2330ec77-cfc0-4d67-b4b6-d5880e67da12-961922",
    "Cookie": "SESSION=ODYxNTgyYzMtYzNhMy00MTc3LWE1MjQtMzI1YWY5NGMwZmE4"
}
cookies  : {
    "SESSION": "ODYxNTgyYzMtYzNhMy00MTc3LWE1MjQtMzI1YWY5NGMwZmE4"
}
body     : {
    "captcha": "0000",
    "captchaSign": "e04d82fb31cb443f023e48f9dd7e9cf94e5c94e29e6517e3a950b1cf5be3f681",
    "emailCaptcha": "",
    "username": "GESGLZEID4NY9tmH8dOSi1fzwsNniDEs"
}

2023-06-26 10:36:02.008 | DEBUG    | httprunner.client:log_print:40 - 
================== response details ==================
status_code : 200
headers  : {
    "Server": "nginx",
    "Date": "Mon, 26 Jun 2023 02:36:02 GMT",
    "Content-Type": "application/json;charset=UTF-8",
    "Transfer-Encoding": "chunked",
    "Set-Cookie": "SESSION=ZjBjYmMzNGMtNjE5My00OTFmLWEyZGUtMTgwZjFlMGQ2ZjJh; Path=/; HttpOnly; SameSite=Lax",
    "X-Frame-Options": "SAMEORIGIN",
    "Connection": "keep-alive"
}
cookies  : {
    "SESSION": "ZjBjYmMzNGMtNjE5My00OTFmLWEyZGUtMTgwZjFlMGQ2ZjJh"
}
encoding : UTF-8
content_type : application/json;charset=UTF-8
body     : {
    "message": "success",
    "status": 1,
    "data": true
}

2023-06-26 10:36:02.008 | INFO     | httprunner.client:request:217 - status_code: 200, response_time(ms): 83.7 ms, response_length: 0 bytes
2023-06-26 10:36:02.009 | INFO     | httprunner.response:extract:179 - extract mapping: {'entSession': 'response.headers."Set-Cookie".session'}
2023-06-26 10:36:02.009 | INFO     | httprunner.response:validate:249 - assert status_code equal 200(int)	==> pass
2023-06-26 10:36:02.009 | INFO     | httprunner.response:validate:249 - assert headers."Content-Type" equal application/json;charset=UTF-8(str)	==> pass
2023-06-26 10:36:02.009 | INFO     | httprunner.response:validate:249 - assert body.message equal success(str)	==> pass
2023-06-26 10:36:02.009 | INFO     | httprunner.response:validate:249 - assert body.status equal 1(int)	==> pass
2023-06-26 10:36:02.009 | INFO     | httprunner.response:validate:249 - assert body.data equal True(bool)	==> pass
2023-06-26 10:36:02.010 | INFO     | httprunner.runner:__run_step:304 - run step end: 登录-企业用户 <<<<<<

2023-06-26 10:36:02.010 | INFO     | httprunner.runner:__run_step_testcase:286 - export variables: {'entSession': 'response.headers."Set-Cookie".session'}
2023-06-26 10:36:02.010 | INFO     | httprunner.runner:__run_step:304 - run step end: 企业用户登录 <<<<<<

2023-06-26 10:36:02.010 | INFO     | httprunner.runner:__run_step:292 - run step begin: 企业登录系统，查看托管配置信息 >>>>>>
2023-06-26 10:36:02.011 | INFO     | httprunner.runner:__run_step:292 - run step begin: 企业用户查看托管审核结果 >>>>>>
2023-06-26 10:36:02.108 | DEBUG    | httprunner.client:request:186 - client IP: 127.0.0.1, Port: 51649
2023-06-26 10:36:02.109 | DEBUG    | httprunner.client:request:194 - server IP: 127.0.0.1, Port: 8888
2023-06-26 10:36:02.110 | DEBUG    | httprunner.client:log_print:40 - 
================== request details ==================
method   : GET
url      : http://139.198.116.76:8000/api/prefixProxy/pageQuery?cache=1664248316475&currentPage=1&entPrefix=88.408.7466250681&order=&orderProp=
headers  : {
    "User-Agent": "Mozilla/5.0 (Macintosh; Intel Mac OS X 10_15_7) AppleWebKit/537.36 (KHTML, like Gecko) Chrome/104.0.0.0 Safari/537.36",
    "Accept-Encoding": "gzip, deflate",
    "Accept": "application/json, text/plain, */*",
    "Connection": "keep-alive",
    "Accept-Language": "zh-CN,zh;q=0.9",
    "HRUN-Request-ID": "HRUN-2330ec77-cfc0-4d67-b4b6-d5880e67da12-962012",
    "Cookie": "SESSION=ZjBjYmMzNGMtNjE5My00OTFmLWEyZGUtMTgwZjFlMGQ2ZjJh; SESSION=response.headers.\"Set-Cookie\".session"
}
cookies  : {
    "SESSION": "ZjBjYmMzNGMtNjE5My00OTFmLWEyZGUtMTgwZjFlMGQ2ZjJh"
}
body     : None

2023-06-26 10:36:02.111 | DEBUG    | httprunner.client:log_print:40 - 
================== response details ==================
status_code : 200
headers  : {
    "Server": "nginx",
    "Date": "Mon, 26 Jun 2023 02:36:02 GMT",
    "Content-Type": "application/json;charset=UTF-8",
    "Transfer-Encoding": "chunked",
    "X-Frame-Options": "SAMEORIGIN",
    "Connection": "keep-alive"
}
cookies  : {}
encoding : UTF-8
content_type : application/json;charset=UTF-8
body     : {
    "message": "success",
    "status": 1,
    "data": {
        "first": true,
        "last": true,
        "totalPages": 1,
        "totalElements": 1,
        "number": 1,
        "size": 10,
        "sort": {
            "sorted": false,
            "unsorted": true,
            "empty": true
        },
        "numberOfElements": 1,
        "content": [
            {
                "id": 777,
                "createDate": "2023-06-26 10:36:01",
                "updateDate": "2023-06-26 10:36:02",
                "entPrefix": "88.408.7466250681",
                "state": true,
                "entGeneralId": "2812911300000001",
                "entName": "GESGLZEID4NY9tmH8dOSi1fzwsNniDEs",
                "userId": 1715,
                "proxyState": 1,
                "proxyServerId": null,
                "auditId": null,
                "auditName": null,
                "auditMsg": null,
                "status": null,
                "proxyServerApplyId": null
            }
        ]
    }
}

2023-06-26 10:36:02.112 | INFO     | httprunner.client:request:217 - status_code: 200, response_time(ms): 95.67 ms, response_length: 0 bytes
2023-06-26 10:36:02.112 | INFO     | httprunner.response:validate:249 - assert status_code equal 200(int)	==> pass
2023-06-26 10:36:02.112 | INFO     | httprunner.response:validate:249 - assert body.message equal success(str)	==> pass
2023-06-26 10:36:02.112 | INFO     | httprunner.response:validate:249 - assert body.status equal 1(int)	==> pass
2023-06-26 10:36:02.112 | INFO     | httprunner.response:validate:249 - assert body.content[0].auditMsg equal None(NoneType)	==> pass
2023-06-26 10:36:02.113 | INFO     | httprunner.runner:__run_step:304 - run step end: 企业用户查看托管审核结果 <<<<<<

2023-06-26 10:36:02.113 | INFO     | httprunner.runner:__run_step:304 - run step end: 企业登录系统，查看托管配置信息 <<<<<<

