2023-06-26 10:35:49.426 | INFO     | httprunner.runner:test_start:450 - Start to run testcase: 托管审核用例集, TestCase ID: 25cba47c-a949-490b-8f06-267ee8aaa9cb
2023-06-26 10:35:49.427 | INFO     | httprunner.runner:__run_step:292 - run step begin: 用户注册 >>>>>>
2023-06-26 10:35:49.427 | INFO     | httprunner.runner:__run_step:292 - run step begin: 用户注册 >>>>>>
2023-06-26 10:35:49.530 | DEBUG    | httprunner.client:request:186 - client IP: 127.0.0.1, Port: 51603
2023-06-26 10:35:49.530 | DEBUG    | httprunner.client:request:194 - server IP: 127.0.0.1, Port: 8888
2023-06-26 10:35:49.531 | DEBUG    | httprunner.client:log_print:40 - 
================== request details ==================
method   : POST
url      : http://139.198.116.76:8000/api/home/test/registry
headers  : {
    "User-Agent": "Mozilla/5.0 (Windows NT 10.0; WOW64) AppleWebKit/537.36 (KHTML, like Gecko) Chrome/100.0.4896.60 Safari/537.36",
    "Accept-Encoding": "gzip, deflate",
    "Accept": "application/json, text/plain, */*",
    "Connection": "keep-alive",
    "Accept-Language": "zh-CN,zh;q=0.9",
    "HRUN-Request-ID": "HRUN-25cba47c-a949-490b-8f06-267ee8aaa9cb-949427",
    "Content-Length": "187",
    "Content-Type": "application/json"
}
cookies  : {}
body     : {
    "email": "XWuVW85OpvMr742C@qaqseq.com",
    "mobile": "17897260219",
    "openId": "",
    "openUserName": "",
    "password": "Admin@123",
    "remarks": "",
    "username": "0tkcZieAcuHc9ZH39dIPFmJCjpVHZEV0"
}

2023-06-26 10:35:49.531 | DEBUG    | httprunner.client:log_print:40 - 
================== response details ==================
status_code : 200
headers  : {
    "Server": "nginx",
    "Date": "Mon, 26 Jun 2023 02:35:49 GMT",
    "Content-Type": "application/json",
    "Transfer-Encoding": "chunked",
    "X-Frame-Options": "SAMEORIGIN",
    "Connection": "keep-alive"
}
cookies  : {}
encoding : utf-8
content_type : application/json
body     : {
    "message": "success",
    "status": 1,
    "data": true
}

2023-06-26 10:35:49.531 | INFO     | httprunner.client:request:217 - status_code: 200, response_time(ms): 102.64 ms, response_length: 0 bytes
2023-06-26 10:35:49.531 | INFO     | httprunner.response:validate:249 - assert status_code equal 200(int)	==> pass
2023-06-26 10:35:49.531 | INFO     | httprunner.response:validate:249 - assert body.message equal success(str)	==> pass
2023-06-26 10:35:49.531 | INFO     | httprunner.response:validate:249 - assert body.status equal 1(int)	==> pass
2023-06-26 10:35:49.531 | INFO     | httprunner.response:validate:249 - assert body.message contains success(str)	==> pass
2023-06-26 10:35:49.531 | INFO     | httprunner.response:validate:249 - assert body.status contained_by [1, 200](list)	==> pass
2023-06-26 10:35:49.531 | INFO     | httprunner.runner:__run_step:304 - run step end: 用户注册 <<<<<<

2023-06-26 10:35:49.531 | INFO     | httprunner.runner:__run_step:304 - run step end: 用户注册 <<<<<<

2023-06-26 10:35:49.532 | INFO     | httprunner.runner:__run_step:292 - run step begin: 登录-企业 >>>>>>
2023-06-26 10:35:49.532 | INFO     | httprunner.runner:__run_step:292 - run step begin: 登录-企业用户 >>>>>>
2023-06-26 10:35:49.752 | DEBUG    | httprunner.client:request:186 - client IP: 127.0.0.1, Port: 51603
2023-06-26 10:35:49.753 | DEBUG    | httprunner.client:request:194 - server IP: 127.0.0.1, Port: 8888
2023-06-26 10:35:49.754 | DEBUG    | httprunner.client:log_print:40 - 
================== request details ==================
method   : POST
url      : http://139.198.116.76:8000/api/home/test/login
headers  : {
    "User-Agent": "python-requests/2.28.1",
    "Accept-Encoding": "gzip, deflate, br",
    "Accept": "*/*",
    "Connection": "keep-alive",
    "Content-Length": "170",
    "Content-Type": "application/json",
    "HRUN-Request-ID": "HRUN-25cba47c-a949-490b-8f06-267ee8aaa9cb-949532"
}
cookies  : {}
body     : {
    "captcha": "0000",
    "captchaSign": "008b53f0a4e8e82a823703b25c8c95b85522273f80059874569d75827970751e",
    "emailCaptcha": "",
    "username": "0tkcZieAcuHc9ZH39dIPFmJCjpVHZEV0"
}

2023-06-26 10:35:49.755 | DEBUG    | httprunner.client:log_print:40 - 
================== response details ==================
status_code : 200
headers  : {
    "Server": "nginx",
    "Date": "Mon, 26 Jun 2023 02:35:49 GMT",
    "Content-Type": "application/json;charset=UTF-8",
    "Transfer-Encoding": "chunked",
    "Set-Cookie": "SESSION=NjJlMTUwMTItYzNkMC00MzJhLWJjZDItMjU3NDg0YzkxODc2; Path=/; HttpOnly; SameSite=Lax",
    "X-Frame-Options": "SAMEORIGIN",
    "Connection": "keep-alive"
}
cookies  : {
    "SESSION": "NjJlMTUwMTItYzNkMC00MzJhLWJjZDItMjU3NDg0YzkxODc2"
}
encoding : UTF-8
content_type : application/json;charset=UTF-8
body     : {
    "message": "success",
    "status": 1,
    "data": true
}

2023-06-26 10:35:49.755 | INFO     | httprunner.client:request:217 - status_code: 200, response_time(ms): 220.25 ms, response_length: 0 bytes
2023-06-26 10:35:49.755 | INFO     | httprunner.response:extract:179 - extract mapping: {'entSession': 'response.headers."Set-Cookie".session'}
2023-06-26 10:35:49.755 | INFO     | httprunner.response:validate:249 - assert status_code equal 200(int)	==> pass
2023-06-26 10:35:49.756 | INFO     | httprunner.response:validate:249 - assert headers."Content-Type" equal application/json;charset=UTF-8(str)	==> pass
2023-06-26 10:35:49.756 | INFO     | httprunner.response:validate:249 - assert body.message equal success(str)	==> pass
2023-06-26 10:35:49.756 | INFO     | httprunner.response:validate:249 - assert body.status equal 1(int)	==> pass
2023-06-26 10:35:49.756 | INFO     | httprunner.response:validate:249 - assert body.data equal True(bool)	==> pass
2023-06-26 10:35:49.756 | INFO     | httprunner.runner:__run_step:304 - run step end: 登录-企业用户 <<<<<<

2023-06-26 10:35:49.756 | INFO     | httprunner.runner:__run_step_testcase:286 - export variables: {'entSession': 'response.headers."Set-Cookie".session'}
2023-06-26 10:35:49.756 | INFO     | httprunner.runner:__run_step:304 - run step end: 登录-企业 <<<<<<

2023-06-26 10:35:49.756 | INFO     | httprunner.runner:__run_step:292 - run step begin: 前缀注册企业资质图片上传 >>>>>>
2023-06-26 10:35:49.756 | INFO     | httprunner.runner:__run_step:292 - run step begin: 前缀注册企业资质图片上传 >>>>>>
2023-06-26 10:35:49.885 | DEBUG    | httprunner.client:request:186 - client IP: 127.0.0.1, Port: 51603
2023-06-26 10:35:49.886 | DEBUG    | httprunner.client:request:194 - server IP: 127.0.0.1, Port: 8888
2023-06-26 10:35:49.887 | DEBUG    | httprunner.client:log_print:40 - 
================== request details ==================
method   : POST
url      : http://139.198.116.76:8000/api/file/img/upload
headers  : {
    "User-Agent": "Mozilla/5.0 (Macintosh; Intel Mac OS X 10_15_7) AppleWebKit/537.36 (KHTML, like Gecko) Chrome/105.0.0.0 Safari/537.36",
    "Accept-Encoding": "gzip, deflate",
    "Accept": "application/json, text/plain, */*",
    "Connection": "keep-alive",
    "Accept-Language": "zh-CN,zh;q=0.9",
    "Content-Type": "multipart/form-data; boundary=ab9c748bfd664987b5ed6870adfa7fca",
    "HRUN-Request-ID": "HRUN-25cba47c-a949-490b-8f06-267ee8aaa9cb-949758",
    "Cookie": "SESSION=NjJlMTUwMTItYzNkMC00MzJhLWJjZDItMjU3NDg0YzkxODc2; SESSION=response.headers.\"Set-Cookie\".session",
    "Content-Length": "20435"
}
cookies  : {
    "SESSION": "NjJlMTUwMTItYzNkMC00MzJhLWJjZDItMjU3NDg0YzkxODc2"
}
body     : upload file stream (OMITTED)

2023-06-26 10:35:49.887 | DEBUG    | httprunner.client:log_print:40 - 
================== response details ==================
status_code : 200
headers  : {
    "Server": "nginx",
    "Date": "Mon, 26 Jun 2023 02:35:49 GMT",
    "Content-Type": "application/json;charset=UTF-8",
    "Transfer-Encoding": "chunked",
    "X-Frame-Options": "SAMEORIGIN",
    "Connection": "keep-alive"
}
cookies  : {}
encoding : UTF-8
content_type : application/json;charset=UTF-8
body     : {
    "message": "success",
    "status": 1,
    "data": {
        "id": 3025,
        "path": "dddf08e7-da2d-43d1-b837-c295e6ab4766.jpeg"
    }
}

2023-06-26 10:35:49.888 | INFO     | httprunner.client:request:217 - status_code: 200, response_time(ms): 127.69 ms, response_length: 0 bytes
2023-06-26 10:35:49.888 | INFO     | httprunner.response:extract:179 - extract mapping: {'imgId': 3025}
2023-06-26 10:35:49.888 | INFO     | httprunner.response:validate:249 - assert status_code equal 200(int)	==> pass
2023-06-26 10:35:49.888 | INFO     | httprunner.runner:__run_step:304 - run step end: 前缀注册企业资质图片上传 <<<<<<

2023-06-26 10:35:49.889 | INFO     | httprunner.runner:__run_step_testcase:286 - export variables: {'imgId': 3025}
2023-06-26 10:35:49.889 | INFO     | httprunner.runner:__run_step:304 - run step end: 前缀注册企业资质图片上传 <<<<<<

2023-06-26 10:35:49.890 | INFO     | httprunner.runner:__run_step:292 - run step begin: 前缀注册企业联系人身份证图片正面上传 >>>>>>
2023-06-26 10:35:49.890 | INFO     | httprunner.runner:__run_step:292 - run step begin: 前缀注册企业联系人身份证图片背面上传 >>>>>>
2023-06-26 10:35:50.025 | DEBUG    | httprunner.client:request:186 - client IP: 127.0.0.1, Port: 51603
2023-06-26 10:35:50.025 | DEBUG    | httprunner.client:request:194 - server IP: 127.0.0.1, Port: 8888
2023-06-26 10:35:50.026 | DEBUG    | httprunner.client:log_print:40 - 
================== request details ==================
method   : POST
url      : http://139.198.116.76:8000/api/file/img/upload
headers  : {
    "User-Agent": "Mozilla/5.0 (Macintosh; Intel Mac OS X 10_15_7) AppleWebKit/537.36 (KHTML, like Gecko) Chrome/105.0.0.0 Safari/537.36",
    "Accept-Encoding": "gzip, deflate",
    "Accept": "application/json, text/plain, */*",
    "Connection": "keep-alive",
    "Accept-Language": "zh-CN,zh;q=0.9",
    "Content-Type": "multipart/form-data; boundary=de28f938d9b44c498d622cde905fc3df",
    "HRUN-Request-ID": "HRUN-25cba47c-a949-490b-8f06-267ee8aaa9cb-949890",
    "Cookie": "SESSION=NjJlMTUwMTItYzNkMC00MzJhLWJjZDItMjU3NDg0YzkxODc2; SESSION=response.headers.\"Set-Cookie\".session",
    "Content-Length": "20435"
}
cookies  : {
    "SESSION": "NjJlMTUwMTItYzNkMC00MzJhLWJjZDItMjU3NDg0YzkxODc2"
}
body     : upload file stream (OMITTED)

2023-06-26 10:35:50.027 | DEBUG    | httprunner.client:log_print:40 - 
================== response details ==================
status_code : 200
headers  : {
    "Server": "nginx",
    "Date": "Mon, 26 Jun 2023 02:35:50 GMT",
    "Content-Type": "application/json;charset=UTF-8",
    "Transfer-Encoding": "chunked",
    "X-Frame-Options": "SAMEORIGIN",
    "Connection": "keep-alive"
}
cookies  : {}
encoding : UTF-8
content_type : application/json;charset=UTF-8
body     : {
    "message": "success",
    "status": 1,
    "data": {
        "id": 3026,
        "path": "b06374ec-2600-486b-bd8b-4ce5a8c88110.jpeg"
    }
}

2023-06-26 10:35:50.027 | INFO     | httprunner.client:request:217 - status_code: 200, response_time(ms): 134.41 ms, response_length: 0 bytes
2023-06-26 10:35:50.027 | INFO     | httprunner.response:extract:179 - extract mapping: {'imgId_f': 3026}
2023-06-26 10:35:50.027 | INFO     | httprunner.response:validate:249 - assert status_code equal 200(int)	==> pass
2023-06-26 10:35:50.028 | INFO     | httprunner.runner:__run_step:304 - run step end: 前缀注册企业联系人身份证图片背面上传 <<<<<<

2023-06-26 10:35:50.028 | INFO     | httprunner.runner:__run_step_testcase:286 - export variables: {'imgId_f': 3026}
2023-06-26 10:35:50.029 | INFO     | httprunner.runner:__run_step:304 - run step end: 前缀注册企业联系人身份证图片正面上传 <<<<<<

2023-06-26 10:35:50.029 | INFO     | httprunner.runner:__run_step:292 - run step begin: 前缀注册企业联系人身份证图片背面上传 >>>>>>
2023-06-26 10:35:50.029 | INFO     | httprunner.runner:__run_step:292 - run step begin: 前缀注册企业联系人身份证图片背面上传 >>>>>>
2023-06-26 10:35:50.147 | DEBUG    | httprunner.client:request:186 - client IP: 127.0.0.1, Port: 51603
2023-06-26 10:35:50.148 | DEBUG    | httprunner.client:request:194 - server IP: 127.0.0.1, Port: 8888
2023-06-26 10:35:50.150 | DEBUG    | httprunner.client:log_print:40 - 
================== request details ==================
method   : POST
url      : http://139.198.116.76:8000/api/file/img/upload
headers  : {
    "User-Agent": "Mozilla/5.0 (Macintosh; Intel Mac OS X 10_15_7) AppleWebKit/537.36 (KHTML, like Gecko) Chrome/105.0.0.0 Safari/537.36",
    "Accept-Encoding": "gzip, deflate",
    "Accept": "application/json, text/plain, */*",
    "Connection": "keep-alive",
    "Accept-Language": "zh-CN,zh;q=0.9",
    "Content-Type": "multipart/form-data; boundary=68d61788e4ed4b20b88024db67385277",
    "HRUN-Request-ID": "HRUN-25cba47c-a949-490b-8f06-267ee8aaa9cb-950030",
    "Cookie": "SESSION=NjJlMTUwMTItYzNkMC00MzJhLWJjZDItMjU3NDg0YzkxODc2; SESSION=response.headers.\"Set-Cookie\".session",
    "Content-Length": "20435"
}
cookies  : {
    "SESSION": "NjJlMTUwMTItYzNkMC00MzJhLWJjZDItMjU3NDg0YzkxODc2"
}
body     : upload file stream (OMITTED)

2023-06-26 10:35:50.151 | DEBUG    | httprunner.client:log_print:40 - 
================== response details ==================
status_code : 200
headers  : {
    "Server": "nginx",
    "Date": "Mon, 26 Jun 2023 02:35:50 GMT",
    "Content-Type": "application/json;charset=UTF-8",
    "Transfer-Encoding": "chunked",
    "X-Frame-Options": "SAMEORIGIN",
    "Connection": "keep-alive"
}
cookies  : {}
encoding : UTF-8
content_type : application/json;charset=UTF-8
body     : {
    "message": "success",
    "status": 1,
    "data": {
        "id": 3027,
        "path": "8cccea8a-de2d-49f9-86f3-a3b3dedc426d.jpeg"
    }
}

2023-06-26 10:35:50.151 | INFO     | httprunner.client:request:217 - status_code: 200, response_time(ms): 116.8 ms, response_length: 0 bytes
2023-06-26 10:35:50.152 | INFO     | httprunner.response:extract:179 - extract mapping: {'imgId_b': 3027}
2023-06-26 10:35:50.152 | INFO     | httprunner.response:validate:249 - assert status_code equal 200(int)	==> pass
2023-06-26 10:35:50.152 | INFO     | httprunner.runner:__run_step:304 - run step end: 前缀注册企业联系人身份证图片背面上传 <<<<<<

2023-06-26 10:35:50.152 | INFO     | httprunner.runner:__run_step_testcase:286 - export variables: {'imgId_b': 3027}
2023-06-26 10:35:50.152 | INFO     | httprunner.runner:__run_step:304 - run step end: 前缀注册企业联系人身份证图片背面上传 <<<<<<

2023-06-26 10:35:50.153 | INFO     | httprunner.runner:__run_step:292 - run step begin: 企业注册第一步提交信息 >>>>>>
2023-06-26 10:35:50.153 | INFO     | httprunner.runner:__run_step:292 - run step begin: 企业注册第一步提交信息 >>>>>>
2023-06-26 10:35:50.327 | DEBUG    | httprunner.client:request:186 - client IP: 127.0.0.1, Port: 51603
2023-06-26 10:35:50.328 | DEBUG    | httprunner.client:request:194 - server IP: 127.0.0.1, Port: 8888
2023-06-26 10:35:50.331 | DEBUG    | httprunner.client:log_print:40 - 
================== request details ==================
method   : POST
url      : http://139.198.116.76:8000/api/v3/entApply/basicInfo/submit
headers  : {
    "User-Agent": "Mozilla/5.0 (Macintosh; Intel Mac OS X 10_15_7) AppleWebKit/537.36 (KHTML, like Gecko) Chrome/105.0.0.0 Safari/537.36",
    "Accept-Encoding": "gzip, deflate",
    "Accept": "application/json, text/plain, */*",
    "Connection": "keep-alive",
    "Accept-Language": "zh-CN,zh;q=0.9",
    "Content-Type": "application/json;charset=UTF-8",
    "HRUN-Request-ID": "HRUN-25cba47c-a949-490b-8f06-267ee8aaa9cb-950154",
    "Cookie": "SESSION=NjJlMTUwMTItYzNkMC00MzJhLWJjZDItMjU3NDg0YzkxODc2; SESSION=response.headers.\"Set-Cookie\".session",
    "Content-Length": "2555"
}
cookies  : {
    "SESSION": "NjJlMTUwMTItYzNkMC00MzJhLWJjZDItMjU3NDg0YzkxODc2"
}
body     : {
    "applyStep": 2,
    "applyType": null,
    "area": [
        "110000",
        "110100",
        "110101"
    ],
    "cltrid": null,
    "contactCrtBackImgPath": null,
    "contactCrtBackImgRid": 3027,
    "contactCrtFrontImgPath": null,
    "contactCrtFrontImgRid": 3026,
    "contactCrtNo": "824791198304044219",
    "contactCrtType": 1,
    "contactEmail": "XWuVW85OpvMr742C@qaqseq.com",
    "contactName": "0tkcZieAcuHc9ZH39dIPFmJCjpVHZEV0",
    "contactPhone": "17897260219",
    "createDate": null,
    "dataHostingContractFilePath": null,
    "dataHostingContractFileRid": null,
    "dataHostingOrg": null,
    "entGeneralId": null,
    "entInfoLicenses": [],
    "entInfoSerIndustrys": [],
    "entPrefix": "88.408.8506750174",
    "escrowId": null,
    "escrowOrgName": null,
    "establishDate": null,
    "extDomain": null,
    "extIpAddr": null,
    "extWebName": null,
    "finalAuditMsg": null,
    "finalAuditStatus": null,
    "firstAuditMsg": null,
    "firstAuditStatus": null,
    "id": null,
    "idRegNaImp": null,
    "industry": [
        "A",
        "01"
    ],
    "industryCategory": "A",
    "industrySpecific": "01",
    "isSubmit": 0,
    "legalCrtBackImgContent": null,
    "legalCrtBackImgPath": null,
    "legalCrtBackImgRid": 3027,
    "legalCrtFrontImgContent": null,
    "legalCrtFrontImgPath": null,
    "legalCrtFrontImgRid": 3026,
    "legalCrtNo": "824791198304044219",
    "legalCrtType": "1",
    "legalCrtTypeDesc": "中国居民身份证",
    "legalEmail": null,
    "legalFax": null,
    "legalName": "张三",
    "legalPhone": null,
    "orgAddr": "致真",
    "orgAddrCity": "110100",
    "orgAddrCityDesc": "市辖区",
    "orgAddrCounty": "110101",
    "orgAddrCountyDesc": "东城区",
    "orgAddrProvince": "110000",
    "orgAddrProvinceDesc": "北京市",
    "orgCategorySpecificDesc": "农、林、牧、渔业-农业",
    "orgCrtCode": "0tkcZieAcuHc9ZH39dIPFmJCjpVHZEV0",
    "orgCrtImgContent": null,
    "orgCrtImgPath": null,
    "orgCrtImgRid": 3025,
    "orgCrtType": "1",
    "orgDesc": null,
    "orgName": "0tkcZieAcuHc9ZH39dIPFmJCjpVHZEV0",
    "orgNature": "1",
    "orgNatureDesc": "国有控股",
    "periodValidity": null,
    "regAuthority": null,
    "regCapital": null,
    "regRealNaImpName": null,
    "regRealNaImpType": null,
    "servHostingContractFilePath": null,
    "servHostingContractFileRid": null,
    "servHostingOrg": null,
    "servSysBuildContractFilePath": null,
    "servSysBuildContractFileRid": null,
    "servSysBuildName": null,
    "servSysBuildType": 1,
    "servSysOperContractFilePath": null,
    "servSysOperContractFileRid": null,
    "servSysOperName": null,
    "servSysOperType": 1,
    "svtrid": null,
    "thirdServiceMsg": null,
    "thirdServiceStatus": null,
    "updateDate": null,
    "userId": null,
    "userName": null,
    "website": null
}

2023-06-26 10:35:50.332 | DEBUG    | httprunner.client:log_print:40 - 
================== response details ==================
status_code : 200
headers  : {
    "Server": "nginx",
    "Date": "Mon, 26 Jun 2023 02:35:50 GMT",
    "Content-Type": "application/json;charset=UTF-8",
    "Transfer-Encoding": "chunked",
    "X-Frame-Options": "SAMEORIGIN",
    "Connection": "keep-alive"
}
cookies  : {}
encoding : UTF-8
content_type : application/json;charset=UTF-8
body     : {
    "message": "success",
    "status": 1,
    "data": true
}

2023-06-26 10:35:50.332 | INFO     | httprunner.client:request:217 - status_code: 200, response_time(ms): 173.34 ms, response_length: 0 bytes
2023-06-26 10:35:50.332 | INFO     | httprunner.response:validate:249 - assert status_code equal 200(int)	==> pass
2023-06-26 10:35:50.333 | INFO     | httprunner.response:validate:249 - assert body.message equal success(str)	==> pass
2023-06-26 10:35:50.333 | INFO     | httprunner.runner:__run_step:304 - run step end: 企业注册第一步提交信息 <<<<<<

2023-06-26 10:35:50.333 | INFO     | httprunner.runner:__run_step:304 - run step end: 企业注册第一步提交信息 <<<<<<

2023-06-26 10:35:50.333 | INFO     | httprunner.runner:__run_step:292 - run step begin: 企业注册查询注册信息 >>>>>>
2023-06-26 10:35:50.334 | INFO     | httprunner.runner:__run_step:292 - run step begin: 企业注册查询注册信息 >>>>>>
2023-06-26 10:35:50.428 | DEBUG    | httprunner.client:request:186 - client IP: 127.0.0.1, Port: 51603
2023-06-26 10:35:50.429 | DEBUG    | httprunner.client:request:194 - server IP: 127.0.0.1, Port: 8888
2023-06-26 10:35:50.430 | DEBUG    | httprunner.client:log_print:40 - 
================== request details ==================
method   : GET
url      : http://139.198.116.76:8000/api/v3/entApply/applyOrNot
headers  : {
    "User-Agent": "Mozilla/5.0 (Macintosh; Intel Mac OS X 10_15_7) AppleWebKit/537.36 (KHTML, like Gecko) Chrome/105.0.0.0 Safari/537.36",
    "Accept-Encoding": "gzip, deflate",
    "Accept": "application/json, text/plain, */*",
    "Connection": "keep-alive",
    "Accept-Language": "zh-CN,zh;q=0.9",
    "HRUN-Request-ID": "HRUN-25cba47c-a949-490b-8f06-267ee8aaa9cb-950334",
    "Cookie": "SESSION=NjJlMTUwMTItYzNkMC00MzJhLWJjZDItMjU3NDg0YzkxODc2; SESSION=response.headers.\"Set-Cookie\".session"
}
cookies  : {
    "SESSION": "NjJlMTUwMTItYzNkMC00MzJhLWJjZDItMjU3NDg0YzkxODc2"
}
body     : None

2023-06-26 10:35:50.431 | DEBUG    | httprunner.client:log_print:40 - 
================== response details ==================
status_code : 200
headers  : {
    "Server": "nginx",
    "Date": "Mon, 26 Jun 2023 02:35:50 GMT",
    "Content-Type": "application/json;charset=UTF-8",
    "Transfer-Encoding": "chunked",
    "X-Frame-Options": "SAMEORIGIN",
    "Connection": "keep-alive"
}
cookies  : {}
encoding : UTF-8
content_type : application/json;charset=UTF-8
body     : {
    "message": "success",
    "status": 1,
    "data": {
        "nbmsEntApplyPO": {
            "id": 1480,
            "createDate": "2023-06-26 10:35:50",
            "updateDate": "2023-06-26 10:35:50",
            "applyType": null,
            "entGeneralId": null,
            "applyStep": 2,
            "isSubmit": 0,
            "entPrefix": "88.408.8506750174",
            "firstAuditStatus": null,
            "firstAuditMsg": null,
            "thirdServiceStatus": null,
            "thirdServiceMsg": null,
            "userName": "0tkcZieAcuHc9ZH39dIPFmJCjpVHZEV0",
            "finalAuditStatus": null,
            "finalAuditMsg": null,
            "svtrid": null,
            "cltrid": null,
            "userId": 1713,
            "orgName": "0tkcZieAcuHc9ZH39dIPFmJCjpVHZEV0",
            "orgNature": "1",
            "orgAddrProvince": "110000",
            "orgAddrCity": "110100",
            "orgAddrCounty": "110101",
            "orgAddr": "致真",
            "orgCrtType": "1",
            "orgCrtCode": "0tkcZieAcuHc9ZH39dIPFmJCjpVHZEV0",
            "legalName": "张三",
            "legalCrtType": "1",
            "legalCrtNo": "824791198304044219",
            "orgDesc": null,
            "industryCategory": "A",
            "industrySpecific": "01",
            "contactName": "0tkcZieAcuHc9ZH39dIPFmJCjpVHZEV0",
            "contactPhone": "17897260219",
            "contactCrtType": 1,
            "contactCrtNo": "824791198304044219",
            "contactEmail": "XWuVW85OpvMr742C@qaqseq.com",
            "website": null,
            "regAuthority": null,
            "regCapital": null,
            "establishDate": null,
            "periodValidity": null,
            "legalEmail": null,
            "legalPhone": null,
            "legalFax": null,
            "servSysBuildType": null,
            "servSysBuildName": null,
            "servSysOperType": null,
            "servSysOperName": null,
            "dataHostingOrg": null,
            "servHostingOrg": null,
            "regRealNaImpType": null,
            "regRealNaImpName": null,
            "idRegNaImp": null,
            "extWebName": null,
            "extDomain": null,
            "extIpAddr": null,
            "orgCrtImgRid": 3025,
            "contactCrtFrontImgRid": 3026,
            "contactCrtBackImgRid": 3027,
            "legalCrtFrontImgRid": 3026,
            "legalCrtBackImgRid": 3027,
            "servSysBuildContractFileRid": null,
            "servSysOperContractFileRid": null,
            "dataHostingContractFileRid": null,
            "servHostingContractFileRid": null,
            "entInfoLicenses": [],
            "entInfoSyss": [],
            "entInfoSerIndustrys": [],
            "escrowId": null,
            "industryQualificationRid": null,
            "certificationRid": null,
            "openingBank": null,
            "bankCard": null,
            "verificationName": null,
            "orgNatureDesc": "国有控股",
            "orgCrtImgContent": null,
            "orgCategorySpecificDesc": "农、林、牧、渔业-农业",
            "orgAddrProvinceDesc": "北京市",
            "orgAddrCountyDesc": "东城区",
            "orgAddrCityDesc": "市辖区",
            "legalCrtTypeDesc": "中国居民身份证",
            "legalCrtFrontImgContent": null,
            "legalCrtBackImgContent": null,
            "orgCrtImgPath": "dddf08e7-da2d-43d1-b837-c295e6ab4766.jpeg",
            "contactCrtFrontImgPath": "b06374ec-2600-486b-bd8b-4ce5a8c88110.jpeg",
            "contactCrtBackImgPath": "8cccea8a-de2d-49f9-86f3-a3b3dedc426d.jpeg",
            "legalCrtFrontImgPath": "b06374ec-2600-486b-bd8b-4ce5a8c88110.jpeg",
            "legalCrtBackImgPath": "8cccea8a-de2d-49f9-86f3-a3b3dedc426d.jpeg",
            "servSysBuildContractFilePath": null,
            "servSysOperContractFilePath": null,
            "dataHostingContractFilePath": null,
            "servHostingContractFilePath": null,
            "industryQualificationFilePath": null,
            "certificationFilePath": null,
            "escrowOrgName": null
        },
        "nbmsEntPO": null,
        "nbmsEntPrefixApplyPO": null,
        "needRelog": null,
        "applyStatus": 0
    }
}

2023-06-26 10:35:50.432 | INFO     | httprunner.client:request:217 - status_code: 200, response_time(ms): 94.02 ms, response_length: 0 bytes
2023-06-26 10:35:50.437 | INFO     | httprunner.response:extract:179 - extract mapping: {'applyId': 1480, 'userId': 1713, 'userName': '0tkcZieAcuHc9ZH39dIPFmJCjpVHZEV0', 'imgId_f': 3026, 'imgId_b': 3027, 'entId': None, 'entUserId': None, 'prefix': '88.408.8506750174', 'contactCrtNo': '824791198304044219', 'contactCrtType': 1, 'contactEmail': 'XWuVW85OpvMr742C@qaqseq.com', 'contactName': '0tkcZieAcuHc9ZH39dIPFmJCjpVHZEV0', 'contactPhone': '17897260219', 'industryCategory': 'A', 'industrySpecific': '01', 'orgName': '0tkcZieAcuHc9ZH39dIPFmJCjpVHZEV0', 'orgNature': '1', 'orgAddrProvince': '110000', 'orgAddrCity': '110100', 'orgAddrCounty': '110101', 'orgAddr': '致真', 'orgCrtType': '1', 'orgCrtCode': '0tkcZieAcuHc9ZH39dIPFmJCjpVHZEV0', 'legalName': '张三', 'legalEmail': None, 'legalPhone': None, 'legalCrtType': '1', 'legalCrtNo': '824791198304044219', 'legalCrtFrontImgRid': 3026, 'legalCrtBackImgRid': 3027, 'orgCrtImgRid': 3025, 'imgId': 3025, 'orgNatureDesc': '国有控股', 'orgCategorySpecificDesc': '农、林、牧、渔业-农业', 'orgAddrProvinceDesc': '北京市', 'orgAddrCountyDesc': '东城区', 'orgAddrCityDesc': '市辖区', 'legalCrtTypeDesc': '中国居民身份证', 'createDate': '2023-06-26 10:35:50', 'updateDate': '2023-06-26 10:35:50', 'entInfoSyss_0_id': None, 'entInfoSyss_0_entApplyId': None, 'entApplyId': None, 'entInfoSyss_0_sysType': None, 'entInfoSyss_0_deployMode': None, 'entInfoSyss_0_deployAddr': None, 'entInfoSyss_0_deployAddrProvince': None, 'entInfoSyss_0_deployAddrCity': None, 'entInfoSyss_0_deployAddrCounty': None, 'entInfoSyss_1_id': None, 'entInfoSyss_1_entApplyId': None, 'entInfoSyss_1_sysType': None, 'entInfoSyss_1_deployMode': None, 'entInfoSyss_1_deployAddr': None, 'entInfoSyss_1_deployAddrProvince': None, 'entInfoSyss_1_deployAddrCity': None, 'entInfoSyss_1_deployAddrCounty': None, 'entInfoSyss_2_id': None, 'entInfoSyss_2_entApplyId': None, 'entInfoSyss_2_sysType': None, 'entInfoSyss_2_deployMode': None, 'entInfoSyss_2_deployAddr': None, 'entInfoSyss_2_deployAddrProvince': None, 'entInfoSyss_2_deployAddrCity': None, 'entInfoSyss_2_deployAddrCounty': None, 'entInfoSyss_3_id': None, 'entInfoSyss_3_entApplyId': None, 'entInfoSyss_3_sysType': None, 'entInfoSyss_3_deployMode': None, 'entInfoSyss_3_deployAddr': None, 'entInfoSyss_3_deployAddrProvince': None, 'entInfoSyss_3_deployAddrCity': None, 'entInfoSyss_3_deployAddrCounty': None}
2023-06-26 10:35:50.438 | INFO     | httprunner.response:validate:249 - assert status_code equal 200(int)	==> pass
2023-06-26 10:35:50.438 | INFO     | httprunner.response:validate:249 - assert body.message equal success(str)	==> pass
2023-06-26 10:35:50.438 | INFO     | httprunner.runner:__run_step:304 - run step end: 企业注册查询注册信息 <<<<<<

2023-06-26 10:35:50.438 | INFO     | httprunner.runner:__run_step_testcase:286 - export variables: {'prefix': '88.408.8506750174', 'entInfoSyss_1_id': None, 'imgId_f': 3026, 'entInfoSyss_3_id': None, 'contactCrtNo': '824791198304044219', 'legalCrtFrontImgRid': 3026, 'legalEmail': None, 'entId': None, 'userId': 1713, 'legalName': '张三', 'legalCrtNo': '824791198304044219', 'imgId_b': 3027, 'orgAddrProvince': '110000', 'entInfoSyss_0_deployAddrCity': None, 'legalPhone': None, 'contactEmail': 'XWuVW85OpvMr742C@qaqseq.com', 'entInfoSyss_1_sysType': None, 'entInfoSyss_2_id': None, 'entUserId': None, 'orgAddrCity': '110100', 'entInfoSyss_0_id': None, 'entInfoSyss_0_entApplyId': None, 'legalCrtType': '1', 'entInfoSyss_0_sysType': None, 'legalCrtTypeDesc': '中国居民身份证', 'orgAddrCountyDesc': '东城区', 'entInfoSyss_2_deployAddr': None, 'entInfoSyss_2_deployAddrProvince': None, 'industryCategory': 'A', 'orgName': '0tkcZieAcuHc9ZH39dIPFmJCjpVHZEV0', 'entInfoSyss_3_deployAddrCity': None, 'orgNature': '1', 'orgCrtImgRid': 3025, 'orgNatureDesc': '国有控股', 'orgCrtCode': '0tkcZieAcuHc9ZH39dIPFmJCjpVHZEV0', 'contactPhone': '17897260219', 'entInfoSyss_1_deployAddrCity': None, 'orgAddrCounty': '110101', 'entInfoSyss_3_deployAddrCounty': None, 'createDate': '2023-06-26 10:35:50', 'entInfoSyss_1_deployMode': None, 'entInfoSyss_0_deployAddrProvince': None, 'entInfoSyss_2_deployAddrCity': None, 'entInfoSyss_3_entApplyId': None, 'entApplyId': None, 'userName': '0tkcZieAcuHc9ZH39dIPFmJCjpVHZEV0', 'entInfoSyss_1_entApplyId': None, 'entInfoSyss_0_deployAddrCounty': None, 'applyId': 1480, 'contactCrtType': 1, 'entInfoSyss_2_entApplyId': None, 'entInfoSyss_1_deployAddrProvince': None, 'orgAddrProvinceDesc': '北京市', 'entInfoSyss_3_deployMode': None, 'updateDate': '2023-06-26 10:35:50', 'contactName': '0tkcZieAcuHc9ZH39dIPFmJCjpVHZEV0', 'imgId': 3025, 'legalCrtBackImgRid': 3027, 'entInfoSyss_1_deployAddrCounty': None, 'entInfoSyss_1_deployAddr': None, 'entInfoSyss_2_deployAddrCounty': None, 'entInfoSyss_2_deployMode': None, 'entInfoSyss_3_deployAddrProvince': None, 'orgCrtType': '1', 'orgAddr': '致真', 'entInfoSyss_3_sysType': None, 'orgAddrCityDesc': '市辖区', 'entInfoSyss_3_deployAddr': None, 'entInfoSyss_0_deployAddr': None, 'orgCategorySpecificDesc': '农、林、牧、渔业-农业', 'industrySpecific': '01', 'entInfoSyss_0_deployMode': None, 'entInfoSyss_2_sysType': None}
2023-06-26 10:35:50.438 | INFO     | httprunner.runner:__run_step:304 - run step end: 企业注册查询注册信息 <<<<<<

2023-06-26 10:35:50.439 | INFO     | httprunner.runner:__run_step:292 - run step begin: 企业注册第二步提交信息 >>>>>>
2023-06-26 10:35:50.439 | INFO     | httprunner.runner:__run_step:292 - run step begin: 企业注册第二步提交信息 >>>>>>
2023-06-26 10:35:50.539 | DEBUG    | httprunner.client:request:186 - client IP: 127.0.0.1, Port: 51603
2023-06-26 10:35:50.540 | DEBUG    | httprunner.client:request:194 - server IP: 127.0.0.1, Port: 8888
2023-06-26 10:35:50.542 | DEBUG    | httprunner.client:log_print:40 - 
================== request details ==================
method   : POST
url      : http://139.198.116.76:8000/api/v3/entApply/registerManageInfo
headers  : {
    "User-Agent": "Mozilla/5.0 (Macintosh; Intel Mac OS X 10_15_7) AppleWebKit/537.36 (KHTML, like Gecko) Chrome/105.0.0.0 Safari/537.36",
    "Accept-Encoding": "gzip, deflate",
    "Accept": "application/json, text/plain, */*",
    "Connection": "keep-alive",
    "Accept-Language": "zh-CN,zh;q=0.9",
    "Content-Type": "application/json;charset=UTF-8",
    "X-HTTP-Method-Override": "put",
    "HRUN-Request-ID": "HRUN-25cba47c-a949-490b-8f06-267ee8aaa9cb-950440",
    "Cookie": "SESSION=NjJlMTUwMTItYzNkMC00MzJhLWJjZDItMjU3NDg0YzkxODc2; SESSION=response.headers.\"Set-Cookie\".session",
    "Content-Length": "3280"
}
cookies  : {
    "SESSION": "NjJlMTUwMTItYzNkMC00MzJhLWJjZDItMjU3NDg0YzkxODc2"
}
body     : {
    "applyStep": 3,
    "applyType": null,
    "cltrid": null,
    "contactCrtBackImgPath": null,
    "contactCrtBackImgRid": 3027,
    "contactCrtFrontImgPath": null,
    "contactCrtFrontImgRid": 3026,
    "contactCrtNo": "824791198304044219",
    "contactCrtType": 1,
    "contactEmail": "XWuVW85OpvMr742C@qaqseq.com",
    "contactName": "0tkcZieAcuHc9ZH39dIPFmJCjpVHZEV0",
    "contactPhone": "17897260219",
    "createDate": "2023-06-26 10:35:50",
    "dataHostingContractFilePath": null,
    "dataHostingContractFileRid": null,
    "dataHostingOrg": null,
    "entGeneralId": null,
    "entInfoLicenses": [],
    "entInfoSerIndustrys": [],
    "entInfoSyss": [
        {
            "deployAddr": "致真",
            "deployAddrCity": "110100",
            "deployAddrCounty": "110101",
            "deployAddrProvince": "110000",
            "deployMode": 1,
            "ipPort": null,
            "name": null,
            "sysType": 1
        },
        {
            "deployAddr": "致真",
            "deployAddrCity": "110100",
            "deployAddrCounty": "110101",
            "deployAddrProvince": "110000",
            "deployMode": 1,
            "ipPort": null,
            "name": null,
            "sysType": 2
        },
        {
            "deployAddr": "天津",
            "deployAddrCity": "120100",
            "deployAddrCounty": "120101",
            "deployAddrProvince": "120000",
            "deployMode": 1,
            "ipPort": null,
            "name": null,
            "sysType": 3
        },
        {
            "deployAddr": "天津",
            "deployAddrCity": "120100",
            "deployAddrCounty": "120101",
            "deployAddrProvince": "120000",
            "deployMode": 1,
            "ipPort": null,
            "name": null,
            "sysType": 4
        }
    ],
    "entPrefix": "88.408.8506750174",
    "escrowId": null,
    "escrowOrgName": null,
    "establishDate": null,
    "extDomain": null,
    "extIpAddr": null,
    "extWebName": null,
    "finalAuditMsg": null,
    "finalAuditStatus": null,
    "firstAuditMsg": null,
    "firstAuditStatus": null,
    "id": 1480,
    "idRegNaImp": null,
    "industryCategory": "A",
    "industrySpecific": "01",
    "isSubmit": 0,
    "legalCrtBackImgContent": null,
    "legalCrtBackImgPath": null,
    "legalCrtBackImgRid": 3027,
    "legalCrtFrontImgContent": null,
    "legalCrtFrontImgPath": null,
    "legalCrtFrontImgRid": 3026,
    "legalCrtNo": "824791198304044219",
    "legalCrtType": "1",
    "legalCrtTypeDesc": "中国居民身份证",
    "legalEmail": null,
    "legalFax": null,
    "legalName": "张三",
    "legalPhone": null,
    "orgAddr": "致真",
    "orgAddrCity": "110100",
    "orgAddrCityDesc": "市辖区",
    "orgAddrCounty": "110101",
    "orgAddrCountyDesc": "东城区",
    "orgAddrProvince": "110000",
    "orgAddrProvinceDesc": "北京市",
    "orgCategorySpecificDesc": "农、林、牧、渔业-农业",
    "orgCrtCode": "0tkcZieAcuHc9ZH39dIPFmJCjpVHZEV0",
    "orgCrtImgContent": null,
    "orgCrtImgPath": null,
    "orgCrtImgRid": 3025,
    "orgCrtType": "1",
    "orgDesc": null,
    "orgName": "0tkcZieAcuHc9ZH39dIPFmJCjpVHZEV0",
    "orgNature": "1",
    "orgNatureDesc": "1",
    "periodValidity": null,
    "regAuthority": null,
    "regCapital": null,
    "regRealNaImpName": null,
    "regRealNaImpType": null,
    "servHostingContractFilePath": null,
    "servHostingContractFileRid": null,
    "servHostingOrg": null,
    "servSysBuildContractFilePath": null,
    "servSysBuildContractFileRid": null,
    "servSysBuildName": null,
    "servSysBuildType": 1,
    "servSysOperContractFilePath": null,
    "servSysOperContractFileRid": null,
    "servSysOperName": null,
    "servSysOperType": 1,
    "svtrid": null,
    "thirdServiceMsg": null,
    "thirdServiceStatus": null,
    "updateDate": "2023-06-26 10:35:50",
    "userId": 1713,
    "userName": "0tkcZieAcuHc9ZH39dIPFmJCjpVHZEV0",
    "website": null
}

2023-06-26 10:35:50.543 | DEBUG    | httprunner.client:log_print:40 - 
================== response details ==================
status_code : 200
headers  : {
    "Server": "nginx",
    "Date": "Mon, 26 Jun 2023 02:35:50 GMT",
    "Content-Type": "application/json;charset=UTF-8",
    "Transfer-Encoding": "chunked",
    "X-Frame-Options": "SAMEORIGIN",
    "Connection": "keep-alive"
}
cookies  : {}
encoding : UTF-8
content_type : application/json;charset=UTF-8
body     : {
    "message": "success",
    "status": 1,
    "data": true
}

2023-06-26 10:35:50.544 | INFO     | httprunner.client:request:217 - status_code: 200, response_time(ms): 98.51 ms, response_length: 0 bytes
2023-06-26 10:35:50.544 | INFO     | httprunner.response:validate:249 - assert status_code equal 200(int)	==> pass
2023-06-26 10:35:50.544 | INFO     | httprunner.response:validate:249 - assert body.message equal success(str)	==> pass
2023-06-26 10:35:50.544 | INFO     | httprunner.runner:__run_step:304 - run step end: 企业注册第二步提交信息 <<<<<<

2023-06-26 10:35:50.545 | INFO     | httprunner.runner:__run_step:304 - run step end: 企业注册第二步提交信息 <<<<<<

2023-06-26 10:35:50.545 | INFO     | httprunner.runner:__run_step:292 - run step begin: 企业注册查询注册信息 >>>>>>
2023-06-26 10:35:50.546 | INFO     | httprunner.runner:__run_step:292 - run step begin: 企业注册查询注册信息 >>>>>>
2023-06-26 10:35:50.634 | DEBUG    | httprunner.client:request:186 - client IP: 127.0.0.1, Port: 51603
2023-06-26 10:35:50.635 | DEBUG    | httprunner.client:request:194 - server IP: 127.0.0.1, Port: 8888
2023-06-26 10:35:50.636 | DEBUG    | httprunner.client:log_print:40 - 
================== request details ==================
method   : GET
url      : http://139.198.116.76:8000/api/v3/entApply/applyOrNot
headers  : {
    "User-Agent": "Mozilla/5.0 (Macintosh; Intel Mac OS X 10_15_7) AppleWebKit/537.36 (KHTML, like Gecko) Chrome/105.0.0.0 Safari/537.36",
    "Accept-Encoding": "gzip, deflate",
    "Accept": "application/json, text/plain, */*",
    "Connection": "keep-alive",
    "Accept-Language": "zh-CN,zh;q=0.9",
    "HRUN-Request-ID": "HRUN-25cba47c-a949-490b-8f06-267ee8aaa9cb-950547",
    "Cookie": "SESSION=NjJlMTUwMTItYzNkMC00MzJhLWJjZDItMjU3NDg0YzkxODc2; SESSION=response.headers.\"Set-Cookie\".session"
}
cookies  : {
    "SESSION": "NjJlMTUwMTItYzNkMC00MzJhLWJjZDItMjU3NDg0YzkxODc2"
}
body     : None

2023-06-26 10:35:50.637 | DEBUG    | httprunner.client:log_print:40 - 
================== response details ==================
status_code : 200
headers  : {
    "Server": "nginx",
    "Date": "Mon, 26 Jun 2023 02:35:50 GMT",
    "Content-Type": "application/json;charset=UTF-8",
    "Transfer-Encoding": "chunked",
    "X-Frame-Options": "SAMEORIGIN",
    "Connection": "keep-alive"
}
cookies  : {}
encoding : UTF-8
content_type : application/json;charset=UTF-8
body     : {
    "message": "success",
    "status": 1,
    "data": {
        "nbmsEntApplyPO": {
            "id": 1480,
            "createDate": "2023-06-26 10:35:50",
            "updateDate": "2023-06-26 10:35:51",
            "applyType": null,
            "entGeneralId": null,
            "applyStep": 3,
            "isSubmit": 0,
            "entPrefix": "88.408.8506750174",
            "firstAuditStatus": null,
            "firstAuditMsg": null,
            "thirdServiceStatus": null,
            "thirdServiceMsg": null,
            "userName": "0tkcZieAcuHc9ZH39dIPFmJCjpVHZEV0",
            "finalAuditStatus": null,
            "finalAuditMsg": null,
            "svtrid": null,
            "cltrid": null,
            "userId": 1713,
            "orgName": "0tkcZieAcuHc9ZH39dIPFmJCjpVHZEV0",
            "orgNature": "1",
            "orgAddrProvince": "110000",
            "orgAddrCity": "110100",
            "orgAddrCounty": "110101",
            "orgAddr": "致真",
            "orgCrtType": "1",
            "orgCrtCode": "0tkcZieAcuHc9ZH39dIPFmJCjpVHZEV0",
            "legalName": "张三",
            "legalCrtType": "1",
            "legalCrtNo": "824791198304044219",
            "orgDesc": null,
            "industryCategory": "A",
            "industrySpecific": "01",
            "contactName": "0tkcZieAcuHc9ZH39dIPFmJCjpVHZEV0",
            "contactPhone": "17897260219",
            "contactCrtType": 1,
            "contactCrtNo": "824791198304044219",
            "contactEmail": "XWuVW85OpvMr742C@qaqseq.com",
            "website": null,
            "regAuthority": null,
            "regCapital": null,
            "establishDate": null,
            "periodValidity": null,
            "legalEmail": null,
            "legalPhone": null,
            "legalFax": null,
            "servSysBuildType": 1,
            "servSysBuildName": null,
            "servSysOperType": 1,
            "servSysOperName": null,
            "dataHostingOrg": null,
            "servHostingOrg": null,
            "regRealNaImpType": null,
            "regRealNaImpName": null,
            "idRegNaImp": null,
            "extWebName": null,
            "extDomain": null,
            "extIpAddr": null,
            "orgCrtImgRid": 3025,
            "contactCrtFrontImgRid": 3026,
            "contactCrtBackImgRid": 3027,
            "legalCrtFrontImgRid": 3026,
            "legalCrtBackImgRid": 3027,
            "servSysBuildContractFileRid": null,
            "servSysOperContractFileRid": null,
            "dataHostingContractFileRid": null,
            "servHostingContractFileRid": null,
            "entInfoLicenses": [],
            "entInfoSyss": [
                {
                    "id": 3776,
                    "entApplyId": 1480,
                    "sysType": 1,
                    "deployMode": 1,
                    "deployAddr": "致真",
                    "deployAddrProvince": "110000",
                    "deployAddrCity": "110100",
                    "deployAddrCounty": "110101",
                    "name": null,
                    "ipPort": null
                },
                {
                    "id": 3777,
                    "entApplyId": 1480,
                    "sysType": 2,
                    "deployMode": 1,
                    "deployAddr": "致真",
                    "deployAddrProvince": "110000",
                    "deployAddrCity": "110100",
                    "deployAddrCounty": "110101",
                    "name": null,
                    "ipPort": null
                },
                {
                    "id": 3778,
                    "entApplyId": 1480,
                    "sysType": 3,
                    "deployMode": 1,
                    "deployAddr": "天津",
                    "deployAddrProvince": "120000",
                    "deployAddrCity": "120100",
                    "deployAddrCounty": "120101",
                    "name": null,
                    "ipPort": null
                },
                {
                    "id": 3779,
                    "entApplyId": 1480,
                    "sysType": 4,
                    "deployMode": 1,
                    "deployAddr": "天津",
                    "deployAddrProvince": "120000",
                    "deployAddrCity": "120100",
                    "deployAddrCounty": "120101",
                    "name": null,
                    "ipPort": null
                }
            ],
            "entInfoSerIndustrys": [],
            "escrowId": null,
            "industryQualificationRid": null,
            "certificationRid": null,
            "openingBank": null,
            "bankCard": null,
            "verificationName": null,
            "orgNatureDesc": "国有控股",
            "orgCrtImgContent": null,
            "orgCategorySpecificDesc": "农、林、牧、渔业-农业",
            "orgAddrProvinceDesc": "北京市",
            "orgAddrCountyDesc": "东城区",
            "orgAddrCityDesc": "市辖区",
            "legalCrtTypeDesc": "中国居民身份证",
            "legalCrtFrontImgContent": null,
            "legalCrtBackImgContent": null,
            "orgCrtImgPath": "dddf08e7-da2d-43d1-b837-c295e6ab4766.jpeg",
            "contactCrtFrontImgPath": "b06374ec-2600-486b-bd8b-4ce5a8c88110.jpeg",
            "contactCrtBackImgPath": "8cccea8a-de2d-49f9-86f3-a3b3dedc426d.jpeg",
            "legalCrtFrontImgPath": "b06374ec-2600-486b-bd8b-4ce5a8c88110.jpeg",
            "legalCrtBackImgPath": "8cccea8a-de2d-49f9-86f3-a3b3dedc426d.jpeg",
            "servSysBuildContractFilePath": null,
            "servSysOperContractFilePath": null,
            "dataHostingContractFilePath": null,
            "servHostingContractFilePath": null,
            "industryQualificationFilePath": null,
            "certificationFilePath": null,
            "escrowOrgName": null
        },
        "nbmsEntPO": null,
        "nbmsEntPrefixApplyPO": null,
        "needRelog": null,
        "applyStatus": 0
    }
}

2023-06-26 10:35:50.638 | INFO     | httprunner.client:request:217 - status_code: 200, response_time(ms): 87.19 ms, response_length: 0 bytes
2023-06-26 10:35:50.638 | INFO     | httprunner.response:extract:179 - extract mapping: {'applyId': 1480, 'userId': 1713, 'userName': '0tkcZieAcuHc9ZH39dIPFmJCjpVHZEV0', 'imgId_f': 3026, 'imgId_b': 3027, 'entId': None, 'entUserId': None, 'prefix': '88.408.8506750174', 'contactCrtNo': '824791198304044219', 'contactCrtType': 1, 'contactEmail': 'XWuVW85OpvMr742C@qaqseq.com', 'contactName': '0tkcZieAcuHc9ZH39dIPFmJCjpVHZEV0', 'contactPhone': '17897260219', 'industryCategory': 'A', 'industrySpecific': '01', 'orgName': '0tkcZieAcuHc9ZH39dIPFmJCjpVHZEV0', 'orgNature': '1', 'orgAddrProvince': '110000', 'orgAddrCity': '110100', 'orgAddrCounty': '110101', 'orgAddr': '致真', 'orgCrtType': '1', 'orgCrtCode': '0tkcZieAcuHc9ZH39dIPFmJCjpVHZEV0', 'legalName': '张三', 'legalEmail': None, 'legalPhone': None, 'legalCrtType': '1', 'legalCrtNo': '824791198304044219', 'legalCrtFrontImgRid': 3026, 'legalCrtBackImgRid': 3027, 'orgCrtImgRid': 3025, 'imgId': 3025, 'orgNatureDesc': '国有控股', 'orgCategorySpecificDesc': '农、林、牧、渔业-农业', 'orgAddrProvinceDesc': '北京市', 'orgAddrCountyDesc': '东城区', 'orgAddrCityDesc': '市辖区', 'legalCrtTypeDesc': '中国居民身份证', 'createDate': '2023-06-26 10:35:50', 'updateDate': '2023-06-26 10:35:51', 'entInfoSyss_0_id': 3776, 'entInfoSyss_0_entApplyId': 1480, 'entApplyId': 1480, 'entInfoSyss_0_sysType': 1, 'entInfoSyss_0_deployMode': 1, 'entInfoSyss_0_deployAddr': '致真', 'entInfoSyss_0_deployAddrProvince': '110000', 'entInfoSyss_0_deployAddrCity': '110100', 'entInfoSyss_0_deployAddrCounty': '110101', 'entInfoSyss_1_id': 3777, 'entInfoSyss_1_entApplyId': 1480, 'entInfoSyss_1_sysType': 2, 'entInfoSyss_1_deployMode': 1, 'entInfoSyss_1_deployAddr': '致真', 'entInfoSyss_1_deployAddrProvince': '110000', 'entInfoSyss_1_deployAddrCity': '110100', 'entInfoSyss_1_deployAddrCounty': '110101', 'entInfoSyss_2_id': 3778, 'entInfoSyss_2_entApplyId': 1480, 'entInfoSyss_2_sysType': 3, 'entInfoSyss_2_deployMode': 1, 'entInfoSyss_2_deployAddr': '天津', 'entInfoSyss_2_deployAddrProvince': '120000', 'entInfoSyss_2_deployAddrCity': '120100', 'entInfoSyss_2_deployAddrCounty': '120101', 'entInfoSyss_3_id': 3779, 'entInfoSyss_3_entApplyId': 1480, 'entInfoSyss_3_sysType': 4, 'entInfoSyss_3_deployMode': 1, 'entInfoSyss_3_deployAddr': '天津', 'entInfoSyss_3_deployAddrProvince': '120000', 'entInfoSyss_3_deployAddrCity': '120100', 'entInfoSyss_3_deployAddrCounty': '120101'}
2023-06-26 10:35:50.638 | INFO     | httprunner.response:validate:249 - assert status_code equal 200(int)	==> pass
2023-06-26 10:35:50.638 | INFO     | httprunner.response:validate:249 - assert body.message equal success(str)	==> pass
2023-06-26 10:35:50.638 | INFO     | httprunner.runner:__run_step:304 - run step end: 企业注册查询注册信息 <<<<<<

2023-06-26 10:35:50.639 | INFO     | httprunner.runner:__run_step_testcase:286 - export variables: {'prefix': '88.408.8506750174', 'entInfoSyss_1_id': 3777, 'imgId_f': 3026, 'entInfoSyss_3_id': 3779, 'contactCrtNo': '824791198304044219', 'legalCrtFrontImgRid': 3026, 'legalEmail': None, 'entId': None, 'userId': 1713, 'legalName': '张三', 'legalCrtNo': '824791198304044219', 'imgId_b': 3027, 'orgAddrProvince': '110000', 'entInfoSyss_0_deployAddrCity': '110100', 'legalPhone': None, 'contactEmail': 'XWuVW85OpvMr742C@qaqseq.com', 'entInfoSyss_1_sysType': 2, 'entInfoSyss_2_id': 3778, 'entUserId': None, 'orgAddrCity': '110100', 'entInfoSyss_0_id': 3776, 'entInfoSyss_0_entApplyId': 1480, 'legalCrtType': '1', 'entInfoSyss_0_sysType': 1, 'legalCrtTypeDesc': '中国居民身份证', 'orgAddrCountyDesc': '东城区', 'entInfoSyss_2_deployAddr': '天津', 'entInfoSyss_2_deployAddrProvince': '120000', 'industryCategory': 'A', 'orgName': '0tkcZieAcuHc9ZH39dIPFmJCjpVHZEV0', 'entInfoSyss_3_deployAddrCity': '120100', 'orgNature': '1', 'orgCrtImgRid': 3025, 'orgNatureDesc': '国有控股', 'orgCrtCode': '0tkcZieAcuHc9ZH39dIPFmJCjpVHZEV0', 'contactPhone': '17897260219', 'entInfoSyss_1_deployAddrCity': '110100', 'orgAddrCounty': '110101', 'entInfoSyss_3_deployAddrCounty': '120101', 'createDate': '2023-06-26 10:35:50', 'entInfoSyss_1_deployMode': 1, 'entInfoSyss_0_deployAddrProvince': '110000', 'entInfoSyss_2_deployAddrCity': '120100', 'entInfoSyss_3_entApplyId': 1480, 'entApplyId': 1480, 'userName': '0tkcZieAcuHc9ZH39dIPFmJCjpVHZEV0', 'entInfoSyss_1_entApplyId': 1480, 'entInfoSyss_0_deployAddrCounty': '110101', 'applyId': 1480, 'contactCrtType': 1, 'entInfoSyss_2_entApplyId': 1480, 'entInfoSyss_1_deployAddrProvince': '110000', 'orgAddrProvinceDesc': '北京市', 'entInfoSyss_3_deployMode': 1, 'updateDate': '2023-06-26 10:35:51', 'contactName': '0tkcZieAcuHc9ZH39dIPFmJCjpVHZEV0', 'imgId': 3025, 'legalCrtBackImgRid': 3027, 'entInfoSyss_1_deployAddrCounty': '110101', 'entInfoSyss_1_deployAddr': '致真', 'entInfoSyss_2_deployAddrCounty': '120101', 'entInfoSyss_2_deployMode': 1, 'entInfoSyss_3_deployAddrProvince': '120000', 'orgCrtType': '1', 'orgAddr': '致真', 'entInfoSyss_3_sysType': 4, 'orgAddrCityDesc': '市辖区', 'entInfoSyss_3_deployAddr': '天津', 'entInfoSyss_0_deployAddr': '致真', 'orgCategorySpecificDesc': '农、林、牧、渔业-农业', 'industrySpecific': '01', 'entInfoSyss_0_deployMode': 1, 'entInfoSyss_2_sysType': 3}
2023-06-26 10:35:50.639 | INFO     | httprunner.runner:__run_step:304 - run step end: 企业注册查询注册信息 <<<<<<

2023-06-26 10:35:50.639 | INFO     | httprunner.runner:__run_step:292 - run step begin: 企业注册最终第三步提交信息 >>>>>>
2023-06-26 10:35:50.639 | INFO     | httprunner.runner:__run_step:292 - run step begin: 企业注册最终第三步提交信息 >>>>>>
2023-06-26 10:35:50.956 | DEBUG    | httprunner.client:request:186 - client IP: 127.0.0.1, Port: 51603
2023-06-26 10:35:50.957 | DEBUG    | httprunner.client:request:194 - server IP: 127.0.0.1, Port: 8888
2023-06-26 10:35:50.959 | DEBUG    | httprunner.client:log_print:40 - 
================== request details ==================
method   : POST
url      : http://139.198.116.76:8000/api/v3/entApply/apply
headers  : {
    "User-Agent": "Mozilla/5.0 (Macintosh; Intel Mac OS X 10_15_7) AppleWebKit/537.36 (KHTML, like Gecko) Chrome/105.0.0.0 Safari/537.36",
    "Accept-Encoding": "gzip, deflate",
    "Accept": "application/json, text/plain, */*",
    "Connection": "keep-alive",
    "Accept-Language": "zh-CN,zh;q=0.9",
    "Content-Type": "application/json;charset=UTF-8",
    "HRUN-Request-ID": "HRUN-25cba47c-a949-490b-8f06-267ee8aaa9cb-950640",
    "Cookie": "SESSION=NjJlMTUwMTItYzNkMC00MzJhLWJjZDItMjU3NDg0YzkxODc2; SESSION=response.headers.\"Set-Cookie\".session",
    "Content-Length": "3280"
}
cookies  : {
    "SESSION": "NjJlMTUwMTItYzNkMC00MzJhLWJjZDItMjU3NDg0YzkxODc2"
}
body     : {
    "applyStep": 4,
    "applyType": null,
    "cltrid": null,
    "contactCrtBackImgPath": null,
    "contactCrtBackImgRid": 3027,
    "contactCrtFrontImgPath": null,
    "contactCrtFrontImgRid": 3026,
    "contactCrtNo": "824791198304044219",
    "contactCrtType": 1,
    "contactEmail": "XWuVW85OpvMr742C@qaqseq.com",
    "contactName": "0tkcZieAcuHc9ZH39dIPFmJCjpVHZEV0",
    "contactPhone": "17897260219",
    "createDate": "2023-06-26 10:35:50",
    "dataHostingContractFilePath": null,
    "dataHostingContractFileRid": null,
    "dataHostingOrg": null,
    "entGeneralId": null,
    "entInfoLicenses": [],
    "entInfoSerIndustrys": [],
    "entInfoSyss": [
        {
            "deployAddr": "致真",
            "deployAddrCity": "110100",
            "deployAddrCounty": "110101",
            "deployAddrProvince": "110000",
            "deployMode": 1,
            "ipPort": null,
            "name": null,
            "sysType": 2
        },
        {
            "deployAddr": "致真",
            "deployAddrCity": "110100",
            "deployAddrCounty": "110101",
            "deployAddrProvince": "110000",
            "deployMode": 1,
            "ipPort": null,
            "name": null,
            "sysType": 3
        },
        {
            "deployAddr": "天津",
            "deployAddrCity": "120100",
            "deployAddrCounty": "120101",
            "deployAddrProvince": "120000",
            "deployMode": 1,
            "ipPort": null,
            "name": null,
            "sysType": 4
        },
        {
            "deployAddr": "天津",
            "deployAddrCity": "120100",
            "deployAddrCounty": "120101",
            "deployAddrProvince": "120000",
            "deployMode": 1,
            "ipPort": null,
            "name": null,
            "sysType": 4
        }
    ],
    "entPrefix": "88.408.8506750174",
    "escrowId": null,
    "escrowOrgName": null,
    "establishDate": null,
    "extDomain": null,
    "extIpAddr": null,
    "extWebName": null,
    "finalAuditMsg": null,
    "finalAuditStatus": null,
    "firstAuditMsg": null,
    "firstAuditStatus": null,
    "id": 1480,
    "idRegNaImp": null,
    "industryCategory": "A",
    "industrySpecific": "01",
    "isSubmit": 0,
    "legalCrtBackImgContent": null,
    "legalCrtBackImgPath": null,
    "legalCrtBackImgRid": 3027,
    "legalCrtFrontImgContent": null,
    "legalCrtFrontImgPath": null,
    "legalCrtFrontImgRid": 3026,
    "legalCrtNo": "824791198304044219",
    "legalCrtType": "1",
    "legalCrtTypeDesc": "中国居民身份证",
    "legalEmail": null,
    "legalFax": null,
    "legalName": "张三",
    "legalPhone": null,
    "orgAddr": "致真",
    "orgAddrCity": "110100",
    "orgAddrCityDesc": "市辖区",
    "orgAddrCounty": "110101",
    "orgAddrCountyDesc": "东城区",
    "orgAddrProvince": "110000",
    "orgAddrProvinceDesc": "北京市",
    "orgCategorySpecificDesc": "农、林、牧、渔业-农业",
    "orgCrtCode": "0tkcZieAcuHc9ZH39dIPFmJCjpVHZEV0",
    "orgCrtImgContent": null,
    "orgCrtImgPath": null,
    "orgCrtImgRid": 3025,
    "orgCrtType": "1",
    "orgDesc": null,
    "orgName": "0tkcZieAcuHc9ZH39dIPFmJCjpVHZEV0",
    "orgNature": "1",
    "orgNatureDesc": "1",
    "periodValidity": null,
    "regAuthority": null,
    "regCapital": null,
    "regRealNaImpName": null,
    "regRealNaImpType": null,
    "servHostingContractFilePath": null,
    "servHostingContractFileRid": null,
    "servHostingOrg": null,
    "servSysBuildContractFilePath": null,
    "servSysBuildContractFileRid": null,
    "servSysBuildName": null,
    "servSysBuildType": 1,
    "servSysOperContractFilePath": null,
    "servSysOperContractFileRid": null,
    "servSysOperName": null,
    "servSysOperType": 1,
    "svtrid": null,
    "thirdServiceMsg": null,
    "thirdServiceStatus": null,
    "updateDate": "2023-06-26 10:35:51",
    "userId": 1713,
    "userName": "0tkcZieAcuHc9ZH39dIPFmJCjpVHZEV0",
    "website": null
}

2023-06-26 10:35:50.960 | DEBUG    | httprunner.client:log_print:40 - 
================== response details ==================
status_code : 200
headers  : {
    "Server": "nginx",
    "Date": "Mon, 26 Jun 2023 02:35:51 GMT",
    "Content-Type": "application/json;charset=UTF-8",
    "Transfer-Encoding": "chunked",
    "X-Frame-Options": "SAMEORIGIN",
    "Connection": "keep-alive"
}
cookies  : {}
encoding : UTF-8
content_type : application/json;charset=UTF-8
body     : {
    "message": "success",
    "status": 1,
    "data": true
}

2023-06-26 10:35:50.961 | INFO     | httprunner.client:request:217 - status_code: 200, response_time(ms): 315.85 ms, response_length: 0 bytes
2023-06-26 10:35:50.961 | INFO     | httprunner.response:validate:249 - assert status_code equal 200(int)	==> pass
2023-06-26 10:35:50.961 | INFO     | httprunner.response:validate:249 - assert body.message equal success(str)	==> pass
2023-06-26 10:35:50.961 | INFO     | httprunner.runner:__run_step:304 - run step end: 企业注册最终第三步提交信息 <<<<<<

2023-06-26 10:35:50.962 | INFO     | httprunner.runner:__run_step:304 - run step end: 企业注册最终第三步提交信息 <<<<<<

2023-06-26 10:35:50.962 | INFO     | httprunner.runner:__run_step:292 - run step begin: 登录-管理员 >>>>>>
2023-06-26 10:35:50.963 | INFO     | httprunner.runner:__run_step:292 - run step begin: 登录-企业用户 >>>>>>
2023-06-26 10:35:51.048 | DEBUG    | httprunner.client:request:186 - client IP: 127.0.0.1, Port: 51603
2023-06-26 10:35:51.048 | DEBUG    | httprunner.client:request:194 - server IP: 127.0.0.1, Port: 8888
2023-06-26 10:35:51.049 | DEBUG    | httprunner.client:log_print:40 - 
================== request details ==================
method   : POST
url      : http://139.198.116.76:8000/api/home/test/login
headers  : {
    "User-Agent": "python-requests/2.28.1",
    "Accept-Encoding": "gzip, deflate, br",
    "Accept": "*/*",
    "Connection": "keep-alive",
    "Content-Length": "144",
    "Content-Type": "application/json",
    "HRUN-Request-ID": "HRUN-25cba47c-a949-490b-8f06-267ee8aaa9cb-950963",
    "Cookie": "SESSION=NjJlMTUwMTItYzNkMC00MzJhLWJjZDItMjU3NDg0YzkxODc2"
}
cookies  : {
    "SESSION": "NjJlMTUwMTItYzNkMC00MzJhLWJjZDItMjU3NDg0YzkxODc2"
}
body     : {
    "captcha": "0000",
    "captchaSign": "5d39bab12bba81ab59b3931d2ca06ee9603c3803355932be66974f122cab3502",
    "emailCaptcha": "",
    "username": "adminy"
}

2023-06-26 10:35:51.050 | DEBUG    | httprunner.client:log_print:40 - 
================== response details ==================
status_code : 200
headers  : {
    "Server": "nginx",
    "Date": "Mon, 26 Jun 2023 02:35:51 GMT",
    "Content-Type": "application/json;charset=UTF-8",
    "Transfer-Encoding": "chunked",
    "Set-Cookie": "SESSION=Nzc5MTFkM2YtNDZkYS00NDdjLTkyYzEtODgzMjM0OGJjOTA4; Path=/; HttpOnly; SameSite=Lax",
    "X-Frame-Options": "SAMEORIGIN",
    "Connection": "keep-alive"
}
cookies  : {
    "SESSION": "Nzc5MTFkM2YtNDZkYS00NDdjLTkyYzEtODgzMjM0OGJjOTA4"
}
encoding : UTF-8
content_type : application/json;charset=UTF-8
body     : {
    "message": "success",
    "status": 1,
    "data": true
}

2023-06-26 10:35:51.050 | INFO     | httprunner.client:request:217 - status_code: 200, response_time(ms): 83.86 ms, response_length: 0 bytes
2023-06-26 10:35:51.050 | INFO     | httprunner.response:extract:179 - extract mapping: {'adminSession': 'response.headers."Set-Cookie".session'}
2023-06-26 10:35:51.051 | INFO     | httprunner.response:validate:249 - assert status_code equal 200(int)	==> pass
2023-06-26 10:35:51.051 | INFO     | httprunner.response:validate:249 - assert headers."Content-Type" equal application/json;charset=UTF-8(str)	==> pass
2023-06-26 10:35:51.051 | INFO     | httprunner.response:validate:249 - assert body.message equal success(str)	==> pass
2023-06-26 10:35:51.051 | INFO     | httprunner.response:validate:249 - assert body.status equal 1(int)	==> pass
2023-06-26 10:35:51.051 | INFO     | httprunner.response:validate:249 - assert body.data equal True(bool)	==> pass
2023-06-26 10:35:51.051 | INFO     | httprunner.runner:__run_step:304 - run step end: 登录-企业用户 <<<<<<

2023-06-26 10:35:51.052 | INFO     | httprunner.runner:__run_step_testcase:286 - export variables: {'adminSession': 'response.headers."Set-Cookie".session'}
2023-06-26 10:35:51.052 | INFO     | httprunner.runner:__run_step:304 - run step end: 登录-管理员 <<<<<<

2023-06-26 10:35:51.052 | INFO     | httprunner.runner:__run_step:292 - run step begin: 年费费用查询 >>>>>>
2023-06-26 10:35:51.053 | INFO     | httprunner.runner:__run_step:292 - run step begin: 财务规则查询-年费 >>>>>>
2023-06-26 10:35:51.186 | DEBUG    | httprunner.client:request:186 - client IP: 127.0.0.1, Port: 51603
2023-06-26 10:35:51.186 | DEBUG    | httprunner.client:request:194 - server IP: 127.0.0.1, Port: 8888
2023-06-26 10:35:51.187 | DEBUG    | httprunner.client:log_print:40 - 
================== request details ==================
method   : GET
url      : http://139.198.116.76:8000/api/finance/rule/findRule?cache=1663837640684&moneyType=2&userId=1713
headers  : {
    "User-Agent": "Mozilla/5.0 (Macintosh; Intel Mac OS X 10_15_7) AppleWebKit/537.36 (KHTML, like Gecko) Chrome/98.0.4758.102 Safari/537.36 Edg/98.0.1108.56",
    "Accept-Encoding": "gzip, deflate",
    "Accept": "application/json, text/plain, */*",
    "Connection": "keep-alive",
    "Accept-Language": "zh-CN,zh;q=0.9,en;q=0.8,en-GB;q=0.7,en-US;q=0.6",
    "HRUN-Request-ID": "HRUN-25cba47c-a949-490b-8f06-267ee8aaa9cb-951053",
    "Cookie": "SESSION=Nzc5MTFkM2YtNDZkYS00NDdjLTkyYzEtODgzMjM0OGJjOTA4; SESSION=response.headers.\"Set-Cookie\".session"
}
cookies  : {
    "SESSION": "Nzc5MTFkM2YtNDZkYS00NDdjLTkyYzEtODgzMjM0OGJjOTA4"
}
body     : None

2023-06-26 10:35:51.188 | DEBUG    | httprunner.client:log_print:40 - 
================== response details ==================
status_code : 200
headers  : {
    "Server": "nginx",
    "Date": "Mon, 26 Jun 2023 02:35:51 GMT",
    "Content-Type": "application/json;charset=UTF-8",
    "Transfer-Encoding": "chunked",
    "X-Frame-Options": "SAMEORIGIN",
    "Connection": "keep-alive"
}
cookies  : {}
encoding : UTF-8
content_type : application/json;charset=UTF-8
body     : {
    "message": "success",
    "status": 1,
    "data": [
        {
            "id": 78,
            "createDate": "2023-05-31 12:51:47",
            "updateDate": "2023-05-31 12:51:47",
            "name": "标准",
            "money": 10000.0,
            "moneyType": 2,
            "prefixCount": 1,
            "remart": "test",
            "entName": null,
            "entUserId": null,
            "ruleType": 2,
            "escrowId": null
        }
    ]
}

2023-06-26 10:35:51.188 | INFO     | httprunner.client:request:217 - status_code: 200, response_time(ms): 132.3 ms, response_length: 0 bytes
2023-06-26 10:35:51.189 | INFO     | httprunner.response:extract:179 - extract mapping: {'annualFeeRuleId': 78}
2023-06-26 10:35:51.189 | INFO     | httprunner.response:validate:249 - assert status_code equal 200(int)	==> pass
2023-06-26 10:35:51.190 | INFO     | httprunner.response:validate:249 - assert body.message equal success(str)	==> pass
2023-06-26 10:35:51.190 | INFO     | httprunner.response:validate:249 - assert body.status equal 1(int)	==> pass
2023-06-26 10:35:51.190 | INFO     | httprunner.runner:__run_step:304 - run step end: 财务规则查询-年费 <<<<<<

2023-06-26 10:35:51.190 | INFO     | httprunner.runner:__run_step_testcase:286 - export variables: {'annualFeeRuleId': 78}
2023-06-26 10:35:51.190 | INFO     | httprunner.runner:__run_step:304 - run step end: 年费费用查询 <<<<<<

2023-06-26 10:35:51.191 | INFO     | httprunner.runner:__run_step:292 - run step begin: 注册费费用查询 >>>>>>
2023-06-26 10:35:51.192 | INFO     | httprunner.runner:__run_step:292 - run step begin: 财务规则查询-注册费 >>>>>>
2023-06-26 10:35:51.257 | DEBUG    | httprunner.client:request:186 - client IP: 127.0.0.1, Port: 51603
2023-06-26 10:35:51.260 | DEBUG    | httprunner.client:request:194 - server IP: 127.0.0.1, Port: 8888
2023-06-26 10:35:51.261 | DEBUG    | httprunner.client:log_print:40 - 
================== request details ==================
method   : GET
url      : http://139.198.116.76:8000/api/finance/rule/findRule?moneyType=1&userId=1713
headers  : {
    "User-Agent": "Mozilla/5.0 (Macintosh; Intel Mac OS X 10_15_7) AppleWebKit/537.36 (KHTML, like Gecko) Chrome/98.0.4758.102 Safari/537.36 Edg/98.0.1108.56",
    "Accept-Encoding": "gzip, deflate",
    "Accept": "application/json, text/plain, */*",
    "Connection": "keep-alive",
    "Accept-Language": "zh-CN,zh;q=0.9,en;q=0.8,en-GB;q=0.7,en-US;q=0.6",
    "HRUN-Request-ID": "HRUN-25cba47c-a949-490b-8f06-267ee8aaa9cb-951192",
    "Cookie": "SESSION=Nzc5MTFkM2YtNDZkYS00NDdjLTkyYzEtODgzMjM0OGJjOTA4; SESSION=response.headers.\"Set-Cookie\".session"
}
cookies  : {
    "SESSION": "Nzc5MTFkM2YtNDZkYS00NDdjLTkyYzEtODgzMjM0OGJjOTA4"
}
body     : None

2023-06-26 10:35:51.262 | DEBUG    | httprunner.client:log_print:40 - 
================== response details ==================
status_code : 200
headers  : {
    "Server": "nginx",
    "Date": "Mon, 26 Jun 2023 02:35:51 GMT",
    "Content-Type": "application/json;charset=UTF-8",
    "Transfer-Encoding": "chunked",
    "X-Frame-Options": "SAMEORIGIN",
    "Connection": "keep-alive"
}
cookies  : {}
encoding : UTF-8
content_type : application/json;charset=UTF-8
body     : {
    "message": "success",
    "status": 1,
    "data": [
        {
            "id": 77,
            "createDate": "2023-05-31 12:51:33",
            "updateDate": "2023-05-31 12:51:33",
            "name": "标准",
            "money": 10000.0,
            "moneyType": 1,
            "prefixCount": 1,
            "remart": "test",
            "entName": null,
            "entUserId": null,
            "ruleType": 2,
            "escrowId": null
        }
    ]
}

2023-06-26 10:35:51.263 | INFO     | httprunner.client:request:217 - status_code: 200, response_time(ms): 65.27 ms, response_length: 0 bytes
2023-06-26 10:35:51.263 | INFO     | httprunner.response:extract:179 - extract mapping: {'regFeeRuleId': 77}
2023-06-26 10:35:51.263 | INFO     | httprunner.response:validate:249 - assert status_code equal 200(int)	==> pass
2023-06-26 10:35:51.263 | INFO     | httprunner.response:validate:249 - assert body.message equal success(str)	==> pass
2023-06-26 10:35:51.263 | INFO     | httprunner.response:validate:249 - assert body.status equal 1(int)	==> pass
2023-06-26 10:35:51.263 | INFO     | httprunner.runner:__run_step:304 - run step end: 财务规则查询-注册费 <<<<<<

2023-06-26 10:35:51.263 | INFO     | httprunner.runner:__run_step_testcase:286 - export variables: {'regFeeRuleId': 77}
2023-06-26 10:35:51.263 | INFO     | httprunner.runner:__run_step:304 - run step end: 注册费费用查询 <<<<<<

2023-06-26 10:35:51.264 | INFO     | httprunner.runner:__run_step:292 - run step begin: 审核结果保存 >>>>>>
2023-06-26 10:35:51.264 | INFO     | httprunner.runner:__run_step:292 - run step begin: 企业审核保存 >>>>>>
2023-06-26 10:35:52.301 | DEBUG    | httprunner.client:request:186 - client IP: 127.0.0.1, Port: 51603
2023-06-26 10:35:52.301 | DEBUG    | httprunner.client:request:194 - server IP: 127.0.0.1, Port: 8888
2023-06-26 10:35:52.302 | DEBUG    | httprunner.client:log_print:40 - 
================== request details ==================
method   : POST
url      : http://139.198.116.76:8000/api/v3/ent/audit/save?annualFeeRuleId=78&applyId=1480&auditMsg=%E5%AE%A1%E6%A0%B8%E9%80%9A%E8%BF%87&auditResult=pass&entPrefix=88.408.8506750174&regFeeRuleId=77
headers  : {
    "User-Agent": "Mozilla/5.0 (Macintosh; Intel Mac OS X 10_15_7) AppleWebKit/537.36 (KHTML, like Gecko) Chrome/98.0.4758.102 Safari/537.36 Edg/98.0.1108.56",
    "Accept-Encoding": "gzip, deflate",
    "Accept": "application/json, text/plain, */*",
    "Connection": "keep-alive",
    "Accept-Language": "zh-CN,zh;q=0.9,en;q=0.8,en-GB;q=0.7,en-US;q=0.6",
    "Content-Length": "0",
    "HRUN-Request-ID": "HRUN-25cba47c-a949-490b-8f06-267ee8aaa9cb-951264",
    "Cookie": "SESSION=Nzc5MTFkM2YtNDZkYS00NDdjLTkyYzEtODgzMjM0OGJjOTA4; SESSION=response.headers.\"Set-Cookie\".session"
}
cookies  : {
    "SESSION": "Nzc5MTFkM2YtNDZkYS00NDdjLTkyYzEtODgzMjM0OGJjOTA4"
}
body     : None

2023-06-26 10:35:52.302 | DEBUG    | httprunner.client:log_print:40 - 
================== response details ==================
status_code : 200
headers  : {
    "Server": "nginx",
    "Date": "Mon, 26 Jun 2023 02:35:52 GMT",
    "Content-Type": "application/json",
    "Transfer-Encoding": "chunked",
    "X-Frame-Options": "SAMEORIGIN",
    "Connection": "keep-alive"
}
cookies  : {}
encoding : utf-8
content_type : application/json
body     : {
    "message": "success",
    "status": 1,
    "data": true
}

2023-06-26 10:35:52.302 | INFO     | httprunner.client:request:217 - status_code: 200, response_time(ms): 1036.15 ms, response_length: 0 bytes
2023-06-26 10:35:52.303 | INFO     | httprunner.response:validate:249 - assert status_code equal 200(int)	==> pass
2023-06-26 10:35:52.303 | INFO     | httprunner.response:validate:249 - assert body.message equal success(str)	==> pass
2023-06-26 10:35:52.303 | INFO     | httprunner.response:validate:249 - assert body.status equal 1(int)	==> pass
2023-06-26 10:35:52.304 | INFO     | httprunner.response:validate:249 - assert body.data equal True(bool)	==> pass
2023-06-26 10:35:52.304 | INFO     | httprunner.runner:__run_step:304 - run step end: 企业审核保存 <<<<<<

2023-06-26 10:35:52.304 | INFO     | httprunner.runner:__run_step:304 - run step end: 审核结果保存 <<<<<<

2023-06-26 10:35:52.304 | INFO     | httprunner.runner:__run_step:292 - run step begin: 企业用户登录 >>>>>>
2023-06-26 10:35:52.305 | INFO     | httprunner.runner:__run_step:292 - run step begin: 登录-企业用户 >>>>>>
2023-06-26 10:35:52.406 | DEBUG    | httprunner.client:request:186 - client IP: 127.0.0.1, Port: 51603
2023-06-26 10:35:52.406 | DEBUG    | httprunner.client:request:194 - server IP: 127.0.0.1, Port: 8888
2023-06-26 10:35:52.407 | DEBUG    | httprunner.client:log_print:40 - 
================== request details ==================
method   : POST
url      : http://139.198.116.76:8000/api/home/test/login
headers  : {
    "User-Agent": "python-requests/2.28.1",
    "Accept-Encoding": "gzip, deflate, br",
    "Accept": "*/*",
    "Connection": "keep-alive",
    "Content-Length": "170",
    "Content-Type": "application/json",
    "HRUN-Request-ID": "HRUN-25cba47c-a949-490b-8f06-267ee8aaa9cb-952305",
    "Cookie": "SESSION=Nzc5MTFkM2YtNDZkYS00NDdjLTkyYzEtODgzMjM0OGJjOTA4"
}
cookies  : {
    "SESSION": "Nzc5MTFkM2YtNDZkYS00NDdjLTkyYzEtODgzMjM0OGJjOTA4"
}
body     : {
    "captcha": "0000",
    "captchaSign": "008b53f0a4e8e82a823703b25c8c95b85522273f80059874569d75827970751e",
    "emailCaptcha": "",
    "username": "0tkcZieAcuHc9ZH39dIPFmJCjpVHZEV0"
}

2023-06-26 10:35:52.408 | DEBUG    | httprunner.client:log_print:40 - 
================== response details ==================
status_code : 200
headers  : {
    "Server": "nginx",
    "Date": "Mon, 26 Jun 2023 02:35:52 GMT",
    "Content-Type": "application/json;charset=UTF-8",
    "Transfer-Encoding": "chunked",
    "Set-Cookie": "SESSION=N2ZkYzIyNGMtNThiNi00OTJhLWE3MTgtY2FhY2NjZDVhMDg2; Path=/; HttpOnly; SameSite=Lax",
    "X-Frame-Options": "SAMEORIGIN",
    "Connection": "keep-alive"
}
cookies  : {
    "SESSION": "N2ZkYzIyNGMtNThiNi00OTJhLWE3MTgtY2FhY2NjZDVhMDg2"
}
encoding : UTF-8
content_type : application/json;charset=UTF-8
body     : {
    "message": "success",
    "status": 1,
    "data": true
}

2023-06-26 10:35:52.408 | INFO     | httprunner.client:request:217 - status_code: 200, response_time(ms): 100.77 ms, response_length: 0 bytes
2023-06-26 10:35:52.408 | INFO     | httprunner.response:extract:179 - extract mapping: {'entSession': 'response.headers."Set-Cookie".session'}
2023-06-26 10:35:52.408 | INFO     | httprunner.response:validate:249 - assert status_code equal 200(int)	==> pass
2023-06-26 10:35:52.409 | INFO     | httprunner.response:validate:249 - assert headers."Content-Type" equal application/json;charset=UTF-8(str)	==> pass
2023-06-26 10:35:52.409 | INFO     | httprunner.response:validate:249 - assert body.message equal success(str)	==> pass
2023-06-26 10:35:52.409 | INFO     | httprunner.response:validate:249 - assert body.status equal 1(int)	==> pass
2023-06-26 10:35:52.409 | INFO     | httprunner.response:validate:249 - assert body.data equal True(bool)	==> pass
2023-06-26 10:35:52.409 | INFO     | httprunner.runner:__run_step:304 - run step end: 登录-企业用户 <<<<<<

2023-06-26 10:35:52.409 | INFO     | httprunner.runner:__run_step_testcase:286 - export variables: {'entSession': 'response.headers."Set-Cookie".session'}
2023-06-26 10:35:52.409 | INFO     | httprunner.runner:__run_step:304 - run step end: 企业用户登录 <<<<<<

2023-06-26 10:35:52.409 | INFO     | httprunner.runner:__run_step:292 - run step begin: 企业申请托管 >>>>>>
2023-06-26 10:35:52.410 | INFO     | httprunner.runner:__run_step:292 - run step begin: 托管申请 >>>>>>
2023-06-26 10:35:52.471 | DEBUG    | httprunner.client:request:186 - client IP: 127.0.0.1, Port: 51603
2023-06-26 10:35:52.472 | DEBUG    | httprunner.client:request:194 - server IP: 127.0.0.1, Port: 8888
2023-06-26 10:35:52.473 | DEBUG    | httprunner.client:log_print:40 - 
================== request details ==================
method   : GET
url      : http://139.198.116.76:8000/api/prefixProxy/apply?entPrefix=88.408.8506750174
headers  : {
    "User-Agent": "Mozilla/5.0 (Macintosh; Intel Mac OS X 10_15_7) AppleWebKit/537.36 (KHTML, like Gecko) Chrome/105.0.0.0 Safari/537.36",
    "Accept-Encoding": "gzip, deflate",
    "Accept": "application/json, text/plain, */*",
    "Connection": "keep-alive",
    "Accept-Language": "zh-CN,zh;q=0.9",
    "HRUN-Request-ID": "HRUN-25cba47c-a949-490b-8f06-267ee8aaa9cb-952410",
    "Cookie": "SESSION=N2ZkYzIyNGMtNThiNi00OTJhLWE3MTgtY2FhY2NjZDVhMDg2; SESSION=response.headers.\"Set-Cookie\".session"
}
cookies  : {
    "SESSION": "N2ZkYzIyNGMtNThiNi00OTJhLWE3MTgtY2FhY2NjZDVhMDg2"
}
body     : None

2023-06-26 10:35:52.474 | DEBUG    | httprunner.client:log_print:40 - 
================== response details ==================
status_code : 200
headers  : {
    "Server": "nginx",
    "Date": "Mon, 26 Jun 2023 02:35:52 GMT",
    "Content-Type": "application/json;charset=UTF-8",
    "Transfer-Encoding": "chunked",
    "X-Frame-Options": "SAMEORIGIN",
    "Connection": "keep-alive"
}
cookies  : {}
encoding : UTF-8
content_type : application/json;charset=UTF-8
body     : {
    "message": "success",
    "status": 1,
    "data": null
}

2023-06-26 10:35:52.474 | INFO     | httprunner.client:request:217 - status_code: 200, response_time(ms): 61.28 ms, response_length: 0 bytes
2023-06-26 10:35:52.475 | INFO     | httprunner.response:validate:249 - assert status_code equal 200(int)	==> pass
2023-06-26 10:35:52.475 | INFO     | httprunner.response:validate:249 - assert body.message equal success(str)	==> pass
2023-06-26 10:35:52.475 | INFO     | httprunner.runner:__run_step:304 - run step end: 托管申请 <<<<<<

2023-06-26 10:35:52.476 | INFO     | httprunner.runner:__run_step:304 - run step end: 企业申请托管 <<<<<<

2023-06-26 10:35:52.476 | INFO     | httprunner.runner:__run_step:292 - run step begin: 管理员用户登录 >>>>>>
2023-06-26 10:35:52.477 | INFO     | httprunner.runner:__run_step:292 - run step begin: 登录-企业用户 >>>>>>
2023-06-26 10:35:52.537 | DEBUG    | httprunner.client:request:186 - client IP: 127.0.0.1, Port: 51603
2023-06-26 10:35:52.537 | DEBUG    | httprunner.client:request:194 - server IP: 127.0.0.1, Port: 8888
2023-06-26 10:35:52.538 | DEBUG    | httprunner.client:log_print:40 - 
================== request details ==================
method   : POST
url      : http://139.198.116.76:8000/api/home/test/login
headers  : {
    "User-Agent": "python-requests/2.28.1",
    "Accept-Encoding": "gzip, deflate, br",
    "Accept": "*/*",
    "Connection": "keep-alive",
    "Content-Length": "144",
    "Content-Type": "application/json",
    "HRUN-Request-ID": "HRUN-25cba47c-a949-490b-8f06-267ee8aaa9cb-952477",
    "Cookie": "SESSION=N2ZkYzIyNGMtNThiNi00OTJhLWE3MTgtY2FhY2NjZDVhMDg2"
}
cookies  : {
    "SESSION": "N2ZkYzIyNGMtNThiNi00OTJhLWE3MTgtY2FhY2NjZDVhMDg2"
}
body     : {
    "captcha": "0000",
    "captchaSign": "5d39bab12bba81ab59b3931d2ca06ee9603c3803355932be66974f122cab3502",
    "emailCaptcha": "",
    "username": "adminy"
}

2023-06-26 10:35:52.539 | DEBUG    | httprunner.client:log_print:40 - 
================== response details ==================
status_code : 200
headers  : {
    "Server": "nginx",
    "Date": "Mon, 26 Jun 2023 02:35:52 GMT",
    "Content-Type": "application/json;charset=UTF-8",
    "Transfer-Encoding": "chunked",
    "Set-Cookie": "SESSION=YmQ1MDhkZmUtNGRiZS00OGU4LWE5Y2YtYjM1NGNhOGU4ZWFl; Path=/; HttpOnly; SameSite=Lax",
    "X-Frame-Options": "SAMEORIGIN",
    "Connection": "keep-alive"
}
cookies  : {
    "SESSION": "YmQ1MDhkZmUtNGRiZS00OGU4LWE5Y2YtYjM1NGNhOGU4ZWFl"
}
encoding : UTF-8
content_type : application/json;charset=UTF-8
body     : {
    "message": "success",
    "status": 1,
    "data": true
}

2023-06-26 10:35:52.539 | INFO     | httprunner.client:request:217 - status_code: 200, response_time(ms): 59.9 ms, response_length: 0 bytes
2023-06-26 10:35:52.539 | INFO     | httprunner.response:extract:179 - extract mapping: {'adminSession': 'response.headers."Set-Cookie".session'}
2023-06-26 10:35:52.540 | INFO     | httprunner.response:validate:249 - assert status_code equal 200(int)	==> pass
2023-06-26 10:35:52.540 | INFO     | httprunner.response:validate:249 - assert headers."Content-Type" equal application/json;charset=UTF-8(str)	==> pass
2023-06-26 10:35:52.540 | INFO     | httprunner.response:validate:249 - assert body.message equal success(str)	==> pass
2023-06-26 10:35:52.541 | INFO     | httprunner.response:validate:249 - assert body.status equal 1(int)	==> pass
2023-06-26 10:35:52.541 | INFO     | httprunner.response:validate:249 - assert body.data equal True(bool)	==> pass
2023-06-26 10:35:52.541 | INFO     | httprunner.runner:__run_step:304 - run step end: 登录-企业用户 <<<<<<

2023-06-26 10:35:52.541 | INFO     | httprunner.runner:__run_step_testcase:286 - export variables: {'adminSession': 'response.headers."Set-Cookie".session'}
2023-06-26 10:35:52.541 | INFO     | httprunner.runner:__run_step:304 - run step end: 管理员用户登录 <<<<<<

2023-06-26 10:35:52.542 | INFO     | httprunner.runner:__run_step:292 - run step begin: 前缀审核列表查询所申请前缀的id >>>>>>
2023-06-26 10:35:52.542 | INFO     | httprunner.runner:__run_step:292 - run step begin: 前缀审核列表 >>>>>>
2023-06-26 10:35:52.593 | DEBUG    | httprunner.client:request:186 - client IP: 127.0.0.1, Port: 51603
2023-06-26 10:35:52.594 | DEBUG    | httprunner.client:request:194 - server IP: 127.0.0.1, Port: 8888
2023-06-26 10:35:52.594 | DEBUG    | httprunner.client:log_print:40 - 
================== request details ==================
method   : GET
url      : http://139.198.116.76:8000/api/proxyserver/prefix/audit/pageQuery?cache=1663920502544&currentPage=1&entNameCn=&escrowOrgName=&order=&orderProp=&prefix=88.408.8506750174
headers  : {
    "User-Agent": "Mozilla/5.0 (Macintosh; Intel Mac OS X 10_15_7) AppleWebKit/537.36 (KHTML, like Gecko) Chrome/104.0.0.0 Safari/537.36",
    "Accept-Encoding": "gzip, deflate",
    "Accept": "application/json, text/plain, */*",
    "Connection": "keep-alive",
    "Accept-Language": "zh-CN,zh;q=0.9",
    "HRUN-Request-ID": "HRUN-25cba47c-a949-490b-8f06-267ee8aaa9cb-952542",
    "Cookie": "SESSION=YmQ1MDhkZmUtNGRiZS00OGU4LWE5Y2YtYjM1NGNhOGU4ZWFl; SESSION=response.headers.\"Set-Cookie\".session"
}
cookies  : {
    "SESSION": "YmQ1MDhkZmUtNGRiZS00OGU4LWE5Y2YtYjM1NGNhOGU4ZWFl"
}
body     : None

2023-06-26 10:35:52.596 | DEBUG    | httprunner.client:log_print:40 - 
================== response details ==================
status_code : 200
headers  : {
    "Server": "nginx",
    "Date": "Mon, 26 Jun 2023 02:35:52 GMT",
    "Content-Type": "application/json",
    "Transfer-Encoding": "chunked",
    "X-Frame-Options": "SAMEORIGIN",
    "Connection": "keep-alive"
}
cookies  : {}
encoding : utf-8
content_type : application/json
body     : {
    "message": "success",
    "status": 1,
    "data": {
        "first": true,
        "last": true,
        "totalPages": 1,
        "totalElements": 1,
        "number": 1,
        "size": 10,
        "sort": {
            "sorted": true,
            "unsorted": false,
            "empty": false
        },
        "numberOfElements": 1,
        "content": [
            {
                "id": 401,
                "prefix": "88.408.8506750174",
                "entNameCn": "0tkcZieAcuHc9ZH39dIPFmJCjpVHZEV0",
                "escrowOrgName": null,
                "isProxy": 2,
                "userId": 1713,
                "createDate": "2023-06-26 10:35:53",
                "updateDate": "2023-06-26 10:35:53"
            }
        ]
    }
}

2023-06-26 10:35:52.596 | INFO     | httprunner.client:request:217 - status_code: 200, response_time(ms): 51.0 ms, response_length: 0 bytes
2023-06-26 10:35:52.596 | INFO     | httprunner.response:extract:179 - extract mapping: {'prefixauditid': 401}
2023-06-26 10:35:52.597 | INFO     | httprunner.response:validate:249 - assert status_code equal 200(int)	==> pass
2023-06-26 10:35:52.597 | INFO     | httprunner.response:validate:249 - assert headers."Content-Type" equal application/json(str)	==> pass
2023-06-26 10:35:52.597 | INFO     | httprunner.response:validate:249 - assert body.message equal success(str)	==> pass
2023-06-26 10:35:52.597 | INFO     | httprunner.response:validate:249 - assert body.status equal 1(int)	==> pass
2023-06-26 10:35:52.597 | INFO     | httprunner.runner:__run_step:304 - run step end: 前缀审核列表 <<<<<<

2023-06-26 10:35:52.597 | INFO     | httprunner.runner:__run_step_testcase:286 - export variables: {'prefixauditid': 401}
2023-06-26 10:35:52.597 | INFO     | httprunner.runner:__run_step:304 - run step end: 前缀审核列表查询所申请前缀的id <<<<<<

2023-06-26 10:35:52.598 | INFO     | httprunner.runner:__run_step:292 - run step begin: 获取托管服务器列表 >>>>>>
2023-06-26 10:35:52.598 | INFO     | httprunner.runner:__run_step:292 - run step begin: 托管服务器列表 >>>>>>
2023-06-26 10:35:52.649 | DEBUG    | httprunner.client:request:186 - client IP: 127.0.0.1, Port: 51603
2023-06-26 10:35:52.649 | DEBUG    | httprunner.client:request:194 - server IP: 127.0.0.1, Port: 8888
2023-06-26 10:35:52.650 | DEBUG    | httprunner.client:log_print:40 - 
================== request details ==================
method   : GET
url      : http://139.198.116.76:8000/api/system/proxy/server/pageQuery?cache=1663915357874
headers  : {
    "User-Agent": "Mozilla/5.0 (Macintosh; Intel Mac OS X 10_15_7) AppleWebKit/537.36 (KHTML, like Gecko) Chrome/104.0.0.0 Safari/537.36",
    "Accept-Encoding": "gzip, deflate",
    "Accept": "application/json, text/plain, */*",
    "Connection": "keep-alive",
    "Accept-Language": "zh-CN,zh;q=0.9",
    "HRUN-Request-ID": "HRUN-25cba47c-a949-490b-8f06-267ee8aaa9cb-952598",
    "Cookie": "SESSION=YmQ1MDhkZmUtNGRiZS00OGU4LWE5Y2YtYjM1NGNhOGU4ZWFl; SESSION=response.headers.\"Set-Cookie\".session"
}
cookies  : {
    "SESSION": "YmQ1MDhkZmUtNGRiZS00OGU4LWE5Y2YtYjM1NGNhOGU4ZWFl"
}
body     : None

2023-06-26 10:35:52.650 | DEBUG    | httprunner.client:log_print:40 - 
================== response details ==================
status_code : 200
headers  : {
    "Server": "nginx",
    "Date": "Mon, 26 Jun 2023 02:35:52 GMT",
    "Content-Type": "application/json",
    "Transfer-Encoding": "chunked",
    "X-Frame-Options": "SAMEORIGIN",
    "Connection": "keep-alive"
}
cookies  : {}
encoding : utf-8
content_type : application/json
body     : {
    "message": "success",
    "status": 1,
    "data": {
        "first": true,
        "last": true,
        "totalPages": 1,
        "totalElements": 1,
        "number": 1,
        "size": 10,
        "sort": {
            "sorted": true,
            "unsorted": false,
            "empty": false
        },
        "numberOfElements": 1,
        "content": [
            {
                "id": 5,
                "createDate": "2023-05-31 10:16:20",
                "updateDate": "2023-05-31 10:16:20",
                "srvName": "托管服务器-勿动",
                "ipType": 4,
                "ip": "192.168.0.76",
                "tcpPort": 2643,
                "udpPort": null,
                "httpPort": 8083,
                "ipTypeReslove": 4,
                "ipReslove": "139.198.116.208",
                "tcpPortReslove": 2643,
                "udpPortReslove": null,
                "httpPortReslove": 8083
            }
        ]
    }
}

2023-06-26 10:35:52.651 | INFO     | httprunner.client:request:217 - status_code: 200, response_time(ms): 50.59 ms, response_length: 0 bytes
2023-06-26 10:35:52.651 | INFO     | httprunner.response:extract:179 - extract mapping: {'proxyserverid': 5}
2023-06-26 10:35:52.651 | INFO     | httprunner.response:validate:249 - assert status_code equal 200(int)	==> pass
2023-06-26 10:35:52.652 | INFO     | httprunner.response:validate:249 - assert headers."Content-Type" equal application/json(str)	==> pass
2023-06-26 10:35:52.652 | INFO     | httprunner.response:validate:249 - assert body.message equal success(str)	==> pass
2023-06-26 10:35:52.652 | INFO     | httprunner.response:validate:249 - assert body.status equal 1(int)	==> pass
2023-06-26 10:35:52.652 | INFO     | httprunner.runner:__run_step:304 - run step end: 托管服务器列表 <<<<<<

2023-06-26 10:35:52.652 | INFO     | httprunner.runner:__run_step_testcase:286 - export variables: {'proxyserverid': 5}
2023-06-26 10:35:52.653 | INFO     | httprunner.runner:__run_step:304 - run step end: 获取托管服务器列表 <<<<<<

2023-06-26 10:35:52.653 | INFO     | httprunner.runner:__run_step:292 - run step begin: 前缀审核通过 >>>>>>
2023-06-26 10:35:52.653 | INFO     | httprunner.runner:__run_step:292 - run step begin: 托管审核保存 >>>>>>
2023-06-26 10:35:52.888 | DEBUG    | httprunner.client:request:186 - client IP: 127.0.0.1, Port: 51603
2023-06-26 10:35:52.888 | DEBUG    | httprunner.client:request:194 - server IP: 127.0.0.1, Port: 8888
2023-06-26 10:35:52.889 | DEBUG    | httprunner.client:log_print:40 - 
================== request details ==================
method   : POST
url      : http://139.198.116.76:8000/api/proxyserver/prefix/audit/save?auditResult=pass&id=401&ids=5
headers  : {
    "User-Agent": "Mozilla/5.0 (Macintosh; Intel Mac OS X 10_15_7) AppleWebKit/537.36 (KHTML, like Gecko) Chrome/104.0.0.0 Safari/537.36",
    "Accept-Encoding": "gzip, deflate",
    "Accept": "application/json, text/plain, */*",
    "Connection": "keep-alive",
    "Accept-Language": "zh-CN,zh;q=0.9",
    "Content-Length": "0",
    "HRUN-Request-ID": "HRUN-25cba47c-a949-490b-8f06-267ee8aaa9cb-952653",
    "Cookie": "SESSION=YmQ1MDhkZmUtNGRiZS00OGU4LWE5Y2YtYjM1NGNhOGU4ZWFl; SESSION=response.headers.\"Set-Cookie\".session"
}
cookies  : {
    "SESSION": "YmQ1MDhkZmUtNGRiZS00OGU4LWE5Y2YtYjM1NGNhOGU4ZWFl"
}
body     : None

2023-06-26 10:35:52.890 | DEBUG    | httprunner.client:log_print:40 - 
================== response details ==================
status_code : 200
headers  : {
    "Server": "nginx",
    "Date": "Mon, 26 Jun 2023 02:35:52 GMT",
    "Content-Type": "application/json",
    "Transfer-Encoding": "chunked",
    "X-Frame-Options": "SAMEORIGIN",
    "Connection": "keep-alive"
}
cookies  : {}
encoding : utf-8
content_type : application/json
body     : {
    "message": "success",
    "status": 1,
    "data": true
}

2023-06-26 10:35:52.891 | INFO     | httprunner.client:request:217 - status_code: 200, response_time(ms): 234.64 ms, response_length: 0 bytes
2023-06-26 10:35:52.891 | INFO     | httprunner.response:validate:249 - assert status_code equal 200(int)	==> pass
2023-06-26 10:35:52.891 | INFO     | httprunner.response:validate:249 - assert headers."Content-Type" equal application/json(str)	==> pass
2023-06-26 10:35:52.892 | INFO     | httprunner.response:validate:249 - assert body.message equal success(str)	==> pass
2023-06-26 10:35:52.892 | INFO     | httprunner.response:validate:249 - assert body.status equal 1(int)	==> pass
2023-06-26 10:35:52.892 | INFO     | httprunner.response:validate:249 - assert body.data equal True(bool)	==> pass
2023-06-26 10:35:52.893 | INFO     | httprunner.runner:__run_step:304 - run step end: 托管审核保存 <<<<<<

2023-06-26 10:35:52.893 | INFO     | httprunner.runner:__run_step:304 - run step end: 前缀审核通过 <<<<<<

