2023-06-25 18:43:00.424 | INFO     | httprunner.runner:test_start:450 - Start to run testcase: 前缀审核列表-企业名称查询, TestCase ID: 27224228-a557-4ce4-a0d1-425281607028
2023-06-25 18:43:00.425 | INFO     | httprunner.runner:__run_step:292 - run step begin: 用户注册 >>>>>>
2023-06-25 18:43:00.425 | INFO     | httprunner.runner:__run_step:292 - run step begin: 用户注册 >>>>>>
2023-06-25 18:43:00.545 | DEBUG    | httprunner.client:request:186 - client IP: 127.0.0.1, Port: 56304
2023-06-25 18:43:00.545 | DEBUG    | httprunner.client:request:194 - server IP: 127.0.0.1, Port: 8888
2023-06-25 18:43:00.545 | DEBUG    | httprunner.client:log_print:40 - 
================== request details ==================
method   : POST
url      : http://139.198.116.76:8000/api/home/test/registry
headers  : {
    "User-Agent": "Mozilla/5.0 (Windows NT 10.0; WOW64) AppleWebKit/537.36 (KHTML, like Gecko) Chrome/100.0.4896.60 Safari/537.36",
    "Accept-Encoding": "gzip, deflate",
    "Accept": "application/json, text/plain, */*",
    "Connection": "keep-alive",
    "Accept-Language": "zh-CN,zh;q=0.9",
    "HRUN-Request-ID": "HRUN-27224228-a557-4ce4-a0d1-425281607028-780425",
    "Content-Length": "187",
    "Content-Type": "application/json"
}
cookies  : {}
body     : {
    "email": "AdLwtCmqRng5cVjF@qaqseq.com",
    "mobile": "15514267392",
    "openId": "",
    "openUserName": "",
    "password": "Admin@123",
    "remarks": "",
    "username": "TaIcG4N5XndD3gF5O3V79L8U7o6kGUF4"
}

2023-06-25 18:43:00.545 | DEBUG    | httprunner.client:log_print:40 - 
================== response details ==================
status_code : 200
headers  : {
    "Server": "nginx",
    "Date": "Sun, 25 Jun 2023 10:43:00 GMT",
    "Content-Type": "application/json",
    "Transfer-Encoding": "chunked",
    "X-Frame-Options": "SAMEORIGIN",
    "Connection": "keep-alive"
}
cookies  : {}
encoding : utf-8
content_type : application/json
body     : {
    "message": "success",
    "status": 1,
    "data": true
}

2023-06-25 18:43:00.545 | INFO     | httprunner.client:request:217 - status_code: 200, response_time(ms): 119.54 ms, response_length: 0 bytes
2023-06-25 18:43:00.545 | INFO     | httprunner.response:validate:249 - assert status_code equal 200(int)	==> pass
2023-06-25 18:43:00.545 | INFO     | httprunner.response:validate:249 - assert body.message equal success(str)	==> pass
2023-06-25 18:43:00.546 | INFO     | httprunner.response:validate:249 - assert body.status equal 1(int)	==> pass
2023-06-25 18:43:00.546 | INFO     | httprunner.response:validate:249 - assert body.message contains success(str)	==> pass
2023-06-25 18:43:00.546 | INFO     | httprunner.response:validate:249 - assert body.status contained_by [1, 200](list)	==> pass
2023-06-25 18:43:00.546 | INFO     | httprunner.runner:__run_step:304 - run step end: 用户注册 <<<<<<

2023-06-25 18:43:00.546 | INFO     | httprunner.runner:__run_step:304 - run step end: 用户注册 <<<<<<

2023-06-25 18:43:00.546 | INFO     | httprunner.runner:__run_step:292 - run step begin: 登录-企业 >>>>>>
2023-06-25 18:43:00.546 | INFO     | httprunner.runner:__run_step:292 - run step begin: 登录-企业用户 >>>>>>
2023-06-25 18:43:00.604 | DEBUG    | httprunner.client:request:186 - client IP: 127.0.0.1, Port: 56304
2023-06-25 18:43:00.604 | DEBUG    | httprunner.client:request:194 - server IP: 127.0.0.1, Port: 8888
2023-06-25 18:43:00.604 | DEBUG    | httprunner.client:log_print:40 - 
================== request details ==================
method   : POST
url      : http://139.198.116.76:8000/api/home/test/login
headers  : {
    "User-Agent": "python-requests/2.28.1",
    "Accept-Encoding": "gzip, deflate, br",
    "Accept": "*/*",
    "Connection": "keep-alive",
    "Content-Length": "170",
    "Content-Type": "application/json",
    "HRUN-Request-ID": "HRUN-27224228-a557-4ce4-a0d1-425281607028-780546"
}
cookies  : {}
body     : {
    "captcha": "0000",
    "captchaSign": "2204b9afadf4f2f28489d154e36101cb26f73c0cb3b1e39fff82ec001c48e8d9",
    "emailCaptcha": "",
    "username": "TaIcG4N5XndD3gF5O3V79L8U7o6kGUF4"
}

2023-06-25 18:43:00.604 | DEBUG    | httprunner.client:log_print:40 - 
================== response details ==================
status_code : 200
headers  : {
    "Server": "nginx",
    "Date": "Sun, 25 Jun 2023 10:43:00 GMT",
    "Content-Type": "application/json;charset=UTF-8",
    "Transfer-Encoding": "chunked",
    "Set-Cookie": "SESSION=ZjA3ZDM1ZjEtMTVlMS00ZjBlLTgxMzYtYTcxZDQxOTk2MGY3; Path=/; HttpOnly; SameSite=Lax",
    "X-Frame-Options": "SAMEORIGIN",
    "Connection": "keep-alive"
}
cookies  : {
    "SESSION": "ZjA3ZDM1ZjEtMTVlMS00ZjBlLTgxMzYtYTcxZDQxOTk2MGY3"
}
encoding : UTF-8
content_type : application/json;charset=UTF-8
body     : {
    "message": "success",
    "status": 1,
    "data": true
}

2023-06-25 18:43:00.604 | INFO     | httprunner.client:request:217 - status_code: 200, response_time(ms): 57.45 ms, response_length: 0 bytes
2023-06-25 18:43:00.605 | INFO     | httprunner.response:extract:179 - extract mapping: {'entSession': 'response.headers."Set-Cookie".session'}
2023-06-25 18:43:00.605 | INFO     | httprunner.response:validate:249 - assert status_code equal 200(int)	==> pass
2023-06-25 18:43:00.605 | INFO     | httprunner.response:validate:249 - assert headers."Content-Type" equal application/json;charset=UTF-8(str)	==> pass
2023-06-25 18:43:00.605 | INFO     | httprunner.response:validate:249 - assert body.message equal success(str)	==> pass
2023-06-25 18:43:00.605 | INFO     | httprunner.response:validate:249 - assert body.status equal 1(int)	==> pass
2023-06-25 18:43:00.605 | INFO     | httprunner.response:validate:249 - assert body.data equal True(bool)	==> pass
2023-06-25 18:43:00.605 | INFO     | httprunner.runner:__run_step:304 - run step end: 登录-企业用户 <<<<<<

2023-06-25 18:43:00.605 | INFO     | httprunner.runner:__run_step_testcase:286 - export variables: {'entSession': 'response.headers."Set-Cookie".session'}
2023-06-25 18:43:00.605 | INFO     | httprunner.runner:__run_step:304 - run step end: 登录-企业 <<<<<<

2023-06-25 18:43:00.605 | INFO     | httprunner.runner:__run_step:292 - run step begin: 前缀注册企业资质图片上传 >>>>>>
2023-06-25 18:43:00.605 | INFO     | httprunner.runner:__run_step:292 - run step begin: 前缀注册企业资质图片上传 >>>>>>
2023-06-25 18:43:00.845 | DEBUG    | httprunner.client:request:186 - client IP: 127.0.0.1, Port: 56304
2023-06-25 18:43:00.845 | DEBUG    | httprunner.client:request:194 - server IP: 127.0.0.1, Port: 8888
2023-06-25 18:43:00.845 | DEBUG    | httprunner.client:log_print:40 - 
================== request details ==================
method   : POST
url      : http://139.198.116.76:8000/api/file/img/upload
headers  : {
    "User-Agent": "Mozilla/5.0 (Macintosh; Intel Mac OS X 10_15_7) AppleWebKit/537.36 (KHTML, like Gecko) Chrome/105.0.0.0 Safari/537.36",
    "Accept-Encoding": "gzip, deflate",
    "Accept": "application/json, text/plain, */*",
    "Connection": "keep-alive",
    "Accept-Language": "zh-CN,zh;q=0.9",
    "Content-Type": "multipart/form-data; boundary=cd08068583414c269d021f311e69b6e4",
    "HRUN-Request-ID": "HRUN-27224228-a557-4ce4-a0d1-425281607028-780606",
    "Cookie": "SESSION=ZjA3ZDM1ZjEtMTVlMS00ZjBlLTgxMzYtYTcxZDQxOTk2MGY3; SESSION=response.headers.\"Set-Cookie\".session",
    "Content-Length": "20435"
}
cookies  : {
    "SESSION": "ZjA3ZDM1ZjEtMTVlMS00ZjBlLTgxMzYtYTcxZDQxOTk2MGY3"
}
body     : upload file stream (OMITTED)

2023-06-25 18:43:00.845 | DEBUG    | httprunner.client:log_print:40 - 
================== response details ==================
status_code : 200
headers  : {
    "Server": "nginx",
    "Date": "Sun, 25 Jun 2023 10:43:00 GMT",
    "Content-Type": "application/json;charset=UTF-8",
    "Transfer-Encoding": "chunked",
    "X-Frame-Options": "SAMEORIGIN",
    "Connection": "keep-alive"
}
cookies  : {}
encoding : UTF-8
content_type : application/json;charset=UTF-8
body     : {
    "message": "success",
    "status": 1,
    "data": {
        "id": 2809,
        "path": "376385e9-6ff3-4e7d-88e2-81d3d824285f.jpeg"
    }
}

2023-06-25 18:43:00.846 | INFO     | httprunner.client:request:217 - status_code: 200, response_time(ms): 238.85 ms, response_length: 0 bytes
2023-06-25 18:43:00.846 | INFO     | httprunner.response:extract:179 - extract mapping: {'imgId': 2809}
2023-06-25 18:43:00.846 | INFO     | httprunner.response:validate:249 - assert status_code equal 200(int)	==> pass
2023-06-25 18:43:00.846 | INFO     | httprunner.runner:__run_step:304 - run step end: 前缀注册企业资质图片上传 <<<<<<

2023-06-25 18:43:00.846 | INFO     | httprunner.runner:__run_step_testcase:286 - export variables: {'imgId': 2809}
2023-06-25 18:43:00.846 | INFO     | httprunner.runner:__run_step:304 - run step end: 前缀注册企业资质图片上传 <<<<<<

2023-06-25 18:43:00.846 | INFO     | httprunner.runner:__run_step:292 - run step begin: 前缀注册企业联系人身份证图片正面上传 >>>>>>
2023-06-25 18:43:00.846 | INFO     | httprunner.runner:__run_step:292 - run step begin: 前缀注册企业联系人身份证图片背面上传 >>>>>>
2023-06-25 18:43:00.950 | DEBUG    | httprunner.client:request:186 - client IP: 127.0.0.1, Port: 56304
2023-06-25 18:43:00.950 | DEBUG    | httprunner.client:request:194 - server IP: 127.0.0.1, Port: 8888
2023-06-25 18:43:00.950 | DEBUG    | httprunner.client:log_print:40 - 
================== request details ==================
method   : POST
url      : http://139.198.116.76:8000/api/file/img/upload
headers  : {
    "User-Agent": "Mozilla/5.0 (Macintosh; Intel Mac OS X 10_15_7) AppleWebKit/537.36 (KHTML, like Gecko) Chrome/105.0.0.0 Safari/537.36",
    "Accept-Encoding": "gzip, deflate",
    "Accept": "application/json, text/plain, */*",
    "Connection": "keep-alive",
    "Accept-Language": "zh-CN,zh;q=0.9",
    "Content-Type": "multipart/form-data; boundary=d35fda2624f743db8c8aff2b866f3113",
    "HRUN-Request-ID": "HRUN-27224228-a557-4ce4-a0d1-425281607028-780847",
    "Cookie": "SESSION=ZjA3ZDM1ZjEtMTVlMS00ZjBlLTgxMzYtYTcxZDQxOTk2MGY3; SESSION=response.headers.\"Set-Cookie\".session",
    "Content-Length": "20435"
}
cookies  : {
    "SESSION": "ZjA3ZDM1ZjEtMTVlMS00ZjBlLTgxMzYtYTcxZDQxOTk2MGY3"
}
body     : upload file stream (OMITTED)

2023-06-25 18:43:00.950 | DEBUG    | httprunner.client:log_print:40 - 
================== response details ==================
status_code : 200
headers  : {
    "Server": "nginx",
    "Date": "Sun, 25 Jun 2023 10:43:01 GMT",
    "Content-Type": "application/json;charset=UTF-8",
    "Transfer-Encoding": "chunked",
    "X-Frame-Options": "SAMEORIGIN",
    "Connection": "keep-alive"
}
cookies  : {}
encoding : UTF-8
content_type : application/json;charset=UTF-8
body     : {
    "message": "success",
    "status": 1,
    "data": {
        "id": 2810,
        "path": "80631522-be95-4c83-8f80-34238a5d3380.jpeg"
    }
}

2023-06-25 18:43:00.950 | INFO     | httprunner.client:request:217 - status_code: 200, response_time(ms): 102.91 ms, response_length: 0 bytes
2023-06-25 18:43:00.950 | INFO     | httprunner.response:extract:179 - extract mapping: {'imgId_f': 2810}
2023-06-25 18:43:00.951 | INFO     | httprunner.response:validate:249 - assert status_code equal 200(int)	==> pass
2023-06-25 18:43:00.951 | INFO     | httprunner.runner:__run_step:304 - run step end: 前缀注册企业联系人身份证图片背面上传 <<<<<<

2023-06-25 18:43:00.951 | INFO     | httprunner.runner:__run_step_testcase:286 - export variables: {'imgId_f': 2810}
2023-06-25 18:43:00.951 | INFO     | httprunner.runner:__run_step:304 - run step end: 前缀注册企业联系人身份证图片正面上传 <<<<<<

2023-06-25 18:43:00.951 | INFO     | httprunner.runner:__run_step:292 - run step begin: 前缀注册企业联系人身份证图片背面上传 >>>>>>
2023-06-25 18:43:00.951 | INFO     | httprunner.runner:__run_step:292 - run step begin: 前缀注册企业联系人身份证图片背面上传 >>>>>>
2023-06-25 18:43:01.048 | DEBUG    | httprunner.client:request:186 - client IP: 127.0.0.1, Port: 56304
2023-06-25 18:43:01.049 | DEBUG    | httprunner.client:request:194 - server IP: 127.0.0.1, Port: 8888
2023-06-25 18:43:01.050 | DEBUG    | httprunner.client:log_print:40 - 
================== request details ==================
method   : POST
url      : http://139.198.116.76:8000/api/file/img/upload
headers  : {
    "User-Agent": "Mozilla/5.0 (Macintosh; Intel Mac OS X 10_15_7) AppleWebKit/537.36 (KHTML, like Gecko) Chrome/105.0.0.0 Safari/537.36",
    "Accept-Encoding": "gzip, deflate",
    "Accept": "application/json, text/plain, */*",
    "Connection": "keep-alive",
    "Accept-Language": "zh-CN,zh;q=0.9",
    "Content-Type": "multipart/form-data; boundary=09feaf7e6eb242b09aa13f21a9e8662d",
    "HRUN-Request-ID": "HRUN-27224228-a557-4ce4-a0d1-425281607028-780951",
    "Cookie": "SESSION=ZjA3ZDM1ZjEtMTVlMS00ZjBlLTgxMzYtYTcxZDQxOTk2MGY3; SESSION=response.headers.\"Set-Cookie\".session",
    "Content-Length": "20435"
}
cookies  : {
    "SESSION": "ZjA3ZDM1ZjEtMTVlMS00ZjBlLTgxMzYtYTcxZDQxOTk2MGY3"
}
body     : upload file stream (OMITTED)

2023-06-25 18:43:01.050 | DEBUG    | httprunner.client:log_print:40 - 
================== response details ==================
status_code : 200
headers  : {
    "Server": "nginx",
    "Date": "Sun, 25 Jun 2023 10:43:01 GMT",
    "Content-Type": "application/json;charset=UTF-8",
    "Transfer-Encoding": "chunked",
    "X-Frame-Options": "SAMEORIGIN",
    "Connection": "keep-alive"
}
cookies  : {}
encoding : UTF-8
content_type : application/json;charset=UTF-8
body     : {
    "message": "success",
    "status": 1,
    "data": {
        "id": 2811,
        "path": "612f652c-bc4f-4fb4-8d50-7c2ea9343a50.jpeg"
    }
}

2023-06-25 18:43:01.051 | INFO     | httprunner.client:request:217 - status_code: 200, response_time(ms): 96.95 ms, response_length: 0 bytes
2023-06-25 18:43:01.051 | INFO     | httprunner.response:extract:179 - extract mapping: {'imgId_b': 2811}
2023-06-25 18:43:01.051 | INFO     | httprunner.response:validate:249 - assert status_code equal 200(int)	==> pass
2023-06-25 18:43:01.052 | INFO     | httprunner.runner:__run_step:304 - run step end: 前缀注册企业联系人身份证图片背面上传 <<<<<<

2023-06-25 18:43:01.052 | INFO     | httprunner.runner:__run_step_testcase:286 - export variables: {'imgId_b': 2811}
2023-06-25 18:43:01.052 | INFO     | httprunner.runner:__run_step:304 - run step end: 前缀注册企业联系人身份证图片背面上传 <<<<<<

2023-06-25 18:43:01.053 | INFO     | httprunner.runner:__run_step:292 - run step begin: 企业注册第一步提交信息 >>>>>>
2023-06-25 18:43:01.053 | INFO     | httprunner.runner:__run_step:292 - run step begin: 企业注册第一步提交信息 >>>>>>
2023-06-25 18:43:01.237 | DEBUG    | httprunner.client:request:186 - client IP: 127.0.0.1, Port: 56304
2023-06-25 18:43:01.237 | DEBUG    | httprunner.client:request:194 - server IP: 127.0.0.1, Port: 8888
2023-06-25 18:43:01.239 | DEBUG    | httprunner.client:log_print:40 - 
================== request details ==================
method   : POST
url      : http://139.198.116.76:8000/api/v3/entApply/basicInfo/submit
headers  : {
    "User-Agent": "Mozilla/5.0 (Macintosh; Intel Mac OS X 10_15_7) AppleWebKit/537.36 (KHTML, like Gecko) Chrome/105.0.0.0 Safari/537.36",
    "Accept-Encoding": "gzip, deflate",
    "Accept": "application/json, text/plain, */*",
    "Connection": "keep-alive",
    "Accept-Language": "zh-CN,zh;q=0.9",
    "Content-Type": "application/json;charset=UTF-8",
    "HRUN-Request-ID": "HRUN-27224228-a557-4ce4-a0d1-425281607028-781054",
    "Cookie": "SESSION=ZjA3ZDM1ZjEtMTVlMS00ZjBlLTgxMzYtYTcxZDQxOTk2MGY3; SESSION=response.headers.\"Set-Cookie\".session",
    "Content-Length": "2555"
}
cookies  : {
    "SESSION": "ZjA3ZDM1ZjEtMTVlMS00ZjBlLTgxMzYtYTcxZDQxOTk2MGY3"
}
body     : {
    "applyStep": 2,
    "applyType": null,
    "area": [
        "110000",
        "110100",
        "110101"
    ],
    "cltrid": null,
    "contactCrtBackImgPath": null,
    "contactCrtBackImgRid": 2811,
    "contactCrtFrontImgPath": null,
    "contactCrtFrontImgRid": 2810,
    "contactCrtNo": "52871519900706303X",
    "contactCrtType": 1,
    "contactEmail": "AdLwtCmqRng5cVjF@qaqseq.com",
    "contactName": "TaIcG4N5XndD3gF5O3V79L8U7o6kGUF4",
    "contactPhone": "15514267392",
    "createDate": null,
    "dataHostingContractFilePath": null,
    "dataHostingContractFileRid": null,
    "dataHostingOrg": null,
    "entGeneralId": null,
    "entInfoLicenses": [],
    "entInfoSerIndustrys": [],
    "entPrefix": "88.408.4724041718",
    "escrowId": null,
    "escrowOrgName": null,
    "establishDate": null,
    "extDomain": null,
    "extIpAddr": null,
    "extWebName": null,
    "finalAuditMsg": null,
    "finalAuditStatus": null,
    "firstAuditMsg": null,
    "firstAuditStatus": null,
    "id": null,
    "idRegNaImp": null,
    "industry": [
        "A",
        "01"
    ],
    "industryCategory": "A",
    "industrySpecific": "01",
    "isSubmit": 0,
    "legalCrtBackImgContent": null,
    "legalCrtBackImgPath": null,
    "legalCrtBackImgRid": 2811,
    "legalCrtFrontImgContent": null,
    "legalCrtFrontImgPath": null,
    "legalCrtFrontImgRid": 2810,
    "legalCrtNo": "52871519900706303X",
    "legalCrtType": "1",
    "legalCrtTypeDesc": "中国居民身份证",
    "legalEmail": null,
    "legalFax": null,
    "legalName": "张三",
    "legalPhone": null,
    "orgAddr": "致真",
    "orgAddrCity": "110100",
    "orgAddrCityDesc": "市辖区",
    "orgAddrCounty": "110101",
    "orgAddrCountyDesc": "东城区",
    "orgAddrProvince": "110000",
    "orgAddrProvinceDesc": "北京市",
    "orgCategorySpecificDesc": "农、林、牧、渔业-农业",
    "orgCrtCode": "TaIcG4N5XndD3gF5O3V79L8U7o6kGUF4",
    "orgCrtImgContent": null,
    "orgCrtImgPath": null,
    "orgCrtImgRid": 2809,
    "orgCrtType": "1",
    "orgDesc": null,
    "orgName": "TaIcG4N5XndD3gF5O3V79L8U7o6kGUF4",
    "orgNature": "1",
    "orgNatureDesc": "国有控股",
    "periodValidity": null,
    "regAuthority": null,
    "regCapital": null,
    "regRealNaImpName": null,
    "regRealNaImpType": null,
    "servHostingContractFilePath": null,
    "servHostingContractFileRid": null,
    "servHostingOrg": null,
    "servSysBuildContractFilePath": null,
    "servSysBuildContractFileRid": null,
    "servSysBuildName": null,
    "servSysBuildType": 1,
    "servSysOperContractFilePath": null,
    "servSysOperContractFileRid": null,
    "servSysOperName": null,
    "servSysOperType": 1,
    "svtrid": null,
    "thirdServiceMsg": null,
    "thirdServiceStatus": null,
    "updateDate": null,
    "userId": null,
    "userName": null,
    "website": null
}

2023-06-25 18:43:01.240 | DEBUG    | httprunner.client:log_print:40 - 
================== response details ==================
status_code : 200
headers  : {
    "Server": "nginx",
    "Date": "Sun, 25 Jun 2023 10:43:01 GMT",
    "Content-Type": "application/json;charset=UTF-8",
    "Transfer-Encoding": "chunked",
    "X-Frame-Options": "SAMEORIGIN",
    "Connection": "keep-alive"
}
cookies  : {}
encoding : UTF-8
content_type : application/json;charset=UTF-8
body     : {
    "message": "success",
    "status": 1,
    "data": true
}

2023-06-25 18:43:01.240 | INFO     | httprunner.client:request:217 - status_code: 200, response_time(ms): 182.45 ms, response_length: 0 bytes
2023-06-25 18:43:01.240 | INFO     | httprunner.response:validate:249 - assert status_code equal 200(int)	==> pass
2023-06-25 18:43:01.240 | INFO     | httprunner.response:validate:249 - assert body.message equal success(str)	==> pass
2023-06-25 18:43:01.240 | INFO     | httprunner.runner:__run_step:304 - run step end: 企业注册第一步提交信息 <<<<<<

2023-06-25 18:43:01.240 | INFO     | httprunner.runner:__run_step:304 - run step end: 企业注册第一步提交信息 <<<<<<

2023-06-25 18:43:01.241 | INFO     | httprunner.runner:__run_step:292 - run step begin: 企业注册查询注册信息 >>>>>>
2023-06-25 18:43:01.241 | INFO     | httprunner.runner:__run_step:292 - run step begin: 企业注册查询注册信息 >>>>>>
2023-06-25 18:43:01.343 | DEBUG    | httprunner.client:request:186 - client IP: 127.0.0.1, Port: 56304
2023-06-25 18:43:01.344 | DEBUG    | httprunner.client:request:194 - server IP: 127.0.0.1, Port: 8888
2023-06-25 18:43:01.345 | DEBUG    | httprunner.client:log_print:40 - 
================== request details ==================
method   : GET
url      : http://139.198.116.76:8000/api/v3/entApply/applyOrNot
headers  : {
    "User-Agent": "Mozilla/5.0 (Macintosh; Intel Mac OS X 10_15_7) AppleWebKit/537.36 (KHTML, like Gecko) Chrome/105.0.0.0 Safari/537.36",
    "Accept-Encoding": "gzip, deflate",
    "Accept": "application/json, text/plain, */*",
    "Connection": "keep-alive",
    "Accept-Language": "zh-CN,zh;q=0.9",
    "HRUN-Request-ID": "HRUN-27224228-a557-4ce4-a0d1-425281607028-781241",
    "Cookie": "SESSION=ZjA3ZDM1ZjEtMTVlMS00ZjBlLTgxMzYtYTcxZDQxOTk2MGY3; SESSION=response.headers.\"Set-Cookie\".session"
}
cookies  : {
    "SESSION": "ZjA3ZDM1ZjEtMTVlMS00ZjBlLTgxMzYtYTcxZDQxOTk2MGY3"
}
body     : None

2023-06-25 18:43:01.346 | DEBUG    | httprunner.client:log_print:40 - 
================== response details ==================
status_code : 200
headers  : {
    "Server": "nginx",
    "Date": "Sun, 25 Jun 2023 10:43:01 GMT",
    "Content-Type": "application/json;charset=UTF-8",
    "Transfer-Encoding": "chunked",
    "X-Frame-Options": "SAMEORIGIN",
    "Connection": "keep-alive"
}
cookies  : {}
encoding : UTF-8
content_type : application/json;charset=UTF-8
body     : {
    "message": "success",
    "status": 1,
    "data": {
        "nbmsEntApplyPO": {
            "id": 1411,
            "createDate": "2023-06-25 18:43:01",
            "updateDate": "2023-06-25 18:43:01",
            "applyType": null,
            "entGeneralId": null,
            "applyStep": 2,
            "isSubmit": 0,
            "entPrefix": "88.408.4724041718",
            "firstAuditStatus": null,
            "firstAuditMsg": null,
            "thirdServiceStatus": null,
            "thirdServiceMsg": null,
            "userName": "TaIcG4N5XndD3gF5O3V79L8U7o6kGUF4",
            "finalAuditStatus": null,
            "finalAuditMsg": null,
            "svtrid": null,
            "cltrid": null,
            "userId": 1646,
            "orgName": "TaIcG4N5XndD3gF5O3V79L8U7o6kGUF4",
            "orgNature": "1",
            "orgAddrProvince": "110000",
            "orgAddrCity": "110100",
            "orgAddrCounty": "110101",
            "orgAddr": "致真",
            "orgCrtType": "1",
            "orgCrtCode": "TaIcG4N5XndD3gF5O3V79L8U7o6kGUF4",
            "legalName": "张三",
            "legalCrtType": "1",
            "legalCrtNo": "52871519900706303X",
            "orgDesc": null,
            "industryCategory": "A",
            "industrySpecific": "01",
            "contactName": "TaIcG4N5XndD3gF5O3V79L8U7o6kGUF4",
            "contactPhone": "15514267392",
            "contactCrtType": 1,
            "contactCrtNo": "52871519900706303X",
            "contactEmail": "AdLwtCmqRng5cVjF@qaqseq.com",
            "website": null,
            "regAuthority": null,
            "regCapital": null,
            "establishDate": null,
            "periodValidity": null,
            "legalEmail": null,
            "legalPhone": null,
            "legalFax": null,
            "servSysBuildType": null,
            "servSysBuildName": null,
            "servSysOperType": null,
            "servSysOperName": null,
            "dataHostingOrg": null,
            "servHostingOrg": null,
            "regRealNaImpType": null,
            "regRealNaImpName": null,
            "idRegNaImp": null,
            "extWebName": null,
            "extDomain": null,
            "extIpAddr": null,
            "orgCrtImgRid": 2809,
            "contactCrtFrontImgRid": 2810,
            "contactCrtBackImgRid": 2811,
            "legalCrtFrontImgRid": 2810,
            "legalCrtBackImgRid": 2811,
            "servSysBuildContractFileRid": null,
            "servSysOperContractFileRid": null,
            "dataHostingContractFileRid": null,
            "servHostingContractFileRid": null,
            "entInfoLicenses": [],
            "entInfoSyss": [],
            "entInfoSerIndustrys": [],
            "escrowId": null,
            "industryQualificationRid": null,
            "certificationRid": null,
            "openingBank": null,
            "bankCard": null,
            "verificationName": null,
            "orgNatureDesc": "国有控股",
            "orgCrtImgContent": null,
            "orgCategorySpecificDesc": "农、林、牧、渔业-农业",
            "orgAddrProvinceDesc": "北京市",
            "orgAddrCountyDesc": "东城区",
            "orgAddrCityDesc": "市辖区",
            "legalCrtTypeDesc": "中国居民身份证",
            "legalCrtFrontImgContent": null,
            "legalCrtBackImgContent": null,
            "orgCrtImgPath": "376385e9-6ff3-4e7d-88e2-81d3d824285f.jpeg",
            "contactCrtFrontImgPath": "80631522-be95-4c83-8f80-34238a5d3380.jpeg",
            "contactCrtBackImgPath": "612f652c-bc4f-4fb4-8d50-7c2ea9343a50.jpeg",
            "legalCrtFrontImgPath": "80631522-be95-4c83-8f80-34238a5d3380.jpeg",
            "legalCrtBackImgPath": "612f652c-bc4f-4fb4-8d50-7c2ea9343a50.jpeg",
            "servSysBuildContractFilePath": null,
            "servSysOperContractFilePath": null,
            "dataHostingContractFilePath": null,
            "servHostingContractFilePath": null,
            "industryQualificationFilePath": null,
            "certificationFilePath": null,
            "escrowOrgName": null
        },
        "nbmsEntPO": null,
        "nbmsEntPrefixApplyPO": null,
        "needRelog": null,
        "applyStatus": 0
    }
}

2023-06-25 18:43:01.346 | INFO     | httprunner.client:request:217 - status_code: 200, response_time(ms): 102.09 ms, response_length: 0 bytes
2023-06-25 18:43:01.349 | INFO     | httprunner.response:extract:179 - extract mapping: {'applyId': 1411, 'userId': 1646, 'userName': 'TaIcG4N5XndD3gF5O3V79L8U7o6kGUF4', 'imgId_f': 2810, 'imgId_b': 2811, 'entId': None, 'entUserId': None, 'prefix': '88.408.4724041718', 'contactCrtNo': '52871519900706303X', 'contactCrtType': 1, 'contactEmail': 'AdLwtCmqRng5cVjF@qaqseq.com', 'contactName': 'TaIcG4N5XndD3gF5O3V79L8U7o6kGUF4', 'contactPhone': '15514267392', 'industryCategory': 'A', 'industrySpecific': '01', 'orgName': 'TaIcG4N5XndD3gF5O3V79L8U7o6kGUF4', 'orgNature': '1', 'orgAddrProvince': '110000', 'orgAddrCity': '110100', 'orgAddrCounty': '110101', 'orgAddr': '致真', 'orgCrtType': '1', 'orgCrtCode': 'TaIcG4N5XndD3gF5O3V79L8U7o6kGUF4', 'legalName': '张三', 'legalEmail': None, 'legalPhone': None, 'legalCrtType': '1', 'legalCrtNo': '52871519900706303X', 'legalCrtFrontImgRid': 2810, 'legalCrtBackImgRid': 2811, 'orgCrtImgRid': 2809, 'imgId': 2809, 'orgNatureDesc': '国有控股', 'orgCategorySpecificDesc': '农、林、牧、渔业-农业', 'orgAddrProvinceDesc': '北京市', 'orgAddrCountyDesc': '东城区', 'orgAddrCityDesc': '市辖区', 'legalCrtTypeDesc': '中国居民身份证', 'createDate': '2023-06-25 18:43:01', 'updateDate': '2023-06-25 18:43:01', 'entInfoSyss_0_id': None, 'entInfoSyss_0_entApplyId': None, 'entApplyId': None, 'entInfoSyss_0_sysType': None, 'entInfoSyss_0_deployMode': None, 'entInfoSyss_0_deployAddr': None, 'entInfoSyss_0_deployAddrProvince': None, 'entInfoSyss_0_deployAddrCity': None, 'entInfoSyss_0_deployAddrCounty': None, 'entInfoSyss_1_id': None, 'entInfoSyss_1_entApplyId': None, 'entInfoSyss_1_sysType': None, 'entInfoSyss_1_deployMode': None, 'entInfoSyss_1_deployAddr': None, 'entInfoSyss_1_deployAddrProvince': None, 'entInfoSyss_1_deployAddrCity': None, 'entInfoSyss_1_deployAddrCounty': None, 'entInfoSyss_2_id': None, 'entInfoSyss_2_entApplyId': None, 'entInfoSyss_2_sysType': None, 'entInfoSyss_2_deployMode': None, 'entInfoSyss_2_deployAddr': None, 'entInfoSyss_2_deployAddrProvince': None, 'entInfoSyss_2_deployAddrCity': None, 'entInfoSyss_2_deployAddrCounty': None, 'entInfoSyss_3_id': None, 'entInfoSyss_3_entApplyId': None, 'entInfoSyss_3_sysType': None, 'entInfoSyss_3_deployMode': None, 'entInfoSyss_3_deployAddr': None, 'entInfoSyss_3_deployAddrProvince': None, 'entInfoSyss_3_deployAddrCity': None, 'entInfoSyss_3_deployAddrCounty': None}
2023-06-25 18:43:01.349 | INFO     | httprunner.response:validate:249 - assert status_code equal 200(int)	==> pass
2023-06-25 18:43:01.349 | INFO     | httprunner.response:validate:249 - assert body.message equal success(str)	==> pass
2023-06-25 18:43:01.349 | INFO     | httprunner.runner:__run_step:304 - run step end: 企业注册查询注册信息 <<<<<<

2023-06-25 18:43:01.349 | INFO     | httprunner.runner:__run_step_testcase:286 - export variables: {'entUserId': None, 'imgId_b': 2811, 'orgAddrCountyDesc': '东城区', 'entInfoSyss_3_entApplyId': None, 'industryCategory': 'A', 'entInfoSyss_3_id': None, 'entInfoSyss_0_deployAddrProvince': None, 'entInfoSyss_1_deployAddrProvince': None, 'orgAddrProvince': '110000', 'imgId_f': 2810, 'entInfoSyss_0_deployAddrCity': None, 'entInfoSyss_1_deployAddrCounty': None, 'entInfoSyss_1_deployAddr': None, 'orgAddr': '致真', 'orgAddrCityDesc': '市辖区', 'orgAddrCounty': '110101', 'prefix': '88.408.4724041718', 'orgNature': '1', 'legalCrtTypeDesc': '中国居民身份证', 'legalEmail': None, 'entInfoSyss_0_id': None, 'legalCrtNo': '52871519900706303X', 'orgNatureDesc': '国有控股', 'createDate': '2023-06-25 18:43:01', 'userName': 'TaIcG4N5XndD3gF5O3V79L8U7o6kGUF4', 'contactName': 'TaIcG4N5XndD3gF5O3V79L8U7o6kGUF4', 'orgCrtCode': 'TaIcG4N5XndD3gF5O3V79L8U7o6kGUF4', 'orgCategorySpecificDesc': '农、林、牧、渔业-农业', 'entInfoSyss_0_deployMode': None, 'legalCrtBackImgRid': 2811, 'entInfoSyss_3_deployAddrCounty': None, 'entInfoSyss_3_deployAddrCity': None, 'entInfoSyss_2_deployAddrCounty': None, 'orgName': 'TaIcG4N5XndD3gF5O3V79L8U7o6kGUF4', 'entInfoSyss_1_sysType': None, 'entInfoSyss_1_deployAddrCity': None, 'entInfoSyss_3_deployAddrProvince': None, 'legalCrtType': '1', 'entInfoSyss_2_entApplyId': None, 'entInfoSyss_0_entApplyId': None, 'legalName': '张三', 'orgAddrCity': '110100', 'contactCrtNo': '52871519900706303X', 'entInfoSyss_2_deployAddrProvince': None, 'contactEmail': 'AdLwtCmqRng5cVjF@qaqseq.com', 'updateDate': '2023-06-25 18:43:01', 'entInfoSyss_3_sysType': None, 'contactPhone': '15514267392', 'orgCrtImgRid': 2809, 'entInfoSyss_2_deployAddr': None, 'entInfoSyss_2_deployAddrCity': None, 'legalPhone': None, 'industrySpecific': '01', 'orgCrtType': '1', 'entInfoSyss_1_deployMode': None, 'orgAddrProvinceDesc': '北京市', 'entInfoSyss_2_deployMode': None, 'entId': None, 'entInfoSyss_1_id': None, 'entInfoSyss_3_deployMode': None, 'entInfoSyss_0_sysType': None, 'entInfoSyss_1_entApplyId': None, 'applyId': 1411, 'entInfoSyss_0_deployAddr': None, 'entInfoSyss_3_deployAddr': None, 'userId': 1646, 'entInfoSyss_0_deployAddrCounty': None, 'legalCrtFrontImgRid': 2810, 'entInfoSyss_2_sysType': None, 'entInfoSyss_2_id': None, 'imgId': 2809, 'contactCrtType': 1, 'entApplyId': None}
2023-06-25 18:43:01.349 | INFO     | httprunner.runner:__run_step:304 - run step end: 企业注册查询注册信息 <<<<<<

2023-06-25 18:43:01.350 | INFO     | httprunner.runner:__run_step:292 - run step begin: 企业注册第二步提交信息 >>>>>>
2023-06-25 18:43:01.350 | INFO     | httprunner.runner:__run_step:292 - run step begin: 企业注册第二步提交信息 >>>>>>
2023-06-25 18:43:01.420 | DEBUG    | httprunner.client:request:186 - client IP: 127.0.0.1, Port: 56304
2023-06-25 18:43:01.420 | DEBUG    | httprunner.client:request:194 - server IP: 127.0.0.1, Port: 8888
2023-06-25 18:43:01.421 | DEBUG    | httprunner.client:log_print:40 - 
================== request details ==================
method   : POST
url      : http://139.198.116.76:8000/api/v3/entApply/registerManageInfo
headers  : {
    "User-Agent": "Mozilla/5.0 (Macintosh; Intel Mac OS X 10_15_7) AppleWebKit/537.36 (KHTML, like Gecko) Chrome/105.0.0.0 Safari/537.36",
    "Accept-Encoding": "gzip, deflate",
    "Accept": "application/json, text/plain, */*",
    "Connection": "keep-alive",
    "Accept-Language": "zh-CN,zh;q=0.9",
    "Content-Type": "application/json;charset=UTF-8",
    "X-HTTP-Method-Override": "put",
    "HRUN-Request-ID": "HRUN-27224228-a557-4ce4-a0d1-425281607028-781350",
    "Cookie": "SESSION=ZjA3ZDM1ZjEtMTVlMS00ZjBlLTgxMzYtYTcxZDQxOTk2MGY3; SESSION=response.headers.\"Set-Cookie\".session",
    "Content-Length": "3280"
}
cookies  : {
    "SESSION": "ZjA3ZDM1ZjEtMTVlMS00ZjBlLTgxMzYtYTcxZDQxOTk2MGY3"
}
body     : {
    "applyStep": 3,
    "applyType": null,
    "cltrid": null,
    "contactCrtBackImgPath": null,
    "contactCrtBackImgRid": 2811,
    "contactCrtFrontImgPath": null,
    "contactCrtFrontImgRid": 2810,
    "contactCrtNo": "52871519900706303X",
    "contactCrtType": 1,
    "contactEmail": "AdLwtCmqRng5cVjF@qaqseq.com",
    "contactName": "TaIcG4N5XndD3gF5O3V79L8U7o6kGUF4",
    "contactPhone": "15514267392",
    "createDate": "2023-06-25 18:43:01",
    "dataHostingContractFilePath": null,
    "dataHostingContractFileRid": null,
    "dataHostingOrg": null,
    "entGeneralId": null,
    "entInfoLicenses": [],
    "entInfoSerIndustrys": [],
    "entInfoSyss": [
        {
            "deployAddr": "致真",
            "deployAddrCity": "110100",
            "deployAddrCounty": "110101",
            "deployAddrProvince": "110000",
            "deployMode": 1,
            "ipPort": null,
            "name": null,
            "sysType": 1
        },
        {
            "deployAddr": "致真",
            "deployAddrCity": "110100",
            "deployAddrCounty": "110101",
            "deployAddrProvince": "110000",
            "deployMode": 1,
            "ipPort": null,
            "name": null,
            "sysType": 2
        },
        {
            "deployAddr": "天津",
            "deployAddrCity": "120100",
            "deployAddrCounty": "120101",
            "deployAddrProvince": "120000",
            "deployMode": 1,
            "ipPort": null,
            "name": null,
            "sysType": 3
        },
        {
            "deployAddr": "天津",
            "deployAddrCity": "120100",
            "deployAddrCounty": "120101",
            "deployAddrProvince": "120000",
            "deployMode": 1,
            "ipPort": null,
            "name": null,
            "sysType": 4
        }
    ],
    "entPrefix": "88.408.4724041718",
    "escrowId": null,
    "escrowOrgName": null,
    "establishDate": null,
    "extDomain": null,
    "extIpAddr": null,
    "extWebName": null,
    "finalAuditMsg": null,
    "finalAuditStatus": null,
    "firstAuditMsg": null,
    "firstAuditStatus": null,
    "id": 1411,
    "idRegNaImp": null,
    "industryCategory": "A",
    "industrySpecific": "01",
    "isSubmit": 0,
    "legalCrtBackImgContent": null,
    "legalCrtBackImgPath": null,
    "legalCrtBackImgRid": 2811,
    "legalCrtFrontImgContent": null,
    "legalCrtFrontImgPath": null,
    "legalCrtFrontImgRid": 2810,
    "legalCrtNo": "52871519900706303X",
    "legalCrtType": "1",
    "legalCrtTypeDesc": "中国居民身份证",
    "legalEmail": null,
    "legalFax": null,
    "legalName": "张三",
    "legalPhone": null,
    "orgAddr": "致真",
    "orgAddrCity": "110100",
    "orgAddrCityDesc": "市辖区",
    "orgAddrCounty": "110101",
    "orgAddrCountyDesc": "东城区",
    "orgAddrProvince": "110000",
    "orgAddrProvinceDesc": "北京市",
    "orgCategorySpecificDesc": "农、林、牧、渔业-农业",
    "orgCrtCode": "TaIcG4N5XndD3gF5O3V79L8U7o6kGUF4",
    "orgCrtImgContent": null,
    "orgCrtImgPath": null,
    "orgCrtImgRid": 2809,
    "orgCrtType": "1",
    "orgDesc": null,
    "orgName": "TaIcG4N5XndD3gF5O3V79L8U7o6kGUF4",
    "orgNature": "1",
    "orgNatureDesc": "1",
    "periodValidity": null,
    "regAuthority": null,
    "regCapital": null,
    "regRealNaImpName": null,
    "regRealNaImpType": null,
    "servHostingContractFilePath": null,
    "servHostingContractFileRid": null,
    "servHostingOrg": null,
    "servSysBuildContractFilePath": null,
    "servSysBuildContractFileRid": null,
    "servSysBuildName": null,
    "servSysBuildType": 1,
    "servSysOperContractFilePath": null,
    "servSysOperContractFileRid": null,
    "servSysOperName": null,
    "servSysOperType": 1,
    "svtrid": null,
    "thirdServiceMsg": null,
    "thirdServiceStatus": null,
    "updateDate": "2023-06-25 18:43:01",
    "userId": 1646,
    "userName": "TaIcG4N5XndD3gF5O3V79L8U7o6kGUF4",
    "website": null
}

2023-06-25 18:43:01.422 | DEBUG    | httprunner.client:log_print:40 - 
================== response details ==================
status_code : 200
headers  : {
    "Server": "nginx",
    "Date": "Sun, 25 Jun 2023 10:43:01 GMT",
    "Content-Type": "application/json;charset=UTF-8",
    "Transfer-Encoding": "chunked",
    "X-Frame-Options": "SAMEORIGIN",
    "Connection": "keep-alive"
}
cookies  : {}
encoding : UTF-8
content_type : application/json;charset=UTF-8
body     : {
    "message": "success",
    "status": 1,
    "data": true
}

2023-06-25 18:43:01.422 | INFO     | httprunner.client:request:217 - status_code: 200, response_time(ms): 69.23 ms, response_length: 0 bytes
2023-06-25 18:43:01.423 | INFO     | httprunner.response:validate:249 - assert status_code equal 200(int)	==> pass
2023-06-25 18:43:01.423 | INFO     | httprunner.response:validate:249 - assert body.message equal success(str)	==> pass
2023-06-25 18:43:01.423 | INFO     | httprunner.runner:__run_step:304 - run step end: 企业注册第二步提交信息 <<<<<<

2023-06-25 18:43:01.423 | INFO     | httprunner.runner:__run_step:304 - run step end: 企业注册第二步提交信息 <<<<<<

2023-06-25 18:43:01.424 | INFO     | httprunner.runner:__run_step:292 - run step begin: 企业注册查询注册信息 >>>>>>
2023-06-25 18:43:01.424 | INFO     | httprunner.runner:__run_step:292 - run step begin: 企业注册查询注册信息 >>>>>>
2023-06-25 18:43:01.514 | DEBUG    | httprunner.client:request:186 - client IP: 127.0.0.1, Port: 56304
2023-06-25 18:43:01.515 | DEBUG    | httprunner.client:request:194 - server IP: 127.0.0.1, Port: 8888
2023-06-25 18:43:01.516 | DEBUG    | httprunner.client:log_print:40 - 
================== request details ==================
method   : GET
url      : http://139.198.116.76:8000/api/v3/entApply/applyOrNot
headers  : {
    "User-Agent": "Mozilla/5.0 (Macintosh; Intel Mac OS X 10_15_7) AppleWebKit/537.36 (KHTML, like Gecko) Chrome/105.0.0.0 Safari/537.36",
    "Accept-Encoding": "gzip, deflate",
    "Accept": "application/json, text/plain, */*",
    "Connection": "keep-alive",
    "Accept-Language": "zh-CN,zh;q=0.9",
    "HRUN-Request-ID": "HRUN-27224228-a557-4ce4-a0d1-425281607028-781425",
    "Cookie": "SESSION=ZjA3ZDM1ZjEtMTVlMS00ZjBlLTgxMzYtYTcxZDQxOTk2MGY3; SESSION=response.headers.\"Set-Cookie\".session"
}
cookies  : {
    "SESSION": "ZjA3ZDM1ZjEtMTVlMS00ZjBlLTgxMzYtYTcxZDQxOTk2MGY3"
}
body     : None

2023-06-25 18:43:01.517 | DEBUG    | httprunner.client:log_print:40 - 
================== response details ==================
status_code : 200
headers  : {
    "Server": "nginx",
    "Date": "Sun, 25 Jun 2023 10:43:01 GMT",
    "Content-Type": "application/json;charset=UTF-8",
    "Transfer-Encoding": "chunked",
    "X-Frame-Options": "SAMEORIGIN",
    "Connection": "keep-alive"
}
cookies  : {}
encoding : UTF-8
content_type : application/json;charset=UTF-8
body     : {
    "message": "success",
    "status": 1,
    "data": {
        "nbmsEntApplyPO": {
            "id": 1411,
            "createDate": "2023-06-25 18:43:01",
            "updateDate": "2023-06-25 18:43:02",
            "applyType": null,
            "entGeneralId": null,
            "applyStep": 3,
            "isSubmit": 0,
            "entPrefix": "88.408.4724041718",
            "firstAuditStatus": null,
            "firstAuditMsg": null,
            "thirdServiceStatus": null,
            "thirdServiceMsg": null,
            "userName": "TaIcG4N5XndD3gF5O3V79L8U7o6kGUF4",
            "finalAuditStatus": null,
            "finalAuditMsg": null,
            "svtrid": null,
            "cltrid": null,
            "userId": 1646,
            "orgName": "TaIcG4N5XndD3gF5O3V79L8U7o6kGUF4",
            "orgNature": "1",
            "orgAddrProvince": "110000",
            "orgAddrCity": "110100",
            "orgAddrCounty": "110101",
            "orgAddr": "致真",
            "orgCrtType": "1",
            "orgCrtCode": "TaIcG4N5XndD3gF5O3V79L8U7o6kGUF4",
            "legalName": "张三",
            "legalCrtType": "1",
            "legalCrtNo": "52871519900706303X",
            "orgDesc": null,
            "industryCategory": "A",
            "industrySpecific": "01",
            "contactName": "TaIcG4N5XndD3gF5O3V79L8U7o6kGUF4",
            "contactPhone": "15514267392",
            "contactCrtType": 1,
            "contactCrtNo": "52871519900706303X",
            "contactEmail": "AdLwtCmqRng5cVjF@qaqseq.com",
            "website": null,
            "regAuthority": null,
            "regCapital": null,
            "establishDate": null,
            "periodValidity": null,
            "legalEmail": null,
            "legalPhone": null,
            "legalFax": null,
            "servSysBuildType": 1,
            "servSysBuildName": null,
            "servSysOperType": 1,
            "servSysOperName": null,
            "dataHostingOrg": null,
            "servHostingOrg": null,
            "regRealNaImpType": null,
            "regRealNaImpName": null,
            "idRegNaImp": null,
            "extWebName": null,
            "extDomain": null,
            "extIpAddr": null,
            "orgCrtImgRid": 2809,
            "contactCrtFrontImgRid": 2810,
            "contactCrtBackImgRid": 2811,
            "legalCrtFrontImgRid": 2810,
            "legalCrtBackImgRid": 2811,
            "servSysBuildContractFileRid": null,
            "servSysOperContractFileRid": null,
            "dataHostingContractFileRid": null,
            "servHostingContractFileRid": null,
            "entInfoLicenses": [],
            "entInfoSyss": [
                {
                    "id": 3504,
                    "entApplyId": 1411,
                    "sysType": 1,
                    "deployMode": 1,
                    "deployAddr": "致真",
                    "deployAddrProvince": "110000",
                    "deployAddrCity": "110100",
                    "deployAddrCounty": "110101",
                    "name": null,
                    "ipPort": null
                },
                {
                    "id": 3505,
                    "entApplyId": 1411,
                    "sysType": 2,
                    "deployMode": 1,
                    "deployAddr": "致真",
                    "deployAddrProvince": "110000",
                    "deployAddrCity": "110100",
                    "deployAddrCounty": "110101",
                    "name": null,
                    "ipPort": null
                },
                {
                    "id": 3506,
                    "entApplyId": 1411,
                    "sysType": 3,
                    "deployMode": 1,
                    "deployAddr": "天津",
                    "deployAddrProvince": "120000",
                    "deployAddrCity": "120100",
                    "deployAddrCounty": "120101",
                    "name": null,
                    "ipPort": null
                },
                {
                    "id": 3507,
                    "entApplyId": 1411,
                    "sysType": 4,
                    "deployMode": 1,
                    "deployAddr": "天津",
                    "deployAddrProvince": "120000",
                    "deployAddrCity": "120100",
                    "deployAddrCounty": "120101",
                    "name": null,
                    "ipPort": null
                }
            ],
            "entInfoSerIndustrys": [],
            "escrowId": null,
            "industryQualificationRid": null,
            "certificationRid": null,
            "openingBank": null,
            "bankCard": null,
            "verificationName": null,
            "orgNatureDesc": "国有控股",
            "orgCrtImgContent": null,
            "orgCategorySpecificDesc": "农、林、牧、渔业-农业",
            "orgAddrProvinceDesc": "北京市",
            "orgAddrCountyDesc": "东城区",
            "orgAddrCityDesc": "市辖区",
            "legalCrtTypeDesc": "中国居民身份证",
            "legalCrtFrontImgContent": null,
            "legalCrtBackImgContent": null,
            "orgCrtImgPath": "376385e9-6ff3-4e7d-88e2-81d3d824285f.jpeg",
            "contactCrtFrontImgPath": "80631522-be95-4c83-8f80-34238a5d3380.jpeg",
            "contactCrtBackImgPath": "612f652c-bc4f-4fb4-8d50-7c2ea9343a50.jpeg",
            "legalCrtFrontImgPath": "80631522-be95-4c83-8f80-34238a5d3380.jpeg",
            "legalCrtBackImgPath": "612f652c-bc4f-4fb4-8d50-7c2ea9343a50.jpeg",
            "servSysBuildContractFilePath": null,
            "servSysOperContractFilePath": null,
            "dataHostingContractFilePath": null,
            "servHostingContractFilePath": null,
            "industryQualificationFilePath": null,
            "certificationFilePath": null,
            "escrowOrgName": null
        },
        "nbmsEntPO": null,
        "nbmsEntPrefixApplyPO": null,
        "needRelog": null,
        "applyStatus": 0
    }
}

2023-06-25 18:43:01.518 | INFO     | httprunner.client:request:217 - status_code: 200, response_time(ms): 89.76 ms, response_length: 0 bytes
2023-06-25 18:43:01.519 | INFO     | httprunner.response:extract:179 - extract mapping: {'applyId': 1411, 'userId': 1646, 'userName': 'TaIcG4N5XndD3gF5O3V79L8U7o6kGUF4', 'imgId_f': 2810, 'imgId_b': 2811, 'entId': None, 'entUserId': None, 'prefix': '88.408.4724041718', 'contactCrtNo': '52871519900706303X', 'contactCrtType': 1, 'contactEmail': 'AdLwtCmqRng5cVjF@qaqseq.com', 'contactName': 'TaIcG4N5XndD3gF5O3V79L8U7o6kGUF4', 'contactPhone': '15514267392', 'industryCategory': 'A', 'industrySpecific': '01', 'orgName': 'TaIcG4N5XndD3gF5O3V79L8U7o6kGUF4', 'orgNature': '1', 'orgAddrProvince': '110000', 'orgAddrCity': '110100', 'orgAddrCounty': '110101', 'orgAddr': '致真', 'orgCrtType': '1', 'orgCrtCode': 'TaIcG4N5XndD3gF5O3V79L8U7o6kGUF4', 'legalName': '张三', 'legalEmail': None, 'legalPhone': None, 'legalCrtType': '1', 'legalCrtNo': '52871519900706303X', 'legalCrtFrontImgRid': 2810, 'legalCrtBackImgRid': 2811, 'orgCrtImgRid': 2809, 'imgId': 2809, 'orgNatureDesc': '国有控股', 'orgCategorySpecificDesc': '农、林、牧、渔业-农业', 'orgAddrProvinceDesc': '北京市', 'orgAddrCountyDesc': '东城区', 'orgAddrCityDesc': '市辖区', 'legalCrtTypeDesc': '中国居民身份证', 'createDate': '2023-06-25 18:43:01', 'updateDate': '2023-06-25 18:43:02', 'entInfoSyss_0_id': 3504, 'entInfoSyss_0_entApplyId': 1411, 'entApplyId': 1411, 'entInfoSyss_0_sysType': 1, 'entInfoSyss_0_deployMode': 1, 'entInfoSyss_0_deployAddr': '致真', 'entInfoSyss_0_deployAddrProvince': '110000', 'entInfoSyss_0_deployAddrCity': '110100', 'entInfoSyss_0_deployAddrCounty': '110101', 'entInfoSyss_1_id': 3505, 'entInfoSyss_1_entApplyId': 1411, 'entInfoSyss_1_sysType': 2, 'entInfoSyss_1_deployMode': 1, 'entInfoSyss_1_deployAddr': '致真', 'entInfoSyss_1_deployAddrProvince': '110000', 'entInfoSyss_1_deployAddrCity': '110100', 'entInfoSyss_1_deployAddrCounty': '110101', 'entInfoSyss_2_id': 3506, 'entInfoSyss_2_entApplyId': 1411, 'entInfoSyss_2_sysType': 3, 'entInfoSyss_2_deployMode': 1, 'entInfoSyss_2_deployAddr': '天津', 'entInfoSyss_2_deployAddrProvince': '120000', 'entInfoSyss_2_deployAddrCity': '120100', 'entInfoSyss_2_deployAddrCounty': '120101', 'entInfoSyss_3_id': 3507, 'entInfoSyss_3_entApplyId': 1411, 'entInfoSyss_3_sysType': 4, 'entInfoSyss_3_deployMode': 1, 'entInfoSyss_3_deployAddr': '天津', 'entInfoSyss_3_deployAddrProvince': '120000', 'entInfoSyss_3_deployAddrCity': '120100', 'entInfoSyss_3_deployAddrCounty': '120101'}
2023-06-25 18:43:01.519 | INFO     | httprunner.response:validate:249 - assert status_code equal 200(int)	==> pass
2023-06-25 18:43:01.519 | INFO     | httprunner.response:validate:249 - assert body.message equal success(str)	==> pass
2023-06-25 18:43:01.519 | INFO     | httprunner.runner:__run_step:304 - run step end: 企业注册查询注册信息 <<<<<<

2023-06-25 18:43:01.520 | INFO     | httprunner.runner:__run_step_testcase:286 - export variables: {'entUserId': None, 'imgId_b': 2811, 'orgAddrCountyDesc': '东城区', 'entInfoSyss_3_entApplyId': 1411, 'industryCategory': 'A', 'entInfoSyss_3_id': 3507, 'entInfoSyss_0_deployAddrProvince': '110000', 'entInfoSyss_1_deployAddrProvince': '110000', 'orgAddrProvince': '110000', 'imgId_f': 2810, 'entInfoSyss_0_deployAddrCity': '110100', 'entInfoSyss_1_deployAddrCounty': '110101', 'entInfoSyss_1_deployAddr': '致真', 'orgAddr': '致真', 'orgAddrCityDesc': '市辖区', 'orgAddrCounty': '110101', 'prefix': '88.408.4724041718', 'orgNature': '1', 'legalCrtTypeDesc': '中国居民身份证', 'legalEmail': None, 'entInfoSyss_0_id': 3504, 'legalCrtNo': '52871519900706303X', 'orgNatureDesc': '国有控股', 'createDate': '2023-06-25 18:43:01', 'userName': 'TaIcG4N5XndD3gF5O3V79L8U7o6kGUF4', 'contactName': 'TaIcG4N5XndD3gF5O3V79L8U7o6kGUF4', 'orgCrtCode': 'TaIcG4N5XndD3gF5O3V79L8U7o6kGUF4', 'orgCategorySpecificDesc': '农、林、牧、渔业-农业', 'entInfoSyss_0_deployMode': 1, 'legalCrtBackImgRid': 2811, 'entInfoSyss_3_deployAddrCounty': '120101', 'entInfoSyss_3_deployAddrCity': '120100', 'entInfoSyss_2_deployAddrCounty': '120101', 'orgName': 'TaIcG4N5XndD3gF5O3V79L8U7o6kGUF4', 'entInfoSyss_1_sysType': 2, 'entInfoSyss_1_deployAddrCity': '110100', 'entInfoSyss_3_deployAddrProvince': '120000', 'legalCrtType': '1', 'entInfoSyss_2_entApplyId': 1411, 'entInfoSyss_0_entApplyId': 1411, 'legalName': '张三', 'orgAddrCity': '110100', 'contactCrtNo': '52871519900706303X', 'entInfoSyss_2_deployAddrProvince': '120000', 'contactEmail': 'AdLwtCmqRng5cVjF@qaqseq.com', 'updateDate': '2023-06-25 18:43:02', 'entInfoSyss_3_sysType': 4, 'contactPhone': '15514267392', 'orgCrtImgRid': 2809, 'entInfoSyss_2_deployAddr': '天津', 'entInfoSyss_2_deployAddrCity': '120100', 'legalPhone': None, 'industrySpecific': '01', 'orgCrtType': '1', 'entInfoSyss_1_deployMode': 1, 'orgAddrProvinceDesc': '北京市', 'entInfoSyss_2_deployMode': 1, 'entId': None, 'entInfoSyss_1_id': 3505, 'entInfoSyss_3_deployMode': 1, 'entInfoSyss_0_sysType': 1, 'entInfoSyss_1_entApplyId': 1411, 'applyId': 1411, 'entInfoSyss_0_deployAddr': '致真', 'entInfoSyss_3_deployAddr': '天津', 'userId': 1646, 'entInfoSyss_0_deployAddrCounty': '110101', 'legalCrtFrontImgRid': 2810, 'entInfoSyss_2_sysType': 3, 'entInfoSyss_2_id': 3506, 'imgId': 2809, 'contactCrtType': 1, 'entApplyId': 1411}
2023-06-25 18:43:01.520 | INFO     | httprunner.runner:__run_step:304 - run step end: 企业注册查询注册信息 <<<<<<

2023-06-25 18:43:01.520 | INFO     | httprunner.runner:__run_step:292 - run step begin: 企业注册最终第三步提交信息 >>>>>>
2023-06-25 18:43:01.520 | INFO     | httprunner.runner:__run_step:292 - run step begin: 企业注册最终第三步提交信息 >>>>>>
2023-06-25 18:43:01.687 | DEBUG    | httprunner.client:request:186 - client IP: 127.0.0.1, Port: 56304
2023-06-25 18:43:01.688 | DEBUG    | httprunner.client:request:194 - server IP: 127.0.0.1, Port: 8888
2023-06-25 18:43:01.689 | DEBUG    | httprunner.client:log_print:40 - 
================== request details ==================
method   : POST
url      : http://139.198.116.76:8000/api/v3/entApply/apply
headers  : {
    "User-Agent": "Mozilla/5.0 (Macintosh; Intel Mac OS X 10_15_7) AppleWebKit/537.36 (KHTML, like Gecko) Chrome/105.0.0.0 Safari/537.36",
    "Accept-Encoding": "gzip, deflate",
    "Accept": "application/json, text/plain, */*",
    "Connection": "keep-alive",
    "Accept-Language": "zh-CN,zh;q=0.9",
    "Content-Type": "application/json;charset=UTF-8",
    "HRUN-Request-ID": "HRUN-27224228-a557-4ce4-a0d1-425281607028-781521",
    "Cookie": "SESSION=ZjA3ZDM1ZjEtMTVlMS00ZjBlLTgxMzYtYTcxZDQxOTk2MGY3; SESSION=response.headers.\"Set-Cookie\".session",
    "Content-Length": "3280"
}
cookies  : {
    "SESSION": "ZjA3ZDM1ZjEtMTVlMS00ZjBlLTgxMzYtYTcxZDQxOTk2MGY3"
}
body     : {
    "applyStep": 4,
    "applyType": null,
    "cltrid": null,
    "contactCrtBackImgPath": null,
    "contactCrtBackImgRid": 2811,
    "contactCrtFrontImgPath": null,
    "contactCrtFrontImgRid": 2810,
    "contactCrtNo": "52871519900706303X",
    "contactCrtType": 1,
    "contactEmail": "AdLwtCmqRng5cVjF@qaqseq.com",
    "contactName": "TaIcG4N5XndD3gF5O3V79L8U7o6kGUF4",
    "contactPhone": "15514267392",
    "createDate": "2023-06-25 18:43:01",
    "dataHostingContractFilePath": null,
    "dataHostingContractFileRid": null,
    "dataHostingOrg": null,
    "entGeneralId": null,
    "entInfoLicenses": [],
    "entInfoSerIndustrys": [],
    "entInfoSyss": [
        {
            "deployAddr": "致真",
            "deployAddrCity": "110100",
            "deployAddrCounty": "110101",
            "deployAddrProvince": "110000",
            "deployMode": 1,
            "ipPort": null,
            "name": null,
            "sysType": 2
        },
        {
            "deployAddr": "致真",
            "deployAddrCity": "110100",
            "deployAddrCounty": "110101",
            "deployAddrProvince": "110000",
            "deployMode": 1,
            "ipPort": null,
            "name": null,
            "sysType": 3
        },
        {
            "deployAddr": "天津",
            "deployAddrCity": "120100",
            "deployAddrCounty": "120101",
            "deployAddrProvince": "120000",
            "deployMode": 1,
            "ipPort": null,
            "name": null,
            "sysType": 4
        },
        {
            "deployAddr": "天津",
            "deployAddrCity": "120100",
            "deployAddrCounty": "120101",
            "deployAddrProvince": "120000",
            "deployMode": 1,
            "ipPort": null,
            "name": null,
            "sysType": 4
        }
    ],
    "entPrefix": "88.408.4724041718",
    "escrowId": null,
    "escrowOrgName": null,
    "establishDate": null,
    "extDomain": null,
    "extIpAddr": null,
    "extWebName": null,
    "finalAuditMsg": null,
    "finalAuditStatus": null,
    "firstAuditMsg": null,
    "firstAuditStatus": null,
    "id": 1411,
    "idRegNaImp": null,
    "industryCategory": "A",
    "industrySpecific": "01",
    "isSubmit": 0,
    "legalCrtBackImgContent": null,
    "legalCrtBackImgPath": null,
    "legalCrtBackImgRid": 2811,
    "legalCrtFrontImgContent": null,
    "legalCrtFrontImgPath": null,
    "legalCrtFrontImgRid": 2810,
    "legalCrtNo": "52871519900706303X",
    "legalCrtType": "1",
    "legalCrtTypeDesc": "中国居民身份证",
    "legalEmail": null,
    "legalFax": null,
    "legalName": "张三",
    "legalPhone": null,
    "orgAddr": "致真",
    "orgAddrCity": "110100",
    "orgAddrCityDesc": "市辖区",
    "orgAddrCounty": "110101",
    "orgAddrCountyDesc": "东城区",
    "orgAddrProvince": "110000",
    "orgAddrProvinceDesc": "北京市",
    "orgCategorySpecificDesc": "农、林、牧、渔业-农业",
    "orgCrtCode": "TaIcG4N5XndD3gF5O3V79L8U7o6kGUF4",
    "orgCrtImgContent": null,
    "orgCrtImgPath": null,
    "orgCrtImgRid": 2809,
    "orgCrtType": "1",
    "orgDesc": null,
    "orgName": "TaIcG4N5XndD3gF5O3V79L8U7o6kGUF4",
    "orgNature": "1",
    "orgNatureDesc": "1",
    "periodValidity": null,
    "regAuthority": null,
    "regCapital": null,
    "regRealNaImpName": null,
    "regRealNaImpType": null,
    "servHostingContractFilePath": null,
    "servHostingContractFileRid": null,
    "servHostingOrg": null,
    "servSysBuildContractFilePath": null,
    "servSysBuildContractFileRid": null,
    "servSysBuildName": null,
    "servSysBuildType": 1,
    "servSysOperContractFilePath": null,
    "servSysOperContractFileRid": null,
    "servSysOperName": null,
    "servSysOperType": 1,
    "svtrid": null,
    "thirdServiceMsg": null,
    "thirdServiceStatus": null,
    "updateDate": "2023-06-25 18:43:02",
    "userId": 1646,
    "userName": "TaIcG4N5XndD3gF5O3V79L8U7o6kGUF4",
    "website": null
}

2023-06-25 18:43:01.690 | DEBUG    | httprunner.client:log_print:40 - 
================== response details ==================
status_code : 200
headers  : {
    "Server": "nginx",
    "Date": "Sun, 25 Jun 2023 10:43:01 GMT",
    "Content-Type": "application/json;charset=UTF-8",
    "Transfer-Encoding": "chunked",
    "X-Frame-Options": "SAMEORIGIN",
    "Connection": "keep-alive"
}
cookies  : {}
encoding : UTF-8
content_type : application/json;charset=UTF-8
body     : {
    "message": "success",
    "status": 1,
    "data": true
}

2023-06-25 18:43:01.691 | INFO     | httprunner.client:request:217 - status_code: 200, response_time(ms): 166.37 ms, response_length: 0 bytes
2023-06-25 18:43:01.691 | INFO     | httprunner.response:validate:249 - assert status_code equal 200(int)	==> pass
2023-06-25 18:43:01.691 | INFO     | httprunner.response:validate:249 - assert body.message equal success(str)	==> pass
2023-06-25 18:43:01.692 | INFO     | httprunner.runner:__run_step:304 - run step end: 企业注册最终第三步提交信息 <<<<<<

2023-06-25 18:43:01.692 | INFO     | httprunner.runner:__run_step:304 - run step end: 企业注册最终第三步提交信息 <<<<<<

2023-06-25 18:43:01.692 | INFO     | httprunner.runner:__run_step:292 - run step begin: 登录-管理员 >>>>>>
2023-06-25 18:43:01.692 | INFO     | httprunner.runner:__run_step:292 - run step begin: 登录-企业用户 >>>>>>
2023-06-25 18:43:01.892 | DEBUG    | httprunner.client:request:186 - client IP: 127.0.0.1, Port: 56304
2023-06-25 18:43:01.892 | DEBUG    | httprunner.client:request:194 - server IP: 127.0.0.1, Port: 8888
2023-06-25 18:43:01.893 | DEBUG    | httprunner.client:log_print:40 - 
================== request details ==================
method   : POST
url      : http://139.198.116.76:8000/api/home/test/login
headers  : {
    "User-Agent": "python-requests/2.28.1",
    "Accept-Encoding": "gzip, deflate, br",
    "Accept": "*/*",
    "Connection": "keep-alive",
    "Content-Length": "144",
    "Content-Type": "application/json",
    "HRUN-Request-ID": "HRUN-27224228-a557-4ce4-a0d1-425281607028-781693",
    "Cookie": "SESSION=ZjA3ZDM1ZjEtMTVlMS00ZjBlLTgxMzYtYTcxZDQxOTk2MGY3"
}
cookies  : {
    "SESSION": "ZjA3ZDM1ZjEtMTVlMS00ZjBlLTgxMzYtYTcxZDQxOTk2MGY3"
}
body     : {
    "captcha": "0000",
    "captchaSign": "5d39bab12bba81ab59b3931d2ca06ee9603c3803355932be66974f122cab3502",
    "emailCaptcha": "",
    "username": "adminy"
}

2023-06-25 18:43:01.894 | DEBUG    | httprunner.client:log_print:40 - 
================== response details ==================
status_code : 200
headers  : {
    "Server": "nginx",
    "Date": "Sun, 25 Jun 2023 10:43:01 GMT",
    "Content-Type": "application/json;charset=UTF-8",
    "Transfer-Encoding": "chunked",
    "Set-Cookie": "SESSION=ZTA4ZmRjMTktNWUyNS00ODM0LTlhMTgtMTk2ZTYzOGU5ZWJh; Path=/; HttpOnly; SameSite=Lax",
    "X-Frame-Options": "SAMEORIGIN",
    "Connection": "keep-alive"
}
cookies  : {
    "SESSION": "ZTA4ZmRjMTktNWUyNS00ODM0LTlhMTgtMTk2ZTYzOGU5ZWJh"
}
encoding : UTF-8
content_type : application/json;charset=UTF-8
body     : {
    "message": "success",
    "status": 1,
    "data": true
}

2023-06-25 18:43:01.894 | INFO     | httprunner.client:request:217 - status_code: 200, response_time(ms): 199.28 ms, response_length: 0 bytes
2023-06-25 18:43:01.895 | INFO     | httprunner.response:extract:179 - extract mapping: {'adminSession': 'response.headers."Set-Cookie".session'}
2023-06-25 18:43:01.895 | INFO     | httprunner.response:validate:249 - assert status_code equal 200(int)	==> pass
2023-06-25 18:43:01.895 | INFO     | httprunner.response:validate:249 - assert headers."Content-Type" equal application/json;charset=UTF-8(str)	==> pass
2023-06-25 18:43:01.895 | INFO     | httprunner.response:validate:249 - assert body.message equal success(str)	==> pass
2023-06-25 18:43:01.895 | INFO     | httprunner.response:validate:249 - assert body.status equal 1(int)	==> pass
2023-06-25 18:43:01.895 | INFO     | httprunner.response:validate:249 - assert body.data equal True(bool)	==> pass
2023-06-25 18:43:01.895 | INFO     | httprunner.runner:__run_step:304 - run step end: 登录-企业用户 <<<<<<

2023-06-25 18:43:01.896 | INFO     | httprunner.runner:__run_step_testcase:286 - export variables: {'adminSession': 'response.headers."Set-Cookie".session'}
2023-06-25 18:43:01.896 | INFO     | httprunner.runner:__run_step:304 - run step end: 登录-管理员 <<<<<<

2023-06-25 18:43:01.896 | INFO     | httprunner.runner:__run_step:292 - run step begin: 年费费用查询 >>>>>>
2023-06-25 18:43:01.896 | INFO     | httprunner.runner:__run_step:292 - run step begin: 财务规则查询-年费 >>>>>>
2023-06-25 18:43:01.948 | DEBUG    | httprunner.client:request:186 - client IP: 127.0.0.1, Port: 56304
2023-06-25 18:43:01.948 | DEBUG    | httprunner.client:request:194 - server IP: 127.0.0.1, Port: 8888
2023-06-25 18:43:01.949 | DEBUG    | httprunner.client:log_print:40 - 
================== request details ==================
method   : GET
url      : http://139.198.116.76:8000/api/finance/rule/findRule?cache=1663837640684&moneyType=2&userId=1646
headers  : {
    "User-Agent": "Mozilla/5.0 (Macintosh; Intel Mac OS X 10_15_7) AppleWebKit/537.36 (KHTML, like Gecko) Chrome/98.0.4758.102 Safari/537.36 Edg/98.0.1108.56",
    "Accept-Encoding": "gzip, deflate",
    "Accept": "application/json, text/plain, */*",
    "Connection": "keep-alive",
    "Accept-Language": "zh-CN,zh;q=0.9,en;q=0.8,en-GB;q=0.7,en-US;q=0.6",
    "HRUN-Request-ID": "HRUN-27224228-a557-4ce4-a0d1-425281607028-781896",
    "Cookie": "SESSION=ZTA4ZmRjMTktNWUyNS00ODM0LTlhMTgtMTk2ZTYzOGU5ZWJh; SESSION=response.headers.\"Set-Cookie\".session"
}
cookies  : {
    "SESSION": "ZTA4ZmRjMTktNWUyNS00ODM0LTlhMTgtMTk2ZTYzOGU5ZWJh"
}
body     : None

2023-06-25 18:43:01.949 | DEBUG    | httprunner.client:log_print:40 - 
================== response details ==================
status_code : 200
headers  : {
    "Server": "nginx",
    "Date": "Sun, 25 Jun 2023 10:43:02 GMT",
    "Content-Type": "application/json;charset=UTF-8",
    "Transfer-Encoding": "chunked",
    "X-Frame-Options": "SAMEORIGIN",
    "Connection": "keep-alive"
}
cookies  : {}
encoding : UTF-8
content_type : application/json;charset=UTF-8
body     : {
    "message": "success",
    "status": 1,
    "data": [
        {
            "id": 78,
            "createDate": "2023-05-31 12:51:47",
            "updateDate": "2023-05-31 12:51:47",
            "name": "标准",
            "money": 10000.0,
            "moneyType": 2,
            "prefixCount": 1,
            "remart": "test",
            "entName": null,
            "entUserId": null,
            "ruleType": 2,
            "escrowId": null
        }
    ]
}

2023-06-25 18:43:01.950 | INFO     | httprunner.client:request:217 - status_code: 200, response_time(ms): 51.08 ms, response_length: 0 bytes
2023-06-25 18:43:01.950 | INFO     | httprunner.response:extract:179 - extract mapping: {'annualFeeRuleId': 78}
2023-06-25 18:43:01.950 | INFO     | httprunner.response:validate:249 - assert status_code equal 200(int)	==> pass
2023-06-25 18:43:01.951 | INFO     | httprunner.response:validate:249 - assert body.message equal success(str)	==> pass
2023-06-25 18:43:01.951 | INFO     | httprunner.response:validate:249 - assert body.status equal 1(int)	==> pass
2023-06-25 18:43:01.951 | INFO     | httprunner.runner:__run_step:304 - run step end: 财务规则查询-年费 <<<<<<

2023-06-25 18:43:01.951 | INFO     | httprunner.runner:__run_step_testcase:286 - export variables: {'annualFeeRuleId': 78}
2023-06-25 18:43:01.952 | INFO     | httprunner.runner:__run_step:304 - run step end: 年费费用查询 <<<<<<

2023-06-25 18:43:01.952 | INFO     | httprunner.runner:__run_step:292 - run step begin: 注册费费用查询 >>>>>>
2023-06-25 18:43:01.953 | INFO     | httprunner.runner:__run_step:292 - run step begin: 财务规则查询-注册费 >>>>>>
2023-06-25 18:43:02.028 | DEBUG    | httprunner.client:request:186 - client IP: 127.0.0.1, Port: 56304
2023-06-25 18:43:02.028 | DEBUG    | httprunner.client:request:194 - server IP: 127.0.0.1, Port: 8888
2023-06-25 18:43:02.029 | DEBUG    | httprunner.client:log_print:40 - 
================== request details ==================
method   : GET
url      : http://139.198.116.76:8000/api/finance/rule/findRule?moneyType=1&userId=1646
headers  : {
    "User-Agent": "Mozilla/5.0 (Macintosh; Intel Mac OS X 10_15_7) AppleWebKit/537.36 (KHTML, like Gecko) Chrome/98.0.4758.102 Safari/537.36 Edg/98.0.1108.56",
    "Accept-Encoding": "gzip, deflate",
    "Accept": "application/json, text/plain, */*",
    "Connection": "keep-alive",
    "Accept-Language": "zh-CN,zh;q=0.9,en;q=0.8,en-GB;q=0.7,en-US;q=0.6",
    "HRUN-Request-ID": "HRUN-27224228-a557-4ce4-a0d1-425281607028-781953",
    "Cookie": "SESSION=ZTA4ZmRjMTktNWUyNS00ODM0LTlhMTgtMTk2ZTYzOGU5ZWJh; SESSION=response.headers.\"Set-Cookie\".session"
}
cookies  : {
    "SESSION": "ZTA4ZmRjMTktNWUyNS00ODM0LTlhMTgtMTk2ZTYzOGU5ZWJh"
}
body     : None

2023-06-25 18:43:02.030 | DEBUG    | httprunner.client:log_print:40 - 
================== response details ==================
status_code : 200
headers  : {
    "Server": "nginx",
    "Date": "Sun, 25 Jun 2023 10:43:02 GMT",
    "Content-Type": "application/json;charset=UTF-8",
    "Transfer-Encoding": "chunked",
    "X-Frame-Options": "SAMEORIGIN",
    "Connection": "keep-alive"
}
cookies  : {}
encoding : UTF-8
content_type : application/json;charset=UTF-8
body     : {
    "message": "success",
    "status": 1,
    "data": [
        {
            "id": 77,
            "createDate": "2023-05-31 12:51:33",
            "updateDate": "2023-05-31 12:51:33",
            "name": "标准",
            "money": 10000.0,
            "moneyType": 1,
            "prefixCount": 1,
            "remart": "test",
            "entName": null,
            "entUserId": null,
            "ruleType": 2,
            "escrowId": null
        }
    ]
}

2023-06-25 18:43:02.031 | INFO     | httprunner.client:request:217 - status_code: 200, response_time(ms): 74.48 ms, response_length: 0 bytes
2023-06-25 18:43:02.031 | INFO     | httprunner.response:extract:179 - extract mapping: {'regFeeRuleId': 77}
2023-06-25 18:43:02.032 | INFO     | httprunner.response:validate:249 - assert status_code equal 200(int)	==> pass
2023-06-25 18:43:02.032 | INFO     | httprunner.response:validate:249 - assert body.message equal success(str)	==> pass
2023-06-25 18:43:02.032 | INFO     | httprunner.response:validate:249 - assert body.status equal 1(int)	==> pass
2023-06-25 18:43:02.032 | INFO     | httprunner.runner:__run_step:304 - run step end: 财务规则查询-注册费 <<<<<<

2023-06-25 18:43:02.032 | INFO     | httprunner.runner:__run_step_testcase:286 - export variables: {'regFeeRuleId': 77}
2023-06-25 18:43:02.032 | INFO     | httprunner.runner:__run_step:304 - run step end: 注册费费用查询 <<<<<<

2023-06-25 18:43:02.032 | INFO     | httprunner.runner:__run_step:292 - run step begin: 审核结果保存 >>>>>>
2023-06-25 18:43:02.033 | INFO     | httprunner.runner:__run_step:292 - run step begin: 企业审核保存 >>>>>>
2023-06-25 18:43:03.047 | DEBUG    | httprunner.client:request:186 - client IP: 127.0.0.1, Port: 56304
2023-06-25 18:43:03.047 | DEBUG    | httprunner.client:request:194 - server IP: 127.0.0.1, Port: 8888
2023-06-25 18:43:03.048 | DEBUG    | httprunner.client:log_print:40 - 
================== request details ==================
method   : POST
url      : http://139.198.116.76:8000/api/v3/ent/audit/save?annualFeeRuleId=78&applyId=1411&auditMsg=%E5%AE%A1%E6%A0%B8%E9%80%9A%E8%BF%87&auditResult=pass&entPrefix=88.408.4724041718&regFeeRuleId=77
headers  : {
    "User-Agent": "Mozilla/5.0 (Macintosh; Intel Mac OS X 10_15_7) AppleWebKit/537.36 (KHTML, like Gecko) Chrome/98.0.4758.102 Safari/537.36 Edg/98.0.1108.56",
    "Accept-Encoding": "gzip, deflate",
    "Accept": "application/json, text/plain, */*",
    "Connection": "keep-alive",
    "Accept-Language": "zh-CN,zh;q=0.9,en;q=0.8,en-GB;q=0.7,en-US;q=0.6",
    "Content-Length": "0",
    "HRUN-Request-ID": "HRUN-27224228-a557-4ce4-a0d1-425281607028-782033",
    "Cookie": "SESSION=ZTA4ZmRjMTktNWUyNS00ODM0LTlhMTgtMTk2ZTYzOGU5ZWJh; SESSION=response.headers.\"Set-Cookie\".session"
}
cookies  : {
    "SESSION": "ZTA4ZmRjMTktNWUyNS00ODM0LTlhMTgtMTk2ZTYzOGU5ZWJh"
}
body     : None

2023-06-25 18:43:03.049 | DEBUG    | httprunner.client:log_print:40 - 
================== response details ==================
status_code : 200
headers  : {
    "Server": "nginx",
    "Date": "Sun, 25 Jun 2023 10:43:03 GMT",
    "Content-Type": "application/json",
    "Transfer-Encoding": "chunked",
    "X-Frame-Options": "SAMEORIGIN",
    "Connection": "keep-alive"
}
cookies  : {}
encoding : utf-8
content_type : application/json
body     : {
    "message": "success",
    "status": 1,
    "data": true
}

2023-06-25 18:43:03.049 | INFO     | httprunner.client:request:217 - status_code: 200, response_time(ms): 1013.96 ms, response_length: 0 bytes
2023-06-25 18:43:03.049 | INFO     | httprunner.response:validate:249 - assert status_code equal 200(int)	==> pass
2023-06-25 18:43:03.049 | INFO     | httprunner.response:validate:249 - assert body.message equal success(str)	==> pass
2023-06-25 18:43:03.050 | INFO     | httprunner.response:validate:249 - assert body.status equal 1(int)	==> pass
2023-06-25 18:43:03.050 | INFO     | httprunner.response:validate:249 - assert body.data equal True(bool)	==> pass
2023-06-25 18:43:03.050 | INFO     | httprunner.runner:__run_step:304 - run step end: 企业审核保存 <<<<<<

2023-06-25 18:43:03.051 | INFO     | httprunner.runner:__run_step:304 - run step end: 审核结果保存 <<<<<<

2023-06-25 18:43:03.051 | INFO     | httprunner.runner:__run_step:292 - run step begin: 前缀管理分页 >>>>>>
2023-06-25 18:43:03.051 | INFO     | httprunner.runner:__run_step:292 - run step begin: 前缀管理分页 >>>>>>
2023-06-25 18:43:03.103 | DEBUG    | httprunner.client:request:186 - client IP: 127.0.0.1, Port: 56304
2023-06-25 18:43:03.103 | DEBUG    | httprunner.client:request:194 - server IP: 127.0.0.1, Port: 8888
2023-06-25 18:43:03.104 | DEBUG    | httprunner.client:log_print:40 - 
================== request details ==================
method   : GET
url      : http://139.198.116.76:8000/api/v3/ent/prefix/manage/pageQuery?cache=1663838231980&currentPage=1&entPrefix=88.408.4724041718&escrowOrgName=&order=&orderProp=
headers  : {
    "User-Agent": "Mozilla/5.0 (Macintosh; Intel Mac OS X 10_15_7) AppleWebKit/537.36 (KHTML, like Gecko) Chrome/98.0.4758.102 Safari/537.36 Edg/98.0.1108.56",
    "Accept-Encoding": "gzip, deflate",
    "Accept": "application/json, text/plain, */*",
    "Connection": "keep-alive",
    "Accept-Language": "zh-CN,zh;q=0.9,en;q=0.8,en-GB;q=0.7,en-US;q=0.6",
    "HRUN-Request-ID": "HRUN-27224228-a557-4ce4-a0d1-425281607028-783051",
    "Cookie": "SESSION=ZTA4ZmRjMTktNWUyNS00ODM0LTlhMTgtMTk2ZTYzOGU5ZWJh; SESSION=response.headers.\"Set-Cookie\".session"
}
cookies  : {
    "SESSION": "ZTA4ZmRjMTktNWUyNS00ODM0LTlhMTgtMTk2ZTYzOGU5ZWJh"
}
body     : None

2023-06-25 18:43:03.105 | DEBUG    | httprunner.client:log_print:40 - 
================== response details ==================
status_code : 200
headers  : {
    "Server": "nginx",
    "Date": "Sun, 25 Jun 2023 10:43:03 GMT",
    "Content-Type": "application/json",
    "Transfer-Encoding": "chunked",
    "X-Frame-Options": "SAMEORIGIN",
    "Connection": "keep-alive"
}
cookies  : {}
encoding : utf-8
content_type : application/json
body     : {
    "message": "success",
    "status": 1,
    "data": {
        "first": true,
        "last": true,
        "totalPages": 1,
        "totalElements": 1,
        "number": 1,
        "size": 10,
        "sort": {
            "sorted": false,
            "unsorted": true,
            "empty": true
        },
        "numberOfElements": 1,
        "content": [
            {
                "userId": 1646,
                "entPrefix": "88.408.4724041718",
                "state": 1,
                "entGeneralId": null,
                "entName": "TaIcG4N5XndD3gF5O3V79L8U7o6kGUF4",
                "escrowOrgName": null,
                "proxyState": 1,
                "createDate": "2023-06-25 18:43:03",
                "updateDate": "2023-06-25 18:43:03",
                "id": 706
            }
        ]
    }
}

2023-06-25 18:43:03.105 | INFO     | httprunner.client:request:217 - status_code: 200, response_time(ms): 51.02 ms, response_length: 0 bytes
2023-06-25 18:43:03.106 | INFO     | httprunner.response:extract:179 - extract mapping: {'userId': 1646, 'entPrefix': '88.408.4724041718', 'prefixId': 706, 'entNameCn': 'TaIcG4N5XndD3gF5O3V79L8U7o6kGUF4', 'proxyState': 1}
2023-06-25 18:43:03.106 | INFO     | httprunner.response:validate:249 - assert status_code equal 200(int)	==> pass
2023-06-25 18:43:03.106 | INFO     | httprunner.response:validate:249 - assert body.message equal success(str)	==> pass
2023-06-25 18:43:03.106 | INFO     | httprunner.runner:__run_step:304 - run step end: 前缀管理分页 <<<<<<

2023-06-25 18:43:03.106 | INFO     | httprunner.runner:__run_step_testcase:286 - export variables: {'entNameCn': 'TaIcG4N5XndD3gF5O3V79L8U7o6kGUF4', 'proxyState': 1, 'userId': 1646, 'prefixId': 706, 'entPrefix': '88.408.4724041718'}
2023-06-25 18:43:03.106 | INFO     | httprunner.runner:__run_step:304 - run step end: 前缀管理分页 <<<<<<

2023-06-25 18:43:03.107 | INFO     | httprunner.runner:__run_step:292 - run step begin: 企业审核分页 >>>>>>
2023-06-25 18:43:03.107 | INFO     | httprunner.runner:__run_step:292 - run step begin: 前缀审核分页-名称查询 >>>>>>
2023-06-25 18:43:03.160 | DEBUG    | httprunner.client:request:186 - client IP: 127.0.0.1, Port: 56304
2023-06-25 18:43:03.160 | DEBUG    | httprunner.client:request:194 - server IP: 127.0.0.1, Port: 8888
2023-06-25 18:43:03.161 | DEBUG    | httprunner.client:log_print:40 - 
================== request details ==================
method   : GET
url      : http://139.198.116.76:8000/api/v3/ent/audit/pageQuery?cache=1663838692645&currentPage=1&escrowOrgName=&order=&orderProp=&orgName=TaIcG4N5XndD3gF5O3V79L8U7o6kGUF4&prefix=88.408.4724041718&auditState=&rangeTime=
headers  : {
    "User-Agent": "Mozilla/5.0 (Macintosh; Intel Mac OS X 10_15_7) AppleWebKit/537.36 (KHTML, like Gecko) Chrome/98.0.4758.102 Safari/537.36 Edg/98.0.1108.56",
    "Accept-Encoding": "gzip, deflate",
    "Accept": "application/json, text/plain, */*",
    "Connection": "keep-alive",
    "Accept-Language": "zh-CN,zh;q=0.9,en;q=0.8,en-GB;q=0.7,en-US;q=0.6",
    "HRUN-Request-ID": "HRUN-27224228-a557-4ce4-a0d1-425281607028-783107",
    "Cookie": "SESSION=ZTA4ZmRjMTktNWUyNS00ODM0LTlhMTgtMTk2ZTYzOGU5ZWJh; SESSION=response.headers.\"Set-Cookie\".session"
}
cookies  : {
    "SESSION": "ZTA4ZmRjMTktNWUyNS00ODM0LTlhMTgtMTk2ZTYzOGU5ZWJh"
}
body     : None

2023-06-25 18:43:03.162 | DEBUG    | httprunner.client:log_print:40 - 
================== response details ==================
status_code : 200
headers  : {
    "Server": "nginx",
    "Date": "Sun, 25 Jun 2023 10:43:03 GMT",
    "Content-Type": "application/json",
    "Transfer-Encoding": "chunked",
    "X-Frame-Options": "SAMEORIGIN",
    "Connection": "keep-alive"
}
cookies  : {}
encoding : utf-8
content_type : application/json
body     : {
    "message": "success",
    "status": 1,
    "data": {
        "first": true,
        "last": true,
        "totalPages": 1,
        "totalElements": 1,
        "number": 1,
        "size": 10,
        "sort": {
            "sorted": false,
            "unsorted": true,
            "empty": true
        },
        "numberOfElements": 1,
        "content": [
            {
                "id": 1411,
                "escrowOrgName": null,
                "orgName": "TaIcG4N5XndD3gF5O3V79L8U7o6kGUF4",
                "entPrefix": "88.408.4724041718",
                "orgCrtCode": "TaIcG4N5XndD3gF5O3V79L8U7o6kGUF4",
                "orgNature": 1,
                "applyType": 1,
                "thirdServiceStatus": 3,
                "firstAuditStatus": 2,
                "createDate": "2023-06-25 18:43:01",
                "updateDate": "2023-06-25 18:43:03"
            }
        ]
    }
}

2023-06-25 18:43:03.162 | INFO     | httprunner.client:request:217 - status_code: 200, response_time(ms): 52.11 ms, response_length: 0 bytes
2023-06-25 18:43:03.163 | INFO     | httprunner.response:validate:249 - assert status_code equal 200(int)	==> pass
2023-06-25 18:43:03.163 | INFO     | httprunner.response:validate:249 - assert body.message equal success(str)	==> pass
2023-06-25 18:43:03.163 | INFO     | httprunner.response:validate:249 - assert body.status equal 1(int)	==> pass
2023-06-25 18:43:03.163 | INFO     | httprunner.response:validate:249 - assert body.data.content[0].orgName equal TaIcG4N5XndD3gF5O3V79L8U7o6kGUF4(str)	==> pass
2023-06-25 18:43:03.164 | INFO     | httprunner.response:validate:249 - assert body.data.content[0].firstAuditStatus equal 2(int)	==> pass
2023-06-25 18:43:03.164 | INFO     | httprunner.runner:__run_step:304 - run step end: 前缀审核分页-名称查询 <<<<<<

2023-06-25 18:43:03.164 | INFO     | httprunner.runner:__run_step:304 - run step end: 企业审核分页 <<<<<<

