2023-06-26 10:31:58.763 | INFO     | httprunner.runner:test_start:450 - Start to run testcase: 企业审核驳回接口, TestCase ID: 316cd1b4-79a3-43c0-81ea-8ba0747fb7e2
2023-06-26 10:31:58.764 | INFO     | httprunner.runner:__run_step:292 - run step begin: 用户注册 >>>>>>
2023-06-26 10:31:58.764 | INFO     | httprunner.runner:__run_step:292 - run step begin: 用户注册 >>>>>>
2023-06-26 10:31:58.929 | DEBUG    | httprunner.client:request:186 - client IP: 127.0.0.1, Port: 50540
2023-06-26 10:31:58.929 | DEBUG    | httprunner.client:request:194 - server IP: 127.0.0.1, Port: 8888
2023-06-26 10:31:58.929 | DEBUG    | httprunner.client:log_print:40 - 
================== request details ==================
method   : POST
url      : http://139.198.116.76:8000/api/home/test/registry
headers  : {
    "User-Agent": "Mozilla/5.0 (Windows NT 10.0; WOW64) AppleWebKit/537.36 (KHTML, like Gecko) Chrome/100.0.4896.60 Safari/537.36",
    "Accept-Encoding": "gzip, deflate",
    "Accept": "application/json, text/plain, */*",
    "Connection": "keep-alive",
    "Accept-Language": "zh-CN,zh;q=0.9",
    "HRUN-Request-ID": "HRUN-316cd1b4-79a3-43c0-81ea-8ba0747fb7e2-718764",
    "Content-Length": "187",
    "Content-Type": "application/json"
}
cookies  : {}
body     : {
    "email": "rc6f4TArQNk8d4sD@qaqseq.com",
    "mobile": "14885190767",
    "openId": "",
    "openUserName": "",
    "password": "Admin@123",
    "remarks": "",
    "username": "x4RZx6LMKxZjU6vswd4wzBBzStEJFq3v"
}

2023-06-26 10:31:58.930 | DEBUG    | httprunner.client:log_print:40 - 
================== response details ==================
status_code : 200
headers  : {
    "Server": "nginx",
    "Date": "Mon, 26 Jun 2023 02:31:59 GMT",
    "Content-Type": "application/json",
    "Transfer-Encoding": "chunked",
    "X-Frame-Options": "SAMEORIGIN",
    "Connection": "keep-alive"
}
cookies  : {}
encoding : utf-8
content_type : application/json
body     : {
    "message": "success",
    "status": 1,
    "data": true
}

2023-06-26 10:31:58.930 | INFO     | httprunner.client:request:217 - status_code: 200, response_time(ms): 164.89 ms, response_length: 0 bytes
2023-06-26 10:31:58.930 | INFO     | httprunner.response:validate:249 - assert status_code equal 200(int)	==> pass
2023-06-26 10:31:58.930 | INFO     | httprunner.response:validate:249 - assert body.message equal success(str)	==> pass
2023-06-26 10:31:58.930 | INFO     | httprunner.response:validate:249 - assert body.status equal 1(int)	==> pass
2023-06-26 10:31:58.930 | INFO     | httprunner.response:validate:249 - assert body.message contains success(str)	==> pass
2023-06-26 10:31:58.930 | INFO     | httprunner.response:validate:249 - assert body.status contained_by [1, 200](list)	==> pass
2023-06-26 10:31:58.930 | INFO     | httprunner.runner:__run_step:304 - run step end: 用户注册 <<<<<<

2023-06-26 10:31:58.930 | INFO     | httprunner.runner:__run_step:304 - run step end: 用户注册 <<<<<<

2023-06-26 10:31:58.930 | INFO     | httprunner.runner:__run_step:292 - run step begin: 登录-企业 >>>>>>
2023-06-26 10:31:58.931 | INFO     | httprunner.runner:__run_step:292 - run step begin: 登录-企业用户 >>>>>>
2023-06-26 10:31:59.006 | DEBUG    | httprunner.client:request:186 - client IP: 127.0.0.1, Port: 50540
2023-06-26 10:31:59.007 | DEBUG    | httprunner.client:request:194 - server IP: 127.0.0.1, Port: 8888
2023-06-26 10:31:59.009 | DEBUG    | httprunner.client:log_print:40 - 
================== request details ==================
method   : POST
url      : http://139.198.116.76:8000/api/home/test/login
headers  : {
    "User-Agent": "python-requests/2.28.1",
    "Accept-Encoding": "gzip, deflate, br",
    "Accept": "*/*",
    "Connection": "keep-alive",
    "Content-Length": "170",
    "Content-Type": "application/json",
    "HRUN-Request-ID": "HRUN-316cd1b4-79a3-43c0-81ea-8ba0747fb7e2-718931"
}
cookies  : {}
body     : {
    "captcha": "0000",
    "captchaSign": "849b6f95004ab29b7088cbb396491aea7a43645f0545a64056ddc9bbfcb10727",
    "emailCaptcha": "",
    "username": "x4RZx6LMKxZjU6vswd4wzBBzStEJFq3v"
}

2023-06-26 10:31:59.011 | DEBUG    | httprunner.client:log_print:40 - 
================== response details ==================
status_code : 200
headers  : {
    "Server": "nginx",
    "Date": "Mon, 26 Jun 2023 02:31:59 GMT",
    "Content-Type": "application/json;charset=UTF-8",
    "Transfer-Encoding": "chunked",
    "Set-Cookie": "SESSION=MDdiNmYxY2ItODU3OS00ODNlLTg0ZGYtZmYzMzhmYzE1NzRl; Path=/; HttpOnly; SameSite=Lax",
    "X-Frame-Options": "SAMEORIGIN",
    "Connection": "keep-alive"
}
cookies  : {
    "SESSION": "MDdiNmYxY2ItODU3OS00ODNlLTg0ZGYtZmYzMzhmYzE1NzRl"
}
encoding : UTF-8
content_type : application/json;charset=UTF-8
body     : {
    "message": "success",
    "status": 1,
    "data": true
}

2023-06-26 10:31:59.011 | INFO     | httprunner.client:request:217 - status_code: 200, response_time(ms): 75.69 ms, response_length: 0 bytes
2023-06-26 10:31:59.011 | INFO     | httprunner.response:extract:179 - extract mapping: {'entSession': 'response.headers."Set-Cookie".session'}
2023-06-26 10:31:59.011 | INFO     | httprunner.response:validate:249 - assert status_code equal 200(int)	==> pass
2023-06-26 10:31:59.011 | INFO     | httprunner.response:validate:249 - assert headers."Content-Type" equal application/json;charset=UTF-8(str)	==> pass
2023-06-26 10:31:59.011 | INFO     | httprunner.response:validate:249 - assert body.message equal success(str)	==> pass
2023-06-26 10:31:59.011 | INFO     | httprunner.response:validate:249 - assert body.status equal 1(int)	==> pass
2023-06-26 10:31:59.011 | INFO     | httprunner.response:validate:249 - assert body.data equal True(bool)	==> pass
2023-06-26 10:31:59.011 | INFO     | httprunner.runner:__run_step:304 - run step end: 登录-企业用户 <<<<<<

2023-06-26 10:31:59.011 | INFO     | httprunner.runner:__run_step_testcase:286 - export variables: {'entSession': 'response.headers."Set-Cookie".session'}
2023-06-26 10:31:59.011 | INFO     | httprunner.runner:__run_step:304 - run step end: 登录-企业 <<<<<<

2023-06-26 10:31:59.011 | INFO     | httprunner.runner:__run_step:292 - run step begin: 前缀注册企业资质图片上传 >>>>>>
2023-06-26 10:31:59.012 | INFO     | httprunner.runner:__run_step:292 - run step begin: 前缀注册企业资质图片上传 >>>>>>
2023-06-26 10:31:59.113 | DEBUG    | httprunner.client:request:186 - client IP: 127.0.0.1, Port: 50540
2023-06-26 10:31:59.114 | DEBUG    | httprunner.client:request:194 - server IP: 127.0.0.1, Port: 8888
2023-06-26 10:31:59.114 | DEBUG    | httprunner.client:log_print:40 - 
================== request details ==================
method   : POST
url      : http://139.198.116.76:8000/api/file/img/upload
headers  : {
    "User-Agent": "Mozilla/5.0 (Macintosh; Intel Mac OS X 10_15_7) AppleWebKit/537.36 (KHTML, like Gecko) Chrome/105.0.0.0 Safari/537.36",
    "Accept-Encoding": "gzip, deflate",
    "Accept": "application/json, text/plain, */*",
    "Connection": "keep-alive",
    "Accept-Language": "zh-CN,zh;q=0.9",
    "Content-Type": "multipart/form-data; boundary=cbdafe03175f4502b622ddae8a1b80ec",
    "HRUN-Request-ID": "HRUN-316cd1b4-79a3-43c0-81ea-8ba0747fb7e2-719012",
    "Cookie": "SESSION=MDdiNmYxY2ItODU3OS00ODNlLTg0ZGYtZmYzMzhmYzE1NzRl; SESSION=response.headers.\"Set-Cookie\".session",
    "Content-Length": "20435"
}
cookies  : {
    "SESSION": "MDdiNmYxY2ItODU3OS00ODNlLTg0ZGYtZmYzMzhmYzE1NzRl"
}
body     : upload file stream (OMITTED)

2023-06-26 10:31:59.115 | DEBUG    | httprunner.client:log_print:40 - 
================== response details ==================
status_code : 200
headers  : {
    "Server": "nginx",
    "Date": "Mon, 26 Jun 2023 02:31:59 GMT",
    "Content-Type": "application/json;charset=UTF-8",
    "Transfer-Encoding": "chunked",
    "X-Frame-Options": "SAMEORIGIN",
    "Connection": "keep-alive"
}
cookies  : {}
encoding : UTF-8
content_type : application/json;charset=UTF-8
body     : {
    "message": "success",
    "status": 1,
    "data": {
        "id": 2905,
        "path": "f330eae0-0b74-490c-a5da-b9eb9e0f0de5.jpeg"
    }
}

2023-06-26 10:31:59.115 | INFO     | httprunner.client:request:217 - status_code: 200, response_time(ms): 101.18 ms, response_length: 0 bytes
2023-06-26 10:31:59.116 | INFO     | httprunner.response:extract:179 - extract mapping: {'imgId': 2905}
2023-06-26 10:31:59.116 | INFO     | httprunner.response:validate:249 - assert status_code equal 200(int)	==> pass
2023-06-26 10:31:59.116 | INFO     | httprunner.runner:__run_step:304 - run step end: 前缀注册企业资质图片上传 <<<<<<

2023-06-26 10:31:59.117 | INFO     | httprunner.runner:__run_step_testcase:286 - export variables: {'imgId': 2905}
2023-06-26 10:31:59.117 | INFO     | httprunner.runner:__run_step:304 - run step end: 前缀注册企业资质图片上传 <<<<<<

2023-06-26 10:31:59.117 | INFO     | httprunner.runner:__run_step:292 - run step begin: 前缀注册企业联系人身份证图片正面上传 >>>>>>
2023-06-26 10:31:59.118 | INFO     | httprunner.runner:__run_step:292 - run step begin: 前缀注册企业联系人身份证图片背面上传 >>>>>>
2023-06-26 10:31:59.223 | DEBUG    | httprunner.client:request:186 - client IP: 127.0.0.1, Port: 50540
2023-06-26 10:31:59.224 | DEBUG    | httprunner.client:request:194 - server IP: 127.0.0.1, Port: 8888
2023-06-26 10:31:59.224 | DEBUG    | httprunner.client:log_print:40 - 
================== request details ==================
method   : POST
url      : http://139.198.116.76:8000/api/file/img/upload
headers  : {
    "User-Agent": "Mozilla/5.0 (Macintosh; Intel Mac OS X 10_15_7) AppleWebKit/537.36 (KHTML, like Gecko) Chrome/105.0.0.0 Safari/537.36",
    "Accept-Encoding": "gzip, deflate",
    "Accept": "application/json, text/plain, */*",
    "Connection": "keep-alive",
    "Accept-Language": "zh-CN,zh;q=0.9",
    "Content-Type": "multipart/form-data; boundary=de14ecc02d7a4aeeb75da2c0fa09886c",
    "HRUN-Request-ID": "HRUN-316cd1b4-79a3-43c0-81ea-8ba0747fb7e2-719118",
    "Cookie": "SESSION=MDdiNmYxY2ItODU3OS00ODNlLTg0ZGYtZmYzMzhmYzE1NzRl; SESSION=response.headers.\"Set-Cookie\".session",
    "Content-Length": "20435"
}
cookies  : {
    "SESSION": "MDdiNmYxY2ItODU3OS00ODNlLTg0ZGYtZmYzMzhmYzE1NzRl"
}
body     : upload file stream (OMITTED)

2023-06-26 10:31:59.225 | DEBUG    | httprunner.client:log_print:40 - 
================== response details ==================
status_code : 200
headers  : {
    "Server": "nginx",
    "Date": "Mon, 26 Jun 2023 02:31:59 GMT",
    "Content-Type": "application/json;charset=UTF-8",
    "Transfer-Encoding": "chunked",
    "X-Frame-Options": "SAMEORIGIN",
    "Connection": "keep-alive"
}
cookies  : {}
encoding : UTF-8
content_type : application/json;charset=UTF-8
body     : {
    "message": "success",
    "status": 1,
    "data": {
        "id": 2906,
        "path": "d423af78-2e34-4c51-89b1-1086e2965ea7.jpeg"
    }
}

2023-06-26 10:31:59.225 | INFO     | httprunner.client:request:217 - status_code: 200, response_time(ms): 104.72 ms, response_length: 0 bytes
2023-06-26 10:31:59.226 | INFO     | httprunner.response:extract:179 - extract mapping: {'imgId_f': 2906}
2023-06-26 10:31:59.226 | INFO     | httprunner.response:validate:249 - assert status_code equal 200(int)	==> pass
2023-06-26 10:31:59.226 | INFO     | httprunner.runner:__run_step:304 - run step end: 前缀注册企业联系人身份证图片背面上传 <<<<<<

2023-06-26 10:31:59.226 | INFO     | httprunner.runner:__run_step_testcase:286 - export variables: {'imgId_f': 2906}
2023-06-26 10:31:59.227 | INFO     | httprunner.runner:__run_step:304 - run step end: 前缀注册企业联系人身份证图片正面上传 <<<<<<

2023-06-26 10:31:59.227 | INFO     | httprunner.runner:__run_step:292 - run step begin: 前缀注册企业联系人身份证图片背面上传 >>>>>>
2023-06-26 10:31:59.227 | INFO     | httprunner.runner:__run_step:292 - run step begin: 前缀注册企业联系人身份证图片背面上传 >>>>>>
2023-06-26 10:31:59.330 | DEBUG    | httprunner.client:request:186 - client IP: 127.0.0.1, Port: 50540
2023-06-26 10:31:59.331 | DEBUG    | httprunner.client:request:194 - server IP: 127.0.0.1, Port: 8888
2023-06-26 10:31:59.333 | DEBUG    | httprunner.client:log_print:40 - 
================== request details ==================
method   : POST
url      : http://139.198.116.76:8000/api/file/img/upload
headers  : {
    "User-Agent": "Mozilla/5.0 (Macintosh; Intel Mac OS X 10_15_7) AppleWebKit/537.36 (KHTML, like Gecko) Chrome/105.0.0.0 Safari/537.36",
    "Accept-Encoding": "gzip, deflate",
    "Accept": "application/json, text/plain, */*",
    "Connection": "keep-alive",
    "Accept-Language": "zh-CN,zh;q=0.9",
    "Content-Type": "multipart/form-data; boundary=e92a732275e9417b84169e4c1659be7d",
    "HRUN-Request-ID": "HRUN-316cd1b4-79a3-43c0-81ea-8ba0747fb7e2-719227",
    "Cookie": "SESSION=MDdiNmYxY2ItODU3OS00ODNlLTg0ZGYtZmYzMzhmYzE1NzRl; SESSION=response.headers.\"Set-Cookie\".session",
    "Content-Length": "20435"
}
cookies  : {
    "SESSION": "MDdiNmYxY2ItODU3OS00ODNlLTg0ZGYtZmYzMzhmYzE1NzRl"
}
body     : upload file stream (OMITTED)

2023-06-26 10:31:59.334 | DEBUG    | httprunner.client:log_print:40 - 
================== response details ==================
status_code : 200
headers  : {
    "Server": "nginx",
    "Date": "Mon, 26 Jun 2023 02:31:59 GMT",
    "Content-Type": "application/json;charset=UTF-8",
    "Transfer-Encoding": "chunked",
    "X-Frame-Options": "SAMEORIGIN",
    "Connection": "keep-alive"
}
cookies  : {}
encoding : UTF-8
content_type : application/json;charset=UTF-8
body     : {
    "message": "success",
    "status": 1,
    "data": {
        "id": 2907,
        "path": "0283d9f7-7eb2-4c29-8623-b6be87a5d20c.jpeg"
    }
}

2023-06-26 10:31:59.334 | INFO     | httprunner.client:request:217 - status_code: 200, response_time(ms): 102.64 ms, response_length: 0 bytes
2023-06-26 10:31:59.334 | INFO     | httprunner.response:extract:179 - extract mapping: {'imgId_b': 2907}
2023-06-26 10:31:59.335 | INFO     | httprunner.response:validate:249 - assert status_code equal 200(int)	==> pass
2023-06-26 10:31:59.335 | INFO     | httprunner.runner:__run_step:304 - run step end: 前缀注册企业联系人身份证图片背面上传 <<<<<<

2023-06-26 10:31:59.335 | INFO     | httprunner.runner:__run_step_testcase:286 - export variables: {'imgId_b': 2907}
2023-06-26 10:31:59.335 | INFO     | httprunner.runner:__run_step:304 - run step end: 前缀注册企业联系人身份证图片背面上传 <<<<<<

2023-06-26 10:31:59.336 | INFO     | httprunner.runner:__run_step:292 - run step begin: 企业注册第一步提交信息 >>>>>>
2023-06-26 10:31:59.336 | INFO     | httprunner.runner:__run_step:292 - run step begin: 企业注册第一步提交信息 >>>>>>
2023-06-26 10:31:59.655 | DEBUG    | httprunner.client:request:186 - client IP: 127.0.0.1, Port: 50540
2023-06-26 10:31:59.656 | DEBUG    | httprunner.client:request:194 - server IP: 127.0.0.1, Port: 8888
2023-06-26 10:31:59.657 | DEBUG    | httprunner.client:log_print:40 - 
================== request details ==================
method   : POST
url      : http://139.198.116.76:8000/api/v3/entApply/basicInfo/submit
headers  : {
    "User-Agent": "Mozilla/5.0 (Macintosh; Intel Mac OS X 10_15_7) AppleWebKit/537.36 (KHTML, like Gecko) Chrome/105.0.0.0 Safari/537.36",
    "Accept-Encoding": "gzip, deflate",
    "Accept": "application/json, text/plain, */*",
    "Connection": "keep-alive",
    "Accept-Language": "zh-CN,zh;q=0.9",
    "Content-Type": "application/json;charset=UTF-8",
    "HRUN-Request-ID": "HRUN-316cd1b4-79a3-43c0-81ea-8ba0747fb7e2-719337",
    "Cookie": "SESSION=MDdiNmYxY2ItODU3OS00ODNlLTg0ZGYtZmYzMzhmYzE1NzRl; SESSION=response.headers.\"Set-Cookie\".session",
    "Content-Length": "2554"
}
cookies  : {
    "SESSION": "MDdiNmYxY2ItODU3OS00ODNlLTg0ZGYtZmYzMzhmYzE1NzRl"
}
body     : {
    "applyStep": 2,
    "applyType": null,
    "area": [
        "110000",
        "110100",
        "110101"
    ],
    "cltrid": null,
    "contactCrtBackImgPath": null,
    "contactCrtBackImgRid": 2907,
    "contactCrtFrontImgPath": null,
    "contactCrtFrontImgRid": 2906,
    "contactCrtNo": "343920197901292715",
    "contactCrtType": 1,
    "contactEmail": "rc6f4TArQNk8d4sD@qaqseq.com",
    "contactName": "x4RZx6LMKxZjU6vswd4wzBBzStEJFq3v",
    "contactPhone": "14885190767",
    "createDate": null,
    "dataHostingContractFilePath": null,
    "dataHostingContractFileRid": null,
    "dataHostingOrg": null,
    "entGeneralId": null,
    "entInfoLicenses": [],
    "entInfoSerIndustrys": [],
    "entPrefix": "88.408.974812892",
    "escrowId": null,
    "escrowOrgName": null,
    "establishDate": null,
    "extDomain": null,
    "extIpAddr": null,
    "extWebName": null,
    "finalAuditMsg": null,
    "finalAuditStatus": null,
    "firstAuditMsg": null,
    "firstAuditStatus": null,
    "id": null,
    "idRegNaImp": null,
    "industry": [
        "A",
        "01"
    ],
    "industryCategory": "A",
    "industrySpecific": "01",
    "isSubmit": 0,
    "legalCrtBackImgContent": null,
    "legalCrtBackImgPath": null,
    "legalCrtBackImgRid": 2907,
    "legalCrtFrontImgContent": null,
    "legalCrtFrontImgPath": null,
    "legalCrtFrontImgRid": 2906,
    "legalCrtNo": "343920197901292715",
    "legalCrtType": "1",
    "legalCrtTypeDesc": "中国居民身份证",
    "legalEmail": null,
    "legalFax": null,
    "legalName": "张三",
    "legalPhone": null,
    "orgAddr": "致真",
    "orgAddrCity": "110100",
    "orgAddrCityDesc": "市辖区",
    "orgAddrCounty": "110101",
    "orgAddrCountyDesc": "东城区",
    "orgAddrProvince": "110000",
    "orgAddrProvinceDesc": "北京市",
    "orgCategorySpecificDesc": "农、林、牧、渔业-农业",
    "orgCrtCode": "x4RZx6LMKxZjU6vswd4wzBBzStEJFq3v",
    "orgCrtImgContent": null,
    "orgCrtImgPath": null,
    "orgCrtImgRid": 2905,
    "orgCrtType": "1",
    "orgDesc": null,
    "orgName": "x4RZx6LMKxZjU6vswd4wzBBzStEJFq3v",
    "orgNature": "1",
    "orgNatureDesc": "国有控股",
    "periodValidity": null,
    "regAuthority": null,
    "regCapital": null,
    "regRealNaImpName": null,
    "regRealNaImpType": null,
    "servHostingContractFilePath": null,
    "servHostingContractFileRid": null,
    "servHostingOrg": null,
    "servSysBuildContractFilePath": null,
    "servSysBuildContractFileRid": null,
    "servSysBuildName": null,
    "servSysBuildType": 1,
    "servSysOperContractFilePath": null,
    "servSysOperContractFileRid": null,
    "servSysOperName": null,
    "servSysOperType": 1,
    "svtrid": null,
    "thirdServiceMsg": null,
    "thirdServiceStatus": null,
    "updateDate": null,
    "userId": null,
    "userName": null,
    "website": null
}

2023-06-26 10:31:59.658 | DEBUG    | httprunner.client:log_print:40 - 
================== response details ==================
status_code : 200
headers  : {
    "Server": "nginx",
    "Date": "Mon, 26 Jun 2023 02:31:59 GMT",
    "Content-Type": "application/json;charset=UTF-8",
    "Transfer-Encoding": "chunked",
    "X-Frame-Options": "SAMEORIGIN",
    "Connection": "keep-alive"
}
cookies  : {}
encoding : UTF-8
content_type : application/json;charset=UTF-8
body     : {
    "message": "success",
    "status": 1,
    "data": true
}

2023-06-26 10:31:59.659 | INFO     | httprunner.client:request:217 - status_code: 200, response_time(ms): 318.61 ms, response_length: 0 bytes
2023-06-26 10:31:59.659 | INFO     | httprunner.response:validate:249 - assert status_code equal 200(int)	==> pass
2023-06-26 10:31:59.659 | INFO     | httprunner.response:validate:249 - assert body.message equal success(str)	==> pass
2023-06-26 10:31:59.659 | INFO     | httprunner.runner:__run_step:304 - run step end: 企业注册第一步提交信息 <<<<<<

2023-06-26 10:31:59.660 | INFO     | httprunner.runner:__run_step:304 - run step end: 企业注册第一步提交信息 <<<<<<

2023-06-26 10:31:59.660 | INFO     | httprunner.runner:__run_step:292 - run step begin: 企业注册查询注册信息 >>>>>>
2023-06-26 10:31:59.661 | INFO     | httprunner.runner:__run_step:292 - run step begin: 企业注册查询注册信息 >>>>>>
2023-06-26 10:31:59.732 | DEBUG    | httprunner.client:request:186 - client IP: 127.0.0.1, Port: 50540
2023-06-26 10:31:59.733 | DEBUG    | httprunner.client:request:194 - server IP: 127.0.0.1, Port: 8888
2023-06-26 10:31:59.734 | DEBUG    | httprunner.client:log_print:40 - 
================== request details ==================
method   : GET
url      : http://139.198.116.76:8000/api/v3/entApply/applyOrNot
headers  : {
    "User-Agent": "Mozilla/5.0 (Macintosh; Intel Mac OS X 10_15_7) AppleWebKit/537.36 (KHTML, like Gecko) Chrome/105.0.0.0 Safari/537.36",
    "Accept-Encoding": "gzip, deflate",
    "Accept": "application/json, text/plain, */*",
    "Connection": "keep-alive",
    "Accept-Language": "zh-CN,zh;q=0.9",
    "HRUN-Request-ID": "HRUN-316cd1b4-79a3-43c0-81ea-8ba0747fb7e2-719661",
    "Cookie": "SESSION=MDdiNmYxY2ItODU3OS00ODNlLTg0ZGYtZmYzMzhmYzE1NzRl; SESSION=response.headers.\"Set-Cookie\".session"
}
cookies  : {
    "SESSION": "MDdiNmYxY2ItODU3OS00ODNlLTg0ZGYtZmYzMzhmYzE1NzRl"
}
body     : None

2023-06-26 10:31:59.735 | DEBUG    | httprunner.client:log_print:40 - 
================== response details ==================
status_code : 200
headers  : {
    "Server": "nginx",
    "Date": "Mon, 26 Jun 2023 02:31:59 GMT",
    "Content-Type": "application/json;charset=UTF-8",
    "Transfer-Encoding": "chunked",
    "X-Frame-Options": "SAMEORIGIN",
    "Connection": "keep-alive"
}
cookies  : {}
encoding : UTF-8
content_type : application/json;charset=UTF-8
body     : {
    "message": "success",
    "status": 1,
    "data": {
        "nbmsEntApplyPO": {
            "id": 1443,
            "createDate": "2023-06-26 10:32:00",
            "updateDate": "2023-06-26 10:32:00",
            "applyType": null,
            "entGeneralId": null,
            "applyStep": 2,
            "isSubmit": 0,
            "entPrefix": "88.408.974812892",
            "firstAuditStatus": null,
            "firstAuditMsg": null,
            "thirdServiceStatus": null,
            "thirdServiceMsg": null,
            "userName": "x4RZx6LMKxZjU6vswd4wzBBzStEJFq3v",
            "finalAuditStatus": null,
            "finalAuditMsg": null,
            "svtrid": null,
            "cltrid": null,
            "userId": 1677,
            "orgName": "x4RZx6LMKxZjU6vswd4wzBBzStEJFq3v",
            "orgNature": "1",
            "orgAddrProvince": "110000",
            "orgAddrCity": "110100",
            "orgAddrCounty": "110101",
            "orgAddr": "致真",
            "orgCrtType": "1",
            "orgCrtCode": "x4RZx6LMKxZjU6vswd4wzBBzStEJFq3v",
            "legalName": "张三",
            "legalCrtType": "1",
            "legalCrtNo": "343920197901292715",
            "orgDesc": null,
            "industryCategory": "A",
            "industrySpecific": "01",
            "contactName": "x4RZx6LMKxZjU6vswd4wzBBzStEJFq3v",
            "contactPhone": "14885190767",
            "contactCrtType": 1,
            "contactCrtNo": "343920197901292715",
            "contactEmail": "rc6f4TArQNk8d4sD@qaqseq.com",
            "website": null,
            "regAuthority": null,
            "regCapital": null,
            "establishDate": null,
            "periodValidity": null,
            "legalEmail": null,
            "legalPhone": null,
            "legalFax": null,
            "servSysBuildType": null,
            "servSysBuildName": null,
            "servSysOperType": null,
            "servSysOperName": null,
            "dataHostingOrg": null,
            "servHostingOrg": null,
            "regRealNaImpType": null,
            "regRealNaImpName": null,
            "idRegNaImp": null,
            "extWebName": null,
            "extDomain": null,
            "extIpAddr": null,
            "orgCrtImgRid": 2905,
            "contactCrtFrontImgRid": 2906,
            "contactCrtBackImgRid": 2907,
            "legalCrtFrontImgRid": 2906,
            "legalCrtBackImgRid": 2907,
            "servSysBuildContractFileRid": null,
            "servSysOperContractFileRid": null,
            "dataHostingContractFileRid": null,
            "servHostingContractFileRid": null,
            "entInfoLicenses": [],
            "entInfoSyss": [],
            "entInfoSerIndustrys": [],
            "escrowId": null,
            "industryQualificationRid": null,
            "certificationRid": null,
            "openingBank": null,
            "bankCard": null,
            "verificationName": null,
            "orgNatureDesc": "国有控股",
            "orgCrtImgContent": null,
            "orgCategorySpecificDesc": "农、林、牧、渔业-农业",
            "orgAddrProvinceDesc": "北京市",
            "orgAddrCountyDesc": "东城区",
            "orgAddrCityDesc": "市辖区",
            "legalCrtTypeDesc": "中国居民身份证",
            "legalCrtFrontImgContent": null,
            "legalCrtBackImgContent": null,
            "orgCrtImgPath": "f330eae0-0b74-490c-a5da-b9eb9e0f0de5.jpeg",
            "contactCrtFrontImgPath": "d423af78-2e34-4c51-89b1-1086e2965ea7.jpeg",
            "contactCrtBackImgPath": "0283d9f7-7eb2-4c29-8623-b6be87a5d20c.jpeg",
            "legalCrtFrontImgPath": "d423af78-2e34-4c51-89b1-1086e2965ea7.jpeg",
            "legalCrtBackImgPath": "0283d9f7-7eb2-4c29-8623-b6be87a5d20c.jpeg",
            "servSysBuildContractFilePath": null,
            "servSysOperContractFilePath": null,
            "dataHostingContractFilePath": null,
            "servHostingContractFilePath": null,
            "industryQualificationFilePath": null,
            "certificationFilePath": null,
            "escrowOrgName": null
        },
        "nbmsEntPO": null,
        "nbmsEntPrefixApplyPO": null,
        "needRelog": null,
        "applyStatus": 0
    }
}

2023-06-26 10:31:59.735 | INFO     | httprunner.client:request:217 - status_code: 200, response_time(ms): 71.42 ms, response_length: 0 bytes
2023-06-26 10:31:59.739 | INFO     | httprunner.response:extract:179 - extract mapping: {'applyId': 1443, 'userId': 1677, 'userName': 'x4RZx6LMKxZjU6vswd4wzBBzStEJFq3v', 'imgId_f': 2906, 'imgId_b': 2907, 'entId': None, 'entUserId': None, 'prefix': '88.408.974812892', 'contactCrtNo': '343920197901292715', 'contactCrtType': 1, 'contactEmail': 'rc6f4TArQNk8d4sD@qaqseq.com', 'contactName': 'x4RZx6LMKxZjU6vswd4wzBBzStEJFq3v', 'contactPhone': '14885190767', 'industryCategory': 'A', 'industrySpecific': '01', 'orgName': 'x4RZx6LMKxZjU6vswd4wzBBzStEJFq3v', 'orgNature': '1', 'orgAddrProvince': '110000', 'orgAddrCity': '110100', 'orgAddrCounty': '110101', 'orgAddr': '致真', 'orgCrtType': '1', 'orgCrtCode': 'x4RZx6LMKxZjU6vswd4wzBBzStEJFq3v', 'legalName': '张三', 'legalEmail': None, 'legalPhone': None, 'legalCrtType': '1', 'legalCrtNo': '343920197901292715', 'legalCrtFrontImgRid': 2906, 'legalCrtBackImgRid': 2907, 'orgCrtImgRid': 2905, 'imgId': 2905, 'orgNatureDesc': '国有控股', 'orgCategorySpecificDesc': '农、林、牧、渔业-农业', 'orgAddrProvinceDesc': '北京市', 'orgAddrCountyDesc': '东城区', 'orgAddrCityDesc': '市辖区', 'legalCrtTypeDesc': '中国居民身份证', 'createDate': '2023-06-26 10:32:00', 'updateDate': '2023-06-26 10:32:00', 'entInfoSyss_0_id': None, 'entInfoSyss_0_entApplyId': None, 'entApplyId': None, 'entInfoSyss_0_sysType': None, 'entInfoSyss_0_deployMode': None, 'entInfoSyss_0_deployAddr': None, 'entInfoSyss_0_deployAddrProvince': None, 'entInfoSyss_0_deployAddrCity': None, 'entInfoSyss_0_deployAddrCounty': None, 'entInfoSyss_1_id': None, 'entInfoSyss_1_entApplyId': None, 'entInfoSyss_1_sysType': None, 'entInfoSyss_1_deployMode': None, 'entInfoSyss_1_deployAddr': None, 'entInfoSyss_1_deployAddrProvince': None, 'entInfoSyss_1_deployAddrCity': None, 'entInfoSyss_1_deployAddrCounty': None, 'entInfoSyss_2_id': None, 'entInfoSyss_2_entApplyId': None, 'entInfoSyss_2_sysType': None, 'entInfoSyss_2_deployMode': None, 'entInfoSyss_2_deployAddr': None, 'entInfoSyss_2_deployAddrProvince': None, 'entInfoSyss_2_deployAddrCity': None, 'entInfoSyss_2_deployAddrCounty': None, 'entInfoSyss_3_id': None, 'entInfoSyss_3_entApplyId': None, 'entInfoSyss_3_sysType': None, 'entInfoSyss_3_deployMode': None, 'entInfoSyss_3_deployAddr': None, 'entInfoSyss_3_deployAddrProvince': None, 'entInfoSyss_3_deployAddrCity': None, 'entInfoSyss_3_deployAddrCounty': None}
2023-06-26 10:31:59.739 | INFO     | httprunner.response:validate:249 - assert status_code equal 200(int)	==> pass
2023-06-26 10:31:59.739 | INFO     | httprunner.response:validate:249 - assert body.message equal success(str)	==> pass
2023-06-26 10:31:59.739 | INFO     | httprunner.runner:__run_step:304 - run step end: 企业注册查询注册信息 <<<<<<

2023-06-26 10:31:59.739 | INFO     | httprunner.runner:__run_step_testcase:286 - export variables: {'orgName': 'x4RZx6LMKxZjU6vswd4wzBBzStEJFq3v', 'orgAddrCity': '110100', 'entInfoSyss_3_deployAddrCounty': None, 'entInfoSyss_0_entApplyId': None, 'legalCrtTypeDesc': '中国居民身份证', 'entInfoSyss_0_deployAddrCity': None, 'orgCrtImgRid': 2905, 'industrySpecific': '01', 'entInfoSyss_3_id': None, 'legalCrtFrontImgRid': 2906, 'entInfoSyss_2_deployAddrProvince': None, 'orgNature': '1', 'legalCrtNo': '343920197901292715', 'orgNatureDesc': '国有控股', 'orgCategorySpecificDesc': '农、林、牧、渔业-农业', 'entInfoSyss_3_deployAddr': None, 'contactEmail': 'rc6f4TArQNk8d4sD@qaqseq.com', 'updateDate': '2023-06-26 10:32:00', 'entInfoSyss_0_deployAddrProvince': None, 'entId': None, 'orgCrtType': '1', 'entInfoSyss_1_deployMode': None, 'entInfoSyss_2_id': None, 'orgAddr': '致真', 'entInfoSyss_2_entApplyId': None, 'legalEmail': None, 'entInfoSyss_3_entApplyId': None, 'entInfoSyss_3_sysType': None, 'legalCrtBackImgRid': 2907, 'prefix': '88.408.974812892', 'legalCrtType': '1', 'entInfoSyss_2_deployAddrCity': None, 'entInfoSyss_1_entApplyId': None, 'entInfoSyss_1_deployAddrProvince': None, 'entInfoSyss_0_id': None, 'entInfoSyss_2_deployAddrCounty': None, 'contactName': 'x4RZx6LMKxZjU6vswd4wzBBzStEJFq3v', 'orgAddrCityDesc': '市辖区', 'imgId_b': 2907, 'legalName': '张三', 'entApplyId': None, 'orgAddrCountyDesc': '东城区', 'entInfoSyss_2_deployAddr': None, 'createDate': '2023-06-26 10:32:00', 'userName': 'x4RZx6LMKxZjU6vswd4wzBBzStEJFq3v', 'industryCategory': 'A', 'entInfoSyss_0_deployMode': None, 'entInfoSyss_3_deployMode': None, 'imgId_f': 2906, 'entInfoSyss_0_deployAddrCounty': None, 'orgCrtCode': 'x4RZx6LMKxZjU6vswd4wzBBzStEJFq3v', 'entInfoSyss_2_deployMode': None, 'applyId': 1443, 'entInfoSyss_1_deployAddr': None, 'entInfoSyss_1_deployAddrCity': None, 'imgId': 2905, 'entInfoSyss_1_deployAddrCounty': None, 'entInfoSyss_3_deployAddrProvince': None, 'entInfoSyss_3_deployAddrCity': None, 'entUserId': None, 'entInfoSyss_2_sysType': None, 'entInfoSyss_0_sysType': None, 'contactCrtType': 1, 'contactCrtNo': '343920197901292715', 'entInfoSyss_1_id': None, 'entInfoSyss_0_deployAddr': None, 'legalPhone': None, 'contactPhone': '14885190767', 'entInfoSyss_1_sysType': None, 'userId': 1677, 'orgAddrCounty': '110101', 'orgAddrProvinceDesc': '北京市', 'orgAddrProvince': '110000'}
2023-06-26 10:31:59.739 | INFO     | httprunner.runner:__run_step:304 - run step end: 企业注册查询注册信息 <<<<<<

2023-06-26 10:31:59.740 | INFO     | httprunner.runner:__run_step:292 - run step begin: 企业注册第二步提交信息 >>>>>>
2023-06-26 10:31:59.740 | INFO     | httprunner.runner:__run_step:292 - run step begin: 企业注册第二步提交信息 >>>>>>
2023-06-26 10:31:59.884 | DEBUG    | httprunner.client:request:186 - client IP: 127.0.0.1, Port: 50540
2023-06-26 10:31:59.885 | DEBUG    | httprunner.client:request:194 - server IP: 127.0.0.1, Port: 8888
2023-06-26 10:31:59.887 | DEBUG    | httprunner.client:log_print:40 - 
================== request details ==================
method   : POST
url      : http://139.198.116.76:8000/api/v3/entApply/registerManageInfo
headers  : {
    "User-Agent": "Mozilla/5.0 (Macintosh; Intel Mac OS X 10_15_7) AppleWebKit/537.36 (KHTML, like Gecko) Chrome/105.0.0.0 Safari/537.36",
    "Accept-Encoding": "gzip, deflate",
    "Accept": "application/json, text/plain, */*",
    "Connection": "keep-alive",
    "Accept-Language": "zh-CN,zh;q=0.9",
    "Content-Type": "application/json;charset=UTF-8",
    "X-HTTP-Method-Override": "put",
    "HRUN-Request-ID": "HRUN-316cd1b4-79a3-43c0-81ea-8ba0747fb7e2-719740",
    "Cookie": "SESSION=MDdiNmYxY2ItODU3OS00ODNlLTg0ZGYtZmYzMzhmYzE1NzRl; SESSION=response.headers.\"Set-Cookie\".session",
    "Content-Length": "3279"
}
cookies  : {
    "SESSION": "MDdiNmYxY2ItODU3OS00ODNlLTg0ZGYtZmYzMzhmYzE1NzRl"
}
body     : {
    "applyStep": 3,
    "applyType": null,
    "cltrid": null,
    "contactCrtBackImgPath": null,
    "contactCrtBackImgRid": 2907,
    "contactCrtFrontImgPath": null,
    "contactCrtFrontImgRid": 2906,
    "contactCrtNo": "343920197901292715",
    "contactCrtType": 1,
    "contactEmail": "rc6f4TArQNk8d4sD@qaqseq.com",
    "contactName": "x4RZx6LMKxZjU6vswd4wzBBzStEJFq3v",
    "contactPhone": "14885190767",
    "createDate": "2023-06-26 10:32:00",
    "dataHostingContractFilePath": null,
    "dataHostingContractFileRid": null,
    "dataHostingOrg": null,
    "entGeneralId": null,
    "entInfoLicenses": [],
    "entInfoSerIndustrys": [],
    "entInfoSyss": [
        {
            "deployAddr": "致真",
            "deployAddrCity": "110100",
            "deployAddrCounty": "110101",
            "deployAddrProvince": "110000",
            "deployMode": 1,
            "ipPort": null,
            "name": null,
            "sysType": 1
        },
        {
            "deployAddr": "致真",
            "deployAddrCity": "110100",
            "deployAddrCounty": "110101",
            "deployAddrProvince": "110000",
            "deployMode": 1,
            "ipPort": null,
            "name": null,
            "sysType": 2
        },
        {
            "deployAddr": "天津",
            "deployAddrCity": "120100",
            "deployAddrCounty": "120101",
            "deployAddrProvince": "120000",
            "deployMode": 1,
            "ipPort": null,
            "name": null,
            "sysType": 3
        },
        {
            "deployAddr": "天津",
            "deployAddrCity": "120100",
            "deployAddrCounty": "120101",
            "deployAddrProvince": "120000",
            "deployMode": 1,
            "ipPort": null,
            "name": null,
            "sysType": 4
        }
    ],
    "entPrefix": "88.408.974812892",
    "escrowId": null,
    "escrowOrgName": null,
    "establishDate": null,
    "extDomain": null,
    "extIpAddr": null,
    "extWebName": null,
    "finalAuditMsg": null,
    "finalAuditStatus": null,
    "firstAuditMsg": null,
    "firstAuditStatus": null,
    "id": 1443,
    "idRegNaImp": null,
    "industryCategory": "A",
    "industrySpecific": "01",
    "isSubmit": 0,
    "legalCrtBackImgContent": null,
    "legalCrtBackImgPath": null,
    "legalCrtBackImgRid": 2907,
    "legalCrtFrontImgContent": null,
    "legalCrtFrontImgPath": null,
    "legalCrtFrontImgRid": 2906,
    "legalCrtNo": "343920197901292715",
    "legalCrtType": "1",
    "legalCrtTypeDesc": "中国居民身份证",
    "legalEmail": null,
    "legalFax": null,
    "legalName": "张三",
    "legalPhone": null,
    "orgAddr": "致真",
    "orgAddrCity": "110100",
    "orgAddrCityDesc": "市辖区",
    "orgAddrCounty": "110101",
    "orgAddrCountyDesc": "东城区",
    "orgAddrProvince": "110000",
    "orgAddrProvinceDesc": "北京市",
    "orgCategorySpecificDesc": "农、林、牧、渔业-农业",
    "orgCrtCode": "x4RZx6LMKxZjU6vswd4wzBBzStEJFq3v",
    "orgCrtImgContent": null,
    "orgCrtImgPath": null,
    "orgCrtImgRid": 2905,
    "orgCrtType": "1",
    "orgDesc": null,
    "orgName": "x4RZx6LMKxZjU6vswd4wzBBzStEJFq3v",
    "orgNature": "1",
    "orgNatureDesc": "1",
    "periodValidity": null,
    "regAuthority": null,
    "regCapital": null,
    "regRealNaImpName": null,
    "regRealNaImpType": null,
    "servHostingContractFilePath": null,
    "servHostingContractFileRid": null,
    "servHostingOrg": null,
    "servSysBuildContractFilePath": null,
    "servSysBuildContractFileRid": null,
    "servSysBuildName": null,
    "servSysBuildType": 1,
    "servSysOperContractFilePath": null,
    "servSysOperContractFileRid": null,
    "servSysOperName": null,
    "servSysOperType": 1,
    "svtrid": null,
    "thirdServiceMsg": null,
    "thirdServiceStatus": null,
    "updateDate": "2023-06-26 10:32:00",
    "userId": 1677,
    "userName": "x4RZx6LMKxZjU6vswd4wzBBzStEJFq3v",
    "website": null
}

2023-06-26 10:31:59.888 | DEBUG    | httprunner.client:log_print:40 - 
================== response details ==================
status_code : 200
headers  : {
    "Server": "nginx",
    "Date": "Mon, 26 Jun 2023 02:31:59 GMT",
    "Content-Type": "application/json;charset=UTF-8",
    "Transfer-Encoding": "chunked",
    "X-Frame-Options": "SAMEORIGIN",
    "Connection": "keep-alive"
}
cookies  : {}
encoding : UTF-8
content_type : application/json;charset=UTF-8
body     : {
    "message": "success",
    "status": 1,
    "data": true
}

2023-06-26 10:31:59.888 | INFO     | httprunner.client:request:217 - status_code: 200, response_time(ms): 143.84 ms, response_length: 0 bytes
2023-06-26 10:31:59.888 | INFO     | httprunner.response:validate:249 - assert status_code equal 200(int)	==> pass
2023-06-26 10:31:59.888 | INFO     | httprunner.response:validate:249 - assert body.message equal success(str)	==> pass
2023-06-26 10:31:59.888 | INFO     | httprunner.runner:__run_step:304 - run step end: 企业注册第二步提交信息 <<<<<<

2023-06-26 10:31:59.888 | INFO     | httprunner.runner:__run_step:304 - run step end: 企业注册第二步提交信息 <<<<<<

2023-06-26 10:31:59.888 | INFO     | httprunner.runner:__run_step:292 - run step begin: 企业注册查询注册信息 >>>>>>
2023-06-26 10:31:59.889 | INFO     | httprunner.runner:__run_step:292 - run step begin: 企业注册查询注册信息 >>>>>>
2023-06-26 10:31:59.965 | DEBUG    | httprunner.client:request:186 - client IP: 127.0.0.1, Port: 50540
2023-06-26 10:31:59.966 | DEBUG    | httprunner.client:request:194 - server IP: 127.0.0.1, Port: 8888
2023-06-26 10:31:59.966 | DEBUG    | httprunner.client:log_print:40 - 
================== request details ==================
method   : GET
url      : http://139.198.116.76:8000/api/v3/entApply/applyOrNot
headers  : {
    "User-Agent": "Mozilla/5.0 (Macintosh; Intel Mac OS X 10_15_7) AppleWebKit/537.36 (KHTML, like Gecko) Chrome/105.0.0.0 Safari/537.36",
    "Accept-Encoding": "gzip, deflate",
    "Accept": "application/json, text/plain, */*",
    "Connection": "keep-alive",
    "Accept-Language": "zh-CN,zh;q=0.9",
    "HRUN-Request-ID": "HRUN-316cd1b4-79a3-43c0-81ea-8ba0747fb7e2-719889",
    "Cookie": "SESSION=MDdiNmYxY2ItODU3OS00ODNlLTg0ZGYtZmYzMzhmYzE1NzRl; SESSION=response.headers.\"Set-Cookie\".session"
}
cookies  : {
    "SESSION": "MDdiNmYxY2ItODU3OS00ODNlLTg0ZGYtZmYzMzhmYzE1NzRl"
}
body     : None

2023-06-26 10:32:00.105 | DEBUG    | httprunner.client:log_print:40 - 
================== response details ==================
status_code : 200
headers  : {
    "Server": "nginx",
    "Date": "Mon, 26 Jun 2023 02:32:00 GMT",
    "Content-Type": "application/json;charset=UTF-8",
    "Transfer-Encoding": "chunked",
    "X-Frame-Options": "SAMEORIGIN",
    "Connection": "keep-alive"
}
cookies  : {}
encoding : UTF-8
content_type : application/json;charset=UTF-8
body     : {
    "message": "success",
    "status": 1,
    "data": {
        "nbmsEntApplyPO": {
            "id": 1443,
            "createDate": "2023-06-26 10:32:00",
            "updateDate": "2023-06-26 10:32:00",
            "applyType": null,
            "entGeneralId": null,
            "applyStep": 3,
            "isSubmit": 0,
            "entPrefix": "88.408.974812892",
            "firstAuditStatus": null,
            "firstAuditMsg": null,
            "thirdServiceStatus": null,
            "thirdServiceMsg": null,
            "userName": "x4RZx6LMKxZjU6vswd4wzBBzStEJFq3v",
            "finalAuditStatus": null,
            "finalAuditMsg": null,
            "svtrid": null,
            "cltrid": null,
            "userId": 1677,
            "orgName": "x4RZx6LMKxZjU6vswd4wzBBzStEJFq3v",
            "orgNature": "1",
            "orgAddrProvince": "110000",
            "orgAddrCity": "110100",
            "orgAddrCounty": "110101",
            "orgAddr": "致真",
            "orgCrtType": "1",
            "orgCrtCode": "x4RZx6LMKxZjU6vswd4wzBBzStEJFq3v",
            "legalName": "张三",
            "legalCrtType": "1",
            "legalCrtNo": "343920197901292715",
            "orgDesc": null,
            "industryCategory": "A",
            "industrySpecific": "01",
            "contactName": "x4RZx6LMKxZjU6vswd4wzBBzStEJFq3v",
            "contactPhone": "14885190767",
            "contactCrtType": 1,
            "contactCrtNo": "343920197901292715",
            "contactEmail": "rc6f4TArQNk8d4sD@qaqseq.com",
            "website": null,
            "regAuthority": null,
            "regCapital": null,
            "establishDate": null,
            "periodValidity": null,
            "legalEmail": null,
            "legalPhone": null,
            "legalFax": null,
            "servSysBuildType": 1,
            "servSysBuildName": null,
            "servSysOperType": 1,
            "servSysOperName": null,
            "dataHostingOrg": null,
            "servHostingOrg": null,
            "regRealNaImpType": null,
            "regRealNaImpName": null,
            "idRegNaImp": null,
            "extWebName": null,
            "extDomain": null,
            "extIpAddr": null,
            "orgCrtImgRid": 2905,
            "contactCrtFrontImgRid": 2906,
            "contactCrtBackImgRid": 2907,
            "legalCrtFrontImgRid": 2906,
            "legalCrtBackImgRid": 2907,
            "servSysBuildContractFileRid": null,
            "servSysOperContractFileRid": null,
            "dataHostingContractFileRid": null,
            "servHostingContractFileRid": null,
            "entInfoLicenses": [],
            "entInfoSyss": [
                {
                    "id": 3632,
                    "entApplyId": 1443,
                    "sysType": 1,
                    "deployMode": 1,
                    "deployAddr": "致真",
                    "deployAddrProvince": "110000",
                    "deployAddrCity": "110100",
                    "deployAddrCounty": "110101",
                    "name": null,
                    "ipPort": null
                },
                {
                    "id": 3633,
                    "entApplyId": 1443,
                    "sysType": 2,
                    "deployMode": 1,
                    "deployAddr": "致真",
                    "deployAddrProvince": "110000",
                    "deployAddrCity": "110100",
                    "deployAddrCounty": "110101",
                    "name": null,
                    "ipPort": null
                },
                {
                    "id": 3634,
                    "entApplyId": 1443,
                    "sysType": 3,
                    "deployMode": 1,
                    "deployAddr": "天津",
                    "deployAddrProvince": "120000",
                    "deployAddrCity": "120100",
                    "deployAddrCounty": "120101",
                    "name": null,
                    "ipPort": null
                },
                {
                    "id": 3635,
                    "entApplyId": 1443,
                    "sysType": 4,
                    "deployMode": 1,
                    "deployAddr": "天津",
                    "deployAddrProvince": "120000",
                    "deployAddrCity": "120100",
                    "deployAddrCounty": "120101",
                    "name": null,
                    "ipPort": null
                }
            ],
            "entInfoSerIndustrys": [],
            "escrowId": null,
            "industryQualificationRid": null,
            "certificationRid": null,
            "openingBank": null,
            "bankCard": null,
            "verificationName": null,
            "orgNatureDesc": "国有控股",
            "orgCrtImgContent": null,
            "orgCategorySpecificDesc": "农、林、牧、渔业-农业",
            "orgAddrProvinceDesc": "北京市",
            "orgAddrCountyDesc": "东城区",
            "orgAddrCityDesc": "市辖区",
            "legalCrtTypeDesc": "中国居民身份证",
            "legalCrtFrontImgContent": null,
            "legalCrtBackImgContent": null,
            "orgCrtImgPath": "f330eae0-0b74-490c-a5da-b9eb9e0f0de5.jpeg",
            "contactCrtFrontImgPath": "d423af78-2e34-4c51-89b1-1086e2965ea7.jpeg",
            "contactCrtBackImgPath": "0283d9f7-7eb2-4c29-8623-b6be87a5d20c.jpeg",
            "legalCrtFrontImgPath": "d423af78-2e34-4c51-89b1-1086e2965ea7.jpeg",
            "legalCrtBackImgPath": "0283d9f7-7eb2-4c29-8623-b6be87a5d20c.jpeg",
            "servSysBuildContractFilePath": null,
            "servSysOperContractFilePath": null,
            "dataHostingContractFilePath": null,
            "servHostingContractFilePath": null,
            "industryQualificationFilePath": null,
            "certificationFilePath": null,
            "escrowOrgName": null
        },
        "nbmsEntPO": null,
        "nbmsEntPrefixApplyPO": null,
        "needRelog": null,
        "applyStatus": 0
    }
}

2023-06-26 10:32:00.105 | INFO     | httprunner.client:request:217 - status_code: 200, response_time(ms): 76.09 ms, response_length: 0 bytes
2023-06-26 10:32:00.107 | INFO     | httprunner.response:extract:179 - extract mapping: {'applyId': 1443, 'userId': 1677, 'userName': 'x4RZx6LMKxZjU6vswd4wzBBzStEJFq3v', 'imgId_f': 2906, 'imgId_b': 2907, 'entId': None, 'entUserId': None, 'prefix': '88.408.974812892', 'contactCrtNo': '343920197901292715', 'contactCrtType': 1, 'contactEmail': 'rc6f4TArQNk8d4sD@qaqseq.com', 'contactName': 'x4RZx6LMKxZjU6vswd4wzBBzStEJFq3v', 'contactPhone': '14885190767', 'industryCategory': 'A', 'industrySpecific': '01', 'orgName': 'x4RZx6LMKxZjU6vswd4wzBBzStEJFq3v', 'orgNature': '1', 'orgAddrProvince': '110000', 'orgAddrCity': '110100', 'orgAddrCounty': '110101', 'orgAddr': '致真', 'orgCrtType': '1', 'orgCrtCode': 'x4RZx6LMKxZjU6vswd4wzBBzStEJFq3v', 'legalName': '张三', 'legalEmail': None, 'legalPhone': None, 'legalCrtType': '1', 'legalCrtNo': '343920197901292715', 'legalCrtFrontImgRid': 2906, 'legalCrtBackImgRid': 2907, 'orgCrtImgRid': 2905, 'imgId': 2905, 'orgNatureDesc': '国有控股', 'orgCategorySpecificDesc': '农、林、牧、渔业-农业', 'orgAddrProvinceDesc': '北京市', 'orgAddrCountyDesc': '东城区', 'orgAddrCityDesc': '市辖区', 'legalCrtTypeDesc': '中国居民身份证', 'createDate': '2023-06-26 10:32:00', 'updateDate': '2023-06-26 10:32:00', 'entInfoSyss_0_id': 3632, 'entInfoSyss_0_entApplyId': 1443, 'entApplyId': 1443, 'entInfoSyss_0_sysType': 1, 'entInfoSyss_0_deployMode': 1, 'entInfoSyss_0_deployAddr': '致真', 'entInfoSyss_0_deployAddrProvince': '110000', 'entInfoSyss_0_deployAddrCity': '110100', 'entInfoSyss_0_deployAddrCounty': '110101', 'entInfoSyss_1_id': 3633, 'entInfoSyss_1_entApplyId': 1443, 'entInfoSyss_1_sysType': 2, 'entInfoSyss_1_deployMode': 1, 'entInfoSyss_1_deployAddr': '致真', 'entInfoSyss_1_deployAddrProvince': '110000', 'entInfoSyss_1_deployAddrCity': '110100', 'entInfoSyss_1_deployAddrCounty': '110101', 'entInfoSyss_2_id': 3634, 'entInfoSyss_2_entApplyId': 1443, 'entInfoSyss_2_sysType': 3, 'entInfoSyss_2_deployMode': 1, 'entInfoSyss_2_deployAddr': '天津', 'entInfoSyss_2_deployAddrProvince': '120000', 'entInfoSyss_2_deployAddrCity': '120100', 'entInfoSyss_2_deployAddrCounty': '120101', 'entInfoSyss_3_id': 3635, 'entInfoSyss_3_entApplyId': 1443, 'entInfoSyss_3_sysType': 4, 'entInfoSyss_3_deployMode': 1, 'entInfoSyss_3_deployAddr': '天津', 'entInfoSyss_3_deployAddrProvince': '120000', 'entInfoSyss_3_deployAddrCity': '120100', 'entInfoSyss_3_deployAddrCounty': '120101'}
2023-06-26 10:32:00.108 | INFO     | httprunner.response:validate:249 - assert status_code equal 200(int)	==> pass
2023-06-26 10:32:00.108 | INFO     | httprunner.response:validate:249 - assert body.message equal success(str)	==> pass
2023-06-26 10:32:00.108 | INFO     | httprunner.runner:__run_step:304 - run step end: 企业注册查询注册信息 <<<<<<

2023-06-26 10:32:00.108 | INFO     | httprunner.runner:__run_step_testcase:286 - export variables: {'orgName': 'x4RZx6LMKxZjU6vswd4wzBBzStEJFq3v', 'orgAddrCity': '110100', 'entInfoSyss_3_deployAddrCounty': '120101', 'entInfoSyss_0_entApplyId': 1443, 'legalCrtTypeDesc': '中国居民身份证', 'entInfoSyss_0_deployAddrCity': '110100', 'orgCrtImgRid': 2905, 'industrySpecific': '01', 'entInfoSyss_3_id': 3635, 'legalCrtFrontImgRid': 2906, 'entInfoSyss_2_deployAddrProvince': '120000', 'orgNature': '1', 'legalCrtNo': '343920197901292715', 'orgNatureDesc': '国有控股', 'orgCategorySpecificDesc': '农、林、牧、渔业-农业', 'entInfoSyss_3_deployAddr': '天津', 'contactEmail': 'rc6f4TArQNk8d4sD@qaqseq.com', 'updateDate': '2023-06-26 10:32:00', 'entInfoSyss_0_deployAddrProvince': '110000', 'entId': None, 'orgCrtType': '1', 'entInfoSyss_1_deployMode': 1, 'entInfoSyss_2_id': 3634, 'orgAddr': '致真', 'entInfoSyss_2_entApplyId': 1443, 'legalEmail': None, 'entInfoSyss_3_entApplyId': 1443, 'entInfoSyss_3_sysType': 4, 'legalCrtBackImgRid': 2907, 'prefix': '88.408.974812892', 'legalCrtType': '1', 'entInfoSyss_2_deployAddrCity': '120100', 'entInfoSyss_1_entApplyId': 1443, 'entInfoSyss_1_deployAddrProvince': '110000', 'entInfoSyss_0_id': 3632, 'entInfoSyss_2_deployAddrCounty': '120101', 'contactName': 'x4RZx6LMKxZjU6vswd4wzBBzStEJFq3v', 'orgAddrCityDesc': '市辖区', 'imgId_b': 2907, 'legalName': '张三', 'entApplyId': 1443, 'orgAddrCountyDesc': '东城区', 'entInfoSyss_2_deployAddr': '天津', 'createDate': '2023-06-26 10:32:00', 'userName': 'x4RZx6LMKxZjU6vswd4wzBBzStEJFq3v', 'industryCategory': 'A', 'entInfoSyss_0_deployMode': 1, 'entInfoSyss_3_deployMode': 1, 'imgId_f': 2906, 'entInfoSyss_0_deployAddrCounty': '110101', 'orgCrtCode': 'x4RZx6LMKxZjU6vswd4wzBBzStEJFq3v', 'entInfoSyss_2_deployMode': 1, 'applyId': 1443, 'entInfoSyss_1_deployAddr': '致真', 'entInfoSyss_1_deployAddrCity': '110100', 'imgId': 2905, 'entInfoSyss_1_deployAddrCounty': '110101', 'entInfoSyss_3_deployAddrProvince': '120000', 'entInfoSyss_3_deployAddrCity': '120100', 'entUserId': None, 'entInfoSyss_2_sysType': 3, 'entInfoSyss_0_sysType': 1, 'contactCrtType': 1, 'contactCrtNo': '343920197901292715', 'entInfoSyss_1_id': 3633, 'entInfoSyss_0_deployAddr': '致真', 'legalPhone': None, 'contactPhone': '14885190767', 'entInfoSyss_1_sysType': 2, 'userId': 1677, 'orgAddrCounty': '110101', 'orgAddrProvinceDesc': '北京市', 'orgAddrProvince': '110000'}
2023-06-26 10:32:00.108 | INFO     | httprunner.runner:__run_step:304 - run step end: 企业注册查询注册信息 <<<<<<

2023-06-26 10:32:00.108 | INFO     | httprunner.runner:__run_step:292 - run step begin: 企业注册最终第三步提交信息 >>>>>>
2023-06-26 10:32:00.108 | INFO     | httprunner.runner:__run_step:292 - run step begin: 企业注册最终第三步提交信息 >>>>>>
2023-06-26 10:32:00.356 | DEBUG    | httprunner.client:request:186 - client IP: 127.0.0.1, Port: 50540
2023-06-26 10:32:00.356 | DEBUG    | httprunner.client:request:194 - server IP: 127.0.0.1, Port: 8888
2023-06-26 10:32:00.358 | DEBUG    | httprunner.client:log_print:40 - 
================== request details ==================
method   : POST
url      : http://139.198.116.76:8000/api/v3/entApply/apply
headers  : {
    "User-Agent": "Mozilla/5.0 (Macintosh; Intel Mac OS X 10_15_7) AppleWebKit/537.36 (KHTML, like Gecko) Chrome/105.0.0.0 Safari/537.36",
    "Accept-Encoding": "gzip, deflate",
    "Accept": "application/json, text/plain, */*",
    "Connection": "keep-alive",
    "Accept-Language": "zh-CN,zh;q=0.9",
    "Content-Type": "application/json;charset=UTF-8",
    "HRUN-Request-ID": "HRUN-316cd1b4-79a3-43c0-81ea-8ba0747fb7e2-720109",
    "Cookie": "SESSION=MDdiNmYxY2ItODU3OS00ODNlLTg0ZGYtZmYzMzhmYzE1NzRl; SESSION=response.headers.\"Set-Cookie\".session",
    "Content-Length": "3279"
}
cookies  : {
    "SESSION": "MDdiNmYxY2ItODU3OS00ODNlLTg0ZGYtZmYzMzhmYzE1NzRl"
}
body     : {
    "applyStep": 4,
    "applyType": null,
    "cltrid": null,
    "contactCrtBackImgPath": null,
    "contactCrtBackImgRid": 2907,
    "contactCrtFrontImgPath": null,
    "contactCrtFrontImgRid": 2906,
    "contactCrtNo": "343920197901292715",
    "contactCrtType": 1,
    "contactEmail": "rc6f4TArQNk8d4sD@qaqseq.com",
    "contactName": "x4RZx6LMKxZjU6vswd4wzBBzStEJFq3v",
    "contactPhone": "14885190767",
    "createDate": "2023-06-26 10:32:00",
    "dataHostingContractFilePath": null,
    "dataHostingContractFileRid": null,
    "dataHostingOrg": null,
    "entGeneralId": null,
    "entInfoLicenses": [],
    "entInfoSerIndustrys": [],
    "entInfoSyss": [
        {
            "deployAddr": "致真",
            "deployAddrCity": "110100",
            "deployAddrCounty": "110101",
            "deployAddrProvince": "110000",
            "deployMode": 1,
            "ipPort": null,
            "name": null,
            "sysType": 2
        },
        {
            "deployAddr": "致真",
            "deployAddrCity": "110100",
            "deployAddrCounty": "110101",
            "deployAddrProvince": "110000",
            "deployMode": 1,
            "ipPort": null,
            "name": null,
            "sysType": 3
        },
        {
            "deployAddr": "天津",
            "deployAddrCity": "120100",
            "deployAddrCounty": "120101",
            "deployAddrProvince": "120000",
            "deployMode": 1,
            "ipPort": null,
            "name": null,
            "sysType": 4
        },
        {
            "deployAddr": "天津",
            "deployAddrCity": "120100",
            "deployAddrCounty": "120101",
            "deployAddrProvince": "120000",
            "deployMode": 1,
            "ipPort": null,
            "name": null,
            "sysType": 4
        }
    ],
    "entPrefix": "88.408.974812892",
    "escrowId": null,
    "escrowOrgName": null,
    "establishDate": null,
    "extDomain": null,
    "extIpAddr": null,
    "extWebName": null,
    "finalAuditMsg": null,
    "finalAuditStatus": null,
    "firstAuditMsg": null,
    "firstAuditStatus": null,
    "id": 1443,
    "idRegNaImp": null,
    "industryCategory": "A",
    "industrySpecific": "01",
    "isSubmit": 0,
    "legalCrtBackImgContent": null,
    "legalCrtBackImgPath": null,
    "legalCrtBackImgRid": 2907,
    "legalCrtFrontImgContent": null,
    "legalCrtFrontImgPath": null,
    "legalCrtFrontImgRid": 2906,
    "legalCrtNo": "343920197901292715",
    "legalCrtType": "1",
    "legalCrtTypeDesc": "中国居民身份证",
    "legalEmail": null,
    "legalFax": null,
    "legalName": "张三",
    "legalPhone": null,
    "orgAddr": "致真",
    "orgAddrCity": "110100",
    "orgAddrCityDesc": "市辖区",
    "orgAddrCounty": "110101",
    "orgAddrCountyDesc": "东城区",
    "orgAddrProvince": "110000",
    "orgAddrProvinceDesc": "北京市",
    "orgCategorySpecificDesc": "农、林、牧、渔业-农业",
    "orgCrtCode": "x4RZx6LMKxZjU6vswd4wzBBzStEJFq3v",
    "orgCrtImgContent": null,
    "orgCrtImgPath": null,
    "orgCrtImgRid": 2905,
    "orgCrtType": "1",
    "orgDesc": null,
    "orgName": "x4RZx6LMKxZjU6vswd4wzBBzStEJFq3v",
    "orgNature": "1",
    "orgNatureDesc": "1",
    "periodValidity": null,
    "regAuthority": null,
    "regCapital": null,
    "regRealNaImpName": null,
    "regRealNaImpType": null,
    "servHostingContractFilePath": null,
    "servHostingContractFileRid": null,
    "servHostingOrg": null,
    "servSysBuildContractFilePath": null,
    "servSysBuildContractFileRid": null,
    "servSysBuildName": null,
    "servSysBuildType": 1,
    "servSysOperContractFilePath": null,
    "servSysOperContractFileRid": null,
    "servSysOperName": null,
    "servSysOperType": 1,
    "svtrid": null,
    "thirdServiceMsg": null,
    "thirdServiceStatus": null,
    "updateDate": "2023-06-26 10:32:00",
    "userId": 1677,
    "userName": "x4RZx6LMKxZjU6vswd4wzBBzStEJFq3v",
    "website": null
}

2023-06-26 10:32:00.359 | DEBUG    | httprunner.client:log_print:40 - 
================== response details ==================
status_code : 200
headers  : {
    "Server": "nginx",
    "Date": "Mon, 26 Jun 2023 02:32:00 GMT",
    "Content-Type": "application/json;charset=UTF-8",
    "Transfer-Encoding": "chunked",
    "X-Frame-Options": "SAMEORIGIN",
    "Connection": "keep-alive"
}
cookies  : {}
encoding : UTF-8
content_type : application/json;charset=UTF-8
body     : {
    "message": "success",
    "status": 1,
    "data": true
}

2023-06-26 10:32:00.359 | INFO     | httprunner.client:request:217 - status_code: 200, response_time(ms): 246.71 ms, response_length: 0 bytes
2023-06-26 10:32:00.359 | INFO     | httprunner.response:validate:249 - assert status_code equal 200(int)	==> pass
2023-06-26 10:32:00.359 | INFO     | httprunner.response:validate:249 - assert body.message equal success(str)	==> pass
2023-06-26 10:32:00.359 | INFO     | httprunner.runner:__run_step:304 - run step end: 企业注册最终第三步提交信息 <<<<<<

2023-06-26 10:32:00.359 | INFO     | httprunner.runner:__run_step:304 - run step end: 企业注册最终第三步提交信息 <<<<<<

2023-06-26 10:32:00.360 | INFO     | httprunner.runner:__run_step:292 - run step begin: 登录-管理员 >>>>>>
2023-06-26 10:32:00.360 | INFO     | httprunner.runner:__run_step:292 - run step begin: 登录-企业用户 >>>>>>
2023-06-26 10:32:00.542 | DEBUG    | httprunner.client:request:186 - client IP: 127.0.0.1, Port: 50540
2023-06-26 10:32:00.543 | DEBUG    | httprunner.client:request:194 - server IP: 127.0.0.1, Port: 8888
2023-06-26 10:32:00.543 | DEBUG    | httprunner.client:log_print:40 - 
================== request details ==================
method   : POST
url      : http://139.198.116.76:8000/api/home/test/login
headers  : {
    "User-Agent": "python-requests/2.28.1",
    "Accept-Encoding": "gzip, deflate, br",
    "Accept": "*/*",
    "Connection": "keep-alive",
    "Content-Length": "144",
    "Content-Type": "application/json",
    "HRUN-Request-ID": "HRUN-316cd1b4-79a3-43c0-81ea-8ba0747fb7e2-720360",
    "Cookie": "SESSION=MDdiNmYxY2ItODU3OS00ODNlLTg0ZGYtZmYzMzhmYzE1NzRl"
}
cookies  : {
    "SESSION": "MDdiNmYxY2ItODU3OS00ODNlLTg0ZGYtZmYzMzhmYzE1NzRl"
}
body     : {
    "captcha": "0000",
    "captchaSign": "5d39bab12bba81ab59b3931d2ca06ee9603c3803355932be66974f122cab3502",
    "emailCaptcha": "",
    "username": "adminy"
}

2023-06-26 10:32:00.544 | DEBUG    | httprunner.client:log_print:40 - 
================== response details ==================
status_code : 200
headers  : {
    "Server": "nginx",
    "Date": "Mon, 26 Jun 2023 02:32:00 GMT",
    "Content-Type": "application/json;charset=UTF-8",
    "Transfer-Encoding": "chunked",
    "Set-Cookie": "SESSION=MTkwMjIzMzItNDE5MC00YTU3LTk3MGItYTI2NWM3NDE3NDM5; Path=/; HttpOnly; SameSite=Lax",
    "X-Frame-Options": "SAMEORIGIN",
    "Connection": "keep-alive"
}
cookies  : {
    "SESSION": "MTkwMjIzMzItNDE5MC00YTU3LTk3MGItYTI2NWM3NDE3NDM5"
}
encoding : UTF-8
content_type : application/json;charset=UTF-8
body     : {
    "message": "success",
    "status": 1,
    "data": true
}

2023-06-26 10:32:00.545 | INFO     | httprunner.client:request:217 - status_code: 200, response_time(ms): 182.09 ms, response_length: 0 bytes
2023-06-26 10:32:00.545 | INFO     | httprunner.response:extract:179 - extract mapping: {'adminSession': 'response.headers."Set-Cookie".session'}
2023-06-26 10:32:00.545 | INFO     | httprunner.response:validate:249 - assert status_code equal 200(int)	==> pass
2023-06-26 10:32:00.545 | INFO     | httprunner.response:validate:249 - assert headers."Content-Type" equal application/json;charset=UTF-8(str)	==> pass
2023-06-26 10:32:00.546 | INFO     | httprunner.response:validate:249 - assert body.message equal success(str)	==> pass
2023-06-26 10:32:00.546 | INFO     | httprunner.response:validate:249 - assert body.status equal 1(int)	==> pass
2023-06-26 10:32:00.546 | INFO     | httprunner.response:validate:249 - assert body.data equal True(bool)	==> pass
2023-06-26 10:32:00.546 | INFO     | httprunner.runner:__run_step:304 - run step end: 登录-企业用户 <<<<<<

2023-06-26 10:32:00.547 | INFO     | httprunner.runner:__run_step_testcase:286 - export variables: {'adminSession': 'response.headers."Set-Cookie".session'}
2023-06-26 10:32:00.547 | INFO     | httprunner.runner:__run_step:304 - run step end: 登录-管理员 <<<<<<

2023-06-26 10:32:00.547 | INFO     | httprunner.runner:__run_step:292 - run step begin: 注册费 >>>>>>
2023-06-26 10:32:00.547 | INFO     | httprunner.runner:__run_step:292 - run step begin: 财务规则查询-注册费 >>>>>>
2023-06-26 10:32:00.614 | DEBUG    | httprunner.client:request:186 - client IP: 127.0.0.1, Port: 50540
2023-06-26 10:32:00.615 | DEBUG    | httprunner.client:request:194 - server IP: 127.0.0.1, Port: 8888
2023-06-26 10:32:00.615 | DEBUG    | httprunner.client:log_print:40 - 
================== request details ==================
method   : GET
url      : http://139.198.116.76:8000/api/finance/rule/findRule?moneyType=1&userId=1677
headers  : {
    "User-Agent": "Mozilla/5.0 (Macintosh; Intel Mac OS X 10_15_7) AppleWebKit/537.36 (KHTML, like Gecko) Chrome/98.0.4758.102 Safari/537.36 Edg/98.0.1108.56",
    "Accept-Encoding": "gzip, deflate",
    "Accept": "application/json, text/plain, */*",
    "Connection": "keep-alive",
    "Accept-Language": "zh-CN,zh;q=0.9,en;q=0.8,en-GB;q=0.7,en-US;q=0.6",
    "HRUN-Request-ID": "HRUN-316cd1b4-79a3-43c0-81ea-8ba0747fb7e2-720548",
    "Cookie": "SESSION=MTkwMjIzMzItNDE5MC00YTU3LTk3MGItYTI2NWM3NDE3NDM5; SESSION=response.headers.\"Set-Cookie\".session"
}
cookies  : {
    "SESSION": "MTkwMjIzMzItNDE5MC00YTU3LTk3MGItYTI2NWM3NDE3NDM5"
}
body     : None

2023-06-26 10:32:00.616 | DEBUG    | httprunner.client:log_print:40 - 
================== response details ==================
status_code : 200
headers  : {
    "Server": "nginx",
    "Date": "Mon, 26 Jun 2023 02:32:00 GMT",
    "Content-Type": "application/json;charset=UTF-8",
    "Transfer-Encoding": "chunked",
    "X-Frame-Options": "SAMEORIGIN",
    "Connection": "keep-alive"
}
cookies  : {}
encoding : UTF-8
content_type : application/json;charset=UTF-8
body     : {
    "message": "success",
    "status": 1,
    "data": [
        {
            "id": 77,
            "createDate": "2023-05-31 12:51:33",
            "updateDate": "2023-05-31 12:51:33",
            "name": "标准",
            "money": 10000.0,
            "moneyType": 1,
            "prefixCount": 1,
            "remart": "test",
            "entName": null,
            "entUserId": null,
            "ruleType": 2,
            "escrowId": null
        }
    ]
}

2023-06-26 10:32:00.617 | INFO     | httprunner.client:request:217 - status_code: 200, response_time(ms): 66.13 ms, response_length: 0 bytes
2023-06-26 10:32:00.617 | INFO     | httprunner.response:extract:179 - extract mapping: {'regFeeRuleId': 77}
2023-06-26 10:32:00.617 | INFO     | httprunner.response:validate:249 - assert status_code equal 200(int)	==> pass
2023-06-26 10:32:00.618 | INFO     | httprunner.response:validate:249 - assert body.message equal success(str)	==> pass
2023-06-26 10:32:00.618 | INFO     | httprunner.response:validate:249 - assert body.status equal 1(int)	==> pass
2023-06-26 10:32:00.618 | INFO     | httprunner.runner:__run_step:304 - run step end: 财务规则查询-注册费 <<<<<<

2023-06-26 10:32:00.618 | INFO     | httprunner.runner:__run_step_testcase:286 - export variables: {'regFeeRuleId': 77}
2023-06-26 10:32:00.618 | INFO     | httprunner.runner:__run_step:304 - run step end: 注册费 <<<<<<

2023-06-26 10:32:00.619 | INFO     | httprunner.runner:__run_step:292 - run step begin: 年费 >>>>>>
2023-06-26 10:32:00.619 | INFO     | httprunner.runner:__run_step:292 - run step begin: 财务规则查询-年费 >>>>>>
2023-06-26 10:32:00.669 | DEBUG    | httprunner.client:request:186 - client IP: 127.0.0.1, Port: 50540
2023-06-26 10:32:00.670 | DEBUG    | httprunner.client:request:194 - server IP: 127.0.0.1, Port: 8888
2023-06-26 10:32:00.670 | DEBUG    | httprunner.client:log_print:40 - 
================== request details ==================
method   : GET
url      : http://139.198.116.76:8000/api/finance/rule/findRule?cache=1663837640684&moneyType=2&userId=1677
headers  : {
    "User-Agent": "Mozilla/5.0 (Macintosh; Intel Mac OS X 10_15_7) AppleWebKit/537.36 (KHTML, like Gecko) Chrome/98.0.4758.102 Safari/537.36 Edg/98.0.1108.56",
    "Accept-Encoding": "gzip, deflate",
    "Accept": "application/json, text/plain, */*",
    "Connection": "keep-alive",
    "Accept-Language": "zh-CN,zh;q=0.9,en;q=0.8,en-GB;q=0.7,en-US;q=0.6",
    "HRUN-Request-ID": "HRUN-316cd1b4-79a3-43c0-81ea-8ba0747fb7e2-720619",
    "Cookie": "SESSION=MTkwMjIzMzItNDE5MC00YTU3LTk3MGItYTI2NWM3NDE3NDM5; SESSION=response.headers.\"Set-Cookie\".session"
}
cookies  : {
    "SESSION": "MTkwMjIzMzItNDE5MC00YTU3LTk3MGItYTI2NWM3NDE3NDM5"
}
body     : None

2023-06-26 10:32:00.671 | DEBUG    | httprunner.client:log_print:40 - 
================== response details ==================
status_code : 200
headers  : {
    "Server": "nginx",
    "Date": "Mon, 26 Jun 2023 02:32:00 GMT",
    "Content-Type": "application/json;charset=UTF-8",
    "Transfer-Encoding": "chunked",
    "X-Frame-Options": "SAMEORIGIN",
    "Connection": "keep-alive"
}
cookies  : {}
encoding : UTF-8
content_type : application/json;charset=UTF-8
body     : {
    "message": "success",
    "status": 1,
    "data": [
        {
            "id": 78,
            "createDate": "2023-05-31 12:51:47",
            "updateDate": "2023-05-31 12:51:47",
            "name": "标准",
            "money": 10000.0,
            "moneyType": 2,
            "prefixCount": 1,
            "remart": "test",
            "entName": null,
            "entUserId": null,
            "ruleType": 2,
            "escrowId": null
        }
    ]
}

2023-06-26 10:32:00.671 | INFO     | httprunner.client:request:217 - status_code: 200, response_time(ms): 49.98 ms, response_length: 0 bytes
2023-06-26 10:32:00.672 | INFO     | httprunner.response:extract:179 - extract mapping: {'annualFeeRuleId': 78}
2023-06-26 10:32:00.672 | INFO     | httprunner.response:validate:249 - assert status_code equal 200(int)	==> pass
2023-06-26 10:32:00.672 | INFO     | httprunner.response:validate:249 - assert body.message equal success(str)	==> pass
2023-06-26 10:32:00.673 | INFO     | httprunner.response:validate:249 - assert body.status equal 1(int)	==> pass
2023-06-26 10:32:00.673 | INFO     | httprunner.runner:__run_step:304 - run step end: 财务规则查询-年费 <<<<<<

2023-06-26 10:32:00.673 | INFO     | httprunner.runner:__run_step_testcase:286 - export variables: {'annualFeeRuleId': 78}
2023-06-26 10:32:00.673 | INFO     | httprunner.runner:__run_step:304 - run step end: 年费 <<<<<<

2023-06-26 10:32:00.674 | INFO     | httprunner.runner:__run_step:292 - run step begin: 前缀管理分页 >>>>>>
2023-06-26 10:32:00.675 | INFO     | httprunner.runner:__run_step:292 - run step begin: 前缀管理分页 >>>>>>
2023-06-26 10:32:00.747 | DEBUG    | httprunner.client:request:186 - client IP: 127.0.0.1, Port: 50540
2023-06-26 10:32:00.748 | DEBUG    | httprunner.client:request:194 - server IP: 127.0.0.1, Port: 8888
2023-06-26 10:32:00.748 | DEBUG    | httprunner.client:log_print:40 - 
================== request details ==================
method   : GET
url      : http://139.198.116.76:8000/api/v3/ent/prefix/manage/pageQuery?cache=1663838231980&currentPage=1&entPrefix=88.408.974812892&escrowOrgName=&order=&orderProp=
headers  : {
    "User-Agent": "Mozilla/5.0 (Macintosh; Intel Mac OS X 10_15_7) AppleWebKit/537.36 (KHTML, like Gecko) Chrome/98.0.4758.102 Safari/537.36 Edg/98.0.1108.56",
    "Accept-Encoding": "gzip, deflate",
    "Accept": "application/json, text/plain, */*",
    "Connection": "keep-alive",
    "Accept-Language": "zh-CN,zh;q=0.9,en;q=0.8,en-GB;q=0.7,en-US;q=0.6",
    "HRUN-Request-ID": "HRUN-316cd1b4-79a3-43c0-81ea-8ba0747fb7e2-720676",
    "Cookie": "SESSION=MTkwMjIzMzItNDE5MC00YTU3LTk3MGItYTI2NWM3NDE3NDM5; SESSION=response.headers.\"Set-Cookie\".session"
}
cookies  : {
    "SESSION": "MTkwMjIzMzItNDE5MC00YTU3LTk3MGItYTI2NWM3NDE3NDM5"
}
body     : None

2023-06-26 10:32:00.749 | DEBUG    | httprunner.client:log_print:40 - 
================== response details ==================
status_code : 200
headers  : {
    "Server": "nginx",
    "Date": "Mon, 26 Jun 2023 02:32:00 GMT",
    "Content-Type": "application/json",
    "Transfer-Encoding": "chunked",
    "X-Frame-Options": "SAMEORIGIN",
    "Connection": "keep-alive"
}
cookies  : {}
encoding : utf-8
content_type : application/json
body     : {
    "message": "success",
    "status": 1,
    "data": {
        "first": true,
        "last": true,
        "totalPages": 0,
        "totalElements": 0,
        "number": 1,
        "size": 10,
        "sort": {
            "sorted": false,
            "unsorted": true,
            "empty": true
        },
        "numberOfElements": 0,
        "content": []
    }
}

2023-06-26 10:32:00.750 | INFO     | httprunner.client:request:217 - status_code: 200, response_time(ms): 71.46 ms, response_length: 0 bytes
2023-06-26 10:32:00.750 | INFO     | httprunner.response:extract:179 - extract mapping: {'userIdPage': None, 'entPrefixPage': None, 'prefixIdPage': None, 'entNameCnPage': None, 'proxyStatePage': None}
2023-06-26 10:32:00.751 | INFO     | httprunner.response:validate:249 - assert status_code equal 200(int)	==> pass
2023-06-26 10:32:00.751 | INFO     | httprunner.response:validate:249 - assert body.message equal success(str)	==> pass
2023-06-26 10:32:00.751 | INFO     | httprunner.runner:__run_step:304 - run step end: 前缀管理分页 <<<<<<

2023-06-26 10:32:00.751 | INFO     | httprunner.runner:__run_step_testcase:286 - export variables: {'prefixIdPage': None, 'entPrefixPage': None, 'userIdPage': None, 'proxyStatePage': None, 'entNameCnPage': None}
2023-06-26 10:32:00.751 | INFO     | httprunner.runner:__run_step:304 - run step end: 前缀管理分页 <<<<<<

2023-06-26 10:32:00.751 | INFO     | httprunner.runner:__run_step:292 - run step begin: 企业审核驳回 >>>>>>
2023-06-26 10:32:00.752 | INFO     | httprunner.runner:__run_step:292 - run step begin: 企业审核驳回 >>>>>>
2023-06-26 10:32:01.001 | DEBUG    | httprunner.client:request:186 - client IP: 127.0.0.1, Port: 50540
2023-06-26 10:32:01.002 | DEBUG    | httprunner.client:request:194 - server IP: 127.0.0.1, Port: 8888
2023-06-26 10:32:01.002 | DEBUG    | httprunner.client:log_print:40 - 
================== request details ==================
method   : POST
url      : http://139.198.116.76:8000/api/v3/ent/audit/save?annualFeeRuleId=78&applyId=1443&auditMsg=%E6%8F%90%E4%BA%A4%E7%9A%84%E8%B5%84%E8%B4%A8%E4%BF%A1%E6%81%AF%E6%9C%89%E8%AF%AF%EF%BC%8C%E9%A9%B3%E5%9B%9E%E7%94%B3%E8%AF%B7&auditResult=fail&entPrefix=88.408.974812892&regFeeRuleId=77
headers  : {
    "User-Agent": "Mozilla/5.0 (Macintosh; Intel Mac OS X 10_15_7) AppleWebKit/537.36 (KHTML, like Gecko) Chrome/98.0.4758.102 Safari/537.36 Edg/98.0.1108.56",
    "Accept-Encoding": "gzip, deflate",
    "Accept": "application/json, text/plain, */*",
    "Connection": "keep-alive",
    "Accept-Language": "zh-CN,zh;q=0.9,en;q=0.8,en-GB;q=0.7,en-US;q=0.6",
    "Content-Length": "0",
    "HRUN-Request-ID": "HRUN-316cd1b4-79a3-43c0-81ea-8ba0747fb7e2-720942",
    "Cookie": "SESSION=MTkwMjIzMzItNDE5MC00YTU3LTk3MGItYTI2NWM3NDE3NDM5; SESSION=MjBkNzA1OTctNmZmYy00MzM2LWI1MjEtODU0MWZiMDdhMDdk"
}
cookies  : {
    "SESSION": "MTkwMjIzMzItNDE5MC00YTU3LTk3MGItYTI2NWM3NDE3NDM5"
}
body     : None

2023-06-26 10:32:01.006 | DEBUG    | httprunner.client:log_print:40 - 
================== response details ==================
status_code : 200
headers  : {
    "Server": "nginx",
    "Date": "Mon, 26 Jun 2023 02:32:01 GMT",
    "Content-Type": "application/json",
    "Transfer-Encoding": "chunked",
    "X-Frame-Options": "SAMEORIGIN",
    "Connection": "keep-alive"
}
cookies  : {}
encoding : utf-8
content_type : application/json
body     : {
    "message": "success",
    "status": 1,
    "data": true
}

2023-06-26 10:32:01.007 | INFO     | httprunner.client:request:217 - status_code: 200, response_time(ms): 59.15 ms, response_length: 0 bytes
2023-06-26 10:32:01.007 | INFO     | httprunner.response:validate:249 - assert status_code equal 200(int)	==> pass
2023-06-26 10:32:01.008 | INFO     | httprunner.response:validate:249 - assert body.message equal success(str)	==> pass
2023-06-26 10:32:01.008 | INFO     | httprunner.response:validate:249 - assert body.status equal 1(int)	==> pass
2023-06-26 10:32:01.008 | INFO     | httprunner.response:validate:249 - assert body.data equal True(bool)	==> pass
2023-06-26 10:32:01.009 | INFO     | httprunner.runner:__run_step:304 - run step end: 企业审核驳回 <<<<<<

2023-06-26 10:32:01.009 | INFO     | httprunner.runner:__run_step:304 - run step end: 企业审核驳回 <<<<<<

2023-06-26 10:32:01.009 | INFO     | httprunner.runner:__run_step:292 - run step begin: 登录-企业 >>>>>>
2023-06-26 10:32:01.009 | INFO     | httprunner.runner:__run_step:292 - run step begin: 登录-企业用户 >>>>>>
2023-06-26 10:32:01.067 | DEBUG    | httprunner.client:request:186 - client IP: 127.0.0.1, Port: 50540
2023-06-26 10:32:01.067 | DEBUG    | httprunner.client:request:194 - server IP: 127.0.0.1, Port: 8888
2023-06-26 10:32:01.068 | DEBUG    | httprunner.client:log_print:40 - 
================== request details ==================
method   : POST
url      : http://139.198.116.76:8000/api/home/test/login
headers  : {
    "User-Agent": "python-requests/2.28.1",
    "Accept-Encoding": "gzip, deflate, br",
    "Accept": "*/*",
    "Connection": "keep-alive",
    "Content-Length": "170",
    "Content-Type": "application/json",
    "HRUN-Request-ID": "HRUN-316cd1b4-79a3-43c0-81ea-8ba0747fb7e2-721009",
    "Cookie": "SESSION=MTkwMjIzMzItNDE5MC00YTU3LTk3MGItYTI2NWM3NDE3NDM5"
}
cookies  : {
    "SESSION": "MTkwMjIzMzItNDE5MC00YTU3LTk3MGItYTI2NWM3NDE3NDM5"
}
body     : {
    "captcha": "0000",
    "captchaSign": "849b6f95004ab29b7088cbb396491aea7a43645f0545a64056ddc9bbfcb10727",
    "emailCaptcha": "",
    "username": "x4RZx6LMKxZjU6vswd4wzBBzStEJFq3v"
}

2023-06-26 10:32:01.069 | DEBUG    | httprunner.client:log_print:40 - 
================== response details ==================
status_code : 200
headers  : {
    "Server": "nginx",
    "Date": "Mon, 26 Jun 2023 02:32:01 GMT",
    "Content-Type": "application/json;charset=UTF-8",
    "Transfer-Encoding": "chunked",
    "Set-Cookie": "SESSION=ZmNjZDU3YTUtYWY1Zi00YmU4LTg5YzQtNTEwNTNjNTU3NzQz; Path=/; HttpOnly; SameSite=Lax",
    "X-Frame-Options": "SAMEORIGIN",
    "Connection": "keep-alive"
}
cookies  : {
    "SESSION": "ZmNjZDU3YTUtYWY1Zi00YmU4LTg5YzQtNTEwNTNjNTU3NzQz"
}
encoding : UTF-8
content_type : application/json;charset=UTF-8
body     : {
    "message": "success",
    "status": 1,
    "data": true
}

2023-06-26 10:32:01.069 | INFO     | httprunner.client:request:217 - status_code: 200, response_time(ms): 57.41 ms, response_length: 0 bytes
2023-06-26 10:32:01.070 | INFO     | httprunner.response:extract:179 - extract mapping: {'entSession': 'response.headers."Set-Cookie".session'}
2023-06-26 10:32:01.070 | INFO     | httprunner.response:validate:249 - assert status_code equal 200(int)	==> pass
2023-06-26 10:32:01.070 | INFO     | httprunner.response:validate:249 - assert headers."Content-Type" equal application/json;charset=UTF-8(str)	==> pass
2023-06-26 10:32:01.071 | INFO     | httprunner.response:validate:249 - assert body.message equal success(str)	==> pass
2023-06-26 10:32:01.071 | INFO     | httprunner.response:validate:249 - assert body.status equal 1(int)	==> pass
2023-06-26 10:32:01.071 | INFO     | httprunner.response:validate:249 - assert body.data equal True(bool)	==> pass
2023-06-26 10:32:01.071 | INFO     | httprunner.runner:__run_step:304 - run step end: 登录-企业用户 <<<<<<

2023-06-26 10:32:01.072 | INFO     | httprunner.runner:__run_step_testcase:286 - export variables: {'entSession': 'response.headers."Set-Cookie".session'}
2023-06-26 10:32:01.072 | INFO     | httprunner.runner:__run_step:304 - run step end: 登录-企业 <<<<<<

2023-06-26 10:32:01.072 | INFO     | httprunner.runner:__run_step:292 - run step begin: 企业查看申请状态 >>>>>>
2023-06-26 10:32:01.072 | INFO     | httprunner.runner:__run_step:292 - run step begin: 企业注册查询注册信息 >>>>>>
2023-06-26 10:32:01.157 | DEBUG    | httprunner.client:request:186 - client IP: 127.0.0.1, Port: 50540
2023-06-26 10:32:01.158 | DEBUG    | httprunner.client:request:194 - server IP: 127.0.0.1, Port: 8888
2023-06-26 10:32:01.158 | DEBUG    | httprunner.client:log_print:40 - 
================== request details ==================
method   : GET
url      : http://139.198.116.76:8000/api/v3/entApply/applyOrNot?isSensetive=1
headers  : {
    "User-Agent": "Mozilla/5.0 (Macintosh; Intel Mac OS X 10_15_7) AppleWebKit/537.36 (KHTML, like Gecko) Chrome/105.0.0.0 Safari/537.36",
    "Accept-Encoding": "gzip, deflate",
    "Accept": "application/json, text/plain, */*",
    "Connection": "keep-alive",
    "Accept-Language": "zh-CN,zh;q=0.9",
    "HRUN-Request-ID": "HRUN-316cd1b4-79a3-43c0-81ea-8ba0747fb7e2-721073",
    "Cookie": "SESSION=ZmNjZDU3YTUtYWY1Zi00YmU4LTg5YzQtNTEwNTNjNTU3NzQz; SESSION=response.headers.\"Set-Cookie\".session"
}
cookies  : {
    "SESSION": "ZmNjZDU3YTUtYWY1Zi00YmU4LTg5YzQtNTEwNTNjNTU3NzQz"
}
body     : None

2023-06-26 10:32:01.160 | DEBUG    | httprunner.client:log_print:40 - 
================== response details ==================
status_code : 200
headers  : {
    "Server": "nginx",
    "Date": "Mon, 26 Jun 2023 02:32:01 GMT",
    "Content-Type": "application/json;charset=UTF-8",
    "Transfer-Encoding": "chunked",
    "X-Frame-Options": "SAMEORIGIN",
    "Connection": "keep-alive"
}
cookies  : {}
encoding : UTF-8
content_type : application/json;charset=UTF-8
body     : {
    "message": "success",
    "status": 1,
    "data": {
        "nbmsEntApplyPO": {
            "id": 1443,
            "createDate": "2023-06-26 10:32:00",
            "updateDate": "2023-06-26 10:32:01",
            "applyType": 1,
            "entGeneralId": null,
            "applyStep": 4,
            "isSubmit": 1,
            "entPrefix": "88.408.974812892",
            "firstAuditStatus": 3,
            "firstAuditMsg": "提交的资质信息有误，驳回申请",
            "thirdServiceStatus": 3,
            "thirdServiceMsg": null,
            "userName": "x4RZx6LMKxZjU6vswd4wzBBzStEJFq3v",
            "finalAuditStatus": null,
            "finalAuditMsg": null,
            "svtrid": null,
            "cltrid": null,
            "userId": 1677,
            "orgName": "x4RZx6LMKxZjU6vswd4wzBBzStEJFq3v",
            "orgNature": "1",
            "orgAddrProvince": "110000",
            "orgAddrCity": "110100",
            "orgAddrCounty": "110101",
            "orgAddr": "致真",
            "orgCrtType": "1",
            "orgCrtCode": "x4RZx6LMKxZjU6vswd4wzBBzStEJFq3v",
            "legalName": "*三",
            "legalCrtType": "1",
            "legalCrtNo": "**************2715",
            "orgDesc": null,
            "industryCategory": "A",
            "industrySpecific": "01",
            "contactName": "******************************3v",
            "contactPhone": "148****0767",
            "contactCrtType": 1,
            "contactCrtNo": "**************2715",
            "contactEmail": "rc6*************@qaqseq.com",
            "website": null,
            "regAuthority": null,
            "regCapital": null,
            "establishDate": null,
            "periodValidity": null,
            "legalEmail": null,
            "legalPhone": null,
            "legalFax": null,
            "servSysBuildType": 1,
            "servSysBuildName": null,
            "servSysOperType": 1,
            "servSysOperName": null,
            "dataHostingOrg": null,
            "servHostingOrg": null,
            "regRealNaImpType": null,
            "regRealNaImpName": null,
            "idRegNaImp": null,
            "extWebName": null,
            "extDomain": null,
            "extIpAddr": null,
            "orgCrtImgRid": 2905,
            "contactCrtFrontImgRid": 2906,
            "contactCrtBackImgRid": 2907,
            "legalCrtFrontImgRid": 2906,
            "legalCrtBackImgRid": 2907,
            "servSysBuildContractFileRid": null,
            "servSysOperContractFileRid": null,
            "dataHostingContractFileRid": null,
            "servHostingContractFileRid": null,
            "entInfoLicenses": [],
            "entInfoSyss": [
                {
                    "id": 3632,
                    "entApplyId": 1443,
                    "sysType": 1,
                    "deployMode": 1,
                    "deployAddr": "致真",
                    "deployAddrProvince": "110000",
                    "deployAddrCity": "110100",
                    "deployAddrCounty": "110101",
                    "name": null,
                    "ipPort": null
                },
                {
                    "id": 3633,
                    "entApplyId": 1443,
                    "sysType": 2,
                    "deployMode": 1,
                    "deployAddr": "致真",
                    "deployAddrProvince": "110000",
                    "deployAddrCity": "110100",
                    "deployAddrCounty": "110101",
                    "name": null,
                    "ipPort": null
                },
                {
                    "id": 3634,
                    "entApplyId": 1443,
                    "sysType": 3,
                    "deployMode": 1,
                    "deployAddr": "天津",
                    "deployAddrProvince": "120000",
                    "deployAddrCity": "120100",
                    "deployAddrCounty": "120101",
                    "name": null,
                    "ipPort": null
                },
                {
                    "id": 3635,
                    "entApplyId": 1443,
                    "sysType": 4,
                    "deployMode": 1,
                    "deployAddr": "天津",
                    "deployAddrProvince": "120000",
                    "deployAddrCity": "120100",
                    "deployAddrCounty": "120101",
                    "name": null,
                    "ipPort": null
                }
            ],
            "entInfoSerIndustrys": [],
            "escrowId": null,
            "industryQualificationRid": null,
            "certificationRid": null,
            "openingBank": null,
            "bankCard": null,
            "verificationName": null,
            "orgNatureDesc": "国有控股",
            "orgCrtImgContent": null,
            "orgCategorySpecificDesc": "农、林、牧、渔业-农业",
            "orgAddrProvinceDesc": "北京市",
            "orgAddrCountyDesc": "东城区",
            "orgAddrCityDesc": "市辖区",
            "legalCrtTypeDesc": "中国居民身份证",
            "legalCrtFrontImgContent": null,
            "legalCrtBackImgContent": null,
            "orgCrtImgPath": "f330eae0-0b74-490c-a5da-b9eb9e0f0de5.jpeg",
            "contactCrtFrontImgPath": "d423af78-2e34-4c51-89b1-1086e2965ea7.jpeg",
            "contactCrtBackImgPath": "0283d9f7-7eb2-4c29-8623-b6be87a5d20c.jpeg",
            "legalCrtFrontImgPath": "d423af78-2e34-4c51-89b1-1086e2965ea7.jpeg",
            "legalCrtBackImgPath": "0283d9f7-7eb2-4c29-8623-b6be87a5d20c.jpeg",
            "servSysBuildContractFilePath": null,
            "servSysOperContractFilePath": null,
            "dataHostingContractFilePath": null,
            "servHostingContractFilePath": null,
            "industryQualificationFilePath": null,
            "certificationFilePath": null,
            "escrowOrgName": null
        },
        "nbmsEntPO": null,
        "nbmsEntPrefixApplyPO": null,
        "needRelog": null,
        "applyStatus": 3
    }
}

2023-06-26 10:32:01.160 | INFO     | httprunner.client:request:217 - status_code: 200, response_time(ms): 84.47 ms, response_length: 0 bytes
2023-06-26 10:32:01.161 | INFO     | httprunner.response:validate:249 - assert status_code equal 200(int)	==> pass
2023-06-26 10:32:01.161 | INFO     | httprunner.response:validate:249 - assert body.message equal success(str)	==> pass
2023-06-26 10:32:01.161 | INFO     | httprunner.response:validate:249 - assert body.data.nbmsEntApplyPO.firstAuditStatus equal 3(int)	==> pass
2023-06-26 10:32:01.161 | INFO     | httprunner.response:validate:249 - assert body.data.nbmsEntApplyPO.firstAuditMsg equal 提交的资质信息有误，驳回申请(str)	==> pass
2023-06-26 10:32:01.161 | INFO     | httprunner.runner:__run_step:304 - run step end: 企业注册查询注册信息 <<<<<<

2023-06-26 10:32:01.161 | INFO     | httprunner.runner:__run_step:304 - run step end: 企业查看申请状态 <<<<<<

