2023-06-25 18:40:38.450 | INFO     | httprunner.runner:test_start:450 - Start to run testcase: 企业注册第二步信息暂存用例集2, TestCase ID: 3418b6ac-b91a-4d5a-9337-e61ef4cebe1a
2023-06-25 18:40:38.552 | INFO     | httprunner.runner:__run_step:292 - run step begin: 用户注册 >>>>>>
2023-06-25 18:40:38.552 | INFO     | httprunner.runner:__run_step:292 - run step begin: 用户注册 >>>>>>
2023-06-25 18:40:38.751 | DEBUG    | httprunner.client:request:186 - client IP: 127.0.0.1, Port: 55614
2023-06-25 18:40:38.752 | DEBUG    | httprunner.client:request:194 - server IP: 127.0.0.1, Port: 8888
2023-06-25 18:40:38.753 | DEBUG    | httprunner.client:log_print:40 - 
================== request details ==================
method   : POST
url      : http://139.198.116.76:8000/api/home/test/registry
headers  : {
    "User-Agent": "Mozilla/5.0 (Windows NT 10.0; WOW64) AppleWebKit/537.36 (KHTML, like Gecko) Chrome/100.0.4896.60 Safari/537.36",
    "Accept-Encoding": "gzip, deflate",
    "Accept": "application/json, text/plain, */*",
    "Connection": "keep-alive",
    "Accept-Language": "zh-CN,zh;q=0.9",
    "HRUN-Request-ID": "HRUN-3418b6ac-b91a-4d5a-9337-e61ef4cebe1a-638553",
    "Content-Length": "187",
    "Content-Type": "application/json"
}
cookies  : {}
body     : {
    "email": "2SnZCYRKdXTpVBaZ@qaqseq.com",
    "mobile": "11710303043",
    "openId": "",
    "openUserName": "",
    "password": "Admin@123",
    "remarks": "",
    "username": "w3E2lkF5HFXbig3G7BLB6LZTZ70NtJ4C"
}

2023-06-25 18:40:38.754 | DEBUG    | httprunner.client:log_print:40 - 
================== response details ==================
status_code : 200
headers  : {
    "Server": "nginx",
    "Date": "Sun, 25 Jun 2023 10:40:38 GMT",
    "Content-Type": "application/json",
    "Transfer-Encoding": "chunked",
    "X-Frame-Options": "SAMEORIGIN",
    "Connection": "keep-alive"
}
cookies  : {}
encoding : utf-8
content_type : application/json
body     : {
    "message": "success",
    "status": 1,
    "data": true
}

2023-06-25 18:40:38.754 | INFO     | httprunner.client:request:217 - status_code: 200, response_time(ms): 198.14 ms, response_length: 0 bytes
2023-06-25 18:40:38.755 | INFO     | httprunner.response:validate:249 - assert status_code equal 200(int)	==> pass
2023-06-25 18:40:38.755 | INFO     | httprunner.response:validate:249 - assert body.message equal success(str)	==> pass
2023-06-25 18:40:38.755 | INFO     | httprunner.response:validate:249 - assert body.status equal 1(int)	==> pass
2023-06-25 18:40:38.755 | INFO     | httprunner.response:validate:249 - assert body.message contains success(str)	==> pass
2023-06-25 18:40:38.755 | INFO     | httprunner.response:validate:249 - assert body.status contained_by [1, 200](list)	==> pass
2023-06-25 18:40:38.756 | INFO     | httprunner.runner:__run_step:304 - run step end: 用户注册 <<<<<<

2023-06-25 18:40:38.756 | INFO     | httprunner.runner:__run_step:304 - run step end: 用户注册 <<<<<<

2023-06-25 18:40:38.756 | INFO     | httprunner.runner:__run_step:292 - run step begin: 登录-企业 >>>>>>
2023-06-25 18:40:38.757 | INFO     | httprunner.runner:__run_step:292 - run step begin: 登录-企业用户 >>>>>>
2023-06-25 18:40:38.819 | DEBUG    | httprunner.client:request:186 - client IP: 127.0.0.1, Port: 55614
2023-06-25 18:40:38.820 | DEBUG    | httprunner.client:request:194 - server IP: 127.0.0.1, Port: 8888
2023-06-25 18:40:38.821 | DEBUG    | httprunner.client:log_print:40 - 
================== request details ==================
method   : POST
url      : http://139.198.116.76:8000/api/home/test/login
headers  : {
    "User-Agent": "python-requests/2.28.1",
    "Accept-Encoding": "gzip, deflate, br",
    "Accept": "*/*",
    "Connection": "keep-alive",
    "Content-Length": "170",
    "Content-Type": "application/json",
    "HRUN-Request-ID": "HRUN-3418b6ac-b91a-4d5a-9337-e61ef4cebe1a-638757"
}
cookies  : {}
body     : {
    "captcha": "0000",
    "captchaSign": "82972aaff6c9509eb2c07f40bd464fc4227d75cc76c4028f98ea9a27006a1251",
    "emailCaptcha": "",
    "username": "w3E2lkF5HFXbig3G7BLB6LZTZ70NtJ4C"
}

2023-06-25 18:40:38.822 | DEBUG    | httprunner.client:log_print:40 - 
================== response details ==================
status_code : 200
headers  : {
    "Server": "nginx",
    "Date": "Sun, 25 Jun 2023 10:40:38 GMT",
    "Content-Type": "application/json;charset=UTF-8",
    "Transfer-Encoding": "chunked",
    "Set-Cookie": "SESSION=ODBlMDI2NWMtMDhiMy00MDRkLWIwMGEtODljMjcyYjRkOTg0; Path=/; HttpOnly; SameSite=Lax",
    "X-Frame-Options": "SAMEORIGIN",
    "Connection": "keep-alive"
}
cookies  : {
    "SESSION": "ODBlMDI2NWMtMDhiMy00MDRkLWIwMGEtODljMjcyYjRkOTg0"
}
encoding : UTF-8
content_type : application/json;charset=UTF-8
body     : {
    "message": "success",
    "status": 1,
    "data": true
}

2023-06-25 18:40:38.822 | INFO     | httprunner.client:request:217 - status_code: 200, response_time(ms): 61.56 ms, response_length: 0 bytes
2023-06-25 18:40:38.822 | INFO     | httprunner.response:extract:179 - extract mapping: {'entSession': 'response.headers."Set-Cookie".session'}
2023-06-25 18:40:38.823 | INFO     | httprunner.response:validate:249 - assert status_code equal 200(int)	==> pass
2023-06-25 18:40:38.823 | INFO     | httprunner.response:validate:249 - assert headers."Content-Type" equal application/json;charset=UTF-8(str)	==> pass
2023-06-25 18:40:38.823 | INFO     | httprunner.response:validate:249 - assert body.message equal success(str)	==> pass
2023-06-25 18:40:38.823 | INFO     | httprunner.response:validate:249 - assert body.status equal 1(int)	==> pass
2023-06-25 18:40:38.823 | INFO     | httprunner.response:validate:249 - assert body.data equal True(bool)	==> pass
2023-06-25 18:40:38.824 | INFO     | httprunner.runner:__run_step:304 - run step end: 登录-企业用户 <<<<<<

2023-06-25 18:40:38.824 | INFO     | httprunner.runner:__run_step_testcase:286 - export variables: {'entSession': 'response.headers."Set-Cookie".session'}
2023-06-25 18:40:38.824 | INFO     | httprunner.runner:__run_step:304 - run step end: 登录-企业 <<<<<<

2023-06-25 18:40:38.824 | INFO     | httprunner.runner:__run_step:292 - run step begin: 前缀注册企业资质图片上传 >>>>>>
2023-06-25 18:40:38.825 | INFO     | httprunner.runner:__run_step:292 - run step begin: 前缀注册企业资质图片上传 >>>>>>
2023-06-25 18:40:38.932 | DEBUG    | httprunner.client:request:186 - client IP: 127.0.0.1, Port: 55614
2023-06-25 18:40:38.933 | DEBUG    | httprunner.client:request:194 - server IP: 127.0.0.1, Port: 8888
2023-06-25 18:40:38.934 | DEBUG    | httprunner.client:log_print:40 - 
================== request details ==================
method   : POST
url      : http://139.198.116.76:8000/api/file/img/upload
headers  : {
    "User-Agent": "Mozilla/5.0 (Macintosh; Intel Mac OS X 10_15_7) AppleWebKit/537.36 (KHTML, like Gecko) Chrome/105.0.0.0 Safari/537.36",
    "Accept-Encoding": "gzip, deflate",
    "Accept": "application/json, text/plain, */*",
    "Connection": "keep-alive",
    "Accept-Language": "zh-CN,zh;q=0.9",
    "Content-Type": "multipart/form-data; boundary=f9bb948a8da247ed80c9ce92a7da5b57",
    "HRUN-Request-ID": "HRUN-3418b6ac-b91a-4d5a-9337-e61ef4cebe1a-638826",
    "Cookie": "SESSION=ODBlMDI2NWMtMDhiMy00MDRkLWIwMGEtODljMjcyYjRkOTg0; SESSION=response.headers.\"Set-Cookie\".session",
    "Content-Length": "20435"
}
cookies  : {
    "SESSION": "ODBlMDI2NWMtMDhiMy00MDRkLWIwMGEtODljMjcyYjRkOTg0"
}
body     : upload file stream (OMITTED)

2023-06-25 18:40:38.935 | DEBUG    | httprunner.client:log_print:40 - 
================== response details ==================
status_code : 200
headers  : {
    "Server": "nginx",
    "Date": "Sun, 25 Jun 2023 10:40:39 GMT",
    "Content-Type": "application/json;charset=UTF-8",
    "Transfer-Encoding": "chunked",
    "X-Frame-Options": "SAMEORIGIN",
    "Connection": "keep-alive"
}
cookies  : {}
encoding : UTF-8
content_type : application/json;charset=UTF-8
body     : {
    "message": "success",
    "status": 1,
    "data": {
        "id": 2755,
        "path": "a8cf98ac-d4e2-47b1-bc72-5f25832eaaa1.jpeg"
    }
}

2023-06-25 18:40:38.935 | INFO     | httprunner.client:request:217 - status_code: 200, response_time(ms): 106.12 ms, response_length: 0 bytes
2023-06-25 18:40:38.935 | INFO     | httprunner.response:extract:179 - extract mapping: {'imgId': 2755}
2023-06-25 18:40:38.936 | INFO     | httprunner.response:validate:249 - assert status_code equal 200(int)	==> pass
2023-06-25 18:40:38.936 | INFO     | httprunner.runner:__run_step:304 - run step end: 前缀注册企业资质图片上传 <<<<<<

2023-06-25 18:40:38.936 | INFO     | httprunner.runner:__run_step_testcase:286 - export variables: {'imgId': 2755}
2023-06-25 18:40:38.936 | INFO     | httprunner.runner:__run_step:304 - run step end: 前缀注册企业资质图片上传 <<<<<<

2023-06-25 18:40:38.936 | INFO     | httprunner.runner:__run_step:292 - run step begin: 前缀注册企业联系人身份证图片正面上传 >>>>>>
2023-06-25 18:40:38.937 | INFO     | httprunner.runner:__run_step:292 - run step begin: 前缀注册企业联系人身份证图片背面上传 >>>>>>
2023-06-25 18:40:39.039 | DEBUG    | httprunner.client:request:186 - client IP: 127.0.0.1, Port: 55614
2023-06-25 18:40:39.040 | DEBUG    | httprunner.client:request:194 - server IP: 127.0.0.1, Port: 8888
2023-06-25 18:40:39.041 | DEBUG    | httprunner.client:log_print:40 - 
================== request details ==================
method   : POST
url      : http://139.198.116.76:8000/api/file/img/upload
headers  : {
    "User-Agent": "Mozilla/5.0 (Macintosh; Intel Mac OS X 10_15_7) AppleWebKit/537.36 (KHTML, like Gecko) Chrome/105.0.0.0 Safari/537.36",
    "Accept-Encoding": "gzip, deflate",
    "Accept": "application/json, text/plain, */*",
    "Connection": "keep-alive",
    "Accept-Language": "zh-CN,zh;q=0.9",
    "Content-Type": "multipart/form-data; boundary=2c87c6b9cf814120a9082a6135a8b387",
    "HRUN-Request-ID": "HRUN-3418b6ac-b91a-4d5a-9337-e61ef4cebe1a-638938",
    "Cookie": "SESSION=ODBlMDI2NWMtMDhiMy00MDRkLWIwMGEtODljMjcyYjRkOTg0; SESSION=response.headers.\"Set-Cookie\".session",
    "Content-Length": "20435"
}
cookies  : {
    "SESSION": "ODBlMDI2NWMtMDhiMy00MDRkLWIwMGEtODljMjcyYjRkOTg0"
}
body     : upload file stream (OMITTED)

2023-06-25 18:40:39.042 | DEBUG    | httprunner.client:log_print:40 - 
================== response details ==================
status_code : 200
headers  : {
    "Server": "nginx",
    "Date": "Sun, 25 Jun 2023 10:40:39 GMT",
    "Content-Type": "application/json;charset=UTF-8",
    "Transfer-Encoding": "chunked",
    "X-Frame-Options": "SAMEORIGIN",
    "Connection": "keep-alive"
}
cookies  : {}
encoding : UTF-8
content_type : application/json;charset=UTF-8
body     : {
    "message": "success",
    "status": 1,
    "data": {
        "id": 2756,
        "path": "c7e34f3e-d7b0-4182-8d85-ba8ea8de1932.jpeg"
    }
}

2023-06-25 18:40:39.042 | INFO     | httprunner.client:request:217 - status_code: 200, response_time(ms): 100.76 ms, response_length: 0 bytes
2023-06-25 18:40:39.042 | INFO     | httprunner.response:extract:179 - extract mapping: {'imgId_f': 2756}
2023-06-25 18:40:39.043 | INFO     | httprunner.response:validate:249 - assert status_code equal 200(int)	==> pass
2023-06-25 18:40:39.043 | INFO     | httprunner.runner:__run_step:304 - run step end: 前缀注册企业联系人身份证图片背面上传 <<<<<<

2023-06-25 18:40:39.043 | INFO     | httprunner.runner:__run_step_testcase:286 - export variables: {'imgId_f': 2756}
2023-06-25 18:40:39.043 | INFO     | httprunner.runner:__run_step:304 - run step end: 前缀注册企业联系人身份证图片正面上传 <<<<<<

2023-06-25 18:40:39.044 | INFO     | httprunner.runner:__run_step:292 - run step begin: 前缀注册企业联系人身份证图片背面上传 >>>>>>
2023-06-25 18:40:39.044 | INFO     | httprunner.runner:__run_step:292 - run step begin: 前缀注册企业联系人身份证图片背面上传 >>>>>>
2023-06-25 18:40:39.307 | DEBUG    | httprunner.client:request:186 - client IP: 127.0.0.1, Port: 55614
2023-06-25 18:40:39.308 | DEBUG    | httprunner.client:request:194 - server IP: 127.0.0.1, Port: 8888
2023-06-25 18:40:39.309 | DEBUG    | httprunner.client:log_print:40 - 
================== request details ==================
method   : POST
url      : http://139.198.116.76:8000/api/file/img/upload
headers  : {
    "User-Agent": "Mozilla/5.0 (Macintosh; Intel Mac OS X 10_15_7) AppleWebKit/537.36 (KHTML, like Gecko) Chrome/105.0.0.0 Safari/537.36",
    "Accept-Encoding": "gzip, deflate",
    "Accept": "application/json, text/plain, */*",
    "Connection": "keep-alive",
    "Accept-Language": "zh-CN,zh;q=0.9",
    "Content-Type": "multipart/form-data; boundary=4797f264541b48f79f04cc934fa40f75",
    "HRUN-Request-ID": "HRUN-3418b6ac-b91a-4d5a-9337-e61ef4cebe1a-639045",
    "Cookie": "SESSION=ODBlMDI2NWMtMDhiMy00MDRkLWIwMGEtODljMjcyYjRkOTg0; SESSION=response.headers.\"Set-Cookie\".session",
    "Content-Length": "20435"
}
cookies  : {
    "SESSION": "ODBlMDI2NWMtMDhiMy00MDRkLWIwMGEtODljMjcyYjRkOTg0"
}
body     : upload file stream (OMITTED)

2023-06-25 18:40:39.310 | DEBUG    | httprunner.client:log_print:40 - 
================== response details ==================
status_code : 200
headers  : {
    "Server": "nginx",
    "Date": "Sun, 25 Jun 2023 10:40:39 GMT",
    "Content-Type": "application/json;charset=UTF-8",
    "Transfer-Encoding": "chunked",
    "X-Frame-Options": "SAMEORIGIN",
    "Connection": "keep-alive"
}
cookies  : {}
encoding : UTF-8
content_type : application/json;charset=UTF-8
body     : {
    "message": "success",
    "status": 1,
    "data": {
        "id": 2757,
        "path": "71df5735-d786-4380-9880-fead4f19dc38.jpeg"
    }
}

2023-06-25 18:40:39.311 | INFO     | httprunner.client:request:217 - status_code: 200, response_time(ms): 261.69 ms, response_length: 0 bytes
2023-06-25 18:40:39.311 | INFO     | httprunner.response:extract:179 - extract mapping: {'imgId_b': 2757}
2023-06-25 18:40:39.311 | INFO     | httprunner.response:validate:249 - assert status_code equal 200(int)	==> pass
2023-06-25 18:40:39.311 | INFO     | httprunner.runner:__run_step:304 - run step end: 前缀注册企业联系人身份证图片背面上传 <<<<<<

2023-06-25 18:40:39.311 | INFO     | httprunner.runner:__run_step_testcase:286 - export variables: {'imgId_b': 2757}
2023-06-25 18:40:39.312 | INFO     | httprunner.runner:__run_step:304 - run step end: 前缀注册企业联系人身份证图片背面上传 <<<<<<

2023-06-25 18:40:39.312 | INFO     | httprunner.runner:__run_step:292 - run step begin: 企业注册第一步提交信息 >>>>>>
2023-06-25 18:40:39.312 | INFO     | httprunner.runner:__run_step:292 - run step begin: 企业注册第一步提交信息 >>>>>>
2023-06-25 18:40:39.483 | DEBUG    | httprunner.client:request:186 - client IP: 127.0.0.1, Port: 55614
2023-06-25 18:40:39.484 | DEBUG    | httprunner.client:request:194 - server IP: 127.0.0.1, Port: 8888
2023-06-25 18:40:39.485 | DEBUG    | httprunner.client:log_print:40 - 
================== request details ==================
method   : POST
url      : http://139.198.116.76:8000/api/v3/entApply/basicInfo/submit
headers  : {
    "User-Agent": "Mozilla/5.0 (Macintosh; Intel Mac OS X 10_15_7) AppleWebKit/537.36 (KHTML, like Gecko) Chrome/105.0.0.0 Safari/537.36",
    "Accept-Encoding": "gzip, deflate",
    "Accept": "application/json, text/plain, */*",
    "Connection": "keep-alive",
    "Accept-Language": "zh-CN,zh;q=0.9",
    "Content-Type": "application/json;charset=UTF-8",
    "HRUN-Request-ID": "HRUN-3418b6ac-b91a-4d5a-9337-e61ef4cebe1a-639313",
    "Cookie": "SESSION=ODBlMDI2NWMtMDhiMy00MDRkLWIwMGEtODljMjcyYjRkOTg0; SESSION=response.headers.\"Set-Cookie\".session",
    "Content-Length": "2555"
}
cookies  : {
    "SESSION": "ODBlMDI2NWMtMDhiMy00MDRkLWIwMGEtODljMjcyYjRkOTg0"
}
body     : {
    "applyStep": 2,
    "applyType": null,
    "area": [
        "110000",
        "110100",
        "110101"
    ],
    "cltrid": null,
    "contactCrtBackImgPath": null,
    "contactCrtBackImgRid": 2757,
    "contactCrtFrontImgPath": null,
    "contactCrtFrontImgRid": 2756,
    "contactCrtNo": "133531198312121115",
    "contactCrtType": 1,
    "contactEmail": "2SnZCYRKdXTpVBaZ@qaqseq.com",
    "contactName": "w3E2lkF5HFXbig3G7BLB6LZTZ70NtJ4C",
    "contactPhone": "11710303043",
    "createDate": null,
    "dataHostingContractFilePath": null,
    "dataHostingContractFileRid": null,
    "dataHostingOrg": null,
    "entGeneralId": null,
    "entInfoLicenses": [],
    "entInfoSerIndustrys": [],
    "entPrefix": "88.408.8957309569",
    "escrowId": null,
    "escrowOrgName": null,
    "establishDate": null,
    "extDomain": null,
    "extIpAddr": null,
    "extWebName": null,
    "finalAuditMsg": null,
    "finalAuditStatus": null,
    "firstAuditMsg": null,
    "firstAuditStatus": null,
    "id": null,
    "idRegNaImp": null,
    "industry": [
        "A",
        "01"
    ],
    "industryCategory": "A",
    "industrySpecific": "01",
    "isSubmit": 0,
    "legalCrtBackImgContent": null,
    "legalCrtBackImgPath": null,
    "legalCrtBackImgRid": 2757,
    "legalCrtFrontImgContent": null,
    "legalCrtFrontImgPath": null,
    "legalCrtFrontImgRid": 2756,
    "legalCrtNo": "133531198312121115",
    "legalCrtType": "1",
    "legalCrtTypeDesc": "中国居民身份证",
    "legalEmail": null,
    "legalFax": null,
    "legalName": "张三",
    "legalPhone": null,
    "orgAddr": "致真",
    "orgAddrCity": "110100",
    "orgAddrCityDesc": "市辖区",
    "orgAddrCounty": "110101",
    "orgAddrCountyDesc": "东城区",
    "orgAddrProvince": "110000",
    "orgAddrProvinceDesc": "北京市",
    "orgCategorySpecificDesc": "农、林、牧、渔业-农业",
    "orgCrtCode": "w3E2lkF5HFXbig3G7BLB6LZTZ70NtJ4C",
    "orgCrtImgContent": null,
    "orgCrtImgPath": null,
    "orgCrtImgRid": 2755,
    "orgCrtType": "1",
    "orgDesc": null,
    "orgName": "w3E2lkF5HFXbig3G7BLB6LZTZ70NtJ4C",
    "orgNature": "1",
    "orgNatureDesc": "国有控股",
    "periodValidity": null,
    "regAuthority": null,
    "regCapital": null,
    "regRealNaImpName": null,
    "regRealNaImpType": null,
    "servHostingContractFilePath": null,
    "servHostingContractFileRid": null,
    "servHostingOrg": null,
    "servSysBuildContractFilePath": null,
    "servSysBuildContractFileRid": null,
    "servSysBuildName": null,
    "servSysBuildType": 1,
    "servSysOperContractFilePath": null,
    "servSysOperContractFileRid": null,
    "servSysOperName": null,
    "servSysOperType": 1,
    "svtrid": null,
    "thirdServiceMsg": null,
    "thirdServiceStatus": null,
    "updateDate": null,
    "userId": null,
    "userName": null,
    "website": null
}

2023-06-25 18:40:39.485 | DEBUG    | httprunner.client:log_print:40 - 
================== response details ==================
status_code : 200
headers  : {
    "Server": "nginx",
    "Date": "Sun, 25 Jun 2023 10:40:39 GMT",
    "Content-Type": "application/json;charset=UTF-8",
    "Transfer-Encoding": "chunked",
    "X-Frame-Options": "SAMEORIGIN",
    "Connection": "keep-alive"
}
cookies  : {}
encoding : UTF-8
content_type : application/json;charset=UTF-8
body     : {
    "message": "success",
    "status": 1,
    "data": true
}

2023-06-25 18:40:39.486 | INFO     | httprunner.client:request:217 - status_code: 200, response_time(ms): 170.13 ms, response_length: 0 bytes
2023-06-25 18:40:39.486 | INFO     | httprunner.response:validate:249 - assert status_code equal 200(int)	==> pass
2023-06-25 18:40:39.486 | INFO     | httprunner.response:validate:249 - assert body.message equal success(str)	==> pass
2023-06-25 18:40:39.486 | INFO     | httprunner.runner:__run_step:304 - run step end: 企业注册第一步提交信息 <<<<<<

2023-06-25 18:40:39.486 | INFO     | httprunner.runner:__run_step:304 - run step end: 企业注册第一步提交信息 <<<<<<

2023-06-25 18:40:39.487 | INFO     | httprunner.runner:__run_step:292 - run step begin: 企业注册查询注册信息 >>>>>>
2023-06-25 18:40:39.487 | INFO     | httprunner.runner:__run_step:292 - run step begin: 企业注册查询注册信息 >>>>>>
2023-06-25 18:40:39.702 | DEBUG    | httprunner.client:request:186 - client IP: 127.0.0.1, Port: 55614
2023-06-25 18:40:39.702 | DEBUG    | httprunner.client:request:194 - server IP: 127.0.0.1, Port: 8888
2023-06-25 18:40:39.703 | DEBUG    | httprunner.client:log_print:40 - 
================== request details ==================
method   : GET
url      : http://139.198.116.76:8000/api/v3/entApply/applyOrNot
headers  : {
    "User-Agent": "Mozilla/5.0 (Macintosh; Intel Mac OS X 10_15_7) AppleWebKit/537.36 (KHTML, like Gecko) Chrome/105.0.0.0 Safari/537.36",
    "Accept-Encoding": "gzip, deflate",
    "Accept": "application/json, text/plain, */*",
    "Connection": "keep-alive",
    "Accept-Language": "zh-CN,zh;q=0.9",
    "HRUN-Request-ID": "HRUN-3418b6ac-b91a-4d5a-9337-e61ef4cebe1a-639488",
    "Cookie": "SESSION=ODBlMDI2NWMtMDhiMy00MDRkLWIwMGEtODljMjcyYjRkOTg0; SESSION=response.headers.\"Set-Cookie\".session"
}
cookies  : {
    "SESSION": "ODBlMDI2NWMtMDhiMy00MDRkLWIwMGEtODljMjcyYjRkOTg0"
}
body     : None

2023-06-25 18:40:39.705 | DEBUG    | httprunner.client:log_print:40 - 
================== response details ==================
status_code : 200
headers  : {
    "Server": "nginx",
    "Date": "Sun, 25 Jun 2023 10:40:39 GMT",
    "Content-Type": "application/json;charset=UTF-8",
    "Transfer-Encoding": "chunked",
    "X-Frame-Options": "SAMEORIGIN",
    "Connection": "keep-alive"
}
cookies  : {}
encoding : UTF-8
content_type : application/json;charset=UTF-8
body     : {
    "message": "success",
    "status": 1,
    "data": {
        "nbmsEntApplyPO": {
            "id": 1394,
            "createDate": "2023-06-25 18:40:40",
            "updateDate": "2023-06-25 18:40:40",
            "applyType": null,
            "entGeneralId": null,
            "applyStep": 2,
            "isSubmit": 0,
            "entPrefix": "88.408.8957309569",
            "firstAuditStatus": null,
            "firstAuditMsg": null,
            "thirdServiceStatus": null,
            "thirdServiceMsg": null,
            "userName": "w3E2lkF5HFXbig3G7BLB6LZTZ70NtJ4C",
            "finalAuditStatus": null,
            "finalAuditMsg": null,
            "svtrid": null,
            "cltrid": null,
            "userId": 1630,
            "orgName": "w3E2lkF5HFXbig3G7BLB6LZTZ70NtJ4C",
            "orgNature": "1",
            "orgAddrProvince": "110000",
            "orgAddrCity": "110100",
            "orgAddrCounty": "110101",
            "orgAddr": "致真",
            "orgCrtType": "1",
            "orgCrtCode": "w3E2lkF5HFXbig3G7BLB6LZTZ70NtJ4C",
            "legalName": "张三",
            "legalCrtType": "1",
            "legalCrtNo": "133531198312121115",
            "orgDesc": null,
            "industryCategory": "A",
            "industrySpecific": "01",
            "contactName": "w3E2lkF5HFXbig3G7BLB6LZTZ70NtJ4C",
            "contactPhone": "11710303043",
            "contactCrtType": 1,
            "contactCrtNo": "133531198312121115",
            "contactEmail": "2SnZCYRKdXTpVBaZ@qaqseq.com",
            "website": null,
            "regAuthority": null,
            "regCapital": null,
            "establishDate": null,
            "periodValidity": null,
            "legalEmail": null,
            "legalPhone": null,
            "legalFax": null,
            "servSysBuildType": null,
            "servSysBuildName": null,
            "servSysOperType": null,
            "servSysOperName": null,
            "dataHostingOrg": null,
            "servHostingOrg": null,
            "regRealNaImpType": null,
            "regRealNaImpName": null,
            "idRegNaImp": null,
            "extWebName": null,
            "extDomain": null,
            "extIpAddr": null,
            "orgCrtImgRid": 2755,
            "contactCrtFrontImgRid": 2756,
            "contactCrtBackImgRid": 2757,
            "legalCrtFrontImgRid": 2756,
            "legalCrtBackImgRid": 2757,
            "servSysBuildContractFileRid": null,
            "servSysOperContractFileRid": null,
            "dataHostingContractFileRid": null,
            "servHostingContractFileRid": null,
            "entInfoLicenses": [],
            "entInfoSyss": [],
            "entInfoSerIndustrys": [],
            "escrowId": null,
            "industryQualificationRid": null,
            "certificationRid": null,
            "openingBank": null,
            "bankCard": null,
            "verificationName": null,
            "orgNatureDesc": "国有控股",
            "orgCrtImgContent": null,
            "orgCategorySpecificDesc": "农、林、牧、渔业-农业",
            "orgAddrProvinceDesc": "北京市",
            "orgAddrCountyDesc": "东城区",
            "orgAddrCityDesc": "市辖区",
            "legalCrtTypeDesc": "中国居民身份证",
            "legalCrtFrontImgContent": null,
            "legalCrtBackImgContent": null,
            "orgCrtImgPath": "a8cf98ac-d4e2-47b1-bc72-5f25832eaaa1.jpeg",
            "contactCrtFrontImgPath": "c7e34f3e-d7b0-4182-8d85-ba8ea8de1932.jpeg",
            "contactCrtBackImgPath": "71df5735-d786-4380-9880-fead4f19dc38.jpeg",
            "legalCrtFrontImgPath": "c7e34f3e-d7b0-4182-8d85-ba8ea8de1932.jpeg",
            "legalCrtBackImgPath": "71df5735-d786-4380-9880-fead4f19dc38.jpeg",
            "servSysBuildContractFilePath": null,
            "servSysOperContractFilePath": null,
            "dataHostingContractFilePath": null,
            "servHostingContractFilePath": null,
            "industryQualificationFilePath": null,
            "certificationFilePath": null,
            "escrowOrgName": null
        },
        "nbmsEntPO": null,
        "nbmsEntPrefixApplyPO": null,
        "needRelog": null,
        "applyStatus": 0
    }
}

2023-06-25 18:40:39.705 | INFO     | httprunner.client:request:217 - status_code: 200, response_time(ms): 213.73 ms, response_length: 0 bytes
2023-06-25 18:40:39.712 | INFO     | httprunner.response:extract:179 - extract mapping: {'applyId': 1394, 'userId': 1630, 'userName': 'w3E2lkF5HFXbig3G7BLB6LZTZ70NtJ4C', 'imgId_f': 2756, 'imgId_b': 2757, 'entId': None, 'entUserId': None, 'prefix': '88.408.8957309569', 'contactCrtNo': '133531198312121115', 'contactCrtType': 1, 'contactEmail': '2SnZCYRKdXTpVBaZ@qaqseq.com', 'contactName': 'w3E2lkF5HFXbig3G7BLB6LZTZ70NtJ4C', 'contactPhone': '11710303043', 'industryCategory': 'A', 'industrySpecific': '01', 'orgName': 'w3E2lkF5HFXbig3G7BLB6LZTZ70NtJ4C', 'orgNature': '1', 'orgAddrProvince': '110000', 'orgAddrCity': '110100', 'orgAddrCounty': '110101', 'orgAddr': '致真', 'orgCrtType': '1', 'orgCrtCode': 'w3E2lkF5HFXbig3G7BLB6LZTZ70NtJ4C', 'legalName': '张三', 'legalEmail': None, 'legalPhone': None, 'legalCrtType': '1', 'legalCrtNo': '133531198312121115', 'legalCrtFrontImgRid': 2756, 'legalCrtBackImgRid': 2757, 'orgCrtImgRid': 2755, 'imgId': 2755, 'orgNatureDesc': '国有控股', 'orgCategorySpecificDesc': '农、林、牧、渔业-农业', 'orgAddrProvinceDesc': '北京市', 'orgAddrCountyDesc': '东城区', 'orgAddrCityDesc': '市辖区', 'legalCrtTypeDesc': '中国居民身份证', 'createDate': '2023-06-25 18:40:40', 'updateDate': '2023-06-25 18:40:40', 'entInfoSyss_0_id': None, 'entInfoSyss_0_entApplyId': None, 'entApplyId': None, 'entInfoSyss_0_sysType': None, 'entInfoSyss_0_deployMode': None, 'entInfoSyss_0_deployAddr': None, 'entInfoSyss_0_deployAddrProvince': None, 'entInfoSyss_0_deployAddrCity': None, 'entInfoSyss_0_deployAddrCounty': None, 'entInfoSyss_1_id': None, 'entInfoSyss_1_entApplyId': None, 'entInfoSyss_1_sysType': None, 'entInfoSyss_1_deployMode': None, 'entInfoSyss_1_deployAddr': None, 'entInfoSyss_1_deployAddrProvince': None, 'entInfoSyss_1_deployAddrCity': None, 'entInfoSyss_1_deployAddrCounty': None, 'entInfoSyss_2_id': None, 'entInfoSyss_2_entApplyId': None, 'entInfoSyss_2_sysType': None, 'entInfoSyss_2_deployMode': None, 'entInfoSyss_2_deployAddr': None, 'entInfoSyss_2_deployAddrProvince': None, 'entInfoSyss_2_deployAddrCity': None, 'entInfoSyss_2_deployAddrCounty': None, 'entInfoSyss_3_id': None, 'entInfoSyss_3_entApplyId': None, 'entInfoSyss_3_sysType': None, 'entInfoSyss_3_deployMode': None, 'entInfoSyss_3_deployAddr': None, 'entInfoSyss_3_deployAddrProvince': None, 'entInfoSyss_3_deployAddrCity': None, 'entInfoSyss_3_deployAddrCounty': None}
2023-06-25 18:40:39.712 | INFO     | httprunner.response:validate:249 - assert status_code equal 200(int)	==> pass
2023-06-25 18:40:39.712 | INFO     | httprunner.response:validate:249 - assert body.message equal success(str)	==> pass
2023-06-25 18:40:39.712 | INFO     | httprunner.runner:__run_step:304 - run step end: 企业注册查询注册信息 <<<<<<

2023-06-25 18:40:39.713 | INFO     | httprunner.runner:__run_step_testcase:286 - export variables: {'legalCrtTypeDesc': '中国居民身份证', 'orgAddrProvince': '110000', 'entInfoSyss_3_deployMode': None, 'entInfoSyss_0_deployAddrCity': None, 'orgNature': '1', 'imgId': 2755, 'entInfoSyss_1_deployAddrCity': None, 'entInfoSyss_0_deployAddrProvince': None, 'entInfoSyss_0_sysType': None, 'entInfoSyss_3_deployAddrCounty': None, 'updateDate': '2023-06-25 18:40:40', 'entInfoSyss_1_entApplyId': None, 'contactName': 'w3E2lkF5HFXbig3G7BLB6LZTZ70NtJ4C', 'entInfoSyss_2_sysType': None, 'orgName': 'w3E2lkF5HFXbig3G7BLB6LZTZ70NtJ4C', 'applyId': 1394, 'entInfoSyss_1_deployAddrProvince': None, 'orgAddrProvinceDesc': '北京市', 'orgNatureDesc': '国有控股', 'entInfoSyss_0_deployAddrCounty': None, 'entInfoSyss_2_deployAddrCounty': None, 'entInfoSyss_2_id': None, 'imgId_f': 2756, 'entInfoSyss_0_id': None, 'industryCategory': 'A', 'createDate': '2023-06-25 18:40:40', 'orgAddr': '致真', 'entInfoSyss_1_deployMode': None, 'contactEmail': '2SnZCYRKdXTpVBaZ@qaqseq.com', 'entInfoSyss_2_deployMode': None, 'contactCrtNo': '133531198312121115', 'orgCrtType': '1', 'entInfoSyss_1_id': None, 'contactCrtType': 1, 'entUserId': None, 'prefix': '88.408.8957309569', 'orgCrtImgRid': 2755, 'entInfoSyss_0_entApplyId': None, 'entInfoSyss_2_entApplyId': None, 'userId': 1630, 'entInfoSyss_3_sysType': None, 'legalCrtNo': '133531198312121115', 'orgAddrCountyDesc': '东城区', 'entInfoSyss_0_deployMode': None, 'entInfoSyss_0_deployAddr': None, 'imgId_b': 2757, 'entInfoSyss_2_deployAddr': None, 'entInfoSyss_3_deployAddrProvince': None, 'userName': 'w3E2lkF5HFXbig3G7BLB6LZTZ70NtJ4C', 'orgCrtCode': 'w3E2lkF5HFXbig3G7BLB6LZTZ70NtJ4C', 'entInfoSyss_3_entApplyId': None, 'legalCrtFrontImgRid': 2756, 'entInfoSyss_2_deployAddrCity': None, 'legalCrtType': '1', 'industrySpecific': '01', 'contactPhone': '11710303043', 'legalName': '张三', 'orgAddrCityDesc': '市辖区', 'legalEmail': None, 'legalCrtBackImgRid': 2757, 'entInfoSyss_1_deployAddr': None, 'entInfoSyss_3_deployAddrCity': None, 'entInfoSyss_2_deployAddrProvince': None, 'entInfoSyss_3_id': None, 'entInfoSyss_1_sysType': None, 'entInfoSyss_1_deployAddrCounty': None, 'orgAddrCity': '110100', 'legalPhone': None, 'entApplyId': None, 'orgAddrCounty': '110101', 'orgCategorySpecificDesc': '农、林、牧、渔业-农业', 'entId': None, 'entInfoSyss_3_deployAddr': None}
2023-06-25 18:40:39.713 | INFO     | httprunner.runner:__run_step:304 - run step end: 企业注册查询注册信息 <<<<<<

2023-06-25 18:40:39.713 | INFO     | httprunner.runner:__run_step:292 - run step begin: 暂存企业注册第二步提交信息 >>>>>>
2023-06-25 18:40:39.714 | INFO     | httprunner.runner:__run_step:292 - run step begin: 暂存企业注册第二步提交信息 >>>>>>
2023-06-25 18:40:39.793 | DEBUG    | httprunner.client:request:186 - client IP: 127.0.0.1, Port: 55614
2023-06-25 18:40:39.794 | DEBUG    | httprunner.client:request:194 - server IP: 127.0.0.1, Port: 8888
2023-06-25 18:40:39.797 | DEBUG    | httprunner.client:log_print:40 - 
================== request details ==================
method   : POST
url      : http://139.198.116.76:8000/api/v3/entApply/registerManageInfo/storage
headers  : {
    "User-Agent": "Mozilla/5.0 (Macintosh; Intel Mac OS X 10_15_7) AppleWebKit/537.36 (KHTML, like Gecko) Chrome/105.0.0.0 Safari/537.36",
    "Accept-Encoding": "gzip, deflate",
    "Accept": "application/json, text/plain, */*",
    "Connection": "keep-alive",
    "Accept-Language": "zh-CN,zh;q=0.9",
    "Content-Type": "application/json;charset=UTF-8",
    "X-HTTP-Method-Override": "put",
    "HRUN-Request-ID": "HRUN-3418b6ac-b91a-4d5a-9337-e61ef4cebe1a-639715",
    "Cookie": "SESSION=ODBlMDI2NWMtMDhiMy00MDRkLWIwMGEtODljMjcyYjRkOTg0; SESSION=response.headers.\"Set-Cookie\".session",
    "Content-Length": "3322"
}
cookies  : {
    "SESSION": "ODBlMDI2NWMtMDhiMy00MDRkLWIwMGEtODljMjcyYjRkOTg0"
}
body     : {
    "applyStep": 2,
    "applyType": null,
    "cltrid": null,
    "contactCrtBackImgPath": null,
    "contactCrtBackImgRid": 2757,
    "contactCrtFrontImgPath": null,
    "contactCrtFrontImgRid": 2756,
    "contactCrtNo": "133531198312121115",
    "contactCrtType": 1,
    "contactEmail": "2SnZCYRKdXTpVBaZ@qaqseq.com",
    "contactName": "w3E2lkF5HFXbig3G7BLB6LZTZ70NtJ4C",
    "contactPhone": "11710303043",
    "createDate": "2023-06-25 18:40:40",
    "dataHostingContractFilePath": null,
    "dataHostingContractFileRid": null,
    "dataHostingOrg": null,
    "entGeneralId": null,
    "entInfoLicenses": [],
    "entInfoSerIndustrys": [],
    "entInfoSyss": [
        {
            "deployAddr": "暂存之后的部署地址",
            "deployAddrCity": "110100",
            "deployAddrCounty": "110101",
            "deployAddrProvince": "110000",
            "deployMode": 1,
            "ipPort": null,
            "name": null,
            "sysType": 1
        },
        {
            "deployAddr": "致真",
            "deployAddrCity": "110100",
            "deployAddrCounty": "110101",
            "deployAddrProvince": "110000",
            "deployMode": 1,
            "ipPort": null,
            "name": null,
            "sysType": 2
        },
        {
            "deployAddr": "天津",
            "deployAddrCity": "120100",
            "deployAddrCounty": "120101",
            "deployAddrProvince": "120000",
            "deployMode": 1,
            "ipPort": null,
            "name": null,
            "sysType": 3
        },
        {
            "deployAddr": "天津",
            "deployAddrCity": "120100",
            "deployAddrCounty": "120101",
            "deployAddrProvince": "120000",
            "deployMode": 1,
            "ipPort": null,
            "name": null,
            "sysType": 4
        }
    ],
    "entPrefix": "88.408.8957309569",
    "escrowId": null,
    "escrowOrgName": null,
    "establishDate": null,
    "extDomain": null,
    "extIpAddr": null,
    "extWebName": null,
    "finalAuditMsg": null,
    "finalAuditStatus": null,
    "firstAuditMsg": null,
    "firstAuditStatus": null,
    "id": 1394,
    "idRegNaImp": null,
    "industryCategory": "A",
    "industrySpecific": "01",
    "isSubmit": 0,
    "legalCrtBackImgContent": null,
    "legalCrtBackImgPath": null,
    "legalCrtBackImgRid": 2757,
    "legalCrtFrontImgContent": null,
    "legalCrtFrontImgPath": null,
    "legalCrtFrontImgRid": 2756,
    "legalCrtNo": "133531198312121115",
    "legalCrtType": "1",
    "legalCrtTypeDesc": "中国居民身份证",
    "legalEmail": null,
    "legalFax": null,
    "legalName": "张三",
    "legalPhone": null,
    "orgAddr": "致真",
    "orgAddrCity": "110100",
    "orgAddrCityDesc": "市辖区",
    "orgAddrCounty": "110101",
    "orgAddrCountyDesc": "东城区",
    "orgAddrProvince": "110000",
    "orgAddrProvinceDesc": "北京市",
    "orgCategorySpecificDesc": "农、林、牧、渔业-农业",
    "orgCrtCode": "w3E2lkF5HFXbig3G7BLB6LZTZ70NtJ4C",
    "orgCrtImgContent": null,
    "orgCrtImgPath": null,
    "orgCrtImgRid": 2755,
    "orgCrtType": "1",
    "orgDesc": null,
    "orgName": "w3E2lkF5HFXbig3G7BLB6LZTZ70NtJ4C",
    "orgNature": "1",
    "orgNatureDesc": "1",
    "periodValidity": null,
    "regAuthority": null,
    "regCapital": null,
    "regRealNaImpName": null,
    "regRealNaImpType": null,
    "servHostingContractFilePath": null,
    "servHostingContractFileRid": null,
    "servHostingOrg": null,
    "servSysBuildContractFilePath": null,
    "servSysBuildContractFileRid": null,
    "servSysBuildName": null,
    "servSysBuildType": 1,
    "servSysOperContractFilePath": null,
    "servSysOperContractFileRid": null,
    "servSysOperName": null,
    "servSysOperType": 1,
    "svtrid": null,
    "thirdServiceMsg": null,
    "thirdServiceStatus": null,
    "updateDate": "2023-06-25 18:40:40",
    "userId": 1630,
    "userName": "w3E2lkF5HFXbig3G7BLB6LZTZ70NtJ4C",
    "website": null
}

2023-06-25 18:40:39.798 | DEBUG    | httprunner.client:log_print:40 - 
================== response details ==================
status_code : 200
headers  : {
    "Server": "nginx",
    "Date": "Sun, 25 Jun 2023 10:40:39 GMT",
    "Content-Type": "application/json;charset=UTF-8",
    "Transfer-Encoding": "chunked",
    "X-Frame-Options": "SAMEORIGIN",
    "Connection": "keep-alive"
}
cookies  : {}
encoding : UTF-8
content_type : application/json;charset=UTF-8
body     : {
    "message": "success",
    "status": 1,
    "data": true
}

2023-06-25 18:40:39.798 | INFO     | httprunner.client:request:217 - status_code: 200, response_time(ms): 78.18 ms, response_length: 0 bytes
2023-06-25 18:40:39.798 | INFO     | httprunner.response:validate:249 - assert status_code equal 200(int)	==> pass
2023-06-25 18:40:39.798 | INFO     | httprunner.response:validate:249 - assert body.message equal success(str)	==> pass
2023-06-25 18:40:39.798 | INFO     | httprunner.runner:__run_step:304 - run step end: 暂存企业注册第二步提交信息 <<<<<<

2023-06-25 18:40:39.799 | INFO     | httprunner.runner:__run_step:304 - run step end: 暂存企业注册第二步提交信息 <<<<<<

