2023-06-26 10:32:58.173 | INFO     | httprunner.runner:test_start:450 - Start to run testcase: 企业注册第二步信息暂存用例集2, TestCase ID: 3c260666-03d3-4bd9-a7ab-3be7f376a3f8
2023-06-26 10:32:58.298 | INFO     | httprunner.runner:__run_step:292 - run step begin: 用户注册 >>>>>>
2023-06-26 10:32:58.298 | INFO     | httprunner.runner:__run_step:292 - run step begin: 用户注册 >>>>>>
2023-06-26 10:32:58.398 | DEBUG    | httprunner.client:request:186 - client IP: 127.0.0.1, Port: 50844
2023-06-26 10:32:58.399 | DEBUG    | httprunner.client:request:194 - server IP: 127.0.0.1, Port: 8888
2023-06-26 10:32:58.399 | DEBUG    | httprunner.client:log_print:40 - 
================== request details ==================
method   : POST
url      : http://139.198.116.76:8000/api/home/test/registry
headers  : {
    "User-Agent": "Mozilla/5.0 (Windows NT 10.0; WOW64) AppleWebKit/537.36 (KHTML, like Gecko) Chrome/100.0.4896.60 Safari/537.36",
    "Accept-Encoding": "gzip, deflate",
    "Accept": "application/json, text/plain, */*",
    "Connection": "keep-alive",
    "Accept-Language": "zh-CN,zh;q=0.9",
    "HRUN-Request-ID": "HRUN-3c260666-03d3-4bd9-a7ab-3be7f376a3f8-778298",
    "Content-Length": "187",
    "Content-Type": "application/json"
}
cookies  : {}
body     : {
    "email": "hQhxHn8CavgpAT19@qaqseq.com",
    "mobile": "13242008776",
    "openId": "",
    "openUserName": "",
    "password": "Admin@123",
    "remarks": "",
    "username": "yaLEkZaGpYfmgtSwn8do3am3mF3Trkyn"
}

2023-06-26 10:32:58.400 | DEBUG    | httprunner.client:log_print:40 - 
================== response details ==================
status_code : 200
headers  : {
    "Server": "nginx",
    "Date": "Mon, 26 Jun 2023 02:32:58 GMT",
    "Content-Type": "application/json",
    "Transfer-Encoding": "chunked",
    "X-Frame-Options": "SAMEORIGIN",
    "Connection": "keep-alive"
}
cookies  : {}
encoding : utf-8
content_type : application/json
body     : {
    "message": "success",
    "status": 1,
    "data": true
}

2023-06-26 10:32:58.401 | INFO     | httprunner.client:request:217 - status_code: 200, response_time(ms): 99.65 ms, response_length: 0 bytes
2023-06-26 10:32:58.401 | INFO     | httprunner.response:validate:249 - assert status_code equal 200(int)	==> pass
2023-06-26 10:32:58.401 | INFO     | httprunner.response:validate:249 - assert body.message equal success(str)	==> pass
2023-06-26 10:32:58.401 | INFO     | httprunner.response:validate:249 - assert body.status equal 1(int)	==> pass
2023-06-26 10:32:58.402 | INFO     | httprunner.response:validate:249 - assert body.message contains success(str)	==> pass
2023-06-26 10:32:58.402 | INFO     | httprunner.response:validate:249 - assert body.status contained_by [1, 200](list)	==> pass
2023-06-26 10:32:58.402 | INFO     | httprunner.runner:__run_step:304 - run step end: 用户注册 <<<<<<

2023-06-26 10:32:58.402 | INFO     | httprunner.runner:__run_step:304 - run step end: 用户注册 <<<<<<

2023-06-26 10:32:58.402 | INFO     | httprunner.runner:__run_step:292 - run step begin: 登录-企业 >>>>>>
2023-06-26 10:32:58.402 | INFO     | httprunner.runner:__run_step:292 - run step begin: 登录-企业用户 >>>>>>
2023-06-26 10:32:58.459 | DEBUG    | httprunner.client:request:186 - client IP: 127.0.0.1, Port: 50844
2023-06-26 10:32:58.460 | DEBUG    | httprunner.client:request:194 - server IP: 127.0.0.1, Port: 8888
2023-06-26 10:32:58.461 | DEBUG    | httprunner.client:log_print:40 - 
================== request details ==================
method   : POST
url      : http://139.198.116.76:8000/api/home/test/login
headers  : {
    "User-Agent": "python-requests/2.28.1",
    "Accept-Encoding": "gzip, deflate, br",
    "Accept": "*/*",
    "Connection": "keep-alive",
    "Content-Length": "170",
    "Content-Type": "application/json",
    "HRUN-Request-ID": "HRUN-3c260666-03d3-4bd9-a7ab-3be7f376a3f8-778403"
}
cookies  : {}
body     : {
    "captcha": "0000",
    "captchaSign": "b61344e5b24de3713fcdbf2807893db48c2cdbc5496306c7ac8f41c100ed30aa",
    "emailCaptcha": "",
    "username": "yaLEkZaGpYfmgtSwn8do3am3mF3Trkyn"
}

2023-06-26 10:32:58.461 | DEBUG    | httprunner.client:log_print:40 - 
================== response details ==================
status_code : 200
headers  : {
    "Server": "nginx",
    "Date": "Mon, 26 Jun 2023 02:32:58 GMT",
    "Content-Type": "application/json;charset=UTF-8",
    "Transfer-Encoding": "chunked",
    "Set-Cookie": "SESSION=ZTg0NDI5MDYtZWU2MS00OTQxLWIyY2QtMjA3ZDAzNjA0Zjk4; Path=/; HttpOnly; SameSite=Lax",
    "X-Frame-Options": "SAMEORIGIN",
    "Connection": "keep-alive"
}
cookies  : {
    "SESSION": "ZTg0NDI5MDYtZWU2MS00OTQxLWIyY2QtMjA3ZDAzNjA0Zjk4"
}
encoding : UTF-8
content_type : application/json;charset=UTF-8
body     : {
    "message": "success",
    "status": 1,
    "data": true
}

2023-06-26 10:32:58.462 | INFO     | httprunner.client:request:217 - status_code: 200, response_time(ms): 56.67 ms, response_length: 0 bytes
2023-06-26 10:32:58.462 | INFO     | httprunner.response:extract:179 - extract mapping: {'entSession': 'response.headers."Set-Cookie".session'}
2023-06-26 10:32:58.462 | INFO     | httprunner.response:validate:249 - assert status_code equal 200(int)	==> pass
2023-06-26 10:32:58.463 | INFO     | httprunner.response:validate:249 - assert headers."Content-Type" equal application/json;charset=UTF-8(str)	==> pass
2023-06-26 10:32:58.463 | INFO     | httprunner.response:validate:249 - assert body.message equal success(str)	==> pass
2023-06-26 10:32:58.463 | INFO     | httprunner.response:validate:249 - assert body.status equal 1(int)	==> pass
2023-06-26 10:32:58.463 | INFO     | httprunner.response:validate:249 - assert body.data equal True(bool)	==> pass
2023-06-26 10:32:58.463 | INFO     | httprunner.runner:__run_step:304 - run step end: 登录-企业用户 <<<<<<

2023-06-26 10:32:58.464 | INFO     | httprunner.runner:__run_step_testcase:286 - export variables: {'entSession': 'response.headers."Set-Cookie".session'}
2023-06-26 10:32:58.464 | INFO     | httprunner.runner:__run_step:304 - run step end: 登录-企业 <<<<<<

2023-06-26 10:32:58.464 | INFO     | httprunner.runner:__run_step:292 - run step begin: 前缀注册企业资质图片上传 >>>>>>
2023-06-26 10:32:58.464 | INFO     | httprunner.runner:__run_step:292 - run step begin: 前缀注册企业资质图片上传 >>>>>>
2023-06-26 10:32:58.663 | DEBUG    | httprunner.client:request:186 - client IP: 127.0.0.1, Port: 50844
2023-06-26 10:32:58.664 | DEBUG    | httprunner.client:request:194 - server IP: 127.0.0.1, Port: 8888
2023-06-26 10:32:58.665 | DEBUG    | httprunner.client:log_print:40 - 
================== request details ==================
method   : POST
url      : http://139.198.116.76:8000/api/file/img/upload
headers  : {
    "User-Agent": "Mozilla/5.0 (Macintosh; Intel Mac OS X 10_15_7) AppleWebKit/537.36 (KHTML, like Gecko) Chrome/105.0.0.0 Safari/537.36",
    "Accept-Encoding": "gzip, deflate",
    "Accept": "application/json, text/plain, */*",
    "Connection": "keep-alive",
    "Accept-Language": "zh-CN,zh;q=0.9",
    "Content-Type": "multipart/form-data; boundary=5ea78844eb124706ab7925ff825c5c87",
    "HRUN-Request-ID": "HRUN-3c260666-03d3-4bd9-a7ab-3be7f376a3f8-778465",
    "Cookie": "SESSION=ZTg0NDI5MDYtZWU2MS00OTQxLWIyY2QtMjA3ZDAzNjA0Zjk4; SESSION=response.headers.\"Set-Cookie\".session",
    "Content-Length": "20435"
}
cookies  : {
    "SESSION": "ZTg0NDI5MDYtZWU2MS00OTQxLWIyY2QtMjA3ZDAzNjA0Zjk4"
}
body     : upload file stream (OMITTED)

2023-06-26 10:32:58.665 | DEBUG    | httprunner.client:log_print:40 - 
================== response details ==================
status_code : 200
headers  : {
    "Server": "nginx",
    "Date": "Mon, 26 Jun 2023 02:32:58 GMT",
    "Content-Type": "application/json;charset=UTF-8",
    "Transfer-Encoding": "chunked",
    "X-Frame-Options": "SAMEORIGIN",
    "Connection": "keep-alive"
}
cookies  : {}
encoding : UTF-8
content_type : application/json;charset=UTF-8
body     : {
    "message": "success",
    "status": 1,
    "data": {
        "id": 2932,
        "path": "3ad93663-ae67-49cd-b221-9ffc27ebf302.jpeg"
    }
}

2023-06-26 10:32:58.666 | INFO     | httprunner.client:request:217 - status_code: 200, response_time(ms): 198.64 ms, response_length: 0 bytes
2023-06-26 10:32:58.666 | INFO     | httprunner.response:extract:179 - extract mapping: {'imgId': 2932}
2023-06-26 10:32:58.667 | INFO     | httprunner.response:validate:249 - assert status_code equal 200(int)	==> pass
2023-06-26 10:32:58.667 | INFO     | httprunner.runner:__run_step:304 - run step end: 前缀注册企业资质图片上传 <<<<<<

2023-06-26 10:32:58.667 | INFO     | httprunner.runner:__run_step_testcase:286 - export variables: {'imgId': 2932}
2023-06-26 10:32:58.667 | INFO     | httprunner.runner:__run_step:304 - run step end: 前缀注册企业资质图片上传 <<<<<<

2023-06-26 10:32:58.667 | INFO     | httprunner.runner:__run_step:292 - run step begin: 前缀注册企业联系人身份证图片正面上传 >>>>>>
2023-06-26 10:32:58.668 | INFO     | httprunner.runner:__run_step:292 - run step begin: 前缀注册企业联系人身份证图片背面上传 >>>>>>
2023-06-26 10:32:58.804 | DEBUG    | httprunner.client:request:186 - client IP: 127.0.0.1, Port: 50844
2023-06-26 10:32:58.805 | DEBUG    | httprunner.client:request:194 - server IP: 127.0.0.1, Port: 8888
2023-06-26 10:32:58.805 | DEBUG    | httprunner.client:log_print:40 - 
================== request details ==================
method   : POST
url      : http://139.198.116.76:8000/api/file/img/upload
headers  : {
    "User-Agent": "Mozilla/5.0 (Macintosh; Intel Mac OS X 10_15_7) AppleWebKit/537.36 (KHTML, like Gecko) Chrome/105.0.0.0 Safari/537.36",
    "Accept-Encoding": "gzip, deflate",
    "Accept": "application/json, text/plain, */*",
    "Connection": "keep-alive",
    "Accept-Language": "zh-CN,zh;q=0.9",
    "Content-Type": "multipart/form-data; boundary=6c6ddf11cb4447849aa84b17b6989cf8",
    "HRUN-Request-ID": "HRUN-3c260666-03d3-4bd9-a7ab-3be7f376a3f8-778668",
    "Cookie": "SESSION=ZTg0NDI5MDYtZWU2MS00OTQxLWIyY2QtMjA3ZDAzNjA0Zjk4; SESSION=response.headers.\"Set-Cookie\".session",
    "Content-Length": "20435"
}
cookies  : {
    "SESSION": "ZTg0NDI5MDYtZWU2MS00OTQxLWIyY2QtMjA3ZDAzNjA0Zjk4"
}
body     : upload file stream (OMITTED)

2023-06-26 10:32:58.806 | DEBUG    | httprunner.client:log_print:40 - 
================== response details ==================
status_code : 200
headers  : {
    "Server": "nginx",
    "Date": "Mon, 26 Jun 2023 02:32:58 GMT",
    "Content-Type": "application/json;charset=UTF-8",
    "Transfer-Encoding": "chunked",
    "X-Frame-Options": "SAMEORIGIN",
    "Connection": "keep-alive"
}
cookies  : {}
encoding : UTF-8
content_type : application/json;charset=UTF-8
body     : {
    "message": "success",
    "status": 1,
    "data": {
        "id": 2933,
        "path": "38d5abc4-90fc-4520-98eb-41b3ba1d4668.jpeg"
    }
}

2023-06-26 10:32:58.806 | INFO     | httprunner.client:request:217 - status_code: 200, response_time(ms): 136.07 ms, response_length: 0 bytes
2023-06-26 10:32:58.807 | INFO     | httprunner.response:extract:179 - extract mapping: {'imgId_f': 2933}
2023-06-26 10:32:58.807 | INFO     | httprunner.response:validate:249 - assert status_code equal 200(int)	==> pass
2023-06-26 10:32:58.807 | INFO     | httprunner.runner:__run_step:304 - run step end: 前缀注册企业联系人身份证图片背面上传 <<<<<<

2023-06-26 10:32:58.807 | INFO     | httprunner.runner:__run_step_testcase:286 - export variables: {'imgId_f': 2933}
2023-06-26 10:32:58.808 | INFO     | httprunner.runner:__run_step:304 - run step end: 前缀注册企业联系人身份证图片正面上传 <<<<<<

2023-06-26 10:32:58.808 | INFO     | httprunner.runner:__run_step:292 - run step begin: 前缀注册企业联系人身份证图片背面上传 >>>>>>
2023-06-26 10:32:58.808 | INFO     | httprunner.runner:__run_step:292 - run step begin: 前缀注册企业联系人身份证图片背面上传 >>>>>>
2023-06-26 10:32:58.919 | DEBUG    | httprunner.client:request:186 - client IP: 127.0.0.1, Port: 50844
2023-06-26 10:32:58.920 | DEBUG    | httprunner.client:request:194 - server IP: 127.0.0.1, Port: 8888
2023-06-26 10:32:58.921 | DEBUG    | httprunner.client:log_print:40 - 
================== request details ==================
method   : POST
url      : http://139.198.116.76:8000/api/file/img/upload
headers  : {
    "User-Agent": "Mozilla/5.0 (Macintosh; Intel Mac OS X 10_15_7) AppleWebKit/537.36 (KHTML, like Gecko) Chrome/105.0.0.0 Safari/537.36",
    "Accept-Encoding": "gzip, deflate",
    "Accept": "application/json, text/plain, */*",
    "Connection": "keep-alive",
    "Accept-Language": "zh-CN,zh;q=0.9",
    "Content-Type": "multipart/form-data; boundary=4d74600a78af4a7ab0f3b6ad56f200cb",
    "HRUN-Request-ID": "HRUN-3c260666-03d3-4bd9-a7ab-3be7f376a3f8-778808",
    "Cookie": "SESSION=ZTg0NDI5MDYtZWU2MS00OTQxLWIyY2QtMjA3ZDAzNjA0Zjk4; SESSION=response.headers.\"Set-Cookie\".session",
    "Content-Length": "20435"
}
cookies  : {
    "SESSION": "ZTg0NDI5MDYtZWU2MS00OTQxLWIyY2QtMjA3ZDAzNjA0Zjk4"
}
body     : upload file stream (OMITTED)

2023-06-26 10:32:58.922 | DEBUG    | httprunner.client:log_print:40 - 
================== response details ==================
status_code : 200
headers  : {
    "Server": "nginx",
    "Date": "Mon, 26 Jun 2023 02:32:59 GMT",
    "Content-Type": "application/json;charset=UTF-8",
    "Transfer-Encoding": "chunked",
    "X-Frame-Options": "SAMEORIGIN",
    "Connection": "keep-alive"
}
cookies  : {}
encoding : UTF-8
content_type : application/json;charset=UTF-8
body     : {
    "message": "success",
    "status": 1,
    "data": {
        "id": 2934,
        "path": "0c7ea558-8479-4746-a9f2-7e84cd193b7d.jpeg"
    }
}

2023-06-26 10:32:58.922 | INFO     | httprunner.client:request:217 - status_code: 200, response_time(ms): 110.97 ms, response_length: 0 bytes
2023-06-26 10:32:58.923 | INFO     | httprunner.response:extract:179 - extract mapping: {'imgId_b': 2934}
2023-06-26 10:32:58.923 | INFO     | httprunner.response:validate:249 - assert status_code equal 200(int)	==> pass
2023-06-26 10:32:58.923 | INFO     | httprunner.runner:__run_step:304 - run step end: 前缀注册企业联系人身份证图片背面上传 <<<<<<

2023-06-26 10:32:58.924 | INFO     | httprunner.runner:__run_step_testcase:286 - export variables: {'imgId_b': 2934}
2023-06-26 10:32:58.924 | INFO     | httprunner.runner:__run_step:304 - run step end: 前缀注册企业联系人身份证图片背面上传 <<<<<<

2023-06-26 10:32:58.924 | INFO     | httprunner.runner:__run_step:292 - run step begin: 企业注册第一步提交信息 >>>>>>
2023-06-26 10:32:58.925 | INFO     | httprunner.runner:__run_step:292 - run step begin: 企业注册第一步提交信息 >>>>>>
2023-06-26 10:32:59.255 | DEBUG    | httprunner.client:request:186 - client IP: 127.0.0.1, Port: 50844
2023-06-26 10:32:59.255 | DEBUG    | httprunner.client:request:194 - server IP: 127.0.0.1, Port: 8888
2023-06-26 10:32:59.257 | DEBUG    | httprunner.client:log_print:40 - 
================== request details ==================
method   : POST
url      : http://139.198.116.76:8000/api/v3/entApply/basicInfo/submit
headers  : {
    "User-Agent": "Mozilla/5.0 (Macintosh; Intel Mac OS X 10_15_7) AppleWebKit/537.36 (KHTML, like Gecko) Chrome/105.0.0.0 Safari/537.36",
    "Accept-Encoding": "gzip, deflate",
    "Accept": "application/json, text/plain, */*",
    "Connection": "keep-alive",
    "Accept-Language": "zh-CN,zh;q=0.9",
    "Content-Type": "application/json;charset=UTF-8",
    "HRUN-Request-ID": "HRUN-3c260666-03d3-4bd9-a7ab-3be7f376a3f8-778925",
    "Cookie": "SESSION=ZTg0NDI5MDYtZWU2MS00OTQxLWIyY2QtMjA3ZDAzNjA0Zjk4; SESSION=response.headers.\"Set-Cookie\".session",
    "Content-Length": "2555"
}
cookies  : {
    "SESSION": "ZTg0NDI5MDYtZWU2MS00OTQxLWIyY2QtMjA3ZDAzNjA0Zjk4"
}
body     : {
    "applyStep": 2,
    "applyType": null,
    "area": [
        "110000",
        "110100",
        "110101"
    ],
    "cltrid": null,
    "contactCrtBackImgPath": null,
    "contactCrtBackImgRid": 2934,
    "contactCrtFrontImgPath": null,
    "contactCrtFrontImgRid": 2933,
    "contactCrtNo": "623218196410261512",
    "contactCrtType": 1,
    "contactEmail": "hQhxHn8CavgpAT19@qaqseq.com",
    "contactName": "yaLEkZaGpYfmgtSwn8do3am3mF3Trkyn",
    "contactPhone": "13242008776",
    "createDate": null,
    "dataHostingContractFilePath": null,
    "dataHostingContractFileRid": null,
    "dataHostingOrg": null,
    "entGeneralId": null,
    "entInfoLicenses": [],
    "entInfoSerIndustrys": [],
    "entPrefix": "88.408.3901574769",
    "escrowId": null,
    "escrowOrgName": null,
    "establishDate": null,
    "extDomain": null,
    "extIpAddr": null,
    "extWebName": null,
    "finalAuditMsg": null,
    "finalAuditStatus": null,
    "firstAuditMsg": null,
    "firstAuditStatus": null,
    "id": null,
    "idRegNaImp": null,
    "industry": [
        "A",
        "01"
    ],
    "industryCategory": "A",
    "industrySpecific": "01",
    "isSubmit": 0,
    "legalCrtBackImgContent": null,
    "legalCrtBackImgPath": null,
    "legalCrtBackImgRid": 2934,
    "legalCrtFrontImgContent": null,
    "legalCrtFrontImgPath": null,
    "legalCrtFrontImgRid": 2933,
    "legalCrtNo": "623218196410261512",
    "legalCrtType": "1",
    "legalCrtTypeDesc": "中国居民身份证",
    "legalEmail": null,
    "legalFax": null,
    "legalName": "张三",
    "legalPhone": null,
    "orgAddr": "致真",
    "orgAddrCity": "110100",
    "orgAddrCityDesc": "市辖区",
    "orgAddrCounty": "110101",
    "orgAddrCountyDesc": "东城区",
    "orgAddrProvince": "110000",
    "orgAddrProvinceDesc": "北京市",
    "orgCategorySpecificDesc": "农、林、牧、渔业-农业",
    "orgCrtCode": "yaLEkZaGpYfmgtSwn8do3am3mF3Trkyn",
    "orgCrtImgContent": null,
    "orgCrtImgPath": null,
    "orgCrtImgRid": 2932,
    "orgCrtType": "1",
    "orgDesc": null,
    "orgName": "yaLEkZaGpYfmgtSwn8do3am3mF3Trkyn",
    "orgNature": "1",
    "orgNatureDesc": "国有控股",
    "periodValidity": null,
    "regAuthority": null,
    "regCapital": null,
    "regRealNaImpName": null,
    "regRealNaImpType": null,
    "servHostingContractFilePath": null,
    "servHostingContractFileRid": null,
    "servHostingOrg": null,
    "servSysBuildContractFilePath": null,
    "servSysBuildContractFileRid": null,
    "servSysBuildName": null,
    "servSysBuildType": 1,
    "servSysOperContractFilePath": null,
    "servSysOperContractFileRid": null,
    "servSysOperName": null,
    "servSysOperType": 1,
    "svtrid": null,
    "thirdServiceMsg": null,
    "thirdServiceStatus": null,
    "updateDate": null,
    "userId": null,
    "userName": null,
    "website": null
}

2023-06-26 10:32:59.258 | DEBUG    | httprunner.client:log_print:40 - 
================== response details ==================
status_code : 200
headers  : {
    "Server": "nginx",
    "Date": "Mon, 26 Jun 2023 02:32:59 GMT",
    "Content-Type": "application/json;charset=UTF-8",
    "Transfer-Encoding": "chunked",
    "X-Frame-Options": "SAMEORIGIN",
    "Connection": "keep-alive"
}
cookies  : {}
encoding : UTF-8
content_type : application/json;charset=UTF-8
body     : {
    "message": "success",
    "status": 1,
    "data": true
}

2023-06-26 10:32:59.258 | INFO     | httprunner.client:request:217 - status_code: 200, response_time(ms): 329.76 ms, response_length: 0 bytes
2023-06-26 10:32:59.259 | INFO     | httprunner.response:validate:249 - assert status_code equal 200(int)	==> pass
2023-06-26 10:32:59.259 | INFO     | httprunner.response:validate:249 - assert body.message equal success(str)	==> pass
2023-06-26 10:32:59.259 | INFO     | httprunner.runner:__run_step:304 - run step end: 企业注册第一步提交信息 <<<<<<

2023-06-26 10:32:59.259 | INFO     | httprunner.runner:__run_step:304 - run step end: 企业注册第一步提交信息 <<<<<<

2023-06-26 10:32:59.259 | INFO     | httprunner.runner:__run_step:292 - run step begin: 企业注册查询注册信息 >>>>>>
2023-06-26 10:32:59.259 | INFO     | httprunner.runner:__run_step:292 - run step begin: 企业注册查询注册信息 >>>>>>
2023-06-26 10:32:59.330 | DEBUG    | httprunner.client:request:186 - client IP: 127.0.0.1, Port: 50844
2023-06-26 10:32:59.330 | DEBUG    | httprunner.client:request:194 - server IP: 127.0.0.1, Port: 8888
2023-06-26 10:32:59.331 | DEBUG    | httprunner.client:log_print:40 - 
================== request details ==================
method   : GET
url      : http://139.198.116.76:8000/api/v3/entApply/applyOrNot
headers  : {
    "User-Agent": "Mozilla/5.0 (Macintosh; Intel Mac OS X 10_15_7) AppleWebKit/537.36 (KHTML, like Gecko) Chrome/105.0.0.0 Safari/537.36",
    "Accept-Encoding": "gzip, deflate",
    "Accept": "application/json, text/plain, */*",
    "Connection": "keep-alive",
    "Accept-Language": "zh-CN,zh;q=0.9",
    "HRUN-Request-ID": "HRUN-3c260666-03d3-4bd9-a7ab-3be7f376a3f8-779260",
    "Cookie": "SESSION=ZTg0NDI5MDYtZWU2MS00OTQxLWIyY2QtMjA3ZDAzNjA0Zjk4; SESSION=response.headers.\"Set-Cookie\".session"
}
cookies  : {
    "SESSION": "ZTg0NDI5MDYtZWU2MS00OTQxLWIyY2QtMjA3ZDAzNjA0Zjk4"
}
body     : None

2023-06-26 10:32:59.334 | DEBUG    | httprunner.client:log_print:40 - 
================== response details ==================
status_code : 200
headers  : {
    "Server": "nginx",
    "Date": "Mon, 26 Jun 2023 02:32:59 GMT",
    "Content-Type": "application/json;charset=UTF-8",
    "Transfer-Encoding": "chunked",
    "X-Frame-Options": "SAMEORIGIN",
    "Connection": "keep-alive"
}
cookies  : {}
encoding : UTF-8
content_type : application/json;charset=UTF-8
body     : {
    "message": "success",
    "status": 1,
    "data": {
        "nbmsEntApplyPO": {
            "id": 1450,
            "createDate": "2023-06-26 10:32:59",
            "updateDate": "2023-06-26 10:32:59",
            "applyType": null,
            "entGeneralId": null,
            "applyStep": 2,
            "isSubmit": 0,
            "entPrefix": "88.408.3901574769",
            "firstAuditStatus": null,
            "firstAuditMsg": null,
            "thirdServiceStatus": null,
            "thirdServiceMsg": null,
            "userName": "yaLEkZaGpYfmgtSwn8do3am3mF3Trkyn",
            "finalAuditStatus": null,
            "finalAuditMsg": null,
            "svtrid": null,
            "cltrid": null,
            "userId": 1685,
            "orgName": "yaLEkZaGpYfmgtSwn8do3am3mF3Trkyn",
            "orgNature": "1",
            "orgAddrProvince": "110000",
            "orgAddrCity": "110100",
            "orgAddrCounty": "110101",
            "orgAddr": "致真",
            "orgCrtType": "1",
            "orgCrtCode": "yaLEkZaGpYfmgtSwn8do3am3mF3Trkyn",
            "legalName": "张三",
            "legalCrtType": "1",
            "legalCrtNo": "623218196410261512",
            "orgDesc": null,
            "industryCategory": "A",
            "industrySpecific": "01",
            "contactName": "yaLEkZaGpYfmgtSwn8do3am3mF3Trkyn",
            "contactPhone": "13242008776",
            "contactCrtType": 1,
            "contactCrtNo": "623218196410261512",
            "contactEmail": "hQhxHn8CavgpAT19@qaqseq.com",
            "website": null,
            "regAuthority": null,
            "regCapital": null,
            "establishDate": null,
            "periodValidity": null,
            "legalEmail": null,
            "legalPhone": null,
            "legalFax": null,
            "servSysBuildType": null,
            "servSysBuildName": null,
            "servSysOperType": null,
            "servSysOperName": null,
            "dataHostingOrg": null,
            "servHostingOrg": null,
            "regRealNaImpType": null,
            "regRealNaImpName": null,
            "idRegNaImp": null,
            "extWebName": null,
            "extDomain": null,
            "extIpAddr": null,
            "orgCrtImgRid": 2932,
            "contactCrtFrontImgRid": 2933,
            "contactCrtBackImgRid": 2934,
            "legalCrtFrontImgRid": 2933,
            "legalCrtBackImgRid": 2934,
            "servSysBuildContractFileRid": null,
            "servSysOperContractFileRid": null,
            "dataHostingContractFileRid": null,
            "servHostingContractFileRid": null,
            "entInfoLicenses": [],
            "entInfoSyss": [],
            "entInfoSerIndustrys": [],
            "escrowId": null,
            "industryQualificationRid": null,
            "certificationRid": null,
            "openingBank": null,
            "bankCard": null,
            "verificationName": null,
            "orgNatureDesc": "国有控股",
            "orgCrtImgContent": null,
            "orgCategorySpecificDesc": "农、林、牧、渔业-农业",
            "orgAddrProvinceDesc": "北京市",
            "orgAddrCountyDesc": "东城区",
            "orgAddrCityDesc": "市辖区",
            "legalCrtTypeDesc": "中国居民身份证",
            "legalCrtFrontImgContent": null,
            "legalCrtBackImgContent": null,
            "orgCrtImgPath": "3ad93663-ae67-49cd-b221-9ffc27ebf302.jpeg",
            "contactCrtFrontImgPath": "38d5abc4-90fc-4520-98eb-41b3ba1d4668.jpeg",
            "contactCrtBackImgPath": "0c7ea558-8479-4746-a9f2-7e84cd193b7d.jpeg",
            "legalCrtFrontImgPath": "38d5abc4-90fc-4520-98eb-41b3ba1d4668.jpeg",
            "legalCrtBackImgPath": "0c7ea558-8479-4746-a9f2-7e84cd193b7d.jpeg",
            "servSysBuildContractFilePath": null,
            "servSysOperContractFilePath": null,
            "dataHostingContractFilePath": null,
            "servHostingContractFilePath": null,
            "industryQualificationFilePath": null,
            "certificationFilePath": null,
            "escrowOrgName": null
        },
        "nbmsEntPO": null,
        "nbmsEntPrefixApplyPO": null,
        "needRelog": null,
        "applyStatus": 0
    }
}

2023-06-26 10:32:59.334 | INFO     | httprunner.client:request:217 - status_code: 200, response_time(ms): 69.96 ms, response_length: 0 bytes
2023-06-26 10:32:59.339 | INFO     | httprunner.response:extract:179 - extract mapping: {'applyId': 1450, 'userId': 1685, 'userName': 'yaLEkZaGpYfmgtSwn8do3am3mF3Trkyn', 'imgId_f': 2933, 'imgId_b': 2934, 'entId': None, 'entUserId': None, 'prefix': '88.408.3901574769', 'contactCrtNo': '623218196410261512', 'contactCrtType': 1, 'contactEmail': 'hQhxHn8CavgpAT19@qaqseq.com', 'contactName': 'yaLEkZaGpYfmgtSwn8do3am3mF3Trkyn', 'contactPhone': '13242008776', 'industryCategory': 'A', 'industrySpecific': '01', 'orgName': 'yaLEkZaGpYfmgtSwn8do3am3mF3Trkyn', 'orgNature': '1', 'orgAddrProvince': '110000', 'orgAddrCity': '110100', 'orgAddrCounty': '110101', 'orgAddr': '致真', 'orgCrtType': '1', 'orgCrtCode': 'yaLEkZaGpYfmgtSwn8do3am3mF3Trkyn', 'legalName': '张三', 'legalEmail': None, 'legalPhone': None, 'legalCrtType': '1', 'legalCrtNo': '623218196410261512', 'legalCrtFrontImgRid': 2933, 'legalCrtBackImgRid': 2934, 'orgCrtImgRid': 2932, 'imgId': 2932, 'orgNatureDesc': '国有控股', 'orgCategorySpecificDesc': '农、林、牧、渔业-农业', 'orgAddrProvinceDesc': '北京市', 'orgAddrCountyDesc': '东城区', 'orgAddrCityDesc': '市辖区', 'legalCrtTypeDesc': '中国居民身份证', 'createDate': '2023-06-26 10:32:59', 'updateDate': '2023-06-26 10:32:59', 'entInfoSyss_0_id': None, 'entInfoSyss_0_entApplyId': None, 'entApplyId': None, 'entInfoSyss_0_sysType': None, 'entInfoSyss_0_deployMode': None, 'entInfoSyss_0_deployAddr': None, 'entInfoSyss_0_deployAddrProvince': None, 'entInfoSyss_0_deployAddrCity': None, 'entInfoSyss_0_deployAddrCounty': None, 'entInfoSyss_1_id': None, 'entInfoSyss_1_entApplyId': None, 'entInfoSyss_1_sysType': None, 'entInfoSyss_1_deployMode': None, 'entInfoSyss_1_deployAddr': None, 'entInfoSyss_1_deployAddrProvince': None, 'entInfoSyss_1_deployAddrCity': None, 'entInfoSyss_1_deployAddrCounty': None, 'entInfoSyss_2_id': None, 'entInfoSyss_2_entApplyId': None, 'entInfoSyss_2_sysType': None, 'entInfoSyss_2_deployMode': None, 'entInfoSyss_2_deployAddr': None, 'entInfoSyss_2_deployAddrProvince': None, 'entInfoSyss_2_deployAddrCity': None, 'entInfoSyss_2_deployAddrCounty': None, 'entInfoSyss_3_id': None, 'entInfoSyss_3_entApplyId': None, 'entInfoSyss_3_sysType': None, 'entInfoSyss_3_deployMode': None, 'entInfoSyss_3_deployAddr': None, 'entInfoSyss_3_deployAddrProvince': None, 'entInfoSyss_3_deployAddrCity': None, 'entInfoSyss_3_deployAddrCounty': None}
2023-06-26 10:32:59.340 | INFO     | httprunner.response:validate:249 - assert status_code equal 200(int)	==> pass
2023-06-26 10:32:59.340 | INFO     | httprunner.response:validate:249 - assert body.message equal success(str)	==> pass
2023-06-26 10:32:59.340 | INFO     | httprunner.runner:__run_step:304 - run step end: 企业注册查询注册信息 <<<<<<

2023-06-26 10:32:59.340 | INFO     | httprunner.runner:__run_step_testcase:286 - export variables: {'entInfoSyss_2_deployAddr': None, 'orgAddrCountyDesc': '东城区', 'entInfoSyss_3_deployAddrCity': None, 'entInfoSyss_3_deployAddrCounty': None, 'legalCrtTypeDesc': '中国居民身份证', 'entInfoSyss_0_entApplyId': None, 'orgCategorySpecificDesc': '农、林、牧、渔业-农业', 'legalCrtNo': '623218196410261512', 'entInfoSyss_3_entApplyId': None, 'entInfoSyss_0_sysType': None, 'orgAddrCityDesc': '市辖区', 'entUserId': None, 'entInfoSyss_3_id': None, 'entInfoSyss_2_deployMode': None, 'entInfoSyss_0_deployAddrCounty': None, 'orgAddrCity': '110100', 'entInfoSyss_0_deployAddrProvince': None, 'entInfoSyss_2_id': None, 'entId': None, 'entInfoSyss_3_deployAddrProvince': None, 'entInfoSyss_0_id': None, 'orgCrtCode': 'yaLEkZaGpYfmgtSwn8do3am3mF3Trkyn', 'orgNatureDesc': '国有控股', 'imgId_f': 2933, 'entInfoSyss_0_deployAddrCity': None, 'entInfoSyss_1_deployAddr': None, 'entInfoSyss_1_entApplyId': None, 'userId': 1685, 'legalEmail': None, 'legalCrtFrontImgRid': 2933, 'orgAddrProvinceDesc': '北京市', 'entInfoSyss_3_sysType': None, 'entInfoSyss_2_deployAddrProvince': None, 'createDate': '2023-06-26 10:32:59', 'entInfoSyss_1_deployAddrCounty': None, 'contactEmail': 'hQhxHn8CavgpAT19@qaqseq.com', 'userName': 'yaLEkZaGpYfmgtSwn8do3am3mF3Trkyn', 'legalName': '张三', 'orgName': 'yaLEkZaGpYfmgtSwn8do3am3mF3Trkyn', 'entApplyId': None, 'entInfoSyss_1_deployMode': None, 'entInfoSyss_2_entApplyId': None, 'entInfoSyss_1_sysType': None, 'entInfoSyss_0_deployAddr': None, 'entInfoSyss_3_deployAddr': None, 'entInfoSyss_3_deployMode': None, 'entInfoSyss_1_deployAddrProvince': None, 'contactCrtNo': '623218196410261512', 'legalCrtType': '1', 'legalCrtBackImgRid': 2934, 'contactCrtType': 1, 'updateDate': '2023-06-26 10:32:59', 'orgAddrCounty': '110101', 'orgCrtImgRid': 2932, 'contactPhone': '13242008776', 'entInfoSyss_1_id': None, 'industrySpecific': '01', 'orgAddr': '致真', 'entInfoSyss_1_deployAddrCity': None, 'orgNature': '1', 'orgCrtType': '1', 'entInfoSyss_2_deployAddrCounty': None, 'imgId': 2932, 'legalPhone': None, 'entInfoSyss_0_deployMode': None, 'entInfoSyss_2_sysType': None, 'entInfoSyss_2_deployAddrCity': None, 'industryCategory': 'A', 'imgId_b': 2934, 'contactName': 'yaLEkZaGpYfmgtSwn8do3am3mF3Trkyn', 'prefix': '88.408.3901574769', 'orgAddrProvince': '110000', 'applyId': 1450}
2023-06-26 10:32:59.340 | INFO     | httprunner.runner:__run_step:304 - run step end: 企业注册查询注册信息 <<<<<<

2023-06-26 10:32:59.340 | INFO     | httprunner.runner:__run_step:292 - run step begin: 暂存企业注册第二步提交信息 >>>>>>
2023-06-26 10:32:59.340 | INFO     | httprunner.runner:__run_step:292 - run step begin: 暂存企业注册第二步提交信息 >>>>>>
2023-06-26 10:32:59.421 | DEBUG    | httprunner.client:request:186 - client IP: 127.0.0.1, Port: 50844
2023-06-26 10:32:59.422 | DEBUG    | httprunner.client:request:194 - server IP: 127.0.0.1, Port: 8888
2023-06-26 10:32:59.423 | DEBUG    | httprunner.client:log_print:40 - 
================== request details ==================
method   : POST
url      : http://139.198.116.76:8000/api/v3/entApply/registerManageInfo/storage
headers  : {
    "User-Agent": "Mozilla/5.0 (Macintosh; Intel Mac OS X 10_15_7) AppleWebKit/537.36 (KHTML, like Gecko) Chrome/105.0.0.0 Safari/537.36",
    "Accept-Encoding": "gzip, deflate",
    "Accept": "application/json, text/plain, */*",
    "Connection": "keep-alive",
    "Accept-Language": "zh-CN,zh;q=0.9",
    "Content-Type": "application/json;charset=UTF-8",
    "X-HTTP-Method-Override": "put",
    "HRUN-Request-ID": "HRUN-3c260666-03d3-4bd9-a7ab-3be7f376a3f8-779341",
    "Cookie": "SESSION=ZTg0NDI5MDYtZWU2MS00OTQxLWIyY2QtMjA3ZDAzNjA0Zjk4; SESSION=response.headers.\"Set-Cookie\".session",
    "Content-Length": "3322"
}
cookies  : {
    "SESSION": "ZTg0NDI5MDYtZWU2MS00OTQxLWIyY2QtMjA3ZDAzNjA0Zjk4"
}
body     : {
    "applyStep": 2,
    "applyType": null,
    "cltrid": null,
    "contactCrtBackImgPath": null,
    "contactCrtBackImgRid": 2934,
    "contactCrtFrontImgPath": null,
    "contactCrtFrontImgRid": 2933,
    "contactCrtNo": "623218196410261512",
    "contactCrtType": 1,
    "contactEmail": "hQhxHn8CavgpAT19@qaqseq.com",
    "contactName": "yaLEkZaGpYfmgtSwn8do3am3mF3Trkyn",
    "contactPhone": "13242008776",
    "createDate": "2023-06-26 10:32:59",
    "dataHostingContractFilePath": null,
    "dataHostingContractFileRid": null,
    "dataHostingOrg": null,
    "entGeneralId": null,
    "entInfoLicenses": [],
    "entInfoSerIndustrys": [],
    "entInfoSyss": [
        {
            "deployAddr": "暂存之后的部署地址",
            "deployAddrCity": "110100",
            "deployAddrCounty": "110101",
            "deployAddrProvince": "110000",
            "deployMode": 1,
            "ipPort": null,
            "name": null,
            "sysType": 1
        },
        {
            "deployAddr": "致真",
            "deployAddrCity": "110100",
            "deployAddrCounty": "110101",
            "deployAddrProvince": "110000",
            "deployMode": 1,
            "ipPort": null,
            "name": null,
            "sysType": 2
        },
        {
            "deployAddr": "天津",
            "deployAddrCity": "120100",
            "deployAddrCounty": "120101",
            "deployAddrProvince": "120000",
            "deployMode": 1,
            "ipPort": null,
            "name": null,
            "sysType": 3
        },
        {
            "deployAddr": "天津",
            "deployAddrCity": "120100",
            "deployAddrCounty": "120101",
            "deployAddrProvince": "120000",
            "deployMode": 1,
            "ipPort": null,
            "name": null,
            "sysType": 4
        }
    ],
    "entPrefix": "88.408.3901574769",
    "escrowId": null,
    "escrowOrgName": null,
    "establishDate": null,
    "extDomain": null,
    "extIpAddr": null,
    "extWebName": null,
    "finalAuditMsg": null,
    "finalAuditStatus": null,
    "firstAuditMsg": null,
    "firstAuditStatus": null,
    "id": 1450,
    "idRegNaImp": null,
    "industryCategory": "A",
    "industrySpecific": "01",
    "isSubmit": 0,
    "legalCrtBackImgContent": null,
    "legalCrtBackImgPath": null,
    "legalCrtBackImgRid": 2934,
    "legalCrtFrontImgContent": null,
    "legalCrtFrontImgPath": null,
    "legalCrtFrontImgRid": 2933,
    "legalCrtNo": "623218196410261512",
    "legalCrtType": "1",
    "legalCrtTypeDesc": "中国居民身份证",
    "legalEmail": null,
    "legalFax": null,
    "legalName": "张三",
    "legalPhone": null,
    "orgAddr": "致真",
    "orgAddrCity": "110100",
    "orgAddrCityDesc": "市辖区",
    "orgAddrCounty": "110101",
    "orgAddrCountyDesc": "东城区",
    "orgAddrProvince": "110000",
    "orgAddrProvinceDesc": "北京市",
    "orgCategorySpecificDesc": "农、林、牧、渔业-农业",
    "orgCrtCode": "yaLEkZaGpYfmgtSwn8do3am3mF3Trkyn",
    "orgCrtImgContent": null,
    "orgCrtImgPath": null,
    "orgCrtImgRid": 2932,
    "orgCrtType": "1",
    "orgDesc": null,
    "orgName": "yaLEkZaGpYfmgtSwn8do3am3mF3Trkyn",
    "orgNature": "1",
    "orgNatureDesc": "1",
    "periodValidity": null,
    "regAuthority": null,
    "regCapital": null,
    "regRealNaImpName": null,
    "regRealNaImpType": null,
    "servHostingContractFilePath": null,
    "servHostingContractFileRid": null,
    "servHostingOrg": null,
    "servSysBuildContractFilePath": null,
    "servSysBuildContractFileRid": null,
    "servSysBuildName": null,
    "servSysBuildType": 1,
    "servSysOperContractFilePath": null,
    "servSysOperContractFileRid": null,
    "servSysOperName": null,
    "servSysOperType": 1,
    "svtrid": null,
    "thirdServiceMsg": null,
    "thirdServiceStatus": null,
    "updateDate": "2023-06-26 10:32:59",
    "userId": 1685,
    "userName": "yaLEkZaGpYfmgtSwn8do3am3mF3Trkyn",
    "website": null
}

2023-06-26 10:32:59.424 | DEBUG    | httprunner.client:log_print:40 - 
================== response details ==================
status_code : 200
headers  : {
    "Server": "nginx",
    "Date": "Mon, 26 Jun 2023 02:32:59 GMT",
    "Content-Type": "application/json;charset=UTF-8",
    "Transfer-Encoding": "chunked",
    "X-Frame-Options": "SAMEORIGIN",
    "Connection": "keep-alive"
}
cookies  : {}
encoding : UTF-8
content_type : application/json;charset=UTF-8
body     : {
    "message": "success",
    "status": 1,
    "data": true
}

2023-06-26 10:32:59.425 | INFO     | httprunner.client:request:217 - status_code: 200, response_time(ms): 80.38 ms, response_length: 0 bytes
2023-06-26 10:32:59.425 | INFO     | httprunner.response:validate:249 - assert status_code equal 200(int)	==> pass
2023-06-26 10:32:59.425 | INFO     | httprunner.response:validate:249 - assert body.message equal success(str)	==> pass
2023-06-26 10:32:59.425 | INFO     | httprunner.runner:__run_step:304 - run step end: 暂存企业注册第二步提交信息 <<<<<<

2023-06-26 10:32:59.425 | INFO     | httprunner.runner:__run_step:304 - run step end: 暂存企业注册第二步提交信息 <<<<<<

