2023-06-26 10:36:49.467 | INFO     | httprunner.runner:test_start:450 - Start to run testcase: excel上传, TestCase ID: 41f15317-262a-4219-999b-e6d6700f3ef9
2023-06-26 10:36:49.467 | INFO     | httprunner.runner:__run_step:292 - run step begin: 登录-企业 >>>>>>
2023-06-26 10:36:49.467 | INFO     | httprunner.runner:__run_step:292 - run step begin: 登录-企业用户 >>>>>>
2023-06-26 10:36:49.628 | DEBUG    | httprunner.client:request:186 - client IP: 127.0.0.1, Port: 51883
2023-06-26 10:36:49.629 | DEBUG    | httprunner.client:request:194 - server IP: 127.0.0.1, Port: 8888
2023-06-26 10:36:49.639 | DEBUG    | httprunner.client:log_print:40 - 
================== request details ==================
method   : POST
url      : http://139.198.116.76:8000/api/home/test/login
headers  : {
    "User-Agent": "python-requests/2.28.1",
    "Accept-Encoding": "gzip, deflate, br",
    "Accept": "*/*",
    "Connection": "keep-alive",
    "Content-Length": "153",
    "Content-Type": "application/json",
    "HRUN-Request-ID": "HRUN-41f15317-262a-4219-999b-e6d6700f3ef9-009468"
}
cookies  : {}
body     : {
    "captcha": "0000",
    "captchaSign": "38be7cc8cac76d23e86626cb05d7f6d2b78d6331475624bdc58c23c527e3c5c5",
    "emailCaptcha": "",
    "username": "20230531-110943"
}

2023-06-26 10:36:49.639 | DEBUG    | httprunner.client:log_print:40 - 
================== response details ==================
status_code : 200
headers  : {
    "Server": "nginx",
    "Date": "Mon, 26 Jun 2023 02:36:49 GMT",
    "Content-Type": "application/json;charset=UTF-8",
    "Transfer-Encoding": "chunked",
    "Set-Cookie": "SESSION=ZWUxMjM4NjctMzEzZC00MTg4LThmY2ItNDY3ZDRkOTQ2MDAy; Path=/; HttpOnly; SameSite=Lax",
    "X-Frame-Options": "SAMEORIGIN",
    "Connection": "keep-alive"
}
cookies  : {
    "SESSION": "ZWUxMjM4NjctMzEzZC00MTg4LThmY2ItNDY3ZDRkOTQ2MDAy"
}
encoding : UTF-8
content_type : application/json;charset=UTF-8
body     : {
    "message": "success",
    "status": 1,
    "data": true
}

2023-06-26 10:36:49.640 | INFO     | httprunner.client:request:217 - status_code: 200, response_time(ms): 160.62 ms, response_length: 0 bytes
2023-06-26 10:36:49.640 | INFO     | httprunner.response:extract:179 - extract mapping: {'entSession': 'response.headers."Set-Cookie".session'}
2023-06-26 10:36:49.640 | INFO     | httprunner.response:validate:249 - assert status_code equal 200(int)	==> pass
2023-06-26 10:36:49.640 | INFO     | httprunner.response:validate:249 - assert headers."Content-Type" equal application/json;charset=UTF-8(str)	==> pass
2023-06-26 10:36:49.640 | INFO     | httprunner.response:validate:249 - assert body.message equal success(str)	==> pass
2023-06-26 10:36:49.640 | INFO     | httprunner.response:validate:249 - assert body.status equal 1(int)	==> pass
2023-06-26 10:36:49.640 | INFO     | httprunner.response:validate:249 - assert body.data equal True(bool)	==> pass
2023-06-26 10:36:49.640 | INFO     | httprunner.runner:__run_step:304 - run step end: 登录-企业用户 <<<<<<

2023-06-26 10:36:49.640 | INFO     | httprunner.runner:__run_step_testcase:286 - export variables: {'entSession': 'response.headers."Set-Cookie".session'}
2023-06-26 10:36:49.640 | INFO     | httprunner.runner:__run_step:304 - run step end: 登录-企业 <<<<<<

2023-06-26 10:36:49.640 | INFO     | httprunner.runner:__run_step:292 - run step begin: 上传excel文件 >>>>>>
2023-06-26 10:36:49.641 | INFO     | httprunner.runner:__run_step:292 - run step begin: 上传excel文件 >>>>>>
2023-06-26 10:36:49.907 | DEBUG    | httprunner.client:request:186 - client IP: 127.0.0.1, Port: 51883
2023-06-26 10:36:49.908 | DEBUG    | httprunner.client:request:194 - server IP: 127.0.0.1, Port: 8888
2023-06-26 10:36:49.908 | DEBUG    | httprunner.client:log_print:40 - 
================== request details ==================
method   : POST
url      : http://139.198.116.76:8000/api/snms/identityv2/data/uploadExcel
headers  : {
    "User-Agent": "Mozilla/5.0 (Macintosh; Intel Mac OS X 10_15_7) AppleWebKit/537.36 (KHTML, like Gecko) Chrome/105.0.0.0 Safari/537.36",
    "Accept-Encoding": "gzip, deflate",
    "Accept": "application/json, text/plain, */*",
    "Connection": "keep-alive",
    "Accept-Language": "zh-CN,zh;q=0.9",
    "Content-Type": "multipart/form-data; boundary=4601804e5bfd417894901c29960944a5",
    "HRUN-Request-ID": "HRUN-41f15317-262a-4219-999b-e6d6700f3ef9-009645",
    "Cookie": "SESSION=ZWUxMjM4NjctMzEzZC00MTg4LThmY2ItNDY3ZDRkOTQ2MDAy; SESSION=response.headers.\"Set-Cookie\".session",
    "Content-Length": "9407"
}
cookies  : {
    "SESSION": "ZWUxMjM4NjctMzEzZC00MTg4LThmY2ItNDY3ZDRkOTQ2MDAy"
}
body     : upload file stream (OMITTED)

2023-06-26 10:36:49.909 | DEBUG    | httprunner.client:log_print:40 - 
================== response details ==================
status_code : 200
headers  : {
    "Server": "nginx",
    "Date": "Mon, 26 Jun 2023 02:36:49 GMT",
    "Content-Type": "application/json",
    "Transfer-Encoding": "chunked",
    "X-Frame-Options": "SAMEORIGIN",
    "Connection": "keep-alive"
}
cookies  : {}
encoding : utf-8
content_type : application/json
body     : {
    "message": "success",
    "status": 1,
    "data": true
}

2023-06-26 10:36:49.909 | INFO     | httprunner.client:request:217 - status_code: 200, response_time(ms): 262.43 ms, response_length: 0 bytes
2023-06-26 10:36:49.910 | INFO     | httprunner.response:validate:249 - assert status_code equal 200(int)	==> pass
2023-06-26 10:36:49.910 | INFO     | httprunner.response:validate:249 - assert headers."Content-Type" equal application/json(str)	==> pass
2023-06-26 10:36:49.910 | INFO     | httprunner.response:validate:249 - assert body.message equal success(str)	==> pass
2023-06-26 10:36:49.911 | INFO     | httprunner.response:validate:249 - assert body.status equal 1(int)	==> pass
2023-06-26 10:36:49.911 | INFO     | httprunner.response:validate:249 - assert body.data equal True(bool)	==> pass
2023-06-26 10:36:49.911 | INFO     | httprunner.runner:__run_step:304 - run step end: 上传excel文件 <<<<<<

2023-06-26 10:36:49.912 | INFO     | httprunner.runner:__run_step:304 - run step end: 上传excel文件 <<<<<<

