2023-06-14 10:44:07.436 | INFO     | httprunner.runner:test_start:450 - Start to run testcase: 首页-数据汇总-注册, TestCase ID: 4485a269-e4f9-499c-943e-32d9f42d6120
2023-06-14 10:44:07.436 | INFO     | httprunner.runner:__run_step:292 - run step begin: 登录-管理员 >>>>>>
2023-06-14 10:44:07.436 | INFO     | httprunner.runner:__run_step:292 - run step begin: 登录-企业用户 >>>>>>
2023-06-14 10:44:07.550 | DEBUG    | httprunner.client:request:186 - client IP: 10.14.148.129, Port: 59319
2023-06-14 10:44:07.550 | DEBUG    | httprunner.client:request:194 - server IP: 139.198.116.76, Port: 8000
2023-06-14 10:44:07.551 | DEBUG    | httprunner.client:log_print:40 - 
================== request details ==================
method   : POST
url      : http://139.198.116.76:8000/api/home/test/login
headers  : {
    "User-Agent": "python-requests/2.28.1",
    "Accept-Encoding": "gzip, deflate, br",
    "Accept": "*/*",
    "Connection": "keep-alive",
    "Content-Length": "144",
    "Content-Type": "application/json",
    "HRUN-Request-ID": "HRUN-4485a269-e4f9-499c-943e-32d9f42d6120-647436"
}
cookies  : {}
body     : {
    "captcha": "0000",
    "captchaSign": "5d39bab12bba81ab59b3931d2ca06ee9603c3803355932be66974f122cab3502",
    "emailCaptcha": "",
    "username": "adminy"
}

2023-06-14 10:44:07.551 | DEBUG    | httprunner.client:log_print:40 - 
================== response details ==================
status_code : 200
headers  : {
    "Server": "nginx",
    "Date": "Wed, 14 Jun 2023 02:44:07 GMT",
    "Content-Type": "application/json;charset=UTF-8",
    "Transfer-Encoding": "chunked",
    "Connection": "keep-alive",
    "Set-Cookie": "SESSION=ZTYyYWJlNjAtZTA5Mi00MmQ2LTgyNDYtZjJjODM2ZTVkN2Rh; Path=/; HttpOnly; SameSite=Lax",
    "X-Frame-Options": "SAMEORIGIN"
}
cookies  : {
    "SESSION": "ZTYyYWJlNjAtZTA5Mi00MmQ2LTgyNDYtZjJjODM2ZTVkN2Rh"
}
encoding : UTF-8
content_type : application/json;charset=UTF-8
body     : {
    "message": "success",
    "status": 1,
    "data": true
}

2023-06-14 10:44:07.551 | INFO     | httprunner.client:request:217 - status_code: 200, response_time(ms): 113.49 ms, response_length: 0 bytes
2023-06-14 10:44:07.551 | INFO     | httprunner.response:extract:179 - extract mapping: {'adminSession': 'response.headers."Set-Cookie".session'}
2023-06-14 10:44:07.551 | INFO     | httprunner.response:validate:249 - assert status_code equal 200(int)	==> pass
2023-06-14 10:44:07.552 | INFO     | httprunner.response:validate:249 - assert headers."Content-Type" equal application/json;charset=UTF-8(str)	==> pass
2023-06-14 10:44:07.552 | INFO     | httprunner.response:validate:249 - assert body.message equal success(str)	==> pass
2023-06-14 10:44:07.552 | INFO     | httprunner.response:validate:249 - assert body.status equal 1(int)	==> pass
2023-06-14 10:44:07.552 | INFO     | httprunner.response:validate:249 - assert body.data equal True(bool)	==> pass
2023-06-14 10:44:07.552 | INFO     | httprunner.runner:__run_step:304 - run step end: 登录-企业用户 <<<<<<

2023-06-14 10:44:07.552 | INFO     | httprunner.runner:__run_step_testcase:286 - export variables: {'adminSession': 'response.headers."Set-Cookie".session'}
2023-06-14 10:44:07.552 | INFO     | httprunner.runner:__run_step:304 - run step end: 登录-管理员 <<<<<<

2023-06-14 10:44:07.553 | INFO     | httprunner.runner:__run_step:292 - run step begin: 企业申请中统计 >>>>>>
2023-06-14 10:44:07.553 | INFO     | httprunner.runner:__run_step:292 - run step begin: 首页-数据汇总-企业申请中 >>>>>>
2023-06-14 10:44:07.609 | DEBUG    | httprunner.client:request:186 - client IP: 10.14.148.129, Port: 59319
2023-06-14 10:44:07.610 | DEBUG    | httprunner.client:request:194 - server IP: 139.198.116.76, Port: 8000
2023-06-14 10:44:07.610 | DEBUG    | httprunner.client:log_print:40 - 
================== request details ==================
method   : GET
url      : http://139.198.116.76:8000/api/index/statistics?cache=1663755717060
headers  : {
    "User-Agent": "Mozilla/5.0 (Macintosh; Intel Mac OS X 10_15_7) AppleWebKit/537.36 (KHTML, like Gecko) Chrome/105.0.0.0 Safari/537.36",
    "Accept-Encoding": "gzip, deflate",
    "Accept": "application/json, text/plain, */*",
    "Connection": "keep-alive",
    "Accept-Language": "zh-CN,zh;q=0.9",
    "HRUN-Request-ID": "HRUN-4485a269-e4f9-499c-943e-32d9f42d6120-647553",
    "Cookie": "SESSION=ZTYyYWJlNjAtZTA5Mi00MmQ2LTgyNDYtZjJjODM2ZTVkN2Rh; SESSION=response.headers.\"Set-Cookie\".session"
}
cookies  : {
    "SESSION": "ZTYyYWJlNjAtZTA5Mi00MmQ2LTgyNDYtZjJjODM2ZTVkN2Rh"
}
body     : None

2023-06-14 10:44:07.610 | DEBUG    | httprunner.client:log_print:40 - 
================== response details ==================
status_code : 200
headers  : {
    "Server": "nginx",
    "Date": "Wed, 14 Jun 2023 02:44:07 GMT",
    "Content-Type": "application/json;charset=UTF-8",
    "Transfer-Encoding": "chunked",
    "Connection": "keep-alive",
    "X-Frame-Options": "SAMEORIGIN"
}
cookies  : {}
encoding : UTF-8
content_type : application/json;charset=UTF-8
body     : {
    "message": "success",
    "status": 1,
    "data": {
        "prefixNum": 365,
        "entNum": 318,
        "applyNum": 212,
        "identityNum": 1877,
        "resolvnum": 265,
        "delnum": 76
    }
}

2023-06-14 10:44:07.611 | INFO     | httprunner.client:request:217 - status_code: 200, response_time(ms): 56.12 ms, response_length: 0 bytes
2023-06-14 10:44:07.611 | INFO     | httprunner.response:extract:179 - extract mapping: {'applyNum': 212, 'delnum': 76, 'entNum': 318, 'identityNum': 1877, 'prefixNum': 365, 'resolvnum': 265}
2023-06-14 10:44:07.611 | INFO     | httprunner.response:validate:249 - assert status_code equal 200(int)	==> pass
2023-06-14 10:44:07.612 | INFO     | httprunner.response:validate:249 - assert headers."Content-Type" equal application/json;charset=UTF-8(str)	==> pass
2023-06-14 10:44:07.612 | INFO     | httprunner.response:validate:249 - assert body.message equal success(str)	==> pass
2023-06-14 10:44:07.612 | INFO     | httprunner.response:validate:249 - assert body.status equal 1(int)	==> pass
2023-06-14 10:44:07.612 | INFO     | httprunner.runner:__run_step:304 - run step end: 首页-数据汇总-企业申请中 <<<<<<

2023-06-14 10:44:07.612 | INFO     | httprunner.runner:__run_step_testcase:286 - export variables: {'delnum': 76, 'resolvnum': 265, 'prefixNum': 365, 'identityNum': 1877, 'applyNum': 212, 'entNum': 318}
2023-06-14 10:44:07.612 | INFO     | httprunner.runner:__run_step:304 - run step end: 企业申请中统计 <<<<<<

2023-06-14 10:44:07.613 | INFO     | httprunner.runner:__run_step:292 - run step begin: 前缀注册并审核通过 >>>>>>
2023-06-14 10:44:07.613 | INFO     | httprunner.runner:__run_step:292 - run step begin: 用户注册 >>>>>>
2023-06-14 10:44:07.614 | INFO     | httprunner.runner:__run_step:292 - run step begin: 用户注册 >>>>>>
2023-06-14 10:44:07.676 | DEBUG    | httprunner.client:request:186 - client IP: 10.14.148.129, Port: 59319
2023-06-14 10:44:07.677 | DEBUG    | httprunner.client:request:194 - server IP: 139.198.116.76, Port: 8000
2023-06-14 10:44:07.682 | DEBUG    | httprunner.client:log_print:40 - 
================== request details ==================
method   : POST
url      : http://139.198.116.76:8000/api/home/test/registry
headers  : {
    "User-Agent": "Mozilla/5.0 (Windows NT 10.0; WOW64) AppleWebKit/537.36 (KHTML, like Gecko) Chrome/100.0.4896.60 Safari/537.36",
    "Accept-Encoding": "gzip, deflate",
    "Accept": "application/json, text/plain, */*",
    "Connection": "keep-alive",
    "Accept-Language": "zh-CN,zh;q=0.9",
    "HRUN-Request-ID": "HRUN-4485a269-e4f9-499c-943e-32d9f42d6120-647614",
    "Cookie": "SESSION=ZTYyYWJlNjAtZTA5Mi00MmQ2LTgyNDYtZjJjODM2ZTVkN2Rh",
    "Content-Length": "187",
    "Content-Type": "application/json"
}
cookies  : {
    "SESSION": "ZTYyYWJlNjAtZTA5Mi00MmQ2LTgyNDYtZjJjODM2ZTVkN2Rh"
}
body     : {
    "email": "fVgqYnzUgfQDS3r5@qaqseq.com",
    "mobile": "11670690951",
    "openId": "",
    "openUserName": "",
    "password": "Admin@123",
    "remarks": "",
    "username": "cWBTXLgtMytwIscjYQgHQlDRD4WspWfO"
}

2023-06-14 10:44:07.683 | DEBUG    | httprunner.client:log_print:40 - 
================== response details ==================
status_code : 200
headers  : {
    "Server": "nginx",
    "Date": "Wed, 14 Jun 2023 02:44:07 GMT",
    "Content-Type": "application/json",
    "Transfer-Encoding": "chunked",
    "Connection": "keep-alive",
    "X-Frame-Options": "SAMEORIGIN"
}
cookies  : {}
encoding : utf-8
content_type : application/json
body     : {
    "message": "success",
    "status": 1,
    "data": true
}

2023-06-14 10:44:07.683 | INFO     | httprunner.client:request:217 - status_code: 200, response_time(ms): 61.71 ms, response_length: 0 bytes
2023-06-14 10:44:07.684 | INFO     | httprunner.response:validate:249 - assert status_code equal 200(int)	==> pass
2023-06-14 10:44:07.684 | INFO     | httprunner.response:validate:249 - assert body.message equal success(str)	==> pass
2023-06-14 10:44:07.684 | INFO     | httprunner.response:validate:249 - assert body.status equal 1(int)	==> pass
2023-06-14 10:44:07.685 | INFO     | httprunner.response:validate:249 - assert body.message contains success(str)	==> pass
2023-06-14 10:44:07.685 | INFO     | httprunner.response:validate:249 - assert body.status contained_by [1, 200](list)	==> pass
2023-06-14 10:44:07.685 | INFO     | httprunner.runner:__run_step:304 - run step end: 用户注册 <<<<<<

2023-06-14 10:44:07.685 | INFO     | httprunner.runner:__run_step:304 - run step end: 用户注册 <<<<<<

2023-06-14 10:44:07.686 | INFO     | httprunner.runner:__run_step:292 - run step begin: 登录-企业 >>>>>>
2023-06-14 10:44:07.687 | INFO     | httprunner.runner:__run_step:292 - run step begin: 登录-企业用户 >>>>>>
2023-06-14 10:44:07.753 | DEBUG    | httprunner.client:request:186 - client IP: 10.14.148.129, Port: 59319
2023-06-14 10:44:07.753 | DEBUG    | httprunner.client:request:194 - server IP: 139.198.116.76, Port: 8000
2023-06-14 10:44:07.754 | DEBUG    | httprunner.client:log_print:40 - 
================== request details ==================
method   : POST
url      : http://139.198.116.76:8000/api/home/test/login
headers  : {
    "User-Agent": "python-requests/2.28.1",
    "Accept-Encoding": "gzip, deflate, br",
    "Accept": "*/*",
    "Connection": "keep-alive",
    "Content-Length": "170",
    "Content-Type": "application/json",
    "HRUN-Request-ID": "HRUN-4485a269-e4f9-499c-943e-32d9f42d6120-647689",
    "Cookie": "SESSION=ZTYyYWJlNjAtZTA5Mi00MmQ2LTgyNDYtZjJjODM2ZTVkN2Rh"
}
cookies  : {
    "SESSION": "ZTYyYWJlNjAtZTA5Mi00MmQ2LTgyNDYtZjJjODM2ZTVkN2Rh"
}
body     : {
    "captcha": "0000",
    "captchaSign": "a2edfc40d0d7e90ae72f1256a6a7bc8f243c49c9a0dd616feea0def37d163a1f",
    "emailCaptcha": "",
    "username": "cWBTXLgtMytwIscjYQgHQlDRD4WspWfO"
}

2023-06-14 10:44:07.755 | DEBUG    | httprunner.client:log_print:40 - 
================== response details ==================
status_code : 200
headers  : {
    "Server": "nginx",
    "Date": "Wed, 14 Jun 2023 02:44:07 GMT",
    "Content-Type": "application/json;charset=UTF-8",
    "Transfer-Encoding": "chunked",
    "Connection": "keep-alive",
    "Set-Cookie": "SESSION=MWI2OGVkOGItYmZkOS00YTFiLWIxMzctYjcxOTc1NmRjZjk1; Path=/; HttpOnly; SameSite=Lax",
    "X-Frame-Options": "SAMEORIGIN"
}
cookies  : {
    "SESSION": "MWI2OGVkOGItYmZkOS00YTFiLWIxMzctYjcxOTc1NmRjZjk1"
}
encoding : UTF-8
content_type : application/json;charset=UTF-8
body     : {
    "message": "success",
    "status": 1,
    "data": true
}

2023-06-14 10:44:07.755 | INFO     | httprunner.client:request:217 - status_code: 200, response_time(ms): 64.18 ms, response_length: 0 bytes
2023-06-14 10:44:07.756 | INFO     | httprunner.response:extract:179 - extract mapping: {'entSession': 'response.headers."Set-Cookie".session'}
2023-06-14 10:44:07.756 | INFO     | httprunner.response:validate:249 - assert status_code equal 200(int)	==> pass
2023-06-14 10:44:07.757 | INFO     | httprunner.response:validate:249 - assert headers."Content-Type" equal application/json;charset=UTF-8(str)	==> pass
2023-06-14 10:44:07.757 | INFO     | httprunner.response:validate:249 - assert body.message equal success(str)	==> pass
2023-06-14 10:44:07.757 | INFO     | httprunner.response:validate:249 - assert body.status equal 1(int)	==> pass
2023-06-14 10:44:07.760 | INFO     | httprunner.response:validate:249 - assert body.data equal True(bool)	==> pass
2023-06-14 10:44:07.760 | INFO     | httprunner.runner:__run_step:304 - run step end: 登录-企业用户 <<<<<<

2023-06-14 10:44:07.761 | INFO     | httprunner.runner:__run_step_testcase:286 - export variables: {'entSession': 'response.headers."Set-Cookie".session'}
2023-06-14 10:44:07.761 | INFO     | httprunner.runner:__run_step:304 - run step end: 登录-企业 <<<<<<

2023-06-14 10:44:07.762 | INFO     | httprunner.runner:__run_step:292 - run step begin: 前缀注册企业资质图片上传 >>>>>>
2023-06-14 10:44:07.763 | INFO     | httprunner.runner:__run_step:292 - run step begin: 前缀注册企业资质图片上传 >>>>>>
2023-06-14 10:44:07.877 | DEBUG    | httprunner.client:request:186 - client IP: 10.14.148.129, Port: 59319
2023-06-14 10:44:07.878 | DEBUG    | httprunner.client:request:194 - server IP: 139.198.116.76, Port: 8000
2023-06-14 10:44:07.878 | DEBUG    | httprunner.client:log_print:40 - 
================== request details ==================
method   : POST
url      : http://139.198.116.76:8000/api/file/img/upload
headers  : {
    "User-Agent": "Mozilla/5.0 (Macintosh; Intel Mac OS X 10_15_7) AppleWebKit/537.36 (KHTML, like Gecko) Chrome/105.0.0.0 Safari/537.36",
    "Accept-Encoding": "gzip, deflate",
    "Accept": "application/json, text/plain, */*",
    "Connection": "keep-alive",
    "Accept-Language": "zh-CN,zh;q=0.9",
    "Content-Type": "multipart/form-data; boundary=66ca9c24270e460abe28721b353b6762",
    "HRUN-Request-ID": "HRUN-4485a269-e4f9-499c-943e-32d9f42d6120-647770",
    "Cookie": "SESSION=MWI2OGVkOGItYmZkOS00YTFiLWIxMzctYjcxOTc1NmRjZjk1; SESSION=response.headers.\"Set-Cookie\".session",
    "Content-Length": "20435"
}
cookies  : {
    "SESSION": "MWI2OGVkOGItYmZkOS00YTFiLWIxMzctYjcxOTc1NmRjZjk1"
}
body     : upload file stream (OMITTED)

2023-06-14 10:44:07.879 | DEBUG    | httprunner.client:log_print:40 - 
================== response details ==================
status_code : 200
headers  : {
    "Server": "nginx",
    "Date": "Wed, 14 Jun 2023 02:44:07 GMT",
    "Content-Type": "application/json;charset=UTF-8",
    "Transfer-Encoding": "chunked",
    "Connection": "keep-alive",
    "X-Frame-Options": "SAMEORIGIN"
}
cookies  : {}
encoding : UTF-8
content_type : application/json;charset=UTF-8
body     : {
    "message": "success",
    "status": 1,
    "data": {
        "id": 2122,
        "path": "a6d5c2a0-fbb8-486b-82b8-1bfabd6251c8.jpeg"
    }
}

2023-06-14 10:44:07.880 | INFO     | httprunner.client:request:217 - status_code: 200, response_time(ms): 107.25 ms, response_length: 0 bytes
2023-06-14 10:44:07.880 | INFO     | httprunner.response:extract:179 - extract mapping: {'imgId': 2122}
2023-06-14 10:44:07.880 | INFO     | httprunner.response:validate:249 - assert status_code equal 200(int)	==> pass
2023-06-14 10:44:07.881 | INFO     | httprunner.runner:__run_step:304 - run step end: 前缀注册企业资质图片上传 <<<<<<

2023-06-14 10:44:07.882 | INFO     | httprunner.runner:__run_step_testcase:286 - export variables: {'imgId': 2122}
2023-06-14 10:44:07.882 | INFO     | httprunner.runner:__run_step:304 - run step end: 前缀注册企业资质图片上传 <<<<<<

2023-06-14 10:44:07.882 | INFO     | httprunner.runner:__run_step:292 - run step begin: 前缀注册企业联系人身份证图片正面上传 >>>>>>
2023-06-14 10:44:07.885 | INFO     | httprunner.runner:__run_step:292 - run step begin: 前缀注册企业联系人身份证图片背面上传 >>>>>>
2023-06-14 10:44:07.987 | DEBUG    | httprunner.client:request:186 - client IP: 10.14.148.129, Port: 59319
2023-06-14 10:44:07.988 | DEBUG    | httprunner.client:request:194 - server IP: 139.198.116.76, Port: 8000
2023-06-14 10:44:07.989 | DEBUG    | httprunner.client:log_print:40 - 
================== request details ==================
method   : POST
url      : http://139.198.116.76:8000/api/file/img/upload
headers  : {
    "User-Agent": "Mozilla/5.0 (Macintosh; Intel Mac OS X 10_15_7) AppleWebKit/537.36 (KHTML, like Gecko) Chrome/105.0.0.0 Safari/537.36",
    "Accept-Encoding": "gzip, deflate",
    "Accept": "application/json, text/plain, */*",
    "Connection": "keep-alive",
    "Accept-Language": "zh-CN,zh;q=0.9",
    "Content-Type": "multipart/form-data; boundary=4b1c2c1068f0462abcb95b5dd51205d5",
    "HRUN-Request-ID": "HRUN-4485a269-e4f9-499c-943e-32d9f42d6120-647887",
    "Cookie": "SESSION=MWI2OGVkOGItYmZkOS00YTFiLWIxMzctYjcxOTc1NmRjZjk1; SESSION=response.headers.\"Set-Cookie\".session",
    "Content-Length": "20435"
}
cookies  : {
    "SESSION": "MWI2OGVkOGItYmZkOS00YTFiLWIxMzctYjcxOTc1NmRjZjk1"
}
body     : upload file stream (OMITTED)

2023-06-14 10:44:07.990 | DEBUG    | httprunner.client:log_print:40 - 
================== response details ==================
status_code : 200
headers  : {
    "Server": "nginx",
    "Date": "Wed, 14 Jun 2023 02:44:08 GMT",
    "Content-Type": "application/json;charset=UTF-8",
    "Transfer-Encoding": "chunked",
    "Connection": "keep-alive",
    "X-Frame-Options": "SAMEORIGIN"
}
cookies  : {}
encoding : UTF-8
content_type : application/json;charset=UTF-8
body     : {
    "message": "success",
    "status": 1,
    "data": {
        "id": 2123,
        "path": "e634baf2-3386-494d-967b-8d08db6ac446.jpeg"
    }
}

2023-06-14 10:44:07.990 | INFO     | httprunner.client:request:217 - status_code: 200, response_time(ms): 99.78 ms, response_length: 0 bytes
2023-06-14 10:44:07.991 | INFO     | httprunner.response:extract:179 - extract mapping: {'imgId_f': 2123}
2023-06-14 10:44:07.991 | INFO     | httprunner.response:validate:249 - assert status_code equal 200(int)	==> pass
2023-06-14 10:44:07.992 | INFO     | httprunner.runner:__run_step:304 - run step end: 前缀注册企业联系人身份证图片背面上传 <<<<<<

2023-06-14 10:44:07.992 | INFO     | httprunner.runner:__run_step_testcase:286 - export variables: {'imgId_f': 2123}
2023-06-14 10:44:07.992 | INFO     | httprunner.runner:__run_step:304 - run step end: 前缀注册企业联系人身份证图片正面上传 <<<<<<

2023-06-14 10:44:07.993 | INFO     | httprunner.runner:__run_step:292 - run step begin: 前缀注册企业联系人身份证图片背面上传 >>>>>>
2023-06-14 10:44:07.995 | INFO     | httprunner.runner:__run_step:292 - run step begin: 前缀注册企业联系人身份证图片背面上传 >>>>>>
2023-06-14 10:44:08.102 | DEBUG    | httprunner.client:request:186 - client IP: 10.14.148.129, Port: 59319
2023-06-14 10:44:08.103 | DEBUG    | httprunner.client:request:194 - server IP: 139.198.116.76, Port: 8000
2023-06-14 10:44:08.104 | DEBUG    | httprunner.client:log_print:40 - 
================== request details ==================
method   : POST
url      : http://139.198.116.76:8000/api/file/img/upload
headers  : {
    "User-Agent": "Mozilla/5.0 (Macintosh; Intel Mac OS X 10_15_7) AppleWebKit/537.36 (KHTML, like Gecko) Chrome/105.0.0.0 Safari/537.36",
    "Accept-Encoding": "gzip, deflate",
    "Accept": "application/json, text/plain, */*",
    "Connection": "keep-alive",
    "Accept-Language": "zh-CN,zh;q=0.9",
    "Content-Type": "multipart/form-data; boundary=45392aff18884d9dbb3b701430a990ab",
    "HRUN-Request-ID": "HRUN-4485a269-e4f9-499c-943e-32d9f42d6120-647997",
    "Cookie": "SESSION=MWI2OGVkOGItYmZkOS00YTFiLWIxMzctYjcxOTc1NmRjZjk1; SESSION=response.headers.\"Set-Cookie\".session",
    "Content-Length": "20435"
}
cookies  : {
    "SESSION": "MWI2OGVkOGItYmZkOS00YTFiLWIxMzctYjcxOTc1NmRjZjk1"
}
body     : upload file stream (OMITTED)

2023-06-14 10:44:08.105 | DEBUG    | httprunner.client:log_print:40 - 
================== response details ==================
status_code : 200
headers  : {
    "Server": "nginx",
    "Date": "Wed, 14 Jun 2023 02:44:08 GMT",
    "Content-Type": "application/json;charset=UTF-8",
    "Transfer-Encoding": "chunked",
    "Connection": "keep-alive",
    "X-Frame-Options": "SAMEORIGIN"
}
cookies  : {}
encoding : UTF-8
content_type : application/json;charset=UTF-8
body     : {
    "message": "success",
    "status": 1,
    "data": {
        "id": 2124,
        "path": "729a02f2-cdab-416b-a7a1-04fa2879c037.jpeg"
    }
}

2023-06-14 10:44:08.105 | INFO     | httprunner.client:request:217 - status_code: 200, response_time(ms): 104.58 ms, response_length: 0 bytes
2023-06-14 10:44:08.105 | INFO     | httprunner.response:extract:179 - extract mapping: {'imgId_b': 2124}
2023-06-14 10:44:08.106 | INFO     | httprunner.response:validate:249 - assert status_code equal 200(int)	==> pass
2023-06-14 10:44:08.106 | INFO     | httprunner.runner:__run_step:304 - run step end: 前缀注册企业联系人身份证图片背面上传 <<<<<<

2023-06-14 10:44:08.107 | INFO     | httprunner.runner:__run_step_testcase:286 - export variables: {'imgId_b': 2124}
2023-06-14 10:44:08.107 | INFO     | httprunner.runner:__run_step:304 - run step end: 前缀注册企业联系人身份证图片背面上传 <<<<<<

2023-06-14 10:44:08.107 | INFO     | httprunner.runner:__run_step:292 - run step begin: 企业注册第一步提交信息 >>>>>>
2023-06-14 10:44:08.109 | INFO     | httprunner.runner:__run_step:292 - run step begin: 企业注册第一步提交信息 >>>>>>
2023-06-14 10:44:08.296 | DEBUG    | httprunner.client:request:186 - client IP: 10.14.148.129, Port: 59319
2023-06-14 10:44:08.297 | DEBUG    | httprunner.client:request:194 - server IP: 139.198.116.76, Port: 8000
2023-06-14 10:44:08.300 | DEBUG    | httprunner.client:log_print:40 - 
================== request details ==================
method   : POST
url      : http://139.198.116.76:8000/api/v3/entApply/basicInfo/submit
headers  : {
    "User-Agent": "Mozilla/5.0 (Macintosh; Intel Mac OS X 10_15_7) AppleWebKit/537.36 (KHTML, like Gecko) Chrome/105.0.0.0 Safari/537.36",
    "Accept-Encoding": "gzip, deflate",
    "Accept": "application/json, text/plain, */*",
    "Connection": "keep-alive",
    "Accept-Language": "zh-CN,zh;q=0.9",
    "Content-Type": "application/json;charset=UTF-8",
    "HRUN-Request-ID": "HRUN-4485a269-e4f9-499c-943e-32d9f42d6120-648111",
    "Cookie": "SESSION=MWI2OGVkOGItYmZkOS00YTFiLWIxMzctYjcxOTc1NmRjZjk1; SESSION=response.headers.\"Set-Cookie\".session",
    "Content-Length": "2557"
}
cookies  : {
    "SESSION": "MWI2OGVkOGItYmZkOS00YTFiLWIxMzctYjcxOTc1NmRjZjk1"
}
body     : {
    "applyStep": 2,
    "applyType": null,
    "area": [
        "110000",
        "110100",
        "110101"
    ],
    "cltrid": null,
    "contactCrtBackImgPath": null,
    "contactCrtBackImgRid": 2124,
    "contactCrtFrontImgPath": null,
    "contactCrtFrontImgRid": 2123,
    "contactCrtNo": "619006198909170178",
    "contactCrtType": 1,
    "contactEmail": "fVgqYnzUgfQDS3r5@qaqseq.com",
    "contactName": "cWBTXLgtMytwIscjYQgHQlDRD4WspWfO",
    "contactPhone": "11670690951",
    "createDate": null,
    "dataHostingContractFilePath": null,
    "dataHostingContractFileRid": null,
    "dataHostingOrg": null,
    "entGeneralId": null,
    "entInfoLicenses": [],
    "entInfoSerIndustrys": [],
    "entPrefix": "88.408.297641261659",
    "escrowId": null,
    "escrowOrgName": null,
    "establishDate": null,
    "extDomain": null,
    "extIpAddr": null,
    "extWebName": null,
    "finalAuditMsg": null,
    "finalAuditStatus": null,
    "firstAuditMsg": null,
    "firstAuditStatus": null,
    "id": null,
    "idRegNaImp": null,
    "industry": [
        "A",
        "01"
    ],
    "industryCategory": "A",
    "industrySpecific": "01",
    "isSubmit": 0,
    "legalCrtBackImgContent": null,
    "legalCrtBackImgPath": null,
    "legalCrtBackImgRid": 2124,
    "legalCrtFrontImgContent": null,
    "legalCrtFrontImgPath": null,
    "legalCrtFrontImgRid": 2123,
    "legalCrtNo": "619006198909170178",
    "legalCrtType": "1",
    "legalCrtTypeDesc": "中国居民身份证",
    "legalEmail": null,
    "legalFax": null,
    "legalName": "张三",
    "legalPhone": null,
    "orgAddr": "致真",
    "orgAddrCity": "110100",
    "orgAddrCityDesc": "市辖区",
    "orgAddrCounty": "110101",
    "orgAddrCountyDesc": "东城区",
    "orgAddrProvince": "110000",
    "orgAddrProvinceDesc": "北京市",
    "orgCategorySpecificDesc": "农、林、牧、渔业-农业",
    "orgCrtCode": "SIyo8Baq8mhrFWYnfjAzCMRSc0SgJSAY",
    "orgCrtImgContent": null,
    "orgCrtImgPath": null,
    "orgCrtImgRid": 2122,
    "orgCrtType": "1",
    "orgDesc": null,
    "orgName": "98g2XUeI8qVxrE23WqnyGJlT7Nkymd9H",
    "orgNature": "1",
    "orgNatureDesc": "国有控股",
    "periodValidity": null,
    "regAuthority": null,
    "regCapital": null,
    "regRealNaImpName": null,
    "regRealNaImpType": null,
    "servHostingContractFilePath": null,
    "servHostingContractFileRid": null,
    "servHostingOrg": null,
    "servSysBuildContractFilePath": null,
    "servSysBuildContractFileRid": null,
    "servSysBuildName": null,
    "servSysBuildType": 1,
    "servSysOperContractFilePath": null,
    "servSysOperContractFileRid": null,
    "servSysOperName": null,
    "servSysOperType": 1,
    "svtrid": null,
    "thirdServiceMsg": null,
    "thirdServiceStatus": null,
    "updateDate": null,
    "userId": null,
    "userName": null,
    "website": null
}

2023-06-14 10:44:08.302 | DEBUG    | httprunner.client:log_print:40 - 
================== response details ==================
status_code : 200
headers  : {
    "Server": "nginx",
    "Date": "Wed, 14 Jun 2023 02:44:08 GMT",
    "Content-Type": "application/json;charset=UTF-8",
    "Transfer-Encoding": "chunked",
    "Connection": "keep-alive",
    "X-Frame-Options": "SAMEORIGIN"
}
cookies  : {}
encoding : UTF-8
content_type : application/json;charset=UTF-8
body     : {
    "message": "success",
    "status": 1,
    "data": true
}

2023-06-14 10:44:08.302 | INFO     | httprunner.client:request:217 - status_code: 200, response_time(ms): 185.08 ms, response_length: 0 bytes
2023-06-14 10:44:08.303 | INFO     | httprunner.response:validate:249 - assert status_code equal 200(int)	==> pass
2023-06-14 10:44:08.303 | INFO     | httprunner.response:validate:249 - assert body.message equal success(str)	==> pass
2023-06-14 10:44:08.304 | INFO     | httprunner.runner:__run_step:304 - run step end: 企业注册第一步提交信息 <<<<<<

2023-06-14 10:44:08.304 | INFO     | httprunner.runner:__run_step:304 - run step end: 企业注册第一步提交信息 <<<<<<

2023-06-14 10:44:08.305 | INFO     | httprunner.runner:__run_step:292 - run step begin: 企业注册查询注册信息 >>>>>>
2023-06-14 10:44:08.307 | INFO     | httprunner.runner:__run_step:292 - run step begin: 企业注册查询注册信息 >>>>>>
2023-06-14 10:44:08.383 | DEBUG    | httprunner.client:request:186 - client IP: 10.14.148.129, Port: 59319
2023-06-14 10:44:08.383 | DEBUG    | httprunner.client:request:194 - server IP: 139.198.116.76, Port: 8000
2023-06-14 10:44:08.384 | DEBUG    | httprunner.client:log_print:40 - 
================== request details ==================
method   : GET
url      : http://139.198.116.76:8000/api/v3/entApply/applyOrNot
headers  : {
    "User-Agent": "Mozilla/5.0 (Macintosh; Intel Mac OS X 10_15_7) AppleWebKit/537.36 (KHTML, like Gecko) Chrome/105.0.0.0 Safari/537.36",
    "Accept-Encoding": "gzip, deflate",
    "Accept": "application/json, text/plain, */*",
    "Connection": "keep-alive",
    "Accept-Language": "zh-CN,zh;q=0.9",
    "HRUN-Request-ID": "HRUN-4485a269-e4f9-499c-943e-32d9f42d6120-648307",
    "Cookie": "SESSION=MWI2OGVkOGItYmZkOS00YTFiLWIxMzctYjcxOTc1NmRjZjk1; SESSION=response.headers.\"Set-Cookie\".session"
}
cookies  : {
    "SESSION": "MWI2OGVkOGItYmZkOS00YTFiLWIxMzctYjcxOTc1NmRjZjk1"
}
body     : None

2023-06-14 10:44:08.386 | DEBUG    | httprunner.client:log_print:40 - 
================== response details ==================
status_code : 200
headers  : {
    "Server": "nginx",
    "Date": "Wed, 14 Jun 2023 02:44:08 GMT",
    "Content-Type": "application/json;charset=UTF-8",
    "Transfer-Encoding": "chunked",
    "Connection": "keep-alive",
    "X-Frame-Options": "SAMEORIGIN"
}
cookies  : {}
encoding : UTF-8
content_type : application/json;charset=UTF-8
body     : {
    "message": "success",
    "status": 1,
    "data": {
        "nbmsEntApplyPO": {
            "id": 1140,
            "createDate": "2023-06-14 10:44:08",
            "updateDate": "2023-06-14 10:44:08",
            "applyType": null,
            "entGeneralId": null,
            "applyStep": 2,
            "isSubmit": 0,
            "entPrefix": "88.408.297641261659",
            "firstAuditStatus": null,
            "firstAuditMsg": null,
            "thirdServiceStatus": null,
            "thirdServiceMsg": null,
            "userName": "cWBTXLgtMytwIscjYQgHQlDRD4WspWfO",
            "finalAuditStatus": null,
            "finalAuditMsg": null,
            "svtrid": null,
            "cltrid": null,
            "userId": 1351,
            "orgName": "98g2XUeI8qVxrE23WqnyGJlT7Nkymd9H",
            "orgNature": "1",
            "orgAddrProvince": "110000",
            "orgAddrCity": "110100",
            "orgAddrCounty": "110101",
            "orgAddr": "致真",
            "orgCrtType": "1",
            "orgCrtCode": "SIyo8Baq8mhrFWYnfjAzCMRSc0SgJSAY",
            "legalName": "张三",
            "legalCrtType": "1",
            "legalCrtNo": "619006198909170178",
            "orgDesc": null,
            "industryCategory": "A",
            "industrySpecific": "01",
            "contactName": "cWBTXLgtMytwIscjYQgHQlDRD4WspWfO",
            "contactPhone": "11670690951",
            "contactCrtType": 1,
            "contactCrtNo": "619006198909170178",
            "contactEmail": "fVgqYnzUgfQDS3r5@qaqseq.com",
            "website": null,
            "regAuthority": null,
            "regCapital": null,
            "establishDate": null,
            "periodValidity": null,
            "legalEmail": null,
            "legalPhone": null,
            "legalFax": null,
            "servSysBuildType": null,
            "servSysBuildName": null,
            "servSysOperType": null,
            "servSysOperName": null,
            "dataHostingOrg": null,
            "servHostingOrg": null,
            "regRealNaImpType": null,
            "regRealNaImpName": null,
            "idRegNaImp": null,
            "extWebName": null,
            "extDomain": null,
            "extIpAddr": null,
            "orgCrtImgRid": 2122,
            "contactCrtFrontImgRid": 2123,
            "contactCrtBackImgRid": 2124,
            "legalCrtFrontImgRid": 2123,
            "legalCrtBackImgRid": 2124,
            "servSysBuildContractFileRid": null,
            "servSysOperContractFileRid": null,
            "dataHostingContractFileRid": null,
            "servHostingContractFileRid": null,
            "entInfoLicenses": [],
            "entInfoSyss": [],
            "entInfoSerIndustrys": [],
            "escrowId": null,
            "industryQualificationRid": null,
            "certificationRid": null,
            "openingBank": null,
            "bankCard": null,
            "verificationName": null,
            "orgNatureDesc": "国有控股",
            "orgCrtImgContent": null,
            "orgCategorySpecificDesc": "农、林、牧、渔业-农业",
            "orgAddrProvinceDesc": "北京市",
            "orgAddrCountyDesc": "东城区",
            "orgAddrCityDesc": "市辖区",
            "legalCrtTypeDesc": "中国居民身份证",
            "legalCrtFrontImgContent": null,
            "legalCrtBackImgContent": null,
            "orgCrtImgPath": "a6d5c2a0-fbb8-486b-82b8-1bfabd6251c8.jpeg",
            "contactCrtFrontImgPath": "e634baf2-3386-494d-967b-8d08db6ac446.jpeg",
            "contactCrtBackImgPath": "729a02f2-cdab-416b-a7a1-04fa2879c037.jpeg",
            "legalCrtFrontImgPath": "e634baf2-3386-494d-967b-8d08db6ac446.jpeg",
            "legalCrtBackImgPath": "729a02f2-cdab-416b-a7a1-04fa2879c037.jpeg",
            "servSysBuildContractFilePath": null,
            "servSysOperContractFilePath": null,
            "dataHostingContractFilePath": null,
            "servHostingContractFilePath": null,
            "industryQualificationFilePath": null,
            "certificationFilePath": null,
            "escrowOrgName": null
        },
        "nbmsEntPO": null,
        "nbmsEntPrefixApplyPO": null,
        "needRelog": null,
        "applyStatus": 0
    }
}

2023-06-14 10:44:08.387 | INFO     | httprunner.client:request:217 - status_code: 200, response_time(ms): 75.15 ms, response_length: 0 bytes
2023-06-14 10:44:08.399 | INFO     | httprunner.response:extract:179 - extract mapping: {'applyId': 1140, 'userId': 1351, 'userName': 'cWBTXLgtMytwIscjYQgHQlDRD4WspWfO', 'imgId_f': 2123, 'imgId_b': 2124, 'entId': None, 'entUserId': None, 'prefix': '88.408.297641261659', 'contactCrtNo': '619006198909170178', 'contactCrtType': 1, 'contactEmail': 'fVgqYnzUgfQDS3r5@qaqseq.com', 'contactName': 'cWBTXLgtMytwIscjYQgHQlDRD4WspWfO', 'contactPhone': '11670690951', 'industryCategory': 'A', 'industrySpecific': '01', 'orgName': '98g2XUeI8qVxrE23WqnyGJlT7Nkymd9H', 'orgNature': '1', 'orgAddrProvince': '110000', 'orgAddrCity': '110100', 'orgAddrCounty': '110101', 'orgAddr': '致真', 'orgCrtType': '1', 'orgCrtCode': 'SIyo8Baq8mhrFWYnfjAzCMRSc0SgJSAY', 'legalName': '张三', 'legalEmail': None, 'legalPhone': None, 'legalCrtType': '1', 'legalCrtNo': '619006198909170178', 'legalCrtFrontImgRid': 2123, 'legalCrtBackImgRid': 2124, 'orgCrtImgRid': 2122, 'imgId': 2122, 'orgNatureDesc': '国有控股', 'orgCategorySpecificDesc': '农、林、牧、渔业-农业', 'orgAddrProvinceDesc': '北京市', 'orgAddrCountyDesc': '东城区', 'orgAddrCityDesc': '市辖区', 'legalCrtTypeDesc': '中国居民身份证', 'createDate': '2023-06-14 10:44:08', 'updateDate': '2023-06-14 10:44:08', 'entInfoSyss_0_id': None, 'entInfoSyss_0_entApplyId': None, 'entApplyId': None, 'entInfoSyss_0_sysType': None, 'entInfoSyss_0_deployMode': None, 'entInfoSyss_0_deployAddr': None, 'entInfoSyss_0_deployAddrProvince': None, 'entInfoSyss_0_deployAddrCity': None, 'entInfoSyss_0_deployAddrCounty': None, 'entInfoSyss_1_id': None, 'entInfoSyss_1_entApplyId': None, 'entInfoSyss_1_sysType': None, 'entInfoSyss_1_deployMode': None, 'entInfoSyss_1_deployAddr': None, 'entInfoSyss_1_deployAddrProvince': None, 'entInfoSyss_1_deployAddrCity': None, 'entInfoSyss_1_deployAddrCounty': None, 'entInfoSyss_2_id': None, 'entInfoSyss_2_entApplyId': None, 'entInfoSyss_2_sysType': None, 'entInfoSyss_2_deployMode': None, 'entInfoSyss_2_deployAddr': None, 'entInfoSyss_2_deployAddrProvince': None, 'entInfoSyss_2_deployAddrCity': None, 'entInfoSyss_2_deployAddrCounty': None, 'entInfoSyss_3_id': None, 'entInfoSyss_3_entApplyId': None, 'entInfoSyss_3_sysType': None, 'entInfoSyss_3_deployMode': None, 'entInfoSyss_3_deployAddr': None, 'entInfoSyss_3_deployAddrProvince': None, 'entInfoSyss_3_deployAddrCity': None, 'entInfoSyss_3_deployAddrCounty': None}
2023-06-14 10:44:08.399 | INFO     | httprunner.response:validate:249 - assert status_code equal 200(int)	==> pass
2023-06-14 10:44:08.400 | INFO     | httprunner.response:validate:249 - assert body.message equal success(str)	==> pass
2023-06-14 10:44:08.400 | INFO     | httprunner.runner:__run_step:304 - run step end: 企业注册查询注册信息 <<<<<<

2023-06-14 10:44:08.400 | INFO     | httprunner.runner:__run_step_testcase:286 - export variables: {'orgCrtType': '1', 'entId': None, 'applyId': 1140, 'entInfoSyss_1_deployMode': None, 'entInfoSyss_0_entApplyId': None, 'entApplyId': None, 'orgAddr': '致真', 'legalCrtFrontImgRid': 2123, 'entInfoSyss_3_deployAddrCity': None, 'orgNatureDesc': '国有控股', 'orgAddrProvince': '110000', 'orgAddrCountyDesc': '东城区', 'entInfoSyss_0_deployMode': None, 'entInfoSyss_3_sysType': None, 'entInfoSyss_2_id': None, 'contactEmail': 'fVgqYnzUgfQDS3r5@qaqseq.com', 'entUserId': None, 'legalName': '张三', 'legalCrtNo': '619006198909170178', 'orgAddrCityDesc': '市辖区', 'entInfoSyss_0_id': None, 'legalEmail': None, 'orgNature': '1', 'entInfoSyss_1_deployAddrCounty': None, 'entInfoSyss_3_deployMode': None, 'entInfoSyss_2_deployAddr': None, 'imgId_f': 2123, 'entInfoSyss_2_deployAddrCounty': None, 'entInfoSyss_0_deployAddrCounty': None, 'legalCrtTypeDesc': '中国居民身份证', 'prefix': '88.408.297641261659', 'entInfoSyss_1_deployAddrProvince': None, 'entInfoSyss_3_deployAddr': None, 'entInfoSyss_3_deployAddrProvince': None, 'updateDate': '2023-06-14 10:44:08', 'entInfoSyss_3_id': None, 'createDate': '2023-06-14 10:44:08', 'orgAddrCounty': '110101', 'orgAddrCity': '110100', 'imgId_b': 2124, 'orgCategorySpecificDesc': '农、林、牧、渔业-农业', 'entInfoSyss_3_entApplyId': None, 'orgName': '98g2XUeI8qVxrE23WqnyGJlT7Nkymd9H', 'entInfoSyss_0_sysType': None, 'contactPhone': '11670690951', 'legalCrtType': '1', 'industryCategory': 'A', 'entInfoSyss_2_deployAddrCity': None, 'entInfoSyss_1_sysType': None, 'imgId': 2122, 'entInfoSyss_1_id': None, 'entInfoSyss_2_entApplyId': None, 'entInfoSyss_1_entApplyId': None, 'userName': 'cWBTXLgtMytwIscjYQgHQlDRD4WspWfO', 'entInfoSyss_0_deployAddrCity': None, 'contactCrtType': 1, 'entInfoSyss_2_deployMode': None, 'legalCrtBackImgRid': 2124, 'orgAddrProvinceDesc': '北京市', 'orgCrtImgRid': 2122, 'orgCrtCode': 'SIyo8Baq8mhrFWYnfjAzCMRSc0SgJSAY', 'entInfoSyss_0_deployAddrProvince': None, 'entInfoSyss_2_deployAddrProvince': None, 'contactName': 'cWBTXLgtMytwIscjYQgHQlDRD4WspWfO', 'entInfoSyss_3_deployAddrCounty': None, 'industrySpecific': '01', 'entInfoSyss_2_sysType': None, 'entInfoSyss_1_deployAddr': None, 'entInfoSyss_1_deployAddrCity': None, 'entInfoSyss_0_deployAddr': None, 'userId': 1351, 'legalPhone': None, 'contactCrtNo': '619006198909170178'}
2023-06-14 10:44:08.401 | INFO     | httprunner.runner:__run_step:304 - run step end: 企业注册查询注册信息 <<<<<<

2023-06-14 10:44:08.402 | INFO     | httprunner.runner:__run_step:292 - run step begin: 企业注册第二步提交信息 >>>>>>
2023-06-14 10:44:08.403 | INFO     | httprunner.runner:__run_step:292 - run step begin: 企业注册第二步提交信息 >>>>>>
2023-06-14 10:44:08.472 | DEBUG    | httprunner.client:request:186 - client IP: 10.14.148.129, Port: 59319
2023-06-14 10:44:08.473 | DEBUG    | httprunner.client:request:194 - server IP: 139.198.116.76, Port: 8000
2023-06-14 10:44:08.476 | DEBUG    | httprunner.client:log_print:40 - 
================== request details ==================
method   : POST
url      : http://139.198.116.76:8000/api/v3/entApply/registerManageInfo
headers  : {
    "User-Agent": "Mozilla/5.0 (Macintosh; Intel Mac OS X 10_15_7) AppleWebKit/537.36 (KHTML, like Gecko) Chrome/105.0.0.0 Safari/537.36",
    "Accept-Encoding": "gzip, deflate",
    "Accept": "application/json, text/plain, */*",
    "Connection": "keep-alive",
    "Accept-Language": "zh-CN,zh;q=0.9",
    "Content-Type": "application/json;charset=UTF-8",
    "X-HTTP-Method-Override": "put",
    "HRUN-Request-ID": "HRUN-4485a269-e4f9-499c-943e-32d9f42d6120-648404",
    "Cookie": "SESSION=MWI2OGVkOGItYmZkOS00YTFiLWIxMzctYjcxOTc1NmRjZjk1; SESSION=response.headers.\"Set-Cookie\".session",
    "Content-Length": "3282"
}
cookies  : {
    "SESSION": "MWI2OGVkOGItYmZkOS00YTFiLWIxMzctYjcxOTc1NmRjZjk1"
}
body     : {
    "applyStep": 3,
    "applyType": null,
    "cltrid": null,
    "contactCrtBackImgPath": null,
    "contactCrtBackImgRid": 2124,
    "contactCrtFrontImgPath": null,
    "contactCrtFrontImgRid": 2123,
    "contactCrtNo": "619006198909170178",
    "contactCrtType": 1,
    "contactEmail": "fVgqYnzUgfQDS3r5@qaqseq.com",
    "contactName": "cWBTXLgtMytwIscjYQgHQlDRD4WspWfO",
    "contactPhone": "11670690951",
    "createDate": "2023-06-14 10:44:08",
    "dataHostingContractFilePath": null,
    "dataHostingContractFileRid": null,
    "dataHostingOrg": null,
    "entGeneralId": null,
    "entInfoLicenses": [],
    "entInfoSerIndustrys": [],
    "entInfoSyss": [
        {
            "deployAddr": "致真",
            "deployAddrCity": "110100",
            "deployAddrCounty": "110101",
            "deployAddrProvince": "110000",
            "deployMode": 1,
            "ipPort": null,
            "name": null,
            "sysType": 1
        },
        {
            "deployAddr": "致真",
            "deployAddrCity": "110100",
            "deployAddrCounty": "110101",
            "deployAddrProvince": "110000",
            "deployMode": 1,
            "ipPort": null,
            "name": null,
            "sysType": 2
        },
        {
            "deployAddr": "天津",
            "deployAddrCity": "120100",
            "deployAddrCounty": "120101",
            "deployAddrProvince": "120000",
            "deployMode": 1,
            "ipPort": null,
            "name": null,
            "sysType": 3
        },
        {
            "deployAddr": "天津",
            "deployAddrCity": "120100",
            "deployAddrCounty": "120101",
            "deployAddrProvince": "120000",
            "deployMode": 1,
            "ipPort": null,
            "name": null,
            "sysType": 4
        }
    ],
    "entPrefix": "88.408.297641261659",
    "escrowId": null,
    "escrowOrgName": null,
    "establishDate": null,
    "extDomain": null,
    "extIpAddr": null,
    "extWebName": null,
    "finalAuditMsg": null,
    "finalAuditStatus": null,
    "firstAuditMsg": null,
    "firstAuditStatus": null,
    "id": 1140,
    "idRegNaImp": null,
    "industryCategory": "A",
    "industrySpecific": "01",
    "isSubmit": 0,
    "legalCrtBackImgContent": null,
    "legalCrtBackImgPath": null,
    "legalCrtBackImgRid": 2124,
    "legalCrtFrontImgContent": null,
    "legalCrtFrontImgPath": null,
    "legalCrtFrontImgRid": 2123,
    "legalCrtNo": "619006198909170178",
    "legalCrtType": "1",
    "legalCrtTypeDesc": "中国居民身份证",
    "legalEmail": null,
    "legalFax": null,
    "legalName": "张三",
    "legalPhone": null,
    "orgAddr": "致真",
    "orgAddrCity": "110100",
    "orgAddrCityDesc": "市辖区",
    "orgAddrCounty": "110101",
    "orgAddrCountyDesc": "东城区",
    "orgAddrProvince": "110000",
    "orgAddrProvinceDesc": "北京市",
    "orgCategorySpecificDesc": "农、林、牧、渔业-农业",
    "orgCrtCode": "SIyo8Baq8mhrFWYnfjAzCMRSc0SgJSAY",
    "orgCrtImgContent": null,
    "orgCrtImgPath": null,
    "orgCrtImgRid": 2122,
    "orgCrtType": "1",
    "orgDesc": null,
    "orgName": "98g2XUeI8qVxrE23WqnyGJlT7Nkymd9H",
    "orgNature": "1",
    "orgNatureDesc": "1",
    "periodValidity": null,
    "regAuthority": null,
    "regCapital": null,
    "regRealNaImpName": null,
    "regRealNaImpType": null,
    "servHostingContractFilePath": null,
    "servHostingContractFileRid": null,
    "servHostingOrg": null,
    "servSysBuildContractFilePath": null,
    "servSysBuildContractFileRid": null,
    "servSysBuildName": null,
    "servSysBuildType": 1,
    "servSysOperContractFilePath": null,
    "servSysOperContractFileRid": null,
    "servSysOperName": null,
    "servSysOperType": 1,
    "svtrid": null,
    "thirdServiceMsg": null,
    "thirdServiceStatus": null,
    "updateDate": "2023-06-14 10:44:08",
    "userId": 1351,
    "userName": "cWBTXLgtMytwIscjYQgHQlDRD4WspWfO",
    "website": null
}

2023-06-14 10:44:08.478 | DEBUG    | httprunner.client:log_print:40 - 
================== response details ==================
status_code : 200
headers  : {
    "Server": "nginx",
    "Date": "Wed, 14 Jun 2023 02:44:08 GMT",
    "Content-Type": "application/json;charset=UTF-8",
    "Transfer-Encoding": "chunked",
    "Connection": "keep-alive",
    "X-Frame-Options": "SAMEORIGIN"
}
cookies  : {}
encoding : UTF-8
content_type : application/json;charset=UTF-8
body     : {
    "message": "success",
    "status": 1,
    "data": true
}

2023-06-14 10:44:08.478 | INFO     | httprunner.client:request:217 - status_code: 200, response_time(ms): 68.2 ms, response_length: 0 bytes
2023-06-14 10:44:08.479 | INFO     | httprunner.response:validate:249 - assert status_code equal 200(int)	==> pass
2023-06-14 10:44:08.480 | INFO     | httprunner.response:validate:249 - assert body.message equal success(str)	==> pass
2023-06-14 10:44:08.480 | INFO     | httprunner.runner:__run_step:304 - run step end: 企业注册第二步提交信息 <<<<<<

2023-06-14 10:44:08.481 | INFO     | httprunner.runner:__run_step:304 - run step end: 企业注册第二步提交信息 <<<<<<

2023-06-14 10:44:08.482 | INFO     | httprunner.runner:__run_step:292 - run step begin: 企业注册查询注册信息 >>>>>>
2023-06-14 10:44:08.485 | INFO     | httprunner.runner:__run_step:292 - run step begin: 企业注册查询注册信息 >>>>>>
2023-06-14 10:44:08.564 | DEBUG    | httprunner.client:request:186 - client IP: 10.14.148.129, Port: 59319
2023-06-14 10:44:08.565 | DEBUG    | httprunner.client:request:194 - server IP: 139.198.116.76, Port: 8000
2023-06-14 10:44:08.566 | DEBUG    | httprunner.client:log_print:40 - 
================== request details ==================
method   : GET
url      : http://139.198.116.76:8000/api/v3/entApply/applyOrNot
headers  : {
    "User-Agent": "Mozilla/5.0 (Macintosh; Intel Mac OS X 10_15_7) AppleWebKit/537.36 (KHTML, like Gecko) Chrome/105.0.0.0 Safari/537.36",
    "Accept-Encoding": "gzip, deflate",
    "Accept": "application/json, text/plain, */*",
    "Connection": "keep-alive",
    "Accept-Language": "zh-CN,zh;q=0.9",
    "HRUN-Request-ID": "HRUN-4485a269-e4f9-499c-943e-32d9f42d6120-648486",
    "Cookie": "SESSION=MWI2OGVkOGItYmZkOS00YTFiLWIxMzctYjcxOTc1NmRjZjk1; SESSION=response.headers.\"Set-Cookie\".session"
}
cookies  : {
    "SESSION": "MWI2OGVkOGItYmZkOS00YTFiLWIxMzctYjcxOTc1NmRjZjk1"
}
body     : None

2023-06-14 10:44:08.577 | DEBUG    | httprunner.client:log_print:40 - 
================== response details ==================
status_code : 200
headers  : {
    "Server": "nginx",
    "Date": "Wed, 14 Jun 2023 02:44:08 GMT",
    "Content-Type": "application/json;charset=UTF-8",
    "Transfer-Encoding": "chunked",
    "Connection": "keep-alive",
    "X-Frame-Options": "SAMEORIGIN"
}
cookies  : {}
encoding : UTF-8
content_type : application/json;charset=UTF-8
body     : {
    "message": "success",
    "status": 1,
    "data": {
        "nbmsEntApplyPO": {
            "id": 1140,
            "createDate": "2023-06-14 10:44:08",
            "updateDate": "2023-06-14 10:44:08",
            "applyType": null,
            "entGeneralId": null,
            "applyStep": 3,
            "isSubmit": 0,
            "entPrefix": "88.408.297641261659",
            "firstAuditStatus": null,
            "firstAuditMsg": null,
            "thirdServiceStatus": null,
            "thirdServiceMsg": null,
            "userName": "cWBTXLgtMytwIscjYQgHQlDRD4WspWfO",
            "finalAuditStatus": null,
            "finalAuditMsg": null,
            "svtrid": null,
            "cltrid": null,
            "userId": 1351,
            "orgName": "98g2XUeI8qVxrE23WqnyGJlT7Nkymd9H",
            "orgNature": "1",
            "orgAddrProvince": "110000",
            "orgAddrCity": "110100",
            "orgAddrCounty": "110101",
            "orgAddr": "致真",
            "orgCrtType": "1",
            "orgCrtCode": "SIyo8Baq8mhrFWYnfjAzCMRSc0SgJSAY",
            "legalName": "张三",
            "legalCrtType": "1",
            "legalCrtNo": "619006198909170178",
            "orgDesc": null,
            "industryCategory": "A",
            "industrySpecific": "01",
            "contactName": "cWBTXLgtMytwIscjYQgHQlDRD4WspWfO",
            "contactPhone": "11670690951",
            "contactCrtType": 1,
            "contactCrtNo": "619006198909170178",
            "contactEmail": "fVgqYnzUgfQDS3r5@qaqseq.com",
            "website": null,
            "regAuthority": null,
            "regCapital": null,
            "establishDate": null,
            "periodValidity": null,
            "legalEmail": null,
            "legalPhone": null,
            "legalFax": null,
            "servSysBuildType": 1,
            "servSysBuildName": null,
            "servSysOperType": 1,
            "servSysOperName": null,
            "dataHostingOrg": null,
            "servHostingOrg": null,
            "regRealNaImpType": null,
            "regRealNaImpName": null,
            "idRegNaImp": null,
            "extWebName": null,
            "extDomain": null,
            "extIpAddr": null,
            "orgCrtImgRid": 2122,
            "contactCrtFrontImgRid": 2123,
            "contactCrtBackImgRid": 2124,
            "legalCrtFrontImgRid": 2123,
            "legalCrtBackImgRid": 2124,
            "servSysBuildContractFileRid": null,
            "servSysOperContractFileRid": null,
            "dataHostingContractFileRid": null,
            "servHostingContractFileRid": null,
            "entInfoLicenses": [],
            "entInfoSyss": [
                {
                    "id": 2305,
                    "entApplyId": 1140,
                    "sysType": 1,
                    "deployMode": 1,
                    "deployAddr": "致真",
                    "deployAddrProvince": "110000",
                    "deployAddrCity": "110100",
                    "deployAddrCounty": "110101",
                    "name": null,
                    "ipPort": null
                },
                {
                    "id": 2306,
                    "entApplyId": 1140,
                    "sysType": 2,
                    "deployMode": 1,
                    "deployAddr": "致真",
                    "deployAddrProvince": "110000",
                    "deployAddrCity": "110100",
                    "deployAddrCounty": "110101",
                    "name": null,
                    "ipPort": null
                },
                {
                    "id": 2307,
                    "entApplyId": 1140,
                    "sysType": 3,
                    "deployMode": 1,
                    "deployAddr": "天津",
                    "deployAddrProvince": "120000",
                    "deployAddrCity": "120100",
                    "deployAddrCounty": "120101",
                    "name": null,
                    "ipPort": null
                },
                {
                    "id": 2308,
                    "entApplyId": 1140,
                    "sysType": 4,
                    "deployMode": 1,
                    "deployAddr": "天津",
                    "deployAddrProvince": "120000",
                    "deployAddrCity": "120100",
                    "deployAddrCounty": "120101",
                    "name": null,
                    "ipPort": null
                }
            ],
            "entInfoSerIndustrys": [],
            "escrowId": null,
            "industryQualificationRid": null,
            "certificationRid": null,
            "openingBank": null,
            "bankCard": null,
            "verificationName": null,
            "orgNatureDesc": "国有控股",
            "orgCrtImgContent": null,
            "orgCategorySpecificDesc": "农、林、牧、渔业-农业",
            "orgAddrProvinceDesc": "北京市",
            "orgAddrCountyDesc": "东城区",
            "orgAddrCityDesc": "市辖区",
            "legalCrtTypeDesc": "中国居民身份证",
            "legalCrtFrontImgContent": null,
            "legalCrtBackImgContent": null,
            "orgCrtImgPath": "a6d5c2a0-fbb8-486b-82b8-1bfabd6251c8.jpeg",
            "contactCrtFrontImgPath": "e634baf2-3386-494d-967b-8d08db6ac446.jpeg",
            "contactCrtBackImgPath": "729a02f2-cdab-416b-a7a1-04fa2879c037.jpeg",
            "legalCrtFrontImgPath": "e634baf2-3386-494d-967b-8d08db6ac446.jpeg",
            "legalCrtBackImgPath": "729a02f2-cdab-416b-a7a1-04fa2879c037.jpeg",
            "servSysBuildContractFilePath": null,
            "servSysOperContractFilePath": null,
            "dataHostingContractFilePath": null,
            "servHostingContractFilePath": null,
            "industryQualificationFilePath": null,
            "certificationFilePath": null,
            "escrowOrgName": null
        },
        "nbmsEntPO": null,
        "nbmsEntPrefixApplyPO": null,
        "needRelog": null,
        "applyStatus": 0
    }
}

2023-06-14 10:44:08.579 | INFO     | httprunner.client:request:217 - status_code: 200, response_time(ms): 76.84 ms, response_length: 0 bytes
2023-06-14 10:44:08.582 | INFO     | httprunner.response:extract:179 - extract mapping: {'applyId': 1140, 'userId': 1351, 'userName': 'cWBTXLgtMytwIscjYQgHQlDRD4WspWfO', 'imgId_f': 2123, 'imgId_b': 2124, 'entId': None, 'entUserId': None, 'prefix': '88.408.297641261659', 'contactCrtNo': '619006198909170178', 'contactCrtType': 1, 'contactEmail': 'fVgqYnzUgfQDS3r5@qaqseq.com', 'contactName': 'cWBTXLgtMytwIscjYQgHQlDRD4WspWfO', 'contactPhone': '11670690951', 'industryCategory': 'A', 'industrySpecific': '01', 'orgName': '98g2XUeI8qVxrE23WqnyGJlT7Nkymd9H', 'orgNature': '1', 'orgAddrProvince': '110000', 'orgAddrCity': '110100', 'orgAddrCounty': '110101', 'orgAddr': '致真', 'orgCrtType': '1', 'orgCrtCode': 'SIyo8Baq8mhrFWYnfjAzCMRSc0SgJSAY', 'legalName': '张三', 'legalEmail': None, 'legalPhone': None, 'legalCrtType': '1', 'legalCrtNo': '619006198909170178', 'legalCrtFrontImgRid': 2123, 'legalCrtBackImgRid': 2124, 'orgCrtImgRid': 2122, 'imgId': 2122, 'orgNatureDesc': '国有控股', 'orgCategorySpecificDesc': '农、林、牧、渔业-农业', 'orgAddrProvinceDesc': '北京市', 'orgAddrCountyDesc': '东城区', 'orgAddrCityDesc': '市辖区', 'legalCrtTypeDesc': '中国居民身份证', 'createDate': '2023-06-14 10:44:08', 'updateDate': '2023-06-14 10:44:08', 'entInfoSyss_0_id': 2305, 'entInfoSyss_0_entApplyId': 1140, 'entApplyId': 1140, 'entInfoSyss_0_sysType': 1, 'entInfoSyss_0_deployMode': 1, 'entInfoSyss_0_deployAddr': '致真', 'entInfoSyss_0_deployAddrProvince': '110000', 'entInfoSyss_0_deployAddrCity': '110100', 'entInfoSyss_0_deployAddrCounty': '110101', 'entInfoSyss_1_id': 2306, 'entInfoSyss_1_entApplyId': 1140, 'entInfoSyss_1_sysType': 2, 'entInfoSyss_1_deployMode': 1, 'entInfoSyss_1_deployAddr': '致真', 'entInfoSyss_1_deployAddrProvince': '110000', 'entInfoSyss_1_deployAddrCity': '110100', 'entInfoSyss_1_deployAddrCounty': '110101', 'entInfoSyss_2_id': 2307, 'entInfoSyss_2_entApplyId': 1140, 'entInfoSyss_2_sysType': 3, 'entInfoSyss_2_deployMode': 1, 'entInfoSyss_2_deployAddr': '天津', 'entInfoSyss_2_deployAddrProvince': '120000', 'entInfoSyss_2_deployAddrCity': '120100', 'entInfoSyss_2_deployAddrCounty': '120101', 'entInfoSyss_3_id': 2308, 'entInfoSyss_3_entApplyId': 1140, 'entInfoSyss_3_sysType': 4, 'entInfoSyss_3_deployMode': 1, 'entInfoSyss_3_deployAddr': '天津', 'entInfoSyss_3_deployAddrProvince': '120000', 'entInfoSyss_3_deployAddrCity': '120100', 'entInfoSyss_3_deployAddrCounty': '120101'}
2023-06-14 10:44:08.583 | INFO     | httprunner.response:validate:249 - assert status_code equal 200(int)	==> pass
2023-06-14 10:44:08.584 | INFO     | httprunner.response:validate:249 - assert body.message equal success(str)	==> pass
2023-06-14 10:44:08.584 | INFO     | httprunner.runner:__run_step:304 - run step end: 企业注册查询注册信息 <<<<<<

2023-06-14 10:44:08.585 | INFO     | httprunner.runner:__run_step_testcase:286 - export variables: {'orgCrtType': '1', 'entId': None, 'applyId': 1140, 'entInfoSyss_1_deployMode': 1, 'entInfoSyss_0_entApplyId': 1140, 'entApplyId': 1140, 'orgAddr': '致真', 'legalCrtFrontImgRid': 2123, 'entInfoSyss_3_deployAddrCity': '120100', 'orgNatureDesc': '国有控股', 'orgAddrProvince': '110000', 'orgAddrCountyDesc': '东城区', 'entInfoSyss_0_deployMode': 1, 'entInfoSyss_3_sysType': 4, 'entInfoSyss_2_id': 2307, 'contactEmail': 'fVgqYnzUgfQDS3r5@qaqseq.com', 'entUserId': None, 'legalName': '张三', 'legalCrtNo': '619006198909170178', 'orgAddrCityDesc': '市辖区', 'entInfoSyss_0_id': 2305, 'legalEmail': None, 'orgNature': '1', 'entInfoSyss_1_deployAddrCounty': '110101', 'entInfoSyss_3_deployMode': 1, 'entInfoSyss_2_deployAddr': '天津', 'imgId_f': 2123, 'entInfoSyss_2_deployAddrCounty': '120101', 'entInfoSyss_0_deployAddrCounty': '110101', 'legalCrtTypeDesc': '中国居民身份证', 'prefix': '88.408.297641261659', 'entInfoSyss_1_deployAddrProvince': '110000', 'entInfoSyss_3_deployAddr': '天津', 'entInfoSyss_3_deployAddrProvince': '120000', 'updateDate': '2023-06-14 10:44:08', 'entInfoSyss_3_id': 2308, 'createDate': '2023-06-14 10:44:08', 'orgAddrCounty': '110101', 'orgAddrCity': '110100', 'imgId_b': 2124, 'orgCategorySpecificDesc': '农、林、牧、渔业-农业', 'entInfoSyss_3_entApplyId': 1140, 'orgName': '98g2XUeI8qVxrE23WqnyGJlT7Nkymd9H', 'entInfoSyss_0_sysType': 1, 'contactPhone': '11670690951', 'legalCrtType': '1', 'industryCategory': 'A', 'entInfoSyss_2_deployAddrCity': '120100', 'entInfoSyss_1_sysType': 2, 'imgId': 2122, 'entInfoSyss_1_id': 2306, 'entInfoSyss_2_entApplyId': 1140, 'entInfoSyss_1_entApplyId': 1140, 'userName': 'cWBTXLgtMytwIscjYQgHQlDRD4WspWfO', 'entInfoSyss_0_deployAddrCity': '110100', 'contactCrtType': 1, 'entInfoSyss_2_deployMode': 1, 'legalCrtBackImgRid': 2124, 'orgAddrProvinceDesc': '北京市', 'orgCrtImgRid': 2122, 'orgCrtCode': 'SIyo8Baq8mhrFWYnfjAzCMRSc0SgJSAY', 'entInfoSyss_0_deployAddrProvince': '110000', 'entInfoSyss_2_deployAddrProvince': '120000', 'contactName': 'cWBTXLgtMytwIscjYQgHQlDRD4WspWfO', 'entInfoSyss_3_deployAddrCounty': '120101', 'industrySpecific': '01', 'entInfoSyss_2_sysType': 3, 'entInfoSyss_1_deployAddr': '致真', 'entInfoSyss_1_deployAddrCity': '110100', 'entInfoSyss_0_deployAddr': '致真', 'userId': 1351, 'legalPhone': None, 'contactCrtNo': '619006198909170178'}
2023-06-14 10:44:08.585 | INFO     | httprunner.runner:__run_step:304 - run step end: 企业注册查询注册信息 <<<<<<

2023-06-14 10:44:08.588 | INFO     | httprunner.runner:__run_step:292 - run step begin: 企业注册最终第三步提交信息 >>>>>>
2023-06-14 10:44:08.591 | INFO     | httprunner.runner:__run_step:292 - run step begin: 企业注册最终第三步提交信息 >>>>>>
2023-06-14 10:44:08.764 | DEBUG    | httprunner.client:request:186 - client IP: 10.14.148.129, Port: 59319
2023-06-14 10:44:08.765 | DEBUG    | httprunner.client:request:194 - server IP: 139.198.116.76, Port: 8000
2023-06-14 10:44:08.767 | DEBUG    | httprunner.client:log_print:40 - 
================== request details ==================
method   : POST
url      : http://139.198.116.76:8000/api/v3/entApply/apply
headers  : {
    "User-Agent": "Mozilla/5.0 (Macintosh; Intel Mac OS X 10_15_7) AppleWebKit/537.36 (KHTML, like Gecko) Chrome/105.0.0.0 Safari/537.36",
    "Accept-Encoding": "gzip, deflate",
    "Accept": "application/json, text/plain, */*",
    "Connection": "keep-alive",
    "Accept-Language": "zh-CN,zh;q=0.9",
    "Content-Type": "application/json;charset=UTF-8",
    "HRUN-Request-ID": "HRUN-4485a269-e4f9-499c-943e-32d9f42d6120-648592",
    "Cookie": "SESSION=MWI2OGVkOGItYmZkOS00YTFiLWIxMzctYjcxOTc1NmRjZjk1; SESSION=response.headers.\"Set-Cookie\".session",
    "Content-Length": "3282"
}
cookies  : {
    "SESSION": "MWI2OGVkOGItYmZkOS00YTFiLWIxMzctYjcxOTc1NmRjZjk1"
}
body     : {
    "applyStep": 4,
    "applyType": null,
    "cltrid": null,
    "contactCrtBackImgPath": null,
    "contactCrtBackImgRid": 2124,
    "contactCrtFrontImgPath": null,
    "contactCrtFrontImgRid": 2123,
    "contactCrtNo": "619006198909170178",
    "contactCrtType": 1,
    "contactEmail": "fVgqYnzUgfQDS3r5@qaqseq.com",
    "contactName": "cWBTXLgtMytwIscjYQgHQlDRD4WspWfO",
    "contactPhone": "11670690951",
    "createDate": "2023-06-14 10:44:08",
    "dataHostingContractFilePath": null,
    "dataHostingContractFileRid": null,
    "dataHostingOrg": null,
    "entGeneralId": null,
    "entInfoLicenses": [],
    "entInfoSerIndustrys": [],
    "entInfoSyss": [
        {
            "deployAddr": "致真",
            "deployAddrCity": "110100",
            "deployAddrCounty": "110101",
            "deployAddrProvince": "110000",
            "deployMode": 1,
            "ipPort": null,
            "name": null,
            "sysType": 2
        },
        {
            "deployAddr": "致真",
            "deployAddrCity": "110100",
            "deployAddrCounty": "110101",
            "deployAddrProvince": "110000",
            "deployMode": 1,
            "ipPort": null,
            "name": null,
            "sysType": 3
        },
        {
            "deployAddr": "天津",
            "deployAddrCity": "120100",
            "deployAddrCounty": "120101",
            "deployAddrProvince": "120000",
            "deployMode": 1,
            "ipPort": null,
            "name": null,
            "sysType": 4
        },
        {
            "deployAddr": "天津",
            "deployAddrCity": "120100",
            "deployAddrCounty": "120101",
            "deployAddrProvince": "120000",
            "deployMode": 1,
            "ipPort": null,
            "name": null,
            "sysType": 4
        }
    ],
    "entPrefix": "88.408.297641261659",
    "escrowId": null,
    "escrowOrgName": null,
    "establishDate": null,
    "extDomain": null,
    "extIpAddr": null,
    "extWebName": null,
    "finalAuditMsg": null,
    "finalAuditStatus": null,
    "firstAuditMsg": null,
    "firstAuditStatus": null,
    "id": 1140,
    "idRegNaImp": null,
    "industryCategory": "A",
    "industrySpecific": "01",
    "isSubmit": 0,
    "legalCrtBackImgContent": null,
    "legalCrtBackImgPath": null,
    "legalCrtBackImgRid": 2124,
    "legalCrtFrontImgContent": null,
    "legalCrtFrontImgPath": null,
    "legalCrtFrontImgRid": 2123,
    "legalCrtNo": "619006198909170178",
    "legalCrtType": "1",
    "legalCrtTypeDesc": "中国居民身份证",
    "legalEmail": null,
    "legalFax": null,
    "legalName": "张三",
    "legalPhone": null,
    "orgAddr": "致真",
    "orgAddrCity": "110100",
    "orgAddrCityDesc": "市辖区",
    "orgAddrCounty": "110101",
    "orgAddrCountyDesc": "东城区",
    "orgAddrProvince": "110000",
    "orgAddrProvinceDesc": "北京市",
    "orgCategorySpecificDesc": "农、林、牧、渔业-农业",
    "orgCrtCode": "SIyo8Baq8mhrFWYnfjAzCMRSc0SgJSAY",
    "orgCrtImgContent": null,
    "orgCrtImgPath": null,
    "orgCrtImgRid": 2122,
    "orgCrtType": "1",
    "orgDesc": null,
    "orgName": "98g2XUeI8qVxrE23WqnyGJlT7Nkymd9H",
    "orgNature": "1",
    "orgNatureDesc": "1",
    "periodValidity": null,
    "regAuthority": null,
    "regCapital": null,
    "regRealNaImpName": null,
    "regRealNaImpType": null,
    "servHostingContractFilePath": null,
    "servHostingContractFileRid": null,
    "servHostingOrg": null,
    "servSysBuildContractFilePath": null,
    "servSysBuildContractFileRid": null,
    "servSysBuildName": null,
    "servSysBuildType": 1,
    "servSysOperContractFilePath": null,
    "servSysOperContractFileRid": null,
    "servSysOperName": null,
    "servSysOperType": 1,
    "svtrid": null,
    "thirdServiceMsg": null,
    "thirdServiceStatus": null,
    "updateDate": "2023-06-14 10:44:08",
    "userId": 1351,
    "userName": "cWBTXLgtMytwIscjYQgHQlDRD4WspWfO",
    "website": null
}

2023-06-14 10:44:08.770 | DEBUG    | httprunner.client:log_print:40 - 
================== response details ==================
status_code : 200
headers  : {
    "Server": "nginx",
    "Date": "Wed, 14 Jun 2023 02:44:08 GMT",
    "Content-Type": "application/json;charset=UTF-8",
    "Transfer-Encoding": "chunked",
    "Connection": "keep-alive",
    "X-Frame-Options": "SAMEORIGIN"
}
cookies  : {}
encoding : UTF-8
content_type : application/json;charset=UTF-8
body     : {
    "message": "success",
    "status": 1,
    "data": true
}

2023-06-14 10:44:08.771 | INFO     | httprunner.client:request:217 - status_code: 200, response_time(ms): 170.99 ms, response_length: 0 bytes
2023-06-14 10:44:08.771 | INFO     | httprunner.response:validate:249 - assert status_code equal 200(int)	==> pass
2023-06-14 10:44:08.774 | INFO     | httprunner.response:validate:249 - assert body.message equal success(str)	==> pass
2023-06-14 10:44:08.776 | INFO     | httprunner.runner:__run_step:304 - run step end: 企业注册最终第三步提交信息 <<<<<<

2023-06-14 10:44:08.777 | INFO     | httprunner.runner:__run_step:304 - run step end: 企业注册最终第三步提交信息 <<<<<<

2023-06-14 10:44:08.778 | INFO     | httprunner.runner:__run_step:292 - run step begin: 登录-管理员 >>>>>>
2023-06-14 10:44:08.780 | INFO     | httprunner.runner:__run_step:292 - run step begin: 登录-企业用户 >>>>>>
2023-06-14 10:44:08.855 | DEBUG    | httprunner.client:request:186 - client IP: 10.14.148.129, Port: 59319
2023-06-14 10:44:08.856 | DEBUG    | httprunner.client:request:194 - server IP: 139.198.116.76, Port: 8000
2023-06-14 10:44:08.859 | DEBUG    | httprunner.client:log_print:40 - 
================== request details ==================
method   : POST
url      : http://139.198.116.76:8000/api/home/test/login
headers  : {
    "User-Agent": "python-requests/2.28.1",
    "Accept-Encoding": "gzip, deflate, br",
    "Accept": "*/*",
    "Connection": "keep-alive",
    "Content-Length": "144",
    "Content-Type": "application/json",
    "HRUN-Request-ID": "HRUN-4485a269-e4f9-499c-943e-32d9f42d6120-648780",
    "Cookie": "SESSION=MWI2OGVkOGItYmZkOS00YTFiLWIxMzctYjcxOTc1NmRjZjk1"
}
cookies  : {
    "SESSION": "MWI2OGVkOGItYmZkOS00YTFiLWIxMzctYjcxOTc1NmRjZjk1"
}
body     : {
    "captcha": "0000",
    "captchaSign": "5d39bab12bba81ab59b3931d2ca06ee9603c3803355932be66974f122cab3502",
    "emailCaptcha": "",
    "username": "adminy"
}

2023-06-14 10:44:08.862 | DEBUG    | httprunner.client:log_print:40 - 
================== response details ==================
status_code : 200
headers  : {
    "Server": "nginx",
    "Date": "Wed, 14 Jun 2023 02:44:08 GMT",
    "Content-Type": "application/json;charset=UTF-8",
    "Transfer-Encoding": "chunked",
    "Connection": "keep-alive",
    "Set-Cookie": "SESSION=NTdiNGJkOTUtN2IzMS00NGNjLTliZjgtZWQ1ZWMzN2IzZmVl; Path=/; HttpOnly; SameSite=Lax",
    "X-Frame-Options": "SAMEORIGIN"
}
cookies  : {
    "SESSION": "NTdiNGJkOTUtN2IzMS00NGNjLTliZjgtZWQ1ZWMzN2IzZmVl"
}
encoding : UTF-8
content_type : application/json;charset=UTF-8
body     : {
    "message": "success",
    "status": 1,
    "data": true
}

2023-06-14 10:44:08.865 | INFO     | httprunner.client:request:217 - status_code: 200, response_time(ms): 74.54 ms, response_length: 0 bytes
2023-06-14 10:44:08.866 | INFO     | httprunner.response:extract:179 - extract mapping: {'adminSession': 'response.headers."Set-Cookie".session'}
2023-06-14 10:44:08.866 | INFO     | httprunner.response:validate:249 - assert status_code equal 200(int)	==> pass
2023-06-14 10:44:08.866 | INFO     | httprunner.response:validate:249 - assert headers."Content-Type" equal application/json;charset=UTF-8(str)	==> pass
2023-06-14 10:44:08.866 | INFO     | httprunner.response:validate:249 - assert body.message equal success(str)	==> pass
2023-06-14 10:44:08.867 | INFO     | httprunner.response:validate:249 - assert body.status equal 1(int)	==> pass
2023-06-14 10:44:08.867 | INFO     | httprunner.response:validate:249 - assert body.data equal True(bool)	==> pass
2023-06-14 10:44:08.867 | INFO     | httprunner.runner:__run_step:304 - run step end: 登录-企业用户 <<<<<<

2023-06-14 10:44:08.867 | INFO     | httprunner.runner:__run_step_testcase:286 - export variables: {'adminSession': 'response.headers."Set-Cookie".session'}
2023-06-14 10:44:08.868 | INFO     | httprunner.runner:__run_step:304 - run step end: 登录-管理员 <<<<<<

2023-06-14 10:44:08.869 | INFO     | httprunner.runner:__run_step:292 - run step begin: 年费费用查询 >>>>>>
2023-06-14 10:44:08.870 | INFO     | httprunner.runner:__run_step:292 - run step begin: 财务规则查询-年费 >>>>>>
2023-06-14 10:44:08.925 | DEBUG    | httprunner.client:request:186 - client IP: 10.14.148.129, Port: 59319
2023-06-14 10:44:08.926 | DEBUG    | httprunner.client:request:194 - server IP: 139.198.116.76, Port: 8000
2023-06-14 10:44:08.927 | DEBUG    | httprunner.client:log_print:40 - 
================== request details ==================
method   : GET
url      : http://139.198.116.76:8000/api/finance/rule/findRule?cache=1663837640684&moneyType=2&userId=1351
headers  : {
    "User-Agent": "Mozilla/5.0 (Macintosh; Intel Mac OS X 10_15_7) AppleWebKit/537.36 (KHTML, like Gecko) Chrome/98.0.4758.102 Safari/537.36 Edg/98.0.1108.56",
    "Accept-Encoding": "gzip, deflate",
    "Accept": "application/json, text/plain, */*",
    "Connection": "keep-alive",
    "Accept-Language": "zh-CN,zh;q=0.9,en;q=0.8,en-GB;q=0.7,en-US;q=0.6",
    "HRUN-Request-ID": "HRUN-4485a269-e4f9-499c-943e-32d9f42d6120-648871",
    "Cookie": "SESSION=NTdiNGJkOTUtN2IzMS00NGNjLTliZjgtZWQ1ZWMzN2IzZmVl; SESSION=response.headers.\"Set-Cookie\".session"
}
cookies  : {
    "SESSION": "NTdiNGJkOTUtN2IzMS00NGNjLTliZjgtZWQ1ZWMzN2IzZmVl"
}
body     : None

2023-06-14 10:44:08.928 | DEBUG    | httprunner.client:log_print:40 - 
================== response details ==================
status_code : 200
headers  : {
    "Server": "nginx",
    "Date": "Wed, 14 Jun 2023 02:44:08 GMT",
    "Content-Type": "application/json;charset=UTF-8",
    "Transfer-Encoding": "chunked",
    "Connection": "keep-alive",
    "X-Frame-Options": "SAMEORIGIN"
}
cookies  : {}
encoding : UTF-8
content_type : application/json;charset=UTF-8
body     : {
    "message": "success",
    "status": 1,
    "data": [
        {
            "id": 78,
            "createDate": "2023-05-31 12:51:47",
            "updateDate": "2023-05-31 12:51:47",
            "name": "标准",
            "money": 10000.0,
            "moneyType": 2,
            "prefixCount": 1,
            "remart": "test",
            "entName": null,
            "entUserId": null,
            "ruleType": 2,
            "escrowId": null
        }
    ]
}

2023-06-14 10:44:08.930 | INFO     | httprunner.client:request:217 - status_code: 200, response_time(ms): 52.84 ms, response_length: 0 bytes
2023-06-14 10:44:08.930 | INFO     | httprunner.response:extract:179 - extract mapping: {'annualFeeRuleId': 78}
2023-06-14 10:44:08.931 | INFO     | httprunner.response:validate:249 - assert status_code equal 200(int)	==> pass
2023-06-14 10:44:08.932 | INFO     | httprunner.response:validate:249 - assert body.message equal success(str)	==> pass
2023-06-14 10:44:08.932 | INFO     | httprunner.response:validate:249 - assert body.status equal 1(int)	==> pass
2023-06-14 10:44:08.933 | INFO     | httprunner.runner:__run_step:304 - run step end: 财务规则查询-年费 <<<<<<

2023-06-14 10:44:08.933 | INFO     | httprunner.runner:__run_step_testcase:286 - export variables: {'annualFeeRuleId': 78}
2023-06-14 10:44:08.934 | INFO     | httprunner.runner:__run_step:304 - run step end: 年费费用查询 <<<<<<

2023-06-14 10:44:08.935 | INFO     | httprunner.runner:__run_step:292 - run step begin: 注册费费用查询 >>>>>>
2023-06-14 10:44:08.936 | INFO     | httprunner.runner:__run_step:292 - run step begin: 财务规则查询-注册费 >>>>>>
2023-06-14 10:44:08.992 | DEBUG    | httprunner.client:request:186 - client IP: 10.14.148.129, Port: 59319
2023-06-14 10:44:08.993 | DEBUG    | httprunner.client:request:194 - server IP: 139.198.116.76, Port: 8000
2023-06-14 10:44:08.994 | DEBUG    | httprunner.client:log_print:40 - 
================== request details ==================
method   : GET
url      : http://139.198.116.76:8000/api/finance/rule/findRule?moneyType=1&userId=1351
headers  : {
    "User-Agent": "Mozilla/5.0 (Macintosh; Intel Mac OS X 10_15_7) AppleWebKit/537.36 (KHTML, like Gecko) Chrome/98.0.4758.102 Safari/537.36 Edg/98.0.1108.56",
    "Accept-Encoding": "gzip, deflate",
    "Accept": "application/json, text/plain, */*",
    "Connection": "keep-alive",
    "Accept-Language": "zh-CN,zh;q=0.9,en;q=0.8,en-GB;q=0.7,en-US;q=0.6",
    "HRUN-Request-ID": "HRUN-4485a269-e4f9-499c-943e-32d9f42d6120-648938",
    "Cookie": "SESSION=NTdiNGJkOTUtN2IzMS00NGNjLTliZjgtZWQ1ZWMzN2IzZmVl; SESSION=response.headers.\"Set-Cookie\".session"
}
cookies  : {
    "SESSION": "NTdiNGJkOTUtN2IzMS00NGNjLTliZjgtZWQ1ZWMzN2IzZmVl"
}
body     : None

2023-06-14 10:44:08.997 | DEBUG    | httprunner.client:log_print:40 - 
================== response details ==================
status_code : 200
headers  : {
    "Server": "nginx",
    "Date": "Wed, 14 Jun 2023 02:44:09 GMT",
    "Content-Type": "application/json;charset=UTF-8",
    "Transfer-Encoding": "chunked",
    "Connection": "keep-alive",
    "X-Frame-Options": "SAMEORIGIN"
}
cookies  : {}
encoding : UTF-8
content_type : application/json;charset=UTF-8
body     : {
    "message": "success",
    "status": 1,
    "data": [
        {
            "id": 77,
            "createDate": "2023-05-31 12:51:33",
            "updateDate": "2023-05-31 12:51:33",
            "name": "标准",
            "money": 10000.0,
            "moneyType": 1,
            "prefixCount": 1,
            "remart": "test",
            "entName": null,
            "entUserId": null,
            "ruleType": 2,
            "escrowId": null
        }
    ]
}

2023-06-14 10:44:08.997 | INFO     | httprunner.client:request:217 - status_code: 200, response_time(ms): 54.14 ms, response_length: 0 bytes
2023-06-14 10:44:08.998 | INFO     | httprunner.response:extract:179 - extract mapping: {'regFeeRuleId': 77}
2023-06-14 10:44:08.998 | INFO     | httprunner.response:validate:249 - assert status_code equal 200(int)	==> pass
2023-06-14 10:44:08.999 | INFO     | httprunner.response:validate:249 - assert body.message equal success(str)	==> pass
2023-06-14 10:44:08.999 | INFO     | httprunner.response:validate:249 - assert body.status equal 1(int)	==> pass
2023-06-14 10:44:09.000 | INFO     | httprunner.runner:__run_step:304 - run step end: 财务规则查询-注册费 <<<<<<

2023-06-14 10:44:09.000 | INFO     | httprunner.runner:__run_step_testcase:286 - export variables: {'regFeeRuleId': 77}
2023-06-14 10:44:09.001 | INFO     | httprunner.runner:__run_step:304 - run step end: 注册费费用查询 <<<<<<

2023-06-14 10:44:09.003 | INFO     | httprunner.runner:__run_step:292 - run step begin: 审核结果保存 >>>>>>
2023-06-14 10:44:09.005 | INFO     | httprunner.runner:__run_step:292 - run step begin: 企业审核保存 >>>>>>
2023-06-14 10:44:10.031 | DEBUG    | httprunner.client:request:186 - client IP: 10.14.148.129, Port: 59319
2023-06-14 10:44:10.031 | DEBUG    | httprunner.client:request:194 - server IP: 139.198.116.76, Port: 8000
2023-06-14 10:44:10.032 | DEBUG    | httprunner.client:log_print:40 - 
================== request details ==================
method   : POST
url      : http://139.198.116.76:8000/api/v3/ent/audit/save?annualFeeRuleId=78&applyId=1140&auditMsg=%E5%AE%A1%E6%A0%B8%E9%80%9A%E8%BF%87&auditResult=pass&entPrefix=88.408.297641261659&regFeeRuleId=77
headers  : {
    "User-Agent": "Mozilla/5.0 (Macintosh; Intel Mac OS X 10_15_7) AppleWebKit/537.36 (KHTML, like Gecko) Chrome/98.0.4758.102 Safari/537.36 Edg/98.0.1108.56",
    "Accept-Encoding": "gzip, deflate",
    "Accept": "application/json, text/plain, */*",
    "Connection": "keep-alive",
    "Accept-Language": "zh-CN,zh;q=0.9,en;q=0.8,en-GB;q=0.7,en-US;q=0.6",
    "Content-Length": "0",
    "HRUN-Request-ID": "HRUN-4485a269-e4f9-499c-943e-32d9f42d6120-649005",
    "Cookie": "SESSION=NTdiNGJkOTUtN2IzMS00NGNjLTliZjgtZWQ1ZWMzN2IzZmVl; SESSION=response.headers.\"Set-Cookie\".session"
}
cookies  : {
    "SESSION": "NTdiNGJkOTUtN2IzMS00NGNjLTliZjgtZWQ1ZWMzN2IzZmVl"
}
body     : None

2023-06-14 10:44:10.033 | DEBUG    | httprunner.client:log_print:40 - 
================== response details ==================
status_code : 200
headers  : {
    "Server": "nginx",
    "Date": "Wed, 14 Jun 2023 02:44:10 GMT",
    "Content-Type": "application/json",
    "Transfer-Encoding": "chunked",
    "Connection": "keep-alive",
    "X-Frame-Options": "SAMEORIGIN"
}
cookies  : {}
encoding : utf-8
content_type : application/json
body     : {
    "message": "success",
    "status": 1,
    "data": true
}

2023-06-14 10:44:10.034 | INFO     | httprunner.client:request:217 - status_code: 200, response_time(ms): 1025.19 ms, response_length: 0 bytes
2023-06-14 10:44:10.034 | INFO     | httprunner.response:validate:249 - assert status_code equal 200(int)	==> pass
2023-06-14 10:44:10.034 | INFO     | httprunner.response:validate:249 - assert body.message equal success(str)	==> pass
2023-06-14 10:44:10.035 | INFO     | httprunner.response:validate:249 - assert body.status equal 1(int)	==> pass
2023-06-14 10:44:10.035 | INFO     | httprunner.response:validate:249 - assert body.data equal True(bool)	==> pass
2023-06-14 10:44:10.035 | INFO     | httprunner.runner:__run_step:304 - run step end: 企业审核保存 <<<<<<

2023-06-14 10:44:10.037 | INFO     | httprunner.runner:__run_step:304 - run step end: 审核结果保存 <<<<<<

2023-06-14 10:44:10.039 | INFO     | httprunner.runner:__run_step:292 - run step begin: 前缀管理分页 >>>>>>
2023-06-14 10:44:10.040 | INFO     | httprunner.runner:__run_step:292 - run step begin: 前缀管理分页 >>>>>>
2023-06-14 10:44:10.098 | DEBUG    | httprunner.client:request:186 - client IP: 10.14.148.129, Port: 59319
2023-06-14 10:44:10.099 | DEBUG    | httprunner.client:request:194 - server IP: 139.198.116.76, Port: 8000
2023-06-14 10:44:10.099 | DEBUG    | httprunner.client:log_print:40 - 
================== request details ==================
method   : GET
url      : http://139.198.116.76:8000/api/v3/ent/prefix/manage/pageQuery?cache=1663838231980&currentPage=1&entPrefix=88.408.297641261659&escrowOrgName=&order=&orderProp=
headers  : {
    "User-Agent": "Mozilla/5.0 (Macintosh; Intel Mac OS X 10_15_7) AppleWebKit/537.36 (KHTML, like Gecko) Chrome/98.0.4758.102 Safari/537.36 Edg/98.0.1108.56",
    "Accept-Encoding": "gzip, deflate",
    "Accept": "application/json, text/plain, */*",
    "Connection": "keep-alive",
    "Accept-Language": "zh-CN,zh;q=0.9,en;q=0.8,en-GB;q=0.7,en-US;q=0.6",
    "HRUN-Request-ID": "HRUN-4485a269-e4f9-499c-943e-32d9f42d6120-650041",
    "Cookie": "SESSION=NTdiNGJkOTUtN2IzMS00NGNjLTliZjgtZWQ1ZWMzN2IzZmVl; SESSION=response.headers.\"Set-Cookie\".session"
}
cookies  : {
    "SESSION": "NTdiNGJkOTUtN2IzMS00NGNjLTliZjgtZWQ1ZWMzN2IzZmVl"
}
body     : None

2023-06-14 10:44:10.100 | DEBUG    | httprunner.client:log_print:40 - 
================== response details ==================
status_code : 200
headers  : {
    "Server": "nginx",
    "Date": "Wed, 14 Jun 2023 02:44:10 GMT",
    "Content-Type": "application/json",
    "Transfer-Encoding": "chunked",
    "Connection": "keep-alive",
    "X-Frame-Options": "SAMEORIGIN"
}
cookies  : {}
encoding : utf-8
content_type : application/json
body     : {
    "message": "success",
    "status": 1,
    "data": {
        "first": true,
        "last": true,
        "totalPages": 1,
        "totalElements": 1,
        "number": 1,
        "size": 10,
        "sort": {
            "sorted": false,
            "unsorted": true,
            "empty": true
        },
        "numberOfElements": 1,
        "content": [
            {
                "userId": 1351,
                "entPrefix": "88.408.297641261659",
                "state": 1,
                "entGeneralId": null,
                "entName": "98g2XUeI8qVxrE23WqnyGJlT7Nkymd9H",
                "escrowOrgName": null,
                "proxyState": 1,
                "createDate": "2023-06-14 10:44:10",
                "updateDate": "2023-06-14 10:44:10",
                "id": 573
            }
        ]
    }
}

2023-06-14 10:44:10.100 | INFO     | httprunner.client:request:217 - status_code: 200, response_time(ms): 56.53 ms, response_length: 0 bytes
2023-06-14 10:44:10.101 | INFO     | httprunner.response:extract:179 - extract mapping: {'userId': 1351, 'entPrefix': '88.408.297641261659', 'prefixId': 573, 'entNameCn': '98g2XUeI8qVxrE23WqnyGJlT7Nkymd9H', 'proxyState': 1}
2023-06-14 10:44:10.102 | INFO     | httprunner.response:validate:249 - assert status_code equal 200(int)	==> pass
2023-06-14 10:44:10.102 | INFO     | httprunner.response:validate:249 - assert body.message equal success(str)	==> pass
2023-06-14 10:44:10.102 | INFO     | httprunner.runner:__run_step:304 - run step end: 前缀管理分页 <<<<<<

2023-06-14 10:44:10.103 | INFO     | httprunner.runner:__run_step_testcase:286 - export variables: {'entNameCn': '98g2XUeI8qVxrE23WqnyGJlT7Nkymd9H', 'proxyState': 1, 'entPrefix': '88.408.297641261659', 'userId': 1351, 'prefixId': 573}
2023-06-14 10:44:10.103 | INFO     | httprunner.runner:__run_step:304 - run step end: 前缀管理分页 <<<<<<

2023-06-14 10:44:10.103 | INFO     | httprunner.runner:__run_step_testcase:286 - export variables: {'entPrefix': '88.408.297641261659'}
2023-06-14 10:44:10.104 | INFO     | httprunner.runner:__run_step:304 - run step end: 前缀注册并审核通过 <<<<<<

2023-06-14 10:44:10.104 | INFO     | httprunner.runner:__run_step:292 - run step begin: 登录-管理员 >>>>>>
2023-06-14 10:44:10.106 | INFO     | httprunner.runner:__run_step:292 - run step begin: 登录-企业用户 >>>>>>
2023-06-14 10:44:10.176 | DEBUG    | httprunner.client:request:186 - client IP: 10.14.148.129, Port: 59319
2023-06-14 10:44:10.176 | DEBUG    | httprunner.client:request:194 - server IP: 139.198.116.76, Port: 8000
2023-06-14 10:44:10.178 | DEBUG    | httprunner.client:log_print:40 - 
================== request details ==================
method   : POST
url      : http://139.198.116.76:8000/api/home/test/login
headers  : {
    "User-Agent": "python-requests/2.28.1",
    "Accept-Encoding": "gzip, deflate, br",
    "Accept": "*/*",
    "Connection": "keep-alive",
    "Content-Length": "144",
    "Content-Type": "application/json",
    "HRUN-Request-ID": "HRUN-4485a269-e4f9-499c-943e-32d9f42d6120-650106",
    "Cookie": "SESSION=NTdiNGJkOTUtN2IzMS00NGNjLTliZjgtZWQ1ZWMzN2IzZmVl"
}
cookies  : {
    "SESSION": "NTdiNGJkOTUtN2IzMS00NGNjLTliZjgtZWQ1ZWMzN2IzZmVl"
}
body     : {
    "captcha": "0000",
    "captchaSign": "5d39bab12bba81ab59b3931d2ca06ee9603c3803355932be66974f122cab3502",
    "emailCaptcha": "",
    "username": "adminy"
}

2023-06-14 10:44:10.180 | DEBUG    | httprunner.client:log_print:40 - 
================== response details ==================
status_code : 200
headers  : {
    "Server": "nginx",
    "Date": "Wed, 14 Jun 2023 02:44:10 GMT",
    "Content-Type": "application/json;charset=UTF-8",
    "Transfer-Encoding": "chunked",
    "Connection": "keep-alive",
    "Set-Cookie": "SESSION=YTJiMTUwN2QtNTMwNi00NDk5LWE1YWYtMDMxMjU5ZTEyYTY5; Path=/; HttpOnly; SameSite=Lax",
    "X-Frame-Options": "SAMEORIGIN"
}
cookies  : {
    "SESSION": "YTJiMTUwN2QtNTMwNi00NDk5LWE1YWYtMDMxMjU5ZTEyYTY5"
}
encoding : UTF-8
content_type : application/json;charset=UTF-8
body     : {
    "message": "success",
    "status": 1,
    "data": true
}

2023-06-14 10:44:10.181 | INFO     | httprunner.client:request:217 - status_code: 200, response_time(ms): 69.07 ms, response_length: 0 bytes
2023-06-14 10:44:10.181 | INFO     | httprunner.response:extract:179 - extract mapping: {'adminSession': 'response.headers."Set-Cookie".session'}
2023-06-14 10:44:10.182 | INFO     | httprunner.response:validate:249 - assert status_code equal 200(int)	==> pass
2023-06-14 10:44:10.182 | INFO     | httprunner.response:validate:249 - assert headers."Content-Type" equal application/json;charset=UTF-8(str)	==> pass
2023-06-14 10:44:10.183 | INFO     | httprunner.response:validate:249 - assert body.message equal success(str)	==> pass
2023-06-14 10:44:10.183 | INFO     | httprunner.response:validate:249 - assert body.status equal 1(int)	==> pass
2023-06-14 10:44:10.183 | INFO     | httprunner.response:validate:249 - assert body.data equal True(bool)	==> pass
2023-06-14 10:44:10.184 | INFO     | httprunner.runner:__run_step:304 - run step end: 登录-企业用户 <<<<<<

2023-06-14 10:44:10.184 | INFO     | httprunner.runner:__run_step_testcase:286 - export variables: {'adminSession': 'response.headers."Set-Cookie".session'}
2023-06-14 10:44:10.185 | INFO     | httprunner.runner:__run_step:304 - run step end: 登录-管理员 <<<<<<

2023-06-14 10:44:10.185 | INFO     | httprunner.runner:__run_step:292 - run step begin: 企业注册中统计 >>>>>>
2023-06-14 10:44:10.186 | INFO     | httprunner.runner:__run_step:292 - run step begin: 首页-数据汇总-企业申请中 >>>>>>
2023-06-14 10:44:10.249 | DEBUG    | httprunner.client:request:186 - client IP: 10.14.148.129, Port: 59319
2023-06-14 10:44:10.250 | DEBUG    | httprunner.client:request:194 - server IP: 139.198.116.76, Port: 8000
2023-06-14 10:44:10.251 | DEBUG    | httprunner.client:log_print:40 - 
================== request details ==================
method   : GET
url      : http://139.198.116.76:8000/api/index/statistics?cache=1663755717060
headers  : {
    "User-Agent": "Mozilla/5.0 (Macintosh; Intel Mac OS X 10_15_7) AppleWebKit/537.36 (KHTML, like Gecko) Chrome/105.0.0.0 Safari/537.36",
    "Accept-Encoding": "gzip, deflate",
    "Accept": "application/json, text/plain, */*",
    "Connection": "keep-alive",
    "Accept-Language": "zh-CN,zh;q=0.9",
    "HRUN-Request-ID": "HRUN-4485a269-e4f9-499c-943e-32d9f42d6120-650187",
    "Cookie": "SESSION=YTJiMTUwN2QtNTMwNi00NDk5LWE1YWYtMDMxMjU5ZTEyYTY5; SESSION=response.headers.\"Set-Cookie\".session"
}
cookies  : {
    "SESSION": "YTJiMTUwN2QtNTMwNi00NDk5LWE1YWYtMDMxMjU5ZTEyYTY5"
}
body     : None

2023-06-14 10:44:10.252 | DEBUG    | httprunner.client:log_print:40 - 
================== response details ==================
status_code : 200
headers  : {
    "Server": "nginx",
    "Date": "Wed, 14 Jun 2023 02:44:10 GMT",
    "Content-Type": "application/json;charset=UTF-8",
    "Transfer-Encoding": "chunked",
    "Connection": "keep-alive",
    "X-Frame-Options": "SAMEORIGIN"
}
cookies  : {}
encoding : UTF-8
content_type : application/json;charset=UTF-8
body     : {
    "message": "success",
    "status": 1,
    "data": {
        "prefixNum": 366,
        "entNum": 319,
        "applyNum": 212,
        "identityNum": 1877,
        "resolvnum": 265,
        "delnum": 76
    }
}

2023-06-14 10:44:10.252 | INFO     | httprunner.client:request:217 - status_code: 200, response_time(ms): 61.83 ms, response_length: 0 bytes
2023-06-14 10:44:10.253 | INFO     | httprunner.response:validate:249 - assert status_code equal 200(int)	==> pass
2023-06-14 10:44:10.254 | INFO     | httprunner.response:validate:249 - assert headers."Content-Type" equal application/json;charset=UTF-8(str)	==> pass
2023-06-14 10:44:10.254 | INFO     | httprunner.response:validate:249 - assert body.message equal success(str)	==> pass
2023-06-14 10:44:10.255 | INFO     | httprunner.response:validate:249 - assert body.status equal 1(int)	==> pass
2023-06-14 10:44:10.255 | INFO     | httprunner.response:validate:249 - assert body.data.prefixNum equal 366(int)	==> pass
2023-06-14 10:44:10.256 | INFO     | httprunner.response:validate:249 - assert body.data.entNum equal 319(int)	==> pass
2023-06-14 10:44:10.256 | INFO     | httprunner.runner:__run_step:304 - run step end: 首页-数据汇总-企业申请中 <<<<<<

2023-06-14 10:44:10.257 | INFO     | httprunner.runner:__run_step:304 - run step end: 企业注册中统计 <<<<<<

