2023-06-14 10:43:12.292 | INFO     | httprunner.runner:test_start:450 - Start to run testcase: 添加标识业务数据-ent-37,38, TestCase ID: 46fe26d9-054c-47d3-a539-efc3882ad6f0
2023-06-14 10:43:12.293 | INFO     | httprunner.runner:__run_step:292 - run step begin: 用户注册 >>>>>>
2023-06-14 10:43:12.293 | INFO     | httprunner.runner:__run_step:292 - run step begin: 用户注册 >>>>>>
2023-06-14 10:43:12.399 | DEBUG    | httprunner.client:request:186 - client IP: 10.14.148.129, Port: 59122
2023-06-14 10:43:12.399 | DEBUG    | httprunner.client:request:194 - server IP: 139.198.116.76, Port: 8000
2023-06-14 10:43:12.400 | DEBUG    | httprunner.client:log_print:40 - 
================== request details ==================
method   : POST
url      : http://139.198.116.76:8000/api/home/test/registry
headers  : {
    "User-Agent": "Mozilla/5.0 (Windows NT 10.0; WOW64) AppleWebKit/537.36 (KHTML, like Gecko) Chrome/100.0.4896.60 Safari/537.36",
    "Accept-Encoding": "gzip, deflate",
    "Accept": "application/json, text/plain, */*",
    "Connection": "keep-alive",
    "Accept-Language": "zh-CN,zh;q=0.9",
    "HRUN-Request-ID": "HRUN-46fe26d9-054c-47d3-a539-efc3882ad6f0-592293",
    "Content-Length": "187",
    "Content-Type": "application/json"
}
cookies  : {}
body     : {
    "email": "gwQQSQoJgps7AZeT@qaqseq.com",
    "mobile": "15739947122",
    "openId": "",
    "openUserName": "",
    "password": "Admin@123",
    "remarks": "",
    "username": "jPbSNtBRDEiYDYjDT13FlLxGLoVvfl2p"
}

2023-06-14 10:43:12.400 | DEBUG    | httprunner.client:log_print:40 - 
================== response details ==================
status_code : 200
headers  : {
    "Server": "nginx",
    "Date": "Wed, 14 Jun 2023 02:43:12 GMT",
    "Content-Type": "application/json",
    "Transfer-Encoding": "chunked",
    "Connection": "keep-alive",
    "X-Frame-Options": "SAMEORIGIN"
}
cookies  : {}
encoding : utf-8
content_type : application/json
body     : {
    "message": "success",
    "status": 1,
    "data": true
}

2023-06-14 10:43:12.400 | INFO     | httprunner.client:request:217 - status_code: 200, response_time(ms): 105.68 ms, response_length: 0 bytes
2023-06-14 10:43:12.400 | INFO     | httprunner.response:validate:249 - assert status_code equal 200(int)	==> pass
2023-06-14 10:43:12.400 | INFO     | httprunner.response:validate:249 - assert body.message equal success(str)	==> pass
2023-06-14 10:43:12.401 | INFO     | httprunner.response:validate:249 - assert body.status equal 1(int)	==> pass
2023-06-14 10:43:12.401 | INFO     | httprunner.response:validate:249 - assert body.message contains success(str)	==> pass
2023-06-14 10:43:12.401 | INFO     | httprunner.response:validate:249 - assert body.status contained_by [1, 200](list)	==> pass
2023-06-14 10:43:12.401 | INFO     | httprunner.runner:__run_step:304 - run step end: 用户注册 <<<<<<

2023-06-14 10:43:12.401 | INFO     | httprunner.runner:__run_step:304 - run step end: 用户注册 <<<<<<

2023-06-14 10:43:12.401 | INFO     | httprunner.runner:__run_step:292 - run step begin: 登录-企业 >>>>>>
2023-06-14 10:43:12.401 | INFO     | httprunner.runner:__run_step:292 - run step begin: 登录-企业用户 >>>>>>
2023-06-14 10:43:12.462 | DEBUG    | httprunner.client:request:186 - client IP: 10.14.148.129, Port: 59122
2023-06-14 10:43:12.463 | DEBUG    | httprunner.client:request:194 - server IP: 139.198.116.76, Port: 8000
2023-06-14 10:43:12.463 | DEBUG    | httprunner.client:log_print:40 - 
================== request details ==================
method   : POST
url      : http://139.198.116.76:8000/api/home/test/login
headers  : {
    "User-Agent": "python-requests/2.28.1",
    "Accept-Encoding": "gzip, deflate, br",
    "Accept": "*/*",
    "Connection": "keep-alive",
    "Content-Length": "170",
    "Content-Type": "application/json",
    "HRUN-Request-ID": "HRUN-46fe26d9-054c-47d3-a539-efc3882ad6f0-592402"
}
cookies  : {}
body     : {
    "captcha": "0000",
    "captchaSign": "aeefb96536be93e0078474f8de13d610cdedef57e1ec418cac545ab962d31963",
    "emailCaptcha": "",
    "username": "jPbSNtBRDEiYDYjDT13FlLxGLoVvfl2p"
}

2023-06-14 10:43:12.463 | DEBUG    | httprunner.client:log_print:40 - 
================== response details ==================
status_code : 200
headers  : {
    "Server": "nginx",
    "Date": "Wed, 14 Jun 2023 02:43:12 GMT",
    "Content-Type": "application/json;charset=UTF-8",
    "Transfer-Encoding": "chunked",
    "Connection": "keep-alive",
    "Set-Cookie": "SESSION=OGU3ODZkYzEtOGQ2ZS00ZDY3LWI4NGMtZWI1N2U0NzdmMTA2; Path=/; HttpOnly; SameSite=Lax",
    "X-Frame-Options": "SAMEORIGIN"
}
cookies  : {
    "SESSION": "OGU3ODZkYzEtOGQ2ZS00ZDY3LWI4NGMtZWI1N2U0NzdmMTA2"
}
encoding : UTF-8
content_type : application/json;charset=UTF-8
body     : {
    "message": "success",
    "status": 1,
    "data": true
}

2023-06-14 10:43:12.463 | INFO     | httprunner.client:request:217 - status_code: 200, response_time(ms): 60.71 ms, response_length: 0 bytes
2023-06-14 10:43:12.463 | INFO     | httprunner.response:extract:179 - extract mapping: {'entSession': 'response.headers."Set-Cookie".session'}
2023-06-14 10:43:12.464 | INFO     | httprunner.response:validate:249 - assert status_code equal 200(int)	==> pass
2023-06-14 10:43:12.464 | INFO     | httprunner.response:validate:249 - assert headers."Content-Type" equal application/json;charset=UTF-8(str)	==> pass
2023-06-14 10:43:12.464 | INFO     | httprunner.response:validate:249 - assert body.message equal success(str)	==> pass
2023-06-14 10:43:12.464 | INFO     | httprunner.response:validate:249 - assert body.status equal 1(int)	==> pass
2023-06-14 10:43:12.464 | INFO     | httprunner.response:validate:249 - assert body.data equal True(bool)	==> pass
2023-06-14 10:43:12.464 | INFO     | httprunner.runner:__run_step:304 - run step end: 登录-企业用户 <<<<<<

2023-06-14 10:43:12.464 | INFO     | httprunner.runner:__run_step_testcase:286 - export variables: {'entSession': 'response.headers."Set-Cookie".session'}
2023-06-14 10:43:12.464 | INFO     | httprunner.runner:__run_step:304 - run step end: 登录-企业 <<<<<<

2023-06-14 10:43:12.465 | INFO     | httprunner.runner:__run_step:292 - run step begin: 前缀注册企业资质图片上传 >>>>>>
2023-06-14 10:43:12.465 | INFO     | httprunner.runner:__run_step:292 - run step begin: 前缀注册企业资质图片上传 >>>>>>
2023-06-14 10:43:12.578 | DEBUG    | httprunner.client:request:186 - client IP: 10.14.148.129, Port: 59122
2023-06-14 10:43:12.578 | DEBUG    | httprunner.client:request:194 - server IP: 139.198.116.76, Port: 8000
2023-06-14 10:43:12.579 | DEBUG    | httprunner.client:log_print:40 - 
================== request details ==================
method   : POST
url      : http://139.198.116.76:8000/api/file/img/upload
headers  : {
    "User-Agent": "Mozilla/5.0 (Macintosh; Intel Mac OS X 10_15_7) AppleWebKit/537.36 (KHTML, like Gecko) Chrome/105.0.0.0 Safari/537.36",
    "Accept-Encoding": "gzip, deflate",
    "Accept": "application/json, text/plain, */*",
    "Connection": "keep-alive",
    "Accept-Language": "zh-CN,zh;q=0.9",
    "Content-Type": "multipart/form-data; boundary=2a45bcd2e94541a9a63168e416a0d9ab",
    "HRUN-Request-ID": "HRUN-46fe26d9-054c-47d3-a539-efc3882ad6f0-592467",
    "Cookie": "SESSION=OGU3ODZkYzEtOGQ2ZS00ZDY3LWI4NGMtZWI1N2U0NzdmMTA2; SESSION=response.headers.\"Set-Cookie\".session",
    "Content-Length": "20435"
}
cookies  : {
    "SESSION": "OGU3ODZkYzEtOGQ2ZS00ZDY3LWI4NGMtZWI1N2U0NzdmMTA2"
}
body     : upload file stream (OMITTED)

2023-06-14 10:43:12.579 | DEBUG    | httprunner.client:log_print:40 - 
================== response details ==================
status_code : 200
headers  : {
    "Server": "nginx",
    "Date": "Wed, 14 Jun 2023 02:43:12 GMT",
    "Content-Type": "application/json;charset=UTF-8",
    "Transfer-Encoding": "chunked",
    "Connection": "keep-alive",
    "X-Frame-Options": "SAMEORIGIN"
}
cookies  : {}
encoding : UTF-8
content_type : application/json;charset=UTF-8
body     : {
    "message": "success",
    "status": 1,
    "data": {
        "id": 2104,
        "path": "bae79c1c-67f6-495b-aa9a-ebbcb68c121c.jpeg"
    }
}

2023-06-14 10:43:12.580 | INFO     | httprunner.client:request:217 - status_code: 200, response_time(ms): 111.29 ms, response_length: 0 bytes
2023-06-14 10:43:12.580 | INFO     | httprunner.response:extract:179 - extract mapping: {'imgId': 2104}
2023-06-14 10:43:12.580 | INFO     | httprunner.response:validate:249 - assert status_code equal 200(int)	==> pass
2023-06-14 10:43:12.581 | INFO     | httprunner.runner:__run_step:304 - run step end: 前缀注册企业资质图片上传 <<<<<<

2023-06-14 10:43:12.581 | INFO     | httprunner.runner:__run_step_testcase:286 - export variables: {'imgId': 2104}
2023-06-14 10:43:12.581 | INFO     | httprunner.runner:__run_step:304 - run step end: 前缀注册企业资质图片上传 <<<<<<

2023-06-14 10:43:12.581 | INFO     | httprunner.runner:__run_step:292 - run step begin: 前缀注册企业联系人身份证图片正面上传 >>>>>>
2023-06-14 10:43:12.582 | INFO     | httprunner.runner:__run_step:292 - run step begin: 前缀注册企业联系人身份证图片背面上传 >>>>>>
2023-06-14 10:43:12.689 | DEBUG    | httprunner.client:request:186 - client IP: 10.14.148.129, Port: 59122
2023-06-14 10:43:12.690 | DEBUG    | httprunner.client:request:194 - server IP: 139.198.116.76, Port: 8000
2023-06-14 10:43:12.690 | DEBUG    | httprunner.client:log_print:40 - 
================== request details ==================
method   : POST
url      : http://139.198.116.76:8000/api/file/img/upload
headers  : {
    "User-Agent": "Mozilla/5.0 (Macintosh; Intel Mac OS X 10_15_7) AppleWebKit/537.36 (KHTML, like Gecko) Chrome/105.0.0.0 Safari/537.36",
    "Accept-Encoding": "gzip, deflate",
    "Accept": "application/json, text/plain, */*",
    "Connection": "keep-alive",
    "Accept-Language": "zh-CN,zh;q=0.9",
    "Content-Type": "multipart/form-data; boundary=aec66bd99d1942f299cb222b353acdc4",
    "HRUN-Request-ID": "HRUN-46fe26d9-054c-47d3-a539-efc3882ad6f0-592582",
    "Cookie": "SESSION=OGU3ODZkYzEtOGQ2ZS00ZDY3LWI4NGMtZWI1N2U0NzdmMTA2; SESSION=response.headers.\"Set-Cookie\".session",
    "Content-Length": "20435"
}
cookies  : {
    "SESSION": "OGU3ODZkYzEtOGQ2ZS00ZDY3LWI4NGMtZWI1N2U0NzdmMTA2"
}
body     : upload file stream (OMITTED)

2023-06-14 10:43:12.691 | DEBUG    | httprunner.client:log_print:40 - 
================== response details ==================
status_code : 200
headers  : {
    "Server": "nginx",
    "Date": "Wed, 14 Jun 2023 02:43:12 GMT",
    "Content-Type": "application/json;charset=UTF-8",
    "Transfer-Encoding": "chunked",
    "Connection": "keep-alive",
    "X-Frame-Options": "SAMEORIGIN"
}
cookies  : {}
encoding : UTF-8
content_type : application/json;charset=UTF-8
body     : {
    "message": "success",
    "status": 1,
    "data": {
        "id": 2105,
        "path": "454151df-ca64-41b3-af93-fef8f1748784.jpeg"
    }
}

2023-06-14 10:43:12.691 | INFO     | httprunner.client:request:217 - status_code: 200, response_time(ms): 106.59 ms, response_length: 0 bytes
2023-06-14 10:43:12.691 | INFO     | httprunner.response:extract:179 - extract mapping: {'imgId_f': 2105}
2023-06-14 10:43:12.692 | INFO     | httprunner.response:validate:249 - assert status_code equal 200(int)	==> pass
2023-06-14 10:43:12.692 | INFO     | httprunner.runner:__run_step:304 - run step end: 前缀注册企业联系人身份证图片背面上传 <<<<<<

2023-06-14 10:43:12.692 | INFO     | httprunner.runner:__run_step_testcase:286 - export variables: {'imgId_f': 2105}
2023-06-14 10:43:12.692 | INFO     | httprunner.runner:__run_step:304 - run step end: 前缀注册企业联系人身份证图片正面上传 <<<<<<

2023-06-14 10:43:12.693 | INFO     | httprunner.runner:__run_step:292 - run step begin: 前缀注册企业联系人身份证图片背面上传 >>>>>>
2023-06-14 10:43:12.693 | INFO     | httprunner.runner:__run_step:292 - run step begin: 前缀注册企业联系人身份证图片背面上传 >>>>>>
2023-06-14 10:43:12.798 | DEBUG    | httprunner.client:request:186 - client IP: 10.14.148.129, Port: 59122
2023-06-14 10:43:12.799 | DEBUG    | httprunner.client:request:194 - server IP: 139.198.116.76, Port: 8000
2023-06-14 10:43:12.799 | DEBUG    | httprunner.client:log_print:40 - 
================== request details ==================
method   : POST
url      : http://139.198.116.76:8000/api/file/img/upload
headers  : {
    "User-Agent": "Mozilla/5.0 (Macintosh; Intel Mac OS X 10_15_7) AppleWebKit/537.36 (KHTML, like Gecko) Chrome/105.0.0.0 Safari/537.36",
    "Accept-Encoding": "gzip, deflate",
    "Accept": "application/json, text/plain, */*",
    "Connection": "keep-alive",
    "Accept-Language": "zh-CN,zh;q=0.9",
    "Content-Type": "multipart/form-data; boundary=0d47cda6e434499bbfc8e82e51804c60",
    "HRUN-Request-ID": "HRUN-46fe26d9-054c-47d3-a539-efc3882ad6f0-592694",
    "Cookie": "SESSION=OGU3ODZkYzEtOGQ2ZS00ZDY3LWI4NGMtZWI1N2U0NzdmMTA2; SESSION=response.headers.\"Set-Cookie\".session",
    "Content-Length": "20435"
}
cookies  : {
    "SESSION": "OGU3ODZkYzEtOGQ2ZS00ZDY3LWI4NGMtZWI1N2U0NzdmMTA2"
}
body     : upload file stream (OMITTED)

2023-06-14 10:43:12.800 | DEBUG    | httprunner.client:log_print:40 - 
================== response details ==================
status_code : 200
headers  : {
    "Server": "nginx",
    "Date": "Wed, 14 Jun 2023 02:43:12 GMT",
    "Content-Type": "application/json;charset=UTF-8",
    "Transfer-Encoding": "chunked",
    "Connection": "keep-alive",
    "X-Frame-Options": "SAMEORIGIN"
}
cookies  : {}
encoding : UTF-8
content_type : application/json;charset=UTF-8
body     : {
    "message": "success",
    "status": 1,
    "data": {
        "id": 2106,
        "path": "cfacf35b-c5e2-48f6-ac00-4d019424ebd2.jpeg"
    }
}

2023-06-14 10:43:12.800 | INFO     | httprunner.client:request:217 - status_code: 200, response_time(ms): 103.2 ms, response_length: 0 bytes
2023-06-14 10:43:12.801 | INFO     | httprunner.response:extract:179 - extract mapping: {'imgId_b': 2106}
2023-06-14 10:43:12.801 | INFO     | httprunner.response:validate:249 - assert status_code equal 200(int)	==> pass
2023-06-14 10:43:12.801 | INFO     | httprunner.runner:__run_step:304 - run step end: 前缀注册企业联系人身份证图片背面上传 <<<<<<

2023-06-14 10:43:12.801 | INFO     | httprunner.runner:__run_step_testcase:286 - export variables: {'imgId_b': 2106}
2023-06-14 10:43:12.801 | INFO     | httprunner.runner:__run_step:304 - run step end: 前缀注册企业联系人身份证图片背面上传 <<<<<<

2023-06-14 10:43:12.802 | INFO     | httprunner.runner:__run_step:292 - run step begin: 企业注册第一步提交信息 >>>>>>
2023-06-14 10:43:12.803 | INFO     | httprunner.runner:__run_step:292 - run step begin: 企业注册第一步提交信息 >>>>>>
2023-06-14 10:43:12.987 | DEBUG    | httprunner.client:request:186 - client IP: 10.14.148.129, Port: 59122
2023-06-14 10:43:12.988 | DEBUG    | httprunner.client:request:194 - server IP: 139.198.116.76, Port: 8000
2023-06-14 10:43:12.990 | DEBUG    | httprunner.client:log_print:40 - 
================== request details ==================
method   : POST
url      : http://139.198.116.76:8000/api/v3/entApply/basicInfo/submit
headers  : {
    "User-Agent": "Mozilla/5.0 (Macintosh; Intel Mac OS X 10_15_7) AppleWebKit/537.36 (KHTML, like Gecko) Chrome/105.0.0.0 Safari/537.36",
    "Accept-Encoding": "gzip, deflate",
    "Accept": "application/json, text/plain, */*",
    "Connection": "keep-alive",
    "Accept-Language": "zh-CN,zh;q=0.9",
    "Content-Type": "application/json;charset=UTF-8",
    "HRUN-Request-ID": "HRUN-46fe26d9-054c-47d3-a539-efc3882ad6f0-592803",
    "Cookie": "SESSION=OGU3ODZkYzEtOGQ2ZS00ZDY3LWI4NGMtZWI1N2U0NzdmMTA2; SESSION=response.headers.\"Set-Cookie\".session",
    "Content-Length": "2557"
}
cookies  : {
    "SESSION": "OGU3ODZkYzEtOGQ2ZS00ZDY3LWI4NGMtZWI1N2U0NzdmMTA2"
}
body     : {
    "applyStep": 2,
    "applyType": null,
    "area": [
        "110000",
        "110100",
        "110101"
    ],
    "cltrid": null,
    "contactCrtBackImgPath": null,
    "contactCrtBackImgRid": 2106,
    "contactCrtFrontImgPath": null,
    "contactCrtFrontImgRid": 2105,
    "contactCrtNo": "225947198502106013",
    "contactCrtType": 1,
    "contactEmail": "gwQQSQoJgps7AZeT@qaqseq.com",
    "contactName": "jPbSNtBRDEiYDYjDT13FlLxGLoVvfl2p",
    "contactPhone": "15739947122",
    "createDate": null,
    "dataHostingContractFilePath": null,
    "dataHostingContractFileRid": null,
    "dataHostingOrg": null,
    "entGeneralId": null,
    "entInfoLicenses": [],
    "entInfoSerIndustrys": [],
    "entPrefix": "88.408.854693395993",
    "escrowId": null,
    "escrowOrgName": null,
    "establishDate": null,
    "extDomain": null,
    "extIpAddr": null,
    "extWebName": null,
    "finalAuditMsg": null,
    "finalAuditStatus": null,
    "firstAuditMsg": null,
    "firstAuditStatus": null,
    "id": null,
    "idRegNaImp": null,
    "industry": [
        "A",
        "01"
    ],
    "industryCategory": "A",
    "industrySpecific": "01",
    "isSubmit": 0,
    "legalCrtBackImgContent": null,
    "legalCrtBackImgPath": null,
    "legalCrtBackImgRid": 2106,
    "legalCrtFrontImgContent": null,
    "legalCrtFrontImgPath": null,
    "legalCrtFrontImgRid": 2105,
    "legalCrtNo": "225947198502106013",
    "legalCrtType": "1",
    "legalCrtTypeDesc": "中国居民身份证",
    "legalEmail": null,
    "legalFax": null,
    "legalName": "张三",
    "legalPhone": null,
    "orgAddr": "致真",
    "orgAddrCity": "110100",
    "orgAddrCityDesc": "市辖区",
    "orgAddrCounty": "110101",
    "orgAddrCountyDesc": "东城区",
    "orgAddrProvince": "110000",
    "orgAddrProvinceDesc": "北京市",
    "orgCategorySpecificDesc": "农、林、牧、渔业-农业",
    "orgCrtCode": "7JX8ZwsHSwomJRjege1y4zqozor5boUb",
    "orgCrtImgContent": null,
    "orgCrtImgPath": null,
    "orgCrtImgRid": 2104,
    "orgCrtType": "1",
    "orgDesc": null,
    "orgName": "7RnXNITHMwUTdrOkwDdclsrY82hZFrBM",
    "orgNature": "1",
    "orgNatureDesc": "国有控股",
    "periodValidity": null,
    "regAuthority": null,
    "regCapital": null,
    "regRealNaImpName": null,
    "regRealNaImpType": null,
    "servHostingContractFilePath": null,
    "servHostingContractFileRid": null,
    "servHostingOrg": null,
    "servSysBuildContractFilePath": null,
    "servSysBuildContractFileRid": null,
    "servSysBuildName": null,
    "servSysBuildType": 1,
    "servSysOperContractFilePath": null,
    "servSysOperContractFileRid": null,
    "servSysOperName": null,
    "servSysOperType": 1,
    "svtrid": null,
    "thirdServiceMsg": null,
    "thirdServiceStatus": null,
    "updateDate": null,
    "userId": null,
    "userName": null,
    "website": null
}

2023-06-14 10:43:12.990 | DEBUG    | httprunner.client:log_print:40 - 
================== response details ==================
status_code : 200
headers  : {
    "Server": "nginx",
    "Date": "Wed, 14 Jun 2023 02:43:13 GMT",
    "Content-Type": "application/json;charset=UTF-8",
    "Transfer-Encoding": "chunked",
    "Connection": "keep-alive",
    "X-Frame-Options": "SAMEORIGIN"
}
cookies  : {}
encoding : UTF-8
content_type : application/json;charset=UTF-8
body     : {
    "message": "success",
    "status": 1,
    "data": true
}

2023-06-14 10:43:12.990 | INFO     | httprunner.client:request:217 - status_code: 200, response_time(ms): 183.57 ms, response_length: 0 bytes
2023-06-14 10:43:12.991 | INFO     | httprunner.response:validate:249 - assert status_code equal 200(int)	==> pass
2023-06-14 10:43:12.991 | INFO     | httprunner.response:validate:249 - assert body.message equal success(str)	==> pass
2023-06-14 10:43:12.991 | INFO     | httprunner.runner:__run_step:304 - run step end: 企业注册第一步提交信息 <<<<<<

2023-06-14 10:43:12.991 | INFO     | httprunner.runner:__run_step:304 - run step end: 企业注册第一步提交信息 <<<<<<

2023-06-14 10:43:12.992 | INFO     | httprunner.runner:__run_step:292 - run step begin: 企业注册查询注册信息 >>>>>>
2023-06-14 10:43:12.992 | INFO     | httprunner.runner:__run_step:292 - run step begin: 企业注册查询注册信息 >>>>>>
2023-06-14 10:43:13.077 | DEBUG    | httprunner.client:request:186 - client IP: 10.14.148.129, Port: 59122
2023-06-14 10:43:13.079 | DEBUG    | httprunner.client:request:194 - server IP: 139.198.116.76, Port: 8000
2023-06-14 10:43:13.079 | DEBUG    | httprunner.client:log_print:40 - 
================== request details ==================
method   : GET
url      : http://139.198.116.76:8000/api/v3/entApply/applyOrNot
headers  : {
    "User-Agent": "Mozilla/5.0 (Macintosh; Intel Mac OS X 10_15_7) AppleWebKit/537.36 (KHTML, like Gecko) Chrome/105.0.0.0 Safari/537.36",
    "Accept-Encoding": "gzip, deflate",
    "Accept": "application/json, text/plain, */*",
    "Connection": "keep-alive",
    "Accept-Language": "zh-CN,zh;q=0.9",
    "HRUN-Request-ID": "HRUN-46fe26d9-054c-47d3-a539-efc3882ad6f0-592993",
    "Cookie": "SESSION=OGU3ODZkYzEtOGQ2ZS00ZDY3LWI4NGMtZWI1N2U0NzdmMTA2; SESSION=response.headers.\"Set-Cookie\".session"
}
cookies  : {
    "SESSION": "OGU3ODZkYzEtOGQ2ZS00ZDY3LWI4NGMtZWI1N2U0NzdmMTA2"
}
body     : None

2023-06-14 10:43:13.085 | DEBUG    | httprunner.client:log_print:40 - 
================== response details ==================
status_code : 200
headers  : {
    "Server": "nginx",
    "Date": "Wed, 14 Jun 2023 02:43:13 GMT",
    "Content-Type": "application/json;charset=UTF-8",
    "Transfer-Encoding": "chunked",
    "Connection": "keep-alive",
    "X-Frame-Options": "SAMEORIGIN"
}
cookies  : {}
encoding : UTF-8
content_type : application/json;charset=UTF-8
body     : {
    "message": "success",
    "status": 1,
    "data": {
        "nbmsEntApplyPO": {
            "id": 1134,
            "createDate": "2023-06-14 10:43:13",
            "updateDate": "2023-06-14 10:43:13",
            "applyType": null,
            "entGeneralId": null,
            "applyStep": 2,
            "isSubmit": 0,
            "entPrefix": "88.408.854693395993",
            "firstAuditStatus": null,
            "firstAuditMsg": null,
            "thirdServiceStatus": null,
            "thirdServiceMsg": null,
            "userName": "jPbSNtBRDEiYDYjDT13FlLxGLoVvfl2p",
            "finalAuditStatus": null,
            "finalAuditMsg": null,
            "svtrid": null,
            "cltrid": null,
            "userId": 1345,
            "orgName": "7RnXNITHMwUTdrOkwDdclsrY82hZFrBM",
            "orgNature": "1",
            "orgAddrProvince": "110000",
            "orgAddrCity": "110100",
            "orgAddrCounty": "110101",
            "orgAddr": "致真",
            "orgCrtType": "1",
            "orgCrtCode": "7JX8ZwsHSwomJRjege1y4zqozor5boUb",
            "legalName": "张三",
            "legalCrtType": "1",
            "legalCrtNo": "225947198502106013",
            "orgDesc": null,
            "industryCategory": "A",
            "industrySpecific": "01",
            "contactName": "jPbSNtBRDEiYDYjDT13FlLxGLoVvfl2p",
            "contactPhone": "15739947122",
            "contactCrtType": 1,
            "contactCrtNo": "225947198502106013",
            "contactEmail": "gwQQSQoJgps7AZeT@qaqseq.com",
            "website": null,
            "regAuthority": null,
            "regCapital": null,
            "establishDate": null,
            "periodValidity": null,
            "legalEmail": null,
            "legalPhone": null,
            "legalFax": null,
            "servSysBuildType": null,
            "servSysBuildName": null,
            "servSysOperType": null,
            "servSysOperName": null,
            "dataHostingOrg": null,
            "servHostingOrg": null,
            "regRealNaImpType": null,
            "regRealNaImpName": null,
            "idRegNaImp": null,
            "extWebName": null,
            "extDomain": null,
            "extIpAddr": null,
            "orgCrtImgRid": 2104,
            "contactCrtFrontImgRid": 2105,
            "contactCrtBackImgRid": 2106,
            "legalCrtFrontImgRid": 2105,
            "legalCrtBackImgRid": 2106,
            "servSysBuildContractFileRid": null,
            "servSysOperContractFileRid": null,
            "dataHostingContractFileRid": null,
            "servHostingContractFileRid": null,
            "entInfoLicenses": [],
            "entInfoSyss": [],
            "entInfoSerIndustrys": [],
            "escrowId": null,
            "industryQualificationRid": null,
            "certificationRid": null,
            "openingBank": null,
            "bankCard": null,
            "verificationName": null,
            "orgNatureDesc": "国有控股",
            "orgCrtImgContent": null,
            "orgCategorySpecificDesc": "农、林、牧、渔业-农业",
            "orgAddrProvinceDesc": "北京市",
            "orgAddrCountyDesc": "东城区",
            "orgAddrCityDesc": "市辖区",
            "legalCrtTypeDesc": "中国居民身份证",
            "legalCrtFrontImgContent": null,
            "legalCrtBackImgContent": null,
            "orgCrtImgPath": "bae79c1c-67f6-495b-aa9a-ebbcb68c121c.jpeg",
            "contactCrtFrontImgPath": "454151df-ca64-41b3-af93-fef8f1748784.jpeg",
            "contactCrtBackImgPath": "cfacf35b-c5e2-48f6-ac00-4d019424ebd2.jpeg",
            "legalCrtFrontImgPath": "454151df-ca64-41b3-af93-fef8f1748784.jpeg",
            "legalCrtBackImgPath": "cfacf35b-c5e2-48f6-ac00-4d019424ebd2.jpeg",
            "servSysBuildContractFilePath": null,
            "servSysOperContractFilePath": null,
            "dataHostingContractFilePath": null,
            "servHostingContractFilePath": null,
            "industryQualificationFilePath": null,
            "certificationFilePath": null,
            "escrowOrgName": null
        },
        "nbmsEntPO": null,
        "nbmsEntPrefixApplyPO": null,
        "needRelog": null,
        "applyStatus": 0
    }
}

2023-06-14 10:43:13.085 | INFO     | httprunner.client:request:217 - status_code: 200, response_time(ms): 83.56 ms, response_length: 0 bytes
2023-06-14 10:43:13.091 | INFO     | httprunner.response:extract:179 - extract mapping: {'applyId': 1134, 'userId': 1345, 'userName': 'jPbSNtBRDEiYDYjDT13FlLxGLoVvfl2p', 'imgId_f': 2105, 'imgId_b': 2106, 'entId': None, 'entUserId': None, 'prefix': '88.408.854693395993', 'contactCrtNo': '225947198502106013', 'contactCrtType': 1, 'contactEmail': 'gwQQSQoJgps7AZeT@qaqseq.com', 'contactName': 'jPbSNtBRDEiYDYjDT13FlLxGLoVvfl2p', 'contactPhone': '15739947122', 'industryCategory': 'A', 'industrySpecific': '01', 'orgName': '7RnXNITHMwUTdrOkwDdclsrY82hZFrBM', 'orgNature': '1', 'orgAddrProvince': '110000', 'orgAddrCity': '110100', 'orgAddrCounty': '110101', 'orgAddr': '致真', 'orgCrtType': '1', 'orgCrtCode': '7JX8ZwsHSwomJRjege1y4zqozor5boUb', 'legalName': '张三', 'legalEmail': None, 'legalPhone': None, 'legalCrtType': '1', 'legalCrtNo': '225947198502106013', 'legalCrtFrontImgRid': 2105, 'legalCrtBackImgRid': 2106, 'orgCrtImgRid': 2104, 'imgId': 2104, 'orgNatureDesc': '国有控股', 'orgCategorySpecificDesc': '农、林、牧、渔业-农业', 'orgAddrProvinceDesc': '北京市', 'orgAddrCountyDesc': '东城区', 'orgAddrCityDesc': '市辖区', 'legalCrtTypeDesc': '中国居民身份证', 'createDate': '2023-06-14 10:43:13', 'updateDate': '2023-06-14 10:43:13', 'entInfoSyss_0_id': None, 'entInfoSyss_0_entApplyId': None, 'entApplyId': None, 'entInfoSyss_0_sysType': None, 'entInfoSyss_0_deployMode': None, 'entInfoSyss_0_deployAddr': None, 'entInfoSyss_0_deployAddrProvince': None, 'entInfoSyss_0_deployAddrCity': None, 'entInfoSyss_0_deployAddrCounty': None, 'entInfoSyss_1_id': None, 'entInfoSyss_1_entApplyId': None, 'entInfoSyss_1_sysType': None, 'entInfoSyss_1_deployMode': None, 'entInfoSyss_1_deployAddr': None, 'entInfoSyss_1_deployAddrProvince': None, 'entInfoSyss_1_deployAddrCity': None, 'entInfoSyss_1_deployAddrCounty': None, 'entInfoSyss_2_id': None, 'entInfoSyss_2_entApplyId': None, 'entInfoSyss_2_sysType': None, 'entInfoSyss_2_deployMode': None, 'entInfoSyss_2_deployAddr': None, 'entInfoSyss_2_deployAddrProvince': None, 'entInfoSyss_2_deployAddrCity': None, 'entInfoSyss_2_deployAddrCounty': None, 'entInfoSyss_3_id': None, 'entInfoSyss_3_entApplyId': None, 'entInfoSyss_3_sysType': None, 'entInfoSyss_3_deployMode': None, 'entInfoSyss_3_deployAddr': None, 'entInfoSyss_3_deployAddrProvince': None, 'entInfoSyss_3_deployAddrCity': None, 'entInfoSyss_3_deployAddrCounty': None}
2023-06-14 10:43:13.092 | INFO     | httprunner.response:validate:249 - assert status_code equal 200(int)	==> pass
2023-06-14 10:43:13.092 | INFO     | httprunner.response:validate:249 - assert body.message equal success(str)	==> pass
2023-06-14 10:43:13.092 | INFO     | httprunner.runner:__run_step:304 - run step end: 企业注册查询注册信息 <<<<<<

2023-06-14 10:43:13.092 | INFO     | httprunner.runner:__run_step_testcase:286 - export variables: {'contactCrtNo': '225947198502106013', 'contactCrtType': 1, 'orgCrtImgRid': 2104, 'entId': None, 'entInfoSyss_3_deployAddrProvince': None, 'orgAddrCity': '110100', 'userId': 1345, 'orgAddrCountyDesc': '东城区', 'applyId': 1134, 'entInfoSyss_2_id': None, 'entInfoSyss_3_deployMode': None, 'entInfoSyss_1_deployAddr': None, 'legalCrtTypeDesc': '中国居民身份证', 'userName': 'jPbSNtBRDEiYDYjDT13FlLxGLoVvfl2p', 'entInfoSyss_0_deployAddr': None, 'imgId_b': 2106, 'entInfoSyss_2_sysType': None, 'legalPhone': None, 'createDate': '2023-06-14 10:43:13', 'orgNatureDesc': '国有控股', 'entInfoSyss_1_deployAddrCounty': None, 'entInfoSyss_2_deployAddrCounty': None, 'entInfoSyss_0_id': None, 'entInfoSyss_3_sysType': None, 'orgAddrCounty': '110101', 'imgId_f': 2105, 'legalName': '张三', 'industryCategory': 'A', 'prefix': '88.408.854693395993', 'contactName': 'jPbSNtBRDEiYDYjDT13FlLxGLoVvfl2p', 'entInfoSyss_2_deployAddr': None, 'entInfoSyss_1_entApplyId': None, 'entInfoSyss_1_deployAddrProvince': None, 'orgCategorySpecificDesc': '农、林、牧、渔业-农业', 'entInfoSyss_2_entApplyId': None, 'entInfoSyss_0_deployAddrCity': None, 'legalEmail': None, 'orgAddrCityDesc': '市辖区', 'entInfoSyss_0_deployAddrCounty': None, 'entInfoSyss_3_deployAddrCity': None, 'entInfoSyss_2_deployMode': None, 'contactPhone': '15739947122', 'entInfoSyss_3_entApplyId': None, 'legalCrtFrontImgRid': 2105, 'entInfoSyss_3_deployAddrCounty': None, 'imgId': 2104, 'orgCrtCode': '7JX8ZwsHSwomJRjege1y4zqozor5boUb', 'entInfoSyss_0_sysType': None, 'entInfoSyss_1_id': None, 'entInfoSyss_1_deployMode': None, 'contactEmail': 'gwQQSQoJgps7AZeT@qaqseq.com', 'orgAddr': '致真', 'entInfoSyss_2_deployAddrCity': None, 'legalCrtBackImgRid': 2106, 'updateDate': '2023-06-14 10:43:13', 'entInfoSyss_1_deployAddrCity': None, 'orgNature': '1', 'entInfoSyss_0_deployMode': None, 'orgAddrProvince': '110000', 'entInfoSyss_0_entApplyId': None, 'entApplyId': None, 'entInfoSyss_1_sysType': None, 'legalCrtNo': '225947198502106013', 'entInfoSyss_0_deployAddrProvince': None, 'industrySpecific': '01', 'orgName': '7RnXNITHMwUTdrOkwDdclsrY82hZFrBM', 'legalCrtType': '1', 'entInfoSyss_3_deployAddr': None, 'entInfoSyss_3_id': None, 'entUserId': None, 'entInfoSyss_2_deployAddrProvince': None, 'orgCrtType': '1', 'orgAddrProvinceDesc': '北京市'}
2023-06-14 10:43:13.092 | INFO     | httprunner.runner:__run_step:304 - run step end: 企业注册查询注册信息 <<<<<<

2023-06-14 10:43:13.093 | INFO     | httprunner.runner:__run_step:292 - run step begin: 企业注册第二步提交信息 >>>>>>
2023-06-14 10:43:13.094 | INFO     | httprunner.runner:__run_step:292 - run step begin: 企业注册第二步提交信息 >>>>>>
2023-06-14 10:43:13.185 | DEBUG    | httprunner.client:request:186 - client IP: 10.14.148.129, Port: 59122
2023-06-14 10:43:13.186 | DEBUG    | httprunner.client:request:194 - server IP: 139.198.116.76, Port: 8000
2023-06-14 10:43:13.189 | DEBUG    | httprunner.client:log_print:40 - 
================== request details ==================
method   : POST
url      : http://139.198.116.76:8000/api/v3/entApply/registerManageInfo
headers  : {
    "User-Agent": "Mozilla/5.0 (Macintosh; Intel Mac OS X 10_15_7) AppleWebKit/537.36 (KHTML, like Gecko) Chrome/105.0.0.0 Safari/537.36",
    "Accept-Encoding": "gzip, deflate",
    "Accept": "application/json, text/plain, */*",
    "Connection": "keep-alive",
    "Accept-Language": "zh-CN,zh;q=0.9",
    "Content-Type": "application/json;charset=UTF-8",
    "X-HTTP-Method-Override": "put",
    "HRUN-Request-ID": "HRUN-46fe26d9-054c-47d3-a539-efc3882ad6f0-593095",
    "Cookie": "SESSION=OGU3ODZkYzEtOGQ2ZS00ZDY3LWI4NGMtZWI1N2U0NzdmMTA2; SESSION=response.headers.\"Set-Cookie\".session",
    "Content-Length": "3282"
}
cookies  : {
    "SESSION": "OGU3ODZkYzEtOGQ2ZS00ZDY3LWI4NGMtZWI1N2U0NzdmMTA2"
}
body     : {
    "applyStep": 3,
    "applyType": null,
    "cltrid": null,
    "contactCrtBackImgPath": null,
    "contactCrtBackImgRid": 2106,
    "contactCrtFrontImgPath": null,
    "contactCrtFrontImgRid": 2105,
    "contactCrtNo": "225947198502106013",
    "contactCrtType": 1,
    "contactEmail": "gwQQSQoJgps7AZeT@qaqseq.com",
    "contactName": "jPbSNtBRDEiYDYjDT13FlLxGLoVvfl2p",
    "contactPhone": "15739947122",
    "createDate": "2023-06-14 10:43:13",
    "dataHostingContractFilePath": null,
    "dataHostingContractFileRid": null,
    "dataHostingOrg": null,
    "entGeneralId": null,
    "entInfoLicenses": [],
    "entInfoSerIndustrys": [],
    "entInfoSyss": [
        {
            "deployAddr": "致真",
            "deployAddrCity": "110100",
            "deployAddrCounty": "110101",
            "deployAddrProvince": "110000",
            "deployMode": 1,
            "ipPort": null,
            "name": null,
            "sysType": 1
        },
        {
            "deployAddr": "致真",
            "deployAddrCity": "110100",
            "deployAddrCounty": "110101",
            "deployAddrProvince": "110000",
            "deployMode": 1,
            "ipPort": null,
            "name": null,
            "sysType": 2
        },
        {
            "deployAddr": "天津",
            "deployAddrCity": "120100",
            "deployAddrCounty": "120101",
            "deployAddrProvince": "120000",
            "deployMode": 1,
            "ipPort": null,
            "name": null,
            "sysType": 3
        },
        {
            "deployAddr": "天津",
            "deployAddrCity": "120100",
            "deployAddrCounty": "120101",
            "deployAddrProvince": "120000",
            "deployMode": 1,
            "ipPort": null,
            "name": null,
            "sysType": 4
        }
    ],
    "entPrefix": "88.408.854693395993",
    "escrowId": null,
    "escrowOrgName": null,
    "establishDate": null,
    "extDomain": null,
    "extIpAddr": null,
    "extWebName": null,
    "finalAuditMsg": null,
    "finalAuditStatus": null,
    "firstAuditMsg": null,
    "firstAuditStatus": null,
    "id": 1134,
    "idRegNaImp": null,
    "industryCategory": "A",
    "industrySpecific": "01",
    "isSubmit": 0,
    "legalCrtBackImgContent": null,
    "legalCrtBackImgPath": null,
    "legalCrtBackImgRid": 2106,
    "legalCrtFrontImgContent": null,
    "legalCrtFrontImgPath": null,
    "legalCrtFrontImgRid": 2105,
    "legalCrtNo": "225947198502106013",
    "legalCrtType": "1",
    "legalCrtTypeDesc": "中国居民身份证",
    "legalEmail": null,
    "legalFax": null,
    "legalName": "张三",
    "legalPhone": null,
    "orgAddr": "致真",
    "orgAddrCity": "110100",
    "orgAddrCityDesc": "市辖区",
    "orgAddrCounty": "110101",
    "orgAddrCountyDesc": "东城区",
    "orgAddrProvince": "110000",
    "orgAddrProvinceDesc": "北京市",
    "orgCategorySpecificDesc": "农、林、牧、渔业-农业",
    "orgCrtCode": "7JX8ZwsHSwomJRjege1y4zqozor5boUb",
    "orgCrtImgContent": null,
    "orgCrtImgPath": null,
    "orgCrtImgRid": 2104,
    "orgCrtType": "1",
    "orgDesc": null,
    "orgName": "7RnXNITHMwUTdrOkwDdclsrY82hZFrBM",
    "orgNature": "1",
    "orgNatureDesc": "1",
    "periodValidity": null,
    "regAuthority": null,
    "regCapital": null,
    "regRealNaImpName": null,
    "regRealNaImpType": null,
    "servHostingContractFilePath": null,
    "servHostingContractFileRid": null,
    "servHostingOrg": null,
    "servSysBuildContractFilePath": null,
    "servSysBuildContractFileRid": null,
    "servSysBuildName": null,
    "servSysBuildType": 1,
    "servSysOperContractFilePath": null,
    "servSysOperContractFileRid": null,
    "servSysOperName": null,
    "servSysOperType": 1,
    "svtrid": null,
    "thirdServiceMsg": null,
    "thirdServiceStatus": null,
    "updateDate": "2023-06-14 10:43:13",
    "userId": 1345,
    "userName": "jPbSNtBRDEiYDYjDT13FlLxGLoVvfl2p",
    "website": null
}

2023-06-14 10:43:13.191 | DEBUG    | httprunner.client:log_print:40 - 
================== response details ==================
status_code : 200
headers  : {
    "Server": "nginx",
    "Date": "Wed, 14 Jun 2023 02:43:13 GMT",
    "Content-Type": "application/json;charset=UTF-8",
    "Transfer-Encoding": "chunked",
    "Connection": "keep-alive",
    "X-Frame-Options": "SAMEORIGIN"
}
cookies  : {}
encoding : UTF-8
content_type : application/json;charset=UTF-8
body     : {
    "message": "success",
    "status": 1,
    "data": true
}

2023-06-14 10:43:13.191 | INFO     | httprunner.client:request:217 - status_code: 200, response_time(ms): 90.03 ms, response_length: 0 bytes
2023-06-14 10:43:13.192 | INFO     | httprunner.response:validate:249 - assert status_code equal 200(int)	==> pass
2023-06-14 10:43:13.192 | INFO     | httprunner.response:validate:249 - assert body.message equal success(str)	==> pass
2023-06-14 10:43:13.192 | INFO     | httprunner.runner:__run_step:304 - run step end: 企业注册第二步提交信息 <<<<<<

2023-06-14 10:43:13.192 | INFO     | httprunner.runner:__run_step:304 - run step end: 企业注册第二步提交信息 <<<<<<

2023-06-14 10:43:13.193 | INFO     | httprunner.runner:__run_step:292 - run step begin: 企业注册查询注册信息 >>>>>>
2023-06-14 10:43:13.194 | INFO     | httprunner.runner:__run_step:292 - run step begin: 企业注册查询注册信息 >>>>>>
2023-06-14 10:43:13.290 | DEBUG    | httprunner.client:request:186 - client IP: 10.14.148.129, Port: 59122
2023-06-14 10:43:13.290 | DEBUG    | httprunner.client:request:194 - server IP: 139.198.116.76, Port: 8000
2023-06-14 10:43:13.291 | DEBUG    | httprunner.client:log_print:40 - 
================== request details ==================
method   : GET
url      : http://139.198.116.76:8000/api/v3/entApply/applyOrNot
headers  : {
    "User-Agent": "Mozilla/5.0 (Macintosh; Intel Mac OS X 10_15_7) AppleWebKit/537.36 (KHTML, like Gecko) Chrome/105.0.0.0 Safari/537.36",
    "Accept-Encoding": "gzip, deflate",
    "Accept": "application/json, text/plain, */*",
    "Connection": "keep-alive",
    "Accept-Language": "zh-CN,zh;q=0.9",
    "HRUN-Request-ID": "HRUN-46fe26d9-054c-47d3-a539-efc3882ad6f0-593194",
    "Cookie": "SESSION=OGU3ODZkYzEtOGQ2ZS00ZDY3LWI4NGMtZWI1N2U0NzdmMTA2; SESSION=response.headers.\"Set-Cookie\".session"
}
cookies  : {
    "SESSION": "OGU3ODZkYzEtOGQ2ZS00ZDY3LWI4NGMtZWI1N2U0NzdmMTA2"
}
body     : None

2023-06-14 10:43:13.292 | DEBUG    | httprunner.client:log_print:40 - 
================== response details ==================
status_code : 200
headers  : {
    "Server": "nginx",
    "Date": "Wed, 14 Jun 2023 02:43:13 GMT",
    "Content-Type": "application/json;charset=UTF-8",
    "Transfer-Encoding": "chunked",
    "Connection": "keep-alive",
    "X-Frame-Options": "SAMEORIGIN"
}
cookies  : {}
encoding : UTF-8
content_type : application/json;charset=UTF-8
body     : {
    "message": "success",
    "status": 1,
    "data": {
        "nbmsEntApplyPO": {
            "id": 1134,
            "createDate": "2023-06-14 10:43:13",
            "updateDate": "2023-06-14 10:43:13",
            "applyType": null,
            "entGeneralId": null,
            "applyStep": 3,
            "isSubmit": 0,
            "entPrefix": "88.408.854693395993",
            "firstAuditStatus": null,
            "firstAuditMsg": null,
            "thirdServiceStatus": null,
            "thirdServiceMsg": null,
            "userName": "jPbSNtBRDEiYDYjDT13FlLxGLoVvfl2p",
            "finalAuditStatus": null,
            "finalAuditMsg": null,
            "svtrid": null,
            "cltrid": null,
            "userId": 1345,
            "orgName": "7RnXNITHMwUTdrOkwDdclsrY82hZFrBM",
            "orgNature": "1",
            "orgAddrProvince": "110000",
            "orgAddrCity": "110100",
            "orgAddrCounty": "110101",
            "orgAddr": "致真",
            "orgCrtType": "1",
            "orgCrtCode": "7JX8ZwsHSwomJRjege1y4zqozor5boUb",
            "legalName": "张三",
            "legalCrtType": "1",
            "legalCrtNo": "225947198502106013",
            "orgDesc": null,
            "industryCategory": "A",
            "industrySpecific": "01",
            "contactName": "jPbSNtBRDEiYDYjDT13FlLxGLoVvfl2p",
            "contactPhone": "15739947122",
            "contactCrtType": 1,
            "contactCrtNo": "225947198502106013",
            "contactEmail": "gwQQSQoJgps7AZeT@qaqseq.com",
            "website": null,
            "regAuthority": null,
            "regCapital": null,
            "establishDate": null,
            "periodValidity": null,
            "legalEmail": null,
            "legalPhone": null,
            "legalFax": null,
            "servSysBuildType": 1,
            "servSysBuildName": null,
            "servSysOperType": 1,
            "servSysOperName": null,
            "dataHostingOrg": null,
            "servHostingOrg": null,
            "regRealNaImpType": null,
            "regRealNaImpName": null,
            "idRegNaImp": null,
            "extWebName": null,
            "extDomain": null,
            "extIpAddr": null,
            "orgCrtImgRid": 2104,
            "contactCrtFrontImgRid": 2105,
            "contactCrtBackImgRid": 2106,
            "legalCrtFrontImgRid": 2105,
            "legalCrtBackImgRid": 2106,
            "servSysBuildContractFileRid": null,
            "servSysOperContractFileRid": null,
            "dataHostingContractFileRid": null,
            "servHostingContractFileRid": null,
            "entInfoLicenses": [],
            "entInfoSyss": [
                {
                    "id": 2281,
                    "entApplyId": 1134,
                    "sysType": 1,
                    "deployMode": 1,
                    "deployAddr": "致真",
                    "deployAddrProvince": "110000",
                    "deployAddrCity": "110100",
                    "deployAddrCounty": "110101",
                    "name": null,
                    "ipPort": null
                },
                {
                    "id": 2282,
                    "entApplyId": 1134,
                    "sysType": 2,
                    "deployMode": 1,
                    "deployAddr": "致真",
                    "deployAddrProvince": "110000",
                    "deployAddrCity": "110100",
                    "deployAddrCounty": "110101",
                    "name": null,
                    "ipPort": null
                },
                {
                    "id": 2283,
                    "entApplyId": 1134,
                    "sysType": 3,
                    "deployMode": 1,
                    "deployAddr": "天津",
                    "deployAddrProvince": "120000",
                    "deployAddrCity": "120100",
                    "deployAddrCounty": "120101",
                    "name": null,
                    "ipPort": null
                },
                {
                    "id": 2284,
                    "entApplyId": 1134,
                    "sysType": 4,
                    "deployMode": 1,
                    "deployAddr": "天津",
                    "deployAddrProvince": "120000",
                    "deployAddrCity": "120100",
                    "deployAddrCounty": "120101",
                    "name": null,
                    "ipPort": null
                }
            ],
            "entInfoSerIndustrys": [],
            "escrowId": null,
            "industryQualificationRid": null,
            "certificationRid": null,
            "openingBank": null,
            "bankCard": null,
            "verificationName": null,
            "orgNatureDesc": "国有控股",
            "orgCrtImgContent": null,
            "orgCategorySpecificDesc": "农、林、牧、渔业-农业",
            "orgAddrProvinceDesc": "北京市",
            "orgAddrCountyDesc": "东城区",
            "orgAddrCityDesc": "市辖区",
            "legalCrtTypeDesc": "中国居民身份证",
            "legalCrtFrontImgContent": null,
            "legalCrtBackImgContent": null,
            "orgCrtImgPath": "bae79c1c-67f6-495b-aa9a-ebbcb68c121c.jpeg",
            "contactCrtFrontImgPath": "454151df-ca64-41b3-af93-fef8f1748784.jpeg",
            "contactCrtBackImgPath": "cfacf35b-c5e2-48f6-ac00-4d019424ebd2.jpeg",
            "legalCrtFrontImgPath": "454151df-ca64-41b3-af93-fef8f1748784.jpeg",
            "legalCrtBackImgPath": "cfacf35b-c5e2-48f6-ac00-4d019424ebd2.jpeg",
            "servSysBuildContractFilePath": null,
            "servSysOperContractFilePath": null,
            "dataHostingContractFilePath": null,
            "servHostingContractFilePath": null,
            "industryQualificationFilePath": null,
            "certificationFilePath": null,
            "escrowOrgName": null
        },
        "nbmsEntPO": null,
        "nbmsEntPrefixApplyPO": null,
        "needRelog": null,
        "applyStatus": 0
    }
}

2023-06-14 10:43:13.293 | INFO     | httprunner.client:request:217 - status_code: 200, response_time(ms): 95.11 ms, response_length: 0 bytes
2023-06-14 10:43:13.294 | INFO     | httprunner.response:extract:179 - extract mapping: {'applyId': 1134, 'userId': 1345, 'userName': 'jPbSNtBRDEiYDYjDT13FlLxGLoVvfl2p', 'imgId_f': 2105, 'imgId_b': 2106, 'entId': None, 'entUserId': None, 'prefix': '88.408.854693395993', 'contactCrtNo': '225947198502106013', 'contactCrtType': 1, 'contactEmail': 'gwQQSQoJgps7AZeT@qaqseq.com', 'contactName': 'jPbSNtBRDEiYDYjDT13FlLxGLoVvfl2p', 'contactPhone': '15739947122', 'industryCategory': 'A', 'industrySpecific': '01', 'orgName': '7RnXNITHMwUTdrOkwDdclsrY82hZFrBM', 'orgNature': '1', 'orgAddrProvince': '110000', 'orgAddrCity': '110100', 'orgAddrCounty': '110101', 'orgAddr': '致真', 'orgCrtType': '1', 'orgCrtCode': '7JX8ZwsHSwomJRjege1y4zqozor5boUb', 'legalName': '张三', 'legalEmail': None, 'legalPhone': None, 'legalCrtType': '1', 'legalCrtNo': '225947198502106013', 'legalCrtFrontImgRid': 2105, 'legalCrtBackImgRid': 2106, 'orgCrtImgRid': 2104, 'imgId': 2104, 'orgNatureDesc': '国有控股', 'orgCategorySpecificDesc': '农、林、牧、渔业-农业', 'orgAddrProvinceDesc': '北京市', 'orgAddrCountyDesc': '东城区', 'orgAddrCityDesc': '市辖区', 'legalCrtTypeDesc': '中国居民身份证', 'createDate': '2023-06-14 10:43:13', 'updateDate': '2023-06-14 10:43:13', 'entInfoSyss_0_id': 2281, 'entInfoSyss_0_entApplyId': 1134, 'entApplyId': 1134, 'entInfoSyss_0_sysType': 1, 'entInfoSyss_0_deployMode': 1, 'entInfoSyss_0_deployAddr': '致真', 'entInfoSyss_0_deployAddrProvince': '110000', 'entInfoSyss_0_deployAddrCity': '110100', 'entInfoSyss_0_deployAddrCounty': '110101', 'entInfoSyss_1_id': 2282, 'entInfoSyss_1_entApplyId': 1134, 'entInfoSyss_1_sysType': 2, 'entInfoSyss_1_deployMode': 1, 'entInfoSyss_1_deployAddr': '致真', 'entInfoSyss_1_deployAddrProvince': '110000', 'entInfoSyss_1_deployAddrCity': '110100', 'entInfoSyss_1_deployAddrCounty': '110101', 'entInfoSyss_2_id': 2283, 'entInfoSyss_2_entApplyId': 1134, 'entInfoSyss_2_sysType': 3, 'entInfoSyss_2_deployMode': 1, 'entInfoSyss_2_deployAddr': '天津', 'entInfoSyss_2_deployAddrProvince': '120000', 'entInfoSyss_2_deployAddrCity': '120100', 'entInfoSyss_2_deployAddrCounty': '120101', 'entInfoSyss_3_id': 2284, 'entInfoSyss_3_entApplyId': 1134, 'entInfoSyss_3_sysType': 4, 'entInfoSyss_3_deployMode': 1, 'entInfoSyss_3_deployAddr': '天津', 'entInfoSyss_3_deployAddrProvince': '120000', 'entInfoSyss_3_deployAddrCity': '120100', 'entInfoSyss_3_deployAddrCounty': '120101'}
2023-06-14 10:43:13.295 | INFO     | httprunner.response:validate:249 - assert status_code equal 200(int)	==> pass
2023-06-14 10:43:13.295 | INFO     | httprunner.response:validate:249 - assert body.message equal success(str)	==> pass
2023-06-14 10:43:13.295 | INFO     | httprunner.runner:__run_step:304 - run step end: 企业注册查询注册信息 <<<<<<

2023-06-14 10:43:13.295 | INFO     | httprunner.runner:__run_step_testcase:286 - export variables: {'contactCrtNo': '225947198502106013', 'contactCrtType': 1, 'orgCrtImgRid': 2104, 'entId': None, 'entInfoSyss_3_deployAddrProvince': '120000', 'orgAddrCity': '110100', 'userId': 1345, 'orgAddrCountyDesc': '东城区', 'applyId': 1134, 'entInfoSyss_2_id': 2283, 'entInfoSyss_3_deployMode': 1, 'entInfoSyss_1_deployAddr': '致真', 'legalCrtTypeDesc': '中国居民身份证', 'userName': 'jPbSNtBRDEiYDYjDT13FlLxGLoVvfl2p', 'entInfoSyss_0_deployAddr': '致真', 'imgId_b': 2106, 'entInfoSyss_2_sysType': 3, 'legalPhone': None, 'createDate': '2023-06-14 10:43:13', 'orgNatureDesc': '国有控股', 'entInfoSyss_1_deployAddrCounty': '110101', 'entInfoSyss_2_deployAddrCounty': '120101', 'entInfoSyss_0_id': 2281, 'entInfoSyss_3_sysType': 4, 'orgAddrCounty': '110101', 'imgId_f': 2105, 'legalName': '张三', 'industryCategory': 'A', 'prefix': '88.408.854693395993', 'contactName': 'jPbSNtBRDEiYDYjDT13FlLxGLoVvfl2p', 'entInfoSyss_2_deployAddr': '天津', 'entInfoSyss_1_entApplyId': 1134, 'entInfoSyss_1_deployAddrProvince': '110000', 'orgCategorySpecificDesc': '农、林、牧、渔业-农业', 'entInfoSyss_2_entApplyId': 1134, 'entInfoSyss_0_deployAddrCity': '110100', 'legalEmail': None, 'orgAddrCityDesc': '市辖区', 'entInfoSyss_0_deployAddrCounty': '110101', 'entInfoSyss_3_deployAddrCity': '120100', 'entInfoSyss_2_deployMode': 1, 'contactPhone': '15739947122', 'entInfoSyss_3_entApplyId': 1134, 'legalCrtFrontImgRid': 2105, 'entInfoSyss_3_deployAddrCounty': '120101', 'imgId': 2104, 'orgCrtCode': '7JX8ZwsHSwomJRjege1y4zqozor5boUb', 'entInfoSyss_0_sysType': 1, 'entInfoSyss_1_id': 2282, 'entInfoSyss_1_deployMode': 1, 'contactEmail': 'gwQQSQoJgps7AZeT@qaqseq.com', 'orgAddr': '致真', 'entInfoSyss_2_deployAddrCity': '120100', 'legalCrtBackImgRid': 2106, 'updateDate': '2023-06-14 10:43:13', 'entInfoSyss_1_deployAddrCity': '110100', 'orgNature': '1', 'entInfoSyss_0_deployMode': 1, 'orgAddrProvince': '110000', 'entInfoSyss_0_entApplyId': 1134, 'entApplyId': 1134, 'entInfoSyss_1_sysType': 2, 'legalCrtNo': '225947198502106013', 'entInfoSyss_0_deployAddrProvince': '110000', 'industrySpecific': '01', 'orgName': '7RnXNITHMwUTdrOkwDdclsrY82hZFrBM', 'legalCrtType': '1', 'entInfoSyss_3_deployAddr': '天津', 'entInfoSyss_3_id': 2284, 'entUserId': None, 'entInfoSyss_2_deployAddrProvince': '120000', 'orgCrtType': '1', 'orgAddrProvinceDesc': '北京市'}
2023-06-14 10:43:13.296 | INFO     | httprunner.runner:__run_step:304 - run step end: 企业注册查询注册信息 <<<<<<

2023-06-14 10:43:13.296 | INFO     | httprunner.runner:__run_step:292 - run step begin: 企业注册最终第三步提交信息 >>>>>>
2023-06-14 10:43:13.297 | INFO     | httprunner.runner:__run_step:292 - run step begin: 企业注册最终第三步提交信息 >>>>>>
2023-06-14 10:43:13.479 | DEBUG    | httprunner.client:request:186 - client IP: 10.14.148.129, Port: 59122
2023-06-14 10:43:13.480 | DEBUG    | httprunner.client:request:194 - server IP: 139.198.116.76, Port: 8000
2023-06-14 10:43:13.482 | DEBUG    | httprunner.client:log_print:40 - 
================== request details ==================
method   : POST
url      : http://139.198.116.76:8000/api/v3/entApply/apply
headers  : {
    "User-Agent": "Mozilla/5.0 (Macintosh; Intel Mac OS X 10_15_7) AppleWebKit/537.36 (KHTML, like Gecko) Chrome/105.0.0.0 Safari/537.36",
    "Accept-Encoding": "gzip, deflate",
    "Accept": "application/json, text/plain, */*",
    "Connection": "keep-alive",
    "Accept-Language": "zh-CN,zh;q=0.9",
    "Content-Type": "application/json;charset=UTF-8",
    "HRUN-Request-ID": "HRUN-46fe26d9-054c-47d3-a539-efc3882ad6f0-593298",
    "Cookie": "SESSION=OGU3ODZkYzEtOGQ2ZS00ZDY3LWI4NGMtZWI1N2U0NzdmMTA2; SESSION=response.headers.\"Set-Cookie\".session",
    "Content-Length": "3282"
}
cookies  : {
    "SESSION": "OGU3ODZkYzEtOGQ2ZS00ZDY3LWI4NGMtZWI1N2U0NzdmMTA2"
}
body     : {
    "applyStep": 4,
    "applyType": null,
    "cltrid": null,
    "contactCrtBackImgPath": null,
    "contactCrtBackImgRid": 2106,
    "contactCrtFrontImgPath": null,
    "contactCrtFrontImgRid": 2105,
    "contactCrtNo": "225947198502106013",
    "contactCrtType": 1,
    "contactEmail": "gwQQSQoJgps7AZeT@qaqseq.com",
    "contactName": "jPbSNtBRDEiYDYjDT13FlLxGLoVvfl2p",
    "contactPhone": "15739947122",
    "createDate": "2023-06-14 10:43:13",
    "dataHostingContractFilePath": null,
    "dataHostingContractFileRid": null,
    "dataHostingOrg": null,
    "entGeneralId": null,
    "entInfoLicenses": [],
    "entInfoSerIndustrys": [],
    "entInfoSyss": [
        {
            "deployAddr": "致真",
            "deployAddrCity": "110100",
            "deployAddrCounty": "110101",
            "deployAddrProvince": "110000",
            "deployMode": 1,
            "ipPort": null,
            "name": null,
            "sysType": 2
        },
        {
            "deployAddr": "致真",
            "deployAddrCity": "110100",
            "deployAddrCounty": "110101",
            "deployAddrProvince": "110000",
            "deployMode": 1,
            "ipPort": null,
            "name": null,
            "sysType": 3
        },
        {
            "deployAddr": "天津",
            "deployAddrCity": "120100",
            "deployAddrCounty": "120101",
            "deployAddrProvince": "120000",
            "deployMode": 1,
            "ipPort": null,
            "name": null,
            "sysType": 4
        },
        {
            "deployAddr": "天津",
            "deployAddrCity": "120100",
            "deployAddrCounty": "120101",
            "deployAddrProvince": "120000",
            "deployMode": 1,
            "ipPort": null,
            "name": null,
            "sysType": 4
        }
    ],
    "entPrefix": "88.408.854693395993",
    "escrowId": null,
    "escrowOrgName": null,
    "establishDate": null,
    "extDomain": null,
    "extIpAddr": null,
    "extWebName": null,
    "finalAuditMsg": null,
    "finalAuditStatus": null,
    "firstAuditMsg": null,
    "firstAuditStatus": null,
    "id": 1134,
    "idRegNaImp": null,
    "industryCategory": "A",
    "industrySpecific": "01",
    "isSubmit": 0,
    "legalCrtBackImgContent": null,
    "legalCrtBackImgPath": null,
    "legalCrtBackImgRid": 2106,
    "legalCrtFrontImgContent": null,
    "legalCrtFrontImgPath": null,
    "legalCrtFrontImgRid": 2105,
    "legalCrtNo": "225947198502106013",
    "legalCrtType": "1",
    "legalCrtTypeDesc": "中国居民身份证",
    "legalEmail": null,
    "legalFax": null,
    "legalName": "张三",
    "legalPhone": null,
    "orgAddr": "致真",
    "orgAddrCity": "110100",
    "orgAddrCityDesc": "市辖区",
    "orgAddrCounty": "110101",
    "orgAddrCountyDesc": "东城区",
    "orgAddrProvince": "110000",
    "orgAddrProvinceDesc": "北京市",
    "orgCategorySpecificDesc": "农、林、牧、渔业-农业",
    "orgCrtCode": "7JX8ZwsHSwomJRjege1y4zqozor5boUb",
    "orgCrtImgContent": null,
    "orgCrtImgPath": null,
    "orgCrtImgRid": 2104,
    "orgCrtType": "1",
    "orgDesc": null,
    "orgName": "7RnXNITHMwUTdrOkwDdclsrY82hZFrBM",
    "orgNature": "1",
    "orgNatureDesc": "1",
    "periodValidity": null,
    "regAuthority": null,
    "regCapital": null,
    "regRealNaImpName": null,
    "regRealNaImpType": null,
    "servHostingContractFilePath": null,
    "servHostingContractFileRid": null,
    "servHostingOrg": null,
    "servSysBuildContractFilePath": null,
    "servSysBuildContractFileRid": null,
    "servSysBuildName": null,
    "servSysBuildType": 1,
    "servSysOperContractFilePath": null,
    "servSysOperContractFileRid": null,
    "servSysOperName": null,
    "servSysOperType": 1,
    "svtrid": null,
    "thirdServiceMsg": null,
    "thirdServiceStatus": null,
    "updateDate": "2023-06-14 10:43:13",
    "userId": 1345,
    "userName": "jPbSNtBRDEiYDYjDT13FlLxGLoVvfl2p",
    "website": null
}

2023-06-14 10:43:13.482 | DEBUG    | httprunner.client:log_print:40 - 
================== response details ==================
status_code : 200
headers  : {
    "Server": "nginx",
    "Date": "Wed, 14 Jun 2023 02:43:13 GMT",
    "Content-Type": "application/json;charset=UTF-8",
    "Transfer-Encoding": "chunked",
    "Connection": "keep-alive",
    "X-Frame-Options": "SAMEORIGIN"
}
cookies  : {}
encoding : UTF-8
content_type : application/json;charset=UTF-8
body     : {
    "message": "success",
    "status": 1,
    "data": true
}

2023-06-14 10:43:13.483 | INFO     | httprunner.client:request:217 - status_code: 200, response_time(ms): 180.82 ms, response_length: 0 bytes
2023-06-14 10:43:13.483 | INFO     | httprunner.response:validate:249 - assert status_code equal 200(int)	==> pass
2023-06-14 10:43:13.483 | INFO     | httprunner.response:validate:249 - assert body.message equal success(str)	==> pass
2023-06-14 10:43:13.483 | INFO     | httprunner.runner:__run_step:304 - run step end: 企业注册最终第三步提交信息 <<<<<<

2023-06-14 10:43:13.484 | INFO     | httprunner.runner:__run_step:304 - run step end: 企业注册最终第三步提交信息 <<<<<<

2023-06-14 10:43:13.484 | INFO     | httprunner.runner:__run_step:292 - run step begin: 登录-管理员 >>>>>>
2023-06-14 10:43:13.485 | INFO     | httprunner.runner:__run_step:292 - run step begin: 登录-企业用户 >>>>>>
2023-06-14 10:43:13.556 | DEBUG    | httprunner.client:request:186 - client IP: 10.14.148.129, Port: 59122
2023-06-14 10:43:13.557 | DEBUG    | httprunner.client:request:194 - server IP: 139.198.116.76, Port: 8000
2023-06-14 10:43:13.558 | DEBUG    | httprunner.client:log_print:40 - 
================== request details ==================
method   : POST
url      : http://139.198.116.76:8000/api/home/test/login
headers  : {
    "User-Agent": "python-requests/2.28.1",
    "Accept-Encoding": "gzip, deflate, br",
    "Accept": "*/*",
    "Connection": "keep-alive",
    "Content-Length": "144",
    "Content-Type": "application/json",
    "HRUN-Request-ID": "HRUN-46fe26d9-054c-47d3-a539-efc3882ad6f0-593486",
    "Cookie": "SESSION=OGU3ODZkYzEtOGQ2ZS00ZDY3LWI4NGMtZWI1N2U0NzdmMTA2"
}
cookies  : {
    "SESSION": "OGU3ODZkYzEtOGQ2ZS00ZDY3LWI4NGMtZWI1N2U0NzdmMTA2"
}
body     : {
    "captcha": "0000",
    "captchaSign": "5d39bab12bba81ab59b3931d2ca06ee9603c3803355932be66974f122cab3502",
    "emailCaptcha": "",
    "username": "adminy"
}

2023-06-14 10:43:13.559 | DEBUG    | httprunner.client:log_print:40 - 
================== response details ==================
status_code : 200
headers  : {
    "Server": "nginx",
    "Date": "Wed, 14 Jun 2023 02:43:13 GMT",
    "Content-Type": "application/json;charset=UTF-8",
    "Transfer-Encoding": "chunked",
    "Connection": "keep-alive",
    "Set-Cookie": "SESSION=NmMxZjEyY2ItN2VlMi00YWQ0LTk3YWEtYzBhZDE2NmM4YWZm; Path=/; HttpOnly; SameSite=Lax",
    "X-Frame-Options": "SAMEORIGIN"
}
cookies  : {
    "SESSION": "NmMxZjEyY2ItN2VlMi00YWQ0LTk3YWEtYzBhZDE2NmM4YWZm"
}
encoding : UTF-8
content_type : application/json;charset=UTF-8
body     : {
    "message": "success",
    "status": 1,
    "data": true
}

2023-06-14 10:43:13.560 | INFO     | httprunner.client:request:217 - status_code: 200, response_time(ms): 70.47 ms, response_length: 0 bytes
2023-06-14 10:43:13.560 | INFO     | httprunner.response:extract:179 - extract mapping: {'adminSession': 'response.headers."Set-Cookie".session'}
2023-06-14 10:43:13.560 | INFO     | httprunner.response:validate:249 - assert status_code equal 200(int)	==> pass
2023-06-14 10:43:13.560 | INFO     | httprunner.response:validate:249 - assert headers."Content-Type" equal application/json;charset=UTF-8(str)	==> pass
2023-06-14 10:43:13.560 | INFO     | httprunner.response:validate:249 - assert body.message equal success(str)	==> pass
2023-06-14 10:43:13.560 | INFO     | httprunner.response:validate:249 - assert body.status equal 1(int)	==> pass
2023-06-14 10:43:13.560 | INFO     | httprunner.response:validate:249 - assert body.data equal True(bool)	==> pass
2023-06-14 10:43:13.560 | INFO     | httprunner.runner:__run_step:304 - run step end: 登录-企业用户 <<<<<<

2023-06-14 10:43:13.560 | INFO     | httprunner.runner:__run_step_testcase:286 - export variables: {'adminSession': 'response.headers."Set-Cookie".session'}
2023-06-14 10:43:13.560 | INFO     | httprunner.runner:__run_step:304 - run step end: 登录-管理员 <<<<<<

2023-06-14 10:43:13.561 | INFO     | httprunner.runner:__run_step:292 - run step begin: 年费费用查询 >>>>>>
2023-06-14 10:43:13.562 | INFO     | httprunner.runner:__run_step:292 - run step begin: 财务规则查询-年费 >>>>>>
2023-06-14 10:43:13.627 | DEBUG    | httprunner.client:request:186 - client IP: 10.14.148.129, Port: 59122
2023-06-14 10:43:13.627 | DEBUG    | httprunner.client:request:194 - server IP: 139.198.116.76, Port: 8000
2023-06-14 10:43:13.628 | DEBUG    | httprunner.client:log_print:40 - 
================== request details ==================
method   : GET
url      : http://139.198.116.76:8000/api/finance/rule/findRule?cache=1663837640684&moneyType=2&userId=1345
headers  : {
    "User-Agent": "Mozilla/5.0 (Macintosh; Intel Mac OS X 10_15_7) AppleWebKit/537.36 (KHTML, like Gecko) Chrome/98.0.4758.102 Safari/537.36 Edg/98.0.1108.56",
    "Accept-Encoding": "gzip, deflate",
    "Accept": "application/json, text/plain, */*",
    "Connection": "keep-alive",
    "Accept-Language": "zh-CN,zh;q=0.9,en;q=0.8,en-GB;q=0.7,en-US;q=0.6",
    "HRUN-Request-ID": "HRUN-46fe26d9-054c-47d3-a539-efc3882ad6f0-593562",
    "Cookie": "SESSION=NmMxZjEyY2ItN2VlMi00YWQ0LTk3YWEtYzBhZDE2NmM4YWZm; SESSION=response.headers.\"Set-Cookie\".session"
}
cookies  : {
    "SESSION": "NmMxZjEyY2ItN2VlMi00YWQ0LTk3YWEtYzBhZDE2NmM4YWZm"
}
body     : None

2023-06-14 10:43:13.628 | DEBUG    | httprunner.client:log_print:40 - 
================== response details ==================
status_code : 200
headers  : {
    "Server": "nginx",
    "Date": "Wed, 14 Jun 2023 02:43:13 GMT",
    "Content-Type": "application/json;charset=UTF-8",
    "Transfer-Encoding": "chunked",
    "Connection": "keep-alive",
    "X-Frame-Options": "SAMEORIGIN"
}
cookies  : {}
encoding : UTF-8
content_type : application/json;charset=UTF-8
body     : {
    "message": "success",
    "status": 1,
    "data": [
        {
            "id": 78,
            "createDate": "2023-05-31 12:51:47",
            "updateDate": "2023-05-31 12:51:47",
            "name": "标准",
            "money": 10000.0,
            "moneyType": 2,
            "prefixCount": 1,
            "remart": "test",
            "entName": null,
            "entUserId": null,
            "ruleType": 2,
            "escrowId": null
        }
    ]
}

2023-06-14 10:43:13.628 | INFO     | httprunner.client:request:217 - status_code: 200, response_time(ms): 64.95 ms, response_length: 0 bytes
2023-06-14 10:43:13.628 | INFO     | httprunner.response:extract:179 - extract mapping: {'annualFeeRuleId': 78}
2023-06-14 10:43:13.629 | INFO     | httprunner.response:validate:249 - assert status_code equal 200(int)	==> pass
2023-06-14 10:43:13.629 | INFO     | httprunner.response:validate:249 - assert body.message equal success(str)	==> pass
2023-06-14 10:43:13.629 | INFO     | httprunner.response:validate:249 - assert body.status equal 1(int)	==> pass
2023-06-14 10:43:13.629 | INFO     | httprunner.runner:__run_step:304 - run step end: 财务规则查询-年费 <<<<<<

2023-06-14 10:43:13.629 | INFO     | httprunner.runner:__run_step_testcase:286 - export variables: {'annualFeeRuleId': 78}
2023-06-14 10:43:13.629 | INFO     | httprunner.runner:__run_step:304 - run step end: 年费费用查询 <<<<<<

2023-06-14 10:43:13.629 | INFO     | httprunner.runner:__run_step:292 - run step begin: 注册费费用查询 >>>>>>
2023-06-14 10:43:13.630 | INFO     | httprunner.runner:__run_step:292 - run step begin: 财务规则查询-注册费 >>>>>>
2023-06-14 10:43:13.691 | DEBUG    | httprunner.client:request:186 - client IP: 10.14.148.129, Port: 59122
2023-06-14 10:43:13.691 | DEBUG    | httprunner.client:request:194 - server IP: 139.198.116.76, Port: 8000
2023-06-14 10:43:13.692 | DEBUG    | httprunner.client:log_print:40 - 
================== request details ==================
method   : GET
url      : http://139.198.116.76:8000/api/finance/rule/findRule?moneyType=1&userId=1345
headers  : {
    "User-Agent": "Mozilla/5.0 (Macintosh; Intel Mac OS X 10_15_7) AppleWebKit/537.36 (KHTML, like Gecko) Chrome/98.0.4758.102 Safari/537.36 Edg/98.0.1108.56",
    "Accept-Encoding": "gzip, deflate",
    "Accept": "application/json, text/plain, */*",
    "Connection": "keep-alive",
    "Accept-Language": "zh-CN,zh;q=0.9,en;q=0.8,en-GB;q=0.7,en-US;q=0.6",
    "HRUN-Request-ID": "HRUN-46fe26d9-054c-47d3-a539-efc3882ad6f0-593630",
    "Cookie": "SESSION=NmMxZjEyY2ItN2VlMi00YWQ0LTk3YWEtYzBhZDE2NmM4YWZm; SESSION=response.headers.\"Set-Cookie\".session"
}
cookies  : {
    "SESSION": "NmMxZjEyY2ItN2VlMi00YWQ0LTk3YWEtYzBhZDE2NmM4YWZm"
}
body     : None

2023-06-14 10:43:13.693 | DEBUG    | httprunner.client:log_print:40 - 
================== response details ==================
status_code : 200
headers  : {
    "Server": "nginx",
    "Date": "Wed, 14 Jun 2023 02:43:13 GMT",
    "Content-Type": "application/json;charset=UTF-8",
    "Transfer-Encoding": "chunked",
    "Connection": "keep-alive",
    "X-Frame-Options": "SAMEORIGIN"
}
cookies  : {}
encoding : UTF-8
content_type : application/json;charset=UTF-8
body     : {
    "message": "success",
    "status": 1,
    "data": [
        {
            "id": 77,
            "createDate": "2023-05-31 12:51:33",
            "updateDate": "2023-05-31 12:51:33",
            "name": "标准",
            "money": 10000.0,
            "moneyType": 1,
            "prefixCount": 1,
            "remart": "test",
            "entName": null,
            "entUserId": null,
            "ruleType": 2,
            "escrowId": null
        }
    ]
}

2023-06-14 10:43:13.694 | INFO     | httprunner.client:request:217 - status_code: 200, response_time(ms): 61.33 ms, response_length: 0 bytes
2023-06-14 10:43:13.694 | INFO     | httprunner.response:extract:179 - extract mapping: {'regFeeRuleId': 77}
2023-06-14 10:43:13.694 | INFO     | httprunner.response:validate:249 - assert status_code equal 200(int)	==> pass
2023-06-14 10:43:13.694 | INFO     | httprunner.response:validate:249 - assert body.message equal success(str)	==> pass
2023-06-14 10:43:13.694 | INFO     | httprunner.response:validate:249 - assert body.status equal 1(int)	==> pass
2023-06-14 10:43:13.694 | INFO     | httprunner.runner:__run_step:304 - run step end: 财务规则查询-注册费 <<<<<<

2023-06-14 10:43:13.694 | INFO     | httprunner.runner:__run_step_testcase:286 - export variables: {'regFeeRuleId': 77}
2023-06-14 10:43:13.694 | INFO     | httprunner.runner:__run_step:304 - run step end: 注册费费用查询 <<<<<<

2023-06-14 10:43:13.694 | INFO     | httprunner.runner:__run_step:292 - run step begin: 审核结果保存 >>>>>>
2023-06-14 10:43:13.695 | INFO     | httprunner.runner:__run_step:292 - run step begin: 企业审核保存 >>>>>>
2023-06-14 10:43:14.710 | DEBUG    | httprunner.client:request:186 - client IP: 10.14.148.129, Port: 59122
2023-06-14 10:43:14.711 | DEBUG    | httprunner.client:request:194 - server IP: 139.198.116.76, Port: 8000
2023-06-14 10:43:14.711 | DEBUG    | httprunner.client:log_print:40 - 
================== request details ==================
method   : POST
url      : http://139.198.116.76:8000/api/v3/ent/audit/save?annualFeeRuleId=78&applyId=1134&auditMsg=%E5%AE%A1%E6%A0%B8%E9%80%9A%E8%BF%87&auditResult=pass&entPrefix=88.408.854693395993&regFeeRuleId=77
headers  : {
    "User-Agent": "Mozilla/5.0 (Macintosh; Intel Mac OS X 10_15_7) AppleWebKit/537.36 (KHTML, like Gecko) Chrome/98.0.4758.102 Safari/537.36 Edg/98.0.1108.56",
    "Accept-Encoding": "gzip, deflate",
    "Accept": "application/json, text/plain, */*",
    "Connection": "keep-alive",
    "Accept-Language": "zh-CN,zh;q=0.9,en;q=0.8,en-GB;q=0.7,en-US;q=0.6",
    "Content-Length": "0",
    "HRUN-Request-ID": "HRUN-46fe26d9-054c-47d3-a539-efc3882ad6f0-593695",
    "Cookie": "SESSION=NmMxZjEyY2ItN2VlMi00YWQ0LTk3YWEtYzBhZDE2NmM4YWZm; SESSION=response.headers.\"Set-Cookie\".session"
}
cookies  : {
    "SESSION": "NmMxZjEyY2ItN2VlMi00YWQ0LTk3YWEtYzBhZDE2NmM4YWZm"
}
body     : None

2023-06-14 10:43:14.711 | DEBUG    | httprunner.client:log_print:40 - 
================== response details ==================
status_code : 200
headers  : {
    "Server": "nginx",
    "Date": "Wed, 14 Jun 2023 02:43:14 GMT",
    "Content-Type": "application/json",
    "Transfer-Encoding": "chunked",
    "Connection": "keep-alive",
    "X-Frame-Options": "SAMEORIGIN"
}
cookies  : {}
encoding : utf-8
content_type : application/json
body     : {
    "message": "success",
    "status": 1,
    "data": true
}

2023-06-14 10:43:14.711 | INFO     | httprunner.client:request:217 - status_code: 200, response_time(ms): 1014.98 ms, response_length: 0 bytes
2023-06-14 10:43:14.711 | INFO     | httprunner.response:validate:249 - assert status_code equal 200(int)	==> pass
2023-06-14 10:43:14.711 | INFO     | httprunner.response:validate:249 - assert body.message equal success(str)	==> pass
2023-06-14 10:43:14.711 | INFO     | httprunner.response:validate:249 - assert body.status equal 1(int)	==> pass
2023-06-14 10:43:14.711 | INFO     | httprunner.response:validate:249 - assert body.data equal True(bool)	==> pass
2023-06-14 10:43:14.711 | INFO     | httprunner.runner:__run_step:304 - run step end: 企业审核保存 <<<<<<

2023-06-14 10:43:14.712 | INFO     | httprunner.runner:__run_step:304 - run step end: 审核结果保存 <<<<<<

2023-06-14 10:43:14.712 | INFO     | httprunner.runner:__run_step:292 - run step begin: 查询企业详情 >>>>>>
2023-06-14 10:43:14.712 | INFO     | httprunner.runner:__run_step:292 - run step begin: 企业信息详情 >>>>>>
2023-06-14 10:43:14.811 | DEBUG    | httprunner.client:request:186 - client IP: 10.14.148.129, Port: 59122
2023-06-14 10:43:14.812 | DEBUG    | httprunner.client:request:194 - server IP: 139.198.116.76, Port: 8000
2023-06-14 10:43:14.812 | DEBUG    | httprunner.client:log_print:40 - 
================== request details ==================
method   : GET
url      : http://139.198.116.76:8000/api/v3/ent/detail?isSensetive=1&userId=1345
headers  : {
    "User-Agent": "Mozilla/5.0 (Macintosh; Intel Mac OS X 10_15_7) AppleWebKit/537.36 (KHTML, like Gecko) Chrome/98.0.4758.102 Safari/537.36 Edg/98.0.1108.56",
    "Accept-Encoding": "gzip, deflate",
    "Accept": "application/json, text/plain, */*",
    "Connection": "keep-alive",
    "Accept-Language": "zh-CN,zh;q=0.9,en;q=0.8,en-GB;q=0.7,en-US;q=0.6",
    "HRUN-Request-ID": "HRUN-46fe26d9-054c-47d3-a539-efc3882ad6f0-594712",
    "Cookie": "SESSION=NmMxZjEyY2ItN2VlMi00YWQ0LTk3YWEtYzBhZDE2NmM4YWZm; SESSION=response.headers.\"Set-Cookie\".session"
}
cookies  : {
    "SESSION": "NmMxZjEyY2ItN2VlMi00YWQ0LTk3YWEtYzBhZDE2NmM4YWZm"
}
body     : None

2023-06-14 10:43:14.814 | DEBUG    | httprunner.client:log_print:40 - 
================== response details ==================
status_code : 200
headers  : {
    "Server": "nginx",
    "Date": "Wed, 14 Jun 2023 02:43:14 GMT",
    "Content-Type": "application/json;charset=UTF-8",
    "Transfer-Encoding": "chunked",
    "Connection": "keep-alive",
    "X-Frame-Options": "SAMEORIGIN"
}
cookies  : {}
encoding : UTF-8
content_type : application/json;charset=UTF-8
body     : {
    "message": "success",
    "status": 1,
    "data": {
        "nbmsEntPO": {
            "id": 422,
            "createDate": "2023-06-14 10:43:15",
            "updateDate": "2023-06-14 10:43:15",
            "entGeneralId": "2811184000000006",
            "userId": 1345,
            "userName": "jPbSNtBRDEiYDYjDT13FlLxGLoVvfl2p",
            "sync": null,
            "orgName": "7RnXNITHMwUTdrOkwDdclsrY82hZFrBM",
            "orgNature": "1",
            "orgAddrProvince": "110000",
            "orgAddrCity": "110100",
            "orgAddrCounty": "110101",
            "orgAddr": "致真",
            "orgCrtType": "1",
            "orgCrtCode": "7JX8ZwsHSwomJRjege1y4zqozor5boUb",
            "legalName": "*三",
            "legalCrtType": "1",
            "legalCrtNo": "**************6013",
            "orgDesc": null,
            "industryCategory": "A",
            "industrySpecific": "01",
            "contactName": "******************************2p",
            "contactPhone": "157****7122",
            "contactCrtType": 1,
            "contactCrtNo": "**************6013",
            "contactEmail": "gwQ*************@qaqseq.com",
            "website": null,
            "regAuthority": null,
            "regCapital": null,
            "establishDate": null,
            "periodValidity": null,
            "legalEmail": null,
            "legalPhone": null,
            "legalFax": null,
            "servSysBuildType": 1,
            "servSysBuildName": null,
            "servSysOperType": "1",
            "servSysOperName": null,
            "dataHostingOrg": null,
            "servHostingOrg": null,
            "regRealNaImpType": null,
            "regRealNaImpName": null,
            "idRegNaImp": null,
            "extWebName": null,
            "extDomain": null,
            "extIpAddr": null,
            "orgCrtImgRid": 2104,
            "contactCrtFrontImgRid": 2105,
            "contactCrtBackImgRid": 2106,
            "legalCrtFrontImgRid": 2105,
            "legalCrtBackImgRid": 2106,
            "servSysBuildContractFileRid": null,
            "servSysOperContractFileRid": null,
            "dataHostingContractFileRid": null,
            "servHostingContractFileRid": null,
            "isDeleted": 0,
            "xmlCreated": 0,
            "xmlUpdateTime": null,
            "xmlDeleted": 0,
            "xmlSync": 0,
            "entInfoLicenses": [],
            "entInfoSyss": [
                {
                    "id": 1293,
                    "entId": 422,
                    "sysType": 1,
                    "deployMode": 1,
                    "deployAddr": "致真",
                    "deployAddrProvince": "110000",
                    "deployAddrCity": "110100",
                    "deployAddrCounty": "110101",
                    "name": null,
                    "ipPort": null
                },
                {
                    "id": 1294,
                    "entId": 422,
                    "sysType": 2,
                    "deployMode": 1,
                    "deployAddr": "致真",
                    "deployAddrProvince": "110000",
                    "deployAddrCity": "110100",
                    "deployAddrCounty": "110101",
                    "name": null,
                    "ipPort": null
                },
                {
                    "id": 1295,
                    "entId": 422,
                    "sysType": 3,
                    "deployMode": 1,
                    "deployAddr": "天津",
                    "deployAddrProvince": "120000",
                    "deployAddrCity": "120100",
                    "deployAddrCounty": "120101",
                    "name": null,
                    "ipPort": null
                },
                {
                    "id": 1296,
                    "entId": 422,
                    "sysType": 4,
                    "deployMode": 1,
                    "deployAddr": "天津",
                    "deployAddrProvince": "120000",
                    "deployAddrCity": "120100",
                    "deployAddrCounty": "120101",
                    "name": null,
                    "ipPort": null
                }
            ],
            "entInfoSerIndustrys": [],
            "escrowId": null,
            "industryQualificationRid": null,
            "certificationRid": null,
            "openingBank": null,
            "bankCard": null,
            "orgTypeDesc": "国有控股",
            "orgCrtImgContent": null,
            "orgAddrProvinceDesc": "北京市",
            "orgAddrCountyDesc": "东城区",
            "orgAddrCityDesc": "市辖区",
            "orgCategorySpecificDesc": "农、林、牧、渔业-农业",
            "legalCrtTypeDesc": "中国居民身份证",
            "legalCrtFrontImgContent": null,
            "legalCrtBackImgContent": null,
            "entPrefix": "88.408.854693395993",
            "shrPrefix": null,
            "orgCrtImgPath": "bae79c1c-67f6-495b-aa9a-ebbcb68c121c.jpeg",
            "contactCrtFrontImgPath": "454151df-ca64-41b3-af93-fef8f1748784.jpeg",
            "contactCrtBackImgPath": "cfacf35b-c5e2-48f6-ac00-4d019424ebd2.jpeg",
            "legalCrtFrontImgPath": "454151df-ca64-41b3-af93-fef8f1748784.jpeg",
            "legalCrtBackImgPath": "cfacf35b-c5e2-48f6-ac00-4d019424ebd2.jpeg",
            "servSysBuildContractFilePath": null,
            "servSysOperContractFilePath": null,
            "dataHostingContractFilePath": null,
            "servHostingContractFilePath": null,
            "industryQualificationFilePath": null,
            "certificationFilePath": null,
            "escrowOrgName": null
        },
        "nbmsEntPrefixPOs": [
            {
                "id": 568,
                "createDate": "2023-06-14 10:43:15",
                "updateDate": "2023-06-14 10:43:15",
                "entPrefix": "88.408.854693395993",
                "state": 1,
                "historyState": 1,
                "entGeneralId": "2811184000000006",
                "entName": "7RnXNITHMwUTdrOkwDdclsrY82hZFrBM",
                "userId": 1345,
                "proxyState": 1,
                "prefixConfigPO": [],
                "escrowId": null
            }
        ]
    }
}

2023-06-14 10:43:14.814 | INFO     | httprunner.client:request:217 - status_code: 200, response_time(ms): 99.15 ms, response_length: 0 bytes
2023-06-14 10:43:14.815 | INFO     | httprunner.response:extract:179 - extract mapping: {'entId': 422}
2023-06-14 10:43:14.815 | INFO     | httprunner.response:validate:249 - assert status_code equal 200(int)	==> pass
2023-06-14 10:43:14.815 | INFO     | httprunner.response:validate:249 - assert body.message equal success(str)	==> pass
2023-06-14 10:43:14.815 | INFO     | httprunner.response:validate:249 - assert body.status equal 1(int)	==> pass
2023-06-14 10:43:14.815 | INFO     | httprunner.runner:__run_step:304 - run step end: 企业信息详情 <<<<<<

2023-06-14 10:43:14.815 | INFO     | httprunner.runner:__run_step_testcase:286 - export variables: {'entId': 422}
2023-06-14 10:43:14.815 | INFO     | httprunner.runner:__run_step:304 - run step end: 查询企业详情 <<<<<<

2023-06-14 10:43:14.815 | INFO     | httprunner.runner:__run_step:292 - run step begin: 登录-企业 >>>>>>
2023-06-14 10:43:14.816 | INFO     | httprunner.runner:__run_step:292 - run step begin: 登录-企业用户 >>>>>>
2023-06-14 10:43:14.880 | DEBUG    | httprunner.client:request:186 - client IP: 10.14.148.129, Port: 59122
2023-06-14 10:43:14.880 | DEBUG    | httprunner.client:request:194 - server IP: 139.198.116.76, Port: 8000
2023-06-14 10:43:14.880 | DEBUG    | httprunner.client:log_print:40 - 
================== request details ==================
method   : POST
url      : http://139.198.116.76:8000/api/home/test/login
headers  : {
    "User-Agent": "python-requests/2.28.1",
    "Accept-Encoding": "gzip, deflate, br",
    "Accept": "*/*",
    "Connection": "keep-alive",
    "Content-Length": "170",
    "Content-Type": "application/json",
    "HRUN-Request-ID": "HRUN-46fe26d9-054c-47d3-a539-efc3882ad6f0-594816",
    "Cookie": "SESSION=NmMxZjEyY2ItN2VlMi00YWQ0LTk3YWEtYzBhZDE2NmM4YWZm"
}
cookies  : {
    "SESSION": "NmMxZjEyY2ItN2VlMi00YWQ0LTk3YWEtYzBhZDE2NmM4YWZm"
}
body     : {
    "captcha": "0000",
    "captchaSign": "aeefb96536be93e0078474f8de13d610cdedef57e1ec418cac545ab962d31963",
    "emailCaptcha": "",
    "username": "jPbSNtBRDEiYDYjDT13FlLxGLoVvfl2p"
}

2023-06-14 10:43:14.880 | DEBUG    | httprunner.client:log_print:40 - 
================== response details ==================
status_code : 200
headers  : {
    "Server": "nginx",
    "Date": "Wed, 14 Jun 2023 02:43:14 GMT",
    "Content-Type": "application/json;charset=UTF-8",
    "Transfer-Encoding": "chunked",
    "Connection": "keep-alive",
    "Set-Cookie": "SESSION=ODE1MGE0OWQtYTBmMy00NWQ4LWE0MWUtYmVjM2ViNGIzOWE2; Path=/; HttpOnly; SameSite=Lax",
    "X-Frame-Options": "SAMEORIGIN"
}
cookies  : {
    "SESSION": "ODE1MGE0OWQtYTBmMy00NWQ4LWE0MWUtYmVjM2ViNGIzOWE2"
}
encoding : UTF-8
content_type : application/json;charset=UTF-8
body     : {
    "message": "success",
    "status": 1,
    "data": true
}

2023-06-14 10:43:14.880 | INFO     | httprunner.client:request:217 - status_code: 200, response_time(ms): 63.75 ms, response_length: 0 bytes
2023-06-14 10:43:14.881 | INFO     | httprunner.response:extract:179 - extract mapping: {'entSession': 'response.headers."Set-Cookie".session'}
2023-06-14 10:43:14.881 | INFO     | httprunner.response:validate:249 - assert status_code equal 200(int)	==> pass
2023-06-14 10:43:14.881 | INFO     | httprunner.response:validate:249 - assert headers."Content-Type" equal application/json;charset=UTF-8(str)	==> pass
2023-06-14 10:43:14.881 | INFO     | httprunner.response:validate:249 - assert body.message equal success(str)	==> pass
2023-06-14 10:43:14.881 | INFO     | httprunner.response:validate:249 - assert body.status equal 1(int)	==> pass
2023-06-14 10:43:14.881 | INFO     | httprunner.response:validate:249 - assert body.data equal True(bool)	==> pass
2023-06-14 10:43:14.881 | INFO     | httprunner.runner:__run_step:304 - run step end: 登录-企业用户 <<<<<<

2023-06-14 10:43:14.881 | INFO     | httprunner.runner:__run_step_testcase:286 - export variables: {'entSession': 'response.headers."Set-Cookie".session'}
2023-06-14 10:43:14.881 | INFO     | httprunner.runner:__run_step:304 - run step end: 登录-企业 <<<<<<

2023-06-14 10:43:14.881 | INFO     | httprunner.runner:__run_step:292 - run step begin: 添加标识业务数据 >>>>>>
2023-06-14 10:43:14.882 | INFO     | httprunner.runner:__run_step:292 - run step begin: 添加标识业务数据 >>>>>>
2023-06-14 10:43:14.957 | DEBUG    | httprunner.client:request:186 - client IP: 10.14.148.129, Port: 59122
2023-06-14 10:43:14.957 | DEBUG    | httprunner.client:request:194 - server IP: 139.198.116.76, Port: 8000
2023-06-14 10:43:14.958 | DEBUG    | httprunner.client:log_print:40 - 
================== request details ==================
method   : POST
url      : http://139.198.116.76:8000/api/v3/entBussInfo
headers  : {
    "User-Agent": "Mozilla/5.0 (Macintosh; Intel Mac OS X 10_15_7) AppleWebKit/537.36 (KHTML, like Gecko) Chrome/105.0.0.0 Safari/537.36",
    "Accept-Encoding": "gzip, deflate",
    "Accept": "application/json, text/plain, */*",
    "Connection": "keep-alive",
    "Accept-Language": "zh-CN,zh;q=0.9",
    "Content-Length": "215",
    "Content-Type": "application/json;charset=UTF-8",
    "HRUN-Request-ID": "HRUN-46fe26d9-054c-47d3-a539-efc3882ad6f0-594882",
    "Cookie": "SESSION=ODE1MGE0OWQtYTBmMy00NWQ4LWE0MWUtYmVjM2ViNGIzOWE2; SESSION=response.headers.\"Set-Cookie\".session"
}
cookies  : {
    "SESSION": "ODE1MGE0OWQtYTBmMy00NWQ4LWE0MWUtYmVjM2ViNGIzOWE2"
}
body     : {
    "appDesc": "sdad",
    "appName": 131352942,
    "appRdunit": "bbbbbbbbbbbsdadsdasdasbbbbb",
    "appType": 1,
    "appUserCount": 7189,
    "entId": 422,
    "orgName": "7RnXNITHMwUTdrOkwDdclsrY82hZFrBM",
    "prefix": "88.408.854693395993"
}

2023-06-14 10:43:14.958 | DEBUG    | httprunner.client:log_print:40 - 
================== response details ==================
status_code : 200
headers  : {
    "Server": "nginx",
    "Date": "Wed, 14 Jun 2023 02:43:14 GMT",
    "Content-Type": "application/json",
    "Transfer-Encoding": "chunked",
    "Connection": "keep-alive",
    "X-Frame-Options": "SAMEORIGIN"
}
cookies  : {}
encoding : utf-8
content_type : application/json
body     : {
    "message": "success",
    "status": 1,
    "data": true
}

2023-06-14 10:43:14.958 | INFO     | httprunner.client:request:217 - status_code: 200, response_time(ms): 75.34 ms, response_length: 0 bytes
2023-06-14 10:43:14.958 | INFO     | httprunner.response:validate:249 - assert status_code equal 200(int)	==> pass
2023-06-14 10:43:14.958 | INFO     | httprunner.response:validate:249 - assert headers."Content-Type" equal application/json(str)	==> pass
2023-06-14 10:43:14.958 | INFO     | httprunner.response:validate:249 - assert body.message equal success(str)	==> pass
2023-06-14 10:43:14.958 | INFO     | httprunner.response:validate:249 - assert body.status equal 1(int)	==> pass
2023-06-14 10:43:14.958 | INFO     | httprunner.response:validate:249 - assert body.data equal True(bool)	==> pass
2023-06-14 10:43:14.958 | INFO     | httprunner.runner:__run_step:304 - run step end: 添加标识业务数据 <<<<<<

2023-06-14 10:43:14.958 | INFO     | httprunner.runner:__run_step:304 - run step end: 添加标识业务数据 <<<<<<

2023-06-14 10:43:14.958 | INFO     | httprunner.runner:__run_step:292 - run step begin: 查看标识业务列表 >>>>>>
2023-06-14 10:43:14.959 | INFO     | httprunner.runner:__run_step:292 - run step begin: 标识业务数据分页列表 >>>>>>
2023-06-14 10:43:15.027 | DEBUG    | httprunner.client:request:186 - client IP: 10.14.148.129, Port: 59122
2023-06-14 10:43:15.027 | DEBUG    | httprunner.client:request:194 - server IP: 139.198.116.76, Port: 8000
2023-06-14 10:43:15.027 | DEBUG    | httprunner.client:log_print:40 - 
================== request details ==================
method   : GET
url      : http://139.198.116.76:8000/api/v3/entBussInfo/pageQuery?cache=1663839277560&currentPage=1&orgName=7RnXNITHMwUTdrOkwDdclsrY82hZFrBM&prefix=88.408.854693395993&appName=131352942&appType=1
headers  : {
    "User-Agent": "Mozilla/5.0 (Macintosh; Intel Mac OS X 10_15_7) AppleWebKit/537.36 (KHTML, like Gecko) Chrome/105.0.0.0 Safari/537.36",
    "Accept-Encoding": "gzip, deflate",
    "Accept": "application/json, text/plain, */*",
    "Connection": "keep-alive",
    "Accept-Language": "zh-CN,zh;q=0.9",
    "HRUN-Request-ID": "HRUN-46fe26d9-054c-47d3-a539-efc3882ad6f0-594959",
    "Cookie": "SESSION=ODE1MGE0OWQtYTBmMy00NWQ4LWE0MWUtYmVjM2ViNGIzOWE2; SESSION=response.headers.\"Set-Cookie\".session"
}
cookies  : {
    "SESSION": "ODE1MGE0OWQtYTBmMy00NWQ4LWE0MWUtYmVjM2ViNGIzOWE2"
}
body     : None

2023-06-14 10:43:15.028 | DEBUG    | httprunner.client:log_print:40 - 
================== response details ==================
status_code : 200
headers  : {
    "Server": "nginx",
    "Date": "Wed, 14 Jun 2023 02:43:15 GMT",
    "Content-Type": "application/json;charset=UTF-8",
    "Transfer-Encoding": "chunked",
    "Connection": "keep-alive",
    "X-Frame-Options": "SAMEORIGIN"
}
cookies  : {}
encoding : UTF-8
content_type : application/json;charset=UTF-8
body     : {
    "message": "success",
    "status": 1,
    "data": {
        "first": true,
        "last": true,
        "totalPages": 1,
        "totalElements": 1,
        "number": 1,
        "size": 10,
        "sort": {
            "sorted": true,
            "unsorted": false,
            "empty": false
        },
        "numberOfElements": 1,
        "content": [
            {
                "appDesc": "sdad",
                "appRdunit": "bbbbbbbbbbbsdadsdasdasbbbbb",
                "appType": 1,
                "appUserCount": 7189,
                "useRecursion": null,
                "prefix": "88.408.854693395993",
                "orgName": "7RnXNITHMwUTdrOkwDdclsrY82hZFrBM",
                "entId": 422,
                "appName": "131352942",
                "id": 13
            }
        ]
    }
}

2023-06-14 10:43:15.028 | INFO     | httprunner.client:request:217 - status_code: 200, response_time(ms): 67.91 ms, response_length: 0 bytes
2023-06-14 10:43:15.028 | INFO     | httprunner.response:extract:179 - extract mapping: {'entBusinessId': 13}
2023-06-14 10:43:15.028 | INFO     | httprunner.response:validate:249 - assert status_code equal 200(int)	==> pass
2023-06-14 10:43:15.028 | INFO     | httprunner.response:validate:249 - assert headers."Content-Type" equal application/json;charset=UTF-8(str)	==> pass
2023-06-14 10:43:15.028 | INFO     | httprunner.response:validate:249 - assert body.message equal success(str)	==> pass
2023-06-14 10:43:15.028 | INFO     | httprunner.response:validate:249 - assert body.status equal 1(int)	==> pass
2023-06-14 10:43:15.028 | INFO     | httprunner.runner:__run_step:304 - run step end: 标识业务数据分页列表 <<<<<<

2023-06-14 10:43:15.028 | INFO     | httprunner.runner:__run_step_testcase:286 - export variables: {'entBusinessId': 13}
2023-06-14 10:43:15.028 | INFO     | httprunner.runner:__run_step:304 - run step end: 查看标识业务列表 <<<<<<

2023-06-14 10:43:15.029 | INFO     | httprunner.runner:__run_step:292 - run step begin: 删除标识业务数据 >>>>>>
2023-06-14 10:43:15.030 | INFO     | httprunner.runner:__run_step:292 - run step begin: 标识业务数据删除 >>>>>>
2023-06-14 10:43:15.096 | DEBUG    | httprunner.client:request:186 - client IP: 10.14.148.129, Port: 59122
2023-06-14 10:43:15.096 | DEBUG    | httprunner.client:request:194 - server IP: 139.198.116.76, Port: 8000
2023-06-14 10:43:15.097 | DEBUG    | httprunner.client:log_print:40 - 
================== request details ==================
method   : POST
url      : http://139.198.116.76:8000/api/v3/entBussInfo?id=13
headers  : {
    "User-Agent": "Mozilla/5.0 (Macintosh; Intel Mac OS X 10_15_7) AppleWebKit/537.36 (KHTML, like Gecko) Chrome/105.0.0.0 Safari/537.36",
    "Accept-Encoding": "gzip, deflate",
    "Accept": "application/json, text/plain, */*",
    "Connection": "keep-alive",
    "Accept-Language": "zh-CN,zh;q=0.9",
    "Content-Length": "0",
    "X-HTTP-Method-Override": "delete",
    "HRUN-Request-ID": "HRUN-46fe26d9-054c-47d3-a539-efc3882ad6f0-595030",
    "Cookie": "SESSION=ODE1MGE0OWQtYTBmMy00NWQ4LWE0MWUtYmVjM2ViNGIzOWE2; SESSION=response.headers.\"Set-Cookie\".session"
}
cookies  : {
    "SESSION": "ODE1MGE0OWQtYTBmMy00NWQ4LWE0MWUtYmVjM2ViNGIzOWE2"
}
body     : None

2023-06-14 10:43:15.097 | DEBUG    | httprunner.client:log_print:40 - 
================== response details ==================
status_code : 200
headers  : {
    "Server": "nginx",
    "Date": "Wed, 14 Jun 2023 02:43:15 GMT",
    "Content-Type": "application/json",
    "Transfer-Encoding": "chunked",
    "Connection": "keep-alive",
    "X-Frame-Options": "SAMEORIGIN"
}
cookies  : {}
encoding : utf-8
content_type : application/json
body     : {
    "message": "success",
    "status": 1,
    "data": true
}

2023-06-14 10:43:15.097 | INFO     | httprunner.client:request:217 - status_code: 200, response_time(ms): 66.08 ms, response_length: 0 bytes
2023-06-14 10:43:15.097 | INFO     | httprunner.response:validate:249 - assert status_code equal 200(int)	==> pass
2023-06-14 10:43:15.097 | INFO     | httprunner.response:validate:249 - assert headers."Content-Type" equal application/json(str)	==> pass
2023-06-14 10:43:15.098 | INFO     | httprunner.response:validate:249 - assert body.message equal success(str)	==> pass
2023-06-14 10:43:15.098 | INFO     | httprunner.response:validate:249 - assert body.status equal 1(int)	==> pass
2023-06-14 10:43:15.098 | INFO     | httprunner.response:validate:249 - assert body.data equal True(bool)	==> pass
2023-06-14 10:43:15.098 | INFO     | httprunner.runner:__run_step:304 - run step end: 标识业务数据删除 <<<<<<

2023-06-14 10:43:15.098 | INFO     | httprunner.runner:__run_step:304 - run step end: 删除标识业务数据 <<<<<<

