2023-06-26 10:32:51.226 | INFO     | httprunner.runner:test_start:450 - Start to run testcase: 企业注册信息用例集, TestCase ID: 4b76f2ae-f801-45eb-ae85-e262025dc57a
2023-06-26 10:32:51.226 | INFO     | httprunner.runner:__run_step:292 - run step begin: 用户注册 >>>>>>
2023-06-26 10:32:51.227 | INFO     | httprunner.runner:__run_step:292 - run step begin: 用户注册 >>>>>>
2023-06-26 10:32:51.351 | DEBUG    | httprunner.client:request:186 - client IP: 127.0.0.1, Port: 50785
2023-06-26 10:32:51.351 | DEBUG    | httprunner.client:request:194 - server IP: 127.0.0.1, Port: 8888
2023-06-26 10:32:51.351 | DEBUG    | httprunner.client:log_print:40 - 
================== request details ==================
method   : POST
url      : http://139.198.116.76:8000/api/home/test/registry
headers  : {
    "User-Agent": "Mozilla/5.0 (Windows NT 10.0; WOW64) AppleWebKit/537.36 (KHTML, like Gecko) Chrome/100.0.4896.60 Safari/537.36",
    "Accept-Encoding": "gzip, deflate",
    "Accept": "application/json, text/plain, */*",
    "Connection": "keep-alive",
    "Accept-Language": "zh-CN,zh;q=0.9",
    "HRUN-Request-ID": "HRUN-4b76f2ae-f801-45eb-ae85-e262025dc57a-771227",
    "Content-Length": "187",
    "Content-Type": "application/json"
}
cookies  : {}
body     : {
    "email": "nOql9UGIpq3eUv8p@qaqseq.com",
    "mobile": "12245450522",
    "openId": "",
    "openUserName": "",
    "password": "Admin@123",
    "remarks": "",
    "username": "gYmBJdahfrdOjt0ifT6miq9BoX2JmMaa"
}

2023-06-26 10:32:51.351 | DEBUG    | httprunner.client:log_print:40 - 
================== response details ==================
status_code : 200
headers  : {
    "Server": "nginx",
    "Date": "Mon, 26 Jun 2023 02:32:51 GMT",
    "Content-Type": "application/json",
    "Transfer-Encoding": "chunked",
    "X-Frame-Options": "SAMEORIGIN",
    "Connection": "keep-alive"
}
cookies  : {}
encoding : utf-8
content_type : application/json
body     : {
    "message": "success",
    "status": 1,
    "data": true
}

2023-06-26 10:32:51.351 | INFO     | httprunner.client:request:217 - status_code: 200, response_time(ms): 123.8 ms, response_length: 0 bytes
2023-06-26 10:32:51.352 | INFO     | httprunner.response:validate:249 - assert status_code equal 200(int)	==> pass
2023-06-26 10:32:51.352 | INFO     | httprunner.response:validate:249 - assert body.message equal success(str)	==> pass
2023-06-26 10:32:51.352 | INFO     | httprunner.response:validate:249 - assert body.status equal 1(int)	==> pass
2023-06-26 10:32:51.352 | INFO     | httprunner.response:validate:249 - assert body.message contains success(str)	==> pass
2023-06-26 10:32:51.352 | INFO     | httprunner.response:validate:249 - assert body.status contained_by [1, 200](list)	==> pass
2023-06-26 10:32:51.352 | INFO     | httprunner.runner:__run_step:304 - run step end: 用户注册 <<<<<<

2023-06-26 10:32:51.352 | INFO     | httprunner.runner:__run_step:304 - run step end: 用户注册 <<<<<<

2023-06-26 10:32:51.352 | INFO     | httprunner.runner:__run_step:292 - run step begin: 登录-企业 >>>>>>
2023-06-26 10:32:51.352 | INFO     | httprunner.runner:__run_step:292 - run step begin: 登录-企业用户 >>>>>>
2023-06-26 10:32:51.432 | DEBUG    | httprunner.client:request:186 - client IP: 127.0.0.1, Port: 50785
2023-06-26 10:32:51.432 | DEBUG    | httprunner.client:request:194 - server IP: 127.0.0.1, Port: 8888
2023-06-26 10:32:51.432 | DEBUG    | httprunner.client:log_print:40 - 
================== request details ==================
method   : POST
url      : http://139.198.116.76:8000/api/home/test/login
headers  : {
    "User-Agent": "python-requests/2.28.1",
    "Accept-Encoding": "gzip, deflate, br",
    "Accept": "*/*",
    "Connection": "keep-alive",
    "Content-Length": "170",
    "Content-Type": "application/json",
    "HRUN-Request-ID": "HRUN-4b76f2ae-f801-45eb-ae85-e262025dc57a-771352"
}
cookies  : {}
body     : {
    "captcha": "0000",
    "captchaSign": "7b870c438d01babdc96395790b1e9410fdef202c40072a693ecc1c93dd6746b3",
    "emailCaptcha": "",
    "username": "gYmBJdahfrdOjt0ifT6miq9BoX2JmMaa"
}

2023-06-26 10:32:51.432 | DEBUG    | httprunner.client:log_print:40 - 
================== response details ==================
status_code : 200
headers  : {
    "Server": "nginx",
    "Date": "Mon, 26 Jun 2023 02:32:51 GMT",
    "Content-Type": "application/json;charset=UTF-8",
    "Transfer-Encoding": "chunked",
    "Set-Cookie": "SESSION=YjM2MjVlMjctZmFlMS00OTI2LWJlOGMtMjNmYjJjZDI1ZGM1; Path=/; HttpOnly; SameSite=Lax",
    "X-Frame-Options": "SAMEORIGIN",
    "Connection": "keep-alive"
}
cookies  : {
    "SESSION": "YjM2MjVlMjctZmFlMS00OTI2LWJlOGMtMjNmYjJjZDI1ZGM1"
}
encoding : UTF-8
content_type : application/json;charset=UTF-8
body     : {
    "message": "success",
    "status": 1,
    "data": true
}

2023-06-26 10:32:51.432 | INFO     | httprunner.client:request:217 - status_code: 200, response_time(ms): 79.02 ms, response_length: 0 bytes
2023-06-26 10:32:51.433 | INFO     | httprunner.response:extract:179 - extract mapping: {'entSession': 'response.headers."Set-Cookie".session'}
2023-06-26 10:32:51.433 | INFO     | httprunner.response:validate:249 - assert status_code equal 200(int)	==> pass
2023-06-26 10:32:51.433 | INFO     | httprunner.response:validate:249 - assert headers."Content-Type" equal application/json;charset=UTF-8(str)	==> pass
2023-06-26 10:32:51.433 | INFO     | httprunner.response:validate:249 - assert body.message equal success(str)	==> pass
2023-06-26 10:32:51.433 | INFO     | httprunner.response:validate:249 - assert body.status equal 1(int)	==> pass
2023-06-26 10:32:51.433 | INFO     | httprunner.response:validate:249 - assert body.data equal True(bool)	==> pass
2023-06-26 10:32:51.433 | INFO     | httprunner.runner:__run_step:304 - run step end: 登录-企业用户 <<<<<<

2023-06-26 10:32:51.433 | INFO     | httprunner.runner:__run_step_testcase:286 - export variables: {'entSession': 'response.headers."Set-Cookie".session'}
2023-06-26 10:32:51.433 | INFO     | httprunner.runner:__run_step:304 - run step end: 登录-企业 <<<<<<

2023-06-26 10:32:51.433 | INFO     | httprunner.runner:__run_step:292 - run step begin: 前缀注册企业资质图片上传 >>>>>>
2023-06-26 10:32:51.434 | INFO     | httprunner.runner:__run_step:292 - run step begin: 前缀注册企业资质图片上传 >>>>>>
2023-06-26 10:32:51.538 | DEBUG    | httprunner.client:request:186 - client IP: 127.0.0.1, Port: 50785
2023-06-26 10:32:51.538 | DEBUG    | httprunner.client:request:194 - server IP: 127.0.0.1, Port: 8888
2023-06-26 10:32:51.539 | DEBUG    | httprunner.client:log_print:40 - 
================== request details ==================
method   : POST
url      : http://139.198.116.76:8000/api/file/img/upload
headers  : {
    "User-Agent": "Mozilla/5.0 (Macintosh; Intel Mac OS X 10_15_7) AppleWebKit/537.36 (KHTML, like Gecko) Chrome/105.0.0.0 Safari/537.36",
    "Accept-Encoding": "gzip, deflate",
    "Accept": "application/json, text/plain, */*",
    "Connection": "keep-alive",
    "Accept-Language": "zh-CN,zh;q=0.9",
    "Content-Type": "multipart/form-data; boundary=be4dda18ecac4a3baa0a48f2882ef595",
    "HRUN-Request-ID": "HRUN-4b76f2ae-f801-45eb-ae85-e262025dc57a-771434",
    "Cookie": "SESSION=YjM2MjVlMjctZmFlMS00OTI2LWJlOGMtMjNmYjJjZDI1ZGM1; SESSION=response.headers.\"Set-Cookie\".session",
    "Content-Length": "20435"
}
cookies  : {
    "SESSION": "YjM2MjVlMjctZmFlMS00OTI2LWJlOGMtMjNmYjJjZDI1ZGM1"
}
body     : upload file stream (OMITTED)

2023-06-26 10:32:51.540 | DEBUG    | httprunner.client:log_print:40 - 
================== response details ==================
status_code : 200
headers  : {
    "Server": "nginx",
    "Date": "Mon, 26 Jun 2023 02:32:51 GMT",
    "Content-Type": "application/json;charset=UTF-8",
    "Transfer-Encoding": "chunked",
    "X-Frame-Options": "SAMEORIGIN",
    "Connection": "keep-alive"
}
cookies  : {}
encoding : UTF-8
content_type : application/json;charset=UTF-8
body     : {
    "message": "success",
    "status": 1,
    "data": {
        "id": 2920,
        "path": "a8a63f71-1542-4eda-b0e4-db2742cf2777.jpeg"
    }
}

2023-06-26 10:32:51.540 | INFO     | httprunner.client:request:217 - status_code: 200, response_time(ms): 103.33 ms, response_length: 0 bytes
2023-06-26 10:32:51.540 | INFO     | httprunner.response:extract:179 - extract mapping: {'imgId': 2920}
2023-06-26 10:32:51.540 | INFO     | httprunner.response:validate:249 - assert status_code equal 200(int)	==> pass
2023-06-26 10:32:51.541 | INFO     | httprunner.runner:__run_step:304 - run step end: 前缀注册企业资质图片上传 <<<<<<

2023-06-26 10:32:51.541 | INFO     | httprunner.runner:__run_step_testcase:286 - export variables: {'imgId': 2920}
2023-06-26 10:32:51.541 | INFO     | httprunner.runner:__run_step:304 - run step end: 前缀注册企业资质图片上传 <<<<<<

2023-06-26 10:32:51.541 | INFO     | httprunner.runner:__run_step:292 - run step begin: 前缀注册企业联系人身份证图片正面上传 >>>>>>
2023-06-26 10:32:51.542 | INFO     | httprunner.runner:__run_step:292 - run step begin: 前缀注册企业联系人身份证图片背面上传 >>>>>>
2023-06-26 10:32:51.638 | DEBUG    | httprunner.client:request:186 - client IP: 127.0.0.1, Port: 50785
2023-06-26 10:32:51.638 | DEBUG    | httprunner.client:request:194 - server IP: 127.0.0.1, Port: 8888
2023-06-26 10:32:51.639 | DEBUG    | httprunner.client:log_print:40 - 
================== request details ==================
method   : POST
url      : http://139.198.116.76:8000/api/file/img/upload
headers  : {
    "User-Agent": "Mozilla/5.0 (Macintosh; Intel Mac OS X 10_15_7) AppleWebKit/537.36 (KHTML, like Gecko) Chrome/105.0.0.0 Safari/537.36",
    "Accept-Encoding": "gzip, deflate",
    "Accept": "application/json, text/plain, */*",
    "Connection": "keep-alive",
    "Accept-Language": "zh-CN,zh;q=0.9",
    "Content-Type": "multipart/form-data; boundary=35965d20a2994e7fae995aa4b9ba302d",
    "HRUN-Request-ID": "HRUN-4b76f2ae-f801-45eb-ae85-e262025dc57a-771542",
    "Cookie": "SESSION=YjM2MjVlMjctZmFlMS00OTI2LWJlOGMtMjNmYjJjZDI1ZGM1; SESSION=response.headers.\"Set-Cookie\".session",
    "Content-Length": "20435"
}
cookies  : {
    "SESSION": "YjM2MjVlMjctZmFlMS00OTI2LWJlOGMtMjNmYjJjZDI1ZGM1"
}
body     : upload file stream (OMITTED)

2023-06-26 10:32:51.640 | DEBUG    | httprunner.client:log_print:40 - 
================== response details ==================
status_code : 200
headers  : {
    "Server": "nginx",
    "Date": "Mon, 26 Jun 2023 02:32:51 GMT",
    "Content-Type": "application/json;charset=UTF-8",
    "Transfer-Encoding": "chunked",
    "X-Frame-Options": "SAMEORIGIN",
    "Connection": "keep-alive"
}
cookies  : {}
encoding : UTF-8
content_type : application/json;charset=UTF-8
body     : {
    "message": "success",
    "status": 1,
    "data": {
        "id": 2921,
        "path": "6810aae9-ec6f-4d37-a47a-22c0254dcfc7.jpeg"
    }
}

2023-06-26 10:32:51.640 | INFO     | httprunner.client:request:217 - status_code: 200, response_time(ms): 95.39 ms, response_length: 0 bytes
2023-06-26 10:32:51.640 | INFO     | httprunner.response:extract:179 - extract mapping: {'imgId_f': 2921}
2023-06-26 10:32:51.641 | INFO     | httprunner.response:validate:249 - assert status_code equal 200(int)	==> pass
2023-06-26 10:32:51.641 | INFO     | httprunner.runner:__run_step:304 - run step end: 前缀注册企业联系人身份证图片背面上传 <<<<<<

2023-06-26 10:32:51.642 | INFO     | httprunner.runner:__run_step_testcase:286 - export variables: {'imgId_f': 2921}
2023-06-26 10:32:51.642 | INFO     | httprunner.runner:__run_step:304 - run step end: 前缀注册企业联系人身份证图片正面上传 <<<<<<

2023-06-26 10:32:51.642 | INFO     | httprunner.runner:__run_step:292 - run step begin: 前缀注册企业联系人身份证图片背面上传 >>>>>>
2023-06-26 10:32:51.642 | INFO     | httprunner.runner:__run_step:292 - run step begin: 前缀注册企业联系人身份证图片背面上传 >>>>>>
2023-06-26 10:32:51.739 | DEBUG    | httprunner.client:request:186 - client IP: 127.0.0.1, Port: 50785
2023-06-26 10:32:51.740 | DEBUG    | httprunner.client:request:194 - server IP: 127.0.0.1, Port: 8888
2023-06-26 10:32:51.740 | DEBUG    | httprunner.client:log_print:40 - 
================== request details ==================
method   : POST
url      : http://139.198.116.76:8000/api/file/img/upload
headers  : {
    "User-Agent": "Mozilla/5.0 (Macintosh; Intel Mac OS X 10_15_7) AppleWebKit/537.36 (KHTML, like Gecko) Chrome/105.0.0.0 Safari/537.36",
    "Accept-Encoding": "gzip, deflate",
    "Accept": "application/json, text/plain, */*",
    "Connection": "keep-alive",
    "Accept-Language": "zh-CN,zh;q=0.9",
    "Content-Type": "multipart/form-data; boundary=0c51d379de61420e9ea79c6ad694b754",
    "HRUN-Request-ID": "HRUN-4b76f2ae-f801-45eb-ae85-e262025dc57a-771643",
    "Cookie": "SESSION=YjM2MjVlMjctZmFlMS00OTI2LWJlOGMtMjNmYjJjZDI1ZGM1; SESSION=response.headers.\"Set-Cookie\".session",
    "Content-Length": "20435"
}
cookies  : {
    "SESSION": "YjM2MjVlMjctZmFlMS00OTI2LWJlOGMtMjNmYjJjZDI1ZGM1"
}
body     : upload file stream (OMITTED)

2023-06-26 10:32:51.742 | DEBUG    | httprunner.client:log_print:40 - 
================== response details ==================
status_code : 200
headers  : {
    "Server": "nginx",
    "Date": "Mon, 26 Jun 2023 02:32:51 GMT",
    "Content-Type": "application/json;charset=UTF-8",
    "Transfer-Encoding": "chunked",
    "X-Frame-Options": "SAMEORIGIN",
    "Connection": "keep-alive"
}
cookies  : {}
encoding : UTF-8
content_type : application/json;charset=UTF-8
body     : {
    "message": "success",
    "status": 1,
    "data": {
        "id": 2922,
        "path": "cf8a6633-57de-49b5-9a20-a1e9fd812aea.jpeg"
    }
}

2023-06-26 10:32:51.742 | INFO     | httprunner.client:request:217 - status_code: 200, response_time(ms): 96.06 ms, response_length: 0 bytes
2023-06-26 10:32:51.743 | INFO     | httprunner.response:extract:179 - extract mapping: {'imgId_b': 2922}
2023-06-26 10:32:51.743 | INFO     | httprunner.response:validate:249 - assert status_code equal 200(int)	==> pass
2023-06-26 10:32:51.743 | INFO     | httprunner.runner:__run_step:304 - run step end: 前缀注册企业联系人身份证图片背面上传 <<<<<<

2023-06-26 10:32:51.743 | INFO     | httprunner.runner:__run_step_testcase:286 - export variables: {'imgId_b': 2922}
2023-06-26 10:32:51.743 | INFO     | httprunner.runner:__run_step:304 - run step end: 前缀注册企业联系人身份证图片背面上传 <<<<<<

2023-06-26 10:32:51.743 | INFO     | httprunner.runner:__run_step:292 - run step begin: 企业注册第一步提交信息 >>>>>>
2023-06-26 10:32:51.744 | INFO     | httprunner.runner:__run_step:292 - run step begin: 企业注册第一步提交信息 >>>>>>
2023-06-26 10:32:51.917 | DEBUG    | httprunner.client:request:186 - client IP: 127.0.0.1, Port: 50785
2023-06-26 10:32:51.918 | DEBUG    | httprunner.client:request:194 - server IP: 127.0.0.1, Port: 8888
2023-06-26 10:32:51.920 | DEBUG    | httprunner.client:log_print:40 - 
================== request details ==================
method   : POST
url      : http://139.198.116.76:8000/api/v3/entApply/basicInfo/submit
headers  : {
    "User-Agent": "Mozilla/5.0 (Macintosh; Intel Mac OS X 10_15_7) AppleWebKit/537.36 (KHTML, like Gecko) Chrome/105.0.0.0 Safari/537.36",
    "Accept-Encoding": "gzip, deflate",
    "Accept": "application/json, text/plain, */*",
    "Connection": "keep-alive",
    "Accept-Language": "zh-CN,zh;q=0.9",
    "Content-Type": "application/json;charset=UTF-8",
    "HRUN-Request-ID": "HRUN-4b76f2ae-f801-45eb-ae85-e262025dc57a-771744",
    "Cookie": "SESSION=YjM2MjVlMjctZmFlMS00OTI2LWJlOGMtMjNmYjJjZDI1ZGM1; SESSION=response.headers.\"Set-Cookie\".session",
    "Content-Length": "2555"
}
cookies  : {
    "SESSION": "YjM2MjVlMjctZmFlMS00OTI2LWJlOGMtMjNmYjJjZDI1ZGM1"
}
body     : {
    "applyStep": 2,
    "applyType": null,
    "area": [
        "110000",
        "110100",
        "110101"
    ],
    "cltrid": null,
    "contactCrtBackImgPath": null,
    "contactCrtBackImgRid": 2922,
    "contactCrtFrontImgPath": null,
    "contactCrtFrontImgRid": 2921,
    "contactCrtNo": "526372199801251272",
    "contactCrtType": 1,
    "contactEmail": "nOql9UGIpq3eUv8p@qaqseq.com",
    "contactName": "gYmBJdahfrdOjt0ifT6miq9BoX2JmMaa",
    "contactPhone": "12245450522",
    "createDate": null,
    "dataHostingContractFilePath": null,
    "dataHostingContractFileRid": null,
    "dataHostingOrg": null,
    "entGeneralId": null,
    "entInfoLicenses": [],
    "entInfoSerIndustrys": [],
    "entPrefix": "88.408.8640458901",
    "escrowId": null,
    "escrowOrgName": null,
    "establishDate": null,
    "extDomain": null,
    "extIpAddr": null,
    "extWebName": null,
    "finalAuditMsg": null,
    "finalAuditStatus": null,
    "firstAuditMsg": null,
    "firstAuditStatus": null,
    "id": null,
    "idRegNaImp": null,
    "industry": [
        "A",
        "01"
    ],
    "industryCategory": "A",
    "industrySpecific": "01",
    "isSubmit": 0,
    "legalCrtBackImgContent": null,
    "legalCrtBackImgPath": null,
    "legalCrtBackImgRid": 2922,
    "legalCrtFrontImgContent": null,
    "legalCrtFrontImgPath": null,
    "legalCrtFrontImgRid": 2921,
    "legalCrtNo": "526372199801251272",
    "legalCrtType": "1",
    "legalCrtTypeDesc": "中国居民身份证",
    "legalEmail": null,
    "legalFax": null,
    "legalName": "张三",
    "legalPhone": null,
    "orgAddr": "致真",
    "orgAddrCity": "110100",
    "orgAddrCityDesc": "市辖区",
    "orgAddrCounty": "110101",
    "orgAddrCountyDesc": "东城区",
    "orgAddrProvince": "110000",
    "orgAddrProvinceDesc": "北京市",
    "orgCategorySpecificDesc": "农、林、牧、渔业-农业",
    "orgCrtCode": "gYmBJdahfrdOjt0ifT6miq9BoX2JmMaa",
    "orgCrtImgContent": null,
    "orgCrtImgPath": null,
    "orgCrtImgRid": 2920,
    "orgCrtType": "1",
    "orgDesc": null,
    "orgName": "gYmBJdahfrdOjt0ifT6miq9BoX2JmMaa",
    "orgNature": "1",
    "orgNatureDesc": "国有控股",
    "periodValidity": null,
    "regAuthority": null,
    "regCapital": null,
    "regRealNaImpName": null,
    "regRealNaImpType": null,
    "servHostingContractFilePath": null,
    "servHostingContractFileRid": null,
    "servHostingOrg": null,
    "servSysBuildContractFilePath": null,
    "servSysBuildContractFileRid": null,
    "servSysBuildName": null,
    "servSysBuildType": 1,
    "servSysOperContractFilePath": null,
    "servSysOperContractFileRid": null,
    "servSysOperName": null,
    "servSysOperType": 1,
    "svtrid": null,
    "thirdServiceMsg": null,
    "thirdServiceStatus": null,
    "updateDate": null,
    "userId": null,
    "userName": null,
    "website": null
}

2023-06-26 10:32:51.920 | DEBUG    | httprunner.client:log_print:40 - 
================== response details ==================
status_code : 200
headers  : {
    "Server": "nginx",
    "Date": "Mon, 26 Jun 2023 02:32:52 GMT",
    "Content-Type": "application/json;charset=UTF-8",
    "Transfer-Encoding": "chunked",
    "X-Frame-Options": "SAMEORIGIN",
    "Connection": "keep-alive"
}
cookies  : {}
encoding : UTF-8
content_type : application/json;charset=UTF-8
body     : {
    "message": "success",
    "status": 1,
    "data": true
}

2023-06-26 10:32:51.921 | INFO     | httprunner.client:request:217 - status_code: 200, response_time(ms): 173.59 ms, response_length: 0 bytes
2023-06-26 10:32:51.921 | INFO     | httprunner.response:validate:249 - assert status_code equal 200(int)	==> pass
2023-06-26 10:32:51.921 | INFO     | httprunner.response:validate:249 - assert body.message equal success(str)	==> pass
2023-06-26 10:32:51.921 | INFO     | httprunner.runner:__run_step:304 - run step end: 企业注册第一步提交信息 <<<<<<

2023-06-26 10:32:51.921 | INFO     | httprunner.runner:__run_step:304 - run step end: 企业注册第一步提交信息 <<<<<<

2023-06-26 10:32:51.922 | INFO     | httprunner.runner:__run_step:292 - run step begin: 企业注册查询注册信息 >>>>>>
2023-06-26 10:32:51.922 | INFO     | httprunner.runner:__run_step:292 - run step begin: 企业注册查询注册信息 >>>>>>
2023-06-26 10:32:51.991 | DEBUG    | httprunner.client:request:186 - client IP: 127.0.0.1, Port: 50785
2023-06-26 10:32:51.992 | DEBUG    | httprunner.client:request:194 - server IP: 127.0.0.1, Port: 8888
2023-06-26 10:32:51.993 | DEBUG    | httprunner.client:log_print:40 - 
================== request details ==================
method   : GET
url      : http://139.198.116.76:8000/api/v3/entApply/applyOrNot
headers  : {
    "User-Agent": "Mozilla/5.0 (Macintosh; Intel Mac OS X 10_15_7) AppleWebKit/537.36 (KHTML, like Gecko) Chrome/105.0.0.0 Safari/537.36",
    "Accept-Encoding": "gzip, deflate",
    "Accept": "application/json, text/plain, */*",
    "Connection": "keep-alive",
    "Accept-Language": "zh-CN,zh;q=0.9",
    "HRUN-Request-ID": "HRUN-4b76f2ae-f801-45eb-ae85-e262025dc57a-771922",
    "Cookie": "SESSION=YjM2MjVlMjctZmFlMS00OTI2LWJlOGMtMjNmYjJjZDI1ZGM1; SESSION=response.headers.\"Set-Cookie\".session"
}
cookies  : {
    "SESSION": "YjM2MjVlMjctZmFlMS00OTI2LWJlOGMtMjNmYjJjZDI1ZGM1"
}
body     : None

2023-06-26 10:32:51.994 | DEBUG    | httprunner.client:log_print:40 - 
================== response details ==================
status_code : 200
headers  : {
    "Server": "nginx",
    "Date": "Mon, 26 Jun 2023 02:32:52 GMT",
    "Content-Type": "application/json;charset=UTF-8",
    "Transfer-Encoding": "chunked",
    "X-Frame-Options": "SAMEORIGIN",
    "Connection": "keep-alive"
}
cookies  : {}
encoding : UTF-8
content_type : application/json;charset=UTF-8
body     : {
    "message": "success",
    "status": 1,
    "data": {
        "nbmsEntApplyPO": {
            "id": 1447,
            "createDate": "2023-06-26 10:32:52",
            "updateDate": "2023-06-26 10:32:52",
            "applyType": null,
            "entGeneralId": null,
            "applyStep": 2,
            "isSubmit": 0,
            "entPrefix": "88.408.8640458901",
            "firstAuditStatus": null,
            "firstAuditMsg": null,
            "thirdServiceStatus": null,
            "thirdServiceMsg": null,
            "userName": "gYmBJdahfrdOjt0ifT6miq9BoX2JmMaa",
            "finalAuditStatus": null,
            "finalAuditMsg": null,
            "svtrid": null,
            "cltrid": null,
            "userId": 1681,
            "orgName": "gYmBJdahfrdOjt0ifT6miq9BoX2JmMaa",
            "orgNature": "1",
            "orgAddrProvince": "110000",
            "orgAddrCity": "110100",
            "orgAddrCounty": "110101",
            "orgAddr": "致真",
            "orgCrtType": "1",
            "orgCrtCode": "gYmBJdahfrdOjt0ifT6miq9BoX2JmMaa",
            "legalName": "张三",
            "legalCrtType": "1",
            "legalCrtNo": "526372199801251272",
            "orgDesc": null,
            "industryCategory": "A",
            "industrySpecific": "01",
            "contactName": "gYmBJdahfrdOjt0ifT6miq9BoX2JmMaa",
            "contactPhone": "12245450522",
            "contactCrtType": 1,
            "contactCrtNo": "526372199801251272",
            "contactEmail": "nOql9UGIpq3eUv8p@qaqseq.com",
            "website": null,
            "regAuthority": null,
            "regCapital": null,
            "establishDate": null,
            "periodValidity": null,
            "legalEmail": null,
            "legalPhone": null,
            "legalFax": null,
            "servSysBuildType": null,
            "servSysBuildName": null,
            "servSysOperType": null,
            "servSysOperName": null,
            "dataHostingOrg": null,
            "servHostingOrg": null,
            "regRealNaImpType": null,
            "regRealNaImpName": null,
            "idRegNaImp": null,
            "extWebName": null,
            "extDomain": null,
            "extIpAddr": null,
            "orgCrtImgRid": 2920,
            "contactCrtFrontImgRid": 2921,
            "contactCrtBackImgRid": 2922,
            "legalCrtFrontImgRid": 2921,
            "legalCrtBackImgRid": 2922,
            "servSysBuildContractFileRid": null,
            "servSysOperContractFileRid": null,
            "dataHostingContractFileRid": null,
            "servHostingContractFileRid": null,
            "entInfoLicenses": [],
            "entInfoSyss": [],
            "entInfoSerIndustrys": [],
            "escrowId": null,
            "industryQualificationRid": null,
            "certificationRid": null,
            "openingBank": null,
            "bankCard": null,
            "verificationName": null,
            "orgNatureDesc": "国有控股",
            "orgCrtImgContent": null,
            "orgCategorySpecificDesc": "农、林、牧、渔业-农业",
            "orgAddrProvinceDesc": "北京市",
            "orgAddrCountyDesc": "东城区",
            "orgAddrCityDesc": "市辖区",
            "legalCrtTypeDesc": "中国居民身份证",
            "legalCrtFrontImgContent": null,
            "legalCrtBackImgContent": null,
            "orgCrtImgPath": "a8a63f71-1542-4eda-b0e4-db2742cf2777.jpeg",
            "contactCrtFrontImgPath": "6810aae9-ec6f-4d37-a47a-22c0254dcfc7.jpeg",
            "contactCrtBackImgPath": "cf8a6633-57de-49b5-9a20-a1e9fd812aea.jpeg",
            "legalCrtFrontImgPath": "6810aae9-ec6f-4d37-a47a-22c0254dcfc7.jpeg",
            "legalCrtBackImgPath": "cf8a6633-57de-49b5-9a20-a1e9fd812aea.jpeg",
            "servSysBuildContractFilePath": null,
            "servSysOperContractFilePath": null,
            "dataHostingContractFilePath": null,
            "servHostingContractFilePath": null,
            "industryQualificationFilePath": null,
            "certificationFilePath": null,
            "escrowOrgName": null
        },
        "nbmsEntPO": null,
        "nbmsEntPrefixApplyPO": null,
        "needRelog": null,
        "applyStatus": 0
    }
}

2023-06-26 10:32:51.994 | INFO     | httprunner.client:request:217 - status_code: 200, response_time(ms): 69.05 ms, response_length: 0 bytes
2023-06-26 10:32:51.998 | INFO     | httprunner.response:extract:179 - extract mapping: {'applyId': 1447, 'userId': 1681, 'userName': 'gYmBJdahfrdOjt0ifT6miq9BoX2JmMaa', 'imgId_f': 2921, 'imgId_b': 2922, 'entId': None, 'entUserId': None, 'prefix': '88.408.8640458901', 'contactCrtNo': '526372199801251272', 'contactCrtType': 1, 'contactEmail': 'nOql9UGIpq3eUv8p@qaqseq.com', 'contactName': 'gYmBJdahfrdOjt0ifT6miq9BoX2JmMaa', 'contactPhone': '12245450522', 'industryCategory': 'A', 'industrySpecific': '01', 'orgName': 'gYmBJdahfrdOjt0ifT6miq9BoX2JmMaa', 'orgNature': '1', 'orgAddrProvince': '110000', 'orgAddrCity': '110100', 'orgAddrCounty': '110101', 'orgAddr': '致真', 'orgCrtType': '1', 'orgCrtCode': 'gYmBJdahfrdOjt0ifT6miq9BoX2JmMaa', 'legalName': '张三', 'legalEmail': None, 'legalPhone': None, 'legalCrtType': '1', 'legalCrtNo': '526372199801251272', 'legalCrtFrontImgRid': 2921, 'legalCrtBackImgRid': 2922, 'orgCrtImgRid': 2920, 'imgId': 2920, 'orgNatureDesc': '国有控股', 'orgCategorySpecificDesc': '农、林、牧、渔业-农业', 'orgAddrProvinceDesc': '北京市', 'orgAddrCountyDesc': '东城区', 'orgAddrCityDesc': '市辖区', 'legalCrtTypeDesc': '中国居民身份证', 'createDate': '2023-06-26 10:32:52', 'updateDate': '2023-06-26 10:32:52', 'entInfoSyss_0_id': None, 'entInfoSyss_0_entApplyId': None, 'entApplyId': None, 'entInfoSyss_0_sysType': None, 'entInfoSyss_0_deployMode': None, 'entInfoSyss_0_deployAddr': None, 'entInfoSyss_0_deployAddrProvince': None, 'entInfoSyss_0_deployAddrCity': None, 'entInfoSyss_0_deployAddrCounty': None, 'entInfoSyss_1_id': None, 'entInfoSyss_1_entApplyId': None, 'entInfoSyss_1_sysType': None, 'entInfoSyss_1_deployMode': None, 'entInfoSyss_1_deployAddr': None, 'entInfoSyss_1_deployAddrProvince': None, 'entInfoSyss_1_deployAddrCity': None, 'entInfoSyss_1_deployAddrCounty': None, 'entInfoSyss_2_id': None, 'entInfoSyss_2_entApplyId': None, 'entInfoSyss_2_sysType': None, 'entInfoSyss_2_deployMode': None, 'entInfoSyss_2_deployAddr': None, 'entInfoSyss_2_deployAddrProvince': None, 'entInfoSyss_2_deployAddrCity': None, 'entInfoSyss_2_deployAddrCounty': None, 'entInfoSyss_3_id': None, 'entInfoSyss_3_entApplyId': None, 'entInfoSyss_3_sysType': None, 'entInfoSyss_3_deployMode': None, 'entInfoSyss_3_deployAddr': None, 'entInfoSyss_3_deployAddrProvince': None, 'entInfoSyss_3_deployAddrCity': None, 'entInfoSyss_3_deployAddrCounty': None}
2023-06-26 10:32:51.998 | INFO     | httprunner.response:validate:249 - assert status_code equal 200(int)	==> pass
2023-06-26 10:32:51.998 | INFO     | httprunner.response:validate:249 - assert body.message equal success(str)	==> pass
2023-06-26 10:32:51.998 | INFO     | httprunner.runner:__run_step:304 - run step end: 企业注册查询注册信息 <<<<<<

2023-06-26 10:32:51.999 | INFO     | httprunner.runner:__run_step_testcase:286 - export variables: {'contactName': 'gYmBJdahfrdOjt0ifT6miq9BoX2JmMaa', 'entInfoSyss_1_entApplyId': None, 'entInfoSyss_0_deployAddr': None, 'entInfoSyss_2_id': None, 'entInfoSyss_2_deployAddr': None, 'contactPhone': '12245450522', 'entUserId': None, 'orgCrtType': '1', 'legalName': '张三', 'orgCategorySpecificDesc': '农、林、牧、渔业-农业', 'orgAddrProvince': '110000', 'orgAddrCountyDesc': '东城区', 'entInfoSyss_0_sysType': None, 'applyId': 1447, 'createDate': '2023-06-26 10:32:52', 'entInfoSyss_3_entApplyId': None, 'entInfoSyss_0_deployAddrProvince': None, 'entApplyId': None, 'legalEmail': None, 'entInfoSyss_2_deployAddrCity': None, 'contactEmail': 'nOql9UGIpq3eUv8p@qaqseq.com', 'entInfoSyss_2_deployMode': None, 'entInfoSyss_0_deployMode': None, 'contactCrtNo': '526372199801251272', 'orgAddrCounty': '110101', 'entInfoSyss_3_sysType': None, 'entInfoSyss_1_deployAddrCounty': None, 'imgId': 2920, 'entId': None, 'updateDate': '2023-06-26 10:32:52', 'industrySpecific': '01', 'entInfoSyss_2_deployAddrProvince': None, 'contactCrtType': 1, 'orgName': 'gYmBJdahfrdOjt0ifT6miq9BoX2JmMaa', 'legalCrtTypeDesc': '中国居民身份证', 'legalCrtType': '1', 'entInfoSyss_2_deployAddrCounty': None, 'entInfoSyss_3_deployAddr': None, 'entInfoSyss_3_deployAddrCounty': None, 'userName': 'gYmBJdahfrdOjt0ifT6miq9BoX2JmMaa', 'entInfoSyss_2_sysType': None, 'entInfoSyss_1_id': None, 'entInfoSyss_1_deployAddrCity': None, 'entInfoSyss_0_entApplyId': None, 'entInfoSyss_3_deployAddrCity': None, 'entInfoSyss_0_deployAddrCity': None, 'entInfoSyss_1_deployMode': None, 'imgId_f': 2921, 'imgId_b': 2922, 'entInfoSyss_0_id': None, 'legalCrtBackImgRid': 2922, 'entInfoSyss_3_id': None, 'legalCrtNo': '526372199801251272', 'entInfoSyss_3_deployAddrProvince': None, 'entInfoSyss_1_deployAddr': None, 'orgAddr': '致真', 'entInfoSyss_1_deployAddrProvince': None, 'entInfoSyss_0_deployAddrCounty': None, 'orgAddrCityDesc': '市辖区', 'entInfoSyss_3_deployMode': None, 'legalPhone': None, 'orgAddrProvinceDesc': '北京市', 'industryCategory': 'A', 'entInfoSyss_2_entApplyId': None, 'orgNatureDesc': '国有控股', 'orgNature': '1', 'entInfoSyss_1_sysType': None, 'orgCrtImgRid': 2920, 'legalCrtFrontImgRid': 2921, 'prefix': '88.408.8640458901', 'orgAddrCity': '110100', 'orgCrtCode': 'gYmBJdahfrdOjt0ifT6miq9BoX2JmMaa', 'userId': 1681}
2023-06-26 10:32:51.999 | INFO     | httprunner.runner:__run_step:304 - run step end: 企业注册查询注册信息 <<<<<<

2023-06-26 10:32:51.999 | INFO     | httprunner.runner:__run_step:292 - run step begin: 企业注册第二步提交信息 >>>>>>
2023-06-26 10:32:52.000 | INFO     | httprunner.runner:__run_step:292 - run step begin: 企业注册第二步提交信息 >>>>>>
2023-06-26 10:32:52.063 | DEBUG    | httprunner.client:request:186 - client IP: 127.0.0.1, Port: 50785
2023-06-26 10:32:52.064 | DEBUG    | httprunner.client:request:194 - server IP: 127.0.0.1, Port: 8888
2023-06-26 10:32:52.065 | DEBUG    | httprunner.client:log_print:40 - 
================== request details ==================
method   : POST
url      : http://139.198.116.76:8000/api/v3/entApply/registerManageInfo
headers  : {
    "User-Agent": "Mozilla/5.0 (Macintosh; Intel Mac OS X 10_15_7) AppleWebKit/537.36 (KHTML, like Gecko) Chrome/105.0.0.0 Safari/537.36",
    "Accept-Encoding": "gzip, deflate",
    "Accept": "application/json, text/plain, */*",
    "Connection": "keep-alive",
    "Accept-Language": "zh-CN,zh;q=0.9",
    "Content-Type": "application/json;charset=UTF-8",
    "X-HTTP-Method-Override": "put",
    "HRUN-Request-ID": "HRUN-4b76f2ae-f801-45eb-ae85-e262025dc57a-772001",
    "Cookie": "SESSION=YjM2MjVlMjctZmFlMS00OTI2LWJlOGMtMjNmYjJjZDI1ZGM1; SESSION=response.headers.\"Set-Cookie\".session",
    "Content-Length": "3280"
}
cookies  : {
    "SESSION": "YjM2MjVlMjctZmFlMS00OTI2LWJlOGMtMjNmYjJjZDI1ZGM1"
}
body     : {
    "applyStep": 3,
    "applyType": null,
    "cltrid": null,
    "contactCrtBackImgPath": null,
    "contactCrtBackImgRid": 2922,
    "contactCrtFrontImgPath": null,
    "contactCrtFrontImgRid": 2921,
    "contactCrtNo": "526372199801251272",
    "contactCrtType": 1,
    "contactEmail": "nOql9UGIpq3eUv8p@qaqseq.com",
    "contactName": "gYmBJdahfrdOjt0ifT6miq9BoX2JmMaa",
    "contactPhone": "12245450522",
    "createDate": "2023-06-26 10:32:52",
    "dataHostingContractFilePath": null,
    "dataHostingContractFileRid": null,
    "dataHostingOrg": null,
    "entGeneralId": null,
    "entInfoLicenses": [],
    "entInfoSerIndustrys": [],
    "entInfoSyss": [
        {
            "deployAddr": "致真",
            "deployAddrCity": "110100",
            "deployAddrCounty": "110101",
            "deployAddrProvince": "110000",
            "deployMode": 1,
            "ipPort": null,
            "name": null,
            "sysType": 1
        },
        {
            "deployAddr": "致真",
            "deployAddrCity": "110100",
            "deployAddrCounty": "110101",
            "deployAddrProvince": "110000",
            "deployMode": 1,
            "ipPort": null,
            "name": null,
            "sysType": 2
        },
        {
            "deployAddr": "天津",
            "deployAddrCity": "120100",
            "deployAddrCounty": "120101",
            "deployAddrProvince": "120000",
            "deployMode": 1,
            "ipPort": null,
            "name": null,
            "sysType": 3
        },
        {
            "deployAddr": "天津",
            "deployAddrCity": "120100",
            "deployAddrCounty": "120101",
            "deployAddrProvince": "120000",
            "deployMode": 1,
            "ipPort": null,
            "name": null,
            "sysType": 4
        }
    ],
    "entPrefix": "88.408.8640458901",
    "escrowId": null,
    "escrowOrgName": null,
    "establishDate": null,
    "extDomain": null,
    "extIpAddr": null,
    "extWebName": null,
    "finalAuditMsg": null,
    "finalAuditStatus": null,
    "firstAuditMsg": null,
    "firstAuditStatus": null,
    "id": 1447,
    "idRegNaImp": null,
    "industryCategory": "A",
    "industrySpecific": "01",
    "isSubmit": 0,
    "legalCrtBackImgContent": null,
    "legalCrtBackImgPath": null,
    "legalCrtBackImgRid": 2922,
    "legalCrtFrontImgContent": null,
    "legalCrtFrontImgPath": null,
    "legalCrtFrontImgRid": 2921,
    "legalCrtNo": "526372199801251272",
    "legalCrtType": "1",
    "legalCrtTypeDesc": "中国居民身份证",
    "legalEmail": null,
    "legalFax": null,
    "legalName": "张三",
    "legalPhone": null,
    "orgAddr": "致真",
    "orgAddrCity": "110100",
    "orgAddrCityDesc": "市辖区",
    "orgAddrCounty": "110101",
    "orgAddrCountyDesc": "东城区",
    "orgAddrProvince": "110000",
    "orgAddrProvinceDesc": "北京市",
    "orgCategorySpecificDesc": "农、林、牧、渔业-农业",
    "orgCrtCode": "gYmBJdahfrdOjt0ifT6miq9BoX2JmMaa",
    "orgCrtImgContent": null,
    "orgCrtImgPath": null,
    "orgCrtImgRid": 2920,
    "orgCrtType": "1",
    "orgDesc": null,
    "orgName": "gYmBJdahfrdOjt0ifT6miq9BoX2JmMaa",
    "orgNature": "1",
    "orgNatureDesc": "1",
    "periodValidity": null,
    "regAuthority": null,
    "regCapital": null,
    "regRealNaImpName": null,
    "regRealNaImpType": null,
    "servHostingContractFilePath": null,
    "servHostingContractFileRid": null,
    "servHostingOrg": null,
    "servSysBuildContractFilePath": null,
    "servSysBuildContractFileRid": null,
    "servSysBuildName": null,
    "servSysBuildType": 1,
    "servSysOperContractFilePath": null,
    "servSysOperContractFileRid": null,
    "servSysOperName": null,
    "servSysOperType": 1,
    "svtrid": null,
    "thirdServiceMsg": null,
    "thirdServiceStatus": null,
    "updateDate": "2023-06-26 10:32:52",
    "userId": 1681,
    "userName": "gYmBJdahfrdOjt0ifT6miq9BoX2JmMaa",
    "website": null
}

2023-06-26 10:32:52.066 | DEBUG    | httprunner.client:log_print:40 - 
================== response details ==================
status_code : 200
headers  : {
    "Server": "nginx",
    "Date": "Mon, 26 Jun 2023 02:32:52 GMT",
    "Content-Type": "application/json;charset=UTF-8",
    "Transfer-Encoding": "chunked",
    "X-Frame-Options": "SAMEORIGIN",
    "Connection": "keep-alive"
}
cookies  : {}
encoding : UTF-8
content_type : application/json;charset=UTF-8
body     : {
    "message": "success",
    "status": 1,
    "data": true
}

2023-06-26 10:32:52.066 | INFO     | httprunner.client:request:217 - status_code: 200, response_time(ms): 62.07 ms, response_length: 0 bytes
2023-06-26 10:32:52.067 | INFO     | httprunner.response:validate:249 - assert status_code equal 200(int)	==> pass
2023-06-26 10:32:52.067 | INFO     | httprunner.response:validate:249 - assert body.message equal success(str)	==> pass
2023-06-26 10:32:52.067 | INFO     | httprunner.runner:__run_step:304 - run step end: 企业注册第二步提交信息 <<<<<<

2023-06-26 10:32:52.068 | INFO     | httprunner.runner:__run_step:304 - run step end: 企业注册第二步提交信息 <<<<<<

2023-06-26 10:32:52.068 | INFO     | httprunner.runner:__run_step:292 - run step begin: 企业注册查询注册信息 >>>>>>
2023-06-26 10:32:52.069 | INFO     | httprunner.runner:__run_step:292 - run step begin: 企业注册查询注册信息 >>>>>>
2023-06-26 10:32:52.153 | DEBUG    | httprunner.client:request:186 - client IP: 127.0.0.1, Port: 50785
2023-06-26 10:32:52.153 | DEBUG    | httprunner.client:request:194 - server IP: 127.0.0.1, Port: 8888
2023-06-26 10:32:52.153 | DEBUG    | httprunner.client:log_print:40 - 
================== request details ==================
method   : GET
url      : http://139.198.116.76:8000/api/v3/entApply/applyOrNot
headers  : {
    "User-Agent": "Mozilla/5.0 (Macintosh; Intel Mac OS X 10_15_7) AppleWebKit/537.36 (KHTML, like Gecko) Chrome/105.0.0.0 Safari/537.36",
    "Accept-Encoding": "gzip, deflate",
    "Accept": "application/json, text/plain, */*",
    "Connection": "keep-alive",
    "Accept-Language": "zh-CN,zh;q=0.9",
    "HRUN-Request-ID": "HRUN-4b76f2ae-f801-45eb-ae85-e262025dc57a-772069",
    "Cookie": "SESSION=YjM2MjVlMjctZmFlMS00OTI2LWJlOGMtMjNmYjJjZDI1ZGM1; SESSION=response.headers.\"Set-Cookie\".session"
}
cookies  : {
    "SESSION": "YjM2MjVlMjctZmFlMS00OTI2LWJlOGMtMjNmYjJjZDI1ZGM1"
}
body     : None

2023-06-26 10:32:52.155 | DEBUG    | httprunner.client:log_print:40 - 
================== response details ==================
status_code : 200
headers  : {
    "Server": "nginx",
    "Date": "Mon, 26 Jun 2023 02:32:52 GMT",
    "Content-Type": "application/json;charset=UTF-8",
    "Transfer-Encoding": "chunked",
    "X-Frame-Options": "SAMEORIGIN",
    "Connection": "keep-alive"
}
cookies  : {}
encoding : UTF-8
content_type : application/json;charset=UTF-8
body     : {
    "message": "success",
    "status": 1,
    "data": {
        "nbmsEntApplyPO": {
            "id": 1447,
            "createDate": "2023-06-26 10:32:52",
            "updateDate": "2023-06-26 10:32:52",
            "applyType": null,
            "entGeneralId": null,
            "applyStep": 3,
            "isSubmit": 0,
            "entPrefix": "88.408.8640458901",
            "firstAuditStatus": null,
            "firstAuditMsg": null,
            "thirdServiceStatus": null,
            "thirdServiceMsg": null,
            "userName": "gYmBJdahfrdOjt0ifT6miq9BoX2JmMaa",
            "finalAuditStatus": null,
            "finalAuditMsg": null,
            "svtrid": null,
            "cltrid": null,
            "userId": 1681,
            "orgName": "gYmBJdahfrdOjt0ifT6miq9BoX2JmMaa",
            "orgNature": "1",
            "orgAddrProvince": "110000",
            "orgAddrCity": "110100",
            "orgAddrCounty": "110101",
            "orgAddr": "致真",
            "orgCrtType": "1",
            "orgCrtCode": "gYmBJdahfrdOjt0ifT6miq9BoX2JmMaa",
            "legalName": "张三",
            "legalCrtType": "1",
            "legalCrtNo": "526372199801251272",
            "orgDesc": null,
            "industryCategory": "A",
            "industrySpecific": "01",
            "contactName": "gYmBJdahfrdOjt0ifT6miq9BoX2JmMaa",
            "contactPhone": "12245450522",
            "contactCrtType": 1,
            "contactCrtNo": "526372199801251272",
            "contactEmail": "nOql9UGIpq3eUv8p@qaqseq.com",
            "website": null,
            "regAuthority": null,
            "regCapital": null,
            "establishDate": null,
            "periodValidity": null,
            "legalEmail": null,
            "legalPhone": null,
            "legalFax": null,
            "servSysBuildType": 1,
            "servSysBuildName": null,
            "servSysOperType": 1,
            "servSysOperName": null,
            "dataHostingOrg": null,
            "servHostingOrg": null,
            "regRealNaImpType": null,
            "regRealNaImpName": null,
            "idRegNaImp": null,
            "extWebName": null,
            "extDomain": null,
            "extIpAddr": null,
            "orgCrtImgRid": 2920,
            "contactCrtFrontImgRid": 2921,
            "contactCrtBackImgRid": 2922,
            "legalCrtFrontImgRid": 2921,
            "legalCrtBackImgRid": 2922,
            "servSysBuildContractFileRid": null,
            "servSysOperContractFileRid": null,
            "dataHostingContractFileRid": null,
            "servHostingContractFileRid": null,
            "entInfoLicenses": [],
            "entInfoSyss": [
                {
                    "id": 3652,
                    "entApplyId": 1447,
                    "sysType": 1,
                    "deployMode": 1,
                    "deployAddr": "致真",
                    "deployAddrProvince": "110000",
                    "deployAddrCity": "110100",
                    "deployAddrCounty": "110101",
                    "name": null,
                    "ipPort": null
                },
                {
                    "id": 3653,
                    "entApplyId": 1447,
                    "sysType": 2,
                    "deployMode": 1,
                    "deployAddr": "致真",
                    "deployAddrProvince": "110000",
                    "deployAddrCity": "110100",
                    "deployAddrCounty": "110101",
                    "name": null,
                    "ipPort": null
                },
                {
                    "id": 3654,
                    "entApplyId": 1447,
                    "sysType": 3,
                    "deployMode": 1,
                    "deployAddr": "天津",
                    "deployAddrProvince": "120000",
                    "deployAddrCity": "120100",
                    "deployAddrCounty": "120101",
                    "name": null,
                    "ipPort": null
                },
                {
                    "id": 3655,
                    "entApplyId": 1447,
                    "sysType": 4,
                    "deployMode": 1,
                    "deployAddr": "天津",
                    "deployAddrProvince": "120000",
                    "deployAddrCity": "120100",
                    "deployAddrCounty": "120101",
                    "name": null,
                    "ipPort": null
                }
            ],
            "entInfoSerIndustrys": [],
            "escrowId": null,
            "industryQualificationRid": null,
            "certificationRid": null,
            "openingBank": null,
            "bankCard": null,
            "verificationName": null,
            "orgNatureDesc": "国有控股",
            "orgCrtImgContent": null,
            "orgCategorySpecificDesc": "农、林、牧、渔业-农业",
            "orgAddrProvinceDesc": "北京市",
            "orgAddrCountyDesc": "东城区",
            "orgAddrCityDesc": "市辖区",
            "legalCrtTypeDesc": "中国居民身份证",
            "legalCrtFrontImgContent": null,
            "legalCrtBackImgContent": null,
            "orgCrtImgPath": "a8a63f71-1542-4eda-b0e4-db2742cf2777.jpeg",
            "contactCrtFrontImgPath": "6810aae9-ec6f-4d37-a47a-22c0254dcfc7.jpeg",
            "contactCrtBackImgPath": "cf8a6633-57de-49b5-9a20-a1e9fd812aea.jpeg",
            "legalCrtFrontImgPath": "6810aae9-ec6f-4d37-a47a-22c0254dcfc7.jpeg",
            "legalCrtBackImgPath": "cf8a6633-57de-49b5-9a20-a1e9fd812aea.jpeg",
            "servSysBuildContractFilePath": null,
            "servSysOperContractFilePath": null,
            "dataHostingContractFilePath": null,
            "servHostingContractFilePath": null,
            "industryQualificationFilePath": null,
            "certificationFilePath": null,
            "escrowOrgName": null
        },
        "nbmsEntPO": null,
        "nbmsEntPrefixApplyPO": null,
        "needRelog": null,
        "applyStatus": 0
    }
}

2023-06-26 10:32:52.155 | INFO     | httprunner.client:request:217 - status_code: 200, response_time(ms): 83.68 ms, response_length: 0 bytes
2023-06-26 10:32:52.157 | INFO     | httprunner.response:extract:179 - extract mapping: {'applyId': 1447, 'userId': 1681, 'userName': 'gYmBJdahfrdOjt0ifT6miq9BoX2JmMaa', 'imgId_f': 2921, 'imgId_b': 2922, 'entId': None, 'entUserId': None, 'prefix': '88.408.8640458901', 'contactCrtNo': '526372199801251272', 'contactCrtType': 1, 'contactEmail': 'nOql9UGIpq3eUv8p@qaqseq.com', 'contactName': 'gYmBJdahfrdOjt0ifT6miq9BoX2JmMaa', 'contactPhone': '12245450522', 'industryCategory': 'A', 'industrySpecific': '01', 'orgName': 'gYmBJdahfrdOjt0ifT6miq9BoX2JmMaa', 'orgNature': '1', 'orgAddrProvince': '110000', 'orgAddrCity': '110100', 'orgAddrCounty': '110101', 'orgAddr': '致真', 'orgCrtType': '1', 'orgCrtCode': 'gYmBJdahfrdOjt0ifT6miq9BoX2JmMaa', 'legalName': '张三', 'legalEmail': None, 'legalPhone': None, 'legalCrtType': '1', 'legalCrtNo': '526372199801251272', 'legalCrtFrontImgRid': 2921, 'legalCrtBackImgRid': 2922, 'orgCrtImgRid': 2920, 'imgId': 2920, 'orgNatureDesc': '国有控股', 'orgCategorySpecificDesc': '农、林、牧、渔业-农业', 'orgAddrProvinceDesc': '北京市', 'orgAddrCountyDesc': '东城区', 'orgAddrCityDesc': '市辖区', 'legalCrtTypeDesc': '中国居民身份证', 'createDate': '2023-06-26 10:32:52', 'updateDate': '2023-06-26 10:32:52', 'entInfoSyss_0_id': 3652, 'entInfoSyss_0_entApplyId': 1447, 'entApplyId': 1447, 'entInfoSyss_0_sysType': 1, 'entInfoSyss_0_deployMode': 1, 'entInfoSyss_0_deployAddr': '致真', 'entInfoSyss_0_deployAddrProvince': '110000', 'entInfoSyss_0_deployAddrCity': '110100', 'entInfoSyss_0_deployAddrCounty': '110101', 'entInfoSyss_1_id': 3653, 'entInfoSyss_1_entApplyId': 1447, 'entInfoSyss_1_sysType': 2, 'entInfoSyss_1_deployMode': 1, 'entInfoSyss_1_deployAddr': '致真', 'entInfoSyss_1_deployAddrProvince': '110000', 'entInfoSyss_1_deployAddrCity': '110100', 'entInfoSyss_1_deployAddrCounty': '110101', 'entInfoSyss_2_id': 3654, 'entInfoSyss_2_entApplyId': 1447, 'entInfoSyss_2_sysType': 3, 'entInfoSyss_2_deployMode': 1, 'entInfoSyss_2_deployAddr': '天津', 'entInfoSyss_2_deployAddrProvince': '120000', 'entInfoSyss_2_deployAddrCity': '120100', 'entInfoSyss_2_deployAddrCounty': '120101', 'entInfoSyss_3_id': 3655, 'entInfoSyss_3_entApplyId': 1447, 'entInfoSyss_3_sysType': 4, 'entInfoSyss_3_deployMode': 1, 'entInfoSyss_3_deployAddr': '天津', 'entInfoSyss_3_deployAddrProvince': '120000', 'entInfoSyss_3_deployAddrCity': '120100', 'entInfoSyss_3_deployAddrCounty': '120101'}
2023-06-26 10:32:52.157 | INFO     | httprunner.response:validate:249 - assert status_code equal 200(int)	==> pass
2023-06-26 10:32:52.157 | INFO     | httprunner.response:validate:249 - assert body.message equal success(str)	==> pass
2023-06-26 10:32:52.157 | INFO     | httprunner.runner:__run_step:304 - run step end: 企业注册查询注册信息 <<<<<<

2023-06-26 10:32:52.157 | INFO     | httprunner.runner:__run_step_testcase:286 - export variables: {'contactName': 'gYmBJdahfrdOjt0ifT6miq9BoX2JmMaa', 'entInfoSyss_1_entApplyId': 1447, 'entInfoSyss_0_deployAddr': '致真', 'entInfoSyss_2_id': 3654, 'entInfoSyss_2_deployAddr': '天津', 'contactPhone': '12245450522', 'entUserId': None, 'orgCrtType': '1', 'legalName': '张三', 'orgCategorySpecificDesc': '农、林、牧、渔业-农业', 'orgAddrProvince': '110000', 'orgAddrCountyDesc': '东城区', 'entInfoSyss_0_sysType': 1, 'applyId': 1447, 'createDate': '2023-06-26 10:32:52', 'entInfoSyss_3_entApplyId': 1447, 'entInfoSyss_0_deployAddrProvince': '110000', 'entApplyId': 1447, 'legalEmail': None, 'entInfoSyss_2_deployAddrCity': '120100', 'contactEmail': 'nOql9UGIpq3eUv8p@qaqseq.com', 'entInfoSyss_2_deployMode': 1, 'entInfoSyss_0_deployMode': 1, 'contactCrtNo': '526372199801251272', 'orgAddrCounty': '110101', 'entInfoSyss_3_sysType': 4, 'entInfoSyss_1_deployAddrCounty': '110101', 'imgId': 2920, 'entId': None, 'updateDate': '2023-06-26 10:32:52', 'industrySpecific': '01', 'entInfoSyss_2_deployAddrProvince': '120000', 'contactCrtType': 1, 'orgName': 'gYmBJdahfrdOjt0ifT6miq9BoX2JmMaa', 'legalCrtTypeDesc': '中国居民身份证', 'legalCrtType': '1', 'entInfoSyss_2_deployAddrCounty': '120101', 'entInfoSyss_3_deployAddr': '天津', 'entInfoSyss_3_deployAddrCounty': '120101', 'userName': 'gYmBJdahfrdOjt0ifT6miq9BoX2JmMaa', 'entInfoSyss_2_sysType': 3, 'entInfoSyss_1_id': 3653, 'entInfoSyss_1_deployAddrCity': '110100', 'entInfoSyss_0_entApplyId': 1447, 'entInfoSyss_3_deployAddrCity': '120100', 'entInfoSyss_0_deployAddrCity': '110100', 'entInfoSyss_1_deployMode': 1, 'imgId_f': 2921, 'imgId_b': 2922, 'entInfoSyss_0_id': 3652, 'legalCrtBackImgRid': 2922, 'entInfoSyss_3_id': 3655, 'legalCrtNo': '526372199801251272', 'entInfoSyss_3_deployAddrProvince': '120000', 'entInfoSyss_1_deployAddr': '致真', 'orgAddr': '致真', 'entInfoSyss_1_deployAddrProvince': '110000', 'entInfoSyss_0_deployAddrCounty': '110101', 'orgAddrCityDesc': '市辖区', 'entInfoSyss_3_deployMode': 1, 'legalPhone': None, 'orgAddrProvinceDesc': '北京市', 'industryCategory': 'A', 'entInfoSyss_2_entApplyId': 1447, 'orgNatureDesc': '国有控股', 'orgNature': '1', 'entInfoSyss_1_sysType': 2, 'orgCrtImgRid': 2920, 'legalCrtFrontImgRid': 2921, 'prefix': '88.408.8640458901', 'orgAddrCity': '110100', 'orgCrtCode': 'gYmBJdahfrdOjt0ifT6miq9BoX2JmMaa', 'userId': 1681}
2023-06-26 10:32:52.158 | INFO     | httprunner.runner:__run_step:304 - run step end: 企业注册查询注册信息 <<<<<<

2023-06-26 10:32:52.158 | INFO     | httprunner.runner:__run_step:292 - run step begin: 企业注册最终第三步提交信息 >>>>>>
2023-06-26 10:32:52.158 | INFO     | httprunner.runner:__run_step:292 - run step begin: 企业注册最终第三步提交信息 >>>>>>
2023-06-26 10:32:52.317 | DEBUG    | httprunner.client:request:186 - client IP: 127.0.0.1, Port: 50785
2023-06-26 10:32:52.318 | DEBUG    | httprunner.client:request:194 - server IP: 127.0.0.1, Port: 8888
2023-06-26 10:32:52.320 | DEBUG    | httprunner.client:log_print:40 - 
================== request details ==================
method   : POST
url      : http://139.198.116.76:8000/api/v3/entApply/apply
headers  : {
    "User-Agent": "Mozilla/5.0 (Macintosh; Intel Mac OS X 10_15_7) AppleWebKit/537.36 (KHTML, like Gecko) Chrome/105.0.0.0 Safari/537.36",
    "Accept-Encoding": "gzip, deflate",
    "Accept": "application/json, text/plain, */*",
    "Connection": "keep-alive",
    "Accept-Language": "zh-CN,zh;q=0.9",
    "Content-Type": "application/json;charset=UTF-8",
    "HRUN-Request-ID": "HRUN-4b76f2ae-f801-45eb-ae85-e262025dc57a-772158",
    "Cookie": "SESSION=YjM2MjVlMjctZmFlMS00OTI2LWJlOGMtMjNmYjJjZDI1ZGM1; SESSION=response.headers.\"Set-Cookie\".session",
    "Content-Length": "3280"
}
cookies  : {
    "SESSION": "YjM2MjVlMjctZmFlMS00OTI2LWJlOGMtMjNmYjJjZDI1ZGM1"
}
body     : {
    "applyStep": 4,
    "applyType": null,
    "cltrid": null,
    "contactCrtBackImgPath": null,
    "contactCrtBackImgRid": 2922,
    "contactCrtFrontImgPath": null,
    "contactCrtFrontImgRid": 2921,
    "contactCrtNo": "526372199801251272",
    "contactCrtType": 1,
    "contactEmail": "nOql9UGIpq3eUv8p@qaqseq.com",
    "contactName": "gYmBJdahfrdOjt0ifT6miq9BoX2JmMaa",
    "contactPhone": "12245450522",
    "createDate": "2023-06-26 10:32:52",
    "dataHostingContractFilePath": null,
    "dataHostingContractFileRid": null,
    "dataHostingOrg": null,
    "entGeneralId": null,
    "entInfoLicenses": [],
    "entInfoSerIndustrys": [],
    "entInfoSyss": [
        {
            "deployAddr": "致真",
            "deployAddrCity": "110100",
            "deployAddrCounty": "110101",
            "deployAddrProvince": "110000",
            "deployMode": 1,
            "ipPort": null,
            "name": null,
            "sysType": 2
        },
        {
            "deployAddr": "致真",
            "deployAddrCity": "110100",
            "deployAddrCounty": "110101",
            "deployAddrProvince": "110000",
            "deployMode": 1,
            "ipPort": null,
            "name": null,
            "sysType": 3
        },
        {
            "deployAddr": "天津",
            "deployAddrCity": "120100",
            "deployAddrCounty": "120101",
            "deployAddrProvince": "120000",
            "deployMode": 1,
            "ipPort": null,
            "name": null,
            "sysType": 4
        },
        {
            "deployAddr": "天津",
            "deployAddrCity": "120100",
            "deployAddrCounty": "120101",
            "deployAddrProvince": "120000",
            "deployMode": 1,
            "ipPort": null,
            "name": null,
            "sysType": 4
        }
    ],
    "entPrefix": "88.408.8640458901",
    "escrowId": null,
    "escrowOrgName": null,
    "establishDate": null,
    "extDomain": null,
    "extIpAddr": null,
    "extWebName": null,
    "finalAuditMsg": null,
    "finalAuditStatus": null,
    "firstAuditMsg": null,
    "firstAuditStatus": null,
    "id": 1447,
    "idRegNaImp": null,
    "industryCategory": "A",
    "industrySpecific": "01",
    "isSubmit": 0,
    "legalCrtBackImgContent": null,
    "legalCrtBackImgPath": null,
    "legalCrtBackImgRid": 2922,
    "legalCrtFrontImgContent": null,
    "legalCrtFrontImgPath": null,
    "legalCrtFrontImgRid": 2921,
    "legalCrtNo": "526372199801251272",
    "legalCrtType": "1",
    "legalCrtTypeDesc": "中国居民身份证",
    "legalEmail": null,
    "legalFax": null,
    "legalName": "张三",
    "legalPhone": null,
    "orgAddr": "致真",
    "orgAddrCity": "110100",
    "orgAddrCityDesc": "市辖区",
    "orgAddrCounty": "110101",
    "orgAddrCountyDesc": "东城区",
    "orgAddrProvince": "110000",
    "orgAddrProvinceDesc": "北京市",
    "orgCategorySpecificDesc": "农、林、牧、渔业-农业",
    "orgCrtCode": "gYmBJdahfrdOjt0ifT6miq9BoX2JmMaa",
    "orgCrtImgContent": null,
    "orgCrtImgPath": null,
    "orgCrtImgRid": 2920,
    "orgCrtType": "1",
    "orgDesc": null,
    "orgName": "gYmBJdahfrdOjt0ifT6miq9BoX2JmMaa",
    "orgNature": "1",
    "orgNatureDesc": "1",
    "periodValidity": null,
    "regAuthority": null,
    "regCapital": null,
    "regRealNaImpName": null,
    "regRealNaImpType": null,
    "servHostingContractFilePath": null,
    "servHostingContractFileRid": null,
    "servHostingOrg": null,
    "servSysBuildContractFilePath": null,
    "servSysBuildContractFileRid": null,
    "servSysBuildName": null,
    "servSysBuildType": 1,
    "servSysOperContractFilePath": null,
    "servSysOperContractFileRid": null,
    "servSysOperName": null,
    "servSysOperType": 1,
    "svtrid": null,
    "thirdServiceMsg": null,
    "thirdServiceStatus": null,
    "updateDate": "2023-06-26 10:32:52",
    "userId": 1681,
    "userName": "gYmBJdahfrdOjt0ifT6miq9BoX2JmMaa",
    "website": null
}

2023-06-26 10:32:52.321 | DEBUG    | httprunner.client:log_print:40 - 
================== response details ==================
status_code : 200
headers  : {
    "Server": "nginx",
    "Date": "Mon, 26 Jun 2023 02:32:52 GMT",
    "Content-Type": "application/json;charset=UTF-8",
    "Transfer-Encoding": "chunked",
    "X-Frame-Options": "SAMEORIGIN",
    "Connection": "keep-alive"
}
cookies  : {}
encoding : UTF-8
content_type : application/json;charset=UTF-8
body     : {
    "message": "success",
    "status": 1,
    "data": true
}

2023-06-26 10:32:52.321 | INFO     | httprunner.client:request:217 - status_code: 200, response_time(ms): 158.18 ms, response_length: 0 bytes
2023-06-26 10:32:52.321 | INFO     | httprunner.response:validate:249 - assert status_code equal 200(int)	==> pass
2023-06-26 10:32:52.321 | INFO     | httprunner.response:validate:249 - assert body.message equal success(str)	==> pass
2023-06-26 10:32:52.322 | INFO     | httprunner.runner:__run_step:304 - run step end: 企业注册最终第三步提交信息 <<<<<<

2023-06-26 10:32:52.322 | INFO     | httprunner.runner:__run_step:304 - run step end: 企业注册最终第三步提交信息 <<<<<<

