2023-06-25 18:44:22.754 | INFO     | httprunner.runner:test_start:450 - Start to run testcase: 托管审核取消,企业登录系统查看托管配置, TestCase ID: 541cd4bb-5ff7-4a7d-b223-6b1cbbca7176
2023-06-25 18:44:22.884 | INFO     | httprunner.runner:__run_step:292 - run step begin: 用户注册 >>>>>>
2023-06-25 18:44:22.884 | INFO     | httprunner.runner:__run_step:292 - run step begin: 用户注册 >>>>>>
2023-06-25 18:44:23.079 | DEBUG    | httprunner.client:request:186 - client IP: 127.0.0.1, Port: 56713
2023-06-25 18:44:23.079 | DEBUG    | httprunner.client:request:194 - server IP: 127.0.0.1, Port: 8888
2023-06-25 18:44:23.080 | DEBUG    | httprunner.client:log_print:40 - 
================== request details ==================
method   : POST
url      : http://139.198.116.76:8000/api/home/test/registry
headers  : {
    "User-Agent": "Mozilla/5.0 (Windows NT 10.0; WOW64) AppleWebKit/537.36 (KHTML, like Gecko) Chrome/100.0.4896.60 Safari/537.36",
    "Accept-Encoding": "gzip, deflate",
    "Accept": "application/json, text/plain, */*",
    "Connection": "keep-alive",
    "Accept-Language": "zh-CN,zh;q=0.9",
    "HRUN-Request-ID": "HRUN-541cd4bb-5ff7-4a7d-b223-6b1cbbca7176-862884",
    "Content-Length": "187",
    "Content-Type": "application/json"
}
cookies  : {}
body     : {
    "email": "Yt8Pqvy4Z4Zqa0f1@qaqseq.com",
    "mobile": "11068442932",
    "openId": "",
    "openUserName": "",
    "password": "Admin@123",
    "remarks": "",
    "username": "WkSoSOAivoa6OasgeSdPZbwpEL3VqtdZ"
}

2023-06-25 18:44:23.081 | DEBUG    | httprunner.client:log_print:40 - 
================== response details ==================
status_code : 200
headers  : {
    "Server": "nginx",
    "Date": "Sun, 25 Jun 2023 10:44:23 GMT",
    "Content-Type": "application/json",
    "Transfer-Encoding": "chunked",
    "X-Frame-Options": "SAMEORIGIN",
    "Connection": "keep-alive"
}
cookies  : {}
encoding : utf-8
content_type : application/json
body     : {
    "message": "success",
    "status": 1,
    "data": true
}

2023-06-25 18:44:23.081 | INFO     | httprunner.client:request:217 - status_code: 200, response_time(ms): 194.49 ms, response_length: 0 bytes
2023-06-25 18:44:23.082 | INFO     | httprunner.response:validate:249 - assert status_code equal 200(int)	==> pass
2023-06-25 18:44:23.082 | INFO     | httprunner.response:validate:249 - assert body.message equal success(str)	==> pass
2023-06-25 18:44:23.082 | INFO     | httprunner.response:validate:249 - assert body.status equal 1(int)	==> pass
2023-06-25 18:44:23.082 | INFO     | httprunner.response:validate:249 - assert body.message contains success(str)	==> pass
2023-06-25 18:44:23.083 | INFO     | httprunner.response:validate:249 - assert body.status contained_by [1, 200](list)	==> pass
2023-06-25 18:44:23.083 | INFO     | httprunner.runner:__run_step:304 - run step end: 用户注册 <<<<<<

2023-06-25 18:44:23.083 | INFO     | httprunner.runner:__run_step:304 - run step end: 用户注册 <<<<<<

2023-06-25 18:44:23.083 | INFO     | httprunner.runner:__run_step:292 - run step begin: 登录-企业 >>>>>>
2023-06-25 18:44:23.083 | INFO     | httprunner.runner:__run_step:292 - run step begin: 登录-企业用户 >>>>>>
2023-06-25 18:44:23.142 | DEBUG    | httprunner.client:request:186 - client IP: 127.0.0.1, Port: 56713
2023-06-25 18:44:23.142 | DEBUG    | httprunner.client:request:194 - server IP: 127.0.0.1, Port: 8888
2023-06-25 18:44:23.143 | DEBUG    | httprunner.client:log_print:40 - 
================== request details ==================
method   : POST
url      : http://139.198.116.76:8000/api/home/test/login
headers  : {
    "User-Agent": "python-requests/2.28.1",
    "Accept-Encoding": "gzip, deflate, br",
    "Accept": "*/*",
    "Connection": "keep-alive",
    "Content-Length": "170",
    "Content-Type": "application/json",
    "HRUN-Request-ID": "HRUN-541cd4bb-5ff7-4a7d-b223-6b1cbbca7176-863083"
}
cookies  : {}
body     : {
    "captcha": "0000",
    "captchaSign": "4a6e26e20686cfa902513f9e1c4b84a042214ab4fa9aa3a0928be00e3894869c",
    "emailCaptcha": "",
    "username": "WkSoSOAivoa6OasgeSdPZbwpEL3VqtdZ"
}

2023-06-25 18:44:23.144 | DEBUG    | httprunner.client:log_print:40 - 
================== response details ==================
status_code : 200
headers  : {
    "Server": "nginx",
    "Date": "Sun, 25 Jun 2023 10:44:23 GMT",
    "Content-Type": "application/json;charset=UTF-8",
    "Transfer-Encoding": "chunked",
    "Set-Cookie": "SESSION=Y2ZlNmI0OWItZGMwZS00OGFhLWEyZDYtOGVmZDg2MzRhNmNi; Path=/; HttpOnly; SameSite=Lax",
    "X-Frame-Options": "SAMEORIGIN",
    "Connection": "keep-alive"
}
cookies  : {
    "SESSION": "Y2ZlNmI0OWItZGMwZS00OGFhLWEyZDYtOGVmZDg2MzRhNmNi"
}
encoding : UTF-8
content_type : application/json;charset=UTF-8
body     : {
    "message": "success",
    "status": 1,
    "data": true
}

2023-06-25 18:44:23.144 | INFO     | httprunner.client:request:217 - status_code: 200, response_time(ms): 58.06 ms, response_length: 0 bytes
2023-06-25 18:44:23.146 | INFO     | httprunner.response:extract:179 - extract mapping: {'entSession': 'response.headers."Set-Cookie".session'}
2023-06-25 18:44:23.146 | INFO     | httprunner.response:validate:249 - assert status_code equal 200(int)	==> pass
2023-06-25 18:44:23.146 | INFO     | httprunner.response:validate:249 - assert headers."Content-Type" equal application/json;charset=UTF-8(str)	==> pass
2023-06-25 18:44:23.146 | INFO     | httprunner.response:validate:249 - assert body.message equal success(str)	==> pass
2023-06-25 18:44:23.146 | INFO     | httprunner.response:validate:249 - assert body.status equal 1(int)	==> pass
2023-06-25 18:44:23.146 | INFO     | httprunner.response:validate:249 - assert body.data equal True(bool)	==> pass
2023-06-25 18:44:23.146 | INFO     | httprunner.runner:__run_step:304 - run step end: 登录-企业用户 <<<<<<

2023-06-25 18:44:23.146 | INFO     | httprunner.runner:__run_step_testcase:286 - export variables: {'entSession': 'response.headers."Set-Cookie".session'}
2023-06-25 18:44:23.146 | INFO     | httprunner.runner:__run_step:304 - run step end: 登录-企业 <<<<<<

2023-06-25 18:44:23.147 | INFO     | httprunner.runner:__run_step:292 - run step begin: 前缀注册企业资质图片上传 >>>>>>
2023-06-25 18:44:23.147 | INFO     | httprunner.runner:__run_step:292 - run step begin: 前缀注册企业资质图片上传 >>>>>>
2023-06-25 18:44:23.245 | DEBUG    | httprunner.client:request:186 - client IP: 127.0.0.1, Port: 56713
2023-06-25 18:44:23.246 | DEBUG    | httprunner.client:request:194 - server IP: 127.0.0.1, Port: 8888
2023-06-25 18:44:23.247 | DEBUG    | httprunner.client:log_print:40 - 
================== request details ==================
method   : POST
url      : http://139.198.116.76:8000/api/file/img/upload
headers  : {
    "User-Agent": "Mozilla/5.0 (Macintosh; Intel Mac OS X 10_15_7) AppleWebKit/537.36 (KHTML, like Gecko) Chrome/105.0.0.0 Safari/537.36",
    "Accept-Encoding": "gzip, deflate",
    "Accept": "application/json, text/plain, */*",
    "Connection": "keep-alive",
    "Accept-Language": "zh-CN,zh;q=0.9",
    "Content-Type": "multipart/form-data; boundary=28da35499804488e87a02c3cef34e11f",
    "HRUN-Request-ID": "HRUN-541cd4bb-5ff7-4a7d-b223-6b1cbbca7176-863147",
    "Cookie": "SESSION=Y2ZlNmI0OWItZGMwZS00OGFhLWEyZDYtOGVmZDg2MzRhNmNi; SESSION=response.headers.\"Set-Cookie\".session",
    "Content-Length": "20435"
}
cookies  : {
    "SESSION": "Y2ZlNmI0OWItZGMwZS00OGFhLWEyZDYtOGVmZDg2MzRhNmNi"
}
body     : upload file stream (OMITTED)

2023-06-25 18:44:23.247 | DEBUG    | httprunner.client:log_print:40 - 
================== response details ==================
status_code : 200
headers  : {
    "Server": "nginx",
    "Date": "Sun, 25 Jun 2023 10:44:23 GMT",
    "Content-Type": "application/json;charset=UTF-8",
    "Transfer-Encoding": "chunked",
    "X-Frame-Options": "SAMEORIGIN",
    "Connection": "keep-alive"
}
cookies  : {}
encoding : UTF-8
content_type : application/json;charset=UTF-8
body     : {
    "message": "success",
    "status": 1,
    "data": {
        "id": 2854,
        "path": "46c5b22e-b8a2-4153-87e9-f721e71cd681.jpeg"
    }
}

2023-06-25 18:44:23.248 | INFO     | httprunner.client:request:217 - status_code: 200, response_time(ms): 97.95 ms, response_length: 0 bytes
2023-06-25 18:44:23.248 | INFO     | httprunner.response:extract:179 - extract mapping: {'imgId': 2854}
2023-06-25 18:44:23.248 | INFO     | httprunner.response:validate:249 - assert status_code equal 200(int)	==> pass
2023-06-25 18:44:23.249 | INFO     | httprunner.runner:__run_step:304 - run step end: 前缀注册企业资质图片上传 <<<<<<

2023-06-25 18:44:23.249 | INFO     | httprunner.runner:__run_step_testcase:286 - export variables: {'imgId': 2854}
2023-06-25 18:44:23.249 | INFO     | httprunner.runner:__run_step:304 - run step end: 前缀注册企业资质图片上传 <<<<<<

2023-06-25 18:44:23.249 | INFO     | httprunner.runner:__run_step:292 - run step begin: 前缀注册企业联系人身份证图片正面上传 >>>>>>
2023-06-25 18:44:23.249 | INFO     | httprunner.runner:__run_step:292 - run step begin: 前缀注册企业联系人身份证图片背面上传 >>>>>>
2023-06-25 18:44:23.346 | DEBUG    | httprunner.client:request:186 - client IP: 127.0.0.1, Port: 56713
2023-06-25 18:44:23.347 | DEBUG    | httprunner.client:request:194 - server IP: 127.0.0.1, Port: 8888
2023-06-25 18:44:23.348 | DEBUG    | httprunner.client:log_print:40 - 
================== request details ==================
method   : POST
url      : http://139.198.116.76:8000/api/file/img/upload
headers  : {
    "User-Agent": "Mozilla/5.0 (Macintosh; Intel Mac OS X 10_15_7) AppleWebKit/537.36 (KHTML, like Gecko) Chrome/105.0.0.0 Safari/537.36",
    "Accept-Encoding": "gzip, deflate",
    "Accept": "application/json, text/plain, */*",
    "Connection": "keep-alive",
    "Accept-Language": "zh-CN,zh;q=0.9",
    "Content-Type": "multipart/form-data; boundary=1bac38e004894823afc2b09c32159c52",
    "HRUN-Request-ID": "HRUN-541cd4bb-5ff7-4a7d-b223-6b1cbbca7176-863250",
    "Cookie": "SESSION=Y2ZlNmI0OWItZGMwZS00OGFhLWEyZDYtOGVmZDg2MzRhNmNi; SESSION=response.headers.\"Set-Cookie\".session",
    "Content-Length": "20435"
}
cookies  : {
    "SESSION": "Y2ZlNmI0OWItZGMwZS00OGFhLWEyZDYtOGVmZDg2MzRhNmNi"
}
body     : upload file stream (OMITTED)

2023-06-25 18:44:23.348 | DEBUG    | httprunner.client:log_print:40 - 
================== response details ==================
status_code : 200
headers  : {
    "Server": "nginx",
    "Date": "Sun, 25 Jun 2023 10:44:23 GMT",
    "Content-Type": "application/json;charset=UTF-8",
    "Transfer-Encoding": "chunked",
    "X-Frame-Options": "SAMEORIGIN",
    "Connection": "keep-alive"
}
cookies  : {}
encoding : UTF-8
content_type : application/json;charset=UTF-8
body     : {
    "message": "success",
    "status": 1,
    "data": {
        "id": 2855,
        "path": "438c272c-c910-4250-98e7-decc45a13b16.jpeg"
    }
}

2023-06-25 18:44:23.349 | INFO     | httprunner.client:request:217 - status_code: 200, response_time(ms): 96.32 ms, response_length: 0 bytes
2023-06-25 18:44:23.349 | INFO     | httprunner.response:extract:179 - extract mapping: {'imgId_f': 2855}
2023-06-25 18:44:23.349 | INFO     | httprunner.response:validate:249 - assert status_code equal 200(int)	==> pass
2023-06-25 18:44:23.349 | INFO     | httprunner.runner:__run_step:304 - run step end: 前缀注册企业联系人身份证图片背面上传 <<<<<<

2023-06-25 18:44:23.350 | INFO     | httprunner.runner:__run_step_testcase:286 - export variables: {'imgId_f': 2855}
2023-06-25 18:44:23.350 | INFO     | httprunner.runner:__run_step:304 - run step end: 前缀注册企业联系人身份证图片正面上传 <<<<<<

2023-06-25 18:44:23.350 | INFO     | httprunner.runner:__run_step:292 - run step begin: 前缀注册企业联系人身份证图片背面上传 >>>>>>
2023-06-25 18:44:23.351 | INFO     | httprunner.runner:__run_step:292 - run step begin: 前缀注册企业联系人身份证图片背面上传 >>>>>>
2023-06-25 18:44:23.450 | DEBUG    | httprunner.client:request:186 - client IP: 127.0.0.1, Port: 56713
2023-06-25 18:44:23.451 | DEBUG    | httprunner.client:request:194 - server IP: 127.0.0.1, Port: 8888
2023-06-25 18:44:23.451 | DEBUG    | httprunner.client:log_print:40 - 
================== request details ==================
method   : POST
url      : http://139.198.116.76:8000/api/file/img/upload
headers  : {
    "User-Agent": "Mozilla/5.0 (Macintosh; Intel Mac OS X 10_15_7) AppleWebKit/537.36 (KHTML, like Gecko) Chrome/105.0.0.0 Safari/537.36",
    "Accept-Encoding": "gzip, deflate",
    "Accept": "application/json, text/plain, */*",
    "Connection": "keep-alive",
    "Accept-Language": "zh-CN,zh;q=0.9",
    "Content-Type": "multipart/form-data; boundary=1b15637e81a2456e8d281f8164adf19d",
    "HRUN-Request-ID": "HRUN-541cd4bb-5ff7-4a7d-b223-6b1cbbca7176-863352",
    "Cookie": "SESSION=Y2ZlNmI0OWItZGMwZS00OGFhLWEyZDYtOGVmZDg2MzRhNmNi; SESSION=response.headers.\"Set-Cookie\".session",
    "Content-Length": "20435"
}
cookies  : {
    "SESSION": "Y2ZlNmI0OWItZGMwZS00OGFhLWEyZDYtOGVmZDg2MzRhNmNi"
}
body     : upload file stream (OMITTED)

2023-06-25 18:44:23.452 | DEBUG    | httprunner.client:log_print:40 - 
================== response details ==================
status_code : 200
headers  : {
    "Server": "nginx",
    "Date": "Sun, 25 Jun 2023 10:44:23 GMT",
    "Content-Type": "application/json;charset=UTF-8",
    "Transfer-Encoding": "chunked",
    "X-Frame-Options": "SAMEORIGIN",
    "Connection": "keep-alive"
}
cookies  : {}
encoding : UTF-8
content_type : application/json;charset=UTF-8
body     : {
    "message": "success",
    "status": 1,
    "data": {
        "id": 2856,
        "path": "8717540a-faa9-456e-9726-3710d9ed7ed2.jpeg"
    }
}

2023-06-25 18:44:23.452 | INFO     | httprunner.client:request:217 - status_code: 200, response_time(ms): 97.92 ms, response_length: 0 bytes
2023-06-25 18:44:23.453 | INFO     | httprunner.response:extract:179 - extract mapping: {'imgId_b': 2856}
2023-06-25 18:44:23.453 | INFO     | httprunner.response:validate:249 - assert status_code equal 200(int)	==> pass
2023-06-25 18:44:23.453 | INFO     | httprunner.runner:__run_step:304 - run step end: 前缀注册企业联系人身份证图片背面上传 <<<<<<

2023-06-25 18:44:23.453 | INFO     | httprunner.runner:__run_step_testcase:286 - export variables: {'imgId_b': 2856}
2023-06-25 18:44:23.454 | INFO     | httprunner.runner:__run_step:304 - run step end: 前缀注册企业联系人身份证图片背面上传 <<<<<<

2023-06-25 18:44:23.454 | INFO     | httprunner.runner:__run_step:292 - run step begin: 企业注册第一步提交信息 >>>>>>
2023-06-25 18:44:23.455 | INFO     | httprunner.runner:__run_step:292 - run step begin: 企业注册第一步提交信息 >>>>>>
2023-06-25 18:44:23.682 | DEBUG    | httprunner.client:request:186 - client IP: 127.0.0.1, Port: 56713
2023-06-25 18:44:23.683 | DEBUG    | httprunner.client:request:194 - server IP: 127.0.0.1, Port: 8888
2023-06-25 18:44:23.684 | DEBUG    | httprunner.client:log_print:40 - 
================== request details ==================
method   : POST
url      : http://139.198.116.76:8000/api/v3/entApply/basicInfo/submit
headers  : {
    "User-Agent": "Mozilla/5.0 (Macintosh; Intel Mac OS X 10_15_7) AppleWebKit/537.36 (KHTML, like Gecko) Chrome/105.0.0.0 Safari/537.36",
    "Accept-Encoding": "gzip, deflate",
    "Accept": "application/json, text/plain, */*",
    "Connection": "keep-alive",
    "Accept-Language": "zh-CN,zh;q=0.9",
    "Content-Type": "application/json;charset=UTF-8",
    "HRUN-Request-ID": "HRUN-541cd4bb-5ff7-4a7d-b223-6b1cbbca7176-863455",
    "Cookie": "SESSION=Y2ZlNmI0OWItZGMwZS00OGFhLWEyZDYtOGVmZDg2MzRhNmNi; SESSION=response.headers.\"Set-Cookie\".session",
    "Content-Length": "2555"
}
cookies  : {
    "SESSION": "Y2ZlNmI0OWItZGMwZS00OGFhLWEyZDYtOGVmZDg2MzRhNmNi"
}
body     : {
    "applyStep": 2,
    "applyType": null,
    "area": [
        "110000",
        "110100",
        "110101"
    ],
    "cltrid": null,
    "contactCrtBackImgPath": null,
    "contactCrtBackImgRid": 2856,
    "contactCrtFrontImgPath": null,
    "contactCrtFrontImgRid": 2855,
    "contactCrtNo": "141241199503258771",
    "contactCrtType": 1,
    "contactEmail": "Yt8Pqvy4Z4Zqa0f1@qaqseq.com",
    "contactName": "WkSoSOAivoa6OasgeSdPZbwpEL3VqtdZ",
    "contactPhone": "11068442932",
    "createDate": null,
    "dataHostingContractFilePath": null,
    "dataHostingContractFileRid": null,
    "dataHostingOrg": null,
    "entGeneralId": null,
    "entInfoLicenses": [],
    "entInfoSerIndustrys": [],
    "entPrefix": "88.408.6445521742",
    "escrowId": null,
    "escrowOrgName": null,
    "establishDate": null,
    "extDomain": null,
    "extIpAddr": null,
    "extWebName": null,
    "finalAuditMsg": null,
    "finalAuditStatus": null,
    "firstAuditMsg": null,
    "firstAuditStatus": null,
    "id": null,
    "idRegNaImp": null,
    "industry": [
        "A",
        "01"
    ],
    "industryCategory": "A",
    "industrySpecific": "01",
    "isSubmit": 0,
    "legalCrtBackImgContent": null,
    "legalCrtBackImgPath": null,
    "legalCrtBackImgRid": 2856,
    "legalCrtFrontImgContent": null,
    "legalCrtFrontImgPath": null,
    "legalCrtFrontImgRid": 2855,
    "legalCrtNo": "141241199503258771",
    "legalCrtType": "1",
    "legalCrtTypeDesc": "中国居民身份证",
    "legalEmail": null,
    "legalFax": null,
    "legalName": "张三",
    "legalPhone": null,
    "orgAddr": "致真",
    "orgAddrCity": "110100",
    "orgAddrCityDesc": "市辖区",
    "orgAddrCounty": "110101",
    "orgAddrCountyDesc": "东城区",
    "orgAddrProvince": "110000",
    "orgAddrProvinceDesc": "北京市",
    "orgCategorySpecificDesc": "农、林、牧、渔业-农业",
    "orgCrtCode": "WkSoSOAivoa6OasgeSdPZbwpEL3VqtdZ",
    "orgCrtImgContent": null,
    "orgCrtImgPath": null,
    "orgCrtImgRid": 2854,
    "orgCrtType": "1",
    "orgDesc": null,
    "orgName": "WkSoSOAivoa6OasgeSdPZbwpEL3VqtdZ",
    "orgNature": "1",
    "orgNatureDesc": "国有控股",
    "periodValidity": null,
    "regAuthority": null,
    "regCapital": null,
    "regRealNaImpName": null,
    "regRealNaImpType": null,
    "servHostingContractFilePath": null,
    "servHostingContractFileRid": null,
    "servHostingOrg": null,
    "servSysBuildContractFilePath": null,
    "servSysBuildContractFileRid": null,
    "servSysBuildName": null,
    "servSysBuildType": 1,
    "servSysOperContractFilePath": null,
    "servSysOperContractFileRid": null,
    "servSysOperName": null,
    "servSysOperType": 1,
    "svtrid": null,
    "thirdServiceMsg": null,
    "thirdServiceStatus": null,
    "updateDate": null,
    "userId": null,
    "userName": null,
    "website": null
}

2023-06-25 18:44:23.685 | DEBUG    | httprunner.client:log_print:40 - 
================== response details ==================
status_code : 200
headers  : {
    "Server": "nginx",
    "Date": "Sun, 25 Jun 2023 10:44:23 GMT",
    "Content-Type": "application/json;charset=UTF-8",
    "Transfer-Encoding": "chunked",
    "X-Frame-Options": "SAMEORIGIN",
    "Connection": "keep-alive"
}
cookies  : {}
encoding : UTF-8
content_type : application/json;charset=UTF-8
body     : {
    "message": "success",
    "status": 1,
    "data": true
}

2023-06-25 18:44:23.686 | INFO     | httprunner.client:request:217 - status_code: 200, response_time(ms): 226.74 ms, response_length: 0 bytes
2023-06-25 18:44:23.686 | INFO     | httprunner.response:validate:249 - assert status_code equal 200(int)	==> pass
2023-06-25 18:44:23.686 | INFO     | httprunner.response:validate:249 - assert body.message equal success(str)	==> pass
2023-06-25 18:44:23.686 | INFO     | httprunner.runner:__run_step:304 - run step end: 企业注册第一步提交信息 <<<<<<

2023-06-25 18:44:23.687 | INFO     | httprunner.runner:__run_step:304 - run step end: 企业注册第一步提交信息 <<<<<<

2023-06-25 18:44:23.687 | INFO     | httprunner.runner:__run_step:292 - run step begin: 企业注册查询注册信息 >>>>>>
2023-06-25 18:44:23.688 | INFO     | httprunner.runner:__run_step:292 - run step begin: 企业注册查询注册信息 >>>>>>
2023-06-25 18:44:23.769 | DEBUG    | httprunner.client:request:186 - client IP: 127.0.0.1, Port: 56713
2023-06-25 18:44:23.769 | DEBUG    | httprunner.client:request:194 - server IP: 127.0.0.1, Port: 8888
2023-06-25 18:44:23.770 | DEBUG    | httprunner.client:log_print:40 - 
================== request details ==================
method   : GET
url      : http://139.198.116.76:8000/api/v3/entApply/applyOrNot
headers  : {
    "User-Agent": "Mozilla/5.0 (Macintosh; Intel Mac OS X 10_15_7) AppleWebKit/537.36 (KHTML, like Gecko) Chrome/105.0.0.0 Safari/537.36",
    "Accept-Encoding": "gzip, deflate",
    "Accept": "application/json, text/plain, */*",
    "Connection": "keep-alive",
    "Accept-Language": "zh-CN,zh;q=0.9",
    "HRUN-Request-ID": "HRUN-541cd4bb-5ff7-4a7d-b223-6b1cbbca7176-863688",
    "Cookie": "SESSION=Y2ZlNmI0OWItZGMwZS00OGFhLWEyZDYtOGVmZDg2MzRhNmNi; SESSION=response.headers.\"Set-Cookie\".session"
}
cookies  : {
    "SESSION": "Y2ZlNmI0OWItZGMwZS00OGFhLWEyZDYtOGVmZDg2MzRhNmNi"
}
body     : None

2023-06-25 18:44:23.772 | DEBUG    | httprunner.client:log_print:40 - 
================== response details ==================
status_code : 200
headers  : {
    "Server": "nginx",
    "Date": "Sun, 25 Jun 2023 10:44:23 GMT",
    "Content-Type": "application/json;charset=UTF-8",
    "Transfer-Encoding": "chunked",
    "X-Frame-Options": "SAMEORIGIN",
    "Connection": "keep-alive"
}
cookies  : {}
encoding : UTF-8
content_type : application/json;charset=UTF-8
body     : {
    "message": "success",
    "status": 1,
    "data": {
        "nbmsEntApplyPO": {
            "id": 1426,
            "createDate": "2023-06-25 18:44:24",
            "updateDate": "2023-06-25 18:44:24",
            "applyType": null,
            "entGeneralId": null,
            "applyStep": 2,
            "isSubmit": 0,
            "entPrefix": "88.408.6445521742",
            "firstAuditStatus": null,
            "firstAuditMsg": null,
            "thirdServiceStatus": null,
            "thirdServiceMsg": null,
            "userName": "WkSoSOAivoa6OasgeSdPZbwpEL3VqtdZ",
            "finalAuditStatus": null,
            "finalAuditMsg": null,
            "svtrid": null,
            "cltrid": null,
            "userId": 1660,
            "orgName": "WkSoSOAivoa6OasgeSdPZbwpEL3VqtdZ",
            "orgNature": "1",
            "orgAddrProvince": "110000",
            "orgAddrCity": "110100",
            "orgAddrCounty": "110101",
            "orgAddr": "致真",
            "orgCrtType": "1",
            "orgCrtCode": "WkSoSOAivoa6OasgeSdPZbwpEL3VqtdZ",
            "legalName": "张三",
            "legalCrtType": "1",
            "legalCrtNo": "141241199503258771",
            "orgDesc": null,
            "industryCategory": "A",
            "industrySpecific": "01",
            "contactName": "WkSoSOAivoa6OasgeSdPZbwpEL3VqtdZ",
            "contactPhone": "11068442932",
            "contactCrtType": 1,
            "contactCrtNo": "141241199503258771",
            "contactEmail": "Yt8Pqvy4Z4Zqa0f1@qaqseq.com",
            "website": null,
            "regAuthority": null,
            "regCapital": null,
            "establishDate": null,
            "periodValidity": null,
            "legalEmail": null,
            "legalPhone": null,
            "legalFax": null,
            "servSysBuildType": null,
            "servSysBuildName": null,
            "servSysOperType": null,
            "servSysOperName": null,
            "dataHostingOrg": null,
            "servHostingOrg": null,
            "regRealNaImpType": null,
            "regRealNaImpName": null,
            "idRegNaImp": null,
            "extWebName": null,
            "extDomain": null,
            "extIpAddr": null,
            "orgCrtImgRid": 2854,
            "contactCrtFrontImgRid": 2855,
            "contactCrtBackImgRid": 2856,
            "legalCrtFrontImgRid": 2855,
            "legalCrtBackImgRid": 2856,
            "servSysBuildContractFileRid": null,
            "servSysOperContractFileRid": null,
            "dataHostingContractFileRid": null,
            "servHostingContractFileRid": null,
            "entInfoLicenses": [],
            "entInfoSyss": [],
            "entInfoSerIndustrys": [],
            "escrowId": null,
            "industryQualificationRid": null,
            "certificationRid": null,
            "openingBank": null,
            "bankCard": null,
            "verificationName": null,
            "orgNatureDesc": "国有控股",
            "orgCrtImgContent": null,
            "orgCategorySpecificDesc": "农、林、牧、渔业-农业",
            "orgAddrProvinceDesc": "北京市",
            "orgAddrCountyDesc": "东城区",
            "orgAddrCityDesc": "市辖区",
            "legalCrtTypeDesc": "中国居民身份证",
            "legalCrtFrontImgContent": null,
            "legalCrtBackImgContent": null,
            "orgCrtImgPath": "46c5b22e-b8a2-4153-87e9-f721e71cd681.jpeg",
            "contactCrtFrontImgPath": "438c272c-c910-4250-98e7-decc45a13b16.jpeg",
            "contactCrtBackImgPath": "8717540a-faa9-456e-9726-3710d9ed7ed2.jpeg",
            "legalCrtFrontImgPath": "438c272c-c910-4250-98e7-decc45a13b16.jpeg",
            "legalCrtBackImgPath": "8717540a-faa9-456e-9726-3710d9ed7ed2.jpeg",
            "servSysBuildContractFilePath": null,
            "servSysOperContractFilePath": null,
            "dataHostingContractFilePath": null,
            "servHostingContractFilePath": null,
            "industryQualificationFilePath": null,
            "certificationFilePath": null,
            "escrowOrgName": null
        },
        "nbmsEntPO": null,
        "nbmsEntPrefixApplyPO": null,
        "needRelog": null,
        "applyStatus": 0
    }
}

2023-06-25 18:44:23.772 | INFO     | httprunner.client:request:217 - status_code: 200, response_time(ms): 80.41 ms, response_length: 0 bytes
2023-06-25 18:44:23.776 | INFO     | httprunner.response:extract:179 - extract mapping: {'applyId': 1426, 'userId': 1660, 'userName': 'WkSoSOAivoa6OasgeSdPZbwpEL3VqtdZ', 'imgId_f': 2855, 'imgId_b': 2856, 'entId': None, 'entUserId': None, 'prefix': '88.408.6445521742', 'contactCrtNo': '141241199503258771', 'contactCrtType': 1, 'contactEmail': 'Yt8Pqvy4Z4Zqa0f1@qaqseq.com', 'contactName': 'WkSoSOAivoa6OasgeSdPZbwpEL3VqtdZ', 'contactPhone': '11068442932', 'industryCategory': 'A', 'industrySpecific': '01', 'orgName': 'WkSoSOAivoa6OasgeSdPZbwpEL3VqtdZ', 'orgNature': '1', 'orgAddrProvince': '110000', 'orgAddrCity': '110100', 'orgAddrCounty': '110101', 'orgAddr': '致真', 'orgCrtType': '1', 'orgCrtCode': 'WkSoSOAivoa6OasgeSdPZbwpEL3VqtdZ', 'legalName': '张三', 'legalEmail': None, 'legalPhone': None, 'legalCrtType': '1', 'legalCrtNo': '141241199503258771', 'legalCrtFrontImgRid': 2855, 'legalCrtBackImgRid': 2856, 'orgCrtImgRid': 2854, 'imgId': 2854, 'orgNatureDesc': '国有控股', 'orgCategorySpecificDesc': '农、林、牧、渔业-农业', 'orgAddrProvinceDesc': '北京市', 'orgAddrCountyDesc': '东城区', 'orgAddrCityDesc': '市辖区', 'legalCrtTypeDesc': '中国居民身份证', 'createDate': '2023-06-25 18:44:24', 'updateDate': '2023-06-25 18:44:24', 'entInfoSyss_0_id': None, 'entInfoSyss_0_entApplyId': None, 'entApplyId': None, 'entInfoSyss_0_sysType': None, 'entInfoSyss_0_deployMode': None, 'entInfoSyss_0_deployAddr': None, 'entInfoSyss_0_deployAddrProvince': None, 'entInfoSyss_0_deployAddrCity': None, 'entInfoSyss_0_deployAddrCounty': None, 'entInfoSyss_1_id': None, 'entInfoSyss_1_entApplyId': None, 'entInfoSyss_1_sysType': None, 'entInfoSyss_1_deployMode': None, 'entInfoSyss_1_deployAddr': None, 'entInfoSyss_1_deployAddrProvince': None, 'entInfoSyss_1_deployAddrCity': None, 'entInfoSyss_1_deployAddrCounty': None, 'entInfoSyss_2_id': None, 'entInfoSyss_2_entApplyId': None, 'entInfoSyss_2_sysType': None, 'entInfoSyss_2_deployMode': None, 'entInfoSyss_2_deployAddr': None, 'entInfoSyss_2_deployAddrProvince': None, 'entInfoSyss_2_deployAddrCity': None, 'entInfoSyss_2_deployAddrCounty': None, 'entInfoSyss_3_id': None, 'entInfoSyss_3_entApplyId': None, 'entInfoSyss_3_sysType': None, 'entInfoSyss_3_deployMode': None, 'entInfoSyss_3_deployAddr': None, 'entInfoSyss_3_deployAddrProvince': None, 'entInfoSyss_3_deployAddrCity': None, 'entInfoSyss_3_deployAddrCounty': None}
2023-06-25 18:44:23.776 | INFO     | httprunner.response:validate:249 - assert status_code equal 200(int)	==> pass
2023-06-25 18:44:23.776 | INFO     | httprunner.response:validate:249 - assert body.message equal success(str)	==> pass
2023-06-25 18:44:23.776 | INFO     | httprunner.runner:__run_step:304 - run step end: 企业注册查询注册信息 <<<<<<

2023-06-25 18:44:23.776 | INFO     | httprunner.runner:__run_step_testcase:286 - export variables: {'legalCrtTypeDesc': '中国居民身份证', 'entInfoSyss_1_deployAddrProvince': None, 'orgCategorySpecificDesc': '农、林、牧、渔业-农业', 'entId': None, 'legalCrtType': '1', 'entInfoSyss_2_sysType': None, 'userId': 1660, 'entInfoSyss_2_entApplyId': None, 'legalPhone': None, 'contactPhone': '11068442932', 'industryCategory': 'A', 'entInfoSyss_1_deployMode': None, 'entInfoSyss_3_deployAddrProvince': None, 'entInfoSyss_0_deployAddr': None, 'entInfoSyss_0_entApplyId': None, 'orgNature': '1', 'legalEmail': None, 'orgAddrProvinceDesc': '北京市', 'entUserId': None, 'entInfoSyss_3_deployAddr': None, 'entInfoSyss_3_id': None, 'entInfoSyss_3_sysType': None, 'contactCrtNo': '141241199503258771', 'contactEmail': 'Yt8Pqvy4Z4Zqa0f1@qaqseq.com', 'entInfoSyss_2_deployAddrProvince': None, 'prefix': '88.408.6445521742', 'userName': 'WkSoSOAivoa6OasgeSdPZbwpEL3VqtdZ', 'entInfoSyss_0_deployMode': None, 'contactCrtType': 1, 'legalName': '张三', 'orgAddrCountyDesc': '东城区', 'orgCrtType': '1', 'createDate': '2023-06-25 18:44:24', 'entInfoSyss_0_deployAddrCounty': None, 'legalCrtNo': '141241199503258771', 'entInfoSyss_2_id': None, 'entInfoSyss_2_deployAddr': None, 'orgCrtImgRid': 2854, 'imgId': 2854, 'entInfoSyss_3_deployAddrCity': None, 'orgNatureDesc': '国有控股', 'applyId': 1426, 'orgAddr': '致真', 'imgId_b': 2856, 'updateDate': '2023-06-25 18:44:24', 'entInfoSyss_3_entApplyId': None, 'entInfoSyss_1_entApplyId': None, 'legalCrtFrontImgRid': 2855, 'entInfoSyss_2_deployAddrCounty': None, 'entInfoSyss_1_sysType': None, 'entInfoSyss_3_deployAddrCounty': None, 'entInfoSyss_1_deployAddr': None, 'entApplyId': None, 'orgName': 'WkSoSOAivoa6OasgeSdPZbwpEL3VqtdZ', 'entInfoSyss_0_sysType': None, 'legalCrtBackImgRid': 2856, 'imgId_f': 2855, 'orgAddrProvince': '110000', 'entInfoSyss_3_deployMode': None, 'orgCrtCode': 'WkSoSOAivoa6OasgeSdPZbwpEL3VqtdZ', 'entInfoSyss_1_deployAddrCity': None, 'entInfoSyss_2_deployAddrCity': None, 'entInfoSyss_0_deployAddrCity': None, 'entInfoSyss_2_deployMode': None, 'entInfoSyss_0_deployAddrProvince': None, 'entInfoSyss_1_deployAddrCounty': None, 'orgAddrCounty': '110101', 'orgAddrCityDesc': '市辖区', 'entInfoSyss_0_id': None, 'entInfoSyss_1_id': None, 'contactName': 'WkSoSOAivoa6OasgeSdPZbwpEL3VqtdZ', 'industrySpecific': '01', 'orgAddrCity': '110100'}
2023-06-25 18:44:23.776 | INFO     | httprunner.runner:__run_step:304 - run step end: 企业注册查询注册信息 <<<<<<

2023-06-25 18:44:23.776 | INFO     | httprunner.runner:__run_step:292 - run step begin: 企业注册第二步提交信息 >>>>>>
2023-06-25 18:44:23.777 | INFO     | httprunner.runner:__run_step:292 - run step begin: 企业注册第二步提交信息 >>>>>>
2023-06-25 18:44:23.847 | DEBUG    | httprunner.client:request:186 - client IP: 127.0.0.1, Port: 56713
2023-06-25 18:44:23.847 | DEBUG    | httprunner.client:request:194 - server IP: 127.0.0.1, Port: 8888
2023-06-25 18:44:23.849 | DEBUG    | httprunner.client:log_print:40 - 
================== request details ==================
method   : POST
url      : http://139.198.116.76:8000/api/v3/entApply/registerManageInfo
headers  : {
    "User-Agent": "Mozilla/5.0 (Macintosh; Intel Mac OS X 10_15_7) AppleWebKit/537.36 (KHTML, like Gecko) Chrome/105.0.0.0 Safari/537.36",
    "Accept-Encoding": "gzip, deflate",
    "Accept": "application/json, text/plain, */*",
    "Connection": "keep-alive",
    "Accept-Language": "zh-CN,zh;q=0.9",
    "Content-Type": "application/json;charset=UTF-8",
    "X-HTTP-Method-Override": "put",
    "HRUN-Request-ID": "HRUN-541cd4bb-5ff7-4a7d-b223-6b1cbbca7176-863777",
    "Cookie": "SESSION=Y2ZlNmI0OWItZGMwZS00OGFhLWEyZDYtOGVmZDg2MzRhNmNi; SESSION=response.headers.\"Set-Cookie\".session",
    "Content-Length": "3280"
}
cookies  : {
    "SESSION": "Y2ZlNmI0OWItZGMwZS00OGFhLWEyZDYtOGVmZDg2MzRhNmNi"
}
body     : {
    "applyStep": 3,
    "applyType": null,
    "cltrid": null,
    "contactCrtBackImgPath": null,
    "contactCrtBackImgRid": 2856,
    "contactCrtFrontImgPath": null,
    "contactCrtFrontImgRid": 2855,
    "contactCrtNo": "141241199503258771",
    "contactCrtType": 1,
    "contactEmail": "Yt8Pqvy4Z4Zqa0f1@qaqseq.com",
    "contactName": "WkSoSOAivoa6OasgeSdPZbwpEL3VqtdZ",
    "contactPhone": "11068442932",
    "createDate": "2023-06-25 18:44:24",
    "dataHostingContractFilePath": null,
    "dataHostingContractFileRid": null,
    "dataHostingOrg": null,
    "entGeneralId": null,
    "entInfoLicenses": [],
    "entInfoSerIndustrys": [],
    "entInfoSyss": [
        {
            "deployAddr": "致真",
            "deployAddrCity": "110100",
            "deployAddrCounty": "110101",
            "deployAddrProvince": "110000",
            "deployMode": 1,
            "ipPort": null,
            "name": null,
            "sysType": 1
        },
        {
            "deployAddr": "致真",
            "deployAddrCity": "110100",
            "deployAddrCounty": "110101",
            "deployAddrProvince": "110000",
            "deployMode": 1,
            "ipPort": null,
            "name": null,
            "sysType": 2
        },
        {
            "deployAddr": "天津",
            "deployAddrCity": "120100",
            "deployAddrCounty": "120101",
            "deployAddrProvince": "120000",
            "deployMode": 1,
            "ipPort": null,
            "name": null,
            "sysType": 3
        },
        {
            "deployAddr": "天津",
            "deployAddrCity": "120100",
            "deployAddrCounty": "120101",
            "deployAddrProvince": "120000",
            "deployMode": 1,
            "ipPort": null,
            "name": null,
            "sysType": 4
        }
    ],
    "entPrefix": "88.408.6445521742",
    "escrowId": null,
    "escrowOrgName": null,
    "establishDate": null,
    "extDomain": null,
    "extIpAddr": null,
    "extWebName": null,
    "finalAuditMsg": null,
    "finalAuditStatus": null,
    "firstAuditMsg": null,
    "firstAuditStatus": null,
    "id": 1426,
    "idRegNaImp": null,
    "industryCategory": "A",
    "industrySpecific": "01",
    "isSubmit": 0,
    "legalCrtBackImgContent": null,
    "legalCrtBackImgPath": null,
    "legalCrtBackImgRid": 2856,
    "legalCrtFrontImgContent": null,
    "legalCrtFrontImgPath": null,
    "legalCrtFrontImgRid": 2855,
    "legalCrtNo": "141241199503258771",
    "legalCrtType": "1",
    "legalCrtTypeDesc": "中国居民身份证",
    "legalEmail": null,
    "legalFax": null,
    "legalName": "张三",
    "legalPhone": null,
    "orgAddr": "致真",
    "orgAddrCity": "110100",
    "orgAddrCityDesc": "市辖区",
    "orgAddrCounty": "110101",
    "orgAddrCountyDesc": "东城区",
    "orgAddrProvince": "110000",
    "orgAddrProvinceDesc": "北京市",
    "orgCategorySpecificDesc": "农、林、牧、渔业-农业",
    "orgCrtCode": "WkSoSOAivoa6OasgeSdPZbwpEL3VqtdZ",
    "orgCrtImgContent": null,
    "orgCrtImgPath": null,
    "orgCrtImgRid": 2854,
    "orgCrtType": "1",
    "orgDesc": null,
    "orgName": "WkSoSOAivoa6OasgeSdPZbwpEL3VqtdZ",
    "orgNature": "1",
    "orgNatureDesc": "1",
    "periodValidity": null,
    "regAuthority": null,
    "regCapital": null,
    "regRealNaImpName": null,
    "regRealNaImpType": null,
    "servHostingContractFilePath": null,
    "servHostingContractFileRid": null,
    "servHostingOrg": null,
    "servSysBuildContractFilePath": null,
    "servSysBuildContractFileRid": null,
    "servSysBuildName": null,
    "servSysBuildType": 1,
    "servSysOperContractFilePath": null,
    "servSysOperContractFileRid": null,
    "servSysOperName": null,
    "servSysOperType": 1,
    "svtrid": null,
    "thirdServiceMsg": null,
    "thirdServiceStatus": null,
    "updateDate": "2023-06-25 18:44:24",
    "userId": 1660,
    "userName": "WkSoSOAivoa6OasgeSdPZbwpEL3VqtdZ",
    "website": null
}

2023-06-25 18:44:23.850 | DEBUG    | httprunner.client:log_print:40 - 
================== response details ==================
status_code : 200
headers  : {
    "Server": "nginx",
    "Date": "Sun, 25 Jun 2023 10:44:24 GMT",
    "Content-Type": "application/json;charset=UTF-8",
    "Transfer-Encoding": "chunked",
    "X-Frame-Options": "SAMEORIGIN",
    "Connection": "keep-alive"
}
cookies  : {}
encoding : UTF-8
content_type : application/json;charset=UTF-8
body     : {
    "message": "success",
    "status": 1,
    "data": true
}

2023-06-25 18:44:23.850 | INFO     | httprunner.client:request:217 - status_code: 200, response_time(ms): 69.5 ms, response_length: 0 bytes
2023-06-25 18:44:23.850 | INFO     | httprunner.response:validate:249 - assert status_code equal 200(int)	==> pass
2023-06-25 18:44:23.850 | INFO     | httprunner.response:validate:249 - assert body.message equal success(str)	==> pass
2023-06-25 18:44:23.851 | INFO     | httprunner.runner:__run_step:304 - run step end: 企业注册第二步提交信息 <<<<<<

2023-06-25 18:44:23.851 | INFO     | httprunner.runner:__run_step:304 - run step end: 企业注册第二步提交信息 <<<<<<

2023-06-25 18:44:23.851 | INFO     | httprunner.runner:__run_step:292 - run step begin: 企业注册查询注册信息 >>>>>>
2023-06-25 18:44:23.851 | INFO     | httprunner.runner:__run_step:292 - run step begin: 企业注册查询注册信息 >>>>>>
2023-06-25 18:44:23.949 | DEBUG    | httprunner.client:request:186 - client IP: 127.0.0.1, Port: 56713
2023-06-25 18:44:23.950 | DEBUG    | httprunner.client:request:194 - server IP: 127.0.0.1, Port: 8888
2023-06-25 18:44:23.950 | DEBUG    | httprunner.client:log_print:40 - 
================== request details ==================
method   : GET
url      : http://139.198.116.76:8000/api/v3/entApply/applyOrNot
headers  : {
    "User-Agent": "Mozilla/5.0 (Macintosh; Intel Mac OS X 10_15_7) AppleWebKit/537.36 (KHTML, like Gecko) Chrome/105.0.0.0 Safari/537.36",
    "Accept-Encoding": "gzip, deflate",
    "Accept": "application/json, text/plain, */*",
    "Connection": "keep-alive",
    "Accept-Language": "zh-CN,zh;q=0.9",
    "HRUN-Request-ID": "HRUN-541cd4bb-5ff7-4a7d-b223-6b1cbbca7176-863851",
    "Cookie": "SESSION=Y2ZlNmI0OWItZGMwZS00OGFhLWEyZDYtOGVmZDg2MzRhNmNi; SESSION=response.headers.\"Set-Cookie\".session"
}
cookies  : {
    "SESSION": "Y2ZlNmI0OWItZGMwZS00OGFhLWEyZDYtOGVmZDg2MzRhNmNi"
}
body     : None

2023-06-25 18:44:23.952 | DEBUG    | httprunner.client:log_print:40 - 
================== response details ==================
status_code : 200
headers  : {
    "Server": "nginx",
    "Date": "Sun, 25 Jun 2023 10:44:24 GMT",
    "Content-Type": "application/json;charset=UTF-8",
    "Transfer-Encoding": "chunked",
    "X-Frame-Options": "SAMEORIGIN",
    "Connection": "keep-alive"
}
cookies  : {}
encoding : UTF-8
content_type : application/json;charset=UTF-8
body     : {
    "message": "success",
    "status": 1,
    "data": {
        "nbmsEntApplyPO": {
            "id": 1426,
            "createDate": "2023-06-25 18:44:24",
            "updateDate": "2023-06-25 18:44:24",
            "applyType": null,
            "entGeneralId": null,
            "applyStep": 3,
            "isSubmit": 0,
            "entPrefix": "88.408.6445521742",
            "firstAuditStatus": null,
            "firstAuditMsg": null,
            "thirdServiceStatus": null,
            "thirdServiceMsg": null,
            "userName": "WkSoSOAivoa6OasgeSdPZbwpEL3VqtdZ",
            "finalAuditStatus": null,
            "finalAuditMsg": null,
            "svtrid": null,
            "cltrid": null,
            "userId": 1660,
            "orgName": "WkSoSOAivoa6OasgeSdPZbwpEL3VqtdZ",
            "orgNature": "1",
            "orgAddrProvince": "110000",
            "orgAddrCity": "110100",
            "orgAddrCounty": "110101",
            "orgAddr": "致真",
            "orgCrtType": "1",
            "orgCrtCode": "WkSoSOAivoa6OasgeSdPZbwpEL3VqtdZ",
            "legalName": "张三",
            "legalCrtType": "1",
            "legalCrtNo": "141241199503258771",
            "orgDesc": null,
            "industryCategory": "A",
            "industrySpecific": "01",
            "contactName": "WkSoSOAivoa6OasgeSdPZbwpEL3VqtdZ",
            "contactPhone": "11068442932",
            "contactCrtType": 1,
            "contactCrtNo": "141241199503258771",
            "contactEmail": "Yt8Pqvy4Z4Zqa0f1@qaqseq.com",
            "website": null,
            "regAuthority": null,
            "regCapital": null,
            "establishDate": null,
            "periodValidity": null,
            "legalEmail": null,
            "legalPhone": null,
            "legalFax": null,
            "servSysBuildType": 1,
            "servSysBuildName": null,
            "servSysOperType": 1,
            "servSysOperName": null,
            "dataHostingOrg": null,
            "servHostingOrg": null,
            "regRealNaImpType": null,
            "regRealNaImpName": null,
            "idRegNaImp": null,
            "extWebName": null,
            "extDomain": null,
            "extIpAddr": null,
            "orgCrtImgRid": 2854,
            "contactCrtFrontImgRid": 2855,
            "contactCrtBackImgRid": 2856,
            "legalCrtFrontImgRid": 2855,
            "legalCrtBackImgRid": 2856,
            "servSysBuildContractFileRid": null,
            "servSysOperContractFileRid": null,
            "dataHostingContractFileRid": null,
            "servHostingContractFileRid": null,
            "entInfoLicenses": [],
            "entInfoSyss": [
                {
                    "id": 3564,
                    "entApplyId": 1426,
                    "sysType": 1,
                    "deployMode": 1,
                    "deployAddr": "致真",
                    "deployAddrProvince": "110000",
                    "deployAddrCity": "110100",
                    "deployAddrCounty": "110101",
                    "name": null,
                    "ipPort": null
                },
                {
                    "id": 3565,
                    "entApplyId": 1426,
                    "sysType": 2,
                    "deployMode": 1,
                    "deployAddr": "致真",
                    "deployAddrProvince": "110000",
                    "deployAddrCity": "110100",
                    "deployAddrCounty": "110101",
                    "name": null,
                    "ipPort": null
                },
                {
                    "id": 3566,
                    "entApplyId": 1426,
                    "sysType": 3,
                    "deployMode": 1,
                    "deployAddr": "天津",
                    "deployAddrProvince": "120000",
                    "deployAddrCity": "120100",
                    "deployAddrCounty": "120101",
                    "name": null,
                    "ipPort": null
                },
                {
                    "id": 3567,
                    "entApplyId": 1426,
                    "sysType": 4,
                    "deployMode": 1,
                    "deployAddr": "天津",
                    "deployAddrProvince": "120000",
                    "deployAddrCity": "120100",
                    "deployAddrCounty": "120101",
                    "name": null,
                    "ipPort": null
                }
            ],
            "entInfoSerIndustrys": [],
            "escrowId": null,
            "industryQualificationRid": null,
            "certificationRid": null,
            "openingBank": null,
            "bankCard": null,
            "verificationName": null,
            "orgNatureDesc": "国有控股",
            "orgCrtImgContent": null,
            "orgCategorySpecificDesc": "农、林、牧、渔业-农业",
            "orgAddrProvinceDesc": "北京市",
            "orgAddrCountyDesc": "东城区",
            "orgAddrCityDesc": "市辖区",
            "legalCrtTypeDesc": "中国居民身份证",
            "legalCrtFrontImgContent": null,
            "legalCrtBackImgContent": null,
            "orgCrtImgPath": "46c5b22e-b8a2-4153-87e9-f721e71cd681.jpeg",
            "contactCrtFrontImgPath": "438c272c-c910-4250-98e7-decc45a13b16.jpeg",
            "contactCrtBackImgPath": "8717540a-faa9-456e-9726-3710d9ed7ed2.jpeg",
            "legalCrtFrontImgPath": "438c272c-c910-4250-98e7-decc45a13b16.jpeg",
            "legalCrtBackImgPath": "8717540a-faa9-456e-9726-3710d9ed7ed2.jpeg",
            "servSysBuildContractFilePath": null,
            "servSysOperContractFilePath": null,
            "dataHostingContractFilePath": null,
            "servHostingContractFilePath": null,
            "industryQualificationFilePath": null,
            "certificationFilePath": null,
            "escrowOrgName": null
        },
        "nbmsEntPO": null,
        "nbmsEntPrefixApplyPO": null,
        "needRelog": null,
        "applyStatus": 0
    }
}

2023-06-25 18:44:23.952 | INFO     | httprunner.client:request:217 - status_code: 200, response_time(ms): 97.88 ms, response_length: 0 bytes
2023-06-25 18:44:23.954 | INFO     | httprunner.response:extract:179 - extract mapping: {'applyId': 1426, 'userId': 1660, 'userName': 'WkSoSOAivoa6OasgeSdPZbwpEL3VqtdZ', 'imgId_f': 2855, 'imgId_b': 2856, 'entId': None, 'entUserId': None, 'prefix': '88.408.6445521742', 'contactCrtNo': '141241199503258771', 'contactCrtType': 1, 'contactEmail': 'Yt8Pqvy4Z4Zqa0f1@qaqseq.com', 'contactName': 'WkSoSOAivoa6OasgeSdPZbwpEL3VqtdZ', 'contactPhone': '11068442932', 'industryCategory': 'A', 'industrySpecific': '01', 'orgName': 'WkSoSOAivoa6OasgeSdPZbwpEL3VqtdZ', 'orgNature': '1', 'orgAddrProvince': '110000', 'orgAddrCity': '110100', 'orgAddrCounty': '110101', 'orgAddr': '致真', 'orgCrtType': '1', 'orgCrtCode': 'WkSoSOAivoa6OasgeSdPZbwpEL3VqtdZ', 'legalName': '张三', 'legalEmail': None, 'legalPhone': None, 'legalCrtType': '1', 'legalCrtNo': '141241199503258771', 'legalCrtFrontImgRid': 2855, 'legalCrtBackImgRid': 2856, 'orgCrtImgRid': 2854, 'imgId': 2854, 'orgNatureDesc': '国有控股', 'orgCategorySpecificDesc': '农、林、牧、渔业-农业', 'orgAddrProvinceDesc': '北京市', 'orgAddrCountyDesc': '东城区', 'orgAddrCityDesc': '市辖区', 'legalCrtTypeDesc': '中国居民身份证', 'createDate': '2023-06-25 18:44:24', 'updateDate': '2023-06-25 18:44:24', 'entInfoSyss_0_id': 3564, 'entInfoSyss_0_entApplyId': 1426, 'entApplyId': 1426, 'entInfoSyss_0_sysType': 1, 'entInfoSyss_0_deployMode': 1, 'entInfoSyss_0_deployAddr': '致真', 'entInfoSyss_0_deployAddrProvince': '110000', 'entInfoSyss_0_deployAddrCity': '110100', 'entInfoSyss_0_deployAddrCounty': '110101', 'entInfoSyss_1_id': 3565, 'entInfoSyss_1_entApplyId': 1426, 'entInfoSyss_1_sysType': 2, 'entInfoSyss_1_deployMode': 1, 'entInfoSyss_1_deployAddr': '致真', 'entInfoSyss_1_deployAddrProvince': '110000', 'entInfoSyss_1_deployAddrCity': '110100', 'entInfoSyss_1_deployAddrCounty': '110101', 'entInfoSyss_2_id': 3566, 'entInfoSyss_2_entApplyId': 1426, 'entInfoSyss_2_sysType': 3, 'entInfoSyss_2_deployMode': 1, 'entInfoSyss_2_deployAddr': '天津', 'entInfoSyss_2_deployAddrProvince': '120000', 'entInfoSyss_2_deployAddrCity': '120100', 'entInfoSyss_2_deployAddrCounty': '120101', 'entInfoSyss_3_id': 3567, 'entInfoSyss_3_entApplyId': 1426, 'entInfoSyss_3_sysType': 4, 'entInfoSyss_3_deployMode': 1, 'entInfoSyss_3_deployAddr': '天津', 'entInfoSyss_3_deployAddrProvince': '120000', 'entInfoSyss_3_deployAddrCity': '120100', 'entInfoSyss_3_deployAddrCounty': '120101'}
2023-06-25 18:44:23.955 | INFO     | httprunner.response:validate:249 - assert status_code equal 200(int)	==> pass
2023-06-25 18:44:23.955 | INFO     | httprunner.response:validate:249 - assert body.message equal success(str)	==> pass
2023-06-25 18:44:23.955 | INFO     | httprunner.runner:__run_step:304 - run step end: 企业注册查询注册信息 <<<<<<

2023-06-25 18:44:23.955 | INFO     | httprunner.runner:__run_step_testcase:286 - export variables: {'legalCrtTypeDesc': '中国居民身份证', 'entInfoSyss_1_deployAddrProvince': '110000', 'orgCategorySpecificDesc': '农、林、牧、渔业-农业', 'entId': None, 'legalCrtType': '1', 'entInfoSyss_2_sysType': 3, 'userId': 1660, 'entInfoSyss_2_entApplyId': 1426, 'legalPhone': None, 'contactPhone': '11068442932', 'industryCategory': 'A', 'entInfoSyss_1_deployMode': 1, 'entInfoSyss_3_deployAddrProvince': '120000', 'entInfoSyss_0_deployAddr': '致真', 'entInfoSyss_0_entApplyId': 1426, 'orgNature': '1', 'legalEmail': None, 'orgAddrProvinceDesc': '北京市', 'entUserId': None, 'entInfoSyss_3_deployAddr': '天津', 'entInfoSyss_3_id': 3567, 'entInfoSyss_3_sysType': 4, 'contactCrtNo': '141241199503258771', 'contactEmail': 'Yt8Pqvy4Z4Zqa0f1@qaqseq.com', 'entInfoSyss_2_deployAddrProvince': '120000', 'prefix': '88.408.6445521742', 'userName': 'WkSoSOAivoa6OasgeSdPZbwpEL3VqtdZ', 'entInfoSyss_0_deployMode': 1, 'contactCrtType': 1, 'legalName': '张三', 'orgAddrCountyDesc': '东城区', 'orgCrtType': '1', 'createDate': '2023-06-25 18:44:24', 'entInfoSyss_0_deployAddrCounty': '110101', 'legalCrtNo': '141241199503258771', 'entInfoSyss_2_id': 3566, 'entInfoSyss_2_deployAddr': '天津', 'orgCrtImgRid': 2854, 'imgId': 2854, 'entInfoSyss_3_deployAddrCity': '120100', 'orgNatureDesc': '国有控股', 'applyId': 1426, 'orgAddr': '致真', 'imgId_b': 2856, 'updateDate': '2023-06-25 18:44:24', 'entInfoSyss_3_entApplyId': 1426, 'entInfoSyss_1_entApplyId': 1426, 'legalCrtFrontImgRid': 2855, 'entInfoSyss_2_deployAddrCounty': '120101', 'entInfoSyss_1_sysType': 2, 'entInfoSyss_3_deployAddrCounty': '120101', 'entInfoSyss_1_deployAddr': '致真', 'entApplyId': 1426, 'orgName': 'WkSoSOAivoa6OasgeSdPZbwpEL3VqtdZ', 'entInfoSyss_0_sysType': 1, 'legalCrtBackImgRid': 2856, 'imgId_f': 2855, 'orgAddrProvince': '110000', 'entInfoSyss_3_deployMode': 1, 'orgCrtCode': 'WkSoSOAivoa6OasgeSdPZbwpEL3VqtdZ', 'entInfoSyss_1_deployAddrCity': '110100', 'entInfoSyss_2_deployAddrCity': '120100', 'entInfoSyss_0_deployAddrCity': '110100', 'entInfoSyss_2_deployMode': 1, 'entInfoSyss_0_deployAddrProvince': '110000', 'entInfoSyss_1_deployAddrCounty': '110101', 'orgAddrCounty': '110101', 'orgAddrCityDesc': '市辖区', 'entInfoSyss_0_id': 3564, 'entInfoSyss_1_id': 3565, 'contactName': 'WkSoSOAivoa6OasgeSdPZbwpEL3VqtdZ', 'industrySpecific': '01', 'orgAddrCity': '110100'}
2023-06-25 18:44:23.955 | INFO     | httprunner.runner:__run_step:304 - run step end: 企业注册查询注册信息 <<<<<<

2023-06-25 18:44:23.956 | INFO     | httprunner.runner:__run_step:292 - run step begin: 企业注册最终第三步提交信息 >>>>>>
2023-06-25 18:44:23.956 | INFO     | httprunner.runner:__run_step:292 - run step begin: 企业注册最终第三步提交信息 >>>>>>
2023-06-25 18:44:24.119 | DEBUG    | httprunner.client:request:186 - client IP: 127.0.0.1, Port: 56713
2023-06-25 18:44:24.120 | DEBUG    | httprunner.client:request:194 - server IP: 127.0.0.1, Port: 8888
2023-06-25 18:44:24.122 | DEBUG    | httprunner.client:log_print:40 - 
================== request details ==================
method   : POST
url      : http://139.198.116.76:8000/api/v3/entApply/apply
headers  : {
    "User-Agent": "Mozilla/5.0 (Macintosh; Intel Mac OS X 10_15_7) AppleWebKit/537.36 (KHTML, like Gecko) Chrome/105.0.0.0 Safari/537.36",
    "Accept-Encoding": "gzip, deflate",
    "Accept": "application/json, text/plain, */*",
    "Connection": "keep-alive",
    "Accept-Language": "zh-CN,zh;q=0.9",
    "Content-Type": "application/json;charset=UTF-8",
    "HRUN-Request-ID": "HRUN-541cd4bb-5ff7-4a7d-b223-6b1cbbca7176-863956",
    "Cookie": "SESSION=Y2ZlNmI0OWItZGMwZS00OGFhLWEyZDYtOGVmZDg2MzRhNmNi; SESSION=response.headers.\"Set-Cookie\".session",
    "Content-Length": "3280"
}
cookies  : {
    "SESSION": "Y2ZlNmI0OWItZGMwZS00OGFhLWEyZDYtOGVmZDg2MzRhNmNi"
}
body     : {
    "applyStep": 4,
    "applyType": null,
    "cltrid": null,
    "contactCrtBackImgPath": null,
    "contactCrtBackImgRid": 2856,
    "contactCrtFrontImgPath": null,
    "contactCrtFrontImgRid": 2855,
    "contactCrtNo": "141241199503258771",
    "contactCrtType": 1,
    "contactEmail": "Yt8Pqvy4Z4Zqa0f1@qaqseq.com",
    "contactName": "WkSoSOAivoa6OasgeSdPZbwpEL3VqtdZ",
    "contactPhone": "11068442932",
    "createDate": "2023-06-25 18:44:24",
    "dataHostingContractFilePath": null,
    "dataHostingContractFileRid": null,
    "dataHostingOrg": null,
    "entGeneralId": null,
    "entInfoLicenses": [],
    "entInfoSerIndustrys": [],
    "entInfoSyss": [
        {
            "deployAddr": "致真",
            "deployAddrCity": "110100",
            "deployAddrCounty": "110101",
            "deployAddrProvince": "110000",
            "deployMode": 1,
            "ipPort": null,
            "name": null,
            "sysType": 2
        },
        {
            "deployAddr": "致真",
            "deployAddrCity": "110100",
            "deployAddrCounty": "110101",
            "deployAddrProvince": "110000",
            "deployMode": 1,
            "ipPort": null,
            "name": null,
            "sysType": 3
        },
        {
            "deployAddr": "天津",
            "deployAddrCity": "120100",
            "deployAddrCounty": "120101",
            "deployAddrProvince": "120000",
            "deployMode": 1,
            "ipPort": null,
            "name": null,
            "sysType": 4
        },
        {
            "deployAddr": "天津",
            "deployAddrCity": "120100",
            "deployAddrCounty": "120101",
            "deployAddrProvince": "120000",
            "deployMode": 1,
            "ipPort": null,
            "name": null,
            "sysType": 4
        }
    ],
    "entPrefix": "88.408.6445521742",
    "escrowId": null,
    "escrowOrgName": null,
    "establishDate": null,
    "extDomain": null,
    "extIpAddr": null,
    "extWebName": null,
    "finalAuditMsg": null,
    "finalAuditStatus": null,
    "firstAuditMsg": null,
    "firstAuditStatus": null,
    "id": 1426,
    "idRegNaImp": null,
    "industryCategory": "A",
    "industrySpecific": "01",
    "isSubmit": 0,
    "legalCrtBackImgContent": null,
    "legalCrtBackImgPath": null,
    "legalCrtBackImgRid": 2856,
    "legalCrtFrontImgContent": null,
    "legalCrtFrontImgPath": null,
    "legalCrtFrontImgRid": 2855,
    "legalCrtNo": "141241199503258771",
    "legalCrtType": "1",
    "legalCrtTypeDesc": "中国居民身份证",
    "legalEmail": null,
    "legalFax": null,
    "legalName": "张三",
    "legalPhone": null,
    "orgAddr": "致真",
    "orgAddrCity": "110100",
    "orgAddrCityDesc": "市辖区",
    "orgAddrCounty": "110101",
    "orgAddrCountyDesc": "东城区",
    "orgAddrProvince": "110000",
    "orgAddrProvinceDesc": "北京市",
    "orgCategorySpecificDesc": "农、林、牧、渔业-农业",
    "orgCrtCode": "WkSoSOAivoa6OasgeSdPZbwpEL3VqtdZ",
    "orgCrtImgContent": null,
    "orgCrtImgPath": null,
    "orgCrtImgRid": 2854,
    "orgCrtType": "1",
    "orgDesc": null,
    "orgName": "WkSoSOAivoa6OasgeSdPZbwpEL3VqtdZ",
    "orgNature": "1",
    "orgNatureDesc": "1",
    "periodValidity": null,
    "regAuthority": null,
    "regCapital": null,
    "regRealNaImpName": null,
    "regRealNaImpType": null,
    "servHostingContractFilePath": null,
    "servHostingContractFileRid": null,
    "servHostingOrg": null,
    "servSysBuildContractFilePath": null,
    "servSysBuildContractFileRid": null,
    "servSysBuildName": null,
    "servSysBuildType": 1,
    "servSysOperContractFilePath": null,
    "servSysOperContractFileRid": null,
    "servSysOperName": null,
    "servSysOperType": 1,
    "svtrid": null,
    "thirdServiceMsg": null,
    "thirdServiceStatus": null,
    "updateDate": "2023-06-25 18:44:24",
    "userId": 1660,
    "userName": "WkSoSOAivoa6OasgeSdPZbwpEL3VqtdZ",
    "website": null
}

2023-06-25 18:44:24.122 | DEBUG    | httprunner.client:log_print:40 - 
================== response details ==================
status_code : 200
headers  : {
    "Server": "nginx",
    "Date": "Sun, 25 Jun 2023 10:44:24 GMT",
    "Content-Type": "application/json;charset=UTF-8",
    "Transfer-Encoding": "chunked",
    "X-Frame-Options": "SAMEORIGIN",
    "Connection": "keep-alive"
}
cookies  : {}
encoding : UTF-8
content_type : application/json;charset=UTF-8
body     : {
    "message": "success",
    "status": 1,
    "data": true
}

2023-06-25 18:44:24.123 | INFO     | httprunner.client:request:217 - status_code: 200, response_time(ms): 163.06 ms, response_length: 0 bytes
2023-06-25 18:44:24.123 | INFO     | httprunner.response:validate:249 - assert status_code equal 200(int)	==> pass
2023-06-25 18:44:24.123 | INFO     | httprunner.response:validate:249 - assert body.message equal success(str)	==> pass
2023-06-25 18:44:24.123 | INFO     | httprunner.runner:__run_step:304 - run step end: 企业注册最终第三步提交信息 <<<<<<

2023-06-25 18:44:24.124 | INFO     | httprunner.runner:__run_step:304 - run step end: 企业注册最终第三步提交信息 <<<<<<

2023-06-25 18:44:24.124 | INFO     | httprunner.runner:__run_step:292 - run step begin: 登录-管理员 >>>>>>
2023-06-25 18:44:24.125 | INFO     | httprunner.runner:__run_step:292 - run step begin: 登录-企业用户 >>>>>>
2023-06-25 18:44:24.188 | DEBUG    | httprunner.client:request:186 - client IP: 127.0.0.1, Port: 56713
2023-06-25 18:44:24.189 | DEBUG    | httprunner.client:request:194 - server IP: 127.0.0.1, Port: 8888
2023-06-25 18:44:24.189 | DEBUG    | httprunner.client:log_print:40 - 
================== request details ==================
method   : POST
url      : http://139.198.116.76:8000/api/home/test/login
headers  : {
    "User-Agent": "python-requests/2.28.1",
    "Accept-Encoding": "gzip, deflate, br",
    "Accept": "*/*",
    "Connection": "keep-alive",
    "Content-Length": "144",
    "Content-Type": "application/json",
    "HRUN-Request-ID": "HRUN-541cd4bb-5ff7-4a7d-b223-6b1cbbca7176-864125",
    "Cookie": "SESSION=Y2ZlNmI0OWItZGMwZS00OGFhLWEyZDYtOGVmZDg2MzRhNmNi"
}
cookies  : {
    "SESSION": "Y2ZlNmI0OWItZGMwZS00OGFhLWEyZDYtOGVmZDg2MzRhNmNi"
}
body     : {
    "captcha": "0000",
    "captchaSign": "5d39bab12bba81ab59b3931d2ca06ee9603c3803355932be66974f122cab3502",
    "emailCaptcha": "",
    "username": "adminy"
}

2023-06-25 18:44:24.190 | DEBUG    | httprunner.client:log_print:40 - 
================== response details ==================
status_code : 200
headers  : {
    "Server": "nginx",
    "Date": "Sun, 25 Jun 2023 10:44:24 GMT",
    "Content-Type": "application/json;charset=UTF-8",
    "Transfer-Encoding": "chunked",
    "Set-Cookie": "SESSION=NGUwNWVmZTMtZDNlMS00OGZlLThkMzUtZDg5YTcwYmRmZDAw; Path=/; HttpOnly; SameSite=Lax",
    "X-Frame-Options": "SAMEORIGIN",
    "Connection": "keep-alive"
}
cookies  : {
    "SESSION": "NGUwNWVmZTMtZDNlMS00OGZlLThkMzUtZDg5YTcwYmRmZDAw"
}
encoding : UTF-8
content_type : application/json;charset=UTF-8
body     : {
    "message": "success",
    "status": 1,
    "data": true
}

2023-06-25 18:44:24.190 | INFO     | httprunner.client:request:217 - status_code: 200, response_time(ms): 62.82 ms, response_length: 0 bytes
2023-06-25 18:44:24.191 | INFO     | httprunner.response:extract:179 - extract mapping: {'adminSession': 'response.headers."Set-Cookie".session'}
2023-06-25 18:44:24.192 | INFO     | httprunner.response:validate:249 - assert status_code equal 200(int)	==> pass
2023-06-25 18:44:24.192 | INFO     | httprunner.response:validate:249 - assert headers."Content-Type" equal application/json;charset=UTF-8(str)	==> pass
2023-06-25 18:44:24.193 | INFO     | httprunner.response:validate:249 - assert body.message equal success(str)	==> pass
2023-06-25 18:44:24.193 | INFO     | httprunner.response:validate:249 - assert body.status equal 1(int)	==> pass
2023-06-25 18:44:24.193 | INFO     | httprunner.response:validate:249 - assert body.data equal True(bool)	==> pass
2023-06-25 18:44:24.193 | INFO     | httprunner.runner:__run_step:304 - run step end: 登录-企业用户 <<<<<<

2023-06-25 18:44:24.193 | INFO     | httprunner.runner:__run_step_testcase:286 - export variables: {'adminSession': 'response.headers."Set-Cookie".session'}
2023-06-25 18:44:24.193 | INFO     | httprunner.runner:__run_step:304 - run step end: 登录-管理员 <<<<<<

2023-06-25 18:44:24.193 | INFO     | httprunner.runner:__run_step:292 - run step begin: 年费费用查询 >>>>>>
2023-06-25 18:44:24.193 | INFO     | httprunner.runner:__run_step:292 - run step begin: 财务规则查询-年费 >>>>>>
2023-06-25 18:44:24.250 | DEBUG    | httprunner.client:request:186 - client IP: 127.0.0.1, Port: 56713
2023-06-25 18:44:24.250 | DEBUG    | httprunner.client:request:194 - server IP: 127.0.0.1, Port: 8888
2023-06-25 18:44:24.251 | DEBUG    | httprunner.client:log_print:40 - 
================== request details ==================
method   : GET
url      : http://139.198.116.76:8000/api/finance/rule/findRule?cache=1663837640684&moneyType=2&userId=1660
headers  : {
    "User-Agent": "Mozilla/5.0 (Macintosh; Intel Mac OS X 10_15_7) AppleWebKit/537.36 (KHTML, like Gecko) Chrome/98.0.4758.102 Safari/537.36 Edg/98.0.1108.56",
    "Accept-Encoding": "gzip, deflate",
    "Accept": "application/json, text/plain, */*",
    "Connection": "keep-alive",
    "Accept-Language": "zh-CN,zh;q=0.9,en;q=0.8,en-GB;q=0.7,en-US;q=0.6",
    "HRUN-Request-ID": "HRUN-541cd4bb-5ff7-4a7d-b223-6b1cbbca7176-864194",
    "Cookie": "SESSION=NGUwNWVmZTMtZDNlMS00OGZlLThkMzUtZDg5YTcwYmRmZDAw; SESSION=response.headers.\"Set-Cookie\".session"
}
cookies  : {
    "SESSION": "NGUwNWVmZTMtZDNlMS00OGZlLThkMzUtZDg5YTcwYmRmZDAw"
}
body     : None

2023-06-25 18:44:24.252 | DEBUG    | httprunner.client:log_print:40 - 
================== response details ==================
status_code : 200
headers  : {
    "Server": "nginx",
    "Date": "Sun, 25 Jun 2023 10:44:24 GMT",
    "Content-Type": "application/json;charset=UTF-8",
    "Transfer-Encoding": "chunked",
    "X-Frame-Options": "SAMEORIGIN",
    "Connection": "keep-alive"
}
cookies  : {}
encoding : UTF-8
content_type : application/json;charset=UTF-8
body     : {
    "message": "success",
    "status": 1,
    "data": [
        {
            "id": 78,
            "createDate": "2023-05-31 12:51:47",
            "updateDate": "2023-05-31 12:51:47",
            "name": "标准",
            "money": 10000.0,
            "moneyType": 2,
            "prefixCount": 1,
            "remart": "test",
            "entName": null,
            "entUserId": null,
            "ruleType": 2,
            "escrowId": null
        }
    ]
}

2023-06-25 18:44:24.252 | INFO     | httprunner.client:request:217 - status_code: 200, response_time(ms): 56.24 ms, response_length: 0 bytes
2023-06-25 18:44:24.253 | INFO     | httprunner.response:extract:179 - extract mapping: {'annualFeeRuleId': 78}
2023-06-25 18:44:24.254 | INFO     | httprunner.response:validate:249 - assert status_code equal 200(int)	==> pass
2023-06-25 18:44:24.254 | INFO     | httprunner.response:validate:249 - assert body.message equal success(str)	==> pass
2023-06-25 18:44:24.254 | INFO     | httprunner.response:validate:249 - assert body.status equal 1(int)	==> pass
2023-06-25 18:44:24.254 | INFO     | httprunner.runner:__run_step:304 - run step end: 财务规则查询-年费 <<<<<<

2023-06-25 18:44:24.254 | INFO     | httprunner.runner:__run_step_testcase:286 - export variables: {'annualFeeRuleId': 78}
2023-06-25 18:44:24.254 | INFO     | httprunner.runner:__run_step:304 - run step end: 年费费用查询 <<<<<<

2023-06-25 18:44:24.255 | INFO     | httprunner.runner:__run_step:292 - run step begin: 注册费费用查询 >>>>>>
2023-06-25 18:44:24.255 | INFO     | httprunner.runner:__run_step:292 - run step begin: 财务规则查询-注册费 >>>>>>
2023-06-25 18:44:24.305 | DEBUG    | httprunner.client:request:186 - client IP: 127.0.0.1, Port: 56713
2023-06-25 18:44:24.305 | DEBUG    | httprunner.client:request:194 - server IP: 127.0.0.1, Port: 8888
2023-06-25 18:44:24.306 | DEBUG    | httprunner.client:log_print:40 - 
================== request details ==================
method   : GET
url      : http://139.198.116.76:8000/api/finance/rule/findRule?moneyType=1&userId=1660
headers  : {
    "User-Agent": "Mozilla/5.0 (Macintosh; Intel Mac OS X 10_15_7) AppleWebKit/537.36 (KHTML, like Gecko) Chrome/98.0.4758.102 Safari/537.36 Edg/98.0.1108.56",
    "Accept-Encoding": "gzip, deflate",
    "Accept": "application/json, text/plain, */*",
    "Connection": "keep-alive",
    "Accept-Language": "zh-CN,zh;q=0.9,en;q=0.8,en-GB;q=0.7,en-US;q=0.6",
    "HRUN-Request-ID": "HRUN-541cd4bb-5ff7-4a7d-b223-6b1cbbca7176-864255",
    "Cookie": "SESSION=NGUwNWVmZTMtZDNlMS00OGZlLThkMzUtZDg5YTcwYmRmZDAw; SESSION=response.headers.\"Set-Cookie\".session"
}
cookies  : {
    "SESSION": "NGUwNWVmZTMtZDNlMS00OGZlLThkMzUtZDg5YTcwYmRmZDAw"
}
body     : None

2023-06-25 18:44:24.307 | DEBUG    | httprunner.client:log_print:40 - 
================== response details ==================
status_code : 200
headers  : {
    "Server": "nginx",
    "Date": "Sun, 25 Jun 2023 10:44:24 GMT",
    "Content-Type": "application/json;charset=UTF-8",
    "Transfer-Encoding": "chunked",
    "X-Frame-Options": "SAMEORIGIN",
    "Connection": "keep-alive"
}
cookies  : {}
encoding : UTF-8
content_type : application/json;charset=UTF-8
body     : {
    "message": "success",
    "status": 1,
    "data": [
        {
            "id": 77,
            "createDate": "2023-05-31 12:51:33",
            "updateDate": "2023-05-31 12:51:33",
            "name": "标准",
            "money": 10000.0,
            "moneyType": 1,
            "prefixCount": 1,
            "remart": "test",
            "entName": null,
            "entUserId": null,
            "ruleType": 2,
            "escrowId": null
        }
    ]
}

2023-06-25 18:44:24.307 | INFO     | httprunner.client:request:217 - status_code: 200, response_time(ms): 49.81 ms, response_length: 0 bytes
2023-06-25 18:44:24.308 | INFO     | httprunner.response:extract:179 - extract mapping: {'regFeeRuleId': 77}
2023-06-25 18:44:24.308 | INFO     | httprunner.response:validate:249 - assert status_code equal 200(int)	==> pass
2023-06-25 18:44:24.309 | INFO     | httprunner.response:validate:249 - assert body.message equal success(str)	==> pass
2023-06-25 18:44:24.309 | INFO     | httprunner.response:validate:249 - assert body.status equal 1(int)	==> pass
2023-06-25 18:44:24.309 | INFO     | httprunner.runner:__run_step:304 - run step end: 财务规则查询-注册费 <<<<<<

2023-06-25 18:44:24.309 | INFO     | httprunner.runner:__run_step_testcase:286 - export variables: {'regFeeRuleId': 77}
2023-06-25 18:44:24.309 | INFO     | httprunner.runner:__run_step:304 - run step end: 注册费费用查询 <<<<<<

2023-06-25 18:44:24.310 | INFO     | httprunner.runner:__run_step:292 - run step begin: 审核结果保存 >>>>>>
2023-06-25 18:44:24.310 | INFO     | httprunner.runner:__run_step:292 - run step begin: 企业审核保存 >>>>>>
2023-06-25 18:44:25.392 | DEBUG    | httprunner.client:request:186 - client IP: 127.0.0.1, Port: 56713
2023-06-25 18:44:25.392 | DEBUG    | httprunner.client:request:194 - server IP: 127.0.0.1, Port: 8888
2023-06-25 18:44:25.393 | DEBUG    | httprunner.client:log_print:40 - 
================== request details ==================
method   : POST
url      : http://139.198.116.76:8000/api/v3/ent/audit/save?annualFeeRuleId=78&applyId=1426&auditMsg=%E5%AE%A1%E6%A0%B8%E9%80%9A%E8%BF%87&auditResult=pass&entPrefix=88.408.6445521742&regFeeRuleId=77
headers  : {
    "User-Agent": "Mozilla/5.0 (Macintosh; Intel Mac OS X 10_15_7) AppleWebKit/537.36 (KHTML, like Gecko) Chrome/98.0.4758.102 Safari/537.36 Edg/98.0.1108.56",
    "Accept-Encoding": "gzip, deflate",
    "Accept": "application/json, text/plain, */*",
    "Connection": "keep-alive",
    "Accept-Language": "zh-CN,zh;q=0.9,en;q=0.8,en-GB;q=0.7,en-US;q=0.6",
    "Content-Length": "0",
    "HRUN-Request-ID": "HRUN-541cd4bb-5ff7-4a7d-b223-6b1cbbca7176-864310",
    "Cookie": "SESSION=NGUwNWVmZTMtZDNlMS00OGZlLThkMzUtZDg5YTcwYmRmZDAw; SESSION=response.headers.\"Set-Cookie\".session"
}
cookies  : {
    "SESSION": "NGUwNWVmZTMtZDNlMS00OGZlLThkMzUtZDg5YTcwYmRmZDAw"
}
body     : None

2023-06-25 18:44:25.394 | DEBUG    | httprunner.client:log_print:40 - 
================== response details ==================
status_code : 200
headers  : {
    "Server": "nginx",
    "Date": "Sun, 25 Jun 2023 10:44:25 GMT",
    "Content-Type": "application/json",
    "Transfer-Encoding": "chunked",
    "X-Frame-Options": "SAMEORIGIN",
    "Connection": "keep-alive"
}
cookies  : {}
encoding : utf-8
content_type : application/json
body     : {
    "message": "success",
    "status": 1,
    "data": true
}

2023-06-25 18:44:25.394 | INFO     | httprunner.client:request:217 - status_code: 200, response_time(ms): 1081.77 ms, response_length: 0 bytes
2023-06-25 18:44:25.394 | INFO     | httprunner.response:validate:249 - assert status_code equal 200(int)	==> pass
2023-06-25 18:44:25.395 | INFO     | httprunner.response:validate:249 - assert body.message equal success(str)	==> pass
2023-06-25 18:44:25.395 | INFO     | httprunner.response:validate:249 - assert body.status equal 1(int)	==> pass
2023-06-25 18:44:25.395 | INFO     | httprunner.response:validate:249 - assert body.data equal True(bool)	==> pass
2023-06-25 18:44:25.396 | INFO     | httprunner.runner:__run_step:304 - run step end: 企业审核保存 <<<<<<

2023-06-25 18:44:25.396 | INFO     | httprunner.runner:__run_step:304 - run step end: 审核结果保存 <<<<<<

2023-06-25 18:44:25.396 | INFO     | httprunner.runner:__run_step:292 - run step begin: 企业用户登录 >>>>>>
2023-06-25 18:44:25.397 | INFO     | httprunner.runner:__run_step:292 - run step begin: 登录-企业用户 >>>>>>
2023-06-25 18:44:25.477 | DEBUG    | httprunner.client:request:186 - client IP: 127.0.0.1, Port: 56713
2023-06-25 18:44:25.478 | DEBUG    | httprunner.client:request:194 - server IP: 127.0.0.1, Port: 8888
2023-06-25 18:44:25.479 | DEBUG    | httprunner.client:log_print:40 - 
================== request details ==================
method   : POST
url      : http://139.198.116.76:8000/api/home/test/login
headers  : {
    "User-Agent": "python-requests/2.28.1",
    "Accept-Encoding": "gzip, deflate, br",
    "Accept": "*/*",
    "Connection": "keep-alive",
    "Content-Length": "170",
    "Content-Type": "application/json",
    "HRUN-Request-ID": "HRUN-541cd4bb-5ff7-4a7d-b223-6b1cbbca7176-865397",
    "Cookie": "SESSION=NGUwNWVmZTMtZDNlMS00OGZlLThkMzUtZDg5YTcwYmRmZDAw"
}
cookies  : {
    "SESSION": "NGUwNWVmZTMtZDNlMS00OGZlLThkMzUtZDg5YTcwYmRmZDAw"
}
body     : {
    "captcha": "0000",
    "captchaSign": "4a6e26e20686cfa902513f9e1c4b84a042214ab4fa9aa3a0928be00e3894869c",
    "emailCaptcha": "",
    "username": "WkSoSOAivoa6OasgeSdPZbwpEL3VqtdZ"
}

2023-06-25 18:44:25.479 | DEBUG    | httprunner.client:log_print:40 - 
================== response details ==================
status_code : 200
headers  : {
    "Server": "nginx",
    "Date": "Sun, 25 Jun 2023 10:44:25 GMT",
    "Content-Type": "application/json;charset=UTF-8",
    "Transfer-Encoding": "chunked",
    "Set-Cookie": "SESSION=ZWNmNWRlNTMtZTJmZC00YjRlLWJlY2QtZTM3YzVkYjQyNDY3; Path=/; HttpOnly; SameSite=Lax",
    "X-Frame-Options": "SAMEORIGIN",
    "Connection": "keep-alive"
}
cookies  : {
    "SESSION": "ZWNmNWRlNTMtZTJmZC00YjRlLWJlY2QtZTM3YzVkYjQyNDY3"
}
encoding : UTF-8
content_type : application/json;charset=UTF-8
body     : {
    "message": "success",
    "status": 1,
    "data": true
}

2023-06-25 18:44:25.480 | INFO     | httprunner.client:request:217 - status_code: 200, response_time(ms): 80.34 ms, response_length: 0 bytes
2023-06-25 18:44:25.480 | INFO     | httprunner.response:extract:179 - extract mapping: {'entSession': 'response.headers."Set-Cookie".session'}
2023-06-25 18:44:25.480 | INFO     | httprunner.response:validate:249 - assert status_code equal 200(int)	==> pass
2023-06-25 18:44:25.481 | INFO     | httprunner.response:validate:249 - assert headers."Content-Type" equal application/json;charset=UTF-8(str)	==> pass
2023-06-25 18:44:25.481 | INFO     | httprunner.response:validate:249 - assert body.message equal success(str)	==> pass
2023-06-25 18:44:25.481 | INFO     | httprunner.response:validate:249 - assert body.status equal 1(int)	==> pass
2023-06-25 18:44:25.481 | INFO     | httprunner.response:validate:249 - assert body.data equal True(bool)	==> pass
2023-06-25 18:44:25.482 | INFO     | httprunner.runner:__run_step:304 - run step end: 登录-企业用户 <<<<<<

2023-06-25 18:44:25.482 | INFO     | httprunner.runner:__run_step_testcase:286 - export variables: {'entSession': 'response.headers."Set-Cookie".session'}
2023-06-25 18:44:25.482 | INFO     | httprunner.runner:__run_step:304 - run step end: 企业用户登录 <<<<<<

2023-06-25 18:44:25.482 | INFO     | httprunner.runner:__run_step:292 - run step begin: 企业申请托管 >>>>>>
2023-06-25 18:44:25.482 | INFO     | httprunner.runner:__run_step:292 - run step begin: 托管申请 >>>>>>
2023-06-25 18:44:25.542 | DEBUG    | httprunner.client:request:186 - client IP: 127.0.0.1, Port: 56713
2023-06-25 18:44:25.543 | DEBUG    | httprunner.client:request:194 - server IP: 127.0.0.1, Port: 8888
2023-06-25 18:44:25.543 | DEBUG    | httprunner.client:log_print:40 - 
================== request details ==================
method   : GET
url      : http://139.198.116.76:8000/api/prefixProxy/apply?entPrefix=88.408.6445521742
headers  : {
    "User-Agent": "Mozilla/5.0 (Macintosh; Intel Mac OS X 10_15_7) AppleWebKit/537.36 (KHTML, like Gecko) Chrome/105.0.0.0 Safari/537.36",
    "Accept-Encoding": "gzip, deflate",
    "Accept": "application/json, text/plain, */*",
    "Connection": "keep-alive",
    "Accept-Language": "zh-CN,zh;q=0.9",
    "HRUN-Request-ID": "HRUN-541cd4bb-5ff7-4a7d-b223-6b1cbbca7176-865482",
    "Cookie": "SESSION=ZWNmNWRlNTMtZTJmZC00YjRlLWJlY2QtZTM3YzVkYjQyNDY3; SESSION=response.headers.\"Set-Cookie\".session"
}
cookies  : {
    "SESSION": "ZWNmNWRlNTMtZTJmZC00YjRlLWJlY2QtZTM3YzVkYjQyNDY3"
}
body     : None

2023-06-25 18:44:25.544 | DEBUG    | httprunner.client:log_print:40 - 
================== response details ==================
status_code : 200
headers  : {
    "Server": "nginx",
    "Date": "Sun, 25 Jun 2023 10:44:25 GMT",
    "Content-Type": "application/json;charset=UTF-8",
    "Transfer-Encoding": "chunked",
    "X-Frame-Options": "SAMEORIGIN",
    "Connection": "keep-alive"
}
cookies  : {}
encoding : UTF-8
content_type : application/json;charset=UTF-8
body     : {
    "message": "success",
    "status": 1,
    "data": null
}

2023-06-25 18:44:25.544 | INFO     | httprunner.client:request:217 - status_code: 200, response_time(ms): 59.74 ms, response_length: 0 bytes
2023-06-25 18:44:25.545 | INFO     | httprunner.response:validate:249 - assert status_code equal 200(int)	==> pass
2023-06-25 18:44:25.545 | INFO     | httprunner.response:validate:249 - assert body.message equal success(str)	==> pass
2023-06-25 18:44:25.545 | INFO     | httprunner.runner:__run_step:304 - run step end: 托管申请 <<<<<<

2023-06-25 18:44:25.545 | INFO     | httprunner.runner:__run_step:304 - run step end: 企业申请托管 <<<<<<

2023-06-25 18:44:25.546 | INFO     | httprunner.runner:__run_step:292 - run step begin: 管理员用户登录 >>>>>>
2023-06-25 18:44:25.547 | INFO     | httprunner.runner:__run_step:292 - run step begin: 登录-企业用户 >>>>>>
2023-06-25 18:44:25.615 | DEBUG    | httprunner.client:request:186 - client IP: 127.0.0.1, Port: 56713
2023-06-25 18:44:25.615 | DEBUG    | httprunner.client:request:194 - server IP: 127.0.0.1, Port: 8888
2023-06-25 18:44:25.616 | DEBUG    | httprunner.client:log_print:40 - 
================== request details ==================
method   : POST
url      : http://139.198.116.76:8000/api/home/test/login
headers  : {
    "User-Agent": "python-requests/2.28.1",
    "Accept-Encoding": "gzip, deflate, br",
    "Accept": "*/*",
    "Connection": "keep-alive",
    "Content-Length": "144",
    "Content-Type": "application/json",
    "HRUN-Request-ID": "HRUN-541cd4bb-5ff7-4a7d-b223-6b1cbbca7176-865548",
    "Cookie": "SESSION=ZWNmNWRlNTMtZTJmZC00YjRlLWJlY2QtZTM3YzVkYjQyNDY3"
}
cookies  : {
    "SESSION": "ZWNmNWRlNTMtZTJmZC00YjRlLWJlY2QtZTM3YzVkYjQyNDY3"
}
body     : {
    "captcha": "0000",
    "captchaSign": "5d39bab12bba81ab59b3931d2ca06ee9603c3803355932be66974f122cab3502",
    "emailCaptcha": "",
    "username": "adminy"
}

2023-06-25 18:44:25.617 | DEBUG    | httprunner.client:log_print:40 - 
================== response details ==================
status_code : 200
headers  : {
    "Server": "nginx",
    "Date": "Sun, 25 Jun 2023 10:44:25 GMT",
    "Content-Type": "application/json;charset=UTF-8",
    "Transfer-Encoding": "chunked",
    "Set-Cookie": "SESSION=OWE5YzM2MTYtNzhiNC00MmM3LWExYTEtNGE5ZGNmYjM2ZTE2; Path=/; HttpOnly; SameSite=Lax",
    "X-Frame-Options": "SAMEORIGIN",
    "Connection": "keep-alive"
}
cookies  : {
    "SESSION": "OWE5YzM2MTYtNzhiNC00MmM3LWExYTEtNGE5ZGNmYjM2ZTE2"
}
encoding : UTF-8
content_type : application/json;charset=UTF-8
body     : {
    "message": "success",
    "status": 1,
    "data": true
}

2023-06-25 18:44:25.617 | INFO     | httprunner.client:request:217 - status_code: 200, response_time(ms): 66.74 ms, response_length: 0 bytes
2023-06-25 18:44:25.618 | INFO     | httprunner.response:extract:179 - extract mapping: {'adminSession': 'response.headers."Set-Cookie".session'}
2023-06-25 18:44:25.618 | INFO     | httprunner.response:validate:249 - assert status_code equal 200(int)	==> pass
2023-06-25 18:44:25.618 | INFO     | httprunner.response:validate:249 - assert headers."Content-Type" equal application/json;charset=UTF-8(str)	==> pass
2023-06-25 18:44:25.619 | INFO     | httprunner.response:validate:249 - assert body.message equal success(str)	==> pass
2023-06-25 18:44:25.619 | INFO     | httprunner.response:validate:249 - assert body.status equal 1(int)	==> pass
2023-06-25 18:44:25.619 | INFO     | httprunner.response:validate:249 - assert body.data equal True(bool)	==> pass
2023-06-25 18:44:25.619 | INFO     | httprunner.runner:__run_step:304 - run step end: 登录-企业用户 <<<<<<

2023-06-25 18:44:25.620 | INFO     | httprunner.runner:__run_step_testcase:286 - export variables: {'adminSession': 'response.headers."Set-Cookie".session'}
2023-06-25 18:44:25.620 | INFO     | httprunner.runner:__run_step:304 - run step end: 管理员用户登录 <<<<<<

2023-06-25 18:44:25.620 | INFO     | httprunner.runner:__run_step:292 - run step begin: 前缀审核列表查询所申请前缀的id >>>>>>
2023-06-25 18:44:25.620 | INFO     | httprunner.runner:__run_step:292 - run step begin: 前缀审核列表 >>>>>>
2023-06-25 18:44:25.826 | DEBUG    | httprunner.client:request:186 - client IP: 127.0.0.1, Port: 56713
2023-06-25 18:44:25.826 | DEBUG    | httprunner.client:request:194 - server IP: 127.0.0.1, Port: 8888
2023-06-25 18:44:25.827 | DEBUG    | httprunner.client:log_print:40 - 
================== request details ==================
method   : GET
url      : http://139.198.116.76:8000/api/proxyserver/prefix/audit/pageQuery?cache=1663920502544&currentPage=1&entNameCn=&escrowOrgName=&order=&orderProp=&prefix=88.408.6445521742
headers  : {
    "User-Agent": "Mozilla/5.0 (Macintosh; Intel Mac OS X 10_15_7) AppleWebKit/537.36 (KHTML, like Gecko) Chrome/104.0.0.0 Safari/537.36",
    "Accept-Encoding": "gzip, deflate",
    "Accept": "application/json, text/plain, */*",
    "Connection": "keep-alive",
    "Accept-Language": "zh-CN,zh;q=0.9",
    "HRUN-Request-ID": "HRUN-541cd4bb-5ff7-4a7d-b223-6b1cbbca7176-865620",
    "Cookie": "SESSION=OWE5YzM2MTYtNzhiNC00MmM3LWExYTEtNGE5ZGNmYjM2ZTE2; SESSION=response.headers.\"Set-Cookie\".session"
}
cookies  : {
    "SESSION": "OWE5YzM2MTYtNzhiNC00MmM3LWExYTEtNGE5ZGNmYjM2ZTE2"
}
body     : None

2023-06-25 18:44:25.827 | DEBUG    | httprunner.client:log_print:40 - 
================== response details ==================
status_code : 200
headers  : {
    "Server": "nginx",
    "Date": "Sun, 25 Jun 2023 10:44:25 GMT",
    "Content-Type": "application/json",
    "Transfer-Encoding": "chunked",
    "X-Frame-Options": "SAMEORIGIN",
    "Connection": "keep-alive"
}
cookies  : {}
encoding : utf-8
content_type : application/json
body     : {
    "message": "success",
    "status": 1,
    "data": {
        "first": true,
        "last": true,
        "totalPages": 1,
        "totalElements": 1,
        "number": 1,
        "size": 10,
        "sort": {
            "sorted": true,
            "unsorted": false,
            "empty": false
        },
        "numberOfElements": 1,
        "content": [
            {
                "id": 378,
                "prefix": "88.408.6445521742",
                "entNameCn": "WkSoSOAivoa6OasgeSdPZbwpEL3VqtdZ",
                "escrowOrgName": null,
                "isProxy": 2,
                "userId": 1660,
                "createDate": "2023-06-25 18:44:26",
                "updateDate": "2023-06-25 18:44:26"
            }
        ]
    }
}

2023-06-25 18:44:25.828 | INFO     | httprunner.client:request:217 - status_code: 200, response_time(ms): 205.04 ms, response_length: 0 bytes
2023-06-25 18:44:25.828 | INFO     | httprunner.response:extract:179 - extract mapping: {'prefixauditid': 378}
2023-06-25 18:44:25.829 | INFO     | httprunner.response:validate:249 - assert status_code equal 200(int)	==> pass
2023-06-25 18:44:25.829 | INFO     | httprunner.response:validate:249 - assert headers."Content-Type" equal application/json(str)	==> pass
2023-06-25 18:44:25.829 | INFO     | httprunner.response:validate:249 - assert body.message equal success(str)	==> pass
2023-06-25 18:44:25.829 | INFO     | httprunner.response:validate:249 - assert body.status equal 1(int)	==> pass
2023-06-25 18:44:25.830 | INFO     | httprunner.runner:__run_step:304 - run step end: 前缀审核列表 <<<<<<

2023-06-25 18:44:25.830 | INFO     | httprunner.runner:__run_step_testcase:286 - export variables: {'prefixauditid': 378}
2023-06-25 18:44:25.830 | INFO     | httprunner.runner:__run_step:304 - run step end: 前缀审核列表查询所申请前缀的id <<<<<<

2023-06-25 18:44:25.831 | INFO     | httprunner.runner:__run_step:292 - run step begin: 获取托管服务器列表 >>>>>>
2023-06-25 18:44:25.831 | INFO     | httprunner.runner:__run_step:292 - run step begin: 托管服务器列表 >>>>>>
2023-06-25 18:44:25.881 | DEBUG    | httprunner.client:request:186 - client IP: 127.0.0.1, Port: 56713
2023-06-25 18:44:25.881 | DEBUG    | httprunner.client:request:194 - server IP: 127.0.0.1, Port: 8888
2023-06-25 18:44:25.882 | DEBUG    | httprunner.client:log_print:40 - 
================== request details ==================
method   : GET
url      : http://139.198.116.76:8000/api/system/proxy/server/pageQuery?cache=1663915357874
headers  : {
    "User-Agent": "Mozilla/5.0 (Macintosh; Intel Mac OS X 10_15_7) AppleWebKit/537.36 (KHTML, like Gecko) Chrome/104.0.0.0 Safari/537.36",
    "Accept-Encoding": "gzip, deflate",
    "Accept": "application/json, text/plain, */*",
    "Connection": "keep-alive",
    "Accept-Language": "zh-CN,zh;q=0.9",
    "HRUN-Request-ID": "HRUN-541cd4bb-5ff7-4a7d-b223-6b1cbbca7176-865831",
    "Cookie": "SESSION=OWE5YzM2MTYtNzhiNC00MmM3LWExYTEtNGE5ZGNmYjM2ZTE2; SESSION=response.headers.\"Set-Cookie\".session"
}
cookies  : {
    "SESSION": "OWE5YzM2MTYtNzhiNC00MmM3LWExYTEtNGE5ZGNmYjM2ZTE2"
}
body     : None

2023-06-25 18:44:25.883 | DEBUG    | httprunner.client:log_print:40 - 
================== response details ==================
status_code : 200
headers  : {
    "Server": "nginx",
    "Date": "Sun, 25 Jun 2023 10:44:26 GMT",
    "Content-Type": "application/json",
    "Transfer-Encoding": "chunked",
    "X-Frame-Options": "SAMEORIGIN",
    "Connection": "keep-alive"
}
cookies  : {}
encoding : utf-8
content_type : application/json
body     : {
    "message": "success",
    "status": 1,
    "data": {
        "first": true,
        "last": true,
        "totalPages": 1,
        "totalElements": 1,
        "number": 1,
        "size": 10,
        "sort": {
            "sorted": true,
            "unsorted": false,
            "empty": false
        },
        "numberOfElements": 1,
        "content": [
            {
                "id": 5,
                "createDate": "2023-05-31 10:16:20",
                "updateDate": "2023-05-31 10:16:20",
                "srvName": "托管服务器-勿动",
                "ipType": 4,
                "ip": "192.168.0.76",
                "tcpPort": 2643,
                "udpPort": null,
                "httpPort": 8083,
                "ipTypeReslove": 4,
                "ipReslove": "139.198.116.208",
                "tcpPortReslove": 2643,
                "udpPortReslove": null,
                "httpPortReslove": 8083
            }
        ]
    }
}

2023-06-25 18:44:25.883 | INFO     | httprunner.client:request:217 - status_code: 200, response_time(ms): 49.54 ms, response_length: 0 bytes
2023-06-25 18:44:25.883 | INFO     | httprunner.response:extract:179 - extract mapping: {'proxyserverid': 5}
2023-06-25 18:44:25.884 | INFO     | httprunner.response:validate:249 - assert status_code equal 200(int)	==> pass
2023-06-25 18:44:25.884 | INFO     | httprunner.response:validate:249 - assert headers."Content-Type" equal application/json(str)	==> pass
2023-06-25 18:44:25.884 | INFO     | httprunner.response:validate:249 - assert body.message equal success(str)	==> pass
2023-06-25 18:44:25.884 | INFO     | httprunner.response:validate:249 - assert body.status equal 1(int)	==> pass
2023-06-25 18:44:25.885 | INFO     | httprunner.runner:__run_step:304 - run step end: 托管服务器列表 <<<<<<

2023-06-25 18:44:25.885 | INFO     | httprunner.runner:__run_step_testcase:286 - export variables: {'proxyserverid': 5}
2023-06-25 18:44:25.885 | INFO     | httprunner.runner:__run_step:304 - run step end: 获取托管服务器列表 <<<<<<

2023-06-25 18:44:25.886 | INFO     | httprunner.runner:__run_step:292 - run step begin: 前缀审核通过 >>>>>>
2023-06-25 18:44:25.886 | INFO     | httprunner.runner:__run_step:292 - run step begin: 托管审核保存 >>>>>>
2023-06-25 18:44:25.999 | DEBUG    | httprunner.client:request:186 - client IP: 127.0.0.1, Port: 56713
2023-06-25 18:44:26.000 | DEBUG    | httprunner.client:request:194 - server IP: 127.0.0.1, Port: 8888
2023-06-25 18:44:26.000 | DEBUG    | httprunner.client:log_print:40 - 
================== request details ==================
method   : POST
url      : http://139.198.116.76:8000/api/proxyserver/prefix/audit/save?auditResult=pass&id=378&ids=5
headers  : {
    "User-Agent": "Mozilla/5.0 (Macintosh; Intel Mac OS X 10_15_7) AppleWebKit/537.36 (KHTML, like Gecko) Chrome/104.0.0.0 Safari/537.36",
    "Accept-Encoding": "gzip, deflate",
    "Accept": "application/json, text/plain, */*",
    "Connection": "keep-alive",
    "Accept-Language": "zh-CN,zh;q=0.9",
    "Content-Length": "0",
    "HRUN-Request-ID": "HRUN-541cd4bb-5ff7-4a7d-b223-6b1cbbca7176-865886",
    "Cookie": "SESSION=OWE5YzM2MTYtNzhiNC00MmM3LWExYTEtNGE5ZGNmYjM2ZTE2; SESSION=response.headers.\"Set-Cookie\".session"
}
cookies  : {
    "SESSION": "OWE5YzM2MTYtNzhiNC00MmM3LWExYTEtNGE5ZGNmYjM2ZTE2"
}
body     : None

2023-06-25 18:44:26.001 | DEBUG    | httprunner.client:log_print:40 - 
================== response details ==================
status_code : 200
headers  : {
    "Server": "nginx",
    "Date": "Sun, 25 Jun 2023 10:44:26 GMT",
    "Content-Type": "application/json",
    "Transfer-Encoding": "chunked",
    "X-Frame-Options": "SAMEORIGIN",
    "Connection": "keep-alive"
}
cookies  : {}
encoding : utf-8
content_type : application/json
body     : {
    "message": "success",
    "status": 1,
    "data": true
}

2023-06-25 18:44:26.001 | INFO     | httprunner.client:request:217 - status_code: 200, response_time(ms): 112.79 ms, response_length: 0 bytes
2023-06-25 18:44:26.002 | INFO     | httprunner.response:validate:249 - assert status_code equal 200(int)	==> pass
2023-06-25 18:44:26.002 | INFO     | httprunner.response:validate:249 - assert headers."Content-Type" equal application/json(str)	==> pass
2023-06-25 18:44:26.002 | INFO     | httprunner.response:validate:249 - assert body.message equal success(str)	==> pass
2023-06-25 18:44:26.003 | INFO     | httprunner.response:validate:249 - assert body.status equal 1(int)	==> pass
2023-06-25 18:44:26.003 | INFO     | httprunner.response:validate:249 - assert body.data equal True(bool)	==> pass
2023-06-25 18:44:26.004 | INFO     | httprunner.runner:__run_step:304 - run step end: 托管审核保存 <<<<<<

2023-06-25 18:44:26.004 | INFO     | httprunner.runner:__run_step:304 - run step end: 前缀审核通过 <<<<<<

2023-06-25 18:44:26.004 | INFO     | httprunner.runner:__run_step:292 - run step begin: 取消托管配置 >>>>>>
2023-06-25 18:44:26.005 | INFO     | httprunner.runner:__run_step:292 - run step begin: 托管审核删除托管配置 >>>>>>
2023-06-25 18:44:26.172 | DEBUG    | httprunner.client:request:186 - client IP: 127.0.0.1, Port: 56713
2023-06-25 18:44:26.173 | DEBUG    | httprunner.client:request:194 - server IP: 127.0.0.1, Port: 8888
2023-06-25 18:44:26.173 | DEBUG    | httprunner.client:log_print:40 - 
================== request details ==================
method   : POST
url      : http://139.198.116.76:8000/api/proxyserver/prefix/audit/deleteProxy?id=378&proxyid=5
headers  : {
    "User-Agent": "Mozilla/5.0 (Macintosh; Intel Mac OS X 10_15_7) AppleWebKit/537.36 (KHTML, like Gecko) Chrome/104.0.0.0 Safari/537.36",
    "Accept-Encoding": "gzip, deflate",
    "Accept": "application/json, text/plain, */*",
    "Connection": "keep-alive",
    "Accept-Language": "zh-CN,zh;q=0.9",
    "Content-Length": "0",
    "HRUN-Request-ID": "HRUN-541cd4bb-5ff7-4a7d-b223-6b1cbbca7176-866005",
    "Cookie": "SESSION=OWE5YzM2MTYtNzhiNC00MmM3LWExYTEtNGE5ZGNmYjM2ZTE2; SESSION=response.headers.\"Set-Cookie\".session"
}
cookies  : {
    "SESSION": "OWE5YzM2MTYtNzhiNC00MmM3LWExYTEtNGE5ZGNmYjM2ZTE2"
}
body     : None

2023-06-25 18:44:26.174 | DEBUG    | httprunner.client:log_print:40 - 
================== response details ==================
status_code : 200
headers  : {
    "Server": "nginx",
    "Date": "Sun, 25 Jun 2023 10:44:26 GMT",
    "Content-Type": "application/json",
    "Transfer-Encoding": "chunked",
    "X-Frame-Options": "SAMEORIGIN",
    "Connection": "keep-alive"
}
cookies  : {}
encoding : utf-8
content_type : application/json
body     : {
    "message": "success",
    "status": 1,
    "data": true
}

2023-06-25 18:44:26.174 | INFO     | httprunner.client:request:217 - status_code: 200, response_time(ms): 167.54 ms, response_length: 0 bytes
2023-06-25 18:44:26.175 | INFO     | httprunner.response:validate:249 - assert status_code equal 200(int)	==> pass
2023-06-25 18:44:26.175 | INFO     | httprunner.response:validate:249 - assert headers."Content-Type" equal application/json(str)	==> pass
2023-06-25 18:44:26.175 | INFO     | httprunner.response:validate:249 - assert body.message equal success(str)	==> pass
2023-06-25 18:44:26.176 | INFO     | httprunner.response:validate:249 - assert body.status equal 1(int)	==> pass
2023-06-25 18:44:26.176 | INFO     | httprunner.response:validate:249 - assert body.data equal True(bool)	==> pass
2023-06-25 18:44:26.176 | INFO     | httprunner.runner:__run_step:304 - run step end: 托管审核删除托管配置 <<<<<<

2023-06-25 18:44:26.177 | INFO     | httprunner.runner:__run_step:304 - run step end: 取消托管配置 <<<<<<

2023-06-25 18:44:26.177 | INFO     | httprunner.runner:__run_step:292 - run step begin: 企业用户登录 >>>>>>
2023-06-25 18:44:26.178 | INFO     | httprunner.runner:__run_step:292 - run step begin: 登录-企业用户 >>>>>>
2023-06-25 18:44:26.241 | DEBUG    | httprunner.client:request:186 - client IP: 127.0.0.1, Port: 56713
2023-06-25 18:44:26.241 | DEBUG    | httprunner.client:request:194 - server IP: 127.0.0.1, Port: 8888
2023-06-25 18:44:26.242 | DEBUG    | httprunner.client:log_print:40 - 
================== request details ==================
method   : POST
url      : http://139.198.116.76:8000/api/home/test/login
headers  : {
    "User-Agent": "python-requests/2.28.1",
    "Accept-Encoding": "gzip, deflate, br",
    "Accept": "*/*",
    "Connection": "keep-alive",
    "Content-Length": "170",
    "Content-Type": "application/json",
    "HRUN-Request-ID": "HRUN-541cd4bb-5ff7-4a7d-b223-6b1cbbca7176-866178",
    "Cookie": "SESSION=OWE5YzM2MTYtNzhiNC00MmM3LWExYTEtNGE5ZGNmYjM2ZTE2"
}
cookies  : {
    "SESSION": "OWE5YzM2MTYtNzhiNC00MmM3LWExYTEtNGE5ZGNmYjM2ZTE2"
}
body     : {
    "captcha": "0000",
    "captchaSign": "4a6e26e20686cfa902513f9e1c4b84a042214ab4fa9aa3a0928be00e3894869c",
    "emailCaptcha": "",
    "username": "WkSoSOAivoa6OasgeSdPZbwpEL3VqtdZ"
}

2023-06-25 18:44:26.244 | DEBUG    | httprunner.client:log_print:40 - 
================== response details ==================
status_code : 200
headers  : {
    "Server": "nginx",
    "Date": "Sun, 25 Jun 2023 10:44:26 GMT",
    "Content-Type": "application/json;charset=UTF-8",
    "Transfer-Encoding": "chunked",
    "Set-Cookie": "SESSION=NGUxNjZhZGMtMDUzOC00NDFjLWJkZDMtMzM1M2QzNGUwOWY4; Path=/; HttpOnly; SameSite=Lax",
    "X-Frame-Options": "SAMEORIGIN",
    "Connection": "keep-alive"
}
cookies  : {
    "SESSION": "NGUxNjZhZGMtMDUzOC00NDFjLWJkZDMtMzM1M2QzNGUwOWY4"
}
encoding : UTF-8
content_type : application/json;charset=UTF-8
body     : {
    "message": "success",
    "status": 1,
    "data": true
}

2023-06-25 18:44:26.244 | INFO     | httprunner.client:request:217 - status_code: 200, response_time(ms): 62.95 ms, response_length: 0 bytes
2023-06-25 18:44:26.244 | INFO     | httprunner.response:extract:179 - extract mapping: {'entSession': 'response.headers."Set-Cookie".session'}
2023-06-25 18:44:26.245 | INFO     | httprunner.response:validate:249 - assert status_code equal 200(int)	==> pass
2023-06-25 18:44:26.245 | INFO     | httprunner.response:validate:249 - assert headers."Content-Type" equal application/json;charset=UTF-8(str)	==> pass
2023-06-25 18:44:26.245 | INFO     | httprunner.response:validate:249 - assert body.message equal success(str)	==> pass
2023-06-25 18:44:26.246 | INFO     | httprunner.response:validate:249 - assert body.status equal 1(int)	==> pass
2023-06-25 18:44:26.246 | INFO     | httprunner.response:validate:249 - assert body.data equal True(bool)	==> pass
2023-06-25 18:44:26.246 | INFO     | httprunner.runner:__run_step:304 - run step end: 登录-企业用户 <<<<<<

2023-06-25 18:44:26.246 | INFO     | httprunner.runner:__run_step_testcase:286 - export variables: {'entSession': 'response.headers."Set-Cookie".session'}
2023-06-25 18:44:26.246 | INFO     | httprunner.runner:__run_step:304 - run step end: 企业用户登录 <<<<<<

2023-06-25 18:44:26.246 | INFO     | httprunner.runner:__run_step:292 - run step begin: 企业登录系统，查看托管配置信息 >>>>>>
2023-06-25 18:44:26.246 | INFO     | httprunner.runner:__run_step:292 - run step begin: 企业用户查看托管审核结果 >>>>>>
2023-06-25 18:44:26.300 | DEBUG    | httprunner.client:request:186 - client IP: 127.0.0.1, Port: 56713
2023-06-25 18:44:26.300 | DEBUG    | httprunner.client:request:194 - server IP: 127.0.0.1, Port: 8888
2023-06-25 18:44:26.301 | DEBUG    | httprunner.client:log_print:40 - 
================== request details ==================
method   : GET
url      : http://139.198.116.76:8000/api/prefixProxy/pageQuery?cache=1664248316475&currentPage=1&entPrefix=88.408.6445521742&order=&orderProp=
headers  : {
    "User-Agent": "Mozilla/5.0 (Macintosh; Intel Mac OS X 10_15_7) AppleWebKit/537.36 (KHTML, like Gecko) Chrome/104.0.0.0 Safari/537.36",
    "Accept-Encoding": "gzip, deflate",
    "Accept": "application/json, text/plain, */*",
    "Connection": "keep-alive",
    "Accept-Language": "zh-CN,zh;q=0.9",
    "HRUN-Request-ID": "HRUN-541cd4bb-5ff7-4a7d-b223-6b1cbbca7176-866247",
    "Cookie": "SESSION=NGUxNjZhZGMtMDUzOC00NDFjLWJkZDMtMzM1M2QzNGUwOWY4; SESSION=response.headers.\"Set-Cookie\".session"
}
cookies  : {
    "SESSION": "NGUxNjZhZGMtMDUzOC00NDFjLWJkZDMtMzM1M2QzNGUwOWY4"
}
body     : None

2023-06-25 18:44:26.302 | DEBUG    | httprunner.client:log_print:40 - 
================== response details ==================
status_code : 200
headers  : {
    "Server": "nginx",
    "Date": "Sun, 25 Jun 2023 10:44:26 GMT",
    "Content-Type": "application/json;charset=UTF-8",
    "Transfer-Encoding": "chunked",
    "X-Frame-Options": "SAMEORIGIN",
    "Connection": "keep-alive"
}
cookies  : {}
encoding : UTF-8
content_type : application/json;charset=UTF-8
body     : {
    "message": "success",
    "status": 1,
    "data": {
        "first": true,
        "last": true,
        "totalPages": 1,
        "totalElements": 1,
        "number": 1,
        "size": 10,
        "sort": {
            "sorted": false,
            "unsorted": true,
            "empty": true
        },
        "numberOfElements": 1,
        "content": [
            {
                "id": 724,
                "createDate": "2023-06-25 18:44:26",
                "updateDate": "2023-06-25 18:44:26",
                "entPrefix": "88.408.6445521742",
                "state": true,
                "entGeneralId": "2812816100000002",
                "entName": "WkSoSOAivoa6OasgeSdPZbwpEL3VqtdZ",
                "userId": 1660,
                "proxyState": 1,
                "proxyServerId": null,
                "auditId": null,
                "auditName": null,
                "auditMsg": null,
                "status": null,
                "proxyServerApplyId": null
            }
        ]
    }
}

2023-06-25 18:44:26.302 | INFO     | httprunner.client:request:217 - status_code: 200, response_time(ms): 52.99 ms, response_length: 0 bytes
2023-06-25 18:44:26.302 | INFO     | httprunner.response:validate:249 - assert status_code equal 200(int)	==> pass
2023-06-25 18:44:26.303 | INFO     | httprunner.response:validate:249 - assert body.message equal success(str)	==> pass
2023-06-25 18:44:26.303 | INFO     | httprunner.response:validate:249 - assert body.status equal 1(int)	==> pass
2023-06-25 18:44:26.303 | INFO     | httprunner.response:validate:249 - assert body.content[0].auditMsg equal None(NoneType)	==> pass
2023-06-25 18:44:26.304 | INFO     | httprunner.runner:__run_step:304 - run step end: 企业用户查看托管审核结果 <<<<<<

2023-06-25 18:44:26.304 | INFO     | httprunner.runner:__run_step:304 - run step end: 企业登录系统，查看托管配置信息 <<<<<<

