2023-06-13 17:01:01.178 | INFO     | httprunner.runner:test_start:450 - Start to run testcase: 申请记录分页-ent-35,36, TestCase ID: 545b4211-33fb-486c-968f-dd822ff557b9
2023-06-13 17:01:01.178 | INFO     | httprunner.runner:__run_step:292 - run step begin: 用户注册 >>>>>>
2023-06-13 17:01:01.178 | INFO     | httprunner.runner:__run_step:292 - run step begin: 用户注册 >>>>>>
2023-06-13 17:01:01.287 | DEBUG    | httprunner.client:request:186 - client IP: 10.14.148.129, Port: 64919
2023-06-13 17:01:01.287 | DEBUG    | httprunner.client:request:194 - server IP: 139.198.116.76, Port: 8000
2023-06-13 17:01:01.287 | DEBUG    | httprunner.client:log_print:40 - 
================== request details ==================
method   : POST
url      : http://139.198.116.76:8000/api/home/test/registry
headers  : {
    "User-Agent": "Mozilla/5.0 (Windows NT 10.0; WOW64) AppleWebKit/537.36 (KHTML, like Gecko) Chrome/100.0.4896.60 Safari/537.36",
    "Accept-Encoding": "gzip, deflate",
    "Accept": "application/json, text/plain, */*",
    "Connection": "keep-alive",
    "Accept-Language": "zh-CN,zh;q=0.9",
    "HRUN-Request-ID": "HRUN-545b4211-33fb-486c-968f-dd822ff557b9-861179",
    "Content-Length": "189",
    "Content-Type": "application/json"
}
cookies  : {}
body     : {
    "email": "C6w2s5c6vVuQ4Mfm@qaqseq.com",
    "mobile": "17594262730",
    "openId": "",
    "openUserName": "",
    "password": "Yingzi125@@",
    "remarks": "",
    "username": "3H9hRYnR7JDD7ZMWAOECeEJwxzTc7SDa"
}

2023-06-13 17:01:01.287 | DEBUG    | httprunner.client:log_print:40 - 
================== response details ==================
status_code : 200
headers  : {
    "Server": "nginx",
    "Date": "Tue, 13 Jun 2023 09:01:01 GMT",
    "Content-Type": "application/json",
    "Transfer-Encoding": "chunked",
    "Connection": "keep-alive",
    "X-Frame-Options": "SAMEORIGIN"
}
cookies  : {}
encoding : utf-8
content_type : application/json
body     : {
    "message": "success",
    "status": 1,
    "data": true
}

2023-06-13 17:01:01.287 | INFO     | httprunner.client:request:217 - status_code: 200, response_time(ms): 107.76 ms, response_length: 0 bytes
2023-06-13 17:01:01.288 | INFO     | httprunner.response:validate:249 - assert status_code equal 200(int)	==> pass
2023-06-13 17:01:01.288 | INFO     | httprunner.response:validate:249 - assert body.message equal success(str)	==> pass
2023-06-13 17:01:01.288 | INFO     | httprunner.response:validate:249 - assert body.status equal 1(int)	==> pass
2023-06-13 17:01:01.288 | INFO     | httprunner.response:validate:249 - assert body.message contains success(str)	==> pass
2023-06-13 17:01:01.288 | INFO     | httprunner.response:validate:249 - assert body.status contained_by [1, 200](list)	==> pass
2023-06-13 17:01:01.288 | INFO     | httprunner.runner:__run_step:304 - run step end: 用户注册 <<<<<<

2023-06-13 17:01:01.288 | INFO     | httprunner.runner:__run_step:304 - run step end: 用户注册 <<<<<<

2023-06-13 17:01:01.289 | INFO     | httprunner.runner:__run_step:292 - run step begin: 登录-企业 >>>>>>
2023-06-13 17:01:01.289 | INFO     | httprunner.runner:__run_step:292 - run step begin: 登录-企业用户 >>>>>>
2023-06-13 17:01:01.374 | DEBUG    | httprunner.client:request:186 - client IP: 10.14.148.129, Port: 64919
2023-06-13 17:01:01.375 | DEBUG    | httprunner.client:request:194 - server IP: 139.198.116.76, Port: 8000
2023-06-13 17:01:01.375 | DEBUG    | httprunner.client:log_print:40 - 
================== request details ==================
method   : POST
url      : http://139.198.116.76:8000/api/home/test/login
headers  : {
    "User-Agent": "python-requests/2.28.1",
    "Accept-Encoding": "gzip, deflate, br",
    "Accept": "*/*",
    "Connection": "keep-alive",
    "Content-Length": "170",
    "Content-Type": "application/json",
    "HRUN-Request-ID": "HRUN-545b4211-33fb-486c-968f-dd822ff557b9-861289"
}
cookies  : {}
body     : {
    "captcha": "0000",
    "captchaSign": "043c7fd823dd07b04287ff8e365ddbd45861e442254b13f08508be7caf87a388",
    "emailCaptcha": "",
    "username": "3H9hRYnR7JDD7ZMWAOECeEJwxzTc7SDa"
}

2023-06-13 17:01:01.376 | DEBUG    | httprunner.client:log_print:40 - 
================== response details ==================
status_code : 200
headers  : {
    "Server": "nginx",
    "Date": "Tue, 13 Jun 2023 09:01:01 GMT",
    "Content-Type": "application/json;charset=UTF-8",
    "Transfer-Encoding": "chunked",
    "Connection": "keep-alive",
    "Set-Cookie": "SESSION=NmY1YTk2NDQtZTYwYS00NGJlLThjZmEtNGRlN2MzYTc1NTZk; Path=/; HttpOnly; SameSite=Lax",
    "X-Frame-Options": "SAMEORIGIN"
}
cookies  : {
    "SESSION": "NmY1YTk2NDQtZTYwYS00NGJlLThjZmEtNGRlN2MzYTc1NTZk"
}
encoding : UTF-8
content_type : application/json;charset=UTF-8
body     : {
    "message": "success",
    "status": 1,
    "data": true
}

2023-06-13 17:01:01.376 | INFO     | httprunner.client:request:217 - status_code: 200, response_time(ms): 85.14 ms, response_length: 0 bytes
2023-06-13 17:01:01.376 | INFO     | httprunner.response:extract:179 - extract mapping: {'entSession': 'response.headers."Set-Cookie".session'}
2023-06-13 17:01:01.376 | INFO     | httprunner.response:validate:249 - assert status_code equal 200(int)	==> pass
2023-06-13 17:01:01.376 | INFO     | httprunner.response:validate:249 - assert headers."Content-Type" equal application/json;charset=UTF-8(str)	==> pass
2023-06-13 17:01:01.377 | INFO     | httprunner.response:validate:249 - assert body.message equal success(str)	==> pass
2023-06-13 17:01:01.377 | INFO     | httprunner.response:validate:249 - assert body.status equal 1(int)	==> pass
2023-06-13 17:01:01.377 | INFO     | httprunner.response:validate:249 - assert body.data equal True(bool)	==> pass
2023-06-13 17:01:01.377 | INFO     | httprunner.runner:__run_step:304 - run step end: 登录-企业用户 <<<<<<

2023-06-13 17:01:01.377 | INFO     | httprunner.runner:__run_step_testcase:286 - export variables: {'entSession': 'response.headers."Set-Cookie".session'}
2023-06-13 17:01:01.377 | INFO     | httprunner.runner:__run_step:304 - run step end: 登录-企业 <<<<<<

2023-06-13 17:01:01.378 | INFO     | httprunner.runner:__run_step:292 - run step begin: 前缀注册企业资质图片上传 >>>>>>
2023-06-13 17:01:01.378 | INFO     | httprunner.runner:__run_step:292 - run step begin: 前缀注册企业资质图片上传 >>>>>>
2023-06-13 17:01:01.507 | DEBUG    | httprunner.client:request:186 - client IP: 10.14.148.129, Port: 64919
2023-06-13 17:01:01.508 | DEBUG    | httprunner.client:request:194 - server IP: 139.198.116.76, Port: 8000
2023-06-13 17:01:01.509 | DEBUG    | httprunner.client:log_print:40 - 
================== request details ==================
method   : POST
url      : http://139.198.116.76:8000/api/file/img/upload
headers  : {
    "User-Agent": "Mozilla/5.0 (Macintosh; Intel Mac OS X 10_15_7) AppleWebKit/537.36 (KHTML, like Gecko) Chrome/105.0.0.0 Safari/537.36",
    "Accept-Encoding": "gzip, deflate",
    "Accept": "application/json, text/plain, */*",
    "Connection": "keep-alive",
    "Accept-Language": "zh-CN,zh;q=0.9",
    "Content-Type": "multipart/form-data; boundary=305e775123f347e0b6bb7ea979077c24",
    "HRUN-Request-ID": "HRUN-545b4211-33fb-486c-968f-dd822ff557b9-861381",
    "Cookie": "SESSION=NmY1YTk2NDQtZTYwYS00NGJlLThjZmEtNGRlN2MzYTc1NTZk; SESSION=response.headers.\"Set-Cookie\".session",
    "Content-Length": "20435"
}
cookies  : {
    "SESSION": "NmY1YTk2NDQtZTYwYS00NGJlLThjZmEtNGRlN2MzYTc1NTZk"
}
body     : upload file stream (OMITTED)

2023-06-13 17:01:01.510 | DEBUG    | httprunner.client:log_print:40 - 
================== response details ==================
status_code : 200
headers  : {
    "Server": "nginx",
    "Date": "Tue, 13 Jun 2023 09:01:01 GMT",
    "Content-Type": "application/json;charset=UTF-8",
    "Transfer-Encoding": "chunked",
    "Connection": "keep-alive",
    "X-Frame-Options": "SAMEORIGIN"
}
cookies  : {}
encoding : UTF-8
content_type : application/json;charset=UTF-8
body     : {
    "message": "success",
    "status": 1,
    "data": {
        "id": 2050,
        "path": "6fb3093d-52e2-453a-91ee-126c6fa889b9.jpeg"
    }
}

2023-06-13 17:01:01.510 | INFO     | httprunner.client:request:217 - status_code: 200, response_time(ms): 125.77 ms, response_length: 0 bytes
2023-06-13 17:01:01.511 | INFO     | httprunner.response:extract:179 - extract mapping: {'imgId': 2050}
2023-06-13 17:01:01.511 | INFO     | httprunner.response:validate:249 - assert status_code equal 200(int)	==> pass
2023-06-13 17:01:01.511 | INFO     | httprunner.runner:__run_step:304 - run step end: 前缀注册企业资质图片上传 <<<<<<

2023-06-13 17:01:01.512 | INFO     | httprunner.runner:__run_step_testcase:286 - export variables: {'imgId': 2050}
2023-06-13 17:01:01.512 | INFO     | httprunner.runner:__run_step:304 - run step end: 前缀注册企业资质图片上传 <<<<<<

2023-06-13 17:01:01.512 | INFO     | httprunner.runner:__run_step:292 - run step begin: 前缀注册企业联系人身份证图片正面上传 >>>>>>
2023-06-13 17:01:01.513 | INFO     | httprunner.runner:__run_step:292 - run step begin: 前缀注册企业联系人身份证图片背面上传 >>>>>>
2023-06-13 17:01:01.615 | DEBUG    | httprunner.client:request:186 - client IP: 10.14.148.129, Port: 64919
2023-06-13 17:01:01.616 | DEBUG    | httprunner.client:request:194 - server IP: 139.198.116.76, Port: 8000
2023-06-13 17:01:01.617 | DEBUG    | httprunner.client:log_print:40 - 
================== request details ==================
method   : POST
url      : http://139.198.116.76:8000/api/file/img/upload
headers  : {
    "User-Agent": "Mozilla/5.0 (Macintosh; Intel Mac OS X 10_15_7) AppleWebKit/537.36 (KHTML, like Gecko) Chrome/105.0.0.0 Safari/537.36",
    "Accept-Encoding": "gzip, deflate",
    "Accept": "application/json, text/plain, */*",
    "Connection": "keep-alive",
    "Accept-Language": "zh-CN,zh;q=0.9",
    "Content-Type": "multipart/form-data; boundary=6fb097269cd44d138368ba3071406bd9",
    "HRUN-Request-ID": "HRUN-545b4211-33fb-486c-968f-dd822ff557b9-861514",
    "Cookie": "SESSION=NmY1YTk2NDQtZTYwYS00NGJlLThjZmEtNGRlN2MzYTc1NTZk; SESSION=response.headers.\"Set-Cookie\".session",
    "Content-Length": "20435"
}
cookies  : {
    "SESSION": "NmY1YTk2NDQtZTYwYS00NGJlLThjZmEtNGRlN2MzYTc1NTZk"
}
body     : upload file stream (OMITTED)

2023-06-13 17:01:01.619 | DEBUG    | httprunner.client:log_print:40 - 
================== response details ==================
status_code : 200
headers  : {
    "Server": "nginx",
    "Date": "Tue, 13 Jun 2023 09:01:01 GMT",
    "Content-Type": "application/json;charset=UTF-8",
    "Transfer-Encoding": "chunked",
    "Connection": "keep-alive",
    "X-Frame-Options": "SAMEORIGIN"
}
cookies  : {}
encoding : UTF-8
content_type : application/json;charset=UTF-8
body     : {
    "message": "success",
    "status": 1,
    "data": {
        "id": 2051,
        "path": "a2e86146-2325-4383-9c9f-479ba835b64f.jpeg"
    }
}

2023-06-13 17:01:01.619 | INFO     | httprunner.client:request:217 - status_code: 200, response_time(ms): 101.34 ms, response_length: 0 bytes
2023-06-13 17:01:01.619 | INFO     | httprunner.response:extract:179 - extract mapping: {'imgId_f': 2051}
2023-06-13 17:01:01.619 | INFO     | httprunner.response:validate:249 - assert status_code equal 200(int)	==> pass
2023-06-13 17:01:01.620 | INFO     | httprunner.runner:__run_step:304 - run step end: 前缀注册企业联系人身份证图片背面上传 <<<<<<

2023-06-13 17:01:01.620 | INFO     | httprunner.runner:__run_step_testcase:286 - export variables: {'imgId_f': 2051}
2023-06-13 17:01:01.620 | INFO     | httprunner.runner:__run_step:304 - run step end: 前缀注册企业联系人身份证图片正面上传 <<<<<<

2023-06-13 17:01:01.620 | INFO     | httprunner.runner:__run_step:292 - run step begin: 前缀注册企业联系人身份证图片背面上传 >>>>>>
2023-06-13 17:01:01.621 | INFO     | httprunner.runner:__run_step:292 - run step begin: 前缀注册企业联系人身份证图片背面上传 >>>>>>
2023-06-13 17:01:01.724 | DEBUG    | httprunner.client:request:186 - client IP: 10.14.148.129, Port: 64919
2023-06-13 17:01:01.725 | DEBUG    | httprunner.client:request:194 - server IP: 139.198.116.76, Port: 8000
2023-06-13 17:01:01.727 | DEBUG    | httprunner.client:log_print:40 - 
================== request details ==================
method   : POST
url      : http://139.198.116.76:8000/api/file/img/upload
headers  : {
    "User-Agent": "Mozilla/5.0 (Macintosh; Intel Mac OS X 10_15_7) AppleWebKit/537.36 (KHTML, like Gecko) Chrome/105.0.0.0 Safari/537.36",
    "Accept-Encoding": "gzip, deflate",
    "Accept": "application/json, text/plain, */*",
    "Connection": "keep-alive",
    "Accept-Language": "zh-CN,zh;q=0.9",
    "Content-Type": "multipart/form-data; boundary=2a2e420ecfc2456fba2d46f4cb58a00e",
    "HRUN-Request-ID": "HRUN-545b4211-33fb-486c-968f-dd822ff557b9-861622",
    "Cookie": "SESSION=NmY1YTk2NDQtZTYwYS00NGJlLThjZmEtNGRlN2MzYTc1NTZk; SESSION=response.headers.\"Set-Cookie\".session",
    "Content-Length": "20435"
}
cookies  : {
    "SESSION": "NmY1YTk2NDQtZTYwYS00NGJlLThjZmEtNGRlN2MzYTc1NTZk"
}
body     : upload file stream (OMITTED)

2023-06-13 17:01:01.729 | DEBUG    | httprunner.client:log_print:40 - 
================== response details ==================
status_code : 200
headers  : {
    "Server": "nginx",
    "Date": "Tue, 13 Jun 2023 09:01:01 GMT",
    "Content-Type": "application/json;charset=UTF-8",
    "Transfer-Encoding": "chunked",
    "Connection": "keep-alive",
    "X-Frame-Options": "SAMEORIGIN"
}
cookies  : {}
encoding : UTF-8
content_type : application/json;charset=UTF-8
body     : {
    "message": "success",
    "status": 1,
    "data": {
        "id": 2052,
        "path": "0655ac2f-e17a-4145-b7c3-610d3c5f1c93.jpeg"
    }
}

2023-06-13 17:01:01.729 | INFO     | httprunner.client:request:217 - status_code: 200, response_time(ms): 101.84 ms, response_length: 0 bytes
2023-06-13 17:01:01.729 | INFO     | httprunner.response:extract:179 - extract mapping: {'imgId_b': 2052}
2023-06-13 17:01:01.730 | INFO     | httprunner.response:validate:249 - assert status_code equal 200(int)	==> pass
2023-06-13 17:01:01.730 | INFO     | httprunner.runner:__run_step:304 - run step end: 前缀注册企业联系人身份证图片背面上传 <<<<<<

2023-06-13 17:01:01.730 | INFO     | httprunner.runner:__run_step_testcase:286 - export variables: {'imgId_b': 2052}
2023-06-13 17:01:01.731 | INFO     | httprunner.runner:__run_step:304 - run step end: 前缀注册企业联系人身份证图片背面上传 <<<<<<

2023-06-13 17:01:01.731 | INFO     | httprunner.runner:__run_step:292 - run step begin: 企业注册第一步提交信息 >>>>>>
2023-06-13 17:01:01.732 | INFO     | httprunner.runner:__run_step:292 - run step begin: 企业注册第一步提交信息 >>>>>>
2023-06-13 17:01:02.644 | DEBUG    | httprunner.client:request:186 - client IP: 10.14.148.129, Port: 64919
2023-06-13 17:01:02.644 | DEBUG    | httprunner.client:request:194 - server IP: 139.198.116.76, Port: 8000
2023-06-13 17:01:02.645 | DEBUG    | httprunner.client:log_print:40 - 
================== request details ==================
method   : POST
url      : http://139.198.116.76:8000/api/v3/entApply/basicInfo/submit
headers  : {
    "User-Agent": "Mozilla/5.0 (Macintosh; Intel Mac OS X 10_15_7) AppleWebKit/537.36 (KHTML, like Gecko) Chrome/105.0.0.0 Safari/537.36",
    "Accept-Encoding": "gzip, deflate",
    "Accept": "application/json, text/plain, */*",
    "Connection": "keep-alive",
    "Accept-Language": "zh-CN,zh;q=0.9",
    "Content-Type": "application/json;charset=UTF-8",
    "HRUN-Request-ID": "HRUN-545b4211-33fb-486c-968f-dd822ff557b9-861733",
    "Cookie": "SESSION=NmY1YTk2NDQtZTYwYS00NGJlLThjZmEtNGRlN2MzYTc1NTZk; SESSION=response.headers.\"Set-Cookie\".session",
    "Content-Length": "2557"
}
cookies  : {
    "SESSION": "NmY1YTk2NDQtZTYwYS00NGJlLThjZmEtNGRlN2MzYTc1NTZk"
}
body     : {
    "applyStep": 2,
    "applyType": null,
    "area": [
        "110000",
        "110100",
        "110101"
    ],
    "cltrid": null,
    "contactCrtBackImgPath": null,
    "contactCrtBackImgRid": 2052,
    "contactCrtFrontImgPath": null,
    "contactCrtFrontImgRid": 2051,
    "contactCrtNo": "375972197105076114",
    "contactCrtType": 1,
    "contactEmail": "C6w2s5c6vVuQ4Mfm@qaqseq.com",
    "contactName": "3H9hRYnR7JDD7ZMWAOECeEJwxzTc7SDa",
    "contactPhone": "17594262730",
    "createDate": null,
    "dataHostingContractFilePath": null,
    "dataHostingContractFileRid": null,
    "dataHostingOrg": null,
    "entGeneralId": null,
    "entInfoLicenses": [],
    "entInfoSerIndustrys": [],
    "entPrefix": "88.408.403386530183",
    "escrowId": null,
    "escrowOrgName": null,
    "establishDate": null,
    "extDomain": null,
    "extIpAddr": null,
    "extWebName": null,
    "finalAuditMsg": null,
    "finalAuditStatus": null,
    "firstAuditMsg": null,
    "firstAuditStatus": null,
    "id": null,
    "idRegNaImp": null,
    "industry": [
        "A",
        "01"
    ],
    "industryCategory": "A",
    "industrySpecific": "01",
    "isSubmit": 0,
    "legalCrtBackImgContent": null,
    "legalCrtBackImgPath": null,
    "legalCrtBackImgRid": 2052,
    "legalCrtFrontImgContent": null,
    "legalCrtFrontImgPath": null,
    "legalCrtFrontImgRid": 2051,
    "legalCrtNo": "375972197105076114",
    "legalCrtType": "1",
    "legalCrtTypeDesc": "中国居民身份证",
    "legalEmail": null,
    "legalFax": null,
    "legalName": "张三",
    "legalPhone": null,
    "orgAddr": "致真",
    "orgAddrCity": "110100",
    "orgAddrCityDesc": "市辖区",
    "orgAddrCounty": "110101",
    "orgAddrCountyDesc": "东城区",
    "orgAddrProvince": "110000",
    "orgAddrProvinceDesc": "北京市",
    "orgCategorySpecificDesc": "农、林、牧、渔业-农业",
    "orgCrtCode": "hewOqGjjM3nOZQ1CCWvI76LaTLjQvjzK",
    "orgCrtImgContent": null,
    "orgCrtImgPath": null,
    "orgCrtImgRid": 2050,
    "orgCrtType": "1",
    "orgDesc": null,
    "orgName": "dxBH0qBFAFEC4pCPRbymaxGN7xUtrU6j",
    "orgNature": "1",
    "orgNatureDesc": "国有控股",
    "periodValidity": null,
    "regAuthority": null,
    "regCapital": null,
    "regRealNaImpName": null,
    "regRealNaImpType": null,
    "servHostingContractFilePath": null,
    "servHostingContractFileRid": null,
    "servHostingOrg": null,
    "servSysBuildContractFilePath": null,
    "servSysBuildContractFileRid": null,
    "servSysBuildName": null,
    "servSysBuildType": 1,
    "servSysOperContractFilePath": null,
    "servSysOperContractFileRid": null,
    "servSysOperName": null,
    "servSysOperType": 1,
    "svtrid": null,
    "thirdServiceMsg": null,
    "thirdServiceStatus": null,
    "updateDate": null,
    "userId": null,
    "userName": null,
    "website": null
}

2023-06-13 17:01:02.646 | DEBUG    | httprunner.client:log_print:40 - 
================== response details ==================
status_code : 200
headers  : {
    "Server": "nginx",
    "Date": "Tue, 13 Jun 2023 09:01:02 GMT",
    "Content-Type": "application/json;charset=UTF-8",
    "Transfer-Encoding": "chunked",
    "Connection": "keep-alive",
    "X-Frame-Options": "SAMEORIGIN"
}
cookies  : {}
encoding : UTF-8
content_type : application/json;charset=UTF-8
body     : {
    "message": "success",
    "status": 1,
    "data": true
}

2023-06-13 17:01:02.646 | INFO     | httprunner.client:request:217 - status_code: 200, response_time(ms): 910.55 ms, response_length: 0 bytes
2023-06-13 17:01:02.646 | INFO     | httprunner.response:validate:249 - assert status_code equal 200(int)	==> pass
2023-06-13 17:01:02.646 | INFO     | httprunner.response:validate:249 - assert body.message equal success(str)	==> pass
2023-06-13 17:01:02.647 | INFO     | httprunner.runner:__run_step:304 - run step end: 企业注册第一步提交信息 <<<<<<

2023-06-13 17:01:02.647 | INFO     | httprunner.runner:__run_step:304 - run step end: 企业注册第一步提交信息 <<<<<<

2023-06-13 17:01:02.647 | INFO     | httprunner.runner:__run_step:292 - run step begin: 企业注册查询注册信息 >>>>>>
2023-06-13 17:01:02.648 | INFO     | httprunner.runner:__run_step:292 - run step begin: 企业注册查询注册信息 >>>>>>
2023-06-13 17:01:02.767 | DEBUG    | httprunner.client:request:186 - client IP: 10.14.148.129, Port: 64919
2023-06-13 17:01:02.767 | DEBUG    | httprunner.client:request:194 - server IP: 139.198.116.76, Port: 8000
2023-06-13 17:01:02.768 | DEBUG    | httprunner.client:log_print:40 - 
================== request details ==================
method   : GET
url      : http://139.198.116.76:8000/api/v3/entApply/applyOrNot
headers  : {
    "User-Agent": "Mozilla/5.0 (Macintosh; Intel Mac OS X 10_15_7) AppleWebKit/537.36 (KHTML, like Gecko) Chrome/105.0.0.0 Safari/537.36",
    "Accept-Encoding": "gzip, deflate",
    "Accept": "application/json, text/plain, */*",
    "Connection": "keep-alive",
    "Accept-Language": "zh-CN,zh;q=0.9",
    "HRUN-Request-ID": "HRUN-545b4211-33fb-486c-968f-dd822ff557b9-862648",
    "Cookie": "SESSION=NmY1YTk2NDQtZTYwYS00NGJlLThjZmEtNGRlN2MzYTc1NTZk; SESSION=response.headers.\"Set-Cookie\".session"
}
cookies  : {
    "SESSION": "NmY1YTk2NDQtZTYwYS00NGJlLThjZmEtNGRlN2MzYTc1NTZk"
}
body     : None

2023-06-13 17:01:02.772 | DEBUG    | httprunner.client:log_print:40 - 
================== response details ==================
status_code : 200
headers  : {
    "Server": "nginx",
    "Date": "Tue, 13 Jun 2023 09:01:02 GMT",
    "Content-Type": "application/json;charset=UTF-8",
    "Transfer-Encoding": "chunked",
    "Connection": "keep-alive",
    "X-Frame-Options": "SAMEORIGIN"
}
cookies  : {}
encoding : UTF-8
content_type : application/json;charset=UTF-8
body     : {
    "message": "success",
    "status": 1,
    "data": {
        "nbmsEntApplyPO": {
            "id": 1118,
            "createDate": "2023-06-13 17:01:03",
            "updateDate": "2023-06-13 17:01:03",
            "applyType": null,
            "entGeneralId": null,
            "applyStep": 2,
            "isSubmit": 0,
            "entPrefix": "88.408.403386530183",
            "firstAuditStatus": null,
            "firstAuditMsg": null,
            "thirdServiceStatus": null,
            "thirdServiceMsg": null,
            "userName": "3H9hRYnR7JDD7ZMWAOECeEJwxzTc7SDa",
            "finalAuditStatus": null,
            "finalAuditMsg": null,
            "svtrid": null,
            "cltrid": null,
            "userId": 1324,
            "orgName": "dxBH0qBFAFEC4pCPRbymaxGN7xUtrU6j",
            "orgNature": "1",
            "orgAddrProvince": "110000",
            "orgAddrCity": "110100",
            "orgAddrCounty": "110101",
            "orgAddr": "致真",
            "orgCrtType": "1",
            "orgCrtCode": "hewOqGjjM3nOZQ1CCWvI76LaTLjQvjzK",
            "legalName": "张三",
            "legalCrtType": "1",
            "legalCrtNo": "375972197105076114",
            "orgDesc": null,
            "industryCategory": "A",
            "industrySpecific": "01",
            "contactName": "3H9hRYnR7JDD7ZMWAOECeEJwxzTc7SDa",
            "contactPhone": "17594262730",
            "contactCrtType": 1,
            "contactCrtNo": "375972197105076114",
            "contactEmail": "C6w2s5c6vVuQ4Mfm@qaqseq.com",
            "website": null,
            "regAuthority": null,
            "regCapital": null,
            "establishDate": null,
            "periodValidity": null,
            "legalEmail": null,
            "legalPhone": null,
            "legalFax": null,
            "servSysBuildType": null,
            "servSysBuildName": null,
            "servSysOperType": null,
            "servSysOperName": null,
            "dataHostingOrg": null,
            "servHostingOrg": null,
            "regRealNaImpType": null,
            "regRealNaImpName": null,
            "idRegNaImp": null,
            "extWebName": null,
            "extDomain": null,
            "extIpAddr": null,
            "orgCrtImgRid": 2050,
            "contactCrtFrontImgRid": 2051,
            "contactCrtBackImgRid": 2052,
            "legalCrtFrontImgRid": 2051,
            "legalCrtBackImgRid": 2052,
            "servSysBuildContractFileRid": null,
            "servSysOperContractFileRid": null,
            "dataHostingContractFileRid": null,
            "servHostingContractFileRid": null,
            "entInfoLicenses": [],
            "entInfoSyss": [],
            "entInfoSerIndustrys": [],
            "escrowId": null,
            "industryQualificationRid": null,
            "certificationRid": null,
            "openingBank": null,
            "bankCard": null,
            "verificationName": null,
            "orgNatureDesc": "国有控股",
            "orgCrtImgContent": null,
            "orgCategorySpecificDesc": "农、林、牧、渔业-农业",
            "orgAddrProvinceDesc": "北京市",
            "orgAddrCountyDesc": "东城区",
            "orgAddrCityDesc": "市辖区",
            "legalCrtTypeDesc": "中国居民身份证",
            "legalCrtFrontImgContent": null,
            "legalCrtBackImgContent": null,
            "orgCrtImgPath": "6fb3093d-52e2-453a-91ee-126c6fa889b9.jpeg",
            "contactCrtFrontImgPath": "a2e86146-2325-4383-9c9f-479ba835b64f.jpeg",
            "contactCrtBackImgPath": "0655ac2f-e17a-4145-b7c3-610d3c5f1c93.jpeg",
            "legalCrtFrontImgPath": "a2e86146-2325-4383-9c9f-479ba835b64f.jpeg",
            "legalCrtBackImgPath": "0655ac2f-e17a-4145-b7c3-610d3c5f1c93.jpeg",
            "servSysBuildContractFilePath": null,
            "servSysOperContractFilePath": null,
            "dataHostingContractFilePath": null,
            "servHostingContractFilePath": null,
            "industryQualificationFilePath": null,
            "certificationFilePath": null,
            "escrowOrgName": null
        },
        "nbmsEntPO": null,
        "nbmsEntPrefixApplyPO": null,
        "needRelog": null,
        "applyStatus": 0
    }
}

2023-06-13 17:01:02.773 | INFO     | httprunner.client:request:217 - status_code: 200, response_time(ms): 118.46 ms, response_length: 0 bytes
2023-06-13 17:01:02.781 | INFO     | httprunner.response:extract:179 - extract mapping: {'applyId': 1118, 'userId': 1324, 'userName': '3H9hRYnR7JDD7ZMWAOECeEJwxzTc7SDa', 'imgId_f': 2051, 'imgId_b': 2052, 'entId': None, 'entUserId': None, 'prefix': '88.408.403386530183', 'contactCrtNo': '375972197105076114', 'contactCrtType': 1, 'contactEmail': 'C6w2s5c6vVuQ4Mfm@qaqseq.com', 'contactName': '3H9hRYnR7JDD7ZMWAOECeEJwxzTc7SDa', 'contactPhone': '17594262730', 'industryCategory': 'A', 'industrySpecific': '01', 'orgName': 'dxBH0qBFAFEC4pCPRbymaxGN7xUtrU6j', 'orgNature': '1', 'orgAddrProvince': '110000', 'orgAddrCity': '110100', 'orgAddrCounty': '110101', 'orgAddr': '致真', 'orgCrtType': '1', 'orgCrtCode': 'hewOqGjjM3nOZQ1CCWvI76LaTLjQvjzK', 'legalName': '张三', 'legalEmail': None, 'legalPhone': None, 'legalCrtType': '1', 'legalCrtNo': '375972197105076114', 'legalCrtFrontImgRid': 2051, 'legalCrtBackImgRid': 2052, 'orgCrtImgRid': 2050, 'imgId': 2050, 'orgNatureDesc': '国有控股', 'orgCategorySpecificDesc': '农、林、牧、渔业-农业', 'orgAddrProvinceDesc': '北京市', 'orgAddrCountyDesc': '东城区', 'orgAddrCityDesc': '市辖区', 'legalCrtTypeDesc': '中国居民身份证', 'createDate': '2023-06-13 17:01:03', 'updateDate': '2023-06-13 17:01:03', 'entInfoSyss_0_id': None, 'entInfoSyss_0_entApplyId': None, 'entApplyId': None, 'entInfoSyss_0_sysType': None, 'entInfoSyss_0_deployMode': None, 'entInfoSyss_0_deployAddr': None, 'entInfoSyss_0_deployAddrProvince': None, 'entInfoSyss_0_deployAddrCity': None, 'entInfoSyss_0_deployAddrCounty': None, 'entInfoSyss_1_id': None, 'entInfoSyss_1_entApplyId': None, 'entInfoSyss_1_sysType': None, 'entInfoSyss_1_deployMode': None, 'entInfoSyss_1_deployAddr': None, 'entInfoSyss_1_deployAddrProvince': None, 'entInfoSyss_1_deployAddrCity': None, 'entInfoSyss_1_deployAddrCounty': None, 'entInfoSyss_2_id': None, 'entInfoSyss_2_entApplyId': None, 'entInfoSyss_2_sysType': None, 'entInfoSyss_2_deployMode': None, 'entInfoSyss_2_deployAddr': None, 'entInfoSyss_2_deployAddrProvince': None, 'entInfoSyss_2_deployAddrCity': None, 'entInfoSyss_2_deployAddrCounty': None, 'entInfoSyss_3_id': None, 'entInfoSyss_3_entApplyId': None, 'entInfoSyss_3_sysType': None, 'entInfoSyss_3_deployMode': None, 'entInfoSyss_3_deployAddr': None, 'entInfoSyss_3_deployAddrProvince': None, 'entInfoSyss_3_deployAddrCity': None, 'entInfoSyss_3_deployAddrCounty': None}
2023-06-13 17:01:02.781 | INFO     | httprunner.response:validate:249 - assert status_code equal 200(int)	==> pass
2023-06-13 17:01:02.781 | INFO     | httprunner.response:validate:249 - assert body.message equal success(str)	==> pass
2023-06-13 17:01:02.781 | INFO     | httprunner.runner:__run_step:304 - run step end: 企业注册查询注册信息 <<<<<<

2023-06-13 17:01:02.782 | INFO     | httprunner.runner:__run_step_testcase:286 - export variables: {'entInfoSyss_3_sysType': None, 'legalName': '张三', 'entInfoSyss_1_deployAddrCounty': None, 'entInfoSyss_0_deployAddrCity': None, 'legalCrtFrontImgRid': 2051, 'orgAddrCountyDesc': '东城区', 'contactEmail': 'C6w2s5c6vVuQ4Mfm@qaqseq.com', 'updateDate': '2023-06-13 17:01:03', 'entInfoSyss_2_deployAddrProvince': None, 'entInfoSyss_3_deployAddrCity': None, 'entInfoSyss_1_deployAddr': None, 'orgCrtType': '1', 'applyId': 1118, 'userId': 1324, 'contactCrtNo': '375972197105076114', 'contactPhone': '17594262730', 'industryCategory': 'A', 'orgAddrProvince': '110000', 'contactCrtType': 1, 'imgId_f': 2051, 'entInfoSyss_1_id': None, 'prefix': '88.408.403386530183', 'orgNature': '1', 'entInfoSyss_3_entApplyId': None, 'userName': '3H9hRYnR7JDD7ZMWAOECeEJwxzTc7SDa', 'contactName': '3H9hRYnR7JDD7ZMWAOECeEJwxzTc7SDa', 'entApplyId': None, 'industrySpecific': '01', 'entInfoSyss_3_id': None, 'entInfoSyss_2_deployAddrCity': None, 'orgAddrCounty': '110101', 'entInfoSyss_2_deployMode': None, 'imgId': 2050, 'orgCrtCode': 'hewOqGjjM3nOZQ1CCWvI76LaTLjQvjzK', 'entInfoSyss_2_deployAddr': None, 'orgName': 'dxBH0qBFAFEC4pCPRbymaxGN7xUtrU6j', 'entInfoSyss_0_deployAddrProvince': None, 'legalCrtTypeDesc': '中国居民身份证', 'entInfoSyss_0_entApplyId': None, 'entInfoSyss_2_deployAddrCounty': None, 'orgAddrCityDesc': '市辖区', 'orgAddrCity': '110100', 'orgAddr': '致真', 'legalPhone': None, 'orgCrtImgRid': 2050, 'entInfoSyss_1_deployMode': None, 'entInfoSyss_3_deployAddr': None, 'entId': None, 'entInfoSyss_0_deployAddrCounty': None, 'orgAddrProvinceDesc': '北京市', 'createDate': '2023-06-13 17:01:03', 'entInfoSyss_3_deployAddrCounty': None, 'orgCategorySpecificDesc': '农、林、牧、渔业-农业', 'entInfoSyss_0_id': None, 'entUserId': None, 'entInfoSyss_1_entApplyId': None, 'entInfoSyss_0_deployAddr': None, 'entInfoSyss_3_deployMode': None, 'entInfoSyss_1_deployAddrProvince': None, 'imgId_b': 2052, 'legalEmail': None, 'entInfoSyss_2_sysType': None, 'legalCrtNo': '375972197105076114', 'entInfoSyss_0_deployMode': None, 'orgNatureDesc': '国有控股', 'entInfoSyss_0_sysType': None, 'entInfoSyss_1_sysType': None, 'entInfoSyss_2_id': None, 'entInfoSyss_3_deployAddrProvince': None, 'entInfoSyss_1_deployAddrCity': None, 'entInfoSyss_2_entApplyId': None, 'legalCrtType': '1', 'legalCrtBackImgRid': 2052}
2023-06-13 17:01:02.782 | INFO     | httprunner.runner:__run_step:304 - run step end: 企业注册查询注册信息 <<<<<<

2023-06-13 17:01:02.782 | INFO     | httprunner.runner:__run_step:292 - run step begin: 企业注册第二步提交信息 >>>>>>
2023-06-13 17:01:02.783 | INFO     | httprunner.runner:__run_step:292 - run step begin: 企业注册第二步提交信息 >>>>>>
2023-06-13 17:01:02.985 | DEBUG    | httprunner.client:request:186 - client IP: 10.14.148.129, Port: 64919
2023-06-13 17:01:02.985 | DEBUG    | httprunner.client:request:194 - server IP: 139.198.116.76, Port: 8000
2023-06-13 17:01:02.987 | DEBUG    | httprunner.client:log_print:40 - 
================== request details ==================
method   : POST
url      : http://139.198.116.76:8000/api/v3/entApply/registerManageInfo
headers  : {
    "User-Agent": "Mozilla/5.0 (Macintosh; Intel Mac OS X 10_15_7) AppleWebKit/537.36 (KHTML, like Gecko) Chrome/105.0.0.0 Safari/537.36",
    "Accept-Encoding": "gzip, deflate",
    "Accept": "application/json, text/plain, */*",
    "Connection": "keep-alive",
    "Accept-Language": "zh-CN,zh;q=0.9",
    "Content-Type": "application/json;charset=UTF-8",
    "X-HTTP-Method-Override": "put",
    "HRUN-Request-ID": "HRUN-545b4211-33fb-486c-968f-dd822ff557b9-862784",
    "Cookie": "SESSION=NmY1YTk2NDQtZTYwYS00NGJlLThjZmEtNGRlN2MzYTc1NTZk; SESSION=response.headers.\"Set-Cookie\".session",
    "Content-Length": "3282"
}
cookies  : {
    "SESSION": "NmY1YTk2NDQtZTYwYS00NGJlLThjZmEtNGRlN2MzYTc1NTZk"
}
body     : {
    "applyStep": 3,
    "applyType": null,
    "cltrid": null,
    "contactCrtBackImgPath": null,
    "contactCrtBackImgRid": 2052,
    "contactCrtFrontImgPath": null,
    "contactCrtFrontImgRid": 2051,
    "contactCrtNo": "375972197105076114",
    "contactCrtType": 1,
    "contactEmail": "C6w2s5c6vVuQ4Mfm@qaqseq.com",
    "contactName": "3H9hRYnR7JDD7ZMWAOECeEJwxzTc7SDa",
    "contactPhone": "17594262730",
    "createDate": "2023-06-13 17:01:03",
    "dataHostingContractFilePath": null,
    "dataHostingContractFileRid": null,
    "dataHostingOrg": null,
    "entGeneralId": null,
    "entInfoLicenses": [],
    "entInfoSerIndustrys": [],
    "entInfoSyss": [
        {
            "deployAddr": "致真",
            "deployAddrCity": "110100",
            "deployAddrCounty": "110101",
            "deployAddrProvince": "110000",
            "deployMode": 1,
            "ipPort": null,
            "name": null,
            "sysType": 1
        },
        {
            "deployAddr": "致真",
            "deployAddrCity": "110100",
            "deployAddrCounty": "110101",
            "deployAddrProvince": "110000",
            "deployMode": 1,
            "ipPort": null,
            "name": null,
            "sysType": 2
        },
        {
            "deployAddr": "天津",
            "deployAddrCity": "120100",
            "deployAddrCounty": "120101",
            "deployAddrProvince": "120000",
            "deployMode": 1,
            "ipPort": null,
            "name": null,
            "sysType": 3
        },
        {
            "deployAddr": "天津",
            "deployAddrCity": "120100",
            "deployAddrCounty": "120101",
            "deployAddrProvince": "120000",
            "deployMode": 1,
            "ipPort": null,
            "name": null,
            "sysType": 4
        }
    ],
    "entPrefix": "88.408.403386530183",
    "escrowId": null,
    "escrowOrgName": null,
    "establishDate": null,
    "extDomain": null,
    "extIpAddr": null,
    "extWebName": null,
    "finalAuditMsg": null,
    "finalAuditStatus": null,
    "firstAuditMsg": null,
    "firstAuditStatus": null,
    "id": 1118,
    "idRegNaImp": null,
    "industryCategory": "A",
    "industrySpecific": "01",
    "isSubmit": 0,
    "legalCrtBackImgContent": null,
    "legalCrtBackImgPath": null,
    "legalCrtBackImgRid": 2052,
    "legalCrtFrontImgContent": null,
    "legalCrtFrontImgPath": null,
    "legalCrtFrontImgRid": 2051,
    "legalCrtNo": "375972197105076114",
    "legalCrtType": "1",
    "legalCrtTypeDesc": "中国居民身份证",
    "legalEmail": null,
    "legalFax": null,
    "legalName": "张三",
    "legalPhone": null,
    "orgAddr": "致真",
    "orgAddrCity": "110100",
    "orgAddrCityDesc": "市辖区",
    "orgAddrCounty": "110101",
    "orgAddrCountyDesc": "东城区",
    "orgAddrProvince": "110000",
    "orgAddrProvinceDesc": "北京市",
    "orgCategorySpecificDesc": "农、林、牧、渔业-农业",
    "orgCrtCode": "hewOqGjjM3nOZQ1CCWvI76LaTLjQvjzK",
    "orgCrtImgContent": null,
    "orgCrtImgPath": null,
    "orgCrtImgRid": 2050,
    "orgCrtType": "1",
    "orgDesc": null,
    "orgName": "dxBH0qBFAFEC4pCPRbymaxGN7xUtrU6j",
    "orgNature": "1",
    "orgNatureDesc": "1",
    "periodValidity": null,
    "regAuthority": null,
    "regCapital": null,
    "regRealNaImpName": null,
    "regRealNaImpType": null,
    "servHostingContractFilePath": null,
    "servHostingContractFileRid": null,
    "servHostingOrg": null,
    "servSysBuildContractFilePath": null,
    "servSysBuildContractFileRid": null,
    "servSysBuildName": null,
    "servSysBuildType": 1,
    "servSysOperContractFilePath": null,
    "servSysOperContractFileRid": null,
    "servSysOperName": null,
    "servSysOperType": 1,
    "svtrid": null,
    "thirdServiceMsg": null,
    "thirdServiceStatus": null,
    "updateDate": "2023-06-13 17:01:03",
    "userId": 1324,
    "userName": "3H9hRYnR7JDD7ZMWAOECeEJwxzTc7SDa",
    "website": null
}

2023-06-13 17:01:02.988 | DEBUG    | httprunner.client:log_print:40 - 
================== response details ==================
status_code : 200
headers  : {
    "Server": "nginx",
    "Date": "Tue, 13 Jun 2023 09:01:03 GMT",
    "Content-Type": "application/json;charset=UTF-8",
    "Transfer-Encoding": "chunked",
    "Connection": "keep-alive",
    "X-Frame-Options": "SAMEORIGIN"
}
cookies  : {}
encoding : UTF-8
content_type : application/json;charset=UTF-8
body     : {
    "message": "success",
    "status": 1,
    "data": true
}

2023-06-13 17:01:02.988 | INFO     | httprunner.client:request:217 - status_code: 200, response_time(ms): 200.41 ms, response_length: 0 bytes
2023-06-13 17:01:02.989 | INFO     | httprunner.response:validate:249 - assert status_code equal 200(int)	==> pass
2023-06-13 17:01:02.989 | INFO     | httprunner.response:validate:249 - assert body.message equal success(str)	==> pass
2023-06-13 17:01:02.989 | INFO     | httprunner.runner:__run_step:304 - run step end: 企业注册第二步提交信息 <<<<<<

2023-06-13 17:01:02.989 | INFO     | httprunner.runner:__run_step:304 - run step end: 企业注册第二步提交信息 <<<<<<

2023-06-13 17:01:02.990 | INFO     | httprunner.runner:__run_step:292 - run step begin: 企业注册查询注册信息 >>>>>>
2023-06-13 17:01:02.991 | INFO     | httprunner.runner:__run_step:292 - run step begin: 企业注册查询注册信息 >>>>>>
2023-06-13 17:01:03.094 | DEBUG    | httprunner.client:request:186 - client IP: 10.14.148.129, Port: 64919
2023-06-13 17:01:03.095 | DEBUG    | httprunner.client:request:194 - server IP: 139.198.116.76, Port: 8000
2023-06-13 17:01:03.096 | DEBUG    | httprunner.client:log_print:40 - 
================== request details ==================
method   : GET
url      : http://139.198.116.76:8000/api/v3/entApply/applyOrNot
headers  : {
    "User-Agent": "Mozilla/5.0 (Macintosh; Intel Mac OS X 10_15_7) AppleWebKit/537.36 (KHTML, like Gecko) Chrome/105.0.0.0 Safari/537.36",
    "Accept-Encoding": "gzip, deflate",
    "Accept": "application/json, text/plain, */*",
    "Connection": "keep-alive",
    "Accept-Language": "zh-CN,zh;q=0.9",
    "HRUN-Request-ID": "HRUN-545b4211-33fb-486c-968f-dd822ff557b9-862991",
    "Cookie": "SESSION=NmY1YTk2NDQtZTYwYS00NGJlLThjZmEtNGRlN2MzYTc1NTZk; SESSION=response.headers.\"Set-Cookie\".session"
}
cookies  : {
    "SESSION": "NmY1YTk2NDQtZTYwYS00NGJlLThjZmEtNGRlN2MzYTc1NTZk"
}
body     : None

2023-06-13 17:01:03.100 | DEBUG    | httprunner.client:log_print:40 - 
================== response details ==================
status_code : 200
headers  : {
    "Server": "nginx",
    "Date": "Tue, 13 Jun 2023 09:01:03 GMT",
    "Content-Type": "application/json;charset=UTF-8",
    "Transfer-Encoding": "chunked",
    "Connection": "keep-alive",
    "X-Frame-Options": "SAMEORIGIN"
}
cookies  : {}
encoding : UTF-8
content_type : application/json;charset=UTF-8
body     : {
    "message": "success",
    "status": 1,
    "data": {
        "nbmsEntApplyPO": {
            "id": 1118,
            "createDate": "2023-06-13 17:01:03",
            "updateDate": "2023-06-13 17:01:03",
            "applyType": null,
            "entGeneralId": null,
            "applyStep": 3,
            "isSubmit": 0,
            "entPrefix": "88.408.403386530183",
            "firstAuditStatus": null,
            "firstAuditMsg": null,
            "thirdServiceStatus": null,
            "thirdServiceMsg": null,
            "userName": "3H9hRYnR7JDD7ZMWAOECeEJwxzTc7SDa",
            "finalAuditStatus": null,
            "finalAuditMsg": null,
            "svtrid": null,
            "cltrid": null,
            "userId": 1324,
            "orgName": "dxBH0qBFAFEC4pCPRbymaxGN7xUtrU6j",
            "orgNature": "1",
            "orgAddrProvince": "110000",
            "orgAddrCity": "110100",
            "orgAddrCounty": "110101",
            "orgAddr": "致真",
            "orgCrtType": "1",
            "orgCrtCode": "hewOqGjjM3nOZQ1CCWvI76LaTLjQvjzK",
            "legalName": "张三",
            "legalCrtType": "1",
            "legalCrtNo": "375972197105076114",
            "orgDesc": null,
            "industryCategory": "A",
            "industrySpecific": "01",
            "contactName": "3H9hRYnR7JDD7ZMWAOECeEJwxzTc7SDa",
            "contactPhone": "17594262730",
            "contactCrtType": 1,
            "contactCrtNo": "375972197105076114",
            "contactEmail": "C6w2s5c6vVuQ4Mfm@qaqseq.com",
            "website": null,
            "regAuthority": null,
            "regCapital": null,
            "establishDate": null,
            "periodValidity": null,
            "legalEmail": null,
            "legalPhone": null,
            "legalFax": null,
            "servSysBuildType": 1,
            "servSysBuildName": null,
            "servSysOperType": 1,
            "servSysOperName": null,
            "dataHostingOrg": null,
            "servHostingOrg": null,
            "regRealNaImpType": null,
            "regRealNaImpName": null,
            "idRegNaImp": null,
            "extWebName": null,
            "extDomain": null,
            "extIpAddr": null,
            "orgCrtImgRid": 2050,
            "contactCrtFrontImgRid": 2051,
            "contactCrtBackImgRid": 2052,
            "legalCrtFrontImgRid": 2051,
            "legalCrtBackImgRid": 2052,
            "servSysBuildContractFileRid": null,
            "servSysOperContractFileRid": null,
            "dataHostingContractFileRid": null,
            "servHostingContractFileRid": null,
            "entInfoLicenses": [],
            "entInfoSyss": [
                {
                    "id": 2225,
                    "entApplyId": 1118,
                    "sysType": 1,
                    "deployMode": 1,
                    "deployAddr": "致真",
                    "deployAddrProvince": "110000",
                    "deployAddrCity": "110100",
                    "deployAddrCounty": "110101",
                    "name": null,
                    "ipPort": null
                },
                {
                    "id": 2226,
                    "entApplyId": 1118,
                    "sysType": 2,
                    "deployMode": 1,
                    "deployAddr": "致真",
                    "deployAddrProvince": "110000",
                    "deployAddrCity": "110100",
                    "deployAddrCounty": "110101",
                    "name": null,
                    "ipPort": null
                },
                {
                    "id": 2227,
                    "entApplyId": 1118,
                    "sysType": 3,
                    "deployMode": 1,
                    "deployAddr": "天津",
                    "deployAddrProvince": "120000",
                    "deployAddrCity": "120100",
                    "deployAddrCounty": "120101",
                    "name": null,
                    "ipPort": null
                },
                {
                    "id": 2228,
                    "entApplyId": 1118,
                    "sysType": 4,
                    "deployMode": 1,
                    "deployAddr": "天津",
                    "deployAddrProvince": "120000",
                    "deployAddrCity": "120100",
                    "deployAddrCounty": "120101",
                    "name": null,
                    "ipPort": null
                }
            ],
            "entInfoSerIndustrys": [],
            "escrowId": null,
            "industryQualificationRid": null,
            "certificationRid": null,
            "openingBank": null,
            "bankCard": null,
            "verificationName": null,
            "orgNatureDesc": "国有控股",
            "orgCrtImgContent": null,
            "orgCategorySpecificDesc": "农、林、牧、渔业-农业",
            "orgAddrProvinceDesc": "北京市",
            "orgAddrCountyDesc": "东城区",
            "orgAddrCityDesc": "市辖区",
            "legalCrtTypeDesc": "中国居民身份证",
            "legalCrtFrontImgContent": null,
            "legalCrtBackImgContent": null,
            "orgCrtImgPath": "6fb3093d-52e2-453a-91ee-126c6fa889b9.jpeg",
            "contactCrtFrontImgPath": "a2e86146-2325-4383-9c9f-479ba835b64f.jpeg",
            "contactCrtBackImgPath": "0655ac2f-e17a-4145-b7c3-610d3c5f1c93.jpeg",
            "legalCrtFrontImgPath": "a2e86146-2325-4383-9c9f-479ba835b64f.jpeg",
            "legalCrtBackImgPath": "0655ac2f-e17a-4145-b7c3-610d3c5f1c93.jpeg",
            "servSysBuildContractFilePath": null,
            "servSysOperContractFilePath": null,
            "dataHostingContractFilePath": null,
            "servHostingContractFilePath": null,
            "industryQualificationFilePath": null,
            "certificationFilePath": null,
            "escrowOrgName": null
        },
        "nbmsEntPO": null,
        "nbmsEntPrefixApplyPO": null,
        "needRelog": null,
        "applyStatus": 0
    }
}

2023-06-13 17:01:03.100 | INFO     | httprunner.client:request:217 - status_code: 200, response_time(ms): 102.29 ms, response_length: 0 bytes
2023-06-13 17:01:03.102 | INFO     | httprunner.response:extract:179 - extract mapping: {'applyId': 1118, 'userId': 1324, 'userName': '3H9hRYnR7JDD7ZMWAOECeEJwxzTc7SDa', 'imgId_f': 2051, 'imgId_b': 2052, 'entId': None, 'entUserId': None, 'prefix': '88.408.403386530183', 'contactCrtNo': '375972197105076114', 'contactCrtType': 1, 'contactEmail': 'C6w2s5c6vVuQ4Mfm@qaqseq.com', 'contactName': '3H9hRYnR7JDD7ZMWAOECeEJwxzTc7SDa', 'contactPhone': '17594262730', 'industryCategory': 'A', 'industrySpecific': '01', 'orgName': 'dxBH0qBFAFEC4pCPRbymaxGN7xUtrU6j', 'orgNature': '1', 'orgAddrProvince': '110000', 'orgAddrCity': '110100', 'orgAddrCounty': '110101', 'orgAddr': '致真', 'orgCrtType': '1', 'orgCrtCode': 'hewOqGjjM3nOZQ1CCWvI76LaTLjQvjzK', 'legalName': '张三', 'legalEmail': None, 'legalPhone': None, 'legalCrtType': '1', 'legalCrtNo': '375972197105076114', 'legalCrtFrontImgRid': 2051, 'legalCrtBackImgRid': 2052, 'orgCrtImgRid': 2050, 'imgId': 2050, 'orgNatureDesc': '国有控股', 'orgCategorySpecificDesc': '农、林、牧、渔业-农业', 'orgAddrProvinceDesc': '北京市', 'orgAddrCountyDesc': '东城区', 'orgAddrCityDesc': '市辖区', 'legalCrtTypeDesc': '中国居民身份证', 'createDate': '2023-06-13 17:01:03', 'updateDate': '2023-06-13 17:01:03', 'entInfoSyss_0_id': 2225, 'entInfoSyss_0_entApplyId': 1118, 'entApplyId': 1118, 'entInfoSyss_0_sysType': 1, 'entInfoSyss_0_deployMode': 1, 'entInfoSyss_0_deployAddr': '致真', 'entInfoSyss_0_deployAddrProvince': '110000', 'entInfoSyss_0_deployAddrCity': '110100', 'entInfoSyss_0_deployAddrCounty': '110101', 'entInfoSyss_1_id': 2226, 'entInfoSyss_1_entApplyId': 1118, 'entInfoSyss_1_sysType': 2, 'entInfoSyss_1_deployMode': 1, 'entInfoSyss_1_deployAddr': '致真', 'entInfoSyss_1_deployAddrProvince': '110000', 'entInfoSyss_1_deployAddrCity': '110100', 'entInfoSyss_1_deployAddrCounty': '110101', 'entInfoSyss_2_id': 2227, 'entInfoSyss_2_entApplyId': 1118, 'entInfoSyss_2_sysType': 3, 'entInfoSyss_2_deployMode': 1, 'entInfoSyss_2_deployAddr': '天津', 'entInfoSyss_2_deployAddrProvince': '120000', 'entInfoSyss_2_deployAddrCity': '120100', 'entInfoSyss_2_deployAddrCounty': '120101', 'entInfoSyss_3_id': 2228, 'entInfoSyss_3_entApplyId': 1118, 'entInfoSyss_3_sysType': 4, 'entInfoSyss_3_deployMode': 1, 'entInfoSyss_3_deployAddr': '天津', 'entInfoSyss_3_deployAddrProvince': '120000', 'entInfoSyss_3_deployAddrCity': '120100', 'entInfoSyss_3_deployAddrCounty': '120101'}
2023-06-13 17:01:03.102 | INFO     | httprunner.response:validate:249 - assert status_code equal 200(int)	==> pass
2023-06-13 17:01:03.102 | INFO     | httprunner.response:validate:249 - assert body.message equal success(str)	==> pass
2023-06-13 17:01:03.102 | INFO     | httprunner.runner:__run_step:304 - run step end: 企业注册查询注册信息 <<<<<<

2023-06-13 17:01:03.103 | INFO     | httprunner.runner:__run_step_testcase:286 - export variables: {'entInfoSyss_3_sysType': 4, 'legalName': '张三', 'entInfoSyss_1_deployAddrCounty': '110101', 'entInfoSyss_0_deployAddrCity': '110100', 'legalCrtFrontImgRid': 2051, 'orgAddrCountyDesc': '东城区', 'contactEmail': 'C6w2s5c6vVuQ4Mfm@qaqseq.com', 'updateDate': '2023-06-13 17:01:03', 'entInfoSyss_2_deployAddrProvince': '120000', 'entInfoSyss_3_deployAddrCity': '120100', 'entInfoSyss_1_deployAddr': '致真', 'orgCrtType': '1', 'applyId': 1118, 'userId': 1324, 'contactCrtNo': '375972197105076114', 'contactPhone': '17594262730', 'industryCategory': 'A', 'orgAddrProvince': '110000', 'contactCrtType': 1, 'imgId_f': 2051, 'entInfoSyss_1_id': 2226, 'prefix': '88.408.403386530183', 'orgNature': '1', 'entInfoSyss_3_entApplyId': 1118, 'userName': '3H9hRYnR7JDD7ZMWAOECeEJwxzTc7SDa', 'contactName': '3H9hRYnR7JDD7ZMWAOECeEJwxzTc7SDa', 'entApplyId': 1118, 'industrySpecific': '01', 'entInfoSyss_3_id': 2228, 'entInfoSyss_2_deployAddrCity': '120100', 'orgAddrCounty': '110101', 'entInfoSyss_2_deployMode': 1, 'imgId': 2050, 'orgCrtCode': 'hewOqGjjM3nOZQ1CCWvI76LaTLjQvjzK', 'entInfoSyss_2_deployAddr': '天津', 'orgName': 'dxBH0qBFAFEC4pCPRbymaxGN7xUtrU6j', 'entInfoSyss_0_deployAddrProvince': '110000', 'legalCrtTypeDesc': '中国居民身份证', 'entInfoSyss_0_entApplyId': 1118, 'entInfoSyss_2_deployAddrCounty': '120101', 'orgAddrCityDesc': '市辖区', 'orgAddrCity': '110100', 'orgAddr': '致真', 'legalPhone': None, 'orgCrtImgRid': 2050, 'entInfoSyss_1_deployMode': 1, 'entInfoSyss_3_deployAddr': '天津', 'entId': None, 'entInfoSyss_0_deployAddrCounty': '110101', 'orgAddrProvinceDesc': '北京市', 'createDate': '2023-06-13 17:01:03', 'entInfoSyss_3_deployAddrCounty': '120101', 'orgCategorySpecificDesc': '农、林、牧、渔业-农业', 'entInfoSyss_0_id': 2225, 'entUserId': None, 'entInfoSyss_1_entApplyId': 1118, 'entInfoSyss_0_deployAddr': '致真', 'entInfoSyss_3_deployMode': 1, 'entInfoSyss_1_deployAddrProvince': '110000', 'imgId_b': 2052, 'legalEmail': None, 'entInfoSyss_2_sysType': 3, 'legalCrtNo': '375972197105076114', 'entInfoSyss_0_deployMode': 1, 'orgNatureDesc': '国有控股', 'entInfoSyss_0_sysType': 1, 'entInfoSyss_1_sysType': 2, 'entInfoSyss_2_id': 2227, 'entInfoSyss_3_deployAddrProvince': '120000', 'entInfoSyss_1_deployAddrCity': '110100', 'entInfoSyss_2_entApplyId': 1118, 'legalCrtType': '1', 'legalCrtBackImgRid': 2052}
2023-06-13 17:01:03.103 | INFO     | httprunner.runner:__run_step:304 - run step end: 企业注册查询注册信息 <<<<<<

2023-06-13 17:01:03.103 | INFO     | httprunner.runner:__run_step:292 - run step begin: 企业注册最终第三步提交信息 >>>>>>
2023-06-13 17:01:03.104 | INFO     | httprunner.runner:__run_step:292 - run step begin: 企业注册最终第三步提交信息 >>>>>>
2023-06-13 17:01:03.352 | DEBUG    | httprunner.client:request:186 - client IP: 10.14.148.129, Port: 64919
2023-06-13 17:01:03.352 | DEBUG    | httprunner.client:request:194 - server IP: 139.198.116.76, Port: 8000
2023-06-13 17:01:03.354 | DEBUG    | httprunner.client:log_print:40 - 
================== request details ==================
method   : POST
url      : http://139.198.116.76:8000/api/v3/entApply/apply
headers  : {
    "User-Agent": "Mozilla/5.0 (Macintosh; Intel Mac OS X 10_15_7) AppleWebKit/537.36 (KHTML, like Gecko) Chrome/105.0.0.0 Safari/537.36",
    "Accept-Encoding": "gzip, deflate",
    "Accept": "application/json, text/plain, */*",
    "Connection": "keep-alive",
    "Accept-Language": "zh-CN,zh;q=0.9",
    "Content-Type": "application/json;charset=UTF-8",
    "HRUN-Request-ID": "HRUN-545b4211-33fb-486c-968f-dd822ff557b9-863105",
    "Cookie": "SESSION=NmY1YTk2NDQtZTYwYS00NGJlLThjZmEtNGRlN2MzYTc1NTZk; SESSION=response.headers.\"Set-Cookie\".session",
    "Content-Length": "3282"
}
cookies  : {
    "SESSION": "NmY1YTk2NDQtZTYwYS00NGJlLThjZmEtNGRlN2MzYTc1NTZk"
}
body     : {
    "applyStep": 4,
    "applyType": null,
    "cltrid": null,
    "contactCrtBackImgPath": null,
    "contactCrtBackImgRid": 2052,
    "contactCrtFrontImgPath": null,
    "contactCrtFrontImgRid": 2051,
    "contactCrtNo": "375972197105076114",
    "contactCrtType": 1,
    "contactEmail": "C6w2s5c6vVuQ4Mfm@qaqseq.com",
    "contactName": "3H9hRYnR7JDD7ZMWAOECeEJwxzTc7SDa",
    "contactPhone": "17594262730",
    "createDate": "2023-06-13 17:01:03",
    "dataHostingContractFilePath": null,
    "dataHostingContractFileRid": null,
    "dataHostingOrg": null,
    "entGeneralId": null,
    "entInfoLicenses": [],
    "entInfoSerIndustrys": [],
    "entInfoSyss": [
        {
            "deployAddr": "致真",
            "deployAddrCity": "110100",
            "deployAddrCounty": "110101",
            "deployAddrProvince": "110000",
            "deployMode": 1,
            "ipPort": null,
            "name": null,
            "sysType": 2
        },
        {
            "deployAddr": "致真",
            "deployAddrCity": "110100",
            "deployAddrCounty": "110101",
            "deployAddrProvince": "110000",
            "deployMode": 1,
            "ipPort": null,
            "name": null,
            "sysType": 3
        },
        {
            "deployAddr": "天津",
            "deployAddrCity": "120100",
            "deployAddrCounty": "120101",
            "deployAddrProvince": "120000",
            "deployMode": 1,
            "ipPort": null,
            "name": null,
            "sysType": 4
        },
        {
            "deployAddr": "天津",
            "deployAddrCity": "120100",
            "deployAddrCounty": "120101",
            "deployAddrProvince": "120000",
            "deployMode": 1,
            "ipPort": null,
            "name": null,
            "sysType": 4
        }
    ],
    "entPrefix": "88.408.403386530183",
    "escrowId": null,
    "escrowOrgName": null,
    "establishDate": null,
    "extDomain": null,
    "extIpAddr": null,
    "extWebName": null,
    "finalAuditMsg": null,
    "finalAuditStatus": null,
    "firstAuditMsg": null,
    "firstAuditStatus": null,
    "id": 1118,
    "idRegNaImp": null,
    "industryCategory": "A",
    "industrySpecific": "01",
    "isSubmit": 0,
    "legalCrtBackImgContent": null,
    "legalCrtBackImgPath": null,
    "legalCrtBackImgRid": 2052,
    "legalCrtFrontImgContent": null,
    "legalCrtFrontImgPath": null,
    "legalCrtFrontImgRid": 2051,
    "legalCrtNo": "375972197105076114",
    "legalCrtType": "1",
    "legalCrtTypeDesc": "中国居民身份证",
    "legalEmail": null,
    "legalFax": null,
    "legalName": "张三",
    "legalPhone": null,
    "orgAddr": "致真",
    "orgAddrCity": "110100",
    "orgAddrCityDesc": "市辖区",
    "orgAddrCounty": "110101",
    "orgAddrCountyDesc": "东城区",
    "orgAddrProvince": "110000",
    "orgAddrProvinceDesc": "北京市",
    "orgCategorySpecificDesc": "农、林、牧、渔业-农业",
    "orgCrtCode": "hewOqGjjM3nOZQ1CCWvI76LaTLjQvjzK",
    "orgCrtImgContent": null,
    "orgCrtImgPath": null,
    "orgCrtImgRid": 2050,
    "orgCrtType": "1",
    "orgDesc": null,
    "orgName": "dxBH0qBFAFEC4pCPRbymaxGN7xUtrU6j",
    "orgNature": "1",
    "orgNatureDesc": "1",
    "periodValidity": null,
    "regAuthority": null,
    "regCapital": null,
    "regRealNaImpName": null,
    "regRealNaImpType": null,
    "servHostingContractFilePath": null,
    "servHostingContractFileRid": null,
    "servHostingOrg": null,
    "servSysBuildContractFilePath": null,
    "servSysBuildContractFileRid": null,
    "servSysBuildName": null,
    "servSysBuildType": 1,
    "servSysOperContractFilePath": null,
    "servSysOperContractFileRid": null,
    "servSysOperName": null,
    "servSysOperType": 1,
    "svtrid": null,
    "thirdServiceMsg": null,
    "thirdServiceStatus": null,
    "updateDate": "2023-06-13 17:01:03",
    "userId": 1324,
    "userName": "3H9hRYnR7JDD7ZMWAOECeEJwxzTc7SDa",
    "website": null
}

2023-06-13 17:01:03.355 | DEBUG    | httprunner.client:log_print:40 - 
================== response details ==================
status_code : 200
headers  : {
    "Server": "nginx",
    "Date": "Tue, 13 Jun 2023 09:01:03 GMT",
    "Content-Type": "application/json;charset=UTF-8",
    "Transfer-Encoding": "chunked",
    "Connection": "keep-alive",
    "X-Frame-Options": "SAMEORIGIN"
}
cookies  : {}
encoding : UTF-8
content_type : application/json;charset=UTF-8
body     : {
    "message": "success",
    "status": 1,
    "data": true
}

2023-06-13 17:01:03.355 | INFO     | httprunner.client:request:217 - status_code: 200, response_time(ms): 246.55 ms, response_length: 0 bytes
2023-06-13 17:01:03.356 | INFO     | httprunner.response:validate:249 - assert status_code equal 200(int)	==> pass
2023-06-13 17:01:03.356 | INFO     | httprunner.response:validate:249 - assert body.message equal success(str)	==> pass
2023-06-13 17:01:03.357 | INFO     | httprunner.runner:__run_step:304 - run step end: 企业注册最终第三步提交信息 <<<<<<

2023-06-13 17:01:03.357 | INFO     | httprunner.runner:__run_step:304 - run step end: 企业注册最终第三步提交信息 <<<<<<

2023-06-13 17:01:03.358 | INFO     | httprunner.runner:__run_step:292 - run step begin: 登录-管理员 >>>>>>
2023-06-13 17:01:03.359 | INFO     | httprunner.runner:__run_step:292 - run step begin: 登录-企业用户 >>>>>>
2023-06-13 17:01:03.416 | DEBUG    | httprunner.client:request:186 - client IP: 10.14.148.129, Port: 64919
2023-06-13 17:01:03.417 | DEBUG    | httprunner.client:request:194 - server IP: 139.198.116.76, Port: 8000
2023-06-13 17:01:03.418 | DEBUG    | httprunner.client:log_print:40 - 
================== request details ==================
method   : POST
url      : http://139.198.116.76:8000/api/home/test/login
headers  : {
    "User-Agent": "python-requests/2.28.1",
    "Accept-Encoding": "gzip, deflate, br",
    "Accept": "*/*",
    "Connection": "keep-alive",
    "Content-Length": "151",
    "Content-Type": "application/json",
    "HRUN-Request-ID": "HRUN-545b4211-33fb-486c-968f-dd822ff557b9-863359",
    "Cookie": "SESSION=NmY1YTk2NDQtZTYwYS00NGJlLThjZmEtNGRlN2MzYTc1NTZk"
}
cookies  : {
    "SESSION": "NmY1YTk2NDQtZTYwYS00NGJlLThjZmEtNGRlN2MzYTc1NTZk"
}
body     : {
    "captcha": "0000",
    "captchaSign": "20431d3875ef9ae4d82a9dc738e83de7c38077f02b2357db7d8cce5423a8b9e1",
    "emailCaptcha": "",
    "username": "admin20220929"
}

2023-06-13 17:01:03.418 | DEBUG    | httprunner.client:log_print:40 - 
================== response details ==================
status_code : 200
headers  : {
    "Server": "nginx",
    "Date": "Tue, 13 Jun 2023 09:01:03 GMT",
    "Content-Type": "application/json;charset=UTF-8",
    "Transfer-Encoding": "chunked",
    "Connection": "keep-alive",
    "X-Frame-Options": "SAMEORIGIN"
}
cookies  : {}
encoding : UTF-8
content_type : application/json;charset=UTF-8
body     : {
    "message": "用户名或密码错误！",
    "status": -2,
    "data": null
}

2023-06-13 17:01:03.419 | INFO     | httprunner.client:request:217 - status_code: 200, response_time(ms): 57.26 ms, response_length: 0 bytes
2023-06-13 17:01:03.419 | INFO     | httprunner.response:extract:179 - extract mapping: {'adminSession': 'response.headers."Set-Cookie".session'}
2023-06-13 17:01:03.420 | INFO     | httprunner.response:validate:249 - assert status_code equal 200(int)	==> pass
2023-06-13 17:01:03.420 | INFO     | httprunner.response:validate:249 - assert headers."Content-Type" equal application/json;charset=UTF-8(str)	==> pass
2023-06-13 17:01:03.421 | ERROR    | httprunner.response:validate:266 - assert body.message equal success(str)	==> fail
check_item: body.message
check_value: 用户名或密码错误！(str)
assert_method: equal
expect_value: success(str)
2023-06-13 17:01:03.421 | ERROR    | httprunner.response:validate:266 - assert body.status equal 1(int)	==> fail
check_item: body.status
check_value: -2(int)
assert_method: equal
expect_value: 1(int)
2023-06-13 17:01:03.421 | ERROR    | httprunner.response:validate:266 - assert body.data equal True(bool)	==> fail
check_item: body.data
check_value: None(NoneType)
assert_method: equal
expect_value: True(bool)
2023-06-13 17:01:03.421 | ERROR    | httprunner.runner:log_req_resp_details:194 - 
******************************** DETAILED REQUEST & RESPONSE ********************************
====== request details ======
url: http://139.198.116.76:8000/api/home/test/login
method: POST
headers: {'Accept': '*/*', 'Accept-Encoding': 'gzip, deflate, br', 'Connection': 'keep-alive', 'Content-Length': '204', 'Content-Type': 'application/json', 'User-Agent': 'python-requests/2.28.1', 'HRUN-Request-ID': 'HRUN-545b4211-33fb-486c-968f-dd822ff557b9-863359'}
params: {}
data: None
cookies: {}
timeout: 120
allow_redirects: True
verify: False
json: {'captcha': '0000', 'captchaSign': '20431d3875ef9ae4d82a9dc738e83de7c38077f02b2357db7d8cce5423a8b9e1', 'emailCaptcha': '', 'username': 'admin20220929'}

====== response details ======
status_code: 200
headers: {'Server': 'nginx', 'Date': 'Tue, 13 Jun 2023 09:01:03 GMT', 'Content-Type': 'application/json;charset=UTF-8', 'Transfer-Encoding': 'chunked', 'Connection': 'keep-alive', 'X-Frame-Options': 'SAMEORIGIN'}
body: '{"message":"用户名或密码错误！","status":-2,"data":null}'

