2023-06-14 10:42:59.128 | INFO     | httprunner.runner:test_start:450 - Start to run testcase: 企业注册信息用例集, TestCase ID: 55827567-eace-40a2-affd-d60a5ce5ace8
2023-06-14 10:42:59.225 | INFO     | httprunner.runner:__run_step:292 - run step begin: 用户注册 >>>>>>
2023-06-14 10:42:59.225 | INFO     | httprunner.runner:__run_step:292 - run step begin: 用户注册 >>>>>>
2023-06-14 10:42:59.343 | DEBUG    | httprunner.client:request:186 - client IP: 10.14.148.129, Port: 59061
2023-06-14 10:42:59.344 | DEBUG    | httprunner.client:request:194 - server IP: 139.198.116.76, Port: 8000
2023-06-14 10:42:59.345 | DEBUG    | httprunner.client:log_print:40 - 
================== request details ==================
method   : POST
url      : http://139.198.116.76:8000/api/home/test/registry
headers  : {
    "User-Agent": "Mozilla/5.0 (Windows NT 10.0; WOW64) AppleWebKit/537.36 (KHTML, like Gecko) Chrome/100.0.4896.60 Safari/537.36",
    "Accept-Encoding": "gzip, deflate",
    "Accept": "application/json, text/plain, */*",
    "Connection": "keep-alive",
    "Accept-Language": "zh-CN,zh;q=0.9",
    "HRUN-Request-ID": "HRUN-55827567-eace-40a2-affd-d60a5ce5ace8-579225",
    "Content-Length": "187",
    "Content-Type": "application/json"
}
cookies  : {}
body     : {
    "email": "RdADSDvtxNvdm0sk@qaqseq.com",
    "mobile": "10366500170",
    "openId": "",
    "openUserName": "",
    "password": "Admin@123",
    "remarks": "",
    "username": "pxNk1tHyjw0QyGJUsqxNNzchSVUd4IS1"
}

2023-06-14 10:42:59.346 | DEBUG    | httprunner.client:log_print:40 - 
================== response details ==================
status_code : 200
headers  : {
    "Server": "nginx",
    "Date": "Wed, 14 Jun 2023 02:42:59 GMT",
    "Content-Type": "application/json",
    "Transfer-Encoding": "chunked",
    "Connection": "keep-alive",
    "X-Frame-Options": "SAMEORIGIN"
}
cookies  : {}
encoding : utf-8
content_type : application/json
body     : {
    "message": "success",
    "status": 1,
    "data": true
}

2023-06-14 10:42:59.346 | INFO     | httprunner.client:request:217 - status_code: 200, response_time(ms): 117.46 ms, response_length: 0 bytes
2023-06-14 10:42:59.347 | INFO     | httprunner.response:validate:249 - assert status_code equal 200(int)	==> pass
2023-06-14 10:42:59.347 | INFO     | httprunner.response:validate:249 - assert body.message equal success(str)	==> pass
2023-06-14 10:42:59.347 | INFO     | httprunner.response:validate:249 - assert body.status equal 1(int)	==> pass
2023-06-14 10:42:59.347 | INFO     | httprunner.response:validate:249 - assert body.message contains success(str)	==> pass
2023-06-14 10:42:59.347 | INFO     | httprunner.response:validate:249 - assert body.status contained_by [1, 200](list)	==> pass
2023-06-14 10:42:59.348 | INFO     | httprunner.runner:__run_step:304 - run step end: 用户注册 <<<<<<

2023-06-14 10:42:59.348 | INFO     | httprunner.runner:__run_step:304 - run step end: 用户注册 <<<<<<

2023-06-14 10:42:59.348 | INFO     | httprunner.runner:__run_step:292 - run step begin: 登录-企业 >>>>>>
2023-06-14 10:42:59.349 | INFO     | httprunner.runner:__run_step:292 - run step begin: 登录-企业用户 >>>>>>
2023-06-14 10:42:59.421 | DEBUG    | httprunner.client:request:186 - client IP: 10.14.148.129, Port: 59061
2023-06-14 10:42:59.422 | DEBUG    | httprunner.client:request:194 - server IP: 139.198.116.76, Port: 8000
2023-06-14 10:42:59.423 | DEBUG    | httprunner.client:log_print:40 - 
================== request details ==================
method   : POST
url      : http://139.198.116.76:8000/api/home/test/login
headers  : {
    "User-Agent": "python-requests/2.28.1",
    "Accept-Encoding": "gzip, deflate, br",
    "Accept": "*/*",
    "Connection": "keep-alive",
    "Content-Length": "170",
    "Content-Type": "application/json",
    "HRUN-Request-ID": "HRUN-55827567-eace-40a2-affd-d60a5ce5ace8-579349"
}
cookies  : {}
body     : {
    "captcha": "0000",
    "captchaSign": "4898a152dab5c9b4ead2c645455856a7406f79145964c3bee6cab52087b7f896",
    "emailCaptcha": "",
    "username": "pxNk1tHyjw0QyGJUsqxNNzchSVUd4IS1"
}

2023-06-14 10:42:59.424 | DEBUG    | httprunner.client:log_print:40 - 
================== response details ==================
status_code : 200
headers  : {
    "Server": "nginx",
    "Date": "Wed, 14 Jun 2023 02:42:59 GMT",
    "Content-Type": "application/json;charset=UTF-8",
    "Transfer-Encoding": "chunked",
    "Connection": "keep-alive",
    "Set-Cookie": "SESSION=OGE1Mzk1MTItZTg0NS00YWMxLTg2MzctNjkzMDQ4NTVjYTNh; Path=/; HttpOnly; SameSite=Lax",
    "X-Frame-Options": "SAMEORIGIN"
}
cookies  : {
    "SESSION": "OGE1Mzk1MTItZTg0NS00YWMxLTg2MzctNjkzMDQ4NTVjYTNh"
}
encoding : UTF-8
content_type : application/json;charset=UTF-8
body     : {
    "message": "success",
    "status": 1,
    "data": true
}

2023-06-14 10:42:59.425 | INFO     | httprunner.client:request:217 - status_code: 200, response_time(ms): 71.58 ms, response_length: 0 bytes
2023-06-14 10:42:59.425 | INFO     | httprunner.response:extract:179 - extract mapping: {'entSession': 'response.headers."Set-Cookie".session'}
2023-06-14 10:42:59.426 | INFO     | httprunner.response:validate:249 - assert status_code equal 200(int)	==> pass
2023-06-14 10:42:59.426 | INFO     | httprunner.response:validate:249 - assert headers."Content-Type" equal application/json;charset=UTF-8(str)	==> pass
2023-06-14 10:42:59.426 | INFO     | httprunner.response:validate:249 - assert body.message equal success(str)	==> pass
2023-06-14 10:42:59.426 | INFO     | httprunner.response:validate:249 - assert body.status equal 1(int)	==> pass
2023-06-14 10:42:59.427 | INFO     | httprunner.response:validate:249 - assert body.data equal True(bool)	==> pass
2023-06-14 10:42:59.427 | INFO     | httprunner.runner:__run_step:304 - run step end: 登录-企业用户 <<<<<<

2023-06-14 10:42:59.427 | INFO     | httprunner.runner:__run_step_testcase:286 - export variables: {'entSession': 'response.headers."Set-Cookie".session'}
2023-06-14 10:42:59.427 | INFO     | httprunner.runner:__run_step:304 - run step end: 登录-企业 <<<<<<

2023-06-14 10:42:59.427 | INFO     | httprunner.runner:__run_step:292 - run step begin: 前缀注册企业资质图片上传 >>>>>>
2023-06-14 10:42:59.428 | INFO     | httprunner.runner:__run_step:292 - run step begin: 前缀注册企业资质图片上传 >>>>>>
2023-06-14 10:42:59.540 | DEBUG    | httprunner.client:request:186 - client IP: 10.14.148.129, Port: 59061
2023-06-14 10:42:59.541 | DEBUG    | httprunner.client:request:194 - server IP: 139.198.116.76, Port: 8000
2023-06-14 10:42:59.542 | DEBUG    | httprunner.client:log_print:40 - 
================== request details ==================
method   : POST
url      : http://139.198.116.76:8000/api/file/img/upload
headers  : {
    "User-Agent": "Mozilla/5.0 (Macintosh; Intel Mac OS X 10_15_7) AppleWebKit/537.36 (KHTML, like Gecko) Chrome/105.0.0.0 Safari/537.36",
    "Accept-Encoding": "gzip, deflate",
    "Accept": "application/json, text/plain, */*",
    "Connection": "keep-alive",
    "Accept-Language": "zh-CN,zh;q=0.9",
    "Content-Type": "multipart/form-data; boundary=8205db6bf0af4212a0123fba8d7e505c",
    "HRUN-Request-ID": "HRUN-55827567-eace-40a2-affd-d60a5ce5ace8-579429",
    "Cookie": "SESSION=OGE1Mzk1MTItZTg0NS00YWMxLTg2MzctNjkzMDQ4NTVjYTNh; SESSION=response.headers.\"Set-Cookie\".session",
    "Content-Length": "20435"
}
cookies  : {
    "SESSION": "OGE1Mzk1MTItZTg0NS00YWMxLTg2MzctNjkzMDQ4NTVjYTNh"
}
body     : upload file stream (OMITTED)

2023-06-14 10:42:59.543 | DEBUG    | httprunner.client:log_print:40 - 
================== response details ==================
status_code : 200
headers  : {
    "Server": "nginx",
    "Date": "Wed, 14 Jun 2023 02:42:59 GMT",
    "Content-Type": "application/json;charset=UTF-8",
    "Transfer-Encoding": "chunked",
    "Connection": "keep-alive",
    "X-Frame-Options": "SAMEORIGIN"
}
cookies  : {}
encoding : UTF-8
content_type : application/json;charset=UTF-8
body     : {
    "message": "success",
    "status": 1,
    "data": {
        "id": 2083,
        "path": "7a246c30-e790-4f87-bd97-540dffdf6a9e.jpeg"
    }
}

2023-06-14 10:42:59.543 | INFO     | httprunner.client:request:217 - status_code: 200, response_time(ms): 110.38 ms, response_length: 0 bytes
2023-06-14 10:42:59.544 | INFO     | httprunner.response:extract:179 - extract mapping: {'imgId': 2083}
2023-06-14 10:42:59.544 | INFO     | httprunner.response:validate:249 - assert status_code equal 200(int)	==> pass
2023-06-14 10:42:59.545 | INFO     | httprunner.runner:__run_step:304 - run step end: 前缀注册企业资质图片上传 <<<<<<

2023-06-14 10:42:59.545 | INFO     | httprunner.runner:__run_step_testcase:286 - export variables: {'imgId': 2083}
2023-06-14 10:42:59.545 | INFO     | httprunner.runner:__run_step:304 - run step end: 前缀注册企业资质图片上传 <<<<<<

2023-06-14 10:42:59.545 | INFO     | httprunner.runner:__run_step:292 - run step begin: 前缀注册企业联系人身份证图片正面上传 >>>>>>
2023-06-14 10:42:59.546 | INFO     | httprunner.runner:__run_step:292 - run step begin: 前缀注册企业联系人身份证图片背面上传 >>>>>>
2023-06-14 10:42:59.654 | DEBUG    | httprunner.client:request:186 - client IP: 10.14.148.129, Port: 59061
2023-06-14 10:42:59.655 | DEBUG    | httprunner.client:request:194 - server IP: 139.198.116.76, Port: 8000
2023-06-14 10:42:59.655 | DEBUG    | httprunner.client:log_print:40 - 
================== request details ==================
method   : POST
url      : http://139.198.116.76:8000/api/file/img/upload
headers  : {
    "User-Agent": "Mozilla/5.0 (Macintosh; Intel Mac OS X 10_15_7) AppleWebKit/537.36 (KHTML, like Gecko) Chrome/105.0.0.0 Safari/537.36",
    "Accept-Encoding": "gzip, deflate",
    "Accept": "application/json, text/plain, */*",
    "Connection": "keep-alive",
    "Accept-Language": "zh-CN,zh;q=0.9",
    "Content-Type": "multipart/form-data; boundary=6645ca7527ca43b5aae7438af4016e4a",
    "HRUN-Request-ID": "HRUN-55827567-eace-40a2-affd-d60a5ce5ace8-579547",
    "Cookie": "SESSION=OGE1Mzk1MTItZTg0NS00YWMxLTg2MzctNjkzMDQ4NTVjYTNh; SESSION=response.headers.\"Set-Cookie\".session",
    "Content-Length": "20435"
}
cookies  : {
    "SESSION": "OGE1Mzk1MTItZTg0NS00YWMxLTg2MzctNjkzMDQ4NTVjYTNh"
}
body     : upload file stream (OMITTED)

2023-06-14 10:42:59.656 | DEBUG    | httprunner.client:log_print:40 - 
================== response details ==================
status_code : 200
headers  : {
    "Server": "nginx",
    "Date": "Wed, 14 Jun 2023 02:42:59 GMT",
    "Content-Type": "application/json;charset=UTF-8",
    "Transfer-Encoding": "chunked",
    "Connection": "keep-alive",
    "X-Frame-Options": "SAMEORIGIN"
}
cookies  : {}
encoding : UTF-8
content_type : application/json;charset=UTF-8
body     : {
    "message": "success",
    "status": 1,
    "data": {
        "id": 2084,
        "path": "cda3a4ee-d91a-42e7-943b-d5be15d3839f.jpeg"
    }
}

2023-06-14 10:42:59.656 | INFO     | httprunner.client:request:217 - status_code: 200, response_time(ms): 107.58 ms, response_length: 0 bytes
2023-06-14 10:42:59.657 | INFO     | httprunner.response:extract:179 - extract mapping: {'imgId_f': 2084}
2023-06-14 10:42:59.657 | INFO     | httprunner.response:validate:249 - assert status_code equal 200(int)	==> pass
2023-06-14 10:42:59.657 | INFO     | httprunner.runner:__run_step:304 - run step end: 前缀注册企业联系人身份证图片背面上传 <<<<<<

2023-06-14 10:42:59.657 | INFO     | httprunner.runner:__run_step_testcase:286 - export variables: {'imgId_f': 2084}
2023-06-14 10:42:59.657 | INFO     | httprunner.runner:__run_step:304 - run step end: 前缀注册企业联系人身份证图片正面上传 <<<<<<

2023-06-14 10:42:59.658 | INFO     | httprunner.runner:__run_step:292 - run step begin: 前缀注册企业联系人身份证图片背面上传 >>>>>>
2023-06-14 10:42:59.658 | INFO     | httprunner.runner:__run_step:292 - run step begin: 前缀注册企业联系人身份证图片背面上传 >>>>>>
2023-06-14 10:42:59.760 | DEBUG    | httprunner.client:request:186 - client IP: 10.14.148.129, Port: 59061
2023-06-14 10:42:59.761 | DEBUG    | httprunner.client:request:194 - server IP: 139.198.116.76, Port: 8000
2023-06-14 10:42:59.762 | DEBUG    | httprunner.client:log_print:40 - 
================== request details ==================
method   : POST
url      : http://139.198.116.76:8000/api/file/img/upload
headers  : {
    "User-Agent": "Mozilla/5.0 (Macintosh; Intel Mac OS X 10_15_7) AppleWebKit/537.36 (KHTML, like Gecko) Chrome/105.0.0.0 Safari/537.36",
    "Accept-Encoding": "gzip, deflate",
    "Accept": "application/json, text/plain, */*",
    "Connection": "keep-alive",
    "Accept-Language": "zh-CN,zh;q=0.9",
    "Content-Type": "multipart/form-data; boundary=0b5c5d6f24584070b205c65db791185f",
    "HRUN-Request-ID": "HRUN-55827567-eace-40a2-affd-d60a5ce5ace8-579659",
    "Cookie": "SESSION=OGE1Mzk1MTItZTg0NS00YWMxLTg2MzctNjkzMDQ4NTVjYTNh; SESSION=response.headers.\"Set-Cookie\".session",
    "Content-Length": "20435"
}
cookies  : {
    "SESSION": "OGE1Mzk1MTItZTg0NS00YWMxLTg2MzctNjkzMDQ4NTVjYTNh"
}
body     : upload file stream (OMITTED)

2023-06-14 10:42:59.763 | DEBUG    | httprunner.client:log_print:40 - 
================== response details ==================
status_code : 200
headers  : {
    "Server": "nginx",
    "Date": "Wed, 14 Jun 2023 02:42:59 GMT",
    "Content-Type": "application/json;charset=UTF-8",
    "Transfer-Encoding": "chunked",
    "Connection": "keep-alive",
    "X-Frame-Options": "SAMEORIGIN"
}
cookies  : {}
encoding : UTF-8
content_type : application/json;charset=UTF-8
body     : {
    "message": "success",
    "status": 1,
    "data": {
        "id": 2085,
        "path": "3c8ac8d7-a0cd-4d18-954a-9af5d06f332b.jpeg"
    }
}

2023-06-14 10:42:59.763 | INFO     | httprunner.client:request:217 - status_code: 200, response_time(ms): 100.73 ms, response_length: 0 bytes
2023-06-14 10:42:59.763 | INFO     | httprunner.response:extract:179 - extract mapping: {'imgId_b': 2085}
2023-06-14 10:42:59.764 | INFO     | httprunner.response:validate:249 - assert status_code equal 200(int)	==> pass
2023-06-14 10:42:59.764 | INFO     | httprunner.runner:__run_step:304 - run step end: 前缀注册企业联系人身份证图片背面上传 <<<<<<

2023-06-14 10:42:59.764 | INFO     | httprunner.runner:__run_step_testcase:286 - export variables: {'imgId_b': 2085}
2023-06-14 10:42:59.764 | INFO     | httprunner.runner:__run_step:304 - run step end: 前缀注册企业联系人身份证图片背面上传 <<<<<<

2023-06-14 10:42:59.765 | INFO     | httprunner.runner:__run_step:292 - run step begin: 企业注册第一步提交信息 >>>>>>
2023-06-14 10:42:59.875 | INFO     | httprunner.runner:__run_step:292 - run step begin: 企业注册第一步提交信息 >>>>>>
2023-06-14 10:42:59.941 | DEBUG    | httprunner.client:request:186 - client IP: 10.14.148.129, Port: 59061
2023-06-14 10:42:59.942 | DEBUG    | httprunner.client:request:194 - server IP: 139.198.116.76, Port: 8000
2023-06-14 10:42:59.945 | DEBUG    | httprunner.client:log_print:40 - 
================== request details ==================
method   : POST
url      : http://139.198.116.76:8000/api/v3/entApply/basicInfo/submit
headers  : {
    "User-Agent": "Mozilla/5.0 (Macintosh; Intel Mac OS X 10_15_7) AppleWebKit/537.36 (KHTML, like Gecko) Chrome/105.0.0.0 Safari/537.36",
    "Accept-Encoding": "gzip, deflate",
    "Accept": "application/json, text/plain, */*",
    "Connection": "keep-alive",
    "Accept-Language": "zh-CN,zh;q=0.9",
    "Content-Type": "application/json;charset=UTF-8",
    "HRUN-Request-ID": "HRUN-55827567-eace-40a2-affd-d60a5ce5ace8-579876",
    "Cookie": "SESSION=OGE1Mzk1MTItZTg0NS00YWMxLTg2MzctNjkzMDQ4NTVjYTNh; SESSION=ZGNlMjQ0NjctNjg0NC00NzY0LThlZWQtZDczNDQ3YmYwNWVj",
    "Content-Length": "3432"
}
cookies  : {
    "SESSION": "OGE1Mzk1MTItZTg0NS00YWMxLTg2MzctNjkzMDQ4NTVjYTNh"
}
body     : {
    "applyStep": 2,
    "applyType": null,
    "area": [
        "110000",
        "110100",
        "110101"
    ],
    "cltrid": null,
    "contactCrtBackImgPath": null,
    "contactCrtBackImgRid": 2085,
    "contactCrtFrontImgPath": null,
    "contactCrtFrontImgRid": 2084,
    "contactCrtNo": "147427199911153039",
    "contactCrtType": 1,
    "contactEmail": "RdADSDvtxNvdm0sk@qaqseq.com",
    "contactName": "pxNk1tHyjw0QyGJUsqxNNzchSVUd4IS1",
    "contactPhone": "sdfasfasfasdf",
    "createDate": null,
    "dataHostingContractFilePath": null,
    "dataHostingContractFileRid": null,
    "dataHostingOrg": null,
    "entGeneralId": null,
    "entInfoLicenses": [],
    "entInfoSerIndustrys": [],
    "entInfoSyss": [
        {
            "deployAddr": "致真",
            "deployAddrCity": "110100",
            "deployAddrCounty": "110101",
            "deployAddrProvince": "110000",
            "deployMode": 1,
            "entApplyId": 951,
            "id": 2205,
            "ipPort": null,
            "name": null,
            "sysType": 1
        },
        {
            "deployAddr": "致真",
            "deployAddrCity": "110100",
            "deployAddrCounty": "110101",
            "deployAddrProvince": "110000",
            "deployMode": 1,
            "entApplyId": 951,
            "id": 2206,
            "ipPort": null,
            "name": null,
            "sysType": 2
        },
        {
            "deployAddr": "天津",
            "deployAddrCity": "120100",
            "deployAddrCounty": "120101",
            "deployAddrProvince": "120000",
            "deployMode": 1,
            "entApplyId": 951,
            "id": 2207,
            "ipPort": null,
            "name": null,
            "sysType": 3
        },
        {
            "deployAddr": "天津",
            "deployAddrCity": "120100",
            "deployAddrCounty": "120101",
            "deployAddrProvince": "120000",
            "deployMode": 1,
            "entApplyId": 951,
            "id": 2208,
            "ipPort": null,
            "name": null,
            "sysType": 4
        }
    ],
    "entPrefix": "88.408.338711691290",
    "escrowId": null,
    "escrowOrgName": null,
    "establishDate": null,
    "extDomain": null,
    "extIpAddr": null,
    "extWebName": null,
    "finalAuditMsg": null,
    "finalAuditStatus": null,
    "firstAuditMsg": null,
    "firstAuditStatus": null,
    "id": null,
    "idRegNaImp": null,
    "industry": [
        "A",
        "01"
    ],
    "industryCategory": "A",
    "industrySpecific": "01",
    "isSubmit": 0,
    "legalCrtBackImgContent": null,
    "legalCrtBackImgPath": null,
    "legalCrtBackImgRid": 2085,
    "legalCrtFrontImgContent": null,
    "legalCrtFrontImgPath": null,
    "legalCrtFrontImgRid": 2084,
    "legalCrtNo": "147427199911153039",
    "legalCrtType": "1",
    "legalCrtTypeDesc": "中国居民身份证",
    "legalEmail": null,
    "legalFax": null,
    "legalName": "张三",
    "legalPhone": null,
    "orgAddr": "致真",
    "orgAddrCity": "110100",
    "orgAddrCityDesc": "市辖区",
    "orgAddrCounty": "110101",
    "orgAddrCountyDesc": "东城区",
    "orgAddrProvince": "110000",
    "orgAddrProvinceDesc": "北京市",
    "orgCategorySpecificDesc": "农、林、牧、渔业-农业",
    "orgCrtCode": "lkFcDpKvbRDJtxe7dI9WGNqg1Lyr1yga",
    "orgCrtImgContent": null,
    "orgCrtImgPath": null,
    "orgCrtImgRid": 2083,
    "orgCrtType": "1",
    "orgDesc": null,
    "orgName": "tbsWS5SRPr00BeNCu6ZPKkjN4WQ2IJEN",
    "orgNature": "1",
    "orgNatureDesc": "国有控股",
    "periodValidity": null,
    "regAuthority": null,
    "regCapital": null,
    "regRealNaImpName": null,
    "regRealNaImpType": null,
    "servHostingContractFilePath": null,
    "servHostingContractFileRid": null,
    "servHostingOrg": null,
    "servSysBuildContractFilePath": null,
    "servSysBuildContractFileRid": null,
    "servSysBuildName": null,
    "servSysBuildType": 1,
    "servSysOperContractFilePath": null,
    "servSysOperContractFileRid": null,
    "servSysOperName": null,
    "servSysOperType": 1,
    "svtrid": null,
    "thirdServiceMsg": null,
    "thirdServiceStatus": null,
    "updateDate": null,
    "userId": null,
    "userName": null,
    "website": null
}

2023-06-14 10:42:59.946 | DEBUG    | httprunner.client:log_print:40 - 
================== response details ==================
status_code : 200
headers  : {
    "Server": "nginx",
    "Date": "Wed, 14 Jun 2023 02:42:59 GMT",
    "Content-Type": "application/json",
    "Transfer-Encoding": "chunked",
    "Connection": "keep-alive",
    "X-Frame-Options": "SAMEORIGIN"
}
cookies  : {}
encoding : utf-8
content_type : application/json
body     : {
    "message": "联系人手机号不合法",
    "status": -2,
    "data": null
}

2023-06-14 10:42:59.946 | INFO     | httprunner.client:request:217 - status_code: 200, response_time(ms): 64.9 ms, response_length: 0 bytes
2023-06-14 10:42:59.946 | INFO     | httprunner.response:validate:249 - assert status_code equal 200(int)	==> pass
2023-06-14 10:42:59.947 | INFO     | httprunner.response:validate:249 - assert body.status equal -2(int)	==> pass
2023-06-14 10:42:59.947 | INFO     | httprunner.response:validate:249 - assert body.message equal 联系人手机号不合法(str)	==> pass
2023-06-14 10:42:59.947 | INFO     | httprunner.runner:__run_step:304 - run step end: 企业注册第一步提交信息 <<<<<<

2023-06-14 10:42:59.947 | INFO     | httprunner.runner:__run_step:304 - run step end: 企业注册第一步提交信息 <<<<<<

