2023-06-13 15:48:33.342 | INFO     | httprunner.runner:test_start:450 - Start to run testcase: 重新申请, TestCase ID: 5c6e748d-dcb7-48cb-a50b-9cc1acfa1569
2023-06-13 15:48:33.343 | INFO     | httprunner.runner:__run_step:292 - run step begin: 审核驳回 >>>>>>
2023-06-13 15:48:33.343 | INFO     | httprunner.runner:__run_step:292 - run step begin: 用户注册 >>>>>>
2023-06-13 15:48:33.343 | INFO     | httprunner.runner:__run_step:292 - run step begin: 用户注册 >>>>>>
2023-06-13 15:49:48.353 | WARNING  | httprunner.client:request:188 - failed to get client address info: 'NoneType' object has no attribute 'connection'
2023-06-13 15:49:48.356 | WARNING  | httprunner.client:request:196 - failed to get server address info: 'NoneType' object has no attribute 'connection'
2023-06-13 15:49:48.358 | DEBUG    | httprunner.client:log_print:40 - 
================== request details ==================
method   : POST
url      : http://139.198.115.70:8000/api/home/test/registry
headers  : {
    "Content-Length": "0"
}
cookies  : {}
body     : None

2023-06-13 15:49:48.358 | DEBUG    | httprunner.client:log_print:40 - 
================== response details ==================
status_code : 0
headers  : {}
cookies  : {}
encoding : None
content_type : 
body     : 

2023-06-13 15:49:48.359 | ERROR    | httprunner.client:request:215 - HTTPConnectionPool(host='139.198.115.70', port=8000): Max retries exceeded with url: /api/home/test/registry (Caused by ConnectTimeoutError(<urllib3.connection.HTTPConnection object at 0x10593fe50>, 'Connection to 139.198.115.70 timed out. (connect timeout=120)'))
2023-06-13 15:49:48.360 | ERROR    | httprunner.response:validate:266 - assert status_code equal 200(int)	==> fail
check_item: status_code
check_value: 0(int)
assert_method: equal
expect_value: 200(int)
2023-06-13 15:49:48.360 | ERROR    | httprunner.response:validate:266 - assert body.message equal success(str)	==> fail
check_item: body.message
check_value: None(NoneType)
assert_method: equal
expect_value: success(str)
2023-06-13 15:49:48.361 | ERROR    | httprunner.response:validate:266 - assert body.status equal 1(int)	==> fail
check_item: body.status
check_value: None(NoneType)
assert_method: equal
expect_value: 1(int)
2023-06-13 15:49:48.361 | ERROR    | httprunner.response:validate:266 - assert body.message contains success(str)	==> fail
check_item: body.message
check_value: None(NoneType)
assert_method: contains
expect_value: success(str)
message: expect_value should be list/tuple/dict/str/bytes type
2023-06-13 15:49:48.361 | ERROR    | httprunner.response:validate:266 - assert body.status contained_by [1, 200](list)	==> fail
check_item: body.status
check_value: None(NoneType)
assert_method: contained_by
expect_value: [1, 200](list)
2023-06-13 15:49:48.362 | ERROR    | httprunner.runner:log_req_resp_details:194 - 
******************************** DETAILED REQUEST & RESPONSE ********************************
====== request details ======
url: http://139.198.115.70:8000/api/home/test/registry
method: POST
headers: {'Accept': 'application/json, text/plain, */*', 'Accept-Encoding': 'gzip, deflate', 'Accept-Language': 'zh-CN,zh;q=0.9', 'Connection': 'keep-alive', 'User-Agent': 'Mozilla/5.0 (Windows NT 10.0; WOW64) AppleWebKit/537.36 (KHTML, like Gecko) Chrome/100.0.4896.60 Safari/537.36', 'HRUN-Request-ID': 'HRUN-5c6e748d-dcb7-48cb-a50b-9cc1acfa1569-513344'}
params: {}
data: None
cookies: {}
timeout: 120
allow_redirects: True
verify: False
json: {'email': 'xOFg5LhGxZf9Y1tF@qaqseq.com', 'mobile': '16501529935', 'openId': '', 'openUserName': '', 'password': 'Yingzi125@@', 'remarks': '', 'username': 'NzaSkXf5b54pFBaRQ6c6eUmhsk1M8kR9'}

====== response details ======
status_code: 0
headers: {}
body: ''

