2023-06-16 14:32:46.405 | INFO     | httprunner.runner:test_start:450 - Start to run testcase: 首页-数据汇总-企业申请中, TestCase ID: 5d540767-c8bf-401c-ad70-2ae4b7da0ded
2023-06-16 14:32:46.405 | INFO     | httprunner.runner:__run_step:292 - run step begin: 登录-管理员 >>>>>>
2023-06-16 14:32:46.405 | INFO     | httprunner.runner:__run_step:292 - run step begin: 登录-企业用户 >>>>>>
2023-06-16 14:32:46.512 | DEBUG    | httprunner.client:request:186 - client IP: 127.0.0.1, Port: 65214
2023-06-16 14:32:46.512 | DEBUG    | httprunner.client:request:194 - server IP: 127.0.0.1, Port: 8888
2023-06-16 14:32:46.513 | DEBUG    | httprunner.client:log_print:40 - 
================== request details ==================
method   : POST
url      : http://139.198.116.76:8000/api/home/test/login
headers  : {
    "User-Agent": "python-requests/2.28.1",
    "Accept-Encoding": "gzip, deflate, br",
    "Accept": "*/*",
    "Connection": "keep-alive",
    "Content-Length": "144",
    "Content-Type": "application/json",
    "HRUN-Request-ID": "HRUN-5d540767-c8bf-401c-ad70-2ae4b7da0ded-166406"
}
cookies  : {}
body     : {
    "captcha": "0000",
    "captchaSign": "5d39bab12bba81ab59b3931d2ca06ee9603c3803355932be66974f122cab3502",
    "emailCaptcha": "",
    "username": "adminy"
}

2023-06-16 14:32:46.513 | DEBUG    | httprunner.client:log_print:40 - 
================== response details ==================
status_code : 200
headers  : {
    "Server": "nginx",
    "Date": "Fri, 16 Jun 2023 06:32:46 GMT",
    "Content-Type": "application/json;charset=UTF-8",
    "Transfer-Encoding": "chunked",
    "Set-Cookie": "SESSION=NDE3ZDYwZTMtZTJkZS00YmI3LTljNmYtNzgwN2U3NzhmYWMy; Path=/; HttpOnly; SameSite=Lax",
    "X-Frame-Options": "SAMEORIGIN",
    "Connection": "keep-alive"
}
cookies  : {
    "SESSION": "NDE3ZDYwZTMtZTJkZS00YmI3LTljNmYtNzgwN2U3NzhmYWMy"
}
encoding : UTF-8
content_type : application/json;charset=UTF-8
body     : {
    "message": "success",
    "status": 1,
    "data": true
}

2023-06-16 14:32:46.513 | INFO     | httprunner.client:request:217 - status_code: 200, response_time(ms): 106.34 ms, response_length: 0 bytes
2023-06-16 14:32:46.513 | INFO     | httprunner.response:extract:179 - extract mapping: {'adminSession': 'response.headers."Set-Cookie".session'}
2023-06-16 14:32:46.513 | INFO     | httprunner.response:validate:249 - assert status_code equal 200(int)	==> pass
2023-06-16 14:32:46.513 | INFO     | httprunner.response:validate:249 - assert headers."Content-Type" equal application/json;charset=UTF-8(str)	==> pass
2023-06-16 14:32:46.513 | INFO     | httprunner.response:validate:249 - assert body.message equal success(str)	==> pass
2023-06-16 14:32:46.513 | INFO     | httprunner.response:validate:249 - assert body.status equal 1(int)	==> pass
2023-06-16 14:32:46.514 | INFO     | httprunner.response:validate:249 - assert body.data equal True(bool)	==> pass
2023-06-16 14:32:46.514 | INFO     | httprunner.runner:__run_step:304 - run step end: 登录-企业用户 <<<<<<

2023-06-16 14:32:46.514 | INFO     | httprunner.runner:__run_step_testcase:286 - export variables: {'adminSession': 'response.headers."Set-Cookie".session'}
2023-06-16 14:32:46.514 | INFO     | httprunner.runner:__run_step:304 - run step end: 登录-管理员 <<<<<<

2023-06-16 14:32:46.514 | INFO     | httprunner.runner:__run_step:292 - run step begin: 企业申请中统计 >>>>>>
2023-06-16 14:32:46.514 | INFO     | httprunner.runner:__run_step:292 - run step begin: 首页-数据汇总-企业申请中 >>>>>>
2023-06-16 14:32:46.570 | DEBUG    | httprunner.client:request:186 - client IP: 127.0.0.1, Port: 65214
2023-06-16 14:32:46.570 | DEBUG    | httprunner.client:request:194 - server IP: 127.0.0.1, Port: 8888
2023-06-16 14:32:46.571 | DEBUG    | httprunner.client:log_print:40 - 
================== request details ==================
method   : GET
url      : http://139.198.116.76:8000/api/index/statistics?cache=1663755717060
headers  : {
    "User-Agent": "Mozilla/5.0 (Macintosh; Intel Mac OS X 10_15_7) AppleWebKit/537.36 (KHTML, like Gecko) Chrome/105.0.0.0 Safari/537.36",
    "Accept-Encoding": "gzip, deflate",
    "Accept": "application/json, text/plain, */*",
    "Connection": "keep-alive",
    "Accept-Language": "zh-CN,zh;q=0.9",
    "HRUN-Request-ID": "HRUN-5d540767-c8bf-401c-ad70-2ae4b7da0ded-166514",
    "Cookie": "SESSION=NDE3ZDYwZTMtZTJkZS00YmI3LTljNmYtNzgwN2U3NzhmYWMy; SESSION=response.headers.\"Set-Cookie\".session"
}
cookies  : {
    "SESSION": "NDE3ZDYwZTMtZTJkZS00YmI3LTljNmYtNzgwN2U3NzhmYWMy"
}
body     : None

2023-06-16 14:32:46.571 | DEBUG    | httprunner.client:log_print:40 - 
================== response details ==================
status_code : 200
headers  : {
    "Server": "nginx",
    "Date": "Fri, 16 Jun 2023 06:32:46 GMT",
    "Content-Type": "application/json;charset=UTF-8",
    "Transfer-Encoding": "chunked",
    "X-Frame-Options": "SAMEORIGIN",
    "Connection": "keep-alive"
}
cookies  : {}
encoding : UTF-8
content_type : application/json;charset=UTF-8
body     : {
    "message": "success",
    "status": 1,
    "data": {
        "prefixNum": 422,
        "entNum": 368,
        "applyNum": 222,
        "identityNum": 1922,
        "resolvnum": 274,
        "delnum": 81
    }
}

2023-06-16 14:32:46.571 | INFO     | httprunner.client:request:217 - status_code: 200, response_time(ms): 55.98 ms, response_length: 0 bytes
2023-06-16 14:32:46.571 | INFO     | httprunner.response:extract:179 - extract mapping: {'applyNum': 222, 'delnum': 81, 'entNum': 368, 'identityNum': 1922, 'prefixNum': 422, 'resolvnum': 274}
2023-06-16 14:32:46.571 | INFO     | httprunner.response:validate:249 - assert status_code equal 200(int)	==> pass
2023-06-16 14:32:46.571 | INFO     | httprunner.response:validate:249 - assert headers."Content-Type" equal application/json;charset=UTF-8(str)	==> pass
2023-06-16 14:32:46.571 | INFO     | httprunner.response:validate:249 - assert body.message equal success(str)	==> pass
2023-06-16 14:32:46.571 | INFO     | httprunner.response:validate:249 - assert body.status equal 1(int)	==> pass
2023-06-16 14:32:46.571 | INFO     | httprunner.runner:__run_step:304 - run step end: 首页-数据汇总-企业申请中 <<<<<<

2023-06-16 14:32:46.571 | INFO     | httprunner.runner:__run_step_testcase:286 - export variables: {'delnum': 81, 'applyNum': 222, 'resolvnum': 274, 'prefixNum': 422, 'identityNum': 1922, 'entNum': 368}
2023-06-16 14:32:46.572 | INFO     | httprunner.runner:__run_step:304 - run step end: 企业申请中统计 <<<<<<

2023-06-16 14:32:46.572 | INFO     | httprunner.runner:__run_step:292 - run step begin: 前缀注册 >>>>>>
2023-06-16 14:32:46.572 | INFO     | httprunner.runner:__run_step:292 - run step begin: 用户注册 >>>>>>
2023-06-16 14:32:46.572 | INFO     | httprunner.runner:__run_step:292 - run step begin: 用户注册 >>>>>>
2023-06-16 14:32:46.627 | DEBUG    | httprunner.client:request:186 - client IP: 127.0.0.1, Port: 65214
2023-06-16 14:32:46.627 | DEBUG    | httprunner.client:request:194 - server IP: 127.0.0.1, Port: 8888
2023-06-16 14:32:46.628 | DEBUG    | httprunner.client:log_print:40 - 
================== request details ==================
method   : POST
url      : http://139.198.116.76:8000/api/home/test/registry
headers  : {
    "User-Agent": "Mozilla/5.0 (Windows NT 10.0; WOW64) AppleWebKit/537.36 (KHTML, like Gecko) Chrome/100.0.4896.60 Safari/537.36",
    "Accept-Encoding": "gzip, deflate",
    "Accept": "application/json, text/plain, */*",
    "Connection": "keep-alive",
    "Accept-Language": "zh-CN,zh;q=0.9",
    "HRUN-Request-ID": "HRUN-5d540767-c8bf-401c-ad70-2ae4b7da0ded-166572",
    "Cookie": "SESSION=NDE3ZDYwZTMtZTJkZS00YmI3LTljNmYtNzgwN2U3NzhmYWMy",
    "Content-Length": "187",
    "Content-Type": "application/json"
}
cookies  : {
    "SESSION": "NDE3ZDYwZTMtZTJkZS00YmI3LTljNmYtNzgwN2U3NzhmYWMy"
}
body     : {
    "email": "FEEO5pTYaDgt7iGd@qaqseq.com",
    "mobile": "11375375465",
    "openId": "",
    "openUserName": "",
    "password": "Admin@123",
    "remarks": "",
    "username": "Uq6uiua6inTju8mx9W73S9jvobFgNReD"
}

2023-06-16 14:32:46.628 | DEBUG    | httprunner.client:log_print:40 - 
================== response details ==================
status_code : 200
headers  : {
    "Server": "nginx",
    "Date": "Fri, 16 Jun 2023 06:32:46 GMT",
    "Content-Type": "application/json",
    "Transfer-Encoding": "chunked",
    "X-Frame-Options": "SAMEORIGIN",
    "Connection": "keep-alive"
}
cookies  : {}
encoding : utf-8
content_type : application/json
body     : {
    "message": "success",
    "status": 1,
    "data": true
}

2023-06-16 14:32:46.628 | INFO     | httprunner.client:request:217 - status_code: 200, response_time(ms): 54.2 ms, response_length: 0 bytes
2023-06-16 14:32:46.628 | INFO     | httprunner.response:validate:249 - assert status_code equal 200(int)	==> pass
2023-06-16 14:32:46.629 | INFO     | httprunner.response:validate:249 - assert body.message equal success(str)	==> pass
2023-06-16 14:32:46.629 | INFO     | httprunner.response:validate:249 - assert body.status equal 1(int)	==> pass
2023-06-16 14:32:46.629 | INFO     | httprunner.response:validate:249 - assert body.message contains success(str)	==> pass
2023-06-16 14:32:46.629 | INFO     | httprunner.response:validate:249 - assert body.status contained_by [1, 200](list)	==> pass
2023-06-16 14:32:46.629 | INFO     | httprunner.runner:__run_step:304 - run step end: 用户注册 <<<<<<

2023-06-16 14:32:46.629 | INFO     | httprunner.runner:__run_step:304 - run step end: 用户注册 <<<<<<

2023-06-16 14:32:46.629 | INFO     | httprunner.runner:__run_step:292 - run step begin: 登录-企业 >>>>>>
2023-06-16 14:32:46.629 | INFO     | httprunner.runner:__run_step:292 - run step begin: 登录-企业用户 >>>>>>
2023-06-16 14:32:46.690 | DEBUG    | httprunner.client:request:186 - client IP: 127.0.0.1, Port: 65214
2023-06-16 14:32:46.690 | DEBUG    | httprunner.client:request:194 - server IP: 127.0.0.1, Port: 8888
2023-06-16 14:32:46.691 | DEBUG    | httprunner.client:log_print:40 - 
================== request details ==================
method   : POST
url      : http://139.198.116.76:8000/api/home/test/login
headers  : {
    "User-Agent": "python-requests/2.28.1",
    "Accept-Encoding": "gzip, deflate, br",
    "Accept": "*/*",
    "Connection": "keep-alive",
    "Content-Length": "170",
    "Content-Type": "application/json",
    "HRUN-Request-ID": "HRUN-5d540767-c8bf-401c-ad70-2ae4b7da0ded-166629",
    "Cookie": "SESSION=NDE3ZDYwZTMtZTJkZS00YmI3LTljNmYtNzgwN2U3NzhmYWMy"
}
cookies  : {
    "SESSION": "NDE3ZDYwZTMtZTJkZS00YmI3LTljNmYtNzgwN2U3NzhmYWMy"
}
body     : {
    "captcha": "0000",
    "captchaSign": "c377bf36f1a5e48f3766a259021f63e55231b9f4e003cf9e48abc9aff327b88f",
    "emailCaptcha": "",
    "username": "Uq6uiua6inTju8mx9W73S9jvobFgNReD"
}

2023-06-16 14:32:46.692 | DEBUG    | httprunner.client:log_print:40 - 
================== response details ==================
status_code : 200
headers  : {
    "Server": "nginx",
    "Date": "Fri, 16 Jun 2023 06:32:46 GMT",
    "Content-Type": "application/json;charset=UTF-8",
    "Transfer-Encoding": "chunked",
    "Set-Cookie": "SESSION=YThmYThlNmMtNTZkNy00ZjEwLTkxMzUtODRjNTc3MWZhNDEy; Path=/; HttpOnly; SameSite=Lax",
    "X-Frame-Options": "SAMEORIGIN",
    "Connection": "keep-alive"
}
cookies  : {
    "SESSION": "YThmYThlNmMtNTZkNy00ZjEwLTkxMzUtODRjNTc3MWZhNDEy"
}
encoding : UTF-8
content_type : application/json;charset=UTF-8
body     : {
    "message": "success",
    "status": 1,
    "data": true
}

2023-06-16 14:32:46.692 | INFO     | httprunner.client:request:217 - status_code: 200, response_time(ms): 60.19 ms, response_length: 0 bytes
2023-06-16 14:32:46.692 | INFO     | httprunner.response:extract:179 - extract mapping: {'entSession': 'response.headers."Set-Cookie".session'}
2023-06-16 14:32:46.692 | INFO     | httprunner.response:validate:249 - assert status_code equal 200(int)	==> pass
2023-06-16 14:32:46.693 | INFO     | httprunner.response:validate:249 - assert headers."Content-Type" equal application/json;charset=UTF-8(str)	==> pass
2023-06-16 14:32:46.693 | INFO     | httprunner.response:validate:249 - assert body.message equal success(str)	==> pass
2023-06-16 14:32:46.693 | INFO     | httprunner.response:validate:249 - assert body.status equal 1(int)	==> pass
2023-06-16 14:32:46.693 | INFO     | httprunner.response:validate:249 - assert body.data equal True(bool)	==> pass
2023-06-16 14:32:46.693 | INFO     | httprunner.runner:__run_step:304 - run step end: 登录-企业用户 <<<<<<

2023-06-16 14:32:46.694 | INFO     | httprunner.runner:__run_step_testcase:286 - export variables: {'entSession': 'response.headers."Set-Cookie".session'}
2023-06-16 14:32:46.694 | INFO     | httprunner.runner:__run_step:304 - run step end: 登录-企业 <<<<<<

2023-06-16 14:32:46.694 | INFO     | httprunner.runner:__run_step:292 - run step begin: 前缀注册企业资质图片上传 >>>>>>
2023-06-16 14:32:46.694 | INFO     | httprunner.runner:__run_step:292 - run step begin: 前缀注册企业资质图片上传 >>>>>>
2023-06-16 14:32:46.804 | DEBUG    | httprunner.client:request:186 - client IP: 127.0.0.1, Port: 65214
2023-06-16 14:32:46.804 | DEBUG    | httprunner.client:request:194 - server IP: 127.0.0.1, Port: 8888
2023-06-16 14:32:46.804 | DEBUG    | httprunner.client:log_print:40 - 
================== request details ==================
method   : POST
url      : http://139.198.116.76:8000/api/file/img/upload
headers  : {
    "User-Agent": "Mozilla/5.0 (Macintosh; Intel Mac OS X 10_15_7) AppleWebKit/537.36 (KHTML, like Gecko) Chrome/105.0.0.0 Safari/537.36",
    "Accept-Encoding": "gzip, deflate",
    "Accept": "application/json, text/plain, */*",
    "Connection": "keep-alive",
    "Accept-Language": "zh-CN,zh;q=0.9",
    "Content-Type": "multipart/form-data; boundary=01669b5db9914e8da59ecc02739f1d3d",
    "HRUN-Request-ID": "HRUN-5d540767-c8bf-401c-ad70-2ae4b7da0ded-166696",
    "Cookie": "SESSION=YThmYThlNmMtNTZkNy00ZjEwLTkxMzUtODRjNTc3MWZhNDEy; SESSION=response.headers.\"Set-Cookie\".session",
    "Content-Length": "20435"
}
cookies  : {
    "SESSION": "YThmYThlNmMtNTZkNy00ZjEwLTkxMzUtODRjNTc3MWZhNDEy"
}
body     : upload file stream (OMITTED)

2023-06-16 14:32:46.807 | DEBUG    | httprunner.client:log_print:40 - 
================== response details ==================
status_code : 200
headers  : {
    "Server": "nginx",
    "Date": "Fri, 16 Jun 2023 06:32:46 GMT",
    "Content-Type": "application/json;charset=UTF-8",
    "Transfer-Encoding": "chunked",
    "X-Frame-Options": "SAMEORIGIN",
    "Connection": "keep-alive"
}
cookies  : {}
encoding : UTF-8
content_type : application/json;charset=UTF-8
body     : {
    "message": "success",
    "status": 1,
    "data": {
        "id": 2348,
        "path": "a1336f1b-72c1-4253-bea1-d5f13d096724.jpeg"
    }
}

2023-06-16 14:32:46.808 | INFO     | httprunner.client:request:217 - status_code: 200, response_time(ms): 107.69 ms, response_length: 0 bytes
2023-06-16 14:32:46.808 | INFO     | httprunner.response:extract:179 - extract mapping: {'imgId': 2348}
2023-06-16 14:32:46.808 | INFO     | httprunner.response:validate:249 - assert status_code equal 200(int)	==> pass
2023-06-16 14:32:46.808 | INFO     | httprunner.runner:__run_step:304 - run step end: 前缀注册企业资质图片上传 <<<<<<

2023-06-16 14:32:46.808 | INFO     | httprunner.runner:__run_step_testcase:286 - export variables: {'imgId': 2348}
2023-06-16 14:32:46.808 | INFO     | httprunner.runner:__run_step:304 - run step end: 前缀注册企业资质图片上传 <<<<<<

2023-06-16 14:32:46.808 | INFO     | httprunner.runner:__run_step:292 - run step begin: 前缀注册企业联系人身份证图片正面上传 >>>>>>
2023-06-16 14:32:46.809 | INFO     | httprunner.runner:__run_step:292 - run step begin: 前缀注册企业联系人身份证图片背面上传 >>>>>>
2023-06-16 14:32:46.913 | DEBUG    | httprunner.client:request:186 - client IP: 127.0.0.1, Port: 65214
2023-06-16 14:32:46.913 | DEBUG    | httprunner.client:request:194 - server IP: 127.0.0.1, Port: 8888
2023-06-16 14:32:46.913 | DEBUG    | httprunner.client:log_print:40 - 
================== request details ==================
method   : POST
url      : http://139.198.116.76:8000/api/file/img/upload
headers  : {
    "User-Agent": "Mozilla/5.0 (Macintosh; Intel Mac OS X 10_15_7) AppleWebKit/537.36 (KHTML, like Gecko) Chrome/105.0.0.0 Safari/537.36",
    "Accept-Encoding": "gzip, deflate",
    "Accept": "application/json, text/plain, */*",
    "Connection": "keep-alive",
    "Accept-Language": "zh-CN,zh;q=0.9",
    "Content-Type": "multipart/form-data; boundary=c478005c3c744af089ad1f73e698c220",
    "HRUN-Request-ID": "HRUN-5d540767-c8bf-401c-ad70-2ae4b7da0ded-166809",
    "Cookie": "SESSION=YThmYThlNmMtNTZkNy00ZjEwLTkxMzUtODRjNTc3MWZhNDEy; SESSION=response.headers.\"Set-Cookie\".session",
    "Content-Length": "20435"
}
cookies  : {
    "SESSION": "YThmYThlNmMtNTZkNy00ZjEwLTkxMzUtODRjNTc3MWZhNDEy"
}
body     : upload file stream (OMITTED)

2023-06-16 14:32:46.914 | DEBUG    | httprunner.client:log_print:40 - 
================== response details ==================
status_code : 200
headers  : {
    "Server": "nginx",
    "Date": "Fri, 16 Jun 2023 06:32:46 GMT",
    "Content-Type": "application/json;charset=UTF-8",
    "Transfer-Encoding": "chunked",
    "X-Frame-Options": "SAMEORIGIN",
    "Connection": "keep-alive"
}
cookies  : {}
encoding : UTF-8
content_type : application/json;charset=UTF-8
body     : {
    "message": "success",
    "status": 1,
    "data": {
        "id": 2349,
        "path": "42c29d6e-4453-4c75-abf4-a637dda0b01a.jpeg"
    }
}

2023-06-16 14:32:46.914 | INFO     | httprunner.client:request:217 - status_code: 200, response_time(ms): 103.85 ms, response_length: 0 bytes
2023-06-16 14:32:46.914 | INFO     | httprunner.response:extract:179 - extract mapping: {'imgId_f': 2349}
2023-06-16 14:32:46.914 | INFO     | httprunner.response:validate:249 - assert status_code equal 200(int)	==> pass
2023-06-16 14:32:46.914 | INFO     | httprunner.runner:__run_step:304 - run step end: 前缀注册企业联系人身份证图片背面上传 <<<<<<

2023-06-16 14:32:46.914 | INFO     | httprunner.runner:__run_step_testcase:286 - export variables: {'imgId_f': 2349}
2023-06-16 14:32:46.914 | INFO     | httprunner.runner:__run_step:304 - run step end: 前缀注册企业联系人身份证图片正面上传 <<<<<<

2023-06-16 14:32:46.914 | INFO     | httprunner.runner:__run_step:292 - run step begin: 前缀注册企业联系人身份证图片背面上传 >>>>>>
2023-06-16 14:32:46.914 | INFO     | httprunner.runner:__run_step:292 - run step begin: 前缀注册企业联系人身份证图片背面上传 >>>>>>
2023-06-16 14:32:47.018 | DEBUG    | httprunner.client:request:186 - client IP: 127.0.0.1, Port: 65214
2023-06-16 14:32:47.019 | DEBUG    | httprunner.client:request:194 - server IP: 127.0.0.1, Port: 8888
2023-06-16 14:32:47.020 | DEBUG    | httprunner.client:log_print:40 - 
================== request details ==================
method   : POST
url      : http://139.198.116.76:8000/api/file/img/upload
headers  : {
    "User-Agent": "Mozilla/5.0 (Macintosh; Intel Mac OS X 10_15_7) AppleWebKit/537.36 (KHTML, like Gecko) Chrome/105.0.0.0 Safari/537.36",
    "Accept-Encoding": "gzip, deflate",
    "Accept": "application/json, text/plain, */*",
    "Connection": "keep-alive",
    "Accept-Language": "zh-CN,zh;q=0.9",
    "Content-Type": "multipart/form-data; boundary=4a2c7d1eac424821bf18cface10c6e87",
    "HRUN-Request-ID": "HRUN-5d540767-c8bf-401c-ad70-2ae4b7da0ded-166915",
    "Cookie": "SESSION=YThmYThlNmMtNTZkNy00ZjEwLTkxMzUtODRjNTc3MWZhNDEy; SESSION=response.headers.\"Set-Cookie\".session",
    "Content-Length": "20435"
}
cookies  : {
    "SESSION": "YThmYThlNmMtNTZkNy00ZjEwLTkxMzUtODRjNTc3MWZhNDEy"
}
body     : upload file stream (OMITTED)

2023-06-16 14:32:47.021 | DEBUG    | httprunner.client:log_print:40 - 
================== response details ==================
status_code : 200
headers  : {
    "Server": "nginx",
    "Date": "Fri, 16 Jun 2023 06:32:47 GMT",
    "Content-Type": "application/json;charset=UTF-8",
    "Transfer-Encoding": "chunked",
    "X-Frame-Options": "SAMEORIGIN",
    "Connection": "keep-alive"
}
cookies  : {}
encoding : UTF-8
content_type : application/json;charset=UTF-8
body     : {
    "message": "success",
    "status": 1,
    "data": {
        "id": 2350,
        "path": "42358989-2079-439c-9a4a-e5ccc532b3a8.jpeg"
    }
}

2023-06-16 14:32:47.022 | INFO     | httprunner.client:request:217 - status_code: 200, response_time(ms): 103.64 ms, response_length: 0 bytes
2023-06-16 14:32:47.022 | INFO     | httprunner.response:extract:179 - extract mapping: {'imgId_b': 2350}
2023-06-16 14:32:47.022 | INFO     | httprunner.response:validate:249 - assert status_code equal 200(int)	==> pass
2023-06-16 14:32:47.023 | INFO     | httprunner.runner:__run_step:304 - run step end: 前缀注册企业联系人身份证图片背面上传 <<<<<<

2023-06-16 14:32:47.023 | INFO     | httprunner.runner:__run_step_testcase:286 - export variables: {'imgId_b': 2350}
2023-06-16 14:32:47.023 | INFO     | httprunner.runner:__run_step:304 - run step end: 前缀注册企业联系人身份证图片背面上传 <<<<<<

2023-06-16 14:32:47.023 | INFO     | httprunner.runner:__run_step:292 - run step begin: 企业注册第一步提交信息 >>>>>>
2023-06-16 14:32:47.024 | INFO     | httprunner.runner:__run_step:292 - run step begin: 企业注册第一步提交信息 >>>>>>
2023-06-16 14:32:47.444 | DEBUG    | httprunner.client:request:186 - client IP: 127.0.0.1, Port: 65214
2023-06-16 14:32:47.445 | DEBUG    | httprunner.client:request:194 - server IP: 127.0.0.1, Port: 8888
2023-06-16 14:32:47.447 | DEBUG    | httprunner.client:log_print:40 - 
================== request details ==================
method   : POST
url      : http://139.198.116.76:8000/api/v3/entApply/basicInfo/submit
headers  : {
    "User-Agent": "Mozilla/5.0 (Macintosh; Intel Mac OS X 10_15_7) AppleWebKit/537.36 (KHTML, like Gecko) Chrome/105.0.0.0 Safari/537.36",
    "Accept-Encoding": "gzip, deflate",
    "Accept": "application/json, text/plain, */*",
    "Connection": "keep-alive",
    "Accept-Language": "zh-CN,zh;q=0.9",
    "Content-Type": "application/json;charset=UTF-8",
    "HRUN-Request-ID": "HRUN-5d540767-c8bf-401c-ad70-2ae4b7da0ded-167024",
    "Cookie": "SESSION=YThmYThlNmMtNTZkNy00ZjEwLTkxMzUtODRjNTc3MWZhNDEy; SESSION=response.headers.\"Set-Cookie\".session",
    "Content-Length": "2554"
}
cookies  : {
    "SESSION": "YThmYThlNmMtNTZkNy00ZjEwLTkxMzUtODRjNTc3MWZhNDEy"
}
body     : {
    "applyStep": 2,
    "applyType": null,
    "area": [
        "110000",
        "110100",
        "110101"
    ],
    "cltrid": null,
    "contactCrtBackImgPath": null,
    "contactCrtBackImgRid": 2350,
    "contactCrtFrontImgPath": null,
    "contactCrtFrontImgRid": 2349,
    "contactCrtNo": "12505619780630195X",
    "contactCrtType": 1,
    "contactEmail": "FEEO5pTYaDgt7iGd@qaqseq.com",
    "contactName": "Uq6uiua6inTju8mx9W73S9jvobFgNReD",
    "contactPhone": "11375375465",
    "createDate": null,
    "dataHostingContractFilePath": null,
    "dataHostingContractFileRid": null,
    "dataHostingOrg": null,
    "entGeneralId": null,
    "entInfoLicenses": [],
    "entInfoSerIndustrys": [],
    "entPrefix": "88.408.866850994",
    "escrowId": null,
    "escrowOrgName": null,
    "establishDate": null,
    "extDomain": null,
    "extIpAddr": null,
    "extWebName": null,
    "finalAuditMsg": null,
    "finalAuditStatus": null,
    "firstAuditMsg": null,
    "firstAuditStatus": null,
    "id": null,
    "idRegNaImp": null,
    "industry": [
        "A",
        "01"
    ],
    "industryCategory": "A",
    "industrySpecific": "01",
    "isSubmit": 0,
    "legalCrtBackImgContent": null,
    "legalCrtBackImgPath": null,
    "legalCrtBackImgRid": 2350,
    "legalCrtFrontImgContent": null,
    "legalCrtFrontImgPath": null,
    "legalCrtFrontImgRid": 2349,
    "legalCrtNo": "12505619780630195X",
    "legalCrtType": "1",
    "legalCrtTypeDesc": "中国居民身份证",
    "legalEmail": null,
    "legalFax": null,
    "legalName": "张三",
    "legalPhone": null,
    "orgAddr": "致真",
    "orgAddrCity": "110100",
    "orgAddrCityDesc": "市辖区",
    "orgAddrCounty": "110101",
    "orgAddrCountyDesc": "东城区",
    "orgAddrProvince": "110000",
    "orgAddrProvinceDesc": "北京市",
    "orgCategorySpecificDesc": "农、林、牧、渔业-农业",
    "orgCrtCode": "Uq6uiua6inTju8mx9W73S9jvobFgNReD",
    "orgCrtImgContent": null,
    "orgCrtImgPath": null,
    "orgCrtImgRid": 2348,
    "orgCrtType": "1",
    "orgDesc": null,
    "orgName": "Uq6uiua6inTju8mx9W73S9jvobFgNReD",
    "orgNature": "1",
    "orgNatureDesc": "国有控股",
    "periodValidity": null,
    "regAuthority": null,
    "regCapital": null,
    "regRealNaImpName": null,
    "regRealNaImpType": null,
    "servHostingContractFilePath": null,
    "servHostingContractFileRid": null,
    "servHostingOrg": null,
    "servSysBuildContractFilePath": null,
    "servSysBuildContractFileRid": null,
    "servSysBuildName": null,
    "servSysBuildType": 1,
    "servSysOperContractFilePath": null,
    "servSysOperContractFileRid": null,
    "servSysOperName": null,
    "servSysOperType": 1,
    "svtrid": null,
    "thirdServiceMsg": null,
    "thirdServiceStatus": null,
    "updateDate": null,
    "userId": null,
    "userName": null,
    "website": null
}

2023-06-16 14:32:47.448 | DEBUG    | httprunner.client:log_print:40 - 
================== response details ==================
status_code : 200
headers  : {
    "Server": "nginx",
    "Date": "Fri, 16 Jun 2023 06:32:47 GMT",
    "Content-Type": "application/json;charset=UTF-8",
    "Transfer-Encoding": "chunked",
    "X-Frame-Options": "SAMEORIGIN",
    "Connection": "keep-alive"
}
cookies  : {}
encoding : UTF-8
content_type : application/json;charset=UTF-8
body     : {
    "message": "success",
    "status": 1,
    "data": true
}

2023-06-16 14:32:47.448 | INFO     | httprunner.client:request:217 - status_code: 200, response_time(ms): 419.73 ms, response_length: 0 bytes
2023-06-16 14:32:47.448 | INFO     | httprunner.response:validate:249 - assert status_code equal 200(int)	==> pass
2023-06-16 14:32:47.448 | INFO     | httprunner.response:validate:249 - assert body.message equal success(str)	==> pass
2023-06-16 14:32:47.448 | INFO     | httprunner.runner:__run_step:304 - run step end: 企业注册第一步提交信息 <<<<<<

2023-06-16 14:32:47.448 | INFO     | httprunner.runner:__run_step:304 - run step end: 企业注册第一步提交信息 <<<<<<

2023-06-16 14:32:47.448 | INFO     | httprunner.runner:__run_step:292 - run step begin: 企业注册查询注册信息 >>>>>>
2023-06-16 14:32:47.448 | INFO     | httprunner.runner:__run_step:292 - run step begin: 企业注册查询注册信息 >>>>>>
2023-06-16 14:32:47.527 | DEBUG    | httprunner.client:request:186 - client IP: 127.0.0.1, Port: 65214
2023-06-16 14:32:47.527 | DEBUG    | httprunner.client:request:194 - server IP: 127.0.0.1, Port: 8888
2023-06-16 14:32:47.528 | DEBUG    | httprunner.client:log_print:40 - 
================== request details ==================
method   : GET
url      : http://139.198.116.76:8000/api/v3/entApply/applyOrNot
headers  : {
    "User-Agent": "Mozilla/5.0 (Macintosh; Intel Mac OS X 10_15_7) AppleWebKit/537.36 (KHTML, like Gecko) Chrome/105.0.0.0 Safari/537.36",
    "Accept-Encoding": "gzip, deflate",
    "Accept": "application/json, text/plain, */*",
    "Connection": "keep-alive",
    "Accept-Language": "zh-CN,zh;q=0.9",
    "HRUN-Request-ID": "HRUN-5d540767-c8bf-401c-ad70-2ae4b7da0ded-167449",
    "Cookie": "SESSION=YThmYThlNmMtNTZkNy00ZjEwLTkxMzUtODRjNTc3MWZhNDEy; SESSION=response.headers.\"Set-Cookie\".session"
}
cookies  : {
    "SESSION": "YThmYThlNmMtNTZkNy00ZjEwLTkxMzUtODRjNTc3MWZhNDEy"
}
body     : None

2023-06-16 14:32:47.529 | DEBUG    | httprunner.client:log_print:40 - 
================== response details ==================
status_code : 200
headers  : {
    "Server": "nginx",
    "Date": "Fri, 16 Jun 2023 06:32:47 GMT",
    "Content-Type": "application/json;charset=UTF-8",
    "Transfer-Encoding": "chunked",
    "X-Frame-Options": "SAMEORIGIN",
    "Connection": "keep-alive"
}
cookies  : {}
encoding : UTF-8
content_type : application/json;charset=UTF-8
body     : {
    "message": "success",
    "status": 1,
    "data": {
        "nbmsEntApplyPO": {
            "id": 1207,
            "createDate": "2023-06-16 14:32:47",
            "updateDate": "2023-06-16 14:32:47",
            "applyType": null,
            "entGeneralId": null,
            "applyStep": 2,
            "isSubmit": 0,
            "entPrefix": "88.408.866850994",
            "firstAuditStatus": null,
            "firstAuditMsg": null,
            "thirdServiceStatus": null,
            "thirdServiceMsg": null,
            "userName": "Uq6uiua6inTju8mx9W73S9jvobFgNReD",
            "finalAuditStatus": null,
            "finalAuditMsg": null,
            "svtrid": null,
            "cltrid": null,
            "userId": 1431,
            "orgName": "Uq6uiua6inTju8mx9W73S9jvobFgNReD",
            "orgNature": "1",
            "orgAddrProvince": "110000",
            "orgAddrCity": "110100",
            "orgAddrCounty": "110101",
            "orgAddr": "致真",
            "orgCrtType": "1",
            "orgCrtCode": "Uq6uiua6inTju8mx9W73S9jvobFgNReD",
            "legalName": "张三",
            "legalCrtType": "1",
            "legalCrtNo": "12505619780630195X",
            "orgDesc": null,
            "industryCategory": "A",
            "industrySpecific": "01",
            "contactName": "Uq6uiua6inTju8mx9W73S9jvobFgNReD",
            "contactPhone": "11375375465",
            "contactCrtType": 1,
            "contactCrtNo": "12505619780630195X",
            "contactEmail": "FEEO5pTYaDgt7iGd@qaqseq.com",
            "website": null,
            "regAuthority": null,
            "regCapital": null,
            "establishDate": null,
            "periodValidity": null,
            "legalEmail": null,
            "legalPhone": null,
            "legalFax": null,
            "servSysBuildType": null,
            "servSysBuildName": null,
            "servSysOperType": null,
            "servSysOperName": null,
            "dataHostingOrg": null,
            "servHostingOrg": null,
            "regRealNaImpType": null,
            "regRealNaImpName": null,
            "idRegNaImp": null,
            "extWebName": null,
            "extDomain": null,
            "extIpAddr": null,
            "orgCrtImgRid": 2348,
            "contactCrtFrontImgRid": 2349,
            "contactCrtBackImgRid": 2350,
            "legalCrtFrontImgRid": 2349,
            "legalCrtBackImgRid": 2350,
            "servSysBuildContractFileRid": null,
            "servSysOperContractFileRid": null,
            "dataHostingContractFileRid": null,
            "servHostingContractFileRid": null,
            "entInfoLicenses": [],
            "entInfoSyss": [],
            "entInfoSerIndustrys": [],
            "escrowId": null,
            "industryQualificationRid": null,
            "certificationRid": null,
            "openingBank": null,
            "bankCard": null,
            "verificationName": null,
            "orgNatureDesc": "国有控股",
            "orgCrtImgContent": null,
            "orgCategorySpecificDesc": "农、林、牧、渔业-农业",
            "orgAddrProvinceDesc": "北京市",
            "orgAddrCountyDesc": "东城区",
            "orgAddrCityDesc": "市辖区",
            "legalCrtTypeDesc": "中国居民身份证",
            "legalCrtFrontImgContent": null,
            "legalCrtBackImgContent": null,
            "orgCrtImgPath": "a1336f1b-72c1-4253-bea1-d5f13d096724.jpeg",
            "contactCrtFrontImgPath": "42c29d6e-4453-4c75-abf4-a637dda0b01a.jpeg",
            "contactCrtBackImgPath": "42358989-2079-439c-9a4a-e5ccc532b3a8.jpeg",
            "legalCrtFrontImgPath": "42c29d6e-4453-4c75-abf4-a637dda0b01a.jpeg",
            "legalCrtBackImgPath": "42358989-2079-439c-9a4a-e5ccc532b3a8.jpeg",
            "servSysBuildContractFilePath": null,
            "servSysOperContractFilePath": null,
            "dataHostingContractFilePath": null,
            "servHostingContractFilePath": null,
            "industryQualificationFilePath": null,
            "certificationFilePath": null,
            "escrowOrgName": null
        },
        "nbmsEntPO": null,
        "nbmsEntPrefixApplyPO": null,
        "needRelog": null,
        "applyStatus": 0
    }
}

2023-06-16 14:32:47.530 | INFO     | httprunner.client:request:217 - status_code: 200, response_time(ms): 78.02 ms, response_length: 0 bytes
2023-06-16 14:32:47.532 | INFO     | httprunner.response:extract:179 - extract mapping: {'applyId': 1207, 'userId': 1431, 'userName': 'Uq6uiua6inTju8mx9W73S9jvobFgNReD', 'imgId_f': 2349, 'imgId_b': 2350, 'entId': None, 'entUserId': None, 'prefix': '88.408.866850994', 'contactCrtNo': '12505619780630195X', 'contactCrtType': 1, 'contactEmail': 'FEEO5pTYaDgt7iGd@qaqseq.com', 'contactName': 'Uq6uiua6inTju8mx9W73S9jvobFgNReD', 'contactPhone': '11375375465', 'industryCategory': 'A', 'industrySpecific': '01', 'orgName': 'Uq6uiua6inTju8mx9W73S9jvobFgNReD', 'orgNature': '1', 'orgAddrProvince': '110000', 'orgAddrCity': '110100', 'orgAddrCounty': '110101', 'orgAddr': '致真', 'orgCrtType': '1', 'orgCrtCode': 'Uq6uiua6inTju8mx9W73S9jvobFgNReD', 'legalName': '张三', 'legalEmail': None, 'legalPhone': None, 'legalCrtType': '1', 'legalCrtNo': '12505619780630195X', 'legalCrtFrontImgRid': 2349, 'legalCrtBackImgRid': 2350, 'orgCrtImgRid': 2348, 'imgId': 2348, 'orgNatureDesc': '国有控股', 'orgCategorySpecificDesc': '农、林、牧、渔业-农业', 'orgAddrProvinceDesc': '北京市', 'orgAddrCountyDesc': '东城区', 'orgAddrCityDesc': '市辖区', 'legalCrtTypeDesc': '中国居民身份证', 'createDate': '2023-06-16 14:32:47', 'updateDate': '2023-06-16 14:32:47', 'entInfoSyss_0_id': None, 'entInfoSyss_0_entApplyId': None, 'entApplyId': None, 'entInfoSyss_0_sysType': None, 'entInfoSyss_0_deployMode': None, 'entInfoSyss_0_deployAddr': None, 'entInfoSyss_0_deployAddrProvince': None, 'entInfoSyss_0_deployAddrCity': None, 'entInfoSyss_0_deployAddrCounty': None, 'entInfoSyss_1_id': None, 'entInfoSyss_1_entApplyId': None, 'entInfoSyss_1_sysType': None, 'entInfoSyss_1_deployMode': None, 'entInfoSyss_1_deployAddr': None, 'entInfoSyss_1_deployAddrProvince': None, 'entInfoSyss_1_deployAddrCity': None, 'entInfoSyss_1_deployAddrCounty': None, 'entInfoSyss_2_id': None, 'entInfoSyss_2_entApplyId': None, 'entInfoSyss_2_sysType': None, 'entInfoSyss_2_deployMode': None, 'entInfoSyss_2_deployAddr': None, 'entInfoSyss_2_deployAddrProvince': None, 'entInfoSyss_2_deployAddrCity': None, 'entInfoSyss_2_deployAddrCounty': None, 'entInfoSyss_3_id': None, 'entInfoSyss_3_entApplyId': None, 'entInfoSyss_3_sysType': None, 'entInfoSyss_3_deployMode': None, 'entInfoSyss_3_deployAddr': None, 'entInfoSyss_3_deployAddrProvince': None, 'entInfoSyss_3_deployAddrCity': None, 'entInfoSyss_3_deployAddrCounty': None}
2023-06-16 14:32:47.533 | INFO     | httprunner.response:validate:249 - assert status_code equal 200(int)	==> pass
2023-06-16 14:32:47.533 | INFO     | httprunner.response:validate:249 - assert body.message equal success(str)	==> pass
2023-06-16 14:32:47.533 | INFO     | httprunner.runner:__run_step:304 - run step end: 企业注册查询注册信息 <<<<<<

2023-06-16 14:32:47.533 | INFO     | httprunner.runner:__run_step_testcase:286 - export variables: {'entInfoSyss_2_deployAddrCity': None, 'imgId': 2348, 'entInfoSyss_3_deployMode': None, 'orgAddrProvince': '110000', 'entInfoSyss_1_deployAddrProvince': None, 'entInfoSyss_3_entApplyId': None, 'entInfoSyss_0_deployAddrProvince': None, 'entInfoSyss_0_deployAddrCounty': None, 'entUserId': None, 'contactName': 'Uq6uiua6inTju8mx9W73S9jvobFgNReD', 'orgAddrCounty': '110101', 'applyId': 1207, 'imgId_b': 2350, 'contactCrtType': 1, 'entInfoSyss_2_entApplyId': None, 'entInfoSyss_2_sysType': None, 'createDate': '2023-06-16 14:32:47', 'entInfoSyss_0_entApplyId': None, 'entInfoSyss_3_deployAddrCity': None, 'entInfoSyss_3_deployAddrProvince': None, 'imgId_f': 2349, 'legalName': '张三', 'entInfoSyss_0_id': None, 'industrySpecific': '01', 'entInfoSyss_0_deployMode': None, 'entInfoSyss_0_deployAddrCity': None, 'legalCrtFrontImgRid': 2349, 'userId': 1431, 'entInfoSyss_2_deployAddr': None, 'entInfoSyss_2_deployAddrCounty': None, 'orgCrtCode': 'Uq6uiua6inTju8mx9W73S9jvobFgNReD', 'orgName': 'Uq6uiua6inTju8mx9W73S9jvobFgNReD', 'contactPhone': '11375375465', 'entInfoSyss_1_deployAddr': None, 'orgCategorySpecificDesc': '农、林、牧、渔业-农业', 'orgAddr': '致真', 'entInfoSyss_2_deployMode': None, 'entInfoSyss_2_deployAddrProvince': None, 'orgAddrCountyDesc': '东城区', 'entInfoSyss_3_id': None, 'legalEmail': None, 'contactEmail': 'FEEO5pTYaDgt7iGd@qaqseq.com', 'entId': None, 'legalCrtBackImgRid': 2350, 'orgNatureDesc': '国有控股', 'entInfoSyss_3_sysType': None, 'orgAddrCity': '110100', 'legalPhone': None, 'updateDate': '2023-06-16 14:32:47', 'entInfoSyss_1_sysType': None, 'orgNature': '1', 'orgAddrProvinceDesc': '北京市', 'entInfoSyss_3_deployAddrCounty': None, 'entInfoSyss_0_sysType': None, 'prefix': '88.408.866850994', 'entInfoSyss_1_deployAddrCounty': None, 'orgCrtType': '1', 'entInfoSyss_1_entApplyId': None, 'entApplyId': None, 'orgAddrCityDesc': '市辖区', 'entInfoSyss_0_deployAddr': None, 'entInfoSyss_3_deployAddr': None, 'entInfoSyss_1_deployAddrCity': None, 'legalCrtTypeDesc': '中国居民身份证', 'entInfoSyss_2_id': None, 'contactCrtNo': '12505619780630195X', 'legalCrtType': '1', 'industryCategory': 'A', 'entInfoSyss_1_id': None, 'legalCrtNo': '12505619780630195X', 'entInfoSyss_1_deployMode': None, 'orgCrtImgRid': 2348, 'userName': 'Uq6uiua6inTju8mx9W73S9jvobFgNReD'}
2023-06-16 14:32:47.533 | INFO     | httprunner.runner:__run_step:304 - run step end: 企业注册查询注册信息 <<<<<<

2023-06-16 14:32:47.533 | INFO     | httprunner.runner:__run_step:292 - run step begin: 企业注册第二步提交信息 >>>>>>
2023-06-16 14:32:47.533 | INFO     | httprunner.runner:__run_step:292 - run step begin: 企业注册第二步提交信息 >>>>>>
2023-06-16 14:32:47.604 | DEBUG    | httprunner.client:request:186 - client IP: 127.0.0.1, Port: 65214
2023-06-16 14:32:47.604 | DEBUG    | httprunner.client:request:194 - server IP: 127.0.0.1, Port: 8888
2023-06-16 14:32:47.606 | DEBUG    | httprunner.client:log_print:40 - 
================== request details ==================
method   : POST
url      : http://139.198.116.76:8000/api/v3/entApply/registerManageInfo
headers  : {
    "User-Agent": "Mozilla/5.0 (Macintosh; Intel Mac OS X 10_15_7) AppleWebKit/537.36 (KHTML, like Gecko) Chrome/105.0.0.0 Safari/537.36",
    "Accept-Encoding": "gzip, deflate",
    "Accept": "application/json, text/plain, */*",
    "Connection": "keep-alive",
    "Accept-Language": "zh-CN,zh;q=0.9",
    "Content-Type": "application/json;charset=UTF-8",
    "X-HTTP-Method-Override": "put",
    "HRUN-Request-ID": "HRUN-5d540767-c8bf-401c-ad70-2ae4b7da0ded-167534",
    "Cookie": "SESSION=YThmYThlNmMtNTZkNy00ZjEwLTkxMzUtODRjNTc3MWZhNDEy; SESSION=response.headers.\"Set-Cookie\".session",
    "Content-Length": "3279"
}
cookies  : {
    "SESSION": "YThmYThlNmMtNTZkNy00ZjEwLTkxMzUtODRjNTc3MWZhNDEy"
}
body     : {
    "applyStep": 3,
    "applyType": null,
    "cltrid": null,
    "contactCrtBackImgPath": null,
    "contactCrtBackImgRid": 2350,
    "contactCrtFrontImgPath": null,
    "contactCrtFrontImgRid": 2349,
    "contactCrtNo": "12505619780630195X",
    "contactCrtType": 1,
    "contactEmail": "FEEO5pTYaDgt7iGd@qaqseq.com",
    "contactName": "Uq6uiua6inTju8mx9W73S9jvobFgNReD",
    "contactPhone": "11375375465",
    "createDate": "2023-06-16 14:32:47",
    "dataHostingContractFilePath": null,
    "dataHostingContractFileRid": null,
    "dataHostingOrg": null,
    "entGeneralId": null,
    "entInfoLicenses": [],
    "entInfoSerIndustrys": [],
    "entInfoSyss": [
        {
            "deployAddr": "致真",
            "deployAddrCity": "110100",
            "deployAddrCounty": "110101",
            "deployAddrProvince": "110000",
            "deployMode": 1,
            "ipPort": null,
            "name": null,
            "sysType": 1
        },
        {
            "deployAddr": "致真",
            "deployAddrCity": "110100",
            "deployAddrCounty": "110101",
            "deployAddrProvince": "110000",
            "deployMode": 1,
            "ipPort": null,
            "name": null,
            "sysType": 2
        },
        {
            "deployAddr": "天津",
            "deployAddrCity": "120100",
            "deployAddrCounty": "120101",
            "deployAddrProvince": "120000",
            "deployMode": 1,
            "ipPort": null,
            "name": null,
            "sysType": 3
        },
        {
            "deployAddr": "天津",
            "deployAddrCity": "120100",
            "deployAddrCounty": "120101",
            "deployAddrProvince": "120000",
            "deployMode": 1,
            "ipPort": null,
            "name": null,
            "sysType": 4
        }
    ],
    "entPrefix": "88.408.866850994",
    "escrowId": null,
    "escrowOrgName": null,
    "establishDate": null,
    "extDomain": null,
    "extIpAddr": null,
    "extWebName": null,
    "finalAuditMsg": null,
    "finalAuditStatus": null,
    "firstAuditMsg": null,
    "firstAuditStatus": null,
    "id": 1207,
    "idRegNaImp": null,
    "industryCategory": "A",
    "industrySpecific": "01",
    "isSubmit": 0,
    "legalCrtBackImgContent": null,
    "legalCrtBackImgPath": null,
    "legalCrtBackImgRid": 2350,
    "legalCrtFrontImgContent": null,
    "legalCrtFrontImgPath": null,
    "legalCrtFrontImgRid": 2349,
    "legalCrtNo": "12505619780630195X",
    "legalCrtType": "1",
    "legalCrtTypeDesc": "中国居民身份证",
    "legalEmail": null,
    "legalFax": null,
    "legalName": "张三",
    "legalPhone": null,
    "orgAddr": "致真",
    "orgAddrCity": "110100",
    "orgAddrCityDesc": "市辖区",
    "orgAddrCounty": "110101",
    "orgAddrCountyDesc": "东城区",
    "orgAddrProvince": "110000",
    "orgAddrProvinceDesc": "北京市",
    "orgCategorySpecificDesc": "农、林、牧、渔业-农业",
    "orgCrtCode": "Uq6uiua6inTju8mx9W73S9jvobFgNReD",
    "orgCrtImgContent": null,
    "orgCrtImgPath": null,
    "orgCrtImgRid": 2348,
    "orgCrtType": "1",
    "orgDesc": null,
    "orgName": "Uq6uiua6inTju8mx9W73S9jvobFgNReD",
    "orgNature": "1",
    "orgNatureDesc": "1",
    "periodValidity": null,
    "regAuthority": null,
    "regCapital": null,
    "regRealNaImpName": null,
    "regRealNaImpType": null,
    "servHostingContractFilePath": null,
    "servHostingContractFileRid": null,
    "servHostingOrg": null,
    "servSysBuildContractFilePath": null,
    "servSysBuildContractFileRid": null,
    "servSysBuildName": null,
    "servSysBuildType": 1,
    "servSysOperContractFilePath": null,
    "servSysOperContractFileRid": null,
    "servSysOperName": null,
    "servSysOperType": 1,
    "svtrid": null,
    "thirdServiceMsg": null,
    "thirdServiceStatus": null,
    "updateDate": "2023-06-16 14:32:47",
    "userId": 1431,
    "userName": "Uq6uiua6inTju8mx9W73S9jvobFgNReD",
    "website": null
}

2023-06-16 14:32:47.607 | DEBUG    | httprunner.client:log_print:40 - 
================== response details ==================
status_code : 200
headers  : {
    "Server": "nginx",
    "Date": "Fri, 16 Jun 2023 06:32:47 GMT",
    "Content-Type": "application/json;charset=UTF-8",
    "Transfer-Encoding": "chunked",
    "X-Frame-Options": "SAMEORIGIN",
    "Connection": "keep-alive"
}
cookies  : {}
encoding : UTF-8
content_type : application/json;charset=UTF-8
body     : {
    "message": "success",
    "status": 1,
    "data": true
}

2023-06-16 14:32:47.607 | INFO     | httprunner.client:request:217 - status_code: 200, response_time(ms): 69.76 ms, response_length: 0 bytes
2023-06-16 14:32:47.607 | INFO     | httprunner.response:validate:249 - assert status_code equal 200(int)	==> pass
2023-06-16 14:32:47.607 | INFO     | httprunner.response:validate:249 - assert body.message equal success(str)	==> pass
2023-06-16 14:32:47.607 | INFO     | httprunner.runner:__run_step:304 - run step end: 企业注册第二步提交信息 <<<<<<

2023-06-16 14:32:47.608 | INFO     | httprunner.runner:__run_step:304 - run step end: 企业注册第二步提交信息 <<<<<<

2023-06-16 14:32:47.608 | INFO     | httprunner.runner:__run_step:292 - run step begin: 企业注册查询注册信息 >>>>>>
2023-06-16 14:32:47.608 | INFO     | httprunner.runner:__run_step:292 - run step begin: 企业注册查询注册信息 >>>>>>
2023-06-16 14:32:47.689 | DEBUG    | httprunner.client:request:186 - client IP: 127.0.0.1, Port: 65214
2023-06-16 14:32:47.690 | DEBUG    | httprunner.client:request:194 - server IP: 127.0.0.1, Port: 8888
2023-06-16 14:32:47.690 | DEBUG    | httprunner.client:log_print:40 - 
================== request details ==================
method   : GET
url      : http://139.198.116.76:8000/api/v3/entApply/applyOrNot
headers  : {
    "User-Agent": "Mozilla/5.0 (Macintosh; Intel Mac OS X 10_15_7) AppleWebKit/537.36 (KHTML, like Gecko) Chrome/105.0.0.0 Safari/537.36",
    "Accept-Encoding": "gzip, deflate",
    "Accept": "application/json, text/plain, */*",
    "Connection": "keep-alive",
    "Accept-Language": "zh-CN,zh;q=0.9",
    "HRUN-Request-ID": "HRUN-5d540767-c8bf-401c-ad70-2ae4b7da0ded-167608",
    "Cookie": "SESSION=YThmYThlNmMtNTZkNy00ZjEwLTkxMzUtODRjNTc3MWZhNDEy; SESSION=response.headers.\"Set-Cookie\".session"
}
cookies  : {
    "SESSION": "YThmYThlNmMtNTZkNy00ZjEwLTkxMzUtODRjNTc3MWZhNDEy"
}
body     : None

2023-06-16 14:32:47.693 | DEBUG    | httprunner.client:log_print:40 - 
================== response details ==================
status_code : 200
headers  : {
    "Server": "nginx",
    "Date": "Fri, 16 Jun 2023 06:32:47 GMT",
    "Content-Type": "application/json;charset=UTF-8",
    "Transfer-Encoding": "chunked",
    "X-Frame-Options": "SAMEORIGIN",
    "Connection": "keep-alive"
}
cookies  : {}
encoding : UTF-8
content_type : application/json;charset=UTF-8
body     : {
    "message": "success",
    "status": 1,
    "data": {
        "nbmsEntApplyPO": {
            "id": 1207,
            "createDate": "2023-06-16 14:32:47",
            "updateDate": "2023-06-16 14:32:48",
            "applyType": null,
            "entGeneralId": null,
            "applyStep": 3,
            "isSubmit": 0,
            "entPrefix": "88.408.866850994",
            "firstAuditStatus": null,
            "firstAuditMsg": null,
            "thirdServiceStatus": null,
            "thirdServiceMsg": null,
            "userName": "Uq6uiua6inTju8mx9W73S9jvobFgNReD",
            "finalAuditStatus": null,
            "finalAuditMsg": null,
            "svtrid": null,
            "cltrid": null,
            "userId": 1431,
            "orgName": "Uq6uiua6inTju8mx9W73S9jvobFgNReD",
            "orgNature": "1",
            "orgAddrProvince": "110000",
            "orgAddrCity": "110100",
            "orgAddrCounty": "110101",
            "orgAddr": "致真",
            "orgCrtType": "1",
            "orgCrtCode": "Uq6uiua6inTju8mx9W73S9jvobFgNReD",
            "legalName": "张三",
            "legalCrtType": "1",
            "legalCrtNo": "12505619780630195X",
            "orgDesc": null,
            "industryCategory": "A",
            "industrySpecific": "01",
            "contactName": "Uq6uiua6inTju8mx9W73S9jvobFgNReD",
            "contactPhone": "11375375465",
            "contactCrtType": 1,
            "contactCrtNo": "12505619780630195X",
            "contactEmail": "FEEO5pTYaDgt7iGd@qaqseq.com",
            "website": null,
            "regAuthority": null,
            "regCapital": null,
            "establishDate": null,
            "periodValidity": null,
            "legalEmail": null,
            "legalPhone": null,
            "legalFax": null,
            "servSysBuildType": 1,
            "servSysBuildName": null,
            "servSysOperType": 1,
            "servSysOperName": null,
            "dataHostingOrg": null,
            "servHostingOrg": null,
            "regRealNaImpType": null,
            "regRealNaImpName": null,
            "idRegNaImp": null,
            "extWebName": null,
            "extDomain": null,
            "extIpAddr": null,
            "orgCrtImgRid": 2348,
            "contactCrtFrontImgRid": 2349,
            "contactCrtBackImgRid": 2350,
            "legalCrtFrontImgRid": 2349,
            "legalCrtBackImgRid": 2350,
            "servSysBuildContractFileRid": null,
            "servSysOperContractFileRid": null,
            "dataHostingContractFileRid": null,
            "servHostingContractFileRid": null,
            "entInfoLicenses": [],
            "entInfoSyss": [
                {
                    "id": 2573,
                    "entApplyId": 1207,
                    "sysType": 1,
                    "deployMode": 1,
                    "deployAddr": "致真",
                    "deployAddrProvince": "110000",
                    "deployAddrCity": "110100",
                    "deployAddrCounty": "110101",
                    "name": null,
                    "ipPort": null
                },
                {
                    "id": 2574,
                    "entApplyId": 1207,
                    "sysType": 2,
                    "deployMode": 1,
                    "deployAddr": "致真",
                    "deployAddrProvince": "110000",
                    "deployAddrCity": "110100",
                    "deployAddrCounty": "110101",
                    "name": null,
                    "ipPort": null
                },
                {
                    "id": 2575,
                    "entApplyId": 1207,
                    "sysType": 3,
                    "deployMode": 1,
                    "deployAddr": "天津",
                    "deployAddrProvince": "120000",
                    "deployAddrCity": "120100",
                    "deployAddrCounty": "120101",
                    "name": null,
                    "ipPort": null
                },
                {
                    "id": 2576,
                    "entApplyId": 1207,
                    "sysType": 4,
                    "deployMode": 1,
                    "deployAddr": "天津",
                    "deployAddrProvince": "120000",
                    "deployAddrCity": "120100",
                    "deployAddrCounty": "120101",
                    "name": null,
                    "ipPort": null
                }
            ],
            "entInfoSerIndustrys": [],
            "escrowId": null,
            "industryQualificationRid": null,
            "certificationRid": null,
            "openingBank": null,
            "bankCard": null,
            "verificationName": null,
            "orgNatureDesc": "国有控股",
            "orgCrtImgContent": null,
            "orgCategorySpecificDesc": "农、林、牧、渔业-农业",
            "orgAddrProvinceDesc": "北京市",
            "orgAddrCountyDesc": "东城区",
            "orgAddrCityDesc": "市辖区",
            "legalCrtTypeDesc": "中国居民身份证",
            "legalCrtFrontImgContent": null,
            "legalCrtBackImgContent": null,
            "orgCrtImgPath": "a1336f1b-72c1-4253-bea1-d5f13d096724.jpeg",
            "contactCrtFrontImgPath": "42c29d6e-4453-4c75-abf4-a637dda0b01a.jpeg",
            "contactCrtBackImgPath": "42358989-2079-439c-9a4a-e5ccc532b3a8.jpeg",
            "legalCrtFrontImgPath": "42c29d6e-4453-4c75-abf4-a637dda0b01a.jpeg",
            "legalCrtBackImgPath": "42358989-2079-439c-9a4a-e5ccc532b3a8.jpeg",
            "servSysBuildContractFilePath": null,
            "servSysOperContractFilePath": null,
            "dataHostingContractFilePath": null,
            "servHostingContractFilePath": null,
            "industryQualificationFilePath": null,
            "certificationFilePath": null,
            "escrowOrgName": null
        },
        "nbmsEntPO": null,
        "nbmsEntPrefixApplyPO": null,
        "needRelog": null,
        "applyStatus": 0
    }
}

2023-06-16 14:32:47.693 | INFO     | httprunner.client:request:217 - status_code: 200, response_time(ms): 80.55 ms, response_length: 0 bytes
2023-06-16 14:32:47.693 | INFO     | httprunner.response:extract:179 - extract mapping: {'applyId': 1207, 'userId': 1431, 'userName': 'Uq6uiua6inTju8mx9W73S9jvobFgNReD', 'imgId_f': 2349, 'imgId_b': 2350, 'entId': None, 'entUserId': None, 'prefix': '88.408.866850994', 'contactCrtNo': '12505619780630195X', 'contactCrtType': 1, 'contactEmail': 'FEEO5pTYaDgt7iGd@qaqseq.com', 'contactName': 'Uq6uiua6inTju8mx9W73S9jvobFgNReD', 'contactPhone': '11375375465', 'industryCategory': 'A', 'industrySpecific': '01', 'orgName': 'Uq6uiua6inTju8mx9W73S9jvobFgNReD', 'orgNature': '1', 'orgAddrProvince': '110000', 'orgAddrCity': '110100', 'orgAddrCounty': '110101', 'orgAddr': '致真', 'orgCrtType': '1', 'orgCrtCode': 'Uq6uiua6inTju8mx9W73S9jvobFgNReD', 'legalName': '张三', 'legalEmail': None, 'legalPhone': None, 'legalCrtType': '1', 'legalCrtNo': '12505619780630195X', 'legalCrtFrontImgRid': 2349, 'legalCrtBackImgRid': 2350, 'orgCrtImgRid': 2348, 'imgId': 2348, 'orgNatureDesc': '国有控股', 'orgCategorySpecificDesc': '农、林、牧、渔业-农业', 'orgAddrProvinceDesc': '北京市', 'orgAddrCountyDesc': '东城区', 'orgAddrCityDesc': '市辖区', 'legalCrtTypeDesc': '中国居民身份证', 'createDate': '2023-06-16 14:32:47', 'updateDate': '2023-06-16 14:32:48', 'entInfoSyss_0_id': 2573, 'entInfoSyss_0_entApplyId': 1207, 'entApplyId': 1207, 'entInfoSyss_0_sysType': 1, 'entInfoSyss_0_deployMode': 1, 'entInfoSyss_0_deployAddr': '致真', 'entInfoSyss_0_deployAddrProvince': '110000', 'entInfoSyss_0_deployAddrCity': '110100', 'entInfoSyss_0_deployAddrCounty': '110101', 'entInfoSyss_1_id': 2574, 'entInfoSyss_1_entApplyId': 1207, 'entInfoSyss_1_sysType': 2, 'entInfoSyss_1_deployMode': 1, 'entInfoSyss_1_deployAddr': '致真', 'entInfoSyss_1_deployAddrProvince': '110000', 'entInfoSyss_1_deployAddrCity': '110100', 'entInfoSyss_1_deployAddrCounty': '110101', 'entInfoSyss_2_id': 2575, 'entInfoSyss_2_entApplyId': 1207, 'entInfoSyss_2_sysType': 3, 'entInfoSyss_2_deployMode': 1, 'entInfoSyss_2_deployAddr': '天津', 'entInfoSyss_2_deployAddrProvince': '120000', 'entInfoSyss_2_deployAddrCity': '120100', 'entInfoSyss_2_deployAddrCounty': '120101', 'entInfoSyss_3_id': 2576, 'entInfoSyss_3_entApplyId': 1207, 'entInfoSyss_3_sysType': 4, 'entInfoSyss_3_deployMode': 1, 'entInfoSyss_3_deployAddr': '天津', 'entInfoSyss_3_deployAddrProvince': '120000', 'entInfoSyss_3_deployAddrCity': '120100', 'entInfoSyss_3_deployAddrCounty': '120101'}
2023-06-16 14:32:47.693 | INFO     | httprunner.response:validate:249 - assert status_code equal 200(int)	==> pass
2023-06-16 14:32:47.693 | INFO     | httprunner.response:validate:249 - assert body.message equal success(str)	==> pass
2023-06-16 14:32:47.693 | INFO     | httprunner.runner:__run_step:304 - run step end: 企业注册查询注册信息 <<<<<<

2023-06-16 14:32:47.694 | INFO     | httprunner.runner:__run_step_testcase:286 - export variables: {'entInfoSyss_2_deployAddrCity': '120100', 'imgId': 2348, 'entInfoSyss_3_deployMode': 1, 'orgAddrProvince': '110000', 'entInfoSyss_1_deployAddrProvince': '110000', 'entInfoSyss_3_entApplyId': 1207, 'entInfoSyss_0_deployAddrProvince': '110000', 'entInfoSyss_0_deployAddrCounty': '110101', 'entUserId': None, 'contactName': 'Uq6uiua6inTju8mx9W73S9jvobFgNReD', 'orgAddrCounty': '110101', 'applyId': 1207, 'imgId_b': 2350, 'contactCrtType': 1, 'entInfoSyss_2_entApplyId': 1207, 'entInfoSyss_2_sysType': 3, 'createDate': '2023-06-16 14:32:47', 'entInfoSyss_0_entApplyId': 1207, 'entInfoSyss_3_deployAddrCity': '120100', 'entInfoSyss_3_deployAddrProvince': '120000', 'imgId_f': 2349, 'legalName': '张三', 'entInfoSyss_0_id': 2573, 'industrySpecific': '01', 'entInfoSyss_0_deployMode': 1, 'entInfoSyss_0_deployAddrCity': '110100', 'legalCrtFrontImgRid': 2349, 'userId': 1431, 'entInfoSyss_2_deployAddr': '天津', 'entInfoSyss_2_deployAddrCounty': '120101', 'orgCrtCode': 'Uq6uiua6inTju8mx9W73S9jvobFgNReD', 'orgName': 'Uq6uiua6inTju8mx9W73S9jvobFgNReD', 'contactPhone': '11375375465', 'entInfoSyss_1_deployAddr': '致真', 'orgCategorySpecificDesc': '农、林、牧、渔业-农业', 'orgAddr': '致真', 'entInfoSyss_2_deployMode': 1, 'entInfoSyss_2_deployAddrProvince': '120000', 'orgAddrCountyDesc': '东城区', 'entInfoSyss_3_id': 2576, 'legalEmail': None, 'contactEmail': 'FEEO5pTYaDgt7iGd@qaqseq.com', 'entId': None, 'legalCrtBackImgRid': 2350, 'orgNatureDesc': '国有控股', 'entInfoSyss_3_sysType': 4, 'orgAddrCity': '110100', 'legalPhone': None, 'updateDate': '2023-06-16 14:32:48', 'entInfoSyss_1_sysType': 2, 'orgNature': '1', 'orgAddrProvinceDesc': '北京市', 'entInfoSyss_3_deployAddrCounty': '120101', 'entInfoSyss_0_sysType': 1, 'prefix': '88.408.866850994', 'entInfoSyss_1_deployAddrCounty': '110101', 'orgCrtType': '1', 'entInfoSyss_1_entApplyId': 1207, 'entApplyId': 1207, 'orgAddrCityDesc': '市辖区', 'entInfoSyss_0_deployAddr': '致真', 'entInfoSyss_3_deployAddr': '天津', 'entInfoSyss_1_deployAddrCity': '110100', 'legalCrtTypeDesc': '中国居民身份证', 'entInfoSyss_2_id': 2575, 'contactCrtNo': '12505619780630195X', 'legalCrtType': '1', 'industryCategory': 'A', 'entInfoSyss_1_id': 2574, 'legalCrtNo': '12505619780630195X', 'entInfoSyss_1_deployMode': 1, 'orgCrtImgRid': 2348, 'userName': 'Uq6uiua6inTju8mx9W73S9jvobFgNReD'}
2023-06-16 14:32:47.694 | INFO     | httprunner.runner:__run_step:304 - run step end: 企业注册查询注册信息 <<<<<<

2023-06-16 14:32:47.694 | INFO     | httprunner.runner:__run_step:292 - run step begin: 企业注册最终第三步提交信息 >>>>>>
2023-06-16 14:32:47.694 | INFO     | httprunner.runner:__run_step:292 - run step begin: 企业注册最终第三步提交信息 >>>>>>
2023-06-16 14:32:47.865 | DEBUG    | httprunner.client:request:186 - client IP: 127.0.0.1, Port: 65214
2023-06-16 14:32:47.865 | DEBUG    | httprunner.client:request:194 - server IP: 127.0.0.1, Port: 8888
2023-06-16 14:32:47.867 | DEBUG    | httprunner.client:log_print:40 - 
================== request details ==================
method   : POST
url      : http://139.198.116.76:8000/api/v3/entApply/apply
headers  : {
    "User-Agent": "Mozilla/5.0 (Macintosh; Intel Mac OS X 10_15_7) AppleWebKit/537.36 (KHTML, like Gecko) Chrome/105.0.0.0 Safari/537.36",
    "Accept-Encoding": "gzip, deflate",
    "Accept": "application/json, text/plain, */*",
    "Connection": "keep-alive",
    "Accept-Language": "zh-CN,zh;q=0.9",
    "Content-Type": "application/json;charset=UTF-8",
    "HRUN-Request-ID": "HRUN-5d540767-c8bf-401c-ad70-2ae4b7da0ded-167695",
    "Cookie": "SESSION=YThmYThlNmMtNTZkNy00ZjEwLTkxMzUtODRjNTc3MWZhNDEy; SESSION=response.headers.\"Set-Cookie\".session",
    "Content-Length": "3279"
}
cookies  : {
    "SESSION": "YThmYThlNmMtNTZkNy00ZjEwLTkxMzUtODRjNTc3MWZhNDEy"
}
body     : {
    "applyStep": 4,
    "applyType": null,
    "cltrid": null,
    "contactCrtBackImgPath": null,
    "contactCrtBackImgRid": 2350,
    "contactCrtFrontImgPath": null,
    "contactCrtFrontImgRid": 2349,
    "contactCrtNo": "12505619780630195X",
    "contactCrtType": 1,
    "contactEmail": "FEEO5pTYaDgt7iGd@qaqseq.com",
    "contactName": "Uq6uiua6inTju8mx9W73S9jvobFgNReD",
    "contactPhone": "11375375465",
    "createDate": "2023-06-16 14:32:47",
    "dataHostingContractFilePath": null,
    "dataHostingContractFileRid": null,
    "dataHostingOrg": null,
    "entGeneralId": null,
    "entInfoLicenses": [],
    "entInfoSerIndustrys": [],
    "entInfoSyss": [
        {
            "deployAddr": "致真",
            "deployAddrCity": "110100",
            "deployAddrCounty": "110101",
            "deployAddrProvince": "110000",
            "deployMode": 1,
            "ipPort": null,
            "name": null,
            "sysType": 2
        },
        {
            "deployAddr": "致真",
            "deployAddrCity": "110100",
            "deployAddrCounty": "110101",
            "deployAddrProvince": "110000",
            "deployMode": 1,
            "ipPort": null,
            "name": null,
            "sysType": 3
        },
        {
            "deployAddr": "天津",
            "deployAddrCity": "120100",
            "deployAddrCounty": "120101",
            "deployAddrProvince": "120000",
            "deployMode": 1,
            "ipPort": null,
            "name": null,
            "sysType": 4
        },
        {
            "deployAddr": "天津",
            "deployAddrCity": "120100",
            "deployAddrCounty": "120101",
            "deployAddrProvince": "120000",
            "deployMode": 1,
            "ipPort": null,
            "name": null,
            "sysType": 4
        }
    ],
    "entPrefix": "88.408.866850994",
    "escrowId": null,
    "escrowOrgName": null,
    "establishDate": null,
    "extDomain": null,
    "extIpAddr": null,
    "extWebName": null,
    "finalAuditMsg": null,
    "finalAuditStatus": null,
    "firstAuditMsg": null,
    "firstAuditStatus": null,
    "id": 1207,
    "idRegNaImp": null,
    "industryCategory": "A",
    "industrySpecific": "01",
    "isSubmit": 0,
    "legalCrtBackImgContent": null,
    "legalCrtBackImgPath": null,
    "legalCrtBackImgRid": 2350,
    "legalCrtFrontImgContent": null,
    "legalCrtFrontImgPath": null,
    "legalCrtFrontImgRid": 2349,
    "legalCrtNo": "12505619780630195X",
    "legalCrtType": "1",
    "legalCrtTypeDesc": "中国居民身份证",
    "legalEmail": null,
    "legalFax": null,
    "legalName": "张三",
    "legalPhone": null,
    "orgAddr": "致真",
    "orgAddrCity": "110100",
    "orgAddrCityDesc": "市辖区",
    "orgAddrCounty": "110101",
    "orgAddrCountyDesc": "东城区",
    "orgAddrProvince": "110000",
    "orgAddrProvinceDesc": "北京市",
    "orgCategorySpecificDesc": "农、林、牧、渔业-农业",
    "orgCrtCode": "Uq6uiua6inTju8mx9W73S9jvobFgNReD",
    "orgCrtImgContent": null,
    "orgCrtImgPath": null,
    "orgCrtImgRid": 2348,
    "orgCrtType": "1",
    "orgDesc": null,
    "orgName": "Uq6uiua6inTju8mx9W73S9jvobFgNReD",
    "orgNature": "1",
    "orgNatureDesc": "1",
    "periodValidity": null,
    "regAuthority": null,
    "regCapital": null,
    "regRealNaImpName": null,
    "regRealNaImpType": null,
    "servHostingContractFilePath": null,
    "servHostingContractFileRid": null,
    "servHostingOrg": null,
    "servSysBuildContractFilePath": null,
    "servSysBuildContractFileRid": null,
    "servSysBuildName": null,
    "servSysBuildType": 1,
    "servSysOperContractFilePath": null,
    "servSysOperContractFileRid": null,
    "servSysOperName": null,
    "servSysOperType": 1,
    "svtrid": null,
    "thirdServiceMsg": null,
    "thirdServiceStatus": null,
    "updateDate": "2023-06-16 14:32:48",
    "userId": 1431,
    "userName": "Uq6uiua6inTju8mx9W73S9jvobFgNReD",
    "website": null
}

2023-06-16 14:32:47.868 | DEBUG    | httprunner.client:log_print:40 - 
================== response details ==================
status_code : 200
headers  : {
    "Server": "nginx",
    "Date": "Fri, 16 Jun 2023 06:32:47 GMT",
    "Content-Type": "application/json;charset=UTF-8",
    "Transfer-Encoding": "chunked",
    "X-Frame-Options": "SAMEORIGIN",
    "Connection": "keep-alive"
}
cookies  : {}
encoding : UTF-8
content_type : application/json;charset=UTF-8
body     : {
    "message": "success",
    "status": 1,
    "data": true
}

2023-06-16 14:32:47.868 | INFO     | httprunner.client:request:217 - status_code: 200, response_time(ms): 170.42 ms, response_length: 0 bytes
2023-06-16 14:32:47.869 | INFO     | httprunner.response:validate:249 - assert status_code equal 200(int)	==> pass
2023-06-16 14:32:47.869 | INFO     | httprunner.response:validate:249 - assert body.message equal success(str)	==> pass
2023-06-16 14:32:47.869 | INFO     | httprunner.runner:__run_step:304 - run step end: 企业注册最终第三步提交信息 <<<<<<

2023-06-16 14:32:47.869 | INFO     | httprunner.runner:__run_step:304 - run step end: 企业注册最终第三步提交信息 <<<<<<

2023-06-16 14:32:47.869 | INFO     | httprunner.runner:__run_step:304 - run step end: 前缀注册 <<<<<<

2023-06-16 14:32:47.869 | INFO     | httprunner.runner:__run_step:292 - run step begin: 登录-管理员 >>>>>>
2023-06-16 14:32:47.869 | INFO     | httprunner.runner:__run_step:292 - run step begin: 登录-企业用户 >>>>>>
2023-06-16 14:32:47.932 | DEBUG    | httprunner.client:request:186 - client IP: 127.0.0.1, Port: 65214
2023-06-16 14:32:47.932 | DEBUG    | httprunner.client:request:194 - server IP: 127.0.0.1, Port: 8888
2023-06-16 14:32:47.932 | DEBUG    | httprunner.client:log_print:40 - 
================== request details ==================
method   : POST
url      : http://139.198.116.76:8000/api/home/test/login
headers  : {
    "User-Agent": "python-requests/2.28.1",
    "Accept-Encoding": "gzip, deflate, br",
    "Accept": "*/*",
    "Connection": "keep-alive",
    "Content-Length": "144",
    "Content-Type": "application/json",
    "HRUN-Request-ID": "HRUN-5d540767-c8bf-401c-ad70-2ae4b7da0ded-167870",
    "Cookie": "SESSION=YThmYThlNmMtNTZkNy00ZjEwLTkxMzUtODRjNTc3MWZhNDEy"
}
cookies  : {
    "SESSION": "YThmYThlNmMtNTZkNy00ZjEwLTkxMzUtODRjNTc3MWZhNDEy"
}
body     : {
    "captcha": "0000",
    "captchaSign": "5d39bab12bba81ab59b3931d2ca06ee9603c3803355932be66974f122cab3502",
    "emailCaptcha": "",
    "username": "adminy"
}

2023-06-16 14:32:47.932 | DEBUG    | httprunner.client:log_print:40 - 
================== response details ==================
status_code : 200
headers  : {
    "Server": "nginx",
    "Date": "Fri, 16 Jun 2023 06:32:47 GMT",
    "Content-Type": "application/json;charset=UTF-8",
    "Transfer-Encoding": "chunked",
    "Set-Cookie": "SESSION=YmVkNTE0NDktZTg2NC00ZGZiLWIwMmItNWE0ZmMzODhhM2Iy; Path=/; HttpOnly; SameSite=Lax",
    "X-Frame-Options": "SAMEORIGIN",
    "Connection": "keep-alive"
}
cookies  : {
    "SESSION": "YmVkNTE0NDktZTg2NC00ZGZiLWIwMmItNWE0ZmMzODhhM2Iy"
}
encoding : UTF-8
content_type : application/json;charset=UTF-8
body     : {
    "message": "success",
    "status": 1,
    "data": true
}

2023-06-16 14:32:47.932 | INFO     | httprunner.client:request:217 - status_code: 200, response_time(ms): 61.89 ms, response_length: 0 bytes
2023-06-16 14:32:47.932 | INFO     | httprunner.response:extract:179 - extract mapping: {'adminSession': 'response.headers."Set-Cookie".session'}
2023-06-16 14:32:47.932 | INFO     | httprunner.response:validate:249 - assert status_code equal 200(int)	==> pass
2023-06-16 14:32:47.932 | INFO     | httprunner.response:validate:249 - assert headers."Content-Type" equal application/json;charset=UTF-8(str)	==> pass
2023-06-16 14:32:47.933 | INFO     | httprunner.response:validate:249 - assert body.message equal success(str)	==> pass
2023-06-16 14:32:47.933 | INFO     | httprunner.response:validate:249 - assert body.status equal 1(int)	==> pass
2023-06-16 14:32:47.933 | INFO     | httprunner.response:validate:249 - assert body.data equal True(bool)	==> pass
2023-06-16 14:32:47.933 | INFO     | httprunner.runner:__run_step:304 - run step end: 登录-企业用户 <<<<<<

2023-06-16 14:32:47.933 | INFO     | httprunner.runner:__run_step_testcase:286 - export variables: {'adminSession': 'response.headers."Set-Cookie".session'}
2023-06-16 14:32:47.933 | INFO     | httprunner.runner:__run_step:304 - run step end: 登录-管理员 <<<<<<

2023-06-16 14:32:47.933 | INFO     | httprunner.runner:__run_step:292 - run step begin: 企业申请中统计 >>>>>>
2023-06-16 14:32:47.933 | INFO     | httprunner.runner:__run_step:292 - run step begin: 首页-数据汇总-企业申请中 >>>>>>
2023-06-16 14:32:47.992 | DEBUG    | httprunner.client:request:186 - client IP: 127.0.0.1, Port: 65214
2023-06-16 14:32:47.992 | DEBUG    | httprunner.client:request:194 - server IP: 127.0.0.1, Port: 8888
2023-06-16 14:32:47.993 | DEBUG    | httprunner.client:log_print:40 - 
================== request details ==================
method   : GET
url      : http://139.198.116.76:8000/api/index/statistics?cache=1663755717060
headers  : {
    "User-Agent": "Mozilla/5.0 (Macintosh; Intel Mac OS X 10_15_7) AppleWebKit/537.36 (KHTML, like Gecko) Chrome/105.0.0.0 Safari/537.36",
    "Accept-Encoding": "gzip, deflate",
    "Accept": "application/json, text/plain, */*",
    "Connection": "keep-alive",
    "Accept-Language": "zh-CN,zh;q=0.9",
    "HRUN-Request-ID": "HRUN-5d540767-c8bf-401c-ad70-2ae4b7da0ded-167933",
    "Cookie": "SESSION=YmVkNTE0NDktZTg2NC00ZGZiLWIwMmItNWE0ZmMzODhhM2Iy; SESSION=response.headers.\"Set-Cookie\".session"
}
cookies  : {
    "SESSION": "YmVkNTE0NDktZTg2NC00ZGZiLWIwMmItNWE0ZmMzODhhM2Iy"
}
body     : None

2023-06-16 14:32:47.994 | DEBUG    | httprunner.client:log_print:40 - 
================== response details ==================
status_code : 200
headers  : {
    "Server": "nginx",
    "Date": "Fri, 16 Jun 2023 06:32:48 GMT",
    "Content-Type": "application/json;charset=UTF-8",
    "Transfer-Encoding": "chunked",
    "X-Frame-Options": "SAMEORIGIN",
    "Connection": "keep-alive"
}
cookies  : {}
encoding : UTF-8
content_type : application/json;charset=UTF-8
body     : {
    "message": "success",
    "status": 1,
    "data": {
        "prefixNum": 422,
        "entNum": 368,
        "applyNum": 223,
        "identityNum": 1922,
        "resolvnum": 274,
        "delnum": 81
    }
}

2023-06-16 14:32:47.994 | INFO     | httprunner.client:request:217 - status_code: 200, response_time(ms): 58.35 ms, response_length: 0 bytes
2023-06-16 14:32:47.995 | INFO     | httprunner.response:validate:249 - assert status_code equal 200(int)	==> pass
2023-06-16 14:32:47.995 | INFO     | httprunner.response:validate:249 - assert headers."Content-Type" equal application/json;charset=UTF-8(str)	==> pass
2023-06-16 14:32:47.995 | INFO     | httprunner.response:validate:249 - assert body.message equal success(str)	==> pass
2023-06-16 14:32:47.995 | INFO     | httprunner.response:validate:249 - assert body.status equal 1(int)	==> pass
2023-06-16 14:32:47.996 | INFO     | httprunner.response:validate:249 - assert body.data.applyNum equal 223(int)	==> pass
2023-06-16 14:32:47.996 | INFO     | httprunner.runner:__run_step:304 - run step end: 首页-数据汇总-企业申请中 <<<<<<

2023-06-16 14:32:47.996 | INFO     | httprunner.runner:__run_step:304 - run step end: 企业申请中统计 <<<<<<

