2023-06-14 10:44:24.040 | INFO     | httprunner.runner:test_start:450 - Start to run testcase: 前缀分配用例集-40,41, TestCase ID: 6a67ead8-8669-4fd1-ae89-406a858da2dc
2023-06-14 10:44:24.041 | INFO     | httprunner.runner:__run_step:292 - run step begin: 用户注册 >>>>>>
2023-06-14 10:44:24.041 | INFO     | httprunner.runner:__run_step:292 - run step begin: 用户注册 >>>>>>
2023-06-14 10:44:24.143 | DEBUG    | httprunner.client:request:186 - client IP: 10.14.148.129, Port: 59378
2023-06-14 10:44:24.143 | DEBUG    | httprunner.client:request:194 - server IP: 139.198.116.76, Port: 8000
2023-06-14 10:44:24.144 | DEBUG    | httprunner.client:log_print:40 - 
================== request details ==================
method   : POST
url      : http://139.198.116.76:8000/api/home/test/registry
headers  : {
    "User-Agent": "Mozilla/5.0 (Windows NT 10.0; WOW64) AppleWebKit/537.36 (KHTML, like Gecko) Chrome/100.0.4896.60 Safari/537.36",
    "Accept-Encoding": "gzip, deflate",
    "Accept": "application/json, text/plain, */*",
    "Connection": "keep-alive",
    "Accept-Language": "zh-CN,zh;q=0.9",
    "HRUN-Request-ID": "HRUN-6a67ead8-8669-4fd1-ae89-406a858da2dc-664041",
    "Content-Length": "187",
    "Content-Type": "application/json"
}
cookies  : {}
body     : {
    "email": "89WtGx0NXN57wSHn@qaqseq.com",
    "mobile": "15863578030",
    "openId": "",
    "openUserName": "",
    "password": "Admin@123",
    "remarks": "",
    "username": "xovpO18s1ZP1JKF6E26Z6LH1mXUes5zS"
}

2023-06-14 10:44:24.146 | DEBUG    | httprunner.client:log_print:40 - 
================== response details ==================
status_code : 200
headers  : {
    "Server": "nginx",
    "Date": "Wed, 14 Jun 2023 02:44:24 GMT",
    "Content-Type": "application/json",
    "Transfer-Encoding": "chunked",
    "Connection": "keep-alive",
    "X-Frame-Options": "SAMEORIGIN"
}
cookies  : {}
encoding : utf-8
content_type : application/json
body     : {
    "message": "success",
    "status": 1,
    "data": true
}

2023-06-14 10:44:24.146 | INFO     | httprunner.client:request:217 - status_code: 200, response_time(ms): 102.07 ms, response_length: 0 bytes
2023-06-14 10:44:24.146 | INFO     | httprunner.response:validate:249 - assert status_code equal 200(int)	==> pass
2023-06-14 10:44:24.146 | INFO     | httprunner.response:validate:249 - assert body.message equal success(str)	==> pass
2023-06-14 10:44:24.146 | INFO     | httprunner.response:validate:249 - assert body.status equal 1(int)	==> pass
2023-06-14 10:44:24.146 | INFO     | httprunner.response:validate:249 - assert body.message contains success(str)	==> pass
2023-06-14 10:44:24.146 | INFO     | httprunner.response:validate:249 - assert body.status contained_by [1, 200](list)	==> pass
2023-06-14 10:44:24.146 | INFO     | httprunner.runner:__run_step:304 - run step end: 用户注册 <<<<<<

2023-06-14 10:44:24.146 | INFO     | httprunner.runner:__run_step:304 - run step end: 用户注册 <<<<<<

2023-06-14 10:44:24.147 | INFO     | httprunner.runner:__run_step:292 - run step begin: 登录-企业 >>>>>>
2023-06-14 10:44:24.147 | INFO     | httprunner.runner:__run_step:292 - run step begin: 登录-企业用户 >>>>>>
2023-06-14 10:44:24.209 | DEBUG    | httprunner.client:request:186 - client IP: 10.14.148.129, Port: 59378
2023-06-14 10:44:24.209 | DEBUG    | httprunner.client:request:194 - server IP: 139.198.116.76, Port: 8000
2023-06-14 10:44:24.210 | DEBUG    | httprunner.client:log_print:40 - 
================== request details ==================
method   : POST
url      : http://139.198.116.76:8000/api/home/test/login
headers  : {
    "User-Agent": "python-requests/2.28.1",
    "Accept-Encoding": "gzip, deflate, br",
    "Accept": "*/*",
    "Connection": "keep-alive",
    "Content-Length": "170",
    "Content-Type": "application/json",
    "HRUN-Request-ID": "HRUN-6a67ead8-8669-4fd1-ae89-406a858da2dc-664147"
}
cookies  : {}
body     : {
    "captcha": "0000",
    "captchaSign": "70c23eb9796490cd18a0b3ad901d12b1b2da68346b4662e3a3d91e7a421bf385",
    "emailCaptcha": "",
    "username": "xovpO18s1ZP1JKF6E26Z6LH1mXUes5zS"
}

2023-06-14 10:44:24.210 | DEBUG    | httprunner.client:log_print:40 - 
================== response details ==================
status_code : 200
headers  : {
    "Server": "nginx",
    "Date": "Wed, 14 Jun 2023 02:44:24 GMT",
    "Content-Type": "application/json;charset=UTF-8",
    "Transfer-Encoding": "chunked",
    "Connection": "keep-alive",
    "Set-Cookie": "SESSION=ZTk0OGY5MmItZTY2MS00ZjBmLTgxYjItMjJjZTFiNDQzYWM0; Path=/; HttpOnly; SameSite=Lax",
    "X-Frame-Options": "SAMEORIGIN"
}
cookies  : {
    "SESSION": "ZTk0OGY5MmItZTY2MS00ZjBmLTgxYjItMjJjZTFiNDQzYWM0"
}
encoding : UTF-8
content_type : application/json;charset=UTF-8
body     : {
    "message": "success",
    "status": 1,
    "data": true
}

2023-06-14 10:44:24.210 | INFO     | httprunner.client:request:217 - status_code: 200, response_time(ms): 62.04 ms, response_length: 0 bytes
2023-06-14 10:44:24.210 | INFO     | httprunner.response:extract:179 - extract mapping: {'entSession': 'response.headers."Set-Cookie".session'}
2023-06-14 10:44:24.210 | INFO     | httprunner.response:validate:249 - assert status_code equal 200(int)	==> pass
2023-06-14 10:44:24.210 | INFO     | httprunner.response:validate:249 - assert headers."Content-Type" equal application/json;charset=UTF-8(str)	==> pass
2023-06-14 10:44:24.210 | INFO     | httprunner.response:validate:249 - assert body.message equal success(str)	==> pass
2023-06-14 10:44:24.211 | INFO     | httprunner.response:validate:249 - assert body.status equal 1(int)	==> pass
2023-06-14 10:44:24.211 | INFO     | httprunner.response:validate:249 - assert body.data equal True(bool)	==> pass
2023-06-14 10:44:24.211 | INFO     | httprunner.runner:__run_step:304 - run step end: 登录-企业用户 <<<<<<

2023-06-14 10:44:24.211 | INFO     | httprunner.runner:__run_step_testcase:286 - export variables: {'entSession': 'response.headers."Set-Cookie".session'}
2023-06-14 10:44:24.211 | INFO     | httprunner.runner:__run_step:304 - run step end: 登录-企业 <<<<<<

2023-06-14 10:44:24.211 | INFO     | httprunner.runner:__run_step:292 - run step begin: 前缀注册企业资质图片上传 >>>>>>
2023-06-14 10:44:24.212 | INFO     | httprunner.runner:__run_step:292 - run step begin: 前缀注册企业资质图片上传 >>>>>>
2023-06-14 10:44:24.327 | DEBUG    | httprunner.client:request:186 - client IP: 10.14.148.129, Port: 59378
2023-06-14 10:44:24.328 | DEBUG    | httprunner.client:request:194 - server IP: 139.198.116.76, Port: 8000
2023-06-14 10:44:24.329 | DEBUG    | httprunner.client:log_print:40 - 
================== request details ==================
method   : POST
url      : http://139.198.116.76:8000/api/file/img/upload
headers  : {
    "User-Agent": "Mozilla/5.0 (Macintosh; Intel Mac OS X 10_15_7) AppleWebKit/537.36 (KHTML, like Gecko) Chrome/105.0.0.0 Safari/537.36",
    "Accept-Encoding": "gzip, deflate",
    "Accept": "application/json, text/plain, */*",
    "Connection": "keep-alive",
    "Accept-Language": "zh-CN,zh;q=0.9",
    "Content-Type": "multipart/form-data; boundary=cdf563a0e5534238b0c3cd27d52c15d9",
    "HRUN-Request-ID": "HRUN-6a67ead8-8669-4fd1-ae89-406a858da2dc-664213",
    "Cookie": "SESSION=ZTk0OGY5MmItZTY2MS00ZjBmLTgxYjItMjJjZTFiNDQzYWM0; SESSION=response.headers.\"Set-Cookie\".session",
    "Content-Length": "20435"
}
cookies  : {
    "SESSION": "ZTk0OGY5MmItZTY2MS00ZjBmLTgxYjItMjJjZTFiNDQzYWM0"
}
body     : upload file stream (OMITTED)

2023-06-14 10:44:24.331 | DEBUG    | httprunner.client:log_print:40 - 
================== response details ==================
status_code : 200
headers  : {
    "Server": "nginx",
    "Date": "Wed, 14 Jun 2023 02:44:24 GMT",
    "Content-Type": "application/json;charset=UTF-8",
    "Transfer-Encoding": "chunked",
    "Connection": "keep-alive",
    "X-Frame-Options": "SAMEORIGIN"
}
cookies  : {}
encoding : UTF-8
content_type : application/json;charset=UTF-8
body     : {
    "message": "success",
    "status": 1,
    "data": {
        "id": 2134,
        "path": "cc279ec1-1daa-43fc-a5c8-e8da0d8ee43d.jpeg"
    }
}

2023-06-14 10:44:24.332 | INFO     | httprunner.client:request:217 - status_code: 200, response_time(ms): 113.88 ms, response_length: 0 bytes
2023-06-14 10:44:24.333 | INFO     | httprunner.response:extract:179 - extract mapping: {'imgId': 2134}
2023-06-14 10:44:24.333 | INFO     | httprunner.response:validate:249 - assert status_code equal 200(int)	==> pass
2023-06-14 10:44:24.334 | INFO     | httprunner.runner:__run_step:304 - run step end: 前缀注册企业资质图片上传 <<<<<<

2023-06-14 10:44:24.334 | INFO     | httprunner.runner:__run_step_testcase:286 - export variables: {'imgId': 2134}
2023-06-14 10:44:24.334 | INFO     | httprunner.runner:__run_step:304 - run step end: 前缀注册企业资质图片上传 <<<<<<

2023-06-14 10:44:24.335 | INFO     | httprunner.runner:__run_step:292 - run step begin: 前缀注册企业联系人身份证图片正面上传 >>>>>>
2023-06-14 10:44:24.337 | INFO     | httprunner.runner:__run_step:292 - run step begin: 前缀注册企业联系人身份证图片背面上传 >>>>>>
2023-06-14 10:44:24.443 | DEBUG    | httprunner.client:request:186 - client IP: 10.14.148.129, Port: 59378
2023-06-14 10:44:24.444 | DEBUG    | httprunner.client:request:194 - server IP: 139.198.116.76, Port: 8000
2023-06-14 10:44:24.445 | DEBUG    | httprunner.client:log_print:40 - 
================== request details ==================
method   : POST
url      : http://139.198.116.76:8000/api/file/img/upload
headers  : {
    "User-Agent": "Mozilla/5.0 (Macintosh; Intel Mac OS X 10_15_7) AppleWebKit/537.36 (KHTML, like Gecko) Chrome/105.0.0.0 Safari/537.36",
    "Accept-Encoding": "gzip, deflate",
    "Accept": "application/json, text/plain, */*",
    "Connection": "keep-alive",
    "Accept-Language": "zh-CN,zh;q=0.9",
    "Content-Type": "multipart/form-data; boundary=c828165b9a10412298b26fc77b1ecffb",
    "HRUN-Request-ID": "HRUN-6a67ead8-8669-4fd1-ae89-406a858da2dc-664340",
    "Cookie": "SESSION=ZTk0OGY5MmItZTY2MS00ZjBmLTgxYjItMjJjZTFiNDQzYWM0; SESSION=response.headers.\"Set-Cookie\".session",
    "Content-Length": "20435"
}
cookies  : {
    "SESSION": "ZTk0OGY5MmItZTY2MS00ZjBmLTgxYjItMjJjZTFiNDQzYWM0"
}
body     : upload file stream (OMITTED)

2023-06-14 10:44:24.446 | DEBUG    | httprunner.client:log_print:40 - 
================== response details ==================
status_code : 200
headers  : {
    "Server": "nginx",
    "Date": "Wed, 14 Jun 2023 02:44:24 GMT",
    "Content-Type": "application/json;charset=UTF-8",
    "Transfer-Encoding": "chunked",
    "Connection": "keep-alive",
    "X-Frame-Options": "SAMEORIGIN"
}
cookies  : {}
encoding : UTF-8
content_type : application/json;charset=UTF-8
body     : {
    "message": "success",
    "status": 1,
    "data": {
        "id": 2135,
        "path": "becfe858-39c6-4650-a7fd-cd4edbba201e.jpeg"
    }
}

2023-06-14 10:44:24.446 | INFO     | httprunner.client:request:217 - status_code: 200, response_time(ms): 102.42 ms, response_length: 0 bytes
2023-06-14 10:44:24.447 | INFO     | httprunner.response:extract:179 - extract mapping: {'imgId_f': 2135}
2023-06-14 10:44:24.447 | INFO     | httprunner.response:validate:249 - assert status_code equal 200(int)	==> pass
2023-06-14 10:44:24.447 | INFO     | httprunner.runner:__run_step:304 - run step end: 前缀注册企业联系人身份证图片背面上传 <<<<<<

2023-06-14 10:44:24.448 | INFO     | httprunner.runner:__run_step_testcase:286 - export variables: {'imgId_f': 2135}
2023-06-14 10:44:24.448 | INFO     | httprunner.runner:__run_step:304 - run step end: 前缀注册企业联系人身份证图片正面上传 <<<<<<

2023-06-14 10:44:24.448 | INFO     | httprunner.runner:__run_step:292 - run step begin: 前缀注册企业联系人身份证图片背面上传 >>>>>>
2023-06-14 10:44:24.449 | INFO     | httprunner.runner:__run_step:292 - run step begin: 前缀注册企业联系人身份证图片背面上传 >>>>>>
2023-06-14 10:44:24.556 | DEBUG    | httprunner.client:request:186 - client IP: 10.14.148.129, Port: 59378
2023-06-14 10:44:24.557 | DEBUG    | httprunner.client:request:194 - server IP: 139.198.116.76, Port: 8000
2023-06-14 10:44:24.559 | DEBUG    | httprunner.client:log_print:40 - 
================== request details ==================
method   : POST
url      : http://139.198.116.76:8000/api/file/img/upload
headers  : {
    "User-Agent": "Mozilla/5.0 (Macintosh; Intel Mac OS X 10_15_7) AppleWebKit/537.36 (KHTML, like Gecko) Chrome/105.0.0.0 Safari/537.36",
    "Accept-Encoding": "gzip, deflate",
    "Accept": "application/json, text/plain, */*",
    "Connection": "keep-alive",
    "Accept-Language": "zh-CN,zh;q=0.9",
    "Content-Type": "multipart/form-data; boundary=0a0705309d4e451386df367ff5c4a90c",
    "HRUN-Request-ID": "HRUN-6a67ead8-8669-4fd1-ae89-406a858da2dc-664451",
    "Cookie": "SESSION=ZTk0OGY5MmItZTY2MS00ZjBmLTgxYjItMjJjZTFiNDQzYWM0; SESSION=response.headers.\"Set-Cookie\".session",
    "Content-Length": "20435"
}
cookies  : {
    "SESSION": "ZTk0OGY5MmItZTY2MS00ZjBmLTgxYjItMjJjZTFiNDQzYWM0"
}
body     : upload file stream (OMITTED)

2023-06-14 10:44:24.561 | DEBUG    | httprunner.client:log_print:40 - 
================== response details ==================
status_code : 200
headers  : {
    "Server": "nginx",
    "Date": "Wed, 14 Jun 2023 02:44:24 GMT",
    "Content-Type": "application/json;charset=UTF-8",
    "Transfer-Encoding": "chunked",
    "Connection": "keep-alive",
    "X-Frame-Options": "SAMEORIGIN"
}
cookies  : {}
encoding : UTF-8
content_type : application/json;charset=UTF-8
body     : {
    "message": "success",
    "status": 1,
    "data": {
        "id": 2136,
        "path": "f990b319-b528-4238-9b51-95702e6af5f0.jpeg"
    }
}

2023-06-14 10:44:24.562 | INFO     | httprunner.client:request:217 - status_code: 200, response_time(ms): 104.77 ms, response_length: 0 bytes
2023-06-14 10:44:24.563 | INFO     | httprunner.response:extract:179 - extract mapping: {'imgId_b': 2136}
2023-06-14 10:44:24.563 | INFO     | httprunner.response:validate:249 - assert status_code equal 200(int)	==> pass
2023-06-14 10:44:24.564 | INFO     | httprunner.runner:__run_step:304 - run step end: 前缀注册企业联系人身份证图片背面上传 <<<<<<

2023-06-14 10:44:24.564 | INFO     | httprunner.runner:__run_step_testcase:286 - export variables: {'imgId_b': 2136}
2023-06-14 10:44:24.565 | INFO     | httprunner.runner:__run_step:304 - run step end: 前缀注册企业联系人身份证图片背面上传 <<<<<<

2023-06-14 10:44:24.565 | INFO     | httprunner.runner:__run_step:292 - run step begin: 企业注册第一步提交信息 >>>>>>
2023-06-14 10:44:24.568 | INFO     | httprunner.runner:__run_step:292 - run step begin: 企业注册第一步提交信息 >>>>>>
2023-06-14 10:44:24.753 | DEBUG    | httprunner.client:request:186 - client IP: 10.14.148.129, Port: 59378
2023-06-14 10:44:24.754 | DEBUG    | httprunner.client:request:194 - server IP: 139.198.116.76, Port: 8000
2023-06-14 10:44:24.756 | DEBUG    | httprunner.client:log_print:40 - 
================== request details ==================
method   : POST
url      : http://139.198.116.76:8000/api/v3/entApply/basicInfo/submit
headers  : {
    "User-Agent": "Mozilla/5.0 (Macintosh; Intel Mac OS X 10_15_7) AppleWebKit/537.36 (KHTML, like Gecko) Chrome/105.0.0.0 Safari/537.36",
    "Accept-Encoding": "gzip, deflate",
    "Accept": "application/json, text/plain, */*",
    "Connection": "keep-alive",
    "Accept-Language": "zh-CN,zh;q=0.9",
    "Content-Type": "application/json;charset=UTF-8",
    "HRUN-Request-ID": "HRUN-6a67ead8-8669-4fd1-ae89-406a858da2dc-664570",
    "Cookie": "SESSION=ZTk0OGY5MmItZTY2MS00ZjBmLTgxYjItMjJjZTFiNDQzYWM0; SESSION=response.headers.\"Set-Cookie\".session",
    "Content-Length": "2557"
}
cookies  : {
    "SESSION": "ZTk0OGY5MmItZTY2MS00ZjBmLTgxYjItMjJjZTFiNDQzYWM0"
}
body     : {
    "applyStep": 2,
    "applyType": null,
    "area": [
        "110000",
        "110100",
        "110101"
    ],
    "cltrid": null,
    "contactCrtBackImgPath": null,
    "contactCrtBackImgRid": 2136,
    "contactCrtFrontImgPath": null,
    "contactCrtFrontImgRid": 2135,
    "contactCrtNo": "33603119690630971X",
    "contactCrtType": 1,
    "contactEmail": "89WtGx0NXN57wSHn@qaqseq.com",
    "contactName": "xovpO18s1ZP1JKF6E26Z6LH1mXUes5zS",
    "contactPhone": "15863578030",
    "createDate": null,
    "dataHostingContractFilePath": null,
    "dataHostingContractFileRid": null,
    "dataHostingOrg": null,
    "entGeneralId": null,
    "entInfoLicenses": [],
    "entInfoSerIndustrys": [],
    "entPrefix": "88.408.196338695275",
    "escrowId": null,
    "escrowOrgName": null,
    "establishDate": null,
    "extDomain": null,
    "extIpAddr": null,
    "extWebName": null,
    "finalAuditMsg": null,
    "finalAuditStatus": null,
    "firstAuditMsg": null,
    "firstAuditStatus": null,
    "id": null,
    "idRegNaImp": null,
    "industry": [
        "A",
        "01"
    ],
    "industryCategory": "A",
    "industrySpecific": "01",
    "isSubmit": 0,
    "legalCrtBackImgContent": null,
    "legalCrtBackImgPath": null,
    "legalCrtBackImgRid": 2136,
    "legalCrtFrontImgContent": null,
    "legalCrtFrontImgPath": null,
    "legalCrtFrontImgRid": 2135,
    "legalCrtNo": "33603119690630971X",
    "legalCrtType": "1",
    "legalCrtTypeDesc": "中国居民身份证",
    "legalEmail": null,
    "legalFax": null,
    "legalName": "张三",
    "legalPhone": null,
    "orgAddr": "致真",
    "orgAddrCity": "110100",
    "orgAddrCityDesc": "市辖区",
    "orgAddrCounty": "110101",
    "orgAddrCountyDesc": "东城区",
    "orgAddrProvince": "110000",
    "orgAddrProvinceDesc": "北京市",
    "orgCategorySpecificDesc": "农、林、牧、渔业-农业",
    "orgCrtCode": "2bZnMFlEx0e1JVOvl9LFI10TO7FbKxWL",
    "orgCrtImgContent": null,
    "orgCrtImgPath": null,
    "orgCrtImgRid": 2134,
    "orgCrtType": "1",
    "orgDesc": null,
    "orgName": "hIGFcegKkYvZbDUnVkaQKo9O6btBt8ug",
    "orgNature": "1",
    "orgNatureDesc": "国有控股",
    "periodValidity": null,
    "regAuthority": null,
    "regCapital": null,
    "regRealNaImpName": null,
    "regRealNaImpType": null,
    "servHostingContractFilePath": null,
    "servHostingContractFileRid": null,
    "servHostingOrg": null,
    "servSysBuildContractFilePath": null,
    "servSysBuildContractFileRid": null,
    "servSysBuildName": null,
    "servSysBuildType": 1,
    "servSysOperContractFilePath": null,
    "servSysOperContractFileRid": null,
    "servSysOperName": null,
    "servSysOperType": 1,
    "svtrid": null,
    "thirdServiceMsg": null,
    "thirdServiceStatus": null,
    "updateDate": null,
    "userId": null,
    "userName": null,
    "website": null
}

2023-06-14 10:44:24.758 | DEBUG    | httprunner.client:log_print:40 - 
================== response details ==================
status_code : 200
headers  : {
    "Server": "nginx",
    "Date": "Wed, 14 Jun 2023 02:44:24 GMT",
    "Content-Type": "application/json;charset=UTF-8",
    "Transfer-Encoding": "chunked",
    "Connection": "keep-alive",
    "X-Frame-Options": "SAMEORIGIN"
}
cookies  : {}
encoding : UTF-8
content_type : application/json;charset=UTF-8
body     : {
    "message": "success",
    "status": 1,
    "data": true
}

2023-06-14 10:44:24.759 | INFO     | httprunner.client:request:217 - status_code: 200, response_time(ms): 182.65 ms, response_length: 0 bytes
2023-06-14 10:44:24.759 | INFO     | httprunner.response:validate:249 - assert status_code equal 200(int)	==> pass
2023-06-14 10:44:24.760 | INFO     | httprunner.response:validate:249 - assert body.message equal success(str)	==> pass
2023-06-14 10:44:24.761 | INFO     | httprunner.runner:__run_step:304 - run step end: 企业注册第一步提交信息 <<<<<<

2023-06-14 10:44:24.762 | INFO     | httprunner.runner:__run_step:304 - run step end: 企业注册第一步提交信息 <<<<<<

2023-06-14 10:44:24.763 | INFO     | httprunner.runner:__run_step:292 - run step begin: 企业注册查询注册信息 >>>>>>
2023-06-14 10:44:24.764 | INFO     | httprunner.runner:__run_step:292 - run step begin: 企业注册查询注册信息 >>>>>>
2023-06-14 10:44:24.845 | DEBUG    | httprunner.client:request:186 - client IP: 10.14.148.129, Port: 59378
2023-06-14 10:44:24.846 | DEBUG    | httprunner.client:request:194 - server IP: 139.198.116.76, Port: 8000
2023-06-14 10:44:24.848 | DEBUG    | httprunner.client:log_print:40 - 
================== request details ==================
method   : GET
url      : http://139.198.116.76:8000/api/v3/entApply/applyOrNot
headers  : {
    "User-Agent": "Mozilla/5.0 (Macintosh; Intel Mac OS X 10_15_7) AppleWebKit/537.36 (KHTML, like Gecko) Chrome/105.0.0.0 Safari/537.36",
    "Accept-Encoding": "gzip, deflate",
    "Accept": "application/json, text/plain, */*",
    "Connection": "keep-alive",
    "Accept-Language": "zh-CN,zh;q=0.9",
    "HRUN-Request-ID": "HRUN-6a67ead8-8669-4fd1-ae89-406a858da2dc-664765",
    "Cookie": "SESSION=ZTk0OGY5MmItZTY2MS00ZjBmLTgxYjItMjJjZTFiNDQzYWM0; SESSION=response.headers.\"Set-Cookie\".session"
}
cookies  : {
    "SESSION": "ZTk0OGY5MmItZTY2MS00ZjBmLTgxYjItMjJjZTFiNDQzYWM0"
}
body     : None

2023-06-14 10:44:24.850 | DEBUG    | httprunner.client:log_print:40 - 
================== response details ==================
status_code : 200
headers  : {
    "Server": "nginx",
    "Date": "Wed, 14 Jun 2023 02:44:24 GMT",
    "Content-Type": "application/json;charset=UTF-8",
    "Transfer-Encoding": "chunked",
    "Connection": "keep-alive",
    "X-Frame-Options": "SAMEORIGIN"
}
cookies  : {}
encoding : UTF-8
content_type : application/json;charset=UTF-8
body     : {
    "message": "success",
    "status": 1,
    "data": {
        "nbmsEntApplyPO": {
            "id": 1143,
            "createDate": "2023-06-14 10:44:25",
            "updateDate": "2023-06-14 10:44:25",
            "applyType": null,
            "entGeneralId": null,
            "applyStep": 2,
            "isSubmit": 0,
            "entPrefix": "88.408.196338695275",
            "firstAuditStatus": null,
            "firstAuditMsg": null,
            "thirdServiceStatus": null,
            "thirdServiceMsg": null,
            "userName": "xovpO18s1ZP1JKF6E26Z6LH1mXUes5zS",
            "finalAuditStatus": null,
            "finalAuditMsg": null,
            "svtrid": null,
            "cltrid": null,
            "userId": 1354,
            "orgName": "hIGFcegKkYvZbDUnVkaQKo9O6btBt8ug",
            "orgNature": "1",
            "orgAddrProvince": "110000",
            "orgAddrCity": "110100",
            "orgAddrCounty": "110101",
            "orgAddr": "致真",
            "orgCrtType": "1",
            "orgCrtCode": "2bZnMFlEx0e1JVOvl9LFI10TO7FbKxWL",
            "legalName": "张三",
            "legalCrtType": "1",
            "legalCrtNo": "33603119690630971X",
            "orgDesc": null,
            "industryCategory": "A",
            "industrySpecific": "01",
            "contactName": "xovpO18s1ZP1JKF6E26Z6LH1mXUes5zS",
            "contactPhone": "15863578030",
            "contactCrtType": 1,
            "contactCrtNo": "33603119690630971X",
            "contactEmail": "89WtGx0NXN57wSHn@qaqseq.com",
            "website": null,
            "regAuthority": null,
            "regCapital": null,
            "establishDate": null,
            "periodValidity": null,
            "legalEmail": null,
            "legalPhone": null,
            "legalFax": null,
            "servSysBuildType": null,
            "servSysBuildName": null,
            "servSysOperType": null,
            "servSysOperName": null,
            "dataHostingOrg": null,
            "servHostingOrg": null,
            "regRealNaImpType": null,
            "regRealNaImpName": null,
            "idRegNaImp": null,
            "extWebName": null,
            "extDomain": null,
            "extIpAddr": null,
            "orgCrtImgRid": 2134,
            "contactCrtFrontImgRid": 2135,
            "contactCrtBackImgRid": 2136,
            "legalCrtFrontImgRid": 2135,
            "legalCrtBackImgRid": 2136,
            "servSysBuildContractFileRid": null,
            "servSysOperContractFileRid": null,
            "dataHostingContractFileRid": null,
            "servHostingContractFileRid": null,
            "entInfoLicenses": [],
            "entInfoSyss": [],
            "entInfoSerIndustrys": [],
            "escrowId": null,
            "industryQualificationRid": null,
            "certificationRid": null,
            "openingBank": null,
            "bankCard": null,
            "verificationName": null,
            "orgNatureDesc": "国有控股",
            "orgCrtImgContent": null,
            "orgCategorySpecificDesc": "农、林、牧、渔业-农业",
            "orgAddrProvinceDesc": "北京市",
            "orgAddrCountyDesc": "东城区",
            "orgAddrCityDesc": "市辖区",
            "legalCrtTypeDesc": "中国居民身份证",
            "legalCrtFrontImgContent": null,
            "legalCrtBackImgContent": null,
            "orgCrtImgPath": "cc279ec1-1daa-43fc-a5c8-e8da0d8ee43d.jpeg",
            "contactCrtFrontImgPath": "becfe858-39c6-4650-a7fd-cd4edbba201e.jpeg",
            "contactCrtBackImgPath": "f990b319-b528-4238-9b51-95702e6af5f0.jpeg",
            "legalCrtFrontImgPath": "becfe858-39c6-4650-a7fd-cd4edbba201e.jpeg",
            "legalCrtBackImgPath": "f990b319-b528-4238-9b51-95702e6af5f0.jpeg",
            "servSysBuildContractFilePath": null,
            "servSysOperContractFilePath": null,
            "dataHostingContractFilePath": null,
            "servHostingContractFilePath": null,
            "industryQualificationFilePath": null,
            "certificationFilePath": null,
            "escrowOrgName": null
        },
        "nbmsEntPO": null,
        "nbmsEntPrefixApplyPO": null,
        "needRelog": null,
        "applyStatus": 0
    }
}

2023-06-14 10:44:24.850 | INFO     | httprunner.client:request:217 - status_code: 200, response_time(ms): 79.95 ms, response_length: 0 bytes
2023-06-14 10:44:24.860 | INFO     | httprunner.response:extract:179 - extract mapping: {'applyId': 1143, 'userId': 1354, 'userName': 'xovpO18s1ZP1JKF6E26Z6LH1mXUes5zS', 'imgId_f': 2135, 'imgId_b': 2136, 'entId': None, 'entUserId': None, 'prefix': '88.408.196338695275', 'contactCrtNo': '33603119690630971X', 'contactCrtType': 1, 'contactEmail': '89WtGx0NXN57wSHn@qaqseq.com', 'contactName': 'xovpO18s1ZP1JKF6E26Z6LH1mXUes5zS', 'contactPhone': '15863578030', 'industryCategory': 'A', 'industrySpecific': '01', 'orgName': 'hIGFcegKkYvZbDUnVkaQKo9O6btBt8ug', 'orgNature': '1', 'orgAddrProvince': '110000', 'orgAddrCity': '110100', 'orgAddrCounty': '110101', 'orgAddr': '致真', 'orgCrtType': '1', 'orgCrtCode': '2bZnMFlEx0e1JVOvl9LFI10TO7FbKxWL', 'legalName': '张三', 'legalEmail': None, 'legalPhone': None, 'legalCrtType': '1', 'legalCrtNo': '33603119690630971X', 'legalCrtFrontImgRid': 2135, 'legalCrtBackImgRid': 2136, 'orgCrtImgRid': 2134, 'imgId': 2134, 'orgNatureDesc': '国有控股', 'orgCategorySpecificDesc': '农、林、牧、渔业-农业', 'orgAddrProvinceDesc': '北京市', 'orgAddrCountyDesc': '东城区', 'orgAddrCityDesc': '市辖区', 'legalCrtTypeDesc': '中国居民身份证', 'createDate': '2023-06-14 10:44:25', 'updateDate': '2023-06-14 10:44:25', 'entInfoSyss_0_id': None, 'entInfoSyss_0_entApplyId': None, 'entApplyId': None, 'entInfoSyss_0_sysType': None, 'entInfoSyss_0_deployMode': None, 'entInfoSyss_0_deployAddr': None, 'entInfoSyss_0_deployAddrProvince': None, 'entInfoSyss_0_deployAddrCity': None, 'entInfoSyss_0_deployAddrCounty': None, 'entInfoSyss_1_id': None, 'entInfoSyss_1_entApplyId': None, 'entInfoSyss_1_sysType': None, 'entInfoSyss_1_deployMode': None, 'entInfoSyss_1_deployAddr': None, 'entInfoSyss_1_deployAddrProvince': None, 'entInfoSyss_1_deployAddrCity': None, 'entInfoSyss_1_deployAddrCounty': None, 'entInfoSyss_2_id': None, 'entInfoSyss_2_entApplyId': None, 'entInfoSyss_2_sysType': None, 'entInfoSyss_2_deployMode': None, 'entInfoSyss_2_deployAddr': None, 'entInfoSyss_2_deployAddrProvince': None, 'entInfoSyss_2_deployAddrCity': None, 'entInfoSyss_2_deployAddrCounty': None, 'entInfoSyss_3_id': None, 'entInfoSyss_3_entApplyId': None, 'entInfoSyss_3_sysType': None, 'entInfoSyss_3_deployMode': None, 'entInfoSyss_3_deployAddr': None, 'entInfoSyss_3_deployAddrProvince': None, 'entInfoSyss_3_deployAddrCity': None, 'entInfoSyss_3_deployAddrCounty': None}
2023-06-14 10:44:24.861 | INFO     | httprunner.response:validate:249 - assert status_code equal 200(int)	==> pass
2023-06-14 10:44:24.862 | INFO     | httprunner.response:validate:249 - assert body.message equal success(str)	==> pass
2023-06-14 10:44:24.862 | INFO     | httprunner.runner:__run_step:304 - run step end: 企业注册查询注册信息 <<<<<<

2023-06-14 10:44:24.862 | INFO     | httprunner.runner:__run_step_testcase:286 - export variables: {'orgAddrProvince': '110000', 'orgAddrCountyDesc': '东城区', 'industrySpecific': '01', 'entInfoSyss_3_sysType': None, 'contactName': 'xovpO18s1ZP1JKF6E26Z6LH1mXUes5zS', 'entInfoSyss_1_deployMode': None, 'orgNatureDesc': '国有控股', 'entInfoSyss_0_deployMode': None, 'entInfoSyss_1_sysType': None, 'entInfoSyss_3_deployMode': None, 'entId': None, 'applyId': 1143, 'contactCrtType': 1, 'contactEmail': '89WtGx0NXN57wSHn@qaqseq.com', 'orgCategorySpecificDesc': '农、林、牧、渔业-农业', 'entUserId': None, 'entInfoSyss_1_deployAddrCounty': None, 'entInfoSyss_1_id': None, 'orgNature': '1', 'orgAddrCity': '110100', 'entInfoSyss_3_entApplyId': None, 'entInfoSyss_0_deployAddrProvince': None, 'entInfoSyss_2_deployMode': None, 'entInfoSyss_2_sysType': None, 'orgCrtImgRid': 2134, 'entInfoSyss_1_entApplyId': None, 'entInfoSyss_0_deployAddrCounty': None, 'entInfoSyss_0_id': None, 'prefix': '88.408.196338695275', 'entInfoSyss_2_entApplyId': None, 'entInfoSyss_2_deployAddrCounty': None, 'entInfoSyss_2_id': None, 'entInfoSyss_1_deployAddr': None, 'userId': 1354, 'updateDate': '2023-06-14 10:44:25', 'orgName': 'hIGFcegKkYvZbDUnVkaQKo9O6btBt8ug', 'industryCategory': 'A', 'orgCrtType': '1', 'legalCrtTypeDesc': '中国居民身份证', 'imgId': 2134, 'entInfoSyss_1_deployAddrCity': None, 'entInfoSyss_2_deployAddrProvince': None, 'entInfoSyss_0_deployAddrCity': None, 'imgId_f': 2135, 'imgId_b': 2136, 'legalPhone': None, 'entInfoSyss_3_deployAddr': None, 'legalEmail': None, 'entInfoSyss_3_deployAddrCity': None, 'orgAddrCounty': '110101', 'contactCrtNo': '33603119690630971X', 'orgAddrCityDesc': '市辖区', 'legalCrtFrontImgRid': 2135, 'entApplyId': None, 'legalCrtBackImgRid': 2136, 'entInfoSyss_0_entApplyId': None, 'entInfoSyss_3_id': None, 'legalCrtNo': '33603119690630971X', 'entInfoSyss_0_deployAddr': None, 'entInfoSyss_1_deployAddrProvince': None, 'entInfoSyss_0_sysType': None, 'entInfoSyss_2_deployAddr': None, 'orgAddr': '致真', 'createDate': '2023-06-14 10:44:25', 'legalCrtType': '1', 'contactPhone': '15863578030', 'entInfoSyss_3_deployAddrCounty': None, 'legalName': '张三', 'userName': 'xovpO18s1ZP1JKF6E26Z6LH1mXUes5zS', 'entInfoSyss_3_deployAddrProvince': None, 'orgCrtCode': '2bZnMFlEx0e1JVOvl9LFI10TO7FbKxWL', 'entInfoSyss_2_deployAddrCity': None, 'orgAddrProvinceDesc': '北京市'}
2023-06-14 10:44:24.863 | INFO     | httprunner.runner:__run_step:304 - run step end: 企业注册查询注册信息 <<<<<<

2023-06-14 10:44:24.863 | INFO     | httprunner.runner:__run_step:292 - run step begin: 企业注册第二步提交信息 >>>>>>
2023-06-14 10:44:24.864 | INFO     | httprunner.runner:__run_step:292 - run step begin: 企业注册第二步提交信息 >>>>>>
2023-06-14 10:44:24.935 | DEBUG    | httprunner.client:request:186 - client IP: 10.14.148.129, Port: 59378
2023-06-14 10:44:24.937 | DEBUG    | httprunner.client:request:194 - server IP: 139.198.116.76, Port: 8000
2023-06-14 10:44:24.941 | DEBUG    | httprunner.client:log_print:40 - 
================== request details ==================
method   : POST
url      : http://139.198.116.76:8000/api/v3/entApply/registerManageInfo
headers  : {
    "User-Agent": "Mozilla/5.0 (Macintosh; Intel Mac OS X 10_15_7) AppleWebKit/537.36 (KHTML, like Gecko) Chrome/105.0.0.0 Safari/537.36",
    "Accept-Encoding": "gzip, deflate",
    "Accept": "application/json, text/plain, */*",
    "Connection": "keep-alive",
    "Accept-Language": "zh-CN,zh;q=0.9",
    "Content-Type": "application/json;charset=UTF-8",
    "X-HTTP-Method-Override": "put",
    "HRUN-Request-ID": "HRUN-6a67ead8-8669-4fd1-ae89-406a858da2dc-664865",
    "Cookie": "SESSION=ZTk0OGY5MmItZTY2MS00ZjBmLTgxYjItMjJjZTFiNDQzYWM0; SESSION=response.headers.\"Set-Cookie\".session",
    "Content-Length": "3282"
}
cookies  : {
    "SESSION": "ZTk0OGY5MmItZTY2MS00ZjBmLTgxYjItMjJjZTFiNDQzYWM0"
}
body     : {
    "applyStep": 3,
    "applyType": null,
    "cltrid": null,
    "contactCrtBackImgPath": null,
    "contactCrtBackImgRid": 2136,
    "contactCrtFrontImgPath": null,
    "contactCrtFrontImgRid": 2135,
    "contactCrtNo": "33603119690630971X",
    "contactCrtType": 1,
    "contactEmail": "89WtGx0NXN57wSHn@qaqseq.com",
    "contactName": "xovpO18s1ZP1JKF6E26Z6LH1mXUes5zS",
    "contactPhone": "15863578030",
    "createDate": "2023-06-14 10:44:25",
    "dataHostingContractFilePath": null,
    "dataHostingContractFileRid": null,
    "dataHostingOrg": null,
    "entGeneralId": null,
    "entInfoLicenses": [],
    "entInfoSerIndustrys": [],
    "entInfoSyss": [
        {
            "deployAddr": "致真",
            "deployAddrCity": "110100",
            "deployAddrCounty": "110101",
            "deployAddrProvince": "110000",
            "deployMode": 1,
            "ipPort": null,
            "name": null,
            "sysType": 1
        },
        {
            "deployAddr": "致真",
            "deployAddrCity": "110100",
            "deployAddrCounty": "110101",
            "deployAddrProvince": "110000",
            "deployMode": 1,
            "ipPort": null,
            "name": null,
            "sysType": 2
        },
        {
            "deployAddr": "天津",
            "deployAddrCity": "120100",
            "deployAddrCounty": "120101",
            "deployAddrProvince": "120000",
            "deployMode": 1,
            "ipPort": null,
            "name": null,
            "sysType": 3
        },
        {
            "deployAddr": "天津",
            "deployAddrCity": "120100",
            "deployAddrCounty": "120101",
            "deployAddrProvince": "120000",
            "deployMode": 1,
            "ipPort": null,
            "name": null,
            "sysType": 4
        }
    ],
    "entPrefix": "88.408.196338695275",
    "escrowId": null,
    "escrowOrgName": null,
    "establishDate": null,
    "extDomain": null,
    "extIpAddr": null,
    "extWebName": null,
    "finalAuditMsg": null,
    "finalAuditStatus": null,
    "firstAuditMsg": null,
    "firstAuditStatus": null,
    "id": 1143,
    "idRegNaImp": null,
    "industryCategory": "A",
    "industrySpecific": "01",
    "isSubmit": 0,
    "legalCrtBackImgContent": null,
    "legalCrtBackImgPath": null,
    "legalCrtBackImgRid": 2136,
    "legalCrtFrontImgContent": null,
    "legalCrtFrontImgPath": null,
    "legalCrtFrontImgRid": 2135,
    "legalCrtNo": "33603119690630971X",
    "legalCrtType": "1",
    "legalCrtTypeDesc": "中国居民身份证",
    "legalEmail": null,
    "legalFax": null,
    "legalName": "张三",
    "legalPhone": null,
    "orgAddr": "致真",
    "orgAddrCity": "110100",
    "orgAddrCityDesc": "市辖区",
    "orgAddrCounty": "110101",
    "orgAddrCountyDesc": "东城区",
    "orgAddrProvince": "110000",
    "orgAddrProvinceDesc": "北京市",
    "orgCategorySpecificDesc": "农、林、牧、渔业-农业",
    "orgCrtCode": "2bZnMFlEx0e1JVOvl9LFI10TO7FbKxWL",
    "orgCrtImgContent": null,
    "orgCrtImgPath": null,
    "orgCrtImgRid": 2134,
    "orgCrtType": "1",
    "orgDesc": null,
    "orgName": "hIGFcegKkYvZbDUnVkaQKo9O6btBt8ug",
    "orgNature": "1",
    "orgNatureDesc": "1",
    "periodValidity": null,
    "regAuthority": null,
    "regCapital": null,
    "regRealNaImpName": null,
    "regRealNaImpType": null,
    "servHostingContractFilePath": null,
    "servHostingContractFileRid": null,
    "servHostingOrg": null,
    "servSysBuildContractFilePath": null,
    "servSysBuildContractFileRid": null,
    "servSysBuildName": null,
    "servSysBuildType": 1,
    "servSysOperContractFilePath": null,
    "servSysOperContractFileRid": null,
    "servSysOperName": null,
    "servSysOperType": 1,
    "svtrid": null,
    "thirdServiceMsg": null,
    "thirdServiceStatus": null,
    "updateDate": "2023-06-14 10:44:25",
    "userId": 1354,
    "userName": "xovpO18s1ZP1JKF6E26Z6LH1mXUes5zS",
    "website": null
}

2023-06-14 10:44:24.943 | DEBUG    | httprunner.client:log_print:40 - 
================== response details ==================
status_code : 200
headers  : {
    "Server": "nginx",
    "Date": "Wed, 14 Jun 2023 02:44:24 GMT",
    "Content-Type": "application/json;charset=UTF-8",
    "Transfer-Encoding": "chunked",
    "Connection": "keep-alive",
    "X-Frame-Options": "SAMEORIGIN"
}
cookies  : {}
encoding : UTF-8
content_type : application/json;charset=UTF-8
body     : {
    "message": "success",
    "status": 1,
    "data": true
}

2023-06-14 10:44:24.944 | INFO     | httprunner.client:request:217 - status_code: 200, response_time(ms): 70.04 ms, response_length: 0 bytes
2023-06-14 10:44:24.945 | INFO     | httprunner.response:validate:249 - assert status_code equal 200(int)	==> pass
2023-06-14 10:44:24.945 | INFO     | httprunner.response:validate:249 - assert body.message equal success(str)	==> pass
2023-06-14 10:44:24.945 | INFO     | httprunner.runner:__run_step:304 - run step end: 企业注册第二步提交信息 <<<<<<

2023-06-14 10:44:24.946 | INFO     | httprunner.runner:__run_step:304 - run step end: 企业注册第二步提交信息 <<<<<<

2023-06-14 10:44:24.947 | INFO     | httprunner.runner:__run_step:292 - run step begin: 企业注册查询注册信息 >>>>>>
2023-06-14 10:44:24.949 | INFO     | httprunner.runner:__run_step:292 - run step begin: 企业注册查询注册信息 >>>>>>
2023-06-14 10:44:25.029 | DEBUG    | httprunner.client:request:186 - client IP: 10.14.148.129, Port: 59378
2023-06-14 10:44:25.030 | DEBUG    | httprunner.client:request:194 - server IP: 139.198.116.76, Port: 8000
2023-06-14 10:44:25.031 | DEBUG    | httprunner.client:log_print:40 - 
================== request details ==================
method   : GET
url      : http://139.198.116.76:8000/api/v3/entApply/applyOrNot
headers  : {
    "User-Agent": "Mozilla/5.0 (Macintosh; Intel Mac OS X 10_15_7) AppleWebKit/537.36 (KHTML, like Gecko) Chrome/105.0.0.0 Safari/537.36",
    "Accept-Encoding": "gzip, deflate",
    "Accept": "application/json, text/plain, */*",
    "Connection": "keep-alive",
    "Accept-Language": "zh-CN,zh;q=0.9",
    "HRUN-Request-ID": "HRUN-6a67ead8-8669-4fd1-ae89-406a858da2dc-664949",
    "Cookie": "SESSION=ZTk0OGY5MmItZTY2MS00ZjBmLTgxYjItMjJjZTFiNDQzYWM0; SESSION=response.headers.\"Set-Cookie\".session"
}
cookies  : {
    "SESSION": "ZTk0OGY5MmItZTY2MS00ZjBmLTgxYjItMjJjZTFiNDQzYWM0"
}
body     : None

2023-06-14 10:44:25.032 | DEBUG    | httprunner.client:log_print:40 - 
================== response details ==================
status_code : 200
headers  : {
    "Server": "nginx",
    "Date": "Wed, 14 Jun 2023 02:44:25 GMT",
    "Content-Type": "application/json;charset=UTF-8",
    "Transfer-Encoding": "chunked",
    "Connection": "keep-alive",
    "X-Frame-Options": "SAMEORIGIN"
}
cookies  : {}
encoding : UTF-8
content_type : application/json;charset=UTF-8
body     : {
    "message": "success",
    "status": 1,
    "data": {
        "nbmsEntApplyPO": {
            "id": 1143,
            "createDate": "2023-06-14 10:44:25",
            "updateDate": "2023-06-14 10:44:25",
            "applyType": null,
            "entGeneralId": null,
            "applyStep": 3,
            "isSubmit": 0,
            "entPrefix": "88.408.196338695275",
            "firstAuditStatus": null,
            "firstAuditMsg": null,
            "thirdServiceStatus": null,
            "thirdServiceMsg": null,
            "userName": "xovpO18s1ZP1JKF6E26Z6LH1mXUes5zS",
            "finalAuditStatus": null,
            "finalAuditMsg": null,
            "svtrid": null,
            "cltrid": null,
            "userId": 1354,
            "orgName": "hIGFcegKkYvZbDUnVkaQKo9O6btBt8ug",
            "orgNature": "1",
            "orgAddrProvince": "110000",
            "orgAddrCity": "110100",
            "orgAddrCounty": "110101",
            "orgAddr": "致真",
            "orgCrtType": "1",
            "orgCrtCode": "2bZnMFlEx0e1JVOvl9LFI10TO7FbKxWL",
            "legalName": "张三",
            "legalCrtType": "1",
            "legalCrtNo": "33603119690630971X",
            "orgDesc": null,
            "industryCategory": "A",
            "industrySpecific": "01",
            "contactName": "xovpO18s1ZP1JKF6E26Z6LH1mXUes5zS",
            "contactPhone": "15863578030",
            "contactCrtType": 1,
            "contactCrtNo": "33603119690630971X",
            "contactEmail": "89WtGx0NXN57wSHn@qaqseq.com",
            "website": null,
            "regAuthority": null,
            "regCapital": null,
            "establishDate": null,
            "periodValidity": null,
            "legalEmail": null,
            "legalPhone": null,
            "legalFax": null,
            "servSysBuildType": 1,
            "servSysBuildName": null,
            "servSysOperType": 1,
            "servSysOperName": null,
            "dataHostingOrg": null,
            "servHostingOrg": null,
            "regRealNaImpType": null,
            "regRealNaImpName": null,
            "idRegNaImp": null,
            "extWebName": null,
            "extDomain": null,
            "extIpAddr": null,
            "orgCrtImgRid": 2134,
            "contactCrtFrontImgRid": 2135,
            "contactCrtBackImgRid": 2136,
            "legalCrtFrontImgRid": 2135,
            "legalCrtBackImgRid": 2136,
            "servSysBuildContractFileRid": null,
            "servSysOperContractFileRid": null,
            "dataHostingContractFileRid": null,
            "servHostingContractFileRid": null,
            "entInfoLicenses": [],
            "entInfoSyss": [
                {
                    "id": 2321,
                    "entApplyId": 1143,
                    "sysType": 1,
                    "deployMode": 1,
                    "deployAddr": "致真",
                    "deployAddrProvince": "110000",
                    "deployAddrCity": "110100",
                    "deployAddrCounty": "110101",
                    "name": null,
                    "ipPort": null
                },
                {
                    "id": 2322,
                    "entApplyId": 1143,
                    "sysType": 2,
                    "deployMode": 1,
                    "deployAddr": "致真",
                    "deployAddrProvince": "110000",
                    "deployAddrCity": "110100",
                    "deployAddrCounty": "110101",
                    "name": null,
                    "ipPort": null
                },
                {
                    "id": 2323,
                    "entApplyId": 1143,
                    "sysType": 3,
                    "deployMode": 1,
                    "deployAddr": "天津",
                    "deployAddrProvince": "120000",
                    "deployAddrCity": "120100",
                    "deployAddrCounty": "120101",
                    "name": null,
                    "ipPort": null
                },
                {
                    "id": 2324,
                    "entApplyId": 1143,
                    "sysType": 4,
                    "deployMode": 1,
                    "deployAddr": "天津",
                    "deployAddrProvince": "120000",
                    "deployAddrCity": "120100",
                    "deployAddrCounty": "120101",
                    "name": null,
                    "ipPort": null
                }
            ],
            "entInfoSerIndustrys": [],
            "escrowId": null,
            "industryQualificationRid": null,
            "certificationRid": null,
            "openingBank": null,
            "bankCard": null,
            "verificationName": null,
            "orgNatureDesc": "国有控股",
            "orgCrtImgContent": null,
            "orgCategorySpecificDesc": "农、林、牧、渔业-农业",
            "orgAddrProvinceDesc": "北京市",
            "orgAddrCountyDesc": "东城区",
            "orgAddrCityDesc": "市辖区",
            "legalCrtTypeDesc": "中国居民身份证",
            "legalCrtFrontImgContent": null,
            "legalCrtBackImgContent": null,
            "orgCrtImgPath": "cc279ec1-1daa-43fc-a5c8-e8da0d8ee43d.jpeg",
            "contactCrtFrontImgPath": "becfe858-39c6-4650-a7fd-cd4edbba201e.jpeg",
            "contactCrtBackImgPath": "f990b319-b528-4238-9b51-95702e6af5f0.jpeg",
            "legalCrtFrontImgPath": "becfe858-39c6-4650-a7fd-cd4edbba201e.jpeg",
            "legalCrtBackImgPath": "f990b319-b528-4238-9b51-95702e6af5f0.jpeg",
            "servSysBuildContractFilePath": null,
            "servSysOperContractFilePath": null,
            "dataHostingContractFilePath": null,
            "servHostingContractFilePath": null,
            "industryQualificationFilePath": null,
            "certificationFilePath": null,
            "escrowOrgName": null
        },
        "nbmsEntPO": null,
        "nbmsEntPrefixApplyPO": null,
        "needRelog": null,
        "applyStatus": 0
    }
}

2023-06-14 10:44:25.033 | INFO     | httprunner.client:request:217 - status_code: 200, response_time(ms): 79.89 ms, response_length: 0 bytes
2023-06-14 10:44:25.036 | INFO     | httprunner.response:extract:179 - extract mapping: {'applyId': 1143, 'userId': 1354, 'userName': 'xovpO18s1ZP1JKF6E26Z6LH1mXUes5zS', 'imgId_f': 2135, 'imgId_b': 2136, 'entId': None, 'entUserId': None, 'prefix': '88.408.196338695275', 'contactCrtNo': '33603119690630971X', 'contactCrtType': 1, 'contactEmail': '89WtGx0NXN57wSHn@qaqseq.com', 'contactName': 'xovpO18s1ZP1JKF6E26Z6LH1mXUes5zS', 'contactPhone': '15863578030', 'industryCategory': 'A', 'industrySpecific': '01', 'orgName': 'hIGFcegKkYvZbDUnVkaQKo9O6btBt8ug', 'orgNature': '1', 'orgAddrProvince': '110000', 'orgAddrCity': '110100', 'orgAddrCounty': '110101', 'orgAddr': '致真', 'orgCrtType': '1', 'orgCrtCode': '2bZnMFlEx0e1JVOvl9LFI10TO7FbKxWL', 'legalName': '张三', 'legalEmail': None, 'legalPhone': None, 'legalCrtType': '1', 'legalCrtNo': '33603119690630971X', 'legalCrtFrontImgRid': 2135, 'legalCrtBackImgRid': 2136, 'orgCrtImgRid': 2134, 'imgId': 2134, 'orgNatureDesc': '国有控股', 'orgCategorySpecificDesc': '农、林、牧、渔业-农业', 'orgAddrProvinceDesc': '北京市', 'orgAddrCountyDesc': '东城区', 'orgAddrCityDesc': '市辖区', 'legalCrtTypeDesc': '中国居民身份证', 'createDate': '2023-06-14 10:44:25', 'updateDate': '2023-06-14 10:44:25', 'entInfoSyss_0_id': 2321, 'entInfoSyss_0_entApplyId': 1143, 'entApplyId': 1143, 'entInfoSyss_0_sysType': 1, 'entInfoSyss_0_deployMode': 1, 'entInfoSyss_0_deployAddr': '致真', 'entInfoSyss_0_deployAddrProvince': '110000', 'entInfoSyss_0_deployAddrCity': '110100', 'entInfoSyss_0_deployAddrCounty': '110101', 'entInfoSyss_1_id': 2322, 'entInfoSyss_1_entApplyId': 1143, 'entInfoSyss_1_sysType': 2, 'entInfoSyss_1_deployMode': 1, 'entInfoSyss_1_deployAddr': '致真', 'entInfoSyss_1_deployAddrProvince': '110000', 'entInfoSyss_1_deployAddrCity': '110100', 'entInfoSyss_1_deployAddrCounty': '110101', 'entInfoSyss_2_id': 2323, 'entInfoSyss_2_entApplyId': 1143, 'entInfoSyss_2_sysType': 3, 'entInfoSyss_2_deployMode': 1, 'entInfoSyss_2_deployAddr': '天津', 'entInfoSyss_2_deployAddrProvince': '120000', 'entInfoSyss_2_deployAddrCity': '120100', 'entInfoSyss_2_deployAddrCounty': '120101', 'entInfoSyss_3_id': 2324, 'entInfoSyss_3_entApplyId': 1143, 'entInfoSyss_3_sysType': 4, 'entInfoSyss_3_deployMode': 1, 'entInfoSyss_3_deployAddr': '天津', 'entInfoSyss_3_deployAddrProvince': '120000', 'entInfoSyss_3_deployAddrCity': '120100', 'entInfoSyss_3_deployAddrCounty': '120101'}
2023-06-14 10:44:25.036 | INFO     | httprunner.response:validate:249 - assert status_code equal 200(int)	==> pass
2023-06-14 10:44:25.036 | INFO     | httprunner.response:validate:249 - assert body.message equal success(str)	==> pass
2023-06-14 10:44:25.036 | INFO     | httprunner.runner:__run_step:304 - run step end: 企业注册查询注册信息 <<<<<<

2023-06-14 10:44:25.037 | INFO     | httprunner.runner:__run_step_testcase:286 - export variables: {'orgAddrProvince': '110000', 'orgAddrCountyDesc': '东城区', 'industrySpecific': '01', 'entInfoSyss_3_sysType': 4, 'contactName': 'xovpO18s1ZP1JKF6E26Z6LH1mXUes5zS', 'entInfoSyss_1_deployMode': 1, 'orgNatureDesc': '国有控股', 'entInfoSyss_0_deployMode': 1, 'entInfoSyss_1_sysType': 2, 'entInfoSyss_3_deployMode': 1, 'entId': None, 'applyId': 1143, 'contactCrtType': 1, 'contactEmail': '89WtGx0NXN57wSHn@qaqseq.com', 'orgCategorySpecificDesc': '农、林、牧、渔业-农业', 'entUserId': None, 'entInfoSyss_1_deployAddrCounty': '110101', 'entInfoSyss_1_id': 2322, 'orgNature': '1', 'orgAddrCity': '110100', 'entInfoSyss_3_entApplyId': 1143, 'entInfoSyss_0_deployAddrProvince': '110000', 'entInfoSyss_2_deployMode': 1, 'entInfoSyss_2_sysType': 3, 'orgCrtImgRid': 2134, 'entInfoSyss_1_entApplyId': 1143, 'entInfoSyss_0_deployAddrCounty': '110101', 'entInfoSyss_0_id': 2321, 'prefix': '88.408.196338695275', 'entInfoSyss_2_entApplyId': 1143, 'entInfoSyss_2_deployAddrCounty': '120101', 'entInfoSyss_2_id': 2323, 'entInfoSyss_1_deployAddr': '致真', 'userId': 1354, 'updateDate': '2023-06-14 10:44:25', 'orgName': 'hIGFcegKkYvZbDUnVkaQKo9O6btBt8ug', 'industryCategory': 'A', 'orgCrtType': '1', 'legalCrtTypeDesc': '中国居民身份证', 'imgId': 2134, 'entInfoSyss_1_deployAddrCity': '110100', 'entInfoSyss_2_deployAddrProvince': '120000', 'entInfoSyss_0_deployAddrCity': '110100', 'imgId_f': 2135, 'imgId_b': 2136, 'legalPhone': None, 'entInfoSyss_3_deployAddr': '天津', 'legalEmail': None, 'entInfoSyss_3_deployAddrCity': '120100', 'orgAddrCounty': '110101', 'contactCrtNo': '33603119690630971X', 'orgAddrCityDesc': '市辖区', 'legalCrtFrontImgRid': 2135, 'entApplyId': 1143, 'legalCrtBackImgRid': 2136, 'entInfoSyss_0_entApplyId': 1143, 'entInfoSyss_3_id': 2324, 'legalCrtNo': '33603119690630971X', 'entInfoSyss_0_deployAddr': '致真', 'entInfoSyss_1_deployAddrProvince': '110000', 'entInfoSyss_0_sysType': 1, 'entInfoSyss_2_deployAddr': '天津', 'orgAddr': '致真', 'createDate': '2023-06-14 10:44:25', 'legalCrtType': '1', 'contactPhone': '15863578030', 'entInfoSyss_3_deployAddrCounty': '120101', 'legalName': '张三', 'userName': 'xovpO18s1ZP1JKF6E26Z6LH1mXUes5zS', 'entInfoSyss_3_deployAddrProvince': '120000', 'orgCrtCode': '2bZnMFlEx0e1JVOvl9LFI10TO7FbKxWL', 'entInfoSyss_2_deployAddrCity': '120100', 'orgAddrProvinceDesc': '北京市'}
2023-06-14 10:44:25.037 | INFO     | httprunner.runner:__run_step:304 - run step end: 企业注册查询注册信息 <<<<<<

2023-06-14 10:44:25.039 | INFO     | httprunner.runner:__run_step:292 - run step begin: 企业注册最终第三步提交信息 >>>>>>
2023-06-14 10:44:25.040 | INFO     | httprunner.runner:__run_step:292 - run step begin: 企业注册最终第三步提交信息 >>>>>>
2023-06-14 10:44:25.225 | DEBUG    | httprunner.client:request:186 - client IP: 10.14.148.129, Port: 59378
2023-06-14 10:44:25.226 | DEBUG    | httprunner.client:request:194 - server IP: 139.198.116.76, Port: 8000
2023-06-14 10:44:25.229 | DEBUG    | httprunner.client:log_print:40 - 
================== request details ==================
method   : POST
url      : http://139.198.116.76:8000/api/v3/entApply/apply
headers  : {
    "User-Agent": "Mozilla/5.0 (Macintosh; Intel Mac OS X 10_15_7) AppleWebKit/537.36 (KHTML, like Gecko) Chrome/105.0.0.0 Safari/537.36",
    "Accept-Encoding": "gzip, deflate",
    "Accept": "application/json, text/plain, */*",
    "Connection": "keep-alive",
    "Accept-Language": "zh-CN,zh;q=0.9",
    "Content-Type": "application/json;charset=UTF-8",
    "HRUN-Request-ID": "HRUN-6a67ead8-8669-4fd1-ae89-406a858da2dc-665042",
    "Cookie": "SESSION=ZTk0OGY5MmItZTY2MS00ZjBmLTgxYjItMjJjZTFiNDQzYWM0; SESSION=response.headers.\"Set-Cookie\".session",
    "Content-Length": "3282"
}
cookies  : {
    "SESSION": "ZTk0OGY5MmItZTY2MS00ZjBmLTgxYjItMjJjZTFiNDQzYWM0"
}
body     : {
    "applyStep": 4,
    "applyType": null,
    "cltrid": null,
    "contactCrtBackImgPath": null,
    "contactCrtBackImgRid": 2136,
    "contactCrtFrontImgPath": null,
    "contactCrtFrontImgRid": 2135,
    "contactCrtNo": "33603119690630971X",
    "contactCrtType": 1,
    "contactEmail": "89WtGx0NXN57wSHn@qaqseq.com",
    "contactName": "xovpO18s1ZP1JKF6E26Z6LH1mXUes5zS",
    "contactPhone": "15863578030",
    "createDate": "2023-06-14 10:44:25",
    "dataHostingContractFilePath": null,
    "dataHostingContractFileRid": null,
    "dataHostingOrg": null,
    "entGeneralId": null,
    "entInfoLicenses": [],
    "entInfoSerIndustrys": [],
    "entInfoSyss": [
        {
            "deployAddr": "致真",
            "deployAddrCity": "110100",
            "deployAddrCounty": "110101",
            "deployAddrProvince": "110000",
            "deployMode": 1,
            "ipPort": null,
            "name": null,
            "sysType": 2
        },
        {
            "deployAddr": "致真",
            "deployAddrCity": "110100",
            "deployAddrCounty": "110101",
            "deployAddrProvince": "110000",
            "deployMode": 1,
            "ipPort": null,
            "name": null,
            "sysType": 3
        },
        {
            "deployAddr": "天津",
            "deployAddrCity": "120100",
            "deployAddrCounty": "120101",
            "deployAddrProvince": "120000",
            "deployMode": 1,
            "ipPort": null,
            "name": null,
            "sysType": 4
        },
        {
            "deployAddr": "天津",
            "deployAddrCity": "120100",
            "deployAddrCounty": "120101",
            "deployAddrProvince": "120000",
            "deployMode": 1,
            "ipPort": null,
            "name": null,
            "sysType": 4
        }
    ],
    "entPrefix": "88.408.196338695275",
    "escrowId": null,
    "escrowOrgName": null,
    "establishDate": null,
    "extDomain": null,
    "extIpAddr": null,
    "extWebName": null,
    "finalAuditMsg": null,
    "finalAuditStatus": null,
    "firstAuditMsg": null,
    "firstAuditStatus": null,
    "id": 1143,
    "idRegNaImp": null,
    "industryCategory": "A",
    "industrySpecific": "01",
    "isSubmit": 0,
    "legalCrtBackImgContent": null,
    "legalCrtBackImgPath": null,
    "legalCrtBackImgRid": 2136,
    "legalCrtFrontImgContent": null,
    "legalCrtFrontImgPath": null,
    "legalCrtFrontImgRid": 2135,
    "legalCrtNo": "33603119690630971X",
    "legalCrtType": "1",
    "legalCrtTypeDesc": "中国居民身份证",
    "legalEmail": null,
    "legalFax": null,
    "legalName": "张三",
    "legalPhone": null,
    "orgAddr": "致真",
    "orgAddrCity": "110100",
    "orgAddrCityDesc": "市辖区",
    "orgAddrCounty": "110101",
    "orgAddrCountyDesc": "东城区",
    "orgAddrProvince": "110000",
    "orgAddrProvinceDesc": "北京市",
    "orgCategorySpecificDesc": "农、林、牧、渔业-农业",
    "orgCrtCode": "2bZnMFlEx0e1JVOvl9LFI10TO7FbKxWL",
    "orgCrtImgContent": null,
    "orgCrtImgPath": null,
    "orgCrtImgRid": 2134,
    "orgCrtType": "1",
    "orgDesc": null,
    "orgName": "hIGFcegKkYvZbDUnVkaQKo9O6btBt8ug",
    "orgNature": "1",
    "orgNatureDesc": "1",
    "periodValidity": null,
    "regAuthority": null,
    "regCapital": null,
    "regRealNaImpName": null,
    "regRealNaImpType": null,
    "servHostingContractFilePath": null,
    "servHostingContractFileRid": null,
    "servHostingOrg": null,
    "servSysBuildContractFilePath": null,
    "servSysBuildContractFileRid": null,
    "servSysBuildName": null,
    "servSysBuildType": 1,
    "servSysOperContractFilePath": null,
    "servSysOperContractFileRid": null,
    "servSysOperName": null,
    "servSysOperType": 1,
    "svtrid": null,
    "thirdServiceMsg": null,
    "thirdServiceStatus": null,
    "updateDate": "2023-06-14 10:44:25",
    "userId": 1354,
    "userName": "xovpO18s1ZP1JKF6E26Z6LH1mXUes5zS",
    "website": null
}

2023-06-14 10:44:25.230 | DEBUG    | httprunner.client:log_print:40 - 
================== response details ==================
status_code : 200
headers  : {
    "Server": "nginx",
    "Date": "Wed, 14 Jun 2023 02:44:25 GMT",
    "Content-Type": "application/json;charset=UTF-8",
    "Transfer-Encoding": "chunked",
    "Connection": "keep-alive",
    "X-Frame-Options": "SAMEORIGIN"
}
cookies  : {}
encoding : UTF-8
content_type : application/json;charset=UTF-8
body     : {
    "message": "success",
    "status": 1,
    "data": true
}

2023-06-14 10:44:25.231 | INFO     | httprunner.client:request:217 - status_code: 200, response_time(ms): 181.8 ms, response_length: 0 bytes
2023-06-14 10:44:25.231 | INFO     | httprunner.response:validate:249 - assert status_code equal 200(int)	==> pass
2023-06-14 10:44:25.232 | INFO     | httprunner.response:validate:249 - assert body.message equal success(str)	==> pass
2023-06-14 10:44:25.232 | INFO     | httprunner.runner:__run_step:304 - run step end: 企业注册最终第三步提交信息 <<<<<<

2023-06-14 10:44:25.233 | INFO     | httprunner.runner:__run_step:304 - run step end: 企业注册最终第三步提交信息 <<<<<<

2023-06-14 10:44:25.234 | INFO     | httprunner.runner:__run_step:292 - run step begin: 登录-管理员 >>>>>>
2023-06-14 10:44:25.236 | INFO     | httprunner.runner:__run_step:292 - run step begin: 登录-企业用户 >>>>>>
2023-06-14 10:44:25.319 | DEBUG    | httprunner.client:request:186 - client IP: 10.14.148.129, Port: 59378
2023-06-14 10:44:25.320 | DEBUG    | httprunner.client:request:194 - server IP: 139.198.116.76, Port: 8000
2023-06-14 10:44:25.322 | DEBUG    | httprunner.client:log_print:40 - 
================== request details ==================
method   : POST
url      : http://139.198.116.76:8000/api/home/test/login
headers  : {
    "User-Agent": "python-requests/2.28.1",
    "Accept-Encoding": "gzip, deflate, br",
    "Accept": "*/*",
    "Connection": "keep-alive",
    "Content-Length": "144",
    "Content-Type": "application/json",
    "HRUN-Request-ID": "HRUN-6a67ead8-8669-4fd1-ae89-406a858da2dc-665236",
    "Cookie": "SESSION=ZTk0OGY5MmItZTY2MS00ZjBmLTgxYjItMjJjZTFiNDQzYWM0"
}
cookies  : {
    "SESSION": "ZTk0OGY5MmItZTY2MS00ZjBmLTgxYjItMjJjZTFiNDQzYWM0"
}
body     : {
    "captcha": "0000",
    "captchaSign": "5d39bab12bba81ab59b3931d2ca06ee9603c3803355932be66974f122cab3502",
    "emailCaptcha": "",
    "username": "adminy"
}

2023-06-14 10:44:25.323 | DEBUG    | httprunner.client:log_print:40 - 
================== response details ==================
status_code : 200
headers  : {
    "Server": "nginx",
    "Date": "Wed, 14 Jun 2023 02:44:25 GMT",
    "Content-Type": "application/json;charset=UTF-8",
    "Transfer-Encoding": "chunked",
    "Connection": "keep-alive",
    "Set-Cookie": "SESSION=OWM4ZGFmYzktZWNjYy00NzkwLThlYTktMjNlOWYxNmVhMTUz; Path=/; HttpOnly; SameSite=Lax",
    "X-Frame-Options": "SAMEORIGIN"
}
cookies  : {
    "SESSION": "OWM4ZGFmYzktZWNjYy00NzkwLThlYTktMjNlOWYxNmVhMTUz"
}
encoding : UTF-8
content_type : application/json;charset=UTF-8
body     : {
    "message": "success",
    "status": 1,
    "data": true
}

2023-06-14 10:44:25.323 | INFO     | httprunner.client:request:217 - status_code: 200, response_time(ms): 82.4 ms, response_length: 0 bytes
2023-06-14 10:44:25.324 | INFO     | httprunner.response:extract:179 - extract mapping: {'adminSession': 'response.headers."Set-Cookie".session'}
2023-06-14 10:44:25.324 | INFO     | httprunner.response:validate:249 - assert status_code equal 200(int)	==> pass
2023-06-14 10:44:25.325 | INFO     | httprunner.response:validate:249 - assert headers."Content-Type" equal application/json;charset=UTF-8(str)	==> pass
2023-06-14 10:44:25.325 | INFO     | httprunner.response:validate:249 - assert body.message equal success(str)	==> pass
2023-06-14 10:44:25.326 | INFO     | httprunner.response:validate:249 - assert body.status equal 1(int)	==> pass
2023-06-14 10:44:25.326 | INFO     | httprunner.response:validate:249 - assert body.data equal True(bool)	==> pass
2023-06-14 10:44:25.327 | INFO     | httprunner.runner:__run_step:304 - run step end: 登录-企业用户 <<<<<<

2023-06-14 10:44:25.327 | INFO     | httprunner.runner:__run_step_testcase:286 - export variables: {'adminSession': 'response.headers."Set-Cookie".session'}
2023-06-14 10:44:25.328 | INFO     | httprunner.runner:__run_step:304 - run step end: 登录-管理员 <<<<<<

2023-06-14 10:44:25.329 | INFO     | httprunner.runner:__run_step:292 - run step begin: 年费费用查询 >>>>>>
2023-06-14 10:44:25.330 | INFO     | httprunner.runner:__run_step:292 - run step begin: 财务规则查询-年费 >>>>>>
2023-06-14 10:44:25.387 | DEBUG    | httprunner.client:request:186 - client IP: 10.14.148.129, Port: 59378
2023-06-14 10:44:25.389 | DEBUG    | httprunner.client:request:194 - server IP: 139.198.116.76, Port: 8000
2023-06-14 10:44:25.390 | DEBUG    | httprunner.client:log_print:40 - 
================== request details ==================
method   : GET
url      : http://139.198.116.76:8000/api/finance/rule/findRule?cache=1663837640684&moneyType=2&userId=1354
headers  : {
    "User-Agent": "Mozilla/5.0 (Macintosh; Intel Mac OS X 10_15_7) AppleWebKit/537.36 (KHTML, like Gecko) Chrome/98.0.4758.102 Safari/537.36 Edg/98.0.1108.56",
    "Accept-Encoding": "gzip, deflate",
    "Accept": "application/json, text/plain, */*",
    "Connection": "keep-alive",
    "Accept-Language": "zh-CN,zh;q=0.9,en;q=0.8,en-GB;q=0.7,en-US;q=0.6",
    "HRUN-Request-ID": "HRUN-6a67ead8-8669-4fd1-ae89-406a858da2dc-665331",
    "Cookie": "SESSION=OWM4ZGFmYzktZWNjYy00NzkwLThlYTktMjNlOWYxNmVhMTUz; SESSION=response.headers.\"Set-Cookie\".session"
}
cookies  : {
    "SESSION": "OWM4ZGFmYzktZWNjYy00NzkwLThlYTktMjNlOWYxNmVhMTUz"
}
body     : None

2023-06-14 10:44:25.391 | DEBUG    | httprunner.client:log_print:40 - 
================== response details ==================
status_code : 200
headers  : {
    "Server": "nginx",
    "Date": "Wed, 14 Jun 2023 02:44:25 GMT",
    "Content-Type": "application/json;charset=UTF-8",
    "Transfer-Encoding": "chunked",
    "Connection": "keep-alive",
    "X-Frame-Options": "SAMEORIGIN"
}
cookies  : {}
encoding : UTF-8
content_type : application/json;charset=UTF-8
body     : {
    "message": "success",
    "status": 1,
    "data": [
        {
            "id": 78,
            "createDate": "2023-05-31 12:51:47",
            "updateDate": "2023-05-31 12:51:47",
            "name": "标准",
            "money": 10000.0,
            "moneyType": 2,
            "prefixCount": 1,
            "remart": "test",
            "entName": null,
            "entUserId": null,
            "ruleType": 2,
            "escrowId": null
        }
    ]
}

2023-06-14 10:44:25.392 | INFO     | httprunner.client:request:217 - status_code: 200, response_time(ms): 55.81 ms, response_length: 0 bytes
2023-06-14 10:44:25.393 | INFO     | httprunner.response:extract:179 - extract mapping: {'annualFeeRuleId': 78}
2023-06-14 10:44:25.393 | INFO     | httprunner.response:validate:249 - assert status_code equal 200(int)	==> pass
2023-06-14 10:44:25.394 | INFO     | httprunner.response:validate:249 - assert body.message equal success(str)	==> pass
2023-06-14 10:44:25.394 | INFO     | httprunner.response:validate:249 - assert body.status equal 1(int)	==> pass
2023-06-14 10:44:25.395 | INFO     | httprunner.runner:__run_step:304 - run step end: 财务规则查询-年费 <<<<<<

2023-06-14 10:44:25.395 | INFO     | httprunner.runner:__run_step_testcase:286 - export variables: {'annualFeeRuleId': 78}
2023-06-14 10:44:25.395 | INFO     | httprunner.runner:__run_step:304 - run step end: 年费费用查询 <<<<<<

2023-06-14 10:44:25.397 | INFO     | httprunner.runner:__run_step:292 - run step begin: 注册费费用查询 >>>>>>
2023-06-14 10:44:25.398 | INFO     | httprunner.runner:__run_step:292 - run step begin: 财务规则查询-注册费 >>>>>>
2023-06-14 10:44:25.456 | DEBUG    | httprunner.client:request:186 - client IP: 10.14.148.129, Port: 59378
2023-06-14 10:44:25.457 | DEBUG    | httprunner.client:request:194 - server IP: 139.198.116.76, Port: 8000
2023-06-14 10:44:25.458 | DEBUG    | httprunner.client:log_print:40 - 
================== request details ==================
method   : GET
url      : http://139.198.116.76:8000/api/finance/rule/findRule?moneyType=1&userId=1354
headers  : {
    "User-Agent": "Mozilla/5.0 (Macintosh; Intel Mac OS X 10_15_7) AppleWebKit/537.36 (KHTML, like Gecko) Chrome/98.0.4758.102 Safari/537.36 Edg/98.0.1108.56",
    "Accept-Encoding": "gzip, deflate",
    "Accept": "application/json, text/plain, */*",
    "Connection": "keep-alive",
    "Accept-Language": "zh-CN,zh;q=0.9,en;q=0.8,en-GB;q=0.7,en-US;q=0.6",
    "HRUN-Request-ID": "HRUN-6a67ead8-8669-4fd1-ae89-406a858da2dc-665399",
    "Cookie": "SESSION=OWM4ZGFmYzktZWNjYy00NzkwLThlYTktMjNlOWYxNmVhMTUz; SESSION=response.headers.\"Set-Cookie\".session"
}
cookies  : {
    "SESSION": "OWM4ZGFmYzktZWNjYy00NzkwLThlYTktMjNlOWYxNmVhMTUz"
}
body     : None

2023-06-14 10:44:25.459 | DEBUG    | httprunner.client:log_print:40 - 
================== response details ==================
status_code : 200
headers  : {
    "Server": "nginx",
    "Date": "Wed, 14 Jun 2023 02:44:25 GMT",
    "Content-Type": "application/json;charset=UTF-8",
    "Transfer-Encoding": "chunked",
    "Connection": "keep-alive",
    "X-Frame-Options": "SAMEORIGIN"
}
cookies  : {}
encoding : UTF-8
content_type : application/json;charset=UTF-8
body     : {
    "message": "success",
    "status": 1,
    "data": [
        {
            "id": 77,
            "createDate": "2023-05-31 12:51:33",
            "updateDate": "2023-05-31 12:51:33",
            "name": "标准",
            "money": 10000.0,
            "moneyType": 1,
            "prefixCount": 1,
            "remart": "test",
            "entName": null,
            "entUserId": null,
            "ruleType": 2,
            "escrowId": null
        }
    ]
}

2023-06-14 10:44:25.460 | INFO     | httprunner.client:request:217 - status_code: 200, response_time(ms): 57.13 ms, response_length: 0 bytes
2023-06-14 10:44:25.460 | INFO     | httprunner.response:extract:179 - extract mapping: {'regFeeRuleId': 77}
2023-06-14 10:44:25.461 | INFO     | httprunner.response:validate:249 - assert status_code equal 200(int)	==> pass
2023-06-14 10:44:25.461 | INFO     | httprunner.response:validate:249 - assert body.message equal success(str)	==> pass
2023-06-14 10:44:25.461 | INFO     | httprunner.response:validate:249 - assert body.status equal 1(int)	==> pass
2023-06-14 10:44:25.461 | INFO     | httprunner.runner:__run_step:304 - run step end: 财务规则查询-注册费 <<<<<<

2023-06-14 10:44:25.462 | INFO     | httprunner.runner:__run_step_testcase:286 - export variables: {'regFeeRuleId': 77}
2023-06-14 10:44:25.462 | INFO     | httprunner.runner:__run_step:304 - run step end: 注册费费用查询 <<<<<<

2023-06-14 10:44:25.462 | INFO     | httprunner.runner:__run_step:292 - run step begin: 审核结果保存 >>>>>>
2023-06-14 10:44:25.463 | INFO     | httprunner.runner:__run_step:292 - run step begin: 企业审核保存 >>>>>>
2023-06-14 10:44:26.496 | DEBUG    | httprunner.client:request:186 - client IP: 10.14.148.129, Port: 59378
2023-06-14 10:44:26.497 | DEBUG    | httprunner.client:request:194 - server IP: 139.198.116.76, Port: 8000
2023-06-14 10:44:26.498 | DEBUG    | httprunner.client:log_print:40 - 
================== request details ==================
method   : POST
url      : http://139.198.116.76:8000/api/v3/ent/audit/save?annualFeeRuleId=78&applyId=1143&auditMsg=%E5%AE%A1%E6%A0%B8%E9%80%9A%E8%BF%87&auditResult=pass&entPrefix=88.408.196338695275&regFeeRuleId=77
headers  : {
    "User-Agent": "Mozilla/5.0 (Macintosh; Intel Mac OS X 10_15_7) AppleWebKit/537.36 (KHTML, like Gecko) Chrome/98.0.4758.102 Safari/537.36 Edg/98.0.1108.56",
    "Accept-Encoding": "gzip, deflate",
    "Accept": "application/json, text/plain, */*",
    "Connection": "keep-alive",
    "Accept-Language": "zh-CN,zh;q=0.9,en;q=0.8,en-GB;q=0.7,en-US;q=0.6",
    "Content-Length": "0",
    "HRUN-Request-ID": "HRUN-6a67ead8-8669-4fd1-ae89-406a858da2dc-665464",
    "Cookie": "SESSION=OWM4ZGFmYzktZWNjYy00NzkwLThlYTktMjNlOWYxNmVhMTUz; SESSION=response.headers.\"Set-Cookie\".session"
}
cookies  : {
    "SESSION": "OWM4ZGFmYzktZWNjYy00NzkwLThlYTktMjNlOWYxNmVhMTUz"
}
body     : None

2023-06-14 10:44:26.500 | DEBUG    | httprunner.client:log_print:40 - 
================== response details ==================
status_code : 200
headers  : {
    "Server": "nginx",
    "Date": "Wed, 14 Jun 2023 02:44:26 GMT",
    "Content-Type": "application/json",
    "Transfer-Encoding": "chunked",
    "Connection": "keep-alive",
    "X-Frame-Options": "SAMEORIGIN"
}
cookies  : {}
encoding : utf-8
content_type : application/json
body     : {
    "message": "success",
    "status": 1,
    "data": true
}

2023-06-14 10:44:26.501 | INFO     | httprunner.client:request:217 - status_code: 200, response_time(ms): 1031.57 ms, response_length: 0 bytes
2023-06-14 10:44:26.501 | INFO     | httprunner.response:validate:249 - assert status_code equal 200(int)	==> pass
2023-06-14 10:44:26.502 | INFO     | httprunner.response:validate:249 - assert body.message equal success(str)	==> pass
2023-06-14 10:44:26.502 | INFO     | httprunner.response:validate:249 - assert body.status equal 1(int)	==> pass
2023-06-14 10:44:26.503 | INFO     | httprunner.response:validate:249 - assert body.data equal True(bool)	==> pass
2023-06-14 10:44:26.503 | INFO     | httprunner.runner:__run_step:304 - run step end: 企业审核保存 <<<<<<

2023-06-14 10:44:26.504 | INFO     | httprunner.runner:__run_step:304 - run step end: 审核结果保存 <<<<<<

2023-06-14 10:44:26.505 | INFO     | httprunner.runner:__run_step:292 - run step begin: 前缀分配列表 >>>>>>
2023-06-14 10:44:26.507 | INFO     | httprunner.runner:__run_step:292 - run step begin: 前缀分配分页 >>>>>>
2023-06-14 10:44:26.569 | DEBUG    | httprunner.client:request:186 - client IP: 10.14.148.129, Port: 59378
2023-06-14 10:44:26.570 | DEBUG    | httprunner.client:request:194 - server IP: 139.198.116.76, Port: 8000
2023-06-14 10:44:26.571 | DEBUG    | httprunner.client:log_print:40 - 
================== request details ==================
method   : GET
url      : http://139.198.116.76:8000/api/v3/ent/prefix/alloc/pageQuery?currentPage=1&order=&orderProp=&orgName=hIGFcegKkYvZbDUnVkaQKo9O6btBt8ug
headers  : {
    "User-Agent": "Mozilla/5.0 (Macintosh; Intel Mac OS X 10_15_7) AppleWebKit/537.36 (KHTML, like Gecko) Chrome/98.0.4758.102 Safari/537.36 Edg/98.0.1108.56",
    "Accept-Encoding": "gzip, deflate",
    "Accept": "application/json, text/plain, */*",
    "Connection": "keep-alive",
    "Accept-Language": "zh-CN,zh;q=0.9,en;q=0.8,en-GB;q=0.7,en-US;q=0.6",
    "HRUN-Request-ID": "HRUN-6a67ead8-8669-4fd1-ae89-406a858da2dc-666507",
    "Cookie": "SESSION=OWM4ZGFmYzktZWNjYy00NzkwLThlYTktMjNlOWYxNmVhMTUz; SESSION=response.headers.\"Set-Cookie\".session"
}
cookies  : {
    "SESSION": "OWM4ZGFmYzktZWNjYy00NzkwLThlYTktMjNlOWYxNmVhMTUz"
}
body     : None

2023-06-14 10:44:26.574 | DEBUG    | httprunner.client:log_print:40 - 
================== response details ==================
status_code : 200
headers  : {
    "Server": "nginx",
    "Date": "Wed, 14 Jun 2023 02:44:26 GMT",
    "Content-Type": "application/json",
    "Transfer-Encoding": "chunked",
    "Connection": "keep-alive",
    "X-Frame-Options": "SAMEORIGIN"
}
cookies  : {}
encoding : utf-8
content_type : application/json
body     : {
    "message": "success",
    "status": 1,
    "data": {
        "first": true,
        "last": true,
        "totalPages": 1,
        "totalElements": 1,
        "number": 1,
        "size": 10,
        "sort": null,
        "numberOfElements": 1,
        "content": [
            {
                "orgName": "hIGFcegKkYvZbDUnVkaQKo9O6btBt8ug",
                "entPrefix": "88.408.196338695275",
                "orgTypeDesc": "国有控股",
                "escrowOrgName": null,
                "orgCategorySpecificDesc": "农、林、牧、渔业-农业",
                "orgCrtCode": "2bZnMFlEx0e1JVOvl9LFI10TO7FbKxWL",
                "userId": 1354,
                "updateDate": "2023-06-14 10:44:26"
            }
        ]
    }
}

2023-06-14 10:44:26.574 | INFO     | httprunner.client:request:217 - status_code: 200, response_time(ms): 61.43 ms, response_length: 0 bytes
2023-06-14 10:44:26.575 | INFO     | httprunner.response:extract:179 - extract mapping: {'userId': 1354, 'orgName': 'hIGFcegKkYvZbDUnVkaQKo9O6btBt8ug'}
2023-06-14 10:44:26.576 | INFO     | httprunner.response:validate:249 - assert status_code equal 200(int)	==> pass
2023-06-14 10:44:26.576 | INFO     | httprunner.response:validate:249 - assert body.message equal success(str)	==> pass
2023-06-14 10:44:26.576 | INFO     | httprunner.response:validate:249 - assert body.status equal 1(int)	==> pass
2023-06-14 10:44:26.577 | INFO     | httprunner.response:validate:249 - assert body.data.content[0].entPrefix equal 88.408.196338695275(str)	==> pass
2023-06-14 10:44:26.577 | INFO     | httprunner.runner:__run_step:304 - run step end: 前缀分配分页 <<<<<<

2023-06-14 10:44:26.577 | INFO     | httprunner.runner:__run_step_testcase:286 - export variables: {'orgName': 'hIGFcegKkYvZbDUnVkaQKo9O6btBt8ug', 'userId': 1354}
2023-06-14 10:44:26.578 | INFO     | httprunner.runner:__run_step:304 - run step end: 前缀分配列表 <<<<<<

2023-06-14 10:44:26.579 | INFO     | httprunner.runner:__run_step:292 - run step begin: 收费标准查询-注册费 >>>>>>
2023-06-14 10:44:26.580 | INFO     | httprunner.runner:__run_step:292 - run step begin: 财务规则查询-注册费 >>>>>>
2023-06-14 10:44:26.639 | DEBUG    | httprunner.client:request:186 - client IP: 10.14.148.129, Port: 59378
2023-06-14 10:44:26.640 | DEBUG    | httprunner.client:request:194 - server IP: 139.198.116.76, Port: 8000
2023-06-14 10:44:26.641 | DEBUG    | httprunner.client:log_print:40 - 
================== request details ==================
method   : GET
url      : http://139.198.116.76:8000/api/finance/rule/findRule?moneyType=1&userId=1354
headers  : {
    "User-Agent": "Mozilla/5.0 (Macintosh; Intel Mac OS X 10_15_7) AppleWebKit/537.36 (KHTML, like Gecko) Chrome/98.0.4758.102 Safari/537.36 Edg/98.0.1108.56",
    "Accept-Encoding": "gzip, deflate",
    "Accept": "application/json, text/plain, */*",
    "Connection": "keep-alive",
    "Accept-Language": "zh-CN,zh;q=0.9,en;q=0.8,en-GB;q=0.7,en-US;q=0.6",
    "HRUN-Request-ID": "HRUN-6a67ead8-8669-4fd1-ae89-406a858da2dc-666581",
    "Cookie": "SESSION=OWM4ZGFmYzktZWNjYy00NzkwLThlYTktMjNlOWYxNmVhMTUz; SESSION=response.headers.\"Set-Cookie\".session"
}
cookies  : {
    "SESSION": "OWM4ZGFmYzktZWNjYy00NzkwLThlYTktMjNlOWYxNmVhMTUz"
}
body     : None

2023-06-14 10:44:26.642 | DEBUG    | httprunner.client:log_print:40 - 
================== response details ==================
status_code : 200
headers  : {
    "Server": "nginx",
    "Date": "Wed, 14 Jun 2023 02:44:26 GMT",
    "Content-Type": "application/json;charset=UTF-8",
    "Transfer-Encoding": "chunked",
    "Connection": "keep-alive",
    "X-Frame-Options": "SAMEORIGIN"
}
cookies  : {}
encoding : UTF-8
content_type : application/json;charset=UTF-8
body     : {
    "message": "success",
    "status": 1,
    "data": [
        {
            "id": 77,
            "createDate": "2023-05-31 12:51:33",
            "updateDate": "2023-05-31 12:51:33",
            "name": "标准",
            "money": 10000.0,
            "moneyType": 1,
            "prefixCount": 1,
            "remart": "test",
            "entName": null,
            "entUserId": null,
            "ruleType": 2,
            "escrowId": null
        }
    ]
}

2023-06-14 10:44:26.642 | INFO     | httprunner.client:request:217 - status_code: 200, response_time(ms): 57.25 ms, response_length: 0 bytes
2023-06-14 10:44:26.642 | INFO     | httprunner.response:extract:179 - extract mapping: {'regFeeRuleId': 77}
2023-06-14 10:44:26.643 | INFO     | httprunner.response:validate:249 - assert status_code equal 200(int)	==> pass
2023-06-14 10:44:26.643 | INFO     | httprunner.response:validate:249 - assert body.message equal success(str)	==> pass
2023-06-14 10:44:26.643 | INFO     | httprunner.response:validate:249 - assert body.status equal 1(int)	==> pass
2023-06-14 10:44:26.643 | INFO     | httprunner.runner:__run_step:304 - run step end: 财务规则查询-注册费 <<<<<<

2023-06-14 10:44:26.644 | INFO     | httprunner.runner:__run_step_testcase:286 - export variables: {'regFeeRuleId': 77}
2023-06-14 10:44:26.644 | INFO     | httprunner.runner:__run_step:304 - run step end: 收费标准查询-注册费 <<<<<<

2023-06-14 10:44:26.645 | INFO     | httprunner.runner:__run_step:292 - run step begin: 收费标准查询-年费 >>>>>>
2023-06-14 10:44:26.646 | INFO     | httprunner.runner:__run_step:292 - run step begin: 财务规则查询-年费 >>>>>>
2023-06-14 10:44:26.701 | DEBUG    | httprunner.client:request:186 - client IP: 10.14.148.129, Port: 59378
2023-06-14 10:44:26.702 | DEBUG    | httprunner.client:request:194 - server IP: 139.198.116.76, Port: 8000
2023-06-14 10:44:26.703 | DEBUG    | httprunner.client:log_print:40 - 
================== request details ==================
method   : GET
url      : http://139.198.116.76:8000/api/finance/rule/findRule?cache=1663837640684&moneyType=2&userId=1354
headers  : {
    "User-Agent": "Mozilla/5.0 (Macintosh; Intel Mac OS X 10_15_7) AppleWebKit/537.36 (KHTML, like Gecko) Chrome/98.0.4758.102 Safari/537.36 Edg/98.0.1108.56",
    "Accept-Encoding": "gzip, deflate",
    "Accept": "application/json, text/plain, */*",
    "Connection": "keep-alive",
    "Accept-Language": "zh-CN,zh;q=0.9,en;q=0.8,en-GB;q=0.7,en-US;q=0.6",
    "HRUN-Request-ID": "HRUN-6a67ead8-8669-4fd1-ae89-406a858da2dc-666647",
    "Cookie": "SESSION=OWM4ZGFmYzktZWNjYy00NzkwLThlYTktMjNlOWYxNmVhMTUz; SESSION=response.headers.\"Set-Cookie\".session"
}
cookies  : {
    "SESSION": "OWM4ZGFmYzktZWNjYy00NzkwLThlYTktMjNlOWYxNmVhMTUz"
}
body     : None

2023-06-14 10:44:26.704 | DEBUG    | httprunner.client:log_print:40 - 
================== response details ==================
status_code : 200
headers  : {
    "Server": "nginx",
    "Date": "Wed, 14 Jun 2023 02:44:26 GMT",
    "Content-Type": "application/json;charset=UTF-8",
    "Transfer-Encoding": "chunked",
    "Connection": "keep-alive",
    "X-Frame-Options": "SAMEORIGIN"
}
cookies  : {}
encoding : UTF-8
content_type : application/json;charset=UTF-8
body     : {
    "message": "success",
    "status": 1,
    "data": [
        {
            "id": 78,
            "createDate": "2023-05-31 12:51:47",
            "updateDate": "2023-05-31 12:51:47",
            "name": "标准",
            "money": 10000.0,
            "moneyType": 2,
            "prefixCount": 1,
            "remart": "test",
            "entName": null,
            "entUserId": null,
            "ruleType": 2,
            "escrowId": null
        }
    ]
}

2023-06-14 10:44:26.705 | INFO     | httprunner.client:request:217 - status_code: 200, response_time(ms): 53.77 ms, response_length: 0 bytes
2023-06-14 10:44:26.706 | INFO     | httprunner.response:extract:179 - extract mapping: {'annualFeeRuleId': 78}
2023-06-14 10:44:26.706 | INFO     | httprunner.response:validate:249 - assert status_code equal 200(int)	==> pass
2023-06-14 10:44:26.707 | INFO     | httprunner.response:validate:249 - assert body.message equal success(str)	==> pass
2023-06-14 10:44:26.708 | INFO     | httprunner.response:validate:249 - assert body.status equal 1(int)	==> pass
2023-06-14 10:44:26.708 | INFO     | httprunner.runner:__run_step:304 - run step end: 财务规则查询-年费 <<<<<<

2023-06-14 10:44:26.709 | INFO     | httprunner.runner:__run_step_testcase:286 - export variables: {'annualFeeRuleId': 78}
2023-06-14 10:44:26.709 | INFO     | httprunner.runner:__run_step:304 - run step end: 收费标准查询-年费 <<<<<<

2023-06-14 10:44:26.710 | INFO     | httprunner.runner:__run_step:292 - run step begin: 保存分配前缀 >>>>>>
2023-06-14 10:44:26.712 | INFO     | httprunner.runner:__run_step:292 - run step begin: 保存再分配的前缀 >>>>>>
2023-06-14 10:44:27.415 | DEBUG    | httprunner.client:request:186 - client IP: 10.14.148.129, Port: 59378
2023-06-14 10:44:27.416 | DEBUG    | httprunner.client:request:194 - server IP: 139.198.116.76, Port: 8000
2023-06-14 10:44:27.418 | DEBUG    | httprunner.client:log_print:40 - 
================== request details ==================
method   : POST
url      : http://139.198.116.76:8000/api/v3/ent/prefix/alloc/savePrefix?annualFeeRuleId=78&pendingPrefix=88.408.731027913103&regFeeRuleId=77&userId=1354
headers  : {
    "User-Agent": "Mozilla/5.0 (Macintosh; Intel Mac OS X 10_15_7) AppleWebKit/537.36 (KHTML, like Gecko) Chrome/98.0.4758.102 Safari/537.36 Edg/98.0.1108.56",
    "Accept-Encoding": "gzip, deflate",
    "Accept": "application/json, text/plain, */*",
    "Connection": "keep-alive",
    "Accept-Language": "zh-CN,zh;q=0.9,en;q=0.8,en-GB;q=0.7,en-US;q=0.6",
    "Content-Length": "0",
    "HRUN-Request-ID": "HRUN-6a67ead8-8669-4fd1-ae89-406a858da2dc-666713",
    "Cookie": "SESSION=OWM4ZGFmYzktZWNjYy00NzkwLThlYTktMjNlOWYxNmVhMTUz; SESSION=response.headers.\"Set-Cookie\".session"
}
cookies  : {
    "SESSION": "OWM4ZGFmYzktZWNjYy00NzkwLThlYTktMjNlOWYxNmVhMTUz"
}
body     : None

2023-06-14 10:44:27.419 | DEBUG    | httprunner.client:log_print:40 - 
================== response details ==================
status_code : 200
headers  : {
    "Server": "nginx",
    "Date": "Wed, 14 Jun 2023 02:44:27 GMT",
    "Content-Type": "application/json",
    "Transfer-Encoding": "chunked",
    "Connection": "keep-alive",
    "X-Frame-Options": "SAMEORIGIN"
}
cookies  : {}
encoding : utf-8
content_type : application/json
body     : {
    "message": "success",
    "status": 1,
    "data": "分配完成"
}

2023-06-14 10:44:27.420 | INFO     | httprunner.client:request:217 - status_code: 200, response_time(ms): 701.75 ms, response_length: 0 bytes
2023-06-14 10:44:27.421 | INFO     | httprunner.response:validate:249 - assert status_code equal 200(int)	==> pass
2023-06-14 10:44:27.421 | INFO     | httprunner.response:validate:249 - assert body.message equal success(str)	==> pass
2023-06-14 10:44:27.422 | INFO     | httprunner.response:validate:249 - assert body.status equal 1(int)	==> pass
2023-06-14 10:44:27.422 | INFO     | httprunner.response:validate:249 - assert body.data equal 分配完成(str)	==> pass
2023-06-14 10:44:27.422 | INFO     | httprunner.runner:__run_step:304 - run step end: 保存再分配的前缀 <<<<<<

2023-06-14 10:44:27.423 | INFO     | httprunner.runner:__run_step:304 - run step end: 保存分配前缀 <<<<<<

2023-06-14 10:44:27.424 | INFO     | httprunner.runner:__run_step:292 - run step begin: 前缀分配列表 >>>>>>
2023-06-14 10:44:27.426 | INFO     | httprunner.runner:__run_step:292 - run step begin: 前缀分配分页 >>>>>>
2023-06-14 10:44:27.490 | DEBUG    | httprunner.client:request:186 - client IP: 10.14.148.129, Port: 59378
2023-06-14 10:44:27.490 | DEBUG    | httprunner.client:request:194 - server IP: 139.198.116.76, Port: 8000
2023-06-14 10:44:27.492 | DEBUG    | httprunner.client:log_print:40 - 
================== request details ==================
method   : GET
url      : http://139.198.116.76:8000/api/v3/ent/prefix/alloc/pageQuery?currentPage=1&order=&orderProp=&orgName=hIGFcegKkYvZbDUnVkaQKo9O6btBt8ug
headers  : {
    "User-Agent": "Mozilla/5.0 (Macintosh; Intel Mac OS X 10_15_7) AppleWebKit/537.36 (KHTML, like Gecko) Chrome/98.0.4758.102 Safari/537.36 Edg/98.0.1108.56",
    "Accept-Encoding": "gzip, deflate",
    "Accept": "application/json, text/plain, */*",
    "Connection": "keep-alive",
    "Accept-Language": "zh-CN,zh;q=0.9,en;q=0.8,en-GB;q=0.7,en-US;q=0.6",
    "HRUN-Request-ID": "HRUN-6a67ead8-8669-4fd1-ae89-406a858da2dc-667426",
    "Cookie": "SESSION=OWM4ZGFmYzktZWNjYy00NzkwLThlYTktMjNlOWYxNmVhMTUz; SESSION=response.headers.\"Set-Cookie\".session"
}
cookies  : {
    "SESSION": "OWM4ZGFmYzktZWNjYy00NzkwLThlYTktMjNlOWYxNmVhMTUz"
}
body     : None

2023-06-14 10:44:27.494 | DEBUG    | httprunner.client:log_print:40 - 
================== response details ==================
status_code : 200
headers  : {
    "Server": "nginx",
    "Date": "Wed, 14 Jun 2023 02:44:27 GMT",
    "Content-Type": "application/json",
    "Transfer-Encoding": "chunked",
    "Connection": "keep-alive",
    "X-Frame-Options": "SAMEORIGIN"
}
cookies  : {}
encoding : utf-8
content_type : application/json
body     : {
    "message": "success",
    "status": 1,
    "data": {
        "first": true,
        "last": true,
        "totalPages": 1,
        "totalElements": 1,
        "number": 1,
        "size": 10,
        "sort": null,
        "numberOfElements": 1,
        "content": [
            {
                "orgName": "hIGFcegKkYvZbDUnVkaQKo9O6btBt8ug",
                "entPrefix": "88.408.196338695275,88.408.731027913103",
                "orgTypeDesc": "国有控股",
                "escrowOrgName": null,
                "orgCategorySpecificDesc": "农、林、牧、渔业-农业",
                "orgCrtCode": "2bZnMFlEx0e1JVOvl9LFI10TO7FbKxWL",
                "userId": 1354,
                "updateDate": "2023-06-14 10:44:26"
            }
        ]
    }
}

2023-06-14 10:44:27.494 | INFO     | httprunner.client:request:217 - status_code: 200, response_time(ms): 63.13 ms, response_length: 0 bytes
2023-06-14 10:44:27.495 | INFO     | httprunner.response:extract:179 - extract mapping: {'userId': 1354, 'orgName': 'hIGFcegKkYvZbDUnVkaQKo9O6btBt8ug'}
2023-06-14 10:44:27.495 | INFO     | httprunner.response:validate:249 - assert status_code equal 200(int)	==> pass
2023-06-14 10:44:27.496 | INFO     | httprunner.response:validate:249 - assert body.message equal success(str)	==> pass
2023-06-14 10:44:27.497 | INFO     | httprunner.response:validate:249 - assert body.status equal 1(int)	==> pass
2023-06-14 10:44:27.497 | INFO     | httprunner.response:validate:249 - assert body.data.content[0].entPrefix equal 88.408.196338695275,88.408.731027913103(str)	==> pass
2023-06-14 10:44:27.498 | INFO     | httprunner.runner:__run_step:304 - run step end: 前缀分配分页 <<<<<<

2023-06-14 10:44:27.498 | INFO     | httprunner.runner:__run_step_testcase:286 - export variables: {'orgName': 'hIGFcegKkYvZbDUnVkaQKo9O6btBt8ug', 'userId': 1354}
2023-06-14 10:44:27.499 | INFO     | httprunner.runner:__run_step:304 - run step end: 前缀分配列表 <<<<<<

2023-06-14 10:44:27.500 | INFO     | httprunner.runner:__run_step:292 - run step begin: 查看详情 >>>>>>
2023-06-14 10:44:27.502 | INFO     | httprunner.runner:__run_step:292 - run step begin: 企业信息详情 >>>>>>
2023-06-14 10:44:27.583 | DEBUG    | httprunner.client:request:186 - client IP: 10.14.148.129, Port: 59378
2023-06-14 10:44:27.583 | DEBUG    | httprunner.client:request:194 - server IP: 139.198.116.76, Port: 8000
2023-06-14 10:44:27.584 | DEBUG    | httprunner.client:log_print:40 - 
================== request details ==================
method   : GET
url      : http://139.198.116.76:8000/api/v3/ent/detail?isSensetive=1&userId=1354
headers  : {
    "User-Agent": "Mozilla/5.0 (Macintosh; Intel Mac OS X 10_15_7) AppleWebKit/537.36 (KHTML, like Gecko) Chrome/98.0.4758.102 Safari/537.36 Edg/98.0.1108.56",
    "Accept-Encoding": "gzip, deflate",
    "Accept": "application/json, text/plain, */*",
    "Connection": "keep-alive",
    "Accept-Language": "zh-CN,zh;q=0.9,en;q=0.8,en-GB;q=0.7,en-US;q=0.6",
    "HRUN-Request-ID": "HRUN-6a67ead8-8669-4fd1-ae89-406a858da2dc-667502",
    "Cookie": "SESSION=OWM4ZGFmYzktZWNjYy00NzkwLThlYTktMjNlOWYxNmVhMTUz; SESSION=response.headers.\"Set-Cookie\".session"
}
cookies  : {
    "SESSION": "OWM4ZGFmYzktZWNjYy00NzkwLThlYTktMjNlOWYxNmVhMTUz"
}
body     : None

2023-06-14 10:44:27.589 | DEBUG    | httprunner.client:log_print:40 - 
================== response details ==================
status_code : 200
headers  : {
    "Server": "nginx",
    "Date": "Wed, 14 Jun 2023 02:44:27 GMT",
    "Content-Type": "application/json;charset=UTF-8",
    "Transfer-Encoding": "chunked",
    "Connection": "keep-alive",
    "X-Frame-Options": "SAMEORIGIN"
}
cookies  : {}
encoding : UTF-8
content_type : application/json;charset=UTF-8
body     : {
    "message": "success",
    "status": 1,
    "data": {
        "nbmsEntPO": {
            "id": 430,
            "createDate": "2023-06-14 10:44:26",
            "updateDate": "2023-06-14 10:44:26",
            "entGeneralId": "2811184100000005",
            "userId": 1354,
            "userName": "xovpO18s1ZP1JKF6E26Z6LH1mXUes5zS",
            "sync": null,
            "orgName": "hIGFcegKkYvZbDUnVkaQKo9O6btBt8ug",
            "orgNature": "1",
            "orgAddrProvince": "110000",
            "orgAddrCity": "110100",
            "orgAddrCounty": "110101",
            "orgAddr": "致真",
            "orgCrtType": "1",
            "orgCrtCode": "2bZnMFlEx0e1JVOvl9LFI10TO7FbKxWL",
            "legalName": "*三",
            "legalCrtType": "1",
            "legalCrtNo": "**************971X",
            "orgDesc": null,
            "industryCategory": "A",
            "industrySpecific": "01",
            "contactName": "******************************zS",
            "contactPhone": "158****8030",
            "contactCrtType": 1,
            "contactCrtNo": "**************971X",
            "contactEmail": "89W*************@qaqseq.com",
            "website": null,
            "regAuthority": null,
            "regCapital": null,
            "establishDate": null,
            "periodValidity": null,
            "legalEmail": null,
            "legalPhone": null,
            "legalFax": null,
            "servSysBuildType": 1,
            "servSysBuildName": null,
            "servSysOperType": "1",
            "servSysOperName": null,
            "dataHostingOrg": null,
            "servHostingOrg": null,
            "regRealNaImpType": null,
            "regRealNaImpName": null,
            "idRegNaImp": null,
            "extWebName": null,
            "extDomain": null,
            "extIpAddr": null,
            "orgCrtImgRid": 2134,
            "contactCrtFrontImgRid": 2135,
            "contactCrtBackImgRid": 2136,
            "legalCrtFrontImgRid": 2135,
            "legalCrtBackImgRid": 2136,
            "servSysBuildContractFileRid": null,
            "servSysOperContractFileRid": null,
            "dataHostingContractFileRid": null,
            "servHostingContractFileRid": null,
            "isDeleted": 0,
            "xmlCreated": 0,
            "xmlUpdateTime": null,
            "xmlDeleted": 0,
            "xmlSync": 0,
            "entInfoLicenses": [],
            "entInfoSyss": [
                {
                    "id": 1325,
                    "entId": 430,
                    "sysType": 1,
                    "deployMode": 1,
                    "deployAddr": "致真",
                    "deployAddrProvince": "110000",
                    "deployAddrCity": "110100",
                    "deployAddrCounty": "110101",
                    "name": null,
                    "ipPort": null
                },
                {
                    "id": 1326,
                    "entId": 430,
                    "sysType": 2,
                    "deployMode": 1,
                    "deployAddr": "致真",
                    "deployAddrProvince": "110000",
                    "deployAddrCity": "110100",
                    "deployAddrCounty": "110101",
                    "name": null,
                    "ipPort": null
                },
                {
                    "id": 1327,
                    "entId": 430,
                    "sysType": 3,
                    "deployMode": 1,
                    "deployAddr": "天津",
                    "deployAddrProvince": "120000",
                    "deployAddrCity": "120100",
                    "deployAddrCounty": "120101",
                    "name": null,
                    "ipPort": null
                },
                {
                    "id": 1328,
                    "entId": 430,
                    "sysType": 4,
                    "deployMode": 1,
                    "deployAddr": "天津",
                    "deployAddrProvince": "120000",
                    "deployAddrCity": "120100",
                    "deployAddrCounty": "120101",
                    "name": null,
                    "ipPort": null
                }
            ],
            "entInfoSerIndustrys": [],
            "escrowId": null,
            "industryQualificationRid": null,
            "certificationRid": null,
            "openingBank": null,
            "bankCard": null,
            "orgTypeDesc": "国有控股",
            "orgCrtImgContent": null,
            "orgAddrProvinceDesc": "北京市",
            "orgAddrCountyDesc": "东城区",
            "orgAddrCityDesc": "市辖区",
            "orgCategorySpecificDesc": "农、林、牧、渔业-农业",
            "legalCrtTypeDesc": "中国居民身份证",
            "legalCrtFrontImgContent": null,
            "legalCrtBackImgContent": null,
            "entPrefix": "88.408.196338695275,88.408.731027913103",
            "shrPrefix": null,
            "orgCrtImgPath": "cc279ec1-1daa-43fc-a5c8-e8da0d8ee43d.jpeg",
            "contactCrtFrontImgPath": "becfe858-39c6-4650-a7fd-cd4edbba201e.jpeg",
            "contactCrtBackImgPath": "f990b319-b528-4238-9b51-95702e6af5f0.jpeg",
            "legalCrtFrontImgPath": "becfe858-39c6-4650-a7fd-cd4edbba201e.jpeg",
            "legalCrtBackImgPath": "f990b319-b528-4238-9b51-95702e6af5f0.jpeg",
            "servSysBuildContractFilePath": null,
            "servSysOperContractFilePath": null,
            "dataHostingContractFilePath": null,
            "servHostingContractFilePath": null,
            "industryQualificationFilePath": null,
            "certificationFilePath": null,
            "escrowOrgName": null
        },
        "nbmsEntPrefixPOs": [
            {
                "id": 578,
                "createDate": "2023-06-14 10:44:26",
                "updateDate": "2023-06-14 10:44:26",
                "entPrefix": "88.408.196338695275",
                "state": 1,
                "historyState": 1,
                "entGeneralId": "2811184100000005",
                "entName": "hIGFcegKkYvZbDUnVkaQKo9O6btBt8ug",
                "userId": 1354,
                "proxyState": 1,
                "prefixConfigPO": [],
                "escrowId": null
            },
            {
                "id": 579,
                "createDate": "2023-06-14 10:44:27",
                "updateDate": "2023-06-14 10:44:27",
                "entPrefix": "88.408.731027913103",
                "state": 1,
                "historyState": 1,
                "entGeneralId": "2811184100000005",
                "entName": "hIGFcegKkYvZbDUnVkaQKo9O6btBt8ug",
                "userId": 1354,
                "proxyState": 1,
                "prefixConfigPO": [],
                "escrowId": null
            }
        ]
    }
}

2023-06-14 10:44:27.589 | INFO     | httprunner.client:request:217 - status_code: 200, response_time(ms): 80.02 ms, response_length: 0 bytes
2023-06-14 10:44:27.590 | INFO     | httprunner.response:extract:179 - extract mapping: {'entId': 430}
2023-06-14 10:44:27.591 | INFO     | httprunner.response:validate:249 - assert status_code equal 200(int)	==> pass
2023-06-14 10:44:27.591 | INFO     | httprunner.response:validate:249 - assert body.message equal success(str)	==> pass
2023-06-14 10:44:27.592 | INFO     | httprunner.response:validate:249 - assert body.status equal 1(int)	==> pass
2023-06-14 10:44:27.592 | INFO     | httprunner.runner:__run_step:304 - run step end: 企业信息详情 <<<<<<

2023-06-14 10:44:27.592 | INFO     | httprunner.runner:__run_step_testcase:286 - export variables: {'entId': 430}
2023-06-14 10:44:27.593 | INFO     | httprunner.runner:__run_step:304 - run step end: 查看详情 <<<<<<

