2023-06-26 10:34:51.663 | INFO     | httprunner.runner:test_start:450 - Start to run testcase: 前缀审核列表-查询状态为通过, TestCase ID: 6c3a47b7-5842-4123-ab7d-c8e7d2b3f502
2023-06-26 10:34:51.664 | INFO     | httprunner.runner:__run_step:292 - run step begin: 用户注册 >>>>>>
2023-06-26 10:34:51.664 | INFO     | httprunner.runner:__run_step:292 - run step begin: 用户注册 >>>>>>
2023-06-26 10:34:51.766 | DEBUG    | httprunner.client:request:186 - client IP: 127.0.0.1, Port: 51329
2023-06-26 10:34:51.766 | DEBUG    | httprunner.client:request:194 - server IP: 127.0.0.1, Port: 8888
2023-06-26 10:34:51.767 | DEBUG    | httprunner.client:log_print:40 - 
================== request details ==================
method   : POST
url      : http://139.198.116.76:8000/api/home/test/registry
headers  : {
    "User-Agent": "Mozilla/5.0 (Windows NT 10.0; WOW64) AppleWebKit/537.36 (KHTML, like Gecko) Chrome/100.0.4896.60 Safari/537.36",
    "Accept-Encoding": "gzip, deflate",
    "Accept": "application/json, text/plain, */*",
    "Connection": "keep-alive",
    "Accept-Language": "zh-CN,zh;q=0.9",
    "HRUN-Request-ID": "HRUN-6c3a47b7-5842-4123-ab7d-c8e7d2b3f502-891664",
    "Content-Length": "187",
    "Content-Type": "application/json"
}
cookies  : {}
body     : {
    "email": "f7H6uR1nSLPM7iDW@qaqseq.com",
    "mobile": "16786297014",
    "openId": "",
    "openUserName": "",
    "password": "Admin@123",
    "remarks": "",
    "username": "IxqjEQu6LSbRBnHddz7tMhC6R7YxABFu"
}

2023-06-26 10:34:51.767 | DEBUG    | httprunner.client:log_print:40 - 
================== response details ==================
status_code : 200
headers  : {
    "Server": "nginx",
    "Date": "Mon, 26 Jun 2023 02:34:51 GMT",
    "Content-Type": "application/json",
    "Transfer-Encoding": "chunked",
    "X-Frame-Options": "SAMEORIGIN",
    "Connection": "keep-alive"
}
cookies  : {}
encoding : utf-8
content_type : application/json
body     : {
    "message": "success",
    "status": 1,
    "data": true
}

2023-06-26 10:34:51.767 | INFO     | httprunner.client:request:217 - status_code: 200, response_time(ms): 101.66 ms, response_length: 0 bytes
2023-06-26 10:34:51.767 | INFO     | httprunner.response:validate:249 - assert status_code equal 200(int)	==> pass
2023-06-26 10:34:51.767 | INFO     | httprunner.response:validate:249 - assert body.message equal success(str)	==> pass
2023-06-26 10:34:51.767 | INFO     | httprunner.response:validate:249 - assert body.status equal 1(int)	==> pass
2023-06-26 10:34:51.767 | INFO     | httprunner.response:validate:249 - assert body.message contains success(str)	==> pass
2023-06-26 10:34:51.767 | INFO     | httprunner.response:validate:249 - assert body.status contained_by [1, 200](list)	==> pass
2023-06-26 10:34:51.768 | INFO     | httprunner.runner:__run_step:304 - run step end: 用户注册 <<<<<<

2023-06-26 10:34:51.768 | INFO     | httprunner.runner:__run_step:304 - run step end: 用户注册 <<<<<<

2023-06-26 10:34:51.768 | INFO     | httprunner.runner:__run_step:292 - run step begin: 登录-企业 >>>>>>
2023-06-26 10:34:51.768 | INFO     | httprunner.runner:__run_step:292 - run step begin: 登录-企业用户 >>>>>>
2023-06-26 10:34:51.825 | DEBUG    | httprunner.client:request:186 - client IP: 127.0.0.1, Port: 51329
2023-06-26 10:34:51.826 | DEBUG    | httprunner.client:request:194 - server IP: 127.0.0.1, Port: 8888
2023-06-26 10:34:51.826 | DEBUG    | httprunner.client:log_print:40 - 
================== request details ==================
method   : POST
url      : http://139.198.116.76:8000/api/home/test/login
headers  : {
    "User-Agent": "python-requests/2.28.1",
    "Accept-Encoding": "gzip, deflate, br",
    "Accept": "*/*",
    "Connection": "keep-alive",
    "Content-Length": "170",
    "Content-Type": "application/json",
    "HRUN-Request-ID": "HRUN-6c3a47b7-5842-4123-ab7d-c8e7d2b3f502-891768"
}
cookies  : {}
body     : {
    "captcha": "0000",
    "captchaSign": "355cd19524ec81e8edf2cb881c03ab6bbad94ad0fff324282bf8bf56ad483e63",
    "emailCaptcha": "",
    "username": "IxqjEQu6LSbRBnHddz7tMhC6R7YxABFu"
}

2023-06-26 10:34:51.860 | DEBUG    | httprunner.client:log_print:40 - 
================== response details ==================
status_code : 200
headers  : {
    "Server": "nginx",
    "Date": "Mon, 26 Jun 2023 02:34:51 GMT",
    "Content-Type": "application/json;charset=UTF-8",
    "Transfer-Encoding": "chunked",
    "Set-Cookie": "SESSION=MTJjZjEwNTQtMDEzYy00NzE3LWI0MTctOTk0NTU5MDBhYmNl; Path=/; HttpOnly; SameSite=Lax",
    "X-Frame-Options": "SAMEORIGIN",
    "Connection": "keep-alive"
}
cookies  : {
    "SESSION": "MTJjZjEwNTQtMDEzYy00NzE3LWI0MTctOTk0NTU5MDBhYmNl"
}
encoding : UTF-8
content_type : application/json;charset=UTF-8
body     : {
    "message": "success",
    "status": 1,
    "data": true
}

2023-06-26 10:34:51.860 | INFO     | httprunner.client:request:217 - status_code: 200, response_time(ms): 57.18 ms, response_length: 0 bytes
2023-06-26 10:34:51.860 | INFO     | httprunner.response:extract:179 - extract mapping: {'entSession': 'response.headers."Set-Cookie".session'}
2023-06-26 10:34:51.860 | INFO     | httprunner.response:validate:249 - assert status_code equal 200(int)	==> pass
2023-06-26 10:34:51.860 | INFO     | httprunner.response:validate:249 - assert headers."Content-Type" equal application/json;charset=UTF-8(str)	==> pass
2023-06-26 10:34:51.860 | INFO     | httprunner.response:validate:249 - assert body.message equal success(str)	==> pass
2023-06-26 10:34:51.860 | INFO     | httprunner.response:validate:249 - assert body.status equal 1(int)	==> pass
2023-06-26 10:34:51.861 | INFO     | httprunner.response:validate:249 - assert body.data equal True(bool)	==> pass
2023-06-26 10:34:51.861 | INFO     | httprunner.runner:__run_step:304 - run step end: 登录-企业用户 <<<<<<

2023-06-26 10:34:51.861 | INFO     | httprunner.runner:__run_step_testcase:286 - export variables: {'entSession': 'response.headers."Set-Cookie".session'}
2023-06-26 10:34:51.861 | INFO     | httprunner.runner:__run_step:304 - run step end: 登录-企业 <<<<<<

2023-06-26 10:34:51.861 | INFO     | httprunner.runner:__run_step:292 - run step begin: 前缀注册企业资质图片上传 >>>>>>
2023-06-26 10:34:51.861 | INFO     | httprunner.runner:__run_step:292 - run step begin: 前缀注册企业资质图片上传 >>>>>>
2023-06-26 10:34:52.138 | DEBUG    | httprunner.client:request:186 - client IP: 127.0.0.1, Port: 51329
2023-06-26 10:34:52.139 | DEBUG    | httprunner.client:request:194 - server IP: 127.0.0.1, Port: 8888
2023-06-26 10:34:52.139 | DEBUG    | httprunner.client:log_print:40 - 
================== request details ==================
method   : POST
url      : http://139.198.116.76:8000/api/file/img/upload
headers  : {
    "User-Agent": "Mozilla/5.0 (Macintosh; Intel Mac OS X 10_15_7) AppleWebKit/537.36 (KHTML, like Gecko) Chrome/105.0.0.0 Safari/537.36",
    "Accept-Encoding": "gzip, deflate",
    "Accept": "application/json, text/plain, */*",
    "Connection": "keep-alive",
    "Accept-Language": "zh-CN,zh;q=0.9",
    "Content-Type": "multipart/form-data; boundary=f4f2918263d04c20849fdec8562e7c9f",
    "HRUN-Request-ID": "HRUN-6c3a47b7-5842-4123-ab7d-c8e7d2b3f502-891862",
    "Cookie": "SESSION=MTJjZjEwNTQtMDEzYy00NzE3LWI0MTctOTk0NTU5MDBhYmNl; SESSION=response.headers.\"Set-Cookie\".session",
    "Content-Length": "20435"
}
cookies  : {
    "SESSION": "MTJjZjEwNTQtMDEzYy00NzE3LWI0MTctOTk0NTU5MDBhYmNl"
}
body     : upload file stream (OMITTED)

2023-06-26 10:34:52.140 | DEBUG    | httprunner.client:log_print:40 - 
================== response details ==================
status_code : 200
headers  : {
    "Server": "nginx",
    "Date": "Mon, 26 Jun 2023 02:34:52 GMT",
    "Content-Type": "application/json;charset=UTF-8",
    "Transfer-Encoding": "chunked",
    "X-Frame-Options": "SAMEORIGIN",
    "Connection": "keep-alive"
}
cookies  : {}
encoding : UTF-8
content_type : application/json;charset=UTF-8
body     : {
    "message": "success",
    "status": 1,
    "data": {
        "id": 2983,
        "path": "ae18b571-3ee4-4cb8-b23f-f3199b601c2d.jpeg"
    }
}

2023-06-26 10:34:52.141 | INFO     | httprunner.client:request:217 - status_code: 200, response_time(ms): 276.01 ms, response_length: 0 bytes
2023-06-26 10:34:52.141 | INFO     | httprunner.response:extract:179 - extract mapping: {'imgId': 2983}
2023-06-26 10:34:52.141 | INFO     | httprunner.response:validate:249 - assert status_code equal 200(int)	==> pass
2023-06-26 10:34:52.141 | INFO     | httprunner.runner:__run_step:304 - run step end: 前缀注册企业资质图片上传 <<<<<<

2023-06-26 10:34:52.142 | INFO     | httprunner.runner:__run_step_testcase:286 - export variables: {'imgId': 2983}
2023-06-26 10:34:52.142 | INFO     | httprunner.runner:__run_step:304 - run step end: 前缀注册企业资质图片上传 <<<<<<

2023-06-26 10:34:52.142 | INFO     | httprunner.runner:__run_step:292 - run step begin: 前缀注册企业联系人身份证图片正面上传 >>>>>>
2023-06-26 10:34:52.142 | INFO     | httprunner.runner:__run_step:292 - run step begin: 前缀注册企业联系人身份证图片背面上传 >>>>>>
2023-06-26 10:34:52.263 | DEBUG    | httprunner.client:request:186 - client IP: 127.0.0.1, Port: 51329
2023-06-26 10:34:52.263 | DEBUG    | httprunner.client:request:194 - server IP: 127.0.0.1, Port: 8888
2023-06-26 10:34:52.264 | DEBUG    | httprunner.client:log_print:40 - 
================== request details ==================
method   : POST
url      : http://139.198.116.76:8000/api/file/img/upload
headers  : {
    "User-Agent": "Mozilla/5.0 (Macintosh; Intel Mac OS X 10_15_7) AppleWebKit/537.36 (KHTML, like Gecko) Chrome/105.0.0.0 Safari/537.36",
    "Accept-Encoding": "gzip, deflate",
    "Accept": "application/json, text/plain, */*",
    "Connection": "keep-alive",
    "Accept-Language": "zh-CN,zh;q=0.9",
    "Content-Type": "multipart/form-data; boundary=f0828b5da56d4d8381ed7b33ea816099",
    "HRUN-Request-ID": "HRUN-6c3a47b7-5842-4123-ab7d-c8e7d2b3f502-892142",
    "Cookie": "SESSION=MTJjZjEwNTQtMDEzYy00NzE3LWI0MTctOTk0NTU5MDBhYmNl; SESSION=response.headers.\"Set-Cookie\".session",
    "Content-Length": "20435"
}
cookies  : {
    "SESSION": "MTJjZjEwNTQtMDEzYy00NzE3LWI0MTctOTk0NTU5MDBhYmNl"
}
body     : upload file stream (OMITTED)

2023-06-26 10:34:52.265 | DEBUG    | httprunner.client:log_print:40 - 
================== response details ==================
status_code : 200
headers  : {
    "Server": "nginx",
    "Date": "Mon, 26 Jun 2023 02:34:52 GMT",
    "Content-Type": "application/json;charset=UTF-8",
    "Transfer-Encoding": "chunked",
    "X-Frame-Options": "SAMEORIGIN",
    "Connection": "keep-alive"
}
cookies  : {}
encoding : UTF-8
content_type : application/json;charset=UTF-8
body     : {
    "message": "success",
    "status": 1,
    "data": {
        "id": 2984,
        "path": "99e29b68-9ed6-47a0-b17b-257070cc849c.jpeg"
    }
}

2023-06-26 10:34:52.265 | INFO     | httprunner.client:request:217 - status_code: 200, response_time(ms): 120.44 ms, response_length: 0 bytes
2023-06-26 10:34:52.265 | INFO     | httprunner.response:extract:179 - extract mapping: {'imgId_f': 2984}
2023-06-26 10:34:52.266 | INFO     | httprunner.response:validate:249 - assert status_code equal 200(int)	==> pass
2023-06-26 10:34:52.266 | INFO     | httprunner.runner:__run_step:304 - run step end: 前缀注册企业联系人身份证图片背面上传 <<<<<<

2023-06-26 10:34:52.266 | INFO     | httprunner.runner:__run_step_testcase:286 - export variables: {'imgId_f': 2984}
2023-06-26 10:34:52.266 | INFO     | httprunner.runner:__run_step:304 - run step end: 前缀注册企业联系人身份证图片正面上传 <<<<<<

2023-06-26 10:34:52.266 | INFO     | httprunner.runner:__run_step:292 - run step begin: 前缀注册企业联系人身份证图片背面上传 >>>>>>
2023-06-26 10:34:52.267 | INFO     | httprunner.runner:__run_step:292 - run step begin: 前缀注册企业联系人身份证图片背面上传 >>>>>>
2023-06-26 10:34:52.370 | DEBUG    | httprunner.client:request:186 - client IP: 127.0.0.1, Port: 51329
2023-06-26 10:34:52.370 | DEBUG    | httprunner.client:request:194 - server IP: 127.0.0.1, Port: 8888
2023-06-26 10:34:52.371 | DEBUG    | httprunner.client:log_print:40 - 
================== request details ==================
method   : POST
url      : http://139.198.116.76:8000/api/file/img/upload
headers  : {
    "User-Agent": "Mozilla/5.0 (Macintosh; Intel Mac OS X 10_15_7) AppleWebKit/537.36 (KHTML, like Gecko) Chrome/105.0.0.0 Safari/537.36",
    "Accept-Encoding": "gzip, deflate",
    "Accept": "application/json, text/plain, */*",
    "Connection": "keep-alive",
    "Accept-Language": "zh-CN,zh;q=0.9",
    "Content-Type": "multipart/form-data; boundary=1314c4741da849858bdbb3b75b3d996d",
    "HRUN-Request-ID": "HRUN-6c3a47b7-5842-4123-ab7d-c8e7d2b3f502-892267",
    "Cookie": "SESSION=MTJjZjEwNTQtMDEzYy00NzE3LWI0MTctOTk0NTU5MDBhYmNl; SESSION=response.headers.\"Set-Cookie\".session",
    "Content-Length": "20435"
}
cookies  : {
    "SESSION": "MTJjZjEwNTQtMDEzYy00NzE3LWI0MTctOTk0NTU5MDBhYmNl"
}
body     : upload file stream (OMITTED)

2023-06-26 10:34:52.372 | DEBUG    | httprunner.client:log_print:40 - 
================== response details ==================
status_code : 200
headers  : {
    "Server": "nginx",
    "Date": "Mon, 26 Jun 2023 02:34:52 GMT",
    "Content-Type": "application/json;charset=UTF-8",
    "Transfer-Encoding": "chunked",
    "X-Frame-Options": "SAMEORIGIN",
    "Connection": "keep-alive"
}
cookies  : {}
encoding : UTF-8
content_type : application/json;charset=UTF-8
body     : {
    "message": "success",
    "status": 1,
    "data": {
        "id": 2985,
        "path": "f1c3d7da-faa5-485b-84da-2b75320457d2.jpeg"
    }
}

2023-06-26 10:34:52.372 | INFO     | httprunner.client:request:217 - status_code: 200, response_time(ms): 102.32 ms, response_length: 0 bytes
2023-06-26 10:34:52.373 | INFO     | httprunner.response:extract:179 - extract mapping: {'imgId_b': 2985}
2023-06-26 10:34:52.373 | INFO     | httprunner.response:validate:249 - assert status_code equal 200(int)	==> pass
2023-06-26 10:34:52.373 | INFO     | httprunner.runner:__run_step:304 - run step end: 前缀注册企业联系人身份证图片背面上传 <<<<<<

2023-06-26 10:34:52.373 | INFO     | httprunner.runner:__run_step_testcase:286 - export variables: {'imgId_b': 2985}
2023-06-26 10:34:52.373 | INFO     | httprunner.runner:__run_step:304 - run step end: 前缀注册企业联系人身份证图片背面上传 <<<<<<

2023-06-26 10:34:52.373 | INFO     | httprunner.runner:__run_step:292 - run step begin: 企业注册第一步提交信息 >>>>>>
2023-06-26 10:34:52.373 | INFO     | httprunner.runner:__run_step:292 - run step begin: 企业注册第一步提交信息 >>>>>>
2023-06-26 10:34:52.540 | DEBUG    | httprunner.client:request:186 - client IP: 127.0.0.1, Port: 51329
2023-06-26 10:34:52.541 | DEBUG    | httprunner.client:request:194 - server IP: 127.0.0.1, Port: 8888
2023-06-26 10:34:52.542 | DEBUG    | httprunner.client:log_print:40 - 
================== request details ==================
method   : POST
url      : http://139.198.116.76:8000/api/v3/entApply/basicInfo/submit
headers  : {
    "User-Agent": "Mozilla/5.0 (Macintosh; Intel Mac OS X 10_15_7) AppleWebKit/537.36 (KHTML, like Gecko) Chrome/105.0.0.0 Safari/537.36",
    "Accept-Encoding": "gzip, deflate",
    "Accept": "application/json, text/plain, */*",
    "Connection": "keep-alive",
    "Accept-Language": "zh-CN,zh;q=0.9",
    "Content-Type": "application/json;charset=UTF-8",
    "HRUN-Request-ID": "HRUN-6c3a47b7-5842-4123-ab7d-c8e7d2b3f502-892374",
    "Cookie": "SESSION=MTJjZjEwNTQtMDEzYy00NzE3LWI0MTctOTk0NTU5MDBhYmNl; SESSION=response.headers.\"Set-Cookie\".session",
    "Content-Length": "2555"
}
cookies  : {
    "SESSION": "MTJjZjEwNTQtMDEzYy00NzE3LWI0MTctOTk0NTU5MDBhYmNl"
}
body     : {
    "applyStep": 2,
    "applyType": null,
    "area": [
        "110000",
        "110100",
        "110101"
    ],
    "cltrid": null,
    "contactCrtBackImgPath": null,
    "contactCrtBackImgRid": 2985,
    "contactCrtFrontImgPath": null,
    "contactCrtFrontImgRid": 2984,
    "contactCrtNo": "813505196504240058",
    "contactCrtType": 1,
    "contactEmail": "f7H6uR1nSLPM7iDW@qaqseq.com",
    "contactName": "IxqjEQu6LSbRBnHddz7tMhC6R7YxABFu",
    "contactPhone": "16786297014",
    "createDate": null,
    "dataHostingContractFilePath": null,
    "dataHostingContractFileRid": null,
    "dataHostingOrg": null,
    "entGeneralId": null,
    "entInfoLicenses": [],
    "entInfoSerIndustrys": [],
    "entPrefix": "88.408.2225688040",
    "escrowId": null,
    "escrowOrgName": null,
    "establishDate": null,
    "extDomain": null,
    "extIpAddr": null,
    "extWebName": null,
    "finalAuditMsg": null,
    "finalAuditStatus": null,
    "firstAuditMsg": null,
    "firstAuditStatus": null,
    "id": null,
    "idRegNaImp": null,
    "industry": [
        "A",
        "01"
    ],
    "industryCategory": "A",
    "industrySpecific": "01",
    "isSubmit": 0,
    "legalCrtBackImgContent": null,
    "legalCrtBackImgPath": null,
    "legalCrtBackImgRid": 2985,
    "legalCrtFrontImgContent": null,
    "legalCrtFrontImgPath": null,
    "legalCrtFrontImgRid": 2984,
    "legalCrtNo": "813505196504240058",
    "legalCrtType": "1",
    "legalCrtTypeDesc": "中国居民身份证",
    "legalEmail": null,
    "legalFax": null,
    "legalName": "张三",
    "legalPhone": null,
    "orgAddr": "致真",
    "orgAddrCity": "110100",
    "orgAddrCityDesc": "市辖区",
    "orgAddrCounty": "110101",
    "orgAddrCountyDesc": "东城区",
    "orgAddrProvince": "110000",
    "orgAddrProvinceDesc": "北京市",
    "orgCategorySpecificDesc": "农、林、牧、渔业-农业",
    "orgCrtCode": "IxqjEQu6LSbRBnHddz7tMhC6R7YxABFu",
    "orgCrtImgContent": null,
    "orgCrtImgPath": null,
    "orgCrtImgRid": 2983,
    "orgCrtType": "1",
    "orgDesc": null,
    "orgName": "IxqjEQu6LSbRBnHddz7tMhC6R7YxABFu",
    "orgNature": "1",
    "orgNatureDesc": "国有控股",
    "periodValidity": null,
    "regAuthority": null,
    "regCapital": null,
    "regRealNaImpName": null,
    "regRealNaImpType": null,
    "servHostingContractFilePath": null,
    "servHostingContractFileRid": null,
    "servHostingOrg": null,
    "servSysBuildContractFilePath": null,
    "servSysBuildContractFileRid": null,
    "servSysBuildName": null,
    "servSysBuildType": 1,
    "servSysOperContractFilePath": null,
    "servSysOperContractFileRid": null,
    "servSysOperName": null,
    "servSysOperType": 1,
    "svtrid": null,
    "thirdServiceMsg": null,
    "thirdServiceStatus": null,
    "updateDate": null,
    "userId": null,
    "userName": null,
    "website": null
}

2023-06-26 10:34:52.543 | DEBUG    | httprunner.client:log_print:40 - 
================== response details ==================
status_code : 200
headers  : {
    "Server": "nginx",
    "Date": "Mon, 26 Jun 2023 02:34:52 GMT",
    "Content-Type": "application/json;charset=UTF-8",
    "Transfer-Encoding": "chunked",
    "X-Frame-Options": "SAMEORIGIN",
    "Connection": "keep-alive"
}
cookies  : {}
encoding : UTF-8
content_type : application/json;charset=UTF-8
body     : {
    "message": "success",
    "status": 1,
    "data": true
}

2023-06-26 10:34:52.544 | INFO     | httprunner.client:request:217 - status_code: 200, response_time(ms): 166.5 ms, response_length: 0 bytes
2023-06-26 10:34:52.544 | INFO     | httprunner.response:validate:249 - assert status_code equal 200(int)	==> pass
2023-06-26 10:34:52.544 | INFO     | httprunner.response:validate:249 - assert body.message equal success(str)	==> pass
2023-06-26 10:34:52.544 | INFO     | httprunner.runner:__run_step:304 - run step end: 企业注册第一步提交信息 <<<<<<

2023-06-26 10:34:52.545 | INFO     | httprunner.runner:__run_step:304 - run step end: 企业注册第一步提交信息 <<<<<<

2023-06-26 10:34:52.545 | INFO     | httprunner.runner:__run_step:292 - run step begin: 企业注册查询注册信息 >>>>>>
2023-06-26 10:34:52.545 | INFO     | httprunner.runner:__run_step:292 - run step begin: 企业注册查询注册信息 >>>>>>
2023-06-26 10:34:52.618 | DEBUG    | httprunner.client:request:186 - client IP: 127.0.0.1, Port: 51329
2023-06-26 10:34:52.619 | DEBUG    | httprunner.client:request:194 - server IP: 127.0.0.1, Port: 8888
2023-06-26 10:34:52.620 | DEBUG    | httprunner.client:log_print:40 - 
================== request details ==================
method   : GET
url      : http://139.198.116.76:8000/api/v3/entApply/applyOrNot
headers  : {
    "User-Agent": "Mozilla/5.0 (Macintosh; Intel Mac OS X 10_15_7) AppleWebKit/537.36 (KHTML, like Gecko) Chrome/105.0.0.0 Safari/537.36",
    "Accept-Encoding": "gzip, deflate",
    "Accept": "application/json, text/plain, */*",
    "Connection": "keep-alive",
    "Accept-Language": "zh-CN,zh;q=0.9",
    "HRUN-Request-ID": "HRUN-6c3a47b7-5842-4123-ab7d-c8e7d2b3f502-892546",
    "Cookie": "SESSION=MTJjZjEwNTQtMDEzYy00NzE3LWI0MTctOTk0NTU5MDBhYmNl; SESSION=response.headers.\"Set-Cookie\".session"
}
cookies  : {
    "SESSION": "MTJjZjEwNTQtMDEzYy00NzE3LWI0MTctOTk0NTU5MDBhYmNl"
}
body     : None

2023-06-26 10:34:52.621 | DEBUG    | httprunner.client:log_print:40 - 
================== response details ==================
status_code : 200
headers  : {
    "Server": "nginx",
    "Date": "Mon, 26 Jun 2023 02:34:52 GMT",
    "Content-Type": "application/json;charset=UTF-8",
    "Transfer-Encoding": "chunked",
    "X-Frame-Options": "SAMEORIGIN",
    "Connection": "keep-alive"
}
cookies  : {}
encoding : UTF-8
content_type : application/json;charset=UTF-8
body     : {
    "message": "success",
    "status": 1,
    "data": {
        "nbmsEntApplyPO": {
            "id": 1466,
            "createDate": "2023-06-26 10:34:53",
            "updateDate": "2023-06-26 10:34:53",
            "applyType": null,
            "entGeneralId": null,
            "applyStep": 2,
            "isSubmit": 0,
            "entPrefix": "88.408.2225688040",
            "firstAuditStatus": null,
            "firstAuditMsg": null,
            "thirdServiceStatus": null,
            "thirdServiceMsg": null,
            "userName": "IxqjEQu6LSbRBnHddz7tMhC6R7YxABFu",
            "finalAuditStatus": null,
            "finalAuditMsg": null,
            "svtrid": null,
            "cltrid": null,
            "userId": 1700,
            "orgName": "IxqjEQu6LSbRBnHddz7tMhC6R7YxABFu",
            "orgNature": "1",
            "orgAddrProvince": "110000",
            "orgAddrCity": "110100",
            "orgAddrCounty": "110101",
            "orgAddr": "致真",
            "orgCrtType": "1",
            "orgCrtCode": "IxqjEQu6LSbRBnHddz7tMhC6R7YxABFu",
            "legalName": "张三",
            "legalCrtType": "1",
            "legalCrtNo": "813505196504240058",
            "orgDesc": null,
            "industryCategory": "A",
            "industrySpecific": "01",
            "contactName": "IxqjEQu6LSbRBnHddz7tMhC6R7YxABFu",
            "contactPhone": "16786297014",
            "contactCrtType": 1,
            "contactCrtNo": "813505196504240058",
            "contactEmail": "f7H6uR1nSLPM7iDW@qaqseq.com",
            "website": null,
            "regAuthority": null,
            "regCapital": null,
            "establishDate": null,
            "periodValidity": null,
            "legalEmail": null,
            "legalPhone": null,
            "legalFax": null,
            "servSysBuildType": null,
            "servSysBuildName": null,
            "servSysOperType": null,
            "servSysOperName": null,
            "dataHostingOrg": null,
            "servHostingOrg": null,
            "regRealNaImpType": null,
            "regRealNaImpName": null,
            "idRegNaImp": null,
            "extWebName": null,
            "extDomain": null,
            "extIpAddr": null,
            "orgCrtImgRid": 2983,
            "contactCrtFrontImgRid": 2984,
            "contactCrtBackImgRid": 2985,
            "legalCrtFrontImgRid": 2984,
            "legalCrtBackImgRid": 2985,
            "servSysBuildContractFileRid": null,
            "servSysOperContractFileRid": null,
            "dataHostingContractFileRid": null,
            "servHostingContractFileRid": null,
            "entInfoLicenses": [],
            "entInfoSyss": [],
            "entInfoSerIndustrys": [],
            "escrowId": null,
            "industryQualificationRid": null,
            "certificationRid": null,
            "openingBank": null,
            "bankCard": null,
            "verificationName": null,
            "orgNatureDesc": "国有控股",
            "orgCrtImgContent": null,
            "orgCategorySpecificDesc": "农、林、牧、渔业-农业",
            "orgAddrProvinceDesc": "北京市",
            "orgAddrCountyDesc": "东城区",
            "orgAddrCityDesc": "市辖区",
            "legalCrtTypeDesc": "中国居民身份证",
            "legalCrtFrontImgContent": null,
            "legalCrtBackImgContent": null,
            "orgCrtImgPath": "ae18b571-3ee4-4cb8-b23f-f3199b601c2d.jpeg",
            "contactCrtFrontImgPath": "99e29b68-9ed6-47a0-b17b-257070cc849c.jpeg",
            "contactCrtBackImgPath": "f1c3d7da-faa5-485b-84da-2b75320457d2.jpeg",
            "legalCrtFrontImgPath": "99e29b68-9ed6-47a0-b17b-257070cc849c.jpeg",
            "legalCrtBackImgPath": "f1c3d7da-faa5-485b-84da-2b75320457d2.jpeg",
            "servSysBuildContractFilePath": null,
            "servSysOperContractFilePath": null,
            "dataHostingContractFilePath": null,
            "servHostingContractFilePath": null,
            "industryQualificationFilePath": null,
            "certificationFilePath": null,
            "escrowOrgName": null
        },
        "nbmsEntPO": null,
        "nbmsEntPrefixApplyPO": null,
        "needRelog": null,
        "applyStatus": 0
    }
}

2023-06-26 10:34:52.621 | INFO     | httprunner.client:request:217 - status_code: 200, response_time(ms): 72.37 ms, response_length: 0 bytes
2023-06-26 10:34:52.623 | INFO     | httprunner.response:extract:179 - extract mapping: {'applyId': 1466, 'userId': 1700, 'userName': 'IxqjEQu6LSbRBnHddz7tMhC6R7YxABFu', 'imgId_f': 2984, 'imgId_b': 2985, 'entId': None, 'entUserId': None, 'prefix': '88.408.2225688040', 'contactCrtNo': '813505196504240058', 'contactCrtType': 1, 'contactEmail': 'f7H6uR1nSLPM7iDW@qaqseq.com', 'contactName': 'IxqjEQu6LSbRBnHddz7tMhC6R7YxABFu', 'contactPhone': '16786297014', 'industryCategory': 'A', 'industrySpecific': '01', 'orgName': 'IxqjEQu6LSbRBnHddz7tMhC6R7YxABFu', 'orgNature': '1', 'orgAddrProvince': '110000', 'orgAddrCity': '110100', 'orgAddrCounty': '110101', 'orgAddr': '致真', 'orgCrtType': '1', 'orgCrtCode': 'IxqjEQu6LSbRBnHddz7tMhC6R7YxABFu', 'legalName': '张三', 'legalEmail': None, 'legalPhone': None, 'legalCrtType': '1', 'legalCrtNo': '813505196504240058', 'legalCrtFrontImgRid': 2984, 'legalCrtBackImgRid': 2985, 'orgCrtImgRid': 2983, 'imgId': 2983, 'orgNatureDesc': '国有控股', 'orgCategorySpecificDesc': '农、林、牧、渔业-农业', 'orgAddrProvinceDesc': '北京市', 'orgAddrCountyDesc': '东城区', 'orgAddrCityDesc': '市辖区', 'legalCrtTypeDesc': '中国居民身份证', 'createDate': '2023-06-26 10:34:53', 'updateDate': '2023-06-26 10:34:53', 'entInfoSyss_0_id': None, 'entInfoSyss_0_entApplyId': None, 'entApplyId': None, 'entInfoSyss_0_sysType': None, 'entInfoSyss_0_deployMode': None, 'entInfoSyss_0_deployAddr': None, 'entInfoSyss_0_deployAddrProvince': None, 'entInfoSyss_0_deployAddrCity': None, 'entInfoSyss_0_deployAddrCounty': None, 'entInfoSyss_1_id': None, 'entInfoSyss_1_entApplyId': None, 'entInfoSyss_1_sysType': None, 'entInfoSyss_1_deployMode': None, 'entInfoSyss_1_deployAddr': None, 'entInfoSyss_1_deployAddrProvince': None, 'entInfoSyss_1_deployAddrCity': None, 'entInfoSyss_1_deployAddrCounty': None, 'entInfoSyss_2_id': None, 'entInfoSyss_2_entApplyId': None, 'entInfoSyss_2_sysType': None, 'entInfoSyss_2_deployMode': None, 'entInfoSyss_2_deployAddr': None, 'entInfoSyss_2_deployAddrProvince': None, 'entInfoSyss_2_deployAddrCity': None, 'entInfoSyss_2_deployAddrCounty': None, 'entInfoSyss_3_id': None, 'entInfoSyss_3_entApplyId': None, 'entInfoSyss_3_sysType': None, 'entInfoSyss_3_deployMode': None, 'entInfoSyss_3_deployAddr': None, 'entInfoSyss_3_deployAddrProvince': None, 'entInfoSyss_3_deployAddrCity': None, 'entInfoSyss_3_deployAddrCounty': None}
2023-06-26 10:34:52.624 | INFO     | httprunner.response:validate:249 - assert status_code equal 200(int)	==> pass
2023-06-26 10:34:52.624 | INFO     | httprunner.response:validate:249 - assert body.message equal success(str)	==> pass
2023-06-26 10:34:52.624 | INFO     | httprunner.runner:__run_step:304 - run step end: 企业注册查询注册信息 <<<<<<

2023-06-26 10:34:52.624 | INFO     | httprunner.runner:__run_step_testcase:286 - export variables: {'entInfoSyss_3_deployAddrCity': None, 'contactPhone': '16786297014', 'entInfoSyss_2_deployAddrProvince': None, 'entInfoSyss_3_deployMode': None, 'legalPhone': None, 'entInfoSyss_0_sysType': None, 'orgCategorySpecificDesc': '农、林、牧、渔业-农业', 'orgCrtImgRid': 2983, 'entInfoSyss_1_deployMode': None, 'entInfoSyss_2_deployMode': None, 'orgAddrProvince': '110000', 'entId': None, 'createDate': '2023-06-26 10:34:53', 'orgCrtType': '1', 'entInfoSyss_3_entApplyId': None, 'applyId': 1466, 'entInfoSyss_2_deployAddr': None, 'entInfoSyss_2_entApplyId': None, 'userName': 'IxqjEQu6LSbRBnHddz7tMhC6R7YxABFu', 'contactCrtType': 1, 'entInfoSyss_1_id': None, 'imgId': 2983, 'orgAddr': '致真', 'entInfoSyss_0_deployAddrCity': None, 'entInfoSyss_1_deployAddrCity': None, 'entInfoSyss_1_deployAddrProvince': None, 'entInfoSyss_2_deployAddrCounty': None, 'imgId_f': 2984, 'industrySpecific': '01', 'entInfoSyss_0_deployMode': None, 'legalCrtNo': '813505196504240058', 'entInfoSyss_3_deployAddr': None, 'entInfoSyss_3_deployAddrCounty': None, 'entInfoSyss_1_sysType': None, 'orgCrtCode': 'IxqjEQu6LSbRBnHddz7tMhC6R7YxABFu', 'legalName': '张三', 'legalCrtType': '1', 'orgAddrCountyDesc': '东城区', 'entInfoSyss_2_deployAddrCity': None, 'entInfoSyss_3_id': None, 'entInfoSyss_2_id': None, 'entInfoSyss_2_sysType': None, 'legalCrtBackImgRid': 2985, 'legalCrtFrontImgRid': 2984, 'entInfoSyss_0_deployAddrCounty': None, 'imgId_b': 2985, 'orgAddrCounty': '110101', 'legalEmail': None, 'entInfoSyss_3_sysType': None, 'contactCrtNo': '813505196504240058', 'orgName': 'IxqjEQu6LSbRBnHddz7tMhC6R7YxABFu', 'orgAddrCityDesc': '市辖区', 'orgNature': '1', 'orgAddrProvinceDesc': '北京市', 'entInfoSyss_0_id': None, 'contactEmail': 'f7H6uR1nSLPM7iDW@qaqseq.com', 'contactName': 'IxqjEQu6LSbRBnHddz7tMhC6R7YxABFu', 'updateDate': '2023-06-26 10:34:53', 'entInfoSyss_3_deployAddrProvince': None, 'industryCategory': 'A', 'entInfoSyss_0_entApplyId': None, 'legalCrtTypeDesc': '中国居民身份证', 'entApplyId': None, 'userId': 1700, 'orgNatureDesc': '国有控股', 'entInfoSyss_1_entApplyId': None, 'entInfoSyss_0_deployAddrProvince': None, 'entInfoSyss_1_deployAddrCounty': None, 'entInfoSyss_1_deployAddr': None, 'entInfoSyss_0_deployAddr': None, 'orgAddrCity': '110100', 'entUserId': None, 'prefix': '88.408.2225688040'}
2023-06-26 10:34:52.624 | INFO     | httprunner.runner:__run_step:304 - run step end: 企业注册查询注册信息 <<<<<<

2023-06-26 10:34:52.624 | INFO     | httprunner.runner:__run_step:292 - run step begin: 企业注册第二步提交信息 >>>>>>
2023-06-26 10:34:52.624 | INFO     | httprunner.runner:__run_step:292 - run step begin: 企业注册第二步提交信息 >>>>>>
2023-06-26 10:34:52.692 | DEBUG    | httprunner.client:request:186 - client IP: 127.0.0.1, Port: 51329
2023-06-26 10:34:52.693 | DEBUG    | httprunner.client:request:194 - server IP: 127.0.0.1, Port: 8888
2023-06-26 10:34:52.694 | DEBUG    | httprunner.client:log_print:40 - 
================== request details ==================
method   : POST
url      : http://139.198.116.76:8000/api/v3/entApply/registerManageInfo
headers  : {
    "User-Agent": "Mozilla/5.0 (Macintosh; Intel Mac OS X 10_15_7) AppleWebKit/537.36 (KHTML, like Gecko) Chrome/105.0.0.0 Safari/537.36",
    "Accept-Encoding": "gzip, deflate",
    "Accept": "application/json, text/plain, */*",
    "Connection": "keep-alive",
    "Accept-Language": "zh-CN,zh;q=0.9",
    "Content-Type": "application/json;charset=UTF-8",
    "X-HTTP-Method-Override": "put",
    "HRUN-Request-ID": "HRUN-6c3a47b7-5842-4123-ab7d-c8e7d2b3f502-892625",
    "Cookie": "SESSION=MTJjZjEwNTQtMDEzYy00NzE3LWI0MTctOTk0NTU5MDBhYmNl; SESSION=response.headers.\"Set-Cookie\".session",
    "Content-Length": "3280"
}
cookies  : {
    "SESSION": "MTJjZjEwNTQtMDEzYy00NzE3LWI0MTctOTk0NTU5MDBhYmNl"
}
body     : {
    "applyStep": 3,
    "applyType": null,
    "cltrid": null,
    "contactCrtBackImgPath": null,
    "contactCrtBackImgRid": 2985,
    "contactCrtFrontImgPath": null,
    "contactCrtFrontImgRid": 2984,
    "contactCrtNo": "813505196504240058",
    "contactCrtType": 1,
    "contactEmail": "f7H6uR1nSLPM7iDW@qaqseq.com",
    "contactName": "IxqjEQu6LSbRBnHddz7tMhC6R7YxABFu",
    "contactPhone": "16786297014",
    "createDate": "2023-06-26 10:34:53",
    "dataHostingContractFilePath": null,
    "dataHostingContractFileRid": null,
    "dataHostingOrg": null,
    "entGeneralId": null,
    "entInfoLicenses": [],
    "entInfoSerIndustrys": [],
    "entInfoSyss": [
        {
            "deployAddr": "致真",
            "deployAddrCity": "110100",
            "deployAddrCounty": "110101",
            "deployAddrProvince": "110000",
            "deployMode": 1,
            "ipPort": null,
            "name": null,
            "sysType": 1
        },
        {
            "deployAddr": "致真",
            "deployAddrCity": "110100",
            "deployAddrCounty": "110101",
            "deployAddrProvince": "110000",
            "deployMode": 1,
            "ipPort": null,
            "name": null,
            "sysType": 2
        },
        {
            "deployAddr": "天津",
            "deployAddrCity": "120100",
            "deployAddrCounty": "120101",
            "deployAddrProvince": "120000",
            "deployMode": 1,
            "ipPort": null,
            "name": null,
            "sysType": 3
        },
        {
            "deployAddr": "天津",
            "deployAddrCity": "120100",
            "deployAddrCounty": "120101",
            "deployAddrProvince": "120000",
            "deployMode": 1,
            "ipPort": null,
            "name": null,
            "sysType": 4
        }
    ],
    "entPrefix": "88.408.2225688040",
    "escrowId": null,
    "escrowOrgName": null,
    "establishDate": null,
    "extDomain": null,
    "extIpAddr": null,
    "extWebName": null,
    "finalAuditMsg": null,
    "finalAuditStatus": null,
    "firstAuditMsg": null,
    "firstAuditStatus": null,
    "id": 1466,
    "idRegNaImp": null,
    "industryCategory": "A",
    "industrySpecific": "01",
    "isSubmit": 0,
    "legalCrtBackImgContent": null,
    "legalCrtBackImgPath": null,
    "legalCrtBackImgRid": 2985,
    "legalCrtFrontImgContent": null,
    "legalCrtFrontImgPath": null,
    "legalCrtFrontImgRid": 2984,
    "legalCrtNo": "813505196504240058",
    "legalCrtType": "1",
    "legalCrtTypeDesc": "中国居民身份证",
    "legalEmail": null,
    "legalFax": null,
    "legalName": "张三",
    "legalPhone": null,
    "orgAddr": "致真",
    "orgAddrCity": "110100",
    "orgAddrCityDesc": "市辖区",
    "orgAddrCounty": "110101",
    "orgAddrCountyDesc": "东城区",
    "orgAddrProvince": "110000",
    "orgAddrProvinceDesc": "北京市",
    "orgCategorySpecificDesc": "农、林、牧、渔业-农业",
    "orgCrtCode": "IxqjEQu6LSbRBnHddz7tMhC6R7YxABFu",
    "orgCrtImgContent": null,
    "orgCrtImgPath": null,
    "orgCrtImgRid": 2983,
    "orgCrtType": "1",
    "orgDesc": null,
    "orgName": "IxqjEQu6LSbRBnHddz7tMhC6R7YxABFu",
    "orgNature": "1",
    "orgNatureDesc": "1",
    "periodValidity": null,
    "regAuthority": null,
    "regCapital": null,
    "regRealNaImpName": null,
    "regRealNaImpType": null,
    "servHostingContractFilePath": null,
    "servHostingContractFileRid": null,
    "servHostingOrg": null,
    "servSysBuildContractFilePath": null,
    "servSysBuildContractFileRid": null,
    "servSysBuildName": null,
    "servSysBuildType": 1,
    "servSysOperContractFilePath": null,
    "servSysOperContractFileRid": null,
    "servSysOperName": null,
    "servSysOperType": 1,
    "svtrid": null,
    "thirdServiceMsg": null,
    "thirdServiceStatus": null,
    "updateDate": "2023-06-26 10:34:53",
    "userId": 1700,
    "userName": "IxqjEQu6LSbRBnHddz7tMhC6R7YxABFu",
    "website": null
}

2023-06-26 10:34:52.694 | DEBUG    | httprunner.client:log_print:40 - 
================== response details ==================
status_code : 200
headers  : {
    "Server": "nginx",
    "Date": "Mon, 26 Jun 2023 02:34:52 GMT",
    "Content-Type": "application/json;charset=UTF-8",
    "Transfer-Encoding": "chunked",
    "X-Frame-Options": "SAMEORIGIN",
    "Connection": "keep-alive"
}
cookies  : {}
encoding : UTF-8
content_type : application/json;charset=UTF-8
body     : {
    "message": "success",
    "status": 1,
    "data": true
}

2023-06-26 10:34:52.694 | INFO     | httprunner.client:request:217 - status_code: 200, response_time(ms): 67.17 ms, response_length: 0 bytes
2023-06-26 10:34:52.694 | INFO     | httprunner.response:validate:249 - assert status_code equal 200(int)	==> pass
2023-06-26 10:34:52.694 | INFO     | httprunner.response:validate:249 - assert body.message equal success(str)	==> pass
2023-06-26 10:34:52.695 | INFO     | httprunner.runner:__run_step:304 - run step end: 企业注册第二步提交信息 <<<<<<

2023-06-26 10:34:52.695 | INFO     | httprunner.runner:__run_step:304 - run step end: 企业注册第二步提交信息 <<<<<<

2023-06-26 10:34:52.695 | INFO     | httprunner.runner:__run_step:292 - run step begin: 企业注册查询注册信息 >>>>>>
2023-06-26 10:34:52.695 | INFO     | httprunner.runner:__run_step:292 - run step begin: 企业注册查询注册信息 >>>>>>
2023-06-26 10:34:52.778 | DEBUG    | httprunner.client:request:186 - client IP: 127.0.0.1, Port: 51329
2023-06-26 10:34:52.778 | DEBUG    | httprunner.client:request:194 - server IP: 127.0.0.1, Port: 8888
2023-06-26 10:34:52.779 | DEBUG    | httprunner.client:log_print:40 - 
================== request details ==================
method   : GET
url      : http://139.198.116.76:8000/api/v3/entApply/applyOrNot
headers  : {
    "User-Agent": "Mozilla/5.0 (Macintosh; Intel Mac OS X 10_15_7) AppleWebKit/537.36 (KHTML, like Gecko) Chrome/105.0.0.0 Safari/537.36",
    "Accept-Encoding": "gzip, deflate",
    "Accept": "application/json, text/plain, */*",
    "Connection": "keep-alive",
    "Accept-Language": "zh-CN,zh;q=0.9",
    "HRUN-Request-ID": "HRUN-6c3a47b7-5842-4123-ab7d-c8e7d2b3f502-892695",
    "Cookie": "SESSION=MTJjZjEwNTQtMDEzYy00NzE3LWI0MTctOTk0NTU5MDBhYmNl; SESSION=response.headers.\"Set-Cookie\".session"
}
cookies  : {
    "SESSION": "MTJjZjEwNTQtMDEzYy00NzE3LWI0MTctOTk0NTU5MDBhYmNl"
}
body     : None

2023-06-26 10:34:52.780 | DEBUG    | httprunner.client:log_print:40 - 
================== response details ==================
status_code : 200
headers  : {
    "Server": "nginx",
    "Date": "Mon, 26 Jun 2023 02:34:52 GMT",
    "Content-Type": "application/json;charset=UTF-8",
    "Transfer-Encoding": "chunked",
    "X-Frame-Options": "SAMEORIGIN",
    "Connection": "keep-alive"
}
cookies  : {}
encoding : UTF-8
content_type : application/json;charset=UTF-8
body     : {
    "message": "success",
    "status": 1,
    "data": {
        "nbmsEntApplyPO": {
            "id": 1466,
            "createDate": "2023-06-26 10:34:53",
            "updateDate": "2023-06-26 10:34:53",
            "applyType": null,
            "entGeneralId": null,
            "applyStep": 3,
            "isSubmit": 0,
            "entPrefix": "88.408.2225688040",
            "firstAuditStatus": null,
            "firstAuditMsg": null,
            "thirdServiceStatus": null,
            "thirdServiceMsg": null,
            "userName": "IxqjEQu6LSbRBnHddz7tMhC6R7YxABFu",
            "finalAuditStatus": null,
            "finalAuditMsg": null,
            "svtrid": null,
            "cltrid": null,
            "userId": 1700,
            "orgName": "IxqjEQu6LSbRBnHddz7tMhC6R7YxABFu",
            "orgNature": "1",
            "orgAddrProvince": "110000",
            "orgAddrCity": "110100",
            "orgAddrCounty": "110101",
            "orgAddr": "致真",
            "orgCrtType": "1",
            "orgCrtCode": "IxqjEQu6LSbRBnHddz7tMhC6R7YxABFu",
            "legalName": "张三",
            "legalCrtType": "1",
            "legalCrtNo": "813505196504240058",
            "orgDesc": null,
            "industryCategory": "A",
            "industrySpecific": "01",
            "contactName": "IxqjEQu6LSbRBnHddz7tMhC6R7YxABFu",
            "contactPhone": "16786297014",
            "contactCrtType": 1,
            "contactCrtNo": "813505196504240058",
            "contactEmail": "f7H6uR1nSLPM7iDW@qaqseq.com",
            "website": null,
            "regAuthority": null,
            "regCapital": null,
            "establishDate": null,
            "periodValidity": null,
            "legalEmail": null,
            "legalPhone": null,
            "legalFax": null,
            "servSysBuildType": 1,
            "servSysBuildName": null,
            "servSysOperType": 1,
            "servSysOperName": null,
            "dataHostingOrg": null,
            "servHostingOrg": null,
            "regRealNaImpType": null,
            "regRealNaImpName": null,
            "idRegNaImp": null,
            "extWebName": null,
            "extDomain": null,
            "extIpAddr": null,
            "orgCrtImgRid": 2983,
            "contactCrtFrontImgRid": 2984,
            "contactCrtBackImgRid": 2985,
            "legalCrtFrontImgRid": 2984,
            "legalCrtBackImgRid": 2985,
            "servSysBuildContractFileRid": null,
            "servSysOperContractFileRid": null,
            "dataHostingContractFileRid": null,
            "servHostingContractFileRid": null,
            "entInfoLicenses": [],
            "entInfoSyss": [
                {
                    "id": 3720,
                    "entApplyId": 1466,
                    "sysType": 1,
                    "deployMode": 1,
                    "deployAddr": "致真",
                    "deployAddrProvince": "110000",
                    "deployAddrCity": "110100",
                    "deployAddrCounty": "110101",
                    "name": null,
                    "ipPort": null
                },
                {
                    "id": 3721,
                    "entApplyId": 1466,
                    "sysType": 2,
                    "deployMode": 1,
                    "deployAddr": "致真",
                    "deployAddrProvince": "110000",
                    "deployAddrCity": "110100",
                    "deployAddrCounty": "110101",
                    "name": null,
                    "ipPort": null
                },
                {
                    "id": 3722,
                    "entApplyId": 1466,
                    "sysType": 3,
                    "deployMode": 1,
                    "deployAddr": "天津",
                    "deployAddrProvince": "120000",
                    "deployAddrCity": "120100",
                    "deployAddrCounty": "120101",
                    "name": null,
                    "ipPort": null
                },
                {
                    "id": 3723,
                    "entApplyId": 1466,
                    "sysType": 4,
                    "deployMode": 1,
                    "deployAddr": "天津",
                    "deployAddrProvince": "120000",
                    "deployAddrCity": "120100",
                    "deployAddrCounty": "120101",
                    "name": null,
                    "ipPort": null
                }
            ],
            "entInfoSerIndustrys": [],
            "escrowId": null,
            "industryQualificationRid": null,
            "certificationRid": null,
            "openingBank": null,
            "bankCard": null,
            "verificationName": null,
            "orgNatureDesc": "国有控股",
            "orgCrtImgContent": null,
            "orgCategorySpecificDesc": "农、林、牧、渔业-农业",
            "orgAddrProvinceDesc": "北京市",
            "orgAddrCountyDesc": "东城区",
            "orgAddrCityDesc": "市辖区",
            "legalCrtTypeDesc": "中国居民身份证",
            "legalCrtFrontImgContent": null,
            "legalCrtBackImgContent": null,
            "orgCrtImgPath": "ae18b571-3ee4-4cb8-b23f-f3199b601c2d.jpeg",
            "contactCrtFrontImgPath": "99e29b68-9ed6-47a0-b17b-257070cc849c.jpeg",
            "contactCrtBackImgPath": "f1c3d7da-faa5-485b-84da-2b75320457d2.jpeg",
            "legalCrtFrontImgPath": "99e29b68-9ed6-47a0-b17b-257070cc849c.jpeg",
            "legalCrtBackImgPath": "f1c3d7da-faa5-485b-84da-2b75320457d2.jpeg",
            "servSysBuildContractFilePath": null,
            "servSysOperContractFilePath": null,
            "dataHostingContractFilePath": null,
            "servHostingContractFilePath": null,
            "industryQualificationFilePath": null,
            "certificationFilePath": null,
            "escrowOrgName": null
        },
        "nbmsEntPO": null,
        "nbmsEntPrefixApplyPO": null,
        "needRelog": null,
        "applyStatus": 0
    }
}

2023-06-26 10:34:52.781 | INFO     | httprunner.client:request:217 - status_code: 200, response_time(ms): 82.34 ms, response_length: 0 bytes
2023-06-26 10:34:52.783 | INFO     | httprunner.response:extract:179 - extract mapping: {'applyId': 1466, 'userId': 1700, 'userName': 'IxqjEQu6LSbRBnHddz7tMhC6R7YxABFu', 'imgId_f': 2984, 'imgId_b': 2985, 'entId': None, 'entUserId': None, 'prefix': '88.408.2225688040', 'contactCrtNo': '813505196504240058', 'contactCrtType': 1, 'contactEmail': 'f7H6uR1nSLPM7iDW@qaqseq.com', 'contactName': 'IxqjEQu6LSbRBnHddz7tMhC6R7YxABFu', 'contactPhone': '16786297014', 'industryCategory': 'A', 'industrySpecific': '01', 'orgName': 'IxqjEQu6LSbRBnHddz7tMhC6R7YxABFu', 'orgNature': '1', 'orgAddrProvince': '110000', 'orgAddrCity': '110100', 'orgAddrCounty': '110101', 'orgAddr': '致真', 'orgCrtType': '1', 'orgCrtCode': 'IxqjEQu6LSbRBnHddz7tMhC6R7YxABFu', 'legalName': '张三', 'legalEmail': None, 'legalPhone': None, 'legalCrtType': '1', 'legalCrtNo': '813505196504240058', 'legalCrtFrontImgRid': 2984, 'legalCrtBackImgRid': 2985, 'orgCrtImgRid': 2983, 'imgId': 2983, 'orgNatureDesc': '国有控股', 'orgCategorySpecificDesc': '农、林、牧、渔业-农业', 'orgAddrProvinceDesc': '北京市', 'orgAddrCountyDesc': '东城区', 'orgAddrCityDesc': '市辖区', 'legalCrtTypeDesc': '中国居民身份证', 'createDate': '2023-06-26 10:34:53', 'updateDate': '2023-06-26 10:34:53', 'entInfoSyss_0_id': 3720, 'entInfoSyss_0_entApplyId': 1466, 'entApplyId': 1466, 'entInfoSyss_0_sysType': 1, 'entInfoSyss_0_deployMode': 1, 'entInfoSyss_0_deployAddr': '致真', 'entInfoSyss_0_deployAddrProvince': '110000', 'entInfoSyss_0_deployAddrCity': '110100', 'entInfoSyss_0_deployAddrCounty': '110101', 'entInfoSyss_1_id': 3721, 'entInfoSyss_1_entApplyId': 1466, 'entInfoSyss_1_sysType': 2, 'entInfoSyss_1_deployMode': 1, 'entInfoSyss_1_deployAddr': '致真', 'entInfoSyss_1_deployAddrProvince': '110000', 'entInfoSyss_1_deployAddrCity': '110100', 'entInfoSyss_1_deployAddrCounty': '110101', 'entInfoSyss_2_id': 3722, 'entInfoSyss_2_entApplyId': 1466, 'entInfoSyss_2_sysType': 3, 'entInfoSyss_2_deployMode': 1, 'entInfoSyss_2_deployAddr': '天津', 'entInfoSyss_2_deployAddrProvince': '120000', 'entInfoSyss_2_deployAddrCity': '120100', 'entInfoSyss_2_deployAddrCounty': '120101', 'entInfoSyss_3_id': 3723, 'entInfoSyss_3_entApplyId': 1466, 'entInfoSyss_3_sysType': 4, 'entInfoSyss_3_deployMode': 1, 'entInfoSyss_3_deployAddr': '天津', 'entInfoSyss_3_deployAddrProvince': '120000', 'entInfoSyss_3_deployAddrCity': '120100', 'entInfoSyss_3_deployAddrCounty': '120101'}
2023-06-26 10:34:52.783 | INFO     | httprunner.response:validate:249 - assert status_code equal 200(int)	==> pass
2023-06-26 10:34:52.783 | INFO     | httprunner.response:validate:249 - assert body.message equal success(str)	==> pass
2023-06-26 10:34:52.783 | INFO     | httprunner.runner:__run_step:304 - run step end: 企业注册查询注册信息 <<<<<<

2023-06-26 10:34:52.783 | INFO     | httprunner.runner:__run_step_testcase:286 - export variables: {'entInfoSyss_3_deployAddrCity': '120100', 'contactPhone': '16786297014', 'entInfoSyss_2_deployAddrProvince': '120000', 'entInfoSyss_3_deployMode': 1, 'legalPhone': None, 'entInfoSyss_0_sysType': 1, 'orgCategorySpecificDesc': '农、林、牧、渔业-农业', 'orgCrtImgRid': 2983, 'entInfoSyss_1_deployMode': 1, 'entInfoSyss_2_deployMode': 1, 'orgAddrProvince': '110000', 'entId': None, 'createDate': '2023-06-26 10:34:53', 'orgCrtType': '1', 'entInfoSyss_3_entApplyId': 1466, 'applyId': 1466, 'entInfoSyss_2_deployAddr': '天津', 'entInfoSyss_2_entApplyId': 1466, 'userName': 'IxqjEQu6LSbRBnHddz7tMhC6R7YxABFu', 'contactCrtType': 1, 'entInfoSyss_1_id': 3721, 'imgId': 2983, 'orgAddr': '致真', 'entInfoSyss_0_deployAddrCity': '110100', 'entInfoSyss_1_deployAddrCity': '110100', 'entInfoSyss_1_deployAddrProvince': '110000', 'entInfoSyss_2_deployAddrCounty': '120101', 'imgId_f': 2984, 'industrySpecific': '01', 'entInfoSyss_0_deployMode': 1, 'legalCrtNo': '813505196504240058', 'entInfoSyss_3_deployAddr': '天津', 'entInfoSyss_3_deployAddrCounty': '120101', 'entInfoSyss_1_sysType': 2, 'orgCrtCode': 'IxqjEQu6LSbRBnHddz7tMhC6R7YxABFu', 'legalName': '张三', 'legalCrtType': '1', 'orgAddrCountyDesc': '东城区', 'entInfoSyss_2_deployAddrCity': '120100', 'entInfoSyss_3_id': 3723, 'entInfoSyss_2_id': 3722, 'entInfoSyss_2_sysType': 3, 'legalCrtBackImgRid': 2985, 'legalCrtFrontImgRid': 2984, 'entInfoSyss_0_deployAddrCounty': '110101', 'imgId_b': 2985, 'orgAddrCounty': '110101', 'legalEmail': None, 'entInfoSyss_3_sysType': 4, 'contactCrtNo': '813505196504240058', 'orgName': 'IxqjEQu6LSbRBnHddz7tMhC6R7YxABFu', 'orgAddrCityDesc': '市辖区', 'orgNature': '1', 'orgAddrProvinceDesc': '北京市', 'entInfoSyss_0_id': 3720, 'contactEmail': 'f7H6uR1nSLPM7iDW@qaqseq.com', 'contactName': 'IxqjEQu6LSbRBnHddz7tMhC6R7YxABFu', 'updateDate': '2023-06-26 10:34:53', 'entInfoSyss_3_deployAddrProvince': '120000', 'industryCategory': 'A', 'entInfoSyss_0_entApplyId': 1466, 'legalCrtTypeDesc': '中国居民身份证', 'entApplyId': 1466, 'userId': 1700, 'orgNatureDesc': '国有控股', 'entInfoSyss_1_entApplyId': 1466, 'entInfoSyss_0_deployAddrProvince': '110000', 'entInfoSyss_1_deployAddrCounty': '110101', 'entInfoSyss_1_deployAddr': '致真', 'entInfoSyss_0_deployAddr': '致真', 'orgAddrCity': '110100', 'entUserId': None, 'prefix': '88.408.2225688040'}
2023-06-26 10:34:52.783 | INFO     | httprunner.runner:__run_step:304 - run step end: 企业注册查询注册信息 <<<<<<

2023-06-26 10:34:52.784 | INFO     | httprunner.runner:__run_step:292 - run step begin: 企业注册最终第三步提交信息 >>>>>>
2023-06-26 10:34:52.784 | INFO     | httprunner.runner:__run_step:292 - run step begin: 企业注册最终第三步提交信息 >>>>>>
2023-06-26 10:34:52.945 | DEBUG    | httprunner.client:request:186 - client IP: 127.0.0.1, Port: 51329
2023-06-26 10:34:52.945 | DEBUG    | httprunner.client:request:194 - server IP: 127.0.0.1, Port: 8888
2023-06-26 10:34:52.947 | DEBUG    | httprunner.client:log_print:40 - 
================== request details ==================
method   : POST
url      : http://139.198.116.76:8000/api/v3/entApply/apply
headers  : {
    "User-Agent": "Mozilla/5.0 (Macintosh; Intel Mac OS X 10_15_7) AppleWebKit/537.36 (KHTML, like Gecko) Chrome/105.0.0.0 Safari/537.36",
    "Accept-Encoding": "gzip, deflate",
    "Accept": "application/json, text/plain, */*",
    "Connection": "keep-alive",
    "Accept-Language": "zh-CN,zh;q=0.9",
    "Content-Type": "application/json;charset=UTF-8",
    "HRUN-Request-ID": "HRUN-6c3a47b7-5842-4123-ab7d-c8e7d2b3f502-892784",
    "Cookie": "SESSION=MTJjZjEwNTQtMDEzYy00NzE3LWI0MTctOTk0NTU5MDBhYmNl; SESSION=response.headers.\"Set-Cookie\".session",
    "Content-Length": "3280"
}
cookies  : {
    "SESSION": "MTJjZjEwNTQtMDEzYy00NzE3LWI0MTctOTk0NTU5MDBhYmNl"
}
body     : {
    "applyStep": 4,
    "applyType": null,
    "cltrid": null,
    "contactCrtBackImgPath": null,
    "contactCrtBackImgRid": 2985,
    "contactCrtFrontImgPath": null,
    "contactCrtFrontImgRid": 2984,
    "contactCrtNo": "813505196504240058",
    "contactCrtType": 1,
    "contactEmail": "f7H6uR1nSLPM7iDW@qaqseq.com",
    "contactName": "IxqjEQu6LSbRBnHddz7tMhC6R7YxABFu",
    "contactPhone": "16786297014",
    "createDate": "2023-06-26 10:34:53",
    "dataHostingContractFilePath": null,
    "dataHostingContractFileRid": null,
    "dataHostingOrg": null,
    "entGeneralId": null,
    "entInfoLicenses": [],
    "entInfoSerIndustrys": [],
    "entInfoSyss": [
        {
            "deployAddr": "致真",
            "deployAddrCity": "110100",
            "deployAddrCounty": "110101",
            "deployAddrProvince": "110000",
            "deployMode": 1,
            "ipPort": null,
            "name": null,
            "sysType": 2
        },
        {
            "deployAddr": "致真",
            "deployAddrCity": "110100",
            "deployAddrCounty": "110101",
            "deployAddrProvince": "110000",
            "deployMode": 1,
            "ipPort": null,
            "name": null,
            "sysType": 3
        },
        {
            "deployAddr": "天津",
            "deployAddrCity": "120100",
            "deployAddrCounty": "120101",
            "deployAddrProvince": "120000",
            "deployMode": 1,
            "ipPort": null,
            "name": null,
            "sysType": 4
        },
        {
            "deployAddr": "天津",
            "deployAddrCity": "120100",
            "deployAddrCounty": "120101",
            "deployAddrProvince": "120000",
            "deployMode": 1,
            "ipPort": null,
            "name": null,
            "sysType": 4
        }
    ],
    "entPrefix": "88.408.2225688040",
    "escrowId": null,
    "escrowOrgName": null,
    "establishDate": null,
    "extDomain": null,
    "extIpAddr": null,
    "extWebName": null,
    "finalAuditMsg": null,
    "finalAuditStatus": null,
    "firstAuditMsg": null,
    "firstAuditStatus": null,
    "id": 1466,
    "idRegNaImp": null,
    "industryCategory": "A",
    "industrySpecific": "01",
    "isSubmit": 0,
    "legalCrtBackImgContent": null,
    "legalCrtBackImgPath": null,
    "legalCrtBackImgRid": 2985,
    "legalCrtFrontImgContent": null,
    "legalCrtFrontImgPath": null,
    "legalCrtFrontImgRid": 2984,
    "legalCrtNo": "813505196504240058",
    "legalCrtType": "1",
    "legalCrtTypeDesc": "中国居民身份证",
    "legalEmail": null,
    "legalFax": null,
    "legalName": "张三",
    "legalPhone": null,
    "orgAddr": "致真",
    "orgAddrCity": "110100",
    "orgAddrCityDesc": "市辖区",
    "orgAddrCounty": "110101",
    "orgAddrCountyDesc": "东城区",
    "orgAddrProvince": "110000",
    "orgAddrProvinceDesc": "北京市",
    "orgCategorySpecificDesc": "农、林、牧、渔业-农业",
    "orgCrtCode": "IxqjEQu6LSbRBnHddz7tMhC6R7YxABFu",
    "orgCrtImgContent": null,
    "orgCrtImgPath": null,
    "orgCrtImgRid": 2983,
    "orgCrtType": "1",
    "orgDesc": null,
    "orgName": "IxqjEQu6LSbRBnHddz7tMhC6R7YxABFu",
    "orgNature": "1",
    "orgNatureDesc": "1",
    "periodValidity": null,
    "regAuthority": null,
    "regCapital": null,
    "regRealNaImpName": null,
    "regRealNaImpType": null,
    "servHostingContractFilePath": null,
    "servHostingContractFileRid": null,
    "servHostingOrg": null,
    "servSysBuildContractFilePath": null,
    "servSysBuildContractFileRid": null,
    "servSysBuildName": null,
    "servSysBuildType": 1,
    "servSysOperContractFilePath": null,
    "servSysOperContractFileRid": null,
    "servSysOperName": null,
    "servSysOperType": 1,
    "svtrid": null,
    "thirdServiceMsg": null,
    "thirdServiceStatus": null,
    "updateDate": "2023-06-26 10:34:53",
    "userId": 1700,
    "userName": "IxqjEQu6LSbRBnHddz7tMhC6R7YxABFu",
    "website": null
}

2023-06-26 10:34:52.948 | DEBUG    | httprunner.client:log_print:40 - 
================== response details ==================
status_code : 200
headers  : {
    "Server": "nginx",
    "Date": "Mon, 26 Jun 2023 02:34:53 GMT",
    "Content-Type": "application/json;charset=UTF-8",
    "Transfer-Encoding": "chunked",
    "X-Frame-Options": "SAMEORIGIN",
    "Connection": "keep-alive"
}
cookies  : {}
encoding : UTF-8
content_type : application/json;charset=UTF-8
body     : {
    "message": "success",
    "status": 1,
    "data": true
}

2023-06-26 10:34:52.949 | INFO     | httprunner.client:request:217 - status_code: 200, response_time(ms): 160.43 ms, response_length: 0 bytes
2023-06-26 10:34:52.949 | INFO     | httprunner.response:validate:249 - assert status_code equal 200(int)	==> pass
2023-06-26 10:34:52.949 | INFO     | httprunner.response:validate:249 - assert body.message equal success(str)	==> pass
2023-06-26 10:34:52.949 | INFO     | httprunner.runner:__run_step:304 - run step end: 企业注册最终第三步提交信息 <<<<<<

2023-06-26 10:34:52.949 | INFO     | httprunner.runner:__run_step:304 - run step end: 企业注册最终第三步提交信息 <<<<<<

2023-06-26 10:34:52.949 | INFO     | httprunner.runner:__run_step:292 - run step begin: 登录-管理员 >>>>>>
2023-06-26 10:34:52.950 | INFO     | httprunner.runner:__run_step:292 - run step begin: 登录-企业用户 >>>>>>
2023-06-26 10:34:53.183 | DEBUG    | httprunner.client:request:186 - client IP: 127.0.0.1, Port: 51329
2023-06-26 10:34:53.184 | DEBUG    | httprunner.client:request:194 - server IP: 127.0.0.1, Port: 8888
2023-06-26 10:34:53.184 | DEBUG    | httprunner.client:log_print:40 - 
================== request details ==================
method   : POST
url      : http://139.198.116.76:8000/api/home/test/login
headers  : {
    "User-Agent": "python-requests/2.28.1",
    "Accept-Encoding": "gzip, deflate, br",
    "Accept": "*/*",
    "Connection": "keep-alive",
    "Content-Length": "144",
    "Content-Type": "application/json",
    "HRUN-Request-ID": "HRUN-6c3a47b7-5842-4123-ab7d-c8e7d2b3f502-892950",
    "Cookie": "SESSION=MTJjZjEwNTQtMDEzYy00NzE3LWI0MTctOTk0NTU5MDBhYmNl"
}
cookies  : {
    "SESSION": "MTJjZjEwNTQtMDEzYy00NzE3LWI0MTctOTk0NTU5MDBhYmNl"
}
body     : {
    "captcha": "0000",
    "captchaSign": "5d39bab12bba81ab59b3931d2ca06ee9603c3803355932be66974f122cab3502",
    "emailCaptcha": "",
    "username": "adminy"
}

2023-06-26 10:34:53.185 | DEBUG    | httprunner.client:log_print:40 - 
================== response details ==================
status_code : 200
headers  : {
    "Server": "nginx",
    "Date": "Mon, 26 Jun 2023 02:34:53 GMT",
    "Content-Type": "application/json;charset=UTF-8",
    "Transfer-Encoding": "chunked",
    "Set-Cookie": "SESSION=ZWUzNTA0NGMtYTA5NS00ZTQwLWI1MDItMmE1NWU5YTNmN2Vh; Path=/; HttpOnly; SameSite=Lax",
    "X-Frame-Options": "SAMEORIGIN",
    "Connection": "keep-alive"
}
cookies  : {
    "SESSION": "ZWUzNTA0NGMtYTA5NS00ZTQwLWI1MDItMmE1NWU5YTNmN2Vh"
}
encoding : UTF-8
content_type : application/json;charset=UTF-8
body     : {
    "message": "success",
    "status": 1,
    "data": true
}

2023-06-26 10:34:53.186 | INFO     | httprunner.client:request:217 - status_code: 200, response_time(ms): 233.37 ms, response_length: 0 bytes
2023-06-26 10:34:53.186 | INFO     | httprunner.response:extract:179 - extract mapping: {'adminSession': 'response.headers."Set-Cookie".session'}
2023-06-26 10:34:53.186 | INFO     | httprunner.response:validate:249 - assert status_code equal 200(int)	==> pass
2023-06-26 10:34:53.187 | INFO     | httprunner.response:validate:249 - assert headers."Content-Type" equal application/json;charset=UTF-8(str)	==> pass
2023-06-26 10:34:53.187 | INFO     | httprunner.response:validate:249 - assert body.message equal success(str)	==> pass
2023-06-26 10:34:53.187 | INFO     | httprunner.response:validate:249 - assert body.status equal 1(int)	==> pass
2023-06-26 10:34:53.187 | INFO     | httprunner.response:validate:249 - assert body.data equal True(bool)	==> pass
2023-06-26 10:34:53.187 | INFO     | httprunner.runner:__run_step:304 - run step end: 登录-企业用户 <<<<<<

2023-06-26 10:34:53.187 | INFO     | httprunner.runner:__run_step_testcase:286 - export variables: {'adminSession': 'response.headers."Set-Cookie".session'}
2023-06-26 10:34:53.187 | INFO     | httprunner.runner:__run_step:304 - run step end: 登录-管理员 <<<<<<

2023-06-26 10:34:53.187 | INFO     | httprunner.runner:__run_step:292 - run step begin: 年费费用查询 >>>>>>
2023-06-26 10:34:53.188 | INFO     | httprunner.runner:__run_step:292 - run step begin: 财务规则查询-年费 >>>>>>
2023-06-26 10:34:53.238 | DEBUG    | httprunner.client:request:186 - client IP: 127.0.0.1, Port: 51329
2023-06-26 10:34:53.239 | DEBUG    | httprunner.client:request:194 - server IP: 127.0.0.1, Port: 8888
2023-06-26 10:34:53.239 | DEBUG    | httprunner.client:log_print:40 - 
================== request details ==================
method   : GET
url      : http://139.198.116.76:8000/api/finance/rule/findRule?cache=1663837640684&moneyType=2&userId=1700
headers  : {
    "User-Agent": "Mozilla/5.0 (Macintosh; Intel Mac OS X 10_15_7) AppleWebKit/537.36 (KHTML, like Gecko) Chrome/98.0.4758.102 Safari/537.36 Edg/98.0.1108.56",
    "Accept-Encoding": "gzip, deflate",
    "Accept": "application/json, text/plain, */*",
    "Connection": "keep-alive",
    "Accept-Language": "zh-CN,zh;q=0.9,en;q=0.8,en-GB;q=0.7,en-US;q=0.6",
    "HRUN-Request-ID": "HRUN-6c3a47b7-5842-4123-ab7d-c8e7d2b3f502-893188",
    "Cookie": "SESSION=ZWUzNTA0NGMtYTA5NS00ZTQwLWI1MDItMmE1NWU5YTNmN2Vh; SESSION=response.headers.\"Set-Cookie\".session"
}
cookies  : {
    "SESSION": "ZWUzNTA0NGMtYTA5NS00ZTQwLWI1MDItMmE1NWU5YTNmN2Vh"
}
body     : None

2023-06-26 10:34:53.240 | DEBUG    | httprunner.client:log_print:40 - 
================== response details ==================
status_code : 200
headers  : {
    "Server": "nginx",
    "Date": "Mon, 26 Jun 2023 02:34:53 GMT",
    "Content-Type": "application/json;charset=UTF-8",
    "Transfer-Encoding": "chunked",
    "X-Frame-Options": "SAMEORIGIN",
    "Connection": "keep-alive"
}
cookies  : {}
encoding : UTF-8
content_type : application/json;charset=UTF-8
body     : {
    "message": "success",
    "status": 1,
    "data": [
        {
            "id": 78,
            "createDate": "2023-05-31 12:51:47",
            "updateDate": "2023-05-31 12:51:47",
            "name": "标准",
            "money": 10000.0,
            "moneyType": 2,
            "prefixCount": 1,
            "remart": "test",
            "entName": null,
            "entUserId": null,
            "ruleType": 2,
            "escrowId": null
        }
    ]
}

2023-06-26 10:34:53.240 | INFO     | httprunner.client:request:217 - status_code: 200, response_time(ms): 50.18 ms, response_length: 0 bytes
2023-06-26 10:34:53.241 | INFO     | httprunner.response:extract:179 - extract mapping: {'annualFeeRuleId': 78}
2023-06-26 10:34:53.241 | INFO     | httprunner.response:validate:249 - assert status_code equal 200(int)	==> pass
2023-06-26 10:34:53.241 | INFO     | httprunner.response:validate:249 - assert body.message equal success(str)	==> pass
2023-06-26 10:34:53.242 | INFO     | httprunner.response:validate:249 - assert body.status equal 1(int)	==> pass
2023-06-26 10:34:53.242 | INFO     | httprunner.runner:__run_step:304 - run step end: 财务规则查询-年费 <<<<<<

2023-06-26 10:34:53.242 | INFO     | httprunner.runner:__run_step_testcase:286 - export variables: {'annualFeeRuleId': 78}
2023-06-26 10:34:53.242 | INFO     | httprunner.runner:__run_step:304 - run step end: 年费费用查询 <<<<<<

2023-06-26 10:34:53.242 | INFO     | httprunner.runner:__run_step:292 - run step begin: 注册费费用查询 >>>>>>
2023-06-26 10:34:53.243 | INFO     | httprunner.runner:__run_step:292 - run step begin: 财务规则查询-注册费 >>>>>>
2023-06-26 10:34:53.295 | DEBUG    | httprunner.client:request:186 - client IP: 127.0.0.1, Port: 51329
2023-06-26 10:34:53.295 | DEBUG    | httprunner.client:request:194 - server IP: 127.0.0.1, Port: 8888
2023-06-26 10:34:53.296 | DEBUG    | httprunner.client:log_print:40 - 
================== request details ==================
method   : GET
url      : http://139.198.116.76:8000/api/finance/rule/findRule?moneyType=1&userId=1700
headers  : {
    "User-Agent": "Mozilla/5.0 (Macintosh; Intel Mac OS X 10_15_7) AppleWebKit/537.36 (KHTML, like Gecko) Chrome/98.0.4758.102 Safari/537.36 Edg/98.0.1108.56",
    "Accept-Encoding": "gzip, deflate",
    "Accept": "application/json, text/plain, */*",
    "Connection": "keep-alive",
    "Accept-Language": "zh-CN,zh;q=0.9,en;q=0.8,en-GB;q=0.7,en-US;q=0.6",
    "HRUN-Request-ID": "HRUN-6c3a47b7-5842-4123-ab7d-c8e7d2b3f502-893243",
    "Cookie": "SESSION=ZWUzNTA0NGMtYTA5NS00ZTQwLWI1MDItMmE1NWU5YTNmN2Vh; SESSION=response.headers.\"Set-Cookie\".session"
}
cookies  : {
    "SESSION": "ZWUzNTA0NGMtYTA5NS00ZTQwLWI1MDItMmE1NWU5YTNmN2Vh"
}
body     : None

2023-06-26 10:34:53.297 | DEBUG    | httprunner.client:log_print:40 - 
================== response details ==================
status_code : 200
headers  : {
    "Server": "nginx",
    "Date": "Mon, 26 Jun 2023 02:34:53 GMT",
    "Content-Type": "application/json;charset=UTF-8",
    "Transfer-Encoding": "chunked",
    "X-Frame-Options": "SAMEORIGIN",
    "Connection": "keep-alive"
}
cookies  : {}
encoding : UTF-8
content_type : application/json;charset=UTF-8
body     : {
    "message": "success",
    "status": 1,
    "data": [
        {
            "id": 77,
            "createDate": "2023-05-31 12:51:33",
            "updateDate": "2023-05-31 12:51:33",
            "name": "标准",
            "money": 10000.0,
            "moneyType": 1,
            "prefixCount": 1,
            "remart": "test",
            "entName": null,
            "entUserId": null,
            "ruleType": 2,
            "escrowId": null
        }
    ]
}

2023-06-26 10:34:53.297 | INFO     | httprunner.client:request:217 - status_code: 200, response_time(ms): 51.87 ms, response_length: 0 bytes
2023-06-26 10:34:53.297 | INFO     | httprunner.response:extract:179 - extract mapping: {'regFeeRuleId': 77}
2023-06-26 10:34:53.297 | INFO     | httprunner.response:validate:249 - assert status_code equal 200(int)	==> pass
2023-06-26 10:34:53.298 | INFO     | httprunner.response:validate:249 - assert body.message equal success(str)	==> pass
2023-06-26 10:34:53.298 | INFO     | httprunner.response:validate:249 - assert body.status equal 1(int)	==> pass
2023-06-26 10:34:53.298 | INFO     | httprunner.runner:__run_step:304 - run step end: 财务规则查询-注册费 <<<<<<

2023-06-26 10:34:53.299 | INFO     | httprunner.runner:__run_step_testcase:286 - export variables: {'regFeeRuleId': 77}
2023-06-26 10:34:53.299 | INFO     | httprunner.runner:__run_step:304 - run step end: 注册费费用查询 <<<<<<

2023-06-26 10:34:53.300 | INFO     | httprunner.runner:__run_step:292 - run step begin: 审核结果保存 >>>>>>
2023-06-26 10:34:53.300 | INFO     | httprunner.runner:__run_step:292 - run step begin: 企业审核保存 >>>>>>
2023-06-26 10:34:54.281 | DEBUG    | httprunner.client:request:186 - client IP: 127.0.0.1, Port: 51329
2023-06-26 10:34:54.281 | DEBUG    | httprunner.client:request:194 - server IP: 127.0.0.1, Port: 8888
2023-06-26 10:34:54.282 | DEBUG    | httprunner.client:log_print:40 - 
================== request details ==================
method   : POST
url      : http://139.198.116.76:8000/api/v3/ent/audit/save?annualFeeRuleId=78&applyId=1466&auditMsg=%E5%AE%A1%E6%A0%B8%E9%80%9A%E8%BF%87&auditResult=pass&entPrefix=88.408.2225688040&regFeeRuleId=77
headers  : {
    "User-Agent": "Mozilla/5.0 (Macintosh; Intel Mac OS X 10_15_7) AppleWebKit/537.36 (KHTML, like Gecko) Chrome/98.0.4758.102 Safari/537.36 Edg/98.0.1108.56",
    "Accept-Encoding": "gzip, deflate",
    "Accept": "application/json, text/plain, */*",
    "Connection": "keep-alive",
    "Accept-Language": "zh-CN,zh;q=0.9,en;q=0.8,en-GB;q=0.7,en-US;q=0.6",
    "Content-Length": "0",
    "HRUN-Request-ID": "HRUN-6c3a47b7-5842-4123-ab7d-c8e7d2b3f502-893300",
    "Cookie": "SESSION=ZWUzNTA0NGMtYTA5NS00ZTQwLWI1MDItMmE1NWU5YTNmN2Vh; SESSION=response.headers.\"Set-Cookie\".session"
}
cookies  : {
    "SESSION": "ZWUzNTA0NGMtYTA5NS00ZTQwLWI1MDItMmE1NWU5YTNmN2Vh"
}
body     : None

2023-06-26 10:34:54.283 | DEBUG    | httprunner.client:log_print:40 - 
================== response details ==================
status_code : 200
headers  : {
    "Server": "nginx",
    "Date": "Mon, 26 Jun 2023 02:34:54 GMT",
    "Content-Type": "application/json",
    "Transfer-Encoding": "chunked",
    "X-Frame-Options": "SAMEORIGIN",
    "Connection": "keep-alive"
}
cookies  : {}
encoding : utf-8
content_type : application/json
body     : {
    "message": "success",
    "status": 1,
    "data": true
}

2023-06-26 10:34:54.283 | INFO     | httprunner.client:request:217 - status_code: 200, response_time(ms): 980.57 ms, response_length: 0 bytes
2023-06-26 10:34:54.283 | INFO     | httprunner.response:validate:249 - assert status_code equal 200(int)	==> pass
2023-06-26 10:34:54.283 | INFO     | httprunner.response:validate:249 - assert body.message equal success(str)	==> pass
2023-06-26 10:34:54.284 | INFO     | httprunner.response:validate:249 - assert body.status equal 1(int)	==> pass
2023-06-26 10:34:54.284 | INFO     | httprunner.response:validate:249 - assert body.data equal True(bool)	==> pass
2023-06-26 10:34:54.284 | INFO     | httprunner.runner:__run_step:304 - run step end: 企业审核保存 <<<<<<

2023-06-26 10:34:54.284 | INFO     | httprunner.runner:__run_step:304 - run step end: 审核结果保存 <<<<<<

2023-06-26 10:34:54.285 | INFO     | httprunner.runner:__run_step:292 - run step begin: 前缀管理分页 >>>>>>
2023-06-26 10:34:54.286 | INFO     | httprunner.runner:__run_step:292 - run step begin: 前缀管理分页 >>>>>>
2023-06-26 10:34:54.359 | DEBUG    | httprunner.client:request:186 - client IP: 127.0.0.1, Port: 51329
2023-06-26 10:34:54.359 | DEBUG    | httprunner.client:request:194 - server IP: 127.0.0.1, Port: 8888
2023-06-26 10:34:54.360 | DEBUG    | httprunner.client:log_print:40 - 
================== request details ==================
method   : GET
url      : http://139.198.116.76:8000/api/v3/ent/prefix/manage/pageQuery?cache=1663838231980&currentPage=1&entPrefix=88.408.2225688040&escrowOrgName=&order=&orderProp=
headers  : {
    "User-Agent": "Mozilla/5.0 (Macintosh; Intel Mac OS X 10_15_7) AppleWebKit/537.36 (KHTML, like Gecko) Chrome/98.0.4758.102 Safari/537.36 Edg/98.0.1108.56",
    "Accept-Encoding": "gzip, deflate",
    "Accept": "application/json, text/plain, */*",
    "Connection": "keep-alive",
    "Accept-Language": "zh-CN,zh;q=0.9,en;q=0.8,en-GB;q=0.7,en-US;q=0.6",
    "HRUN-Request-ID": "HRUN-6c3a47b7-5842-4123-ab7d-c8e7d2b3f502-894286",
    "Cookie": "SESSION=ZWUzNTA0NGMtYTA5NS00ZTQwLWI1MDItMmE1NWU5YTNmN2Vh; SESSION=response.headers.\"Set-Cookie\".session"
}
cookies  : {
    "SESSION": "ZWUzNTA0NGMtYTA5NS00ZTQwLWI1MDItMmE1NWU5YTNmN2Vh"
}
body     : None

2023-06-26 10:34:54.360 | DEBUG    | httprunner.client:log_print:40 - 
================== response details ==================
status_code : 200
headers  : {
    "Server": "nginx",
    "Date": "Mon, 26 Jun 2023 02:34:54 GMT",
    "Content-Type": "application/json",
    "Transfer-Encoding": "chunked",
    "X-Frame-Options": "SAMEORIGIN",
    "Connection": "keep-alive"
}
cookies  : {}
encoding : utf-8
content_type : application/json
body     : {
    "message": "success",
    "status": 1,
    "data": {
        "first": true,
        "last": true,
        "totalPages": 1,
        "totalElements": 1,
        "number": 1,
        "size": 10,
        "sort": {
            "sorted": false,
            "unsorted": true,
            "empty": true
        },
        "numberOfElements": 1,
        "content": [
            {
                "userId": 1700,
                "entPrefix": "88.408.2225688040",
                "state": 1,
                "entGeneralId": null,
                "entName": "IxqjEQu6LSbRBnHddz7tMhC6R7YxABFu",
                "escrowOrgName": null,
                "proxyState": 1,
                "createDate": "2023-06-26 10:34:54",
                "updateDate": "2023-06-26 10:34:54",
                "id": 758
            }
        ]
    }
}

2023-06-26 10:34:54.361 | INFO     | httprunner.client:request:217 - status_code: 200, response_time(ms): 72.79 ms, response_length: 0 bytes
2023-06-26 10:34:54.361 | INFO     | httprunner.response:extract:179 - extract mapping: {'userId': 1700, 'entPrefix': '88.408.2225688040', 'prefixId': 758, 'entNameCn': 'IxqjEQu6LSbRBnHddz7tMhC6R7YxABFu', 'proxyState': 1}
2023-06-26 10:34:54.362 | INFO     | httprunner.response:validate:249 - assert status_code equal 200(int)	==> pass
2023-06-26 10:34:54.362 | INFO     | httprunner.response:validate:249 - assert body.message equal success(str)	==> pass
2023-06-26 10:34:54.362 | INFO     | httprunner.runner:__run_step:304 - run step end: 前缀管理分页 <<<<<<

2023-06-26 10:34:54.362 | INFO     | httprunner.runner:__run_step_testcase:286 - export variables: {'prefixId': 758, 'entPrefix': '88.408.2225688040', 'userId': 1700, 'proxyState': 1, 'entNameCn': 'IxqjEQu6LSbRBnHddz7tMhC6R7YxABFu'}
2023-06-26 10:34:54.363 | INFO     | httprunner.runner:__run_step:304 - run step end: 前缀管理分页 <<<<<<

2023-06-26 10:34:54.363 | INFO     | httprunner.runner:__run_step:292 - run step begin: 企业审核分页 >>>>>>
2023-06-26 10:34:54.363 | INFO     | httprunner.runner:__run_step:292 - run step begin: 前缀审核分页-通过 >>>>>>
2023-06-26 10:34:54.419 | DEBUG    | httprunner.client:request:186 - client IP: 127.0.0.1, Port: 51329
2023-06-26 10:34:54.419 | DEBUG    | httprunner.client:request:194 - server IP: 127.0.0.1, Port: 8888
2023-06-26 10:34:54.420 | DEBUG    | httprunner.client:log_print:40 - 
================== request details ==================
method   : GET
url      : http://139.198.116.76:8000/api/v3/ent/audit/pageQuery?cache=1663838692645&currentPage=1&escrowOrgName=&order=&orderProp=&orgName=&prefix=&auditState=2&rangeTime=
headers  : {
    "User-Agent": "Mozilla/5.0 (Macintosh; Intel Mac OS X 10_15_7) AppleWebKit/537.36 (KHTML, like Gecko) Chrome/98.0.4758.102 Safari/537.36 Edg/98.0.1108.56",
    "Accept-Encoding": "gzip, deflate",
    "Accept": "application/json, text/plain, */*",
    "Connection": "keep-alive",
    "Accept-Language": "zh-CN,zh;q=0.9,en;q=0.8,en-GB;q=0.7,en-US;q=0.6",
    "HRUN-Request-ID": "HRUN-6c3a47b7-5842-4123-ab7d-c8e7d2b3f502-894363",
    "Cookie": "SESSION=ZWUzNTA0NGMtYTA5NS00ZTQwLWI1MDItMmE1NWU5YTNmN2Vh; SESSION=response.headers.\"Set-Cookie\".session"
}
cookies  : {
    "SESSION": "ZWUzNTA0NGMtYTA5NS00ZTQwLWI1MDItMmE1NWU5YTNmN2Vh"
}
body     : None

2023-06-26 10:34:54.421 | DEBUG    | httprunner.client:log_print:40 - 
================== response details ==================
status_code : 200
headers  : {
    "Server": "nginx",
    "Date": "Mon, 26 Jun 2023 02:34:54 GMT",
    "Content-Type": "application/json",
    "Transfer-Encoding": "chunked",
    "X-Frame-Options": "SAMEORIGIN",
    "Connection": "keep-alive"
}
cookies  : {}
encoding : utf-8
content_type : application/json
body     : {
    "message": "success",
    "status": 1,
    "data": {
        "first": true,
        "last": false,
        "totalPages": 48,
        "totalElements": 480,
        "number": 1,
        "size": 10,
        "sort": {
            "sorted": false,
            "unsorted": true,
            "empty": true
        },
        "numberOfElements": 10,
        "content": [
            {
                "id": 1466,
                "escrowOrgName": null,
                "orgName": "IxqjEQu6LSbRBnHddz7tMhC6R7YxABFu",
                "entPrefix": "88.408.2225688040",
                "orgCrtCode": "IxqjEQu6LSbRBnHddz7tMhC6R7YxABFu",
                "orgNature": 1,
                "applyType": 1,
                "thirdServiceStatus": 3,
                "firstAuditStatus": 2,
                "createDate": "2023-06-26 10:34:53",
                "updateDate": "2023-06-26 10:34:54"
            },
            {
                "id": 1465,
                "escrowOrgName": null,
                "orgName": "suPV151RvtT3aJMBUZlEbeEBGOqw6wJx",
                "entPrefix": "88.408.7420595476",
                "orgCrtCode": "suPV151RvtT3aJMBUZlEbeEBGOqw6wJx",
                "orgNature": 1,
                "applyType": 1,
                "thirdServiceStatus": 3,
                "firstAuditStatus": 2,
                "createDate": "2023-06-26 10:34:49",
                "updateDate": "2023-06-26 10:34:51"
            },
            {
                "id": 1464,
                "escrowOrgName": null,
                "orgName": "RyvWf8VvhwBm7YIStshQOCA7naNB9cTN",
                "entPrefix": "88.408.2835859429",
                "orgCrtCode": "RyvWf8VvhwBm7YIStshQOCA7naNB9cTN",
                "orgNature": 1,
                "applyType": 1,
                "thirdServiceStatus": 3,
                "firstAuditStatus": 2,
                "createDate": "2023-06-26 10:34:44",
                "updateDate": "2023-06-26 10:34:46"
            },
            {
                "id": 1463,
                "escrowOrgName": null,
                "orgName": "k9dfqNzwRwjPX9ZqEoklykGrUIHFkSc6",
                "entPrefix": "88.408.6576618716",
                "orgCrtCode": "k9dfqNzwRwjPX9ZqEoklykGrUIHFkSc6",
                "orgNature": 1,
                "applyType": 1,
                "thirdServiceStatus": 3,
                "firstAuditStatus": 2,
                "createDate": "2023-06-26 10:34:39",
                "updateDate": "2023-06-26 10:34:41"
            },
            {
                "id": 1462,
                "escrowOrgName": null,
                "orgName": "zv9OaMcXtcM1ApUm0qkSNn1837cCY2rL",
                "entPrefix": "88.408.7337735722",
                "orgCrtCode": "zv9OaMcXtcM1ApUm0qkSNn1837cCY2rL",
                "orgNature": 1,
                "applyType": 1,
                "thirdServiceStatus": 3,
                "firstAuditStatus": 2,
                "createDate": "2023-06-26 10:34:33",
                "updateDate": "2023-06-26 10:34:35"
            },
            {
                "id": 1461,
                "escrowOrgName": null,
                "orgName": "mIzNB3uZMZzdn90UAN5eB0hpwzeGeuG1",
                "entPrefix": "88.408.8809017083",
                "orgCrtCode": "rEfCTHXXypv4TyFZPGtx4J8xC02dcyOl",
                "orgNature": 1,
                "applyType": 1,
                "thirdServiceStatus": 3,
                "firstAuditStatus": 2,
                "createDate": "2023-06-26 10:34:27",
                "updateDate": "2023-06-26 10:34:30"
            },
            {
                "id": 1460,
                "escrowOrgName": null,
                "orgName": "zAUeacYASAGLeLhX2OcyNlsl85jXcY2H",
                "entPrefix": "88.408.8084798098",
                "orgCrtCode": "zAUeacYASAGLeLhX2OcyNlsl85jXcY2H",
                "orgNature": 1,
                "applyType": 1,
                "thirdServiceStatus": 3,
                "firstAuditStatus": 2,
                "createDate": "2023-06-26 10:34:23",
                "updateDate": "2023-06-26 10:34:25"
            },
            {
                "id": 1458,
                "escrowOrgName": null,
                "orgName": "8afuI5nEXkLfVgIyujUMj9ZlpDyqbIZ9",
                "entPrefix": "88.408.3130245485",
                "orgCrtCode": "8afuI5nEXkLfVgIyujUMj9ZlpDyqbIZ9",
                "orgNature": 1,
                "applyType": 1,
                "thirdServiceStatus": 3,
                "firstAuditStatus": 2,
                "createDate": "2023-06-26 10:33:55",
                "updateDate": "2023-06-26 10:33:57"
            },
            {
                "id": 1457,
                "escrowOrgName": null,
                "orgName": "t5CfU4gKZ5Y8hRBqLyJ7hBcST2SgEfKH",
                "entPrefix": "88.408.625156435",
                "orgCrtCode": "t5CfU4gKZ5Y8hRBqLyJ7hBcST2SgEfKH",
                "orgNature": 1,
                "applyType": 1,
                "thirdServiceStatus": 3,
                "firstAuditStatus": 2,
                "createDate": "2023-06-26 10:33:20",
                "updateDate": "2023-06-26 10:33:22"
            },
            {
                "id": 1456,
                "escrowOrgName": null,
                "orgName": "5Uc6uvHzJp7MFX6HUT5pufa3wiIdAvTM",
                "entPrefix": "88.408.6059536691",
                "orgCrtCode": "5Uc6uvHzJp7MFX6HUT5pufa3wiIdAvTM",
                "orgNature": 1,
                "applyType": 1,
                "thirdServiceStatus": 3,
                "firstAuditStatus": 2,
                "createDate": "2023-06-26 10:33:15",
                "updateDate": "2023-06-26 10:33:17"
            }
        ]
    }
}

2023-06-26 10:34:54.422 | INFO     | httprunner.client:request:217 - status_code: 200, response_time(ms): 55.3 ms, response_length: 0 bytes
2023-06-26 10:34:54.422 | INFO     | httprunner.response:validate:249 - assert status_code equal 200(int)	==> pass
2023-06-26 10:34:54.422 | INFO     | httprunner.response:validate:249 - assert body.message equal success(str)	==> pass
2023-06-26 10:34:54.422 | INFO     | httprunner.response:validate:249 - assert body.status equal 1(int)	==> pass
2023-06-26 10:34:54.423 | INFO     | httprunner.response:validate:249 - assert body.data.content[0].firstAuditStatus equal 2(int)	==> pass
2023-06-26 10:34:54.423 | INFO     | httprunner.runner:__run_step:304 - run step end: 前缀审核分页-通过 <<<<<<

2023-06-26 10:34:54.423 | INFO     | httprunner.runner:__run_step:304 - run step end: 企业审核分页 <<<<<<

