2023-06-14 10:44:41.722 | INFO     | httprunner.runner:test_start:450 - Start to run testcase: 包含修改企业信息, TestCase ID: 74196437-134b-40dc-98d9-0001223fcace
2023-06-14 10:44:41.723 | INFO     | httprunner.runner:__run_step:292 - run step begin: 审核驳回 >>>>>>
2023-06-14 10:44:41.723 | INFO     | httprunner.runner:__run_step:292 - run step begin: 用户注册 >>>>>>
2023-06-14 10:44:41.723 | INFO     | httprunner.runner:__run_step:292 - run step begin: 用户注册 >>>>>>
2023-06-14 10:44:41.834 | DEBUG    | httprunner.client:request:186 - client IP: 10.14.148.129, Port: 59445
2023-06-14 10:44:41.834 | DEBUG    | httprunner.client:request:194 - server IP: 139.198.116.76, Port: 8000
2023-06-14 10:44:41.835 | DEBUG    | httprunner.client:log_print:40 - 
================== request details ==================
method   : POST
url      : http://139.198.116.76:8000/api/home/test/registry
headers  : {
    "User-Agent": "Mozilla/5.0 (Windows NT 10.0; WOW64) AppleWebKit/537.36 (KHTML, like Gecko) Chrome/100.0.4896.60 Safari/537.36",
    "Accept-Encoding": "gzip, deflate",
    "Accept": "application/json, text/plain, */*",
    "Connection": "keep-alive",
    "Accept-Language": "zh-CN,zh;q=0.9",
    "HRUN-Request-ID": "HRUN-74196437-134b-40dc-98d9-0001223fcace-681723",
    "Content-Length": "187",
    "Content-Type": "application/json"
}
cookies  : {}
body     : {
    "email": "FScpmZgzjfqh3o8P@qaqseq.com",
    "mobile": "18322941377",
    "openId": "",
    "openUserName": "",
    "password": "Admin@123",
    "remarks": "",
    "username": "emXScsLrMRCu2J6FzG1BrVvsGJJgFvcK"
}

2023-06-14 10:44:41.835 | DEBUG    | httprunner.client:log_print:40 - 
================== response details ==================
status_code : 200
headers  : {
    "Server": "nginx",
    "Date": "Wed, 14 Jun 2023 02:44:41 GMT",
    "Content-Type": "application/json",
    "Transfer-Encoding": "chunked",
    "Connection": "keep-alive",
    "X-Frame-Options": "SAMEORIGIN"
}
cookies  : {}
encoding : utf-8
content_type : application/json
body     : {
    "message": "success",
    "status": 1,
    "data": true
}

2023-06-14 10:44:41.835 | INFO     | httprunner.client:request:217 - status_code: 200, response_time(ms): 110.77 ms, response_length: 0 bytes
2023-06-14 10:44:41.835 | INFO     | httprunner.response:validate:249 - assert status_code equal 200(int)	==> pass
2023-06-14 10:44:41.836 | INFO     | httprunner.response:validate:249 - assert body.message equal success(str)	==> pass
2023-06-14 10:44:41.836 | INFO     | httprunner.response:validate:249 - assert body.status equal 1(int)	==> pass
2023-06-14 10:44:41.836 | INFO     | httprunner.response:validate:249 - assert body.message contains success(str)	==> pass
2023-06-14 10:44:41.836 | INFO     | httprunner.response:validate:249 - assert body.status contained_by [1, 200](list)	==> pass
2023-06-14 10:44:41.836 | INFO     | httprunner.runner:__run_step:304 - run step end: 用户注册 <<<<<<

2023-06-14 10:44:41.836 | INFO     | httprunner.runner:__run_step:304 - run step end: 用户注册 <<<<<<

2023-06-14 10:44:41.836 | INFO     | httprunner.runner:__run_step:292 - run step begin: 登录-企业 >>>>>>
2023-06-14 10:44:41.837 | INFO     | httprunner.runner:__run_step:292 - run step begin: 登录-企业用户 >>>>>>
2023-06-14 10:44:41.896 | DEBUG    | httprunner.client:request:186 - client IP: 10.14.148.129, Port: 59445
2023-06-14 10:44:41.897 | DEBUG    | httprunner.client:request:194 - server IP: 139.198.116.76, Port: 8000
2023-06-14 10:44:41.897 | DEBUG    | httprunner.client:log_print:40 - 
================== request details ==================
method   : POST
url      : http://139.198.116.76:8000/api/home/test/login
headers  : {
    "User-Agent": "python-requests/2.28.1",
    "Accept-Encoding": "gzip, deflate, br",
    "Accept": "*/*",
    "Connection": "keep-alive",
    "Content-Length": "170",
    "Content-Type": "application/json",
    "HRUN-Request-ID": "HRUN-74196437-134b-40dc-98d9-0001223fcace-681838"
}
cookies  : {}
body     : {
    "captcha": "0000",
    "captchaSign": "5c73bb4921f3e92fb20910f1eeca1baae8a1b75d950f2c02f8ea0969e4de0f9b",
    "emailCaptcha": "",
    "username": "emXScsLrMRCu2J6FzG1BrVvsGJJgFvcK"
}

2023-06-14 10:44:41.897 | DEBUG    | httprunner.client:log_print:40 - 
================== response details ==================
status_code : 200
headers  : {
    "Server": "nginx",
    "Date": "Wed, 14 Jun 2023 02:44:41 GMT",
    "Content-Type": "application/json;charset=UTF-8",
    "Transfer-Encoding": "chunked",
    "Connection": "keep-alive",
    "Set-Cookie": "SESSION=ODU4NzkwNmItYjhmYS00ZTJhLWEyODItODQ0ODYwNTZlM2Vi; Path=/; HttpOnly; SameSite=Lax",
    "X-Frame-Options": "SAMEORIGIN"
}
cookies  : {
    "SESSION": "ODU4NzkwNmItYjhmYS00ZTJhLWEyODItODQ0ODYwNTZlM2Vi"
}
encoding : UTF-8
content_type : application/json;charset=UTF-8
body     : {
    "message": "success",
    "status": 1,
    "data": true
}

2023-06-14 10:44:41.898 | INFO     | httprunner.client:request:217 - status_code: 200, response_time(ms): 58.51 ms, response_length: 0 bytes
2023-06-14 10:44:41.898 | INFO     | httprunner.response:extract:179 - extract mapping: {'entSession': 'response.headers."Set-Cookie".session'}
2023-06-14 10:44:41.898 | INFO     | httprunner.response:validate:249 - assert status_code equal 200(int)	==> pass
2023-06-14 10:44:41.898 | INFO     | httprunner.response:validate:249 - assert headers."Content-Type" equal application/json;charset=UTF-8(str)	==> pass
2023-06-14 10:44:41.898 | INFO     | httprunner.response:validate:249 - assert body.message equal success(str)	==> pass
2023-06-14 10:44:41.899 | INFO     | httprunner.response:validate:249 - assert body.status equal 1(int)	==> pass
2023-06-14 10:44:41.899 | INFO     | httprunner.response:validate:249 - assert body.data equal True(bool)	==> pass
2023-06-14 10:44:41.899 | INFO     | httprunner.runner:__run_step:304 - run step end: 登录-企业用户 <<<<<<

2023-06-14 10:44:41.899 | INFO     | httprunner.runner:__run_step_testcase:286 - export variables: {'entSession': 'response.headers."Set-Cookie".session'}
2023-06-14 10:44:41.899 | INFO     | httprunner.runner:__run_step:304 - run step end: 登录-企业 <<<<<<

2023-06-14 10:44:41.900 | INFO     | httprunner.runner:__run_step:292 - run step begin: 前缀注册企业资质图片上传 >>>>>>
2023-06-14 10:44:41.900 | INFO     | httprunner.runner:__run_step:292 - run step begin: 前缀注册企业资质图片上传 >>>>>>
2023-06-14 10:44:42.010 | DEBUG    | httprunner.client:request:186 - client IP: 10.14.148.129, Port: 59445
2023-06-14 10:44:42.013 | DEBUG    | httprunner.client:request:194 - server IP: 139.198.116.76, Port: 8000
2023-06-14 10:44:42.014 | DEBUG    | httprunner.client:log_print:40 - 
================== request details ==================
method   : POST
url      : http://139.198.116.76:8000/api/file/img/upload
headers  : {
    "User-Agent": "Mozilla/5.0 (Macintosh; Intel Mac OS X 10_15_7) AppleWebKit/537.36 (KHTML, like Gecko) Chrome/105.0.0.0 Safari/537.36",
    "Accept-Encoding": "gzip, deflate",
    "Accept": "application/json, text/plain, */*",
    "Connection": "keep-alive",
    "Accept-Language": "zh-CN,zh;q=0.9",
    "Content-Type": "multipart/form-data; boundary=5d36004eb29e40a0a33c14e097983f0d",
    "HRUN-Request-ID": "HRUN-74196437-134b-40dc-98d9-0001223fcace-681902",
    "Cookie": "SESSION=ODU4NzkwNmItYjhmYS00ZTJhLWEyODItODQ0ODYwNTZlM2Vi; SESSION=response.headers.\"Set-Cookie\".session",
    "Content-Length": "20435"
}
cookies  : {
    "SESSION": "ODU4NzkwNmItYjhmYS00ZTJhLWEyODItODQ0ODYwNTZlM2Vi"
}
body     : upload file stream (OMITTED)

2023-06-14 10:44:42.015 | DEBUG    | httprunner.client:log_print:40 - 
================== response details ==================
status_code : 200
headers  : {
    "Server": "nginx",
    "Date": "Wed, 14 Jun 2023 02:44:42 GMT",
    "Content-Type": "application/json;charset=UTF-8",
    "Transfer-Encoding": "chunked",
    "Connection": "keep-alive",
    "X-Frame-Options": "SAMEORIGIN"
}
cookies  : {}
encoding : UTF-8
content_type : application/json;charset=UTF-8
body     : {
    "message": "success",
    "status": 1,
    "data": {
        "id": 2149,
        "path": "5ba87ede-dc0a-41cc-aec2-4dd1c13bc8c2.jpeg"
    }
}

2023-06-14 10:44:42.016 | INFO     | httprunner.client:request:217 - status_code: 200, response_time(ms): 108.57 ms, response_length: 0 bytes
2023-06-14 10:44:42.016 | INFO     | httprunner.response:extract:179 - extract mapping: {'imgId': 2149}
2023-06-14 10:44:42.017 | INFO     | httprunner.response:validate:249 - assert status_code equal 200(int)	==> pass
2023-06-14 10:44:42.017 | INFO     | httprunner.runner:__run_step:304 - run step end: 前缀注册企业资质图片上传 <<<<<<

2023-06-14 10:44:42.017 | INFO     | httprunner.runner:__run_step_testcase:286 - export variables: {'imgId': 2149}
2023-06-14 10:44:42.017 | INFO     | httprunner.runner:__run_step:304 - run step end: 前缀注册企业资质图片上传 <<<<<<

2023-06-14 10:44:42.018 | INFO     | httprunner.runner:__run_step:292 - run step begin: 前缀注册企业联系人身份证图片正面上传 >>>>>>
2023-06-14 10:44:42.019 | INFO     | httprunner.runner:__run_step:292 - run step begin: 前缀注册企业联系人身份证图片背面上传 >>>>>>
2023-06-14 10:44:42.133 | DEBUG    | httprunner.client:request:186 - client IP: 10.14.148.129, Port: 59445
2023-06-14 10:44:42.134 | DEBUG    | httprunner.client:request:194 - server IP: 139.198.116.76, Port: 8000
2023-06-14 10:44:42.135 | DEBUG    | httprunner.client:log_print:40 - 
================== request details ==================
method   : POST
url      : http://139.198.116.76:8000/api/file/img/upload
headers  : {
    "User-Agent": "Mozilla/5.0 (Macintosh; Intel Mac OS X 10_15_7) AppleWebKit/537.36 (KHTML, like Gecko) Chrome/105.0.0.0 Safari/537.36",
    "Accept-Encoding": "gzip, deflate",
    "Accept": "application/json, text/plain, */*",
    "Connection": "keep-alive",
    "Accept-Language": "zh-CN,zh;q=0.9",
    "Content-Type": "multipart/form-data; boundary=6f1c4b1ead4f431b81ad8829ab006684",
    "HRUN-Request-ID": "HRUN-74196437-134b-40dc-98d9-0001223fcace-682027",
    "Cookie": "SESSION=ODU4NzkwNmItYjhmYS00ZTJhLWEyODItODQ0ODYwNTZlM2Vi; SESSION=response.headers.\"Set-Cookie\".session",
    "Content-Length": "20435"
}
cookies  : {
    "SESSION": "ODU4NzkwNmItYjhmYS00ZTJhLWEyODItODQ0ODYwNTZlM2Vi"
}
body     : upload file stream (OMITTED)

2023-06-14 10:44:42.136 | DEBUG    | httprunner.client:log_print:40 - 
================== response details ==================
status_code : 200
headers  : {
    "Server": "nginx",
    "Date": "Wed, 14 Jun 2023 02:44:42 GMT",
    "Content-Type": "application/json;charset=UTF-8",
    "Transfer-Encoding": "chunked",
    "Connection": "keep-alive",
    "X-Frame-Options": "SAMEORIGIN"
}
cookies  : {}
encoding : UTF-8
content_type : application/json;charset=UTF-8
body     : {
    "message": "success",
    "status": 1,
    "data": {
        "id": 2150,
        "path": "8f976054-41df-4a80-81bf-b240e4c60d54.jpeg"
    }
}

2023-06-14 10:44:42.137 | INFO     | httprunner.client:request:217 - status_code: 200, response_time(ms): 105.19 ms, response_length: 0 bytes
2023-06-14 10:44:42.137 | INFO     | httprunner.response:extract:179 - extract mapping: {'imgId_f': 2150}
2023-06-14 10:44:42.138 | INFO     | httprunner.response:validate:249 - assert status_code equal 200(int)	==> pass
2023-06-14 10:44:42.138 | INFO     | httprunner.runner:__run_step:304 - run step end: 前缀注册企业联系人身份证图片背面上传 <<<<<<

2023-06-14 10:44:42.138 | INFO     | httprunner.runner:__run_step_testcase:286 - export variables: {'imgId_f': 2150}
2023-06-14 10:44:42.139 | INFO     | httprunner.runner:__run_step:304 - run step end: 前缀注册企业联系人身份证图片正面上传 <<<<<<

2023-06-14 10:44:42.140 | INFO     | httprunner.runner:__run_step:292 - run step begin: 前缀注册企业联系人身份证图片背面上传 >>>>>>
2023-06-14 10:44:42.141 | INFO     | httprunner.runner:__run_step:292 - run step begin: 前缀注册企业联系人身份证图片背面上传 >>>>>>
2023-06-14 10:44:42.249 | DEBUG    | httprunner.client:request:186 - client IP: 10.14.148.129, Port: 59445
2023-06-14 10:44:42.250 | DEBUG    | httprunner.client:request:194 - server IP: 139.198.116.76, Port: 8000
2023-06-14 10:44:42.251 | DEBUG    | httprunner.client:log_print:40 - 
================== request details ==================
method   : POST
url      : http://139.198.116.76:8000/api/file/img/upload
headers  : {
    "User-Agent": "Mozilla/5.0 (Macintosh; Intel Mac OS X 10_15_7) AppleWebKit/537.36 (KHTML, like Gecko) Chrome/105.0.0.0 Safari/537.36",
    "Accept-Encoding": "gzip, deflate",
    "Accept": "application/json, text/plain, */*",
    "Connection": "keep-alive",
    "Accept-Language": "zh-CN,zh;q=0.9",
    "Content-Type": "multipart/form-data; boundary=fccbd2b551564ea0aae1718e4f93a493",
    "HRUN-Request-ID": "HRUN-74196437-134b-40dc-98d9-0001223fcace-682143",
    "Cookie": "SESSION=ODU4NzkwNmItYjhmYS00ZTJhLWEyODItODQ0ODYwNTZlM2Vi; SESSION=response.headers.\"Set-Cookie\".session",
    "Content-Length": "20435"
}
cookies  : {
    "SESSION": "ODU4NzkwNmItYjhmYS00ZTJhLWEyODItODQ0ODYwNTZlM2Vi"
}
body     : upload file stream (OMITTED)

2023-06-14 10:44:42.253 | DEBUG    | httprunner.client:log_print:40 - 
================== response details ==================
status_code : 200
headers  : {
    "Server": "nginx",
    "Date": "Wed, 14 Jun 2023 02:44:42 GMT",
    "Content-Type": "application/json;charset=UTF-8",
    "Transfer-Encoding": "chunked",
    "Connection": "keep-alive",
    "X-Frame-Options": "SAMEORIGIN"
}
cookies  : {}
encoding : UTF-8
content_type : application/json;charset=UTF-8
body     : {
    "message": "success",
    "status": 1,
    "data": {
        "id": 2151,
        "path": "24015206-ac66-49fe-9e45-55e87728dd86.jpeg"
    }
}

2023-06-14 10:44:42.253 | INFO     | httprunner.client:request:217 - status_code: 200, response_time(ms): 106.36 ms, response_length: 0 bytes
2023-06-14 10:44:42.254 | INFO     | httprunner.response:extract:179 - extract mapping: {'imgId_b': 2151}
2023-06-14 10:44:42.254 | INFO     | httprunner.response:validate:249 - assert status_code equal 200(int)	==> pass
2023-06-14 10:44:42.255 | INFO     | httprunner.runner:__run_step:304 - run step end: 前缀注册企业联系人身份证图片背面上传 <<<<<<

2023-06-14 10:44:42.256 | INFO     | httprunner.runner:__run_step_testcase:286 - export variables: {'imgId_b': 2151}
2023-06-14 10:44:42.256 | INFO     | httprunner.runner:__run_step:304 - run step end: 前缀注册企业联系人身份证图片背面上传 <<<<<<

2023-06-14 10:44:42.257 | INFO     | httprunner.runner:__run_step:292 - run step begin: 企业注册第一步提交信息 >>>>>>
2023-06-14 10:44:42.260 | INFO     | httprunner.runner:__run_step:292 - run step begin: 企业注册第一步提交信息 >>>>>>
2023-06-14 10:44:42.449 | DEBUG    | httprunner.client:request:186 - client IP: 10.14.148.129, Port: 59445
2023-06-14 10:44:42.450 | DEBUG    | httprunner.client:request:194 - server IP: 139.198.116.76, Port: 8000
2023-06-14 10:44:42.452 | DEBUG    | httprunner.client:log_print:40 - 
================== request details ==================
method   : POST
url      : http://139.198.116.76:8000/api/v3/entApply/basicInfo/submit
headers  : {
    "User-Agent": "Mozilla/5.0 (Macintosh; Intel Mac OS X 10_15_7) AppleWebKit/537.36 (KHTML, like Gecko) Chrome/105.0.0.0 Safari/537.36",
    "Accept-Encoding": "gzip, deflate",
    "Accept": "application/json, text/plain, */*",
    "Connection": "keep-alive",
    "Accept-Language": "zh-CN,zh;q=0.9",
    "Content-Type": "application/json;charset=UTF-8",
    "HRUN-Request-ID": "HRUN-74196437-134b-40dc-98d9-0001223fcace-682261",
    "Cookie": "SESSION=ODU4NzkwNmItYjhmYS00ZTJhLWEyODItODQ0ODYwNTZlM2Vi; SESSION=response.headers.\"Set-Cookie\".session",
    "Content-Length": "2556"
}
cookies  : {
    "SESSION": "ODU4NzkwNmItYjhmYS00ZTJhLWEyODItODQ0ODYwNTZlM2Vi"
}
body     : {
    "applyStep": 2,
    "applyType": null,
    "area": [
        "110000",
        "110100",
        "110101"
    ],
    "cltrid": null,
    "contactCrtBackImgPath": null,
    "contactCrtBackImgRid": 2151,
    "contactCrtFrontImgPath": null,
    "contactCrtFrontImgRid": 2150,
    "contactCrtNo": "460594196001126352",
    "contactCrtType": 1,
    "contactEmail": "FScpmZgzjfqh3o8P@qaqseq.com",
    "contactName": "emXScsLrMRCu2J6FzG1BrVvsGJJgFvcK",
    "contactPhone": "18322941377",
    "createDate": null,
    "dataHostingContractFilePath": null,
    "dataHostingContractFileRid": null,
    "dataHostingOrg": null,
    "entGeneralId": null,
    "entInfoLicenses": [],
    "entInfoSerIndustrys": [],
    "entPrefix": "88.408.53352008603",
    "escrowId": null,
    "escrowOrgName": null,
    "establishDate": null,
    "extDomain": null,
    "extIpAddr": null,
    "extWebName": null,
    "finalAuditMsg": null,
    "finalAuditStatus": null,
    "firstAuditMsg": null,
    "firstAuditStatus": null,
    "id": null,
    "idRegNaImp": null,
    "industry": [
        "A",
        "01"
    ],
    "industryCategory": "A",
    "industrySpecific": "01",
    "isSubmit": 0,
    "legalCrtBackImgContent": null,
    "legalCrtBackImgPath": null,
    "legalCrtBackImgRid": 2151,
    "legalCrtFrontImgContent": null,
    "legalCrtFrontImgPath": null,
    "legalCrtFrontImgRid": 2150,
    "legalCrtNo": "460594196001126352",
    "legalCrtType": "1",
    "legalCrtTypeDesc": "中国居民身份证",
    "legalEmail": null,
    "legalFax": null,
    "legalName": "张三",
    "legalPhone": null,
    "orgAddr": "致真",
    "orgAddrCity": "110100",
    "orgAddrCityDesc": "市辖区",
    "orgAddrCounty": "110101",
    "orgAddrCountyDesc": "东城区",
    "orgAddrProvince": "110000",
    "orgAddrProvinceDesc": "北京市",
    "orgCategorySpecificDesc": "农、林、牧、渔业-农业",
    "orgCrtCode": "B5hDXkHL8g5zXZZbKTnOS7mX6VKGMqKC",
    "orgCrtImgContent": null,
    "orgCrtImgPath": null,
    "orgCrtImgRid": 2149,
    "orgCrtType": "1",
    "orgDesc": null,
    "orgName": "ZYJD6XOcPSqfDkVghCe7olJJEL7AyxeQ",
    "orgNature": "1",
    "orgNatureDesc": "国有控股",
    "periodValidity": null,
    "regAuthority": null,
    "regCapital": null,
    "regRealNaImpName": null,
    "regRealNaImpType": null,
    "servHostingContractFilePath": null,
    "servHostingContractFileRid": null,
    "servHostingOrg": null,
    "servSysBuildContractFilePath": null,
    "servSysBuildContractFileRid": null,
    "servSysBuildName": null,
    "servSysBuildType": 1,
    "servSysOperContractFilePath": null,
    "servSysOperContractFileRid": null,
    "servSysOperName": null,
    "servSysOperType": 1,
    "svtrid": null,
    "thirdServiceMsg": null,
    "thirdServiceStatus": null,
    "updateDate": null,
    "userId": null,
    "userName": null,
    "website": null
}

2023-06-14 10:44:42.453 | DEBUG    | httprunner.client:log_print:40 - 
================== response details ==================
status_code : 200
headers  : {
    "Server": "nginx",
    "Date": "Wed, 14 Jun 2023 02:44:42 GMT",
    "Content-Type": "application/json;charset=UTF-8",
    "Transfer-Encoding": "chunked",
    "Connection": "keep-alive",
    "X-Frame-Options": "SAMEORIGIN"
}
cookies  : {}
encoding : UTF-8
content_type : application/json;charset=UTF-8
body     : {
    "message": "success",
    "status": 1,
    "data": true
}

2023-06-14 10:44:42.454 | INFO     | httprunner.client:request:217 - status_code: 200, response_time(ms): 187.41 ms, response_length: 0 bytes
2023-06-14 10:44:42.455 | INFO     | httprunner.response:validate:249 - assert status_code equal 200(int)	==> pass
2023-06-14 10:44:42.455 | INFO     | httprunner.response:validate:249 - assert body.message equal success(str)	==> pass
2023-06-14 10:44:42.455 | INFO     | httprunner.runner:__run_step:304 - run step end: 企业注册第一步提交信息 <<<<<<

2023-06-14 10:44:42.456 | INFO     | httprunner.runner:__run_step:304 - run step end: 企业注册第一步提交信息 <<<<<<

2023-06-14 10:44:42.457 | INFO     | httprunner.runner:__run_step:292 - run step begin: 企业注册查询注册信息 >>>>>>
2023-06-14 10:44:42.459 | INFO     | httprunner.runner:__run_step:292 - run step begin: 企业注册查询注册信息 >>>>>>
2023-06-14 10:44:42.539 | DEBUG    | httprunner.client:request:186 - client IP: 10.14.148.129, Port: 59445
2023-06-14 10:44:42.540 | DEBUG    | httprunner.client:request:194 - server IP: 139.198.116.76, Port: 8000
2023-06-14 10:44:42.541 | DEBUG    | httprunner.client:log_print:40 - 
================== request details ==================
method   : GET
url      : http://139.198.116.76:8000/api/v3/entApply/applyOrNot
headers  : {
    "User-Agent": "Mozilla/5.0 (Macintosh; Intel Mac OS X 10_15_7) AppleWebKit/537.36 (KHTML, like Gecko) Chrome/105.0.0.0 Safari/537.36",
    "Accept-Encoding": "gzip, deflate",
    "Accept": "application/json, text/plain, */*",
    "Connection": "keep-alive",
    "Accept-Language": "zh-CN,zh;q=0.9",
    "HRUN-Request-ID": "HRUN-74196437-134b-40dc-98d9-0001223fcace-682459",
    "Cookie": "SESSION=ODU4NzkwNmItYjhmYS00ZTJhLWEyODItODQ0ODYwNTZlM2Vi; SESSION=response.headers.\"Set-Cookie\".session"
}
cookies  : {
    "SESSION": "ODU4NzkwNmItYjhmYS00ZTJhLWEyODItODQ0ODYwNTZlM2Vi"
}
body     : None

2023-06-14 10:44:42.546 | DEBUG    | httprunner.client:log_print:40 - 
================== response details ==================
status_code : 200
headers  : {
    "Server": "nginx",
    "Date": "Wed, 14 Jun 2023 02:44:42 GMT",
    "Content-Type": "application/json;charset=UTF-8",
    "Transfer-Encoding": "chunked",
    "Connection": "keep-alive",
    "X-Frame-Options": "SAMEORIGIN"
}
cookies  : {}
encoding : UTF-8
content_type : application/json;charset=UTF-8
body     : {
    "message": "success",
    "status": 1,
    "data": {
        "nbmsEntApplyPO": {
            "id": 1148,
            "createDate": "2023-06-14 10:44:42",
            "updateDate": "2023-06-14 10:44:42",
            "applyType": null,
            "entGeneralId": null,
            "applyStep": 2,
            "isSubmit": 0,
            "entPrefix": "88.408.53352008603",
            "firstAuditStatus": null,
            "firstAuditMsg": null,
            "thirdServiceStatus": null,
            "thirdServiceMsg": null,
            "userName": "emXScsLrMRCu2J6FzG1BrVvsGJJgFvcK",
            "finalAuditStatus": null,
            "finalAuditMsg": null,
            "svtrid": null,
            "cltrid": null,
            "userId": 1359,
            "orgName": "ZYJD6XOcPSqfDkVghCe7olJJEL7AyxeQ",
            "orgNature": "1",
            "orgAddrProvince": "110000",
            "orgAddrCity": "110100",
            "orgAddrCounty": "110101",
            "orgAddr": "致真",
            "orgCrtType": "1",
            "orgCrtCode": "B5hDXkHL8g5zXZZbKTnOS7mX6VKGMqKC",
            "legalName": "张三",
            "legalCrtType": "1",
            "legalCrtNo": "460594196001126352",
            "orgDesc": null,
            "industryCategory": "A",
            "industrySpecific": "01",
            "contactName": "emXScsLrMRCu2J6FzG1BrVvsGJJgFvcK",
            "contactPhone": "18322941377",
            "contactCrtType": 1,
            "contactCrtNo": "460594196001126352",
            "contactEmail": "FScpmZgzjfqh3o8P@qaqseq.com",
            "website": null,
            "regAuthority": null,
            "regCapital": null,
            "establishDate": null,
            "periodValidity": null,
            "legalEmail": null,
            "legalPhone": null,
            "legalFax": null,
            "servSysBuildType": null,
            "servSysBuildName": null,
            "servSysOperType": null,
            "servSysOperName": null,
            "dataHostingOrg": null,
            "servHostingOrg": null,
            "regRealNaImpType": null,
            "regRealNaImpName": null,
            "idRegNaImp": null,
            "extWebName": null,
            "extDomain": null,
            "extIpAddr": null,
            "orgCrtImgRid": 2149,
            "contactCrtFrontImgRid": 2150,
            "contactCrtBackImgRid": 2151,
            "legalCrtFrontImgRid": 2150,
            "legalCrtBackImgRid": 2151,
            "servSysBuildContractFileRid": null,
            "servSysOperContractFileRid": null,
            "dataHostingContractFileRid": null,
            "servHostingContractFileRid": null,
            "entInfoLicenses": [],
            "entInfoSyss": [],
            "entInfoSerIndustrys": [],
            "escrowId": null,
            "industryQualificationRid": null,
            "certificationRid": null,
            "openingBank": null,
            "bankCard": null,
            "verificationName": null,
            "orgNatureDesc": "国有控股",
            "orgCrtImgContent": null,
            "orgCategorySpecificDesc": "农、林、牧、渔业-农业",
            "orgAddrProvinceDesc": "北京市",
            "orgAddrCountyDesc": "东城区",
            "orgAddrCityDesc": "市辖区",
            "legalCrtTypeDesc": "中国居民身份证",
            "legalCrtFrontImgContent": null,
            "legalCrtBackImgContent": null,
            "orgCrtImgPath": "5ba87ede-dc0a-41cc-aec2-4dd1c13bc8c2.jpeg",
            "contactCrtFrontImgPath": "8f976054-41df-4a80-81bf-b240e4c60d54.jpeg",
            "contactCrtBackImgPath": "24015206-ac66-49fe-9e45-55e87728dd86.jpeg",
            "legalCrtFrontImgPath": "8f976054-41df-4a80-81bf-b240e4c60d54.jpeg",
            "legalCrtBackImgPath": "24015206-ac66-49fe-9e45-55e87728dd86.jpeg",
            "servSysBuildContractFilePath": null,
            "servSysOperContractFilePath": null,
            "dataHostingContractFilePath": null,
            "servHostingContractFilePath": null,
            "industryQualificationFilePath": null,
            "certificationFilePath": null,
            "escrowOrgName": null
        },
        "nbmsEntPO": null,
        "nbmsEntPrefixApplyPO": null,
        "needRelog": null,
        "applyStatus": 0
    }
}

2023-06-14 10:44:42.547 | INFO     | httprunner.client:request:217 - status_code: 200, response_time(ms): 79.51 ms, response_length: 0 bytes
2023-06-14 10:44:42.556 | INFO     | httprunner.response:extract:179 - extract mapping: {'applyId': 1148, 'userId': 1359, 'userName': 'emXScsLrMRCu2J6FzG1BrVvsGJJgFvcK', 'imgId_f': 2150, 'imgId_b': 2151, 'entId': None, 'entUserId': None, 'prefix': '88.408.53352008603', 'contactCrtNo': '460594196001126352', 'contactCrtType': 1, 'contactEmail': 'FScpmZgzjfqh3o8P@qaqseq.com', 'contactName': 'emXScsLrMRCu2J6FzG1BrVvsGJJgFvcK', 'contactPhone': '18322941377', 'industryCategory': 'A', 'industrySpecific': '01', 'orgName': 'ZYJD6XOcPSqfDkVghCe7olJJEL7AyxeQ', 'orgNature': '1', 'orgAddrProvince': '110000', 'orgAddrCity': '110100', 'orgAddrCounty': '110101', 'orgAddr': '致真', 'orgCrtType': '1', 'orgCrtCode': 'B5hDXkHL8g5zXZZbKTnOS7mX6VKGMqKC', 'legalName': '张三', 'legalEmail': None, 'legalPhone': None, 'legalCrtType': '1', 'legalCrtNo': '460594196001126352', 'legalCrtFrontImgRid': 2150, 'legalCrtBackImgRid': 2151, 'orgCrtImgRid': 2149, 'imgId': 2149, 'orgNatureDesc': '国有控股', 'orgCategorySpecificDesc': '农、林、牧、渔业-农业', 'orgAddrProvinceDesc': '北京市', 'orgAddrCountyDesc': '东城区', 'orgAddrCityDesc': '市辖区', 'legalCrtTypeDesc': '中国居民身份证', 'createDate': '2023-06-14 10:44:42', 'updateDate': '2023-06-14 10:44:42', 'entInfoSyss_0_id': None, 'entInfoSyss_0_entApplyId': None, 'entApplyId': None, 'entInfoSyss_0_sysType': None, 'entInfoSyss_0_deployMode': None, 'entInfoSyss_0_deployAddr': None, 'entInfoSyss_0_deployAddrProvince': None, 'entInfoSyss_0_deployAddrCity': None, 'entInfoSyss_0_deployAddrCounty': None, 'entInfoSyss_1_id': None, 'entInfoSyss_1_entApplyId': None, 'entInfoSyss_1_sysType': None, 'entInfoSyss_1_deployMode': None, 'entInfoSyss_1_deployAddr': None, 'entInfoSyss_1_deployAddrProvince': None, 'entInfoSyss_1_deployAddrCity': None, 'entInfoSyss_1_deployAddrCounty': None, 'entInfoSyss_2_id': None, 'entInfoSyss_2_entApplyId': None, 'entInfoSyss_2_sysType': None, 'entInfoSyss_2_deployMode': None, 'entInfoSyss_2_deployAddr': None, 'entInfoSyss_2_deployAddrProvince': None, 'entInfoSyss_2_deployAddrCity': None, 'entInfoSyss_2_deployAddrCounty': None, 'entInfoSyss_3_id': None, 'entInfoSyss_3_entApplyId': None, 'entInfoSyss_3_sysType': None, 'entInfoSyss_3_deployMode': None, 'entInfoSyss_3_deployAddr': None, 'entInfoSyss_3_deployAddrProvince': None, 'entInfoSyss_3_deployAddrCity': None, 'entInfoSyss_3_deployAddrCounty': None}
2023-06-14 10:44:42.557 | INFO     | httprunner.response:validate:249 - assert status_code equal 200(int)	==> pass
2023-06-14 10:44:42.558 | INFO     | httprunner.response:validate:249 - assert body.message equal success(str)	==> pass
2023-06-14 10:44:42.558 | INFO     | httprunner.runner:__run_step:304 - run step end: 企业注册查询注册信息 <<<<<<

2023-06-14 10:44:42.558 | INFO     | httprunner.runner:__run_step_testcase:286 - export variables: {'entInfoSyss_2_id': None, 'entInfoSyss_2_entApplyId': None, 'legalCrtTypeDesc': '中国居民身份证', 'entInfoSyss_0_sysType': None, 'entInfoSyss_1_deployAddrCounty': None, 'orgAddrCounty': '110101', 'orgCrtCode': 'B5hDXkHL8g5zXZZbKTnOS7mX6VKGMqKC', 'entInfoSyss_2_deployAddrCounty': None, 'entInfoSyss_0_deployMode': None, 'entInfoSyss_1_deployMode': None, 'applyId': 1148, 'entInfoSyss_3_id': None, 'entId': None, 'entInfoSyss_3_deployAddrProvince': None, 'orgAddr': '致真', 'entInfoSyss_0_deployAddrCity': None, 'entInfoSyss_3_deployAddrCounty': None, 'contactCrtType': 1, 'contactEmail': 'FScpmZgzjfqh3o8P@qaqseq.com', 'legalCrtBackImgRid': 2151, 'orgCategorySpecificDesc': '农、林、牧、渔业-农业', 'entInfoSyss_2_sysType': None, 'legalEmail': None, 'entInfoSyss_2_deployAddr': None, 'entInfoSyss_0_deployAddr': None, 'entUserId': None, 'legalCrtFrontImgRid': 2150, 'legalCrtType': '1', 'orgAddrProvince': '110000', 'prefix': '88.408.53352008603', 'industryCategory': 'A', 'entInfoSyss_3_entApplyId': None, 'entInfoSyss_3_deployAddr': None, 'legalName': '张三', 'entInfoSyss_1_deployAddr': None, 'userId': 1359, 'contactCrtNo': '460594196001126352', 'entInfoSyss_2_deployMode': None, 'entInfoSyss_0_deployAddrProvince': None, 'entInfoSyss_2_deployAddrCity': None, 'entInfoSyss_1_entApplyId': None, 'entInfoSyss_1_deployAddrCity': None, 'userName': 'emXScsLrMRCu2J6FzG1BrVvsGJJgFvcK', 'createDate': '2023-06-14 10:44:42', 'entInfoSyss_0_entApplyId': None, 'orgAddrProvinceDesc': '北京市', 'contactPhone': '18322941377', 'imgId_f': 2150, 'contactName': 'emXScsLrMRCu2J6FzG1BrVvsGJJgFvcK', 'legalCrtNo': '460594196001126352', 'industrySpecific': '01', 'orgAddrCountyDesc': '东城区', 'orgAddrCity': '110100', 'orgNature': '1', 'entInfoSyss_0_deployAddrCounty': None, 'orgCrtImgRid': 2149, 'entInfoSyss_3_deployAddrCity': None, 'entInfoSyss_1_sysType': None, 'orgNatureDesc': '国有控股', 'updateDate': '2023-06-14 10:44:42', 'entInfoSyss_3_deployMode': None, 'orgName': 'ZYJD6XOcPSqfDkVghCe7olJJEL7AyxeQ', 'orgAddrCityDesc': '市辖区', 'entInfoSyss_1_id': None, 'entInfoSyss_3_sysType': None, 'orgCrtType': '1', 'legalPhone': None, 'entInfoSyss_2_deployAddrProvince': None, 'entApplyId': None, 'entInfoSyss_1_deployAddrProvince': None, 'imgId_b': 2151, 'imgId': 2149, 'entInfoSyss_0_id': None}
2023-06-14 10:44:42.559 | INFO     | httprunner.runner:__run_step:304 - run step end: 企业注册查询注册信息 <<<<<<

2023-06-14 10:44:42.559 | INFO     | httprunner.runner:__run_step:292 - run step begin: 企业注册第二步提交信息 >>>>>>
2023-06-14 10:44:42.560 | INFO     | httprunner.runner:__run_step:292 - run step begin: 企业注册第二步提交信息 >>>>>>
2023-06-14 10:44:42.630 | DEBUG    | httprunner.client:request:186 - client IP: 10.14.148.129, Port: 59445
2023-06-14 10:44:42.630 | DEBUG    | httprunner.client:request:194 - server IP: 139.198.116.76, Port: 8000
2023-06-14 10:44:42.633 | DEBUG    | httprunner.client:log_print:40 - 
================== request details ==================
method   : POST
url      : http://139.198.116.76:8000/api/v3/entApply/registerManageInfo
headers  : {
    "User-Agent": "Mozilla/5.0 (Macintosh; Intel Mac OS X 10_15_7) AppleWebKit/537.36 (KHTML, like Gecko) Chrome/105.0.0.0 Safari/537.36",
    "Accept-Encoding": "gzip, deflate",
    "Accept": "application/json, text/plain, */*",
    "Connection": "keep-alive",
    "Accept-Language": "zh-CN,zh;q=0.9",
    "Content-Type": "application/json;charset=UTF-8",
    "X-HTTP-Method-Override": "put",
    "HRUN-Request-ID": "HRUN-74196437-134b-40dc-98d9-0001223fcace-682561",
    "Cookie": "SESSION=ODU4NzkwNmItYjhmYS00ZTJhLWEyODItODQ0ODYwNTZlM2Vi; SESSION=response.headers.\"Set-Cookie\".session",
    "Content-Length": "3281"
}
cookies  : {
    "SESSION": "ODU4NzkwNmItYjhmYS00ZTJhLWEyODItODQ0ODYwNTZlM2Vi"
}
body     : {
    "applyStep": 3,
    "applyType": null,
    "cltrid": null,
    "contactCrtBackImgPath": null,
    "contactCrtBackImgRid": 2151,
    "contactCrtFrontImgPath": null,
    "contactCrtFrontImgRid": 2150,
    "contactCrtNo": "460594196001126352",
    "contactCrtType": 1,
    "contactEmail": "FScpmZgzjfqh3o8P@qaqseq.com",
    "contactName": "emXScsLrMRCu2J6FzG1BrVvsGJJgFvcK",
    "contactPhone": "18322941377",
    "createDate": "2023-06-14 10:44:42",
    "dataHostingContractFilePath": null,
    "dataHostingContractFileRid": null,
    "dataHostingOrg": null,
    "entGeneralId": null,
    "entInfoLicenses": [],
    "entInfoSerIndustrys": [],
    "entInfoSyss": [
        {
            "deployAddr": "致真",
            "deployAddrCity": "110100",
            "deployAddrCounty": "110101",
            "deployAddrProvince": "110000",
            "deployMode": 1,
            "ipPort": null,
            "name": null,
            "sysType": 1
        },
        {
            "deployAddr": "致真",
            "deployAddrCity": "110100",
            "deployAddrCounty": "110101",
            "deployAddrProvince": "110000",
            "deployMode": 1,
            "ipPort": null,
            "name": null,
            "sysType": 2
        },
        {
            "deployAddr": "天津",
            "deployAddrCity": "120100",
            "deployAddrCounty": "120101",
            "deployAddrProvince": "120000",
            "deployMode": 1,
            "ipPort": null,
            "name": null,
            "sysType": 3
        },
        {
            "deployAddr": "天津",
            "deployAddrCity": "120100",
            "deployAddrCounty": "120101",
            "deployAddrProvince": "120000",
            "deployMode": 1,
            "ipPort": null,
            "name": null,
            "sysType": 4
        }
    ],
    "entPrefix": "88.408.53352008603",
    "escrowId": null,
    "escrowOrgName": null,
    "establishDate": null,
    "extDomain": null,
    "extIpAddr": null,
    "extWebName": null,
    "finalAuditMsg": null,
    "finalAuditStatus": null,
    "firstAuditMsg": null,
    "firstAuditStatus": null,
    "id": 1148,
    "idRegNaImp": null,
    "industryCategory": "A",
    "industrySpecific": "01",
    "isSubmit": 0,
    "legalCrtBackImgContent": null,
    "legalCrtBackImgPath": null,
    "legalCrtBackImgRid": 2151,
    "legalCrtFrontImgContent": null,
    "legalCrtFrontImgPath": null,
    "legalCrtFrontImgRid": 2150,
    "legalCrtNo": "460594196001126352",
    "legalCrtType": "1",
    "legalCrtTypeDesc": "中国居民身份证",
    "legalEmail": null,
    "legalFax": null,
    "legalName": "张三",
    "legalPhone": null,
    "orgAddr": "致真",
    "orgAddrCity": "110100",
    "orgAddrCityDesc": "市辖区",
    "orgAddrCounty": "110101",
    "orgAddrCountyDesc": "东城区",
    "orgAddrProvince": "110000",
    "orgAddrProvinceDesc": "北京市",
    "orgCategorySpecificDesc": "农、林、牧、渔业-农业",
    "orgCrtCode": "B5hDXkHL8g5zXZZbKTnOS7mX6VKGMqKC",
    "orgCrtImgContent": null,
    "orgCrtImgPath": null,
    "orgCrtImgRid": 2149,
    "orgCrtType": "1",
    "orgDesc": null,
    "orgName": "ZYJD6XOcPSqfDkVghCe7olJJEL7AyxeQ",
    "orgNature": "1",
    "orgNatureDesc": "1",
    "periodValidity": null,
    "regAuthority": null,
    "regCapital": null,
    "regRealNaImpName": null,
    "regRealNaImpType": null,
    "servHostingContractFilePath": null,
    "servHostingContractFileRid": null,
    "servHostingOrg": null,
    "servSysBuildContractFilePath": null,
    "servSysBuildContractFileRid": null,
    "servSysBuildName": null,
    "servSysBuildType": 1,
    "servSysOperContractFilePath": null,
    "servSysOperContractFileRid": null,
    "servSysOperName": null,
    "servSysOperType": 1,
    "svtrid": null,
    "thirdServiceMsg": null,
    "thirdServiceStatus": null,
    "updateDate": "2023-06-14 10:44:42",
    "userId": 1359,
    "userName": "emXScsLrMRCu2J6FzG1BrVvsGJJgFvcK",
    "website": null
}

2023-06-14 10:44:42.635 | DEBUG    | httprunner.client:log_print:40 - 
================== response details ==================
status_code : 200
headers  : {
    "Server": "nginx",
    "Date": "Wed, 14 Jun 2023 02:44:42 GMT",
    "Content-Type": "application/json;charset=UTF-8",
    "Transfer-Encoding": "chunked",
    "Connection": "keep-alive",
    "X-Frame-Options": "SAMEORIGIN"
}
cookies  : {}
encoding : UTF-8
content_type : application/json;charset=UTF-8
body     : {
    "message": "success",
    "status": 1,
    "data": true
}

2023-06-14 10:44:42.635 | INFO     | httprunner.client:request:217 - status_code: 200, response_time(ms): 68.3 ms, response_length: 0 bytes
2023-06-14 10:44:42.636 | INFO     | httprunner.response:validate:249 - assert status_code equal 200(int)	==> pass
2023-06-14 10:44:42.636 | INFO     | httprunner.response:validate:249 - assert body.message equal success(str)	==> pass
2023-06-14 10:44:42.637 | INFO     | httprunner.runner:__run_step:304 - run step end: 企业注册第二步提交信息 <<<<<<

2023-06-14 10:44:42.637 | INFO     | httprunner.runner:__run_step:304 - run step end: 企业注册第二步提交信息 <<<<<<

2023-06-14 10:44:42.639 | INFO     | httprunner.runner:__run_step:292 - run step begin: 企业注册查询注册信息 >>>>>>
2023-06-14 10:44:42.641 | INFO     | httprunner.runner:__run_step:292 - run step begin: 企业注册查询注册信息 >>>>>>
2023-06-14 10:44:42.719 | DEBUG    | httprunner.client:request:186 - client IP: 10.14.148.129, Port: 59445
2023-06-14 10:44:42.720 | DEBUG    | httprunner.client:request:194 - server IP: 139.198.116.76, Port: 8000
2023-06-14 10:44:42.721 | DEBUG    | httprunner.client:log_print:40 - 
================== request details ==================
method   : GET
url      : http://139.198.116.76:8000/api/v3/entApply/applyOrNot
headers  : {
    "User-Agent": "Mozilla/5.0 (Macintosh; Intel Mac OS X 10_15_7) AppleWebKit/537.36 (KHTML, like Gecko) Chrome/105.0.0.0 Safari/537.36",
    "Accept-Encoding": "gzip, deflate",
    "Accept": "application/json, text/plain, */*",
    "Connection": "keep-alive",
    "Accept-Language": "zh-CN,zh;q=0.9",
    "HRUN-Request-ID": "HRUN-74196437-134b-40dc-98d9-0001223fcace-682642",
    "Cookie": "SESSION=ODU4NzkwNmItYjhmYS00ZTJhLWEyODItODQ0ODYwNTZlM2Vi; SESSION=response.headers.\"Set-Cookie\".session"
}
cookies  : {
    "SESSION": "ODU4NzkwNmItYjhmYS00ZTJhLWEyODItODQ0ODYwNTZlM2Vi"
}
body     : None

2023-06-14 10:44:42.724 | DEBUG    | httprunner.client:log_print:40 - 
================== response details ==================
status_code : 200
headers  : {
    "Server": "nginx",
    "Date": "Wed, 14 Jun 2023 02:44:42 GMT",
    "Content-Type": "application/json;charset=UTF-8",
    "Transfer-Encoding": "chunked",
    "Connection": "keep-alive",
    "X-Frame-Options": "SAMEORIGIN"
}
cookies  : {}
encoding : UTF-8
content_type : application/json;charset=UTF-8
body     : {
    "message": "success",
    "status": 1,
    "data": {
        "nbmsEntApplyPO": {
            "id": 1148,
            "createDate": "2023-06-14 10:44:42",
            "updateDate": "2023-06-14 10:44:43",
            "applyType": null,
            "entGeneralId": null,
            "applyStep": 3,
            "isSubmit": 0,
            "entPrefix": "88.408.53352008603",
            "firstAuditStatus": null,
            "firstAuditMsg": null,
            "thirdServiceStatus": null,
            "thirdServiceMsg": null,
            "userName": "emXScsLrMRCu2J6FzG1BrVvsGJJgFvcK",
            "finalAuditStatus": null,
            "finalAuditMsg": null,
            "svtrid": null,
            "cltrid": null,
            "userId": 1359,
            "orgName": "ZYJD6XOcPSqfDkVghCe7olJJEL7AyxeQ",
            "orgNature": "1",
            "orgAddrProvince": "110000",
            "orgAddrCity": "110100",
            "orgAddrCounty": "110101",
            "orgAddr": "致真",
            "orgCrtType": "1",
            "orgCrtCode": "B5hDXkHL8g5zXZZbKTnOS7mX6VKGMqKC",
            "legalName": "张三",
            "legalCrtType": "1",
            "legalCrtNo": "460594196001126352",
            "orgDesc": null,
            "industryCategory": "A",
            "industrySpecific": "01",
            "contactName": "emXScsLrMRCu2J6FzG1BrVvsGJJgFvcK",
            "contactPhone": "18322941377",
            "contactCrtType": 1,
            "contactCrtNo": "460594196001126352",
            "contactEmail": "FScpmZgzjfqh3o8P@qaqseq.com",
            "website": null,
            "regAuthority": null,
            "regCapital": null,
            "establishDate": null,
            "periodValidity": null,
            "legalEmail": null,
            "legalPhone": null,
            "legalFax": null,
            "servSysBuildType": 1,
            "servSysBuildName": null,
            "servSysOperType": 1,
            "servSysOperName": null,
            "dataHostingOrg": null,
            "servHostingOrg": null,
            "regRealNaImpType": null,
            "regRealNaImpName": null,
            "idRegNaImp": null,
            "extWebName": null,
            "extDomain": null,
            "extIpAddr": null,
            "orgCrtImgRid": 2149,
            "contactCrtFrontImgRid": 2150,
            "contactCrtBackImgRid": 2151,
            "legalCrtFrontImgRid": 2150,
            "legalCrtBackImgRid": 2151,
            "servSysBuildContractFileRid": null,
            "servSysOperContractFileRid": null,
            "dataHostingContractFileRid": null,
            "servHostingContractFileRid": null,
            "entInfoLicenses": [],
            "entInfoSyss": [
                {
                    "id": 2341,
                    "entApplyId": 1148,
                    "sysType": 1,
                    "deployMode": 1,
                    "deployAddr": "致真",
                    "deployAddrProvince": "110000",
                    "deployAddrCity": "110100",
                    "deployAddrCounty": "110101",
                    "name": null,
                    "ipPort": null
                },
                {
                    "id": 2342,
                    "entApplyId": 1148,
                    "sysType": 2,
                    "deployMode": 1,
                    "deployAddr": "致真",
                    "deployAddrProvince": "110000",
                    "deployAddrCity": "110100",
                    "deployAddrCounty": "110101",
                    "name": null,
                    "ipPort": null
                },
                {
                    "id": 2343,
                    "entApplyId": 1148,
                    "sysType": 3,
                    "deployMode": 1,
                    "deployAddr": "天津",
                    "deployAddrProvince": "120000",
                    "deployAddrCity": "120100",
                    "deployAddrCounty": "120101",
                    "name": null,
                    "ipPort": null
                },
                {
                    "id": 2344,
                    "entApplyId": 1148,
                    "sysType": 4,
                    "deployMode": 1,
                    "deployAddr": "天津",
                    "deployAddrProvince": "120000",
                    "deployAddrCity": "120100",
                    "deployAddrCounty": "120101",
                    "name": null,
                    "ipPort": null
                }
            ],
            "entInfoSerIndustrys": [],
            "escrowId": null,
            "industryQualificationRid": null,
            "certificationRid": null,
            "openingBank": null,
            "bankCard": null,
            "verificationName": null,
            "orgNatureDesc": "国有控股",
            "orgCrtImgContent": null,
            "orgCategorySpecificDesc": "农、林、牧、渔业-农业",
            "orgAddrProvinceDesc": "北京市",
            "orgAddrCountyDesc": "东城区",
            "orgAddrCityDesc": "市辖区",
            "legalCrtTypeDesc": "中国居民身份证",
            "legalCrtFrontImgContent": null,
            "legalCrtBackImgContent": null,
            "orgCrtImgPath": "5ba87ede-dc0a-41cc-aec2-4dd1c13bc8c2.jpeg",
            "contactCrtFrontImgPath": "8f976054-41df-4a80-81bf-b240e4c60d54.jpeg",
            "contactCrtBackImgPath": "24015206-ac66-49fe-9e45-55e87728dd86.jpeg",
            "legalCrtFrontImgPath": "8f976054-41df-4a80-81bf-b240e4c60d54.jpeg",
            "legalCrtBackImgPath": "24015206-ac66-49fe-9e45-55e87728dd86.jpeg",
            "servSysBuildContractFilePath": null,
            "servSysOperContractFilePath": null,
            "dataHostingContractFilePath": null,
            "servHostingContractFilePath": null,
            "industryQualificationFilePath": null,
            "certificationFilePath": null,
            "escrowOrgName": null
        },
        "nbmsEntPO": null,
        "nbmsEntPrefixApplyPO": null,
        "needRelog": null,
        "applyStatus": 0
    }
}

2023-06-14 10:44:42.725 | INFO     | httprunner.client:request:217 - status_code: 200, response_time(ms): 76.62 ms, response_length: 0 bytes
2023-06-14 10:44:42.728 | INFO     | httprunner.response:extract:179 - extract mapping: {'applyId': 1148, 'userId': 1359, 'userName': 'emXScsLrMRCu2J6FzG1BrVvsGJJgFvcK', 'imgId_f': 2150, 'imgId_b': 2151, 'entId': None, 'entUserId': None, 'prefix': '88.408.53352008603', 'contactCrtNo': '460594196001126352', 'contactCrtType': 1, 'contactEmail': 'FScpmZgzjfqh3o8P@qaqseq.com', 'contactName': 'emXScsLrMRCu2J6FzG1BrVvsGJJgFvcK', 'contactPhone': '18322941377', 'industryCategory': 'A', 'industrySpecific': '01', 'orgName': 'ZYJD6XOcPSqfDkVghCe7olJJEL7AyxeQ', 'orgNature': '1', 'orgAddrProvince': '110000', 'orgAddrCity': '110100', 'orgAddrCounty': '110101', 'orgAddr': '致真', 'orgCrtType': '1', 'orgCrtCode': 'B5hDXkHL8g5zXZZbKTnOS7mX6VKGMqKC', 'legalName': '张三', 'legalEmail': None, 'legalPhone': None, 'legalCrtType': '1', 'legalCrtNo': '460594196001126352', 'legalCrtFrontImgRid': 2150, 'legalCrtBackImgRid': 2151, 'orgCrtImgRid': 2149, 'imgId': 2149, 'orgNatureDesc': '国有控股', 'orgCategorySpecificDesc': '农、林、牧、渔业-农业', 'orgAddrProvinceDesc': '北京市', 'orgAddrCountyDesc': '东城区', 'orgAddrCityDesc': '市辖区', 'legalCrtTypeDesc': '中国居民身份证', 'createDate': '2023-06-14 10:44:42', 'updateDate': '2023-06-14 10:44:43', 'entInfoSyss_0_id': 2341, 'entInfoSyss_0_entApplyId': 1148, 'entApplyId': 1148, 'entInfoSyss_0_sysType': 1, 'entInfoSyss_0_deployMode': 1, 'entInfoSyss_0_deployAddr': '致真', 'entInfoSyss_0_deployAddrProvince': '110000', 'entInfoSyss_0_deployAddrCity': '110100', 'entInfoSyss_0_deployAddrCounty': '110101', 'entInfoSyss_1_id': 2342, 'entInfoSyss_1_entApplyId': 1148, 'entInfoSyss_1_sysType': 2, 'entInfoSyss_1_deployMode': 1, 'entInfoSyss_1_deployAddr': '致真', 'entInfoSyss_1_deployAddrProvince': '110000', 'entInfoSyss_1_deployAddrCity': '110100', 'entInfoSyss_1_deployAddrCounty': '110101', 'entInfoSyss_2_id': 2343, 'entInfoSyss_2_entApplyId': 1148, 'entInfoSyss_2_sysType': 3, 'entInfoSyss_2_deployMode': 1, 'entInfoSyss_2_deployAddr': '天津', 'entInfoSyss_2_deployAddrProvince': '120000', 'entInfoSyss_2_deployAddrCity': '120100', 'entInfoSyss_2_deployAddrCounty': '120101', 'entInfoSyss_3_id': 2344, 'entInfoSyss_3_entApplyId': 1148, 'entInfoSyss_3_sysType': 4, 'entInfoSyss_3_deployMode': 1, 'entInfoSyss_3_deployAddr': '天津', 'entInfoSyss_3_deployAddrProvince': '120000', 'entInfoSyss_3_deployAddrCity': '120100', 'entInfoSyss_3_deployAddrCounty': '120101'}
2023-06-14 10:44:42.729 | INFO     | httprunner.response:validate:249 - assert status_code equal 200(int)	==> pass
2023-06-14 10:44:42.729 | INFO     | httprunner.response:validate:249 - assert body.message equal success(str)	==> pass
2023-06-14 10:44:42.729 | INFO     | httprunner.runner:__run_step:304 - run step end: 企业注册查询注册信息 <<<<<<

2023-06-14 10:44:42.730 | INFO     | httprunner.runner:__run_step_testcase:286 - export variables: {'entInfoSyss_2_id': 2343, 'entInfoSyss_2_entApplyId': 1148, 'legalCrtTypeDesc': '中国居民身份证', 'entInfoSyss_0_sysType': 1, 'entInfoSyss_1_deployAddrCounty': '110101', 'orgAddrCounty': '110101', 'orgCrtCode': 'B5hDXkHL8g5zXZZbKTnOS7mX6VKGMqKC', 'entInfoSyss_2_deployAddrCounty': '120101', 'entInfoSyss_0_deployMode': 1, 'entInfoSyss_1_deployMode': 1, 'applyId': 1148, 'entInfoSyss_3_id': 2344, 'entId': None, 'entInfoSyss_3_deployAddrProvince': '120000', 'orgAddr': '致真', 'entInfoSyss_0_deployAddrCity': '110100', 'entInfoSyss_3_deployAddrCounty': '120101', 'contactCrtType': 1, 'contactEmail': 'FScpmZgzjfqh3o8P@qaqseq.com', 'legalCrtBackImgRid': 2151, 'orgCategorySpecificDesc': '农、林、牧、渔业-农业', 'entInfoSyss_2_sysType': 3, 'legalEmail': None, 'entInfoSyss_2_deployAddr': '天津', 'entInfoSyss_0_deployAddr': '致真', 'entUserId': None, 'legalCrtFrontImgRid': 2150, 'legalCrtType': '1', 'orgAddrProvince': '110000', 'prefix': '88.408.53352008603', 'industryCategory': 'A', 'entInfoSyss_3_entApplyId': 1148, 'entInfoSyss_3_deployAddr': '天津', 'legalName': '张三', 'entInfoSyss_1_deployAddr': '致真', 'userId': 1359, 'contactCrtNo': '460594196001126352', 'entInfoSyss_2_deployMode': 1, 'entInfoSyss_0_deployAddrProvince': '110000', 'entInfoSyss_2_deployAddrCity': '120100', 'entInfoSyss_1_entApplyId': 1148, 'entInfoSyss_1_deployAddrCity': '110100', 'userName': 'emXScsLrMRCu2J6FzG1BrVvsGJJgFvcK', 'createDate': '2023-06-14 10:44:42', 'entInfoSyss_0_entApplyId': 1148, 'orgAddrProvinceDesc': '北京市', 'contactPhone': '18322941377', 'imgId_f': 2150, 'contactName': 'emXScsLrMRCu2J6FzG1BrVvsGJJgFvcK', 'legalCrtNo': '460594196001126352', 'industrySpecific': '01', 'orgAddrCountyDesc': '东城区', 'orgAddrCity': '110100', 'orgNature': '1', 'entInfoSyss_0_deployAddrCounty': '110101', 'orgCrtImgRid': 2149, 'entInfoSyss_3_deployAddrCity': '120100', 'entInfoSyss_1_sysType': 2, 'orgNatureDesc': '国有控股', 'updateDate': '2023-06-14 10:44:43', 'entInfoSyss_3_deployMode': 1, 'orgName': 'ZYJD6XOcPSqfDkVghCe7olJJEL7AyxeQ', 'orgAddrCityDesc': '市辖区', 'entInfoSyss_1_id': 2342, 'entInfoSyss_3_sysType': 4, 'orgCrtType': '1', 'legalPhone': None, 'entInfoSyss_2_deployAddrProvince': '120000', 'entApplyId': 1148, 'entInfoSyss_1_deployAddrProvince': '110000', 'imgId_b': 2151, 'imgId': 2149, 'entInfoSyss_0_id': 2341}
2023-06-14 10:44:42.730 | INFO     | httprunner.runner:__run_step:304 - run step end: 企业注册查询注册信息 <<<<<<

2023-06-14 10:44:42.731 | INFO     | httprunner.runner:__run_step:292 - run step begin: 企业注册最终第三步提交信息 >>>>>>
2023-06-14 10:44:42.732 | INFO     | httprunner.runner:__run_step:292 - run step begin: 企业注册最终第三步提交信息 >>>>>>
2023-06-14 10:44:42.909 | DEBUG    | httprunner.client:request:186 - client IP: 10.14.148.129, Port: 59445
2023-06-14 10:44:42.910 | DEBUG    | httprunner.client:request:194 - server IP: 139.198.116.76, Port: 8000
2023-06-14 10:44:42.914 | DEBUG    | httprunner.client:log_print:40 - 
================== request details ==================
method   : POST
url      : http://139.198.116.76:8000/api/v3/entApply/apply
headers  : {
    "User-Agent": "Mozilla/5.0 (Macintosh; Intel Mac OS X 10_15_7) AppleWebKit/537.36 (KHTML, like Gecko) Chrome/105.0.0.0 Safari/537.36",
    "Accept-Encoding": "gzip, deflate",
    "Accept": "application/json, text/plain, */*",
    "Connection": "keep-alive",
    "Accept-Language": "zh-CN,zh;q=0.9",
    "Content-Type": "application/json;charset=UTF-8",
    "HRUN-Request-ID": "HRUN-74196437-134b-40dc-98d9-0001223fcace-682733",
    "Cookie": "SESSION=ODU4NzkwNmItYjhmYS00ZTJhLWEyODItODQ0ODYwNTZlM2Vi; SESSION=response.headers.\"Set-Cookie\".session",
    "Content-Length": "3281"
}
cookies  : {
    "SESSION": "ODU4NzkwNmItYjhmYS00ZTJhLWEyODItODQ0ODYwNTZlM2Vi"
}
body     : {
    "applyStep": 4,
    "applyType": null,
    "cltrid": null,
    "contactCrtBackImgPath": null,
    "contactCrtBackImgRid": 2151,
    "contactCrtFrontImgPath": null,
    "contactCrtFrontImgRid": 2150,
    "contactCrtNo": "460594196001126352",
    "contactCrtType": 1,
    "contactEmail": "FScpmZgzjfqh3o8P@qaqseq.com",
    "contactName": "emXScsLrMRCu2J6FzG1BrVvsGJJgFvcK",
    "contactPhone": "18322941377",
    "createDate": "2023-06-14 10:44:42",
    "dataHostingContractFilePath": null,
    "dataHostingContractFileRid": null,
    "dataHostingOrg": null,
    "entGeneralId": null,
    "entInfoLicenses": [],
    "entInfoSerIndustrys": [],
    "entInfoSyss": [
        {
            "deployAddr": "致真",
            "deployAddrCity": "110100",
            "deployAddrCounty": "110101",
            "deployAddrProvince": "110000",
            "deployMode": 1,
            "ipPort": null,
            "name": null,
            "sysType": 2
        },
        {
            "deployAddr": "致真",
            "deployAddrCity": "110100",
            "deployAddrCounty": "110101",
            "deployAddrProvince": "110000",
            "deployMode": 1,
            "ipPort": null,
            "name": null,
            "sysType": 3
        },
        {
            "deployAddr": "天津",
            "deployAddrCity": "120100",
            "deployAddrCounty": "120101",
            "deployAddrProvince": "120000",
            "deployMode": 1,
            "ipPort": null,
            "name": null,
            "sysType": 4
        },
        {
            "deployAddr": "天津",
            "deployAddrCity": "120100",
            "deployAddrCounty": "120101",
            "deployAddrProvince": "120000",
            "deployMode": 1,
            "ipPort": null,
            "name": null,
            "sysType": 4
        }
    ],
    "entPrefix": "88.408.53352008603",
    "escrowId": null,
    "escrowOrgName": null,
    "establishDate": null,
    "extDomain": null,
    "extIpAddr": null,
    "extWebName": null,
    "finalAuditMsg": null,
    "finalAuditStatus": null,
    "firstAuditMsg": null,
    "firstAuditStatus": null,
    "id": 1148,
    "idRegNaImp": null,
    "industryCategory": "A",
    "industrySpecific": "01",
    "isSubmit": 0,
    "legalCrtBackImgContent": null,
    "legalCrtBackImgPath": null,
    "legalCrtBackImgRid": 2151,
    "legalCrtFrontImgContent": null,
    "legalCrtFrontImgPath": null,
    "legalCrtFrontImgRid": 2150,
    "legalCrtNo": "460594196001126352",
    "legalCrtType": "1",
    "legalCrtTypeDesc": "中国居民身份证",
    "legalEmail": null,
    "legalFax": null,
    "legalName": "张三",
    "legalPhone": null,
    "orgAddr": "致真",
    "orgAddrCity": "110100",
    "orgAddrCityDesc": "市辖区",
    "orgAddrCounty": "110101",
    "orgAddrCountyDesc": "东城区",
    "orgAddrProvince": "110000",
    "orgAddrProvinceDesc": "北京市",
    "orgCategorySpecificDesc": "农、林、牧、渔业-农业",
    "orgCrtCode": "B5hDXkHL8g5zXZZbKTnOS7mX6VKGMqKC",
    "orgCrtImgContent": null,
    "orgCrtImgPath": null,
    "orgCrtImgRid": 2149,
    "orgCrtType": "1",
    "orgDesc": null,
    "orgName": "ZYJD6XOcPSqfDkVghCe7olJJEL7AyxeQ",
    "orgNature": "1",
    "orgNatureDesc": "1",
    "periodValidity": null,
    "regAuthority": null,
    "regCapital": null,
    "regRealNaImpName": null,
    "regRealNaImpType": null,
    "servHostingContractFilePath": null,
    "servHostingContractFileRid": null,
    "servHostingOrg": null,
    "servSysBuildContractFilePath": null,
    "servSysBuildContractFileRid": null,
    "servSysBuildName": null,
    "servSysBuildType": 1,
    "servSysOperContractFilePath": null,
    "servSysOperContractFileRid": null,
    "servSysOperName": null,
    "servSysOperType": 1,
    "svtrid": null,
    "thirdServiceMsg": null,
    "thirdServiceStatus": null,
    "updateDate": "2023-06-14 10:44:43",
    "userId": 1359,
    "userName": "emXScsLrMRCu2J6FzG1BrVvsGJJgFvcK",
    "website": null
}

2023-06-14 10:44:42.915 | DEBUG    | httprunner.client:log_print:40 - 
================== response details ==================
status_code : 200
headers  : {
    "Server": "nginx",
    "Date": "Wed, 14 Jun 2023 02:44:42 GMT",
    "Content-Type": "application/json;charset=UTF-8",
    "Transfer-Encoding": "chunked",
    "Connection": "keep-alive",
    "X-Frame-Options": "SAMEORIGIN"
}
cookies  : {}
encoding : UTF-8
content_type : application/json;charset=UTF-8
body     : {
    "message": "success",
    "status": 1,
    "data": true
}

2023-06-14 10:44:42.916 | INFO     | httprunner.client:request:217 - status_code: 200, response_time(ms): 175.28 ms, response_length: 0 bytes
2023-06-14 10:44:42.918 | INFO     | httprunner.response:validate:249 - assert status_code equal 200(int)	==> pass
2023-06-14 10:44:42.918 | INFO     | httprunner.response:validate:249 - assert body.message equal success(str)	==> pass
2023-06-14 10:44:42.919 | INFO     | httprunner.runner:__run_step:304 - run step end: 企业注册最终第三步提交信息 <<<<<<

2023-06-14 10:44:42.920 | INFO     | httprunner.runner:__run_step:304 - run step end: 企业注册最终第三步提交信息 <<<<<<

2023-06-14 10:44:42.920 | INFO     | httprunner.runner:__run_step:292 - run step begin: 登录-管理员 >>>>>>
2023-06-14 10:44:42.922 | INFO     | httprunner.runner:__run_step:292 - run step begin: 登录-企业用户 >>>>>>
2023-06-14 10:44:42.995 | DEBUG    | httprunner.client:request:186 - client IP: 10.14.148.129, Port: 59445
2023-06-14 10:44:42.996 | DEBUG    | httprunner.client:request:194 - server IP: 139.198.116.76, Port: 8000
2023-06-14 10:44:42.997 | DEBUG    | httprunner.client:log_print:40 - 
================== request details ==================
method   : POST
url      : http://139.198.116.76:8000/api/home/test/login
headers  : {
    "User-Agent": "python-requests/2.28.1",
    "Accept-Encoding": "gzip, deflate, br",
    "Accept": "*/*",
    "Connection": "keep-alive",
    "Content-Length": "144",
    "Content-Type": "application/json",
    "HRUN-Request-ID": "HRUN-74196437-134b-40dc-98d9-0001223fcace-682923",
    "Cookie": "SESSION=ODU4NzkwNmItYjhmYS00ZTJhLWEyODItODQ0ODYwNTZlM2Vi"
}
cookies  : {
    "SESSION": "ODU4NzkwNmItYjhmYS00ZTJhLWEyODItODQ0ODYwNTZlM2Vi"
}
body     : {
    "captcha": "0000",
    "captchaSign": "5d39bab12bba81ab59b3931d2ca06ee9603c3803355932be66974f122cab3502",
    "emailCaptcha": "",
    "username": "adminy"
}

2023-06-14 10:44:42.998 | DEBUG    | httprunner.client:log_print:40 - 
================== response details ==================
status_code : 200
headers  : {
    "Server": "nginx",
    "Date": "Wed, 14 Jun 2023 02:44:43 GMT",
    "Content-Type": "application/json;charset=UTF-8",
    "Transfer-Encoding": "chunked",
    "Connection": "keep-alive",
    "Set-Cookie": "SESSION=NDI3MDY3ZTItN2ZiYy00NDc0LWJhYjItNjMyZDgwNGIzZmFi; Path=/; HttpOnly; SameSite=Lax",
    "X-Frame-Options": "SAMEORIGIN"
}
cookies  : {
    "SESSION": "NDI3MDY3ZTItN2ZiYy00NDc0LWJhYjItNjMyZDgwNGIzZmFi"
}
encoding : UTF-8
content_type : application/json;charset=UTF-8
body     : {
    "message": "success",
    "status": 1,
    "data": true
}

2023-06-14 10:44:42.999 | INFO     | httprunner.client:request:217 - status_code: 200, response_time(ms): 72.35 ms, response_length: 0 bytes
2023-06-14 10:44:42.999 | INFO     | httprunner.response:extract:179 - extract mapping: {'adminSession': 'response.headers."Set-Cookie".session'}
2023-06-14 10:44:43.000 | INFO     | httprunner.response:validate:249 - assert status_code equal 200(int)	==> pass
2023-06-14 10:44:43.000 | INFO     | httprunner.response:validate:249 - assert headers."Content-Type" equal application/json;charset=UTF-8(str)	==> pass
2023-06-14 10:44:43.002 | INFO     | httprunner.response:validate:249 - assert body.message equal success(str)	==> pass
2023-06-14 10:44:43.002 | INFO     | httprunner.response:validate:249 - assert body.status equal 1(int)	==> pass
2023-06-14 10:44:43.003 | INFO     | httprunner.response:validate:249 - assert body.data equal True(bool)	==> pass
2023-06-14 10:44:43.003 | INFO     | httprunner.runner:__run_step:304 - run step end: 登录-企业用户 <<<<<<

2023-06-14 10:44:43.004 | INFO     | httprunner.runner:__run_step_testcase:286 - export variables: {'adminSession': 'response.headers."Set-Cookie".session'}
2023-06-14 10:44:43.004 | INFO     | httprunner.runner:__run_step:304 - run step end: 登录-管理员 <<<<<<

2023-06-14 10:44:43.005 | INFO     | httprunner.runner:__run_step:292 - run step begin: 年费费用查询 >>>>>>
2023-06-14 10:44:43.006 | INFO     | httprunner.runner:__run_step:292 - run step begin: 财务规则查询-年费 >>>>>>
2023-06-14 10:44:43.070 | DEBUG    | httprunner.client:request:186 - client IP: 10.14.148.129, Port: 59445
2023-06-14 10:44:43.071 | DEBUG    | httprunner.client:request:194 - server IP: 139.198.116.76, Port: 8000
2023-06-14 10:44:43.072 | DEBUG    | httprunner.client:log_print:40 - 
================== request details ==================
method   : GET
url      : http://139.198.116.76:8000/api/finance/rule/findRule?cache=1663837640684&moneyType=2&userId=1359
headers  : {
    "User-Agent": "Mozilla/5.0 (Macintosh; Intel Mac OS X 10_15_7) AppleWebKit/537.36 (KHTML, like Gecko) Chrome/98.0.4758.102 Safari/537.36 Edg/98.0.1108.56",
    "Accept-Encoding": "gzip, deflate",
    "Accept": "application/json, text/plain, */*",
    "Connection": "keep-alive",
    "Accept-Language": "zh-CN,zh;q=0.9,en;q=0.8,en-GB;q=0.7,en-US;q=0.6",
    "HRUN-Request-ID": "HRUN-74196437-134b-40dc-98d9-0001223fcace-683007",
    "Cookie": "SESSION=NDI3MDY3ZTItN2ZiYy00NDc0LWJhYjItNjMyZDgwNGIzZmFi; SESSION=response.headers.\"Set-Cookie\".session"
}
cookies  : {
    "SESSION": "NDI3MDY3ZTItN2ZiYy00NDc0LWJhYjItNjMyZDgwNGIzZmFi"
}
body     : None

2023-06-14 10:44:43.074 | DEBUG    | httprunner.client:log_print:40 - 
================== response details ==================
status_code : 200
headers  : {
    "Server": "nginx",
    "Date": "Wed, 14 Jun 2023 02:44:43 GMT",
    "Content-Type": "application/json;charset=UTF-8",
    "Transfer-Encoding": "chunked",
    "Connection": "keep-alive",
    "X-Frame-Options": "SAMEORIGIN"
}
cookies  : {}
encoding : UTF-8
content_type : application/json;charset=UTF-8
body     : {
    "message": "success",
    "status": 1,
    "data": [
        {
            "id": 78,
            "createDate": "2023-05-31 12:51:47",
            "updateDate": "2023-05-31 12:51:47",
            "name": "标准",
            "money": 10000.0,
            "moneyType": 2,
            "prefixCount": 1,
            "remart": "test",
            "entName": null,
            "entUserId": null,
            "ruleType": 2,
            "escrowId": null
        }
    ]
}

2023-06-14 10:44:43.075 | INFO     | httprunner.client:request:217 - status_code: 200, response_time(ms): 62.86 ms, response_length: 0 bytes
2023-06-14 10:44:43.075 | INFO     | httprunner.response:extract:179 - extract mapping: {'annualFeeRuleId': 78}
2023-06-14 10:44:43.076 | INFO     | httprunner.response:validate:249 - assert status_code equal 200(int)	==> pass
2023-06-14 10:44:43.078 | INFO     | httprunner.response:validate:249 - assert body.message equal success(str)	==> pass
2023-06-14 10:44:43.078 | INFO     | httprunner.response:validate:249 - assert body.status equal 1(int)	==> pass
2023-06-14 10:44:43.078 | INFO     | httprunner.runner:__run_step:304 - run step end: 财务规则查询-年费 <<<<<<

2023-06-14 10:44:43.079 | INFO     | httprunner.runner:__run_step_testcase:286 - export variables: {'annualFeeRuleId': 78}
2023-06-14 10:44:43.079 | INFO     | httprunner.runner:__run_step:304 - run step end: 年费费用查询 <<<<<<

2023-06-14 10:44:43.080 | INFO     | httprunner.runner:__run_step:292 - run step begin: 注册费费用查询 >>>>>>
2023-06-14 10:44:43.082 | INFO     | httprunner.runner:__run_step:292 - run step begin: 财务规则查询-注册费 >>>>>>
2023-06-14 10:44:43.136 | DEBUG    | httprunner.client:request:186 - client IP: 10.14.148.129, Port: 59445
2023-06-14 10:44:43.137 | DEBUG    | httprunner.client:request:194 - server IP: 139.198.116.76, Port: 8000
2023-06-14 10:44:43.138 | DEBUG    | httprunner.client:log_print:40 - 
================== request details ==================
method   : GET
url      : http://139.198.116.76:8000/api/finance/rule/findRule?moneyType=1&userId=1359
headers  : {
    "User-Agent": "Mozilla/5.0 (Macintosh; Intel Mac OS X 10_15_7) AppleWebKit/537.36 (KHTML, like Gecko) Chrome/98.0.4758.102 Safari/537.36 Edg/98.0.1108.56",
    "Accept-Encoding": "gzip, deflate",
    "Accept": "application/json, text/plain, */*",
    "Connection": "keep-alive",
    "Accept-Language": "zh-CN,zh;q=0.9,en;q=0.8,en-GB;q=0.7,en-US;q=0.6",
    "HRUN-Request-ID": "HRUN-74196437-134b-40dc-98d9-0001223fcace-683082",
    "Cookie": "SESSION=NDI3MDY3ZTItN2ZiYy00NDc0LWJhYjItNjMyZDgwNGIzZmFi; SESSION=response.headers.\"Set-Cookie\".session"
}
cookies  : {
    "SESSION": "NDI3MDY3ZTItN2ZiYy00NDc0LWJhYjItNjMyZDgwNGIzZmFi"
}
body     : None

2023-06-14 10:44:43.139 | DEBUG    | httprunner.client:log_print:40 - 
================== response details ==================
status_code : 200
headers  : {
    "Server": "nginx",
    "Date": "Wed, 14 Jun 2023 02:44:43 GMT",
    "Content-Type": "application/json;charset=UTF-8",
    "Transfer-Encoding": "chunked",
    "Connection": "keep-alive",
    "X-Frame-Options": "SAMEORIGIN"
}
cookies  : {}
encoding : UTF-8
content_type : application/json;charset=UTF-8
body     : {
    "message": "success",
    "status": 1,
    "data": [
        {
            "id": 77,
            "createDate": "2023-05-31 12:51:33",
            "updateDate": "2023-05-31 12:51:33",
            "name": "标准",
            "money": 10000.0,
            "moneyType": 1,
            "prefixCount": 1,
            "remart": "test",
            "entName": null,
            "entUserId": null,
            "ruleType": 2,
            "escrowId": null
        }
    ]
}

2023-06-14 10:44:43.139 | INFO     | httprunner.client:request:217 - status_code: 200, response_time(ms): 53.45 ms, response_length: 0 bytes
2023-06-14 10:44:43.140 | INFO     | httprunner.response:extract:179 - extract mapping: {'regFeeRuleId': 77}
2023-06-14 10:44:43.141 | INFO     | httprunner.response:validate:249 - assert status_code equal 200(int)	==> pass
2023-06-14 10:44:43.141 | INFO     | httprunner.response:validate:249 - assert body.message equal success(str)	==> pass
2023-06-14 10:44:43.142 | INFO     | httprunner.response:validate:249 - assert body.status equal 1(int)	==> pass
2023-06-14 10:44:43.142 | INFO     | httprunner.runner:__run_step:304 - run step end: 财务规则查询-注册费 <<<<<<

2023-06-14 10:44:43.143 | INFO     | httprunner.runner:__run_step_testcase:286 - export variables: {'regFeeRuleId': 77}
2023-06-14 10:44:43.143 | INFO     | httprunner.runner:__run_step:304 - run step end: 注册费费用查询 <<<<<<

2023-06-14 10:44:43.144 | INFO     | httprunner.runner:__run_step:292 - run step begin: 审核结果保存 >>>>>>
2023-06-14 10:44:43.146 | INFO     | httprunner.runner:__run_step:292 - run step begin: 企业审核保存 >>>>>>
2023-06-14 10:44:43.209 | DEBUG    | httprunner.client:request:186 - client IP: 10.14.148.129, Port: 59445
2023-06-14 10:44:43.210 | DEBUG    | httprunner.client:request:194 - server IP: 139.198.116.76, Port: 8000
2023-06-14 10:44:43.211 | DEBUG    | httprunner.client:log_print:40 - 
================== request details ==================
method   : POST
url      : http://139.198.116.76:8000/api/v3/ent/audit/save?annualFeeRuleId=78&applyId=1148&auditMsg=%E5%AE%A1%E6%A0%B8%E9%A9%B3%E5%9B%9E&auditResult=False&entPrefix=88.408.53352008603&regFeeRuleId=77
headers  : {
    "User-Agent": "Mozilla/5.0 (Macintosh; Intel Mac OS X 10_15_7) AppleWebKit/537.36 (KHTML, like Gecko) Chrome/98.0.4758.102 Safari/537.36 Edg/98.0.1108.56",
    "Accept-Encoding": "gzip, deflate",
    "Accept": "application/json, text/plain, */*",
    "Connection": "keep-alive",
    "Accept-Language": "zh-CN,zh;q=0.9,en;q=0.8,en-GB;q=0.7,en-US;q=0.6",
    "Content-Length": "0",
    "HRUN-Request-ID": "HRUN-74196437-134b-40dc-98d9-0001223fcace-683146",
    "Cookie": "SESSION=NDI3MDY3ZTItN2ZiYy00NDc0LWJhYjItNjMyZDgwNGIzZmFi; SESSION=response.headers.\"Set-Cookie\".session"
}
cookies  : {
    "SESSION": "NDI3MDY3ZTItN2ZiYy00NDc0LWJhYjItNjMyZDgwNGIzZmFi"
}
body     : None

2023-06-14 10:44:43.212 | DEBUG    | httprunner.client:log_print:40 - 
================== response details ==================
status_code : 200
headers  : {
    "Server": "nginx",
    "Date": "Wed, 14 Jun 2023 02:44:43 GMT",
    "Content-Type": "application/json",
    "Transfer-Encoding": "chunked",
    "Connection": "keep-alive",
    "X-Frame-Options": "SAMEORIGIN"
}
cookies  : {}
encoding : utf-8
content_type : application/json
body     : {
    "message": "success",
    "status": 1,
    "data": true
}

2023-06-14 10:44:43.212 | INFO     | httprunner.client:request:217 - status_code: 200, response_time(ms): 62.31 ms, response_length: 0 bytes
2023-06-14 10:44:43.213 | INFO     | httprunner.response:validate:249 - assert status_code equal 200(int)	==> pass
2023-06-14 10:44:43.213 | INFO     | httprunner.response:validate:249 - assert body.message equal success(str)	==> pass
2023-06-14 10:44:43.214 | INFO     | httprunner.response:validate:249 - assert body.status equal 1(int)	==> pass
2023-06-14 10:44:43.214 | INFO     | httprunner.response:validate:249 - assert body.data equal True(bool)	==> pass
2023-06-14 10:44:43.214 | INFO     | httprunner.runner:__run_step:304 - run step end: 企业审核保存 <<<<<<

2023-06-14 10:44:43.215 | INFO     | httprunner.runner:__run_step:304 - run step end: 审核结果保存 <<<<<<

2023-06-14 10:44:43.217 | INFO     | httprunner.runner:__run_step:292 - run step begin: 前缀管理分页 >>>>>>
2023-06-14 10:44:43.219 | INFO     | httprunner.runner:__run_step:292 - run step begin: 前缀管理分页 >>>>>>
2023-06-14 10:44:43.288 | DEBUG    | httprunner.client:request:186 - client IP: 10.14.148.129, Port: 59445
2023-06-14 10:44:43.289 | DEBUG    | httprunner.client:request:194 - server IP: 139.198.116.76, Port: 8000
2023-06-14 10:44:43.290 | DEBUG    | httprunner.client:log_print:40 - 
================== request details ==================
method   : GET
url      : http://139.198.116.76:8000/api/v3/ent/prefix/manage/pageQuery?cache=1663838231980&currentPage=1&entPrefix=88.408.53352008603&escrowOrgName=&order=&orderProp=
headers  : {
    "User-Agent": "Mozilla/5.0 (Macintosh; Intel Mac OS X 10_15_7) AppleWebKit/537.36 (KHTML, like Gecko) Chrome/98.0.4758.102 Safari/537.36 Edg/98.0.1108.56",
    "Accept-Encoding": "gzip, deflate",
    "Accept": "application/json, text/plain, */*",
    "Connection": "keep-alive",
    "Accept-Language": "zh-CN,zh;q=0.9,en;q=0.8,en-GB;q=0.7,en-US;q=0.6",
    "HRUN-Request-ID": "HRUN-74196437-134b-40dc-98d9-0001223fcace-683220",
    "Cookie": "SESSION=NDI3MDY3ZTItN2ZiYy00NDc0LWJhYjItNjMyZDgwNGIzZmFi; SESSION=response.headers.\"Set-Cookie\".session"
}
cookies  : {
    "SESSION": "NDI3MDY3ZTItN2ZiYy00NDc0LWJhYjItNjMyZDgwNGIzZmFi"
}
body     : None

2023-06-14 10:44:43.292 | DEBUG    | httprunner.client:log_print:40 - 
================== response details ==================
status_code : 200
headers  : {
    "Server": "nginx",
    "Date": "Wed, 14 Jun 2023 02:44:43 GMT",
    "Content-Type": "application/json",
    "Transfer-Encoding": "chunked",
    "Connection": "keep-alive",
    "X-Frame-Options": "SAMEORIGIN"
}
cookies  : {}
encoding : utf-8
content_type : application/json
body     : {
    "message": "success",
    "status": 1,
    "data": {
        "first": true,
        "last": true,
        "totalPages": 0,
        "totalElements": 0,
        "number": 1,
        "size": 10,
        "sort": {
            "sorted": false,
            "unsorted": true,
            "empty": true
        },
        "numberOfElements": 0,
        "content": []
    }
}

2023-06-14 10:44:43.292 | INFO     | httprunner.client:request:217 - status_code: 200, response_time(ms): 67.83 ms, response_length: 0 bytes
2023-06-14 10:44:43.294 | INFO     | httprunner.response:extract:179 - extract mapping: {'userId': None, 'entPrefix': None, 'prefixId': None, 'entNameCn': None, 'proxyState': None}
2023-06-14 10:44:43.295 | INFO     | httprunner.response:validate:249 - assert status_code equal 200(int)	==> pass
2023-06-14 10:44:43.295 | INFO     | httprunner.response:validate:249 - assert body.message equal success(str)	==> pass
2023-06-14 10:44:43.296 | INFO     | httprunner.runner:__run_step:304 - run step end: 前缀管理分页 <<<<<<

2023-06-14 10:44:43.297 | INFO     | httprunner.runner:__run_step_testcase:286 - export variables: {'userId': None, 'proxyState': None, 'entNameCn': None, 'prefixId': None, 'entPrefix': None}
2023-06-14 10:44:43.297 | INFO     | httprunner.runner:__run_step:304 - run step end: 前缀管理分页 <<<<<<

2023-06-14 10:44:43.297 | INFO     | httprunner.runner:__run_step_testcase:286 - export variables: {'entPrefix': None}
2023-06-14 10:44:43.298 | INFO     | httprunner.runner:__run_step:304 - run step end: 审核驳回 <<<<<<

2023-06-14 10:44:43.298 | INFO     | httprunner.runner:__run_step:292 - run step begin: 登录-企业 >>>>>>
2023-06-14 10:44:43.300 | INFO     | httprunner.runner:__run_step:292 - run step begin: 登录-企业用户 >>>>>>
2023-06-14 10:44:43.366 | DEBUG    | httprunner.client:request:186 - client IP: 10.14.148.129, Port: 59445
2023-06-14 10:44:43.367 | DEBUG    | httprunner.client:request:194 - server IP: 139.198.116.76, Port: 8000
2023-06-14 10:44:43.369 | DEBUG    | httprunner.client:log_print:40 - 
================== request details ==================
method   : POST
url      : http://139.198.116.76:8000/api/home/test/login
headers  : {
    "User-Agent": "python-requests/2.28.1",
    "Accept-Encoding": "gzip, deflate, br",
    "Accept": "*/*",
    "Connection": "keep-alive",
    "Content-Length": "170",
    "Content-Type": "application/json",
    "HRUN-Request-ID": "HRUN-74196437-134b-40dc-98d9-0001223fcace-683300",
    "Cookie": "SESSION=NDI3MDY3ZTItN2ZiYy00NDc0LWJhYjItNjMyZDgwNGIzZmFi"
}
cookies  : {
    "SESSION": "NDI3MDY3ZTItN2ZiYy00NDc0LWJhYjItNjMyZDgwNGIzZmFi"
}
body     : {
    "captcha": "0000",
    "captchaSign": "5c73bb4921f3e92fb20910f1eeca1baae8a1b75d950f2c02f8ea0969e4de0f9b",
    "emailCaptcha": "",
    "username": "emXScsLrMRCu2J6FzG1BrVvsGJJgFvcK"
}

2023-06-14 10:44:43.370 | DEBUG    | httprunner.client:log_print:40 - 
================== response details ==================
status_code : 200
headers  : {
    "Server": "nginx",
    "Date": "Wed, 14 Jun 2023 02:44:43 GMT",
    "Content-Type": "application/json;charset=UTF-8",
    "Transfer-Encoding": "chunked",
    "Connection": "keep-alive",
    "Set-Cookie": "SESSION=MmEyNjEzNzEtNzNjZC00MmIyLWIwZTctZTNmMDFkYjg3ZDhj; Path=/; HttpOnly; SameSite=Lax",
    "X-Frame-Options": "SAMEORIGIN"
}
cookies  : {
    "SESSION": "MmEyNjEzNzEtNzNjZC00MmIyLWIwZTctZTNmMDFkYjg3ZDhj"
}
encoding : UTF-8
content_type : application/json;charset=UTF-8
body     : {
    "message": "success",
    "status": 1,
    "data": true
}

2023-06-14 10:44:43.371 | INFO     | httprunner.client:request:217 - status_code: 200, response_time(ms): 65.3 ms, response_length: 0 bytes
2023-06-14 10:44:43.371 | INFO     | httprunner.response:extract:179 - extract mapping: {'entSession': 'response.headers."Set-Cookie".session'}
2023-06-14 10:44:43.372 | INFO     | httprunner.response:validate:249 - assert status_code equal 200(int)	==> pass
2023-06-14 10:44:43.373 | INFO     | httprunner.response:validate:249 - assert headers."Content-Type" equal application/json;charset=UTF-8(str)	==> pass
2023-06-14 10:44:43.373 | INFO     | httprunner.response:validate:249 - assert body.message equal success(str)	==> pass
2023-06-14 10:44:43.374 | INFO     | httprunner.response:validate:249 - assert body.status equal 1(int)	==> pass
2023-06-14 10:44:43.374 | INFO     | httprunner.response:validate:249 - assert body.data equal True(bool)	==> pass
2023-06-14 10:44:43.374 | INFO     | httprunner.runner:__run_step:304 - run step end: 登录-企业用户 <<<<<<

2023-06-14 10:44:43.375 | INFO     | httprunner.runner:__run_step_testcase:286 - export variables: {'entSession': 'response.headers."Set-Cookie".session'}
2023-06-14 10:44:43.375 | INFO     | httprunner.runner:__run_step:304 - run step end: 登录-企业 <<<<<<

2023-06-14 10:44:43.376 | INFO     | httprunner.runner:__run_step:292 - run step begin: 审核驳回信息查询 >>>>>>
2023-06-14 10:44:43.378 | INFO     | httprunner.runner:__run_step:292 - run step begin: 企业注册查询注册信息 >>>>>>
2023-06-14 10:44:43.459 | DEBUG    | httprunner.client:request:186 - client IP: 10.14.148.129, Port: 59445
2023-06-14 10:44:43.459 | DEBUG    | httprunner.client:request:194 - server IP: 139.198.116.76, Port: 8000
2023-06-14 10:44:43.460 | DEBUG    | httprunner.client:log_print:40 - 
================== request details ==================
method   : GET
url      : http://139.198.116.76:8000/api/v3/entApply/applyOrNot
headers  : {
    "User-Agent": "Mozilla/5.0 (Macintosh; Intel Mac OS X 10_15_7) AppleWebKit/537.36 (KHTML, like Gecko) Chrome/105.0.0.0 Safari/537.36",
    "Accept-Encoding": "gzip, deflate",
    "Accept": "application/json, text/plain, */*",
    "Connection": "keep-alive",
    "Accept-Language": "zh-CN,zh;q=0.9",
    "HRUN-Request-ID": "HRUN-74196437-134b-40dc-98d9-0001223fcace-683379",
    "Cookie": "SESSION=MmEyNjEzNzEtNzNjZC00MmIyLWIwZTctZTNmMDFkYjg3ZDhj; SESSION=response.headers.\"Set-Cookie\".session"
}
cookies  : {
    "SESSION": "MmEyNjEzNzEtNzNjZC00MmIyLWIwZTctZTNmMDFkYjg3ZDhj"
}
body     : None

2023-06-14 10:44:43.463 | DEBUG    | httprunner.client:log_print:40 - 
================== response details ==================
status_code : 200
headers  : {
    "Server": "nginx",
    "Date": "Wed, 14 Jun 2023 02:44:43 GMT",
    "Content-Type": "application/json;charset=UTF-8",
    "Transfer-Encoding": "chunked",
    "Connection": "keep-alive",
    "X-Frame-Options": "SAMEORIGIN"
}
cookies  : {}
encoding : UTF-8
content_type : application/json;charset=UTF-8
body     : {
    "message": "success",
    "status": 1,
    "data": {
        "nbmsEntApplyPO": {
            "id": 1148,
            "createDate": "2023-06-14 10:44:42",
            "updateDate": "2023-06-14 10:44:43",
            "applyType": 1,
            "entGeneralId": null,
            "applyStep": 4,
            "isSubmit": 1,
            "entPrefix": "88.408.53352008603",
            "firstAuditStatus": 3,
            "firstAuditMsg": "审核驳回",
            "thirdServiceStatus": 3,
            "thirdServiceMsg": null,
            "userName": "emXScsLrMRCu2J6FzG1BrVvsGJJgFvcK",
            "finalAuditStatus": null,
            "finalAuditMsg": null,
            "svtrid": null,
            "cltrid": null,
            "userId": 1359,
            "orgName": "ZYJD6XOcPSqfDkVghCe7olJJEL7AyxeQ",
            "orgNature": "1",
            "orgAddrProvince": "110000",
            "orgAddrCity": "110100",
            "orgAddrCounty": "110101",
            "orgAddr": "致真",
            "orgCrtType": "1",
            "orgCrtCode": "B5hDXkHL8g5zXZZbKTnOS7mX6VKGMqKC",
            "legalName": "张三",
            "legalCrtType": "1",
            "legalCrtNo": "460594196001126352",
            "orgDesc": null,
            "industryCategory": "A",
            "industrySpecific": "01",
            "contactName": "emXScsLrMRCu2J6FzG1BrVvsGJJgFvcK",
            "contactPhone": "18322941377",
            "contactCrtType": 1,
            "contactCrtNo": "460594196001126352",
            "contactEmail": "FScpmZgzjfqh3o8P@qaqseq.com",
            "website": null,
            "regAuthority": null,
            "regCapital": null,
            "establishDate": null,
            "periodValidity": null,
            "legalEmail": null,
            "legalPhone": null,
            "legalFax": null,
            "servSysBuildType": 1,
            "servSysBuildName": null,
            "servSysOperType": 1,
            "servSysOperName": null,
            "dataHostingOrg": null,
            "servHostingOrg": null,
            "regRealNaImpType": null,
            "regRealNaImpName": null,
            "idRegNaImp": null,
            "extWebName": null,
            "extDomain": null,
            "extIpAddr": null,
            "orgCrtImgRid": 2149,
            "contactCrtFrontImgRid": 2150,
            "contactCrtBackImgRid": 2151,
            "legalCrtFrontImgRid": 2150,
            "legalCrtBackImgRid": 2151,
            "servSysBuildContractFileRid": null,
            "servSysOperContractFileRid": null,
            "dataHostingContractFileRid": null,
            "servHostingContractFileRid": null,
            "entInfoLicenses": [],
            "entInfoSyss": [
                {
                    "id": 2341,
                    "entApplyId": 1148,
                    "sysType": 1,
                    "deployMode": 1,
                    "deployAddr": "致真",
                    "deployAddrProvince": "110000",
                    "deployAddrCity": "110100",
                    "deployAddrCounty": "110101",
                    "name": null,
                    "ipPort": null
                },
                {
                    "id": 2342,
                    "entApplyId": 1148,
                    "sysType": 2,
                    "deployMode": 1,
                    "deployAddr": "致真",
                    "deployAddrProvince": "110000",
                    "deployAddrCity": "110100",
                    "deployAddrCounty": "110101",
                    "name": null,
                    "ipPort": null
                },
                {
                    "id": 2343,
                    "entApplyId": 1148,
                    "sysType": 3,
                    "deployMode": 1,
                    "deployAddr": "天津",
                    "deployAddrProvince": "120000",
                    "deployAddrCity": "120100",
                    "deployAddrCounty": "120101",
                    "name": null,
                    "ipPort": null
                },
                {
                    "id": 2344,
                    "entApplyId": 1148,
                    "sysType": 4,
                    "deployMode": 1,
                    "deployAddr": "天津",
                    "deployAddrProvince": "120000",
                    "deployAddrCity": "120100",
                    "deployAddrCounty": "120101",
                    "name": null,
                    "ipPort": null
                }
            ],
            "entInfoSerIndustrys": [],
            "escrowId": null,
            "industryQualificationRid": null,
            "certificationRid": null,
            "openingBank": null,
            "bankCard": null,
            "verificationName": null,
            "orgNatureDesc": "国有控股",
            "orgCrtImgContent": null,
            "orgCategorySpecificDesc": "农、林、牧、渔业-农业",
            "orgAddrProvinceDesc": "北京市",
            "orgAddrCountyDesc": "东城区",
            "orgAddrCityDesc": "市辖区",
            "legalCrtTypeDesc": "中国居民身份证",
            "legalCrtFrontImgContent": null,
            "legalCrtBackImgContent": null,
            "orgCrtImgPath": "5ba87ede-dc0a-41cc-aec2-4dd1c13bc8c2.jpeg",
            "contactCrtFrontImgPath": "8f976054-41df-4a80-81bf-b240e4c60d54.jpeg",
            "contactCrtBackImgPath": "24015206-ac66-49fe-9e45-55e87728dd86.jpeg",
            "legalCrtFrontImgPath": "8f976054-41df-4a80-81bf-b240e4c60d54.jpeg",
            "legalCrtBackImgPath": "24015206-ac66-49fe-9e45-55e87728dd86.jpeg",
            "servSysBuildContractFilePath": null,
            "servSysOperContractFilePath": null,
            "dataHostingContractFilePath": null,
            "servHostingContractFilePath": null,
            "industryQualificationFilePath": null,
            "certificationFilePath": null,
            "escrowOrgName": null
        },
        "nbmsEntPO": null,
        "nbmsEntPrefixApplyPO": null,
        "needRelog": null,
        "applyStatus": 3
    }
}

2023-06-14 10:44:43.464 | INFO     | httprunner.client:request:217 - status_code: 200, response_time(ms): 79.5 ms, response_length: 0 bytes
2023-06-14 10:44:43.467 | INFO     | httprunner.response:extract:179 - extract mapping: {'applyId': 1148, 'userId': 1359, 'userName': 'emXScsLrMRCu2J6FzG1BrVvsGJJgFvcK', 'imgId_f': 2150, 'imgId_b': 2151, 'entId': None, 'entUserId': None, 'prefix': '88.408.53352008603', 'contactCrtNo': '460594196001126352', 'contactCrtType': 1, 'contactEmail': 'FScpmZgzjfqh3o8P@qaqseq.com', 'contactName': 'emXScsLrMRCu2J6FzG1BrVvsGJJgFvcK', 'contactPhone': '18322941377', 'industryCategory': 'A', 'industrySpecific': '01', 'orgName': 'ZYJD6XOcPSqfDkVghCe7olJJEL7AyxeQ', 'orgNature': '1', 'orgAddrProvince': '110000', 'orgAddrCity': '110100', 'orgAddrCounty': '110101', 'orgAddr': '致真', 'orgCrtType': '1', 'orgCrtCode': 'B5hDXkHL8g5zXZZbKTnOS7mX6VKGMqKC', 'legalName': '张三', 'legalEmail': None, 'legalPhone': None, 'legalCrtType': '1', 'legalCrtNo': '460594196001126352', 'legalCrtFrontImgRid': 2150, 'legalCrtBackImgRid': 2151, 'orgCrtImgRid': 2149, 'imgId': 2149, 'orgNatureDesc': '国有控股', 'orgCategorySpecificDesc': '农、林、牧、渔业-农业', 'orgAddrProvinceDesc': '北京市', 'orgAddrCountyDesc': '东城区', 'orgAddrCityDesc': '市辖区', 'legalCrtTypeDesc': '中国居民身份证', 'createDate': '2023-06-14 10:44:42', 'updateDate': '2023-06-14 10:44:43', 'entInfoSyss_0_id': 2341, 'entInfoSyss_0_entApplyId': 1148, 'entApplyId': 1148, 'entInfoSyss_0_sysType': 1, 'entInfoSyss_0_deployMode': 1, 'entInfoSyss_0_deployAddr': '致真', 'entInfoSyss_0_deployAddrProvince': '110000', 'entInfoSyss_0_deployAddrCity': '110100', 'entInfoSyss_0_deployAddrCounty': '110101', 'entInfoSyss_1_id': 2342, 'entInfoSyss_1_entApplyId': 1148, 'entInfoSyss_1_sysType': 2, 'entInfoSyss_1_deployMode': 1, 'entInfoSyss_1_deployAddr': '致真', 'entInfoSyss_1_deployAddrProvince': '110000', 'entInfoSyss_1_deployAddrCity': '110100', 'entInfoSyss_1_deployAddrCounty': '110101', 'entInfoSyss_2_id': 2343, 'entInfoSyss_2_entApplyId': 1148, 'entInfoSyss_2_sysType': 3, 'entInfoSyss_2_deployMode': 1, 'entInfoSyss_2_deployAddr': '天津', 'entInfoSyss_2_deployAddrProvince': '120000', 'entInfoSyss_2_deployAddrCity': '120100', 'entInfoSyss_2_deployAddrCounty': '120101', 'entInfoSyss_3_id': 2344, 'entInfoSyss_3_entApplyId': 1148, 'entInfoSyss_3_sysType': 4, 'entInfoSyss_3_deployMode': 1, 'entInfoSyss_3_deployAddr': '天津', 'entInfoSyss_3_deployAddrProvince': '120000', 'entInfoSyss_3_deployAddrCity': '120100', 'entInfoSyss_3_deployAddrCounty': '120101'}
2023-06-14 10:44:43.468 | INFO     | httprunner.response:validate:249 - assert status_code equal 200(int)	==> pass
2023-06-14 10:44:43.468 | INFO     | httprunner.response:validate:249 - assert body.message equal success(str)	==> pass
2023-06-14 10:44:43.468 | INFO     | httprunner.runner:__run_step:304 - run step end: 企业注册查询注册信息 <<<<<<

2023-06-14 10:44:43.469 | INFO     | httprunner.runner:__run_step_testcase:286 - export variables: {'entInfoSyss_2_id': 2343, 'entInfoSyss_2_entApplyId': 1148, 'legalCrtTypeDesc': '中国居民身份证', 'entInfoSyss_0_sysType': 1, 'entInfoSyss_1_deployAddrCounty': '110101', 'orgAddrCounty': '110101', 'orgCrtCode': 'B5hDXkHL8g5zXZZbKTnOS7mX6VKGMqKC', 'entInfoSyss_2_deployAddrCounty': '120101', 'entInfoSyss_0_deployMode': 1, 'entInfoSyss_1_deployMode': 1, 'applyId': 1148, 'entInfoSyss_3_id': 2344, 'entId': None, 'entInfoSyss_3_deployAddrProvince': '120000', 'orgAddr': '致真', 'entInfoSyss_0_deployAddrCity': '110100', 'entInfoSyss_3_deployAddrCounty': '120101', 'contactCrtType': 1, 'contactEmail': 'FScpmZgzjfqh3o8P@qaqseq.com', 'legalCrtBackImgRid': 2151, 'orgCategorySpecificDesc': '农、林、牧、渔业-农业', 'entInfoSyss_2_sysType': 3, 'legalEmail': None, 'entInfoSyss_2_deployAddr': '天津', 'entInfoSyss_0_deployAddr': '致真', 'entUserId': None, 'legalCrtFrontImgRid': 2150, 'legalCrtType': '1', 'orgAddrProvince': '110000', 'prefix': '88.408.53352008603', 'industryCategory': 'A', 'entInfoSyss_3_entApplyId': 1148, 'entInfoSyss_3_deployAddr': '天津', 'legalName': '张三', 'entInfoSyss_1_deployAddr': '致真', 'userId': 1359, 'contactCrtNo': '460594196001126352', 'entInfoSyss_2_deployMode': 1, 'entInfoSyss_0_deployAddrProvince': '110000', 'entInfoSyss_2_deployAddrCity': '120100', 'entInfoSyss_1_entApplyId': 1148, 'entInfoSyss_1_deployAddrCity': '110100', 'userName': 'emXScsLrMRCu2J6FzG1BrVvsGJJgFvcK', 'createDate': '2023-06-14 10:44:42', 'entInfoSyss_0_entApplyId': 1148, 'orgAddrProvinceDesc': '北京市', 'contactPhone': '18322941377', 'imgId_f': 2150, 'contactName': 'emXScsLrMRCu2J6FzG1BrVvsGJJgFvcK', 'legalCrtNo': '460594196001126352', 'industrySpecific': '01', 'orgAddrCountyDesc': '东城区', 'orgAddrCity': '110100', 'orgNature': '1', 'entInfoSyss_0_deployAddrCounty': '110101', 'orgCrtImgRid': 2149, 'entInfoSyss_3_deployAddrCity': '120100', 'entInfoSyss_1_sysType': 2, 'orgNatureDesc': '国有控股', 'updateDate': '2023-06-14 10:44:43', 'entInfoSyss_3_deployMode': 1, 'orgName': 'ZYJD6XOcPSqfDkVghCe7olJJEL7AyxeQ', 'orgAddrCityDesc': '市辖区', 'entInfoSyss_1_id': 2342, 'entInfoSyss_3_sysType': 4, 'orgCrtType': '1', 'legalPhone': None, 'entInfoSyss_2_deployAddrProvince': '120000', 'entApplyId': 1148, 'entInfoSyss_1_deployAddrProvince': '110000', 'imgId_b': 2151, 'imgId': 2149, 'entInfoSyss_0_id': 2341}
2023-06-14 10:44:43.469 | INFO     | httprunner.runner:__run_step:304 - run step end: 审核驳回信息查询 <<<<<<

