2023-06-14 15:56:25.221 | INFO     | httprunner.runner:test_start:450 - Start to run testcase: 申请记录分页-ent-35,36, TestCase ID: 774a4bc1-2698-4e70-93c2-f779f59518fa
2023-06-14 15:56:25.222 | INFO     | httprunner.runner:__run_step:292 - run step begin: 用户注册 >>>>>>
2023-06-14 15:56:25.222 | INFO     | httprunner.runner:__run_step:292 - run step begin: 用户注册 >>>>>>
2023-06-14 15:56:25.337 | DEBUG    | httprunner.client:request:186 - client IP: 127.0.0.1, Port: 53566
2023-06-14 15:56:25.337 | DEBUG    | httprunner.client:request:194 - server IP: 127.0.0.1, Port: 8888
2023-06-14 15:56:25.338 | DEBUG    | httprunner.client:log_print:40 - 
================== request details ==================
method   : POST
url      : http://139.198.116.76:8000/api/home/test/registry
headers  : {
    "User-Agent": "Mozilla/5.0 (Windows NT 10.0; WOW64) AppleWebKit/537.36 (KHTML, like Gecko) Chrome/100.0.4896.60 Safari/537.36",
    "Accept-Encoding": "gzip, deflate",
    "Accept": "application/json, text/plain, */*",
    "Connection": "keep-alive",
    "Accept-Language": "zh-CN,zh;q=0.9",
    "HRUN-Request-ID": "HRUN-774a4bc1-2698-4e70-93c2-f779f59518fa-385222",
    "Content-Length": "187",
    "Content-Type": "application/json"
}
cookies  : {}
body     : {
    "email": "ep9TwIbCQNIy6Zxl@qaqseq.com",
    "mobile": "13374691539",
    "openId": "",
    "openUserName": "",
    "password": "Admin@123",
    "remarks": "",
    "username": "TmkS7OlqiXJxKPkqwLYsqtTMkRPd1yHZ"
}

2023-06-14 15:56:25.338 | DEBUG    | httprunner.client:log_print:40 - 
================== response details ==================
status_code : 200
headers  : {
    "Server": "nginx",
    "Date": "Wed, 14 Jun 2023 07:56:25 GMT",
    "Content-Type": "application/json",
    "Transfer-Encoding": "chunked",
    "X-Frame-Options": "SAMEORIGIN",
    "Connection": "keep-alive"
}
cookies  : {}
encoding : utf-8
content_type : application/json
body     : {
    "message": "success",
    "status": 1,
    "data": true
}

2023-06-14 15:56:25.338 | INFO     | httprunner.client:request:217 - status_code: 200, response_time(ms): 114.81 ms, response_length: 0 bytes
2023-06-14 15:56:25.338 | INFO     | httprunner.response:validate:249 - assert status_code equal 200(int)	==> pass
2023-06-14 15:56:25.338 | INFO     | httprunner.response:validate:249 - assert body.message equal success(str)	==> pass
2023-06-14 15:56:25.339 | INFO     | httprunner.response:validate:249 - assert body.status equal 1(int)	==> pass
2023-06-14 15:56:25.339 | INFO     | httprunner.response:validate:249 - assert body.message contains success(str)	==> pass
2023-06-14 15:56:25.339 | INFO     | httprunner.response:validate:249 - assert body.status contained_by [1, 200](list)	==> pass
2023-06-14 15:56:25.339 | INFO     | httprunner.runner:__run_step:304 - run step end: 用户注册 <<<<<<

2023-06-14 15:56:25.339 | INFO     | httprunner.runner:__run_step:304 - run step end: 用户注册 <<<<<<

2023-06-14 15:56:25.339 | INFO     | httprunner.runner:__run_step:292 - run step begin: 登录-企业 >>>>>>
2023-06-14 15:56:25.340 | INFO     | httprunner.runner:__run_step:292 - run step begin: 登录-企业用户 >>>>>>
2023-06-14 15:56:25.399 | DEBUG    | httprunner.client:request:186 - client IP: 127.0.0.1, Port: 53566
2023-06-14 15:56:25.399 | DEBUG    | httprunner.client:request:194 - server IP: 127.0.0.1, Port: 8888
2023-06-14 15:56:25.400 | DEBUG    | httprunner.client:log_print:40 - 
================== request details ==================
method   : POST
url      : http://139.198.116.76:8000/api/home/test/login
headers  : {
    "User-Agent": "python-requests/2.28.1",
    "Accept-Encoding": "gzip, deflate, br",
    "Accept": "*/*",
    "Connection": "keep-alive",
    "Content-Length": "170",
    "Content-Type": "application/json",
    "HRUN-Request-ID": "HRUN-774a4bc1-2698-4e70-93c2-f779f59518fa-385340"
}
cookies  : {}
body     : {
    "captcha": "0000",
    "captchaSign": "20d14bc9e761d7e29f0c7cefa011c6e54e0934de1bb107cb8c367404b920391f",
    "emailCaptcha": "",
    "username": "TmkS7OlqiXJxKPkqwLYsqtTMkRPd1yHZ"
}

2023-06-14 15:56:25.400 | DEBUG    | httprunner.client:log_print:40 - 
================== response details ==================
status_code : 200
headers  : {
    "Server": "nginx",
    "Date": "Wed, 14 Jun 2023 07:56:25 GMT",
    "Content-Type": "application/json;charset=UTF-8",
    "Transfer-Encoding": "chunked",
    "Set-Cookie": "SESSION=ZjA2N2M0NDItMmQwNS00ZDk3LWE5OTYtMzRlZTViYjQ2YmZl; Path=/; HttpOnly; SameSite=Lax",
    "X-Frame-Options": "SAMEORIGIN",
    "Connection": "keep-alive"
}
cookies  : {
    "SESSION": "ZjA2N2M0NDItMmQwNS00ZDk3LWE5OTYtMzRlZTViYjQ2YmZl"
}
encoding : UTF-8
content_type : application/json;charset=UTF-8
body     : {
    "message": "success",
    "status": 1,
    "data": true
}

2023-06-14 15:56:25.400 | INFO     | httprunner.client:request:217 - status_code: 200, response_time(ms): 58.93 ms, response_length: 0 bytes
2023-06-14 15:56:25.400 | INFO     | httprunner.response:extract:179 - extract mapping: {'entSession': 'response.headers."Set-Cookie".session'}
2023-06-14 15:56:25.400 | INFO     | httprunner.response:validate:249 - assert status_code equal 200(int)	==> pass
2023-06-14 15:56:25.401 | INFO     | httprunner.response:validate:249 - assert headers."Content-Type" equal application/json;charset=UTF-8(str)	==> pass
2023-06-14 15:56:25.401 | INFO     | httprunner.response:validate:249 - assert body.message equal success(str)	==> pass
2023-06-14 15:56:25.401 | INFO     | httprunner.response:validate:249 - assert body.status equal 1(int)	==> pass
2023-06-14 15:56:25.401 | INFO     | httprunner.response:validate:249 - assert body.data equal True(bool)	==> pass
2023-06-14 15:56:25.401 | INFO     | httprunner.runner:__run_step:304 - run step end: 登录-企业用户 <<<<<<

2023-06-14 15:56:25.401 | INFO     | httprunner.runner:__run_step_testcase:286 - export variables: {'entSession': 'response.headers."Set-Cookie".session'}
2023-06-14 15:56:25.401 | INFO     | httprunner.runner:__run_step:304 - run step end: 登录-企业 <<<<<<

2023-06-14 15:56:25.402 | INFO     | httprunner.runner:__run_step:292 - run step begin: 前缀注册企业资质图片上传 >>>>>>
2023-06-14 15:56:25.402 | INFO     | httprunner.runner:__run_step:292 - run step begin: 前缀注册企业资质图片上传 >>>>>>
2023-06-14 15:56:25.505 | DEBUG    | httprunner.client:request:186 - client IP: 127.0.0.1, Port: 53566
2023-06-14 15:56:25.506 | DEBUG    | httprunner.client:request:194 - server IP: 127.0.0.1, Port: 8888
2023-06-14 15:56:25.508 | DEBUG    | httprunner.client:log_print:40 - 
================== request details ==================
method   : POST
url      : http://139.198.116.76:8000/api/file/img/upload
headers  : {
    "User-Agent": "Mozilla/5.0 (Macintosh; Intel Mac OS X 10_15_7) AppleWebKit/537.36 (KHTML, like Gecko) Chrome/105.0.0.0 Safari/537.36",
    "Accept-Encoding": "gzip, deflate",
    "Accept": "application/json, text/plain, */*",
    "Connection": "keep-alive",
    "Accept-Language": "zh-CN,zh;q=0.9",
    "Content-Type": "multipart/form-data; boundary=13bca479260f4af7a70c86103ded519f",
    "HRUN-Request-ID": "HRUN-774a4bc1-2698-4e70-93c2-f779f59518fa-385404",
    "Cookie": "SESSION=ZjA2N2M0NDItMmQwNS00ZDk3LWE5OTYtMzRlZTViYjQ2YmZl; SESSION=response.headers.\"Set-Cookie\".session",
    "Content-Length": "20435"
}
cookies  : {
    "SESSION": "ZjA2N2M0NDItMmQwNS00ZDk3LWE5OTYtMzRlZTViYjQ2YmZl"
}
body     : upload file stream (OMITTED)

2023-06-14 15:56:25.508 | DEBUG    | httprunner.client:log_print:40 - 
================== response details ==================
status_code : 200
headers  : {
    "Server": "nginx",
    "Date": "Wed, 14 Jun 2023 07:56:25 GMT",
    "Content-Type": "application/json;charset=UTF-8",
    "Transfer-Encoding": "chunked",
    "X-Frame-Options": "SAMEORIGIN",
    "Connection": "keep-alive"
}
cookies  : {}
encoding : UTF-8
content_type : application/json;charset=UTF-8
body     : {
    "message": "success",
    "status": 1,
    "data": {
        "id": 2239,
        "path": "12a9bd20-4687-463f-9f4c-900c442b2d8e.jpeg"
    }
}

2023-06-14 15:56:25.508 | INFO     | httprunner.client:request:217 - status_code: 200, response_time(ms): 100.9 ms, response_length: 0 bytes
2023-06-14 15:56:25.509 | INFO     | httprunner.response:extract:179 - extract mapping: {'imgId': 2239}
2023-06-14 15:56:25.509 | INFO     | httprunner.response:validate:249 - assert status_code equal 200(int)	==> pass
2023-06-14 15:56:25.509 | INFO     | httprunner.runner:__run_step:304 - run step end: 前缀注册企业资质图片上传 <<<<<<

2023-06-14 15:56:25.509 | INFO     | httprunner.runner:__run_step_testcase:286 - export variables: {'imgId': 2239}
2023-06-14 15:56:25.509 | INFO     | httprunner.runner:__run_step:304 - run step end: 前缀注册企业资质图片上传 <<<<<<

2023-06-14 15:56:25.510 | INFO     | httprunner.runner:__run_step:292 - run step begin: 前缀注册企业联系人身份证图片正面上传 >>>>>>
2023-06-14 15:56:25.510 | INFO     | httprunner.runner:__run_step:292 - run step begin: 前缀注册企业联系人身份证图片背面上传 >>>>>>
2023-06-14 15:56:25.613 | DEBUG    | httprunner.client:request:186 - client IP: 127.0.0.1, Port: 53566
2023-06-14 15:56:25.614 | DEBUG    | httprunner.client:request:194 - server IP: 127.0.0.1, Port: 8888
2023-06-14 15:56:25.615 | DEBUG    | httprunner.client:log_print:40 - 
================== request details ==================
method   : POST
url      : http://139.198.116.76:8000/api/file/img/upload
headers  : {
    "User-Agent": "Mozilla/5.0 (Macintosh; Intel Mac OS X 10_15_7) AppleWebKit/537.36 (KHTML, like Gecko) Chrome/105.0.0.0 Safari/537.36",
    "Accept-Encoding": "gzip, deflate",
    "Accept": "application/json, text/plain, */*",
    "Connection": "keep-alive",
    "Accept-Language": "zh-CN,zh;q=0.9",
    "Content-Type": "multipart/form-data; boundary=6fbb1759391245fb83736d60b5a67417",
    "HRUN-Request-ID": "HRUN-774a4bc1-2698-4e70-93c2-f779f59518fa-385511",
    "Cookie": "SESSION=ZjA2N2M0NDItMmQwNS00ZDk3LWE5OTYtMzRlZTViYjQ2YmZl; SESSION=response.headers.\"Set-Cookie\".session",
    "Content-Length": "20435"
}
cookies  : {
    "SESSION": "ZjA2N2M0NDItMmQwNS00ZDk3LWE5OTYtMzRlZTViYjQ2YmZl"
}
body     : upload file stream (OMITTED)

2023-06-14 15:56:25.616 | DEBUG    | httprunner.client:log_print:40 - 
================== response details ==================
status_code : 200
headers  : {
    "Server": "nginx",
    "Date": "Wed, 14 Jun 2023 07:56:25 GMT",
    "Content-Type": "application/json;charset=UTF-8",
    "Transfer-Encoding": "chunked",
    "X-Frame-Options": "SAMEORIGIN",
    "Connection": "keep-alive"
}
cookies  : {}
encoding : UTF-8
content_type : application/json;charset=UTF-8
body     : {
    "message": "success",
    "status": 1,
    "data": {
        "id": 2240,
        "path": "9aa2afe5-247c-4b8a-a526-4adfc221b825.jpeg"
    }
}

2023-06-14 15:56:25.616 | INFO     | httprunner.client:request:217 - status_code: 200, response_time(ms): 101.56 ms, response_length: 0 bytes
2023-06-14 15:56:25.617 | INFO     | httprunner.response:extract:179 - extract mapping: {'imgId_f': 2240}
2023-06-14 15:56:25.617 | INFO     | httprunner.response:validate:249 - assert status_code equal 200(int)	==> pass
2023-06-14 15:56:25.617 | INFO     | httprunner.runner:__run_step:304 - run step end: 前缀注册企业联系人身份证图片背面上传 <<<<<<

2023-06-14 15:56:25.617 | INFO     | httprunner.runner:__run_step_testcase:286 - export variables: {'imgId_f': 2240}
2023-06-14 15:56:25.617 | INFO     | httprunner.runner:__run_step:304 - run step end: 前缀注册企业联系人身份证图片正面上传 <<<<<<

2023-06-14 15:56:25.618 | INFO     | httprunner.runner:__run_step:292 - run step begin: 前缀注册企业联系人身份证图片背面上传 >>>>>>
2023-06-14 15:56:25.618 | INFO     | httprunner.runner:__run_step:292 - run step begin: 前缀注册企业联系人身份证图片背面上传 >>>>>>
2023-06-14 15:56:25.720 | DEBUG    | httprunner.client:request:186 - client IP: 127.0.0.1, Port: 53566
2023-06-14 15:56:25.721 | DEBUG    | httprunner.client:request:194 - server IP: 127.0.0.1, Port: 8888
2023-06-14 15:56:25.723 | DEBUG    | httprunner.client:log_print:40 - 
================== request details ==================
method   : POST
url      : http://139.198.116.76:8000/api/file/img/upload
headers  : {
    "User-Agent": "Mozilla/5.0 (Macintosh; Intel Mac OS X 10_15_7) AppleWebKit/537.36 (KHTML, like Gecko) Chrome/105.0.0.0 Safari/537.36",
    "Accept-Encoding": "gzip, deflate",
    "Accept": "application/json, text/plain, */*",
    "Connection": "keep-alive",
    "Accept-Language": "zh-CN,zh;q=0.9",
    "Content-Type": "multipart/form-data; boundary=ac8b1679af084332a79bc0c6f28ad70a",
    "HRUN-Request-ID": "HRUN-774a4bc1-2698-4e70-93c2-f779f59518fa-385619",
    "Cookie": "SESSION=ZjA2N2M0NDItMmQwNS00ZDk3LWE5OTYtMzRlZTViYjQ2YmZl; SESSION=response.headers.\"Set-Cookie\".session",
    "Content-Length": "20435"
}
cookies  : {
    "SESSION": "ZjA2N2M0NDItMmQwNS00ZDk3LWE5OTYtMzRlZTViYjQ2YmZl"
}
body     : upload file stream (OMITTED)

2023-06-14 15:56:25.723 | DEBUG    | httprunner.client:log_print:40 - 
================== response details ==================
status_code : 200
headers  : {
    "Server": "nginx",
    "Date": "Wed, 14 Jun 2023 07:56:25 GMT",
    "Content-Type": "application/json;charset=UTF-8",
    "Transfer-Encoding": "chunked",
    "X-Frame-Options": "SAMEORIGIN",
    "Connection": "keep-alive"
}
cookies  : {}
encoding : UTF-8
content_type : application/json;charset=UTF-8
body     : {
    "message": "success",
    "status": 1,
    "data": {
        "id": 2241,
        "path": "527faa30-50d9-4c5e-83f3-3bf9b153b013.jpeg"
    }
}

2023-06-14 15:56:25.724 | INFO     | httprunner.client:request:217 - status_code: 200, response_time(ms): 101.16 ms, response_length: 0 bytes
2023-06-14 15:56:25.724 | INFO     | httprunner.response:extract:179 - extract mapping: {'imgId_b': 2241}
2023-06-14 15:56:25.724 | INFO     | httprunner.response:validate:249 - assert status_code equal 200(int)	==> pass
2023-06-14 15:56:25.724 | INFO     | httprunner.runner:__run_step:304 - run step end: 前缀注册企业联系人身份证图片背面上传 <<<<<<

2023-06-14 15:56:25.724 | INFO     | httprunner.runner:__run_step_testcase:286 - export variables: {'imgId_b': 2241}
2023-06-14 15:56:25.725 | INFO     | httprunner.runner:__run_step:304 - run step end: 前缀注册企业联系人身份证图片背面上传 <<<<<<

2023-06-14 15:56:25.725 | INFO     | httprunner.runner:__run_step:292 - run step begin: 企业注册第一步提交信息 >>>>>>
2023-06-14 15:56:25.725 | INFO     | httprunner.runner:__run_step:292 - run step begin: 企业注册第一步提交信息 >>>>>>
2023-06-14 15:56:26.023 | DEBUG    | httprunner.client:request:186 - client IP: 127.0.0.1, Port: 53566
2023-06-14 15:56:26.024 | DEBUG    | httprunner.client:request:194 - server IP: 127.0.0.1, Port: 8888
2023-06-14 15:56:26.026 | DEBUG    | httprunner.client:log_print:40 - 
================== request details ==================
method   : POST
url      : http://139.198.116.76:8000/api/v3/entApply/basicInfo/submit
headers  : {
    "User-Agent": "Mozilla/5.0 (Macintosh; Intel Mac OS X 10_15_7) AppleWebKit/537.36 (KHTML, like Gecko) Chrome/105.0.0.0 Safari/537.36",
    "Accept-Encoding": "gzip, deflate",
    "Accept": "application/json, text/plain, */*",
    "Connection": "keep-alive",
    "Accept-Language": "zh-CN,zh;q=0.9",
    "Content-Type": "application/json;charset=UTF-8",
    "HRUN-Request-ID": "HRUN-774a4bc1-2698-4e70-93c2-f779f59518fa-385726",
    "Cookie": "SESSION=ZjA2N2M0NDItMmQwNS00ZDk3LWE5OTYtMzRlZTViYjQ2YmZl; SESSION=response.headers.\"Set-Cookie\".session",
    "Content-Length": "2549"
}
cookies  : {
    "SESSION": "ZjA2N2M0NDItMmQwNS00ZDk3LWE5OTYtMzRlZTViYjQ2YmZl"
}
body     : {
    "applyStep": 2,
    "applyType": null,
    "area": [
        "110000",
        "110100",
        "110101"
    ],
    "cltrid": null,
    "contactCrtBackImgPath": null,
    "contactCrtBackImgRid": 2241,
    "contactCrtFrontImgPath": null,
    "contactCrtFrontImgRid": 2240,
    "contactCrtNo": "213277199802031712",
    "contactCrtType": 1,
    "contactEmail": "ep9TwIbCQNIy6Zxl@qaqseq.com",
    "contactName": "TmkS7OlqiXJxKPkqwLYsqtTMkRPd1yHZ",
    "contactPhone": "13374691539",
    "createDate": null,
    "dataHostingContractFilePath": null,
    "dataHostingContractFileRid": null,
    "dataHostingOrg": null,
    "entGeneralId": null,
    "entInfoLicenses": [],
    "entInfoSerIndustrys": [],
    "entPrefix": "88.408.5802",
    "escrowId": null,
    "escrowOrgName": null,
    "establishDate": null,
    "extDomain": null,
    "extIpAddr": null,
    "extWebName": null,
    "finalAuditMsg": null,
    "finalAuditStatus": null,
    "firstAuditMsg": null,
    "firstAuditStatus": null,
    "id": null,
    "idRegNaImp": null,
    "industry": [
        "A",
        "01"
    ],
    "industryCategory": "A",
    "industrySpecific": "01",
    "isSubmit": 0,
    "legalCrtBackImgContent": null,
    "legalCrtBackImgPath": null,
    "legalCrtBackImgRid": 2241,
    "legalCrtFrontImgContent": null,
    "legalCrtFrontImgPath": null,
    "legalCrtFrontImgRid": 2240,
    "legalCrtNo": "213277199802031712",
    "legalCrtType": "1",
    "legalCrtTypeDesc": "中国居民身份证",
    "legalEmail": null,
    "legalFax": null,
    "legalName": "张三",
    "legalPhone": null,
    "orgAddr": "致真",
    "orgAddrCity": "110100",
    "orgAddrCityDesc": "市辖区",
    "orgAddrCounty": "110101",
    "orgAddrCountyDesc": "东城区",
    "orgAddrProvince": "110000",
    "orgAddrProvinceDesc": "北京市",
    "orgCategorySpecificDesc": "农、林、牧、渔业-农业",
    "orgCrtCode": "TmkS7OlqiXJxKPkqwLYsqtTMkRPd1yHZ",
    "orgCrtImgContent": null,
    "orgCrtImgPath": null,
    "orgCrtImgRid": 2239,
    "orgCrtType": "1",
    "orgDesc": null,
    "orgName": "TmkS7OlqiXJxKPkqwLYsqtTMkRPd1yHZ",
    "orgNature": "1",
    "orgNatureDesc": "国有控股",
    "periodValidity": null,
    "regAuthority": null,
    "regCapital": null,
    "regRealNaImpName": null,
    "regRealNaImpType": null,
    "servHostingContractFilePath": null,
    "servHostingContractFileRid": null,
    "servHostingOrg": null,
    "servSysBuildContractFilePath": null,
    "servSysBuildContractFileRid": null,
    "servSysBuildName": null,
    "servSysBuildType": 1,
    "servSysOperContractFilePath": null,
    "servSysOperContractFileRid": null,
    "servSysOperName": null,
    "servSysOperType": 1,
    "svtrid": null,
    "thirdServiceMsg": null,
    "thirdServiceStatus": null,
    "updateDate": null,
    "userId": null,
    "userName": null,
    "website": null
}

2023-06-14 15:56:26.027 | DEBUG    | httprunner.client:log_print:40 - 
================== response details ==================
status_code : 200
headers  : {
    "Server": "nginx",
    "Date": "Wed, 14 Jun 2023 07:56:26 GMT",
    "Content-Type": "application/json;charset=UTF-8",
    "Transfer-Encoding": "chunked",
    "X-Frame-Options": "SAMEORIGIN",
    "Connection": "keep-alive"
}
cookies  : {}
encoding : UTF-8
content_type : application/json;charset=UTF-8
body     : {
    "message": "success",
    "status": 1,
    "data": true
}

2023-06-14 15:56:26.028 | INFO     | httprunner.client:request:217 - status_code: 200, response_time(ms): 297.13 ms, response_length: 0 bytes
2023-06-14 15:56:26.028 | INFO     | httprunner.response:validate:249 - assert status_code equal 200(int)	==> pass
2023-06-14 15:56:26.028 | INFO     | httprunner.response:validate:249 - assert body.message equal success(str)	==> pass
2023-06-14 15:56:26.028 | INFO     | httprunner.runner:__run_step:304 - run step end: 企业注册第一步提交信息 <<<<<<

2023-06-14 15:56:26.028 | INFO     | httprunner.runner:__run_step:304 - run step end: 企业注册第一步提交信息 <<<<<<

2023-06-14 15:56:26.029 | INFO     | httprunner.runner:__run_step:292 - run step begin: 企业注册查询注册信息 >>>>>>
2023-06-14 15:56:26.029 | INFO     | httprunner.runner:__run_step:292 - run step begin: 企业注册查询注册信息 >>>>>>
2023-06-14 15:56:26.111 | DEBUG    | httprunner.client:request:186 - client IP: 127.0.0.1, Port: 53566
2023-06-14 15:56:26.112 | DEBUG    | httprunner.client:request:194 - server IP: 127.0.0.1, Port: 8888
2023-06-14 15:56:26.113 | DEBUG    | httprunner.client:log_print:40 - 
================== request details ==================
method   : GET
url      : http://139.198.116.76:8000/api/v3/entApply/applyOrNot
headers  : {
    "User-Agent": "Mozilla/5.0 (Macintosh; Intel Mac OS X 10_15_7) AppleWebKit/537.36 (KHTML, like Gecko) Chrome/105.0.0.0 Safari/537.36",
    "Accept-Encoding": "gzip, deflate",
    "Accept": "application/json, text/plain, */*",
    "Connection": "keep-alive",
    "Accept-Language": "zh-CN,zh;q=0.9",
    "HRUN-Request-ID": "HRUN-774a4bc1-2698-4e70-93c2-f779f59518fa-386029",
    "Cookie": "SESSION=ZjA2N2M0NDItMmQwNS00ZDk3LWE5OTYtMzRlZTViYjQ2YmZl; SESSION=response.headers.\"Set-Cookie\".session"
}
cookies  : {
    "SESSION": "ZjA2N2M0NDItMmQwNS00ZDk3LWE5OTYtMzRlZTViYjQ2YmZl"
}
body     : None

2023-06-14 15:56:26.115 | DEBUG    | httprunner.client:log_print:40 - 
================== response details ==================
status_code : 200
headers  : {
    "Server": "nginx",
    "Date": "Wed, 14 Jun 2023 07:56:26 GMT",
    "Content-Type": "application/json;charset=UTF-8",
    "Transfer-Encoding": "chunked",
    "X-Frame-Options": "SAMEORIGIN",
    "Connection": "keep-alive"
}
cookies  : {}
encoding : UTF-8
content_type : application/json;charset=UTF-8
body     : {
    "message": "success",
    "status": 1,
    "data": {
        "nbmsEntApplyPO": {
            "id": 1177,
            "createDate": "2023-06-14 15:56:26",
            "updateDate": "2023-06-14 15:56:26",
            "applyType": null,
            "entGeneralId": null,
            "applyStep": 2,
            "isSubmit": 0,
            "entPrefix": "88.408.5802",
            "firstAuditStatus": null,
            "firstAuditMsg": null,
            "thirdServiceStatus": null,
            "thirdServiceMsg": null,
            "userName": "TmkS7OlqiXJxKPkqwLYsqtTMkRPd1yHZ",
            "finalAuditStatus": null,
            "finalAuditMsg": null,
            "svtrid": null,
            "cltrid": null,
            "userId": 1388,
            "orgName": "TmkS7OlqiXJxKPkqwLYsqtTMkRPd1yHZ",
            "orgNature": "1",
            "orgAddrProvince": "110000",
            "orgAddrCity": "110100",
            "orgAddrCounty": "110101",
            "orgAddr": "致真",
            "orgCrtType": "1",
            "orgCrtCode": "TmkS7OlqiXJxKPkqwLYsqtTMkRPd1yHZ",
            "legalName": "张三",
            "legalCrtType": "1",
            "legalCrtNo": "213277199802031712",
            "orgDesc": null,
            "industryCategory": "A",
            "industrySpecific": "01",
            "contactName": "TmkS7OlqiXJxKPkqwLYsqtTMkRPd1yHZ",
            "contactPhone": "13374691539",
            "contactCrtType": 1,
            "contactCrtNo": "213277199802031712",
            "contactEmail": "ep9TwIbCQNIy6Zxl@qaqseq.com",
            "website": null,
            "regAuthority": null,
            "regCapital": null,
            "establishDate": null,
            "periodValidity": null,
            "legalEmail": null,
            "legalPhone": null,
            "legalFax": null,
            "servSysBuildType": null,
            "servSysBuildName": null,
            "servSysOperType": null,
            "servSysOperName": null,
            "dataHostingOrg": null,
            "servHostingOrg": null,
            "regRealNaImpType": null,
            "regRealNaImpName": null,
            "idRegNaImp": null,
            "extWebName": null,
            "extDomain": null,
            "extIpAddr": null,
            "orgCrtImgRid": 2239,
            "contactCrtFrontImgRid": 2240,
            "contactCrtBackImgRid": 2241,
            "legalCrtFrontImgRid": 2240,
            "legalCrtBackImgRid": 2241,
            "servSysBuildContractFileRid": null,
            "servSysOperContractFileRid": null,
            "dataHostingContractFileRid": null,
            "servHostingContractFileRid": null,
            "entInfoLicenses": [],
            "entInfoSyss": [],
            "entInfoSerIndustrys": [],
            "escrowId": null,
            "industryQualificationRid": null,
            "certificationRid": null,
            "openingBank": null,
            "bankCard": null,
            "verificationName": null,
            "orgNatureDesc": "国有控股",
            "orgCrtImgContent": null,
            "orgCategorySpecificDesc": "农、林、牧、渔业-农业",
            "orgAddrProvinceDesc": "北京市",
            "orgAddrCountyDesc": "东城区",
            "orgAddrCityDesc": "市辖区",
            "legalCrtTypeDesc": "中国居民身份证",
            "legalCrtFrontImgContent": null,
            "legalCrtBackImgContent": null,
            "orgCrtImgPath": "12a9bd20-4687-463f-9f4c-900c442b2d8e.jpeg",
            "contactCrtFrontImgPath": "9aa2afe5-247c-4b8a-a526-4adfc221b825.jpeg",
            "contactCrtBackImgPath": "527faa30-50d9-4c5e-83f3-3bf9b153b013.jpeg",
            "legalCrtFrontImgPath": "9aa2afe5-247c-4b8a-a526-4adfc221b825.jpeg",
            "legalCrtBackImgPath": "527faa30-50d9-4c5e-83f3-3bf9b153b013.jpeg",
            "servSysBuildContractFilePath": null,
            "servSysOperContractFilePath": null,
            "dataHostingContractFilePath": null,
            "servHostingContractFilePath": null,
            "industryQualificationFilePath": null,
            "certificationFilePath": null,
            "escrowOrgName": null
        },
        "nbmsEntPO": null,
        "nbmsEntPrefixApplyPO": null,
        "needRelog": null,
        "applyStatus": 0
    }
}

2023-06-14 15:56:26.115 | INFO     | httprunner.client:request:217 - status_code: 200, response_time(ms): 81.86 ms, response_length: 0 bytes
2023-06-14 15:56:26.120 | INFO     | httprunner.response:extract:179 - extract mapping: {'applyId': 1177, 'userId': 1388, 'userName': 'TmkS7OlqiXJxKPkqwLYsqtTMkRPd1yHZ', 'imgId_f': 2240, 'imgId_b': 2241, 'entId': None, 'entUserId': None, 'prefix': '88.408.5802', 'contactCrtNo': '213277199802031712', 'contactCrtType': 1, 'contactEmail': 'ep9TwIbCQNIy6Zxl@qaqseq.com', 'contactName': 'TmkS7OlqiXJxKPkqwLYsqtTMkRPd1yHZ', 'contactPhone': '13374691539', 'industryCategory': 'A', 'industrySpecific': '01', 'orgName': 'TmkS7OlqiXJxKPkqwLYsqtTMkRPd1yHZ', 'orgNature': '1', 'orgAddrProvince': '110000', 'orgAddrCity': '110100', 'orgAddrCounty': '110101', 'orgAddr': '致真', 'orgCrtType': '1', 'orgCrtCode': 'TmkS7OlqiXJxKPkqwLYsqtTMkRPd1yHZ', 'legalName': '张三', 'legalEmail': None, 'legalPhone': None, 'legalCrtType': '1', 'legalCrtNo': '213277199802031712', 'legalCrtFrontImgRid': 2240, 'legalCrtBackImgRid': 2241, 'orgCrtImgRid': 2239, 'imgId': 2239, 'orgNatureDesc': '国有控股', 'orgCategorySpecificDesc': '农、林、牧、渔业-农业', 'orgAddrProvinceDesc': '北京市', 'orgAddrCountyDesc': '东城区', 'orgAddrCityDesc': '市辖区', 'legalCrtTypeDesc': '中国居民身份证', 'createDate': '2023-06-14 15:56:26', 'updateDate': '2023-06-14 15:56:26', 'entInfoSyss_0_id': None, 'entInfoSyss_0_entApplyId': None, 'entApplyId': None, 'entInfoSyss_0_sysType': None, 'entInfoSyss_0_deployMode': None, 'entInfoSyss_0_deployAddr': None, 'entInfoSyss_0_deployAddrProvince': None, 'entInfoSyss_0_deployAddrCity': None, 'entInfoSyss_0_deployAddrCounty': None, 'entInfoSyss_1_id': None, 'entInfoSyss_1_entApplyId': None, 'entInfoSyss_1_sysType': None, 'entInfoSyss_1_deployMode': None, 'entInfoSyss_1_deployAddr': None, 'entInfoSyss_1_deployAddrProvince': None, 'entInfoSyss_1_deployAddrCity': None, 'entInfoSyss_1_deployAddrCounty': None, 'entInfoSyss_2_id': None, 'entInfoSyss_2_entApplyId': None, 'entInfoSyss_2_sysType': None, 'entInfoSyss_2_deployMode': None, 'entInfoSyss_2_deployAddr': None, 'entInfoSyss_2_deployAddrProvince': None, 'entInfoSyss_2_deployAddrCity': None, 'entInfoSyss_2_deployAddrCounty': None, 'entInfoSyss_3_id': None, 'entInfoSyss_3_entApplyId': None, 'entInfoSyss_3_sysType': None, 'entInfoSyss_3_deployMode': None, 'entInfoSyss_3_deployAddr': None, 'entInfoSyss_3_deployAddrProvince': None, 'entInfoSyss_3_deployAddrCity': None, 'entInfoSyss_3_deployAddrCounty': None}
2023-06-14 15:56:26.121 | INFO     | httprunner.response:validate:249 - assert status_code equal 200(int)	==> pass
2023-06-14 15:56:26.121 | INFO     | httprunner.response:validate:249 - assert body.message equal success(str)	==> pass
2023-06-14 15:56:26.121 | INFO     | httprunner.runner:__run_step:304 - run step end: 企业注册查询注册信息 <<<<<<

2023-06-14 15:56:26.121 | INFO     | httprunner.runner:__run_step_testcase:286 - export variables: {'legalCrtBackImgRid': 2241, 'legalPhone': None, 'contactEmail': 'ep9TwIbCQNIy6Zxl@qaqseq.com', 'updateDate': '2023-06-14 15:56:26', 'entInfoSyss_0_sysType': None, 'entInfoSyss_2_sysType': None, 'entInfoSyss_3_deployAddrCity': None, 'legalCrtType': '1', 'entInfoSyss_3_deployMode': None, 'orgNatureDesc': '国有控股', 'legalCrtTypeDesc': '中国居民身份证', 'entInfoSyss_2_deployMode': None, 'entApplyId': None, 'legalCrtFrontImgRid': 2240, 'entUserId': None, 'orgAddrProvince': '110000', 'orgName': 'TmkS7OlqiXJxKPkqwLYsqtTMkRPd1yHZ', 'orgCrtType': '1', 'orgAddr': '致真', 'entInfoSyss_1_deployAddrProvince': None, 'prefix': '88.408.5802', 'orgAddrCountyDesc': '东城区', 'entInfoSyss_0_deployAddrProvince': None, 'entInfoSyss_0_deployAddrCounty': None, 'entInfoSyss_2_deployAddrCounty': None, 'entInfoSyss_0_id': None, 'entInfoSyss_1_entApplyId': None, 'entInfoSyss_2_deployAddrCity': None, 'entInfoSyss_3_entApplyId': None, 'entInfoSyss_1_deployAddrCounty': None, 'entInfoSyss_1_sysType': None, 'entInfoSyss_0_deployAddr': None, 'orgCrtImgRid': 2239, 'entInfoSyss_2_entApplyId': None, 'entInfoSyss_2_deployAddrProvince': None, 'contactCrtType': 1, 'entInfoSyss_3_deployAddrCounty': None, 'imgId': 2239, 'imgId_f': 2240, 'entInfoSyss_0_deployMode': None, 'entInfoSyss_3_sysType': None, 'legalName': '张三', 'entInfoSyss_2_id': None, 'industrySpecific': '01', 'orgCrtCode': 'TmkS7OlqiXJxKPkqwLYsqtTMkRPd1yHZ', 'entInfoSyss_0_entApplyId': None, 'applyId': 1177, 'entInfoSyss_1_deployAddrCity': None, 'entInfoSyss_1_id': None, 'industryCategory': 'A', 'legalEmail': None, 'contactCrtNo': '213277199802031712', 'imgId_b': 2241, 'orgAddrCounty': '110101', 'entInfoSyss_1_deployMode': None, 'createDate': '2023-06-14 15:56:26', 'entInfoSyss_3_id': None, 'entInfoSyss_3_deployAddrProvince': None, 'userId': 1388, 'orgAddrProvinceDesc': '北京市', 'contactPhone': '13374691539', 'orgAddrCity': '110100', 'orgAddrCityDesc': '市辖区', 'entInfoSyss_2_deployAddr': None, 'entId': None, 'orgNature': '1', 'contactName': 'TmkS7OlqiXJxKPkqwLYsqtTMkRPd1yHZ', 'entInfoSyss_3_deployAddr': None, 'entInfoSyss_1_deployAddr': None, 'orgCategorySpecificDesc': '农、林、牧、渔业-农业', 'entInfoSyss_0_deployAddrCity': None, 'userName': 'TmkS7OlqiXJxKPkqwLYsqtTMkRPd1yHZ', 'legalCrtNo': '213277199802031712'}
2023-06-14 15:56:26.121 | INFO     | httprunner.runner:__run_step:304 - run step end: 企业注册查询注册信息 <<<<<<

2023-06-14 15:56:26.122 | INFO     | httprunner.runner:__run_step:292 - run step begin: 企业注册第二步提交信息 >>>>>>
2023-06-14 15:56:26.122 | INFO     | httprunner.runner:__run_step:292 - run step begin: 企业注册第二步提交信息 >>>>>>
2023-06-14 15:56:26.206 | DEBUG    | httprunner.client:request:186 - client IP: 127.0.0.1, Port: 53566
2023-06-14 15:56:26.207 | DEBUG    | httprunner.client:request:194 - server IP: 127.0.0.1, Port: 8888
2023-06-14 15:56:26.210 | DEBUG    | httprunner.client:log_print:40 - 
================== request details ==================
method   : POST
url      : http://139.198.116.76:8000/api/v3/entApply/registerManageInfo
headers  : {
    "User-Agent": "Mozilla/5.0 (Macintosh; Intel Mac OS X 10_15_7) AppleWebKit/537.36 (KHTML, like Gecko) Chrome/105.0.0.0 Safari/537.36",
    "Accept-Encoding": "gzip, deflate",
    "Accept": "application/json, text/plain, */*",
    "Connection": "keep-alive",
    "Accept-Language": "zh-CN,zh;q=0.9",
    "Content-Type": "application/json;charset=UTF-8",
    "X-HTTP-Method-Override": "put",
    "HRUN-Request-ID": "HRUN-774a4bc1-2698-4e70-93c2-f779f59518fa-386123",
    "Cookie": "SESSION=ZjA2N2M0NDItMmQwNS00ZDk3LWE5OTYtMzRlZTViYjQ2YmZl; SESSION=response.headers.\"Set-Cookie\".session",
    "Content-Length": "3274"
}
cookies  : {
    "SESSION": "ZjA2N2M0NDItMmQwNS00ZDk3LWE5OTYtMzRlZTViYjQ2YmZl"
}
body     : {
    "applyStep": 3,
    "applyType": null,
    "cltrid": null,
    "contactCrtBackImgPath": null,
    "contactCrtBackImgRid": 2241,
    "contactCrtFrontImgPath": null,
    "contactCrtFrontImgRid": 2240,
    "contactCrtNo": "213277199802031712",
    "contactCrtType": 1,
    "contactEmail": "ep9TwIbCQNIy6Zxl@qaqseq.com",
    "contactName": "TmkS7OlqiXJxKPkqwLYsqtTMkRPd1yHZ",
    "contactPhone": "13374691539",
    "createDate": "2023-06-14 15:56:26",
    "dataHostingContractFilePath": null,
    "dataHostingContractFileRid": null,
    "dataHostingOrg": null,
    "entGeneralId": null,
    "entInfoLicenses": [],
    "entInfoSerIndustrys": [],
    "entInfoSyss": [
        {
            "deployAddr": "致真",
            "deployAddrCity": "110100",
            "deployAddrCounty": "110101",
            "deployAddrProvince": "110000",
            "deployMode": 1,
            "ipPort": null,
            "name": null,
            "sysType": 1
        },
        {
            "deployAddr": "致真",
            "deployAddrCity": "110100",
            "deployAddrCounty": "110101",
            "deployAddrProvince": "110000",
            "deployMode": 1,
            "ipPort": null,
            "name": null,
            "sysType": 2
        },
        {
            "deployAddr": "天津",
            "deployAddrCity": "120100",
            "deployAddrCounty": "120101",
            "deployAddrProvince": "120000",
            "deployMode": 1,
            "ipPort": null,
            "name": null,
            "sysType": 3
        },
        {
            "deployAddr": "天津",
            "deployAddrCity": "120100",
            "deployAddrCounty": "120101",
            "deployAddrProvince": "120000",
            "deployMode": 1,
            "ipPort": null,
            "name": null,
            "sysType": 4
        }
    ],
    "entPrefix": "88.408.5802",
    "escrowId": null,
    "escrowOrgName": null,
    "establishDate": null,
    "extDomain": null,
    "extIpAddr": null,
    "extWebName": null,
    "finalAuditMsg": null,
    "finalAuditStatus": null,
    "firstAuditMsg": null,
    "firstAuditStatus": null,
    "id": 1177,
    "idRegNaImp": null,
    "industryCategory": "A",
    "industrySpecific": "01",
    "isSubmit": 0,
    "legalCrtBackImgContent": null,
    "legalCrtBackImgPath": null,
    "legalCrtBackImgRid": 2241,
    "legalCrtFrontImgContent": null,
    "legalCrtFrontImgPath": null,
    "legalCrtFrontImgRid": 2240,
    "legalCrtNo": "213277199802031712",
    "legalCrtType": "1",
    "legalCrtTypeDesc": "中国居民身份证",
    "legalEmail": null,
    "legalFax": null,
    "legalName": "张三",
    "legalPhone": null,
    "orgAddr": "致真",
    "orgAddrCity": "110100",
    "orgAddrCityDesc": "市辖区",
    "orgAddrCounty": "110101",
    "orgAddrCountyDesc": "东城区",
    "orgAddrProvince": "110000",
    "orgAddrProvinceDesc": "北京市",
    "orgCategorySpecificDesc": "农、林、牧、渔业-农业",
    "orgCrtCode": "TmkS7OlqiXJxKPkqwLYsqtTMkRPd1yHZ",
    "orgCrtImgContent": null,
    "orgCrtImgPath": null,
    "orgCrtImgRid": 2239,
    "orgCrtType": "1",
    "orgDesc": null,
    "orgName": "TmkS7OlqiXJxKPkqwLYsqtTMkRPd1yHZ",
    "orgNature": "1",
    "orgNatureDesc": "1",
    "periodValidity": null,
    "regAuthority": null,
    "regCapital": null,
    "regRealNaImpName": null,
    "regRealNaImpType": null,
    "servHostingContractFilePath": null,
    "servHostingContractFileRid": null,
    "servHostingOrg": null,
    "servSysBuildContractFilePath": null,
    "servSysBuildContractFileRid": null,
    "servSysBuildName": null,
    "servSysBuildType": 1,
    "servSysOperContractFilePath": null,
    "servSysOperContractFileRid": null,
    "servSysOperName": null,
    "servSysOperType": 1,
    "svtrid": null,
    "thirdServiceMsg": null,
    "thirdServiceStatus": null,
    "updateDate": "2023-06-14 15:56:26",
    "userId": 1388,
    "userName": "TmkS7OlqiXJxKPkqwLYsqtTMkRPd1yHZ",
    "website": null
}

2023-06-14 15:56:26.210 | DEBUG    | httprunner.client:log_print:40 - 
================== response details ==================
status_code : 200
headers  : {
    "Server": "nginx",
    "Date": "Wed, 14 Jun 2023 07:56:26 GMT",
    "Content-Type": "application/json;charset=UTF-8",
    "Transfer-Encoding": "chunked",
    "X-Frame-Options": "SAMEORIGIN",
    "Connection": "keep-alive"
}
cookies  : {}
encoding : UTF-8
content_type : application/json;charset=UTF-8
body     : {
    "message": "success",
    "status": 1,
    "data": true
}

2023-06-14 15:56:26.211 | INFO     | httprunner.client:request:217 - status_code: 200, response_time(ms): 83.31 ms, response_length: 0 bytes
2023-06-14 15:56:26.211 | INFO     | httprunner.response:validate:249 - assert status_code equal 200(int)	==> pass
2023-06-14 15:56:26.211 | INFO     | httprunner.response:validate:249 - assert body.message equal success(str)	==> pass
2023-06-14 15:56:26.211 | INFO     | httprunner.runner:__run_step:304 - run step end: 企业注册第二步提交信息 <<<<<<

2023-06-14 15:56:26.211 | INFO     | httprunner.runner:__run_step:304 - run step end: 企业注册第二步提交信息 <<<<<<

2023-06-14 15:56:26.212 | INFO     | httprunner.runner:__run_step:292 - run step begin: 企业注册查询注册信息 >>>>>>
2023-06-14 15:56:26.213 | INFO     | httprunner.runner:__run_step:292 - run step begin: 企业注册查询注册信息 >>>>>>
2023-06-14 15:56:26.300 | DEBUG    | httprunner.client:request:186 - client IP: 127.0.0.1, Port: 53566
2023-06-14 15:56:26.301 | DEBUG    | httprunner.client:request:194 - server IP: 127.0.0.1, Port: 8888
2023-06-14 15:56:26.302 | DEBUG    | httprunner.client:log_print:40 - 
================== request details ==================
method   : GET
url      : http://139.198.116.76:8000/api/v3/entApply/applyOrNot
headers  : {
    "User-Agent": "Mozilla/5.0 (Macintosh; Intel Mac OS X 10_15_7) AppleWebKit/537.36 (KHTML, like Gecko) Chrome/105.0.0.0 Safari/537.36",
    "Accept-Encoding": "gzip, deflate",
    "Accept": "application/json, text/plain, */*",
    "Connection": "keep-alive",
    "Accept-Language": "zh-CN,zh;q=0.9",
    "HRUN-Request-ID": "HRUN-774a4bc1-2698-4e70-93c2-f779f59518fa-386213",
    "Cookie": "SESSION=ZjA2N2M0NDItMmQwNS00ZDk3LWE5OTYtMzRlZTViYjQ2YmZl; SESSION=response.headers.\"Set-Cookie\".session"
}
cookies  : {
    "SESSION": "ZjA2N2M0NDItMmQwNS00ZDk3LWE5OTYtMzRlZTViYjQ2YmZl"
}
body     : None

2023-06-14 15:56:26.304 | DEBUG    | httprunner.client:log_print:40 - 
================== response details ==================
status_code : 200
headers  : {
    "Server": "nginx",
    "Date": "Wed, 14 Jun 2023 07:56:26 GMT",
    "Content-Type": "application/json;charset=UTF-8",
    "Transfer-Encoding": "chunked",
    "X-Frame-Options": "SAMEORIGIN",
    "Connection": "keep-alive"
}
cookies  : {}
encoding : UTF-8
content_type : application/json;charset=UTF-8
body     : {
    "message": "success",
    "status": 1,
    "data": {
        "nbmsEntApplyPO": {
            "id": 1177,
            "createDate": "2023-06-14 15:56:26",
            "updateDate": "2023-06-14 15:56:26",
            "applyType": null,
            "entGeneralId": null,
            "applyStep": 3,
            "isSubmit": 0,
            "entPrefix": "88.408.5802",
            "firstAuditStatus": null,
            "firstAuditMsg": null,
            "thirdServiceStatus": null,
            "thirdServiceMsg": null,
            "userName": "TmkS7OlqiXJxKPkqwLYsqtTMkRPd1yHZ",
            "finalAuditStatus": null,
            "finalAuditMsg": null,
            "svtrid": null,
            "cltrid": null,
            "userId": 1388,
            "orgName": "TmkS7OlqiXJxKPkqwLYsqtTMkRPd1yHZ",
            "orgNature": "1",
            "orgAddrProvince": "110000",
            "orgAddrCity": "110100",
            "orgAddrCounty": "110101",
            "orgAddr": "致真",
            "orgCrtType": "1",
            "orgCrtCode": "TmkS7OlqiXJxKPkqwLYsqtTMkRPd1yHZ",
            "legalName": "张三",
            "legalCrtType": "1",
            "legalCrtNo": "213277199802031712",
            "orgDesc": null,
            "industryCategory": "A",
            "industrySpecific": "01",
            "contactName": "TmkS7OlqiXJxKPkqwLYsqtTMkRPd1yHZ",
            "contactPhone": "13374691539",
            "contactCrtType": 1,
            "contactCrtNo": "213277199802031712",
            "contactEmail": "ep9TwIbCQNIy6Zxl@qaqseq.com",
            "website": null,
            "regAuthority": null,
            "regCapital": null,
            "establishDate": null,
            "periodValidity": null,
            "legalEmail": null,
            "legalPhone": null,
            "legalFax": null,
            "servSysBuildType": 1,
            "servSysBuildName": null,
            "servSysOperType": 1,
            "servSysOperName": null,
            "dataHostingOrg": null,
            "servHostingOrg": null,
            "regRealNaImpType": null,
            "regRealNaImpName": null,
            "idRegNaImp": null,
            "extWebName": null,
            "extDomain": null,
            "extIpAddr": null,
            "orgCrtImgRid": 2239,
            "contactCrtFrontImgRid": 2240,
            "contactCrtBackImgRid": 2241,
            "legalCrtFrontImgRid": 2240,
            "legalCrtBackImgRid": 2241,
            "servSysBuildContractFileRid": null,
            "servSysOperContractFileRid": null,
            "dataHostingContractFileRid": null,
            "servHostingContractFileRid": null,
            "entInfoLicenses": [],
            "entInfoSyss": [
                {
                    "id": 2457,
                    "entApplyId": 1177,
                    "sysType": 1,
                    "deployMode": 1,
                    "deployAddr": "致真",
                    "deployAddrProvince": "110000",
                    "deployAddrCity": "110100",
                    "deployAddrCounty": "110101",
                    "name": null,
                    "ipPort": null
                },
                {
                    "id": 2458,
                    "entApplyId": 1177,
                    "sysType": 2,
                    "deployMode": 1,
                    "deployAddr": "致真",
                    "deployAddrProvince": "110000",
                    "deployAddrCity": "110100",
                    "deployAddrCounty": "110101",
                    "name": null,
                    "ipPort": null
                },
                {
                    "id": 2459,
                    "entApplyId": 1177,
                    "sysType": 3,
                    "deployMode": 1,
                    "deployAddr": "天津",
                    "deployAddrProvince": "120000",
                    "deployAddrCity": "120100",
                    "deployAddrCounty": "120101",
                    "name": null,
                    "ipPort": null
                },
                {
                    "id": 2460,
                    "entApplyId": 1177,
                    "sysType": 4,
                    "deployMode": 1,
                    "deployAddr": "天津",
                    "deployAddrProvince": "120000",
                    "deployAddrCity": "120100",
                    "deployAddrCounty": "120101",
                    "name": null,
                    "ipPort": null
                }
            ],
            "entInfoSerIndustrys": [],
            "escrowId": null,
            "industryQualificationRid": null,
            "certificationRid": null,
            "openingBank": null,
            "bankCard": null,
            "verificationName": null,
            "orgNatureDesc": "国有控股",
            "orgCrtImgContent": null,
            "orgCategorySpecificDesc": "农、林、牧、渔业-农业",
            "orgAddrProvinceDesc": "北京市",
            "orgAddrCountyDesc": "东城区",
            "orgAddrCityDesc": "市辖区",
            "legalCrtTypeDesc": "中国居民身份证",
            "legalCrtFrontImgContent": null,
            "legalCrtBackImgContent": null,
            "orgCrtImgPath": "12a9bd20-4687-463f-9f4c-900c442b2d8e.jpeg",
            "contactCrtFrontImgPath": "9aa2afe5-247c-4b8a-a526-4adfc221b825.jpeg",
            "contactCrtBackImgPath": "527faa30-50d9-4c5e-83f3-3bf9b153b013.jpeg",
            "legalCrtFrontImgPath": "9aa2afe5-247c-4b8a-a526-4adfc221b825.jpeg",
            "legalCrtBackImgPath": "527faa30-50d9-4c5e-83f3-3bf9b153b013.jpeg",
            "servSysBuildContractFilePath": null,
            "servSysOperContractFilePath": null,
            "dataHostingContractFilePath": null,
            "servHostingContractFilePath": null,
            "industryQualificationFilePath": null,
            "certificationFilePath": null,
            "escrowOrgName": null
        },
        "nbmsEntPO": null,
        "nbmsEntPrefixApplyPO": null,
        "needRelog": null,
        "applyStatus": 0
    }
}

2023-06-14 15:56:26.306 | INFO     | httprunner.client:request:217 - status_code: 200, response_time(ms): 87.35 ms, response_length: 0 bytes
2023-06-14 15:56:26.308 | INFO     | httprunner.response:extract:179 - extract mapping: {'applyId': 1177, 'userId': 1388, 'userName': 'TmkS7OlqiXJxKPkqwLYsqtTMkRPd1yHZ', 'imgId_f': 2240, 'imgId_b': 2241, 'entId': None, 'entUserId': None, 'prefix': '88.408.5802', 'contactCrtNo': '213277199802031712', 'contactCrtType': 1, 'contactEmail': 'ep9TwIbCQNIy6Zxl@qaqseq.com', 'contactName': 'TmkS7OlqiXJxKPkqwLYsqtTMkRPd1yHZ', 'contactPhone': '13374691539', 'industryCategory': 'A', 'industrySpecific': '01', 'orgName': 'TmkS7OlqiXJxKPkqwLYsqtTMkRPd1yHZ', 'orgNature': '1', 'orgAddrProvince': '110000', 'orgAddrCity': '110100', 'orgAddrCounty': '110101', 'orgAddr': '致真', 'orgCrtType': '1', 'orgCrtCode': 'TmkS7OlqiXJxKPkqwLYsqtTMkRPd1yHZ', 'legalName': '张三', 'legalEmail': None, 'legalPhone': None, 'legalCrtType': '1', 'legalCrtNo': '213277199802031712', 'legalCrtFrontImgRid': 2240, 'legalCrtBackImgRid': 2241, 'orgCrtImgRid': 2239, 'imgId': 2239, 'orgNatureDesc': '国有控股', 'orgCategorySpecificDesc': '农、林、牧、渔业-农业', 'orgAddrProvinceDesc': '北京市', 'orgAddrCountyDesc': '东城区', 'orgAddrCityDesc': '市辖区', 'legalCrtTypeDesc': '中国居民身份证', 'createDate': '2023-06-14 15:56:26', 'updateDate': '2023-06-14 15:56:26', 'entInfoSyss_0_id': 2457, 'entInfoSyss_0_entApplyId': 1177, 'entApplyId': 1177, 'entInfoSyss_0_sysType': 1, 'entInfoSyss_0_deployMode': 1, 'entInfoSyss_0_deployAddr': '致真', 'entInfoSyss_0_deployAddrProvince': '110000', 'entInfoSyss_0_deployAddrCity': '110100', 'entInfoSyss_0_deployAddrCounty': '110101', 'entInfoSyss_1_id': 2458, 'entInfoSyss_1_entApplyId': 1177, 'entInfoSyss_1_sysType': 2, 'entInfoSyss_1_deployMode': 1, 'entInfoSyss_1_deployAddr': '致真', 'entInfoSyss_1_deployAddrProvince': '110000', 'entInfoSyss_1_deployAddrCity': '110100', 'entInfoSyss_1_deployAddrCounty': '110101', 'entInfoSyss_2_id': 2459, 'entInfoSyss_2_entApplyId': 1177, 'entInfoSyss_2_sysType': 3, 'entInfoSyss_2_deployMode': 1, 'entInfoSyss_2_deployAddr': '天津', 'entInfoSyss_2_deployAddrProvince': '120000', 'entInfoSyss_2_deployAddrCity': '120100', 'entInfoSyss_2_deployAddrCounty': '120101', 'entInfoSyss_3_id': 2460, 'entInfoSyss_3_entApplyId': 1177, 'entInfoSyss_3_sysType': 4, 'entInfoSyss_3_deployMode': 1, 'entInfoSyss_3_deployAddr': '天津', 'entInfoSyss_3_deployAddrProvince': '120000', 'entInfoSyss_3_deployAddrCity': '120100', 'entInfoSyss_3_deployAddrCounty': '120101'}
2023-06-14 15:56:26.308 | INFO     | httprunner.response:validate:249 - assert status_code equal 200(int)	==> pass
2023-06-14 15:56:26.308 | INFO     | httprunner.response:validate:249 - assert body.message equal success(str)	==> pass
2023-06-14 15:56:26.308 | INFO     | httprunner.runner:__run_step:304 - run step end: 企业注册查询注册信息 <<<<<<

2023-06-14 15:56:26.312 | INFO     | httprunner.runner:__run_step_testcase:286 - export variables: {'legalCrtBackImgRid': 2241, 'legalPhone': None, 'contactEmail': 'ep9TwIbCQNIy6Zxl@qaqseq.com', 'updateDate': '2023-06-14 15:56:26', 'entInfoSyss_0_sysType': 1, 'entInfoSyss_2_sysType': 3, 'entInfoSyss_3_deployAddrCity': '120100', 'legalCrtType': '1', 'entInfoSyss_3_deployMode': 1, 'orgNatureDesc': '国有控股', 'legalCrtTypeDesc': '中国居民身份证', 'entInfoSyss_2_deployMode': 1, 'entApplyId': 1177, 'legalCrtFrontImgRid': 2240, 'entUserId': None, 'orgAddrProvince': '110000', 'orgName': 'TmkS7OlqiXJxKPkqwLYsqtTMkRPd1yHZ', 'orgCrtType': '1', 'orgAddr': '致真', 'entInfoSyss_1_deployAddrProvince': '110000', 'prefix': '88.408.5802', 'orgAddrCountyDesc': '东城区', 'entInfoSyss_0_deployAddrProvince': '110000', 'entInfoSyss_0_deployAddrCounty': '110101', 'entInfoSyss_2_deployAddrCounty': '120101', 'entInfoSyss_0_id': 2457, 'entInfoSyss_1_entApplyId': 1177, 'entInfoSyss_2_deployAddrCity': '120100', 'entInfoSyss_3_entApplyId': 1177, 'entInfoSyss_1_deployAddrCounty': '110101', 'entInfoSyss_1_sysType': 2, 'entInfoSyss_0_deployAddr': '致真', 'orgCrtImgRid': 2239, 'entInfoSyss_2_entApplyId': 1177, 'entInfoSyss_2_deployAddrProvince': '120000', 'contactCrtType': 1, 'entInfoSyss_3_deployAddrCounty': '120101', 'imgId': 2239, 'imgId_f': 2240, 'entInfoSyss_0_deployMode': 1, 'entInfoSyss_3_sysType': 4, 'legalName': '张三', 'entInfoSyss_2_id': 2459, 'industrySpecific': '01', 'orgCrtCode': 'TmkS7OlqiXJxKPkqwLYsqtTMkRPd1yHZ', 'entInfoSyss_0_entApplyId': 1177, 'applyId': 1177, 'entInfoSyss_1_deployAddrCity': '110100', 'entInfoSyss_1_id': 2458, 'industryCategory': 'A', 'legalEmail': None, 'contactCrtNo': '213277199802031712', 'imgId_b': 2241, 'orgAddrCounty': '110101', 'entInfoSyss_1_deployMode': 1, 'createDate': '2023-06-14 15:56:26', 'entInfoSyss_3_id': 2460, 'entInfoSyss_3_deployAddrProvince': '120000', 'userId': 1388, 'orgAddrProvinceDesc': '北京市', 'contactPhone': '13374691539', 'orgAddrCity': '110100', 'orgAddrCityDesc': '市辖区', 'entInfoSyss_2_deployAddr': '天津', 'entId': None, 'orgNature': '1', 'contactName': 'TmkS7OlqiXJxKPkqwLYsqtTMkRPd1yHZ', 'entInfoSyss_3_deployAddr': '天津', 'entInfoSyss_1_deployAddr': '致真', 'orgCategorySpecificDesc': '农、林、牧、渔业-农业', 'entInfoSyss_0_deployAddrCity': '110100', 'userName': 'TmkS7OlqiXJxKPkqwLYsqtTMkRPd1yHZ', 'legalCrtNo': '213277199802031712'}
2023-06-14 15:56:26.313 | INFO     | httprunner.runner:__run_step:304 - run step end: 企业注册查询注册信息 <<<<<<

2023-06-14 15:56:26.313 | INFO     | httprunner.runner:__run_step:292 - run step begin: 企业注册最终第三步提交信息 >>>>>>
2023-06-14 15:56:26.314 | INFO     | httprunner.runner:__run_step:292 - run step begin: 企业注册最终第三步提交信息 >>>>>>
2023-06-14 15:56:26.496 | DEBUG    | httprunner.client:request:186 - client IP: 127.0.0.1, Port: 53566
2023-06-14 15:56:26.497 | DEBUG    | httprunner.client:request:194 - server IP: 127.0.0.1, Port: 8888
2023-06-14 15:56:26.499 | DEBUG    | httprunner.client:log_print:40 - 
================== request details ==================
method   : POST
url      : http://139.198.116.76:8000/api/v3/entApply/apply
headers  : {
    "User-Agent": "Mozilla/5.0 (Macintosh; Intel Mac OS X 10_15_7) AppleWebKit/537.36 (KHTML, like Gecko) Chrome/105.0.0.0 Safari/537.36",
    "Accept-Encoding": "gzip, deflate",
    "Accept": "application/json, text/plain, */*",
    "Connection": "keep-alive",
    "Accept-Language": "zh-CN,zh;q=0.9",
    "Content-Type": "application/json;charset=UTF-8",
    "HRUN-Request-ID": "HRUN-774a4bc1-2698-4e70-93c2-f779f59518fa-386315",
    "Cookie": "SESSION=ZjA2N2M0NDItMmQwNS00ZDk3LWE5OTYtMzRlZTViYjQ2YmZl; SESSION=response.headers.\"Set-Cookie\".session",
    "Content-Length": "3274"
}
cookies  : {
    "SESSION": "ZjA2N2M0NDItMmQwNS00ZDk3LWE5OTYtMzRlZTViYjQ2YmZl"
}
body     : {
    "applyStep": 4,
    "applyType": null,
    "cltrid": null,
    "contactCrtBackImgPath": null,
    "contactCrtBackImgRid": 2241,
    "contactCrtFrontImgPath": null,
    "contactCrtFrontImgRid": 2240,
    "contactCrtNo": "213277199802031712",
    "contactCrtType": 1,
    "contactEmail": "ep9TwIbCQNIy6Zxl@qaqseq.com",
    "contactName": "TmkS7OlqiXJxKPkqwLYsqtTMkRPd1yHZ",
    "contactPhone": "13374691539",
    "createDate": "2023-06-14 15:56:26",
    "dataHostingContractFilePath": null,
    "dataHostingContractFileRid": null,
    "dataHostingOrg": null,
    "entGeneralId": null,
    "entInfoLicenses": [],
    "entInfoSerIndustrys": [],
    "entInfoSyss": [
        {
            "deployAddr": "致真",
            "deployAddrCity": "110100",
            "deployAddrCounty": "110101",
            "deployAddrProvince": "110000",
            "deployMode": 1,
            "ipPort": null,
            "name": null,
            "sysType": 2
        },
        {
            "deployAddr": "致真",
            "deployAddrCity": "110100",
            "deployAddrCounty": "110101",
            "deployAddrProvince": "110000",
            "deployMode": 1,
            "ipPort": null,
            "name": null,
            "sysType": 3
        },
        {
            "deployAddr": "天津",
            "deployAddrCity": "120100",
            "deployAddrCounty": "120101",
            "deployAddrProvince": "120000",
            "deployMode": 1,
            "ipPort": null,
            "name": null,
            "sysType": 4
        },
        {
            "deployAddr": "天津",
            "deployAddrCity": "120100",
            "deployAddrCounty": "120101",
            "deployAddrProvince": "120000",
            "deployMode": 1,
            "ipPort": null,
            "name": null,
            "sysType": 4
        }
    ],
    "entPrefix": "88.408.5802",
    "escrowId": null,
    "escrowOrgName": null,
    "establishDate": null,
    "extDomain": null,
    "extIpAddr": null,
    "extWebName": null,
    "finalAuditMsg": null,
    "finalAuditStatus": null,
    "firstAuditMsg": null,
    "firstAuditStatus": null,
    "id": 1177,
    "idRegNaImp": null,
    "industryCategory": "A",
    "industrySpecific": "01",
    "isSubmit": 0,
    "legalCrtBackImgContent": null,
    "legalCrtBackImgPath": null,
    "legalCrtBackImgRid": 2241,
    "legalCrtFrontImgContent": null,
    "legalCrtFrontImgPath": null,
    "legalCrtFrontImgRid": 2240,
    "legalCrtNo": "213277199802031712",
    "legalCrtType": "1",
    "legalCrtTypeDesc": "中国居民身份证",
    "legalEmail": null,
    "legalFax": null,
    "legalName": "张三",
    "legalPhone": null,
    "orgAddr": "致真",
    "orgAddrCity": "110100",
    "orgAddrCityDesc": "市辖区",
    "orgAddrCounty": "110101",
    "orgAddrCountyDesc": "东城区",
    "orgAddrProvince": "110000",
    "orgAddrProvinceDesc": "北京市",
    "orgCategorySpecificDesc": "农、林、牧、渔业-农业",
    "orgCrtCode": "TmkS7OlqiXJxKPkqwLYsqtTMkRPd1yHZ",
    "orgCrtImgContent": null,
    "orgCrtImgPath": null,
    "orgCrtImgRid": 2239,
    "orgCrtType": "1",
    "orgDesc": null,
    "orgName": "TmkS7OlqiXJxKPkqwLYsqtTMkRPd1yHZ",
    "orgNature": "1",
    "orgNatureDesc": "1",
    "periodValidity": null,
    "regAuthority": null,
    "regCapital": null,
    "regRealNaImpName": null,
    "regRealNaImpType": null,
    "servHostingContractFilePath": null,
    "servHostingContractFileRid": null,
    "servHostingOrg": null,
    "servSysBuildContractFilePath": null,
    "servSysBuildContractFileRid": null,
    "servSysBuildName": null,
    "servSysBuildType": 1,
    "servSysOperContractFilePath": null,
    "servSysOperContractFileRid": null,
    "servSysOperName": null,
    "servSysOperType": 1,
    "svtrid": null,
    "thirdServiceMsg": null,
    "thirdServiceStatus": null,
    "updateDate": "2023-06-14 15:56:26",
    "userId": 1388,
    "userName": "TmkS7OlqiXJxKPkqwLYsqtTMkRPd1yHZ",
    "website": null
}

2023-06-14 15:56:26.508 | DEBUG    | httprunner.client:log_print:40 - 
================== response details ==================
status_code : 200
headers  : {
    "Server": "nginx",
    "Date": "Wed, 14 Jun 2023 07:56:26 GMT",
    "Content-Type": "application/json;charset=UTF-8",
    "Transfer-Encoding": "chunked",
    "X-Frame-Options": "SAMEORIGIN",
    "Connection": "keep-alive"
}
cookies  : {}
encoding : UTF-8
content_type : application/json;charset=UTF-8
body     : {
    "message": "success",
    "status": 1,
    "data": true
}

2023-06-14 15:56:26.508 | INFO     | httprunner.client:request:217 - status_code: 200, response_time(ms): 181.28 ms, response_length: 0 bytes
2023-06-14 15:56:26.509 | INFO     | httprunner.response:validate:249 - assert status_code equal 200(int)	==> pass
2023-06-14 15:56:26.509 | INFO     | httprunner.response:validate:249 - assert body.message equal success(str)	==> pass
2023-06-14 15:56:26.510 | INFO     | httprunner.runner:__run_step:304 - run step end: 企业注册最终第三步提交信息 <<<<<<

2023-06-14 15:56:26.510 | INFO     | httprunner.runner:__run_step:304 - run step end: 企业注册最终第三步提交信息 <<<<<<

2023-06-14 15:56:26.511 | INFO     | httprunner.runner:__run_step:292 - run step begin: 登录-管理员 >>>>>>
2023-06-14 15:56:26.513 | INFO     | httprunner.runner:__run_step:292 - run step begin: 登录-企业用户 >>>>>>
2023-06-14 15:56:26.589 | DEBUG    | httprunner.client:request:186 - client IP: 127.0.0.1, Port: 53566
2023-06-14 15:56:26.589 | DEBUG    | httprunner.client:request:194 - server IP: 127.0.0.1, Port: 8888
2023-06-14 15:56:26.590 | DEBUG    | httprunner.client:log_print:40 - 
================== request details ==================
method   : POST
url      : http://139.198.116.76:8000/api/home/test/login
headers  : {
    "User-Agent": "python-requests/2.28.1",
    "Accept-Encoding": "gzip, deflate, br",
    "Accept": "*/*",
    "Connection": "keep-alive",
    "Content-Length": "144",
    "Content-Type": "application/json",
    "HRUN-Request-ID": "HRUN-774a4bc1-2698-4e70-93c2-f779f59518fa-386513",
    "Cookie": "SESSION=ZjA2N2M0NDItMmQwNS00ZDk3LWE5OTYtMzRlZTViYjQ2YmZl"
}
cookies  : {
    "SESSION": "ZjA2N2M0NDItMmQwNS00ZDk3LWE5OTYtMzRlZTViYjQ2YmZl"
}
body     : {
    "captcha": "0000",
    "captchaSign": "5d39bab12bba81ab59b3931d2ca06ee9603c3803355932be66974f122cab3502",
    "emailCaptcha": "",
    "username": "adminy"
}

2023-06-14 15:56:26.591 | DEBUG    | httprunner.client:log_print:40 - 
================== response details ==================
status_code : 200
headers  : {
    "Server": "nginx",
    "Date": "Wed, 14 Jun 2023 07:56:26 GMT",
    "Content-Type": "application/json;charset=UTF-8",
    "Transfer-Encoding": "chunked",
    "Set-Cookie": "SESSION=YmIxYWZmYjQtOTFmMi00MDE0LTkzYjEtNDZkNjhkMTUyZDRm; Path=/; HttpOnly; SameSite=Lax",
    "X-Frame-Options": "SAMEORIGIN",
    "Connection": "keep-alive"
}
cookies  : {
    "SESSION": "YmIxYWZmYjQtOTFmMi00MDE0LTkzYjEtNDZkNjhkMTUyZDRm"
}
encoding : UTF-8
content_type : application/json;charset=UTF-8
body     : {
    "message": "success",
    "status": 1,
    "data": true
}

2023-06-14 15:56:26.592 | INFO     | httprunner.client:request:217 - status_code: 200, response_time(ms): 75.1 ms, response_length: 0 bytes
2023-06-14 15:56:26.592 | INFO     | httprunner.response:extract:179 - extract mapping: {'adminSession': 'response.headers."Set-Cookie".session'}
2023-06-14 15:56:26.592 | INFO     | httprunner.response:validate:249 - assert status_code equal 200(int)	==> pass
2023-06-14 15:56:26.592 | INFO     | httprunner.response:validate:249 - assert headers."Content-Type" equal application/json;charset=UTF-8(str)	==> pass
2023-06-14 15:56:26.593 | INFO     | httprunner.response:validate:249 - assert body.message equal success(str)	==> pass
2023-06-14 15:56:26.593 | INFO     | httprunner.response:validate:249 - assert body.status equal 1(int)	==> pass
2023-06-14 15:56:26.593 | INFO     | httprunner.response:validate:249 - assert body.data equal True(bool)	==> pass
2023-06-14 15:56:26.593 | INFO     | httprunner.runner:__run_step:304 - run step end: 登录-企业用户 <<<<<<

2023-06-14 15:56:26.593 | INFO     | httprunner.runner:__run_step_testcase:286 - export variables: {'adminSession': 'response.headers."Set-Cookie".session'}
2023-06-14 15:56:26.593 | INFO     | httprunner.runner:__run_step:304 - run step end: 登录-管理员 <<<<<<

2023-06-14 15:56:26.594 | INFO     | httprunner.runner:__run_step:292 - run step begin: 年费费用查询 >>>>>>
2023-06-14 15:56:26.595 | INFO     | httprunner.runner:__run_step:292 - run step begin: 财务规则查询-年费 >>>>>>
2023-06-14 15:56:26.657 | DEBUG    | httprunner.client:request:186 - client IP: 127.0.0.1, Port: 53566
2023-06-14 15:56:26.657 | DEBUG    | httprunner.client:request:194 - server IP: 127.0.0.1, Port: 8888
2023-06-14 15:56:26.658 | DEBUG    | httprunner.client:log_print:40 - 
================== request details ==================
method   : GET
url      : http://139.198.116.76:8000/api/finance/rule/findRule?cache=1663837640684&moneyType=2&userId=1388
headers  : {
    "User-Agent": "Mozilla/5.0 (Macintosh; Intel Mac OS X 10_15_7) AppleWebKit/537.36 (KHTML, like Gecko) Chrome/98.0.4758.102 Safari/537.36 Edg/98.0.1108.56",
    "Accept-Encoding": "gzip, deflate",
    "Accept": "application/json, text/plain, */*",
    "Connection": "keep-alive",
    "Accept-Language": "zh-CN,zh;q=0.9,en;q=0.8,en-GB;q=0.7,en-US;q=0.6",
    "HRUN-Request-ID": "HRUN-774a4bc1-2698-4e70-93c2-f779f59518fa-386595",
    "Cookie": "SESSION=YmIxYWZmYjQtOTFmMi00MDE0LTkzYjEtNDZkNjhkMTUyZDRm; SESSION=response.headers.\"Set-Cookie\".session"
}
cookies  : {
    "SESSION": "YmIxYWZmYjQtOTFmMi00MDE0LTkzYjEtNDZkNjhkMTUyZDRm"
}
body     : None

2023-06-14 15:56:26.659 | DEBUG    | httprunner.client:log_print:40 - 
================== response details ==================
status_code : 200
headers  : {
    "Server": "nginx",
    "Date": "Wed, 14 Jun 2023 07:56:26 GMT",
    "Content-Type": "application/json;charset=UTF-8",
    "Transfer-Encoding": "chunked",
    "X-Frame-Options": "SAMEORIGIN",
    "Connection": "keep-alive"
}
cookies  : {}
encoding : UTF-8
content_type : application/json;charset=UTF-8
body     : {
    "message": "success",
    "status": 1,
    "data": [
        {
            "id": 78,
            "createDate": "2023-05-31 12:51:47",
            "updateDate": "2023-05-31 12:51:47",
            "name": "标准",
            "money": 10000.0,
            "moneyType": 2,
            "prefixCount": 1,
            "remart": "test",
            "entName": null,
            "entUserId": null,
            "ruleType": 2,
            "escrowId": null
        }
    ]
}

2023-06-14 15:56:26.659 | INFO     | httprunner.client:request:217 - status_code: 200, response_time(ms): 61.39 ms, response_length: 0 bytes
2023-06-14 15:56:26.659 | INFO     | httprunner.response:extract:179 - extract mapping: {'annualFeeRuleId': 78}
2023-06-14 15:56:26.659 | INFO     | httprunner.response:validate:249 - assert status_code equal 200(int)	==> pass
2023-06-14 15:56:26.659 | INFO     | httprunner.response:validate:249 - assert body.message equal success(str)	==> pass
2023-06-14 15:56:26.660 | INFO     | httprunner.response:validate:249 - assert body.status equal 1(int)	==> pass
2023-06-14 15:56:26.660 | INFO     | httprunner.runner:__run_step:304 - run step end: 财务规则查询-年费 <<<<<<

2023-06-14 15:56:26.660 | INFO     | httprunner.runner:__run_step_testcase:286 - export variables: {'annualFeeRuleId': 78}
2023-06-14 15:56:26.660 | INFO     | httprunner.runner:__run_step:304 - run step end: 年费费用查询 <<<<<<

2023-06-14 15:56:26.660 | INFO     | httprunner.runner:__run_step:292 - run step begin: 注册费费用查询 >>>>>>
2023-06-14 15:56:26.661 | INFO     | httprunner.runner:__run_step:292 - run step begin: 财务规则查询-注册费 >>>>>>
2023-06-14 15:56:26.712 | DEBUG    | httprunner.client:request:186 - client IP: 127.0.0.1, Port: 53566
2023-06-14 15:56:26.712 | DEBUG    | httprunner.client:request:194 - server IP: 127.0.0.1, Port: 8888
2023-06-14 15:56:26.713 | DEBUG    | httprunner.client:log_print:40 - 
================== request details ==================
method   : GET
url      : http://139.198.116.76:8000/api/finance/rule/findRule?moneyType=1&userId=1388
headers  : {
    "User-Agent": "Mozilla/5.0 (Macintosh; Intel Mac OS X 10_15_7) AppleWebKit/537.36 (KHTML, like Gecko) Chrome/98.0.4758.102 Safari/537.36 Edg/98.0.1108.56",
    "Accept-Encoding": "gzip, deflate",
    "Accept": "application/json, text/plain, */*",
    "Connection": "keep-alive",
    "Accept-Language": "zh-CN,zh;q=0.9,en;q=0.8,en-GB;q=0.7,en-US;q=0.6",
    "HRUN-Request-ID": "HRUN-774a4bc1-2698-4e70-93c2-f779f59518fa-386661",
    "Cookie": "SESSION=YmIxYWZmYjQtOTFmMi00MDE0LTkzYjEtNDZkNjhkMTUyZDRm; SESSION=response.headers.\"Set-Cookie\".session"
}
cookies  : {
    "SESSION": "YmIxYWZmYjQtOTFmMi00MDE0LTkzYjEtNDZkNjhkMTUyZDRm"
}
body     : None

2023-06-14 15:56:26.714 | DEBUG    | httprunner.client:log_print:40 - 
================== response details ==================
status_code : 200
headers  : {
    "Server": "nginx",
    "Date": "Wed, 14 Jun 2023 07:56:26 GMT",
    "Content-Type": "application/json;charset=UTF-8",
    "Transfer-Encoding": "chunked",
    "X-Frame-Options": "SAMEORIGIN",
    "Connection": "keep-alive"
}
cookies  : {}
encoding : UTF-8
content_type : application/json;charset=UTF-8
body     : {
    "message": "success",
    "status": 1,
    "data": [
        {
            "id": 77,
            "createDate": "2023-05-31 12:51:33",
            "updateDate": "2023-05-31 12:51:33",
            "name": "标准",
            "money": 10000.0,
            "moneyType": 1,
            "prefixCount": 1,
            "remart": "test",
            "entName": null,
            "entUserId": null,
            "ruleType": 2,
            "escrowId": null
        }
    ]
}

2023-06-14 15:56:26.714 | INFO     | httprunner.client:request:217 - status_code: 200, response_time(ms): 50.66 ms, response_length: 0 bytes
2023-06-14 15:56:26.714 | INFO     | httprunner.response:extract:179 - extract mapping: {'regFeeRuleId': 77}
2023-06-14 15:56:26.715 | INFO     | httprunner.response:validate:249 - assert status_code equal 200(int)	==> pass
2023-06-14 15:56:26.715 | INFO     | httprunner.response:validate:249 - assert body.message equal success(str)	==> pass
2023-06-14 15:56:26.715 | INFO     | httprunner.response:validate:249 - assert body.status equal 1(int)	==> pass
2023-06-14 15:56:26.715 | INFO     | httprunner.runner:__run_step:304 - run step end: 财务规则查询-注册费 <<<<<<

2023-06-14 15:56:26.716 | INFO     | httprunner.runner:__run_step_testcase:286 - export variables: {'regFeeRuleId': 77}
2023-06-14 15:56:26.716 | INFO     | httprunner.runner:__run_step:304 - run step end: 注册费费用查询 <<<<<<

2023-06-14 15:56:26.716 | INFO     | httprunner.runner:__run_step:292 - run step begin: 审核结果保存 >>>>>>
2023-06-14 15:56:26.716 | INFO     | httprunner.runner:__run_step:292 - run step begin: 企业审核保存 >>>>>>
2023-06-14 15:56:28.641 | DEBUG    | httprunner.client:request:186 - client IP: 127.0.0.1, Port: 53566
2023-06-14 15:56:28.642 | DEBUG    | httprunner.client:request:194 - server IP: 127.0.0.1, Port: 8888
2023-06-14 15:56:28.643 | DEBUG    | httprunner.client:log_print:40 - 
================== request details ==================
method   : POST
url      : http://139.198.116.76:8000/api/v3/ent/audit/save?annualFeeRuleId=78&applyId=1177&auditMsg=%E5%AE%A1%E6%A0%B8%E9%80%9A%E8%BF%87&auditResult=pass&entPrefix=88.408.5802&regFeeRuleId=77
headers  : {
    "User-Agent": "Mozilla/5.0 (Macintosh; Intel Mac OS X 10_15_7) AppleWebKit/537.36 (KHTML, like Gecko) Chrome/98.0.4758.102 Safari/537.36 Edg/98.0.1108.56",
    "Accept-Encoding": "gzip, deflate",
    "Accept": "application/json, text/plain, */*",
    "Connection": "keep-alive",
    "Accept-Language": "zh-CN,zh;q=0.9,en;q=0.8,en-GB;q=0.7,en-US;q=0.6",
    "Content-Length": "0",
    "HRUN-Request-ID": "HRUN-774a4bc1-2698-4e70-93c2-f779f59518fa-386717",
    "Cookie": "SESSION=YmIxYWZmYjQtOTFmMi00MDE0LTkzYjEtNDZkNjhkMTUyZDRm; SESSION=response.headers.\"Set-Cookie\".session"
}
cookies  : {
    "SESSION": "YmIxYWZmYjQtOTFmMi00MDE0LTkzYjEtNDZkNjhkMTUyZDRm"
}
body     : None

2023-06-14 15:56:28.644 | DEBUG    | httprunner.client:log_print:40 - 
================== response details ==================
status_code : 200
headers  : {
    "Server": "nginx",
    "Date": "Wed, 14 Jun 2023 07:56:28 GMT",
    "Content-Type": "application/json",
    "Transfer-Encoding": "chunked",
    "X-Frame-Options": "SAMEORIGIN",
    "Connection": "keep-alive"
}
cookies  : {}
encoding : utf-8
content_type : application/json
body     : {
    "message": "success",
    "status": 1,
    "data": true
}

2023-06-14 15:56:28.644 | INFO     | httprunner.client:request:217 - status_code: 200, response_time(ms): 1923.58 ms, response_length: 0 bytes
2023-06-14 15:56:28.645 | INFO     | httprunner.response:validate:249 - assert status_code equal 200(int)	==> pass
2023-06-14 15:56:28.645 | INFO     | httprunner.response:validate:249 - assert body.message equal success(str)	==> pass
2023-06-14 15:56:28.645 | INFO     | httprunner.response:validate:249 - assert body.status equal 1(int)	==> pass
2023-06-14 15:56:28.645 | INFO     | httprunner.response:validate:249 - assert body.data equal True(bool)	==> pass
2023-06-14 15:56:28.645 | INFO     | httprunner.runner:__run_step:304 - run step end: 企业审核保存 <<<<<<

2023-06-14 15:56:28.646 | INFO     | httprunner.runner:__run_step:304 - run step end: 审核结果保存 <<<<<<

2023-06-14 15:56:28.646 | INFO     | httprunner.runner:__run_step:292 - run step begin: 申请记录分页 >>>>>>
2023-06-14 15:56:28.647 | INFO     | httprunner.runner:__run_step:292 - run step begin: 申请记录分页列表 >>>>>>
2023-06-14 15:56:28.722 | DEBUG    | httprunner.client:request:186 - client IP: 127.0.0.1, Port: 53566
2023-06-14 15:56:28.723 | DEBUG    | httprunner.client:request:194 - server IP: 127.0.0.1, Port: 8888
2023-06-14 15:56:28.723 | DEBUG    | httprunner.client:log_print:40 - 
================== request details ==================
method   : GET
url      : http://139.198.116.76:8000/api/v3/entApply/record/pageQuery?currentPage=&order=&orderProp=&orgName=TmkS7OlqiXJxKPkqwLYsqtTMkRPd1yHZ&rangeTime=
headers  : {
    "User-Agent": "Mozilla/5.0 (Macintosh; Intel Mac OS X 10_15_7) AppleWebKit/537.36 (KHTML, like Gecko) Chrome/105.0.0.0 Safari/537.36",
    "Accept-Encoding": "gzip, deflate",
    "Accept": "application/json, text/plain, */*",
    "Connection": "keep-alive",
    "Accept-Language": "zh-CN,zh;q=0.9",
    "HRUN-Request-ID": "HRUN-774a4bc1-2698-4e70-93c2-f779f59518fa-388648",
    "Cookie": "SESSION=YmIxYWZmYjQtOTFmMi00MDE0LTkzYjEtNDZkNjhkMTUyZDRm; SESSION=response.headers.\"Set-Cookie\".session"
}
cookies  : {
    "SESSION": "YmIxYWZmYjQtOTFmMi00MDE0LTkzYjEtNDZkNjhkMTUyZDRm"
}
body     : None

2023-06-14 15:56:28.723 | DEBUG    | httprunner.client:log_print:40 - 
================== response details ==================
status_code : 200
headers  : {
    "Server": "nginx",
    "Date": "Wed, 14 Jun 2023 07:56:28 GMT",
    "Content-Type": "application/json",
    "Transfer-Encoding": "chunked",
    "X-Frame-Options": "SAMEORIGIN",
    "Connection": "keep-alive"
}
cookies  : {}
encoding : utf-8
content_type : application/json
body     : {
    "message": "success",
    "status": 1,
    "data": {
        "first": true,
        "last": true,
        "totalPages": 1,
        "totalElements": 1,
        "number": 1,
        "size": 10,
        "sort": {
            "sorted": false,
            "empty": true,
            "unsorted": true
        },
        "numberOfElements": 1,
        "content": [
            {
                "id": 1177,
                "escrowOrgName": null,
                "orgName": "TmkS7OlqiXJxKPkqwLYsqtTMkRPd1yHZ",
                "entPrefix": "88.408.5802",
                "orgCrtCode": "TmkS7OlqiXJxKPkqwLYsqtTMkRPd1yHZ",
                "orgNature": 1,
                "applyType": 1,
                "thirdServiceStatus": 3,
                "firstAuditStatus": 2,
                "createDate": "2023-06-14 15:56:26",
                "updateDate": "2023-06-14 15:56:29"
            }
        ]
    }
}

2023-06-14 15:56:28.724 | INFO     | httprunner.client:request:217 - status_code: 200, response_time(ms): 74.6 ms, response_length: 0 bytes
2023-06-14 15:56:28.724 | INFO     | httprunner.response:extract:179 - extract mapping: {'applyId': 1177}
2023-06-14 15:56:28.724 | INFO     | httprunner.response:validate:249 - assert status_code equal 200(int)	==> pass
2023-06-14 15:56:28.724 | INFO     | httprunner.response:validate:249 - assert headers."Content-Type" equal application/json(str)	==> pass
2023-06-14 15:56:28.724 | INFO     | httprunner.response:validate:249 - assert body.message equal success(str)	==> pass
2023-06-14 15:56:28.724 | INFO     | httprunner.response:validate:249 - assert body.status equal 1(int)	==> pass
2023-06-14 15:56:28.724 | INFO     | httprunner.runner:__run_step:304 - run step end: 申请记录分页列表 <<<<<<

2023-06-14 15:56:28.724 | INFO     | httprunner.runner:__run_step_testcase:286 - export variables: {'applyId': 1177}
2023-06-14 15:56:28.724 | INFO     | httprunner.runner:__run_step:304 - run step end: 申请记录分页 <<<<<<

2023-06-14 15:56:28.724 | INFO     | httprunner.runner:__run_step:292 - run step begin: 申请记录详情 >>>>>>
2023-06-14 15:56:28.725 | INFO     | httprunner.runner:__run_step:292 - run step begin: 申请记录详情 >>>>>>
2023-06-14 15:56:28.805 | DEBUG    | httprunner.client:request:186 - client IP: 127.0.0.1, Port: 53566
2023-06-14 15:56:28.806 | DEBUG    | httprunner.client:request:194 - server IP: 127.0.0.1, Port: 8888
2023-06-14 15:56:28.807 | DEBUG    | httprunner.client:log_print:40 - 
================== request details ==================
method   : GET
url      : http://139.198.116.76:8000/api/v3/entApply/record/detail?applyId=1177&isSensetive=1
headers  : {
    "User-Agent": "Mozilla/5.0 (Macintosh; Intel Mac OS X 10_15_7) AppleWebKit/537.36 (KHTML, like Gecko) Chrome/105.0.0.0 Safari/537.36",
    "Accept-Encoding": "gzip, deflate",
    "Accept": "application/json, text/plain, */*",
    "Connection": "keep-alive",
    "Accept-Language": "zh-CN,zh;q=0.9",
    "HRUN-Request-ID": "HRUN-774a4bc1-2698-4e70-93c2-f779f59518fa-388726",
    "Cookie": "SESSION=YmIxYWZmYjQtOTFmMi00MDE0LTkzYjEtNDZkNjhkMTUyZDRm; SESSION=response.headers.\"Set-Cookie\".session"
}
cookies  : {
    "SESSION": "YmIxYWZmYjQtOTFmMi00MDE0LTkzYjEtNDZkNjhkMTUyZDRm"
}
body     : None

2023-06-14 15:56:28.808 | DEBUG    | httprunner.client:log_print:40 - 
================== response details ==================
status_code : 200
headers  : {
    "Server": "nginx",
    "Date": "Wed, 14 Jun 2023 07:56:28 GMT",
    "Content-Type": "application/json",
    "Transfer-Encoding": "chunked",
    "X-Frame-Options": "SAMEORIGIN",
    "Connection": "keep-alive"
}
cookies  : {}
encoding : utf-8
content_type : application/json
body     : {
    "message": "success",
    "status": 1,
    "data": {
        "entApplyPO": {
            "id": 1177,
            "createDate": "2023-06-14 15:56:26",
            "updateDate": "2023-06-14 15:56:29",
            "applyType": 1,
            "entGeneralId": "2811215300000001",
            "applyStep": 4,
            "isSubmit": 1,
            "entPrefix": "88.408.5802",
            "firstAuditStatus": 2,
            "firstAuditMsg": "审核通过",
            "thirdServiceStatus": 3,
            "thirdServiceMsg": null,
            "userName": "TmkS7OlqiXJxKPkqwLYsqtTMkRPd1yHZ",
            "finalAuditStatus": null,
            "finalAuditMsg": null,
            "svtrid": "230614155300000017",
            "cltrid": "168672938732718950317",
            "userId": 1388,
            "orgName": "TmkS7OlqiXJxKPkqwLYsqtTMkRPd1yHZ",
            "orgNature": "1",
            "orgAddrProvince": "110000",
            "orgAddrCity": "110100",
            "orgAddrCounty": "110101",
            "orgAddr": "致真",
            "orgCrtType": "1",
            "orgCrtCode": "TmkS7OlqiXJxKPkqwLYsqtTMkRPd1yHZ",
            "legalName": "*三",
            "legalCrtType": "1",
            "legalCrtNo": "**************1712",
            "orgDesc": null,
            "industryCategory": "A",
            "industrySpecific": "01",
            "contactName": "******************************HZ",
            "contactPhone": "133****1539",
            "contactCrtType": 1,
            "contactCrtNo": "**************1712",
            "contactEmail": "ep9*************@qaqseq.com",
            "website": null,
            "regAuthority": null,
            "regCapital": null,
            "establishDate": null,
            "periodValidity": null,
            "legalEmail": null,
            "legalPhone": null,
            "legalFax": null,
            "servSysBuildType": 1,
            "servSysBuildName": null,
            "servSysOperType": 1,
            "servSysOperName": null,
            "dataHostingOrg": null,
            "servHostingOrg": null,
            "regRealNaImpType": null,
            "regRealNaImpName": null,
            "idRegNaImp": null,
            "extWebName": null,
            "extDomain": null,
            "extIpAddr": null,
            "orgCrtImgRid": 2239,
            "contactCrtFrontImgRid": 2240,
            "contactCrtBackImgRid": 2241,
            "legalCrtFrontImgRid": 2240,
            "legalCrtBackImgRid": 2241,
            "servSysBuildContractFileRid": null,
            "servSysOperContractFileRid": null,
            "dataHostingContractFileRid": null,
            "servHostingContractFileRid": null,
            "entInfoLicenses": [],
            "entInfoSyss": [
                {
                    "id": 2457,
                    "entApplyId": 1177,
                    "sysType": 1,
                    "deployMode": 1,
                    "deployAddr": "致真",
                    "deployAddrProvince": "110000",
                    "deployAddrCity": "110100",
                    "deployAddrCounty": "110101",
                    "name": null,
                    "ipPort": null
                },
                {
                    "id": 2458,
                    "entApplyId": 1177,
                    "sysType": 2,
                    "deployMode": 1,
                    "deployAddr": "致真",
                    "deployAddrProvince": "110000",
                    "deployAddrCity": "110100",
                    "deployAddrCounty": "110101",
                    "name": null,
                    "ipPort": null
                },
                {
                    "id": 2459,
                    "entApplyId": 1177,
                    "sysType": 3,
                    "deployMode": 1,
                    "deployAddr": "天津",
                    "deployAddrProvince": "120000",
                    "deployAddrCity": "120100",
                    "deployAddrCounty": "120101",
                    "name": null,
                    "ipPort": null
                },
                {
                    "id": 2460,
                    "entApplyId": 1177,
                    "sysType": 4,
                    "deployMode": 1,
                    "deployAddr": "天津",
                    "deployAddrProvince": "120000",
                    "deployAddrCity": "120100",
                    "deployAddrCounty": "120101",
                    "name": null,
                    "ipPort": null
                }
            ],
            "entInfoSerIndustrys": [],
            "escrowId": null,
            "industryQualificationRid": null,
            "certificationRid": null,
            "openingBank": null,
            "bankCard": null,
            "verificationName": null,
            "orgNatureDesc": "国有控股",
            "orgCrtImgContent": null,
            "orgCategorySpecificDesc": "农、林、牧、渔业-农业",
            "orgAddrProvinceDesc": "北京市",
            "orgAddrCountyDesc": "东城区",
            "orgAddrCityDesc": "市辖区",
            "legalCrtTypeDesc": "中国居民身份证",
            "legalCrtFrontImgContent": null,
            "legalCrtBackImgContent": null,
            "orgCrtImgPath": "12a9bd20-4687-463f-9f4c-900c442b2d8e.jpeg",
            "contactCrtFrontImgPath": "9aa2afe5-247c-4b8a-a526-4adfc221b825.jpeg",
            "contactCrtBackImgPath": "527faa30-50d9-4c5e-83f3-3bf9b153b013.jpeg",
            "legalCrtFrontImgPath": "9aa2afe5-247c-4b8a-a526-4adfc221b825.jpeg",
            "legalCrtBackImgPath": "527faa30-50d9-4c5e-83f3-3bf9b153b013.jpeg",
            "servSysBuildContractFilePath": null,
            "servSysOperContractFilePath": null,
            "dataHostingContractFilePath": null,
            "servHostingContractFilePath": null,
            "industryQualificationFilePath": null,
            "certificationFilePath": null,
            "escrowOrgName": null
        },
        "verifyDetailVO": {
            "verifyStatus": 3,
            "verifyMsg": null,
            "createDate": "2023-06-14 15:56:29",
            "verificationName": null
        },
        "entAuditPOs": [
            {
                "id": 30825,
                "createDate": "2023-06-14 15:56:29",
                "updateDate": "2023-06-14 15:56:29",
                "applyId": 1177,
                "status": 2,
                "auditMsg": "审核通过",
                "auditUserId": 630,
                "auditUser": "adminy",
                "entId": null,
                "entUserId": 1388,
                "escrowId": null
            }
        ]
    }
}

2023-06-14 15:56:28.809 | INFO     | httprunner.client:request:217 - status_code: 200, response_time(ms): 79.51 ms, response_length: 0 bytes
2023-06-14 15:56:28.809 | INFO     | httprunner.response:validate:249 - assert status_code equal 200(int)	==> pass
2023-06-14 15:56:28.809 | INFO     | httprunner.response:validate:249 - assert headers."Content-Type" equal application/json(str)	==> pass
2023-06-14 15:56:28.809 | INFO     | httprunner.response:validate:249 - assert body.message equal success(str)	==> pass
2023-06-14 15:56:28.810 | INFO     | httprunner.response:validate:249 - assert body.status equal 1(int)	==> pass
2023-06-14 15:56:28.810 | INFO     | httprunner.response:validate:249 - assert body.data.entAuditPOs[0].status contained_by [1, 2, 3](list)	==> pass
2023-06-14 15:56:28.810 | INFO     | httprunner.response:validate:249 - assert body.data.verifyDetailVO.verifyStatus contained_by [1, 2, 3, 4, 5](list)	==> pass
2023-06-14 15:56:28.810 | INFO     | httprunner.runner:__run_step:304 - run step end: 申请记录详情 <<<<<<

2023-06-14 15:56:28.811 | INFO     | httprunner.runner:__run_step:304 - run step end: 申请记录详情 <<<<<<

