2023-06-14 10:44:32.240 | INFO     | httprunner.runner:test_start:450 - Start to run testcase: 前缀审核列表-通过, TestCase ID: 7a4cd5a7-ec8b-4743-855f-a9f9723b7c35
2023-06-14 10:44:32.240 | INFO     | httprunner.runner:__run_step:292 - run step begin: 前缀注册 >>>>>>
2023-06-14 10:44:32.240 | INFO     | httprunner.runner:__run_step:292 - run step begin: 用户注册 >>>>>>
2023-06-14 10:44:32.241 | INFO     | httprunner.runner:__run_step:292 - run step begin: 用户注册 >>>>>>
2023-06-14 10:44:32.344 | DEBUG    | httprunner.client:request:186 - client IP: 10.14.148.129, Port: 59409
2023-06-14 10:44:32.344 | DEBUG    | httprunner.client:request:194 - server IP: 139.198.116.76, Port: 8000
2023-06-14 10:44:32.345 | DEBUG    | httprunner.client:log_print:40 - 
================== request details ==================
method   : POST
url      : http://139.198.116.76:8000/api/home/test/registry
headers  : {
    "User-Agent": "Mozilla/5.0 (Windows NT 10.0; WOW64) AppleWebKit/537.36 (KHTML, like Gecko) Chrome/100.0.4896.60 Safari/537.36",
    "Accept-Encoding": "gzip, deflate",
    "Accept": "application/json, text/plain, */*",
    "Connection": "keep-alive",
    "Accept-Language": "zh-CN,zh;q=0.9",
    "HRUN-Request-ID": "HRUN-7a4cd5a7-ec8b-4743-855f-a9f9723b7c35-672241",
    "Content-Length": "187",
    "Content-Type": "application/json"
}
cookies  : {}
body     : {
    "email": "SD93cfUjDthVWevp@qaqseq.com",
    "mobile": "13232436561",
    "openId": "",
    "openUserName": "",
    "password": "Admin@123",
    "remarks": "",
    "username": "sDjKGOenAHqrE4R8gOHuReEZvE8oummN"
}

2023-06-14 10:44:32.345 | DEBUG    | httprunner.client:log_print:40 - 
================== response details ==================
status_code : 200
headers  : {
    "Server": "nginx",
    "Date": "Wed, 14 Jun 2023 02:44:32 GMT",
    "Content-Type": "application/json",
    "Transfer-Encoding": "chunked",
    "Connection": "keep-alive",
    "X-Frame-Options": "SAMEORIGIN"
}
cookies  : {}
encoding : utf-8
content_type : application/json
body     : {
    "message": "success",
    "status": 1,
    "data": true
}

2023-06-14 10:44:32.345 | INFO     | httprunner.client:request:217 - status_code: 200, response_time(ms): 103.05 ms, response_length: 0 bytes
2023-06-14 10:44:32.345 | INFO     | httprunner.response:validate:249 - assert status_code equal 200(int)	==> pass
2023-06-14 10:44:32.345 | INFO     | httprunner.response:validate:249 - assert body.message equal success(str)	==> pass
2023-06-14 10:44:32.345 | INFO     | httprunner.response:validate:249 - assert body.status equal 1(int)	==> pass
2023-06-14 10:44:32.346 | INFO     | httprunner.response:validate:249 - assert body.message contains success(str)	==> pass
2023-06-14 10:44:32.346 | INFO     | httprunner.response:validate:249 - assert body.status contained_by [1, 200](list)	==> pass
2023-06-14 10:44:32.346 | INFO     | httprunner.runner:__run_step:304 - run step end: 用户注册 <<<<<<

2023-06-14 10:44:32.346 | INFO     | httprunner.runner:__run_step:304 - run step end: 用户注册 <<<<<<

2023-06-14 10:44:32.346 | INFO     | httprunner.runner:__run_step:292 - run step begin: 登录-企业 >>>>>>
2023-06-14 10:44:32.347 | INFO     | httprunner.runner:__run_step:292 - run step begin: 登录-企业用户 >>>>>>
2023-06-14 10:44:32.411 | DEBUG    | httprunner.client:request:186 - client IP: 10.14.148.129, Port: 59409
2023-06-14 10:44:32.412 | DEBUG    | httprunner.client:request:194 - server IP: 139.198.116.76, Port: 8000
2023-06-14 10:44:32.412 | DEBUG    | httprunner.client:log_print:40 - 
================== request details ==================
method   : POST
url      : http://139.198.116.76:8000/api/home/test/login
headers  : {
    "User-Agent": "python-requests/2.28.1",
    "Accept-Encoding": "gzip, deflate, br",
    "Accept": "*/*",
    "Connection": "keep-alive",
    "Content-Length": "170",
    "Content-Type": "application/json",
    "HRUN-Request-ID": "HRUN-7a4cd5a7-ec8b-4743-855f-a9f9723b7c35-672347"
}
cookies  : {}
body     : {
    "captcha": "0000",
    "captchaSign": "97672e071e8195e6e79252ffea1f0f33506b32bd9eb2e089fbc6e55ea73bb489",
    "emailCaptcha": "",
    "username": "sDjKGOenAHqrE4R8gOHuReEZvE8oummN"
}

2023-06-14 10:44:32.413 | DEBUG    | httprunner.client:log_print:40 - 
================== response details ==================
status_code : 200
headers  : {
    "Server": "nginx",
    "Date": "Wed, 14 Jun 2023 02:44:32 GMT",
    "Content-Type": "application/json;charset=UTF-8",
    "Transfer-Encoding": "chunked",
    "Connection": "keep-alive",
    "Set-Cookie": "SESSION=MmMxYTg4NzgtMTUyMC00OTc0LWE5MTUtYzY5YzhmNTUwMmEx; Path=/; HttpOnly; SameSite=Lax",
    "X-Frame-Options": "SAMEORIGIN"
}
cookies  : {
    "SESSION": "MmMxYTg4NzgtMTUyMC00OTc0LWE5MTUtYzY5YzhmNTUwMmEx"
}
encoding : UTF-8
content_type : application/json;charset=UTF-8
body     : {
    "message": "success",
    "status": 1,
    "data": true
}

2023-06-14 10:44:32.413 | INFO     | httprunner.client:request:217 - status_code: 200, response_time(ms): 64.42 ms, response_length: 0 bytes
2023-06-14 10:44:32.413 | INFO     | httprunner.response:extract:179 - extract mapping: {'entSession': 'response.headers."Set-Cookie".session'}
2023-06-14 10:44:32.413 | INFO     | httprunner.response:validate:249 - assert status_code equal 200(int)	==> pass
2023-06-14 10:44:32.414 | INFO     | httprunner.response:validate:249 - assert headers."Content-Type" equal application/json;charset=UTF-8(str)	==> pass
2023-06-14 10:44:32.414 | INFO     | httprunner.response:validate:249 - assert body.message equal success(str)	==> pass
2023-06-14 10:44:32.414 | INFO     | httprunner.response:validate:249 - assert body.status equal 1(int)	==> pass
2023-06-14 10:44:32.414 | INFO     | httprunner.response:validate:249 - assert body.data equal True(bool)	==> pass
2023-06-14 10:44:32.414 | INFO     | httprunner.runner:__run_step:304 - run step end: 登录-企业用户 <<<<<<

2023-06-14 10:44:32.414 | INFO     | httprunner.runner:__run_step_testcase:286 - export variables: {'entSession': 'response.headers."Set-Cookie".session'}
2023-06-14 10:44:32.415 | INFO     | httprunner.runner:__run_step:304 - run step end: 登录-企业 <<<<<<

2023-06-14 10:44:32.415 | INFO     | httprunner.runner:__run_step:292 - run step begin: 前缀注册企业资质图片上传 >>>>>>
2023-06-14 10:44:32.415 | INFO     | httprunner.runner:__run_step:292 - run step begin: 前缀注册企业资质图片上传 >>>>>>
2023-06-14 10:44:32.535 | DEBUG    | httprunner.client:request:186 - client IP: 10.14.148.129, Port: 59409
2023-06-14 10:44:32.536 | DEBUG    | httprunner.client:request:194 - server IP: 139.198.116.76, Port: 8000
2023-06-14 10:44:32.538 | DEBUG    | httprunner.client:log_print:40 - 
================== request details ==================
method   : POST
url      : http://139.198.116.76:8000/api/file/img/upload
headers  : {
    "User-Agent": "Mozilla/5.0 (Macintosh; Intel Mac OS X 10_15_7) AppleWebKit/537.36 (KHTML, like Gecko) Chrome/105.0.0.0 Safari/537.36",
    "Accept-Encoding": "gzip, deflate",
    "Accept": "application/json, text/plain, */*",
    "Connection": "keep-alive",
    "Accept-Language": "zh-CN,zh;q=0.9",
    "Content-Type": "multipart/form-data; boundary=e2c7dd4183234dd1aa3ea7c19d577a9d",
    "HRUN-Request-ID": "HRUN-7a4cd5a7-ec8b-4743-855f-a9f9723b7c35-672417",
    "Cookie": "SESSION=MmMxYTg4NzgtMTUyMC00OTc0LWE5MTUtYzY5YzhmNTUwMmEx; SESSION=response.headers.\"Set-Cookie\".session",
    "Content-Length": "20435"
}
cookies  : {
    "SESSION": "MmMxYTg4NzgtMTUyMC00OTc0LWE5MTUtYzY5YzhmNTUwMmEx"
}
body     : upload file stream (OMITTED)

2023-06-14 10:44:32.539 | DEBUG    | httprunner.client:log_print:40 - 
================== response details ==================
status_code : 200
headers  : {
    "Server": "nginx",
    "Date": "Wed, 14 Jun 2023 02:44:32 GMT",
    "Content-Type": "application/json;charset=UTF-8",
    "Transfer-Encoding": "chunked",
    "Connection": "keep-alive",
    "X-Frame-Options": "SAMEORIGIN"
}
cookies  : {}
encoding : UTF-8
content_type : application/json;charset=UTF-8
body     : {
    "message": "success",
    "status": 1,
    "data": {
        "id": 2140,
        "path": "023d2ccf-e847-491d-82a3-05c47868b0c7.jpeg"
    }
}

2023-06-14 10:44:32.539 | INFO     | httprunner.client:request:217 - status_code: 200, response_time(ms): 118.43 ms, response_length: 0 bytes
2023-06-14 10:44:32.540 | INFO     | httprunner.response:extract:179 - extract mapping: {'imgId': 2140}
2023-06-14 10:44:32.541 | INFO     | httprunner.response:validate:249 - assert status_code equal 200(int)	==> pass
2023-06-14 10:44:32.541 | INFO     | httprunner.runner:__run_step:304 - run step end: 前缀注册企业资质图片上传 <<<<<<

2023-06-14 10:44:32.542 | INFO     | httprunner.runner:__run_step_testcase:286 - export variables: {'imgId': 2140}
2023-06-14 10:44:32.542 | INFO     | httprunner.runner:__run_step:304 - run step end: 前缀注册企业资质图片上传 <<<<<<

2023-06-14 10:44:32.543 | INFO     | httprunner.runner:__run_step:292 - run step begin: 前缀注册企业联系人身份证图片正面上传 >>>>>>
2023-06-14 10:44:32.544 | INFO     | httprunner.runner:__run_step:292 - run step begin: 前缀注册企业联系人身份证图片背面上传 >>>>>>
2023-06-14 10:44:32.674 | DEBUG    | httprunner.client:request:186 - client IP: 10.14.148.129, Port: 59409
2023-06-14 10:44:32.675 | DEBUG    | httprunner.client:request:194 - server IP: 139.198.116.76, Port: 8000
2023-06-14 10:44:32.676 | DEBUG    | httprunner.client:log_print:40 - 
================== request details ==================
method   : POST
url      : http://139.198.116.76:8000/api/file/img/upload
headers  : {
    "User-Agent": "Mozilla/5.0 (Macintosh; Intel Mac OS X 10_15_7) AppleWebKit/537.36 (KHTML, like Gecko) Chrome/105.0.0.0 Safari/537.36",
    "Accept-Encoding": "gzip, deflate",
    "Accept": "application/json, text/plain, */*",
    "Connection": "keep-alive",
    "Accept-Language": "zh-CN,zh;q=0.9",
    "Content-Type": "multipart/form-data; boundary=4f8d9d113dfe4391bc497662440f708e",
    "HRUN-Request-ID": "HRUN-7a4cd5a7-ec8b-4743-855f-a9f9723b7c35-672546",
    "Cookie": "SESSION=MmMxYTg4NzgtMTUyMC00OTc0LWE5MTUtYzY5YzhmNTUwMmEx; SESSION=response.headers.\"Set-Cookie\".session",
    "Content-Length": "20435"
}
cookies  : {
    "SESSION": "MmMxYTg4NzgtMTUyMC00OTc0LWE5MTUtYzY5YzhmNTUwMmEx"
}
body     : upload file stream (OMITTED)

2023-06-14 10:44:32.678 | DEBUG    | httprunner.client:log_print:40 - 
================== response details ==================
status_code : 200
headers  : {
    "Server": "nginx",
    "Date": "Wed, 14 Jun 2023 02:44:32 GMT",
    "Content-Type": "application/json;charset=UTF-8",
    "Transfer-Encoding": "chunked",
    "Connection": "keep-alive",
    "X-Frame-Options": "SAMEORIGIN"
}
cookies  : {}
encoding : UTF-8
content_type : application/json;charset=UTF-8
body     : {
    "message": "success",
    "status": 1,
    "data": {
        "id": 2141,
        "path": "f408172b-69c5-419c-8c63-81a57e74ffc8.jpeg"
    }
}

2023-06-14 10:44:32.678 | INFO     | httprunner.client:request:217 - status_code: 200, response_time(ms): 127.53 ms, response_length: 0 bytes
2023-06-14 10:44:32.679 | INFO     | httprunner.response:extract:179 - extract mapping: {'imgId_f': 2141}
2023-06-14 10:44:32.680 | INFO     | httprunner.response:validate:249 - assert status_code equal 200(int)	==> pass
2023-06-14 10:44:32.680 | INFO     | httprunner.runner:__run_step:304 - run step end: 前缀注册企业联系人身份证图片背面上传 <<<<<<

2023-06-14 10:44:32.681 | INFO     | httprunner.runner:__run_step_testcase:286 - export variables: {'imgId_f': 2141}
2023-06-14 10:44:32.681 | INFO     | httprunner.runner:__run_step:304 - run step end: 前缀注册企业联系人身份证图片正面上传 <<<<<<

2023-06-14 10:44:32.682 | INFO     | httprunner.runner:__run_step:292 - run step begin: 前缀注册企业联系人身份证图片背面上传 >>>>>>
2023-06-14 10:44:32.684 | INFO     | httprunner.runner:__run_step:292 - run step begin: 前缀注册企业联系人身份证图片背面上传 >>>>>>
2023-06-14 10:44:32.811 | DEBUG    | httprunner.client:request:186 - client IP: 10.14.148.129, Port: 59409
2023-06-14 10:44:32.812 | DEBUG    | httprunner.client:request:194 - server IP: 139.198.116.76, Port: 8000
2023-06-14 10:44:32.818 | DEBUG    | httprunner.client:log_print:40 - 
================== request details ==================
method   : POST
url      : http://139.198.116.76:8000/api/file/img/upload
headers  : {
    "User-Agent": "Mozilla/5.0 (Macintosh; Intel Mac OS X 10_15_7) AppleWebKit/537.36 (KHTML, like Gecko) Chrome/105.0.0.0 Safari/537.36",
    "Accept-Encoding": "gzip, deflate",
    "Accept": "application/json, text/plain, */*",
    "Connection": "keep-alive",
    "Accept-Language": "zh-CN,zh;q=0.9",
    "Content-Type": "multipart/form-data; boundary=b81d0a0cd93f4f79946ec977f43852ae",
    "HRUN-Request-ID": "HRUN-7a4cd5a7-ec8b-4743-855f-a9f9723b7c35-672686",
    "Cookie": "SESSION=MmMxYTg4NzgtMTUyMC00OTc0LWE5MTUtYzY5YzhmNTUwMmEx; SESSION=response.headers.\"Set-Cookie\".session",
    "Content-Length": "20435"
}
cookies  : {
    "SESSION": "MmMxYTg4NzgtMTUyMC00OTc0LWE5MTUtYzY5YzhmNTUwMmEx"
}
body     : upload file stream (OMITTED)

2023-06-14 10:44:32.820 | DEBUG    | httprunner.client:log_print:40 - 
================== response details ==================
status_code : 200
headers  : {
    "Server": "nginx",
    "Date": "Wed, 14 Jun 2023 02:44:32 GMT",
    "Content-Type": "application/json;charset=UTF-8",
    "Transfer-Encoding": "chunked",
    "Connection": "keep-alive",
    "X-Frame-Options": "SAMEORIGIN"
}
cookies  : {}
encoding : UTF-8
content_type : application/json;charset=UTF-8
body     : {
    "message": "success",
    "status": 1,
    "data": {
        "id": 2142,
        "path": "2777c6ea-a499-43a3-8ea7-c307c9ce1836.jpeg"
    }
}

2023-06-14 10:44:32.821 | INFO     | httprunner.client:request:217 - status_code: 200, response_time(ms): 124.86 ms, response_length: 0 bytes
2023-06-14 10:44:32.821 | INFO     | httprunner.response:extract:179 - extract mapping: {'imgId_b': 2142}
2023-06-14 10:44:32.822 | INFO     | httprunner.response:validate:249 - assert status_code equal 200(int)	==> pass
2023-06-14 10:44:32.822 | INFO     | httprunner.runner:__run_step:304 - run step end: 前缀注册企业联系人身份证图片背面上传 <<<<<<

2023-06-14 10:44:32.823 | INFO     | httprunner.runner:__run_step_testcase:286 - export variables: {'imgId_b': 2142}
2023-06-14 10:44:32.823 | INFO     | httprunner.runner:__run_step:304 - run step end: 前缀注册企业联系人身份证图片背面上传 <<<<<<

2023-06-14 10:44:32.824 | INFO     | httprunner.runner:__run_step:292 - run step begin: 企业注册第一步提交信息 >>>>>>
2023-06-14 10:44:32.826 | INFO     | httprunner.runner:__run_step:292 - run step begin: 企业注册第一步提交信息 >>>>>>
2023-06-14 10:44:33.002 | DEBUG    | httprunner.client:request:186 - client IP: 10.14.148.129, Port: 59409
2023-06-14 10:44:33.003 | DEBUG    | httprunner.client:request:194 - server IP: 139.198.116.76, Port: 8000
2023-06-14 10:44:33.011 | DEBUG    | httprunner.client:log_print:40 - 
================== request details ==================
method   : POST
url      : http://139.198.116.76:8000/api/v3/entApply/basicInfo/submit
headers  : {
    "User-Agent": "Mozilla/5.0 (Macintosh; Intel Mac OS X 10_15_7) AppleWebKit/537.36 (KHTML, like Gecko) Chrome/105.0.0.0 Safari/537.36",
    "Accept-Encoding": "gzip, deflate",
    "Accept": "application/json, text/plain, */*",
    "Connection": "keep-alive",
    "Accept-Language": "zh-CN,zh;q=0.9",
    "Content-Type": "application/json;charset=UTF-8",
    "HRUN-Request-ID": "HRUN-7a4cd5a7-ec8b-4743-855f-a9f9723b7c35-672827",
    "Cookie": "SESSION=MmMxYTg4NzgtMTUyMC00OTc0LWE5MTUtYzY5YzhmNTUwMmEx; SESSION=response.headers.\"Set-Cookie\".session",
    "Content-Length": "2557"
}
cookies  : {
    "SESSION": "MmMxYTg4NzgtMTUyMC00OTc0LWE5MTUtYzY5YzhmNTUwMmEx"
}
body     : {
    "applyStep": 2,
    "applyType": null,
    "area": [
        "110000",
        "110100",
        "110101"
    ],
    "cltrid": null,
    "contactCrtBackImgPath": null,
    "contactCrtBackImgRid": 2142,
    "contactCrtFrontImgPath": null,
    "contactCrtFrontImgRid": 2141,
    "contactCrtNo": "437852198410043974",
    "contactCrtType": 1,
    "contactEmail": "SD93cfUjDthVWevp@qaqseq.com",
    "contactName": "sDjKGOenAHqrE4R8gOHuReEZvE8oummN",
    "contactPhone": "13232436561",
    "createDate": null,
    "dataHostingContractFilePath": null,
    "dataHostingContractFileRid": null,
    "dataHostingOrg": null,
    "entGeneralId": null,
    "entInfoLicenses": [],
    "entInfoSerIndustrys": [],
    "entPrefix": "88.408.200131920373",
    "escrowId": null,
    "escrowOrgName": null,
    "establishDate": null,
    "extDomain": null,
    "extIpAddr": null,
    "extWebName": null,
    "finalAuditMsg": null,
    "finalAuditStatus": null,
    "firstAuditMsg": null,
    "firstAuditStatus": null,
    "id": null,
    "idRegNaImp": null,
    "industry": [
        "A",
        "01"
    ],
    "industryCategory": "A",
    "industrySpecific": "01",
    "isSubmit": 0,
    "legalCrtBackImgContent": null,
    "legalCrtBackImgPath": null,
    "legalCrtBackImgRid": 2142,
    "legalCrtFrontImgContent": null,
    "legalCrtFrontImgPath": null,
    "legalCrtFrontImgRid": 2141,
    "legalCrtNo": "437852198410043974",
    "legalCrtType": "1",
    "legalCrtTypeDesc": "中国居民身份证",
    "legalEmail": null,
    "legalFax": null,
    "legalName": "张三",
    "legalPhone": null,
    "orgAddr": "致真",
    "orgAddrCity": "110100",
    "orgAddrCityDesc": "市辖区",
    "orgAddrCounty": "110101",
    "orgAddrCountyDesc": "东城区",
    "orgAddrProvince": "110000",
    "orgAddrProvinceDesc": "北京市",
    "orgCategorySpecificDesc": "农、林、牧、渔业-农业",
    "orgCrtCode": "Op88AZmBb3GhxfLndhwlfkoSNpRCouZh",
    "orgCrtImgContent": null,
    "orgCrtImgPath": null,
    "orgCrtImgRid": 2140,
    "orgCrtType": "1",
    "orgDesc": null,
    "orgName": "qWFeRf9bVfTpGQHgFZlUx5OoVgU6N3i7",
    "orgNature": "1",
    "orgNatureDesc": "国有控股",
    "periodValidity": null,
    "regAuthority": null,
    "regCapital": null,
    "regRealNaImpName": null,
    "regRealNaImpType": null,
    "servHostingContractFilePath": null,
    "servHostingContractFileRid": null,
    "servHostingOrg": null,
    "servSysBuildContractFilePath": null,
    "servSysBuildContractFileRid": null,
    "servSysBuildName": null,
    "servSysBuildType": 1,
    "servSysOperContractFilePath": null,
    "servSysOperContractFileRid": null,
    "servSysOperName": null,
    "servSysOperType": 1,
    "svtrid": null,
    "thirdServiceMsg": null,
    "thirdServiceStatus": null,
    "updateDate": null,
    "userId": null,
    "userName": null,
    "website": null
}

2023-06-14 10:44:33.012 | DEBUG    | httprunner.client:log_print:40 - 
================== response details ==================
status_code : 200
headers  : {
    "Server": "nginx",
    "Date": "Wed, 14 Jun 2023 02:44:33 GMT",
    "Content-Type": "application/json;charset=UTF-8",
    "Transfer-Encoding": "chunked",
    "Connection": "keep-alive",
    "X-Frame-Options": "SAMEORIGIN"
}
cookies  : {}
encoding : UTF-8
content_type : application/json;charset=UTF-8
body     : {
    "message": "success",
    "status": 1,
    "data": true
}

2023-06-14 10:44:33.013 | INFO     | httprunner.client:request:217 - status_code: 200, response_time(ms): 174.42 ms, response_length: 0 bytes
2023-06-14 10:44:33.013 | INFO     | httprunner.response:validate:249 - assert status_code equal 200(int)	==> pass
2023-06-14 10:44:33.013 | INFO     | httprunner.response:validate:249 - assert body.message equal success(str)	==> pass
2023-06-14 10:44:33.014 | INFO     | httprunner.runner:__run_step:304 - run step end: 企业注册第一步提交信息 <<<<<<

2023-06-14 10:44:33.014 | INFO     | httprunner.runner:__run_step:304 - run step end: 企业注册第一步提交信息 <<<<<<

2023-06-14 10:44:33.015 | INFO     | httprunner.runner:__run_step:292 - run step begin: 企业注册查询注册信息 >>>>>>
2023-06-14 10:44:33.017 | INFO     | httprunner.runner:__run_step:292 - run step begin: 企业注册查询注册信息 >>>>>>
2023-06-14 10:44:33.106 | DEBUG    | httprunner.client:request:186 - client IP: 10.14.148.129, Port: 59409
2023-06-14 10:44:33.107 | DEBUG    | httprunner.client:request:194 - server IP: 139.198.116.76, Port: 8000
2023-06-14 10:44:33.108 | DEBUG    | httprunner.client:log_print:40 - 
================== request details ==================
method   : GET
url      : http://139.198.116.76:8000/api/v3/entApply/applyOrNot
headers  : {
    "User-Agent": "Mozilla/5.0 (Macintosh; Intel Mac OS X 10_15_7) AppleWebKit/537.36 (KHTML, like Gecko) Chrome/105.0.0.0 Safari/537.36",
    "Accept-Encoding": "gzip, deflate",
    "Accept": "application/json, text/plain, */*",
    "Connection": "keep-alive",
    "Accept-Language": "zh-CN,zh;q=0.9",
    "HRUN-Request-ID": "HRUN-7a4cd5a7-ec8b-4743-855f-a9f9723b7c35-673019",
    "Cookie": "SESSION=MmMxYTg4NzgtMTUyMC00OTc0LWE5MTUtYzY5YzhmNTUwMmEx; SESSION=response.headers.\"Set-Cookie\".session"
}
cookies  : {
    "SESSION": "MmMxYTg4NzgtMTUyMC00OTc0LWE5MTUtYzY5YzhmNTUwMmEx"
}
body     : None

2023-06-14 10:44:33.112 | DEBUG    | httprunner.client:log_print:40 - 
================== response details ==================
status_code : 200
headers  : {
    "Server": "nginx",
    "Date": "Wed, 14 Jun 2023 02:44:33 GMT",
    "Content-Type": "application/json;charset=UTF-8",
    "Transfer-Encoding": "chunked",
    "Connection": "keep-alive",
    "X-Frame-Options": "SAMEORIGIN"
}
cookies  : {}
encoding : UTF-8
content_type : application/json;charset=UTF-8
body     : {
    "message": "success",
    "status": 1,
    "data": {
        "nbmsEntApplyPO": {
            "id": 1145,
            "createDate": "2023-06-14 10:44:33",
            "updateDate": "2023-06-14 10:44:33",
            "applyType": null,
            "entGeneralId": null,
            "applyStep": 2,
            "isSubmit": 0,
            "entPrefix": "88.408.200131920373",
            "firstAuditStatus": null,
            "firstAuditMsg": null,
            "thirdServiceStatus": null,
            "thirdServiceMsg": null,
            "userName": "sDjKGOenAHqrE4R8gOHuReEZvE8oummN",
            "finalAuditStatus": null,
            "finalAuditMsg": null,
            "svtrid": null,
            "cltrid": null,
            "userId": 1356,
            "orgName": "qWFeRf9bVfTpGQHgFZlUx5OoVgU6N3i7",
            "orgNature": "1",
            "orgAddrProvince": "110000",
            "orgAddrCity": "110100",
            "orgAddrCounty": "110101",
            "orgAddr": "致真",
            "orgCrtType": "1",
            "orgCrtCode": "Op88AZmBb3GhxfLndhwlfkoSNpRCouZh",
            "legalName": "张三",
            "legalCrtType": "1",
            "legalCrtNo": "437852198410043974",
            "orgDesc": null,
            "industryCategory": "A",
            "industrySpecific": "01",
            "contactName": "sDjKGOenAHqrE4R8gOHuReEZvE8oummN",
            "contactPhone": "13232436561",
            "contactCrtType": 1,
            "contactCrtNo": "437852198410043974",
            "contactEmail": "SD93cfUjDthVWevp@qaqseq.com",
            "website": null,
            "regAuthority": null,
            "regCapital": null,
            "establishDate": null,
            "periodValidity": null,
            "legalEmail": null,
            "legalPhone": null,
            "legalFax": null,
            "servSysBuildType": null,
            "servSysBuildName": null,
            "servSysOperType": null,
            "servSysOperName": null,
            "dataHostingOrg": null,
            "servHostingOrg": null,
            "regRealNaImpType": null,
            "regRealNaImpName": null,
            "idRegNaImp": null,
            "extWebName": null,
            "extDomain": null,
            "extIpAddr": null,
            "orgCrtImgRid": 2140,
            "contactCrtFrontImgRid": 2141,
            "contactCrtBackImgRid": 2142,
            "legalCrtFrontImgRid": 2141,
            "legalCrtBackImgRid": 2142,
            "servSysBuildContractFileRid": null,
            "servSysOperContractFileRid": null,
            "dataHostingContractFileRid": null,
            "servHostingContractFileRid": null,
            "entInfoLicenses": [],
            "entInfoSyss": [],
            "entInfoSerIndustrys": [],
            "escrowId": null,
            "industryQualificationRid": null,
            "certificationRid": null,
            "openingBank": null,
            "bankCard": null,
            "verificationName": null,
            "orgNatureDesc": "国有控股",
            "orgCrtImgContent": null,
            "orgCategorySpecificDesc": "农、林、牧、渔业-农业",
            "orgAddrProvinceDesc": "北京市",
            "orgAddrCountyDesc": "东城区",
            "orgAddrCityDesc": "市辖区",
            "legalCrtTypeDesc": "中国居民身份证",
            "legalCrtFrontImgContent": null,
            "legalCrtBackImgContent": null,
            "orgCrtImgPath": "023d2ccf-e847-491d-82a3-05c47868b0c7.jpeg",
            "contactCrtFrontImgPath": "f408172b-69c5-419c-8c63-81a57e74ffc8.jpeg",
            "contactCrtBackImgPath": "2777c6ea-a499-43a3-8ea7-c307c9ce1836.jpeg",
            "legalCrtFrontImgPath": "f408172b-69c5-419c-8c63-81a57e74ffc8.jpeg",
            "legalCrtBackImgPath": "2777c6ea-a499-43a3-8ea7-c307c9ce1836.jpeg",
            "servSysBuildContractFilePath": null,
            "servSysOperContractFilePath": null,
            "dataHostingContractFilePath": null,
            "servHostingContractFilePath": null,
            "industryQualificationFilePath": null,
            "certificationFilePath": null,
            "escrowOrgName": null
        },
        "nbmsEntPO": null,
        "nbmsEntPrefixApplyPO": null,
        "needRelog": null,
        "applyStatus": 0
    }
}

2023-06-14 10:44:33.112 | INFO     | httprunner.client:request:217 - status_code: 200, response_time(ms): 86.94 ms, response_length: 0 bytes
2023-06-14 10:44:33.122 | INFO     | httprunner.response:extract:179 - extract mapping: {'applyId': 1145, 'userId': 1356, 'userName': 'sDjKGOenAHqrE4R8gOHuReEZvE8oummN', 'imgId_f': 2141, 'imgId_b': 2142, 'entId': None, 'entUserId': None, 'prefix': '88.408.200131920373', 'contactCrtNo': '437852198410043974', 'contactCrtType': 1, 'contactEmail': 'SD93cfUjDthVWevp@qaqseq.com', 'contactName': 'sDjKGOenAHqrE4R8gOHuReEZvE8oummN', 'contactPhone': '13232436561', 'industryCategory': 'A', 'industrySpecific': '01', 'orgName': 'qWFeRf9bVfTpGQHgFZlUx5OoVgU6N3i7', 'orgNature': '1', 'orgAddrProvince': '110000', 'orgAddrCity': '110100', 'orgAddrCounty': '110101', 'orgAddr': '致真', 'orgCrtType': '1', 'orgCrtCode': 'Op88AZmBb3GhxfLndhwlfkoSNpRCouZh', 'legalName': '张三', 'legalEmail': None, 'legalPhone': None, 'legalCrtType': '1', 'legalCrtNo': '437852198410043974', 'legalCrtFrontImgRid': 2141, 'legalCrtBackImgRid': 2142, 'orgCrtImgRid': 2140, 'imgId': 2140, 'orgNatureDesc': '国有控股', 'orgCategorySpecificDesc': '农、林、牧、渔业-农业', 'orgAddrProvinceDesc': '北京市', 'orgAddrCountyDesc': '东城区', 'orgAddrCityDesc': '市辖区', 'legalCrtTypeDesc': '中国居民身份证', 'createDate': '2023-06-14 10:44:33', 'updateDate': '2023-06-14 10:44:33', 'entInfoSyss_0_id': None, 'entInfoSyss_0_entApplyId': None, 'entApplyId': None, 'entInfoSyss_0_sysType': None, 'entInfoSyss_0_deployMode': None, 'entInfoSyss_0_deployAddr': None, 'entInfoSyss_0_deployAddrProvince': None, 'entInfoSyss_0_deployAddrCity': None, 'entInfoSyss_0_deployAddrCounty': None, 'entInfoSyss_1_id': None, 'entInfoSyss_1_entApplyId': None, 'entInfoSyss_1_sysType': None, 'entInfoSyss_1_deployMode': None, 'entInfoSyss_1_deployAddr': None, 'entInfoSyss_1_deployAddrProvince': None, 'entInfoSyss_1_deployAddrCity': None, 'entInfoSyss_1_deployAddrCounty': None, 'entInfoSyss_2_id': None, 'entInfoSyss_2_entApplyId': None, 'entInfoSyss_2_sysType': None, 'entInfoSyss_2_deployMode': None, 'entInfoSyss_2_deployAddr': None, 'entInfoSyss_2_deployAddrProvince': None, 'entInfoSyss_2_deployAddrCity': None, 'entInfoSyss_2_deployAddrCounty': None, 'entInfoSyss_3_id': None, 'entInfoSyss_3_entApplyId': None, 'entInfoSyss_3_sysType': None, 'entInfoSyss_3_deployMode': None, 'entInfoSyss_3_deployAddr': None, 'entInfoSyss_3_deployAddrProvince': None, 'entInfoSyss_3_deployAddrCity': None, 'entInfoSyss_3_deployAddrCounty': None}
2023-06-14 10:44:33.123 | INFO     | httprunner.response:validate:249 - assert status_code equal 200(int)	==> pass
2023-06-14 10:44:33.123 | INFO     | httprunner.response:validate:249 - assert body.message equal success(str)	==> pass
2023-06-14 10:44:33.124 | INFO     | httprunner.runner:__run_step:304 - run step end: 企业注册查询注册信息 <<<<<<

2023-06-14 10:44:33.124 | INFO     | httprunner.runner:__run_step_testcase:286 - export variables: {'entInfoSyss_3_sysType': None, 'entInfoSyss_1_deployMode': None, 'entInfoSyss_0_entApplyId': None, 'imgId_f': 2141, 'entId': None, 'legalCrtTypeDesc': '中国居民身份证', 'entInfoSyss_0_id': None, 'entInfoSyss_0_deployMode': None, 'entInfoSyss_0_deployAddrCity': None, 'entInfoSyss_3_deployAddrCity': None, 'legalCrtFrontImgRid': 2141, 'legalName': '张三', 'prefix': '88.408.200131920373', 'entInfoSyss_3_deployMode': None, 'entInfoSyss_1_deployAddrCounty': None, 'orgNatureDesc': '国有控股', 'userName': 'sDjKGOenAHqrE4R8gOHuReEZvE8oummN', 'entInfoSyss_0_deployAddrCounty': None, 'entInfoSyss_1_deployAddrProvince': None, 'contactEmail': 'SD93cfUjDthVWevp@qaqseq.com', 'entInfoSyss_2_deployAddrCity': None, 'legalPhone': None, 'legalCrtType': '1', 'updateDate': '2023-06-14 10:44:33', 'industryCategory': 'A', 'legalCrtNo': '437852198410043974', 'entInfoSyss_3_deployAddrProvince': None, 'entInfoSyss_3_deployAddrCounty': None, 'entInfoSyss_2_deployMode': None, 'orgAddrProvince': '110000', 'legalCrtBackImgRid': 2142, 'orgCategorySpecificDesc': '农、林、牧、渔业-农业', 'entInfoSyss_2_id': None, 'entApplyId': None, 'orgAddrProvinceDesc': '北京市', 'entInfoSyss_1_entApplyId': None, 'entInfoSyss_2_entApplyId': None, 'entInfoSyss_0_sysType': None, 'entInfoSyss_3_entApplyId': None, 'userId': 1356, 'entInfoSyss_2_sysType': None, 'orgAddrCity': '110100', 'orgCrtCode': 'Op88AZmBb3GhxfLndhwlfkoSNpRCouZh', 'entInfoSyss_0_deployAddr': None, 'entInfoSyss_2_deployAddrProvince': None, 'entInfoSyss_2_deployAddrCounty': None, 'entInfoSyss_3_deployAddr': None, 'orgAddrCityDesc': '市辖区', 'contactPhone': '13232436561', 'entInfoSyss_1_deployAddrCity': None, 'entInfoSyss_1_id': None, 'applyId': 1145, 'orgAddr': '致真', 'imgId_b': 2142, 'industrySpecific': '01', 'contactCrtNo': '437852198410043974', 'legalEmail': None, 'orgAddrCounty': '110101', 'entInfoSyss_0_deployAddrProvince': None, 'entInfoSyss_1_sysType': None, 'orgCrtType': '1', 'entInfoSyss_3_id': None, 'imgId': 2140, 'entInfoSyss_2_deployAddr': None, 'entUserId': None, 'contactName': 'sDjKGOenAHqrE4R8gOHuReEZvE8oummN', 'createDate': '2023-06-14 10:44:33', 'contactCrtType': 1, 'orgName': 'qWFeRf9bVfTpGQHgFZlUx5OoVgU6N3i7', 'orgAddrCountyDesc': '东城区', 'orgCrtImgRid': 2140, 'entInfoSyss_1_deployAddr': None, 'orgNature': '1'}
2023-06-14 10:44:33.125 | INFO     | httprunner.runner:__run_step:304 - run step end: 企业注册查询注册信息 <<<<<<

2023-06-14 10:44:33.125 | INFO     | httprunner.runner:__run_step:292 - run step begin: 企业注册第二步提交信息 >>>>>>
2023-06-14 10:44:33.127 | INFO     | httprunner.runner:__run_step:292 - run step begin: 企业注册第二步提交信息 >>>>>>
2023-06-14 10:44:33.200 | DEBUG    | httprunner.client:request:186 - client IP: 10.14.148.129, Port: 59409
2023-06-14 10:44:33.201 | DEBUG    | httprunner.client:request:194 - server IP: 139.198.116.76, Port: 8000
2023-06-14 10:44:33.204 | DEBUG    | httprunner.client:log_print:40 - 
================== request details ==================
method   : POST
url      : http://139.198.116.76:8000/api/v3/entApply/registerManageInfo
headers  : {
    "User-Agent": "Mozilla/5.0 (Macintosh; Intel Mac OS X 10_15_7) AppleWebKit/537.36 (KHTML, like Gecko) Chrome/105.0.0.0 Safari/537.36",
    "Accept-Encoding": "gzip, deflate",
    "Accept": "application/json, text/plain, */*",
    "Connection": "keep-alive",
    "Accept-Language": "zh-CN,zh;q=0.9",
    "Content-Type": "application/json;charset=UTF-8",
    "X-HTTP-Method-Override": "put",
    "HRUN-Request-ID": "HRUN-7a4cd5a7-ec8b-4743-855f-a9f9723b7c35-673128",
    "Cookie": "SESSION=MmMxYTg4NzgtMTUyMC00OTc0LWE5MTUtYzY5YzhmNTUwMmEx; SESSION=response.headers.\"Set-Cookie\".session",
    "Content-Length": "3282"
}
cookies  : {
    "SESSION": "MmMxYTg4NzgtMTUyMC00OTc0LWE5MTUtYzY5YzhmNTUwMmEx"
}
body     : {
    "applyStep": 3,
    "applyType": null,
    "cltrid": null,
    "contactCrtBackImgPath": null,
    "contactCrtBackImgRid": 2142,
    "contactCrtFrontImgPath": null,
    "contactCrtFrontImgRid": 2141,
    "contactCrtNo": "437852198410043974",
    "contactCrtType": 1,
    "contactEmail": "SD93cfUjDthVWevp@qaqseq.com",
    "contactName": "sDjKGOenAHqrE4R8gOHuReEZvE8oummN",
    "contactPhone": "13232436561",
    "createDate": "2023-06-14 10:44:33",
    "dataHostingContractFilePath": null,
    "dataHostingContractFileRid": null,
    "dataHostingOrg": null,
    "entGeneralId": null,
    "entInfoLicenses": [],
    "entInfoSerIndustrys": [],
    "entInfoSyss": [
        {
            "deployAddr": "致真",
            "deployAddrCity": "110100",
            "deployAddrCounty": "110101",
            "deployAddrProvince": "110000",
            "deployMode": 1,
            "ipPort": null,
            "name": null,
            "sysType": 1
        },
        {
            "deployAddr": "致真",
            "deployAddrCity": "110100",
            "deployAddrCounty": "110101",
            "deployAddrProvince": "110000",
            "deployMode": 1,
            "ipPort": null,
            "name": null,
            "sysType": 2
        },
        {
            "deployAddr": "天津",
            "deployAddrCity": "120100",
            "deployAddrCounty": "120101",
            "deployAddrProvince": "120000",
            "deployMode": 1,
            "ipPort": null,
            "name": null,
            "sysType": 3
        },
        {
            "deployAddr": "天津",
            "deployAddrCity": "120100",
            "deployAddrCounty": "120101",
            "deployAddrProvince": "120000",
            "deployMode": 1,
            "ipPort": null,
            "name": null,
            "sysType": 4
        }
    ],
    "entPrefix": "88.408.200131920373",
    "escrowId": null,
    "escrowOrgName": null,
    "establishDate": null,
    "extDomain": null,
    "extIpAddr": null,
    "extWebName": null,
    "finalAuditMsg": null,
    "finalAuditStatus": null,
    "firstAuditMsg": null,
    "firstAuditStatus": null,
    "id": 1145,
    "idRegNaImp": null,
    "industryCategory": "A",
    "industrySpecific": "01",
    "isSubmit": 0,
    "legalCrtBackImgContent": null,
    "legalCrtBackImgPath": null,
    "legalCrtBackImgRid": 2142,
    "legalCrtFrontImgContent": null,
    "legalCrtFrontImgPath": null,
    "legalCrtFrontImgRid": 2141,
    "legalCrtNo": "437852198410043974",
    "legalCrtType": "1",
    "legalCrtTypeDesc": "中国居民身份证",
    "legalEmail": null,
    "legalFax": null,
    "legalName": "张三",
    "legalPhone": null,
    "orgAddr": "致真",
    "orgAddrCity": "110100",
    "orgAddrCityDesc": "市辖区",
    "orgAddrCounty": "110101",
    "orgAddrCountyDesc": "东城区",
    "orgAddrProvince": "110000",
    "orgAddrProvinceDesc": "北京市",
    "orgCategorySpecificDesc": "农、林、牧、渔业-农业",
    "orgCrtCode": "Op88AZmBb3GhxfLndhwlfkoSNpRCouZh",
    "orgCrtImgContent": null,
    "orgCrtImgPath": null,
    "orgCrtImgRid": 2140,
    "orgCrtType": "1",
    "orgDesc": null,
    "orgName": "qWFeRf9bVfTpGQHgFZlUx5OoVgU6N3i7",
    "orgNature": "1",
    "orgNatureDesc": "1",
    "periodValidity": null,
    "regAuthority": null,
    "regCapital": null,
    "regRealNaImpName": null,
    "regRealNaImpType": null,
    "servHostingContractFilePath": null,
    "servHostingContractFileRid": null,
    "servHostingOrg": null,
    "servSysBuildContractFilePath": null,
    "servSysBuildContractFileRid": null,
    "servSysBuildName": null,
    "servSysBuildType": 1,
    "servSysOperContractFilePath": null,
    "servSysOperContractFileRid": null,
    "servSysOperName": null,
    "servSysOperType": 1,
    "svtrid": null,
    "thirdServiceMsg": null,
    "thirdServiceStatus": null,
    "updateDate": "2023-06-14 10:44:33",
    "userId": 1356,
    "userName": "sDjKGOenAHqrE4R8gOHuReEZvE8oummN",
    "website": null
}

2023-06-14 10:44:33.205 | DEBUG    | httprunner.client:log_print:40 - 
================== response details ==================
status_code : 200
headers  : {
    "Server": "nginx",
    "Date": "Wed, 14 Jun 2023 02:44:33 GMT",
    "Content-Type": "application/json;charset=UTF-8",
    "Transfer-Encoding": "chunked",
    "Connection": "keep-alive",
    "X-Frame-Options": "SAMEORIGIN"
}
cookies  : {}
encoding : UTF-8
content_type : application/json;charset=UTF-8
body     : {
    "message": "success",
    "status": 1,
    "data": true
}

2023-06-14 10:44:33.206 | INFO     | httprunner.client:request:217 - status_code: 200, response_time(ms): 71.93 ms, response_length: 0 bytes
2023-06-14 10:44:33.207 | INFO     | httprunner.response:validate:249 - assert status_code equal 200(int)	==> pass
2023-06-14 10:44:33.207 | INFO     | httprunner.response:validate:249 - assert body.message equal success(str)	==> pass
2023-06-14 10:44:33.208 | INFO     | httprunner.runner:__run_step:304 - run step end: 企业注册第二步提交信息 <<<<<<

2023-06-14 10:44:33.208 | INFO     | httprunner.runner:__run_step:304 - run step end: 企业注册第二步提交信息 <<<<<<

2023-06-14 10:44:33.210 | INFO     | httprunner.runner:__run_step:292 - run step begin: 企业注册查询注册信息 >>>>>>
2023-06-14 10:44:33.212 | INFO     | httprunner.runner:__run_step:292 - run step begin: 企业注册查询注册信息 >>>>>>
2023-06-14 10:44:33.304 | DEBUG    | httprunner.client:request:186 - client IP: 10.14.148.129, Port: 59409
2023-06-14 10:44:33.306 | DEBUG    | httprunner.client:request:194 - server IP: 139.198.116.76, Port: 8000
2023-06-14 10:44:33.307 | DEBUG    | httprunner.client:log_print:40 - 
================== request details ==================
method   : GET
url      : http://139.198.116.76:8000/api/v3/entApply/applyOrNot
headers  : {
    "User-Agent": "Mozilla/5.0 (Macintosh; Intel Mac OS X 10_15_7) AppleWebKit/537.36 (KHTML, like Gecko) Chrome/105.0.0.0 Safari/537.36",
    "Accept-Encoding": "gzip, deflate",
    "Accept": "application/json, text/plain, */*",
    "Connection": "keep-alive",
    "Accept-Language": "zh-CN,zh;q=0.9",
    "HRUN-Request-ID": "HRUN-7a4cd5a7-ec8b-4743-855f-a9f9723b7c35-673213",
    "Cookie": "SESSION=MmMxYTg4NzgtMTUyMC00OTc0LWE5MTUtYzY5YzhmNTUwMmEx; SESSION=response.headers.\"Set-Cookie\".session"
}
cookies  : {
    "SESSION": "MmMxYTg4NzgtMTUyMC00OTc0LWE5MTUtYzY5YzhmNTUwMmEx"
}
body     : None

2023-06-14 10:44:33.311 | DEBUG    | httprunner.client:log_print:40 - 
================== response details ==================
status_code : 200
headers  : {
    "Server": "nginx",
    "Date": "Wed, 14 Jun 2023 02:44:33 GMT",
    "Content-Type": "application/json;charset=UTF-8",
    "Transfer-Encoding": "chunked",
    "Connection": "keep-alive",
    "X-Frame-Options": "SAMEORIGIN"
}
cookies  : {}
encoding : UTF-8
content_type : application/json;charset=UTF-8
body     : {
    "message": "success",
    "status": 1,
    "data": {
        "nbmsEntApplyPO": {
            "id": 1145,
            "createDate": "2023-06-14 10:44:33",
            "updateDate": "2023-06-14 10:44:33",
            "applyType": null,
            "entGeneralId": null,
            "applyStep": 3,
            "isSubmit": 0,
            "entPrefix": "88.408.200131920373",
            "firstAuditStatus": null,
            "firstAuditMsg": null,
            "thirdServiceStatus": null,
            "thirdServiceMsg": null,
            "userName": "sDjKGOenAHqrE4R8gOHuReEZvE8oummN",
            "finalAuditStatus": null,
            "finalAuditMsg": null,
            "svtrid": null,
            "cltrid": null,
            "userId": 1356,
            "orgName": "qWFeRf9bVfTpGQHgFZlUx5OoVgU6N3i7",
            "orgNature": "1",
            "orgAddrProvince": "110000",
            "orgAddrCity": "110100",
            "orgAddrCounty": "110101",
            "orgAddr": "致真",
            "orgCrtType": "1",
            "orgCrtCode": "Op88AZmBb3GhxfLndhwlfkoSNpRCouZh",
            "legalName": "张三",
            "legalCrtType": "1",
            "legalCrtNo": "437852198410043974",
            "orgDesc": null,
            "industryCategory": "A",
            "industrySpecific": "01",
            "contactName": "sDjKGOenAHqrE4R8gOHuReEZvE8oummN",
            "contactPhone": "13232436561",
            "contactCrtType": 1,
            "contactCrtNo": "437852198410043974",
            "contactEmail": "SD93cfUjDthVWevp@qaqseq.com",
            "website": null,
            "regAuthority": null,
            "regCapital": null,
            "establishDate": null,
            "periodValidity": null,
            "legalEmail": null,
            "legalPhone": null,
            "legalFax": null,
            "servSysBuildType": 1,
            "servSysBuildName": null,
            "servSysOperType": 1,
            "servSysOperName": null,
            "dataHostingOrg": null,
            "servHostingOrg": null,
            "regRealNaImpType": null,
            "regRealNaImpName": null,
            "idRegNaImp": null,
            "extWebName": null,
            "extDomain": null,
            "extIpAddr": null,
            "orgCrtImgRid": 2140,
            "contactCrtFrontImgRid": 2141,
            "contactCrtBackImgRid": 2142,
            "legalCrtFrontImgRid": 2141,
            "legalCrtBackImgRid": 2142,
            "servSysBuildContractFileRid": null,
            "servSysOperContractFileRid": null,
            "dataHostingContractFileRid": null,
            "servHostingContractFileRid": null,
            "entInfoLicenses": [],
            "entInfoSyss": [
                {
                    "id": 2329,
                    "entApplyId": 1145,
                    "sysType": 1,
                    "deployMode": 1,
                    "deployAddr": "致真",
                    "deployAddrProvince": "110000",
                    "deployAddrCity": "110100",
                    "deployAddrCounty": "110101",
                    "name": null,
                    "ipPort": null
                },
                {
                    "id": 2330,
                    "entApplyId": 1145,
                    "sysType": 2,
                    "deployMode": 1,
                    "deployAddr": "致真",
                    "deployAddrProvince": "110000",
                    "deployAddrCity": "110100",
                    "deployAddrCounty": "110101",
                    "name": null,
                    "ipPort": null
                },
                {
                    "id": 2331,
                    "entApplyId": 1145,
                    "sysType": 3,
                    "deployMode": 1,
                    "deployAddr": "天津",
                    "deployAddrProvince": "120000",
                    "deployAddrCity": "120100",
                    "deployAddrCounty": "120101",
                    "name": null,
                    "ipPort": null
                },
                {
                    "id": 2332,
                    "entApplyId": 1145,
                    "sysType": 4,
                    "deployMode": 1,
                    "deployAddr": "天津",
                    "deployAddrProvince": "120000",
                    "deployAddrCity": "120100",
                    "deployAddrCounty": "120101",
                    "name": null,
                    "ipPort": null
                }
            ],
            "entInfoSerIndustrys": [],
            "escrowId": null,
            "industryQualificationRid": null,
            "certificationRid": null,
            "openingBank": null,
            "bankCard": null,
            "verificationName": null,
            "orgNatureDesc": "国有控股",
            "orgCrtImgContent": null,
            "orgCategorySpecificDesc": "农、林、牧、渔业-农业",
            "orgAddrProvinceDesc": "北京市",
            "orgAddrCountyDesc": "东城区",
            "orgAddrCityDesc": "市辖区",
            "legalCrtTypeDesc": "中国居民身份证",
            "legalCrtFrontImgContent": null,
            "legalCrtBackImgContent": null,
            "orgCrtImgPath": "023d2ccf-e847-491d-82a3-05c47868b0c7.jpeg",
            "contactCrtFrontImgPath": "f408172b-69c5-419c-8c63-81a57e74ffc8.jpeg",
            "contactCrtBackImgPath": "2777c6ea-a499-43a3-8ea7-c307c9ce1836.jpeg",
            "legalCrtFrontImgPath": "f408172b-69c5-419c-8c63-81a57e74ffc8.jpeg",
            "legalCrtBackImgPath": "2777c6ea-a499-43a3-8ea7-c307c9ce1836.jpeg",
            "servSysBuildContractFilePath": null,
            "servSysOperContractFilePath": null,
            "dataHostingContractFilePath": null,
            "servHostingContractFilePath": null,
            "industryQualificationFilePath": null,
            "certificationFilePath": null,
            "escrowOrgName": null
        },
        "nbmsEntPO": null,
        "nbmsEntPrefixApplyPO": null,
        "needRelog": null,
        "applyStatus": 0
    }
}

2023-06-14 10:44:33.312 | INFO     | httprunner.client:request:217 - status_code: 200, response_time(ms): 91.32 ms, response_length: 0 bytes
2023-06-14 10:44:33.315 | INFO     | httprunner.response:extract:179 - extract mapping: {'applyId': 1145, 'userId': 1356, 'userName': 'sDjKGOenAHqrE4R8gOHuReEZvE8oummN', 'imgId_f': 2141, 'imgId_b': 2142, 'entId': None, 'entUserId': None, 'prefix': '88.408.200131920373', 'contactCrtNo': '437852198410043974', 'contactCrtType': 1, 'contactEmail': 'SD93cfUjDthVWevp@qaqseq.com', 'contactName': 'sDjKGOenAHqrE4R8gOHuReEZvE8oummN', 'contactPhone': '13232436561', 'industryCategory': 'A', 'industrySpecific': '01', 'orgName': 'qWFeRf9bVfTpGQHgFZlUx5OoVgU6N3i7', 'orgNature': '1', 'orgAddrProvince': '110000', 'orgAddrCity': '110100', 'orgAddrCounty': '110101', 'orgAddr': '致真', 'orgCrtType': '1', 'orgCrtCode': 'Op88AZmBb3GhxfLndhwlfkoSNpRCouZh', 'legalName': '张三', 'legalEmail': None, 'legalPhone': None, 'legalCrtType': '1', 'legalCrtNo': '437852198410043974', 'legalCrtFrontImgRid': 2141, 'legalCrtBackImgRid': 2142, 'orgCrtImgRid': 2140, 'imgId': 2140, 'orgNatureDesc': '国有控股', 'orgCategorySpecificDesc': '农、林、牧、渔业-农业', 'orgAddrProvinceDesc': '北京市', 'orgAddrCountyDesc': '东城区', 'orgAddrCityDesc': '市辖区', 'legalCrtTypeDesc': '中国居民身份证', 'createDate': '2023-06-14 10:44:33', 'updateDate': '2023-06-14 10:44:33', 'entInfoSyss_0_id': 2329, 'entInfoSyss_0_entApplyId': 1145, 'entApplyId': 1145, 'entInfoSyss_0_sysType': 1, 'entInfoSyss_0_deployMode': 1, 'entInfoSyss_0_deployAddr': '致真', 'entInfoSyss_0_deployAddrProvince': '110000', 'entInfoSyss_0_deployAddrCity': '110100', 'entInfoSyss_0_deployAddrCounty': '110101', 'entInfoSyss_1_id': 2330, 'entInfoSyss_1_entApplyId': 1145, 'entInfoSyss_1_sysType': 2, 'entInfoSyss_1_deployMode': 1, 'entInfoSyss_1_deployAddr': '致真', 'entInfoSyss_1_deployAddrProvince': '110000', 'entInfoSyss_1_deployAddrCity': '110100', 'entInfoSyss_1_deployAddrCounty': '110101', 'entInfoSyss_2_id': 2331, 'entInfoSyss_2_entApplyId': 1145, 'entInfoSyss_2_sysType': 3, 'entInfoSyss_2_deployMode': 1, 'entInfoSyss_2_deployAddr': '天津', 'entInfoSyss_2_deployAddrProvince': '120000', 'entInfoSyss_2_deployAddrCity': '120100', 'entInfoSyss_2_deployAddrCounty': '120101', 'entInfoSyss_3_id': 2332, 'entInfoSyss_3_entApplyId': 1145, 'entInfoSyss_3_sysType': 4, 'entInfoSyss_3_deployMode': 1, 'entInfoSyss_3_deployAddr': '天津', 'entInfoSyss_3_deployAddrProvince': '120000', 'entInfoSyss_3_deployAddrCity': '120100', 'entInfoSyss_3_deployAddrCounty': '120101'}
2023-06-14 10:44:33.315 | INFO     | httprunner.response:validate:249 - assert status_code equal 200(int)	==> pass
2023-06-14 10:44:33.315 | INFO     | httprunner.response:validate:249 - assert body.message equal success(str)	==> pass
2023-06-14 10:44:33.316 | INFO     | httprunner.runner:__run_step:304 - run step end: 企业注册查询注册信息 <<<<<<

2023-06-14 10:44:33.316 | INFO     | httprunner.runner:__run_step_testcase:286 - export variables: {'entInfoSyss_3_sysType': 4, 'entInfoSyss_1_deployMode': 1, 'entInfoSyss_0_entApplyId': 1145, 'imgId_f': 2141, 'entId': None, 'legalCrtTypeDesc': '中国居民身份证', 'entInfoSyss_0_id': 2329, 'entInfoSyss_0_deployMode': 1, 'entInfoSyss_0_deployAddrCity': '110100', 'entInfoSyss_3_deployAddrCity': '120100', 'legalCrtFrontImgRid': 2141, 'legalName': '张三', 'prefix': '88.408.200131920373', 'entInfoSyss_3_deployMode': 1, 'entInfoSyss_1_deployAddrCounty': '110101', 'orgNatureDesc': '国有控股', 'userName': 'sDjKGOenAHqrE4R8gOHuReEZvE8oummN', 'entInfoSyss_0_deployAddrCounty': '110101', 'entInfoSyss_1_deployAddrProvince': '110000', 'contactEmail': 'SD93cfUjDthVWevp@qaqseq.com', 'entInfoSyss_2_deployAddrCity': '120100', 'legalPhone': None, 'legalCrtType': '1', 'updateDate': '2023-06-14 10:44:33', 'industryCategory': 'A', 'legalCrtNo': '437852198410043974', 'entInfoSyss_3_deployAddrProvince': '120000', 'entInfoSyss_3_deployAddrCounty': '120101', 'entInfoSyss_2_deployMode': 1, 'orgAddrProvince': '110000', 'legalCrtBackImgRid': 2142, 'orgCategorySpecificDesc': '农、林、牧、渔业-农业', 'entInfoSyss_2_id': 2331, 'entApplyId': 1145, 'orgAddrProvinceDesc': '北京市', 'entInfoSyss_1_entApplyId': 1145, 'entInfoSyss_2_entApplyId': 1145, 'entInfoSyss_0_sysType': 1, 'entInfoSyss_3_entApplyId': 1145, 'userId': 1356, 'entInfoSyss_2_sysType': 3, 'orgAddrCity': '110100', 'orgCrtCode': 'Op88AZmBb3GhxfLndhwlfkoSNpRCouZh', 'entInfoSyss_0_deployAddr': '致真', 'entInfoSyss_2_deployAddrProvince': '120000', 'entInfoSyss_2_deployAddrCounty': '120101', 'entInfoSyss_3_deployAddr': '天津', 'orgAddrCityDesc': '市辖区', 'contactPhone': '13232436561', 'entInfoSyss_1_deployAddrCity': '110100', 'entInfoSyss_1_id': 2330, 'applyId': 1145, 'orgAddr': '致真', 'imgId_b': 2142, 'industrySpecific': '01', 'contactCrtNo': '437852198410043974', 'legalEmail': None, 'orgAddrCounty': '110101', 'entInfoSyss_0_deployAddrProvince': '110000', 'entInfoSyss_1_sysType': 2, 'orgCrtType': '1', 'entInfoSyss_3_id': 2332, 'imgId': 2140, 'entInfoSyss_2_deployAddr': '天津', 'entUserId': None, 'contactName': 'sDjKGOenAHqrE4R8gOHuReEZvE8oummN', 'createDate': '2023-06-14 10:44:33', 'contactCrtType': 1, 'orgName': 'qWFeRf9bVfTpGQHgFZlUx5OoVgU6N3i7', 'orgAddrCountyDesc': '东城区', 'orgCrtImgRid': 2140, 'entInfoSyss_1_deployAddr': '致真', 'orgNature': '1'}
2023-06-14 10:44:33.317 | INFO     | httprunner.runner:__run_step:304 - run step end: 企业注册查询注册信息 <<<<<<

2023-06-14 10:44:33.318 | INFO     | httprunner.runner:__run_step:292 - run step begin: 企业注册最终第三步提交信息 >>>>>>
2023-06-14 10:44:33.319 | INFO     | httprunner.runner:__run_step:292 - run step begin: 企业注册最终第三步提交信息 >>>>>>
2023-06-14 10:44:33.493 | DEBUG    | httprunner.client:request:186 - client IP: 10.14.148.129, Port: 59409
2023-06-14 10:44:33.494 | DEBUG    | httprunner.client:request:194 - server IP: 139.198.116.76, Port: 8000
2023-06-14 10:44:33.496 | DEBUG    | httprunner.client:log_print:40 - 
================== request details ==================
method   : POST
url      : http://139.198.116.76:8000/api/v3/entApply/apply
headers  : {
    "User-Agent": "Mozilla/5.0 (Macintosh; Intel Mac OS X 10_15_7) AppleWebKit/537.36 (KHTML, like Gecko) Chrome/105.0.0.0 Safari/537.36",
    "Accept-Encoding": "gzip, deflate",
    "Accept": "application/json, text/plain, */*",
    "Connection": "keep-alive",
    "Accept-Language": "zh-CN,zh;q=0.9",
    "Content-Type": "application/json;charset=UTF-8",
    "HRUN-Request-ID": "HRUN-7a4cd5a7-ec8b-4743-855f-a9f9723b7c35-673320",
    "Cookie": "SESSION=MmMxYTg4NzgtMTUyMC00OTc0LWE5MTUtYzY5YzhmNTUwMmEx; SESSION=response.headers.\"Set-Cookie\".session",
    "Content-Length": "3282"
}
cookies  : {
    "SESSION": "MmMxYTg4NzgtMTUyMC00OTc0LWE5MTUtYzY5YzhmNTUwMmEx"
}
body     : {
    "applyStep": 4,
    "applyType": null,
    "cltrid": null,
    "contactCrtBackImgPath": null,
    "contactCrtBackImgRid": 2142,
    "contactCrtFrontImgPath": null,
    "contactCrtFrontImgRid": 2141,
    "contactCrtNo": "437852198410043974",
    "contactCrtType": 1,
    "contactEmail": "SD93cfUjDthVWevp@qaqseq.com",
    "contactName": "sDjKGOenAHqrE4R8gOHuReEZvE8oummN",
    "contactPhone": "13232436561",
    "createDate": "2023-06-14 10:44:33",
    "dataHostingContractFilePath": null,
    "dataHostingContractFileRid": null,
    "dataHostingOrg": null,
    "entGeneralId": null,
    "entInfoLicenses": [],
    "entInfoSerIndustrys": [],
    "entInfoSyss": [
        {
            "deployAddr": "致真",
            "deployAddrCity": "110100",
            "deployAddrCounty": "110101",
            "deployAddrProvince": "110000",
            "deployMode": 1,
            "ipPort": null,
            "name": null,
            "sysType": 2
        },
        {
            "deployAddr": "致真",
            "deployAddrCity": "110100",
            "deployAddrCounty": "110101",
            "deployAddrProvince": "110000",
            "deployMode": 1,
            "ipPort": null,
            "name": null,
            "sysType": 3
        },
        {
            "deployAddr": "天津",
            "deployAddrCity": "120100",
            "deployAddrCounty": "120101",
            "deployAddrProvince": "120000",
            "deployMode": 1,
            "ipPort": null,
            "name": null,
            "sysType": 4
        },
        {
            "deployAddr": "天津",
            "deployAddrCity": "120100",
            "deployAddrCounty": "120101",
            "deployAddrProvince": "120000",
            "deployMode": 1,
            "ipPort": null,
            "name": null,
            "sysType": 4
        }
    ],
    "entPrefix": "88.408.200131920373",
    "escrowId": null,
    "escrowOrgName": null,
    "establishDate": null,
    "extDomain": null,
    "extIpAddr": null,
    "extWebName": null,
    "finalAuditMsg": null,
    "finalAuditStatus": null,
    "firstAuditMsg": null,
    "firstAuditStatus": null,
    "id": 1145,
    "idRegNaImp": null,
    "industryCategory": "A",
    "industrySpecific": "01",
    "isSubmit": 0,
    "legalCrtBackImgContent": null,
    "legalCrtBackImgPath": null,
    "legalCrtBackImgRid": 2142,
    "legalCrtFrontImgContent": null,
    "legalCrtFrontImgPath": null,
    "legalCrtFrontImgRid": 2141,
    "legalCrtNo": "437852198410043974",
    "legalCrtType": "1",
    "legalCrtTypeDesc": "中国居民身份证",
    "legalEmail": null,
    "legalFax": null,
    "legalName": "张三",
    "legalPhone": null,
    "orgAddr": "致真",
    "orgAddrCity": "110100",
    "orgAddrCityDesc": "市辖区",
    "orgAddrCounty": "110101",
    "orgAddrCountyDesc": "东城区",
    "orgAddrProvince": "110000",
    "orgAddrProvinceDesc": "北京市",
    "orgCategorySpecificDesc": "农、林、牧、渔业-农业",
    "orgCrtCode": "Op88AZmBb3GhxfLndhwlfkoSNpRCouZh",
    "orgCrtImgContent": null,
    "orgCrtImgPath": null,
    "orgCrtImgRid": 2140,
    "orgCrtType": "1",
    "orgDesc": null,
    "orgName": "qWFeRf9bVfTpGQHgFZlUx5OoVgU6N3i7",
    "orgNature": "1",
    "orgNatureDesc": "1",
    "periodValidity": null,
    "regAuthority": null,
    "regCapital": null,
    "regRealNaImpName": null,
    "regRealNaImpType": null,
    "servHostingContractFilePath": null,
    "servHostingContractFileRid": null,
    "servHostingOrg": null,
    "servSysBuildContractFilePath": null,
    "servSysBuildContractFileRid": null,
    "servSysBuildName": null,
    "servSysBuildType": 1,
    "servSysOperContractFilePath": null,
    "servSysOperContractFileRid": null,
    "servSysOperName": null,
    "servSysOperType": 1,
    "svtrid": null,
    "thirdServiceMsg": null,
    "thirdServiceStatus": null,
    "updateDate": "2023-06-14 10:44:33",
    "userId": 1356,
    "userName": "sDjKGOenAHqrE4R8gOHuReEZvE8oummN",
    "website": null
}

2023-06-14 10:44:33.497 | DEBUG    | httprunner.client:log_print:40 - 
================== response details ==================
status_code : 200
headers  : {
    "Server": "nginx",
    "Date": "Wed, 14 Jun 2023 02:44:33 GMT",
    "Content-Type": "application/json;charset=UTF-8",
    "Transfer-Encoding": "chunked",
    "Connection": "keep-alive",
    "X-Frame-Options": "SAMEORIGIN"
}
cookies  : {}
encoding : UTF-8
content_type : application/json;charset=UTF-8
body     : {
    "message": "success",
    "status": 1,
    "data": true
}

2023-06-14 10:44:33.497 | INFO     | httprunner.client:request:217 - status_code: 200, response_time(ms): 172.46 ms, response_length: 0 bytes
2023-06-14 10:44:33.498 | INFO     | httprunner.response:validate:249 - assert status_code equal 200(int)	==> pass
2023-06-14 10:44:33.498 | INFO     | httprunner.response:validate:249 - assert body.message equal success(str)	==> pass
2023-06-14 10:44:33.499 | INFO     | httprunner.runner:__run_step:304 - run step end: 企业注册最终第三步提交信息 <<<<<<

2023-06-14 10:44:33.500 | INFO     | httprunner.runner:__run_step:304 - run step end: 企业注册最终第三步提交信息 <<<<<<

2023-06-14 10:44:33.501 | INFO     | httprunner.runner:__run_step:292 - run step begin: 登录-管理员 >>>>>>
2023-06-14 10:44:33.502 | INFO     | httprunner.runner:__run_step:292 - run step begin: 登录-企业用户 >>>>>>
2023-06-14 10:44:33.575 | DEBUG    | httprunner.client:request:186 - client IP: 10.14.148.129, Port: 59409
2023-06-14 10:44:33.576 | DEBUG    | httprunner.client:request:194 - server IP: 139.198.116.76, Port: 8000
2023-06-14 10:44:33.577 | DEBUG    | httprunner.client:log_print:40 - 
================== request details ==================
method   : POST
url      : http://139.198.116.76:8000/api/home/test/login
headers  : {
    "User-Agent": "python-requests/2.28.1",
    "Accept-Encoding": "gzip, deflate, br",
    "Accept": "*/*",
    "Connection": "keep-alive",
    "Content-Length": "144",
    "Content-Type": "application/json",
    "HRUN-Request-ID": "HRUN-7a4cd5a7-ec8b-4743-855f-a9f9723b7c35-673503",
    "Cookie": "SESSION=MmMxYTg4NzgtMTUyMC00OTc0LWE5MTUtYzY5YzhmNTUwMmEx"
}
cookies  : {
    "SESSION": "MmMxYTg4NzgtMTUyMC00OTc0LWE5MTUtYzY5YzhmNTUwMmEx"
}
body     : {
    "captcha": "0000",
    "captchaSign": "5d39bab12bba81ab59b3931d2ca06ee9603c3803355932be66974f122cab3502",
    "emailCaptcha": "",
    "username": "adminy"
}

2023-06-14 10:44:33.578 | DEBUG    | httprunner.client:log_print:40 - 
================== response details ==================
status_code : 200
headers  : {
    "Server": "nginx",
    "Date": "Wed, 14 Jun 2023 02:44:33 GMT",
    "Content-Type": "application/json;charset=UTF-8",
    "Transfer-Encoding": "chunked",
    "Connection": "keep-alive",
    "Set-Cookie": "SESSION=NDQ3MmRhZTEtZjJiYS00M2EwLTk3OGQtYzg0ZTYzNjIxZjE2; Path=/; HttpOnly; SameSite=Lax",
    "X-Frame-Options": "SAMEORIGIN"
}
cookies  : {
    "SESSION": "NDQ3MmRhZTEtZjJiYS00M2EwLTk3OGQtYzg0ZTYzNjIxZjE2"
}
encoding : UTF-8
content_type : application/json;charset=UTF-8
body     : {
    "message": "success",
    "status": 1,
    "data": true
}

2023-06-14 10:44:33.579 | INFO     | httprunner.client:request:217 - status_code: 200, response_time(ms): 71.99 ms, response_length: 0 bytes
2023-06-14 10:44:33.582 | INFO     | httprunner.response:extract:179 - extract mapping: {'adminSession': 'response.headers."Set-Cookie".session'}
2023-06-14 10:44:33.583 | INFO     | httprunner.response:validate:249 - assert status_code equal 200(int)	==> pass
2023-06-14 10:44:33.583 | INFO     | httprunner.response:validate:249 - assert headers."Content-Type" equal application/json;charset=UTF-8(str)	==> pass
2023-06-14 10:44:33.584 | INFO     | httprunner.response:validate:249 - assert body.message equal success(str)	==> pass
2023-06-14 10:44:33.584 | INFO     | httprunner.response:validate:249 - assert body.status equal 1(int)	==> pass
2023-06-14 10:44:33.584 | INFO     | httprunner.response:validate:249 - assert body.data equal True(bool)	==> pass
2023-06-14 10:44:33.585 | INFO     | httprunner.runner:__run_step:304 - run step end: 登录-企业用户 <<<<<<

2023-06-14 10:44:33.585 | INFO     | httprunner.runner:__run_step_testcase:286 - export variables: {'adminSession': 'response.headers."Set-Cookie".session'}
2023-06-14 10:44:33.585 | INFO     | httprunner.runner:__run_step:304 - run step end: 登录-管理员 <<<<<<

2023-06-14 10:44:33.586 | INFO     | httprunner.runner:__run_step:292 - run step begin: 年费费用查询 >>>>>>
2023-06-14 10:44:33.590 | INFO     | httprunner.runner:__run_step:292 - run step begin: 财务规则查询-年费 >>>>>>
2023-06-14 10:44:33.644 | DEBUG    | httprunner.client:request:186 - client IP: 10.14.148.129, Port: 59409
2023-06-14 10:44:33.645 | DEBUG    | httprunner.client:request:194 - server IP: 139.198.116.76, Port: 8000
2023-06-14 10:44:33.646 | DEBUG    | httprunner.client:log_print:40 - 
================== request details ==================
method   : GET
url      : http://139.198.116.76:8000/api/finance/rule/findRule?cache=1663837640684&moneyType=2&userId=1356
headers  : {
    "User-Agent": "Mozilla/5.0 (Macintosh; Intel Mac OS X 10_15_7) AppleWebKit/537.36 (KHTML, like Gecko) Chrome/98.0.4758.102 Safari/537.36 Edg/98.0.1108.56",
    "Accept-Encoding": "gzip, deflate",
    "Accept": "application/json, text/plain, */*",
    "Connection": "keep-alive",
    "Accept-Language": "zh-CN,zh;q=0.9,en;q=0.8,en-GB;q=0.7,en-US;q=0.6",
    "HRUN-Request-ID": "HRUN-7a4cd5a7-ec8b-4743-855f-a9f9723b7c35-673590",
    "Cookie": "SESSION=NDQ3MmRhZTEtZjJiYS00M2EwLTk3OGQtYzg0ZTYzNjIxZjE2; SESSION=response.headers.\"Set-Cookie\".session"
}
cookies  : {
    "SESSION": "NDQ3MmRhZTEtZjJiYS00M2EwLTk3OGQtYzg0ZTYzNjIxZjE2"
}
body     : None

2023-06-14 10:44:33.648 | DEBUG    | httprunner.client:log_print:40 - 
================== response details ==================
status_code : 200
headers  : {
    "Server": "nginx",
    "Date": "Wed, 14 Jun 2023 02:44:33 GMT",
    "Content-Type": "application/json;charset=UTF-8",
    "Transfer-Encoding": "chunked",
    "Connection": "keep-alive",
    "X-Frame-Options": "SAMEORIGIN"
}
cookies  : {}
encoding : UTF-8
content_type : application/json;charset=UTF-8
body     : {
    "message": "success",
    "status": 1,
    "data": [
        {
            "id": 78,
            "createDate": "2023-05-31 12:51:47",
            "updateDate": "2023-05-31 12:51:47",
            "name": "标准",
            "money": 10000.0,
            "moneyType": 2,
            "prefixCount": 1,
            "remart": "test",
            "entName": null,
            "entUserId": null,
            "ruleType": 2,
            "escrowId": null
        }
    ]
}

2023-06-14 10:44:33.649 | INFO     | httprunner.client:request:217 - status_code: 200, response_time(ms): 53.61 ms, response_length: 0 bytes
2023-06-14 10:44:33.651 | INFO     | httprunner.response:extract:179 - extract mapping: {'annualFeeRuleId': 78}
2023-06-14 10:44:33.652 | INFO     | httprunner.response:validate:249 - assert status_code equal 200(int)	==> pass
2023-06-14 10:44:33.652 | INFO     | httprunner.response:validate:249 - assert body.message equal success(str)	==> pass
2023-06-14 10:44:33.652 | INFO     | httprunner.response:validate:249 - assert body.status equal 1(int)	==> pass
2023-06-14 10:44:33.652 | INFO     | httprunner.runner:__run_step:304 - run step end: 财务规则查询-年费 <<<<<<

2023-06-14 10:44:33.653 | INFO     | httprunner.runner:__run_step_testcase:286 - export variables: {'annualFeeRuleId': 78}
2023-06-14 10:44:33.653 | INFO     | httprunner.runner:__run_step:304 - run step end: 年费费用查询 <<<<<<

2023-06-14 10:44:33.653 | INFO     | httprunner.runner:__run_step:292 - run step begin: 注册费费用查询 >>>>>>
2023-06-14 10:44:33.654 | INFO     | httprunner.runner:__run_step:292 - run step begin: 财务规则查询-注册费 >>>>>>
2023-06-14 10:44:33.715 | DEBUG    | httprunner.client:request:186 - client IP: 10.14.148.129, Port: 59409
2023-06-14 10:44:33.716 | DEBUG    | httprunner.client:request:194 - server IP: 139.198.116.76, Port: 8000
2023-06-14 10:44:33.717 | DEBUG    | httprunner.client:log_print:40 - 
================== request details ==================
method   : GET
url      : http://139.198.116.76:8000/api/finance/rule/findRule?moneyType=1&userId=1356
headers  : {
    "User-Agent": "Mozilla/5.0 (Macintosh; Intel Mac OS X 10_15_7) AppleWebKit/537.36 (KHTML, like Gecko) Chrome/98.0.4758.102 Safari/537.36 Edg/98.0.1108.56",
    "Accept-Encoding": "gzip, deflate",
    "Accept": "application/json, text/plain, */*",
    "Connection": "keep-alive",
    "Accept-Language": "zh-CN,zh;q=0.9,en;q=0.8,en-GB;q=0.7,en-US;q=0.6",
    "HRUN-Request-ID": "HRUN-7a4cd5a7-ec8b-4743-855f-a9f9723b7c35-673655",
    "Cookie": "SESSION=NDQ3MmRhZTEtZjJiYS00M2EwLTk3OGQtYzg0ZTYzNjIxZjE2; SESSION=response.headers.\"Set-Cookie\".session"
}
cookies  : {
    "SESSION": "NDQ3MmRhZTEtZjJiYS00M2EwLTk3OGQtYzg0ZTYzNjIxZjE2"
}
body     : None

2023-06-14 10:44:33.718 | DEBUG    | httprunner.client:log_print:40 - 
================== response details ==================
status_code : 200
headers  : {
    "Server": "nginx",
    "Date": "Wed, 14 Jun 2023 02:44:33 GMT",
    "Content-Type": "application/json;charset=UTF-8",
    "Transfer-Encoding": "chunked",
    "Connection": "keep-alive",
    "X-Frame-Options": "SAMEORIGIN"
}
cookies  : {}
encoding : UTF-8
content_type : application/json;charset=UTF-8
body     : {
    "message": "success",
    "status": 1,
    "data": [
        {
            "id": 77,
            "createDate": "2023-05-31 12:51:33",
            "updateDate": "2023-05-31 12:51:33",
            "name": "标准",
            "money": 10000.0,
            "moneyType": 1,
            "prefixCount": 1,
            "remart": "test",
            "entName": null,
            "entUserId": null,
            "ruleType": 2,
            "escrowId": null
        }
    ]
}

2023-06-14 10:44:33.719 | INFO     | httprunner.client:request:217 - status_code: 200, response_time(ms): 59.85 ms, response_length: 0 bytes
2023-06-14 10:44:33.720 | INFO     | httprunner.response:extract:179 - extract mapping: {'regFeeRuleId': 77}
2023-06-14 10:44:33.720 | INFO     | httprunner.response:validate:249 - assert status_code equal 200(int)	==> pass
2023-06-14 10:44:33.721 | INFO     | httprunner.response:validate:249 - assert body.message equal success(str)	==> pass
2023-06-14 10:44:33.721 | INFO     | httprunner.response:validate:249 - assert body.status equal 1(int)	==> pass
2023-06-14 10:44:33.722 | INFO     | httprunner.runner:__run_step:304 - run step end: 财务规则查询-注册费 <<<<<<

2023-06-14 10:44:33.722 | INFO     | httprunner.runner:__run_step_testcase:286 - export variables: {'regFeeRuleId': 77}
2023-06-14 10:44:33.723 | INFO     | httprunner.runner:__run_step:304 - run step end: 注册费费用查询 <<<<<<

2023-06-14 10:44:33.724 | INFO     | httprunner.runner:__run_step:292 - run step begin: 审核结果保存 >>>>>>
2023-06-14 10:44:33.726 | INFO     | httprunner.runner:__run_step:292 - run step begin: 企业审核保存 >>>>>>
2023-06-14 10:44:34.790 | DEBUG    | httprunner.client:request:186 - client IP: 10.14.148.129, Port: 59409
2023-06-14 10:44:34.791 | DEBUG    | httprunner.client:request:194 - server IP: 139.198.116.76, Port: 8000
2023-06-14 10:44:34.793 | DEBUG    | httprunner.client:log_print:40 - 
================== request details ==================
method   : POST
url      : http://139.198.116.76:8000/api/v3/ent/audit/save?annualFeeRuleId=78&applyId=1145&auditMsg=%E5%AE%A1%E6%A0%B8%E9%80%9A%E8%BF%87&auditResult=pass&entPrefix=88.408.200131920373&regFeeRuleId=77
headers  : {
    "User-Agent": "Mozilla/5.0 (Macintosh; Intel Mac OS X 10_15_7) AppleWebKit/537.36 (KHTML, like Gecko) Chrome/98.0.4758.102 Safari/537.36 Edg/98.0.1108.56",
    "Accept-Encoding": "gzip, deflate",
    "Accept": "application/json, text/plain, */*",
    "Connection": "keep-alive",
    "Accept-Language": "zh-CN,zh;q=0.9,en;q=0.8,en-GB;q=0.7,en-US;q=0.6",
    "Content-Length": "0",
    "HRUN-Request-ID": "HRUN-7a4cd5a7-ec8b-4743-855f-a9f9723b7c35-673726",
    "Cookie": "SESSION=NDQ3MmRhZTEtZjJiYS00M2EwLTk3OGQtYzg0ZTYzNjIxZjE2; SESSION=response.headers.\"Set-Cookie\".session"
}
cookies  : {
    "SESSION": "NDQ3MmRhZTEtZjJiYS00M2EwLTk3OGQtYzg0ZTYzNjIxZjE2"
}
body     : None

2023-06-14 10:44:34.794 | DEBUG    | httprunner.client:log_print:40 - 
================== response details ==================
status_code : 200
headers  : {
    "Server": "nginx",
    "Date": "Wed, 14 Jun 2023 02:44:34 GMT",
    "Content-Type": "application/json",
    "Transfer-Encoding": "chunked",
    "Connection": "keep-alive",
    "X-Frame-Options": "SAMEORIGIN"
}
cookies  : {}
encoding : utf-8
content_type : application/json
body     : {
    "message": "success",
    "status": 1,
    "data": true
}

2023-06-14 10:44:34.795 | INFO     | httprunner.client:request:217 - status_code: 200, response_time(ms): 1063.47 ms, response_length: 0 bytes
2023-06-14 10:44:34.795 | INFO     | httprunner.response:validate:249 - assert status_code equal 200(int)	==> pass
2023-06-14 10:44:34.796 | INFO     | httprunner.response:validate:249 - assert body.message equal success(str)	==> pass
2023-06-14 10:44:34.796 | INFO     | httprunner.response:validate:249 - assert body.status equal 1(int)	==> pass
2023-06-14 10:44:34.797 | INFO     | httprunner.response:validate:249 - assert body.data equal True(bool)	==> pass
2023-06-14 10:44:34.797 | INFO     | httprunner.runner:__run_step:304 - run step end: 企业审核保存 <<<<<<

2023-06-14 10:44:34.798 | INFO     | httprunner.runner:__run_step:304 - run step end: 审核结果保存 <<<<<<

2023-06-14 10:44:34.799 | INFO     | httprunner.runner:__run_step:292 - run step begin: 前缀管理分页 >>>>>>
2023-06-14 10:44:34.801 | INFO     | httprunner.runner:__run_step:292 - run step begin: 前缀管理分页 >>>>>>
2023-06-14 10:44:34.857 | DEBUG    | httprunner.client:request:186 - client IP: 10.14.148.129, Port: 59409
2023-06-14 10:44:34.859 | DEBUG    | httprunner.client:request:194 - server IP: 139.198.116.76, Port: 8000
2023-06-14 10:44:34.860 | DEBUG    | httprunner.client:log_print:40 - 
================== request details ==================
method   : GET
url      : http://139.198.116.76:8000/api/v3/ent/prefix/manage/pageQuery?cache=1663838231980&currentPage=1&entPrefix=88.408.200131920373&escrowOrgName=&order=&orderProp=
headers  : {
    "User-Agent": "Mozilla/5.0 (Macintosh; Intel Mac OS X 10_15_7) AppleWebKit/537.36 (KHTML, like Gecko) Chrome/98.0.4758.102 Safari/537.36 Edg/98.0.1108.56",
    "Accept-Encoding": "gzip, deflate",
    "Accept": "application/json, text/plain, */*",
    "Connection": "keep-alive",
    "Accept-Language": "zh-CN,zh;q=0.9,en;q=0.8,en-GB;q=0.7,en-US;q=0.6",
    "HRUN-Request-ID": "HRUN-7a4cd5a7-ec8b-4743-855f-a9f9723b7c35-674801",
    "Cookie": "SESSION=NDQ3MmRhZTEtZjJiYS00M2EwLTk3OGQtYzg0ZTYzNjIxZjE2; SESSION=response.headers.\"Set-Cookie\".session"
}
cookies  : {
    "SESSION": "NDQ3MmRhZTEtZjJiYS00M2EwLTk3OGQtYzg0ZTYzNjIxZjE2"
}
body     : None

2023-06-14 10:44:34.861 | DEBUG    | httprunner.client:log_print:40 - 
================== response details ==================
status_code : 200
headers  : {
    "Server": "nginx",
    "Date": "Wed, 14 Jun 2023 02:44:34 GMT",
    "Content-Type": "application/json",
    "Transfer-Encoding": "chunked",
    "Connection": "keep-alive",
    "X-Frame-Options": "SAMEORIGIN"
}
cookies  : {}
encoding : utf-8
content_type : application/json
body     : {
    "message": "success",
    "status": 1,
    "data": {
        "first": true,
        "last": true,
        "totalPages": 1,
        "totalElements": 1,
        "number": 1,
        "size": 10,
        "sort": {
            "sorted": false,
            "unsorted": true,
            "empty": true
        },
        "numberOfElements": 1,
        "content": [
            {
                "userId": 1356,
                "entPrefix": "88.408.200131920373",
                "state": 1,
                "entGeneralId": null,
                "entName": "qWFeRf9bVfTpGQHgFZlUx5OoVgU6N3i7",
                "escrowOrgName": null,
                "proxyState": 1,
                "createDate": "2023-06-14 10:44:35",
                "updateDate": "2023-06-14 10:44:35",
                "id": 581
            }
        ]
    }
}

2023-06-14 10:44:34.862 | INFO     | httprunner.client:request:217 - status_code: 200, response_time(ms): 55.79 ms, response_length: 0 bytes
2023-06-14 10:44:34.864 | INFO     | httprunner.response:extract:179 - extract mapping: {'userId': 1356, 'entPrefix': '88.408.200131920373', 'prefixId': 581, 'entNameCn': 'qWFeRf9bVfTpGQHgFZlUx5OoVgU6N3i7', 'proxyState': 1}
2023-06-14 10:44:34.864 | INFO     | httprunner.response:validate:249 - assert status_code equal 200(int)	==> pass
2023-06-14 10:44:34.865 | INFO     | httprunner.response:validate:249 - assert body.message equal success(str)	==> pass
2023-06-14 10:44:34.865 | INFO     | httprunner.runner:__run_step:304 - run step end: 前缀管理分页 <<<<<<

2023-06-14 10:44:34.866 | INFO     | httprunner.runner:__run_step_testcase:286 - export variables: {'proxyState': 1, 'prefixId': 581, 'entNameCn': 'qWFeRf9bVfTpGQHgFZlUx5OoVgU6N3i7', 'entPrefix': '88.408.200131920373', 'userId': 1356}
2023-06-14 10:44:34.866 | INFO     | httprunner.runner:__run_step:304 - run step end: 前缀管理分页 <<<<<<

2023-06-14 10:44:34.866 | INFO     | httprunner.runner:__run_step_testcase:286 - export variables: {'entPrefix': '88.408.200131920373'}
2023-06-14 10:44:34.867 | INFO     | httprunner.runner:__run_step:304 - run step end: 前缀注册 <<<<<<

2023-06-14 10:44:34.867 | INFO     | httprunner.runner:__run_step:292 - run step begin: 登录-管理员 >>>>>>
2023-06-14 10:44:34.870 | INFO     | httprunner.runner:__run_step:292 - run step begin: 登录-企业用户 >>>>>>
2023-06-14 10:44:34.947 | DEBUG    | httprunner.client:request:186 - client IP: 10.14.148.129, Port: 59409
2023-06-14 10:44:34.947 | DEBUG    | httprunner.client:request:194 - server IP: 139.198.116.76, Port: 8000
2023-06-14 10:44:34.948 | DEBUG    | httprunner.client:log_print:40 - 
================== request details ==================
method   : POST
url      : http://139.198.116.76:8000/api/home/test/login
headers  : {
    "User-Agent": "python-requests/2.28.1",
    "Accept-Encoding": "gzip, deflate, br",
    "Accept": "*/*",
    "Connection": "keep-alive",
    "Content-Length": "144",
    "Content-Type": "application/json",
    "HRUN-Request-ID": "HRUN-7a4cd5a7-ec8b-4743-855f-a9f9723b7c35-674870",
    "Cookie": "SESSION=NDQ3MmRhZTEtZjJiYS00M2EwLTk3OGQtYzg0ZTYzNjIxZjE2"
}
cookies  : {
    "SESSION": "NDQ3MmRhZTEtZjJiYS00M2EwLTk3OGQtYzg0ZTYzNjIxZjE2"
}
body     : {
    "captcha": "0000",
    "captchaSign": "5d39bab12bba81ab59b3931d2ca06ee9603c3803355932be66974f122cab3502",
    "emailCaptcha": "",
    "username": "adminy"
}

2023-06-14 10:44:34.950 | DEBUG    | httprunner.client:log_print:40 - 
================== response details ==================
status_code : 200
headers  : {
    "Server": "nginx",
    "Date": "Wed, 14 Jun 2023 02:44:34 GMT",
    "Content-Type": "application/json;charset=UTF-8",
    "Transfer-Encoding": "chunked",
    "Connection": "keep-alive",
    "Set-Cookie": "SESSION=OGZlMDFmNGItNDg2Yi00ODUyLWJiYzctOWE0ZTg0MmNjM2Zh; Path=/; HttpOnly; SameSite=Lax",
    "X-Frame-Options": "SAMEORIGIN"
}
cookies  : {
    "SESSION": "OGZlMDFmNGItNDg2Yi00ODUyLWJiYzctOWE0ZTg0MmNjM2Zh"
}
encoding : UTF-8
content_type : application/json;charset=UTF-8
body     : {
    "message": "success",
    "status": 1,
    "data": true
}

2023-06-14 10:44:34.950 | INFO     | httprunner.client:request:217 - status_code: 200, response_time(ms): 76.02 ms, response_length: 0 bytes
2023-06-14 10:44:34.950 | INFO     | httprunner.response:extract:179 - extract mapping: {'adminSession': 'response.headers."Set-Cookie".session'}
2023-06-14 10:44:34.951 | INFO     | httprunner.response:validate:249 - assert status_code equal 200(int)	==> pass
2023-06-14 10:44:34.951 | INFO     | httprunner.response:validate:249 - assert headers."Content-Type" equal application/json;charset=UTF-8(str)	==> pass
2023-06-14 10:44:34.951 | INFO     | httprunner.response:validate:249 - assert body.message equal success(str)	==> pass
2023-06-14 10:44:34.951 | INFO     | httprunner.response:validate:249 - assert body.status equal 1(int)	==> pass
2023-06-14 10:44:34.952 | INFO     | httprunner.response:validate:249 - assert body.data equal True(bool)	==> pass
2023-06-14 10:44:34.952 | INFO     | httprunner.runner:__run_step:304 - run step end: 登录-企业用户 <<<<<<

2023-06-14 10:44:34.952 | INFO     | httprunner.runner:__run_step_testcase:286 - export variables: {'adminSession': 'response.headers."Set-Cookie".session'}
2023-06-14 10:44:34.952 | INFO     | httprunner.runner:__run_step:304 - run step end: 登录-管理员 <<<<<<

2023-06-14 10:44:34.953 | INFO     | httprunner.runner:__run_step:292 - run step begin: 企业审核分页 >>>>>>
2023-06-14 10:44:34.954 | INFO     | httprunner.runner:__run_step:292 - run step begin: 前缀审核分页-通过 >>>>>>
2023-06-14 10:44:35.024 | DEBUG    | httprunner.client:request:186 - client IP: 10.14.148.129, Port: 59409
2023-06-14 10:44:35.025 | DEBUG    | httprunner.client:request:194 - server IP: 139.198.116.76, Port: 8000
2023-06-14 10:44:35.026 | DEBUG    | httprunner.client:log_print:40 - 
================== request details ==================
method   : GET
url      : http://139.198.116.76:8000/api/v3/ent/audit/pageQuery?cache=1663838692645&currentPage=1&escrowOrgName=&order=&orderProp=&orgName=&prefix=&auditState=2&rangeTime=
headers  : {
    "User-Agent": "Mozilla/5.0 (Macintosh; Intel Mac OS X 10_15_7) AppleWebKit/537.36 (KHTML, like Gecko) Chrome/98.0.4758.102 Safari/537.36 Edg/98.0.1108.56",
    "Accept-Encoding": "gzip, deflate",
    "Accept": "application/json, text/plain, */*",
    "Connection": "keep-alive",
    "Accept-Language": "zh-CN,zh;q=0.9,en;q=0.8,en-GB;q=0.7,en-US;q=0.6",
    "HRUN-Request-ID": "HRUN-7a4cd5a7-ec8b-4743-855f-a9f9723b7c35-674955",
    "Cookie": "SESSION=OGZlMDFmNGItNDg2Yi00ODUyLWJiYzctOWE0ZTg0MmNjM2Zh; SESSION=response.headers.\"Set-Cookie\".session"
}
cookies  : {
    "SESSION": "OGZlMDFmNGItNDg2Yi00ODUyLWJiYzctOWE0ZTg0MmNjM2Zh"
}
body     : None

2023-06-14 10:44:35.028 | DEBUG    | httprunner.client:log_print:40 - 
================== response details ==================
status_code : 200
headers  : {
    "Server": "nginx",
    "Date": "Wed, 14 Jun 2023 02:44:35 GMT",
    "Content-Type": "application/json",
    "Transfer-Encoding": "chunked",
    "Connection": "keep-alive",
    "X-Frame-Options": "SAMEORIGIN"
}
cookies  : {}
encoding : utf-8
content_type : application/json
body     : {
    "message": "success",
    "status": 1,
    "data": {
        "first": true,
        "last": false,
        "totalPages": 33,
        "totalElements": 330,
        "number": 1,
        "size": 10,
        "sort": {
            "sorted": false,
            "unsorted": true,
            "empty": true
        },
        "numberOfElements": 10,
        "content": [
            {
                "id": 1145,
                "escrowOrgName": null,
                "orgName": "qWFeRf9bVfTpGQHgFZlUx5OoVgU6N3i7",
                "entPrefix": "88.408.200131920373",
                "orgCrtCode": "Op88AZmBb3GhxfLndhwlfkoSNpRCouZh",
                "orgNature": 1,
                "applyType": 1,
                "thirdServiceStatus": 3,
                "firstAuditStatus": 2,
                "createDate": "2023-06-14 10:44:33",
                "updateDate": "2023-06-14 10:44:35"
            },
            {
                "id": 1144,
                "escrowOrgName": null,
                "orgName": "lKajFDjytMSi1LrqR14hRefUUxhpaQMZ",
                "entPrefix": "88.408.129670569489",
                "orgCrtCode": "LA60ih1pNLhfGFm18zwTrQLjfDXSpO8Z",
                "orgNature": 1,
                "applyType": 1,
                "thirdServiceStatus": 3,
                "firstAuditStatus": 2,
                "createDate": "2023-06-14 10:44:29",
                "updateDate": "2023-06-14 10:44:31"
            },
            {
                "id": 1143,
                "escrowOrgName": null,
                "orgName": "hIGFcegKkYvZbDUnVkaQKo9O6btBt8ug",
                "entPrefix": "88.408.196338695275",
                "orgCrtCode": "2bZnMFlEx0e1JVOvl9LFI10TO7FbKxWL",
                "orgNature": 1,
                "applyType": 1,
                "thirdServiceStatus": 3,
                "firstAuditStatus": 2,
                "createDate": "2023-06-14 10:44:25",
                "updateDate": "2023-06-14 10:44:26"
            },
            {
                "id": 1142,
                "escrowOrgName": null,
                "orgName": "n4PfHi4bfQssoSvlz9soLShffnU4RtqJ",
                "entPrefix": "88.408.305103426532",
                "orgCrtCode": "iGyqeyNVeiopTbf9RXcKhuVYkXsQtI4x",
                "orgNature": 1,
                "applyType": 1,
                "thirdServiceStatus": 3,
                "firstAuditStatus": 2,
                "createDate": "2023-06-14 10:44:18",
                "updateDate": "2023-06-14 10:44:20"
            },
            {
                "id": 1141,
                "escrowOrgName": null,
                "orgName": "r5FBXwrf2LLu8mEczNl5klOjhvMa8ZcN",
                "entPrefix": "88.408.4547426570",
                "orgCrtCode": "iIwRgN6HPOnecdJizrTdWPoJvIgp5PQX",
                "orgNature": 1,
                "applyType": 1,
                "thirdServiceStatus": 3,
                "firstAuditStatus": 2,
                "createDate": "2023-06-14 10:44:12",
                "updateDate": "2023-06-14 10:44:15"
            },
            {
                "id": 1140,
                "escrowOrgName": null,
                "orgName": "98g2XUeI8qVxrE23WqnyGJlT7Nkymd9H",
                "entPrefix": "88.408.297641261659",
                "orgCrtCode": "SIyo8Baq8mhrFWYnfjAzCMRSc0SgJSAY",
                "orgNature": 1,
                "applyType": 1,
                "thirdServiceStatus": 3,
                "firstAuditStatus": 2,
                "createDate": "2023-06-14 10:44:08",
                "updateDate": "2023-06-14 10:44:10"
            },
            {
                "id": 1138,
                "escrowOrgName": null,
                "orgName": "uoPgR7WgEiJnwv3G7TD2iU0jER77IguT",
                "entPrefix": "88.408.730631936832",
                "orgCrtCode": "5S6zusccSFwpO2i9r3Y6oov3lArdLyYW",
                "orgNature": 1,
                "applyType": 1,
                "thirdServiceStatus": 3,
                "firstAuditStatus": 2,
                "createDate": "2023-06-14 10:44:01",
                "updateDate": "2023-06-14 10:44:03"
            },
            {
                "id": 1137,
                "escrowOrgName": null,
                "orgName": "Y3rSQuICSCRMkTDfNyqll5XjcqVjTaCW",
                "entPrefix": "88.408.604178032956",
                "orgCrtCode": "pZWtaI2TDcxEztN9tUWLYo7WLrZVA8f9",
                "orgNature": 1,
                "applyType": 1,
                "thirdServiceStatus": 3,
                "firstAuditStatus": 2,
                "createDate": "2023-06-14 10:43:25",
                "updateDate": "2023-06-14 10:43:27"
            },
            {
                "id": 1136,
                "escrowOrgName": null,
                "orgName": "djbVNuzMsnuK9iDE6IZ2ZdNHCYOnJ0ga",
                "entPrefix": "88.408.786883648213",
                "orgCrtCode": "B2NT85Oc9HcGKptg7dRsXc8AblLmZJ7M",
                "orgNature": 1,
                "applyType": 1,
                "thirdServiceStatus": 3,
                "firstAuditStatus": 2,
                "createDate": "2023-06-14 10:43:21",
                "updateDate": "2023-06-14 10:43:22"
            },
            {
                "id": 1135,
                "escrowOrgName": null,
                "orgName": "43daIRzpAFt3l0yp4LQzMSkMvvlKWnH3",
                "entPrefix": "88.408.799601370460",
                "orgCrtCode": "zT80gA1pnUyf2yRCi7dZ3GAtufcN6M7j",
                "orgNature": 1,
                "applyType": 1,
                "thirdServiceStatus": 3,
                "firstAuditStatus": 2,
                "createDate": "2023-06-14 10:43:17",
                "updateDate": "2023-06-14 10:43:18"
            }
        ]
    }
}

2023-06-14 10:44:35.028 | INFO     | httprunner.client:request:217 - status_code: 200, response_time(ms): 69.35 ms, response_length: 0 bytes
2023-06-14 10:44:35.029 | INFO     | httprunner.response:validate:249 - assert status_code equal 200(int)	==> pass
2023-06-14 10:44:35.029 | INFO     | httprunner.response:validate:249 - assert body.message equal success(str)	==> pass
2023-06-14 10:44:35.029 | INFO     | httprunner.response:validate:249 - assert body.status equal 1(int)	==> pass
2023-06-14 10:44:35.030 | INFO     | httprunner.response:validate:249 - assert body.data.content[0].firstAuditStatus equal 2(int)	==> pass
2023-06-14 10:44:35.030 | INFO     | httprunner.runner:__run_step:304 - run step end: 前缀审核分页-通过 <<<<<<

2023-06-14 10:44:35.030 | INFO     | httprunner.runner:__run_step:304 - run step end: 企业审核分页 <<<<<<

