2023-06-14 15:54:44.828 | INFO     | httprunner.runner:test_start:450 - Start to run testcase: 申请记录分页-ent-35,36, TestCase ID: 7e0d7046-100b-46cc-a96f-d9725b5967d2
2023-06-14 15:54:44.829 | INFO     | httprunner.runner:__run_step:292 - run step begin: 用户注册 >>>>>>
2023-06-14 15:54:44.829 | INFO     | httprunner.runner:__run_step:292 - run step begin: 用户注册 >>>>>>
2023-06-14 15:54:44.934 | DEBUG    | httprunner.client:request:186 - client IP: 127.0.0.1, Port: 53230
2023-06-14 15:54:44.934 | DEBUG    | httprunner.client:request:194 - server IP: 127.0.0.1, Port: 8888
2023-06-14 15:54:44.934 | DEBUG    | httprunner.client:log_print:40 - 
================== request details ==================
method   : POST
url      : http://139.198.116.76:8000/api/home/test/registry
headers  : {
    "User-Agent": "Mozilla/5.0 (Windows NT 10.0; WOW64) AppleWebKit/537.36 (KHTML, like Gecko) Chrome/100.0.4896.60 Safari/537.36",
    "Accept-Encoding": "gzip, deflate",
    "Accept": "application/json, text/plain, */*",
    "Connection": "keep-alive",
    "Accept-Language": "zh-CN,zh;q=0.9",
    "HRUN-Request-ID": "HRUN-7e0d7046-100b-46cc-a96f-d9725b5967d2-284830",
    "Content-Length": "187",
    "Content-Type": "application/json"
}
cookies  : {}
body     : {
    "email": "Pf5K4XTXLfMk5Vtb@qaqseq.com",
    "mobile": "18898762209",
    "openId": "",
    "openUserName": "",
    "password": "Admin@123",
    "remarks": "",
    "username": "EK9atxr8Igquai31HSRmwK3i8UbT7g8g"
}

2023-06-14 15:54:44.936 | DEBUG    | httprunner.client:log_print:40 - 
================== response details ==================
status_code : 200
headers  : {
    "Server": "nginx",
    "Date": "Wed, 14 Jun 2023 07:54:45 GMT",
    "Content-Type": "application/json",
    "Transfer-Encoding": "chunked",
    "X-Frame-Options": "SAMEORIGIN",
    "Connection": "keep-alive"
}
cookies  : {}
encoding : utf-8
content_type : application/json
body     : {
    "message": "success",
    "status": 1,
    "data": true
}

2023-06-14 15:54:44.936 | INFO     | httprunner.client:request:217 - status_code: 200, response_time(ms): 104.35 ms, response_length: 0 bytes
2023-06-14 15:54:44.936 | INFO     | httprunner.response:validate:249 - assert status_code equal 200(int)	==> pass
2023-06-14 15:54:44.937 | INFO     | httprunner.response:validate:249 - assert body.message equal success(str)	==> pass
2023-06-14 15:54:44.937 | INFO     | httprunner.response:validate:249 - assert body.status equal 1(int)	==> pass
2023-06-14 15:54:44.937 | INFO     | httprunner.response:validate:249 - assert body.message contains success(str)	==> pass
2023-06-14 15:54:44.937 | INFO     | httprunner.response:validate:249 - assert body.status contained_by [1, 200](list)	==> pass
2023-06-14 15:54:44.937 | INFO     | httprunner.runner:__run_step:304 - run step end: 用户注册 <<<<<<

2023-06-14 15:54:44.937 | INFO     | httprunner.runner:__run_step:304 - run step end: 用户注册 <<<<<<

2023-06-14 15:54:44.937 | INFO     | httprunner.runner:__run_step:292 - run step begin: 登录-企业 >>>>>>
2023-06-14 15:54:44.937 | INFO     | httprunner.runner:__run_step:292 - run step begin: 登录-企业用户 >>>>>>
2023-06-14 15:54:45.003 | DEBUG    | httprunner.client:request:186 - client IP: 127.0.0.1, Port: 53230
2023-06-14 15:54:45.003 | DEBUG    | httprunner.client:request:194 - server IP: 127.0.0.1, Port: 8888
2023-06-14 15:54:45.003 | DEBUG    | httprunner.client:log_print:40 - 
================== request details ==================
method   : POST
url      : http://139.198.116.76:8000/api/home/test/login
headers  : {
    "User-Agent": "python-requests/2.28.1",
    "Accept-Encoding": "gzip, deflate, br",
    "Accept": "*/*",
    "Connection": "keep-alive",
    "Content-Length": "170",
    "Content-Type": "application/json",
    "HRUN-Request-ID": "HRUN-7e0d7046-100b-46cc-a96f-d9725b5967d2-284938"
}
cookies  : {}
body     : {
    "captcha": "0000",
    "captchaSign": "1c1c933a059c2a159da4fb8dfcdb3caaf3789dd4ef601b1a7cec745a3d562dfd",
    "emailCaptcha": "",
    "username": "EK9atxr8Igquai31HSRmwK3i8UbT7g8g"
}

2023-06-14 15:54:45.003 | DEBUG    | httprunner.client:log_print:40 - 
================== response details ==================
status_code : 200
headers  : {
    "Server": "nginx",
    "Date": "Wed, 14 Jun 2023 07:54:45 GMT",
    "Content-Type": "application/json;charset=UTF-8",
    "Transfer-Encoding": "chunked",
    "Set-Cookie": "SESSION=MjRhODI3NzctNWMyYi00YmI0LTkxNzctMDhlZjZjNDU3YmUz; Path=/; HttpOnly; SameSite=Lax",
    "X-Frame-Options": "SAMEORIGIN",
    "Connection": "keep-alive"
}
cookies  : {
    "SESSION": "MjRhODI3NzctNWMyYi00YmI0LTkxNzctMDhlZjZjNDU3YmUz"
}
encoding : UTF-8
content_type : application/json;charset=UTF-8
body     : {
    "message": "success",
    "status": 1,
    "data": true
}

2023-06-14 15:54:45.003 | INFO     | httprunner.client:request:217 - status_code: 200, response_time(ms): 64.98 ms, response_length: 0 bytes
2023-06-14 15:54:45.003 | INFO     | httprunner.response:extract:179 - extract mapping: {'entSession': 'response.headers."Set-Cookie".session'}
2023-06-14 15:54:45.003 | INFO     | httprunner.response:validate:249 - assert status_code equal 200(int)	==> pass
2023-06-14 15:54:45.003 | INFO     | httprunner.response:validate:249 - assert headers."Content-Type" equal application/json;charset=UTF-8(str)	==> pass
2023-06-14 15:54:45.003 | INFO     | httprunner.response:validate:249 - assert body.message equal success(str)	==> pass
2023-06-14 15:54:45.004 | INFO     | httprunner.response:validate:249 - assert body.status equal 1(int)	==> pass
2023-06-14 15:54:45.004 | INFO     | httprunner.response:validate:249 - assert body.data equal True(bool)	==> pass
2023-06-14 15:54:45.004 | INFO     | httprunner.runner:__run_step:304 - run step end: 登录-企业用户 <<<<<<

2023-06-14 15:54:45.004 | INFO     | httprunner.runner:__run_step_testcase:286 - export variables: {'entSession': 'response.headers."Set-Cookie".session'}
2023-06-14 15:54:45.004 | INFO     | httprunner.runner:__run_step:304 - run step end: 登录-企业 <<<<<<

2023-06-14 15:54:45.004 | INFO     | httprunner.runner:__run_step:292 - run step begin: 前缀注册企业资质图片上传 >>>>>>
2023-06-14 15:54:45.004 | INFO     | httprunner.runner:__run_step:292 - run step begin: 前缀注册企业资质图片上传 >>>>>>
2023-06-14 15:54:45.113 | DEBUG    | httprunner.client:request:186 - client IP: 127.0.0.1, Port: 53230
2023-06-14 15:54:45.114 | DEBUG    | httprunner.client:request:194 - server IP: 127.0.0.1, Port: 8888
2023-06-14 15:54:45.114 | DEBUG    | httprunner.client:log_print:40 - 
================== request details ==================
method   : POST
url      : http://139.198.116.76:8000/api/file/img/upload
headers  : {
    "User-Agent": "Mozilla/5.0 (Macintosh; Intel Mac OS X 10_15_7) AppleWebKit/537.36 (KHTML, like Gecko) Chrome/105.0.0.0 Safari/537.36",
    "Accept-Encoding": "gzip, deflate",
    "Accept": "application/json, text/plain, */*",
    "Connection": "keep-alive",
    "Accept-Language": "zh-CN,zh;q=0.9",
    "Content-Type": "multipart/form-data; boundary=5e88468f924142acb522d2d0ebd450ca",
    "HRUN-Request-ID": "HRUN-7e0d7046-100b-46cc-a96f-d9725b5967d2-285006",
    "Cookie": "SESSION=MjRhODI3NzctNWMyYi00YmI0LTkxNzctMDhlZjZjNDU3YmUz; SESSION=response.headers.\"Set-Cookie\".session",
    "Content-Length": "20435"
}
cookies  : {
    "SESSION": "MjRhODI3NzctNWMyYi00YmI0LTkxNzctMDhlZjZjNDU3YmUz"
}
body     : upload file stream (OMITTED)

2023-06-14 15:54:45.115 | DEBUG    | httprunner.client:log_print:40 - 
================== response details ==================
status_code : 200
headers  : {
    "Server": "nginx",
    "Date": "Wed, 14 Jun 2023 07:54:45 GMT",
    "Content-Type": "application/json;charset=UTF-8",
    "Transfer-Encoding": "chunked",
    "X-Frame-Options": "SAMEORIGIN",
    "Connection": "keep-alive"
}
cookies  : {}
encoding : UTF-8
content_type : application/json;charset=UTF-8
body     : {
    "message": "success",
    "status": 1,
    "data": {
        "id": 2236,
        "path": "de2ebb96-3659-4212-b806-9bda8c95e9ea.jpeg"
    }
}

2023-06-14 15:54:45.115 | INFO     | httprunner.client:request:217 - status_code: 200, response_time(ms): 106.92 ms, response_length: 0 bytes
2023-06-14 15:54:45.116 | INFO     | httprunner.response:extract:179 - extract mapping: {'imgId': 2236}
2023-06-14 15:54:45.116 | INFO     | httprunner.response:validate:249 - assert status_code equal 200(int)	==> pass
2023-06-14 15:54:45.116 | INFO     | httprunner.runner:__run_step:304 - run step end: 前缀注册企业资质图片上传 <<<<<<

2023-06-14 15:54:45.117 | INFO     | httprunner.runner:__run_step_testcase:286 - export variables: {'imgId': 2236}
2023-06-14 15:54:45.117 | INFO     | httprunner.runner:__run_step:304 - run step end: 前缀注册企业资质图片上传 <<<<<<

2023-06-14 15:54:45.117 | INFO     | httprunner.runner:__run_step:292 - run step begin: 前缀注册企业联系人身份证图片正面上传 >>>>>>
2023-06-14 15:54:45.117 | INFO     | httprunner.runner:__run_step:292 - run step begin: 前缀注册企业联系人身份证图片背面上传 >>>>>>
2023-06-14 15:54:45.217 | DEBUG    | httprunner.client:request:186 - client IP: 127.0.0.1, Port: 53230
2023-06-14 15:54:45.217 | DEBUG    | httprunner.client:request:194 - server IP: 127.0.0.1, Port: 8888
2023-06-14 15:54:45.218 | DEBUG    | httprunner.client:log_print:40 - 
================== request details ==================
method   : POST
url      : http://139.198.116.76:8000/api/file/img/upload
headers  : {
    "User-Agent": "Mozilla/5.0 (Macintosh; Intel Mac OS X 10_15_7) AppleWebKit/537.36 (KHTML, like Gecko) Chrome/105.0.0.0 Safari/537.36",
    "Accept-Encoding": "gzip, deflate",
    "Accept": "application/json, text/plain, */*",
    "Connection": "keep-alive",
    "Accept-Language": "zh-CN,zh;q=0.9",
    "Content-Type": "multipart/form-data; boundary=ee45eda125f44d68969ea75198ef98a8",
    "HRUN-Request-ID": "HRUN-7e0d7046-100b-46cc-a96f-d9725b5967d2-285118",
    "Cookie": "SESSION=MjRhODI3NzctNWMyYi00YmI0LTkxNzctMDhlZjZjNDU3YmUz; SESSION=response.headers.\"Set-Cookie\".session",
    "Content-Length": "20435"
}
cookies  : {
    "SESSION": "MjRhODI3NzctNWMyYi00YmI0LTkxNzctMDhlZjZjNDU3YmUz"
}
body     : upload file stream (OMITTED)

2023-06-14 15:54:45.219 | DEBUG    | httprunner.client:log_print:40 - 
================== response details ==================
status_code : 200
headers  : {
    "Server": "nginx",
    "Date": "Wed, 14 Jun 2023 07:54:45 GMT",
    "Content-Type": "application/json;charset=UTF-8",
    "Transfer-Encoding": "chunked",
    "X-Frame-Options": "SAMEORIGIN",
    "Connection": "keep-alive"
}
cookies  : {}
encoding : UTF-8
content_type : application/json;charset=UTF-8
body     : {
    "message": "success",
    "status": 1,
    "data": {
        "id": 2237,
        "path": "22b54e83-6064-49af-a643-c66a3e65eaab.jpeg"
    }
}

2023-06-14 15:54:45.219 | INFO     | httprunner.client:request:217 - status_code: 200, response_time(ms): 98.82 ms, response_length: 0 bytes
2023-06-14 15:54:45.219 | INFO     | httprunner.response:extract:179 - extract mapping: {'imgId_f': 2237}
2023-06-14 15:54:45.220 | INFO     | httprunner.response:validate:249 - assert status_code equal 200(int)	==> pass
2023-06-14 15:54:45.220 | INFO     | httprunner.runner:__run_step:304 - run step end: 前缀注册企业联系人身份证图片背面上传 <<<<<<

2023-06-14 15:54:45.220 | INFO     | httprunner.runner:__run_step_testcase:286 - export variables: {'imgId_f': 2237}
2023-06-14 15:54:45.220 | INFO     | httprunner.runner:__run_step:304 - run step end: 前缀注册企业联系人身份证图片正面上传 <<<<<<

2023-06-14 15:54:45.220 | INFO     | httprunner.runner:__run_step:292 - run step begin: 前缀注册企业联系人身份证图片背面上传 >>>>>>
2023-06-14 15:54:45.220 | INFO     | httprunner.runner:__run_step:292 - run step begin: 前缀注册企业联系人身份证图片背面上传 >>>>>>
2023-06-14 15:54:45.319 | DEBUG    | httprunner.client:request:186 - client IP: 127.0.0.1, Port: 53230
2023-06-14 15:54:45.319 | DEBUG    | httprunner.client:request:194 - server IP: 127.0.0.1, Port: 8888
2023-06-14 15:54:45.320 | DEBUG    | httprunner.client:log_print:40 - 
================== request details ==================
method   : POST
url      : http://139.198.116.76:8000/api/file/img/upload
headers  : {
    "User-Agent": "Mozilla/5.0 (Macintosh; Intel Mac OS X 10_15_7) AppleWebKit/537.36 (KHTML, like Gecko) Chrome/105.0.0.0 Safari/537.36",
    "Accept-Encoding": "gzip, deflate",
    "Accept": "application/json, text/plain, */*",
    "Connection": "keep-alive",
    "Accept-Language": "zh-CN,zh;q=0.9",
    "Content-Type": "multipart/form-data; boundary=a908c7de1e6f4833b54fee8c8e5b38fb",
    "HRUN-Request-ID": "HRUN-7e0d7046-100b-46cc-a96f-d9725b5967d2-285221",
    "Cookie": "SESSION=MjRhODI3NzctNWMyYi00YmI0LTkxNzctMDhlZjZjNDU3YmUz; SESSION=response.headers.\"Set-Cookie\".session",
    "Content-Length": "20435"
}
cookies  : {
    "SESSION": "MjRhODI3NzctNWMyYi00YmI0LTkxNzctMDhlZjZjNDU3YmUz"
}
body     : upload file stream (OMITTED)

2023-06-14 15:54:45.321 | DEBUG    | httprunner.client:log_print:40 - 
================== response details ==================
status_code : 200
headers  : {
    "Server": "nginx",
    "Date": "Wed, 14 Jun 2023 07:54:45 GMT",
    "Content-Type": "application/json;charset=UTF-8",
    "Transfer-Encoding": "chunked",
    "X-Frame-Options": "SAMEORIGIN",
    "Connection": "keep-alive"
}
cookies  : {}
encoding : UTF-8
content_type : application/json;charset=UTF-8
body     : {
    "message": "success",
    "status": 1,
    "data": {
        "id": 2238,
        "path": "ff793730-0559-47b6-aa7a-78041403a002.jpeg"
    }
}

2023-06-14 15:54:45.321 | INFO     | httprunner.client:request:217 - status_code: 200, response_time(ms): 98.0 ms, response_length: 0 bytes
2023-06-14 15:54:45.322 | INFO     | httprunner.response:extract:179 - extract mapping: {'imgId_b': 2238}
2023-06-14 15:54:45.322 | INFO     | httprunner.response:validate:249 - assert status_code equal 200(int)	==> pass
2023-06-14 15:54:45.322 | INFO     | httprunner.runner:__run_step:304 - run step end: 前缀注册企业联系人身份证图片背面上传 <<<<<<

2023-06-14 15:54:45.322 | INFO     | httprunner.runner:__run_step_testcase:286 - export variables: {'imgId_b': 2238}
2023-06-14 15:54:45.323 | INFO     | httprunner.runner:__run_step:304 - run step end: 前缀注册企业联系人身份证图片背面上传 <<<<<<

2023-06-14 15:54:45.323 | INFO     | httprunner.runner:__run_step:292 - run step begin: 企业注册第一步提交信息 >>>>>>
2023-06-14 15:54:45.323 | INFO     | httprunner.runner:__run_step:292 - run step begin: 企业注册第一步提交信息 >>>>>>
