2023-06-26 10:32:53.035 | INFO     | httprunner.runner:test_start:450 - Start to run testcase: 企业注册信息用例集, TestCase ID: 7fe90f94-defc-4f4a-97d8-d04088c4f556
2023-06-26 10:32:53.035 | INFO     | httprunner.runner:__run_step:292 - run step begin: 用户注册 >>>>>>
2023-06-26 10:32:53.036 | INFO     | httprunner.runner:__run_step:292 - run step begin: 用户注册 >>>>>>
2023-06-26 10:32:53.172 | DEBUG    | httprunner.client:request:186 - client IP: 127.0.0.1, Port: 50797
2023-06-26 10:32:53.172 | DEBUG    | httprunner.client:request:194 - server IP: 127.0.0.1, Port: 8888
2023-06-26 10:32:53.172 | DEBUG    | httprunner.client:log_print:40 - 
================== request details ==================
method   : POST
url      : http://139.198.116.76:8000/api/home/test/registry
headers  : {
    "User-Agent": "Mozilla/5.0 (Windows NT 10.0; WOW64) AppleWebKit/537.36 (KHTML, like Gecko) Chrome/100.0.4896.60 Safari/537.36",
    "Accept-Encoding": "gzip, deflate",
    "Accept": "application/json, text/plain, */*",
    "Connection": "keep-alive",
    "Accept-Language": "zh-CN,zh;q=0.9",
    "HRUN-Request-ID": "HRUN-7fe90f94-defc-4f4a-97d8-d04088c4f556-773036",
    "Content-Length": "187",
    "Content-Type": "application/json"
}
cookies  : {}
body     : {
    "email": "GpNSl24rOytUdcKL@qaqseq.com",
    "mobile": "10077797561",
    "openId": "",
    "openUserName": "",
    "password": "Admin@123",
    "remarks": "",
    "username": "vSxoYaKJ0qqIFshpmVdaRudlOSMDzIuw"
}

2023-06-26 10:32:53.173 | DEBUG    | httprunner.client:log_print:40 - 
================== response details ==================
status_code : 200
headers  : {
    "Server": "nginx",
    "Date": "Mon, 26 Jun 2023 02:32:53 GMT",
    "Content-Type": "application/json",
    "Transfer-Encoding": "chunked",
    "X-Frame-Options": "SAMEORIGIN",
    "Connection": "keep-alive"
}
cookies  : {}
encoding : utf-8
content_type : application/json
body     : {
    "message": "success",
    "status": 1,
    "data": true
}

2023-06-26 10:32:53.173 | INFO     | httprunner.client:request:217 - status_code: 200, response_time(ms): 135.93 ms, response_length: 0 bytes
2023-06-26 10:32:53.173 | INFO     | httprunner.response:validate:249 - assert status_code equal 200(int)	==> pass
2023-06-26 10:32:53.173 | INFO     | httprunner.response:validate:249 - assert body.message equal success(str)	==> pass
2023-06-26 10:32:53.173 | INFO     | httprunner.response:validate:249 - assert body.status equal 1(int)	==> pass
2023-06-26 10:32:53.173 | INFO     | httprunner.response:validate:249 - assert body.message contains success(str)	==> pass
2023-06-26 10:32:53.173 | INFO     | httprunner.response:validate:249 - assert body.status contained_by [1, 200](list)	==> pass
2023-06-26 10:32:53.174 | INFO     | httprunner.runner:__run_step:304 - run step end: 用户注册 <<<<<<

2023-06-26 10:32:53.174 | INFO     | httprunner.runner:__run_step:304 - run step end: 用户注册 <<<<<<

2023-06-26 10:32:53.174 | INFO     | httprunner.runner:__run_step:292 - run step begin: 登录-企业 >>>>>>
2023-06-26 10:32:53.174 | INFO     | httprunner.runner:__run_step:292 - run step begin: 登录-企业用户 >>>>>>
2023-06-26 10:32:53.228 | DEBUG    | httprunner.client:request:186 - client IP: 127.0.0.1, Port: 50797
2023-06-26 10:32:53.228 | DEBUG    | httprunner.client:request:194 - server IP: 127.0.0.1, Port: 8888
2023-06-26 10:32:53.228 | DEBUG    | httprunner.client:log_print:40 - 
================== request details ==================
method   : POST
url      : http://139.198.116.76:8000/api/home/test/login
headers  : {
    "User-Agent": "python-requests/2.28.1",
    "Accept-Encoding": "gzip, deflate, br",
    "Accept": "*/*",
    "Connection": "keep-alive",
    "Content-Length": "170",
    "Content-Type": "application/json",
    "HRUN-Request-ID": "HRUN-7fe90f94-defc-4f4a-97d8-d04088c4f556-773174"
}
cookies  : {}
body     : {
    "captcha": "0000",
    "captchaSign": "fd3111068179e085decd82b2045e971c6b7cc059961016d4a17a9a071e078d01",
    "emailCaptcha": "",
    "username": "vSxoYaKJ0qqIFshpmVdaRudlOSMDzIuw"
}

2023-06-26 10:32:53.228 | DEBUG    | httprunner.client:log_print:40 - 
================== response details ==================
status_code : 200
headers  : {
    "Server": "nginx",
    "Date": "Mon, 26 Jun 2023 02:32:53 GMT",
    "Content-Type": "application/json;charset=UTF-8",
    "Transfer-Encoding": "chunked",
    "Set-Cookie": "SESSION=Zjk5YTY5ZjQtMzQ0OC00MzQ2LTgzNzgtMWRjMGMyOWJjNjg3; Path=/; HttpOnly; SameSite=Lax",
    "X-Frame-Options": "SAMEORIGIN",
    "Connection": "keep-alive"
}
cookies  : {
    "SESSION": "Zjk5YTY5ZjQtMzQ0OC00MzQ2LTgzNzgtMWRjMGMyOWJjNjg3"
}
encoding : UTF-8
content_type : application/json;charset=UTF-8
body     : {
    "message": "success",
    "status": 1,
    "data": true
}

2023-06-26 10:32:53.228 | INFO     | httprunner.client:request:217 - status_code: 200, response_time(ms): 53.51 ms, response_length: 0 bytes
2023-06-26 10:32:53.228 | INFO     | httprunner.response:extract:179 - extract mapping: {'entSession': 'response.headers."Set-Cookie".session'}
2023-06-26 10:32:53.228 | INFO     | httprunner.response:validate:249 - assert status_code equal 200(int)	==> pass
2023-06-26 10:32:53.229 | INFO     | httprunner.response:validate:249 - assert headers."Content-Type" equal application/json;charset=UTF-8(str)	==> pass
2023-06-26 10:32:53.229 | INFO     | httprunner.response:validate:249 - assert body.message equal success(str)	==> pass
2023-06-26 10:32:53.229 | INFO     | httprunner.response:validate:249 - assert body.status equal 1(int)	==> pass
2023-06-26 10:32:53.229 | INFO     | httprunner.response:validate:249 - assert body.data equal True(bool)	==> pass
2023-06-26 10:32:53.229 | INFO     | httprunner.runner:__run_step:304 - run step end: 登录-企业用户 <<<<<<

2023-06-26 10:32:53.229 | INFO     | httprunner.runner:__run_step_testcase:286 - export variables: {'entSession': 'response.headers."Set-Cookie".session'}
2023-06-26 10:32:53.229 | INFO     | httprunner.runner:__run_step:304 - run step end: 登录-企业 <<<<<<

2023-06-26 10:32:53.229 | INFO     | httprunner.runner:__run_step:292 - run step begin: 前缀注册企业资质图片上传 >>>>>>
2023-06-26 10:32:53.229 | INFO     | httprunner.runner:__run_step:292 - run step begin: 前缀注册企业资质图片上传 >>>>>>
2023-06-26 10:32:53.412 | DEBUG    | httprunner.client:request:186 - client IP: 127.0.0.1, Port: 50797
2023-06-26 10:32:53.413 | DEBUG    | httprunner.client:request:194 - server IP: 127.0.0.1, Port: 8888
2023-06-26 10:32:53.413 | DEBUG    | httprunner.client:log_print:40 - 
================== request details ==================
method   : POST
url      : http://139.198.116.76:8000/api/file/img/upload
headers  : {
    "User-Agent": "Mozilla/5.0 (Macintosh; Intel Mac OS X 10_15_7) AppleWebKit/537.36 (KHTML, like Gecko) Chrome/105.0.0.0 Safari/537.36",
    "Accept-Encoding": "gzip, deflate",
    "Accept": "application/json, text/plain, */*",
    "Connection": "keep-alive",
    "Accept-Language": "zh-CN,zh;q=0.9",
    "Content-Type": "multipart/form-data; boundary=71006f4645b645a98093baee7e6554b6",
    "HRUN-Request-ID": "HRUN-7fe90f94-defc-4f4a-97d8-d04088c4f556-773230",
    "Cookie": "SESSION=Zjk5YTY5ZjQtMzQ0OC00MzQ2LTgzNzgtMWRjMGMyOWJjNjg3; SESSION=response.headers.\"Set-Cookie\".session",
    "Content-Length": "20435"
}
cookies  : {
    "SESSION": "Zjk5YTY5ZjQtMzQ0OC00MzQ2LTgzNzgtMWRjMGMyOWJjNjg3"
}
body     : upload file stream (OMITTED)

2023-06-26 10:32:53.414 | DEBUG    | httprunner.client:log_print:40 - 
================== response details ==================
status_code : 200
headers  : {
    "Server": "nginx",
    "Date": "Mon, 26 Jun 2023 02:32:53 GMT",
    "Content-Type": "application/json;charset=UTF-8",
    "Transfer-Encoding": "chunked",
    "X-Frame-Options": "SAMEORIGIN",
    "Connection": "keep-alive"
}
cookies  : {}
encoding : UTF-8
content_type : application/json;charset=UTF-8
body     : {
    "message": "success",
    "status": 1,
    "data": {
        "id": 2923,
        "path": "74dfa954-30c6-43e0-8eb3-92fa1603fd64.jpeg"
    }
}

2023-06-26 10:32:53.414 | INFO     | httprunner.client:request:217 - status_code: 200, response_time(ms): 182.34 ms, response_length: 0 bytes
2023-06-26 10:32:53.415 | INFO     | httprunner.response:extract:179 - extract mapping: {'imgId': 2923}
2023-06-26 10:32:53.415 | INFO     | httprunner.response:validate:249 - assert status_code equal 200(int)	==> pass
2023-06-26 10:32:53.415 | INFO     | httprunner.runner:__run_step:304 - run step end: 前缀注册企业资质图片上传 <<<<<<

2023-06-26 10:32:53.416 | INFO     | httprunner.runner:__run_step_testcase:286 - export variables: {'imgId': 2923}
2023-06-26 10:32:53.416 | INFO     | httprunner.runner:__run_step:304 - run step end: 前缀注册企业资质图片上传 <<<<<<

2023-06-26 10:32:53.416 | INFO     | httprunner.runner:__run_step:292 - run step begin: 前缀注册企业联系人身份证图片正面上传 >>>>>>
2023-06-26 10:32:53.416 | INFO     | httprunner.runner:__run_step:292 - run step begin: 前缀注册企业联系人身份证图片背面上传 >>>>>>
2023-06-26 10:32:53.515 | DEBUG    | httprunner.client:request:186 - client IP: 127.0.0.1, Port: 50797
2023-06-26 10:32:53.516 | DEBUG    | httprunner.client:request:194 - server IP: 127.0.0.1, Port: 8888
2023-06-26 10:32:53.517 | DEBUG    | httprunner.client:log_print:40 - 
================== request details ==================
method   : POST
url      : http://139.198.116.76:8000/api/file/img/upload
headers  : {
    "User-Agent": "Mozilla/5.0 (Macintosh; Intel Mac OS X 10_15_7) AppleWebKit/537.36 (KHTML, like Gecko) Chrome/105.0.0.0 Safari/537.36",
    "Accept-Encoding": "gzip, deflate",
    "Accept": "application/json, text/plain, */*",
    "Connection": "keep-alive",
    "Accept-Language": "zh-CN,zh;q=0.9",
    "Content-Type": "multipart/form-data; boundary=886155dd073f4249b0e672c71db51db0",
    "HRUN-Request-ID": "HRUN-7fe90f94-defc-4f4a-97d8-d04088c4f556-773417",
    "Cookie": "SESSION=Zjk5YTY5ZjQtMzQ0OC00MzQ2LTgzNzgtMWRjMGMyOWJjNjg3; SESSION=response.headers.\"Set-Cookie\".session",
    "Content-Length": "20435"
}
cookies  : {
    "SESSION": "Zjk5YTY5ZjQtMzQ0OC00MzQ2LTgzNzgtMWRjMGMyOWJjNjg3"
}
body     : upload file stream (OMITTED)

2023-06-26 10:32:53.517 | DEBUG    | httprunner.client:log_print:40 - 
================== response details ==================
status_code : 200
headers  : {
    "Server": "nginx",
    "Date": "Mon, 26 Jun 2023 02:32:53 GMT",
    "Content-Type": "application/json;charset=UTF-8",
    "Transfer-Encoding": "chunked",
    "X-Frame-Options": "SAMEORIGIN",
    "Connection": "keep-alive"
}
cookies  : {}
encoding : UTF-8
content_type : application/json;charset=UTF-8
body     : {
    "message": "success",
    "status": 1,
    "data": {
        "id": 2924,
        "path": "26bb33aa-a29c-42a5-8e40-dafac925a8da.jpeg"
    }
}

2023-06-26 10:32:53.518 | INFO     | httprunner.client:request:217 - status_code: 200, response_time(ms): 98.76 ms, response_length: 0 bytes
2023-06-26 10:32:53.518 | INFO     | httprunner.response:extract:179 - extract mapping: {'imgId_f': 2924}
2023-06-26 10:32:53.519 | INFO     | httprunner.response:validate:249 - assert status_code equal 200(int)	==> pass
2023-06-26 10:32:53.519 | INFO     | httprunner.runner:__run_step:304 - run step end: 前缀注册企业联系人身份证图片背面上传 <<<<<<

2023-06-26 10:32:53.519 | INFO     | httprunner.runner:__run_step_testcase:286 - export variables: {'imgId_f': 2924}
2023-06-26 10:32:53.519 | INFO     | httprunner.runner:__run_step:304 - run step end: 前缀注册企业联系人身份证图片正面上传 <<<<<<

2023-06-26 10:32:53.519 | INFO     | httprunner.runner:__run_step:292 - run step begin: 前缀注册企业联系人身份证图片背面上传 >>>>>>
2023-06-26 10:32:53.519 | INFO     | httprunner.runner:__run_step:292 - run step begin: 前缀注册企业联系人身份证图片背面上传 >>>>>>
2023-06-26 10:32:53.615 | DEBUG    | httprunner.client:request:186 - client IP: 127.0.0.1, Port: 50797
2023-06-26 10:32:53.615 | DEBUG    | httprunner.client:request:194 - server IP: 127.0.0.1, Port: 8888
2023-06-26 10:32:53.616 | DEBUG    | httprunner.client:log_print:40 - 
================== request details ==================
method   : POST
url      : http://139.198.116.76:8000/api/file/img/upload
headers  : {
    "User-Agent": "Mozilla/5.0 (Macintosh; Intel Mac OS X 10_15_7) AppleWebKit/537.36 (KHTML, like Gecko) Chrome/105.0.0.0 Safari/537.36",
    "Accept-Encoding": "gzip, deflate",
    "Accept": "application/json, text/plain, */*",
    "Connection": "keep-alive",
    "Accept-Language": "zh-CN,zh;q=0.9",
    "Content-Type": "multipart/form-data; boundary=fde37a2a3b3c4ed1bfe80ad6843cbad3",
    "HRUN-Request-ID": "HRUN-7fe90f94-defc-4f4a-97d8-d04088c4f556-773520",
    "Cookie": "SESSION=Zjk5YTY5ZjQtMzQ0OC00MzQ2LTgzNzgtMWRjMGMyOWJjNjg3; SESSION=response.headers.\"Set-Cookie\".session",
    "Content-Length": "20435"
}
cookies  : {
    "SESSION": "Zjk5YTY5ZjQtMzQ0OC00MzQ2LTgzNzgtMWRjMGMyOWJjNjg3"
}
body     : upload file stream (OMITTED)

2023-06-26 10:32:53.617 | DEBUG    | httprunner.client:log_print:40 - 
================== response details ==================
status_code : 200
headers  : {
    "Server": "nginx",
    "Date": "Mon, 26 Jun 2023 02:32:53 GMT",
    "Content-Type": "application/json;charset=UTF-8",
    "Transfer-Encoding": "chunked",
    "X-Frame-Options": "SAMEORIGIN",
    "Connection": "keep-alive"
}
cookies  : {}
encoding : UTF-8
content_type : application/json;charset=UTF-8
body     : {
    "message": "success",
    "status": 1,
    "data": {
        "id": 2925,
        "path": "00dfb66f-a734-4578-ab80-858353c8fcb9.jpeg"
    }
}

2023-06-26 10:32:53.617 | INFO     | httprunner.client:request:217 - status_code: 200, response_time(ms): 94.97 ms, response_length: 0 bytes
2023-06-26 10:32:53.617 | INFO     | httprunner.response:extract:179 - extract mapping: {'imgId_b': 2925}
2023-06-26 10:32:53.618 | INFO     | httprunner.response:validate:249 - assert status_code equal 200(int)	==> pass
2023-06-26 10:32:53.618 | INFO     | httprunner.runner:__run_step:304 - run step end: 前缀注册企业联系人身份证图片背面上传 <<<<<<

2023-06-26 10:32:53.618 | INFO     | httprunner.runner:__run_step_testcase:286 - export variables: {'imgId_b': 2925}
2023-06-26 10:32:53.619 | INFO     | httprunner.runner:__run_step:304 - run step end: 前缀注册企业联系人身份证图片背面上传 <<<<<<

2023-06-26 10:32:53.619 | INFO     | httprunner.runner:__run_step:292 - run step begin: 企业注册第一步提交信息 >>>>>>
2023-06-26 10:32:53.620 | INFO     | httprunner.runner:__run_step:292 - run step begin: 企业注册第一步提交信息 >>>>>>
2023-06-26 10:32:53.691 | DEBUG    | httprunner.client:request:186 - client IP: 127.0.0.1, Port: 50797
2023-06-26 10:32:53.691 | DEBUG    | httprunner.client:request:194 - server IP: 127.0.0.1, Port: 8888
2023-06-26 10:32:53.693 | DEBUG    | httprunner.client:log_print:40 - 
================== request details ==================
method   : POST
url      : http://139.198.116.76:8000/api/v3/entApply/basicInfo/submit
headers  : {
    "User-Agent": "Mozilla/5.0 (Macintosh; Intel Mac OS X 10_15_7) AppleWebKit/537.36 (KHTML, like Gecko) Chrome/105.0.0.0 Safari/537.36",
    "Accept-Encoding": "gzip, deflate",
    "Accept": "application/json, text/plain, */*",
    "Connection": "keep-alive",
    "Accept-Language": "zh-CN,zh;q=0.9",
    "Content-Type": "application/json;charset=UTF-8",
    "HRUN-Request-ID": "HRUN-7fe90f94-defc-4f4a-97d8-d04088c4f556-773620",
    "Cookie": "SESSION=Zjk5YTY5ZjQtMzQ0OC00MzQ2LTgzNzgtMWRjMGMyOWJjNjg3; SESSION=response.headers.\"Set-Cookie\".session",
    "Content-Length": "3429"
}
cookies  : {
    "SESSION": "Zjk5YTY5ZjQtMzQ0OC00MzQ2LTgzNzgtMWRjMGMyOWJjNjg3"
}
body     : {
    "applyStep": 2,
    "applyType": null,
    "area": [
        "110000",
        "110100",
        "110101"
    ],
    "cltrid": null,
    "contactCrtBackImgPath": null,
    "contactCrtBackImgRid": 2925,
    "contactCrtFrontImgPath": null,
    "contactCrtFrontImgRid": 2924,
    "contactCrtNo": "655246197708059936",
    "contactCrtType": 1,
    "contactEmail": "GpNSl24rOytUdcKL@qaqseq.com",
    "contactName": "vSxoYaKJ0qqIFshpmVdaRudlOSMDzIuw",
    "contactPhone": "sdfasfasfasdf",
    "createDate": null,
    "dataHostingContractFilePath": null,
    "dataHostingContractFileRid": null,
    "dataHostingOrg": null,
    "entGeneralId": null,
    "entInfoLicenses": [],
    "entInfoSerIndustrys": [],
    "entInfoSyss": [
        {
            "deployAddr": "致真",
            "deployAddrCity": "110100",
            "deployAddrCounty": "110101",
            "deployAddrProvince": "110000",
            "deployMode": 1,
            "entApplyId": 951,
            "id": 2205,
            "ipPort": null,
            "name": null,
            "sysType": 1
        },
        {
            "deployAddr": "致真",
            "deployAddrCity": "110100",
            "deployAddrCounty": "110101",
            "deployAddrProvince": "110000",
            "deployMode": 1,
            "entApplyId": 951,
            "id": 2206,
            "ipPort": null,
            "name": null,
            "sysType": 2
        },
        {
            "deployAddr": "天津",
            "deployAddrCity": "120100",
            "deployAddrCounty": "120101",
            "deployAddrProvince": "120000",
            "deployMode": 1,
            "entApplyId": 951,
            "id": 2207,
            "ipPort": null,
            "name": null,
            "sysType": 3
        },
        {
            "deployAddr": "天津",
            "deployAddrCity": "120100",
            "deployAddrCounty": "120101",
            "deployAddrProvince": "120000",
            "deployMode": 1,
            "entApplyId": 951,
            "id": 2208,
            "ipPort": null,
            "name": null,
            "sysType": 4
        }
    ],
    "entPrefix": "88.408.386150708",
    "escrowId": null,
    "escrowOrgName": null,
    "establishDate": null,
    "extDomain": null,
    "extIpAddr": null,
    "extWebName": null,
    "finalAuditMsg": null,
    "finalAuditStatus": null,
    "firstAuditMsg": null,
    "firstAuditStatus": null,
    "id": null,
    "idRegNaImp": null,
    "industry": [
        "A",
        "01"
    ],
    "industryCategory": "A",
    "industrySpecific": "01",
    "isSubmit": 0,
    "legalCrtBackImgContent": null,
    "legalCrtBackImgPath": null,
    "legalCrtBackImgRid": 2925,
    "legalCrtFrontImgContent": null,
    "legalCrtFrontImgPath": null,
    "legalCrtFrontImgRid": 2924,
    "legalCrtNo": "655246197708059936",
    "legalCrtType": "1",
    "legalCrtTypeDesc": "中国居民身份证",
    "legalEmail": null,
    "legalFax": null,
    "legalName": "张三",
    "legalPhone": null,
    "orgAddr": "致真",
    "orgAddrCity": "110100",
    "orgAddrCityDesc": "市辖区",
    "orgAddrCounty": "110101",
    "orgAddrCountyDesc": "东城区",
    "orgAddrProvince": "110000",
    "orgAddrProvinceDesc": "北京市",
    "orgCategorySpecificDesc": "农、林、牧、渔业-农业",
    "orgCrtCode": "VDblKG5VKNTvYdV7UvsFgbZwpvfBbf24",
    "orgCrtImgContent": null,
    "orgCrtImgPath": null,
    "orgCrtImgRid": 2923,
    "orgCrtType": "1",
    "orgDesc": null,
    "orgName": "5836nl0o2SKQxvCpwLHZD85qsfoXhxl3",
    "orgNature": "1",
    "orgNatureDesc": "国有控股",
    "periodValidity": null,
    "regAuthority": null,
    "regCapital": null,
    "regRealNaImpName": null,
    "regRealNaImpType": null,
    "servHostingContractFilePath": null,
    "servHostingContractFileRid": null,
    "servHostingOrg": null,
    "servSysBuildContractFilePath": null,
    "servSysBuildContractFileRid": null,
    "servSysBuildName": null,
    "servSysBuildType": 1,
    "servSysOperContractFilePath": null,
    "servSysOperContractFileRid": null,
    "servSysOperName": null,
    "servSysOperType": 1,
    "svtrid": null,
    "thirdServiceMsg": null,
    "thirdServiceStatus": null,
    "updateDate": null,
    "userId": null,
    "userName": null,
    "website": null
}

2023-06-26 10:32:53.694 | DEBUG    | httprunner.client:log_print:40 - 
================== response details ==================
status_code : 200
headers  : {
    "Server": "nginx",
    "Date": "Mon, 26 Jun 2023 02:32:53 GMT",
    "Content-Type": "application/json",
    "Transfer-Encoding": "chunked",
    "X-Frame-Options": "SAMEORIGIN",
    "Connection": "keep-alive"
}
cookies  : {}
encoding : utf-8
content_type : application/json
body     : {
    "message": "联系人手机号不合法",
    "status": -2,
    "data": null
}

2023-06-26 10:32:53.694 | INFO     | httprunner.client:request:217 - status_code: 200, response_time(ms): 70.39 ms, response_length: 0 bytes
2023-06-26 10:32:53.695 | INFO     | httprunner.response:validate:249 - assert status_code equal 200(int)	==> pass
2023-06-26 10:32:53.695 | INFO     | httprunner.response:validate:249 - assert body.status equal -2(int)	==> pass
2023-06-26 10:32:53.695 | INFO     | httprunner.response:validate:249 - assert body.message equal 联系人手机号不合法(str)	==> pass
2023-06-26 10:32:53.695 | INFO     | httprunner.runner:__run_step:304 - run step end: 企业注册第一步提交信息 <<<<<<

2023-06-26 10:32:53.695 | INFO     | httprunner.runner:__run_step:304 - run step end: 企业注册第一步提交信息 <<<<<<

