2023-06-15 17:20:07.291 | INFO     | httprunner.runner:test_start:450 - Start to run testcase: 添加标识业务数据-ent-37,38, TestCase ID: 812ce438-d2fb-4364-abd5-501e63beee24
2023-06-15 17:20:07.292 | INFO     | httprunner.runner:__run_step:292 - run step begin: 用户注册 >>>>>>
2023-06-15 17:20:07.292 | INFO     | httprunner.runner:__run_step:292 - run step begin: 用户注册 >>>>>>
2023-06-15 17:20:07.512 | DEBUG    | httprunner.client:request:186 - client IP: 127.0.0.1, Port: 56965
2023-06-15 17:20:07.513 | DEBUG    | httprunner.client:request:194 - server IP: 127.0.0.1, Port: 8888
2023-06-15 17:20:07.515 | DEBUG    | httprunner.client:log_print:40 - 
================== request details ==================
method   : POST
url      : http://139.198.116.76:8000/api/home/test/registry
headers  : {
    "User-Agent": "Mozilla/5.0 (Windows NT 10.0; WOW64) AppleWebKit/537.36 (KHTML, like Gecko) Chrome/100.0.4896.60 Safari/537.36",
    "Accept-Encoding": "gzip, deflate",
    "Accept": "application/json, text/plain, */*",
    "Connection": "keep-alive",
    "Accept-Language": "zh-CN,zh;q=0.9",
    "HRUN-Request-ID": "HRUN-812ce438-d2fb-4364-abd5-501e63beee24-807292",
    "Content-Length": "187",
    "Content-Type": "application/json"
}
cookies  : {}
body     : {
    "email": "ePTcggvExyjx2Jx7@qaqseq.com",
    "mobile": "15876699443",
    "openId": "",
    "openUserName": "",
    "password": "Admin@123",
    "remarks": "",
    "username": "pCGn7aIrmNT6DLZ8BcPuJxRnMr882Nhd"
}

2023-06-15 17:20:07.526 | DEBUG    | httprunner.client:log_print:40 - 
================== response details ==================
status_code : 200
headers  : {
    "Server": "nginx",
    "Date": "Thu, 15 Jun 2023 09:20:07 GMT",
    "Content-Type": "application/json",
    "Transfer-Encoding": "chunked",
    "X-Frame-Options": "SAMEORIGIN",
    "Connection": "keep-alive"
}
cookies  : {}
encoding : utf-8
content_type : application/json
body     : {
    "message": "success",
    "status": 1,
    "data": true
}

2023-06-15 17:20:07.526 | INFO     | httprunner.client:request:217 - status_code: 200, response_time(ms): 219.54 ms, response_length: 0 bytes
2023-06-15 17:20:07.527 | INFO     | httprunner.response:validate:249 - assert status_code equal 200(int)	==> pass
2023-06-15 17:20:07.528 | INFO     | httprunner.response:validate:249 - assert body.message equal success(str)	==> pass
2023-06-15 17:20:07.528 | INFO     | httprunner.response:validate:249 - assert body.status equal 1(int)	==> pass
2023-06-15 17:20:07.528 | INFO     | httprunner.response:validate:249 - assert body.message contains success(str)	==> pass
2023-06-15 17:20:07.529 | INFO     | httprunner.response:validate:249 - assert body.status contained_by [1, 200](list)	==> pass
2023-06-15 17:20:07.529 | INFO     | httprunner.runner:__run_step:304 - run step end: 用户注册 <<<<<<

2023-06-15 17:20:07.529 | INFO     | httprunner.runner:__run_step:304 - run step end: 用户注册 <<<<<<

2023-06-15 17:20:07.529 | INFO     | httprunner.runner:__run_step:292 - run step begin: 登录-企业 >>>>>>
2023-06-15 17:20:07.530 | INFO     | httprunner.runner:__run_step:292 - run step begin: 登录-企业用户 >>>>>>
2023-06-15 17:20:07.644 | DEBUG    | httprunner.client:request:186 - client IP: 127.0.0.1, Port: 56965
2023-06-15 17:20:07.645 | DEBUG    | httprunner.client:request:194 - server IP: 127.0.0.1, Port: 8888
2023-06-15 17:20:07.646 | DEBUG    | httprunner.client:log_print:40 - 
================== request details ==================
method   : POST
url      : http://139.198.116.76:8000/api/home/test/login
headers  : {
    "User-Agent": "python-requests/2.28.1",
    "Accept-Encoding": "gzip, deflate, br",
    "Accept": "*/*",
    "Connection": "keep-alive",
    "Content-Length": "170",
    "Content-Type": "application/json",
    "HRUN-Request-ID": "HRUN-812ce438-d2fb-4364-abd5-501e63beee24-807531"
}
cookies  : {}
body     : {
    "captcha": "0000",
    "captchaSign": "a1f7d06f8102e27736885a41be7fcaf8b0e169cb19bb9a43bd5a528ad0cf2d88",
    "emailCaptcha": "",
    "username": "pCGn7aIrmNT6DLZ8BcPuJxRnMr882Nhd"
}

2023-06-15 17:20:07.646 | DEBUG    | httprunner.client:log_print:40 - 
================== response details ==================
status_code : 200
headers  : {
    "Server": "nginx",
    "Date": "Thu, 15 Jun 2023 09:20:07 GMT",
    "Content-Type": "application/json;charset=UTF-8",
    "Transfer-Encoding": "chunked",
    "Set-Cookie": "SESSION=NjEwM2QwZDQtZGRlNS00ZWNhLWIxOGQtM2UwZWVkM2MzOTk5; Path=/; HttpOnly; SameSite=Lax",
    "X-Frame-Options": "SAMEORIGIN",
    "Connection": "keep-alive"
}
cookies  : {
    "SESSION": "NjEwM2QwZDQtZGRlNS00ZWNhLWIxOGQtM2UwZWVkM2MzOTk5"
}
encoding : UTF-8
content_type : application/json;charset=UTF-8
body     : {
    "message": "success",
    "status": 1,
    "data": true
}

2023-06-15 17:20:07.647 | INFO     | httprunner.client:request:217 - status_code: 200, response_time(ms): 113.14 ms, response_length: 0 bytes
2023-06-15 17:20:07.647 | INFO     | httprunner.response:extract:179 - extract mapping: {'entSession': 'response.headers."Set-Cookie".session'}
2023-06-15 17:20:07.647 | INFO     | httprunner.response:validate:249 - assert status_code equal 200(int)	==> pass
2023-06-15 17:20:07.647 | INFO     | httprunner.response:validate:249 - assert headers."Content-Type" equal application/json;charset=UTF-8(str)	==> pass
2023-06-15 17:20:07.647 | INFO     | httprunner.response:validate:249 - assert body.message equal success(str)	==> pass
2023-06-15 17:20:07.647 | INFO     | httprunner.response:validate:249 - assert body.status equal 1(int)	==> pass
2023-06-15 17:20:07.647 | INFO     | httprunner.response:validate:249 - assert body.data equal True(bool)	==> pass
2023-06-15 17:20:07.647 | INFO     | httprunner.runner:__run_step:304 - run step end: 登录-企业用户 <<<<<<

2023-06-15 17:20:07.647 | INFO     | httprunner.runner:__run_step_testcase:286 - export variables: {'entSession': 'response.headers."Set-Cookie".session'}
2023-06-15 17:20:07.647 | INFO     | httprunner.runner:__run_step:304 - run step end: 登录-企业 <<<<<<

2023-06-15 17:20:07.647 | INFO     | httprunner.runner:__run_step:292 - run step begin: 前缀注册企业资质图片上传 >>>>>>
2023-06-15 17:20:07.648 | INFO     | httprunner.runner:__run_step:292 - run step begin: 前缀注册企业资质图片上传 >>>>>>
2023-06-15 17:20:07.881 | DEBUG    | httprunner.client:request:186 - client IP: 127.0.0.1, Port: 56965
2023-06-15 17:20:07.882 | DEBUG    | httprunner.client:request:194 - server IP: 127.0.0.1, Port: 8888
2023-06-15 17:20:07.883 | DEBUG    | httprunner.client:log_print:40 - 
================== request details ==================
method   : POST
url      : http://139.198.116.76:8000/api/file/img/upload
headers  : {
    "User-Agent": "Mozilla/5.0 (Macintosh; Intel Mac OS X 10_15_7) AppleWebKit/537.36 (KHTML, like Gecko) Chrome/105.0.0.0 Safari/537.36",
    "Accept-Encoding": "gzip, deflate",
    "Accept": "application/json, text/plain, */*",
    "Connection": "keep-alive",
    "Accept-Language": "zh-CN,zh;q=0.9",
    "Content-Type": "multipart/form-data; boundary=190684b6794e4ba8b63251404c19441c",
    "HRUN-Request-ID": "HRUN-812ce438-d2fb-4364-abd5-501e63beee24-807650",
    "Cookie": "SESSION=NjEwM2QwZDQtZGRlNS00ZWNhLWIxOGQtM2UwZWVkM2MzOTk5; SESSION=response.headers.\"Set-Cookie\".session",
    "Content-Length": "20435"
}
cookies  : {
    "SESSION": "NjEwM2QwZDQtZGRlNS00ZWNhLWIxOGQtM2UwZWVkM2MzOTk5"
}
body     : upload file stream (OMITTED)

2023-06-15 17:20:07.883 | DEBUG    | httprunner.client:log_print:40 - 
================== response details ==================
status_code : 200
headers  : {
    "Server": "nginx",
    "Date": "Thu, 15 Jun 2023 09:20:07 GMT",
    "Content-Type": "application/json;charset=UTF-8",
    "Transfer-Encoding": "chunked",
    "X-Frame-Options": "SAMEORIGIN",
    "Connection": "keep-alive"
}
cookies  : {}
encoding : UTF-8
content_type : application/json;charset=UTF-8
body     : {
    "message": "success",
    "status": 1,
    "data": {
        "id": 2321,
        "path": "540c23e8-3fb3-47df-a4b3-1032f277523b.jpeg"
    }
}

2023-06-15 17:20:07.884 | INFO     | httprunner.client:request:217 - status_code: 200, response_time(ms): 231.44 ms, response_length: 0 bytes
2023-06-15 17:20:07.884 | INFO     | httprunner.response:extract:179 - extract mapping: {'imgId': 2321}
2023-06-15 17:20:07.884 | INFO     | httprunner.response:validate:249 - assert status_code equal 200(int)	==> pass
2023-06-15 17:20:07.884 | INFO     | httprunner.runner:__run_step:304 - run step end: 前缀注册企业资质图片上传 <<<<<<

2023-06-15 17:20:07.884 | INFO     | httprunner.runner:__run_step_testcase:286 - export variables: {'imgId': 2321}
2023-06-15 17:20:07.884 | INFO     | httprunner.runner:__run_step:304 - run step end: 前缀注册企业资质图片上传 <<<<<<

2023-06-15 17:20:07.884 | INFO     | httprunner.runner:__run_step:292 - run step begin: 前缀注册企业联系人身份证图片正面上传 >>>>>>
2023-06-15 17:20:07.885 | INFO     | httprunner.runner:__run_step:292 - run step begin: 前缀注册企业联系人身份证图片背面上传 >>>>>>
2023-06-15 17:20:07.962 | DEBUG    | httprunner.client:request:186 - client IP: 127.0.0.1, Port: 56965
2023-06-15 17:20:07.963 | DEBUG    | httprunner.client:request:194 - server IP: 127.0.0.1, Port: 8888
2023-06-15 17:20:07.964 | DEBUG    | httprunner.client:log_print:40 - 
================== request details ==================
method   : POST
url      : http://139.198.116.76:8000/api/file/img/upload
headers  : {
    "User-Agent": "Mozilla/5.0 (Macintosh; Intel Mac OS X 10_15_7) AppleWebKit/537.36 (KHTML, like Gecko) Chrome/105.0.0.0 Safari/537.36",
    "Accept-Encoding": "gzip, deflate",
    "Accept": "application/json, text/plain, */*",
    "Connection": "keep-alive",
    "Accept-Language": "zh-CN,zh;q=0.9",
    "Content-Type": "multipart/form-data; boundary=9e46cafaede047dd98a3f5877bfc9cce",
    "HRUN-Request-ID": "HRUN-812ce438-d2fb-4364-abd5-501e63beee24-807885",
    "Cookie": "SESSION=NjEwM2QwZDQtZGRlNS00ZWNhLWIxOGQtM2UwZWVkM2MzOTk5; SESSION=response.headers.\"Set-Cookie\".session",
    "Content-Length": "20435"
}
cookies  : {
    "SESSION": "NjEwM2QwZDQtZGRlNS00ZWNhLWIxOGQtM2UwZWVkM2MzOTk5"
}
body     : upload file stream (OMITTED)

2023-06-15 17:20:07.966 | DEBUG    | httprunner.client:log_print:40 - 
================== response details ==================
status_code : 200
headers  : {
    "Server": "nginx",
    "Date": "Thu, 15 Jun 2023 09:20:08 GMT",
    "Content-Type": "application/json;charset=UTF-8",
    "Transfer-Encoding": "chunked",
    "X-Frame-Options": "SAMEORIGIN",
    "Connection": "keep-alive"
}
cookies  : {}
encoding : UTF-8
content_type : application/json;charset=UTF-8
body     : {
    "message": "success",
    "status": 1,
    "data": {
        "id": 2322,
        "path": "d55cc967-5aad-4df7-81b6-b94dfedf0e8e.jpeg"
    }
}

2023-06-15 17:20:07.966 | INFO     | httprunner.client:request:217 - status_code: 200, response_time(ms): 77.29 ms, response_length: 0 bytes
2023-06-15 17:20:07.966 | INFO     | httprunner.response:extract:179 - extract mapping: {'imgId_f': 2322}
2023-06-15 17:20:07.967 | INFO     | httprunner.response:validate:249 - assert status_code equal 200(int)	==> pass
2023-06-15 17:20:07.967 | INFO     | httprunner.runner:__run_step:304 - run step end: 前缀注册企业联系人身份证图片背面上传 <<<<<<

2023-06-15 17:20:07.967 | INFO     | httprunner.runner:__run_step_testcase:286 - export variables: {'imgId_f': 2322}
2023-06-15 17:20:07.967 | INFO     | httprunner.runner:__run_step:304 - run step end: 前缀注册企业联系人身份证图片正面上传 <<<<<<

2023-06-15 17:20:07.968 | INFO     | httprunner.runner:__run_step:292 - run step begin: 前缀注册企业联系人身份证图片背面上传 >>>>>>
2023-06-15 17:20:07.969 | INFO     | httprunner.runner:__run_step:292 - run step begin: 前缀注册企业联系人身份证图片背面上传 >>>>>>
2023-06-15 17:20:08.078 | DEBUG    | httprunner.client:request:186 - client IP: 127.0.0.1, Port: 56965
2023-06-15 17:20:08.078 | DEBUG    | httprunner.client:request:194 - server IP: 127.0.0.1, Port: 8888
2023-06-15 17:20:08.079 | DEBUG    | httprunner.client:log_print:40 - 
================== request details ==================
method   : POST
url      : http://139.198.116.76:8000/api/file/img/upload
headers  : {
    "User-Agent": "Mozilla/5.0 (Macintosh; Intel Mac OS X 10_15_7) AppleWebKit/537.36 (KHTML, like Gecko) Chrome/105.0.0.0 Safari/537.36",
    "Accept-Encoding": "gzip, deflate",
    "Accept": "application/json, text/plain, */*",
    "Connection": "keep-alive",
    "Accept-Language": "zh-CN,zh;q=0.9",
    "Content-Type": "multipart/form-data; boundary=3f86dafd96bd4da382c3e828240e2a18",
    "HRUN-Request-ID": "HRUN-812ce438-d2fb-4364-abd5-501e63beee24-807970",
    "Cookie": "SESSION=NjEwM2QwZDQtZGRlNS00ZWNhLWIxOGQtM2UwZWVkM2MzOTk5; SESSION=response.headers.\"Set-Cookie\".session",
    "Content-Length": "20435"
}
cookies  : {
    "SESSION": "NjEwM2QwZDQtZGRlNS00ZWNhLWIxOGQtM2UwZWVkM2MzOTk5"
}
body     : upload file stream (OMITTED)

2023-06-15 17:20:08.080 | DEBUG    | httprunner.client:log_print:40 - 
================== response details ==================
status_code : 200
headers  : {
    "Server": "nginx",
    "Date": "Thu, 15 Jun 2023 09:20:08 GMT",
    "Content-Type": "application/json;charset=UTF-8",
    "Transfer-Encoding": "chunked",
    "X-Frame-Options": "SAMEORIGIN",
    "Connection": "keep-alive"
}
cookies  : {}
encoding : UTF-8
content_type : application/json;charset=UTF-8
body     : {
    "message": "success",
    "status": 1,
    "data": {
        "id": 2323,
        "path": "c6c46581-5381-4cee-883b-0f7e6cf54b9d.jpeg"
    }
}

2023-06-15 17:20:08.080 | INFO     | httprunner.client:request:217 - status_code: 200, response_time(ms): 107.74 ms, response_length: 0 bytes
2023-06-15 17:20:08.080 | INFO     | httprunner.response:extract:179 - extract mapping: {'imgId_b': 2323}
2023-06-15 17:20:08.080 | INFO     | httprunner.response:validate:249 - assert status_code equal 200(int)	==> pass
2023-06-15 17:20:08.081 | INFO     | httprunner.runner:__run_step:304 - run step end: 前缀注册企业联系人身份证图片背面上传 <<<<<<

2023-06-15 17:20:08.081 | INFO     | httprunner.runner:__run_step_testcase:286 - export variables: {'imgId_b': 2323}
2023-06-15 17:20:08.082 | INFO     | httprunner.runner:__run_step:304 - run step end: 前缀注册企业联系人身份证图片背面上传 <<<<<<

2023-06-15 17:20:08.082 | INFO     | httprunner.runner:__run_step:292 - run step begin: 企业注册第一步提交信息 >>>>>>
2023-06-15 17:20:08.082 | INFO     | httprunner.runner:__run_step:292 - run step begin: 企业注册第一步提交信息 >>>>>>
2023-06-15 17:20:09.232 | DEBUG    | httprunner.client:request:186 - client IP: 127.0.0.1, Port: 56965
2023-06-15 17:20:09.232 | DEBUG    | httprunner.client:request:194 - server IP: 127.0.0.1, Port: 8888
2023-06-15 17:20:09.233 | DEBUG    | httprunner.client:log_print:40 - 
================== request details ==================
method   : POST
url      : http://139.198.116.76:8000/api/v3/entApply/basicInfo/submit
headers  : {
    "User-Agent": "Mozilla/5.0 (Macintosh; Intel Mac OS X 10_15_7) AppleWebKit/537.36 (KHTML, like Gecko) Chrome/105.0.0.0 Safari/537.36",
    "Accept-Encoding": "gzip, deflate",
    "Accept": "application/json, text/plain, */*",
    "Connection": "keep-alive",
    "Accept-Language": "zh-CN,zh;q=0.9",
    "Content-Type": "application/json;charset=UTF-8",
    "HRUN-Request-ID": "HRUN-812ce438-d2fb-4364-abd5-501e63beee24-808083",
    "Cookie": "SESSION=NjEwM2QwZDQtZGRlNS00ZWNhLWIxOGQtM2UwZWVkM2MzOTk5; SESSION=response.headers.\"Set-Cookie\".session",
    "Content-Length": "2555"
}
cookies  : {
    "SESSION": "NjEwM2QwZDQtZGRlNS00ZWNhLWIxOGQtM2UwZWVkM2MzOTk5"
}
body     : {
    "applyStep": 2,
    "applyType": null,
    "area": [
        "110000",
        "110100",
        "110101"
    ],
    "cltrid": null,
    "contactCrtBackImgPath": null,
    "contactCrtBackImgRid": 2323,
    "contactCrtFrontImgPath": null,
    "contactCrtFrontImgRid": 2322,
    "contactCrtNo": "63529919930403783X",
    "contactCrtType": 1,
    "contactEmail": "ePTcggvExyjx2Jx7@qaqseq.com",
    "contactName": "pCGn7aIrmNT6DLZ8BcPuJxRnMr882Nhd",
    "contactPhone": "15876699443",
    "createDate": null,
    "dataHostingContractFilePath": null,
    "dataHostingContractFileRid": null,
    "dataHostingOrg": null,
    "entGeneralId": null,
    "entInfoLicenses": [],
    "entInfoSerIndustrys": [],
    "entPrefix": "88.408.4742982494",
    "escrowId": null,
    "escrowOrgName": null,
    "establishDate": null,
    "extDomain": null,
    "extIpAddr": null,
    "extWebName": null,
    "finalAuditMsg": null,
    "finalAuditStatus": null,
    "firstAuditMsg": null,
    "firstAuditStatus": null,
    "id": null,
    "idRegNaImp": null,
    "industry": [
        "A",
        "01"
    ],
    "industryCategory": "A",
    "industrySpecific": "01",
    "isSubmit": 0,
    "legalCrtBackImgContent": null,
    "legalCrtBackImgPath": null,
    "legalCrtBackImgRid": 2323,
    "legalCrtFrontImgContent": null,
    "legalCrtFrontImgPath": null,
    "legalCrtFrontImgRid": 2322,
    "legalCrtNo": "63529919930403783X",
    "legalCrtType": "1",
    "legalCrtTypeDesc": "中国居民身份证",
    "legalEmail": null,
    "legalFax": null,
    "legalName": "张三",
    "legalPhone": null,
    "orgAddr": "致真",
    "orgAddrCity": "110100",
    "orgAddrCityDesc": "市辖区",
    "orgAddrCounty": "110101",
    "orgAddrCountyDesc": "东城区",
    "orgAddrProvince": "110000",
    "orgAddrProvinceDesc": "北京市",
    "orgCategorySpecificDesc": "农、林、牧、渔业-农业",
    "orgCrtCode": "pCGn7aIrmNT6DLZ8BcPuJxRnMr882Nhd",
    "orgCrtImgContent": null,
    "orgCrtImgPath": null,
    "orgCrtImgRid": 2321,
    "orgCrtType": "1",
    "orgDesc": null,
    "orgName": "pCGn7aIrmNT6DLZ8BcPuJxRnMr882Nhd",
    "orgNature": "1",
    "orgNatureDesc": "国有控股",
    "periodValidity": null,
    "regAuthority": null,
    "regCapital": null,
    "regRealNaImpName": null,
    "regRealNaImpType": null,
    "servHostingContractFilePath": null,
    "servHostingContractFileRid": null,
    "servHostingOrg": null,
    "servSysBuildContractFilePath": null,
    "servSysBuildContractFileRid": null,
    "servSysBuildName": null,
    "servSysBuildType": 1,
    "servSysOperContractFilePath": null,
    "servSysOperContractFileRid": null,
    "servSysOperName": null,
    "servSysOperType": 1,
    "svtrid": null,
    "thirdServiceMsg": null,
    "thirdServiceStatus": null,
    "updateDate": null,
    "userId": null,
    "userName": null,
    "website": null
}

2023-06-15 17:20:09.234 | DEBUG    | httprunner.client:log_print:40 - 
================== response details ==================
status_code : 200
headers  : {
    "Server": "nginx",
    "Date": "Thu, 15 Jun 2023 09:20:09 GMT",
    "Content-Type": "application/json;charset=UTF-8",
    "Transfer-Encoding": "chunked",
    "X-Frame-Options": "SAMEORIGIN",
    "Connection": "keep-alive"
}
cookies  : {}
encoding : UTF-8
content_type : application/json;charset=UTF-8
body     : {
    "message": "success",
    "status": 1,
    "data": true
}

2023-06-15 17:20:09.234 | INFO     | httprunner.client:request:217 - status_code: 200, response_time(ms): 1149.05 ms, response_length: 0 bytes
2023-06-15 17:20:09.235 | INFO     | httprunner.response:validate:249 - assert status_code equal 200(int)	==> pass
2023-06-15 17:20:09.235 | INFO     | httprunner.response:validate:249 - assert body.message equal success(str)	==> pass
2023-06-15 17:20:09.235 | INFO     | httprunner.runner:__run_step:304 - run step end: 企业注册第一步提交信息 <<<<<<

2023-06-15 17:20:09.235 | INFO     | httprunner.runner:__run_step:304 - run step end: 企业注册第一步提交信息 <<<<<<

2023-06-15 17:20:09.236 | INFO     | httprunner.runner:__run_step:292 - run step begin: 企业注册查询注册信息 >>>>>>
2023-06-15 17:20:09.236 | INFO     | httprunner.runner:__run_step:292 - run step begin: 企业注册查询注册信息 >>>>>>
2023-06-15 17:20:09.367 | DEBUG    | httprunner.client:request:186 - client IP: 127.0.0.1, Port: 56965
2023-06-15 17:20:09.368 | DEBUG    | httprunner.client:request:194 - server IP: 127.0.0.1, Port: 8888
2023-06-15 17:20:09.368 | DEBUG    | httprunner.client:log_print:40 - 
================== request details ==================
method   : GET
url      : http://139.198.116.76:8000/api/v3/entApply/applyOrNot
headers  : {
    "User-Agent": "Mozilla/5.0 (Macintosh; Intel Mac OS X 10_15_7) AppleWebKit/537.36 (KHTML, like Gecko) Chrome/105.0.0.0 Safari/537.36",
    "Accept-Encoding": "gzip, deflate",
    "Accept": "application/json, text/plain, */*",
    "Connection": "keep-alive",
    "Accept-Language": "zh-CN,zh;q=0.9",
    "HRUN-Request-ID": "HRUN-812ce438-d2fb-4364-abd5-501e63beee24-809236",
    "Cookie": "SESSION=NjEwM2QwZDQtZGRlNS00ZWNhLWIxOGQtM2UwZWVkM2MzOTk5; SESSION=response.headers.\"Set-Cookie\".session"
}
cookies  : {
    "SESSION": "NjEwM2QwZDQtZGRlNS00ZWNhLWIxOGQtM2UwZWVkM2MzOTk5"
}
body     : None

2023-06-15 17:20:09.372 | DEBUG    | httprunner.client:log_print:40 - 
================== response details ==================
status_code : 200
headers  : {
    "Server": "nginx",
    "Date": "Thu, 15 Jun 2023 09:20:09 GMT",
    "Content-Type": "application/json;charset=UTF-8",
    "Transfer-Encoding": "chunked",
    "X-Frame-Options": "SAMEORIGIN",
    "Connection": "keep-alive"
}
cookies  : {}
encoding : UTF-8
content_type : application/json;charset=UTF-8
body     : {
    "message": "success",
    "status": 1,
    "data": {
        "nbmsEntApplyPO": {
            "id": 1198,
            "createDate": "2023-06-15 17:20:09",
            "updateDate": "2023-06-15 17:20:09",
            "applyType": null,
            "entGeneralId": null,
            "applyStep": 2,
            "isSubmit": 0,
            "entPrefix": "88.408.4742982494",
            "firstAuditStatus": null,
            "firstAuditMsg": null,
            "thirdServiceStatus": null,
            "thirdServiceMsg": null,
            "userName": "pCGn7aIrmNT6DLZ8BcPuJxRnMr882Nhd",
            "finalAuditStatus": null,
            "finalAuditMsg": null,
            "svtrid": null,
            "cltrid": null,
            "userId": 1415,
            "orgName": "pCGn7aIrmNT6DLZ8BcPuJxRnMr882Nhd",
            "orgNature": "1",
            "orgAddrProvince": "110000",
            "orgAddrCity": "110100",
            "orgAddrCounty": "110101",
            "orgAddr": "致真",
            "orgCrtType": "1",
            "orgCrtCode": "pCGn7aIrmNT6DLZ8BcPuJxRnMr882Nhd",
            "legalName": "张三",
            "legalCrtType": "1",
            "legalCrtNo": "63529919930403783X",
            "orgDesc": null,
            "industryCategory": "A",
            "industrySpecific": "01",
            "contactName": "pCGn7aIrmNT6DLZ8BcPuJxRnMr882Nhd",
            "contactPhone": "15876699443",
            "contactCrtType": 1,
            "contactCrtNo": "63529919930403783X",
            "contactEmail": "ePTcggvExyjx2Jx7@qaqseq.com",
            "website": null,
            "regAuthority": null,
            "regCapital": null,
            "establishDate": null,
            "periodValidity": null,
            "legalEmail": null,
            "legalPhone": null,
            "legalFax": null,
            "servSysBuildType": null,
            "servSysBuildName": null,
            "servSysOperType": null,
            "servSysOperName": null,
            "dataHostingOrg": null,
            "servHostingOrg": null,
            "regRealNaImpType": null,
            "regRealNaImpName": null,
            "idRegNaImp": null,
            "extWebName": null,
            "extDomain": null,
            "extIpAddr": null,
            "orgCrtImgRid": 2321,
            "contactCrtFrontImgRid": 2322,
            "contactCrtBackImgRid": 2323,
            "legalCrtFrontImgRid": 2322,
            "legalCrtBackImgRid": 2323,
            "servSysBuildContractFileRid": null,
            "servSysOperContractFileRid": null,
            "dataHostingContractFileRid": null,
            "servHostingContractFileRid": null,
            "entInfoLicenses": [],
            "entInfoSyss": [],
            "entInfoSerIndustrys": [],
            "escrowId": null,
            "industryQualificationRid": null,
            "certificationRid": null,
            "openingBank": null,
            "bankCard": null,
            "verificationName": null,
            "orgNatureDesc": "国有控股",
            "orgCrtImgContent": null,
            "orgCategorySpecificDesc": "农、林、牧、渔业-农业",
            "orgAddrProvinceDesc": "北京市",
            "orgAddrCountyDesc": "东城区",
            "orgAddrCityDesc": "市辖区",
            "legalCrtTypeDesc": "中国居民身份证",
            "legalCrtFrontImgContent": null,
            "legalCrtBackImgContent": null,
            "orgCrtImgPath": "540c23e8-3fb3-47df-a4b3-1032f277523b.jpeg",
            "contactCrtFrontImgPath": "d55cc967-5aad-4df7-81b6-b94dfedf0e8e.jpeg",
            "contactCrtBackImgPath": "c6c46581-5381-4cee-883b-0f7e6cf54b9d.jpeg",
            "legalCrtFrontImgPath": "d55cc967-5aad-4df7-81b6-b94dfedf0e8e.jpeg",
            "legalCrtBackImgPath": "c6c46581-5381-4cee-883b-0f7e6cf54b9d.jpeg",
            "servSysBuildContractFilePath": null,
            "servSysOperContractFilePath": null,
            "dataHostingContractFilePath": null,
            "servHostingContractFilePath": null,
            "industryQualificationFilePath": null,
            "certificationFilePath": null,
            "escrowOrgName": null
        },
        "nbmsEntPO": null,
        "nbmsEntPrefixApplyPO": null,
        "needRelog": null,
        "applyStatus": 0
    }
}

2023-06-15 17:20:09.373 | INFO     | httprunner.client:request:217 - status_code: 200, response_time(ms): 130.99 ms, response_length: 0 bytes
2023-06-15 17:20:09.377 | INFO     | httprunner.response:extract:179 - extract mapping: {'applyId': 1198, 'userId': 1415, 'userName': 'pCGn7aIrmNT6DLZ8BcPuJxRnMr882Nhd', 'imgId_f': 2322, 'imgId_b': 2323, 'entId': None, 'entUserId': None, 'prefix': '88.408.4742982494', 'contactCrtNo': '63529919930403783X', 'contactCrtType': 1, 'contactEmail': 'ePTcggvExyjx2Jx7@qaqseq.com', 'contactName': 'pCGn7aIrmNT6DLZ8BcPuJxRnMr882Nhd', 'contactPhone': '15876699443', 'industryCategory': 'A', 'industrySpecific': '01', 'orgName': 'pCGn7aIrmNT6DLZ8BcPuJxRnMr882Nhd', 'orgNature': '1', 'orgAddrProvince': '110000', 'orgAddrCity': '110100', 'orgAddrCounty': '110101', 'orgAddr': '致真', 'orgCrtType': '1', 'orgCrtCode': 'pCGn7aIrmNT6DLZ8BcPuJxRnMr882Nhd', 'legalName': '张三', 'legalEmail': None, 'legalPhone': None, 'legalCrtType': '1', 'legalCrtNo': '63529919930403783X', 'legalCrtFrontImgRid': 2322, 'legalCrtBackImgRid': 2323, 'orgCrtImgRid': 2321, 'imgId': 2321, 'orgNatureDesc': '国有控股', 'orgCategorySpecificDesc': '农、林、牧、渔业-农业', 'orgAddrProvinceDesc': '北京市', 'orgAddrCountyDesc': '东城区', 'orgAddrCityDesc': '市辖区', 'legalCrtTypeDesc': '中国居民身份证', 'createDate': '2023-06-15 17:20:09', 'updateDate': '2023-06-15 17:20:09', 'entInfoSyss_0_id': None, 'entInfoSyss_0_entApplyId': None, 'entApplyId': None, 'entInfoSyss_0_sysType': None, 'entInfoSyss_0_deployMode': None, 'entInfoSyss_0_deployAddr': None, 'entInfoSyss_0_deployAddrProvince': None, 'entInfoSyss_0_deployAddrCity': None, 'entInfoSyss_0_deployAddrCounty': None, 'entInfoSyss_1_id': None, 'entInfoSyss_1_entApplyId': None, 'entInfoSyss_1_sysType': None, 'entInfoSyss_1_deployMode': None, 'entInfoSyss_1_deployAddr': None, 'entInfoSyss_1_deployAddrProvince': None, 'entInfoSyss_1_deployAddrCity': None, 'entInfoSyss_1_deployAddrCounty': None, 'entInfoSyss_2_id': None, 'entInfoSyss_2_entApplyId': None, 'entInfoSyss_2_sysType': None, 'entInfoSyss_2_deployMode': None, 'entInfoSyss_2_deployAddr': None, 'entInfoSyss_2_deployAddrProvince': None, 'entInfoSyss_2_deployAddrCity': None, 'entInfoSyss_2_deployAddrCounty': None, 'entInfoSyss_3_id': None, 'entInfoSyss_3_entApplyId': None, 'entInfoSyss_3_sysType': None, 'entInfoSyss_3_deployMode': None, 'entInfoSyss_3_deployAddr': None, 'entInfoSyss_3_deployAddrProvince': None, 'entInfoSyss_3_deployAddrCity': None, 'entInfoSyss_3_deployAddrCounty': None}
2023-06-15 17:20:09.378 | INFO     | httprunner.response:validate:249 - assert status_code equal 200(int)	==> pass
2023-06-15 17:20:09.378 | INFO     | httprunner.response:validate:249 - assert body.message equal success(str)	==> pass
2023-06-15 17:20:09.378 | INFO     | httprunner.runner:__run_step:304 - run step end: 企业注册查询注册信息 <<<<<<

2023-06-15 17:20:09.378 | INFO     | httprunner.runner:__run_step_testcase:286 - export variables: {'legalPhone': None, 'orgAddrCountyDesc': '东城区', 'legalCrtNo': '63529919930403783X', 'entInfoSyss_1_sysType': None, 'prefix': '88.408.4742982494', 'contactPhone': '15876699443', 'contactName': 'pCGn7aIrmNT6DLZ8BcPuJxRnMr882Nhd', 'orgAddrCity': '110100', 'contactCrtType': 1, 'legalCrtFrontImgRid': 2322, 'legalCrtTypeDesc': '中国居民身份证', 'entInfoSyss_1_deployAddrProvince': None, 'entInfoSyss_3_id': None, 'orgCategorySpecificDesc': '农、林、牧、渔业-农业', 'entInfoSyss_1_deployMode': None, 'entApplyId': None, 'orgAddrProvinceDesc': '北京市', 'industrySpecific': '01', 'applyId': 1198, 'entInfoSyss_2_sysType': None, 'userName': 'pCGn7aIrmNT6DLZ8BcPuJxRnMr882Nhd', 'entInfoSyss_3_sysType': None, 'imgId_b': 2323, 'orgAddrCityDesc': '市辖区', 'entInfoSyss_0_sysType': None, 'imgId': 2321, 'entInfoSyss_2_deployAddrProvince': None, 'entInfoSyss_1_id': None, 'entInfoSyss_1_entApplyId': None, 'entInfoSyss_3_deployAddrCounty': None, 'entInfoSyss_0_deployAddrCity': None, 'orgCrtCode': 'pCGn7aIrmNT6DLZ8BcPuJxRnMr882Nhd', 'orgAddr': '致真', 'entInfoSyss_3_entApplyId': None, 'entInfoSyss_1_deployAddrCity': None, 'orgCrtType': '1', 'imgId_f': 2322, 'legalEmail': None, 'entId': None, 'orgAddrProvince': '110000', 'updateDate': '2023-06-15 17:20:09', 'entInfoSyss_2_deployAddr': None, 'userId': 1415, 'contactCrtNo': '63529919930403783X', 'orgNature': '1', 'contactEmail': 'ePTcggvExyjx2Jx7@qaqseq.com', 'entInfoSyss_0_entApplyId': None, 'entInfoSyss_0_deployAddrCounty': None, 'orgAddrCounty': '110101', 'entUserId': None, 'entInfoSyss_2_id': None, 'entInfoSyss_0_deployMode': None, 'entInfoSyss_3_deployAddr': None, 'entInfoSyss_3_deployMode': None, 'legalName': '张三', 'legalCrtBackImgRid': 2323, 'entInfoSyss_0_deployAddrProvince': None, 'legalCrtType': '1', 'entInfoSyss_2_entApplyId': None, 'orgCrtImgRid': 2321, 'entInfoSyss_3_deployAddrProvince': None, 'entInfoSyss_3_deployAddrCity': None, 'entInfoSyss_1_deployAddr': None, 'entInfoSyss_2_deployAddrCity': None, 'createDate': '2023-06-15 17:20:09', 'entInfoSyss_2_deployAddrCounty': None, 'entInfoSyss_0_id': None, 'orgName': 'pCGn7aIrmNT6DLZ8BcPuJxRnMr882Nhd', 'industryCategory': 'A', 'entInfoSyss_0_deployAddr': None, 'orgNatureDesc': '国有控股', 'entInfoSyss_1_deployAddrCounty': None, 'entInfoSyss_2_deployMode': None}
2023-06-15 17:20:09.378 | INFO     | httprunner.runner:__run_step:304 - run step end: 企业注册查询注册信息 <<<<<<

2023-06-15 17:20:09.378 | INFO     | httprunner.runner:__run_step:292 - run step begin: 企业注册第二步提交信息 >>>>>>
2023-06-15 17:20:09.378 | INFO     | httprunner.runner:__run_step:292 - run step begin: 企业注册第二步提交信息 >>>>>>
2023-06-15 17:20:09.579 | DEBUG    | httprunner.client:request:186 - client IP: 127.0.0.1, Port: 56965
2023-06-15 17:20:09.580 | DEBUG    | httprunner.client:request:194 - server IP: 127.0.0.1, Port: 8888
2023-06-15 17:20:09.583 | DEBUG    | httprunner.client:log_print:40 - 
================== request details ==================
method   : POST
url      : http://139.198.116.76:8000/api/v3/entApply/registerManageInfo
headers  : {
    "User-Agent": "Mozilla/5.0 (Macintosh; Intel Mac OS X 10_15_7) AppleWebKit/537.36 (KHTML, like Gecko) Chrome/105.0.0.0 Safari/537.36",
    "Accept-Encoding": "gzip, deflate",
    "Accept": "application/json, text/plain, */*",
    "Connection": "keep-alive",
    "Accept-Language": "zh-CN,zh;q=0.9",
    "Content-Type": "application/json;charset=UTF-8",
    "X-HTTP-Method-Override": "put",
    "HRUN-Request-ID": "HRUN-812ce438-d2fb-4364-abd5-501e63beee24-809379",
    "Cookie": "SESSION=NjEwM2QwZDQtZGRlNS00ZWNhLWIxOGQtM2UwZWVkM2MzOTk5; SESSION=response.headers.\"Set-Cookie\".session",
    "Content-Length": "3280"
}
cookies  : {
    "SESSION": "NjEwM2QwZDQtZGRlNS00ZWNhLWIxOGQtM2UwZWVkM2MzOTk5"
}
body     : {
    "applyStep": 3,
    "applyType": null,
    "cltrid": null,
    "contactCrtBackImgPath": null,
    "contactCrtBackImgRid": 2323,
    "contactCrtFrontImgPath": null,
    "contactCrtFrontImgRid": 2322,
    "contactCrtNo": "63529919930403783X",
    "contactCrtType": 1,
    "contactEmail": "ePTcggvExyjx2Jx7@qaqseq.com",
    "contactName": "pCGn7aIrmNT6DLZ8BcPuJxRnMr882Nhd",
    "contactPhone": "15876699443",
    "createDate": "2023-06-15 17:20:09",
    "dataHostingContractFilePath": null,
    "dataHostingContractFileRid": null,
    "dataHostingOrg": null,
    "entGeneralId": null,
    "entInfoLicenses": [],
    "entInfoSerIndustrys": [],
    "entInfoSyss": [
        {
            "deployAddr": "致真",
            "deployAddrCity": "110100",
            "deployAddrCounty": "110101",
            "deployAddrProvince": "110000",
            "deployMode": 1,
            "ipPort": null,
            "name": null,
            "sysType": 1
        },
        {
            "deployAddr": "致真",
            "deployAddrCity": "110100",
            "deployAddrCounty": "110101",
            "deployAddrProvince": "110000",
            "deployMode": 1,
            "ipPort": null,
            "name": null,
            "sysType": 2
        },
        {
            "deployAddr": "天津",
            "deployAddrCity": "120100",
            "deployAddrCounty": "120101",
            "deployAddrProvince": "120000",
            "deployMode": 1,
            "ipPort": null,
            "name": null,
            "sysType": 3
        },
        {
            "deployAddr": "天津",
            "deployAddrCity": "120100",
            "deployAddrCounty": "120101",
            "deployAddrProvince": "120000",
            "deployMode": 1,
            "ipPort": null,
            "name": null,
            "sysType": 4
        }
    ],
    "entPrefix": "88.408.4742982494",
    "escrowId": null,
    "escrowOrgName": null,
    "establishDate": null,
    "extDomain": null,
    "extIpAddr": null,
    "extWebName": null,
    "finalAuditMsg": null,
    "finalAuditStatus": null,
    "firstAuditMsg": null,
    "firstAuditStatus": null,
    "id": 1198,
    "idRegNaImp": null,
    "industryCategory": "A",
    "industrySpecific": "01",
    "isSubmit": 0,
    "legalCrtBackImgContent": null,
    "legalCrtBackImgPath": null,
    "legalCrtBackImgRid": 2323,
    "legalCrtFrontImgContent": null,
    "legalCrtFrontImgPath": null,
    "legalCrtFrontImgRid": 2322,
    "legalCrtNo": "63529919930403783X",
    "legalCrtType": "1",
    "legalCrtTypeDesc": "中国居民身份证",
    "legalEmail": null,
    "legalFax": null,
    "legalName": "张三",
    "legalPhone": null,
    "orgAddr": "致真",
    "orgAddrCity": "110100",
    "orgAddrCityDesc": "市辖区",
    "orgAddrCounty": "110101",
    "orgAddrCountyDesc": "东城区",
    "orgAddrProvince": "110000",
    "orgAddrProvinceDesc": "北京市",
    "orgCategorySpecificDesc": "农、林、牧、渔业-农业",
    "orgCrtCode": "pCGn7aIrmNT6DLZ8BcPuJxRnMr882Nhd",
    "orgCrtImgContent": null,
    "orgCrtImgPath": null,
    "orgCrtImgRid": 2321,
    "orgCrtType": "1",
    "orgDesc": null,
    "orgName": "pCGn7aIrmNT6DLZ8BcPuJxRnMr882Nhd",
    "orgNature": "1",
    "orgNatureDesc": "1",
    "periodValidity": null,
    "regAuthority": null,
    "regCapital": null,
    "regRealNaImpName": null,
    "regRealNaImpType": null,
    "servHostingContractFilePath": null,
    "servHostingContractFileRid": null,
    "servHostingOrg": null,
    "servSysBuildContractFilePath": null,
    "servSysBuildContractFileRid": null,
    "servSysBuildName": null,
    "servSysBuildType": 1,
    "servSysOperContractFilePath": null,
    "servSysOperContractFileRid": null,
    "servSysOperName": null,
    "servSysOperType": 1,
    "svtrid": null,
    "thirdServiceMsg": null,
    "thirdServiceStatus": null,
    "updateDate": "2023-06-15 17:20:09",
    "userId": 1415,
    "userName": "pCGn7aIrmNT6DLZ8BcPuJxRnMr882Nhd",
    "website": null
}

2023-06-15 17:20:09.584 | DEBUG    | httprunner.client:log_print:40 - 
================== response details ==================
status_code : 200
headers  : {
    "Server": "nginx",
    "Date": "Thu, 15 Jun 2023 09:20:09 GMT",
    "Content-Type": "application/json;charset=UTF-8",
    "Transfer-Encoding": "chunked",
    "X-Frame-Options": "SAMEORIGIN",
    "Connection": "keep-alive"
}
cookies  : {}
encoding : UTF-8
content_type : application/json;charset=UTF-8
body     : {
    "message": "success",
    "status": 1,
    "data": true
}

2023-06-15 17:20:09.584 | INFO     | httprunner.client:request:217 - status_code: 200, response_time(ms): 200.61 ms, response_length: 0 bytes
2023-06-15 17:20:09.584 | INFO     | httprunner.response:validate:249 - assert status_code equal 200(int)	==> pass
2023-06-15 17:20:09.584 | INFO     | httprunner.response:validate:249 - assert body.message equal success(str)	==> pass
2023-06-15 17:20:09.584 | INFO     | httprunner.runner:__run_step:304 - run step end: 企业注册第二步提交信息 <<<<<<

2023-06-15 17:20:09.584 | INFO     | httprunner.runner:__run_step:304 - run step end: 企业注册第二步提交信息 <<<<<<

2023-06-15 17:20:09.584 | INFO     | httprunner.runner:__run_step:292 - run step begin: 企业注册查询注册信息 >>>>>>
2023-06-15 17:20:09.585 | INFO     | httprunner.runner:__run_step:292 - run step begin: 企业注册查询注册信息 >>>>>>
2023-06-15 17:20:09.689 | DEBUG    | httprunner.client:request:186 - client IP: 127.0.0.1, Port: 56965
2023-06-15 17:20:09.690 | DEBUG    | httprunner.client:request:194 - server IP: 127.0.0.1, Port: 8888
2023-06-15 17:20:09.691 | DEBUG    | httprunner.client:log_print:40 - 
================== request details ==================
method   : GET
url      : http://139.198.116.76:8000/api/v3/entApply/applyOrNot
headers  : {
    "User-Agent": "Mozilla/5.0 (Macintosh; Intel Mac OS X 10_15_7) AppleWebKit/537.36 (KHTML, like Gecko) Chrome/105.0.0.0 Safari/537.36",
    "Accept-Encoding": "gzip, deflate",
    "Accept": "application/json, text/plain, */*",
    "Connection": "keep-alive",
    "Accept-Language": "zh-CN,zh;q=0.9",
    "HRUN-Request-ID": "HRUN-812ce438-d2fb-4364-abd5-501e63beee24-809585",
    "Cookie": "SESSION=NjEwM2QwZDQtZGRlNS00ZWNhLWIxOGQtM2UwZWVkM2MzOTk5; SESSION=response.headers.\"Set-Cookie\".session"
}
cookies  : {
    "SESSION": "NjEwM2QwZDQtZGRlNS00ZWNhLWIxOGQtM2UwZWVkM2MzOTk5"
}
body     : None

2023-06-15 17:20:09.693 | DEBUG    | httprunner.client:log_print:40 - 
================== response details ==================
status_code : 200
headers  : {
    "Server": "nginx",
    "Date": "Thu, 15 Jun 2023 09:20:09 GMT",
    "Content-Type": "application/json;charset=UTF-8",
    "Transfer-Encoding": "chunked",
    "X-Frame-Options": "SAMEORIGIN",
    "Connection": "keep-alive"
}
cookies  : {}
encoding : UTF-8
content_type : application/json;charset=UTF-8
body     : {
    "message": "success",
    "status": 1,
    "data": {
        "nbmsEntApplyPO": {
            "id": 1198,
            "createDate": "2023-06-15 17:20:09",
            "updateDate": "2023-06-15 17:20:10",
            "applyType": null,
            "entGeneralId": null,
            "applyStep": 3,
            "isSubmit": 0,
            "entPrefix": "88.408.4742982494",
            "firstAuditStatus": null,
            "firstAuditMsg": null,
            "thirdServiceStatus": null,
            "thirdServiceMsg": null,
            "userName": "pCGn7aIrmNT6DLZ8BcPuJxRnMr882Nhd",
            "finalAuditStatus": null,
            "finalAuditMsg": null,
            "svtrid": null,
            "cltrid": null,
            "userId": 1415,
            "orgName": "pCGn7aIrmNT6DLZ8BcPuJxRnMr882Nhd",
            "orgNature": "1",
            "orgAddrProvince": "110000",
            "orgAddrCity": "110100",
            "orgAddrCounty": "110101",
            "orgAddr": "致真",
            "orgCrtType": "1",
            "orgCrtCode": "pCGn7aIrmNT6DLZ8BcPuJxRnMr882Nhd",
            "legalName": "张三",
            "legalCrtType": "1",
            "legalCrtNo": "63529919930403783X",
            "orgDesc": null,
            "industryCategory": "A",
            "industrySpecific": "01",
            "contactName": "pCGn7aIrmNT6DLZ8BcPuJxRnMr882Nhd",
            "contactPhone": "15876699443",
            "contactCrtType": 1,
            "contactCrtNo": "63529919930403783X",
            "contactEmail": "ePTcggvExyjx2Jx7@qaqseq.com",
            "website": null,
            "regAuthority": null,
            "regCapital": null,
            "establishDate": null,
            "periodValidity": null,
            "legalEmail": null,
            "legalPhone": null,
            "legalFax": null,
            "servSysBuildType": 1,
            "servSysBuildName": null,
            "servSysOperType": 1,
            "servSysOperName": null,
            "dataHostingOrg": null,
            "servHostingOrg": null,
            "regRealNaImpType": null,
            "regRealNaImpName": null,
            "idRegNaImp": null,
            "extWebName": null,
            "extDomain": null,
            "extIpAddr": null,
            "orgCrtImgRid": 2321,
            "contactCrtFrontImgRid": 2322,
            "contactCrtBackImgRid": 2323,
            "legalCrtFrontImgRid": 2322,
            "legalCrtBackImgRid": 2323,
            "servSysBuildContractFileRid": null,
            "servSysOperContractFileRid": null,
            "dataHostingContractFileRid": null,
            "servHostingContractFileRid": null,
            "entInfoLicenses": [],
            "entInfoSyss": [
                {
                    "id": 2537,
                    "entApplyId": 1198,
                    "sysType": 1,
                    "deployMode": 1,
                    "deployAddr": "致真",
                    "deployAddrProvince": "110000",
                    "deployAddrCity": "110100",
                    "deployAddrCounty": "110101",
                    "name": null,
                    "ipPort": null
                },
                {
                    "id": 2538,
                    "entApplyId": 1198,
                    "sysType": 2,
                    "deployMode": 1,
                    "deployAddr": "致真",
                    "deployAddrProvince": "110000",
                    "deployAddrCity": "110100",
                    "deployAddrCounty": "110101",
                    "name": null,
                    "ipPort": null
                },
                {
                    "id": 2539,
                    "entApplyId": 1198,
                    "sysType": 3,
                    "deployMode": 1,
                    "deployAddr": "天津",
                    "deployAddrProvince": "120000",
                    "deployAddrCity": "120100",
                    "deployAddrCounty": "120101",
                    "name": null,
                    "ipPort": null
                },
                {
                    "id": 2540,
                    "entApplyId": 1198,
                    "sysType": 4,
                    "deployMode": 1,
                    "deployAddr": "天津",
                    "deployAddrProvince": "120000",
                    "deployAddrCity": "120100",
                    "deployAddrCounty": "120101",
                    "name": null,
                    "ipPort": null
                }
            ],
            "entInfoSerIndustrys": [],
            "escrowId": null,
            "industryQualificationRid": null,
            "certificationRid": null,
            "openingBank": null,
            "bankCard": null,
            "verificationName": null,
            "orgNatureDesc": "国有控股",
            "orgCrtImgContent": null,
            "orgCategorySpecificDesc": "农、林、牧、渔业-农业",
            "orgAddrProvinceDesc": "北京市",
            "orgAddrCountyDesc": "东城区",
            "orgAddrCityDesc": "市辖区",
            "legalCrtTypeDesc": "中国居民身份证",
            "legalCrtFrontImgContent": null,
            "legalCrtBackImgContent": null,
            "orgCrtImgPath": "540c23e8-3fb3-47df-a4b3-1032f277523b.jpeg",
            "contactCrtFrontImgPath": "d55cc967-5aad-4df7-81b6-b94dfedf0e8e.jpeg",
            "contactCrtBackImgPath": "c6c46581-5381-4cee-883b-0f7e6cf54b9d.jpeg",
            "legalCrtFrontImgPath": "d55cc967-5aad-4df7-81b6-b94dfedf0e8e.jpeg",
            "legalCrtBackImgPath": "c6c46581-5381-4cee-883b-0f7e6cf54b9d.jpeg",
            "servSysBuildContractFilePath": null,
            "servSysOperContractFilePath": null,
            "dataHostingContractFilePath": null,
            "servHostingContractFilePath": null,
            "industryQualificationFilePath": null,
            "certificationFilePath": null,
            "escrowOrgName": null
        },
        "nbmsEntPO": null,
        "nbmsEntPrefixApplyPO": null,
        "needRelog": null,
        "applyStatus": 0
    }
}

2023-06-15 17:20:09.693 | INFO     | httprunner.client:request:217 - status_code: 200, response_time(ms): 104.05 ms, response_length: 0 bytes
2023-06-15 17:20:09.693 | INFO     | httprunner.response:extract:179 - extract mapping: {'applyId': 1198, 'userId': 1415, 'userName': 'pCGn7aIrmNT6DLZ8BcPuJxRnMr882Nhd', 'imgId_f': 2322, 'imgId_b': 2323, 'entId': None, 'entUserId': None, 'prefix': '88.408.4742982494', 'contactCrtNo': '63529919930403783X', 'contactCrtType': 1, 'contactEmail': 'ePTcggvExyjx2Jx7@qaqseq.com', 'contactName': 'pCGn7aIrmNT6DLZ8BcPuJxRnMr882Nhd', 'contactPhone': '15876699443', 'industryCategory': 'A', 'industrySpecific': '01', 'orgName': 'pCGn7aIrmNT6DLZ8BcPuJxRnMr882Nhd', 'orgNature': '1', 'orgAddrProvince': '110000', 'orgAddrCity': '110100', 'orgAddrCounty': '110101', 'orgAddr': '致真', 'orgCrtType': '1', 'orgCrtCode': 'pCGn7aIrmNT6DLZ8BcPuJxRnMr882Nhd', 'legalName': '张三', 'legalEmail': None, 'legalPhone': None, 'legalCrtType': '1', 'legalCrtNo': '63529919930403783X', 'legalCrtFrontImgRid': 2322, 'legalCrtBackImgRid': 2323, 'orgCrtImgRid': 2321, 'imgId': 2321, 'orgNatureDesc': '国有控股', 'orgCategorySpecificDesc': '农、林、牧、渔业-农业', 'orgAddrProvinceDesc': '北京市', 'orgAddrCountyDesc': '东城区', 'orgAddrCityDesc': '市辖区', 'legalCrtTypeDesc': '中国居民身份证', 'createDate': '2023-06-15 17:20:09', 'updateDate': '2023-06-15 17:20:10', 'entInfoSyss_0_id': 2537, 'entInfoSyss_0_entApplyId': 1198, 'entApplyId': 1198, 'entInfoSyss_0_sysType': 1, 'entInfoSyss_0_deployMode': 1, 'entInfoSyss_0_deployAddr': '致真', 'entInfoSyss_0_deployAddrProvince': '110000', 'entInfoSyss_0_deployAddrCity': '110100', 'entInfoSyss_0_deployAddrCounty': '110101', 'entInfoSyss_1_id': 2538, 'entInfoSyss_1_entApplyId': 1198, 'entInfoSyss_1_sysType': 2, 'entInfoSyss_1_deployMode': 1, 'entInfoSyss_1_deployAddr': '致真', 'entInfoSyss_1_deployAddrProvince': '110000', 'entInfoSyss_1_deployAddrCity': '110100', 'entInfoSyss_1_deployAddrCounty': '110101', 'entInfoSyss_2_id': 2539, 'entInfoSyss_2_entApplyId': 1198, 'entInfoSyss_2_sysType': 3, 'entInfoSyss_2_deployMode': 1, 'entInfoSyss_2_deployAddr': '天津', 'entInfoSyss_2_deployAddrProvince': '120000', 'entInfoSyss_2_deployAddrCity': '120100', 'entInfoSyss_2_deployAddrCounty': '120101', 'entInfoSyss_3_id': 2540, 'entInfoSyss_3_entApplyId': 1198, 'entInfoSyss_3_sysType': 4, 'entInfoSyss_3_deployMode': 1, 'entInfoSyss_3_deployAddr': '天津', 'entInfoSyss_3_deployAddrProvince': '120000', 'entInfoSyss_3_deployAddrCity': '120100', 'entInfoSyss_3_deployAddrCounty': '120101'}
2023-06-15 17:20:09.694 | INFO     | httprunner.response:validate:249 - assert status_code equal 200(int)	==> pass
2023-06-15 17:20:09.694 | INFO     | httprunner.response:validate:249 - assert body.message equal success(str)	==> pass
2023-06-15 17:20:09.694 | INFO     | httprunner.runner:__run_step:304 - run step end: 企业注册查询注册信息 <<<<<<

2023-06-15 17:20:09.694 | INFO     | httprunner.runner:__run_step_testcase:286 - export variables: {'legalPhone': None, 'orgAddrCountyDesc': '东城区', 'legalCrtNo': '63529919930403783X', 'entInfoSyss_1_sysType': 2, 'prefix': '88.408.4742982494', 'contactPhone': '15876699443', 'contactName': 'pCGn7aIrmNT6DLZ8BcPuJxRnMr882Nhd', 'orgAddrCity': '110100', 'contactCrtType': 1, 'legalCrtFrontImgRid': 2322, 'legalCrtTypeDesc': '中国居民身份证', 'entInfoSyss_1_deployAddrProvince': '110000', 'entInfoSyss_3_id': 2540, 'orgCategorySpecificDesc': '农、林、牧、渔业-农业', 'entInfoSyss_1_deployMode': 1, 'entApplyId': 1198, 'orgAddrProvinceDesc': '北京市', 'industrySpecific': '01', 'applyId': 1198, 'entInfoSyss_2_sysType': 3, 'userName': 'pCGn7aIrmNT6DLZ8BcPuJxRnMr882Nhd', 'entInfoSyss_3_sysType': 4, 'imgId_b': 2323, 'orgAddrCityDesc': '市辖区', 'entInfoSyss_0_sysType': 1, 'imgId': 2321, 'entInfoSyss_2_deployAddrProvince': '120000', 'entInfoSyss_1_id': 2538, 'entInfoSyss_1_entApplyId': 1198, 'entInfoSyss_3_deployAddrCounty': '120101', 'entInfoSyss_0_deployAddrCity': '110100', 'orgCrtCode': 'pCGn7aIrmNT6DLZ8BcPuJxRnMr882Nhd', 'orgAddr': '致真', 'entInfoSyss_3_entApplyId': 1198, 'entInfoSyss_1_deployAddrCity': '110100', 'orgCrtType': '1', 'imgId_f': 2322, 'legalEmail': None, 'entId': None, 'orgAddrProvince': '110000', 'updateDate': '2023-06-15 17:20:10', 'entInfoSyss_2_deployAddr': '天津', 'userId': 1415, 'contactCrtNo': '63529919930403783X', 'orgNature': '1', 'contactEmail': 'ePTcggvExyjx2Jx7@qaqseq.com', 'entInfoSyss_0_entApplyId': 1198, 'entInfoSyss_0_deployAddrCounty': '110101', 'orgAddrCounty': '110101', 'entUserId': None, 'entInfoSyss_2_id': 2539, 'entInfoSyss_0_deployMode': 1, 'entInfoSyss_3_deployAddr': '天津', 'entInfoSyss_3_deployMode': 1, 'legalName': '张三', 'legalCrtBackImgRid': 2323, 'entInfoSyss_0_deployAddrProvince': '110000', 'legalCrtType': '1', 'entInfoSyss_2_entApplyId': 1198, 'orgCrtImgRid': 2321, 'entInfoSyss_3_deployAddrProvince': '120000', 'entInfoSyss_3_deployAddrCity': '120100', 'entInfoSyss_1_deployAddr': '致真', 'entInfoSyss_2_deployAddrCity': '120100', 'createDate': '2023-06-15 17:20:09', 'entInfoSyss_2_deployAddrCounty': '120101', 'entInfoSyss_0_id': 2537, 'orgName': 'pCGn7aIrmNT6DLZ8BcPuJxRnMr882Nhd', 'industryCategory': 'A', 'entInfoSyss_0_deployAddr': '致真', 'orgNatureDesc': '国有控股', 'entInfoSyss_1_deployAddrCounty': '110101', 'entInfoSyss_2_deployMode': 1}
2023-06-15 17:20:09.694 | INFO     | httprunner.runner:__run_step:304 - run step end: 企业注册查询注册信息 <<<<<<

2023-06-15 17:20:09.694 | INFO     | httprunner.runner:__run_step:292 - run step begin: 企业注册最终第三步提交信息 >>>>>>
2023-06-15 17:20:09.694 | INFO     | httprunner.runner:__run_step:292 - run step begin: 企业注册最终第三步提交信息 >>>>>>
2023-06-15 17:20:09.928 | DEBUG    | httprunner.client:request:186 - client IP: 127.0.0.1, Port: 56965
2023-06-15 17:20:09.929 | DEBUG    | httprunner.client:request:194 - server IP: 127.0.0.1, Port: 8888
2023-06-15 17:20:09.931 | DEBUG    | httprunner.client:log_print:40 - 
================== request details ==================
method   : POST
url      : http://139.198.116.76:8000/api/v3/entApply/apply
headers  : {
    "User-Agent": "Mozilla/5.0 (Macintosh; Intel Mac OS X 10_15_7) AppleWebKit/537.36 (KHTML, like Gecko) Chrome/105.0.0.0 Safari/537.36",
    "Accept-Encoding": "gzip, deflate",
    "Accept": "application/json, text/plain, */*",
    "Connection": "keep-alive",
    "Accept-Language": "zh-CN,zh;q=0.9",
    "Content-Type": "application/json;charset=UTF-8",
    "HRUN-Request-ID": "HRUN-812ce438-d2fb-4364-abd5-501e63beee24-809695",
    "Cookie": "SESSION=NjEwM2QwZDQtZGRlNS00ZWNhLWIxOGQtM2UwZWVkM2MzOTk5; SESSION=response.headers.\"Set-Cookie\".session",
    "Content-Length": "3280"
}
cookies  : {
    "SESSION": "NjEwM2QwZDQtZGRlNS00ZWNhLWIxOGQtM2UwZWVkM2MzOTk5"
}
body     : {
    "applyStep": 4,
    "applyType": null,
    "cltrid": null,
    "contactCrtBackImgPath": null,
    "contactCrtBackImgRid": 2323,
    "contactCrtFrontImgPath": null,
    "contactCrtFrontImgRid": 2322,
    "contactCrtNo": "63529919930403783X",
    "contactCrtType": 1,
    "contactEmail": "ePTcggvExyjx2Jx7@qaqseq.com",
    "contactName": "pCGn7aIrmNT6DLZ8BcPuJxRnMr882Nhd",
    "contactPhone": "15876699443",
    "createDate": "2023-06-15 17:20:09",
    "dataHostingContractFilePath": null,
    "dataHostingContractFileRid": null,
    "dataHostingOrg": null,
    "entGeneralId": null,
    "entInfoLicenses": [],
    "entInfoSerIndustrys": [],
    "entInfoSyss": [
        {
            "deployAddr": "致真",
            "deployAddrCity": "110100",
            "deployAddrCounty": "110101",
            "deployAddrProvince": "110000",
            "deployMode": 1,
            "ipPort": null,
            "name": null,
            "sysType": 2
        },
        {
            "deployAddr": "致真",
            "deployAddrCity": "110100",
            "deployAddrCounty": "110101",
            "deployAddrProvince": "110000",
            "deployMode": 1,
            "ipPort": null,
            "name": null,
            "sysType": 3
        },
        {
            "deployAddr": "天津",
            "deployAddrCity": "120100",
            "deployAddrCounty": "120101",
            "deployAddrProvince": "120000",
            "deployMode": 1,
            "ipPort": null,
            "name": null,
            "sysType": 4
        },
        {
            "deployAddr": "天津",
            "deployAddrCity": "120100",
            "deployAddrCounty": "120101",
            "deployAddrProvince": "120000",
            "deployMode": 1,
            "ipPort": null,
            "name": null,
            "sysType": 4
        }
    ],
    "entPrefix": "88.408.4742982494",
    "escrowId": null,
    "escrowOrgName": null,
    "establishDate": null,
    "extDomain": null,
    "extIpAddr": null,
    "extWebName": null,
    "finalAuditMsg": null,
    "finalAuditStatus": null,
    "firstAuditMsg": null,
    "firstAuditStatus": null,
    "id": 1198,
    "idRegNaImp": null,
    "industryCategory": "A",
    "industrySpecific": "01",
    "isSubmit": 0,
    "legalCrtBackImgContent": null,
    "legalCrtBackImgPath": null,
    "legalCrtBackImgRid": 2323,
    "legalCrtFrontImgContent": null,
    "legalCrtFrontImgPath": null,
    "legalCrtFrontImgRid": 2322,
    "legalCrtNo": "63529919930403783X",
    "legalCrtType": "1",
    "legalCrtTypeDesc": "中国居民身份证",
    "legalEmail": null,
    "legalFax": null,
    "legalName": "张三",
    "legalPhone": null,
    "orgAddr": "致真",
    "orgAddrCity": "110100",
    "orgAddrCityDesc": "市辖区",
    "orgAddrCounty": "110101",
    "orgAddrCountyDesc": "东城区",
    "orgAddrProvince": "110000",
    "orgAddrProvinceDesc": "北京市",
    "orgCategorySpecificDesc": "农、林、牧、渔业-农业",
    "orgCrtCode": "pCGn7aIrmNT6DLZ8BcPuJxRnMr882Nhd",
    "orgCrtImgContent": null,
    "orgCrtImgPath": null,
    "orgCrtImgRid": 2321,
    "orgCrtType": "1",
    "orgDesc": null,
    "orgName": "pCGn7aIrmNT6DLZ8BcPuJxRnMr882Nhd",
    "orgNature": "1",
    "orgNatureDesc": "1",
    "periodValidity": null,
    "regAuthority": null,
    "regCapital": null,
    "regRealNaImpName": null,
    "regRealNaImpType": null,
    "servHostingContractFilePath": null,
    "servHostingContractFileRid": null,
    "servHostingOrg": null,
    "servSysBuildContractFilePath": null,
    "servSysBuildContractFileRid": null,
    "servSysBuildName": null,
    "servSysBuildType": 1,
    "servSysOperContractFilePath": null,
    "servSysOperContractFileRid": null,
    "servSysOperName": null,
    "servSysOperType": 1,
    "svtrid": null,
    "thirdServiceMsg": null,
    "thirdServiceStatus": null,
    "updateDate": "2023-06-15 17:20:10",
    "userId": 1415,
    "userName": "pCGn7aIrmNT6DLZ8BcPuJxRnMr882Nhd",
    "website": null
}

2023-06-15 17:20:09.932 | DEBUG    | httprunner.client:log_print:40 - 
================== response details ==================
status_code : 200
headers  : {
    "Server": "nginx",
    "Date": "Thu, 15 Jun 2023 09:20:09 GMT",
    "Content-Type": "application/json;charset=UTF-8",
    "Transfer-Encoding": "chunked",
    "X-Frame-Options": "SAMEORIGIN",
    "Connection": "keep-alive"
}
cookies  : {}
encoding : UTF-8
content_type : application/json;charset=UTF-8
body     : {
    "message": "success",
    "status": 1,
    "data": true
}

2023-06-15 17:20:09.932 | INFO     | httprunner.client:request:217 - status_code: 200, response_time(ms): 233.16 ms, response_length: 0 bytes
2023-06-15 17:20:09.932 | INFO     | httprunner.response:validate:249 - assert status_code equal 200(int)	==> pass
2023-06-15 17:20:09.932 | INFO     | httprunner.response:validate:249 - assert body.message equal success(str)	==> pass
2023-06-15 17:20:09.932 | INFO     | httprunner.runner:__run_step:304 - run step end: 企业注册最终第三步提交信息 <<<<<<

2023-06-15 17:20:09.933 | INFO     | httprunner.runner:__run_step:304 - run step end: 企业注册最终第三步提交信息 <<<<<<

2023-06-15 17:20:09.933 | INFO     | httprunner.runner:__run_step:292 - run step begin: 登录-管理员 >>>>>>
2023-06-15 17:20:09.933 | INFO     | httprunner.runner:__run_step:292 - run step begin: 登录-企业用户 >>>>>>
2023-06-15 17:20:10.048 | DEBUG    | httprunner.client:request:186 - client IP: 127.0.0.1, Port: 56965
2023-06-15 17:20:10.048 | DEBUG    | httprunner.client:request:194 - server IP: 127.0.0.1, Port: 8888
2023-06-15 17:20:10.049 | DEBUG    | httprunner.client:log_print:40 - 
================== request details ==================
method   : POST
url      : http://139.198.116.76:8000/api/home/test/login
headers  : {
    "User-Agent": "python-requests/2.28.1",
    "Accept-Encoding": "gzip, deflate, br",
    "Accept": "*/*",
    "Connection": "keep-alive",
    "Content-Length": "144",
    "Content-Type": "application/json",
    "HRUN-Request-ID": "HRUN-812ce438-d2fb-4364-abd5-501e63beee24-809933",
    "Cookie": "SESSION=NjEwM2QwZDQtZGRlNS00ZWNhLWIxOGQtM2UwZWVkM2MzOTk5"
}
cookies  : {
    "SESSION": "NjEwM2QwZDQtZGRlNS00ZWNhLWIxOGQtM2UwZWVkM2MzOTk5"
}
body     : {
    "captcha": "0000",
    "captchaSign": "5d39bab12bba81ab59b3931d2ca06ee9603c3803355932be66974f122cab3502",
    "emailCaptcha": "",
    "username": "adminy"
}

2023-06-15 17:20:10.050 | DEBUG    | httprunner.client:log_print:40 - 
================== response details ==================
status_code : 200
headers  : {
    "Server": "nginx",
    "Date": "Thu, 15 Jun 2023 09:20:10 GMT",
    "Content-Type": "application/json;charset=UTF-8",
    "Transfer-Encoding": "chunked",
    "Set-Cookie": "SESSION=MDE5Njg1NzMtZDQxYy00MjFhLThiMDYtMWVlNTU3OTVlNWFj; Path=/; HttpOnly; SameSite=Lax",
    "X-Frame-Options": "SAMEORIGIN",
    "Connection": "keep-alive"
}
cookies  : {
    "SESSION": "MDE5Njg1NzMtZDQxYy00MjFhLThiMDYtMWVlNTU3OTVlNWFj"
}
encoding : UTF-8
content_type : application/json;charset=UTF-8
body     : {
    "message": "success",
    "status": 1,
    "data": true
}

2023-06-15 17:20:10.050 | INFO     | httprunner.client:request:217 - status_code: 200, response_time(ms): 114.23 ms, response_length: 0 bytes
2023-06-15 17:20:10.050 | INFO     | httprunner.response:extract:179 - extract mapping: {'adminSession': 'response.headers."Set-Cookie".session'}
2023-06-15 17:20:10.050 | INFO     | httprunner.response:validate:249 - assert status_code equal 200(int)	==> pass
2023-06-15 17:20:10.051 | INFO     | httprunner.response:validate:249 - assert headers."Content-Type" equal application/json;charset=UTF-8(str)	==> pass
2023-06-15 17:20:10.051 | INFO     | httprunner.response:validate:249 - assert body.message equal success(str)	==> pass
2023-06-15 17:20:10.051 | INFO     | httprunner.response:validate:249 - assert body.status equal 1(int)	==> pass
2023-06-15 17:20:10.051 | INFO     | httprunner.response:validate:249 - assert body.data equal True(bool)	==> pass
2023-06-15 17:20:10.051 | INFO     | httprunner.runner:__run_step:304 - run step end: 登录-企业用户 <<<<<<

2023-06-15 17:20:10.051 | INFO     | httprunner.runner:__run_step_testcase:286 - export variables: {'adminSession': 'response.headers."Set-Cookie".session'}
2023-06-15 17:20:10.051 | INFO     | httprunner.runner:__run_step:304 - run step end: 登录-管理员 <<<<<<

2023-06-15 17:20:10.051 | INFO     | httprunner.runner:__run_step:292 - run step begin: 年费费用查询 >>>>>>
2023-06-15 17:20:10.052 | INFO     | httprunner.runner:__run_step:292 - run step begin: 财务规则查询-年费 >>>>>>
2023-06-15 17:20:10.126 | DEBUG    | httprunner.client:request:186 - client IP: 127.0.0.1, Port: 56965
2023-06-15 17:20:10.127 | DEBUG    | httprunner.client:request:194 - server IP: 127.0.0.1, Port: 8888
2023-06-15 17:20:10.127 | DEBUG    | httprunner.client:log_print:40 - 
================== request details ==================
method   : GET
url      : http://139.198.116.76:8000/api/finance/rule/findRule?cache=1663837640684&moneyType=2&userId=1415
headers  : {
    "User-Agent": "Mozilla/5.0 (Macintosh; Intel Mac OS X 10_15_7) AppleWebKit/537.36 (KHTML, like Gecko) Chrome/98.0.4758.102 Safari/537.36 Edg/98.0.1108.56",
    "Accept-Encoding": "gzip, deflate",
    "Accept": "application/json, text/plain, */*",
    "Connection": "keep-alive",
    "Accept-Language": "zh-CN,zh;q=0.9,en;q=0.8,en-GB;q=0.7,en-US;q=0.6",
    "HRUN-Request-ID": "HRUN-812ce438-d2fb-4364-abd5-501e63beee24-810052",
    "Cookie": "SESSION=MDE5Njg1NzMtZDQxYy00MjFhLThiMDYtMWVlNTU3OTVlNWFj; SESSION=response.headers.\"Set-Cookie\".session"
}
cookies  : {
    "SESSION": "MDE5Njg1NzMtZDQxYy00MjFhLThiMDYtMWVlNTU3OTVlNWFj"
}
body     : None

2023-06-15 17:20:10.128 | DEBUG    | httprunner.client:log_print:40 - 
================== response details ==================
status_code : 200
headers  : {
    "Server": "nginx",
    "Date": "Thu, 15 Jun 2023 09:20:10 GMT",
    "Content-Type": "application/json;charset=UTF-8",
    "Transfer-Encoding": "chunked",
    "X-Frame-Options": "SAMEORIGIN",
    "Connection": "keep-alive"
}
cookies  : {}
encoding : UTF-8
content_type : application/json;charset=UTF-8
body     : {
    "message": "success",
    "status": 1,
    "data": [
        {
            "id": 78,
            "createDate": "2023-05-31 12:51:47",
            "updateDate": "2023-05-31 12:51:47",
            "name": "标准",
            "money": 10000.0,
            "moneyType": 2,
            "prefixCount": 1,
            "remart": "test",
            "entName": null,
            "entUserId": null,
            "ruleType": 2,
            "escrowId": null
        }
    ]
}

2023-06-15 17:20:10.128 | INFO     | httprunner.client:request:217 - status_code: 200, response_time(ms): 74.37 ms, response_length: 0 bytes
2023-06-15 17:20:10.128 | INFO     | httprunner.response:extract:179 - extract mapping: {'annualFeeRuleId': 78}
2023-06-15 17:20:10.129 | INFO     | httprunner.response:validate:249 - assert status_code equal 200(int)	==> pass
2023-06-15 17:20:10.129 | INFO     | httprunner.response:validate:249 - assert body.message equal success(str)	==> pass
2023-06-15 17:20:10.129 | INFO     | httprunner.response:validate:249 - assert body.status equal 1(int)	==> pass
2023-06-15 17:20:10.129 | INFO     | httprunner.runner:__run_step:304 - run step end: 财务规则查询-年费 <<<<<<

2023-06-15 17:20:10.129 | INFO     | httprunner.runner:__run_step_testcase:286 - export variables: {'annualFeeRuleId': 78}
2023-06-15 17:20:10.130 | INFO     | httprunner.runner:__run_step:304 - run step end: 年费费用查询 <<<<<<

2023-06-15 17:20:10.130 | INFO     | httprunner.runner:__run_step:292 - run step begin: 注册费费用查询 >>>>>>
2023-06-15 17:20:10.130 | INFO     | httprunner.runner:__run_step:292 - run step begin: 财务规则查询-注册费 >>>>>>
2023-06-15 17:20:10.193 | DEBUG    | httprunner.client:request:186 - client IP: 127.0.0.1, Port: 56965
2023-06-15 17:20:10.193 | DEBUG    | httprunner.client:request:194 - server IP: 127.0.0.1, Port: 8888
2023-06-15 17:20:10.195 | DEBUG    | httprunner.client:log_print:40 - 
================== request details ==================
method   : GET
url      : http://139.198.116.76:8000/api/finance/rule/findRule?moneyType=1&userId=1415
headers  : {
    "User-Agent": "Mozilla/5.0 (Macintosh; Intel Mac OS X 10_15_7) AppleWebKit/537.36 (KHTML, like Gecko) Chrome/98.0.4758.102 Safari/537.36 Edg/98.0.1108.56",
    "Accept-Encoding": "gzip, deflate",
    "Accept": "application/json, text/plain, */*",
    "Connection": "keep-alive",
    "Accept-Language": "zh-CN,zh;q=0.9,en;q=0.8,en-GB;q=0.7,en-US;q=0.6",
    "HRUN-Request-ID": "HRUN-812ce438-d2fb-4364-abd5-501e63beee24-810130",
    "Cookie": "SESSION=MDE5Njg1NzMtZDQxYy00MjFhLThiMDYtMWVlNTU3OTVlNWFj; SESSION=response.headers.\"Set-Cookie\".session"
}
cookies  : {
    "SESSION": "MDE5Njg1NzMtZDQxYy00MjFhLThiMDYtMWVlNTU3OTVlNWFj"
}
body     : None

2023-06-15 17:20:10.196 | DEBUG    | httprunner.client:log_print:40 - 
================== response details ==================
status_code : 200
headers  : {
    "Server": "nginx",
    "Date": "Thu, 15 Jun 2023 09:20:10 GMT",
    "Content-Type": "application/json;charset=UTF-8",
    "Transfer-Encoding": "chunked",
    "X-Frame-Options": "SAMEORIGIN",
    "Connection": "keep-alive"
}
cookies  : {}
encoding : UTF-8
content_type : application/json;charset=UTF-8
body     : {
    "message": "success",
    "status": 1,
    "data": [
        {
            "id": 77,
            "createDate": "2023-05-31 12:51:33",
            "updateDate": "2023-05-31 12:51:33",
            "name": "标准",
            "money": 10000.0,
            "moneyType": 1,
            "prefixCount": 1,
            "remart": "test",
            "entName": null,
            "entUserId": null,
            "ruleType": 2,
            "escrowId": null
        }
    ]
}

2023-06-15 17:20:10.196 | INFO     | httprunner.client:request:217 - status_code: 200, response_time(ms): 62.23 ms, response_length: 0 bytes
2023-06-15 17:20:10.196 | INFO     | httprunner.response:extract:179 - extract mapping: {'regFeeRuleId': 77}
2023-06-15 17:20:10.196 | INFO     | httprunner.response:validate:249 - assert status_code equal 200(int)	==> pass
2023-06-15 17:20:10.197 | INFO     | httprunner.response:validate:249 - assert body.message equal success(str)	==> pass
2023-06-15 17:20:10.197 | INFO     | httprunner.response:validate:249 - assert body.status equal 1(int)	==> pass
2023-06-15 17:20:10.197 | INFO     | httprunner.runner:__run_step:304 - run step end: 财务规则查询-注册费 <<<<<<

2023-06-15 17:20:10.197 | INFO     | httprunner.runner:__run_step_testcase:286 - export variables: {'regFeeRuleId': 77}
2023-06-15 17:20:10.197 | INFO     | httprunner.runner:__run_step:304 - run step end: 注册费费用查询 <<<<<<

2023-06-15 17:20:10.197 | INFO     | httprunner.runner:__run_step:292 - run step begin: 审核结果保存 >>>>>>
2023-06-15 17:20:10.198 | INFO     | httprunner.runner:__run_step:292 - run step begin: 企业审核保存 >>>>>>
2023-06-15 17:20:12.373 | DEBUG    | httprunner.client:request:186 - client IP: 127.0.0.1, Port: 56965
2023-06-15 17:20:12.374 | DEBUG    | httprunner.client:request:194 - server IP: 127.0.0.1, Port: 8888
2023-06-15 17:20:12.375 | DEBUG    | httprunner.client:log_print:40 - 
================== request details ==================
method   : POST
url      : http://139.198.116.76:8000/api/v3/ent/audit/save?annualFeeRuleId=78&applyId=1198&auditMsg=%E5%AE%A1%E6%A0%B8%E9%80%9A%E8%BF%87&auditResult=pass&entPrefix=88.408.4742982494&regFeeRuleId=77
headers  : {
    "User-Agent": "Mozilla/5.0 (Macintosh; Intel Mac OS X 10_15_7) AppleWebKit/537.36 (KHTML, like Gecko) Chrome/98.0.4758.102 Safari/537.36 Edg/98.0.1108.56",
    "Accept-Encoding": "gzip, deflate",
    "Accept": "application/json, text/plain, */*",
    "Connection": "keep-alive",
    "Accept-Language": "zh-CN,zh;q=0.9,en;q=0.8,en-GB;q=0.7,en-US;q=0.6",
    "Content-Length": "0",
    "HRUN-Request-ID": "HRUN-812ce438-d2fb-4364-abd5-501e63beee24-810198",
    "Cookie": "SESSION=MDE5Njg1NzMtZDQxYy00MjFhLThiMDYtMWVlNTU3OTVlNWFj; SESSION=response.headers.\"Set-Cookie\".session"
}
cookies  : {
    "SESSION": "MDE5Njg1NzMtZDQxYy00MjFhLThiMDYtMWVlNTU3OTVlNWFj"
}
body     : None

2023-06-15 17:20:12.376 | DEBUG    | httprunner.client:log_print:40 - 
================== response details ==================
status_code : 200
headers  : {
    "Server": "nginx",
    "Date": "Thu, 15 Jun 2023 09:20:12 GMT",
    "Content-Type": "application/json",
    "Transfer-Encoding": "chunked",
    "X-Frame-Options": "SAMEORIGIN",
    "Connection": "keep-alive"
}
cookies  : {}
encoding : utf-8
content_type : application/json
body     : {
    "message": "success",
    "status": 1,
    "data": true
}

2023-06-15 17:20:12.376 | INFO     | httprunner.client:request:217 - status_code: 200, response_time(ms): 2174.97 ms, response_length: 0 bytes
2023-06-15 17:20:12.377 | INFO     | httprunner.response:validate:249 - assert status_code equal 200(int)	==> pass
2023-06-15 17:20:12.377 | INFO     | httprunner.response:validate:249 - assert body.message equal success(str)	==> pass
2023-06-15 17:20:12.378 | INFO     | httprunner.response:validate:249 - assert body.status equal 1(int)	==> pass
2023-06-15 17:20:12.378 | INFO     | httprunner.response:validate:249 - assert body.data equal True(bool)	==> pass
2023-06-15 17:20:12.378 | INFO     | httprunner.runner:__run_step:304 - run step end: 企业审核保存 <<<<<<

2023-06-15 17:20:12.378 | INFO     | httprunner.runner:__run_step:304 - run step end: 审核结果保存 <<<<<<

2023-06-15 17:20:12.379 | INFO     | httprunner.runner:__run_step:292 - run step begin: 查询企业详情 >>>>>>
2023-06-15 17:20:12.380 | INFO     | httprunner.runner:__run_step:292 - run step begin: 企业信息详情 >>>>>>
2023-06-15 17:20:12.510 | DEBUG    | httprunner.client:request:186 - client IP: 127.0.0.1, Port: 56965
2023-06-15 17:20:12.511 | DEBUG    | httprunner.client:request:194 - server IP: 127.0.0.1, Port: 8888
2023-06-15 17:20:12.512 | DEBUG    | httprunner.client:log_print:40 - 
================== request details ==================
method   : GET
url      : http://139.198.116.76:8000/api/v3/ent/detail?isSensetive=1&userId=1415
headers  : {
    "User-Agent": "Mozilla/5.0 (Macintosh; Intel Mac OS X 10_15_7) AppleWebKit/537.36 (KHTML, like Gecko) Chrome/98.0.4758.102 Safari/537.36 Edg/98.0.1108.56",
    "Accept-Encoding": "gzip, deflate",
    "Accept": "application/json, text/plain, */*",
    "Connection": "keep-alive",
    "Accept-Language": "zh-CN,zh;q=0.9,en;q=0.8,en-GB;q=0.7,en-US;q=0.6",
    "HRUN-Request-ID": "HRUN-812ce438-d2fb-4364-abd5-501e63beee24-812380",
    "Cookie": "SESSION=MDE5Njg1NzMtZDQxYy00MjFhLThiMDYtMWVlNTU3OTVlNWFj; SESSION=response.headers.\"Set-Cookie\".session"
}
cookies  : {
    "SESSION": "MDE5Njg1NzMtZDQxYy00MjFhLThiMDYtMWVlNTU3OTVlNWFj"
}
body     : None

2023-06-15 17:20:12.514 | DEBUG    | httprunner.client:log_print:40 - 
================== response details ==================
status_code : 200
headers  : {
    "Server": "nginx",
    "Date": "Thu, 15 Jun 2023 09:20:12 GMT",
    "Content-Type": "application/json;charset=UTF-8",
    "Transfer-Encoding": "chunked",
    "X-Frame-Options": "SAMEORIGIN",
    "Connection": "keep-alive"
}
cookies  : {}
encoding : UTF-8
content_type : application/json;charset=UTF-8
body     : {
    "message": "success",
    "status": 1,
    "data": {
        "nbmsEntPO": {
            "id": 468,
            "createDate": "2023-06-15 17:20:12",
            "updateDate": "2023-06-15 17:20:12",
            "entGeneralId": "2811367700000001",
            "userId": 1415,
            "userName": "pCGn7aIrmNT6DLZ8BcPuJxRnMr882Nhd",
            "sync": null,
            "orgName": "pCGn7aIrmNT6DLZ8BcPuJxRnMr882Nhd",
            "orgNature": "1",
            "orgAddrProvince": "110000",
            "orgAddrCity": "110100",
            "orgAddrCounty": "110101",
            "orgAddr": "致真",
            "orgCrtType": "1",
            "orgCrtCode": "pCGn7aIrmNT6DLZ8BcPuJxRnMr882Nhd",
            "legalName": "*三",
            "legalCrtType": "1",
            "legalCrtNo": "**************783X",
            "orgDesc": null,
            "industryCategory": "A",
            "industrySpecific": "01",
            "contactName": "******************************hd",
            "contactPhone": "158****9443",
            "contactCrtType": 1,
            "contactCrtNo": "**************783X",
            "contactEmail": "ePT*************@qaqseq.com",
            "website": null,
            "regAuthority": null,
            "regCapital": null,
            "establishDate": null,
            "periodValidity": null,
            "legalEmail": null,
            "legalPhone": null,
            "legalFax": null,
            "servSysBuildType": 1,
            "servSysBuildName": null,
            "servSysOperType": "1",
            "servSysOperName": null,
            "dataHostingOrg": null,
            "servHostingOrg": null,
            "regRealNaImpType": null,
            "regRealNaImpName": null,
            "idRegNaImp": null,
            "extWebName": null,
            "extDomain": null,
            "extIpAddr": null,
            "orgCrtImgRid": 2321,
            "contactCrtFrontImgRid": 2322,
            "contactCrtBackImgRid": 2323,
            "legalCrtFrontImgRid": 2322,
            "legalCrtBackImgRid": 2323,
            "servSysBuildContractFileRid": null,
            "servSysOperContractFileRid": null,
            "dataHostingContractFileRid": null,
            "servHostingContractFileRid": null,
            "isDeleted": 0,
            "xmlCreated": 0,
            "xmlUpdateTime": null,
            "xmlDeleted": 0,
            "xmlSync": 0,
            "entInfoLicenses": [],
            "entInfoSyss": [
                {
                    "id": 1481,
                    "entId": 468,
                    "sysType": 1,
                    "deployMode": 1,
                    "deployAddr": "致真",
                    "deployAddrProvince": "110000",
                    "deployAddrCity": "110100",
                    "deployAddrCounty": "110101",
                    "name": null,
                    "ipPort": null
                },
                {
                    "id": 1482,
                    "entId": 468,
                    "sysType": 2,
                    "deployMode": 1,
                    "deployAddr": "致真",
                    "deployAddrProvince": "110000",
                    "deployAddrCity": "110100",
                    "deployAddrCounty": "110101",
                    "name": null,
                    "ipPort": null
                },
                {
                    "id": 1483,
                    "entId": 468,
                    "sysType": 3,
                    "deployMode": 1,
                    "deployAddr": "天津",
                    "deployAddrProvince": "120000",
                    "deployAddrCity": "120100",
                    "deployAddrCounty": "120101",
                    "name": null,
                    "ipPort": null
                },
                {
                    "id": 1484,
                    "entId": 468,
                    "sysType": 4,
                    "deployMode": 1,
                    "deployAddr": "天津",
                    "deployAddrProvince": "120000",
                    "deployAddrCity": "120100",
                    "deployAddrCounty": "120101",
                    "name": null,
                    "ipPort": null
                }
            ],
            "entInfoSerIndustrys": [],
            "escrowId": null,
            "industryQualificationRid": null,
            "certificationRid": null,
            "openingBank": null,
            "bankCard": null,
            "orgTypeDesc": "国有控股",
            "orgCrtImgContent": null,
            "orgAddrProvinceDesc": "北京市",
            "orgAddrCountyDesc": "东城区",
            "orgAddrCityDesc": "市辖区",
            "orgCategorySpecificDesc": "农、林、牧、渔业-农业",
            "legalCrtTypeDesc": "中国居民身份证",
            "legalCrtFrontImgContent": null,
            "legalCrtBackImgContent": null,
            "entPrefix": "88.408.4742982494",
            "shrPrefix": null,
            "orgCrtImgPath": "540c23e8-3fb3-47df-a4b3-1032f277523b.jpeg",
            "contactCrtFrontImgPath": "d55cc967-5aad-4df7-81b6-b94dfedf0e8e.jpeg",
            "contactCrtBackImgPath": "c6c46581-5381-4cee-883b-0f7e6cf54b9d.jpeg",
            "legalCrtFrontImgPath": "d55cc967-5aad-4df7-81b6-b94dfedf0e8e.jpeg",
            "legalCrtBackImgPath": "c6c46581-5381-4cee-883b-0f7e6cf54b9d.jpeg",
            "servSysBuildContractFilePath": null,
            "servSysOperContractFilePath": null,
            "dataHostingContractFilePath": null,
            "servHostingContractFilePath": null,
            "industryQualificationFilePath": null,
            "certificationFilePath": null,
            "escrowOrgName": null
        },
        "nbmsEntPrefixPOs": [
            {
                "id": 623,
                "createDate": "2023-06-15 17:20:12",
                "updateDate": "2023-06-15 17:20:12",
                "entPrefix": "88.408.4742982494",
                "state": 1,
                "historyState": 1,
                "entGeneralId": "2811367700000001",
                "entName": "pCGn7aIrmNT6DLZ8BcPuJxRnMr882Nhd",
                "userId": 1415,
                "proxyState": 1,
                "prefixConfigPO": [],
                "escrowId": null
            }
        ]
    }
}

2023-06-15 17:20:12.515 | INFO     | httprunner.client:request:217 - status_code: 200, response_time(ms): 129.48 ms, response_length: 0 bytes
2023-06-15 17:20:12.515 | INFO     | httprunner.response:extract:179 - extract mapping: {'entId': 468}
2023-06-15 17:20:12.515 | INFO     | httprunner.response:validate:249 - assert status_code equal 200(int)	==> pass
2023-06-15 17:20:12.515 | INFO     | httprunner.response:validate:249 - assert body.message equal success(str)	==> pass
2023-06-15 17:20:12.515 | INFO     | httprunner.response:validate:249 - assert body.status equal 1(int)	==> pass
2023-06-15 17:20:12.515 | INFO     | httprunner.runner:__run_step:304 - run step end: 企业信息详情 <<<<<<

2023-06-15 17:20:12.516 | INFO     | httprunner.runner:__run_step_testcase:286 - export variables: {'entId': 468}
2023-06-15 17:20:12.516 | INFO     | httprunner.runner:__run_step:304 - run step end: 查询企业详情 <<<<<<

2023-06-15 17:20:12.516 | INFO     | httprunner.runner:__run_step:292 - run step begin: 登录-企业 >>>>>>
2023-06-15 17:20:12.517 | INFO     | httprunner.runner:__run_step:292 - run step begin: 登录-企业用户 >>>>>>
2023-06-15 17:20:12.607 | DEBUG    | httprunner.client:request:186 - client IP: 127.0.0.1, Port: 56965
2023-06-15 17:20:12.607 | DEBUG    | httprunner.client:request:194 - server IP: 127.0.0.1, Port: 8888
2023-06-15 17:20:12.608 | DEBUG    | httprunner.client:log_print:40 - 
================== request details ==================
method   : POST
url      : http://139.198.116.76:8000/api/home/test/login
headers  : {
    "User-Agent": "python-requests/2.28.1",
    "Accept-Encoding": "gzip, deflate, br",
    "Accept": "*/*",
    "Connection": "keep-alive",
    "Content-Length": "170",
    "Content-Type": "application/json",
    "HRUN-Request-ID": "HRUN-812ce438-d2fb-4364-abd5-501e63beee24-812517",
    "Cookie": "SESSION=MDE5Njg1NzMtZDQxYy00MjFhLThiMDYtMWVlNTU3OTVlNWFj"
}
cookies  : {
    "SESSION": "MDE5Njg1NzMtZDQxYy00MjFhLThiMDYtMWVlNTU3OTVlNWFj"
}
body     : {
    "captcha": "0000",
    "captchaSign": "a1f7d06f8102e27736885a41be7fcaf8b0e169cb19bb9a43bd5a528ad0cf2d88",
    "emailCaptcha": "",
    "username": "pCGn7aIrmNT6DLZ8BcPuJxRnMr882Nhd"
}

2023-06-15 17:20:12.648 | DEBUG    | httprunner.client:log_print:40 - 
================== response details ==================
status_code : 200
headers  : {
    "Server": "nginx",
    "Date": "Thu, 15 Jun 2023 09:20:12 GMT",
    "Content-Type": "application/json;charset=UTF-8",
    "Transfer-Encoding": "chunked",
    "Set-Cookie": "SESSION=ZWI5ODkzMjAtNGViNi00MTc4LWFlMTMtYzg2MzgyNThiMjJh; Path=/; HttpOnly; SameSite=Lax",
    "X-Frame-Options": "SAMEORIGIN",
    "Connection": "keep-alive"
}
cookies  : {
    "SESSION": "ZWI5ODkzMjAtNGViNi00MTc4LWFlMTMtYzg2MzgyNThiMjJh"
}
encoding : UTF-8
content_type : application/json;charset=UTF-8
body     : {
    "message": "success",
    "status": 1,
    "data": true
}

2023-06-15 17:20:12.649 | INFO     | httprunner.client:request:217 - status_code: 200, response_time(ms): 89.72 ms, response_length: 0 bytes
2023-06-15 17:20:12.649 | INFO     | httprunner.response:extract:179 - extract mapping: {'entSession': 'response.headers."Set-Cookie".session'}
2023-06-15 17:20:12.649 | INFO     | httprunner.response:validate:249 - assert status_code equal 200(int)	==> pass
2023-06-15 17:20:12.650 | INFO     | httprunner.response:validate:249 - assert headers."Content-Type" equal application/json;charset=UTF-8(str)	==> pass
2023-06-15 17:20:12.650 | INFO     | httprunner.response:validate:249 - assert body.message equal success(str)	==> pass
2023-06-15 17:20:12.650 | INFO     | httprunner.response:validate:249 - assert body.status equal 1(int)	==> pass
2023-06-15 17:20:12.650 | INFO     | httprunner.response:validate:249 - assert body.data equal True(bool)	==> pass
2023-06-15 17:20:12.651 | INFO     | httprunner.runner:__run_step:304 - run step end: 登录-企业用户 <<<<<<

2023-06-15 17:20:12.651 | INFO     | httprunner.runner:__run_step_testcase:286 - export variables: {'entSession': 'response.headers."Set-Cookie".session'}
2023-06-15 17:20:12.651 | INFO     | httprunner.runner:__run_step:304 - run step end: 登录-企业 <<<<<<

2023-06-15 17:20:12.652 | INFO     | httprunner.runner:__run_step:292 - run step begin: 添加标识业务数据 >>>>>>
2023-06-15 17:20:12.653 | INFO     | httprunner.runner:__run_step:292 - run step begin: 添加标识业务数据 >>>>>>
2023-06-15 17:20:12.744 | DEBUG    | httprunner.client:request:186 - client IP: 127.0.0.1, Port: 56965
2023-06-15 17:20:12.745 | DEBUG    | httprunner.client:request:194 - server IP: 127.0.0.1, Port: 8888
2023-06-15 17:20:12.746 | DEBUG    | httprunner.client:log_print:40 - 
================== request details ==================
method   : POST
url      : http://139.198.116.76:8000/api/v3/entBussInfo
headers  : {
    "User-Agent": "Mozilla/5.0 (Macintosh; Intel Mac OS X 10_15_7) AppleWebKit/537.36 (KHTML, like Gecko) Chrome/105.0.0.0 Safari/537.36",
    "Accept-Encoding": "gzip, deflate",
    "Accept": "application/json, text/plain, */*",
    "Connection": "keep-alive",
    "Accept-Language": "zh-CN,zh;q=0.9",
    "Content-Length": "213",
    "Content-Type": "application/json;charset=UTF-8",
    "HRUN-Request-ID": "HRUN-812ce438-d2fb-4364-abd5-501e63beee24-812653",
    "Cookie": "SESSION=ZWI5ODkzMjAtNGViNi00MTc4LWFlMTMtYzg2MzgyNThiMjJh; SESSION=response.headers.\"Set-Cookie\".session"
}
cookies  : {
    "SESSION": "ZWI5ODkzMjAtNGViNi00MTc4LWFlMTMtYzg2MzgyNThiMjJh"
}
body     : {
    "appDesc": "sdad",
    "appName": 249553150,
    "appRdunit": "bbbbbbbbbbbsdadsdasdasbbbbb",
    "appType": 1,
    "appUserCount": 6887,
    "entId": 468,
    "orgName": "pCGn7aIrmNT6DLZ8BcPuJxRnMr882Nhd",
    "prefix": "88.408.4742982494"
}

2023-06-15 17:20:12.746 | DEBUG    | httprunner.client:log_print:40 - 
================== response details ==================
status_code : 200
headers  : {
    "Server": "nginx",
    "Date": "Thu, 15 Jun 2023 09:20:12 GMT",
    "Content-Type": "application/json",
    "Transfer-Encoding": "chunked",
    "X-Frame-Options": "SAMEORIGIN",
    "Connection": "keep-alive"
}
cookies  : {}
encoding : utf-8
content_type : application/json
body     : {
    "message": "success",
    "status": 1,
    "data": true
}

2023-06-15 17:20:12.747 | INFO     | httprunner.client:request:217 - status_code: 200, response_time(ms): 91.03 ms, response_length: 0 bytes
2023-06-15 17:20:12.747 | INFO     | httprunner.response:validate:249 - assert status_code equal 200(int)	==> pass
2023-06-15 17:20:12.747 | INFO     | httprunner.response:validate:249 - assert headers."Content-Type" equal application/json(str)	==> pass
2023-06-15 17:20:12.747 | INFO     | httprunner.response:validate:249 - assert body.message equal success(str)	==> pass
2023-06-15 17:20:12.748 | INFO     | httprunner.response:validate:249 - assert body.status equal 1(int)	==> pass
2023-06-15 17:20:12.748 | INFO     | httprunner.response:validate:249 - assert body.data equal True(bool)	==> pass
2023-06-15 17:20:12.748 | INFO     | httprunner.runner:__run_step:304 - run step end: 添加标识业务数据 <<<<<<

2023-06-15 17:20:12.748 | INFO     | httprunner.runner:__run_step:304 - run step end: 添加标识业务数据 <<<<<<

2023-06-15 17:20:12.748 | INFO     | httprunner.runner:__run_step:292 - run step begin: 查看标识业务列表 >>>>>>
2023-06-15 17:20:12.749 | INFO     | httprunner.runner:__run_step:292 - run step begin: 标识业务数据分页列表 >>>>>>
2023-06-15 17:20:12.829 | DEBUG    | httprunner.client:request:186 - client IP: 127.0.0.1, Port: 56965
2023-06-15 17:20:12.829 | DEBUG    | httprunner.client:request:194 - server IP: 127.0.0.1, Port: 8888
2023-06-15 17:20:12.829 | DEBUG    | httprunner.client:log_print:40 - 
================== request details ==================
method   : GET
url      : http://139.198.116.76:8000/api/v3/entBussInfo/pageQuery?cache=1663839277560&currentPage=1&orgName=pCGn7aIrmNT6DLZ8BcPuJxRnMr882Nhd&prefix=88.408.4742982494&appName=249553150&appType=1
headers  : {
    "User-Agent": "Mozilla/5.0 (Macintosh; Intel Mac OS X 10_15_7) AppleWebKit/537.36 (KHTML, like Gecko) Chrome/105.0.0.0 Safari/537.36",
    "Accept-Encoding": "gzip, deflate",
    "Accept": "application/json, text/plain, */*",
    "Connection": "keep-alive",
    "Accept-Language": "zh-CN,zh;q=0.9",
    "HRUN-Request-ID": "HRUN-812ce438-d2fb-4364-abd5-501e63beee24-812749",
    "Cookie": "SESSION=ZWI5ODkzMjAtNGViNi00MTc4LWFlMTMtYzg2MzgyNThiMjJh; SESSION=response.headers.\"Set-Cookie\".session"
}
cookies  : {
    "SESSION": "ZWI5ODkzMjAtNGViNi00MTc4LWFlMTMtYzg2MzgyNThiMjJh"
}
body     : None

2023-06-15 17:20:12.830 | DEBUG    | httprunner.client:log_print:40 - 
================== response details ==================
status_code : 200
headers  : {
    "Server": "nginx",
    "Date": "Thu, 15 Jun 2023 09:20:12 GMT",
    "Content-Type": "application/json;charset=UTF-8",
    "Transfer-Encoding": "chunked",
    "X-Frame-Options": "SAMEORIGIN",
    "Connection": "keep-alive"
}
cookies  : {}
encoding : UTF-8
content_type : application/json;charset=UTF-8
body     : {
    "message": "success",
    "status": 1,
    "data": {
        "first": true,
        "last": true,
        "totalPages": 1,
        "totalElements": 1,
        "number": 1,
        "size": 10,
        "sort": {
            "sorted": true,
            "empty": false,
            "unsorted": false
        },
        "numberOfElements": 1,
        "content": [
            {
                "id": 15,
                "appDesc": "sdad",
                "appRdunit": "bbbbbbbbbbbsdadsdasdasbbbbb",
                "appType": 1,
                "appUserCount": 6887,
                "useRecursion": null,
                "prefix": "88.408.4742982494",
                "orgName": "pCGn7aIrmNT6DLZ8BcPuJxRnMr882Nhd",
                "entId": 468,
                "appName": "249553150"
            }
        ]
    }
}

2023-06-15 17:20:12.830 | INFO     | httprunner.client:request:217 - status_code: 200, response_time(ms): 79.67 ms, response_length: 0 bytes
2023-06-15 17:20:12.831 | INFO     | httprunner.response:extract:179 - extract mapping: {'entBusinessId': 15}
2023-06-15 17:20:12.832 | INFO     | httprunner.response:validate:249 - assert status_code equal 200(int)	==> pass
2023-06-15 17:20:12.832 | INFO     | httprunner.response:validate:249 - assert headers."Content-Type" equal application/json;charset=UTF-8(str)	==> pass
2023-06-15 17:20:12.832 | INFO     | httprunner.response:validate:249 - assert body.message equal success(str)	==> pass
2023-06-15 17:20:12.833 | INFO     | httprunner.response:validate:249 - assert body.status equal 1(int)	==> pass
2023-06-15 17:20:12.833 | INFO     | httprunner.runner:__run_step:304 - run step end: 标识业务数据分页列表 <<<<<<

2023-06-15 17:20:12.833 | INFO     | httprunner.runner:__run_step_testcase:286 - export variables: {'entBusinessId': 15}
2023-06-15 17:20:12.833 | INFO     | httprunner.runner:__run_step:304 - run step end: 查看标识业务列表 <<<<<<

2023-06-15 17:20:12.833 | INFO     | httprunner.runner:__run_step:292 - run step begin: 删除标识业务数据 >>>>>>
2023-06-15 17:20:12.834 | INFO     | httprunner.runner:__run_step:292 - run step begin: 标识业务数据删除 >>>>>>
2023-06-15 17:20:12.897 | DEBUG    | httprunner.client:request:186 - client IP: 127.0.0.1, Port: 56965
2023-06-15 17:20:12.897 | DEBUG    | httprunner.client:request:194 - server IP: 127.0.0.1, Port: 8888
2023-06-15 17:20:12.898 | DEBUG    | httprunner.client:log_print:40 - 
================== request details ==================
method   : POST
url      : http://139.198.116.76:8000/api/v3/entBussInfo?id=15
headers  : {
    "User-Agent": "Mozilla/5.0 (Macintosh; Intel Mac OS X 10_15_7) AppleWebKit/537.36 (KHTML, like Gecko) Chrome/105.0.0.0 Safari/537.36",
    "Accept-Encoding": "gzip, deflate",
    "Accept": "application/json, text/plain, */*",
    "Connection": "keep-alive",
    "Accept-Language": "zh-CN,zh;q=0.9",
    "Content-Length": "0",
    "X-HTTP-Method-Override": "delete",
    "HRUN-Request-ID": "HRUN-812ce438-d2fb-4364-abd5-501e63beee24-812834",
    "Cookie": "SESSION=ZWI5ODkzMjAtNGViNi00MTc4LWFlMTMtYzg2MzgyNThiMjJh; SESSION=response.headers.\"Set-Cookie\".session"
}
cookies  : {
    "SESSION": "ZWI5ODkzMjAtNGViNi00MTc4LWFlMTMtYzg2MzgyNThiMjJh"
}
body     : None

2023-06-15 17:20:12.901 | DEBUG    | httprunner.client:log_print:40 - 
================== response details ==================
status_code : 200
headers  : {
    "Server": "nginx",
    "Date": "Thu, 15 Jun 2023 09:20:12 GMT",
    "Content-Type": "application/json",
    "Transfer-Encoding": "chunked",
    "X-Frame-Options": "SAMEORIGIN",
    "Connection": "keep-alive"
}
cookies  : {}
encoding : utf-8
content_type : application/json
body     : {
    "message": "success",
    "status": 1,
    "data": true
}

2023-06-15 17:20:12.902 | INFO     | httprunner.client:request:217 - status_code: 200, response_time(ms): 62.75 ms, response_length: 0 bytes
2023-06-15 17:20:12.902 | INFO     | httprunner.response:validate:249 - assert status_code equal 200(int)	==> pass
2023-06-15 17:20:12.902 | INFO     | httprunner.response:validate:249 - assert headers."Content-Type" equal application/json(str)	==> pass
2023-06-15 17:20:12.902 | INFO     | httprunner.response:validate:249 - assert body.message equal success(str)	==> pass
2023-06-15 17:20:12.903 | INFO     | httprunner.response:validate:249 - assert body.status equal 1(int)	==> pass
2023-06-15 17:20:12.903 | INFO     | httprunner.response:validate:249 - assert body.data equal True(bool)	==> pass
2023-06-15 17:20:12.904 | INFO     | httprunner.runner:__run_step:304 - run step end: 标识业务数据删除 <<<<<<

2023-06-15 17:20:12.904 | INFO     | httprunner.runner:__run_step:304 - run step end: 删除标识业务数据 <<<<<<

