2023-06-25 18:16:54.651 | INFO     | httprunner.runner:test_start:450 - Start to run testcase: excel上传, TestCase ID: 84184b88-6dc8-4e29-acb9-bb196262f0c6
2023-06-25 18:16:54.652 | INFO     | httprunner.runner:__run_step:292 - run step begin: 登录-企业 >>>>>>
2023-06-25 18:16:54.652 | INFO     | httprunner.runner:__run_step:292 - run step begin: 登录-企业用户 >>>>>>
2023-06-25 18:16:54.773 | DEBUG    | httprunner.client:request:186 - client IP: 127.0.0.1, Port: 49913
2023-06-25 18:16:54.774 | DEBUG    | httprunner.client:request:194 - server IP: 127.0.0.1, Port: 8888
2023-06-25 18:16:54.774 | DEBUG    | httprunner.client:log_print:40 - 
================== request details ==================
method   : POST
url      : http://139.198.116.76:8000/api/home/test/login
headers  : {
    "User-Agent": "python-requests/2.28.1",
    "Accept-Encoding": "gzip, deflate, br",
    "Accept": "*/*",
    "Connection": "keep-alive",
    "Content-Length": "153",
    "Content-Type": "application/json",
    "HRUN-Request-ID": "HRUN-84184b88-6dc8-4e29-acb9-bb196262f0c6-214652"
}
cookies  : {}
body     : {
    "captcha": "0000",
    "captchaSign": "38be7cc8cac76d23e86626cb05d7f6d2b78d6331475624bdc58c23c527e3c5c5",
    "emailCaptcha": "",
    "username": "20230531-110943"
}

2023-06-25 18:16:54.775 | DEBUG    | httprunner.client:log_print:40 - 
================== response details ==================
status_code : 200
headers  : {
    "Server": "nginx",
    "Date": "Sun, 25 Jun 2023 10:16:54 GMT",
    "Content-Type": "application/json;charset=UTF-8",
    "Transfer-Encoding": "chunked",
    "Set-Cookie": "SESSION=NTBjMzQxNWMtNTFkNy00ZTk0LWE5Y2QtZDY3Y2Q3ZjkwY2Q2; Path=/; HttpOnly; SameSite=Lax",
    "X-Frame-Options": "SAMEORIGIN",
    "Connection": "keep-alive"
}
cookies  : {
    "SESSION": "NTBjMzQxNWMtNTFkNy00ZTk0LWE5Y2QtZDY3Y2Q3ZjkwY2Q2"
}
encoding : UTF-8
content_type : application/json;charset=UTF-8
body     : {
    "message": "success",
    "status": 1,
    "data": true
}

2023-06-25 18:16:54.775 | INFO     | httprunner.client:request:217 - status_code: 200, response_time(ms): 120.9 ms, response_length: 0 bytes
2023-06-25 18:16:54.775 | INFO     | httprunner.response:extract:179 - extract mapping: {'entSession': 'response.headers."Set-Cookie".session'}
2023-06-25 18:16:54.775 | INFO     | httprunner.response:validate:249 - assert status_code equal 200(int)	==> pass
2023-06-25 18:16:54.775 | INFO     | httprunner.response:validate:249 - assert headers."Content-Type" equal application/json;charset=UTF-8(str)	==> pass
2023-06-25 18:16:54.775 | INFO     | httprunner.response:validate:249 - assert body.message equal success(str)	==> pass
2023-06-25 18:16:54.776 | INFO     | httprunner.response:validate:249 - assert body.status equal 1(int)	==> pass
2023-06-25 18:16:54.776 | INFO     | httprunner.response:validate:249 - assert body.data equal True(bool)	==> pass
2023-06-25 18:16:54.776 | INFO     | httprunner.runner:__run_step:304 - run step end: 登录-企业用户 <<<<<<

2023-06-25 18:16:54.776 | INFO     | httprunner.runner:__run_step_testcase:286 - export variables: {'entSession': 'response.headers."Set-Cookie".session'}
2023-06-25 18:16:54.776 | INFO     | httprunner.runner:__run_step:304 - run step end: 登录-企业 <<<<<<

2023-06-25 18:16:54.776 | INFO     | httprunner.runner:__run_step:292 - run step begin: 上传excel文件 >>>>>>
2023-06-25 18:16:54.777 | INFO     | httprunner.runner:__run_step:292 - run step begin: 上传excel文件 >>>>>>
2023-06-25 18:16:54.997 | DEBUG    | httprunner.client:request:186 - client IP: 127.0.0.1, Port: 49913
2023-06-25 18:16:54.998 | DEBUG    | httprunner.client:request:194 - server IP: 127.0.0.1, Port: 8888
2023-06-25 18:16:54.999 | DEBUG    | httprunner.client:log_print:40 - 
================== request details ==================
method   : POST
url      : http://139.198.116.76:8000/api/snms/identityv2/data/uploadExcel
headers  : {
    "User-Agent": "Mozilla/5.0 (Macintosh; Intel Mac OS X 10_15_7) AppleWebKit/537.36 (KHTML, like Gecko) Chrome/105.0.0.0 Safari/537.36",
    "Accept-Encoding": "gzip, deflate",
    "Accept": "application/json, text/plain, */*",
    "Connection": "keep-alive",
    "Accept-Language": "zh-CN,zh;q=0.9",
    "Content-Type": "multipart/form-data; boundary=7904690186a34b24b0b33ccdf200efd1",
    "HRUN-Request-ID": "HRUN-84184b88-6dc8-4e29-acb9-bb196262f0c6-214778",
    "Cookie": "SESSION=NTBjMzQxNWMtNTFkNy00ZTk0LWE5Y2QtZDY3Y2Q3ZjkwY2Q2; SESSION=response.headers.\"Set-Cookie\".session",
    "Content-Length": "9443"
}
cookies  : {
    "SESSION": "NTBjMzQxNWMtNTFkNy00ZTk0LWE5Y2QtZDY3Y2Q3ZjkwY2Q2"
}
body     : upload file stream (OMITTED)

2023-06-25 18:16:55.000 | DEBUG    | httprunner.client:log_print:40 - 
================== response details ==================
status_code : 200
headers  : {
    "Server": "nginx",
    "Date": "Sun, 25 Jun 2023 10:16:55 GMT",
    "Content-Type": "application/json",
    "Transfer-Encoding": "chunked",
    "X-Frame-Options": "SAMEORIGIN",
    "Connection": "keep-alive"
}
cookies  : {}
encoding : utf-8
content_type : application/json
body     : {
    "message": "success",
    "status": 1,
    "data": true
}

2023-06-25 18:16:55.000 | INFO     | httprunner.client:request:217 - status_code: 200, response_time(ms): 218.93 ms, response_length: 0 bytes
2023-06-25 18:16:55.000 | INFO     | httprunner.response:validate:249 - assert status_code equal 200(int)	==> pass
2023-06-25 18:16:55.000 | INFO     | httprunner.response:validate:249 - assert headers."Content-Type" equal application/json(str)	==> pass
2023-06-25 18:16:55.001 | INFO     | httprunner.response:validate:249 - assert body.message equal success(str)	==> pass
2023-06-25 18:16:55.001 | INFO     | httprunner.response:validate:249 - assert body.status equal 1(int)	==> pass
2023-06-25 18:16:55.001 | INFO     | httprunner.response:validate:249 - assert body.data equal True(bool)	==> pass
2023-06-25 18:16:55.001 | INFO     | httprunner.runner:__run_step:304 - run step end: 上传excel文件 <<<<<<

2023-06-25 18:16:55.001 | INFO     | httprunner.runner:__run_step:304 - run step end: 上传excel文件 <<<<<<

