2023-06-13 16:48:09.737 | INFO     | httprunner.runner:test_start:450 - Start to run testcase: excel上传, TestCase ID: 882b33b0-5221-4f1c-aa63-3ceffdb9ef4e
2023-06-13 16:48:09.738 | INFO     | httprunner.runner:__run_step:292 - run step begin: 登录-企业 >>>>>>
2023-06-13 16:48:09.738 | INFO     | httprunner.runner:__run_step:292 - run step begin: 登录-企业用户 >>>>>>
2023-06-13 16:49:24.750 | WARNING  | httprunner.client:request:188 - failed to get client address info: 'NoneType' object has no attribute 'connection'
2023-06-13 16:49:24.753 | WARNING  | httprunner.client:request:196 - failed to get server address info: 'NoneType' object has no attribute 'connection'
2023-06-13 16:49:24.755 | DEBUG    | httprunner.client:log_print:40 - 
================== request details ==================
method   : POST
url      : http://139.198.115.70:8000/api/home/test/login
headers  : {
    "Content-Length": "0"
}
cookies  : {}
body     : None

2023-06-13 16:49:24.756 | DEBUG    | httprunner.client:log_print:40 - 
================== response details ==================
status_code : 0
headers  : {}
cookies  : {}
encoding : None
content_type : 
body     : 

2023-06-13 16:49:24.756 | ERROR    | httprunner.client:request:215 - HTTPConnectionPool(host='139.198.115.70', port=8000): Max retries exceeded with url: /api/home/test/login (Caused by ConnectTimeoutError(<urllib3.connection.HTTPConnection object at 0x103ffc880>, 'Connection to 139.198.115.70 timed out. (connect timeout=120)'))
2023-06-13 16:49:24.757 | INFO     | httprunner.response:extract:179 - extract mapping: {'entSession': 'response.headers."Set-Cookie".session'}
2023-06-13 16:49:24.757 | ERROR    | httprunner.response:validate:266 - assert status_code equal 200(int)	==> fail
check_item: status_code
check_value: 0(int)
assert_method: equal
expect_value: 200(int)
2023-06-13 16:49:24.758 | ERROR    | httprunner.response:validate:266 - assert headers."Content-Type" equal application/json;charset=UTF-8(str)	==> fail
check_item: headers."Content-Type"
check_value: None(NoneType)
assert_method: equal
expect_value: application/json;charset=UTF-8(str)
2023-06-13 16:49:24.759 | ERROR    | httprunner.response:validate:266 - assert body.message equal success(str)	==> fail
check_item: body.message
check_value: None(NoneType)
assert_method: equal
expect_value: success(str)
2023-06-13 16:49:24.759 | ERROR    | httprunner.response:validate:266 - assert body.status equal 1(int)	==> fail
check_item: body.status
check_value: None(NoneType)
assert_method: equal
expect_value: 1(int)
2023-06-13 16:49:24.760 | ERROR    | httprunner.response:validate:266 - assert body.data equal True(bool)	==> fail
check_item: body.data
check_value: None(NoneType)
assert_method: equal
expect_value: True(bool)
2023-06-13 16:49:24.761 | ERROR    | httprunner.runner:log_req_resp_details:194 - 
******************************** DETAILED REQUEST & RESPONSE ********************************
====== request details ======
url: http://139.198.115.70:8000/api/home/test/login
method: POST
headers: {'Accept': '*/*', 'Accept-Encoding': 'gzip, deflate, br', 'Connection': 'keep-alive', 'Content-Length': '204', 'Content-Type': 'application/json', 'User-Agent': 'python-requests/2.28.1', 'HRUN-Request-ID': 'HRUN-882b33b0-5221-4f1c-aa63-3ceffdb9ef4e-089738'}
params: {}
data: None
cookies: {}
timeout: 120
allow_redirects: True
verify: False
json: {'captcha': '0000', 'captchaSign': 'f821ac0a1ca709ea0c5127bb820811e2d3656ccd8fd60df4849d03c7377b6b81', 'emailCaptcha': '', 'username': 'test-28'}

====== response details ======
status_code: 0
headers: {}
body: ''

