2023-06-16 16:24:26.458 | INFO     | httprunner.runner:test_start:450 - Start to run testcase: 前缀分配用例集-42, TestCase ID: 8cc43a37-ce18-42a3-a44f-7590cefa3f60
2023-06-16 16:24:26.459 | INFO     | httprunner.runner:__run_step:292 - run step begin: 用户注册 >>>>>>
2023-06-16 16:24:26.459 | INFO     | httprunner.runner:__run_step:292 - run step begin: 用户注册 >>>>>>
2023-06-16 16:24:26.554 | DEBUG    | httprunner.client:request:186 - client IP: 127.0.0.1, Port: 56040
2023-06-16 16:24:26.555 | DEBUG    | httprunner.client:request:194 - server IP: 127.0.0.1, Port: 8888
2023-06-16 16:24:26.555 | DEBUG    | httprunner.client:log_print:40 - 
================== request details ==================
method   : POST
url      : http://139.198.116.76:8000/api/home/test/registry
headers  : {
    "User-Agent": "Mozilla/5.0 (Windows NT 10.0; WOW64) AppleWebKit/537.36 (KHTML, like Gecko) Chrome/100.0.4896.60 Safari/537.36",
    "Accept-Encoding": "gzip, deflate",
    "Accept": "application/json, text/plain, */*",
    "Connection": "keep-alive",
    "Accept-Language": "zh-CN,zh;q=0.9",
    "HRUN-Request-ID": "HRUN-8cc43a37-ce18-42a3-a44f-7590cefa3f60-866459",
    "Content-Length": "187",
    "Content-Type": "application/json"
}
cookies  : {}
body     : {
    "email": "g96S4EGUzRX3J4G3@qaqseq.com",
    "mobile": "14495231602",
    "openId": "",
    "openUserName": "",
    "password": "Admin@123",
    "remarks": "",
    "username": "GL0ambe70EbDzbf69uFwMaSF6GK9kSpv"
}

2023-06-16 16:24:26.555 | DEBUG    | httprunner.client:log_print:40 - 
================== response details ==================
status_code : 200
headers  : {
    "Server": "nginx",
    "Date": "Fri, 16 Jun 2023 08:24:26 GMT",
    "Content-Type": "application/json",
    "Transfer-Encoding": "chunked",
    "X-Frame-Options": "SAMEORIGIN",
    "Connection": "keep-alive"
}
cookies  : {}
encoding : utf-8
content_type : application/json
body     : {
    "message": "success",
    "status": 1,
    "data": true
}

2023-06-16 16:24:26.555 | INFO     | httprunner.client:request:217 - status_code: 200, response_time(ms): 95.13 ms, response_length: 0 bytes
2023-06-16 16:24:26.555 | INFO     | httprunner.response:validate:249 - assert status_code equal 200(int)	==> pass
2023-06-16 16:24:26.555 | INFO     | httprunner.response:validate:249 - assert body.message equal success(str)	==> pass
2023-06-16 16:24:26.555 | INFO     | httprunner.response:validate:249 - assert body.status equal 1(int)	==> pass
2023-06-16 16:24:26.555 | INFO     | httprunner.response:validate:249 - assert body.message contains success(str)	==> pass
2023-06-16 16:24:26.556 | INFO     | httprunner.response:validate:249 - assert body.status contained_by [1, 200](list)	==> pass
2023-06-16 16:24:26.556 | INFO     | httprunner.runner:__run_step:304 - run step end: 用户注册 <<<<<<

2023-06-16 16:24:26.556 | INFO     | httprunner.runner:__run_step:304 - run step end: 用户注册 <<<<<<

2023-06-16 16:24:26.556 | INFO     | httprunner.runner:__run_step:292 - run step begin: 登录-企业 >>>>>>
2023-06-16 16:24:26.556 | INFO     | httprunner.runner:__run_step:292 - run step begin: 登录-企业用户 >>>>>>
2023-06-16 16:24:26.611 | DEBUG    | httprunner.client:request:186 - client IP: 127.0.0.1, Port: 56040
2023-06-16 16:24:26.612 | DEBUG    | httprunner.client:request:194 - server IP: 127.0.0.1, Port: 8888
2023-06-16 16:24:26.612 | DEBUG    | httprunner.client:log_print:40 - 
================== request details ==================
method   : POST
url      : http://139.198.116.76:8000/api/home/test/login
headers  : {
    "User-Agent": "python-requests/2.28.1",
    "Accept-Encoding": "gzip, deflate, br",
    "Accept": "*/*",
    "Connection": "keep-alive",
    "Content-Length": "170",
    "Content-Type": "application/json",
    "HRUN-Request-ID": "HRUN-8cc43a37-ce18-42a3-a44f-7590cefa3f60-866556"
}
cookies  : {}
body     : {
    "captcha": "0000",
    "captchaSign": "aff6422bcd993c6052a8f84d0fae25f9d1f4aaddb08ac42791efaa874b1beb6e",
    "emailCaptcha": "",
    "username": "GL0ambe70EbDzbf69uFwMaSF6GK9kSpv"
}

2023-06-16 16:24:26.613 | DEBUG    | httprunner.client:log_print:40 - 
================== response details ==================
status_code : 200
headers  : {
    "Server": "nginx",
    "Date": "Fri, 16 Jun 2023 08:24:26 GMT",
    "Content-Type": "application/json;charset=UTF-8",
    "Transfer-Encoding": "chunked",
    "Set-Cookie": "SESSION=MDI0YWNkYTctYzVjNC00NThhLTllNDctM2E3NGMxMDE5ZmRm; Path=/; HttpOnly; SameSite=Lax",
    "X-Frame-Options": "SAMEORIGIN",
    "Connection": "keep-alive"
}
cookies  : {
    "SESSION": "MDI0YWNkYTctYzVjNC00NThhLTllNDctM2E3NGMxMDE5ZmRm"
}
encoding : UTF-8
content_type : application/json;charset=UTF-8
body     : {
    "message": "success",
    "status": 1,
    "data": true
}

2023-06-16 16:24:26.613 | INFO     | httprunner.client:request:217 - status_code: 200, response_time(ms): 55.25 ms, response_length: 0 bytes
2023-06-16 16:24:26.613 | INFO     | httprunner.response:extract:179 - extract mapping: {'entSession': 'response.headers."Set-Cookie".session'}
2023-06-16 16:24:26.613 | INFO     | httprunner.response:validate:249 - assert status_code equal 200(int)	==> pass
2023-06-16 16:24:26.613 | INFO     | httprunner.response:validate:249 - assert headers."Content-Type" equal application/json;charset=UTF-8(str)	==> pass
2023-06-16 16:24:26.613 | INFO     | httprunner.response:validate:249 - assert body.message equal success(str)	==> pass
2023-06-16 16:24:26.613 | INFO     | httprunner.response:validate:249 - assert body.status equal 1(int)	==> pass
2023-06-16 16:24:26.613 | INFO     | httprunner.response:validate:249 - assert body.data equal True(bool)	==> pass
2023-06-16 16:24:26.613 | INFO     | httprunner.runner:__run_step:304 - run step end: 登录-企业用户 <<<<<<

2023-06-16 16:24:26.613 | INFO     | httprunner.runner:__run_step_testcase:286 - export variables: {'entSession': 'response.headers."Set-Cookie".session'}
2023-06-16 16:24:26.613 | INFO     | httprunner.runner:__run_step:304 - run step end: 登录-企业 <<<<<<

2023-06-16 16:24:26.613 | INFO     | httprunner.runner:__run_step:292 - run step begin: 前缀注册企业资质图片上传 >>>>>>
2023-06-16 16:24:26.614 | INFO     | httprunner.runner:__run_step:292 - run step begin: 前缀注册企业资质图片上传 >>>>>>
2023-06-16 16:24:26.709 | DEBUG    | httprunner.client:request:186 - client IP: 127.0.0.1, Port: 56040
2023-06-16 16:24:26.710 | DEBUG    | httprunner.client:request:194 - server IP: 127.0.0.1, Port: 8888
2023-06-16 16:24:26.710 | DEBUG    | httprunner.client:log_print:40 - 
================== request details ==================
method   : POST
url      : http://139.198.116.76:8000/api/file/img/upload
headers  : {
    "User-Agent": "Mozilla/5.0 (Macintosh; Intel Mac OS X 10_15_7) AppleWebKit/537.36 (KHTML, like Gecko) Chrome/105.0.0.0 Safari/537.36",
    "Accept-Encoding": "gzip, deflate",
    "Accept": "application/json, text/plain, */*",
    "Connection": "keep-alive",
    "Accept-Language": "zh-CN,zh;q=0.9",
    "Content-Type": "multipart/form-data; boundary=07a510ad63c54d94ac6042dcd116e293",
    "HRUN-Request-ID": "HRUN-8cc43a37-ce18-42a3-a44f-7590cefa3f60-866615",
    "Cookie": "SESSION=MDI0YWNkYTctYzVjNC00NThhLTllNDctM2E3NGMxMDE5ZmRm; SESSION=response.headers.\"Set-Cookie\".session",
    "Content-Length": "20435"
}
cookies  : {
    "SESSION": "MDI0YWNkYTctYzVjNC00NThhLTllNDctM2E3NGMxMDE5ZmRm"
}
body     : upload file stream (OMITTED)

2023-06-16 16:24:26.711 | DEBUG    | httprunner.client:log_print:40 - 
================== response details ==================
status_code : 200
headers  : {
    "Server": "nginx",
    "Date": "Fri, 16 Jun 2023 08:24:26 GMT",
    "Content-Type": "application/json;charset=UTF-8",
    "Transfer-Encoding": "chunked",
    "X-Frame-Options": "SAMEORIGIN",
    "Connection": "keep-alive"
}
cookies  : {}
encoding : UTF-8
content_type : application/json;charset=UTF-8
body     : {
    "message": "success",
    "status": 1,
    "data": {
        "id": 2381,
        "path": "114b451a-6320-4f6c-9c9f-101923eab8aa.jpeg"
    }
}

2023-06-16 16:24:26.711 | INFO     | httprunner.client:request:217 - status_code: 200, response_time(ms): 93.95 ms, response_length: 0 bytes
2023-06-16 16:24:26.711 | INFO     | httprunner.response:extract:179 - extract mapping: {'imgId': 2381}
2023-06-16 16:24:26.712 | INFO     | httprunner.response:validate:249 - assert status_code equal 200(int)	==> pass
2023-06-16 16:24:26.712 | INFO     | httprunner.runner:__run_step:304 - run step end: 前缀注册企业资质图片上传 <<<<<<

2023-06-16 16:24:26.712 | INFO     | httprunner.runner:__run_step_testcase:286 - export variables: {'imgId': 2381}
2023-06-16 16:24:26.712 | INFO     | httprunner.runner:__run_step:304 - run step end: 前缀注册企业资质图片上传 <<<<<<

2023-06-16 16:24:26.713 | INFO     | httprunner.runner:__run_step:292 - run step begin: 前缀注册企业联系人身份证图片正面上传 >>>>>>
2023-06-16 16:24:26.713 | INFO     | httprunner.runner:__run_step:292 - run step begin: 前缀注册企业联系人身份证图片背面上传 >>>>>>
2023-06-16 16:24:26.807 | DEBUG    | httprunner.client:request:186 - client IP: 127.0.0.1, Port: 56040
2023-06-16 16:24:26.808 | DEBUG    | httprunner.client:request:194 - server IP: 127.0.0.1, Port: 8888
2023-06-16 16:24:26.809 | DEBUG    | httprunner.client:log_print:40 - 
================== request details ==================
method   : POST
url      : http://139.198.116.76:8000/api/file/img/upload
headers  : {
    "User-Agent": "Mozilla/5.0 (Macintosh; Intel Mac OS X 10_15_7) AppleWebKit/537.36 (KHTML, like Gecko) Chrome/105.0.0.0 Safari/537.36",
    "Accept-Encoding": "gzip, deflate",
    "Accept": "application/json, text/plain, */*",
    "Connection": "keep-alive",
    "Accept-Language": "zh-CN,zh;q=0.9",
    "Content-Type": "multipart/form-data; boundary=451c9fc3429643ec966001b3bd325ee9",
    "HRUN-Request-ID": "HRUN-8cc43a37-ce18-42a3-a44f-7590cefa3f60-866713",
    "Cookie": "SESSION=MDI0YWNkYTctYzVjNC00NThhLTllNDctM2E3NGMxMDE5ZmRm; SESSION=response.headers.\"Set-Cookie\".session",
    "Content-Length": "20435"
}
cookies  : {
    "SESSION": "MDI0YWNkYTctYzVjNC00NThhLTllNDctM2E3NGMxMDE5ZmRm"
}
body     : upload file stream (OMITTED)

2023-06-16 16:24:26.810 | DEBUG    | httprunner.client:log_print:40 - 
================== response details ==================
status_code : 200
headers  : {
    "Server": "nginx",
    "Date": "Fri, 16 Jun 2023 08:24:26 GMT",
    "Content-Type": "application/json;charset=UTF-8",
    "Transfer-Encoding": "chunked",
    "X-Frame-Options": "SAMEORIGIN",
    "Connection": "keep-alive"
}
cookies  : {}
encoding : UTF-8
content_type : application/json;charset=UTF-8
body     : {
    "message": "success",
    "status": 1,
    "data": {
        "id": 2382,
        "path": "6e8f9503-189d-474a-9670-a8b8e1d44c49.jpeg"
    }
}

2023-06-16 16:24:26.810 | INFO     | httprunner.client:request:217 - status_code: 200, response_time(ms): 93.72 ms, response_length: 0 bytes
2023-06-16 16:24:26.810 | INFO     | httprunner.response:extract:179 - extract mapping: {'imgId_f': 2382}
2023-06-16 16:24:26.810 | INFO     | httprunner.response:validate:249 - assert status_code equal 200(int)	==> pass
2023-06-16 16:24:26.810 | INFO     | httprunner.runner:__run_step:304 - run step end: 前缀注册企业联系人身份证图片背面上传 <<<<<<

2023-06-16 16:24:26.811 | INFO     | httprunner.runner:__run_step_testcase:286 - export variables: {'imgId_f': 2382}
2023-06-16 16:24:26.811 | INFO     | httprunner.runner:__run_step:304 - run step end: 前缀注册企业联系人身份证图片正面上传 <<<<<<

2023-06-16 16:24:26.811 | INFO     | httprunner.runner:__run_step:292 - run step begin: 前缀注册企业联系人身份证图片背面上传 >>>>>>
2023-06-16 16:24:26.811 | INFO     | httprunner.runner:__run_step:292 - run step begin: 前缀注册企业联系人身份证图片背面上传 >>>>>>
2023-06-16 16:24:26.911 | DEBUG    | httprunner.client:request:186 - client IP: 127.0.0.1, Port: 56040
2023-06-16 16:24:26.911 | DEBUG    | httprunner.client:request:194 - server IP: 127.0.0.1, Port: 8888
2023-06-16 16:24:26.912 | DEBUG    | httprunner.client:log_print:40 - 
================== request details ==================
method   : POST
url      : http://139.198.116.76:8000/api/file/img/upload
headers  : {
    "User-Agent": "Mozilla/5.0 (Macintosh; Intel Mac OS X 10_15_7) AppleWebKit/537.36 (KHTML, like Gecko) Chrome/105.0.0.0 Safari/537.36",
    "Accept-Encoding": "gzip, deflate",
    "Accept": "application/json, text/plain, */*",
    "Connection": "keep-alive",
    "Accept-Language": "zh-CN,zh;q=0.9",
    "Content-Type": "multipart/form-data; boundary=2d789112ba8b44d1a649630c047c9fa4",
    "HRUN-Request-ID": "HRUN-8cc43a37-ce18-42a3-a44f-7590cefa3f60-866811",
    "Cookie": "SESSION=MDI0YWNkYTctYzVjNC00NThhLTllNDctM2E3NGMxMDE5ZmRm; SESSION=response.headers.\"Set-Cookie\".session",
    "Content-Length": "20435"
}
cookies  : {
    "SESSION": "MDI0YWNkYTctYzVjNC00NThhLTllNDctM2E3NGMxMDE5ZmRm"
}
body     : upload file stream (OMITTED)

2023-06-16 16:24:26.913 | DEBUG    | httprunner.client:log_print:40 - 
================== response details ==================
status_code : 200
headers  : {
    "Server": "nginx",
    "Date": "Fri, 16 Jun 2023 08:24:27 GMT",
    "Content-Type": "application/json;charset=UTF-8",
    "Transfer-Encoding": "chunked",
    "X-Frame-Options": "SAMEORIGIN",
    "Connection": "keep-alive"
}
cookies  : {}
encoding : UTF-8
content_type : application/json;charset=UTF-8
body     : {
    "message": "success",
    "status": 1,
    "data": {
        "id": 2383,
        "path": "7cad80ab-3f38-4420-8f95-318a0b8a2be1.jpeg"
    }
}

2023-06-16 16:24:26.913 | INFO     | httprunner.client:request:217 - status_code: 200, response_time(ms): 99.36 ms, response_length: 0 bytes
2023-06-16 16:24:26.913 | INFO     | httprunner.response:extract:179 - extract mapping: {'imgId_b': 2383}
2023-06-16 16:24:26.913 | INFO     | httprunner.response:validate:249 - assert status_code equal 200(int)	==> pass
2023-06-16 16:24:26.913 | INFO     | httprunner.runner:__run_step:304 - run step end: 前缀注册企业联系人身份证图片背面上传 <<<<<<

2023-06-16 16:24:26.913 | INFO     | httprunner.runner:__run_step_testcase:286 - export variables: {'imgId_b': 2383}
2023-06-16 16:24:26.913 | INFO     | httprunner.runner:__run_step:304 - run step end: 前缀注册企业联系人身份证图片背面上传 <<<<<<

2023-06-16 16:24:26.914 | INFO     | httprunner.runner:__run_step:292 - run step begin: 企业注册第一步提交信息 >>>>>>
2023-06-16 16:24:26.914 | INFO     | httprunner.runner:__run_step:292 - run step begin: 企业注册第一步提交信息 >>>>>>
2023-06-16 16:24:27.391 | DEBUG    | httprunner.client:request:186 - client IP: 127.0.0.1, Port: 56040
2023-06-16 16:24:27.391 | DEBUG    | httprunner.client:request:194 - server IP: 127.0.0.1, Port: 8888
2023-06-16 16:24:27.392 | DEBUG    | httprunner.client:log_print:40 - 
================== request details ==================
method   : POST
url      : http://139.198.116.76:8000/api/v3/entApply/basicInfo/submit
headers  : {
    "User-Agent": "Mozilla/5.0 (Macintosh; Intel Mac OS X 10_15_7) AppleWebKit/537.36 (KHTML, like Gecko) Chrome/105.0.0.0 Safari/537.36",
    "Accept-Encoding": "gzip, deflate",
    "Accept": "application/json, text/plain, */*",
    "Connection": "keep-alive",
    "Accept-Language": "zh-CN,zh;q=0.9",
    "Content-Type": "application/json;charset=UTF-8",
    "HRUN-Request-ID": "HRUN-8cc43a37-ce18-42a3-a44f-7590cefa3f60-866914",
    "Cookie": "SESSION=MDI0YWNkYTctYzVjNC00NThhLTllNDctM2E3NGMxMDE5ZmRm; SESSION=response.headers.\"Set-Cookie\".session",
    "Content-Length": "2555"
}
cookies  : {
    "SESSION": "MDI0YWNkYTctYzVjNC00NThhLTllNDctM2E3NGMxMDE5ZmRm"
}
body     : {
    "applyStep": 2,
    "applyType": null,
    "area": [
        "110000",
        "110100",
        "110101"
    ],
    "cltrid": null,
    "contactCrtBackImgPath": null,
    "contactCrtBackImgRid": 2383,
    "contactCrtFrontImgPath": null,
    "contactCrtFrontImgRid": 2382,
    "contactCrtNo": "353982198511244518",
    "contactCrtType": 1,
    "contactEmail": "g96S4EGUzRX3J4G3@qaqseq.com",
    "contactName": "GL0ambe70EbDzbf69uFwMaSF6GK9kSpv",
    "contactPhone": "14495231602",
    "createDate": null,
    "dataHostingContractFilePath": null,
    "dataHostingContractFileRid": null,
    "dataHostingOrg": null,
    "entGeneralId": null,
    "entInfoLicenses": [],
    "entInfoSerIndustrys": [],
    "entPrefix": "88.408.6724783598",
    "escrowId": null,
    "escrowOrgName": null,
    "establishDate": null,
    "extDomain": null,
    "extIpAddr": null,
    "extWebName": null,
    "finalAuditMsg": null,
    "finalAuditStatus": null,
    "firstAuditMsg": null,
    "firstAuditStatus": null,
    "id": null,
    "idRegNaImp": null,
    "industry": [
        "A",
        "01"
    ],
    "industryCategory": "A",
    "industrySpecific": "01",
    "isSubmit": 0,
    "legalCrtBackImgContent": null,
    "legalCrtBackImgPath": null,
    "legalCrtBackImgRid": 2383,
    "legalCrtFrontImgContent": null,
    "legalCrtFrontImgPath": null,
    "legalCrtFrontImgRid": 2382,
    "legalCrtNo": "353982198511244518",
    "legalCrtType": "1",
    "legalCrtTypeDesc": "中国居民身份证",
    "legalEmail": null,
    "legalFax": null,
    "legalName": "张三",
    "legalPhone": null,
    "orgAddr": "致真",
    "orgAddrCity": "110100",
    "orgAddrCityDesc": "市辖区",
    "orgAddrCounty": "110101",
    "orgAddrCountyDesc": "东城区",
    "orgAddrProvince": "110000",
    "orgAddrProvinceDesc": "北京市",
    "orgCategorySpecificDesc": "农、林、牧、渔业-农业",
    "orgCrtCode": "GL0ambe70EbDzbf69uFwMaSF6GK9kSpv",
    "orgCrtImgContent": null,
    "orgCrtImgPath": null,
    "orgCrtImgRid": 2381,
    "orgCrtType": "1",
    "orgDesc": null,
    "orgName": "GL0ambe70EbDzbf69uFwMaSF6GK9kSpv",
    "orgNature": "1",
    "orgNatureDesc": "国有控股",
    "periodValidity": null,
    "regAuthority": null,
    "regCapital": null,
    "regRealNaImpName": null,
    "regRealNaImpType": null,
    "servHostingContractFilePath": null,
    "servHostingContractFileRid": null,
    "servHostingOrg": null,
    "servSysBuildContractFilePath": null,
    "servSysBuildContractFileRid": null,
    "servSysBuildName": null,
    "servSysBuildType": 1,
    "servSysOperContractFilePath": null,
    "servSysOperContractFileRid": null,
    "servSysOperName": null,
    "servSysOperType": 1,
    "svtrid": null,
    "thirdServiceMsg": null,
    "thirdServiceStatus": null,
    "updateDate": null,
    "userId": null,
    "userName": null,
    "website": null
}

2023-06-16 16:24:27.393 | DEBUG    | httprunner.client:log_print:40 - 
================== response details ==================
status_code : 200
headers  : {
    "Server": "nginx",
    "Date": "Fri, 16 Jun 2023 08:24:27 GMT",
    "Content-Type": "application/json;charset=UTF-8",
    "Transfer-Encoding": "chunked",
    "X-Frame-Options": "SAMEORIGIN",
    "Connection": "keep-alive"
}
cookies  : {}
encoding : UTF-8
content_type : application/json;charset=UTF-8
body     : {
    "message": "success",
    "status": 1,
    "data": true
}

2023-06-16 16:24:27.393 | INFO     | httprunner.client:request:217 - status_code: 200, response_time(ms): 476.54 ms, response_length: 0 bytes
2023-06-16 16:24:27.393 | INFO     | httprunner.response:validate:249 - assert status_code equal 200(int)	==> pass
2023-06-16 16:24:27.394 | INFO     | httprunner.response:validate:249 - assert body.message equal success(str)	==> pass
2023-06-16 16:24:27.394 | INFO     | httprunner.runner:__run_step:304 - run step end: 企业注册第一步提交信息 <<<<<<

2023-06-16 16:24:27.394 | INFO     | httprunner.runner:__run_step:304 - run step end: 企业注册第一步提交信息 <<<<<<

2023-06-16 16:24:27.395 | INFO     | httprunner.runner:__run_step:292 - run step begin: 企业注册查询注册信息 >>>>>>
2023-06-16 16:24:27.395 | INFO     | httprunner.runner:__run_step:292 - run step begin: 企业注册查询注册信息 >>>>>>
2023-06-16 16:24:27.468 | DEBUG    | httprunner.client:request:186 - client IP: 127.0.0.1, Port: 56040
2023-06-16 16:24:27.469 | DEBUG    | httprunner.client:request:194 - server IP: 127.0.0.1, Port: 8888
2023-06-16 16:24:27.470 | DEBUG    | httprunner.client:log_print:40 - 
================== request details ==================
method   : GET
url      : http://139.198.116.76:8000/api/v3/entApply/applyOrNot
headers  : {
    "User-Agent": "Mozilla/5.0 (Macintosh; Intel Mac OS X 10_15_7) AppleWebKit/537.36 (KHTML, like Gecko) Chrome/105.0.0.0 Safari/537.36",
    "Accept-Encoding": "gzip, deflate",
    "Accept": "application/json, text/plain, */*",
    "Connection": "keep-alive",
    "Accept-Language": "zh-CN,zh;q=0.9",
    "HRUN-Request-ID": "HRUN-8cc43a37-ce18-42a3-a44f-7590cefa3f60-867395",
    "Cookie": "SESSION=MDI0YWNkYTctYzVjNC00NThhLTllNDctM2E3NGMxMDE5ZmRm; SESSION=response.headers.\"Set-Cookie\".session"
}
cookies  : {
    "SESSION": "MDI0YWNkYTctYzVjNC00NThhLTllNDctM2E3NGMxMDE5ZmRm"
}
body     : None

2023-06-16 16:24:27.473 | DEBUG    | httprunner.client:log_print:40 - 
================== response details ==================
status_code : 200
headers  : {
    "Server": "nginx",
    "Date": "Fri, 16 Jun 2023 08:24:27 GMT",
    "Content-Type": "application/json;charset=UTF-8",
    "Transfer-Encoding": "chunked",
    "X-Frame-Options": "SAMEORIGIN",
    "Connection": "keep-alive"
}
cookies  : {}
encoding : UTF-8
content_type : application/json;charset=UTF-8
body     : {
    "message": "success",
    "status": 1,
    "data": {
        "nbmsEntApplyPO": {
            "id": 1214,
            "createDate": "2023-06-16 16:24:27",
            "updateDate": "2023-06-16 16:24:27",
            "applyType": null,
            "entGeneralId": null,
            "applyStep": 2,
            "isSubmit": 0,
            "entPrefix": "88.408.6724783598",
            "firstAuditStatus": null,
            "firstAuditMsg": null,
            "thirdServiceStatus": null,
            "thirdServiceMsg": null,
            "userName": "GL0ambe70EbDzbf69uFwMaSF6GK9kSpv",
            "finalAuditStatus": null,
            "finalAuditMsg": null,
            "svtrid": null,
            "cltrid": null,
            "userId": 1439,
            "orgName": "GL0ambe70EbDzbf69uFwMaSF6GK9kSpv",
            "orgNature": "1",
            "orgAddrProvince": "110000",
            "orgAddrCity": "110100",
            "orgAddrCounty": "110101",
            "orgAddr": "致真",
            "orgCrtType": "1",
            "orgCrtCode": "GL0ambe70EbDzbf69uFwMaSF6GK9kSpv",
            "legalName": "张三",
            "legalCrtType": "1",
            "legalCrtNo": "353982198511244518",
            "orgDesc": null,
            "industryCategory": "A",
            "industrySpecific": "01",
            "contactName": "GL0ambe70EbDzbf69uFwMaSF6GK9kSpv",
            "contactPhone": "14495231602",
            "contactCrtType": 1,
            "contactCrtNo": "353982198511244518",
            "contactEmail": "g96S4EGUzRX3J4G3@qaqseq.com",
            "website": null,
            "regAuthority": null,
            "regCapital": null,
            "establishDate": null,
            "periodValidity": null,
            "legalEmail": null,
            "legalPhone": null,
            "legalFax": null,
            "servSysBuildType": null,
            "servSysBuildName": null,
            "servSysOperType": null,
            "servSysOperName": null,
            "dataHostingOrg": null,
            "servHostingOrg": null,
            "regRealNaImpType": null,
            "regRealNaImpName": null,
            "idRegNaImp": null,
            "extWebName": null,
            "extDomain": null,
            "extIpAddr": null,
            "orgCrtImgRid": 2381,
            "contactCrtFrontImgRid": 2382,
            "contactCrtBackImgRid": 2383,
            "legalCrtFrontImgRid": 2382,
            "legalCrtBackImgRid": 2383,
            "servSysBuildContractFileRid": null,
            "servSysOperContractFileRid": null,
            "dataHostingContractFileRid": null,
            "servHostingContractFileRid": null,
            "entInfoLicenses": [],
            "entInfoSyss": [],
            "entInfoSerIndustrys": [],
            "escrowId": null,
            "industryQualificationRid": null,
            "certificationRid": null,
            "openingBank": null,
            "bankCard": null,
            "verificationName": null,
            "orgNatureDesc": "国有控股",
            "orgCrtImgContent": null,
            "orgCategorySpecificDesc": "农、林、牧、渔业-农业",
            "orgAddrProvinceDesc": "北京市",
            "orgAddrCountyDesc": "东城区",
            "orgAddrCityDesc": "市辖区",
            "legalCrtTypeDesc": "中国居民身份证",
            "legalCrtFrontImgContent": null,
            "legalCrtBackImgContent": null,
            "orgCrtImgPath": "114b451a-6320-4f6c-9c9f-101923eab8aa.jpeg",
            "contactCrtFrontImgPath": "6e8f9503-189d-474a-9670-a8b8e1d44c49.jpeg",
            "contactCrtBackImgPath": "7cad80ab-3f38-4420-8f95-318a0b8a2be1.jpeg",
            "legalCrtFrontImgPath": "6e8f9503-189d-474a-9670-a8b8e1d44c49.jpeg",
            "legalCrtBackImgPath": "7cad80ab-3f38-4420-8f95-318a0b8a2be1.jpeg",
            "servSysBuildContractFilePath": null,
            "servSysOperContractFilePath": null,
            "dataHostingContractFilePath": null,
            "servHostingContractFilePath": null,
            "industryQualificationFilePath": null,
            "certificationFilePath": null,
            "escrowOrgName": null
        },
        "nbmsEntPO": null,
        "nbmsEntPrefixApplyPO": null,
        "needRelog": null,
        "applyStatus": 0
    }
}

2023-06-16 16:24:27.473 | INFO     | httprunner.client:request:217 - status_code: 200, response_time(ms): 72.57 ms, response_length: 0 bytes
2023-06-16 16:24:27.478 | INFO     | httprunner.response:extract:179 - extract mapping: {'applyId': 1214, 'userId': 1439, 'userName': 'GL0ambe70EbDzbf69uFwMaSF6GK9kSpv', 'imgId_f': 2382, 'imgId_b': 2383, 'entId': None, 'entUserId': None, 'prefix': '88.408.6724783598', 'contactCrtNo': '353982198511244518', 'contactCrtType': 1, 'contactEmail': 'g96S4EGUzRX3J4G3@qaqseq.com', 'contactName': 'GL0ambe70EbDzbf69uFwMaSF6GK9kSpv', 'contactPhone': '14495231602', 'industryCategory': 'A', 'industrySpecific': '01', 'orgName': 'GL0ambe70EbDzbf69uFwMaSF6GK9kSpv', 'orgNature': '1', 'orgAddrProvince': '110000', 'orgAddrCity': '110100', 'orgAddrCounty': '110101', 'orgAddr': '致真', 'orgCrtType': '1', 'orgCrtCode': 'GL0ambe70EbDzbf69uFwMaSF6GK9kSpv', 'legalName': '张三', 'legalEmail': None, 'legalPhone': None, 'legalCrtType': '1', 'legalCrtNo': '353982198511244518', 'legalCrtFrontImgRid': 2382, 'legalCrtBackImgRid': 2383, 'orgCrtImgRid': 2381, 'imgId': 2381, 'orgNatureDesc': '国有控股', 'orgCategorySpecificDesc': '农、林、牧、渔业-农业', 'orgAddrProvinceDesc': '北京市', 'orgAddrCountyDesc': '东城区', 'orgAddrCityDesc': '市辖区', 'legalCrtTypeDesc': '中国居民身份证', 'createDate': '2023-06-16 16:24:27', 'updateDate': '2023-06-16 16:24:27', 'entInfoSyss_0_id': None, 'entInfoSyss_0_entApplyId': None, 'entApplyId': None, 'entInfoSyss_0_sysType': None, 'entInfoSyss_0_deployMode': None, 'entInfoSyss_0_deployAddr': None, 'entInfoSyss_0_deployAddrProvince': None, 'entInfoSyss_0_deployAddrCity': None, 'entInfoSyss_0_deployAddrCounty': None, 'entInfoSyss_1_id': None, 'entInfoSyss_1_entApplyId': None, 'entInfoSyss_1_sysType': None, 'entInfoSyss_1_deployMode': None, 'entInfoSyss_1_deployAddr': None, 'entInfoSyss_1_deployAddrProvince': None, 'entInfoSyss_1_deployAddrCity': None, 'entInfoSyss_1_deployAddrCounty': None, 'entInfoSyss_2_id': None, 'entInfoSyss_2_entApplyId': None, 'entInfoSyss_2_sysType': None, 'entInfoSyss_2_deployMode': None, 'entInfoSyss_2_deployAddr': None, 'entInfoSyss_2_deployAddrProvince': None, 'entInfoSyss_2_deployAddrCity': None, 'entInfoSyss_2_deployAddrCounty': None, 'entInfoSyss_3_id': None, 'entInfoSyss_3_entApplyId': None, 'entInfoSyss_3_sysType': None, 'entInfoSyss_3_deployMode': None, 'entInfoSyss_3_deployAddr': None, 'entInfoSyss_3_deployAddrProvince': None, 'entInfoSyss_3_deployAddrCity': None, 'entInfoSyss_3_deployAddrCounty': None}
2023-06-16 16:24:27.478 | INFO     | httprunner.response:validate:249 - assert status_code equal 200(int)	==> pass
2023-06-16 16:24:27.478 | INFO     | httprunner.response:validate:249 - assert body.message equal success(str)	==> pass
2023-06-16 16:24:27.478 | INFO     | httprunner.runner:__run_step:304 - run step end: 企业注册查询注册信息 <<<<<<

2023-06-16 16:24:27.478 | INFO     | httprunner.runner:__run_step_testcase:286 - export variables: {'legalCrtType': '1', 'imgId_f': 2382, 'legalCrtFrontImgRid': 2382, 'entInfoSyss_2_entApplyId': None, 'orgAddrProvince': '110000', 'entUserId': None, 'entInfoSyss_1_entApplyId': None, 'entInfoSyss_0_sysType': None, 'entInfoSyss_0_deployAddr': None, 'orgName': 'GL0ambe70EbDzbf69uFwMaSF6GK9kSpv', 'orgCrtImgRid': 2381, 'orgCrtType': '1', 'entInfoSyss_0_deployAddrProvince': None, 'orgAddrCounty': '110101', 'entInfoSyss_1_deployMode': None, 'entInfoSyss_3_deployAddr': None, 'contactCrtNo': '353982198511244518', 'orgAddrCountyDesc': '东城区', 'orgAddrCity': '110100', 'entInfoSyss_0_deployAddrCity': None, 'updateDate': '2023-06-16 16:24:27', 'applyId': 1214, 'legalCrtTypeDesc': '中国居民身份证', 'entInfoSyss_3_sysType': None, 'entInfoSyss_2_deployAddrCity': None, 'entInfoSyss_3_deployAddrProvince': None, 'entInfoSyss_2_id': None, 'entInfoSyss_0_deployAddrCounty': None, 'orgAddr': '致真', 'orgNature': '1', 'entInfoSyss_1_sysType': None, 'entInfoSyss_2_deployAddrCounty': None, 'entInfoSyss_1_id': None, 'entInfoSyss_3_deployAddrCounty': None, 'contactCrtType': 1, 'entInfoSyss_1_deployAddrCounty': None, 'contactName': 'GL0ambe70EbDzbf69uFwMaSF6GK9kSpv', 'userId': 1439, 'entInfoSyss_3_deployAddrCity': None, 'imgId': 2381, 'entInfoSyss_2_sysType': None, 'orgNatureDesc': '国有控股', 'userName': 'GL0ambe70EbDzbf69uFwMaSF6GK9kSpv', 'orgCategorySpecificDesc': '农、林、牧、渔业-农业', 'orgAddrCityDesc': '市辖区', 'orgCrtCode': 'GL0ambe70EbDzbf69uFwMaSF6GK9kSpv', 'industrySpecific': '01', 'entInfoSyss_0_id': None, 'entInfoSyss_0_entApplyId': None, 'orgAddrProvinceDesc': '北京市', 'entInfoSyss_3_deployMode': None, 'entInfoSyss_1_deployAddrCity': None, 'legalEmail': None, 'entInfoSyss_2_deployAddr': None, 'entInfoSyss_1_deployAddr': None, 'entInfoSyss_3_entApplyId': None, 'entInfoSyss_2_deployMode': None, 'entInfoSyss_2_deployAddrProvince': None, 'contactEmail': 'g96S4EGUzRX3J4G3@qaqseq.com', 'entId': None, 'createDate': '2023-06-16 16:24:27', 'legalCrtNo': '353982198511244518', 'entInfoSyss_0_deployMode': None, 'legalName': '张三', 'entInfoSyss_1_deployAddrProvince': None, 'legalCrtBackImgRid': 2383, 'contactPhone': '14495231602', 'prefix': '88.408.6724783598', 'entInfoSyss_3_id': None, 'legalPhone': None, 'industryCategory': 'A', 'entApplyId': None, 'imgId_b': 2383}
2023-06-16 16:24:27.479 | INFO     | httprunner.runner:__run_step:304 - run step end: 企业注册查询注册信息 <<<<<<

2023-06-16 16:24:27.479 | INFO     | httprunner.runner:__run_step:292 - run step begin: 企业注册第二步提交信息 >>>>>>
2023-06-16 16:24:27.479 | INFO     | httprunner.runner:__run_step:292 - run step begin: 企业注册第二步提交信息 >>>>>>
2023-06-16 16:24:27.541 | DEBUG    | httprunner.client:request:186 - client IP: 127.0.0.1, Port: 56040
2023-06-16 16:24:27.542 | DEBUG    | httprunner.client:request:194 - server IP: 127.0.0.1, Port: 8888
2023-06-16 16:24:27.543 | DEBUG    | httprunner.client:log_print:40 - 
================== request details ==================
method   : POST
url      : http://139.198.116.76:8000/api/v3/entApply/registerManageInfo
headers  : {
    "User-Agent": "Mozilla/5.0 (Macintosh; Intel Mac OS X 10_15_7) AppleWebKit/537.36 (KHTML, like Gecko) Chrome/105.0.0.0 Safari/537.36",
    "Accept-Encoding": "gzip, deflate",
    "Accept": "application/json, text/plain, */*",
    "Connection": "keep-alive",
    "Accept-Language": "zh-CN,zh;q=0.9",
    "Content-Type": "application/json;charset=UTF-8",
    "X-HTTP-Method-Override": "put",
    "HRUN-Request-ID": "HRUN-8cc43a37-ce18-42a3-a44f-7590cefa3f60-867479",
    "Cookie": "SESSION=MDI0YWNkYTctYzVjNC00NThhLTllNDctM2E3NGMxMDE5ZmRm; SESSION=response.headers.\"Set-Cookie\".session",
    "Content-Length": "3280"
}
cookies  : {
    "SESSION": "MDI0YWNkYTctYzVjNC00NThhLTllNDctM2E3NGMxMDE5ZmRm"
}
body     : {
    "applyStep": 3,
    "applyType": null,
    "cltrid": null,
    "contactCrtBackImgPath": null,
    "contactCrtBackImgRid": 2383,
    "contactCrtFrontImgPath": null,
    "contactCrtFrontImgRid": 2382,
    "contactCrtNo": "353982198511244518",
    "contactCrtType": 1,
    "contactEmail": "g96S4EGUzRX3J4G3@qaqseq.com",
    "contactName": "GL0ambe70EbDzbf69uFwMaSF6GK9kSpv",
    "contactPhone": "14495231602",
    "createDate": "2023-06-16 16:24:27",
    "dataHostingContractFilePath": null,
    "dataHostingContractFileRid": null,
    "dataHostingOrg": null,
    "entGeneralId": null,
    "entInfoLicenses": [],
    "entInfoSerIndustrys": [],
    "entInfoSyss": [
        {
            "deployAddr": "致真",
            "deployAddrCity": "110100",
            "deployAddrCounty": "110101",
            "deployAddrProvince": "110000",
            "deployMode": 1,
            "ipPort": null,
            "name": null,
            "sysType": 1
        },
        {
            "deployAddr": "致真",
            "deployAddrCity": "110100",
            "deployAddrCounty": "110101",
            "deployAddrProvince": "110000",
            "deployMode": 1,
            "ipPort": null,
            "name": null,
            "sysType": 2
        },
        {
            "deployAddr": "天津",
            "deployAddrCity": "120100",
            "deployAddrCounty": "120101",
            "deployAddrProvince": "120000",
            "deployMode": 1,
            "ipPort": null,
            "name": null,
            "sysType": 3
        },
        {
            "deployAddr": "天津",
            "deployAddrCity": "120100",
            "deployAddrCounty": "120101",
            "deployAddrProvince": "120000",
            "deployMode": 1,
            "ipPort": null,
            "name": null,
            "sysType": 4
        }
    ],
    "entPrefix": "88.408.6724783598",
    "escrowId": null,
    "escrowOrgName": null,
    "establishDate": null,
    "extDomain": null,
    "extIpAddr": null,
    "extWebName": null,
    "finalAuditMsg": null,
    "finalAuditStatus": null,
    "firstAuditMsg": null,
    "firstAuditStatus": null,
    "id": 1214,
    "idRegNaImp": null,
    "industryCategory": "A",
    "industrySpecific": "01",
    "isSubmit": 0,
    "legalCrtBackImgContent": null,
    "legalCrtBackImgPath": null,
    "legalCrtBackImgRid": 2383,
    "legalCrtFrontImgContent": null,
    "legalCrtFrontImgPath": null,
    "legalCrtFrontImgRid": 2382,
    "legalCrtNo": "353982198511244518",
    "legalCrtType": "1",
    "legalCrtTypeDesc": "中国居民身份证",
    "legalEmail": null,
    "legalFax": null,
    "legalName": "张三",
    "legalPhone": null,
    "orgAddr": "致真",
    "orgAddrCity": "110100",
    "orgAddrCityDesc": "市辖区",
    "orgAddrCounty": "110101",
    "orgAddrCountyDesc": "东城区",
    "orgAddrProvince": "110000",
    "orgAddrProvinceDesc": "北京市",
    "orgCategorySpecificDesc": "农、林、牧、渔业-农业",
    "orgCrtCode": "GL0ambe70EbDzbf69uFwMaSF6GK9kSpv",
    "orgCrtImgContent": null,
    "orgCrtImgPath": null,
    "orgCrtImgRid": 2381,
    "orgCrtType": "1",
    "orgDesc": null,
    "orgName": "GL0ambe70EbDzbf69uFwMaSF6GK9kSpv",
    "orgNature": "1",
    "orgNatureDesc": "1",
    "periodValidity": null,
    "regAuthority": null,
    "regCapital": null,
    "regRealNaImpName": null,
    "regRealNaImpType": null,
    "servHostingContractFilePath": null,
    "servHostingContractFileRid": null,
    "servHostingOrg": null,
    "servSysBuildContractFilePath": null,
    "servSysBuildContractFileRid": null,
    "servSysBuildName": null,
    "servSysBuildType": 1,
    "servSysOperContractFilePath": null,
    "servSysOperContractFileRid": null,
    "servSysOperName": null,
    "servSysOperType": 1,
    "svtrid": null,
    "thirdServiceMsg": null,
    "thirdServiceStatus": null,
    "updateDate": "2023-06-16 16:24:27",
    "userId": 1439,
    "userName": "GL0ambe70EbDzbf69uFwMaSF6GK9kSpv",
    "website": null
}

2023-06-16 16:24:27.544 | DEBUG    | httprunner.client:log_print:40 - 
================== response details ==================
status_code : 200
headers  : {
    "Server": "nginx",
    "Date": "Fri, 16 Jun 2023 08:24:27 GMT",
    "Content-Type": "application/json;charset=UTF-8",
    "Transfer-Encoding": "chunked",
    "X-Frame-Options": "SAMEORIGIN",
    "Connection": "keep-alive"
}
cookies  : {}
encoding : UTF-8
content_type : application/json;charset=UTF-8
body     : {
    "message": "success",
    "status": 1,
    "data": true
}

2023-06-16 16:24:27.545 | INFO     | httprunner.client:request:217 - status_code: 200, response_time(ms): 61.73 ms, response_length: 0 bytes
2023-06-16 16:24:27.545 | INFO     | httprunner.response:validate:249 - assert status_code equal 200(int)	==> pass
2023-06-16 16:24:27.546 | INFO     | httprunner.response:validate:249 - assert body.message equal success(str)	==> pass
2023-06-16 16:24:27.546 | INFO     | httprunner.runner:__run_step:304 - run step end: 企业注册第二步提交信息 <<<<<<

2023-06-16 16:24:27.546 | INFO     | httprunner.runner:__run_step:304 - run step end: 企业注册第二步提交信息 <<<<<<

2023-06-16 16:24:27.546 | INFO     | httprunner.runner:__run_step:292 - run step begin: 企业注册查询注册信息 >>>>>>
2023-06-16 16:24:27.547 | INFO     | httprunner.runner:__run_step:292 - run step begin: 企业注册查询注册信息 >>>>>>
2023-06-16 16:24:27.613 | DEBUG    | httprunner.client:request:186 - client IP: 127.0.0.1, Port: 56040
2023-06-16 16:24:27.614 | DEBUG    | httprunner.client:request:194 - server IP: 127.0.0.1, Port: 8888
2023-06-16 16:24:27.614 | DEBUG    | httprunner.client:log_print:40 - 
================== request details ==================
method   : GET
url      : http://139.198.116.76:8000/api/v3/entApply/applyOrNot
headers  : {
    "User-Agent": "Mozilla/5.0 (Macintosh; Intel Mac OS X 10_15_7) AppleWebKit/537.36 (KHTML, like Gecko) Chrome/105.0.0.0 Safari/537.36",
    "Accept-Encoding": "gzip, deflate",
    "Accept": "application/json, text/plain, */*",
    "Connection": "keep-alive",
    "Accept-Language": "zh-CN,zh;q=0.9",
    "HRUN-Request-ID": "HRUN-8cc43a37-ce18-42a3-a44f-7590cefa3f60-867547",
    "Cookie": "SESSION=MDI0YWNkYTctYzVjNC00NThhLTllNDctM2E3NGMxMDE5ZmRm; SESSION=response.headers.\"Set-Cookie\".session"
}
cookies  : {
    "SESSION": "MDI0YWNkYTctYzVjNC00NThhLTllNDctM2E3NGMxMDE5ZmRm"
}
body     : None

2023-06-16 16:24:27.616 | DEBUG    | httprunner.client:log_print:40 - 
================== response details ==================
status_code : 200
headers  : {
    "Server": "nginx",
    "Date": "Fri, 16 Jun 2023 08:24:27 GMT",
    "Content-Type": "application/json;charset=UTF-8",
    "Transfer-Encoding": "chunked",
    "X-Frame-Options": "SAMEORIGIN",
    "Connection": "keep-alive"
}
cookies  : {}
encoding : UTF-8
content_type : application/json;charset=UTF-8
body     : {
    "message": "success",
    "status": 1,
    "data": {
        "nbmsEntApplyPO": {
            "id": 1214,
            "createDate": "2023-06-16 16:24:27",
            "updateDate": "2023-06-16 16:24:28",
            "applyType": null,
            "entGeneralId": null,
            "applyStep": 3,
            "isSubmit": 0,
            "entPrefix": "88.408.6724783598",
            "firstAuditStatus": null,
            "firstAuditMsg": null,
            "thirdServiceStatus": null,
            "thirdServiceMsg": null,
            "userName": "GL0ambe70EbDzbf69uFwMaSF6GK9kSpv",
            "finalAuditStatus": null,
            "finalAuditMsg": null,
            "svtrid": null,
            "cltrid": null,
            "userId": 1439,
            "orgName": "GL0ambe70EbDzbf69uFwMaSF6GK9kSpv",
            "orgNature": "1",
            "orgAddrProvince": "110000",
            "orgAddrCity": "110100",
            "orgAddrCounty": "110101",
            "orgAddr": "致真",
            "orgCrtType": "1",
            "orgCrtCode": "GL0ambe70EbDzbf69uFwMaSF6GK9kSpv",
            "legalName": "张三",
            "legalCrtType": "1",
            "legalCrtNo": "353982198511244518",
            "orgDesc": null,
            "industryCategory": "A",
            "industrySpecific": "01",
            "contactName": "GL0ambe70EbDzbf69uFwMaSF6GK9kSpv",
            "contactPhone": "14495231602",
            "contactCrtType": 1,
            "contactCrtNo": "353982198511244518",
            "contactEmail": "g96S4EGUzRX3J4G3@qaqseq.com",
            "website": null,
            "regAuthority": null,
            "regCapital": null,
            "establishDate": null,
            "periodValidity": null,
            "legalEmail": null,
            "legalPhone": null,
            "legalFax": null,
            "servSysBuildType": 1,
            "servSysBuildName": null,
            "servSysOperType": 1,
            "servSysOperName": null,
            "dataHostingOrg": null,
            "servHostingOrg": null,
            "regRealNaImpType": null,
            "regRealNaImpName": null,
            "idRegNaImp": null,
            "extWebName": null,
            "extDomain": null,
            "extIpAddr": null,
            "orgCrtImgRid": 2381,
            "contactCrtFrontImgRid": 2382,
            "contactCrtBackImgRid": 2383,
            "legalCrtFrontImgRid": 2382,
            "legalCrtBackImgRid": 2383,
            "servSysBuildContractFileRid": null,
            "servSysOperContractFileRid": null,
            "dataHostingContractFileRid": null,
            "servHostingContractFileRid": null,
            "entInfoLicenses": [],
            "entInfoSyss": [
                {
                    "id": 2609,
                    "entApplyId": 1214,
                    "sysType": 1,
                    "deployMode": 1,
                    "deployAddr": "致真",
                    "deployAddrProvince": "110000",
                    "deployAddrCity": "110100",
                    "deployAddrCounty": "110101",
                    "name": null,
                    "ipPort": null
                },
                {
                    "id": 2610,
                    "entApplyId": 1214,
                    "sysType": 2,
                    "deployMode": 1,
                    "deployAddr": "致真",
                    "deployAddrProvince": "110000",
                    "deployAddrCity": "110100",
                    "deployAddrCounty": "110101",
                    "name": null,
                    "ipPort": null
                },
                {
                    "id": 2611,
                    "entApplyId": 1214,
                    "sysType": 3,
                    "deployMode": 1,
                    "deployAddr": "天津",
                    "deployAddrProvince": "120000",
                    "deployAddrCity": "120100",
                    "deployAddrCounty": "120101",
                    "name": null,
                    "ipPort": null
                },
                {
                    "id": 2612,
                    "entApplyId": 1214,
                    "sysType": 4,
                    "deployMode": 1,
                    "deployAddr": "天津",
                    "deployAddrProvince": "120000",
                    "deployAddrCity": "120100",
                    "deployAddrCounty": "120101",
                    "name": null,
                    "ipPort": null
                }
            ],
            "entInfoSerIndustrys": [],
            "escrowId": null,
            "industryQualificationRid": null,
            "certificationRid": null,
            "openingBank": null,
            "bankCard": null,
            "verificationName": null,
            "orgNatureDesc": "国有控股",
            "orgCrtImgContent": null,
            "orgCategorySpecificDesc": "农、林、牧、渔业-农业",
            "orgAddrProvinceDesc": "北京市",
            "orgAddrCountyDesc": "东城区",
            "orgAddrCityDesc": "市辖区",
            "legalCrtTypeDesc": "中国居民身份证",
            "legalCrtFrontImgContent": null,
            "legalCrtBackImgContent": null,
            "orgCrtImgPath": "114b451a-6320-4f6c-9c9f-101923eab8aa.jpeg",
            "contactCrtFrontImgPath": "6e8f9503-189d-474a-9670-a8b8e1d44c49.jpeg",
            "contactCrtBackImgPath": "7cad80ab-3f38-4420-8f95-318a0b8a2be1.jpeg",
            "legalCrtFrontImgPath": "6e8f9503-189d-474a-9670-a8b8e1d44c49.jpeg",
            "legalCrtBackImgPath": "7cad80ab-3f38-4420-8f95-318a0b8a2be1.jpeg",
            "servSysBuildContractFilePath": null,
            "servSysOperContractFilePath": null,
            "dataHostingContractFilePath": null,
            "servHostingContractFilePath": null,
            "industryQualificationFilePath": null,
            "certificationFilePath": null,
            "escrowOrgName": null
        },
        "nbmsEntPO": null,
        "nbmsEntPrefixApplyPO": null,
        "needRelog": null,
        "applyStatus": 0
    }
}

2023-06-16 16:24:27.616 | INFO     | httprunner.client:request:217 - status_code: 200, response_time(ms): 66.36 ms, response_length: 0 bytes
2023-06-16 16:24:27.618 | INFO     | httprunner.response:extract:179 - extract mapping: {'applyId': 1214, 'userId': 1439, 'userName': 'GL0ambe70EbDzbf69uFwMaSF6GK9kSpv', 'imgId_f': 2382, 'imgId_b': 2383, 'entId': None, 'entUserId': None, 'prefix': '88.408.6724783598', 'contactCrtNo': '353982198511244518', 'contactCrtType': 1, 'contactEmail': 'g96S4EGUzRX3J4G3@qaqseq.com', 'contactName': 'GL0ambe70EbDzbf69uFwMaSF6GK9kSpv', 'contactPhone': '14495231602', 'industryCategory': 'A', 'industrySpecific': '01', 'orgName': 'GL0ambe70EbDzbf69uFwMaSF6GK9kSpv', 'orgNature': '1', 'orgAddrProvince': '110000', 'orgAddrCity': '110100', 'orgAddrCounty': '110101', 'orgAddr': '致真', 'orgCrtType': '1', 'orgCrtCode': 'GL0ambe70EbDzbf69uFwMaSF6GK9kSpv', 'legalName': '张三', 'legalEmail': None, 'legalPhone': None, 'legalCrtType': '1', 'legalCrtNo': '353982198511244518', 'legalCrtFrontImgRid': 2382, 'legalCrtBackImgRid': 2383, 'orgCrtImgRid': 2381, 'imgId': 2381, 'orgNatureDesc': '国有控股', 'orgCategorySpecificDesc': '农、林、牧、渔业-农业', 'orgAddrProvinceDesc': '北京市', 'orgAddrCountyDesc': '东城区', 'orgAddrCityDesc': '市辖区', 'legalCrtTypeDesc': '中国居民身份证', 'createDate': '2023-06-16 16:24:27', 'updateDate': '2023-06-16 16:24:28', 'entInfoSyss_0_id': 2609, 'entInfoSyss_0_entApplyId': 1214, 'entApplyId': 1214, 'entInfoSyss_0_sysType': 1, 'entInfoSyss_0_deployMode': 1, 'entInfoSyss_0_deployAddr': '致真', 'entInfoSyss_0_deployAddrProvince': '110000', 'entInfoSyss_0_deployAddrCity': '110100', 'entInfoSyss_0_deployAddrCounty': '110101', 'entInfoSyss_1_id': 2610, 'entInfoSyss_1_entApplyId': 1214, 'entInfoSyss_1_sysType': 2, 'entInfoSyss_1_deployMode': 1, 'entInfoSyss_1_deployAddr': '致真', 'entInfoSyss_1_deployAddrProvince': '110000', 'entInfoSyss_1_deployAddrCity': '110100', 'entInfoSyss_1_deployAddrCounty': '110101', 'entInfoSyss_2_id': 2611, 'entInfoSyss_2_entApplyId': 1214, 'entInfoSyss_2_sysType': 3, 'entInfoSyss_2_deployMode': 1, 'entInfoSyss_2_deployAddr': '天津', 'entInfoSyss_2_deployAddrProvince': '120000', 'entInfoSyss_2_deployAddrCity': '120100', 'entInfoSyss_2_deployAddrCounty': '120101', 'entInfoSyss_3_id': 2612, 'entInfoSyss_3_entApplyId': 1214, 'entInfoSyss_3_sysType': 4, 'entInfoSyss_3_deployMode': 1, 'entInfoSyss_3_deployAddr': '天津', 'entInfoSyss_3_deployAddrProvince': '120000', 'entInfoSyss_3_deployAddrCity': '120100', 'entInfoSyss_3_deployAddrCounty': '120101'}
2023-06-16 16:24:27.618 | INFO     | httprunner.response:validate:249 - assert status_code equal 200(int)	==> pass
2023-06-16 16:24:27.619 | INFO     | httprunner.response:validate:249 - assert body.message equal success(str)	==> pass
2023-06-16 16:24:27.619 | INFO     | httprunner.runner:__run_step:304 - run step end: 企业注册查询注册信息 <<<<<<

2023-06-16 16:24:27.619 | INFO     | httprunner.runner:__run_step_testcase:286 - export variables: {'legalCrtType': '1', 'imgId_f': 2382, 'legalCrtFrontImgRid': 2382, 'entInfoSyss_2_entApplyId': 1214, 'orgAddrProvince': '110000', 'entUserId': None, 'entInfoSyss_1_entApplyId': 1214, 'entInfoSyss_0_sysType': 1, 'entInfoSyss_0_deployAddr': '致真', 'orgName': 'GL0ambe70EbDzbf69uFwMaSF6GK9kSpv', 'orgCrtImgRid': 2381, 'orgCrtType': '1', 'entInfoSyss_0_deployAddrProvince': '110000', 'orgAddrCounty': '110101', 'entInfoSyss_1_deployMode': 1, 'entInfoSyss_3_deployAddr': '天津', 'contactCrtNo': '353982198511244518', 'orgAddrCountyDesc': '东城区', 'orgAddrCity': '110100', 'entInfoSyss_0_deployAddrCity': '110100', 'updateDate': '2023-06-16 16:24:28', 'applyId': 1214, 'legalCrtTypeDesc': '中国居民身份证', 'entInfoSyss_3_sysType': 4, 'entInfoSyss_2_deployAddrCity': '120100', 'entInfoSyss_3_deployAddrProvince': '120000', 'entInfoSyss_2_id': 2611, 'entInfoSyss_0_deployAddrCounty': '110101', 'orgAddr': '致真', 'orgNature': '1', 'entInfoSyss_1_sysType': 2, 'entInfoSyss_2_deployAddrCounty': '120101', 'entInfoSyss_1_id': 2610, 'entInfoSyss_3_deployAddrCounty': '120101', 'contactCrtType': 1, 'entInfoSyss_1_deployAddrCounty': '110101', 'contactName': 'GL0ambe70EbDzbf69uFwMaSF6GK9kSpv', 'userId': 1439, 'entInfoSyss_3_deployAddrCity': '120100', 'imgId': 2381, 'entInfoSyss_2_sysType': 3, 'orgNatureDesc': '国有控股', 'userName': 'GL0ambe70EbDzbf69uFwMaSF6GK9kSpv', 'orgCategorySpecificDesc': '农、林、牧、渔业-农业', 'orgAddrCityDesc': '市辖区', 'orgCrtCode': 'GL0ambe70EbDzbf69uFwMaSF6GK9kSpv', 'industrySpecific': '01', 'entInfoSyss_0_id': 2609, 'entInfoSyss_0_entApplyId': 1214, 'orgAddrProvinceDesc': '北京市', 'entInfoSyss_3_deployMode': 1, 'entInfoSyss_1_deployAddrCity': '110100', 'legalEmail': None, 'entInfoSyss_2_deployAddr': '天津', 'entInfoSyss_1_deployAddr': '致真', 'entInfoSyss_3_entApplyId': 1214, 'entInfoSyss_2_deployMode': 1, 'entInfoSyss_2_deployAddrProvince': '120000', 'contactEmail': 'g96S4EGUzRX3J4G3@qaqseq.com', 'entId': None, 'createDate': '2023-06-16 16:24:27', 'legalCrtNo': '353982198511244518', 'entInfoSyss_0_deployMode': 1, 'legalName': '张三', 'entInfoSyss_1_deployAddrProvince': '110000', 'legalCrtBackImgRid': 2383, 'contactPhone': '14495231602', 'prefix': '88.408.6724783598', 'entInfoSyss_3_id': 2612, 'legalPhone': None, 'industryCategory': 'A', 'entApplyId': 1214, 'imgId_b': 2383}
2023-06-16 16:24:27.619 | INFO     | httprunner.runner:__run_step:304 - run step end: 企业注册查询注册信息 <<<<<<

2023-06-16 16:24:27.620 | INFO     | httprunner.runner:__run_step:292 - run step begin: 企业注册最终第三步提交信息 >>>>>>
2023-06-16 16:24:27.620 | INFO     | httprunner.runner:__run_step:292 - run step begin: 企业注册最终第三步提交信息 >>>>>>
2023-06-16 16:24:27.781 | DEBUG    | httprunner.client:request:186 - client IP: 127.0.0.1, Port: 56040
2023-06-16 16:24:27.781 | DEBUG    | httprunner.client:request:194 - server IP: 127.0.0.1, Port: 8888
2023-06-16 16:24:27.783 | DEBUG    | httprunner.client:log_print:40 - 
================== request details ==================
method   : POST
url      : http://139.198.116.76:8000/api/v3/entApply/apply
headers  : {
    "User-Agent": "Mozilla/5.0 (Macintosh; Intel Mac OS X 10_15_7) AppleWebKit/537.36 (KHTML, like Gecko) Chrome/105.0.0.0 Safari/537.36",
    "Accept-Encoding": "gzip, deflate",
    "Accept": "application/json, text/plain, */*",
    "Connection": "keep-alive",
    "Accept-Language": "zh-CN,zh;q=0.9",
    "Content-Type": "application/json;charset=UTF-8",
    "HRUN-Request-ID": "HRUN-8cc43a37-ce18-42a3-a44f-7590cefa3f60-867620",
    "Cookie": "SESSION=MDI0YWNkYTctYzVjNC00NThhLTllNDctM2E3NGMxMDE5ZmRm; SESSION=response.headers.\"Set-Cookie\".session",
    "Content-Length": "3280"
}
cookies  : {
    "SESSION": "MDI0YWNkYTctYzVjNC00NThhLTllNDctM2E3NGMxMDE5ZmRm"
}
body     : {
    "applyStep": 4,
    "applyType": null,
    "cltrid": null,
    "contactCrtBackImgPath": null,
    "contactCrtBackImgRid": 2383,
    "contactCrtFrontImgPath": null,
    "contactCrtFrontImgRid": 2382,
    "contactCrtNo": "353982198511244518",
    "contactCrtType": 1,
    "contactEmail": "g96S4EGUzRX3J4G3@qaqseq.com",
    "contactName": "GL0ambe70EbDzbf69uFwMaSF6GK9kSpv",
    "contactPhone": "14495231602",
    "createDate": "2023-06-16 16:24:27",
    "dataHostingContractFilePath": null,
    "dataHostingContractFileRid": null,
    "dataHostingOrg": null,
    "entGeneralId": null,
    "entInfoLicenses": [],
    "entInfoSerIndustrys": [],
    "entInfoSyss": [
        {
            "deployAddr": "致真",
            "deployAddrCity": "110100",
            "deployAddrCounty": "110101",
            "deployAddrProvince": "110000",
            "deployMode": 1,
            "ipPort": null,
            "name": null,
            "sysType": 2
        },
        {
            "deployAddr": "致真",
            "deployAddrCity": "110100",
            "deployAddrCounty": "110101",
            "deployAddrProvince": "110000",
            "deployMode": 1,
            "ipPort": null,
            "name": null,
            "sysType": 3
        },
        {
            "deployAddr": "天津",
            "deployAddrCity": "120100",
            "deployAddrCounty": "120101",
            "deployAddrProvince": "120000",
            "deployMode": 1,
            "ipPort": null,
            "name": null,
            "sysType": 4
        },
        {
            "deployAddr": "天津",
            "deployAddrCity": "120100",
            "deployAddrCounty": "120101",
            "deployAddrProvince": "120000",
            "deployMode": 1,
            "ipPort": null,
            "name": null,
            "sysType": 4
        }
    ],
    "entPrefix": "88.408.6724783598",
    "escrowId": null,
    "escrowOrgName": null,
    "establishDate": null,
    "extDomain": null,
    "extIpAddr": null,
    "extWebName": null,
    "finalAuditMsg": null,
    "finalAuditStatus": null,
    "firstAuditMsg": null,
    "firstAuditStatus": null,
    "id": 1214,
    "idRegNaImp": null,
    "industryCategory": "A",
    "industrySpecific": "01",
    "isSubmit": 0,
    "legalCrtBackImgContent": null,
    "legalCrtBackImgPath": null,
    "legalCrtBackImgRid": 2383,
    "legalCrtFrontImgContent": null,
    "legalCrtFrontImgPath": null,
    "legalCrtFrontImgRid": 2382,
    "legalCrtNo": "353982198511244518",
    "legalCrtType": "1",
    "legalCrtTypeDesc": "中国居民身份证",
    "legalEmail": null,
    "legalFax": null,
    "legalName": "张三",
    "legalPhone": null,
    "orgAddr": "致真",
    "orgAddrCity": "110100",
    "orgAddrCityDesc": "市辖区",
    "orgAddrCounty": "110101",
    "orgAddrCountyDesc": "东城区",
    "orgAddrProvince": "110000",
    "orgAddrProvinceDesc": "北京市",
    "orgCategorySpecificDesc": "农、林、牧、渔业-农业",
    "orgCrtCode": "GL0ambe70EbDzbf69uFwMaSF6GK9kSpv",
    "orgCrtImgContent": null,
    "orgCrtImgPath": null,
    "orgCrtImgRid": 2381,
    "orgCrtType": "1",
    "orgDesc": null,
    "orgName": "GL0ambe70EbDzbf69uFwMaSF6GK9kSpv",
    "orgNature": "1",
    "orgNatureDesc": "1",
    "periodValidity": null,
    "regAuthority": null,
    "regCapital": null,
    "regRealNaImpName": null,
    "regRealNaImpType": null,
    "servHostingContractFilePath": null,
    "servHostingContractFileRid": null,
    "servHostingOrg": null,
    "servSysBuildContractFilePath": null,
    "servSysBuildContractFileRid": null,
    "servSysBuildName": null,
    "servSysBuildType": 1,
    "servSysOperContractFilePath": null,
    "servSysOperContractFileRid": null,
    "servSysOperName": null,
    "servSysOperType": 1,
    "svtrid": null,
    "thirdServiceMsg": null,
    "thirdServiceStatus": null,
    "updateDate": "2023-06-16 16:24:28",
    "userId": 1439,
    "userName": "GL0ambe70EbDzbf69uFwMaSF6GK9kSpv",
    "website": null
}

2023-06-16 16:24:27.783 | DEBUG    | httprunner.client:log_print:40 - 
================== response details ==================
status_code : 200
headers  : {
    "Server": "nginx",
    "Date": "Fri, 16 Jun 2023 08:24:27 GMT",
    "Content-Type": "application/json;charset=UTF-8",
    "Transfer-Encoding": "chunked",
    "X-Frame-Options": "SAMEORIGIN",
    "Connection": "keep-alive"
}
cookies  : {}
encoding : UTF-8
content_type : application/json;charset=UTF-8
body     : {
    "message": "success",
    "status": 1,
    "data": true
}

2023-06-16 16:24:27.783 | INFO     | httprunner.client:request:217 - status_code: 200, response_time(ms): 160.39 ms, response_length: 0 bytes
2023-06-16 16:24:27.784 | INFO     | httprunner.response:validate:249 - assert status_code equal 200(int)	==> pass
2023-06-16 16:24:27.784 | INFO     | httprunner.response:validate:249 - assert body.message equal success(str)	==> pass
2023-06-16 16:24:27.785 | INFO     | httprunner.runner:__run_step:304 - run step end: 企业注册最终第三步提交信息 <<<<<<

2023-06-16 16:24:27.785 | INFO     | httprunner.runner:__run_step:304 - run step end: 企业注册最终第三步提交信息 <<<<<<

2023-06-16 16:24:27.785 | INFO     | httprunner.runner:__run_step:292 - run step begin: 登录-管理员 >>>>>>
2023-06-16 16:24:27.786 | INFO     | httprunner.runner:__run_step:292 - run step begin: 登录-企业用户 >>>>>>
2023-06-16 16:24:27.848 | DEBUG    | httprunner.client:request:186 - client IP: 127.0.0.1, Port: 56040
2023-06-16 16:24:27.849 | DEBUG    | httprunner.client:request:194 - server IP: 127.0.0.1, Port: 8888
2023-06-16 16:24:27.849 | DEBUG    | httprunner.client:log_print:40 - 
================== request details ==================
method   : POST
url      : http://139.198.116.76:8000/api/home/test/login
headers  : {
    "User-Agent": "python-requests/2.28.1",
    "Accept-Encoding": "gzip, deflate, br",
    "Accept": "*/*",
    "Connection": "keep-alive",
    "Content-Length": "144",
    "Content-Type": "application/json",
    "HRUN-Request-ID": "HRUN-8cc43a37-ce18-42a3-a44f-7590cefa3f60-867786",
    "Cookie": "SESSION=MDI0YWNkYTctYzVjNC00NThhLTllNDctM2E3NGMxMDE5ZmRm"
}
cookies  : {
    "SESSION": "MDI0YWNkYTctYzVjNC00NThhLTllNDctM2E3NGMxMDE5ZmRm"
}
body     : {
    "captcha": "0000",
    "captchaSign": "5d39bab12bba81ab59b3931d2ca06ee9603c3803355932be66974f122cab3502",
    "emailCaptcha": "",
    "username": "adminy"
}

2023-06-16 16:24:27.850 | DEBUG    | httprunner.client:log_print:40 - 
================== response details ==================
status_code : 200
headers  : {
    "Server": "nginx",
    "Date": "Fri, 16 Jun 2023 08:24:27 GMT",
    "Content-Type": "application/json;charset=UTF-8",
    "Transfer-Encoding": "chunked",
    "Set-Cookie": "SESSION=YmVhNDI4Y2MtNjdiZS00Njk1LTg4ZDYtYTY2ZTg0ZDZhNWM0; Path=/; HttpOnly; SameSite=Lax",
    "X-Frame-Options": "SAMEORIGIN",
    "Connection": "keep-alive"
}
cookies  : {
    "SESSION": "YmVhNDI4Y2MtNjdiZS00Njk1LTg4ZDYtYTY2ZTg0ZDZhNWM0"
}
encoding : UTF-8
content_type : application/json;charset=UTF-8
body     : {
    "message": "success",
    "status": 1,
    "data": true
}

2023-06-16 16:24:27.850 | INFO     | httprunner.client:request:217 - status_code: 200, response_time(ms): 61.59 ms, response_length: 0 bytes
2023-06-16 16:24:27.851 | INFO     | httprunner.response:extract:179 - extract mapping: {'adminSession': 'response.headers."Set-Cookie".session'}
2023-06-16 16:24:27.851 | INFO     | httprunner.response:validate:249 - assert status_code equal 200(int)	==> pass
2023-06-16 16:24:27.852 | INFO     | httprunner.response:validate:249 - assert headers."Content-Type" equal application/json;charset=UTF-8(str)	==> pass
2023-06-16 16:24:27.852 | INFO     | httprunner.response:validate:249 - assert body.message equal success(str)	==> pass
2023-06-16 16:24:27.852 | INFO     | httprunner.response:validate:249 - assert body.status equal 1(int)	==> pass
2023-06-16 16:24:27.852 | INFO     | httprunner.response:validate:249 - assert body.data equal True(bool)	==> pass
2023-06-16 16:24:27.852 | INFO     | httprunner.runner:__run_step:304 - run step end: 登录-企业用户 <<<<<<

2023-06-16 16:24:27.852 | INFO     | httprunner.runner:__run_step_testcase:286 - export variables: {'adminSession': 'response.headers."Set-Cookie".session'}
2023-06-16 16:24:27.852 | INFO     | httprunner.runner:__run_step:304 - run step end: 登录-管理员 <<<<<<

2023-06-16 16:24:27.852 | INFO     | httprunner.runner:__run_step:292 - run step begin: 年费费用查询 >>>>>>
2023-06-16 16:24:27.853 | INFO     | httprunner.runner:__run_step:292 - run step begin: 财务规则查询-年费 >>>>>>
2023-06-16 16:24:27.902 | DEBUG    | httprunner.client:request:186 - client IP: 127.0.0.1, Port: 56040
2023-06-16 16:24:27.902 | DEBUG    | httprunner.client:request:194 - server IP: 127.0.0.1, Port: 8888
2023-06-16 16:24:27.903 | DEBUG    | httprunner.client:log_print:40 - 
================== request details ==================
method   : GET
url      : http://139.198.116.76:8000/api/finance/rule/findRule?cache=1663837640684&moneyType=2&userId=1439
headers  : {
    "User-Agent": "Mozilla/5.0 (Macintosh; Intel Mac OS X 10_15_7) AppleWebKit/537.36 (KHTML, like Gecko) Chrome/98.0.4758.102 Safari/537.36 Edg/98.0.1108.56",
    "Accept-Encoding": "gzip, deflate",
    "Accept": "application/json, text/plain, */*",
    "Connection": "keep-alive",
    "Accept-Language": "zh-CN,zh;q=0.9,en;q=0.8,en-GB;q=0.7,en-US;q=0.6",
    "HRUN-Request-ID": "HRUN-8cc43a37-ce18-42a3-a44f-7590cefa3f60-867853",
    "Cookie": "SESSION=YmVhNDI4Y2MtNjdiZS00Njk1LTg4ZDYtYTY2ZTg0ZDZhNWM0; SESSION=response.headers.\"Set-Cookie\".session"
}
cookies  : {
    "SESSION": "YmVhNDI4Y2MtNjdiZS00Njk1LTg4ZDYtYTY2ZTg0ZDZhNWM0"
}
body     : None

2023-06-16 16:24:27.904 | DEBUG    | httprunner.client:log_print:40 - 
================== response details ==================
status_code : 200
headers  : {
    "Server": "nginx",
    "Date": "Fri, 16 Jun 2023 08:24:28 GMT",
    "Content-Type": "application/json;charset=UTF-8",
    "Transfer-Encoding": "chunked",
    "X-Frame-Options": "SAMEORIGIN",
    "Connection": "keep-alive"
}
cookies  : {}
encoding : UTF-8
content_type : application/json;charset=UTF-8
body     : {
    "message": "success",
    "status": 1,
    "data": [
        {
            "id": 78,
            "createDate": "2023-05-31 12:51:47",
            "updateDate": "2023-05-31 12:51:47",
            "name": "标准",
            "money": 10000.0,
            "moneyType": 2,
            "prefixCount": 1,
            "remart": "test",
            "entName": null,
            "entUserId": null,
            "ruleType": 2,
            "escrowId": null
        }
    ]
}

2023-06-16 16:24:27.904 | INFO     | httprunner.client:request:217 - status_code: 200, response_time(ms): 49.22 ms, response_length: 0 bytes
2023-06-16 16:24:27.905 | INFO     | httprunner.response:extract:179 - extract mapping: {'annualFeeRuleId': 78}
2023-06-16 16:24:27.905 | INFO     | httprunner.response:validate:249 - assert status_code equal 200(int)	==> pass
2023-06-16 16:24:27.905 | INFO     | httprunner.response:validate:249 - assert body.message equal success(str)	==> pass
2023-06-16 16:24:27.905 | INFO     | httprunner.response:validate:249 - assert body.status equal 1(int)	==> pass
2023-06-16 16:24:27.906 | INFO     | httprunner.runner:__run_step:304 - run step end: 财务规则查询-年费 <<<<<<

2023-06-16 16:24:27.906 | INFO     | httprunner.runner:__run_step_testcase:286 - export variables: {'annualFeeRuleId': 78}
2023-06-16 16:24:27.906 | INFO     | httprunner.runner:__run_step:304 - run step end: 年费费用查询 <<<<<<

2023-06-16 16:24:27.907 | INFO     | httprunner.runner:__run_step:292 - run step begin: 注册费费用查询 >>>>>>
2023-06-16 16:24:27.907 | INFO     | httprunner.runner:__run_step:292 - run step begin: 财务规则查询-注册费 >>>>>>
2023-06-16 16:24:27.959 | DEBUG    | httprunner.client:request:186 - client IP: 127.0.0.1, Port: 56040
2023-06-16 16:24:27.960 | DEBUG    | httprunner.client:request:194 - server IP: 127.0.0.1, Port: 8888
2023-06-16 16:24:27.960 | DEBUG    | httprunner.client:log_print:40 - 
================== request details ==================
method   : GET
url      : http://139.198.116.76:8000/api/finance/rule/findRule?moneyType=1&userId=1439
headers  : {
    "User-Agent": "Mozilla/5.0 (Macintosh; Intel Mac OS X 10_15_7) AppleWebKit/537.36 (KHTML, like Gecko) Chrome/98.0.4758.102 Safari/537.36 Edg/98.0.1108.56",
    "Accept-Encoding": "gzip, deflate",
    "Accept": "application/json, text/plain, */*",
    "Connection": "keep-alive",
    "Accept-Language": "zh-CN,zh;q=0.9,en;q=0.8,en-GB;q=0.7,en-US;q=0.6",
    "HRUN-Request-ID": "HRUN-8cc43a37-ce18-42a3-a44f-7590cefa3f60-867907",
    "Cookie": "SESSION=YmVhNDI4Y2MtNjdiZS00Njk1LTg4ZDYtYTY2ZTg0ZDZhNWM0; SESSION=response.headers.\"Set-Cookie\".session"
}
cookies  : {
    "SESSION": "YmVhNDI4Y2MtNjdiZS00Njk1LTg4ZDYtYTY2ZTg0ZDZhNWM0"
}
body     : None

2023-06-16 16:24:27.961 | DEBUG    | httprunner.client:log_print:40 - 
================== response details ==================
status_code : 200
headers  : {
    "Server": "nginx",
    "Date": "Fri, 16 Jun 2023 08:24:28 GMT",
    "Content-Type": "application/json;charset=UTF-8",
    "Transfer-Encoding": "chunked",
    "X-Frame-Options": "SAMEORIGIN",
    "Connection": "keep-alive"
}
cookies  : {}
encoding : UTF-8
content_type : application/json;charset=UTF-8
body     : {
    "message": "success",
    "status": 1,
    "data": [
        {
            "id": 77,
            "createDate": "2023-05-31 12:51:33",
            "updateDate": "2023-05-31 12:51:33",
            "name": "标准",
            "money": 10000.0,
            "moneyType": 1,
            "prefixCount": 1,
            "remart": "test",
            "entName": null,
            "entUserId": null,
            "ruleType": 2,
            "escrowId": null
        }
    ]
}

2023-06-16 16:24:27.961 | INFO     | httprunner.client:request:217 - status_code: 200, response_time(ms): 51.46 ms, response_length: 0 bytes
2023-06-16 16:24:27.962 | INFO     | httprunner.response:extract:179 - extract mapping: {'regFeeRuleId': 77}
2023-06-16 16:24:27.962 | INFO     | httprunner.response:validate:249 - assert status_code equal 200(int)	==> pass
2023-06-16 16:24:27.963 | INFO     | httprunner.response:validate:249 - assert body.message equal success(str)	==> pass
2023-06-16 16:24:27.963 | INFO     | httprunner.response:validate:249 - assert body.status equal 1(int)	==> pass
2023-06-16 16:24:27.963 | INFO     | httprunner.runner:__run_step:304 - run step end: 财务规则查询-注册费 <<<<<<

2023-06-16 16:24:27.963 | INFO     | httprunner.runner:__run_step_testcase:286 - export variables: {'regFeeRuleId': 77}
2023-06-16 16:24:27.963 | INFO     | httprunner.runner:__run_step:304 - run step end: 注册费费用查询 <<<<<<

2023-06-16 16:24:27.963 | INFO     | httprunner.runner:__run_step:292 - run step begin: 审核结果保存 >>>>>>
2023-06-16 16:24:27.963 | INFO     | httprunner.runner:__run_step:292 - run step begin: 企业审核保存 >>>>>>
2023-06-16 16:24:29.856 | DEBUG    | httprunner.client:request:186 - client IP: 127.0.0.1, Port: 56040
2023-06-16 16:24:29.857 | DEBUG    | httprunner.client:request:194 - server IP: 127.0.0.1, Port: 8888
2023-06-16 16:24:29.858 | DEBUG    | httprunner.client:log_print:40 - 
================== request details ==================
method   : POST
url      : http://139.198.116.76:8000/api/v3/ent/audit/save?annualFeeRuleId=78&applyId=1214&auditMsg=%E5%AE%A1%E6%A0%B8%E9%80%9A%E8%BF%87&auditResult=pass&entPrefix=88.408.6724783598&regFeeRuleId=77
headers  : {
    "User-Agent": "Mozilla/5.0 (Macintosh; Intel Mac OS X 10_15_7) AppleWebKit/537.36 (KHTML, like Gecko) Chrome/98.0.4758.102 Safari/537.36 Edg/98.0.1108.56",
    "Accept-Encoding": "gzip, deflate",
    "Accept": "application/json, text/plain, */*",
    "Connection": "keep-alive",
    "Accept-Language": "zh-CN,zh;q=0.9,en;q=0.8,en-GB;q=0.7,en-US;q=0.6",
    "Content-Length": "0",
    "HRUN-Request-ID": "HRUN-8cc43a37-ce18-42a3-a44f-7590cefa3f60-867964",
    "Cookie": "SESSION=YmVhNDI4Y2MtNjdiZS00Njk1LTg4ZDYtYTY2ZTg0ZDZhNWM0; SESSION=response.headers.\"Set-Cookie\".session"
}
cookies  : {
    "SESSION": "YmVhNDI4Y2MtNjdiZS00Njk1LTg4ZDYtYTY2ZTg0ZDZhNWM0"
}
body     : None

2023-06-16 16:24:29.859 | DEBUG    | httprunner.client:log_print:40 - 
================== response details ==================
status_code : 200
headers  : {
    "Server": "nginx",
    "Date": "Fri, 16 Jun 2023 08:24:29 GMT",
    "Content-Type": "application/json",
    "Transfer-Encoding": "chunked",
    "X-Frame-Options": "SAMEORIGIN",
    "Connection": "keep-alive"
}
cookies  : {}
encoding : utf-8
content_type : application/json
body     : {
    "message": "success",
    "status": 1,
    "data": true
}

2023-06-16 16:24:29.859 | INFO     | httprunner.client:request:217 - status_code: 200, response_time(ms): 1892.86 ms, response_length: 0 bytes
2023-06-16 16:24:29.860 | INFO     | httprunner.response:validate:249 - assert status_code equal 200(int)	==> pass
2023-06-16 16:24:29.860 | INFO     | httprunner.response:validate:249 - assert body.message equal success(str)	==> pass
2023-06-16 16:24:29.861 | INFO     | httprunner.response:validate:249 - assert body.status equal 1(int)	==> pass
2023-06-16 16:24:29.861 | INFO     | httprunner.response:validate:249 - assert body.data equal True(bool)	==> pass
2023-06-16 16:24:29.861 | INFO     | httprunner.runner:__run_step:304 - run step end: 企业审核保存 <<<<<<

2023-06-16 16:24:29.861 | INFO     | httprunner.runner:__run_step:304 - run step end: 审核结果保存 <<<<<<

2023-06-16 16:24:29.862 | INFO     | httprunner.runner:__run_step:292 - run step begin: 前缀分配列表 >>>>>>
2023-06-16 16:24:29.863 | INFO     | httprunner.runner:__run_step:292 - run step begin: 前缀分配分页 >>>>>>
2023-06-16 16:24:29.919 | DEBUG    | httprunner.client:request:186 - client IP: 127.0.0.1, Port: 56040
2023-06-16 16:24:29.921 | DEBUG    | httprunner.client:request:194 - server IP: 127.0.0.1, Port: 8888
2023-06-16 16:24:29.922 | DEBUG    | httprunner.client:log_print:40 - 
================== request details ==================
method   : GET
url      : http://139.198.116.76:8000/api/v3/ent/prefix/alloc/pageQuery?currentPage=1&order=&orderProp=&orgName=GL0ambe70EbDzbf69uFwMaSF6GK9kSpv
headers  : {
    "User-Agent": "Mozilla/5.0 (Macintosh; Intel Mac OS X 10_15_7) AppleWebKit/537.36 (KHTML, like Gecko) Chrome/98.0.4758.102 Safari/537.36 Edg/98.0.1108.56",
    "Accept-Encoding": "gzip, deflate",
    "Accept": "application/json, text/plain, */*",
    "Connection": "keep-alive",
    "Accept-Language": "zh-CN,zh;q=0.9,en;q=0.8,en-GB;q=0.7,en-US;q=0.6",
    "HRUN-Request-ID": "HRUN-8cc43a37-ce18-42a3-a44f-7590cefa3f60-869863",
    "Cookie": "SESSION=YmVhNDI4Y2MtNjdiZS00Njk1LTg4ZDYtYTY2ZTg0ZDZhNWM0; SESSION=response.headers.\"Set-Cookie\".session"
}
cookies  : {
    "SESSION": "YmVhNDI4Y2MtNjdiZS00Njk1LTg4ZDYtYTY2ZTg0ZDZhNWM0"
}
body     : None

2023-06-16 16:24:29.923 | DEBUG    | httprunner.client:log_print:40 - 
================== response details ==================
status_code : 200
headers  : {
    "Server": "nginx",
    "Date": "Fri, 16 Jun 2023 08:24:30 GMT",
    "Content-Type": "application/json",
    "Transfer-Encoding": "chunked",
    "X-Frame-Options": "SAMEORIGIN",
    "Connection": "keep-alive"
}
cookies  : {}
encoding : utf-8
content_type : application/json
body     : {
    "message": "success",
    "status": 1,
    "data": {
        "first": true,
        "last": true,
        "totalPages": 1,
        "totalElements": 1,
        "number": 1,
        "size": 10,
        "sort": null,
        "numberOfElements": 1,
        "content": [
            {
                "orgName": "GL0ambe70EbDzbf69uFwMaSF6GK9kSpv",
                "entPrefix": "88.408.6724783598",
                "orgTypeDesc": "国有控股",
                "escrowOrgName": null,
                "orgCategorySpecificDesc": "农、林、牧、渔业-农业",
                "orgCrtCode": "GL0ambe70EbDzbf69uFwMaSF6GK9kSpv",
                "userId": 1439,
                "updateDate": "2023-06-16 16:24:30"
            }
        ]
    }
}

2023-06-16 16:24:29.923 | INFO     | httprunner.client:request:217 - status_code: 200, response_time(ms): 55.92 ms, response_length: 0 bytes
2023-06-16 16:24:29.924 | INFO     | httprunner.response:extract:179 - extract mapping: {'userId': 1439, 'orgName': 'GL0ambe70EbDzbf69uFwMaSF6GK9kSpv'}
2023-06-16 16:24:29.924 | INFO     | httprunner.response:validate:249 - assert status_code equal 200(int)	==> pass
2023-06-16 16:24:29.924 | INFO     | httprunner.response:validate:249 - assert body.message equal success(str)	==> pass
2023-06-16 16:24:29.925 | INFO     | httprunner.response:validate:249 - assert body.status equal 1(int)	==> pass
2023-06-16 16:24:29.925 | INFO     | httprunner.response:validate:249 - assert body.data.content[0].entPrefix equal 88.408.6724783598(str)	==> pass
2023-06-16 16:24:29.925 | INFO     | httprunner.runner:__run_step:304 - run step end: 前缀分配分页 <<<<<<

2023-06-16 16:24:29.925 | INFO     | httprunner.runner:__run_step_testcase:286 - export variables: {'userId': 1439, 'orgName': 'GL0ambe70EbDzbf69uFwMaSF6GK9kSpv'}
2023-06-16 16:24:29.925 | INFO     | httprunner.runner:__run_step:304 - run step end: 前缀分配列表 <<<<<<

2023-06-16 16:24:29.926 | INFO     | httprunner.runner:__run_step:292 - run step begin: 收费标准查询-注册费 >>>>>>
2023-06-16 16:24:29.927 | INFO     | httprunner.runner:__run_step:292 - run step begin: 财务规则查询-注册费 >>>>>>
2023-06-16 16:24:29.976 | DEBUG    | httprunner.client:request:186 - client IP: 127.0.0.1, Port: 56040
2023-06-16 16:24:29.976 | DEBUG    | httprunner.client:request:194 - server IP: 127.0.0.1, Port: 8888
2023-06-16 16:24:29.977 | DEBUG    | httprunner.client:log_print:40 - 
================== request details ==================
method   : GET
url      : http://139.198.116.76:8000/api/finance/rule/findRule?moneyType=1&userId=1439
headers  : {
    "User-Agent": "Mozilla/5.0 (Macintosh; Intel Mac OS X 10_15_7) AppleWebKit/537.36 (KHTML, like Gecko) Chrome/98.0.4758.102 Safari/537.36 Edg/98.0.1108.56",
    "Accept-Encoding": "gzip, deflate",
    "Accept": "application/json, text/plain, */*",
    "Connection": "keep-alive",
    "Accept-Language": "zh-CN,zh;q=0.9,en;q=0.8,en-GB;q=0.7,en-US;q=0.6",
    "HRUN-Request-ID": "HRUN-8cc43a37-ce18-42a3-a44f-7590cefa3f60-869927",
    "Cookie": "SESSION=YmVhNDI4Y2MtNjdiZS00Njk1LTg4ZDYtYTY2ZTg0ZDZhNWM0; SESSION=response.headers.\"Set-Cookie\".session"
}
cookies  : {
    "SESSION": "YmVhNDI4Y2MtNjdiZS00Njk1LTg4ZDYtYTY2ZTg0ZDZhNWM0"
}
body     : None

2023-06-16 16:24:29.978 | DEBUG    | httprunner.client:log_print:40 - 
================== response details ==================
status_code : 200
headers  : {
    "Server": "nginx",
    "Date": "Fri, 16 Jun 2023 08:24:30 GMT",
    "Content-Type": "application/json;charset=UTF-8",
    "Transfer-Encoding": "chunked",
    "X-Frame-Options": "SAMEORIGIN",
    "Connection": "keep-alive"
}
cookies  : {}
encoding : UTF-8
content_type : application/json;charset=UTF-8
body     : {
    "message": "success",
    "status": 1,
    "data": [
        {
            "id": 77,
            "createDate": "2023-05-31 12:51:33",
            "updateDate": "2023-05-31 12:51:33",
            "name": "标准",
            "money": 10000.0,
            "moneyType": 1,
            "prefixCount": 1,
            "remart": "test",
            "entName": null,
            "entUserId": null,
            "ruleType": 2,
            "escrowId": null
        }
    ]
}

2023-06-16 16:24:29.978 | INFO     | httprunner.client:request:217 - status_code: 200, response_time(ms): 48.16 ms, response_length: 0 bytes
2023-06-16 16:24:29.978 | INFO     | httprunner.response:extract:179 - extract mapping: {'regFeeRuleId': 77}
2023-06-16 16:24:29.979 | INFO     | httprunner.response:validate:249 - assert status_code equal 200(int)	==> pass
2023-06-16 16:24:29.979 | INFO     | httprunner.response:validate:249 - assert body.message equal success(str)	==> pass
2023-06-16 16:24:29.979 | INFO     | httprunner.response:validate:249 - assert body.status equal 1(int)	==> pass
2023-06-16 16:24:29.979 | INFO     | httprunner.runner:__run_step:304 - run step end: 财务规则查询-注册费 <<<<<<

2023-06-16 16:24:29.980 | INFO     | httprunner.runner:__run_step_testcase:286 - export variables: {'regFeeRuleId': 77}
2023-06-16 16:24:29.980 | INFO     | httprunner.runner:__run_step:304 - run step end: 收费标准查询-注册费 <<<<<<

2023-06-16 16:24:29.981 | INFO     | httprunner.runner:__run_step:292 - run step begin: 收费标准查询-年费 >>>>>>
2023-06-16 16:24:29.981 | INFO     | httprunner.runner:__run_step:292 - run step begin: 财务规则查询-年费 >>>>>>
2023-06-16 16:24:30.032 | DEBUG    | httprunner.client:request:186 - client IP: 127.0.0.1, Port: 56040
2023-06-16 16:24:30.033 | DEBUG    | httprunner.client:request:194 - server IP: 127.0.0.1, Port: 8888
2023-06-16 16:24:30.034 | DEBUG    | httprunner.client:log_print:40 - 
================== request details ==================
method   : GET
url      : http://139.198.116.76:8000/api/finance/rule/findRule?moneyType=2&userId=1439
headers  : {
    "User-Agent": "Mozilla/5.0 (Macintosh; Intel Mac OS X 10_15_7) AppleWebKit/537.36 (KHTML, like Gecko) Chrome/98.0.4758.102 Safari/537.36 Edg/98.0.1108.56",
    "Accept-Encoding": "gzip, deflate",
    "Accept": "application/json, text/plain, */*",
    "Connection": "keep-alive",
    "Accept-Language": "zh-CN,zh;q=0.9,en;q=0.8,en-GB;q=0.7,en-US;q=0.6",
    "HRUN-Request-ID": "HRUN-8cc43a37-ce18-42a3-a44f-7590cefa3f60-869982",
    "Cookie": "SESSION=YmVhNDI4Y2MtNjdiZS00Njk1LTg4ZDYtYTY2ZTg0ZDZhNWM0; SESSION=response.headers.\"Set-Cookie\".session"
}
cookies  : {
    "SESSION": "YmVhNDI4Y2MtNjdiZS00Njk1LTg4ZDYtYTY2ZTg0ZDZhNWM0"
}
body     : None

2023-06-16 16:24:30.034 | DEBUG    | httprunner.client:log_print:40 - 
================== response details ==================
status_code : 200
headers  : {
    "Server": "nginx",
    "Date": "Fri, 16 Jun 2023 08:24:30 GMT",
    "Content-Type": "application/json;charset=UTF-8",
    "Transfer-Encoding": "chunked",
    "X-Frame-Options": "SAMEORIGIN",
    "Connection": "keep-alive"
}
cookies  : {}
encoding : UTF-8
content_type : application/json;charset=UTF-8
body     : {
    "message": "success",
    "status": 1,
    "data": [
        {
            "id": 78,
            "createDate": "2023-05-31 12:51:47",
            "updateDate": "2023-05-31 12:51:47",
            "name": "标准",
            "money": 10000.0,
            "moneyType": 2,
            "prefixCount": 1,
            "remart": "test",
            "entName": null,
            "entUserId": null,
            "ruleType": 2,
            "escrowId": null
        }
    ]
}

2023-06-16 16:24:30.035 | INFO     | httprunner.client:request:217 - status_code: 200, response_time(ms): 50.83 ms, response_length: 0 bytes
2023-06-16 16:24:30.035 | INFO     | httprunner.response:extract:179 - extract mapping: {'annualFeeRuleId': 78}
2023-06-16 16:24:30.036 | INFO     | httprunner.response:validate:249 - assert status_code equal 200(int)	==> pass
2023-06-16 16:24:30.036 | INFO     | httprunner.response:validate:249 - assert body.message equal success(str)	==> pass
2023-06-16 16:24:30.036 | INFO     | httprunner.response:validate:249 - assert body.status equal 1(int)	==> pass
2023-06-16 16:24:30.036 | INFO     | httprunner.runner:__run_step:304 - run step end: 财务规则查询-年费 <<<<<<

2023-06-16 16:24:30.036 | INFO     | httprunner.runner:__run_step_testcase:286 - export variables: {'annualFeeRuleId': 78}
2023-06-16 16:24:30.036 | INFO     | httprunner.runner:__run_step:304 - run step end: 收费标准查询-年费 <<<<<<

2023-06-16 16:24:30.036 | INFO     | httprunner.runner:__run_step:292 - run step begin: 保存分配前缀 >>>>>>
2023-06-16 16:24:30.037 | INFO     | httprunner.runner:__run_step:292 - run step begin: 保存再分配的前缀 >>>>>>
2023-06-16 16:24:30.643 | DEBUG    | httprunner.client:request:186 - client IP: 127.0.0.1, Port: 56040
2023-06-16 16:24:30.643 | DEBUG    | httprunner.client:request:194 - server IP: 127.0.0.1, Port: 8888
2023-06-16 16:24:30.644 | DEBUG    | httprunner.client:log_print:40 - 
================== request details ==================
method   : POST
url      : http://139.198.116.76:8000/api/v3/ent/prefix/alloc/savePrefix?annualFeeRuleId=78&pendingPrefix=88.408.1405683281&regFeeRuleId=77&userId=1439
headers  : {
    "User-Agent": "Mozilla/5.0 (Macintosh; Intel Mac OS X 10_15_7) AppleWebKit/537.36 (KHTML, like Gecko) Chrome/98.0.4758.102 Safari/537.36 Edg/98.0.1108.56",
    "Accept-Encoding": "gzip, deflate",
    "Accept": "application/json, text/plain, */*",
    "Connection": "keep-alive",
    "Accept-Language": "zh-CN,zh;q=0.9,en;q=0.8,en-GB;q=0.7,en-US;q=0.6",
    "Content-Length": "0",
    "HRUN-Request-ID": "HRUN-8cc43a37-ce18-42a3-a44f-7590cefa3f60-870037",
    "Cookie": "SESSION=YmVhNDI4Y2MtNjdiZS00Njk1LTg4ZDYtYTY2ZTg0ZDZhNWM0; SESSION=response.headers.\"Set-Cookie\".session"
}
cookies  : {
    "SESSION": "YmVhNDI4Y2MtNjdiZS00Njk1LTg4ZDYtYTY2ZTg0ZDZhNWM0"
}
body     : None

2023-06-16 16:24:30.645 | DEBUG    | httprunner.client:log_print:40 - 
================== response details ==================
status_code : 200
headers  : {
    "Server": "nginx",
    "Date": "Fri, 16 Jun 2023 08:24:30 GMT",
    "Content-Type": "application/json",
    "Transfer-Encoding": "chunked",
    "X-Frame-Options": "SAMEORIGIN",
    "Connection": "keep-alive"
}
cookies  : {}
encoding : utf-8
content_type : application/json
body     : {
    "message": "success",
    "status": 1,
    "data": "分配完成"
}

2023-06-16 16:24:30.645 | INFO     | httprunner.client:request:217 - status_code: 200, response_time(ms): 606.13 ms, response_length: 0 bytes
2023-06-16 16:24:30.646 | INFO     | httprunner.response:validate:249 - assert status_code equal 200(int)	==> pass
2023-06-16 16:24:30.646 | INFO     | httprunner.response:validate:249 - assert body.message equal success(str)	==> pass
2023-06-16 16:24:30.646 | INFO     | httprunner.response:validate:249 - assert body.status equal 1(int)	==> pass
2023-06-16 16:24:30.647 | INFO     | httprunner.response:validate:249 - assert body.data equal 分配完成(str)	==> pass
2023-06-16 16:24:30.647 | INFO     | httprunner.runner:__run_step:304 - run step end: 保存再分配的前缀 <<<<<<

2023-06-16 16:24:30.647 | INFO     | httprunner.runner:__run_step:304 - run step end: 保存分配前缀 <<<<<<

2023-06-16 16:24:30.647 | INFO     | httprunner.runner:__run_step:292 - run step begin: 前缀分配列表 >>>>>>
2023-06-16 16:24:30.648 | INFO     | httprunner.runner:__run_step:292 - run step begin: 前缀分配分页-查询是否包含新分配的前缀 >>>>>>
2023-06-16 16:24:30.697 | DEBUG    | httprunner.client:request:186 - client IP: 127.0.0.1, Port: 56040
2023-06-16 16:24:30.698 | DEBUG    | httprunner.client:request:194 - server IP: 127.0.0.1, Port: 8888
2023-06-16 16:24:30.699 | DEBUG    | httprunner.client:log_print:40 - 
================== request details ==================
method   : GET
url      : http://139.198.116.76:8000/api/v3/ent/prefix/alloc/pageQuery?currentPage=1&order=&orderProp=&orgName=GL0ambe70EbDzbf69uFwMaSF6GK9kSpv
headers  : {
    "User-Agent": "Mozilla/5.0 (Macintosh; Intel Mac OS X 10_15_7) AppleWebKit/537.36 (KHTML, like Gecko) Chrome/98.0.4758.102 Safari/537.36 Edg/98.0.1108.56",
    "Accept-Encoding": "gzip, deflate",
    "Accept": "application/json, text/plain, */*",
    "Connection": "keep-alive",
    "Accept-Language": "zh-CN,zh;q=0.9,en;q=0.8,en-GB;q=0.7,en-US;q=0.6",
    "HRUN-Request-ID": "HRUN-8cc43a37-ce18-42a3-a44f-7590cefa3f60-870648",
    "Cookie": "SESSION=YmVhNDI4Y2MtNjdiZS00Njk1LTg4ZDYtYTY2ZTg0ZDZhNWM0; SESSION=response.headers.\"Set-Cookie\".session"
}
cookies  : {
    "SESSION": "YmVhNDI4Y2MtNjdiZS00Njk1LTg4ZDYtYTY2ZTg0ZDZhNWM0"
}
body     : None

2023-06-16 16:24:30.701 | DEBUG    | httprunner.client:log_print:40 - 
================== response details ==================
status_code : 200
headers  : {
    "Server": "nginx",
    "Date": "Fri, 16 Jun 2023 08:24:30 GMT",
    "Content-Type": "application/json",
    "Transfer-Encoding": "chunked",
    "X-Frame-Options": "SAMEORIGIN",
    "Connection": "keep-alive"
}
cookies  : {}
encoding : utf-8
content_type : application/json
body     : {
    "message": "success",
    "status": 1,
    "data": {
        "first": true,
        "last": true,
        "totalPages": 1,
        "totalElements": 1,
        "number": 1,
        "size": 10,
        "sort": null,
        "numberOfElements": 1,
        "content": [
            {
                "orgName": "GL0ambe70EbDzbf69uFwMaSF6GK9kSpv",
                "entPrefix": "88.408.6724783598,88.408.1405683281",
                "orgTypeDesc": "国有控股",
                "escrowOrgName": null,
                "orgCategorySpecificDesc": "农、林、牧、渔业-农业",
                "orgCrtCode": "GL0ambe70EbDzbf69uFwMaSF6GK9kSpv",
                "userId": 1439,
                "updateDate": "2023-06-16 16:24:30"
            }
        ]
    }
}

2023-06-16 16:24:30.701 | INFO     | httprunner.client:request:217 - status_code: 200, response_time(ms): 49.23 ms, response_length: 0 bytes
2023-06-16 16:24:30.702 | INFO     | httprunner.response:extract:179 - extract mapping: {'userId': 1439, 'orgName': 'GL0ambe70EbDzbf69uFwMaSF6GK9kSpv'}
2023-06-16 16:24:30.702 | INFO     | httprunner.response:validate:249 - assert status_code equal 200(int)	==> pass
2023-06-16 16:24:30.702 | INFO     | httprunner.response:validate:249 - assert body.message equal success(str)	==> pass
2023-06-16 16:24:30.703 | INFO     | httprunner.response:validate:249 - assert body.status equal 1(int)	==> pass
2023-06-16 16:24:30.703 | INFO     | httprunner.response:validate:249 - assert body.data.content[0].entPrefix equal 88.408.6724783598,88.408.1405683281(str)	==> pass
2023-06-16 16:24:30.703 | INFO     | httprunner.runner:__run_step:304 - run step end: 前缀分配分页-查询是否包含新分配的前缀 <<<<<<

2023-06-16 16:24:30.703 | INFO     | httprunner.runner:__run_step_testcase:286 - export variables: {'userId': 1439, 'orgName': 'GL0ambe70EbDzbf69uFwMaSF6GK9kSpv'}
2023-06-16 16:24:30.703 | INFO     | httprunner.runner:__run_step:304 - run step end: 前缀分配列表 <<<<<<

2023-06-16 16:24:30.703 | INFO     | httprunner.runner:__run_step:292 - run step begin: 查看详情 >>>>>>
2023-06-16 16:24:30.704 | INFO     | httprunner.runner:__run_step:292 - run step begin: 企业信息详情 >>>>>>
2023-06-16 16:24:30.777 | DEBUG    | httprunner.client:request:186 - client IP: 127.0.0.1, Port: 56040
2023-06-16 16:24:30.778 | DEBUG    | httprunner.client:request:194 - server IP: 127.0.0.1, Port: 8888
2023-06-16 16:24:30.778 | DEBUG    | httprunner.client:log_print:40 - 
================== request details ==================
method   : GET
url      : http://139.198.116.76:8000/api/v3/ent/detail?isSensetive=1&userId=1439
headers  : {
    "User-Agent": "Mozilla/5.0 (Macintosh; Intel Mac OS X 10_15_7) AppleWebKit/537.36 (KHTML, like Gecko) Chrome/98.0.4758.102 Safari/537.36 Edg/98.0.1108.56",
    "Accept-Encoding": "gzip, deflate",
    "Accept": "application/json, text/plain, */*",
    "Connection": "keep-alive",
    "Accept-Language": "zh-CN,zh;q=0.9,en;q=0.8,en-GB;q=0.7,en-US;q=0.6",
    "HRUN-Request-ID": "HRUN-8cc43a37-ce18-42a3-a44f-7590cefa3f60-870704",
    "Cookie": "SESSION=YmVhNDI4Y2MtNjdiZS00Njk1LTg4ZDYtYTY2ZTg0ZDZhNWM0; SESSION=response.headers.\"Set-Cookie\".session"
}
cookies  : {
    "SESSION": "YmVhNDI4Y2MtNjdiZS00Njk1LTg4ZDYtYTY2ZTg0ZDZhNWM0"
}
body     : None

2023-06-16 16:24:30.780 | DEBUG    | httprunner.client:log_print:40 - 
================== response details ==================
status_code : 200
headers  : {
    "Server": "nginx",
    "Date": "Fri, 16 Jun 2023 08:24:30 GMT",
    "Content-Type": "application/json;charset=UTF-8",
    "Transfer-Encoding": "chunked",
    "X-Frame-Options": "SAMEORIGIN",
    "Connection": "keep-alive"
}
cookies  : {}
encoding : UTF-8
content_type : application/json;charset=UTF-8
body     : {
    "message": "success",
    "status": 1,
    "data": {
        "nbmsEntPO": {
            "id": 482,
            "createDate": "2023-06-16 16:24:30",
            "updateDate": "2023-06-16 16:24:30",
            "entGeneralId": "2811506100000002",
            "userId": 1439,
            "userName": "GL0ambe70EbDzbf69uFwMaSF6GK9kSpv",
            "sync": null,
            "orgName": "GL0ambe70EbDzbf69uFwMaSF6GK9kSpv",
            "orgNature": "1",
            "orgAddrProvince": "110000",
            "orgAddrCity": "110100",
            "orgAddrCounty": "110101",
            "orgAddr": "致真",
            "orgCrtType": "1",
            "orgCrtCode": "GL0ambe70EbDzbf69uFwMaSF6GK9kSpv",
            "legalName": "*三",
            "legalCrtType": "1",
            "legalCrtNo": "**************4518",
            "orgDesc": null,
            "industryCategory": "A",
            "industrySpecific": "01",
            "contactName": "******************************pv",
            "contactPhone": "144****1602",
            "contactCrtType": 1,
            "contactCrtNo": "**************4518",
            "contactEmail": "g96*************@qaqseq.com",
            "website": null,
            "regAuthority": null,
            "regCapital": null,
            "establishDate": null,
            "periodValidity": null,
            "legalEmail": null,
            "legalPhone": null,
            "legalFax": null,
            "servSysBuildType": 1,
            "servSysBuildName": null,
            "servSysOperType": "1",
            "servSysOperName": null,
            "dataHostingOrg": null,
            "servHostingOrg": null,
            "regRealNaImpType": null,
            "regRealNaImpName": null,
            "idRegNaImp": null,
            "extWebName": null,
            "extDomain": null,
            "extIpAddr": null,
            "orgCrtImgRid": 2381,
            "contactCrtFrontImgRid": 2382,
            "contactCrtBackImgRid": 2383,
            "legalCrtFrontImgRid": 2382,
            "legalCrtBackImgRid": 2383,
            "servSysBuildContractFileRid": null,
            "servSysOperContractFileRid": null,
            "dataHostingContractFileRid": null,
            "servHostingContractFileRid": null,
            "isDeleted": 0,
            "xmlCreated": 0,
            "xmlUpdateTime": null,
            "xmlDeleted": 0,
            "xmlSync": 0,
            "entInfoLicenses": [],
            "entInfoSyss": [
                {
                    "id": 1537,
                    "entId": 482,
                    "sysType": 1,
                    "deployMode": 1,
                    "deployAddr": "致真",
                    "deployAddrProvince": "110000",
                    "deployAddrCity": "110100",
                    "deployAddrCounty": "110101",
                    "name": null,
                    "ipPort": null
                },
                {
                    "id": 1538,
                    "entId": 482,
                    "sysType": 2,
                    "deployMode": 1,
                    "deployAddr": "致真",
                    "deployAddrProvince": "110000",
                    "deployAddrCity": "110100",
                    "deployAddrCounty": "110101",
                    "name": null,
                    "ipPort": null
                },
                {
                    "id": 1539,
                    "entId": 482,
                    "sysType": 3,
                    "deployMode": 1,
                    "deployAddr": "天津",
                    "deployAddrProvince": "120000",
                    "deployAddrCity": "120100",
                    "deployAddrCounty": "120101",
                    "name": null,
                    "ipPort": null
                },
                {
                    "id": 1540,
                    "entId": 482,
                    "sysType": 4,
                    "deployMode": 1,
                    "deployAddr": "天津",
                    "deployAddrProvince": "120000",
                    "deployAddrCity": "120100",
                    "deployAddrCounty": "120101",
                    "name": null,
                    "ipPort": null
                }
            ],
            "entInfoSerIndustrys": [],
            "escrowId": null,
            "industryQualificationRid": null,
            "certificationRid": null,
            "openingBank": null,
            "bankCard": null,
            "orgTypeDesc": "国有控股",
            "orgCrtImgContent": null,
            "orgAddrProvinceDesc": "北京市",
            "orgAddrCountyDesc": "东城区",
            "orgAddrCityDesc": "市辖区",
            "orgCategorySpecificDesc": "农、林、牧、渔业-农业",
            "legalCrtTypeDesc": "中国居民身份证",
            "legalCrtFrontImgContent": null,
            "legalCrtBackImgContent": null,
            "entPrefix": "88.408.6724783598,88.408.1405683281",
            "shrPrefix": null,
            "orgCrtImgPath": "114b451a-6320-4f6c-9c9f-101923eab8aa.jpeg",
            "contactCrtFrontImgPath": "6e8f9503-189d-474a-9670-a8b8e1d44c49.jpeg",
            "contactCrtBackImgPath": "7cad80ab-3f38-4420-8f95-318a0b8a2be1.jpeg",
            "legalCrtFrontImgPath": "6e8f9503-189d-474a-9670-a8b8e1d44c49.jpeg",
            "legalCrtBackImgPath": "7cad80ab-3f38-4420-8f95-318a0b8a2be1.jpeg",
            "servSysBuildContractFilePath": null,
            "servSysOperContractFilePath": null,
            "dataHostingContractFilePath": null,
            "servHostingContractFilePath": null,
            "industryQualificationFilePath": null,
            "certificationFilePath": null,
            "escrowOrgName": null
        },
        "nbmsEntPrefixPOs": [
            {
                "id": 639,
                "createDate": "2023-06-16 16:24:30",
                "updateDate": "2023-06-16 16:24:30",
                "entPrefix": "88.408.6724783598",
                "state": 1,
                "historyState": 1,
                "entGeneralId": "2811506100000002",
                "entName": "GL0ambe70EbDzbf69uFwMaSF6GK9kSpv",
                "userId": 1439,
                "proxyState": 1,
                "prefixConfigPO": [],
                "escrowId": null
            },
            {
                "id": 640,
                "createDate": "2023-06-16 16:24:31",
                "updateDate": "2023-06-16 16:24:31",
                "entPrefix": "88.408.1405683281",
                "state": 1,
                "historyState": 1,
                "entGeneralId": "2811506100000002",
                "entName": "GL0ambe70EbDzbf69uFwMaSF6GK9kSpv",
                "userId": 1439,
                "proxyState": 1,
                "prefixConfigPO": [],
                "escrowId": null
            }
        ]
    }
}

2023-06-16 16:24:30.781 | INFO     | httprunner.client:request:217 - status_code: 200, response_time(ms): 73.27 ms, response_length: 0 bytes
2023-06-16 16:24:30.782 | INFO     | httprunner.response:extract:179 - extract mapping: {'entId': 482}
2023-06-16 16:24:30.782 | INFO     | httprunner.response:validate:249 - assert status_code equal 200(int)	==> pass
2023-06-16 16:24:30.782 | INFO     | httprunner.response:validate:249 - assert body.message equal success(str)	==> pass
2023-06-16 16:24:30.783 | INFO     | httprunner.response:validate:249 - assert body.status equal 1(int)	==> pass
2023-06-16 16:24:30.783 | INFO     | httprunner.runner:__run_step:304 - run step end: 企业信息详情 <<<<<<

2023-06-16 16:24:30.783 | INFO     | httprunner.runner:__run_step_testcase:286 - export variables: {'entId': 482}
2023-06-16 16:24:30.783 | INFO     | httprunner.runner:__run_step:304 - run step end: 查看详情 <<<<<<

2023-06-16 16:24:30.783 | INFO     | httprunner.runner:__run_step:292 - run step begin: 查看idis log日志详情 >>>>>>
2023-06-16 16:24:30.783 | INFO     | httprunner.runner:__run_step:292 - run step begin: 操作日志列表 >>>>>>
2023-06-16 16:24:30.840 | DEBUG    | httprunner.client:request:186 - client IP: 127.0.0.1, Port: 56040
2023-06-16 16:24:30.840 | DEBUG    | httprunner.client:request:194 - server IP: 127.0.0.1, Port: 8888
2023-06-16 16:24:30.841 | DEBUG    | httprunner.client:log_print:40 - 
================== request details ==================
method   : GET
url      : http://139.198.116.76:8000/api/operationRecord/pageQuery?currentPage=1&entNameCn=GL0ambe70EbDzbf69uFwMaSF6GK9kSpv&operation=5&operationObj=2
headers  : {
    "User-Agent": "Mozilla/5.0 (Macintosh; Intel Mac OS X 10_15_7) AppleWebKit/537.36 (KHTML, like Gecko) Chrome/104.0.0.0 Safari/537.36",
    "Accept-Encoding": "gzip, deflate",
    "Accept": "application/json, text/plain, */*",
    "Connection": "keep-alive",
    "Accept-Language": "zh-CN,zh;q=0.9",
    "HRUN-Request-ID": "HRUN-8cc43a37-ce18-42a3-a44f-7590cefa3f60-870783",
    "Cookie": "SESSION=YmVhNDI4Y2MtNjdiZS00Njk1LTg4ZDYtYTY2ZTg0ZDZhNWM0; SESSION=response.headers.\"Set-Cookie\".session"
}
cookies  : {
    "SESSION": "YmVhNDI4Y2MtNjdiZS00Njk1LTg4ZDYtYTY2ZTg0ZDZhNWM0"
}
body     : None

2023-06-16 16:24:30.842 | DEBUG    | httprunner.client:log_print:40 - 
================== response details ==================
status_code : 200
headers  : {
    "Server": "nginx",
    "Date": "Fri, 16 Jun 2023 08:24:30 GMT",
    "Content-Type": "application/json;charset=UTF-8",
    "Transfer-Encoding": "chunked",
    "X-Frame-Options": "SAMEORIGIN",
    "Connection": "keep-alive"
}
cookies  : {}
encoding : UTF-8
content_type : application/json;charset=UTF-8
body     : {
    "message": "success",
    "status": 1,
    "data": {
        "first": true,
        "last": true,
        "totalPages": 1,
        "totalElements": 1,
        "number": 1,
        "size": 10,
        "sort": {
            "sorted": false,
            "empty": true,
            "unsorted": true
        },
        "numberOfElements": 1,
        "content": [
            {
                "id": 1518,
                "createDate": "2023-06-16 16:24:31",
                "updateDate": "2023-06-16 16:24:31",
                "operationObj": 2,
                "operation": 5,
                "content": "分配了前缀88.408.1405683281",
                "userId": 1439,
                "operName": "adminy",
                "entNameCn": "GL0ambe70EbDzbf69uFwMaSF6GK9kSpv",
                "objName": "88.408.1405683281",
                "escrowId": null
            }
        ]
    }
}

2023-06-16 16:24:30.842 | INFO     | httprunner.client:request:217 - status_code: 200, response_time(ms): 56.2 ms, response_length: 0 bytes
2023-06-16 16:24:30.842 | INFO     | httprunner.response:validate:249 - assert status_code equal 200(int)	==> pass
2023-06-16 16:24:30.843 | INFO     | httprunner.response:validate:249 - assert headers."Content-Type" equal application/json;charset=UTF-8(str)	==> pass
2023-06-16 16:24:30.843 | INFO     | httprunner.response:validate:249 - assert body.message equal success(str)	==> pass
2023-06-16 16:24:30.843 | INFO     | httprunner.response:validate:249 - assert body.status equal 1(int)	==> pass
2023-06-16 16:24:30.843 | INFO     | httprunner.response:validate:249 - assert body.data.content[0].objName equal 88.408.1405683281(str)	==> pass
2023-06-16 16:24:30.844 | INFO     | httprunner.runner:__run_step:304 - run step end: 操作日志列表 <<<<<<

2023-06-16 16:24:30.844 | INFO     | httprunner.runner:__run_step:304 - run step end: 查看idis log日志详情 <<<<<<

