2023-06-16 16:22:40.413 | INFO     | httprunner.runner:test_start:450 - Start to run testcase: 前缀分配用例集-42, TestCase ID: 8cf38b29-9398-42e1-9c62-d49543d2f50b
2023-06-16 16:22:40.414 | INFO     | httprunner.runner:__run_step:292 - run step begin: 用户注册 >>>>>>
2023-06-16 16:22:40.414 | INFO     | httprunner.runner:__run_step:292 - run step begin: 用户注册 >>>>>>
2023-06-16 16:22:40.517 | DEBUG    | httprunner.client:request:186 - client IP: 127.0.0.1, Port: 55681
2023-06-16 16:22:40.517 | DEBUG    | httprunner.client:request:194 - server IP: 127.0.0.1, Port: 8888
2023-06-16 16:22:40.518 | DEBUG    | httprunner.client:log_print:40 - 
================== request details ==================
method   : POST
url      : http://139.198.116.76:8000/api/home/test/registry
headers  : {
    "User-Agent": "Mozilla/5.0 (Windows NT 10.0; WOW64) AppleWebKit/537.36 (KHTML, like Gecko) Chrome/100.0.4896.60 Safari/537.36",
    "Accept-Encoding": "gzip, deflate",
    "Accept": "application/json, text/plain, */*",
    "Connection": "keep-alive",
    "Accept-Language": "zh-CN,zh;q=0.9",
    "HRUN-Request-ID": "HRUN-8cf38b29-9398-42e1-9c62-d49543d2f50b-760414",
    "Content-Length": "187",
    "Content-Type": "application/json"
}
cookies  : {}
body     : {
    "email": "BRMGE5ArXJbvyE0f@qaqseq.com",
    "mobile": "13485249386",
    "openId": "",
    "openUserName": "",
    "password": "Admin@123",
    "remarks": "",
    "username": "7QH3Rq10nULZxEE5FU08p2EZ0MoxYfLh"
}

2023-06-16 16:22:40.522 | DEBUG    | httprunner.client:log_print:40 - 
================== response details ==================
status_code : 200
headers  : {
    "Server": "nginx",
    "Date": "Fri, 16 Jun 2023 08:22:40 GMT",
    "Content-Type": "application/json",
    "Transfer-Encoding": "chunked",
    "X-Frame-Options": "SAMEORIGIN",
    "Connection": "keep-alive"
}
cookies  : {}
encoding : utf-8
content_type : application/json
body     : {
    "message": "success",
    "status": 1,
    "data": true
}

2023-06-16 16:22:40.522 | INFO     | httprunner.client:request:217 - status_code: 200, response_time(ms): 102.51 ms, response_length: 0 bytes
2023-06-16 16:22:40.522 | INFO     | httprunner.response:validate:249 - assert status_code equal 200(int)	==> pass
2023-06-16 16:22:40.522 | INFO     | httprunner.response:validate:249 - assert body.message equal success(str)	==> pass
2023-06-16 16:22:40.522 | INFO     | httprunner.response:validate:249 - assert body.status equal 1(int)	==> pass
2023-06-16 16:22:40.522 | INFO     | httprunner.response:validate:249 - assert body.message contains success(str)	==> pass
2023-06-16 16:22:40.523 | INFO     | httprunner.response:validate:249 - assert body.status contained_by [1, 200](list)	==> pass
2023-06-16 16:22:40.523 | INFO     | httprunner.runner:__run_step:304 - run step end: 用户注册 <<<<<<

2023-06-16 16:22:40.523 | INFO     | httprunner.runner:__run_step:304 - run step end: 用户注册 <<<<<<

2023-06-16 16:22:40.523 | INFO     | httprunner.runner:__run_step:292 - run step begin: 登录-企业 >>>>>>
2023-06-16 16:22:40.523 | INFO     | httprunner.runner:__run_step:292 - run step begin: 登录-企业用户 >>>>>>
2023-06-16 16:22:40.585 | DEBUG    | httprunner.client:request:186 - client IP: 127.0.0.1, Port: 55681
2023-06-16 16:22:40.585 | DEBUG    | httprunner.client:request:194 - server IP: 127.0.0.1, Port: 8888
2023-06-16 16:22:40.587 | DEBUG    | httprunner.client:log_print:40 - 
================== request details ==================
method   : POST
url      : http://139.198.116.76:8000/api/home/test/login
headers  : {
    "User-Agent": "python-requests/2.28.1",
    "Accept-Encoding": "gzip, deflate, br",
    "Accept": "*/*",
    "Connection": "keep-alive",
    "Content-Length": "170",
    "Content-Type": "application/json",
    "HRUN-Request-ID": "HRUN-8cf38b29-9398-42e1-9c62-d49543d2f50b-760523"
}
cookies  : {}
body     : {
    "captcha": "0000",
    "captchaSign": "c90637d5ba35de81336828aa8c072f90d76bcd778947cf2676c476239a6f9485",
    "emailCaptcha": "",
    "username": "7QH3Rq10nULZxEE5FU08p2EZ0MoxYfLh"
}

2023-06-16 16:22:40.587 | DEBUG    | httprunner.client:log_print:40 - 
================== response details ==================
status_code : 200
headers  : {
    "Server": "nginx",
    "Date": "Fri, 16 Jun 2023 08:22:40 GMT",
    "Content-Type": "application/json;charset=UTF-8",
    "Transfer-Encoding": "chunked",
    "Set-Cookie": "SESSION=NmEzNWQ1MGEtNWQwNS00YTViLWIyYTctNDAwMDY3NWVkNzhm; Path=/; HttpOnly; SameSite=Lax",
    "X-Frame-Options": "SAMEORIGIN",
    "Connection": "keep-alive"
}
cookies  : {
    "SESSION": "NmEzNWQ1MGEtNWQwNS00YTViLWIyYTctNDAwMDY3NWVkNzhm"
}
encoding : UTF-8
content_type : application/json;charset=UTF-8
body     : {
    "message": "success",
    "status": 1,
    "data": true
}

2023-06-16 16:22:40.587 | INFO     | httprunner.client:request:217 - status_code: 200, response_time(ms): 61.63 ms, response_length: 0 bytes
2023-06-16 16:22:40.588 | INFO     | httprunner.response:extract:179 - extract mapping: {'entSession': 'response.headers."Set-Cookie".session'}
2023-06-16 16:22:40.588 | INFO     | httprunner.response:validate:249 - assert status_code equal 200(int)	==> pass
2023-06-16 16:22:40.588 | INFO     | httprunner.response:validate:249 - assert headers."Content-Type" equal application/json;charset=UTF-8(str)	==> pass
2023-06-16 16:22:40.588 | INFO     | httprunner.response:validate:249 - assert body.message equal success(str)	==> pass
2023-06-16 16:22:40.588 | INFO     | httprunner.response:validate:249 - assert body.status equal 1(int)	==> pass
2023-06-16 16:22:40.588 | INFO     | httprunner.response:validate:249 - assert body.data equal True(bool)	==> pass
2023-06-16 16:22:40.588 | INFO     | httprunner.runner:__run_step:304 - run step end: 登录-企业用户 <<<<<<

2023-06-16 16:22:40.589 | INFO     | httprunner.runner:__run_step_testcase:286 - export variables: {'entSession': 'response.headers."Set-Cookie".session'}
2023-06-16 16:22:40.589 | INFO     | httprunner.runner:__run_step:304 - run step end: 登录-企业 <<<<<<

2023-06-16 16:22:40.589 | INFO     | httprunner.runner:__run_step:292 - run step begin: 前缀注册企业资质图片上传 >>>>>>
2023-06-16 16:22:40.589 | INFO     | httprunner.runner:__run_step:292 - run step begin: 前缀注册企业资质图片上传 >>>>>>
2023-06-16 16:22:40.695 | DEBUG    | httprunner.client:request:186 - client IP: 127.0.0.1, Port: 55681
2023-06-16 16:22:40.696 | DEBUG    | httprunner.client:request:194 - server IP: 127.0.0.1, Port: 8888
2023-06-16 16:22:40.697 | DEBUG    | httprunner.client:log_print:40 - 
================== request details ==================
method   : POST
url      : http://139.198.116.76:8000/api/file/img/upload
headers  : {
    "User-Agent": "Mozilla/5.0 (Macintosh; Intel Mac OS X 10_15_7) AppleWebKit/537.36 (KHTML, like Gecko) Chrome/105.0.0.0 Safari/537.36",
    "Accept-Encoding": "gzip, deflate",
    "Accept": "application/json, text/plain, */*",
    "Connection": "keep-alive",
    "Accept-Language": "zh-CN,zh;q=0.9",
    "Content-Type": "multipart/form-data; boundary=74c9627809a449e29b0934e5672e6603",
    "HRUN-Request-ID": "HRUN-8cf38b29-9398-42e1-9c62-d49543d2f50b-760591",
    "Cookie": "SESSION=NmEzNWQ1MGEtNWQwNS00YTViLWIyYTctNDAwMDY3NWVkNzhm; SESSION=response.headers.\"Set-Cookie\".session",
    "Content-Length": "20435"
}
cookies  : {
    "SESSION": "NmEzNWQ1MGEtNWQwNS00YTViLWIyYTctNDAwMDY3NWVkNzhm"
}
body     : upload file stream (OMITTED)

2023-06-16 16:22:40.699 | DEBUG    | httprunner.client:log_print:40 - 
================== response details ==================
status_code : 200
headers  : {
    "Server": "nginx",
    "Date": "Fri, 16 Jun 2023 08:22:40 GMT",
    "Content-Type": "application/json;charset=UTF-8",
    "Transfer-Encoding": "chunked",
    "X-Frame-Options": "SAMEORIGIN",
    "Connection": "keep-alive"
}
cookies  : {}
encoding : UTF-8
content_type : application/json;charset=UTF-8
body     : {
    "message": "success",
    "status": 1,
    "data": {
        "id": 2378,
        "path": "dc04336c-c4d6-49df-a0ef-3a181e249a5b.jpeg"
    }
}

2023-06-16 16:22:40.699 | INFO     | httprunner.client:request:217 - status_code: 200, response_time(ms): 103.84 ms, response_length: 0 bytes
2023-06-16 16:22:40.700 | INFO     | httprunner.response:extract:179 - extract mapping: {'imgId': 2378}
2023-06-16 16:22:40.700 | INFO     | httprunner.response:validate:249 - assert status_code equal 200(int)	==> pass
2023-06-16 16:22:40.700 | INFO     | httprunner.runner:__run_step:304 - run step end: 前缀注册企业资质图片上传 <<<<<<

2023-06-16 16:22:40.701 | INFO     | httprunner.runner:__run_step_testcase:286 - export variables: {'imgId': 2378}
2023-06-16 16:22:40.701 | INFO     | httprunner.runner:__run_step:304 - run step end: 前缀注册企业资质图片上传 <<<<<<

2023-06-16 16:22:40.701 | INFO     | httprunner.runner:__run_step:292 - run step begin: 前缀注册企业联系人身份证图片正面上传 >>>>>>
2023-06-16 16:22:40.702 | INFO     | httprunner.runner:__run_step:292 - run step begin: 前缀注册企业联系人身份证图片背面上传 >>>>>>
2023-06-16 16:22:40.806 | DEBUG    | httprunner.client:request:186 - client IP: 127.0.0.1, Port: 55681
2023-06-16 16:22:40.807 | DEBUG    | httprunner.client:request:194 - server IP: 127.0.0.1, Port: 8888
2023-06-16 16:22:40.808 | DEBUG    | httprunner.client:log_print:40 - 
================== request details ==================
method   : POST
url      : http://139.198.116.76:8000/api/file/img/upload
headers  : {
    "User-Agent": "Mozilla/5.0 (Macintosh; Intel Mac OS X 10_15_7) AppleWebKit/537.36 (KHTML, like Gecko) Chrome/105.0.0.0 Safari/537.36",
    "Accept-Encoding": "gzip, deflate",
    "Accept": "application/json, text/plain, */*",
    "Connection": "keep-alive",
    "Accept-Language": "zh-CN,zh;q=0.9",
    "Content-Type": "multipart/form-data; boundary=b26b3a20d0594c2aaee86f58f3d34c3c",
    "HRUN-Request-ID": "HRUN-8cf38b29-9398-42e1-9c62-d49543d2f50b-760703",
    "Cookie": "SESSION=NmEzNWQ1MGEtNWQwNS00YTViLWIyYTctNDAwMDY3NWVkNzhm; SESSION=response.headers.\"Set-Cookie\".session",
    "Content-Length": "20435"
}
cookies  : {
    "SESSION": "NmEzNWQ1MGEtNWQwNS00YTViLWIyYTctNDAwMDY3NWVkNzhm"
}
body     : upload file stream (OMITTED)

2023-06-16 16:22:40.808 | DEBUG    | httprunner.client:log_print:40 - 
================== response details ==================
status_code : 200
headers  : {
    "Server": "nginx",
    "Date": "Fri, 16 Jun 2023 08:22:40 GMT",
    "Content-Type": "application/json;charset=UTF-8",
    "Transfer-Encoding": "chunked",
    "X-Frame-Options": "SAMEORIGIN",
    "Connection": "keep-alive"
}
cookies  : {}
encoding : UTF-8
content_type : application/json;charset=UTF-8
body     : {
    "message": "success",
    "status": 1,
    "data": {
        "id": 2379,
        "path": "a8d37580-a3b0-4081-a86d-d14b974b68b3.jpeg"
    }
}

2023-06-16 16:22:40.809 | INFO     | httprunner.client:request:217 - status_code: 200, response_time(ms): 103.36 ms, response_length: 0 bytes
2023-06-16 16:22:40.809 | INFO     | httprunner.response:extract:179 - extract mapping: {'imgId_f': 2379}
2023-06-16 16:22:40.809 | INFO     | httprunner.response:validate:249 - assert status_code equal 200(int)	==> pass
2023-06-16 16:22:40.809 | INFO     | httprunner.runner:__run_step:304 - run step end: 前缀注册企业联系人身份证图片背面上传 <<<<<<

2023-06-16 16:22:40.810 | INFO     | httprunner.runner:__run_step_testcase:286 - export variables: {'imgId_f': 2379}
2023-06-16 16:22:40.810 | INFO     | httprunner.runner:__run_step:304 - run step end: 前缀注册企业联系人身份证图片正面上传 <<<<<<

2023-06-16 16:22:40.810 | INFO     | httprunner.runner:__run_step:292 - run step begin: 前缀注册企业联系人身份证图片背面上传 >>>>>>
2023-06-16 16:22:40.811 | INFO     | httprunner.runner:__run_step:292 - run step begin: 前缀注册企业联系人身份证图片背面上传 >>>>>>
2023-06-16 16:22:40.918 | DEBUG    | httprunner.client:request:186 - client IP: 127.0.0.1, Port: 55681
2023-06-16 16:22:40.918 | DEBUG    | httprunner.client:request:194 - server IP: 127.0.0.1, Port: 8888
2023-06-16 16:22:40.919 | DEBUG    | httprunner.client:log_print:40 - 
================== request details ==================
method   : POST
url      : http://139.198.116.76:8000/api/file/img/upload
headers  : {
    "User-Agent": "Mozilla/5.0 (Macintosh; Intel Mac OS X 10_15_7) AppleWebKit/537.36 (KHTML, like Gecko) Chrome/105.0.0.0 Safari/537.36",
    "Accept-Encoding": "gzip, deflate",
    "Accept": "application/json, text/plain, */*",
    "Connection": "keep-alive",
    "Accept-Language": "zh-CN,zh;q=0.9",
    "Content-Type": "multipart/form-data; boundary=832c2e9f9df54daca1a2bdb48575ebde",
    "HRUN-Request-ID": "HRUN-8cf38b29-9398-42e1-9c62-d49543d2f50b-760811",
    "Cookie": "SESSION=NmEzNWQ1MGEtNWQwNS00YTViLWIyYTctNDAwMDY3NWVkNzhm; SESSION=response.headers.\"Set-Cookie\".session",
    "Content-Length": "20435"
}
cookies  : {
    "SESSION": "NmEzNWQ1MGEtNWQwNS00YTViLWIyYTctNDAwMDY3NWVkNzhm"
}
body     : upload file stream (OMITTED)

2023-06-16 16:22:40.919 | DEBUG    | httprunner.client:log_print:40 - 
================== response details ==================
status_code : 200
headers  : {
    "Server": "nginx",
    "Date": "Fri, 16 Jun 2023 08:22:41 GMT",
    "Content-Type": "application/json;charset=UTF-8",
    "Transfer-Encoding": "chunked",
    "X-Frame-Options": "SAMEORIGIN",
    "Connection": "keep-alive"
}
cookies  : {}
encoding : UTF-8
content_type : application/json;charset=UTF-8
body     : {
    "message": "success",
    "status": 1,
    "data": {
        "id": 2380,
        "path": "ae5b2994-1455-4d7c-860b-580852c7c29c.jpeg"
    }
}

2023-06-16 16:22:40.919 | INFO     | httprunner.client:request:217 - status_code: 200, response_time(ms): 105.92 ms, response_length: 0 bytes
2023-06-16 16:22:40.920 | INFO     | httprunner.response:extract:179 - extract mapping: {'imgId_b': 2380}
2023-06-16 16:22:40.920 | INFO     | httprunner.response:validate:249 - assert status_code equal 200(int)	==> pass
2023-06-16 16:22:40.920 | INFO     | httprunner.runner:__run_step:304 - run step end: 前缀注册企业联系人身份证图片背面上传 <<<<<<

2023-06-16 16:22:40.920 | INFO     | httprunner.runner:__run_step_testcase:286 - export variables: {'imgId_b': 2380}
2023-06-16 16:22:40.921 | INFO     | httprunner.runner:__run_step:304 - run step end: 前缀注册企业联系人身份证图片背面上传 <<<<<<

2023-06-16 16:22:40.921 | INFO     | httprunner.runner:__run_step:292 - run step begin: 企业注册第一步提交信息 >>>>>>
2023-06-16 16:22:40.922 | INFO     | httprunner.runner:__run_step:292 - run step begin: 企业注册第一步提交信息 >>>>>>
2023-06-16 16:22:41.329 | DEBUG    | httprunner.client:request:186 - client IP: 127.0.0.1, Port: 55681
2023-06-16 16:22:41.330 | DEBUG    | httprunner.client:request:194 - server IP: 127.0.0.1, Port: 8888
2023-06-16 16:22:41.332 | DEBUG    | httprunner.client:log_print:40 - 
================== request details ==================
method   : POST
url      : http://139.198.116.76:8000/api/v3/entApply/basicInfo/submit
headers  : {
    "User-Agent": "Mozilla/5.0 (Macintosh; Intel Mac OS X 10_15_7) AppleWebKit/537.36 (KHTML, like Gecko) Chrome/105.0.0.0 Safari/537.36",
    "Accept-Encoding": "gzip, deflate",
    "Accept": "application/json, text/plain, */*",
    "Connection": "keep-alive",
    "Accept-Language": "zh-CN,zh;q=0.9",
    "Content-Type": "application/json;charset=UTF-8",
    "HRUN-Request-ID": "HRUN-8cf38b29-9398-42e1-9c62-d49543d2f50b-760922",
    "Cookie": "SESSION=NmEzNWQ1MGEtNWQwNS00YTViLWIyYTctNDAwMDY3NWVkNzhm; SESSION=response.headers.\"Set-Cookie\".session",
    "Content-Length": "2555"
}
cookies  : {
    "SESSION": "NmEzNWQ1MGEtNWQwNS00YTViLWIyYTctNDAwMDY3NWVkNzhm"
}
body     : {
    "applyStep": 2,
    "applyType": null,
    "area": [
        "110000",
        "110100",
        "110101"
    ],
    "cltrid": null,
    "contactCrtBackImgPath": null,
    "contactCrtBackImgRid": 2380,
    "contactCrtFrontImgPath": null,
    "contactCrtFrontImgRid": 2379,
    "contactCrtNo": "128469198208296076",
    "contactCrtType": 1,
    "contactEmail": "BRMGE5ArXJbvyE0f@qaqseq.com",
    "contactName": "7QH3Rq10nULZxEE5FU08p2EZ0MoxYfLh",
    "contactPhone": "13485249386",
    "createDate": null,
    "dataHostingContractFilePath": null,
    "dataHostingContractFileRid": null,
    "dataHostingOrg": null,
    "entGeneralId": null,
    "entInfoLicenses": [],
    "entInfoSerIndustrys": [],
    "entPrefix": "88.408.6306124187",
    "escrowId": null,
    "escrowOrgName": null,
    "establishDate": null,
    "extDomain": null,
    "extIpAddr": null,
    "extWebName": null,
    "finalAuditMsg": null,
    "finalAuditStatus": null,
    "firstAuditMsg": null,
    "firstAuditStatus": null,
    "id": null,
    "idRegNaImp": null,
    "industry": [
        "A",
        "01"
    ],
    "industryCategory": "A",
    "industrySpecific": "01",
    "isSubmit": 0,
    "legalCrtBackImgContent": null,
    "legalCrtBackImgPath": null,
    "legalCrtBackImgRid": 2380,
    "legalCrtFrontImgContent": null,
    "legalCrtFrontImgPath": null,
    "legalCrtFrontImgRid": 2379,
    "legalCrtNo": "128469198208296076",
    "legalCrtType": "1",
    "legalCrtTypeDesc": "中国居民身份证",
    "legalEmail": null,
    "legalFax": null,
    "legalName": "张三",
    "legalPhone": null,
    "orgAddr": "致真",
    "orgAddrCity": "110100",
    "orgAddrCityDesc": "市辖区",
    "orgAddrCounty": "110101",
    "orgAddrCountyDesc": "东城区",
    "orgAddrProvince": "110000",
    "orgAddrProvinceDesc": "北京市",
    "orgCategorySpecificDesc": "农、林、牧、渔业-农业",
    "orgCrtCode": "7QH3Rq10nULZxEE5FU08p2EZ0MoxYfLh",
    "orgCrtImgContent": null,
    "orgCrtImgPath": null,
    "orgCrtImgRid": 2378,
    "orgCrtType": "1",
    "orgDesc": null,
    "orgName": "7QH3Rq10nULZxEE5FU08p2EZ0MoxYfLh",
    "orgNature": "1",
    "orgNatureDesc": "国有控股",
    "periodValidity": null,
    "regAuthority": null,
    "regCapital": null,
    "regRealNaImpName": null,
    "regRealNaImpType": null,
    "servHostingContractFilePath": null,
    "servHostingContractFileRid": null,
    "servHostingOrg": null,
    "servSysBuildContractFilePath": null,
    "servSysBuildContractFileRid": null,
    "servSysBuildName": null,
    "servSysBuildType": 1,
    "servSysOperContractFilePath": null,
    "servSysOperContractFileRid": null,
    "servSysOperName": null,
    "servSysOperType": 1,
    "svtrid": null,
    "thirdServiceMsg": null,
    "thirdServiceStatus": null,
    "updateDate": null,
    "userId": null,
    "userName": null,
    "website": null
}

2023-06-16 16:22:41.333 | DEBUG    | httprunner.client:log_print:40 - 
================== response details ==================
status_code : 200
headers  : {
    "Server": "nginx",
    "Date": "Fri, 16 Jun 2023 08:22:41 GMT",
    "Content-Type": "application/json;charset=UTF-8",
    "Transfer-Encoding": "chunked",
    "X-Frame-Options": "SAMEORIGIN",
    "Connection": "keep-alive"
}
cookies  : {}
encoding : UTF-8
content_type : application/json;charset=UTF-8
body     : {
    "message": "success",
    "status": 1,
    "data": true
}

2023-06-16 16:22:41.333 | INFO     | httprunner.client:request:217 - status_code: 200, response_time(ms): 407.08 ms, response_length: 0 bytes
2023-06-16 16:22:41.333 | INFO     | httprunner.response:validate:249 - assert status_code equal 200(int)	==> pass
2023-06-16 16:22:41.333 | INFO     | httprunner.response:validate:249 - assert body.message equal success(str)	==> pass
2023-06-16 16:22:41.333 | INFO     | httprunner.runner:__run_step:304 - run step end: 企业注册第一步提交信息 <<<<<<

2023-06-16 16:22:41.333 | INFO     | httprunner.runner:__run_step:304 - run step end: 企业注册第一步提交信息 <<<<<<

2023-06-16 16:22:41.334 | INFO     | httprunner.runner:__run_step:292 - run step begin: 企业注册查询注册信息 >>>>>>
2023-06-16 16:22:41.334 | INFO     | httprunner.runner:__run_step:292 - run step begin: 企业注册查询注册信息 >>>>>>
2023-06-16 16:22:41.411 | DEBUG    | httprunner.client:request:186 - client IP: 127.0.0.1, Port: 55681
2023-06-16 16:22:41.412 | DEBUG    | httprunner.client:request:194 - server IP: 127.0.0.1, Port: 8888
2023-06-16 16:22:41.412 | DEBUG    | httprunner.client:log_print:40 - 
================== request details ==================
method   : GET
url      : http://139.198.116.76:8000/api/v3/entApply/applyOrNot
headers  : {
    "User-Agent": "Mozilla/5.0 (Macintosh; Intel Mac OS X 10_15_7) AppleWebKit/537.36 (KHTML, like Gecko) Chrome/105.0.0.0 Safari/537.36",
    "Accept-Encoding": "gzip, deflate",
    "Accept": "application/json, text/plain, */*",
    "Connection": "keep-alive",
    "Accept-Language": "zh-CN,zh;q=0.9",
    "HRUN-Request-ID": "HRUN-8cf38b29-9398-42e1-9c62-d49543d2f50b-761334",
    "Cookie": "SESSION=NmEzNWQ1MGEtNWQwNS00YTViLWIyYTctNDAwMDY3NWVkNzhm; SESSION=response.headers.\"Set-Cookie\".session"
}
cookies  : {
    "SESSION": "NmEzNWQ1MGEtNWQwNS00YTViLWIyYTctNDAwMDY3NWVkNzhm"
}
body     : None

2023-06-16 16:22:41.413 | DEBUG    | httprunner.client:log_print:40 - 
================== response details ==================
status_code : 200
headers  : {
    "Server": "nginx",
    "Date": "Fri, 16 Jun 2023 08:22:41 GMT",
    "Content-Type": "application/json;charset=UTF-8",
    "Transfer-Encoding": "chunked",
    "X-Frame-Options": "SAMEORIGIN",
    "Connection": "keep-alive"
}
cookies  : {}
encoding : UTF-8
content_type : application/json;charset=UTF-8
body     : {
    "message": "success",
    "status": 1,
    "data": {
        "nbmsEntApplyPO": {
            "id": 1213,
            "createDate": "2023-06-16 16:22:41",
            "updateDate": "2023-06-16 16:22:41",
            "applyType": null,
            "entGeneralId": null,
            "applyStep": 2,
            "isSubmit": 0,
            "entPrefix": "88.408.6306124187",
            "firstAuditStatus": null,
            "firstAuditMsg": null,
            "thirdServiceStatus": null,
            "thirdServiceMsg": null,
            "userName": "7QH3Rq10nULZxEE5FU08p2EZ0MoxYfLh",
            "finalAuditStatus": null,
            "finalAuditMsg": null,
            "svtrid": null,
            "cltrid": null,
            "userId": 1438,
            "orgName": "7QH3Rq10nULZxEE5FU08p2EZ0MoxYfLh",
            "orgNature": "1",
            "orgAddrProvince": "110000",
            "orgAddrCity": "110100",
            "orgAddrCounty": "110101",
            "orgAddr": "致真",
            "orgCrtType": "1",
            "orgCrtCode": "7QH3Rq10nULZxEE5FU08p2EZ0MoxYfLh",
            "legalName": "张三",
            "legalCrtType": "1",
            "legalCrtNo": "128469198208296076",
            "orgDesc": null,
            "industryCategory": "A",
            "industrySpecific": "01",
            "contactName": "7QH3Rq10nULZxEE5FU08p2EZ0MoxYfLh",
            "contactPhone": "13485249386",
            "contactCrtType": 1,
            "contactCrtNo": "128469198208296076",
            "contactEmail": "BRMGE5ArXJbvyE0f@qaqseq.com",
            "website": null,
            "regAuthority": null,
            "regCapital": null,
            "establishDate": null,
            "periodValidity": null,
            "legalEmail": null,
            "legalPhone": null,
            "legalFax": null,
            "servSysBuildType": null,
            "servSysBuildName": null,
            "servSysOperType": null,
            "servSysOperName": null,
            "dataHostingOrg": null,
            "servHostingOrg": null,
            "regRealNaImpType": null,
            "regRealNaImpName": null,
            "idRegNaImp": null,
            "extWebName": null,
            "extDomain": null,
            "extIpAddr": null,
            "orgCrtImgRid": 2378,
            "contactCrtFrontImgRid": 2379,
            "contactCrtBackImgRid": 2380,
            "legalCrtFrontImgRid": 2379,
            "legalCrtBackImgRid": 2380,
            "servSysBuildContractFileRid": null,
            "servSysOperContractFileRid": null,
            "dataHostingContractFileRid": null,
            "servHostingContractFileRid": null,
            "entInfoLicenses": [],
            "entInfoSyss": [],
            "entInfoSerIndustrys": [],
            "escrowId": null,
            "industryQualificationRid": null,
            "certificationRid": null,
            "openingBank": null,
            "bankCard": null,
            "verificationName": null,
            "orgNatureDesc": "国有控股",
            "orgCrtImgContent": null,
            "orgCategorySpecificDesc": "农、林、牧、渔业-农业",
            "orgAddrProvinceDesc": "北京市",
            "orgAddrCountyDesc": "东城区",
            "orgAddrCityDesc": "市辖区",
            "legalCrtTypeDesc": "中国居民身份证",
            "legalCrtFrontImgContent": null,
            "legalCrtBackImgContent": null,
            "orgCrtImgPath": "dc04336c-c4d6-49df-a0ef-3a181e249a5b.jpeg",
            "contactCrtFrontImgPath": "a8d37580-a3b0-4081-a86d-d14b974b68b3.jpeg",
            "contactCrtBackImgPath": "ae5b2994-1455-4d7c-860b-580852c7c29c.jpeg",
            "legalCrtFrontImgPath": "a8d37580-a3b0-4081-a86d-d14b974b68b3.jpeg",
            "legalCrtBackImgPath": "ae5b2994-1455-4d7c-860b-580852c7c29c.jpeg",
            "servSysBuildContractFilePath": null,
            "servSysOperContractFilePath": null,
            "dataHostingContractFilePath": null,
            "servHostingContractFilePath": null,
            "industryQualificationFilePath": null,
            "certificationFilePath": null,
            "escrowOrgName": null
        },
        "nbmsEntPO": null,
        "nbmsEntPrefixApplyPO": null,
        "needRelog": null,
        "applyStatus": 0
    }
}

2023-06-16 16:22:41.414 | INFO     | httprunner.client:request:217 - status_code: 200, response_time(ms): 77.27 ms, response_length: 0 bytes
2023-06-16 16:22:41.417 | INFO     | httprunner.response:extract:179 - extract mapping: {'applyId': 1213, 'userId': 1438, 'userName': '7QH3Rq10nULZxEE5FU08p2EZ0MoxYfLh', 'imgId_f': 2379, 'imgId_b': 2380, 'entId': None, 'entUserId': None, 'prefix': '88.408.6306124187', 'contactCrtNo': '128469198208296076', 'contactCrtType': 1, 'contactEmail': 'BRMGE5ArXJbvyE0f@qaqseq.com', 'contactName': '7QH3Rq10nULZxEE5FU08p2EZ0MoxYfLh', 'contactPhone': '13485249386', 'industryCategory': 'A', 'industrySpecific': '01', 'orgName': '7QH3Rq10nULZxEE5FU08p2EZ0MoxYfLh', 'orgNature': '1', 'orgAddrProvince': '110000', 'orgAddrCity': '110100', 'orgAddrCounty': '110101', 'orgAddr': '致真', 'orgCrtType': '1', 'orgCrtCode': '7QH3Rq10nULZxEE5FU08p2EZ0MoxYfLh', 'legalName': '张三', 'legalEmail': None, 'legalPhone': None, 'legalCrtType': '1', 'legalCrtNo': '128469198208296076', 'legalCrtFrontImgRid': 2379, 'legalCrtBackImgRid': 2380, 'orgCrtImgRid': 2378, 'imgId': 2378, 'orgNatureDesc': '国有控股', 'orgCategorySpecificDesc': '农、林、牧、渔业-农业', 'orgAddrProvinceDesc': '北京市', 'orgAddrCountyDesc': '东城区', 'orgAddrCityDesc': '市辖区', 'legalCrtTypeDesc': '中国居民身份证', 'createDate': '2023-06-16 16:22:41', 'updateDate': '2023-06-16 16:22:41', 'entInfoSyss_0_id': None, 'entInfoSyss_0_entApplyId': None, 'entApplyId': None, 'entInfoSyss_0_sysType': None, 'entInfoSyss_0_deployMode': None, 'entInfoSyss_0_deployAddr': None, 'entInfoSyss_0_deployAddrProvince': None, 'entInfoSyss_0_deployAddrCity': None, 'entInfoSyss_0_deployAddrCounty': None, 'entInfoSyss_1_id': None, 'entInfoSyss_1_entApplyId': None, 'entInfoSyss_1_sysType': None, 'entInfoSyss_1_deployMode': None, 'entInfoSyss_1_deployAddr': None, 'entInfoSyss_1_deployAddrProvince': None, 'entInfoSyss_1_deployAddrCity': None, 'entInfoSyss_1_deployAddrCounty': None, 'entInfoSyss_2_id': None, 'entInfoSyss_2_entApplyId': None, 'entInfoSyss_2_sysType': None, 'entInfoSyss_2_deployMode': None, 'entInfoSyss_2_deployAddr': None, 'entInfoSyss_2_deployAddrProvince': None, 'entInfoSyss_2_deployAddrCity': None, 'entInfoSyss_2_deployAddrCounty': None, 'entInfoSyss_3_id': None, 'entInfoSyss_3_entApplyId': None, 'entInfoSyss_3_sysType': None, 'entInfoSyss_3_deployMode': None, 'entInfoSyss_3_deployAddr': None, 'entInfoSyss_3_deployAddrProvince': None, 'entInfoSyss_3_deployAddrCity': None, 'entInfoSyss_3_deployAddrCounty': None}
2023-06-16 16:22:41.418 | INFO     | httprunner.response:validate:249 - assert status_code equal 200(int)	==> pass
2023-06-16 16:22:41.418 | INFO     | httprunner.response:validate:249 - assert body.message equal success(str)	==> pass
2023-06-16 16:22:41.418 | INFO     | httprunner.runner:__run_step:304 - run step end: 企业注册查询注册信息 <<<<<<

2023-06-16 16:22:41.418 | INFO     | httprunner.runner:__run_step_testcase:286 - export variables: {'entInfoSyss_0_sysType': None, 'entInfoSyss_1_deployMode': None, 'entInfoSyss_3_deployAddr': None, 'applyId': 1213, 'imgId_b': 2380, 'legalCrtTypeDesc': '中国居民身份证', 'entInfoSyss_0_id': None, 'legalName': '张三', 'industrySpecific': '01', 'orgCrtType': '1', 'entInfoSyss_0_entApplyId': None, 'orgAddrProvince': '110000', 'entInfoSyss_1_id': None, 'orgAddrCounty': '110101', 'entInfoSyss_2_id': None, 'entInfoSyss_2_sysType': None, 'entInfoSyss_0_deployAddrCity': None, 'entInfoSyss_1_deployAddr': None, 'entInfoSyss_3_deployAddrCity': None, 'orgNature': '1', 'imgId': 2378, 'imgId_f': 2379, 'industryCategory': 'A', 'legalPhone': None, 'entInfoSyss_0_deployMode': None, 'entInfoSyss_3_sysType': None, 'entInfoSyss_2_deployAddr': None, 'orgAddr': '致真', 'userName': '7QH3Rq10nULZxEE5FU08p2EZ0MoxYfLh', 'entInfoSyss_2_deployAddrProvince': None, 'entInfoSyss_2_deployAddrCounty': None, 'legalEmail': None, 'orgNatureDesc': '国有控股', 'orgAddrCountyDesc': '东城区', 'entInfoSyss_2_deployAddrCity': None, 'contactEmail': 'BRMGE5ArXJbvyE0f@qaqseq.com', 'orgAddrCity': '110100', 'entInfoSyss_3_entApplyId': None, 'contactPhone': '13485249386', 'entInfoSyss_1_entApplyId': None, 'entInfoSyss_2_deployMode': None, 'entInfoSyss_1_sysType': None, 'entInfoSyss_1_deployAddrProvince': None, 'orgCrtCode': '7QH3Rq10nULZxEE5FU08p2EZ0MoxYfLh', 'contactName': '7QH3Rq10nULZxEE5FU08p2EZ0MoxYfLh', 'entInfoSyss_2_entApplyId': None, 'orgAddrCityDesc': '市辖区', 'entInfoSyss_1_deployAddrCounty': None, 'entApplyId': None, 'entInfoSyss_0_deployAddr': None, 'createDate': '2023-06-16 16:22:41', 'entId': None, 'orgCategorySpecificDesc': '农、林、牧、渔业-农业', 'legalCrtType': '1', 'entInfoSyss_3_id': None, 'entInfoSyss_3_deployAddrCounty': None, 'prefix': '88.408.6306124187', 'entInfoSyss_0_deployAddrCounty': None, 'legalCrtFrontImgRid': 2379, 'legalCrtBackImgRid': 2380, 'contactCrtType': 1, 'entInfoSyss_3_deployMode': None, 'orgName': '7QH3Rq10nULZxEE5FU08p2EZ0MoxYfLh', 'userId': 1438, 'entInfoSyss_1_deployAddrCity': None, 'contactCrtNo': '128469198208296076', 'entUserId': None, 'orgCrtImgRid': 2378, 'orgAddrProvinceDesc': '北京市', 'entInfoSyss_0_deployAddrProvince': None, 'updateDate': '2023-06-16 16:22:41', 'legalCrtNo': '128469198208296076', 'entInfoSyss_3_deployAddrProvince': None}
2023-06-16 16:22:41.418 | INFO     | httprunner.runner:__run_step:304 - run step end: 企业注册查询注册信息 <<<<<<

2023-06-16 16:22:41.418 | INFO     | httprunner.runner:__run_step:292 - run step begin: 企业注册第二步提交信息 >>>>>>
2023-06-16 16:22:41.419 | INFO     | httprunner.runner:__run_step:292 - run step begin: 企业注册第二步提交信息 >>>>>>
2023-06-16 16:22:41.487 | DEBUG    | httprunner.client:request:186 - client IP: 127.0.0.1, Port: 55681
2023-06-16 16:22:41.488 | DEBUG    | httprunner.client:request:194 - server IP: 127.0.0.1, Port: 8888
2023-06-16 16:22:41.490 | DEBUG    | httprunner.client:log_print:40 - 
================== request details ==================
method   : POST
url      : http://139.198.116.76:8000/api/v3/entApply/registerManageInfo
headers  : {
    "User-Agent": "Mozilla/5.0 (Macintosh; Intel Mac OS X 10_15_7) AppleWebKit/537.36 (KHTML, like Gecko) Chrome/105.0.0.0 Safari/537.36",
    "Accept-Encoding": "gzip, deflate",
    "Accept": "application/json, text/plain, */*",
    "Connection": "keep-alive",
    "Accept-Language": "zh-CN,zh;q=0.9",
    "Content-Type": "application/json;charset=UTF-8",
    "X-HTTP-Method-Override": "put",
    "HRUN-Request-ID": "HRUN-8cf38b29-9398-42e1-9c62-d49543d2f50b-761419",
    "Cookie": "SESSION=NmEzNWQ1MGEtNWQwNS00YTViLWIyYTctNDAwMDY3NWVkNzhm; SESSION=response.headers.\"Set-Cookie\".session",
    "Content-Length": "3280"
}
cookies  : {
    "SESSION": "NmEzNWQ1MGEtNWQwNS00YTViLWIyYTctNDAwMDY3NWVkNzhm"
}
body     : {
    "applyStep": 3,
    "applyType": null,
    "cltrid": null,
    "contactCrtBackImgPath": null,
    "contactCrtBackImgRid": 2380,
    "contactCrtFrontImgPath": null,
    "contactCrtFrontImgRid": 2379,
    "contactCrtNo": "128469198208296076",
    "contactCrtType": 1,
    "contactEmail": "BRMGE5ArXJbvyE0f@qaqseq.com",
    "contactName": "7QH3Rq10nULZxEE5FU08p2EZ0MoxYfLh",
    "contactPhone": "13485249386",
    "createDate": "2023-06-16 16:22:41",
    "dataHostingContractFilePath": null,
    "dataHostingContractFileRid": null,
    "dataHostingOrg": null,
    "entGeneralId": null,
    "entInfoLicenses": [],
    "entInfoSerIndustrys": [],
    "entInfoSyss": [
        {
            "deployAddr": "致真",
            "deployAddrCity": "110100",
            "deployAddrCounty": "110101",
            "deployAddrProvince": "110000",
            "deployMode": 1,
            "ipPort": null,
            "name": null,
            "sysType": 1
        },
        {
            "deployAddr": "致真",
            "deployAddrCity": "110100",
            "deployAddrCounty": "110101",
            "deployAddrProvince": "110000",
            "deployMode": 1,
            "ipPort": null,
            "name": null,
            "sysType": 2
        },
        {
            "deployAddr": "天津",
            "deployAddrCity": "120100",
            "deployAddrCounty": "120101",
            "deployAddrProvince": "120000",
            "deployMode": 1,
            "ipPort": null,
            "name": null,
            "sysType": 3
        },
        {
            "deployAddr": "天津",
            "deployAddrCity": "120100",
            "deployAddrCounty": "120101",
            "deployAddrProvince": "120000",
            "deployMode": 1,
            "ipPort": null,
            "name": null,
            "sysType": 4
        }
    ],
    "entPrefix": "88.408.6306124187",
    "escrowId": null,
    "escrowOrgName": null,
    "establishDate": null,
    "extDomain": null,
    "extIpAddr": null,
    "extWebName": null,
    "finalAuditMsg": null,
    "finalAuditStatus": null,
    "firstAuditMsg": null,
    "firstAuditStatus": null,
    "id": 1213,
    "idRegNaImp": null,
    "industryCategory": "A",
    "industrySpecific": "01",
    "isSubmit": 0,
    "legalCrtBackImgContent": null,
    "legalCrtBackImgPath": null,
    "legalCrtBackImgRid": 2380,
    "legalCrtFrontImgContent": null,
    "legalCrtFrontImgPath": null,
    "legalCrtFrontImgRid": 2379,
    "legalCrtNo": "128469198208296076",
    "legalCrtType": "1",
    "legalCrtTypeDesc": "中国居民身份证",
    "legalEmail": null,
    "legalFax": null,
    "legalName": "张三",
    "legalPhone": null,
    "orgAddr": "致真",
    "orgAddrCity": "110100",
    "orgAddrCityDesc": "市辖区",
    "orgAddrCounty": "110101",
    "orgAddrCountyDesc": "东城区",
    "orgAddrProvince": "110000",
    "orgAddrProvinceDesc": "北京市",
    "orgCategorySpecificDesc": "农、林、牧、渔业-农业",
    "orgCrtCode": "7QH3Rq10nULZxEE5FU08p2EZ0MoxYfLh",
    "orgCrtImgContent": null,
    "orgCrtImgPath": null,
    "orgCrtImgRid": 2378,
    "orgCrtType": "1",
    "orgDesc": null,
    "orgName": "7QH3Rq10nULZxEE5FU08p2EZ0MoxYfLh",
    "orgNature": "1",
    "orgNatureDesc": "1",
    "periodValidity": null,
    "regAuthority": null,
    "regCapital": null,
    "regRealNaImpName": null,
    "regRealNaImpType": null,
    "servHostingContractFilePath": null,
    "servHostingContractFileRid": null,
    "servHostingOrg": null,
    "servSysBuildContractFilePath": null,
    "servSysBuildContractFileRid": null,
    "servSysBuildName": null,
    "servSysBuildType": 1,
    "servSysOperContractFilePath": null,
    "servSysOperContractFileRid": null,
    "servSysOperName": null,
    "servSysOperType": 1,
    "svtrid": null,
    "thirdServiceMsg": null,
    "thirdServiceStatus": null,
    "updateDate": "2023-06-16 16:22:41",
    "userId": 1438,
    "userName": "7QH3Rq10nULZxEE5FU08p2EZ0MoxYfLh",
    "website": null
}

2023-06-16 16:22:41.491 | DEBUG    | httprunner.client:log_print:40 - 
================== response details ==================
status_code : 200
headers  : {
    "Server": "nginx",
    "Date": "Fri, 16 Jun 2023 08:22:41 GMT",
    "Content-Type": "application/json;charset=UTF-8",
    "Transfer-Encoding": "chunked",
    "X-Frame-Options": "SAMEORIGIN",
    "Connection": "keep-alive"
}
cookies  : {}
encoding : UTF-8
content_type : application/json;charset=UTF-8
body     : {
    "message": "success",
    "status": 1,
    "data": true
}

2023-06-16 16:22:41.491 | INFO     | httprunner.client:request:217 - status_code: 200, response_time(ms): 68.5 ms, response_length: 0 bytes
2023-06-16 16:22:41.491 | INFO     | httprunner.response:validate:249 - assert status_code equal 200(int)	==> pass
2023-06-16 16:22:41.491 | INFO     | httprunner.response:validate:249 - assert body.message equal success(str)	==> pass
2023-06-16 16:22:41.491 | INFO     | httprunner.runner:__run_step:304 - run step end: 企业注册第二步提交信息 <<<<<<

2023-06-16 16:22:41.491 | INFO     | httprunner.runner:__run_step:304 - run step end: 企业注册第二步提交信息 <<<<<<

2023-06-16 16:22:41.491 | INFO     | httprunner.runner:__run_step:292 - run step begin: 企业注册查询注册信息 >>>>>>
2023-06-16 16:22:41.492 | INFO     | httprunner.runner:__run_step:292 - run step begin: 企业注册查询注册信息 >>>>>>
2023-06-16 16:22:41.566 | DEBUG    | httprunner.client:request:186 - client IP: 127.0.0.1, Port: 55681
2023-06-16 16:22:41.567 | DEBUG    | httprunner.client:request:194 - server IP: 127.0.0.1, Port: 8888
2023-06-16 16:22:41.567 | DEBUG    | httprunner.client:log_print:40 - 
================== request details ==================
method   : GET
url      : http://139.198.116.76:8000/api/v3/entApply/applyOrNot
headers  : {
    "User-Agent": "Mozilla/5.0 (Macintosh; Intel Mac OS X 10_15_7) AppleWebKit/537.36 (KHTML, like Gecko) Chrome/105.0.0.0 Safari/537.36",
    "Accept-Encoding": "gzip, deflate",
    "Accept": "application/json, text/plain, */*",
    "Connection": "keep-alive",
    "Accept-Language": "zh-CN,zh;q=0.9",
    "HRUN-Request-ID": "HRUN-8cf38b29-9398-42e1-9c62-d49543d2f50b-761492",
    "Cookie": "SESSION=NmEzNWQ1MGEtNWQwNS00YTViLWIyYTctNDAwMDY3NWVkNzhm; SESSION=response.headers.\"Set-Cookie\".session"
}
cookies  : {
    "SESSION": "NmEzNWQ1MGEtNWQwNS00YTViLWIyYTctNDAwMDY3NWVkNzhm"
}
body     : None

2023-06-16 16:22:41.569 | DEBUG    | httprunner.client:log_print:40 - 
================== response details ==================
status_code : 200
headers  : {
    "Server": "nginx",
    "Date": "Fri, 16 Jun 2023 08:22:41 GMT",
    "Content-Type": "application/json;charset=UTF-8",
    "Transfer-Encoding": "chunked",
    "X-Frame-Options": "SAMEORIGIN",
    "Connection": "keep-alive"
}
cookies  : {}
encoding : UTF-8
content_type : application/json;charset=UTF-8
body     : {
    "message": "success",
    "status": 1,
    "data": {
        "nbmsEntApplyPO": {
            "id": 1213,
            "createDate": "2023-06-16 16:22:41",
            "updateDate": "2023-06-16 16:22:42",
            "applyType": null,
            "entGeneralId": null,
            "applyStep": 3,
            "isSubmit": 0,
            "entPrefix": "88.408.6306124187",
            "firstAuditStatus": null,
            "firstAuditMsg": null,
            "thirdServiceStatus": null,
            "thirdServiceMsg": null,
            "userName": "7QH3Rq10nULZxEE5FU08p2EZ0MoxYfLh",
            "finalAuditStatus": null,
            "finalAuditMsg": null,
            "svtrid": null,
            "cltrid": null,
            "userId": 1438,
            "orgName": "7QH3Rq10nULZxEE5FU08p2EZ0MoxYfLh",
            "orgNature": "1",
            "orgAddrProvince": "110000",
            "orgAddrCity": "110100",
            "orgAddrCounty": "110101",
            "orgAddr": "致真",
            "orgCrtType": "1",
            "orgCrtCode": "7QH3Rq10nULZxEE5FU08p2EZ0MoxYfLh",
            "legalName": "张三",
            "legalCrtType": "1",
            "legalCrtNo": "128469198208296076",
            "orgDesc": null,
            "industryCategory": "A",
            "industrySpecific": "01",
            "contactName": "7QH3Rq10nULZxEE5FU08p2EZ0MoxYfLh",
            "contactPhone": "13485249386",
            "contactCrtType": 1,
            "contactCrtNo": "128469198208296076",
            "contactEmail": "BRMGE5ArXJbvyE0f@qaqseq.com",
            "website": null,
            "regAuthority": null,
            "regCapital": null,
            "establishDate": null,
            "periodValidity": null,
            "legalEmail": null,
            "legalPhone": null,
            "legalFax": null,
            "servSysBuildType": 1,
            "servSysBuildName": null,
            "servSysOperType": 1,
            "servSysOperName": null,
            "dataHostingOrg": null,
            "servHostingOrg": null,
            "regRealNaImpType": null,
            "regRealNaImpName": null,
            "idRegNaImp": null,
            "extWebName": null,
            "extDomain": null,
            "extIpAddr": null,
            "orgCrtImgRid": 2378,
            "contactCrtFrontImgRid": 2379,
            "contactCrtBackImgRid": 2380,
            "legalCrtFrontImgRid": 2379,
            "legalCrtBackImgRid": 2380,
            "servSysBuildContractFileRid": null,
            "servSysOperContractFileRid": null,
            "dataHostingContractFileRid": null,
            "servHostingContractFileRid": null,
            "entInfoLicenses": [],
            "entInfoSyss": [
                {
                    "id": 2605,
                    "entApplyId": 1213,
                    "sysType": 1,
                    "deployMode": 1,
                    "deployAddr": "致真",
                    "deployAddrProvince": "110000",
                    "deployAddrCity": "110100",
                    "deployAddrCounty": "110101",
                    "name": null,
                    "ipPort": null
                },
                {
                    "id": 2606,
                    "entApplyId": 1213,
                    "sysType": 2,
                    "deployMode": 1,
                    "deployAddr": "致真",
                    "deployAddrProvince": "110000",
                    "deployAddrCity": "110100",
                    "deployAddrCounty": "110101",
                    "name": null,
                    "ipPort": null
                },
                {
                    "id": 2607,
                    "entApplyId": 1213,
                    "sysType": 3,
                    "deployMode": 1,
                    "deployAddr": "天津",
                    "deployAddrProvince": "120000",
                    "deployAddrCity": "120100",
                    "deployAddrCounty": "120101",
                    "name": null,
                    "ipPort": null
                },
                {
                    "id": 2608,
                    "entApplyId": 1213,
                    "sysType": 4,
                    "deployMode": 1,
                    "deployAddr": "天津",
                    "deployAddrProvince": "120000",
                    "deployAddrCity": "120100",
                    "deployAddrCounty": "120101",
                    "name": null,
                    "ipPort": null
                }
            ],
            "entInfoSerIndustrys": [],
            "escrowId": null,
            "industryQualificationRid": null,
            "certificationRid": null,
            "openingBank": null,
            "bankCard": null,
            "verificationName": null,
            "orgNatureDesc": "国有控股",
            "orgCrtImgContent": null,
            "orgCategorySpecificDesc": "农、林、牧、渔业-农业",
            "orgAddrProvinceDesc": "北京市",
            "orgAddrCountyDesc": "东城区",
            "orgAddrCityDesc": "市辖区",
            "legalCrtTypeDesc": "中国居民身份证",
            "legalCrtFrontImgContent": null,
            "legalCrtBackImgContent": null,
            "orgCrtImgPath": "dc04336c-c4d6-49df-a0ef-3a181e249a5b.jpeg",
            "contactCrtFrontImgPath": "a8d37580-a3b0-4081-a86d-d14b974b68b3.jpeg",
            "contactCrtBackImgPath": "ae5b2994-1455-4d7c-860b-580852c7c29c.jpeg",
            "legalCrtFrontImgPath": "a8d37580-a3b0-4081-a86d-d14b974b68b3.jpeg",
            "legalCrtBackImgPath": "ae5b2994-1455-4d7c-860b-580852c7c29c.jpeg",
            "servSysBuildContractFilePath": null,
            "servSysOperContractFilePath": null,
            "dataHostingContractFilePath": null,
            "servHostingContractFilePath": null,
            "industryQualificationFilePath": null,
            "certificationFilePath": null,
            "escrowOrgName": null
        },
        "nbmsEntPO": null,
        "nbmsEntPrefixApplyPO": null,
        "needRelog": null,
        "applyStatus": 0
    }
}

2023-06-16 16:22:41.569 | INFO     | httprunner.client:request:217 - status_code: 200, response_time(ms): 74.19 ms, response_length: 0 bytes
2023-06-16 16:22:41.570 | INFO     | httprunner.response:extract:179 - extract mapping: {'applyId': 1213, 'userId': 1438, 'userName': '7QH3Rq10nULZxEE5FU08p2EZ0MoxYfLh', 'imgId_f': 2379, 'imgId_b': 2380, 'entId': None, 'entUserId': None, 'prefix': '88.408.6306124187', 'contactCrtNo': '128469198208296076', 'contactCrtType': 1, 'contactEmail': 'BRMGE5ArXJbvyE0f@qaqseq.com', 'contactName': '7QH3Rq10nULZxEE5FU08p2EZ0MoxYfLh', 'contactPhone': '13485249386', 'industryCategory': 'A', 'industrySpecific': '01', 'orgName': '7QH3Rq10nULZxEE5FU08p2EZ0MoxYfLh', 'orgNature': '1', 'orgAddrProvince': '110000', 'orgAddrCity': '110100', 'orgAddrCounty': '110101', 'orgAddr': '致真', 'orgCrtType': '1', 'orgCrtCode': '7QH3Rq10nULZxEE5FU08p2EZ0MoxYfLh', 'legalName': '张三', 'legalEmail': None, 'legalPhone': None, 'legalCrtType': '1', 'legalCrtNo': '128469198208296076', 'legalCrtFrontImgRid': 2379, 'legalCrtBackImgRid': 2380, 'orgCrtImgRid': 2378, 'imgId': 2378, 'orgNatureDesc': '国有控股', 'orgCategorySpecificDesc': '农、林、牧、渔业-农业', 'orgAddrProvinceDesc': '北京市', 'orgAddrCountyDesc': '东城区', 'orgAddrCityDesc': '市辖区', 'legalCrtTypeDesc': '中国居民身份证', 'createDate': '2023-06-16 16:22:41', 'updateDate': '2023-06-16 16:22:42', 'entInfoSyss_0_id': 2605, 'entInfoSyss_0_entApplyId': 1213, 'entApplyId': 1213, 'entInfoSyss_0_sysType': 1, 'entInfoSyss_0_deployMode': 1, 'entInfoSyss_0_deployAddr': '致真', 'entInfoSyss_0_deployAddrProvince': '110000', 'entInfoSyss_0_deployAddrCity': '110100', 'entInfoSyss_0_deployAddrCounty': '110101', 'entInfoSyss_1_id': 2606, 'entInfoSyss_1_entApplyId': 1213, 'entInfoSyss_1_sysType': 2, 'entInfoSyss_1_deployMode': 1, 'entInfoSyss_1_deployAddr': '致真', 'entInfoSyss_1_deployAddrProvince': '110000', 'entInfoSyss_1_deployAddrCity': '110100', 'entInfoSyss_1_deployAddrCounty': '110101', 'entInfoSyss_2_id': 2607, 'entInfoSyss_2_entApplyId': 1213, 'entInfoSyss_2_sysType': 3, 'entInfoSyss_2_deployMode': 1, 'entInfoSyss_2_deployAddr': '天津', 'entInfoSyss_2_deployAddrProvince': '120000', 'entInfoSyss_2_deployAddrCity': '120100', 'entInfoSyss_2_deployAddrCounty': '120101', 'entInfoSyss_3_id': 2608, 'entInfoSyss_3_entApplyId': 1213, 'entInfoSyss_3_sysType': 4, 'entInfoSyss_3_deployMode': 1, 'entInfoSyss_3_deployAddr': '天津', 'entInfoSyss_3_deployAddrProvince': '120000', 'entInfoSyss_3_deployAddrCity': '120100', 'entInfoSyss_3_deployAddrCounty': '120101'}
2023-06-16 16:22:41.570 | INFO     | httprunner.response:validate:249 - assert status_code equal 200(int)	==> pass
2023-06-16 16:22:41.570 | INFO     | httprunner.response:validate:249 - assert body.message equal success(str)	==> pass
2023-06-16 16:22:41.571 | INFO     | httprunner.runner:__run_step:304 - run step end: 企业注册查询注册信息 <<<<<<

2023-06-16 16:22:41.571 | INFO     | httprunner.runner:__run_step_testcase:286 - export variables: {'entInfoSyss_0_sysType': 1, 'entInfoSyss_1_deployMode': 1, 'entInfoSyss_3_deployAddr': '天津', 'applyId': 1213, 'imgId_b': 2380, 'legalCrtTypeDesc': '中国居民身份证', 'entInfoSyss_0_id': 2605, 'legalName': '张三', 'industrySpecific': '01', 'orgCrtType': '1', 'entInfoSyss_0_entApplyId': 1213, 'orgAddrProvince': '110000', 'entInfoSyss_1_id': 2606, 'orgAddrCounty': '110101', 'entInfoSyss_2_id': 2607, 'entInfoSyss_2_sysType': 3, 'entInfoSyss_0_deployAddrCity': '110100', 'entInfoSyss_1_deployAddr': '致真', 'entInfoSyss_3_deployAddrCity': '120100', 'orgNature': '1', 'imgId': 2378, 'imgId_f': 2379, 'industryCategory': 'A', 'legalPhone': None, 'entInfoSyss_0_deployMode': 1, 'entInfoSyss_3_sysType': 4, 'entInfoSyss_2_deployAddr': '天津', 'orgAddr': '致真', 'userName': '7QH3Rq10nULZxEE5FU08p2EZ0MoxYfLh', 'entInfoSyss_2_deployAddrProvince': '120000', 'entInfoSyss_2_deployAddrCounty': '120101', 'legalEmail': None, 'orgNatureDesc': '国有控股', 'orgAddrCountyDesc': '东城区', 'entInfoSyss_2_deployAddrCity': '120100', 'contactEmail': 'BRMGE5ArXJbvyE0f@qaqseq.com', 'orgAddrCity': '110100', 'entInfoSyss_3_entApplyId': 1213, 'contactPhone': '13485249386', 'entInfoSyss_1_entApplyId': 1213, 'entInfoSyss_2_deployMode': 1, 'entInfoSyss_1_sysType': 2, 'entInfoSyss_1_deployAddrProvince': '110000', 'orgCrtCode': '7QH3Rq10nULZxEE5FU08p2EZ0MoxYfLh', 'contactName': '7QH3Rq10nULZxEE5FU08p2EZ0MoxYfLh', 'entInfoSyss_2_entApplyId': 1213, 'orgAddrCityDesc': '市辖区', 'entInfoSyss_1_deployAddrCounty': '110101', 'entApplyId': 1213, 'entInfoSyss_0_deployAddr': '致真', 'createDate': '2023-06-16 16:22:41', 'entId': None, 'orgCategorySpecificDesc': '农、林、牧、渔业-农业', 'legalCrtType': '1', 'entInfoSyss_3_id': 2608, 'entInfoSyss_3_deployAddrCounty': '120101', 'prefix': '88.408.6306124187', 'entInfoSyss_0_deployAddrCounty': '110101', 'legalCrtFrontImgRid': 2379, 'legalCrtBackImgRid': 2380, 'contactCrtType': 1, 'entInfoSyss_3_deployMode': 1, 'orgName': '7QH3Rq10nULZxEE5FU08p2EZ0MoxYfLh', 'userId': 1438, 'entInfoSyss_1_deployAddrCity': '110100', 'contactCrtNo': '128469198208296076', 'entUserId': None, 'orgCrtImgRid': 2378, 'orgAddrProvinceDesc': '北京市', 'entInfoSyss_0_deployAddrProvince': '110000', 'updateDate': '2023-06-16 16:22:42', 'legalCrtNo': '128469198208296076', 'entInfoSyss_3_deployAddrProvince': '120000'}
2023-06-16 16:22:41.571 | INFO     | httprunner.runner:__run_step:304 - run step end: 企业注册查询注册信息 <<<<<<

2023-06-16 16:22:41.571 | INFO     | httprunner.runner:__run_step:292 - run step begin: 企业注册最终第三步提交信息 >>>>>>
2023-06-16 16:22:41.571 | INFO     | httprunner.runner:__run_step:292 - run step begin: 企业注册最终第三步提交信息 >>>>>>
2023-06-16 16:22:41.740 | DEBUG    | httprunner.client:request:186 - client IP: 127.0.0.1, Port: 55681
2023-06-16 16:22:41.741 | DEBUG    | httprunner.client:request:194 - server IP: 127.0.0.1, Port: 8888
2023-06-16 16:22:41.743 | DEBUG    | httprunner.client:log_print:40 - 
================== request details ==================
method   : POST
url      : http://139.198.116.76:8000/api/v3/entApply/apply
headers  : {
    "User-Agent": "Mozilla/5.0 (Macintosh; Intel Mac OS X 10_15_7) AppleWebKit/537.36 (KHTML, like Gecko) Chrome/105.0.0.0 Safari/537.36",
    "Accept-Encoding": "gzip, deflate",
    "Accept": "application/json, text/plain, */*",
    "Connection": "keep-alive",
    "Accept-Language": "zh-CN,zh;q=0.9",
    "Content-Type": "application/json;charset=UTF-8",
    "HRUN-Request-ID": "HRUN-8cf38b29-9398-42e1-9c62-d49543d2f50b-761572",
    "Cookie": "SESSION=NmEzNWQ1MGEtNWQwNS00YTViLWIyYTctNDAwMDY3NWVkNzhm; SESSION=response.headers.\"Set-Cookie\".session",
    "Content-Length": "3280"
}
cookies  : {
    "SESSION": "NmEzNWQ1MGEtNWQwNS00YTViLWIyYTctNDAwMDY3NWVkNzhm"
}
body     : {
    "applyStep": 4,
    "applyType": null,
    "cltrid": null,
    "contactCrtBackImgPath": null,
    "contactCrtBackImgRid": 2380,
    "contactCrtFrontImgPath": null,
    "contactCrtFrontImgRid": 2379,
    "contactCrtNo": "128469198208296076",
    "contactCrtType": 1,
    "contactEmail": "BRMGE5ArXJbvyE0f@qaqseq.com",
    "contactName": "7QH3Rq10nULZxEE5FU08p2EZ0MoxYfLh",
    "contactPhone": "13485249386",
    "createDate": "2023-06-16 16:22:41",
    "dataHostingContractFilePath": null,
    "dataHostingContractFileRid": null,
    "dataHostingOrg": null,
    "entGeneralId": null,
    "entInfoLicenses": [],
    "entInfoSerIndustrys": [],
    "entInfoSyss": [
        {
            "deployAddr": "致真",
            "deployAddrCity": "110100",
            "deployAddrCounty": "110101",
            "deployAddrProvince": "110000",
            "deployMode": 1,
            "ipPort": null,
            "name": null,
            "sysType": 2
        },
        {
            "deployAddr": "致真",
            "deployAddrCity": "110100",
            "deployAddrCounty": "110101",
            "deployAddrProvince": "110000",
            "deployMode": 1,
            "ipPort": null,
            "name": null,
            "sysType": 3
        },
        {
            "deployAddr": "天津",
            "deployAddrCity": "120100",
            "deployAddrCounty": "120101",
            "deployAddrProvince": "120000",
            "deployMode": 1,
            "ipPort": null,
            "name": null,
            "sysType": 4
        },
        {
            "deployAddr": "天津",
            "deployAddrCity": "120100",
            "deployAddrCounty": "120101",
            "deployAddrProvince": "120000",
            "deployMode": 1,
            "ipPort": null,
            "name": null,
            "sysType": 4
        }
    ],
    "entPrefix": "88.408.6306124187",
    "escrowId": null,
    "escrowOrgName": null,
    "establishDate": null,
    "extDomain": null,
    "extIpAddr": null,
    "extWebName": null,
    "finalAuditMsg": null,
    "finalAuditStatus": null,
    "firstAuditMsg": null,
    "firstAuditStatus": null,
    "id": 1213,
    "idRegNaImp": null,
    "industryCategory": "A",
    "industrySpecific": "01",
    "isSubmit": 0,
    "legalCrtBackImgContent": null,
    "legalCrtBackImgPath": null,
    "legalCrtBackImgRid": 2380,
    "legalCrtFrontImgContent": null,
    "legalCrtFrontImgPath": null,
    "legalCrtFrontImgRid": 2379,
    "legalCrtNo": "128469198208296076",
    "legalCrtType": "1",
    "legalCrtTypeDesc": "中国居民身份证",
    "legalEmail": null,
    "legalFax": null,
    "legalName": "张三",
    "legalPhone": null,
    "orgAddr": "致真",
    "orgAddrCity": "110100",
    "orgAddrCityDesc": "市辖区",
    "orgAddrCounty": "110101",
    "orgAddrCountyDesc": "东城区",
    "orgAddrProvince": "110000",
    "orgAddrProvinceDesc": "北京市",
    "orgCategorySpecificDesc": "农、林、牧、渔业-农业",
    "orgCrtCode": "7QH3Rq10nULZxEE5FU08p2EZ0MoxYfLh",
    "orgCrtImgContent": null,
    "orgCrtImgPath": null,
    "orgCrtImgRid": 2378,
    "orgCrtType": "1",
    "orgDesc": null,
    "orgName": "7QH3Rq10nULZxEE5FU08p2EZ0MoxYfLh",
    "orgNature": "1",
    "orgNatureDesc": "1",
    "periodValidity": null,
    "regAuthority": null,
    "regCapital": null,
    "regRealNaImpName": null,
    "regRealNaImpType": null,
    "servHostingContractFilePath": null,
    "servHostingContractFileRid": null,
    "servHostingOrg": null,
    "servSysBuildContractFilePath": null,
    "servSysBuildContractFileRid": null,
    "servSysBuildName": null,
    "servSysBuildType": 1,
    "servSysOperContractFilePath": null,
    "servSysOperContractFileRid": null,
    "servSysOperName": null,
    "servSysOperType": 1,
    "svtrid": null,
    "thirdServiceMsg": null,
    "thirdServiceStatus": null,
    "updateDate": "2023-06-16 16:22:42",
    "userId": 1438,
    "userName": "7QH3Rq10nULZxEE5FU08p2EZ0MoxYfLh",
    "website": null
}

2023-06-16 16:22:41.743 | DEBUG    | httprunner.client:log_print:40 - 
================== response details ==================
status_code : 200
headers  : {
    "Server": "nginx",
    "Date": "Fri, 16 Jun 2023 08:22:41 GMT",
    "Content-Type": "application/json;charset=UTF-8",
    "Transfer-Encoding": "chunked",
    "X-Frame-Options": "SAMEORIGIN",
    "Connection": "keep-alive"
}
cookies  : {}
encoding : UTF-8
content_type : application/json;charset=UTF-8
body     : {
    "message": "success",
    "status": 1,
    "data": true
}

2023-06-16 16:22:41.743 | INFO     | httprunner.client:request:217 - status_code: 200, response_time(ms): 168.13 ms, response_length: 0 bytes
2023-06-16 16:22:41.744 | INFO     | httprunner.response:validate:249 - assert status_code equal 200(int)	==> pass
2023-06-16 16:22:41.744 | INFO     | httprunner.response:validate:249 - assert body.message equal success(str)	==> pass
2023-06-16 16:22:41.744 | INFO     | httprunner.runner:__run_step:304 - run step end: 企业注册最终第三步提交信息 <<<<<<

2023-06-16 16:22:41.744 | INFO     | httprunner.runner:__run_step:304 - run step end: 企业注册最终第三步提交信息 <<<<<<

2023-06-16 16:22:41.744 | INFO     | httprunner.runner:__run_step:292 - run step begin: 登录-管理员 >>>>>>
2023-06-16 16:22:41.744 | INFO     | httprunner.runner:__run_step:292 - run step begin: 登录-企业用户 >>>>>>
2023-06-16 16:22:41.807 | DEBUG    | httprunner.client:request:186 - client IP: 127.0.0.1, Port: 55681
2023-06-16 16:22:41.808 | DEBUG    | httprunner.client:request:194 - server IP: 127.0.0.1, Port: 8888
2023-06-16 16:22:41.809 | DEBUG    | httprunner.client:log_print:40 - 
================== request details ==================
method   : POST
url      : http://139.198.116.76:8000/api/home/test/login
headers  : {
    "User-Agent": "python-requests/2.28.1",
    "Accept-Encoding": "gzip, deflate, br",
    "Accept": "*/*",
    "Connection": "keep-alive",
    "Content-Length": "144",
    "Content-Type": "application/json",
    "HRUN-Request-ID": "HRUN-8cf38b29-9398-42e1-9c62-d49543d2f50b-761745",
    "Cookie": "SESSION=NmEzNWQ1MGEtNWQwNS00YTViLWIyYTctNDAwMDY3NWVkNzhm"
}
cookies  : {
    "SESSION": "NmEzNWQ1MGEtNWQwNS00YTViLWIyYTctNDAwMDY3NWVkNzhm"
}
body     : {
    "captcha": "0000",
    "captchaSign": "5d39bab12bba81ab59b3931d2ca06ee9603c3803355932be66974f122cab3502",
    "emailCaptcha": "",
    "username": "adminy"
}

2023-06-16 16:22:41.809 | DEBUG    | httprunner.client:log_print:40 - 
================== response details ==================
status_code : 200
headers  : {
    "Server": "nginx",
    "Date": "Fri, 16 Jun 2023 08:22:41 GMT",
    "Content-Type": "application/json;charset=UTF-8",
    "Transfer-Encoding": "chunked",
    "Set-Cookie": "SESSION=NWQzZTk5YzAtZGQ5Yy00ODU2LThiYmQtYzg4ZjJmZTc3NGQ0; Path=/; HttpOnly; SameSite=Lax",
    "X-Frame-Options": "SAMEORIGIN",
    "Connection": "keep-alive"
}
cookies  : {
    "SESSION": "NWQzZTk5YzAtZGQ5Yy00ODU2LThiYmQtYzg4ZjJmZTc3NGQ0"
}
encoding : UTF-8
content_type : application/json;charset=UTF-8
body     : {
    "message": "success",
    "status": 1,
    "data": true
}

2023-06-16 16:22:41.810 | INFO     | httprunner.client:request:217 - status_code: 200, response_time(ms): 62.85 ms, response_length: 0 bytes
2023-06-16 16:22:41.810 | INFO     | httprunner.response:extract:179 - extract mapping: {'adminSession': 'response.headers."Set-Cookie".session'}
2023-06-16 16:22:41.811 | INFO     | httprunner.response:validate:249 - assert status_code equal 200(int)	==> pass
2023-06-16 16:22:41.811 | INFO     | httprunner.response:validate:249 - assert headers."Content-Type" equal application/json;charset=UTF-8(str)	==> pass
2023-06-16 16:22:41.811 | INFO     | httprunner.response:validate:249 - assert body.message equal success(str)	==> pass
2023-06-16 16:22:41.811 | INFO     | httprunner.response:validate:249 - assert body.status equal 1(int)	==> pass
2023-06-16 16:22:41.811 | INFO     | httprunner.response:validate:249 - assert body.data equal True(bool)	==> pass
2023-06-16 16:22:41.811 | INFO     | httprunner.runner:__run_step:304 - run step end: 登录-企业用户 <<<<<<

2023-06-16 16:22:41.811 | INFO     | httprunner.runner:__run_step_testcase:286 - export variables: {'adminSession': 'response.headers."Set-Cookie".session'}
2023-06-16 16:22:41.811 | INFO     | httprunner.runner:__run_step:304 - run step end: 登录-管理员 <<<<<<

2023-06-16 16:22:41.811 | INFO     | httprunner.runner:__run_step:292 - run step begin: 年费费用查询 >>>>>>
2023-06-16 16:22:41.812 | INFO     | httprunner.runner:__run_step:292 - run step begin: 财务规则查询-年费 >>>>>>
2023-06-16 16:22:41.866 | DEBUG    | httprunner.client:request:186 - client IP: 127.0.0.1, Port: 55681
2023-06-16 16:22:41.867 | DEBUG    | httprunner.client:request:194 - server IP: 127.0.0.1, Port: 8888
2023-06-16 16:22:41.867 | DEBUG    | httprunner.client:log_print:40 - 
================== request details ==================
method   : GET
url      : http://139.198.116.76:8000/api/finance/rule/findRule?cache=1663837640684&moneyType=2&userId=1438
headers  : {
    "User-Agent": "Mozilla/5.0 (Macintosh; Intel Mac OS X 10_15_7) AppleWebKit/537.36 (KHTML, like Gecko) Chrome/98.0.4758.102 Safari/537.36 Edg/98.0.1108.56",
    "Accept-Encoding": "gzip, deflate",
    "Accept": "application/json, text/plain, */*",
    "Connection": "keep-alive",
    "Accept-Language": "zh-CN,zh;q=0.9,en;q=0.8,en-GB;q=0.7,en-US;q=0.6",
    "HRUN-Request-ID": "HRUN-8cf38b29-9398-42e1-9c62-d49543d2f50b-761812",
    "Cookie": "SESSION=NWQzZTk5YzAtZGQ5Yy00ODU2LThiYmQtYzg4ZjJmZTc3NGQ0; SESSION=response.headers.\"Set-Cookie\".session"
}
cookies  : {
    "SESSION": "NWQzZTk5YzAtZGQ5Yy00ODU2LThiYmQtYzg4ZjJmZTc3NGQ0"
}
body     : None

2023-06-16 16:22:41.874 | DEBUG    | httprunner.client:log_print:40 - 
================== response details ==================
status_code : 200
headers  : {
    "Server": "nginx",
    "Date": "Fri, 16 Jun 2023 08:22:41 GMT",
    "Content-Type": "application/json;charset=UTF-8",
    "Transfer-Encoding": "chunked",
    "X-Frame-Options": "SAMEORIGIN",
    "Connection": "keep-alive"
}
cookies  : {}
encoding : UTF-8
content_type : application/json;charset=UTF-8
body     : {
    "message": "success",
    "status": 1,
    "data": [
        {
            "id": 78,
            "createDate": "2023-05-31 12:51:47",
            "updateDate": "2023-05-31 12:51:47",
            "name": "标准",
            "money": 10000.0,
            "moneyType": 2,
            "prefixCount": 1,
            "remart": "test",
            "entName": null,
            "entUserId": null,
            "ruleType": 2,
            "escrowId": null
        }
    ]
}

2023-06-16 16:22:41.875 | INFO     | httprunner.client:request:217 - status_code: 200, response_time(ms): 54.01 ms, response_length: 0 bytes
2023-06-16 16:22:41.875 | INFO     | httprunner.response:extract:179 - extract mapping: {'annualFeeRuleId': 78}
2023-06-16 16:22:41.875 | INFO     | httprunner.response:validate:249 - assert status_code equal 200(int)	==> pass
2023-06-16 16:22:41.876 | INFO     | httprunner.response:validate:249 - assert body.message equal success(str)	==> pass
2023-06-16 16:22:41.876 | INFO     | httprunner.response:validate:249 - assert body.status equal 1(int)	==> pass
2023-06-16 16:22:41.876 | INFO     | httprunner.runner:__run_step:304 - run step end: 财务规则查询-年费 <<<<<<

2023-06-16 16:22:41.876 | INFO     | httprunner.runner:__run_step_testcase:286 - export variables: {'annualFeeRuleId': 78}
2023-06-16 16:22:41.877 | INFO     | httprunner.runner:__run_step:304 - run step end: 年费费用查询 <<<<<<

2023-06-16 16:22:41.878 | INFO     | httprunner.runner:__run_step:292 - run step begin: 注册费费用查询 >>>>>>
2023-06-16 16:22:41.878 | INFO     | httprunner.runner:__run_step:292 - run step begin: 财务规则查询-注册费 >>>>>>
2023-06-16 16:22:41.943 | DEBUG    | httprunner.client:request:186 - client IP: 127.0.0.1, Port: 55681
2023-06-16 16:22:41.944 | DEBUG    | httprunner.client:request:194 - server IP: 127.0.0.1, Port: 8888
2023-06-16 16:22:41.944 | DEBUG    | httprunner.client:log_print:40 - 
================== request details ==================
method   : GET
url      : http://139.198.116.76:8000/api/finance/rule/findRule?moneyType=1&userId=1438
headers  : {
    "User-Agent": "Mozilla/5.0 (Macintosh; Intel Mac OS X 10_15_7) AppleWebKit/537.36 (KHTML, like Gecko) Chrome/98.0.4758.102 Safari/537.36 Edg/98.0.1108.56",
    "Accept-Encoding": "gzip, deflate",
    "Accept": "application/json, text/plain, */*",
    "Connection": "keep-alive",
    "Accept-Language": "zh-CN,zh;q=0.9,en;q=0.8,en-GB;q=0.7,en-US;q=0.6",
    "HRUN-Request-ID": "HRUN-8cf38b29-9398-42e1-9c62-d49543d2f50b-761879",
    "Cookie": "SESSION=NWQzZTk5YzAtZGQ5Yy00ODU2LThiYmQtYzg4ZjJmZTc3NGQ0; SESSION=response.headers.\"Set-Cookie\".session"
}
cookies  : {
    "SESSION": "NWQzZTk5YzAtZGQ5Yy00ODU2LThiYmQtYzg4ZjJmZTc3NGQ0"
}
body     : None

2023-06-16 16:22:41.945 | DEBUG    | httprunner.client:log_print:40 - 
================== response details ==================
status_code : 200
headers  : {
    "Server": "nginx",
    "Date": "Fri, 16 Jun 2023 08:22:42 GMT",
    "Content-Type": "application/json;charset=UTF-8",
    "Transfer-Encoding": "chunked",
    "X-Frame-Options": "SAMEORIGIN",
    "Connection": "keep-alive"
}
cookies  : {}
encoding : UTF-8
content_type : application/json;charset=UTF-8
body     : {
    "message": "success",
    "status": 1,
    "data": [
        {
            "id": 77,
            "createDate": "2023-05-31 12:51:33",
            "updateDate": "2023-05-31 12:51:33",
            "name": "标准",
            "money": 10000.0,
            "moneyType": 1,
            "prefixCount": 1,
            "remart": "test",
            "entName": null,
            "entUserId": null,
            "ruleType": 2,
            "escrowId": null
        }
    ]
}

2023-06-16 16:22:41.945 | INFO     | httprunner.client:request:217 - status_code: 200, response_time(ms): 64.75 ms, response_length: 0 bytes
2023-06-16 16:22:41.945 | INFO     | httprunner.response:extract:179 - extract mapping: {'regFeeRuleId': 77}
2023-06-16 16:22:41.946 | INFO     | httprunner.response:validate:249 - assert status_code equal 200(int)	==> pass
2023-06-16 16:22:41.946 | INFO     | httprunner.response:validate:249 - assert body.message equal success(str)	==> pass
2023-06-16 16:22:41.946 | INFO     | httprunner.response:validate:249 - assert body.status equal 1(int)	==> pass
2023-06-16 16:22:41.946 | INFO     | httprunner.runner:__run_step:304 - run step end: 财务规则查询-注册费 <<<<<<

2023-06-16 16:22:41.946 | INFO     | httprunner.runner:__run_step_testcase:286 - export variables: {'regFeeRuleId': 77}
2023-06-16 16:22:41.947 | INFO     | httprunner.runner:__run_step:304 - run step end: 注册费费用查询 <<<<<<

2023-06-16 16:22:41.947 | INFO     | httprunner.runner:__run_step:292 - run step begin: 审核结果保存 >>>>>>
2023-06-16 16:22:41.948 | INFO     | httprunner.runner:__run_step:292 - run step begin: 企业审核保存 >>>>>>
2023-06-16 16:22:43.820 | DEBUG    | httprunner.client:request:186 - client IP: 127.0.0.1, Port: 55681
2023-06-16 16:22:43.821 | DEBUG    | httprunner.client:request:194 - server IP: 127.0.0.1, Port: 8888
2023-06-16 16:22:43.821 | DEBUG    | httprunner.client:log_print:40 - 
================== request details ==================
method   : POST
url      : http://139.198.116.76:8000/api/v3/ent/audit/save?annualFeeRuleId=78&applyId=1213&auditMsg=%E5%AE%A1%E6%A0%B8%E9%80%9A%E8%BF%87&auditResult=pass&entPrefix=88.408.6306124187&regFeeRuleId=77
headers  : {
    "User-Agent": "Mozilla/5.0 (Macintosh; Intel Mac OS X 10_15_7) AppleWebKit/537.36 (KHTML, like Gecko) Chrome/98.0.4758.102 Safari/537.36 Edg/98.0.1108.56",
    "Accept-Encoding": "gzip, deflate",
    "Accept": "application/json, text/plain, */*",
    "Connection": "keep-alive",
    "Accept-Language": "zh-CN,zh;q=0.9,en;q=0.8,en-GB;q=0.7,en-US;q=0.6",
    "Content-Length": "0",
    "HRUN-Request-ID": "HRUN-8cf38b29-9398-42e1-9c62-d49543d2f50b-761949",
    "Cookie": "SESSION=NWQzZTk5YzAtZGQ5Yy00ODU2LThiYmQtYzg4ZjJmZTc3NGQ0; SESSION=response.headers.\"Set-Cookie\".session"
}
cookies  : {
    "SESSION": "NWQzZTk5YzAtZGQ5Yy00ODU2LThiYmQtYzg4ZjJmZTc3NGQ0"
}
body     : None

2023-06-16 16:22:43.822 | DEBUG    | httprunner.client:log_print:40 - 
================== response details ==================
status_code : 200
headers  : {
    "Server": "nginx",
    "Date": "Fri, 16 Jun 2023 08:22:43 GMT",
    "Content-Type": "application/json",
    "Transfer-Encoding": "chunked",
    "X-Frame-Options": "SAMEORIGIN",
    "Connection": "keep-alive"
}
cookies  : {}
encoding : utf-8
content_type : application/json
body     : {
    "message": "success",
    "status": 1,
    "data": true
}

2023-06-16 16:22:43.823 | INFO     | httprunner.client:request:217 - status_code: 200, response_time(ms): 1870.91 ms, response_length: 0 bytes
2023-06-16 16:22:43.823 | INFO     | httprunner.response:validate:249 - assert status_code equal 200(int)	==> pass
2023-06-16 16:22:43.823 | INFO     | httprunner.response:validate:249 - assert body.message equal success(str)	==> pass
2023-06-16 16:22:43.823 | INFO     | httprunner.response:validate:249 - assert body.status equal 1(int)	==> pass
2023-06-16 16:22:43.823 | INFO     | httprunner.response:validate:249 - assert body.data equal True(bool)	==> pass
2023-06-16 16:22:43.823 | INFO     | httprunner.runner:__run_step:304 - run step end: 企业审核保存 <<<<<<

2023-06-16 16:22:43.824 | INFO     | httprunner.runner:__run_step:304 - run step end: 审核结果保存 <<<<<<

2023-06-16 16:22:43.824 | INFO     | httprunner.runner:__run_step:292 - run step begin: 前缀分配列表 >>>>>>
2023-06-16 16:22:43.825 | INFO     | httprunner.runner:__run_step:292 - run step begin: 前缀分配分页 >>>>>>
2023-06-16 16:22:43.880 | DEBUG    | httprunner.client:request:186 - client IP: 127.0.0.1, Port: 55681
2023-06-16 16:22:43.880 | DEBUG    | httprunner.client:request:194 - server IP: 127.0.0.1, Port: 8888
2023-06-16 16:22:43.881 | DEBUG    | httprunner.client:log_print:40 - 
================== request details ==================
method   : GET
url      : http://139.198.116.76:8000/api/v3/ent/prefix/alloc/pageQuery?currentPage=1&order=&orderProp=&orgName=7QH3Rq10nULZxEE5FU08p2EZ0MoxYfLh
headers  : {
    "User-Agent": "Mozilla/5.0 (Macintosh; Intel Mac OS X 10_15_7) AppleWebKit/537.36 (KHTML, like Gecko) Chrome/98.0.4758.102 Safari/537.36 Edg/98.0.1108.56",
    "Accept-Encoding": "gzip, deflate",
    "Accept": "application/json, text/plain, */*",
    "Connection": "keep-alive",
    "Accept-Language": "zh-CN,zh;q=0.9,en;q=0.8,en-GB;q=0.7,en-US;q=0.6",
    "HRUN-Request-ID": "HRUN-8cf38b29-9398-42e1-9c62-d49543d2f50b-763825",
    "Cookie": "SESSION=NWQzZTk5YzAtZGQ5Yy00ODU2LThiYmQtYzg4ZjJmZTc3NGQ0; SESSION=response.headers.\"Set-Cookie\".session"
}
cookies  : {
    "SESSION": "NWQzZTk5YzAtZGQ5Yy00ODU2LThiYmQtYzg4ZjJmZTc3NGQ0"
}
body     : None

2023-06-16 16:22:43.882 | DEBUG    | httprunner.client:log_print:40 - 
================== response details ==================
status_code : 200
headers  : {
    "Server": "nginx",
    "Date": "Fri, 16 Jun 2023 08:22:43 GMT",
    "Content-Type": "application/json",
    "Transfer-Encoding": "chunked",
    "X-Frame-Options": "SAMEORIGIN",
    "Connection": "keep-alive"
}
cookies  : {}
encoding : utf-8
content_type : application/json
body     : {
    "message": "success",
    "status": 1,
    "data": {
        "first": true,
        "last": true,
        "totalPages": 1,
        "totalElements": 1,
        "number": 1,
        "size": 10,
        "sort": null,
        "numberOfElements": 1,
        "content": [
            {
                "orgName": "7QH3Rq10nULZxEE5FU08p2EZ0MoxYfLh",
                "entPrefix": "88.408.6306124187",
                "orgTypeDesc": "国有控股",
                "escrowOrgName": null,
                "orgCategorySpecificDesc": "农、林、牧、渔业-农业",
                "orgCrtCode": "7QH3Rq10nULZxEE5FU08p2EZ0MoxYfLh",
                "userId": 1438,
                "updateDate": "2023-06-16 16:22:44"
            }
        ]
    }
}

2023-06-16 16:22:43.882 | INFO     | httprunner.client:request:217 - status_code: 200, response_time(ms): 54.77 ms, response_length: 0 bytes
2023-06-16 16:22:43.883 | INFO     | httprunner.response:extract:179 - extract mapping: {'userId': 1438, 'orgName': '7QH3Rq10nULZxEE5FU08p2EZ0MoxYfLh'}
2023-06-16 16:22:43.883 | INFO     | httprunner.response:validate:249 - assert status_code equal 200(int)	==> pass
2023-06-16 16:22:43.884 | INFO     | httprunner.response:validate:249 - assert body.message equal success(str)	==> pass
2023-06-16 16:22:43.884 | INFO     | httprunner.response:validate:249 - assert body.status equal 1(int)	==> pass
2023-06-16 16:22:43.884 | INFO     | httprunner.response:validate:249 - assert body.data.content[0].entPrefix equal 88.408.6306124187(str)	==> pass
2023-06-16 16:22:43.884 | INFO     | httprunner.runner:__run_step:304 - run step end: 前缀分配分页 <<<<<<

2023-06-16 16:22:43.884 | INFO     | httprunner.runner:__run_step_testcase:286 - export variables: {'orgName': '7QH3Rq10nULZxEE5FU08p2EZ0MoxYfLh', 'userId': 1438}
2023-06-16 16:22:43.884 | INFO     | httprunner.runner:__run_step:304 - run step end: 前缀分配列表 <<<<<<

2023-06-16 16:22:43.885 | INFO     | httprunner.runner:__run_step:292 - run step begin: 收费标准查询-注册费 >>>>>>
2023-06-16 16:22:43.886 | INFO     | httprunner.runner:__run_step:292 - run step begin: 财务规则查询-注册费 >>>>>>
2023-06-16 16:22:43.937 | DEBUG    | httprunner.client:request:186 - client IP: 127.0.0.1, Port: 55681
2023-06-16 16:22:43.938 | DEBUG    | httprunner.client:request:194 - server IP: 127.0.0.1, Port: 8888
2023-06-16 16:22:43.938 | DEBUG    | httprunner.client:log_print:40 - 
================== request details ==================
method   : GET
url      : http://139.198.116.76:8000/api/finance/rule/findRule?moneyType=1&userId=1438
headers  : {
    "User-Agent": "Mozilla/5.0 (Macintosh; Intel Mac OS X 10_15_7) AppleWebKit/537.36 (KHTML, like Gecko) Chrome/98.0.4758.102 Safari/537.36 Edg/98.0.1108.56",
    "Accept-Encoding": "gzip, deflate",
    "Accept": "application/json, text/plain, */*",
    "Connection": "keep-alive",
    "Accept-Language": "zh-CN,zh;q=0.9,en;q=0.8,en-GB;q=0.7,en-US;q=0.6",
    "HRUN-Request-ID": "HRUN-8cf38b29-9398-42e1-9c62-d49543d2f50b-763886",
    "Cookie": "SESSION=NWQzZTk5YzAtZGQ5Yy00ODU2LThiYmQtYzg4ZjJmZTc3NGQ0; SESSION=response.headers.\"Set-Cookie\".session"
}
cookies  : {
    "SESSION": "NWQzZTk5YzAtZGQ5Yy00ODU2LThiYmQtYzg4ZjJmZTc3NGQ0"
}
body     : None

2023-06-16 16:22:43.939 | DEBUG    | httprunner.client:log_print:40 - 
================== response details ==================
status_code : 200
headers  : {
    "Server": "nginx",
    "Date": "Fri, 16 Jun 2023 08:22:44 GMT",
    "Content-Type": "application/json;charset=UTF-8",
    "Transfer-Encoding": "chunked",
    "X-Frame-Options": "SAMEORIGIN",
    "Connection": "keep-alive"
}
cookies  : {}
encoding : UTF-8
content_type : application/json;charset=UTF-8
body     : {
    "message": "success",
    "status": 1,
    "data": [
        {
            "id": 77,
            "createDate": "2023-05-31 12:51:33",
            "updateDate": "2023-05-31 12:51:33",
            "name": "标准",
            "money": 10000.0,
            "moneyType": 1,
            "prefixCount": 1,
            "remart": "test",
            "entName": null,
            "entUserId": null,
            "ruleType": 2,
            "escrowId": null
        }
    ]
}

2023-06-16 16:22:43.940 | INFO     | httprunner.client:request:217 - status_code: 200, response_time(ms): 51.39 ms, response_length: 0 bytes
2023-06-16 16:22:43.941 | INFO     | httprunner.response:extract:179 - extract mapping: {'regFeeRuleId': 77}
2023-06-16 16:22:43.941 | INFO     | httprunner.response:validate:249 - assert status_code equal 200(int)	==> pass
2023-06-16 16:22:43.941 | INFO     | httprunner.response:validate:249 - assert body.message equal success(str)	==> pass
2023-06-16 16:22:43.941 | INFO     | httprunner.response:validate:249 - assert body.status equal 1(int)	==> pass
2023-06-16 16:22:43.942 | INFO     | httprunner.runner:__run_step:304 - run step end: 财务规则查询-注册费 <<<<<<

2023-06-16 16:22:43.942 | INFO     | httprunner.runner:__run_step_testcase:286 - export variables: {'regFeeRuleId': 77}
2023-06-16 16:22:43.942 | INFO     | httprunner.runner:__run_step:304 - run step end: 收费标准查询-注册费 <<<<<<

2023-06-16 16:22:43.943 | INFO     | httprunner.runner:__run_step:292 - run step begin: 收费标准查询-年费 >>>>>>
2023-06-16 16:22:43.944 | INFO     | httprunner.runner:__run_step:292 - run step begin: 财务规则查询-年费 >>>>>>
2023-06-16 16:22:44.002 | DEBUG    | httprunner.client:request:186 - client IP: 127.0.0.1, Port: 55681
2023-06-16 16:22:44.003 | DEBUG    | httprunner.client:request:194 - server IP: 127.0.0.1, Port: 8888
2023-06-16 16:22:44.004 | DEBUG    | httprunner.client:log_print:40 - 
================== request details ==================
method   : GET
url      : http://139.198.116.76:8000/api/finance/rule/findRule?moneyType=2&userId=1438
headers  : {
    "User-Agent": "Mozilla/5.0 (Macintosh; Intel Mac OS X 10_15_7) AppleWebKit/537.36 (KHTML, like Gecko) Chrome/98.0.4758.102 Safari/537.36 Edg/98.0.1108.56",
    "Accept-Encoding": "gzip, deflate",
    "Accept": "application/json, text/plain, */*",
    "Connection": "keep-alive",
    "Accept-Language": "zh-CN,zh;q=0.9,en;q=0.8,en-GB;q=0.7,en-US;q=0.6",
    "HRUN-Request-ID": "HRUN-8cf38b29-9398-42e1-9c62-d49543d2f50b-763944",
    "Cookie": "SESSION=NWQzZTk5YzAtZGQ5Yy00ODU2LThiYmQtYzg4ZjJmZTc3NGQ0; SESSION=response.headers.\"Set-Cookie\".session"
}
cookies  : {
    "SESSION": "NWQzZTk5YzAtZGQ5Yy00ODU2LThiYmQtYzg4ZjJmZTc3NGQ0"
}
body     : None

2023-06-16 16:22:44.475 | DEBUG    | httprunner.client:log_print:40 - 
================== response details ==================
status_code : 200
headers  : {
    "Server": "nginx",
    "Date": "Fri, 16 Jun 2023 08:22:44 GMT",
    "Content-Type": "application/json;charset=UTF-8",
    "Transfer-Encoding": "chunked",
    "X-Frame-Options": "SAMEORIGIN",
    "Connection": "keep-alive"
}
cookies  : {}
encoding : UTF-8
content_type : application/json;charset=UTF-8
body     : {
    "message": "success",
    "status": 1,
    "data": [
        {
            "id": 78,
            "createDate": "2023-05-31 12:51:47",
            "updateDate": "2023-05-31 12:51:47",
            "name": "标准",
            "money": 10000.0,
            "moneyType": 2,
            "prefixCount": 1,
            "remart": "test",
            "entName": null,
            "entUserId": null,
            "ruleType": 2,
            "escrowId": null
        }
    ]
}

2023-06-16 16:22:44.476 | INFO     | httprunner.client:request:217 - status_code: 200, response_time(ms): 57.93 ms, response_length: 0 bytes
2023-06-16 16:22:44.476 | INFO     | httprunner.response:extract:179 - extract mapping: {'annualFeeRuleId': 78}
2023-06-16 16:22:44.477 | INFO     | httprunner.response:validate:249 - assert status_code equal 200(int)	==> pass
2023-06-16 16:22:44.477 | INFO     | httprunner.response:validate:249 - assert body.message equal success(str)	==> pass
2023-06-16 16:22:44.477 | INFO     | httprunner.response:validate:249 - assert body.status equal 1(int)	==> pass
2023-06-16 16:22:44.477 | INFO     | httprunner.runner:__run_step:304 - run step end: 财务规则查询-年费 <<<<<<

2023-06-16 16:22:44.478 | INFO     | httprunner.runner:__run_step_testcase:286 - export variables: {'annualFeeRuleId': 78}
2023-06-16 16:22:44.478 | INFO     | httprunner.runner:__run_step:304 - run step end: 收费标准查询-年费 <<<<<<

2023-06-16 16:22:44.479 | INFO     | httprunner.runner:__run_step:292 - run step begin: 保存分配前缀 >>>>>>
2023-06-16 16:22:44.480 | INFO     | httprunner.runner:__run_step:292 - run step begin: 保存再分配的前缀 >>>>>>
