2023-06-14 10:44:35.869 | INFO     | httprunner.runner:test_start:450 - Start to run testcase: 前缀审核列表-企业名称查询, TestCase ID: 90e001b0-3ddc-4199-bd40-a6a52ae475d7
2023-06-14 10:44:35.869 | INFO     | httprunner.runner:__run_step:292 - run step begin: 前缀注册 >>>>>>
2023-06-14 10:44:35.869 | INFO     | httprunner.runner:__run_step:292 - run step begin: 用户注册 >>>>>>
2023-06-14 10:44:35.869 | INFO     | httprunner.runner:__run_step:292 - run step begin: 用户注册 >>>>>>
2023-06-14 10:44:35.972 | DEBUG    | httprunner.client:request:186 - client IP: 10.14.148.129, Port: 59421
2023-06-14 10:44:35.972 | DEBUG    | httprunner.client:request:194 - server IP: 139.198.116.76, Port: 8000
2023-06-14 10:44:35.972 | DEBUG    | httprunner.client:log_print:40 - 
================== request details ==================
method   : POST
url      : http://139.198.116.76:8000/api/home/test/registry
headers  : {
    "User-Agent": "Mozilla/5.0 (Windows NT 10.0; WOW64) AppleWebKit/537.36 (KHTML, like Gecko) Chrome/100.0.4896.60 Safari/537.36",
    "Accept-Encoding": "gzip, deflate",
    "Accept": "application/json, text/plain, */*",
    "Connection": "keep-alive",
    "Accept-Language": "zh-CN,zh;q=0.9",
    "HRUN-Request-ID": "HRUN-90e001b0-3ddc-4199-bd40-a6a52ae475d7-675870",
    "Content-Length": "187",
    "Content-Type": "application/json"
}
cookies  : {}
body     : {
    "email": "JYzaC93BB3sOr8sk@qaqseq.com",
    "mobile": "16515586452",
    "openId": "",
    "openUserName": "",
    "password": "Admin@123",
    "remarks": "",
    "username": "oZnh5dysZ6TRkOEihN4Oy9prxhxIkXhe"
}

2023-06-14 10:44:35.973 | DEBUG    | httprunner.client:log_print:40 - 
================== response details ==================
status_code : 200
headers  : {
    "Server": "nginx",
    "Date": "Wed, 14 Jun 2023 02:44:36 GMT",
    "Content-Type": "application/json",
    "Transfer-Encoding": "chunked",
    "Connection": "keep-alive",
    "X-Frame-Options": "SAMEORIGIN"
}
cookies  : {}
encoding : utf-8
content_type : application/json
body     : {
    "message": "success",
    "status": 1,
    "data": true
}

2023-06-14 10:44:35.973 | INFO     | httprunner.client:request:217 - status_code: 200, response_time(ms): 102.11 ms, response_length: 0 bytes
2023-06-14 10:44:35.973 | INFO     | httprunner.response:validate:249 - assert status_code equal 200(int)	==> pass
2023-06-14 10:44:35.973 | INFO     | httprunner.response:validate:249 - assert body.message equal success(str)	==> pass
2023-06-14 10:44:35.973 | INFO     | httprunner.response:validate:249 - assert body.status equal 1(int)	==> pass
2023-06-14 10:44:35.973 | INFO     | httprunner.response:validate:249 - assert body.message contains success(str)	==> pass
2023-06-14 10:44:35.974 | INFO     | httprunner.response:validate:249 - assert body.status contained_by [1, 200](list)	==> pass
2023-06-14 10:44:35.974 | INFO     | httprunner.runner:__run_step:304 - run step end: 用户注册 <<<<<<

2023-06-14 10:44:35.974 | INFO     | httprunner.runner:__run_step:304 - run step end: 用户注册 <<<<<<

2023-06-14 10:44:35.974 | INFO     | httprunner.runner:__run_step:292 - run step begin: 登录-企业 >>>>>>
2023-06-14 10:44:35.974 | INFO     | httprunner.runner:__run_step:292 - run step begin: 登录-企业用户 >>>>>>
2023-06-14 10:44:36.042 | DEBUG    | httprunner.client:request:186 - client IP: 10.14.148.129, Port: 59421
2023-06-14 10:44:36.042 | DEBUG    | httprunner.client:request:194 - server IP: 139.198.116.76, Port: 8000
2023-06-14 10:44:36.043 | DEBUG    | httprunner.client:log_print:40 - 
================== request details ==================
method   : POST
url      : http://139.198.116.76:8000/api/home/test/login
headers  : {
    "User-Agent": "python-requests/2.28.1",
    "Accept-Encoding": "gzip, deflate, br",
    "Accept": "*/*",
    "Connection": "keep-alive",
    "Content-Length": "170",
    "Content-Type": "application/json",
    "HRUN-Request-ID": "HRUN-90e001b0-3ddc-4199-bd40-a6a52ae475d7-675975"
}
cookies  : {}
body     : {
    "captcha": "0000",
    "captchaSign": "38d224fae91d24c9afba78ee5561bdedb922b4769b308801cd529f550d8d7c21",
    "emailCaptcha": "",
    "username": "oZnh5dysZ6TRkOEihN4Oy9prxhxIkXhe"
}

2023-06-14 10:44:36.043 | DEBUG    | httprunner.client:log_print:40 - 
================== response details ==================
status_code : 200
headers  : {
    "Server": "nginx",
    "Date": "Wed, 14 Jun 2023 02:44:36 GMT",
    "Content-Type": "application/json;charset=UTF-8",
    "Transfer-Encoding": "chunked",
    "Connection": "keep-alive",
    "Set-Cookie": "SESSION=YjI3MzQyY2ItM2NjMi00NDM4LWI0MTMtMDBhOWQxMTEwYjRj; Path=/; HttpOnly; SameSite=Lax",
    "X-Frame-Options": "SAMEORIGIN"
}
cookies  : {
    "SESSION": "YjI3MzQyY2ItM2NjMi00NDM4LWI0MTMtMDBhOWQxMTEwYjRj"
}
encoding : UTF-8
content_type : application/json;charset=UTF-8
body     : {
    "message": "success",
    "status": 1,
    "data": true
}

2023-06-14 10:44:36.044 | INFO     | httprunner.client:request:217 - status_code: 200, response_time(ms): 67.08 ms, response_length: 0 bytes
2023-06-14 10:44:36.044 | INFO     | httprunner.response:extract:179 - extract mapping: {'entSession': 'response.headers."Set-Cookie".session'}
2023-06-14 10:44:36.044 | INFO     | httprunner.response:validate:249 - assert status_code equal 200(int)	==> pass
2023-06-14 10:44:36.044 | INFO     | httprunner.response:validate:249 - assert headers."Content-Type" equal application/json;charset=UTF-8(str)	==> pass
2023-06-14 10:44:36.044 | INFO     | httprunner.response:validate:249 - assert body.message equal success(str)	==> pass
2023-06-14 10:44:36.044 | INFO     | httprunner.response:validate:249 - assert body.status equal 1(int)	==> pass
2023-06-14 10:44:36.045 | INFO     | httprunner.response:validate:249 - assert body.data equal True(bool)	==> pass
2023-06-14 10:44:36.045 | INFO     | httprunner.runner:__run_step:304 - run step end: 登录-企业用户 <<<<<<

2023-06-14 10:44:36.045 | INFO     | httprunner.runner:__run_step_testcase:286 - export variables: {'entSession': 'response.headers."Set-Cookie".session'}
2023-06-14 10:44:36.045 | INFO     | httprunner.runner:__run_step:304 - run step end: 登录-企业 <<<<<<

2023-06-14 10:44:36.045 | INFO     | httprunner.runner:__run_step:292 - run step begin: 前缀注册企业资质图片上传 >>>>>>
2023-06-14 10:44:36.046 | INFO     | httprunner.runner:__run_step:292 - run step begin: 前缀注册企业资质图片上传 >>>>>>
2023-06-14 10:44:36.229 | DEBUG    | httprunner.client:request:186 - client IP: 10.14.148.129, Port: 59421
2023-06-14 10:44:36.230 | DEBUG    | httprunner.client:request:194 - server IP: 139.198.116.76, Port: 8000
2023-06-14 10:44:36.231 | DEBUG    | httprunner.client:log_print:40 - 
================== request details ==================
method   : POST
url      : http://139.198.116.76:8000/api/file/img/upload
headers  : {
    "User-Agent": "Mozilla/5.0 (Macintosh; Intel Mac OS X 10_15_7) AppleWebKit/537.36 (KHTML, like Gecko) Chrome/105.0.0.0 Safari/537.36",
    "Accept-Encoding": "gzip, deflate",
    "Accept": "application/json, text/plain, */*",
    "Connection": "keep-alive",
    "Accept-Language": "zh-CN,zh;q=0.9",
    "Content-Type": "multipart/form-data; boundary=7c180f7951db4e9484bb187bbe6fe0a3",
    "HRUN-Request-ID": "HRUN-90e001b0-3ddc-4199-bd40-a6a52ae475d7-676047",
    "Cookie": "SESSION=YjI3MzQyY2ItM2NjMi00NDM4LWI0MTMtMDBhOWQxMTEwYjRj; SESSION=response.headers.\"Set-Cookie\".session",
    "Content-Length": "20435"
}
cookies  : {
    "SESSION": "YjI3MzQyY2ItM2NjMi00NDM4LWI0MTMtMDBhOWQxMTEwYjRj"
}
body     : upload file stream (OMITTED)

2023-06-14 10:44:36.232 | DEBUG    | httprunner.client:log_print:40 - 
================== response details ==================
status_code : 200
headers  : {
    "Server": "nginx",
    "Date": "Wed, 14 Jun 2023 02:44:36 GMT",
    "Content-Type": "application/json;charset=UTF-8",
    "Transfer-Encoding": "chunked",
    "Connection": "keep-alive",
    "X-Frame-Options": "SAMEORIGIN"
}
cookies  : {}
encoding : UTF-8
content_type : application/json;charset=UTF-8
body     : {
    "message": "success",
    "status": 1,
    "data": {
        "id": 2143,
        "path": "eddd61c5-18db-4de9-af79-01ab25f89c49.jpeg"
    }
}

2023-06-14 10:44:36.232 | INFO     | httprunner.client:request:217 - status_code: 200, response_time(ms): 181.6 ms, response_length: 0 bytes
2023-06-14 10:44:36.233 | INFO     | httprunner.response:extract:179 - extract mapping: {'imgId': 2143}
2023-06-14 10:44:36.234 | INFO     | httprunner.response:validate:249 - assert status_code equal 200(int)	==> pass
2023-06-14 10:44:36.234 | INFO     | httprunner.runner:__run_step:304 - run step end: 前缀注册企业资质图片上传 <<<<<<

2023-06-14 10:44:36.235 | INFO     | httprunner.runner:__run_step_testcase:286 - export variables: {'imgId': 2143}
2023-06-14 10:44:36.235 | INFO     | httprunner.runner:__run_step:304 - run step end: 前缀注册企业资质图片上传 <<<<<<

2023-06-14 10:44:36.236 | INFO     | httprunner.runner:__run_step:292 - run step begin: 前缀注册企业联系人身份证图片正面上传 >>>>>>
2023-06-14 10:44:36.237 | INFO     | httprunner.runner:__run_step:292 - run step begin: 前缀注册企业联系人身份证图片背面上传 >>>>>>
2023-06-14 10:44:36.482 | DEBUG    | httprunner.client:request:186 - client IP: 10.14.148.129, Port: 59421
2023-06-14 10:44:36.483 | DEBUG    | httprunner.client:request:194 - server IP: 139.198.116.76, Port: 8000
2023-06-14 10:44:36.487 | DEBUG    | httprunner.client:log_print:40 - 
================== request details ==================
method   : POST
url      : http://139.198.116.76:8000/api/file/img/upload
headers  : {
    "User-Agent": "Mozilla/5.0 (Macintosh; Intel Mac OS X 10_15_7) AppleWebKit/537.36 (KHTML, like Gecko) Chrome/105.0.0.0 Safari/537.36",
    "Accept-Encoding": "gzip, deflate",
    "Accept": "application/json, text/plain, */*",
    "Connection": "keep-alive",
    "Accept-Language": "zh-CN,zh;q=0.9",
    "Content-Type": "multipart/form-data; boundary=0078a417d8234aac9cf853ca5b83b44d",
    "HRUN-Request-ID": "HRUN-90e001b0-3ddc-4199-bd40-a6a52ae475d7-676238",
    "Cookie": "SESSION=YjI3MzQyY2ItM2NjMi00NDM4LWI0MTMtMDBhOWQxMTEwYjRj; SESSION=response.headers.\"Set-Cookie\".session",
    "Content-Length": "20435"
}
cookies  : {
    "SESSION": "YjI3MzQyY2ItM2NjMi00NDM4LWI0MTMtMDBhOWQxMTEwYjRj"
}
body     : upload file stream (OMITTED)

2023-06-14 10:44:36.489 | DEBUG    | httprunner.client:log_print:40 - 
================== response details ==================
status_code : 200
headers  : {
    "Server": "nginx",
    "Date": "Wed, 14 Jun 2023 02:44:36 GMT",
    "Content-Type": "application/json;charset=UTF-8",
    "Transfer-Encoding": "chunked",
    "Connection": "keep-alive",
    "X-Frame-Options": "SAMEORIGIN"
}
cookies  : {}
encoding : UTF-8
content_type : application/json;charset=UTF-8
body     : {
    "message": "success",
    "status": 1,
    "data": {
        "id": 2144,
        "path": "f0314b4b-285f-4787-8a53-77f92900ce20.jpeg"
    }
}

2023-06-14 10:44:36.490 | INFO     | httprunner.client:request:217 - status_code: 200, response_time(ms): 242.74 ms, response_length: 0 bytes
2023-06-14 10:44:36.490 | INFO     | httprunner.response:extract:179 - extract mapping: {'imgId_f': 2144}
2023-06-14 10:44:36.491 | INFO     | httprunner.response:validate:249 - assert status_code equal 200(int)	==> pass
2023-06-14 10:44:36.492 | INFO     | httprunner.runner:__run_step:304 - run step end: 前缀注册企业联系人身份证图片背面上传 <<<<<<

2023-06-14 10:44:36.492 | INFO     | httprunner.runner:__run_step_testcase:286 - export variables: {'imgId_f': 2144}
2023-06-14 10:44:36.492 | INFO     | httprunner.runner:__run_step:304 - run step end: 前缀注册企业联系人身份证图片正面上传 <<<<<<

2023-06-14 10:44:36.493 | INFO     | httprunner.runner:__run_step:292 - run step begin: 前缀注册企业联系人身份证图片背面上传 >>>>>>
2023-06-14 10:44:36.495 | INFO     | httprunner.runner:__run_step:292 - run step begin: 前缀注册企业联系人身份证图片背面上传 >>>>>>
2023-06-14 10:44:36.642 | DEBUG    | httprunner.client:request:186 - client IP: 10.14.148.129, Port: 59421
2023-06-14 10:44:36.643 | DEBUG    | httprunner.client:request:194 - server IP: 139.198.116.76, Port: 8000
2023-06-14 10:44:36.649 | DEBUG    | httprunner.client:log_print:40 - 
================== request details ==================
method   : POST
url      : http://139.198.116.76:8000/api/file/img/upload
headers  : {
    "User-Agent": "Mozilla/5.0 (Macintosh; Intel Mac OS X 10_15_7) AppleWebKit/537.36 (KHTML, like Gecko) Chrome/105.0.0.0 Safari/537.36",
    "Accept-Encoding": "gzip, deflate",
    "Accept": "application/json, text/plain, */*",
    "Connection": "keep-alive",
    "Accept-Language": "zh-CN,zh;q=0.9",
    "Content-Type": "multipart/form-data; boundary=3c0a29f9dacb4a81888ebc99882be7c3",
    "HRUN-Request-ID": "HRUN-90e001b0-3ddc-4199-bd40-a6a52ae475d7-676497",
    "Cookie": "SESSION=YjI3MzQyY2ItM2NjMi00NDM4LWI0MTMtMDBhOWQxMTEwYjRj; SESSION=response.headers.\"Set-Cookie\".session",
    "Content-Length": "20435"
}
cookies  : {
    "SESSION": "YjI3MzQyY2ItM2NjMi00NDM4LWI0MTMtMDBhOWQxMTEwYjRj"
}
body     : upload file stream (OMITTED)

2023-06-14 10:44:36.651 | DEBUG    | httprunner.client:log_print:40 - 
================== response details ==================
status_code : 200
headers  : {
    "Server": "nginx",
    "Date": "Wed, 14 Jun 2023 02:44:36 GMT",
    "Content-Type": "application/json;charset=UTF-8",
    "Transfer-Encoding": "chunked",
    "Connection": "keep-alive",
    "X-Frame-Options": "SAMEORIGIN"
}
cookies  : {}
encoding : UTF-8
content_type : application/json;charset=UTF-8
body     : {
    "message": "success",
    "status": 1,
    "data": {
        "id": 2145,
        "path": "314a4ae3-e567-4729-96bb-465f1d097cc8.jpeg"
    }
}

2023-06-14 10:44:36.651 | INFO     | httprunner.client:request:217 - status_code: 200, response_time(ms): 144.17 ms, response_length: 0 bytes
2023-06-14 10:44:36.652 | INFO     | httprunner.response:extract:179 - extract mapping: {'imgId_b': 2145}
2023-06-14 10:44:36.652 | INFO     | httprunner.response:validate:249 - assert status_code equal 200(int)	==> pass
2023-06-14 10:44:36.653 | INFO     | httprunner.runner:__run_step:304 - run step end: 前缀注册企业联系人身份证图片背面上传 <<<<<<

2023-06-14 10:44:36.653 | INFO     | httprunner.runner:__run_step_testcase:286 - export variables: {'imgId_b': 2145}
2023-06-14 10:44:36.653 | INFO     | httprunner.runner:__run_step:304 - run step end: 前缀注册企业联系人身份证图片背面上传 <<<<<<

2023-06-14 10:44:36.654 | INFO     | httprunner.runner:__run_step:292 - run step begin: 企业注册第一步提交信息 >>>>>>
2023-06-14 10:44:36.656 | INFO     | httprunner.runner:__run_step:292 - run step begin: 企业注册第一步提交信息 >>>>>>
2023-06-14 10:44:36.839 | DEBUG    | httprunner.client:request:186 - client IP: 10.14.148.129, Port: 59421
2023-06-14 10:44:36.840 | DEBUG    | httprunner.client:request:194 - server IP: 139.198.116.76, Port: 8000
2023-06-14 10:44:36.843 | DEBUG    | httprunner.client:log_print:40 - 
================== request details ==================
method   : POST
url      : http://139.198.116.76:8000/api/v3/entApply/basicInfo/submit
headers  : {
    "User-Agent": "Mozilla/5.0 (Macintosh; Intel Mac OS X 10_15_7) AppleWebKit/537.36 (KHTML, like Gecko) Chrome/105.0.0.0 Safari/537.36",
    "Accept-Encoding": "gzip, deflate",
    "Accept": "application/json, text/plain, */*",
    "Connection": "keep-alive",
    "Accept-Language": "zh-CN,zh;q=0.9",
    "Content-Type": "application/json;charset=UTF-8",
    "HRUN-Request-ID": "HRUN-90e001b0-3ddc-4199-bd40-a6a52ae475d7-676657",
    "Cookie": "SESSION=YjI3MzQyY2ItM2NjMi00NDM4LWI0MTMtMDBhOWQxMTEwYjRj; SESSION=response.headers.\"Set-Cookie\".session",
    "Content-Length": "2528"
}
cookies  : {
    "SESSION": "YjI3MzQyY2ItM2NjMi00NDM4LWI0MTMtMDBhOWQxMTEwYjRj"
}
body     : {
    "applyStep": 2,
    "applyType": null,
    "area": [
        "110000",
        "110100",
        "110101"
    ],
    "cltrid": null,
    "contactCrtBackImgPath": null,
    "contactCrtBackImgRid": 2145,
    "contactCrtFrontImgPath": null,
    "contactCrtFrontImgRid": 2144,
    "contactCrtNo": "526070196505293817",
    "contactCrtType": 1,
    "contactEmail": "JYzaC93BB3sOr8sk@qaqseq.com",
    "contactName": "oZnh5dysZ6TRkOEihN4Oy9prxhxIkXhe",
    "contactPhone": "16515586452",
    "createDate": null,
    "dataHostingContractFilePath": null,
    "dataHostingContractFileRid": null,
    "dataHostingOrg": null,
    "entGeneralId": null,
    "entInfoLicenses": [],
    "entInfoSerIndustrys": [],
    "entPrefix": "88.408.702519064886",
    "escrowId": null,
    "escrowOrgName": null,
    "establishDate": null,
    "extDomain": null,
    "extIpAddr": null,
    "extWebName": null,
    "finalAuditMsg": null,
    "finalAuditStatus": null,
    "firstAuditMsg": null,
    "firstAuditStatus": null,
    "id": null,
    "idRegNaImp": null,
    "industry": [
        "A",
        "01"
    ],
    "industryCategory": "A",
    "industrySpecific": "01",
    "isSubmit": 0,
    "legalCrtBackImgContent": null,
    "legalCrtBackImgPath": null,
    "legalCrtBackImgRid": 2145,
    "legalCrtFrontImgContent": null,
    "legalCrtFrontImgPath": null,
    "legalCrtFrontImgRid": 2144,
    "legalCrtNo": "526070196505293817",
    "legalCrtType": "1",
    "legalCrtTypeDesc": "中国居民身份证",
    "legalEmail": null,
    "legalFax": null,
    "legalName": "张三",
    "legalPhone": null,
    "orgAddr": "致真",
    "orgAddrCity": "110100",
    "orgAddrCityDesc": "市辖区",
    "orgAddrCounty": "110101",
    "orgAddrCountyDesc": "东城区",
    "orgAddrProvince": "110000",
    "orgAddrProvinceDesc": "北京市",
    "orgCategorySpecificDesc": "农、林、牧、渔业-农业",
    "orgCrtCode": "mjJGzTcXvSe3xL89333MkV8XRawVSqM3",
    "orgCrtImgContent": null,
    "orgCrtImgPath": null,
    "orgCrtImgRid": 2143,
    "orgCrtType": "1",
    "orgDesc": null,
    "orgName": "lth",
    "orgNature": "1",
    "orgNatureDesc": "国有控股",
    "periodValidity": null,
    "regAuthority": null,
    "regCapital": null,
    "regRealNaImpName": null,
    "regRealNaImpType": null,
    "servHostingContractFilePath": null,
    "servHostingContractFileRid": null,
    "servHostingOrg": null,
    "servSysBuildContractFilePath": null,
    "servSysBuildContractFileRid": null,
    "servSysBuildName": null,
    "servSysBuildType": 1,
    "servSysOperContractFilePath": null,
    "servSysOperContractFileRid": null,
    "servSysOperName": null,
    "servSysOperType": 1,
    "svtrid": null,
    "thirdServiceMsg": null,
    "thirdServiceStatus": null,
    "updateDate": null,
    "userId": null,
    "userName": null,
    "website": null
}

2023-06-14 10:44:36.844 | DEBUG    | httprunner.client:log_print:40 - 
================== response details ==================
status_code : 200
headers  : {
    "Server": "nginx",
    "Date": "Wed, 14 Jun 2023 02:44:36 GMT",
    "Content-Type": "application/json;charset=UTF-8",
    "Transfer-Encoding": "chunked",
    "Connection": "keep-alive",
    "X-Frame-Options": "SAMEORIGIN"
}
cookies  : {}
encoding : UTF-8
content_type : application/json;charset=UTF-8
body     : {
    "message": "success",
    "status": 1,
    "data": true
}

2023-06-14 10:44:36.845 | INFO     | httprunner.client:request:217 - status_code: 200, response_time(ms): 181.62 ms, response_length: 0 bytes
2023-06-14 10:44:36.846 | INFO     | httprunner.response:validate:249 - assert status_code equal 200(int)	==> pass
2023-06-14 10:44:36.846 | INFO     | httprunner.response:validate:249 - assert body.message equal success(str)	==> pass
2023-06-14 10:44:36.847 | INFO     | httprunner.runner:__run_step:304 - run step end: 企业注册第一步提交信息 <<<<<<

2023-06-14 10:44:36.847 | INFO     | httprunner.runner:__run_step:304 - run step end: 企业注册第一步提交信息 <<<<<<

2023-06-14 10:44:36.848 | INFO     | httprunner.runner:__run_step:292 - run step begin: 企业注册查询注册信息 >>>>>>
2023-06-14 10:44:36.850 | INFO     | httprunner.runner:__run_step:292 - run step begin: 企业注册查询注册信息 >>>>>>
2023-06-14 10:44:36.942 | DEBUG    | httprunner.client:request:186 - client IP: 10.14.148.129, Port: 59421
2023-06-14 10:44:36.944 | DEBUG    | httprunner.client:request:194 - server IP: 139.198.116.76, Port: 8000
2023-06-14 10:44:36.945 | DEBUG    | httprunner.client:log_print:40 - 
================== request details ==================
method   : GET
url      : http://139.198.116.76:8000/api/v3/entApply/applyOrNot
headers  : {
    "User-Agent": "Mozilla/5.0 (Macintosh; Intel Mac OS X 10_15_7) AppleWebKit/537.36 (KHTML, like Gecko) Chrome/105.0.0.0 Safari/537.36",
    "Accept-Encoding": "gzip, deflate",
    "Accept": "application/json, text/plain, */*",
    "Connection": "keep-alive",
    "Accept-Language": "zh-CN,zh;q=0.9",
    "HRUN-Request-ID": "HRUN-90e001b0-3ddc-4199-bd40-a6a52ae475d7-676851",
    "Cookie": "SESSION=YjI3MzQyY2ItM2NjMi00NDM4LWI0MTMtMDBhOWQxMTEwYjRj; SESSION=response.headers.\"Set-Cookie\".session"
}
cookies  : {
    "SESSION": "YjI3MzQyY2ItM2NjMi00NDM4LWI0MTMtMDBhOWQxMTEwYjRj"
}
body     : None

2023-06-14 10:44:36.947 | DEBUG    | httprunner.client:log_print:40 - 
================== response details ==================
status_code : 200
headers  : {
    "Server": "nginx",
    "Date": "Wed, 14 Jun 2023 02:44:36 GMT",
    "Content-Type": "application/json;charset=UTF-8",
    "Transfer-Encoding": "chunked",
    "Connection": "keep-alive",
    "X-Frame-Options": "SAMEORIGIN"
}
cookies  : {}
encoding : UTF-8
content_type : application/json;charset=UTF-8
body     : {
    "message": "success",
    "status": 1,
    "data": {
        "nbmsEntApplyPO": {
            "id": 1146,
            "createDate": "2023-06-14 10:44:37",
            "updateDate": "2023-06-14 10:44:37",
            "applyType": null,
            "entGeneralId": null,
            "applyStep": 2,
            "isSubmit": 0,
            "entPrefix": "88.408.702519064886",
            "firstAuditStatus": null,
            "firstAuditMsg": null,
            "thirdServiceStatus": null,
            "thirdServiceMsg": null,
            "userName": "oZnh5dysZ6TRkOEihN4Oy9prxhxIkXhe",
            "finalAuditStatus": null,
            "finalAuditMsg": null,
            "svtrid": null,
            "cltrid": null,
            "userId": 1357,
            "orgName": "lth",
            "orgNature": "1",
            "orgAddrProvince": "110000",
            "orgAddrCity": "110100",
            "orgAddrCounty": "110101",
            "orgAddr": "致真",
            "orgCrtType": "1",
            "orgCrtCode": "mjJGzTcXvSe3xL89333MkV8XRawVSqM3",
            "legalName": "张三",
            "legalCrtType": "1",
            "legalCrtNo": "526070196505293817",
            "orgDesc": null,
            "industryCategory": "A",
            "industrySpecific": "01",
            "contactName": "oZnh5dysZ6TRkOEihN4Oy9prxhxIkXhe",
            "contactPhone": "16515586452",
            "contactCrtType": 1,
            "contactCrtNo": "526070196505293817",
            "contactEmail": "JYzaC93BB3sOr8sk@qaqseq.com",
            "website": null,
            "regAuthority": null,
            "regCapital": null,
            "establishDate": null,
            "periodValidity": null,
            "legalEmail": null,
            "legalPhone": null,
            "legalFax": null,
            "servSysBuildType": null,
            "servSysBuildName": null,
            "servSysOperType": null,
            "servSysOperName": null,
            "dataHostingOrg": null,
            "servHostingOrg": null,
            "regRealNaImpType": null,
            "regRealNaImpName": null,
            "idRegNaImp": null,
            "extWebName": null,
            "extDomain": null,
            "extIpAddr": null,
            "orgCrtImgRid": 2143,
            "contactCrtFrontImgRid": 2144,
            "contactCrtBackImgRid": 2145,
            "legalCrtFrontImgRid": 2144,
            "legalCrtBackImgRid": 2145,
            "servSysBuildContractFileRid": null,
            "servSysOperContractFileRid": null,
            "dataHostingContractFileRid": null,
            "servHostingContractFileRid": null,
            "entInfoLicenses": [],
            "entInfoSyss": [],
            "entInfoSerIndustrys": [],
            "escrowId": null,
            "industryQualificationRid": null,
            "certificationRid": null,
            "openingBank": null,
            "bankCard": null,
            "verificationName": null,
            "orgNatureDesc": "国有控股",
            "orgCrtImgContent": null,
            "orgCategorySpecificDesc": "农、林、牧、渔业-农业",
            "orgAddrProvinceDesc": "北京市",
            "orgAddrCountyDesc": "东城区",
            "orgAddrCityDesc": "市辖区",
            "legalCrtTypeDesc": "中国居民身份证",
            "legalCrtFrontImgContent": null,
            "legalCrtBackImgContent": null,
            "orgCrtImgPath": "eddd61c5-18db-4de9-af79-01ab25f89c49.jpeg",
            "contactCrtFrontImgPath": "f0314b4b-285f-4787-8a53-77f92900ce20.jpeg",
            "contactCrtBackImgPath": "314a4ae3-e567-4729-96bb-465f1d097cc8.jpeg",
            "legalCrtFrontImgPath": "f0314b4b-285f-4787-8a53-77f92900ce20.jpeg",
            "legalCrtBackImgPath": "314a4ae3-e567-4729-96bb-465f1d097cc8.jpeg",
            "servSysBuildContractFilePath": null,
            "servSysOperContractFilePath": null,
            "dataHostingContractFilePath": null,
            "servHostingContractFilePath": null,
            "industryQualificationFilePath": null,
            "certificationFilePath": null,
            "escrowOrgName": null
        },
        "nbmsEntPO": null,
        "nbmsEntPrefixApplyPO": null,
        "needRelog": null,
        "applyStatus": 0
    }
}

2023-06-14 10:44:36.948 | INFO     | httprunner.client:request:217 - status_code: 200, response_time(ms): 91.16 ms, response_length: 0 bytes
2023-06-14 10:44:36.958 | INFO     | httprunner.response:extract:179 - extract mapping: {'applyId': 1146, 'userId': 1357, 'userName': 'oZnh5dysZ6TRkOEihN4Oy9prxhxIkXhe', 'imgId_f': 2144, 'imgId_b': 2145, 'entId': None, 'entUserId': None, 'prefix': '88.408.702519064886', 'contactCrtNo': '526070196505293817', 'contactCrtType': 1, 'contactEmail': 'JYzaC93BB3sOr8sk@qaqseq.com', 'contactName': 'oZnh5dysZ6TRkOEihN4Oy9prxhxIkXhe', 'contactPhone': '16515586452', 'industryCategory': 'A', 'industrySpecific': '01', 'orgName': 'lth', 'orgNature': '1', 'orgAddrProvince': '110000', 'orgAddrCity': '110100', 'orgAddrCounty': '110101', 'orgAddr': '致真', 'orgCrtType': '1', 'orgCrtCode': 'mjJGzTcXvSe3xL89333MkV8XRawVSqM3', 'legalName': '张三', 'legalEmail': None, 'legalPhone': None, 'legalCrtType': '1', 'legalCrtNo': '526070196505293817', 'legalCrtFrontImgRid': 2144, 'legalCrtBackImgRid': 2145, 'orgCrtImgRid': 2143, 'imgId': 2143, 'orgNatureDesc': '国有控股', 'orgCategorySpecificDesc': '农、林、牧、渔业-农业', 'orgAddrProvinceDesc': '北京市', 'orgAddrCountyDesc': '东城区', 'orgAddrCityDesc': '市辖区', 'legalCrtTypeDesc': '中国居民身份证', 'createDate': '2023-06-14 10:44:37', 'updateDate': '2023-06-14 10:44:37', 'entInfoSyss_0_id': None, 'entInfoSyss_0_entApplyId': None, 'entApplyId': None, 'entInfoSyss_0_sysType': None, 'entInfoSyss_0_deployMode': None, 'entInfoSyss_0_deployAddr': None, 'entInfoSyss_0_deployAddrProvince': None, 'entInfoSyss_0_deployAddrCity': None, 'entInfoSyss_0_deployAddrCounty': None, 'entInfoSyss_1_id': None, 'entInfoSyss_1_entApplyId': None, 'entInfoSyss_1_sysType': None, 'entInfoSyss_1_deployMode': None, 'entInfoSyss_1_deployAddr': None, 'entInfoSyss_1_deployAddrProvince': None, 'entInfoSyss_1_deployAddrCity': None, 'entInfoSyss_1_deployAddrCounty': None, 'entInfoSyss_2_id': None, 'entInfoSyss_2_entApplyId': None, 'entInfoSyss_2_sysType': None, 'entInfoSyss_2_deployMode': None, 'entInfoSyss_2_deployAddr': None, 'entInfoSyss_2_deployAddrProvince': None, 'entInfoSyss_2_deployAddrCity': None, 'entInfoSyss_2_deployAddrCounty': None, 'entInfoSyss_3_id': None, 'entInfoSyss_3_entApplyId': None, 'entInfoSyss_3_sysType': None, 'entInfoSyss_3_deployMode': None, 'entInfoSyss_3_deployAddr': None, 'entInfoSyss_3_deployAddrProvince': None, 'entInfoSyss_3_deployAddrCity': None, 'entInfoSyss_3_deployAddrCounty': None}
2023-06-14 10:44:36.959 | INFO     | httprunner.response:validate:249 - assert status_code equal 200(int)	==> pass
2023-06-14 10:44:36.960 | INFO     | httprunner.response:validate:249 - assert body.message equal success(str)	==> pass
2023-06-14 10:44:36.960 | INFO     | httprunner.runner:__run_step:304 - run step end: 企业注册查询注册信息 <<<<<<

2023-06-14 10:44:36.960 | INFO     | httprunner.runner:__run_step_testcase:286 - export variables: {'legalName': '张三', 'orgAddrProvinceDesc': '北京市', 'entInfoSyss_2_sysType': None, 'entUserId': None, 'entInfoSyss_0_deployAddrCounty': None, 'entInfoSyss_2_id': None, 'entInfoSyss_2_deployMode': None, 'orgNature': '1', 'entInfoSyss_3_id': None, 'legalPhone': None, 'entInfoSyss_0_deployAddrProvince': None, 'orgAddr': '致真', 'orgName': 'lth', 'updateDate': '2023-06-14 10:44:37', 'orgAddrCityDesc': '市辖区', 'industryCategory': 'A', 'entInfoSyss_0_id': None, 'industrySpecific': '01', 'entInfoSyss_3_deployAddrCounty': None, 'entInfoSyss_0_deployAddr': None, 'entInfoSyss_2_entApplyId': None, 'userId': 1357, 'entInfoSyss_2_deployAddr': None, 'entId': None, 'entInfoSyss_1_id': None, 'entInfoSyss_3_deployMode': None, 'contactEmail': 'JYzaC93BB3sOr8sk@qaqseq.com', 'orgAddrProvince': '110000', 'entInfoSyss_3_deployAddrCity': None, 'applyId': 1146, 'entInfoSyss_1_deployAddrCity': None, 'orgAddrCounty': '110101', 'entInfoSyss_3_entApplyId': None, 'entInfoSyss_1_deployAddrProvince': None, 'prefix': '88.408.702519064886', 'legalCrtTypeDesc': '中国居民身份证', 'orgCrtCode': 'mjJGzTcXvSe3xL89333MkV8XRawVSqM3', 'imgId': 2143, 'entInfoSyss_1_entApplyId': None, 'entInfoSyss_1_sysType': None, 'entInfoSyss_0_deployAddrCity': None, 'entInfoSyss_2_deployAddrCounty': None, 'legalCrtType': '1', 'legalCrtNo': '526070196505293817', 'orgNatureDesc': '国有控股', 'orgCategorySpecificDesc': '农、林、牧、渔业-农业', 'entInfoSyss_0_deployMode': None, 'entInfoSyss_1_deployMode': None, 'orgCrtType': '1', 'entInfoSyss_0_sysType': None, 'entInfoSyss_3_sysType': None, 'entInfoSyss_1_deployAddr': None, 'entInfoSyss_3_deployAddr': None, 'orgCrtImgRid': 2143, 'entInfoSyss_1_deployAddrCounty': None, 'legalEmail': None, 'createDate': '2023-06-14 10:44:37', 'orgAddrCountyDesc': '东城区', 'contactCrtType': 1, 'entApplyId': None, 'contactCrtNo': '526070196505293817', 'entInfoSyss_2_deployAddrCity': None, 'legalCrtBackImgRid': 2145, 'contactName': 'oZnh5dysZ6TRkOEihN4Oy9prxhxIkXhe', 'entInfoSyss_2_deployAddrProvince': None, 'entInfoSyss_0_entApplyId': None, 'orgAddrCity': '110100', 'entInfoSyss_3_deployAddrProvince': None, 'legalCrtFrontImgRid': 2144, 'userName': 'oZnh5dysZ6TRkOEihN4Oy9prxhxIkXhe', 'imgId_f': 2144, 'imgId_b': 2145, 'contactPhone': '16515586452'}
2023-06-14 10:44:36.961 | INFO     | httprunner.runner:__run_step:304 - run step end: 企业注册查询注册信息 <<<<<<

2023-06-14 10:44:36.962 | INFO     | httprunner.runner:__run_step:292 - run step begin: 企业注册第二步提交信息 >>>>>>
2023-06-14 10:44:36.963 | INFO     | httprunner.runner:__run_step:292 - run step begin: 企业注册第二步提交信息 >>>>>>
2023-06-14 10:44:37.047 | DEBUG    | httprunner.client:request:186 - client IP: 10.14.148.129, Port: 59421
2023-06-14 10:44:37.048 | DEBUG    | httprunner.client:request:194 - server IP: 139.198.116.76, Port: 8000
2023-06-14 10:44:37.050 | DEBUG    | httprunner.client:log_print:40 - 
================== request details ==================
method   : POST
url      : http://139.198.116.76:8000/api/v3/entApply/registerManageInfo
headers  : {
    "User-Agent": "Mozilla/5.0 (Macintosh; Intel Mac OS X 10_15_7) AppleWebKit/537.36 (KHTML, like Gecko) Chrome/105.0.0.0 Safari/537.36",
    "Accept-Encoding": "gzip, deflate",
    "Accept": "application/json, text/plain, */*",
    "Connection": "keep-alive",
    "Accept-Language": "zh-CN,zh;q=0.9",
    "Content-Type": "application/json;charset=UTF-8",
    "X-HTTP-Method-Override": "put",
    "HRUN-Request-ID": "HRUN-90e001b0-3ddc-4199-bd40-a6a52ae475d7-676964",
    "Cookie": "SESSION=YjI3MzQyY2ItM2NjMi00NDM4LWI0MTMtMDBhOWQxMTEwYjRj; SESSION=response.headers.\"Set-Cookie\".session",
    "Content-Length": "3253"
}
cookies  : {
    "SESSION": "YjI3MzQyY2ItM2NjMi00NDM4LWI0MTMtMDBhOWQxMTEwYjRj"
}
body     : {
    "applyStep": 3,
    "applyType": null,
    "cltrid": null,
    "contactCrtBackImgPath": null,
    "contactCrtBackImgRid": 2145,
    "contactCrtFrontImgPath": null,
    "contactCrtFrontImgRid": 2144,
    "contactCrtNo": "526070196505293817",
    "contactCrtType": 1,
    "contactEmail": "JYzaC93BB3sOr8sk@qaqseq.com",
    "contactName": "oZnh5dysZ6TRkOEihN4Oy9prxhxIkXhe",
    "contactPhone": "16515586452",
    "createDate": "2023-06-14 10:44:37",
    "dataHostingContractFilePath": null,
    "dataHostingContractFileRid": null,
    "dataHostingOrg": null,
    "entGeneralId": null,
    "entInfoLicenses": [],
    "entInfoSerIndustrys": [],
    "entInfoSyss": [
        {
            "deployAddr": "致真",
            "deployAddrCity": "110100",
            "deployAddrCounty": "110101",
            "deployAddrProvince": "110000",
            "deployMode": 1,
            "ipPort": null,
            "name": null,
            "sysType": 1
        },
        {
            "deployAddr": "致真",
            "deployAddrCity": "110100",
            "deployAddrCounty": "110101",
            "deployAddrProvince": "110000",
            "deployMode": 1,
            "ipPort": null,
            "name": null,
            "sysType": 2
        },
        {
            "deployAddr": "天津",
            "deployAddrCity": "120100",
            "deployAddrCounty": "120101",
            "deployAddrProvince": "120000",
            "deployMode": 1,
            "ipPort": null,
            "name": null,
            "sysType": 3
        },
        {
            "deployAddr": "天津",
            "deployAddrCity": "120100",
            "deployAddrCounty": "120101",
            "deployAddrProvince": "120000",
            "deployMode": 1,
            "ipPort": null,
            "name": null,
            "sysType": 4
        }
    ],
    "entPrefix": "88.408.702519064886",
    "escrowId": null,
    "escrowOrgName": null,
    "establishDate": null,
    "extDomain": null,
    "extIpAddr": null,
    "extWebName": null,
    "finalAuditMsg": null,
    "finalAuditStatus": null,
    "firstAuditMsg": null,
    "firstAuditStatus": null,
    "id": 1146,
    "idRegNaImp": null,
    "industryCategory": "A",
    "industrySpecific": "01",
    "isSubmit": 0,
    "legalCrtBackImgContent": null,
    "legalCrtBackImgPath": null,
    "legalCrtBackImgRid": 2145,
    "legalCrtFrontImgContent": null,
    "legalCrtFrontImgPath": null,
    "legalCrtFrontImgRid": 2144,
    "legalCrtNo": "526070196505293817",
    "legalCrtType": "1",
    "legalCrtTypeDesc": "中国居民身份证",
    "legalEmail": null,
    "legalFax": null,
    "legalName": "张三",
    "legalPhone": null,
    "orgAddr": "致真",
    "orgAddrCity": "110100",
    "orgAddrCityDesc": "市辖区",
    "orgAddrCounty": "110101",
    "orgAddrCountyDesc": "东城区",
    "orgAddrProvince": "110000",
    "orgAddrProvinceDesc": "北京市",
    "orgCategorySpecificDesc": "农、林、牧、渔业-农业",
    "orgCrtCode": "mjJGzTcXvSe3xL89333MkV8XRawVSqM3",
    "orgCrtImgContent": null,
    "orgCrtImgPath": null,
    "orgCrtImgRid": 2143,
    "orgCrtType": "1",
    "orgDesc": null,
    "orgName": "lth",
    "orgNature": "1",
    "orgNatureDesc": "1",
    "periodValidity": null,
    "regAuthority": null,
    "regCapital": null,
    "regRealNaImpName": null,
    "regRealNaImpType": null,
    "servHostingContractFilePath": null,
    "servHostingContractFileRid": null,
    "servHostingOrg": null,
    "servSysBuildContractFilePath": null,
    "servSysBuildContractFileRid": null,
    "servSysBuildName": null,
    "servSysBuildType": 1,
    "servSysOperContractFilePath": null,
    "servSysOperContractFileRid": null,
    "servSysOperName": null,
    "servSysOperType": 1,
    "svtrid": null,
    "thirdServiceMsg": null,
    "thirdServiceStatus": null,
    "updateDate": "2023-06-14 10:44:37",
    "userId": 1357,
    "userName": "oZnh5dysZ6TRkOEihN4Oy9prxhxIkXhe",
    "website": null
}

2023-06-14 10:44:37.052 | DEBUG    | httprunner.client:log_print:40 - 
================== response details ==================
status_code : 200
headers  : {
    "Server": "nginx",
    "Date": "Wed, 14 Jun 2023 02:44:37 GMT",
    "Content-Type": "application/json;charset=UTF-8",
    "Transfer-Encoding": "chunked",
    "Connection": "keep-alive",
    "X-Frame-Options": "SAMEORIGIN"
}
cookies  : {}
encoding : UTF-8
content_type : application/json;charset=UTF-8
body     : {
    "message": "success",
    "status": 1,
    "data": true
}

2023-06-14 10:44:37.052 | INFO     | httprunner.client:request:217 - status_code: 200, response_time(ms): 83.26 ms, response_length: 0 bytes
2023-06-14 10:44:37.052 | INFO     | httprunner.response:validate:249 - assert status_code equal 200(int)	==> pass
2023-06-14 10:44:37.053 | INFO     | httprunner.response:validate:249 - assert body.message equal success(str)	==> pass
2023-06-14 10:44:37.053 | INFO     | httprunner.runner:__run_step:304 - run step end: 企业注册第二步提交信息 <<<<<<

2023-06-14 10:44:37.053 | INFO     | httprunner.runner:__run_step:304 - run step end: 企业注册第二步提交信息 <<<<<<

2023-06-14 10:44:37.054 | INFO     | httprunner.runner:__run_step:292 - run step begin: 企业注册查询注册信息 >>>>>>
2023-06-14 10:44:37.056 | INFO     | httprunner.runner:__run_step:292 - run step begin: 企业注册查询注册信息 >>>>>>
2023-06-14 10:44:37.140 | DEBUG    | httprunner.client:request:186 - client IP: 10.14.148.129, Port: 59421
2023-06-14 10:44:37.141 | DEBUG    | httprunner.client:request:194 - server IP: 139.198.116.76, Port: 8000
2023-06-14 10:44:37.142 | DEBUG    | httprunner.client:log_print:40 - 
================== request details ==================
method   : GET
url      : http://139.198.116.76:8000/api/v3/entApply/applyOrNot
headers  : {
    "User-Agent": "Mozilla/5.0 (Macintosh; Intel Mac OS X 10_15_7) AppleWebKit/537.36 (KHTML, like Gecko) Chrome/105.0.0.0 Safari/537.36",
    "Accept-Encoding": "gzip, deflate",
    "Accept": "application/json, text/plain, */*",
    "Connection": "keep-alive",
    "Accept-Language": "zh-CN,zh;q=0.9",
    "HRUN-Request-ID": "HRUN-90e001b0-3ddc-4199-bd40-a6a52ae475d7-677057",
    "Cookie": "SESSION=YjI3MzQyY2ItM2NjMi00NDM4LWI0MTMtMDBhOWQxMTEwYjRj; SESSION=response.headers.\"Set-Cookie\".session"
}
cookies  : {
    "SESSION": "YjI3MzQyY2ItM2NjMi00NDM4LWI0MTMtMDBhOWQxMTEwYjRj"
}
body     : None

2023-06-14 10:44:37.145 | DEBUG    | httprunner.client:log_print:40 - 
================== response details ==================
status_code : 200
headers  : {
    "Server": "nginx",
    "Date": "Wed, 14 Jun 2023 02:44:37 GMT",
    "Content-Type": "application/json;charset=UTF-8",
    "Transfer-Encoding": "chunked",
    "Connection": "keep-alive",
    "X-Frame-Options": "SAMEORIGIN"
}
cookies  : {}
encoding : UTF-8
content_type : application/json;charset=UTF-8
body     : {
    "message": "success",
    "status": 1,
    "data": {
        "nbmsEntApplyPO": {
            "id": 1146,
            "createDate": "2023-06-14 10:44:37",
            "updateDate": "2023-06-14 10:44:37",
            "applyType": null,
            "entGeneralId": null,
            "applyStep": 3,
            "isSubmit": 0,
            "entPrefix": "88.408.702519064886",
            "firstAuditStatus": null,
            "firstAuditMsg": null,
            "thirdServiceStatus": null,
            "thirdServiceMsg": null,
            "userName": "oZnh5dysZ6TRkOEihN4Oy9prxhxIkXhe",
            "finalAuditStatus": null,
            "finalAuditMsg": null,
            "svtrid": null,
            "cltrid": null,
            "userId": 1357,
            "orgName": "lth",
            "orgNature": "1",
            "orgAddrProvince": "110000",
            "orgAddrCity": "110100",
            "orgAddrCounty": "110101",
            "orgAddr": "致真",
            "orgCrtType": "1",
            "orgCrtCode": "mjJGzTcXvSe3xL89333MkV8XRawVSqM3",
            "legalName": "张三",
            "legalCrtType": "1",
            "legalCrtNo": "526070196505293817",
            "orgDesc": null,
            "industryCategory": "A",
            "industrySpecific": "01",
            "contactName": "oZnh5dysZ6TRkOEihN4Oy9prxhxIkXhe",
            "contactPhone": "16515586452",
            "contactCrtType": 1,
            "contactCrtNo": "526070196505293817",
            "contactEmail": "JYzaC93BB3sOr8sk@qaqseq.com",
            "website": null,
            "regAuthority": null,
            "regCapital": null,
            "establishDate": null,
            "periodValidity": null,
            "legalEmail": null,
            "legalPhone": null,
            "legalFax": null,
            "servSysBuildType": 1,
            "servSysBuildName": null,
            "servSysOperType": 1,
            "servSysOperName": null,
            "dataHostingOrg": null,
            "servHostingOrg": null,
            "regRealNaImpType": null,
            "regRealNaImpName": null,
            "idRegNaImp": null,
            "extWebName": null,
            "extDomain": null,
            "extIpAddr": null,
            "orgCrtImgRid": 2143,
            "contactCrtFrontImgRid": 2144,
            "contactCrtBackImgRid": 2145,
            "legalCrtFrontImgRid": 2144,
            "legalCrtBackImgRid": 2145,
            "servSysBuildContractFileRid": null,
            "servSysOperContractFileRid": null,
            "dataHostingContractFileRid": null,
            "servHostingContractFileRid": null,
            "entInfoLicenses": [],
            "entInfoSyss": [
                {
                    "id": 2333,
                    "entApplyId": 1146,
                    "sysType": 1,
                    "deployMode": 1,
                    "deployAddr": "致真",
                    "deployAddrProvince": "110000",
                    "deployAddrCity": "110100",
                    "deployAddrCounty": "110101",
                    "name": null,
                    "ipPort": null
                },
                {
                    "id": 2334,
                    "entApplyId": 1146,
                    "sysType": 2,
                    "deployMode": 1,
                    "deployAddr": "致真",
                    "deployAddrProvince": "110000",
                    "deployAddrCity": "110100",
                    "deployAddrCounty": "110101",
                    "name": null,
                    "ipPort": null
                },
                {
                    "id": 2335,
                    "entApplyId": 1146,
                    "sysType": 3,
                    "deployMode": 1,
                    "deployAddr": "天津",
                    "deployAddrProvince": "120000",
                    "deployAddrCity": "120100",
                    "deployAddrCounty": "120101",
                    "name": null,
                    "ipPort": null
                },
                {
                    "id": 2336,
                    "entApplyId": 1146,
                    "sysType": 4,
                    "deployMode": 1,
                    "deployAddr": "天津",
                    "deployAddrProvince": "120000",
                    "deployAddrCity": "120100",
                    "deployAddrCounty": "120101",
                    "name": null,
                    "ipPort": null
                }
            ],
            "entInfoSerIndustrys": [],
            "escrowId": null,
            "industryQualificationRid": null,
            "certificationRid": null,
            "openingBank": null,
            "bankCard": null,
            "verificationName": null,
            "orgNatureDesc": "国有控股",
            "orgCrtImgContent": null,
            "orgCategorySpecificDesc": "农、林、牧、渔业-农业",
            "orgAddrProvinceDesc": "北京市",
            "orgAddrCountyDesc": "东城区",
            "orgAddrCityDesc": "市辖区",
            "legalCrtTypeDesc": "中国居民身份证",
            "legalCrtFrontImgContent": null,
            "legalCrtBackImgContent": null,
            "orgCrtImgPath": "eddd61c5-18db-4de9-af79-01ab25f89c49.jpeg",
            "contactCrtFrontImgPath": "f0314b4b-285f-4787-8a53-77f92900ce20.jpeg",
            "contactCrtBackImgPath": "314a4ae3-e567-4729-96bb-465f1d097cc8.jpeg",
            "legalCrtFrontImgPath": "f0314b4b-285f-4787-8a53-77f92900ce20.jpeg",
            "legalCrtBackImgPath": "314a4ae3-e567-4729-96bb-465f1d097cc8.jpeg",
            "servSysBuildContractFilePath": null,
            "servSysOperContractFilePath": null,
            "dataHostingContractFilePath": null,
            "servHostingContractFilePath": null,
            "industryQualificationFilePath": null,
            "certificationFilePath": null,
            "escrowOrgName": null
        },
        "nbmsEntPO": null,
        "nbmsEntPrefixApplyPO": null,
        "needRelog": null,
        "applyStatus": 0
    }
}

2023-06-14 10:44:37.146 | INFO     | httprunner.client:request:217 - status_code: 200, response_time(ms): 83.16 ms, response_length: 0 bytes
2023-06-14 10:44:37.149 | INFO     | httprunner.response:extract:179 - extract mapping: {'applyId': 1146, 'userId': 1357, 'userName': 'oZnh5dysZ6TRkOEihN4Oy9prxhxIkXhe', 'imgId_f': 2144, 'imgId_b': 2145, 'entId': None, 'entUserId': None, 'prefix': '88.408.702519064886', 'contactCrtNo': '526070196505293817', 'contactCrtType': 1, 'contactEmail': 'JYzaC93BB3sOr8sk@qaqseq.com', 'contactName': 'oZnh5dysZ6TRkOEihN4Oy9prxhxIkXhe', 'contactPhone': '16515586452', 'industryCategory': 'A', 'industrySpecific': '01', 'orgName': 'lth', 'orgNature': '1', 'orgAddrProvince': '110000', 'orgAddrCity': '110100', 'orgAddrCounty': '110101', 'orgAddr': '致真', 'orgCrtType': '1', 'orgCrtCode': 'mjJGzTcXvSe3xL89333MkV8XRawVSqM3', 'legalName': '张三', 'legalEmail': None, 'legalPhone': None, 'legalCrtType': '1', 'legalCrtNo': '526070196505293817', 'legalCrtFrontImgRid': 2144, 'legalCrtBackImgRid': 2145, 'orgCrtImgRid': 2143, 'imgId': 2143, 'orgNatureDesc': '国有控股', 'orgCategorySpecificDesc': '农、林、牧、渔业-农业', 'orgAddrProvinceDesc': '北京市', 'orgAddrCountyDesc': '东城区', 'orgAddrCityDesc': '市辖区', 'legalCrtTypeDesc': '中国居民身份证', 'createDate': '2023-06-14 10:44:37', 'updateDate': '2023-06-14 10:44:37', 'entInfoSyss_0_id': 2333, 'entInfoSyss_0_entApplyId': 1146, 'entApplyId': 1146, 'entInfoSyss_0_sysType': 1, 'entInfoSyss_0_deployMode': 1, 'entInfoSyss_0_deployAddr': '致真', 'entInfoSyss_0_deployAddrProvince': '110000', 'entInfoSyss_0_deployAddrCity': '110100', 'entInfoSyss_0_deployAddrCounty': '110101', 'entInfoSyss_1_id': 2334, 'entInfoSyss_1_entApplyId': 1146, 'entInfoSyss_1_sysType': 2, 'entInfoSyss_1_deployMode': 1, 'entInfoSyss_1_deployAddr': '致真', 'entInfoSyss_1_deployAddrProvince': '110000', 'entInfoSyss_1_deployAddrCity': '110100', 'entInfoSyss_1_deployAddrCounty': '110101', 'entInfoSyss_2_id': 2335, 'entInfoSyss_2_entApplyId': 1146, 'entInfoSyss_2_sysType': 3, 'entInfoSyss_2_deployMode': 1, 'entInfoSyss_2_deployAddr': '天津', 'entInfoSyss_2_deployAddrProvince': '120000', 'entInfoSyss_2_deployAddrCity': '120100', 'entInfoSyss_2_deployAddrCounty': '120101', 'entInfoSyss_3_id': 2336, 'entInfoSyss_3_entApplyId': 1146, 'entInfoSyss_3_sysType': 4, 'entInfoSyss_3_deployMode': 1, 'entInfoSyss_3_deployAddr': '天津', 'entInfoSyss_3_deployAddrProvince': '120000', 'entInfoSyss_3_deployAddrCity': '120100', 'entInfoSyss_3_deployAddrCounty': '120101'}
2023-06-14 10:44:37.150 | INFO     | httprunner.response:validate:249 - assert status_code equal 200(int)	==> pass
2023-06-14 10:44:37.150 | INFO     | httprunner.response:validate:249 - assert body.message equal success(str)	==> pass
2023-06-14 10:44:37.150 | INFO     | httprunner.runner:__run_step:304 - run step end: 企业注册查询注册信息 <<<<<<

2023-06-14 10:44:37.150 | INFO     | httprunner.runner:__run_step_testcase:286 - export variables: {'legalName': '张三', 'orgAddrProvinceDesc': '北京市', 'entInfoSyss_2_sysType': 3, 'entUserId': None, 'entInfoSyss_0_deployAddrCounty': '110101', 'entInfoSyss_2_id': 2335, 'entInfoSyss_2_deployMode': 1, 'orgNature': '1', 'entInfoSyss_3_id': 2336, 'legalPhone': None, 'entInfoSyss_0_deployAddrProvince': '110000', 'orgAddr': '致真', 'orgName': 'lth', 'updateDate': '2023-06-14 10:44:37', 'orgAddrCityDesc': '市辖区', 'industryCategory': 'A', 'entInfoSyss_0_id': 2333, 'industrySpecific': '01', 'entInfoSyss_3_deployAddrCounty': '120101', 'entInfoSyss_0_deployAddr': '致真', 'entInfoSyss_2_entApplyId': 1146, 'userId': 1357, 'entInfoSyss_2_deployAddr': '天津', 'entId': None, 'entInfoSyss_1_id': 2334, 'entInfoSyss_3_deployMode': 1, 'contactEmail': 'JYzaC93BB3sOr8sk@qaqseq.com', 'orgAddrProvince': '110000', 'entInfoSyss_3_deployAddrCity': '120100', 'applyId': 1146, 'entInfoSyss_1_deployAddrCity': '110100', 'orgAddrCounty': '110101', 'entInfoSyss_3_entApplyId': 1146, 'entInfoSyss_1_deployAddrProvince': '110000', 'prefix': '88.408.702519064886', 'legalCrtTypeDesc': '中国居民身份证', 'orgCrtCode': 'mjJGzTcXvSe3xL89333MkV8XRawVSqM3', 'imgId': 2143, 'entInfoSyss_1_entApplyId': 1146, 'entInfoSyss_1_sysType': 2, 'entInfoSyss_0_deployAddrCity': '110100', 'entInfoSyss_2_deployAddrCounty': '120101', 'legalCrtType': '1', 'legalCrtNo': '526070196505293817', 'orgNatureDesc': '国有控股', 'orgCategorySpecificDesc': '农、林、牧、渔业-农业', 'entInfoSyss_0_deployMode': 1, 'entInfoSyss_1_deployMode': 1, 'orgCrtType': '1', 'entInfoSyss_0_sysType': 1, 'entInfoSyss_3_sysType': 4, 'entInfoSyss_1_deployAddr': '致真', 'entInfoSyss_3_deployAddr': '天津', 'orgCrtImgRid': 2143, 'entInfoSyss_1_deployAddrCounty': '110101', 'legalEmail': None, 'createDate': '2023-06-14 10:44:37', 'orgAddrCountyDesc': '东城区', 'contactCrtType': 1, 'entApplyId': 1146, 'contactCrtNo': '526070196505293817', 'entInfoSyss_2_deployAddrCity': '120100', 'legalCrtBackImgRid': 2145, 'contactName': 'oZnh5dysZ6TRkOEihN4Oy9prxhxIkXhe', 'entInfoSyss_2_deployAddrProvince': '120000', 'entInfoSyss_0_entApplyId': 1146, 'orgAddrCity': '110100', 'entInfoSyss_3_deployAddrProvince': '120000', 'legalCrtFrontImgRid': 2144, 'userName': 'oZnh5dysZ6TRkOEihN4Oy9prxhxIkXhe', 'imgId_f': 2144, 'imgId_b': 2145, 'contactPhone': '16515586452'}
2023-06-14 10:44:37.151 | INFO     | httprunner.runner:__run_step:304 - run step end: 企业注册查询注册信息 <<<<<<

2023-06-14 10:44:37.151 | INFO     | httprunner.runner:__run_step:292 - run step begin: 企业注册最终第三步提交信息 >>>>>>
2023-06-14 10:44:37.153 | INFO     | httprunner.runner:__run_step:292 - run step begin: 企业注册最终第三步提交信息 >>>>>>
2023-06-14 10:44:37.335 | DEBUG    | httprunner.client:request:186 - client IP: 10.14.148.129, Port: 59421
2023-06-14 10:44:37.336 | DEBUG    | httprunner.client:request:194 - server IP: 139.198.116.76, Port: 8000
2023-06-14 10:44:37.340 | DEBUG    | httprunner.client:log_print:40 - 
================== request details ==================
method   : POST
url      : http://139.198.116.76:8000/api/v3/entApply/apply
headers  : {
    "User-Agent": "Mozilla/5.0 (Macintosh; Intel Mac OS X 10_15_7) AppleWebKit/537.36 (KHTML, like Gecko) Chrome/105.0.0.0 Safari/537.36",
    "Accept-Encoding": "gzip, deflate",
    "Accept": "application/json, text/plain, */*",
    "Connection": "keep-alive",
    "Accept-Language": "zh-CN,zh;q=0.9",
    "Content-Type": "application/json;charset=UTF-8",
    "HRUN-Request-ID": "HRUN-90e001b0-3ddc-4199-bd40-a6a52ae475d7-677154",
    "Cookie": "SESSION=YjI3MzQyY2ItM2NjMi00NDM4LWI0MTMtMDBhOWQxMTEwYjRj; SESSION=response.headers.\"Set-Cookie\".session",
    "Content-Length": "3253"
}
cookies  : {
    "SESSION": "YjI3MzQyY2ItM2NjMi00NDM4LWI0MTMtMDBhOWQxMTEwYjRj"
}
body     : {
    "applyStep": 4,
    "applyType": null,
    "cltrid": null,
    "contactCrtBackImgPath": null,
    "contactCrtBackImgRid": 2145,
    "contactCrtFrontImgPath": null,
    "contactCrtFrontImgRid": 2144,
    "contactCrtNo": "526070196505293817",
    "contactCrtType": 1,
    "contactEmail": "JYzaC93BB3sOr8sk@qaqseq.com",
    "contactName": "oZnh5dysZ6TRkOEihN4Oy9prxhxIkXhe",
    "contactPhone": "16515586452",
    "createDate": "2023-06-14 10:44:37",
    "dataHostingContractFilePath": null,
    "dataHostingContractFileRid": null,
    "dataHostingOrg": null,
    "entGeneralId": null,
    "entInfoLicenses": [],
    "entInfoSerIndustrys": [],
    "entInfoSyss": [
        {
            "deployAddr": "致真",
            "deployAddrCity": "110100",
            "deployAddrCounty": "110101",
            "deployAddrProvince": "110000",
            "deployMode": 1,
            "ipPort": null,
            "name": null,
            "sysType": 2
        },
        {
            "deployAddr": "致真",
            "deployAddrCity": "110100",
            "deployAddrCounty": "110101",
            "deployAddrProvince": "110000",
            "deployMode": 1,
            "ipPort": null,
            "name": null,
            "sysType": 3
        },
        {
            "deployAddr": "天津",
            "deployAddrCity": "120100",
            "deployAddrCounty": "120101",
            "deployAddrProvince": "120000",
            "deployMode": 1,
            "ipPort": null,
            "name": null,
            "sysType": 4
        },
        {
            "deployAddr": "天津",
            "deployAddrCity": "120100",
            "deployAddrCounty": "120101",
            "deployAddrProvince": "120000",
            "deployMode": 1,
            "ipPort": null,
            "name": null,
            "sysType": 4
        }
    ],
    "entPrefix": "88.408.702519064886",
    "escrowId": null,
    "escrowOrgName": null,
    "establishDate": null,
    "extDomain": null,
    "extIpAddr": null,
    "extWebName": null,
    "finalAuditMsg": null,
    "finalAuditStatus": null,
    "firstAuditMsg": null,
    "firstAuditStatus": null,
    "id": 1146,
    "idRegNaImp": null,
    "industryCategory": "A",
    "industrySpecific": "01",
    "isSubmit": 0,
    "legalCrtBackImgContent": null,
    "legalCrtBackImgPath": null,
    "legalCrtBackImgRid": 2145,
    "legalCrtFrontImgContent": null,
    "legalCrtFrontImgPath": null,
    "legalCrtFrontImgRid": 2144,
    "legalCrtNo": "526070196505293817",
    "legalCrtType": "1",
    "legalCrtTypeDesc": "中国居民身份证",
    "legalEmail": null,
    "legalFax": null,
    "legalName": "张三",
    "legalPhone": null,
    "orgAddr": "致真",
    "orgAddrCity": "110100",
    "orgAddrCityDesc": "市辖区",
    "orgAddrCounty": "110101",
    "orgAddrCountyDesc": "东城区",
    "orgAddrProvince": "110000",
    "orgAddrProvinceDesc": "北京市",
    "orgCategorySpecificDesc": "农、林、牧、渔业-农业",
    "orgCrtCode": "mjJGzTcXvSe3xL89333MkV8XRawVSqM3",
    "orgCrtImgContent": null,
    "orgCrtImgPath": null,
    "orgCrtImgRid": 2143,
    "orgCrtType": "1",
    "orgDesc": null,
    "orgName": "lth",
    "orgNature": "1",
    "orgNatureDesc": "1",
    "periodValidity": null,
    "regAuthority": null,
    "regCapital": null,
    "regRealNaImpName": null,
    "regRealNaImpType": null,
    "servHostingContractFilePath": null,
    "servHostingContractFileRid": null,
    "servHostingOrg": null,
    "servSysBuildContractFilePath": null,
    "servSysBuildContractFileRid": null,
    "servSysBuildName": null,
    "servSysBuildType": 1,
    "servSysOperContractFilePath": null,
    "servSysOperContractFileRid": null,
    "servSysOperName": null,
    "servSysOperType": 1,
    "svtrid": null,
    "thirdServiceMsg": null,
    "thirdServiceStatus": null,
    "updateDate": "2023-06-14 10:44:37",
    "userId": 1357,
    "userName": "oZnh5dysZ6TRkOEihN4Oy9prxhxIkXhe",
    "website": null
}

2023-06-14 10:44:37.341 | DEBUG    | httprunner.client:log_print:40 - 
================== response details ==================
status_code : 200
headers  : {
    "Server": "nginx",
    "Date": "Wed, 14 Jun 2023 02:44:37 GMT",
    "Content-Type": "application/json;charset=UTF-8",
    "Transfer-Encoding": "chunked",
    "Connection": "keep-alive",
    "X-Frame-Options": "SAMEORIGIN"
}
cookies  : {}
encoding : UTF-8
content_type : application/json;charset=UTF-8
body     : {
    "message": "success",
    "status": 1,
    "data": true
}

2023-06-14 10:44:37.342 | INFO     | httprunner.client:request:217 - status_code: 200, response_time(ms): 181.1 ms, response_length: 0 bytes
2023-06-14 10:44:37.342 | INFO     | httprunner.response:validate:249 - assert status_code equal 200(int)	==> pass
2023-06-14 10:44:37.343 | INFO     | httprunner.response:validate:249 - assert body.message equal success(str)	==> pass
2023-06-14 10:44:37.343 | INFO     | httprunner.runner:__run_step:304 - run step end: 企业注册最终第三步提交信息 <<<<<<

2023-06-14 10:44:37.344 | INFO     | httprunner.runner:__run_step:304 - run step end: 企业注册最终第三步提交信息 <<<<<<

2023-06-14 10:44:37.345 | INFO     | httprunner.runner:__run_step:292 - run step begin: 登录-管理员 >>>>>>
2023-06-14 10:44:37.347 | INFO     | httprunner.runner:__run_step:292 - run step begin: 登录-企业用户 >>>>>>
2023-06-14 10:44:37.417 | DEBUG    | httprunner.client:request:186 - client IP: 10.14.148.129, Port: 59421
2023-06-14 10:44:37.418 | DEBUG    | httprunner.client:request:194 - server IP: 139.198.116.76, Port: 8000
2023-06-14 10:44:37.419 | DEBUG    | httprunner.client:log_print:40 - 
================== request details ==================
method   : POST
url      : http://139.198.116.76:8000/api/home/test/login
headers  : {
    "User-Agent": "python-requests/2.28.1",
    "Accept-Encoding": "gzip, deflate, br",
    "Accept": "*/*",
    "Connection": "keep-alive",
    "Content-Length": "144",
    "Content-Type": "application/json",
    "HRUN-Request-ID": "HRUN-90e001b0-3ddc-4199-bd40-a6a52ae475d7-677347",
    "Cookie": "SESSION=YjI3MzQyY2ItM2NjMi00NDM4LWI0MTMtMDBhOWQxMTEwYjRj"
}
cookies  : {
    "SESSION": "YjI3MzQyY2ItM2NjMi00NDM4LWI0MTMtMDBhOWQxMTEwYjRj"
}
body     : {
    "captcha": "0000",
    "captchaSign": "5d39bab12bba81ab59b3931d2ca06ee9603c3803355932be66974f122cab3502",
    "emailCaptcha": "",
    "username": "adminy"
}

2023-06-14 10:44:37.420 | DEBUG    | httprunner.client:log_print:40 - 
================== response details ==================
status_code : 200
headers  : {
    "Server": "nginx",
    "Date": "Wed, 14 Jun 2023 02:44:37 GMT",
    "Content-Type": "application/json;charset=UTF-8",
    "Transfer-Encoding": "chunked",
    "Connection": "keep-alive",
    "Set-Cookie": "SESSION=ZjE4ZGJlNWQtZGMzMi00YmYyLWFkZWYtZDNhNjA2YzA0ZmRi; Path=/; HttpOnly; SameSite=Lax",
    "X-Frame-Options": "SAMEORIGIN"
}
cookies  : {
    "SESSION": "ZjE4ZGJlNWQtZGMzMi00YmYyLWFkZWYtZDNhNjA2YzA0ZmRi"
}
encoding : UTF-8
content_type : application/json;charset=UTF-8
body     : {
    "message": "success",
    "status": 1,
    "data": true
}

2023-06-14 10:44:37.420 | INFO     | httprunner.client:request:217 - status_code: 200, response_time(ms): 69.5 ms, response_length: 0 bytes
2023-06-14 10:44:37.421 | INFO     | httprunner.response:extract:179 - extract mapping: {'adminSession': 'response.headers."Set-Cookie".session'}
2023-06-14 10:44:37.421 | INFO     | httprunner.response:validate:249 - assert status_code equal 200(int)	==> pass
2023-06-14 10:44:37.422 | INFO     | httprunner.response:validate:249 - assert headers."Content-Type" equal application/json;charset=UTF-8(str)	==> pass
2023-06-14 10:44:37.422 | INFO     | httprunner.response:validate:249 - assert body.message equal success(str)	==> pass
2023-06-14 10:44:37.422 | INFO     | httprunner.response:validate:249 - assert body.status equal 1(int)	==> pass
2023-06-14 10:44:37.423 | INFO     | httprunner.response:validate:249 - assert body.data equal True(bool)	==> pass
2023-06-14 10:44:37.423 | INFO     | httprunner.runner:__run_step:304 - run step end: 登录-企业用户 <<<<<<

2023-06-14 10:44:37.423 | INFO     | httprunner.runner:__run_step_testcase:286 - export variables: {'adminSession': 'response.headers."Set-Cookie".session'}
2023-06-14 10:44:37.424 | INFO     | httprunner.runner:__run_step:304 - run step end: 登录-管理员 <<<<<<

2023-06-14 10:44:37.424 | INFO     | httprunner.runner:__run_step:292 - run step begin: 年费费用查询 >>>>>>
2023-06-14 10:44:37.426 | INFO     | httprunner.runner:__run_step:292 - run step begin: 财务规则查询-年费 >>>>>>
2023-06-14 10:44:37.490 | DEBUG    | httprunner.client:request:186 - client IP: 10.14.148.129, Port: 59421
2023-06-14 10:44:37.491 | DEBUG    | httprunner.client:request:194 - server IP: 139.198.116.76, Port: 8000
2023-06-14 10:44:37.493 | DEBUG    | httprunner.client:log_print:40 - 
================== request details ==================
method   : GET
url      : http://139.198.116.76:8000/api/finance/rule/findRule?cache=1663837640684&moneyType=2&userId=1357
headers  : {
    "User-Agent": "Mozilla/5.0 (Macintosh; Intel Mac OS X 10_15_7) AppleWebKit/537.36 (KHTML, like Gecko) Chrome/98.0.4758.102 Safari/537.36 Edg/98.0.1108.56",
    "Accept-Encoding": "gzip, deflate",
    "Accept": "application/json, text/plain, */*",
    "Connection": "keep-alive",
    "Accept-Language": "zh-CN,zh;q=0.9,en;q=0.8,en-GB;q=0.7,en-US;q=0.6",
    "HRUN-Request-ID": "HRUN-90e001b0-3ddc-4199-bd40-a6a52ae475d7-677427",
    "Cookie": "SESSION=ZjE4ZGJlNWQtZGMzMi00YmYyLWFkZWYtZDNhNjA2YzA0ZmRi; SESSION=response.headers.\"Set-Cookie\".session"
}
cookies  : {
    "SESSION": "ZjE4ZGJlNWQtZGMzMi00YmYyLWFkZWYtZDNhNjA2YzA0ZmRi"
}
body     : None

2023-06-14 10:44:37.494 | DEBUG    | httprunner.client:log_print:40 - 
================== response details ==================
status_code : 200
headers  : {
    "Server": "nginx",
    "Date": "Wed, 14 Jun 2023 02:44:37 GMT",
    "Content-Type": "application/json;charset=UTF-8",
    "Transfer-Encoding": "chunked",
    "Connection": "keep-alive",
    "X-Frame-Options": "SAMEORIGIN"
}
cookies  : {}
encoding : UTF-8
content_type : application/json;charset=UTF-8
body     : {
    "message": "success",
    "status": 1,
    "data": [
        {
            "id": 78,
            "createDate": "2023-05-31 12:51:47",
            "updateDate": "2023-05-31 12:51:47",
            "name": "标准",
            "money": 10000.0,
            "moneyType": 2,
            "prefixCount": 1,
            "remart": "test",
            "entName": null,
            "entUserId": null,
            "ruleType": 2,
            "escrowId": null
        }
    ]
}

2023-06-14 10:44:37.495 | INFO     | httprunner.client:request:217 - status_code: 200, response_time(ms): 63.25 ms, response_length: 0 bytes
2023-06-14 10:44:37.496 | INFO     | httprunner.response:extract:179 - extract mapping: {'annualFeeRuleId': 78}
2023-06-14 10:44:37.496 | INFO     | httprunner.response:validate:249 - assert status_code equal 200(int)	==> pass
2023-06-14 10:44:37.497 | INFO     | httprunner.response:validate:249 - assert body.message equal success(str)	==> pass
2023-06-14 10:44:37.497 | INFO     | httprunner.response:validate:249 - assert body.status equal 1(int)	==> pass
2023-06-14 10:44:37.498 | INFO     | httprunner.runner:__run_step:304 - run step end: 财务规则查询-年费 <<<<<<

2023-06-14 10:44:37.499 | INFO     | httprunner.runner:__run_step_testcase:286 - export variables: {'annualFeeRuleId': 78}
2023-06-14 10:44:37.499 | INFO     | httprunner.runner:__run_step:304 - run step end: 年费费用查询 <<<<<<

2023-06-14 10:44:37.500 | INFO     | httprunner.runner:__run_step:292 - run step begin: 注册费费用查询 >>>>>>
2023-06-14 10:44:37.502 | INFO     | httprunner.runner:__run_step:292 - run step begin: 财务规则查询-注册费 >>>>>>
2023-06-14 10:44:37.557 | DEBUG    | httprunner.client:request:186 - client IP: 10.14.148.129, Port: 59421
2023-06-14 10:44:37.558 | DEBUG    | httprunner.client:request:194 - server IP: 139.198.116.76, Port: 8000
2023-06-14 10:44:37.559 | DEBUG    | httprunner.client:log_print:40 - 
================== request details ==================
method   : GET
url      : http://139.198.116.76:8000/api/finance/rule/findRule?moneyType=1&userId=1357
headers  : {
    "User-Agent": "Mozilla/5.0 (Macintosh; Intel Mac OS X 10_15_7) AppleWebKit/537.36 (KHTML, like Gecko) Chrome/98.0.4758.102 Safari/537.36 Edg/98.0.1108.56",
    "Accept-Encoding": "gzip, deflate",
    "Accept": "application/json, text/plain, */*",
    "Connection": "keep-alive",
    "Accept-Language": "zh-CN,zh;q=0.9,en;q=0.8,en-GB;q=0.7,en-US;q=0.6",
    "HRUN-Request-ID": "HRUN-90e001b0-3ddc-4199-bd40-a6a52ae475d7-677502",
    "Cookie": "SESSION=ZjE4ZGJlNWQtZGMzMi00YmYyLWFkZWYtZDNhNjA2YzA0ZmRi; SESSION=response.headers.\"Set-Cookie\".session"
}
cookies  : {
    "SESSION": "ZjE4ZGJlNWQtZGMzMi00YmYyLWFkZWYtZDNhNjA2YzA0ZmRi"
}
body     : None

2023-06-14 10:44:37.561 | DEBUG    | httprunner.client:log_print:40 - 
================== response details ==================
status_code : 200
headers  : {
    "Server": "nginx",
    "Date": "Wed, 14 Jun 2023 02:44:37 GMT",
    "Content-Type": "application/json;charset=UTF-8",
    "Transfer-Encoding": "chunked",
    "Connection": "keep-alive",
    "X-Frame-Options": "SAMEORIGIN"
}
cookies  : {}
encoding : UTF-8
content_type : application/json;charset=UTF-8
body     : {
    "message": "success",
    "status": 1,
    "data": [
        {
            "id": 77,
            "createDate": "2023-05-31 12:51:33",
            "updateDate": "2023-05-31 12:51:33",
            "name": "标准",
            "money": 10000.0,
            "moneyType": 1,
            "prefixCount": 1,
            "remart": "test",
            "entName": null,
            "entUserId": null,
            "ruleType": 2,
            "escrowId": null
        }
    ]
}

2023-06-14 10:44:37.562 | INFO     | httprunner.client:request:217 - status_code: 200, response_time(ms): 54.36 ms, response_length: 0 bytes
2023-06-14 10:44:37.562 | INFO     | httprunner.response:extract:179 - extract mapping: {'regFeeRuleId': 77}
2023-06-14 10:44:37.562 | INFO     | httprunner.response:validate:249 - assert status_code equal 200(int)	==> pass
2023-06-14 10:44:37.563 | INFO     | httprunner.response:validate:249 - assert body.message equal success(str)	==> pass
2023-06-14 10:44:37.563 | INFO     | httprunner.response:validate:249 - assert body.status equal 1(int)	==> pass
2023-06-14 10:44:37.563 | INFO     | httprunner.runner:__run_step:304 - run step end: 财务规则查询-注册费 <<<<<<

2023-06-14 10:44:37.564 | INFO     | httprunner.runner:__run_step_testcase:286 - export variables: {'regFeeRuleId': 77}
2023-06-14 10:44:37.564 | INFO     | httprunner.runner:__run_step:304 - run step end: 注册费费用查询 <<<<<<

2023-06-14 10:44:37.565 | INFO     | httprunner.runner:__run_step:292 - run step begin: 审核结果保存 >>>>>>
2023-06-14 10:44:37.567 | INFO     | httprunner.runner:__run_step:292 - run step begin: 企业审核保存 >>>>>>
2023-06-14 10:44:38.683 | DEBUG    | httprunner.client:request:186 - client IP: 10.14.148.129, Port: 59421
2023-06-14 10:44:38.684 | DEBUG    | httprunner.client:request:194 - server IP: 139.198.116.76, Port: 8000
2023-06-14 10:44:38.686 | DEBUG    | httprunner.client:log_print:40 - 
================== request details ==================
method   : POST
url      : http://139.198.116.76:8000/api/v3/ent/audit/save?annualFeeRuleId=78&applyId=1146&auditMsg=%E5%AE%A1%E6%A0%B8%E9%80%9A%E8%BF%87&auditResult=pass&entPrefix=88.408.702519064886&regFeeRuleId=77
headers  : {
    "User-Agent": "Mozilla/5.0 (Macintosh; Intel Mac OS X 10_15_7) AppleWebKit/537.36 (KHTML, like Gecko) Chrome/98.0.4758.102 Safari/537.36 Edg/98.0.1108.56",
    "Accept-Encoding": "gzip, deflate",
    "Accept": "application/json, text/plain, */*",
    "Connection": "keep-alive",
    "Accept-Language": "zh-CN,zh;q=0.9,en;q=0.8,en-GB;q=0.7,en-US;q=0.6",
    "Content-Length": "0",
    "HRUN-Request-ID": "HRUN-90e001b0-3ddc-4199-bd40-a6a52ae475d7-677568",
    "Cookie": "SESSION=ZjE4ZGJlNWQtZGMzMi00YmYyLWFkZWYtZDNhNjA2YzA0ZmRi; SESSION=response.headers.\"Set-Cookie\".session"
}
cookies  : {
    "SESSION": "ZjE4ZGJlNWQtZGMzMi00YmYyLWFkZWYtZDNhNjA2YzA0ZmRi"
}
body     : None

2023-06-14 10:44:38.687 | DEBUG    | httprunner.client:log_print:40 - 
================== response details ==================
status_code : 200
headers  : {
    "Server": "nginx",
    "Date": "Wed, 14 Jun 2023 02:44:38 GMT",
    "Content-Type": "application/json",
    "Transfer-Encoding": "chunked",
    "Connection": "keep-alive",
    "X-Frame-Options": "SAMEORIGIN"
}
cookies  : {}
encoding : utf-8
content_type : application/json
body     : {
    "message": "success",
    "status": 1,
    "data": true
}

2023-06-14 10:44:38.687 | INFO     | httprunner.client:request:217 - status_code: 200, response_time(ms): 1115.13 ms, response_length: 0 bytes
2023-06-14 10:44:38.688 | INFO     | httprunner.response:validate:249 - assert status_code equal 200(int)	==> pass
2023-06-14 10:44:38.689 | INFO     | httprunner.response:validate:249 - assert body.message equal success(str)	==> pass
2023-06-14 10:44:38.689 | INFO     | httprunner.response:validate:249 - assert body.status equal 1(int)	==> pass
2023-06-14 10:44:38.690 | INFO     | httprunner.response:validate:249 - assert body.data equal True(bool)	==> pass
2023-06-14 10:44:38.690 | INFO     | httprunner.runner:__run_step:304 - run step end: 企业审核保存 <<<<<<

2023-06-14 10:44:38.691 | INFO     | httprunner.runner:__run_step:304 - run step end: 审核结果保存 <<<<<<

2023-06-14 10:44:38.692 | INFO     | httprunner.runner:__run_step:292 - run step begin: 前缀管理分页 >>>>>>
2023-06-14 10:44:38.694 | INFO     | httprunner.runner:__run_step:292 - run step begin: 前缀管理分页 >>>>>>
2023-06-14 10:44:38.762 | DEBUG    | httprunner.client:request:186 - client IP: 10.14.148.129, Port: 59421
2023-06-14 10:44:38.763 | DEBUG    | httprunner.client:request:194 - server IP: 139.198.116.76, Port: 8000
2023-06-14 10:44:38.764 | DEBUG    | httprunner.client:log_print:40 - 
================== request details ==================
method   : GET
url      : http://139.198.116.76:8000/api/v3/ent/prefix/manage/pageQuery?cache=1663838231980&currentPage=1&entPrefix=88.408.702519064886&escrowOrgName=&order=&orderProp=
headers  : {
    "User-Agent": "Mozilla/5.0 (Macintosh; Intel Mac OS X 10_15_7) AppleWebKit/537.36 (KHTML, like Gecko) Chrome/98.0.4758.102 Safari/537.36 Edg/98.0.1108.56",
    "Accept-Encoding": "gzip, deflate",
    "Accept": "application/json, text/plain, */*",
    "Connection": "keep-alive",
    "Accept-Language": "zh-CN,zh;q=0.9,en;q=0.8,en-GB;q=0.7,en-US;q=0.6",
    "HRUN-Request-ID": "HRUN-90e001b0-3ddc-4199-bd40-a6a52ae475d7-678695",
    "Cookie": "SESSION=ZjE4ZGJlNWQtZGMzMi00YmYyLWFkZWYtZDNhNjA2YzA0ZmRi; SESSION=response.headers.\"Set-Cookie\".session"
}
cookies  : {
    "SESSION": "ZjE4ZGJlNWQtZGMzMi00YmYyLWFkZWYtZDNhNjA2YzA0ZmRi"
}
body     : None

2023-06-14 10:44:38.766 | DEBUG    | httprunner.client:log_print:40 - 
================== response details ==================
status_code : 200
headers  : {
    "Server": "nginx",
    "Date": "Wed, 14 Jun 2023 02:44:38 GMT",
    "Content-Type": "application/json",
    "Transfer-Encoding": "chunked",
    "Connection": "keep-alive",
    "X-Frame-Options": "SAMEORIGIN"
}
cookies  : {}
encoding : utf-8
content_type : application/json
body     : {
    "message": "success",
    "status": 1,
    "data": {
        "first": true,
        "last": true,
        "totalPages": 1,
        "totalElements": 1,
        "number": 1,
        "size": 10,
        "sort": {
            "sorted": false,
            "unsorted": true,
            "empty": true
        },
        "numberOfElements": 1,
        "content": [
            {
                "userId": 1357,
                "entPrefix": "88.408.702519064886",
                "state": 1,
                "entGeneralId": null,
                "entName": "lth",
                "escrowOrgName": null,
                "proxyState": 1,
                "createDate": "2023-06-14 10:44:39",
                "updateDate": "2023-06-14 10:44:39",
                "id": 582
            }
        ]
    }
}

2023-06-14 10:44:38.766 | INFO     | httprunner.client:request:217 - status_code: 200, response_time(ms): 67.06 ms, response_length: 0 bytes
2023-06-14 10:44:38.768 | INFO     | httprunner.response:extract:179 - extract mapping: {'userId': 1357, 'entPrefix': '88.408.702519064886', 'prefixId': 582, 'entNameCn': 'lth', 'proxyState': 1}
2023-06-14 10:44:38.769 | INFO     | httprunner.response:validate:249 - assert status_code equal 200(int)	==> pass
2023-06-14 10:44:38.769 | INFO     | httprunner.response:validate:249 - assert body.message equal success(str)	==> pass
2023-06-14 10:44:38.769 | INFO     | httprunner.runner:__run_step:304 - run step end: 前缀管理分页 <<<<<<

2023-06-14 10:44:38.770 | INFO     | httprunner.runner:__run_step_testcase:286 - export variables: {'entNameCn': 'lth', 'prefixId': 582, 'userId': 1357, 'entPrefix': '88.408.702519064886', 'proxyState': 1}
2023-06-14 10:44:38.771 | INFO     | httprunner.runner:__run_step:304 - run step end: 前缀管理分页 <<<<<<

2023-06-14 10:44:38.771 | INFO     | httprunner.runner:__run_step_testcase:286 - export variables: {'entPrefix': '88.408.702519064886'}
2023-06-14 10:44:38.771 | INFO     | httprunner.runner:__run_step:304 - run step end: 前缀注册 <<<<<<

2023-06-14 10:44:38.772 | INFO     | httprunner.runner:__run_step:292 - run step begin: 登录-管理员 >>>>>>
2023-06-14 10:44:38.773 | INFO     | httprunner.runner:__run_step:292 - run step begin: 登录-企业用户 >>>>>>
2023-06-14 10:44:38.848 | DEBUG    | httprunner.client:request:186 - client IP: 10.14.148.129, Port: 59421
2023-06-14 10:44:38.849 | DEBUG    | httprunner.client:request:194 - server IP: 139.198.116.76, Port: 8000
2023-06-14 10:44:38.850 | DEBUG    | httprunner.client:log_print:40 - 
================== request details ==================
method   : POST
url      : http://139.198.116.76:8000/api/home/test/login
headers  : {
    "User-Agent": "python-requests/2.28.1",
    "Accept-Encoding": "gzip, deflate, br",
    "Accept": "*/*",
    "Connection": "keep-alive",
    "Content-Length": "144",
    "Content-Type": "application/json",
    "HRUN-Request-ID": "HRUN-90e001b0-3ddc-4199-bd40-a6a52ae475d7-678774",
    "Cookie": "SESSION=ZjE4ZGJlNWQtZGMzMi00YmYyLWFkZWYtZDNhNjA2YzA0ZmRi"
}
cookies  : {
    "SESSION": "ZjE4ZGJlNWQtZGMzMi00YmYyLWFkZWYtZDNhNjA2YzA0ZmRi"
}
body     : {
    "captcha": "0000",
    "captchaSign": "5d39bab12bba81ab59b3931d2ca06ee9603c3803355932be66974f122cab3502",
    "emailCaptcha": "",
    "username": "adminy"
}

2023-06-14 10:44:38.852 | DEBUG    | httprunner.client:log_print:40 - 
================== response details ==================
status_code : 200
headers  : {
    "Server": "nginx",
    "Date": "Wed, 14 Jun 2023 02:44:38 GMT",
    "Content-Type": "application/json;charset=UTF-8",
    "Transfer-Encoding": "chunked",
    "Connection": "keep-alive",
    "Set-Cookie": "SESSION=NWMxOWJhZmUtMmM3MC00ZTgxLWIwNmUtZGVkNTE0MjNjMjQ1; Path=/; HttpOnly; SameSite=Lax",
    "X-Frame-Options": "SAMEORIGIN"
}
cookies  : {
    "SESSION": "NWMxOWJhZmUtMmM3MC00ZTgxLWIwNmUtZGVkNTE0MjNjMjQ1"
}
encoding : UTF-8
content_type : application/json;charset=UTF-8
body     : {
    "message": "success",
    "status": 1,
    "data": true
}

2023-06-14 10:44:38.853 | INFO     | httprunner.client:request:217 - status_code: 200, response_time(ms): 73.16 ms, response_length: 0 bytes
2023-06-14 10:44:38.853 | INFO     | httprunner.response:extract:179 - extract mapping: {'adminSession': 'response.headers."Set-Cookie".session'}
2023-06-14 10:44:38.854 | INFO     | httprunner.response:validate:249 - assert status_code equal 200(int)	==> pass
2023-06-14 10:44:38.854 | INFO     | httprunner.response:validate:249 - assert headers."Content-Type" equal application/json;charset=UTF-8(str)	==> pass
2023-06-14 10:44:38.855 | INFO     | httprunner.response:validate:249 - assert body.message equal success(str)	==> pass
2023-06-14 10:44:38.855 | INFO     | httprunner.response:validate:249 - assert body.status equal 1(int)	==> pass
2023-06-14 10:44:38.856 | INFO     | httprunner.response:validate:249 - assert body.data equal True(bool)	==> pass
2023-06-14 10:44:38.856 | INFO     | httprunner.runner:__run_step:304 - run step end: 登录-企业用户 <<<<<<

2023-06-14 10:44:38.857 | INFO     | httprunner.runner:__run_step_testcase:286 - export variables: {'adminSession': 'response.headers."Set-Cookie".session'}
2023-06-14 10:44:38.857 | INFO     | httprunner.runner:__run_step:304 - run step end: 登录-管理员 <<<<<<

2023-06-14 10:44:38.858 | INFO     | httprunner.runner:__run_step:292 - run step begin: 企业审核分页 >>>>>>
2023-06-14 10:44:38.859 | INFO     | httprunner.runner:__run_step:292 - run step begin: 前缀审核分页-名称查询 >>>>>>
2023-06-14 10:44:38.920 | DEBUG    | httprunner.client:request:186 - client IP: 10.14.148.129, Port: 59421
2023-06-14 10:44:38.921 | DEBUG    | httprunner.client:request:194 - server IP: 139.198.116.76, Port: 8000
2023-06-14 10:44:38.922 | DEBUG    | httprunner.client:log_print:40 - 
================== request details ==================
method   : GET
url      : http://139.198.116.76:8000/api/v3/ent/audit/pageQuery?cache=1663838692645&currentPage=1&escrowOrgName=&order=&orderProp=&orgName=lth&prefix=88.408.702519064886&auditState=&rangeTime=
headers  : {
    "User-Agent": "Mozilla/5.0 (Macintosh; Intel Mac OS X 10_15_7) AppleWebKit/537.36 (KHTML, like Gecko) Chrome/98.0.4758.102 Safari/537.36 Edg/98.0.1108.56",
    "Accept-Encoding": "gzip, deflate",
    "Accept": "application/json, text/plain, */*",
    "Connection": "keep-alive",
    "Accept-Language": "zh-CN,zh;q=0.9,en;q=0.8,en-GB;q=0.7,en-US;q=0.6",
    "HRUN-Request-ID": "HRUN-90e001b0-3ddc-4199-bd40-a6a52ae475d7-678860",
    "Cookie": "SESSION=NWMxOWJhZmUtMmM3MC00ZTgxLWIwNmUtZGVkNTE0MjNjMjQ1; SESSION=response.headers.\"Set-Cookie\".session"
}
cookies  : {
    "SESSION": "NWMxOWJhZmUtMmM3MC00ZTgxLWIwNmUtZGVkNTE0MjNjMjQ1"
}
body     : None

2023-06-14 10:44:38.924 | DEBUG    | httprunner.client:log_print:40 - 
================== response details ==================
status_code : 200
headers  : {
    "Server": "nginx",
    "Date": "Wed, 14 Jun 2023 02:44:38 GMT",
    "Content-Type": "application/json",
    "Transfer-Encoding": "chunked",
    "Connection": "keep-alive",
    "X-Frame-Options": "SAMEORIGIN"
}
cookies  : {}
encoding : utf-8
content_type : application/json
body     : {
    "message": "success",
    "status": 1,
    "data": {
        "first": true,
        "last": true,
        "totalPages": 1,
        "totalElements": 9,
        "number": 1,
        "size": 10,
        "sort": {
            "sorted": false,
            "unsorted": true,
            "empty": true
        },
        "numberOfElements": 9,
        "content": [
            {
                "id": 1146,
                "escrowOrgName": null,
                "orgName": "lth",
                "entPrefix": "88.408.702519064886",
                "orgCrtCode": "mjJGzTcXvSe3xL89333MkV8XRawVSqM3",
                "orgNature": 1,
                "applyType": 1,
                "thirdServiceStatus": 3,
                "firstAuditStatus": 2,
                "createDate": "2023-06-14 10:44:37",
                "updateDate": "2023-06-14 10:44:39"
            },
            {
                "id": 978,
                "escrowOrgName": null,
                "orgName": "lth",
                "entPrefix": "88.408.813625417328",
                "orgCrtCode": "znFKEslRCNKr964YnzPPJloVOqgujMgW",
                "orgNature": 1,
                "applyType": 1,
                "thirdServiceStatus": 3,
                "firstAuditStatus": 2,
                "createDate": "2023-05-31 19:14:15",
                "updateDate": "2023-05-31 19:14:16"
            },
            {
                "id": 890,
                "escrowOrgName": null,
                "orgName": "lth",
                "entPrefix": "88.408.79043557380",
                "orgCrtCode": "CyZOlm6Iar2ksO9mr1cPFyI7I0NNsrRZ",
                "orgNature": 1,
                "applyType": 1,
                "thirdServiceStatus": 3,
                "firstAuditStatus": 2,
                "createDate": "2023-05-31 17:22:14",
                "updateDate": "2023-05-31 17:22:16"
            },
            {
                "id": 837,
                "escrowOrgName": null,
                "orgName": "lth",
                "entPrefix": "88.408.118042211171",
                "orgCrtCode": "jb89oYPogAvtTEGCLC2tYwMliQQQ2AW4",
                "orgNature": 1,
                "applyType": 1,
                "thirdServiceStatus": 3,
                "firstAuditStatus": 2,
                "createDate": "2023-05-31 17:03:29",
                "updateDate": "2023-05-31 17:03:30"
            },
            {
                "id": 784,
                "escrowOrgName": null,
                "orgName": "lth",
                "entPrefix": "88.408.76567208315",
                "orgCrtCode": "u43YT40wvVw9lMZwn1L6TnEtcRd7LngJ",
                "orgNature": 1,
                "applyType": 1,
                "thirdServiceStatus": 3,
                "firstAuditStatus": 2,
                "createDate": "2023-05-31 16:26:06",
                "updateDate": "2023-05-31 16:26:08"
            },
            {
                "id": 731,
                "escrowOrgName": null,
                "orgName": "lth",
                "entPrefix": "88.408.451797970941",
                "orgCrtCode": "Z4U2LI6bPokZwJSia6WSGc9n8JtFNiFK",
                "orgNature": 1,
                "applyType": 1,
                "thirdServiceStatus": 3,
                "firstAuditStatus": 2,
                "createDate": "2023-05-31 15:37:32",
                "updateDate": "2023-05-31 15:37:34"
            },
            {
                "id": 706,
                "escrowOrgName": null,
                "orgName": "qvNOCasjqVHdrcq3jA1lIlThJEAFqums",
                "entPrefix": "88.408.623208098508",
                "orgCrtCode": "EyhRxTpgY3kGiXRJAeEyIJA3se8GFLx3",
                "orgNature": 1,
                "applyType": 1,
                "thirdServiceStatus": 3,
                "firstAuditStatus": 2,
                "createDate": "2023-05-31 15:34:00",
                "updateDate": "2023-05-31 15:34:02"
            },
            {
                "id": 645,
                "escrowOrgName": null,
                "orgName": "lth",
                "entPrefix": "88.408.609147018619",
                "orgCrtCode": "p7cqhB1XisVrLGzW3cfIHr7q7sEQk9fd",
                "orgNature": 1,
                "applyType": 1,
                "thirdServiceStatus": 3,
                "firstAuditStatus": 2,
                "createDate": "2023-05-31 12:56:01",
                "updateDate": "2023-05-31 12:56:03"
            },
            {
                "id": 593,
                "escrowOrgName": null,
                "orgName": "lth",
                "entPrefix": "88.408.583534750507",
                "orgCrtCode": "S9s9eRZBQkJmllAAQXTx9JKhFOGBqOm4",
                "orgNature": 1,
                "applyType": 1,
                "thirdServiceStatus": 3,
                "firstAuditStatus": 1,
                "createDate": "2023-05-31 11:34:16",
                "updateDate": "2023-05-31 11:34:16"
            }
        ]
    }
}

2023-06-14 10:44:38.925 | INFO     | httprunner.client:request:217 - status_code: 200, response_time(ms): 59.85 ms, response_length: 0 bytes
2023-06-14 10:44:38.926 | INFO     | httprunner.response:validate:249 - assert status_code equal 200(int)	==> pass
2023-06-14 10:44:38.926 | INFO     | httprunner.response:validate:249 - assert body.message equal success(str)	==> pass
2023-06-14 10:44:38.927 | INFO     | httprunner.response:validate:249 - assert body.status equal 1(int)	==> pass
2023-06-14 10:44:38.928 | INFO     | httprunner.response:validate:249 - assert body.data.content[0].orgName equal lth(str)	==> pass
2023-06-14 10:44:38.928 | INFO     | httprunner.response:validate:249 - assert body.data.content[0].firstAuditStatus equal 2(int)	==> pass
2023-06-14 10:44:38.929 | INFO     | httprunner.runner:__run_step:304 - run step end: 前缀审核分页-名称查询 <<<<<<

2023-06-14 10:44:38.929 | INFO     | httprunner.runner:__run_step:304 - run step end: 企业审核分页 <<<<<<

