2023-06-25 18:44:11.144 | INFO     | httprunner.runner:test_start:450 - Start to run testcase: 托管审核用例集, TestCase ID: a7e6f519-e69a-46b1-993d-02e331978dcd
2023-06-25 18:44:11.144 | INFO     | httprunner.runner:__run_step:292 - run step begin: 用户注册 >>>>>>
2023-06-25 18:44:11.144 | INFO     | httprunner.runner:__run_step:292 - run step begin: 用户注册 >>>>>>
2023-06-25 18:44:11.246 | DEBUG    | httprunner.client:request:186 - client IP: 127.0.0.1, Port: 56655
2023-06-25 18:44:11.247 | DEBUG    | httprunner.client:request:194 - server IP: 127.0.0.1, Port: 8888
2023-06-25 18:44:11.247 | DEBUG    | httprunner.client:log_print:40 - 
================== request details ==================
method   : POST
url      : http://139.198.116.76:8000/api/home/test/registry
headers  : {
    "User-Agent": "Mozilla/5.0 (Windows NT 10.0; WOW64) AppleWebKit/537.36 (KHTML, like Gecko) Chrome/100.0.4896.60 Safari/537.36",
    "Accept-Encoding": "gzip, deflate",
    "Accept": "application/json, text/plain, */*",
    "Connection": "keep-alive",
    "Accept-Language": "zh-CN,zh;q=0.9",
    "HRUN-Request-ID": "HRUN-a7e6f519-e69a-46b1-993d-02e331978dcd-851144",
    "Content-Length": "187",
    "Content-Type": "application/json"
}
cookies  : {}
body     : {
    "email": "h4dGIefJ0lrGx4aH@qaqseq.com",
    "mobile": "10198446181",
    "openId": "",
    "openUserName": "",
    "password": "Admin@123",
    "remarks": "",
    "username": "UISW55I2Jx7ms1z2oeMiuuAZ7dKTSLbP"
}

2023-06-25 18:44:11.247 | DEBUG    | httprunner.client:log_print:40 - 
================== response details ==================
status_code : 200
headers  : {
    "Server": "nginx",
    "Date": "Sun, 25 Jun 2023 10:44:11 GMT",
    "Content-Type": "application/json",
    "Transfer-Encoding": "chunked",
    "X-Frame-Options": "SAMEORIGIN",
    "Connection": "keep-alive"
}
cookies  : {}
encoding : utf-8
content_type : application/json
body     : {
    "message": "success",
    "status": 1,
    "data": true
}

2023-06-25 18:44:11.247 | INFO     | httprunner.client:request:217 - status_code: 200, response_time(ms): 101.81 ms, response_length: 0 bytes
2023-06-25 18:44:11.247 | INFO     | httprunner.response:validate:249 - assert status_code equal 200(int)	==> pass
2023-06-25 18:44:11.247 | INFO     | httprunner.response:validate:249 - assert body.message equal success(str)	==> pass
2023-06-25 18:44:11.247 | INFO     | httprunner.response:validate:249 - assert body.status equal 1(int)	==> pass
2023-06-25 18:44:11.248 | INFO     | httprunner.response:validate:249 - assert body.message contains success(str)	==> pass
2023-06-25 18:44:11.248 | INFO     | httprunner.response:validate:249 - assert body.status contained_by [1, 200](list)	==> pass
2023-06-25 18:44:11.248 | INFO     | httprunner.runner:__run_step:304 - run step end: 用户注册 <<<<<<

2023-06-25 18:44:11.248 | INFO     | httprunner.runner:__run_step:304 - run step end: 用户注册 <<<<<<

2023-06-25 18:44:11.248 | INFO     | httprunner.runner:__run_step:292 - run step begin: 登录-企业 >>>>>>
2023-06-25 18:44:11.248 | INFO     | httprunner.runner:__run_step:292 - run step begin: 登录-企业用户 >>>>>>
2023-06-25 18:44:11.304 | DEBUG    | httprunner.client:request:186 - client IP: 127.0.0.1, Port: 56655
2023-06-25 18:44:11.304 | DEBUG    | httprunner.client:request:194 - server IP: 127.0.0.1, Port: 8888
2023-06-25 18:44:11.304 | DEBUG    | httprunner.client:log_print:40 - 
================== request details ==================
method   : POST
url      : http://139.198.116.76:8000/api/home/test/login
headers  : {
    "User-Agent": "python-requests/2.28.1",
    "Accept-Encoding": "gzip, deflate, br",
    "Accept": "*/*",
    "Connection": "keep-alive",
    "Content-Length": "170",
    "Content-Type": "application/json",
    "HRUN-Request-ID": "HRUN-a7e6f519-e69a-46b1-993d-02e331978dcd-851248"
}
cookies  : {}
body     : {
    "captcha": "0000",
    "captchaSign": "4bbd19421eb9532755dbbf5372d2e8c9f9121dac44316e525a59f8a91090a3fd",
    "emailCaptcha": "",
    "username": "UISW55I2Jx7ms1z2oeMiuuAZ7dKTSLbP"
}

2023-06-25 18:44:11.305 | DEBUG    | httprunner.client:log_print:40 - 
================== response details ==================
status_code : 200
headers  : {
    "Server": "nginx",
    "Date": "Sun, 25 Jun 2023 10:44:11 GMT",
    "Content-Type": "application/json;charset=UTF-8",
    "Transfer-Encoding": "chunked",
    "Set-Cookie": "SESSION=NTEyNGE0MmYtMzUzMC00ZDk4LWJmNTEtMjk3YWI1ZmFiYjUw; Path=/; HttpOnly; SameSite=Lax",
    "X-Frame-Options": "SAMEORIGIN",
    "Connection": "keep-alive"
}
cookies  : {
    "SESSION": "NTEyNGE0MmYtMzUzMC00ZDk4LWJmNTEtMjk3YWI1ZmFiYjUw"
}
encoding : UTF-8
content_type : application/json;charset=UTF-8
body     : {
    "message": "success",
    "status": 1,
    "data": true
}

2023-06-25 18:44:11.305 | INFO     | httprunner.client:request:217 - status_code: 200, response_time(ms): 55.77 ms, response_length: 0 bytes
2023-06-25 18:44:11.305 | INFO     | httprunner.response:extract:179 - extract mapping: {'entSession': 'response.headers."Set-Cookie".session'}
2023-06-25 18:44:11.305 | INFO     | httprunner.response:validate:249 - assert status_code equal 200(int)	==> pass
2023-06-25 18:44:11.305 | INFO     | httprunner.response:validate:249 - assert headers."Content-Type" equal application/json;charset=UTF-8(str)	==> pass
2023-06-25 18:44:11.305 | INFO     | httprunner.response:validate:249 - assert body.message equal success(str)	==> pass
2023-06-25 18:44:11.305 | INFO     | httprunner.response:validate:249 - assert body.status equal 1(int)	==> pass
2023-06-25 18:44:11.305 | INFO     | httprunner.response:validate:249 - assert body.data equal True(bool)	==> pass
2023-06-25 18:44:11.305 | INFO     | httprunner.runner:__run_step:304 - run step end: 登录-企业用户 <<<<<<

2023-06-25 18:44:11.305 | INFO     | httprunner.runner:__run_step_testcase:286 - export variables: {'entSession': 'response.headers."Set-Cookie".session'}
2023-06-25 18:44:11.305 | INFO     | httprunner.runner:__run_step:304 - run step end: 登录-企业 <<<<<<

2023-06-25 18:44:11.305 | INFO     | httprunner.runner:__run_step:292 - run step begin: 前缀注册企业资质图片上传 >>>>>>
2023-06-25 18:44:11.306 | INFO     | httprunner.runner:__run_step:292 - run step begin: 前缀注册企业资质图片上传 >>>>>>
2023-06-25 18:44:11.493 | DEBUG    | httprunner.client:request:186 - client IP: 127.0.0.1, Port: 56655
2023-06-25 18:44:11.494 | DEBUG    | httprunner.client:request:194 - server IP: 127.0.0.1, Port: 8888
2023-06-25 18:44:11.494 | DEBUG    | httprunner.client:log_print:40 - 
================== request details ==================
method   : POST
url      : http://139.198.116.76:8000/api/file/img/upload
headers  : {
    "User-Agent": "Mozilla/5.0 (Macintosh; Intel Mac OS X 10_15_7) AppleWebKit/537.36 (KHTML, like Gecko) Chrome/105.0.0.0 Safari/537.36",
    "Accept-Encoding": "gzip, deflate",
    "Accept": "application/json, text/plain, */*",
    "Connection": "keep-alive",
    "Accept-Language": "zh-CN,zh;q=0.9",
    "Content-Type": "multipart/form-data; boundary=a89475d914b4429a8aefdccb03580bb0",
    "HRUN-Request-ID": "HRUN-a7e6f519-e69a-46b1-993d-02e331978dcd-851307",
    "Cookie": "SESSION=NTEyNGE0MmYtMzUzMC00ZDk4LWJmNTEtMjk3YWI1ZmFiYjUw; SESSION=response.headers.\"Set-Cookie\".session",
    "Content-Length": "20435"
}
cookies  : {
    "SESSION": "NTEyNGE0MmYtMzUzMC00ZDk4LWJmNTEtMjk3YWI1ZmFiYjUw"
}
body     : upload file stream (OMITTED)

2023-06-25 18:44:11.495 | DEBUG    | httprunner.client:log_print:40 - 
================== response details ==================
status_code : 200
headers  : {
    "Server": "nginx",
    "Date": "Sun, 25 Jun 2023 10:44:11 GMT",
    "Content-Type": "application/json;charset=UTF-8",
    "Transfer-Encoding": "chunked",
    "X-Frame-Options": "SAMEORIGIN",
    "Connection": "keep-alive"
}
cookies  : {}
encoding : UTF-8
content_type : application/json;charset=UTF-8
body     : {
    "message": "success",
    "status": 1,
    "data": {
        "id": 2848,
        "path": "32575d23-f742-4785-b972-9a6adb80fb6a.jpeg"
    }
}

2023-06-25 18:44:11.495 | INFO     | httprunner.client:request:217 - status_code: 200, response_time(ms): 186.4 ms, response_length: 0 bytes
2023-06-25 18:44:11.496 | INFO     | httprunner.response:extract:179 - extract mapping: {'imgId': 2848}
2023-06-25 18:44:11.496 | INFO     | httprunner.response:validate:249 - assert status_code equal 200(int)	==> pass
2023-06-25 18:44:11.496 | INFO     | httprunner.runner:__run_step:304 - run step end: 前缀注册企业资质图片上传 <<<<<<

2023-06-25 18:44:11.497 | INFO     | httprunner.runner:__run_step_testcase:286 - export variables: {'imgId': 2848}
2023-06-25 18:44:11.497 | INFO     | httprunner.runner:__run_step:304 - run step end: 前缀注册企业资质图片上传 <<<<<<

2023-06-25 18:44:11.497 | INFO     | httprunner.runner:__run_step:292 - run step begin: 前缀注册企业联系人身份证图片正面上传 >>>>>>
2023-06-25 18:44:11.498 | INFO     | httprunner.runner:__run_step:292 - run step begin: 前缀注册企业联系人身份证图片背面上传 >>>>>>
2023-06-25 18:44:11.594 | DEBUG    | httprunner.client:request:186 - client IP: 127.0.0.1, Port: 56655
2023-06-25 18:44:11.595 | DEBUG    | httprunner.client:request:194 - server IP: 127.0.0.1, Port: 8888
2023-06-25 18:44:11.595 | DEBUG    | httprunner.client:log_print:40 - 
================== request details ==================
method   : POST
url      : http://139.198.116.76:8000/api/file/img/upload
headers  : {
    "User-Agent": "Mozilla/5.0 (Macintosh; Intel Mac OS X 10_15_7) AppleWebKit/537.36 (KHTML, like Gecko) Chrome/105.0.0.0 Safari/537.36",
    "Accept-Encoding": "gzip, deflate",
    "Accept": "application/json, text/plain, */*",
    "Connection": "keep-alive",
    "Accept-Language": "zh-CN,zh;q=0.9",
    "Content-Type": "multipart/form-data; boundary=f75b653db6424f6289b2469fa6907379",
    "HRUN-Request-ID": "HRUN-a7e6f519-e69a-46b1-993d-02e331978dcd-851498",
    "Cookie": "SESSION=NTEyNGE0MmYtMzUzMC00ZDk4LWJmNTEtMjk3YWI1ZmFiYjUw; SESSION=response.headers.\"Set-Cookie\".session",
    "Content-Length": "20435"
}
cookies  : {
    "SESSION": "NTEyNGE0MmYtMzUzMC00ZDk4LWJmNTEtMjk3YWI1ZmFiYjUw"
}
body     : upload file stream (OMITTED)

2023-06-25 18:44:11.596 | DEBUG    | httprunner.client:log_print:40 - 
================== response details ==================
status_code : 200
headers  : {
    "Server": "nginx",
    "Date": "Sun, 25 Jun 2023 10:44:11 GMT",
    "Content-Type": "application/json;charset=UTF-8",
    "Transfer-Encoding": "chunked",
    "X-Frame-Options": "SAMEORIGIN",
    "Connection": "keep-alive"
}
cookies  : {}
encoding : UTF-8
content_type : application/json;charset=UTF-8
body     : {
    "message": "success",
    "status": 1,
    "data": {
        "id": 2849,
        "path": "6013e915-9723-4236-94ad-21ad7bfc4699.jpeg"
    }
}

2023-06-25 18:44:11.596 | INFO     | httprunner.client:request:217 - status_code: 200, response_time(ms): 96.17 ms, response_length: 0 bytes
2023-06-25 18:44:11.597 | INFO     | httprunner.response:extract:179 - extract mapping: {'imgId_f': 2849}
2023-06-25 18:44:11.597 | INFO     | httprunner.response:validate:249 - assert status_code equal 200(int)	==> pass
2023-06-25 18:44:11.597 | INFO     | httprunner.runner:__run_step:304 - run step end: 前缀注册企业联系人身份证图片背面上传 <<<<<<

2023-06-25 18:44:11.597 | INFO     | httprunner.runner:__run_step_testcase:286 - export variables: {'imgId_f': 2849}
2023-06-25 18:44:11.598 | INFO     | httprunner.runner:__run_step:304 - run step end: 前缀注册企业联系人身份证图片正面上传 <<<<<<

2023-06-25 18:44:11.598 | INFO     | httprunner.runner:__run_step:292 - run step begin: 前缀注册企业联系人身份证图片背面上传 >>>>>>
2023-06-25 18:44:11.599 | INFO     | httprunner.runner:__run_step:292 - run step begin: 前缀注册企业联系人身份证图片背面上传 >>>>>>
2023-06-25 18:44:11.693 | DEBUG    | httprunner.client:request:186 - client IP: 127.0.0.1, Port: 56655
2023-06-25 18:44:11.694 | DEBUG    | httprunner.client:request:194 - server IP: 127.0.0.1, Port: 8888
2023-06-25 18:44:11.695 | DEBUG    | httprunner.client:log_print:40 - 
================== request details ==================
method   : POST
url      : http://139.198.116.76:8000/api/file/img/upload
headers  : {
    "User-Agent": "Mozilla/5.0 (Macintosh; Intel Mac OS X 10_15_7) AppleWebKit/537.36 (KHTML, like Gecko) Chrome/105.0.0.0 Safari/537.36",
    "Accept-Encoding": "gzip, deflate",
    "Accept": "application/json, text/plain, */*",
    "Connection": "keep-alive",
    "Accept-Language": "zh-CN,zh;q=0.9",
    "Content-Type": "multipart/form-data; boundary=8d78d722e23d44f8b1bcb2329273dad8",
    "HRUN-Request-ID": "HRUN-a7e6f519-e69a-46b1-993d-02e331978dcd-851599",
    "Cookie": "SESSION=NTEyNGE0MmYtMzUzMC00ZDk4LWJmNTEtMjk3YWI1ZmFiYjUw; SESSION=response.headers.\"Set-Cookie\".session",
    "Content-Length": "20435"
}
cookies  : {
    "SESSION": "NTEyNGE0MmYtMzUzMC00ZDk4LWJmNTEtMjk3YWI1ZmFiYjUw"
}
body     : upload file stream (OMITTED)

2023-06-25 18:44:11.695 | DEBUG    | httprunner.client:log_print:40 - 
================== response details ==================
status_code : 200
headers  : {
    "Server": "nginx",
    "Date": "Sun, 25 Jun 2023 10:44:11 GMT",
    "Content-Type": "application/json;charset=UTF-8",
    "Transfer-Encoding": "chunked",
    "X-Frame-Options": "SAMEORIGIN",
    "Connection": "keep-alive"
}
cookies  : {}
encoding : UTF-8
content_type : application/json;charset=UTF-8
body     : {
    "message": "success",
    "status": 1,
    "data": {
        "id": 2850,
        "path": "97f13141-7e49-4de0-80a6-b899fd2e65b7.jpeg"
    }
}

2023-06-25 18:44:11.696 | INFO     | httprunner.client:request:217 - status_code: 200, response_time(ms): 93.79 ms, response_length: 0 bytes
2023-06-25 18:44:11.696 | INFO     | httprunner.response:extract:179 - extract mapping: {'imgId_b': 2850}
2023-06-25 18:44:11.696 | INFO     | httprunner.response:validate:249 - assert status_code equal 200(int)	==> pass
2023-06-25 18:44:11.696 | INFO     | httprunner.runner:__run_step:304 - run step end: 前缀注册企业联系人身份证图片背面上传 <<<<<<

2023-06-25 18:44:11.697 | INFO     | httprunner.runner:__run_step_testcase:286 - export variables: {'imgId_b': 2850}
2023-06-25 18:44:11.697 | INFO     | httprunner.runner:__run_step:304 - run step end: 前缀注册企业联系人身份证图片背面上传 <<<<<<

2023-06-25 18:44:11.697 | INFO     | httprunner.runner:__run_step:292 - run step begin: 企业注册第一步提交信息 >>>>>>
2023-06-25 18:44:11.697 | INFO     | httprunner.runner:__run_step:292 - run step begin: 企业注册第一步提交信息 >>>>>>
2023-06-25 18:44:11.895 | DEBUG    | httprunner.client:request:186 - client IP: 127.0.0.1, Port: 56655
2023-06-25 18:44:11.896 | DEBUG    | httprunner.client:request:194 - server IP: 127.0.0.1, Port: 8888
2023-06-25 18:44:11.897 | DEBUG    | httprunner.client:log_print:40 - 
================== request details ==================
method   : POST
url      : http://139.198.116.76:8000/api/v3/entApply/basicInfo/submit
headers  : {
    "User-Agent": "Mozilla/5.0 (Macintosh; Intel Mac OS X 10_15_7) AppleWebKit/537.36 (KHTML, like Gecko) Chrome/105.0.0.0 Safari/537.36",
    "Accept-Encoding": "gzip, deflate",
    "Accept": "application/json, text/plain, */*",
    "Connection": "keep-alive",
    "Accept-Language": "zh-CN,zh;q=0.9",
    "Content-Type": "application/json;charset=UTF-8",
    "HRUN-Request-ID": "HRUN-a7e6f519-e69a-46b1-993d-02e331978dcd-851697",
    "Cookie": "SESSION=NTEyNGE0MmYtMzUzMC00ZDk4LWJmNTEtMjk3YWI1ZmFiYjUw; SESSION=response.headers.\"Set-Cookie\".session",
    "Content-Length": "2554"
}
cookies  : {
    "SESSION": "NTEyNGE0MmYtMzUzMC00ZDk4LWJmNTEtMjk3YWI1ZmFiYjUw"
}
body     : {
    "applyStep": 2,
    "applyType": null,
    "area": [
        "110000",
        "110100",
        "110101"
    ],
    "cltrid": null,
    "contactCrtBackImgPath": null,
    "contactCrtBackImgRid": 2850,
    "contactCrtFrontImgPath": null,
    "contactCrtFrontImgRid": 2849,
    "contactCrtNo": "448437196708071811",
    "contactCrtType": 1,
    "contactEmail": "h4dGIefJ0lrGx4aH@qaqseq.com",
    "contactName": "UISW55I2Jx7ms1z2oeMiuuAZ7dKTSLbP",
    "contactPhone": "10198446181",
    "createDate": null,
    "dataHostingContractFilePath": null,
    "dataHostingContractFileRid": null,
    "dataHostingOrg": null,
    "entGeneralId": null,
    "entInfoLicenses": [],
    "entInfoSerIndustrys": [],
    "entPrefix": "88.408.616547301",
    "escrowId": null,
    "escrowOrgName": null,
    "establishDate": null,
    "extDomain": null,
    "extIpAddr": null,
    "extWebName": null,
    "finalAuditMsg": null,
    "finalAuditStatus": null,
    "firstAuditMsg": null,
    "firstAuditStatus": null,
    "id": null,
    "idRegNaImp": null,
    "industry": [
        "A",
        "01"
    ],
    "industryCategory": "A",
    "industrySpecific": "01",
    "isSubmit": 0,
    "legalCrtBackImgContent": null,
    "legalCrtBackImgPath": null,
    "legalCrtBackImgRid": 2850,
    "legalCrtFrontImgContent": null,
    "legalCrtFrontImgPath": null,
    "legalCrtFrontImgRid": 2849,
    "legalCrtNo": "448437196708071811",
    "legalCrtType": "1",
    "legalCrtTypeDesc": "中国居民身份证",
    "legalEmail": null,
    "legalFax": null,
    "legalName": "张三",
    "legalPhone": null,
    "orgAddr": "致真",
    "orgAddrCity": "110100",
    "orgAddrCityDesc": "市辖区",
    "orgAddrCounty": "110101",
    "orgAddrCountyDesc": "东城区",
    "orgAddrProvince": "110000",
    "orgAddrProvinceDesc": "北京市",
    "orgCategorySpecificDesc": "农、林、牧、渔业-农业",
    "orgCrtCode": "UISW55I2Jx7ms1z2oeMiuuAZ7dKTSLbP",
    "orgCrtImgContent": null,
    "orgCrtImgPath": null,
    "orgCrtImgRid": 2848,
    "orgCrtType": "1",
    "orgDesc": null,
    "orgName": "UISW55I2Jx7ms1z2oeMiuuAZ7dKTSLbP",
    "orgNature": "1",
    "orgNatureDesc": "国有控股",
    "periodValidity": null,
    "regAuthority": null,
    "regCapital": null,
    "regRealNaImpName": null,
    "regRealNaImpType": null,
    "servHostingContractFilePath": null,
    "servHostingContractFileRid": null,
    "servHostingOrg": null,
    "servSysBuildContractFilePath": null,
    "servSysBuildContractFileRid": null,
    "servSysBuildName": null,
    "servSysBuildType": 1,
    "servSysOperContractFilePath": null,
    "servSysOperContractFileRid": null,
    "servSysOperName": null,
    "servSysOperType": 1,
    "svtrid": null,
    "thirdServiceMsg": null,
    "thirdServiceStatus": null,
    "updateDate": null,
    "userId": null,
    "userName": null,
    "website": null
}

2023-06-25 18:44:11.899 | DEBUG    | httprunner.client:log_print:40 - 
================== response details ==================
status_code : 200
headers  : {
    "Server": "nginx",
    "Date": "Sun, 25 Jun 2023 10:44:12 GMT",
    "Content-Type": "application/json;charset=UTF-8",
    "Transfer-Encoding": "chunked",
    "X-Frame-Options": "SAMEORIGIN",
    "Connection": "keep-alive"
}
cookies  : {}
encoding : UTF-8
content_type : application/json;charset=UTF-8
body     : {
    "message": "success",
    "status": 1,
    "data": true
}

2023-06-25 18:44:11.899 | INFO     | httprunner.client:request:217 - status_code: 200, response_time(ms): 197.94 ms, response_length: 0 bytes
2023-06-25 18:44:11.899 | INFO     | httprunner.response:validate:249 - assert status_code equal 200(int)	==> pass
2023-06-25 18:44:11.900 | INFO     | httprunner.response:validate:249 - assert body.message equal success(str)	==> pass
2023-06-25 18:44:11.900 | INFO     | httprunner.runner:__run_step:304 - run step end: 企业注册第一步提交信息 <<<<<<

2023-06-25 18:44:11.900 | INFO     | httprunner.runner:__run_step:304 - run step end: 企业注册第一步提交信息 <<<<<<

2023-06-25 18:44:11.901 | INFO     | httprunner.runner:__run_step:292 - run step begin: 企业注册查询注册信息 >>>>>>
2023-06-25 18:44:11.901 | INFO     | httprunner.runner:__run_step:292 - run step begin: 企业注册查询注册信息 >>>>>>
2023-06-25 18:44:12.148 | DEBUG    | httprunner.client:request:186 - client IP: 127.0.0.1, Port: 56655
2023-06-25 18:44:12.149 | DEBUG    | httprunner.client:request:194 - server IP: 127.0.0.1, Port: 8888
2023-06-25 18:44:12.149 | DEBUG    | httprunner.client:log_print:40 - 
================== request details ==================
method   : GET
url      : http://139.198.116.76:8000/api/v3/entApply/applyOrNot
headers  : {
    "User-Agent": "Mozilla/5.0 (Macintosh; Intel Mac OS X 10_15_7) AppleWebKit/537.36 (KHTML, like Gecko) Chrome/105.0.0.0 Safari/537.36",
    "Accept-Encoding": "gzip, deflate",
    "Accept": "application/json, text/plain, */*",
    "Connection": "keep-alive",
    "Accept-Language": "zh-CN,zh;q=0.9",
    "HRUN-Request-ID": "HRUN-a7e6f519-e69a-46b1-993d-02e331978dcd-851901",
    "Cookie": "SESSION=NTEyNGE0MmYtMzUzMC00ZDk4LWJmNTEtMjk3YWI1ZmFiYjUw; SESSION=response.headers.\"Set-Cookie\".session"
}
cookies  : {
    "SESSION": "NTEyNGE0MmYtMzUzMC00ZDk4LWJmNTEtMjk3YWI1ZmFiYjUw"
}
body     : None

2023-06-25 18:44:12.151 | DEBUG    | httprunner.client:log_print:40 - 
================== response details ==================
status_code : 200
headers  : {
    "Server": "nginx",
    "Date": "Sun, 25 Jun 2023 10:44:12 GMT",
    "Content-Type": "application/json;charset=UTF-8",
    "Transfer-Encoding": "chunked",
    "X-Frame-Options": "SAMEORIGIN",
    "Connection": "keep-alive"
}
cookies  : {}
encoding : UTF-8
content_type : application/json;charset=UTF-8
body     : {
    "message": "success",
    "status": 1,
    "data": {
        "nbmsEntApplyPO": {
            "id": 1424,
            "createDate": "2023-06-25 18:44:12",
            "updateDate": "2023-06-25 18:44:12",
            "applyType": null,
            "entGeneralId": null,
            "applyStep": 2,
            "isSubmit": 0,
            "entPrefix": "88.408.616547301",
            "firstAuditStatus": null,
            "firstAuditMsg": null,
            "thirdServiceStatus": null,
            "thirdServiceMsg": null,
            "userName": "UISW55I2Jx7ms1z2oeMiuuAZ7dKTSLbP",
            "finalAuditStatus": null,
            "finalAuditMsg": null,
            "svtrid": null,
            "cltrid": null,
            "userId": 1658,
            "orgName": "UISW55I2Jx7ms1z2oeMiuuAZ7dKTSLbP",
            "orgNature": "1",
            "orgAddrProvince": "110000",
            "orgAddrCity": "110100",
            "orgAddrCounty": "110101",
            "orgAddr": "致真",
            "orgCrtType": "1",
            "orgCrtCode": "UISW55I2Jx7ms1z2oeMiuuAZ7dKTSLbP",
            "legalName": "张三",
            "legalCrtType": "1",
            "legalCrtNo": "448437196708071811",
            "orgDesc": null,
            "industryCategory": "A",
            "industrySpecific": "01",
            "contactName": "UISW55I2Jx7ms1z2oeMiuuAZ7dKTSLbP",
            "contactPhone": "10198446181",
            "contactCrtType": 1,
            "contactCrtNo": "448437196708071811",
            "contactEmail": "h4dGIefJ0lrGx4aH@qaqseq.com",
            "website": null,
            "regAuthority": null,
            "regCapital": null,
            "establishDate": null,
            "periodValidity": null,
            "legalEmail": null,
            "legalPhone": null,
            "legalFax": null,
            "servSysBuildType": null,
            "servSysBuildName": null,
            "servSysOperType": null,
            "servSysOperName": null,
            "dataHostingOrg": null,
            "servHostingOrg": null,
            "regRealNaImpType": null,
            "regRealNaImpName": null,
            "idRegNaImp": null,
            "extWebName": null,
            "extDomain": null,
            "extIpAddr": null,
            "orgCrtImgRid": 2848,
            "contactCrtFrontImgRid": 2849,
            "contactCrtBackImgRid": 2850,
            "legalCrtFrontImgRid": 2849,
            "legalCrtBackImgRid": 2850,
            "servSysBuildContractFileRid": null,
            "servSysOperContractFileRid": null,
            "dataHostingContractFileRid": null,
            "servHostingContractFileRid": null,
            "entInfoLicenses": [],
            "entInfoSyss": [],
            "entInfoSerIndustrys": [],
            "escrowId": null,
            "industryQualificationRid": null,
            "certificationRid": null,
            "openingBank": null,
            "bankCard": null,
            "verificationName": null,
            "orgNatureDesc": "国有控股",
            "orgCrtImgContent": null,
            "orgCategorySpecificDesc": "农、林、牧、渔业-农业",
            "orgAddrProvinceDesc": "北京市",
            "orgAddrCountyDesc": "东城区",
            "orgAddrCityDesc": "市辖区",
            "legalCrtTypeDesc": "中国居民身份证",
            "legalCrtFrontImgContent": null,
            "legalCrtBackImgContent": null,
            "orgCrtImgPath": "32575d23-f742-4785-b972-9a6adb80fb6a.jpeg",
            "contactCrtFrontImgPath": "6013e915-9723-4236-94ad-21ad7bfc4699.jpeg",
            "contactCrtBackImgPath": "97f13141-7e49-4de0-80a6-b899fd2e65b7.jpeg",
            "legalCrtFrontImgPath": "6013e915-9723-4236-94ad-21ad7bfc4699.jpeg",
            "legalCrtBackImgPath": "97f13141-7e49-4de0-80a6-b899fd2e65b7.jpeg",
            "servSysBuildContractFilePath": null,
            "servSysOperContractFilePath": null,
            "dataHostingContractFilePath": null,
            "servHostingContractFilePath": null,
            "industryQualificationFilePath": null,
            "certificationFilePath": null,
            "escrowOrgName": null
        },
        "nbmsEntPO": null,
        "nbmsEntPrefixApplyPO": null,
        "needRelog": null,
        "applyStatus": 0
    }
}

2023-06-25 18:44:12.151 | INFO     | httprunner.client:request:217 - status_code: 200, response_time(ms): 246.77 ms, response_length: 0 bytes
2023-06-25 18:44:12.158 | INFO     | httprunner.response:extract:179 - extract mapping: {'applyId': 1424, 'userId': 1658, 'userName': 'UISW55I2Jx7ms1z2oeMiuuAZ7dKTSLbP', 'imgId_f': 2849, 'imgId_b': 2850, 'entId': None, 'entUserId': None, 'prefix': '88.408.616547301', 'contactCrtNo': '448437196708071811', 'contactCrtType': 1, 'contactEmail': 'h4dGIefJ0lrGx4aH@qaqseq.com', 'contactName': 'UISW55I2Jx7ms1z2oeMiuuAZ7dKTSLbP', 'contactPhone': '10198446181', 'industryCategory': 'A', 'industrySpecific': '01', 'orgName': 'UISW55I2Jx7ms1z2oeMiuuAZ7dKTSLbP', 'orgNature': '1', 'orgAddrProvince': '110000', 'orgAddrCity': '110100', 'orgAddrCounty': '110101', 'orgAddr': '致真', 'orgCrtType': '1', 'orgCrtCode': 'UISW55I2Jx7ms1z2oeMiuuAZ7dKTSLbP', 'legalName': '张三', 'legalEmail': None, 'legalPhone': None, 'legalCrtType': '1', 'legalCrtNo': '448437196708071811', 'legalCrtFrontImgRid': 2849, 'legalCrtBackImgRid': 2850, 'orgCrtImgRid': 2848, 'imgId': 2848, 'orgNatureDesc': '国有控股', 'orgCategorySpecificDesc': '农、林、牧、渔业-农业', 'orgAddrProvinceDesc': '北京市', 'orgAddrCountyDesc': '东城区', 'orgAddrCityDesc': '市辖区', 'legalCrtTypeDesc': '中国居民身份证', 'createDate': '2023-06-25 18:44:12', 'updateDate': '2023-06-25 18:44:12', 'entInfoSyss_0_id': None, 'entInfoSyss_0_entApplyId': None, 'entApplyId': None, 'entInfoSyss_0_sysType': None, 'entInfoSyss_0_deployMode': None, 'entInfoSyss_0_deployAddr': None, 'entInfoSyss_0_deployAddrProvince': None, 'entInfoSyss_0_deployAddrCity': None, 'entInfoSyss_0_deployAddrCounty': None, 'entInfoSyss_1_id': None, 'entInfoSyss_1_entApplyId': None, 'entInfoSyss_1_sysType': None, 'entInfoSyss_1_deployMode': None, 'entInfoSyss_1_deployAddr': None, 'entInfoSyss_1_deployAddrProvince': None, 'entInfoSyss_1_deployAddrCity': None, 'entInfoSyss_1_deployAddrCounty': None, 'entInfoSyss_2_id': None, 'entInfoSyss_2_entApplyId': None, 'entInfoSyss_2_sysType': None, 'entInfoSyss_2_deployMode': None, 'entInfoSyss_2_deployAddr': None, 'entInfoSyss_2_deployAddrProvince': None, 'entInfoSyss_2_deployAddrCity': None, 'entInfoSyss_2_deployAddrCounty': None, 'entInfoSyss_3_id': None, 'entInfoSyss_3_entApplyId': None, 'entInfoSyss_3_sysType': None, 'entInfoSyss_3_deployMode': None, 'entInfoSyss_3_deployAddr': None, 'entInfoSyss_3_deployAddrProvince': None, 'entInfoSyss_3_deployAddrCity': None, 'entInfoSyss_3_deployAddrCounty': None}
2023-06-25 18:44:12.158 | INFO     | httprunner.response:validate:249 - assert status_code equal 200(int)	==> pass
2023-06-25 18:44:12.159 | INFO     | httprunner.response:validate:249 - assert body.message equal success(str)	==> pass
2023-06-25 18:44:12.159 | INFO     | httprunner.runner:__run_step:304 - run step end: 企业注册查询注册信息 <<<<<<

2023-06-25 18:44:12.159 | INFO     | httprunner.runner:__run_step_testcase:286 - export variables: {'prefix': '88.408.616547301', 'imgId_b': 2850, 'applyId': 1424, 'contactCrtType': 1, 'entInfoSyss_1_sysType': None, 'entInfoSyss_2_entApplyId': None, 'entInfoSyss_3_id': None, 'entInfoSyss_2_deployAddrCity': None, 'legalPhone': None, 'contactCrtNo': '448437196708071811', 'entInfoSyss_0_deployMode': None, 'legalCrtBackImgRid': 2850, 'entInfoSyss_0_sysType': None, 'entInfoSyss_3_entApplyId': None, 'entInfoSyss_3_deployAddr': None, 'contactName': 'UISW55I2Jx7ms1z2oeMiuuAZ7dKTSLbP', 'entApplyId': None, 'entInfoSyss_3_sysType': None, 'entInfoSyss_2_deployAddr': None, 'entInfoSyss_3_deployAddrCounty': None, 'entInfoSyss_2_id': None, 'orgName': 'UISW55I2Jx7ms1z2oeMiuuAZ7dKTSLbP', 'entInfoSyss_2_sysType': None, 'entInfoSyss_0_deployAddr': None, 'entInfoSyss_0_id': None, 'legalCrtFrontImgRid': 2849, 'entInfoSyss_0_deployAddrProvince': None, 'entInfoSyss_1_deployAddrProvince': None, 'entInfoSyss_1_deployAddrCity': None, 'entInfoSyss_3_deployAddrCity': None, 'imgId': 2848, 'orgAddrCountyDesc': '东城区', 'entInfoSyss_1_deployMode': None, 'orgCrtCode': 'UISW55I2Jx7ms1z2oeMiuuAZ7dKTSLbP', 'createDate': '2023-06-25 18:44:12', 'entInfoSyss_3_deployMode': None, 'entInfoSyss_1_deployAddrCounty': None, 'entUserId': None, 'entInfoSyss_2_deployAddrProvince': None, 'legalEmail': None, 'orgNatureDesc': '国有控股', 'orgAddrProvinceDesc': '北京市', 'industryCategory': 'A', 'entInfoSyss_2_deployMode': None, 'orgCategorySpecificDesc': '农、林、牧、渔业-农业', 'orgAddrCityDesc': '市辖区', 'imgId_f': 2849, 'entId': None, 'entInfoSyss_1_deployAddr': None, 'orgAddrCity': '110100', 'userName': 'UISW55I2Jx7ms1z2oeMiuuAZ7dKTSLbP', 'orgCrtType': '1', 'orgAddrProvince': '110000', 'entInfoSyss_3_deployAddrProvince': None, 'entInfoSyss_0_entApplyId': None, 'orgCrtImgRid': 2848, 'legalCrtNo': '448437196708071811', 'contactEmail': 'h4dGIefJ0lrGx4aH@qaqseq.com', 'orgAddrCounty': '110101', 'entInfoSyss_0_deployAddrCity': None, 'userId': 1658, 'legalCrtTypeDesc': '中国居民身份证', 'legalCrtType': '1', 'contactPhone': '10198446181', 'entInfoSyss_1_id': None, 'orgNature': '1', 'entInfoSyss_0_deployAddrCounty': None, 'updateDate': '2023-06-25 18:44:12', 'entInfoSyss_1_entApplyId': None, 'industrySpecific': '01', 'entInfoSyss_2_deployAddrCounty': None, 'legalName': '张三', 'orgAddr': '致真'}
2023-06-25 18:44:12.159 | INFO     | httprunner.runner:__run_step:304 - run step end: 企业注册查询注册信息 <<<<<<

2023-06-25 18:44:12.159 | INFO     | httprunner.runner:__run_step:292 - run step begin: 企业注册第二步提交信息 >>>>>>
2023-06-25 18:44:12.159 | INFO     | httprunner.runner:__run_step:292 - run step begin: 企业注册第二步提交信息 >>>>>>
2023-06-25 18:44:12.229 | DEBUG    | httprunner.client:request:186 - client IP: 127.0.0.1, Port: 56655
2023-06-25 18:44:12.230 | DEBUG    | httprunner.client:request:194 - server IP: 127.0.0.1, Port: 8888
2023-06-25 18:44:12.231 | DEBUG    | httprunner.client:log_print:40 - 
================== request details ==================
method   : POST
url      : http://139.198.116.76:8000/api/v3/entApply/registerManageInfo
headers  : {
    "User-Agent": "Mozilla/5.0 (Macintosh; Intel Mac OS X 10_15_7) AppleWebKit/537.36 (KHTML, like Gecko) Chrome/105.0.0.0 Safari/537.36",
    "Accept-Encoding": "gzip, deflate",
    "Accept": "application/json, text/plain, */*",
    "Connection": "keep-alive",
    "Accept-Language": "zh-CN,zh;q=0.9",
    "Content-Type": "application/json;charset=UTF-8",
    "X-HTTP-Method-Override": "put",
    "HRUN-Request-ID": "HRUN-a7e6f519-e69a-46b1-993d-02e331978dcd-852160",
    "Cookie": "SESSION=NTEyNGE0MmYtMzUzMC00ZDk4LWJmNTEtMjk3YWI1ZmFiYjUw; SESSION=response.headers.\"Set-Cookie\".session",
    "Content-Length": "3279"
}
cookies  : {
    "SESSION": "NTEyNGE0MmYtMzUzMC00ZDk4LWJmNTEtMjk3YWI1ZmFiYjUw"
}
body     : {
    "applyStep": 3,
    "applyType": null,
    "cltrid": null,
    "contactCrtBackImgPath": null,
    "contactCrtBackImgRid": 2850,
    "contactCrtFrontImgPath": null,
    "contactCrtFrontImgRid": 2849,
    "contactCrtNo": "448437196708071811",
    "contactCrtType": 1,
    "contactEmail": "h4dGIefJ0lrGx4aH@qaqseq.com",
    "contactName": "UISW55I2Jx7ms1z2oeMiuuAZ7dKTSLbP",
    "contactPhone": "10198446181",
    "createDate": "2023-06-25 18:44:12",
    "dataHostingContractFilePath": null,
    "dataHostingContractFileRid": null,
    "dataHostingOrg": null,
    "entGeneralId": null,
    "entInfoLicenses": [],
    "entInfoSerIndustrys": [],
    "entInfoSyss": [
        {
            "deployAddr": "致真",
            "deployAddrCity": "110100",
            "deployAddrCounty": "110101",
            "deployAddrProvince": "110000",
            "deployMode": 1,
            "ipPort": null,
            "name": null,
            "sysType": 1
        },
        {
            "deployAddr": "致真",
            "deployAddrCity": "110100",
            "deployAddrCounty": "110101",
            "deployAddrProvince": "110000",
            "deployMode": 1,
            "ipPort": null,
            "name": null,
            "sysType": 2
        },
        {
            "deployAddr": "天津",
            "deployAddrCity": "120100",
            "deployAddrCounty": "120101",
            "deployAddrProvince": "120000",
            "deployMode": 1,
            "ipPort": null,
            "name": null,
            "sysType": 3
        },
        {
            "deployAddr": "天津",
            "deployAddrCity": "120100",
            "deployAddrCounty": "120101",
            "deployAddrProvince": "120000",
            "deployMode": 1,
            "ipPort": null,
            "name": null,
            "sysType": 4
        }
    ],
    "entPrefix": "88.408.616547301",
    "escrowId": null,
    "escrowOrgName": null,
    "establishDate": null,
    "extDomain": null,
    "extIpAddr": null,
    "extWebName": null,
    "finalAuditMsg": null,
    "finalAuditStatus": null,
    "firstAuditMsg": null,
    "firstAuditStatus": null,
    "id": 1424,
    "idRegNaImp": null,
    "industryCategory": "A",
    "industrySpecific": "01",
    "isSubmit": 0,
    "legalCrtBackImgContent": null,
    "legalCrtBackImgPath": null,
    "legalCrtBackImgRid": 2850,
    "legalCrtFrontImgContent": null,
    "legalCrtFrontImgPath": null,
    "legalCrtFrontImgRid": 2849,
    "legalCrtNo": "448437196708071811",
    "legalCrtType": "1",
    "legalCrtTypeDesc": "中国居民身份证",
    "legalEmail": null,
    "legalFax": null,
    "legalName": "张三",
    "legalPhone": null,
    "orgAddr": "致真",
    "orgAddrCity": "110100",
    "orgAddrCityDesc": "市辖区",
    "orgAddrCounty": "110101",
    "orgAddrCountyDesc": "东城区",
    "orgAddrProvince": "110000",
    "orgAddrProvinceDesc": "北京市",
    "orgCategorySpecificDesc": "农、林、牧、渔业-农业",
    "orgCrtCode": "UISW55I2Jx7ms1z2oeMiuuAZ7dKTSLbP",
    "orgCrtImgContent": null,
    "orgCrtImgPath": null,
    "orgCrtImgRid": 2848,
    "orgCrtType": "1",
    "orgDesc": null,
    "orgName": "UISW55I2Jx7ms1z2oeMiuuAZ7dKTSLbP",
    "orgNature": "1",
    "orgNatureDesc": "1",
    "periodValidity": null,
    "regAuthority": null,
    "regCapital": null,
    "regRealNaImpName": null,
    "regRealNaImpType": null,
    "servHostingContractFilePath": null,
    "servHostingContractFileRid": null,
    "servHostingOrg": null,
    "servSysBuildContractFilePath": null,
    "servSysBuildContractFileRid": null,
    "servSysBuildName": null,
    "servSysBuildType": 1,
    "servSysOperContractFilePath": null,
    "servSysOperContractFileRid": null,
    "servSysOperName": null,
    "servSysOperType": 1,
    "svtrid": null,
    "thirdServiceMsg": null,
    "thirdServiceStatus": null,
    "updateDate": "2023-06-25 18:44:12",
    "userId": 1658,
    "userName": "UISW55I2Jx7ms1z2oeMiuuAZ7dKTSLbP",
    "website": null
}

2023-06-25 18:44:12.232 | DEBUG    | httprunner.client:log_print:40 - 
================== response details ==================
status_code : 200
headers  : {
    "Server": "nginx",
    "Date": "Sun, 25 Jun 2023 10:44:12 GMT",
    "Content-Type": "application/json;charset=UTF-8",
    "Transfer-Encoding": "chunked",
    "X-Frame-Options": "SAMEORIGIN",
    "Connection": "keep-alive"
}
cookies  : {}
encoding : UTF-8
content_type : application/json;charset=UTF-8
body     : {
    "message": "success",
    "status": 1,
    "data": true
}

2023-06-25 18:44:12.232 | INFO     | httprunner.client:request:217 - status_code: 200, response_time(ms): 69.18 ms, response_length: 0 bytes
2023-06-25 18:44:12.233 | INFO     | httprunner.response:validate:249 - assert status_code equal 200(int)	==> pass
2023-06-25 18:44:12.233 | INFO     | httprunner.response:validate:249 - assert body.message equal success(str)	==> pass
2023-06-25 18:44:12.233 | INFO     | httprunner.runner:__run_step:304 - run step end: 企业注册第二步提交信息 <<<<<<

2023-06-25 18:44:12.234 | INFO     | httprunner.runner:__run_step:304 - run step end: 企业注册第二步提交信息 <<<<<<

2023-06-25 18:44:12.235 | INFO     | httprunner.runner:__run_step:292 - run step begin: 企业注册查询注册信息 >>>>>>
2023-06-25 18:44:12.235 | INFO     | httprunner.runner:__run_step:292 - run step begin: 企业注册查询注册信息 >>>>>>
2023-06-25 18:44:12.314 | DEBUG    | httprunner.client:request:186 - client IP: 127.0.0.1, Port: 56655
2023-06-25 18:44:12.315 | DEBUG    | httprunner.client:request:194 - server IP: 127.0.0.1, Port: 8888
2023-06-25 18:44:12.315 | DEBUG    | httprunner.client:log_print:40 - 
================== request details ==================
method   : GET
url      : http://139.198.116.76:8000/api/v3/entApply/applyOrNot
headers  : {
    "User-Agent": "Mozilla/5.0 (Macintosh; Intel Mac OS X 10_15_7) AppleWebKit/537.36 (KHTML, like Gecko) Chrome/105.0.0.0 Safari/537.36",
    "Accept-Encoding": "gzip, deflate",
    "Accept": "application/json, text/plain, */*",
    "Connection": "keep-alive",
    "Accept-Language": "zh-CN,zh;q=0.9",
    "HRUN-Request-ID": "HRUN-a7e6f519-e69a-46b1-993d-02e331978dcd-852235",
    "Cookie": "SESSION=NTEyNGE0MmYtMzUzMC00ZDk4LWJmNTEtMjk3YWI1ZmFiYjUw; SESSION=response.headers.\"Set-Cookie\".session"
}
cookies  : {
    "SESSION": "NTEyNGE0MmYtMzUzMC00ZDk4LWJmNTEtMjk3YWI1ZmFiYjUw"
}
body     : None

2023-06-25 18:44:12.320 | DEBUG    | httprunner.client:log_print:40 - 
================== response details ==================
status_code : 200
headers  : {
    "Server": "nginx",
    "Date": "Sun, 25 Jun 2023 10:44:12 GMT",
    "Content-Type": "application/json;charset=UTF-8",
    "Transfer-Encoding": "chunked",
    "X-Frame-Options": "SAMEORIGIN",
    "Connection": "keep-alive"
}
cookies  : {}
encoding : UTF-8
content_type : application/json;charset=UTF-8
body     : {
    "message": "success",
    "status": 1,
    "data": {
        "nbmsEntApplyPO": {
            "id": 1424,
            "createDate": "2023-06-25 18:44:12",
            "updateDate": "2023-06-25 18:44:12",
            "applyType": null,
            "entGeneralId": null,
            "applyStep": 3,
            "isSubmit": 0,
            "entPrefix": "88.408.616547301",
            "firstAuditStatus": null,
            "firstAuditMsg": null,
            "thirdServiceStatus": null,
            "thirdServiceMsg": null,
            "userName": "UISW55I2Jx7ms1z2oeMiuuAZ7dKTSLbP",
            "finalAuditStatus": null,
            "finalAuditMsg": null,
            "svtrid": null,
            "cltrid": null,
            "userId": 1658,
            "orgName": "UISW55I2Jx7ms1z2oeMiuuAZ7dKTSLbP",
            "orgNature": "1",
            "orgAddrProvince": "110000",
            "orgAddrCity": "110100",
            "orgAddrCounty": "110101",
            "orgAddr": "致真",
            "orgCrtType": "1",
            "orgCrtCode": "UISW55I2Jx7ms1z2oeMiuuAZ7dKTSLbP",
            "legalName": "张三",
            "legalCrtType": "1",
            "legalCrtNo": "448437196708071811",
            "orgDesc": null,
            "industryCategory": "A",
            "industrySpecific": "01",
            "contactName": "UISW55I2Jx7ms1z2oeMiuuAZ7dKTSLbP",
            "contactPhone": "10198446181",
            "contactCrtType": 1,
            "contactCrtNo": "448437196708071811",
            "contactEmail": "h4dGIefJ0lrGx4aH@qaqseq.com",
            "website": null,
            "regAuthority": null,
            "regCapital": null,
            "establishDate": null,
            "periodValidity": null,
            "legalEmail": null,
            "legalPhone": null,
            "legalFax": null,
            "servSysBuildType": 1,
            "servSysBuildName": null,
            "servSysOperType": 1,
            "servSysOperName": null,
            "dataHostingOrg": null,
            "servHostingOrg": null,
            "regRealNaImpType": null,
            "regRealNaImpName": null,
            "idRegNaImp": null,
            "extWebName": null,
            "extDomain": null,
            "extIpAddr": null,
            "orgCrtImgRid": 2848,
            "contactCrtFrontImgRid": 2849,
            "contactCrtBackImgRid": 2850,
            "legalCrtFrontImgRid": 2849,
            "legalCrtBackImgRid": 2850,
            "servSysBuildContractFileRid": null,
            "servSysOperContractFileRid": null,
            "dataHostingContractFileRid": null,
            "servHostingContractFileRid": null,
            "entInfoLicenses": [],
            "entInfoSyss": [
                {
                    "id": 3556,
                    "entApplyId": 1424,
                    "sysType": 1,
                    "deployMode": 1,
                    "deployAddr": "致真",
                    "deployAddrProvince": "110000",
                    "deployAddrCity": "110100",
                    "deployAddrCounty": "110101",
                    "name": null,
                    "ipPort": null
                },
                {
                    "id": 3557,
                    "entApplyId": 1424,
                    "sysType": 2,
                    "deployMode": 1,
                    "deployAddr": "致真",
                    "deployAddrProvince": "110000",
                    "deployAddrCity": "110100",
                    "deployAddrCounty": "110101",
                    "name": null,
                    "ipPort": null
                },
                {
                    "id": 3558,
                    "entApplyId": 1424,
                    "sysType": 3,
                    "deployMode": 1,
                    "deployAddr": "天津",
                    "deployAddrProvince": "120000",
                    "deployAddrCity": "120100",
                    "deployAddrCounty": "120101",
                    "name": null,
                    "ipPort": null
                },
                {
                    "id": 3559,
                    "entApplyId": 1424,
                    "sysType": 4,
                    "deployMode": 1,
                    "deployAddr": "天津",
                    "deployAddrProvince": "120000",
                    "deployAddrCity": "120100",
                    "deployAddrCounty": "120101",
                    "name": null,
                    "ipPort": null
                }
            ],
            "entInfoSerIndustrys": [],
            "escrowId": null,
            "industryQualificationRid": null,
            "certificationRid": null,
            "openingBank": null,
            "bankCard": null,
            "verificationName": null,
            "orgNatureDesc": "国有控股",
            "orgCrtImgContent": null,
            "orgCategorySpecificDesc": "农、林、牧、渔业-农业",
            "orgAddrProvinceDesc": "北京市",
            "orgAddrCountyDesc": "东城区",
            "orgAddrCityDesc": "市辖区",
            "legalCrtTypeDesc": "中国居民身份证",
            "legalCrtFrontImgContent": null,
            "legalCrtBackImgContent": null,
            "orgCrtImgPath": "32575d23-f742-4785-b972-9a6adb80fb6a.jpeg",
            "contactCrtFrontImgPath": "6013e915-9723-4236-94ad-21ad7bfc4699.jpeg",
            "contactCrtBackImgPath": "97f13141-7e49-4de0-80a6-b899fd2e65b7.jpeg",
            "legalCrtFrontImgPath": "6013e915-9723-4236-94ad-21ad7bfc4699.jpeg",
            "legalCrtBackImgPath": "97f13141-7e49-4de0-80a6-b899fd2e65b7.jpeg",
            "servSysBuildContractFilePath": null,
            "servSysOperContractFilePath": null,
            "dataHostingContractFilePath": null,
            "servHostingContractFilePath": null,
            "industryQualificationFilePath": null,
            "certificationFilePath": null,
            "escrowOrgName": null
        },
        "nbmsEntPO": null,
        "nbmsEntPrefixApplyPO": null,
        "needRelog": null,
        "applyStatus": 0
    }
}

2023-06-25 18:44:12.320 | INFO     | httprunner.client:request:217 - status_code: 200, response_time(ms): 78.77 ms, response_length: 0 bytes
2023-06-25 18:44:12.323 | INFO     | httprunner.response:extract:179 - extract mapping: {'applyId': 1424, 'userId': 1658, 'userName': 'UISW55I2Jx7ms1z2oeMiuuAZ7dKTSLbP', 'imgId_f': 2849, 'imgId_b': 2850, 'entId': None, 'entUserId': None, 'prefix': '88.408.616547301', 'contactCrtNo': '448437196708071811', 'contactCrtType': 1, 'contactEmail': 'h4dGIefJ0lrGx4aH@qaqseq.com', 'contactName': 'UISW55I2Jx7ms1z2oeMiuuAZ7dKTSLbP', 'contactPhone': '10198446181', 'industryCategory': 'A', 'industrySpecific': '01', 'orgName': 'UISW55I2Jx7ms1z2oeMiuuAZ7dKTSLbP', 'orgNature': '1', 'orgAddrProvince': '110000', 'orgAddrCity': '110100', 'orgAddrCounty': '110101', 'orgAddr': '致真', 'orgCrtType': '1', 'orgCrtCode': 'UISW55I2Jx7ms1z2oeMiuuAZ7dKTSLbP', 'legalName': '张三', 'legalEmail': None, 'legalPhone': None, 'legalCrtType': '1', 'legalCrtNo': '448437196708071811', 'legalCrtFrontImgRid': 2849, 'legalCrtBackImgRid': 2850, 'orgCrtImgRid': 2848, 'imgId': 2848, 'orgNatureDesc': '国有控股', 'orgCategorySpecificDesc': '农、林、牧、渔业-农业', 'orgAddrProvinceDesc': '北京市', 'orgAddrCountyDesc': '东城区', 'orgAddrCityDesc': '市辖区', 'legalCrtTypeDesc': '中国居民身份证', 'createDate': '2023-06-25 18:44:12', 'updateDate': '2023-06-25 18:44:12', 'entInfoSyss_0_id': 3556, 'entInfoSyss_0_entApplyId': 1424, 'entApplyId': 1424, 'entInfoSyss_0_sysType': 1, 'entInfoSyss_0_deployMode': 1, 'entInfoSyss_0_deployAddr': '致真', 'entInfoSyss_0_deployAddrProvince': '110000', 'entInfoSyss_0_deployAddrCity': '110100', 'entInfoSyss_0_deployAddrCounty': '110101', 'entInfoSyss_1_id': 3557, 'entInfoSyss_1_entApplyId': 1424, 'entInfoSyss_1_sysType': 2, 'entInfoSyss_1_deployMode': 1, 'entInfoSyss_1_deployAddr': '致真', 'entInfoSyss_1_deployAddrProvince': '110000', 'entInfoSyss_1_deployAddrCity': '110100', 'entInfoSyss_1_deployAddrCounty': '110101', 'entInfoSyss_2_id': 3558, 'entInfoSyss_2_entApplyId': 1424, 'entInfoSyss_2_sysType': 3, 'entInfoSyss_2_deployMode': 1, 'entInfoSyss_2_deployAddr': '天津', 'entInfoSyss_2_deployAddrProvince': '120000', 'entInfoSyss_2_deployAddrCity': '120100', 'entInfoSyss_2_deployAddrCounty': '120101', 'entInfoSyss_3_id': 3559, 'entInfoSyss_3_entApplyId': 1424, 'entInfoSyss_3_sysType': 4, 'entInfoSyss_3_deployMode': 1, 'entInfoSyss_3_deployAddr': '天津', 'entInfoSyss_3_deployAddrProvince': '120000', 'entInfoSyss_3_deployAddrCity': '120100', 'entInfoSyss_3_deployAddrCounty': '120101'}
2023-06-25 18:44:12.323 | INFO     | httprunner.response:validate:249 - assert status_code equal 200(int)	==> pass
2023-06-25 18:44:12.323 | INFO     | httprunner.response:validate:249 - assert body.message equal success(str)	==> pass
2023-06-25 18:44:12.323 | INFO     | httprunner.runner:__run_step:304 - run step end: 企业注册查询注册信息 <<<<<<

2023-06-25 18:44:12.323 | INFO     | httprunner.runner:__run_step_testcase:286 - export variables: {'prefix': '88.408.616547301', 'imgId_b': 2850, 'applyId': 1424, 'contactCrtType': 1, 'entInfoSyss_1_sysType': 2, 'entInfoSyss_2_entApplyId': 1424, 'entInfoSyss_3_id': 3559, 'entInfoSyss_2_deployAddrCity': '120100', 'legalPhone': None, 'contactCrtNo': '448437196708071811', 'entInfoSyss_0_deployMode': 1, 'legalCrtBackImgRid': 2850, 'entInfoSyss_0_sysType': 1, 'entInfoSyss_3_entApplyId': 1424, 'entInfoSyss_3_deployAddr': '天津', 'contactName': 'UISW55I2Jx7ms1z2oeMiuuAZ7dKTSLbP', 'entApplyId': 1424, 'entInfoSyss_3_sysType': 4, 'entInfoSyss_2_deployAddr': '天津', 'entInfoSyss_3_deployAddrCounty': '120101', 'entInfoSyss_2_id': 3558, 'orgName': 'UISW55I2Jx7ms1z2oeMiuuAZ7dKTSLbP', 'entInfoSyss_2_sysType': 3, 'entInfoSyss_0_deployAddr': '致真', 'entInfoSyss_0_id': 3556, 'legalCrtFrontImgRid': 2849, 'entInfoSyss_0_deployAddrProvince': '110000', 'entInfoSyss_1_deployAddrProvince': '110000', 'entInfoSyss_1_deployAddrCity': '110100', 'entInfoSyss_3_deployAddrCity': '120100', 'imgId': 2848, 'orgAddrCountyDesc': '东城区', 'entInfoSyss_1_deployMode': 1, 'orgCrtCode': 'UISW55I2Jx7ms1z2oeMiuuAZ7dKTSLbP', 'createDate': '2023-06-25 18:44:12', 'entInfoSyss_3_deployMode': 1, 'entInfoSyss_1_deployAddrCounty': '110101', 'entUserId': None, 'entInfoSyss_2_deployAddrProvince': '120000', 'legalEmail': None, 'orgNatureDesc': '国有控股', 'orgAddrProvinceDesc': '北京市', 'industryCategory': 'A', 'entInfoSyss_2_deployMode': 1, 'orgCategorySpecificDesc': '农、林、牧、渔业-农业', 'orgAddrCityDesc': '市辖区', 'imgId_f': 2849, 'entId': None, 'entInfoSyss_1_deployAddr': '致真', 'orgAddrCity': '110100', 'userName': 'UISW55I2Jx7ms1z2oeMiuuAZ7dKTSLbP', 'orgCrtType': '1', 'orgAddrProvince': '110000', 'entInfoSyss_3_deployAddrProvince': '120000', 'entInfoSyss_0_entApplyId': 1424, 'orgCrtImgRid': 2848, 'legalCrtNo': '448437196708071811', 'contactEmail': 'h4dGIefJ0lrGx4aH@qaqseq.com', 'orgAddrCounty': '110101', 'entInfoSyss_0_deployAddrCity': '110100', 'userId': 1658, 'legalCrtTypeDesc': '中国居民身份证', 'legalCrtType': '1', 'contactPhone': '10198446181', 'entInfoSyss_1_id': 3557, 'orgNature': '1', 'entInfoSyss_0_deployAddrCounty': '110101', 'updateDate': '2023-06-25 18:44:12', 'entInfoSyss_1_entApplyId': 1424, 'industrySpecific': '01', 'entInfoSyss_2_deployAddrCounty': '120101', 'legalName': '张三', 'orgAddr': '致真'}
2023-06-25 18:44:12.323 | INFO     | httprunner.runner:__run_step:304 - run step end: 企业注册查询注册信息 <<<<<<

2023-06-25 18:44:12.323 | INFO     | httprunner.runner:__run_step:292 - run step begin: 企业注册最终第三步提交信息 >>>>>>
2023-06-25 18:44:12.324 | INFO     | httprunner.runner:__run_step:292 - run step begin: 企业注册最终第三步提交信息 >>>>>>
2023-06-25 18:44:12.541 | DEBUG    | httprunner.client:request:186 - client IP: 127.0.0.1, Port: 56655
2023-06-25 18:44:12.541 | DEBUG    | httprunner.client:request:194 - server IP: 127.0.0.1, Port: 8888
2023-06-25 18:44:12.543 | DEBUG    | httprunner.client:log_print:40 - 
================== request details ==================
method   : POST
url      : http://139.198.116.76:8000/api/v3/entApply/apply
headers  : {
    "User-Agent": "Mozilla/5.0 (Macintosh; Intel Mac OS X 10_15_7) AppleWebKit/537.36 (KHTML, like Gecko) Chrome/105.0.0.0 Safari/537.36",
    "Accept-Encoding": "gzip, deflate",
    "Accept": "application/json, text/plain, */*",
    "Connection": "keep-alive",
    "Accept-Language": "zh-CN,zh;q=0.9",
    "Content-Type": "application/json;charset=UTF-8",
    "HRUN-Request-ID": "HRUN-a7e6f519-e69a-46b1-993d-02e331978dcd-852324",
    "Cookie": "SESSION=NTEyNGE0MmYtMzUzMC00ZDk4LWJmNTEtMjk3YWI1ZmFiYjUw; SESSION=response.headers.\"Set-Cookie\".session",
    "Content-Length": "3279"
}
cookies  : {
    "SESSION": "NTEyNGE0MmYtMzUzMC00ZDk4LWJmNTEtMjk3YWI1ZmFiYjUw"
}
body     : {
    "applyStep": 4,
    "applyType": null,
    "cltrid": null,
    "contactCrtBackImgPath": null,
    "contactCrtBackImgRid": 2850,
    "contactCrtFrontImgPath": null,
    "contactCrtFrontImgRid": 2849,
    "contactCrtNo": "448437196708071811",
    "contactCrtType": 1,
    "contactEmail": "h4dGIefJ0lrGx4aH@qaqseq.com",
    "contactName": "UISW55I2Jx7ms1z2oeMiuuAZ7dKTSLbP",
    "contactPhone": "10198446181",
    "createDate": "2023-06-25 18:44:12",
    "dataHostingContractFilePath": null,
    "dataHostingContractFileRid": null,
    "dataHostingOrg": null,
    "entGeneralId": null,
    "entInfoLicenses": [],
    "entInfoSerIndustrys": [],
    "entInfoSyss": [
        {
            "deployAddr": "致真",
            "deployAddrCity": "110100",
            "deployAddrCounty": "110101",
            "deployAddrProvince": "110000",
            "deployMode": 1,
            "ipPort": null,
            "name": null,
            "sysType": 2
        },
        {
            "deployAddr": "致真",
            "deployAddrCity": "110100",
            "deployAddrCounty": "110101",
            "deployAddrProvince": "110000",
            "deployMode": 1,
            "ipPort": null,
            "name": null,
            "sysType": 3
        },
        {
            "deployAddr": "天津",
            "deployAddrCity": "120100",
            "deployAddrCounty": "120101",
            "deployAddrProvince": "120000",
            "deployMode": 1,
            "ipPort": null,
            "name": null,
            "sysType": 4
        },
        {
            "deployAddr": "天津",
            "deployAddrCity": "120100",
            "deployAddrCounty": "120101",
            "deployAddrProvince": "120000",
            "deployMode": 1,
            "ipPort": null,
            "name": null,
            "sysType": 4
        }
    ],
    "entPrefix": "88.408.616547301",
    "escrowId": null,
    "escrowOrgName": null,
    "establishDate": null,
    "extDomain": null,
    "extIpAddr": null,
    "extWebName": null,
    "finalAuditMsg": null,
    "finalAuditStatus": null,
    "firstAuditMsg": null,
    "firstAuditStatus": null,
    "id": 1424,
    "idRegNaImp": null,
    "industryCategory": "A",
    "industrySpecific": "01",
    "isSubmit": 0,
    "legalCrtBackImgContent": null,
    "legalCrtBackImgPath": null,
    "legalCrtBackImgRid": 2850,
    "legalCrtFrontImgContent": null,
    "legalCrtFrontImgPath": null,
    "legalCrtFrontImgRid": 2849,
    "legalCrtNo": "448437196708071811",
    "legalCrtType": "1",
    "legalCrtTypeDesc": "中国居民身份证",
    "legalEmail": null,
    "legalFax": null,
    "legalName": "张三",
    "legalPhone": null,
    "orgAddr": "致真",
    "orgAddrCity": "110100",
    "orgAddrCityDesc": "市辖区",
    "orgAddrCounty": "110101",
    "orgAddrCountyDesc": "东城区",
    "orgAddrProvince": "110000",
    "orgAddrProvinceDesc": "北京市",
    "orgCategorySpecificDesc": "农、林、牧、渔业-农业",
    "orgCrtCode": "UISW55I2Jx7ms1z2oeMiuuAZ7dKTSLbP",
    "orgCrtImgContent": null,
    "orgCrtImgPath": null,
    "orgCrtImgRid": 2848,
    "orgCrtType": "1",
    "orgDesc": null,
    "orgName": "UISW55I2Jx7ms1z2oeMiuuAZ7dKTSLbP",
    "orgNature": "1",
    "orgNatureDesc": "1",
    "periodValidity": null,
    "regAuthority": null,
    "regCapital": null,
    "regRealNaImpName": null,
    "regRealNaImpType": null,
    "servHostingContractFilePath": null,
    "servHostingContractFileRid": null,
    "servHostingOrg": null,
    "servSysBuildContractFilePath": null,
    "servSysBuildContractFileRid": null,
    "servSysBuildName": null,
    "servSysBuildType": 1,
    "servSysOperContractFilePath": null,
    "servSysOperContractFileRid": null,
    "servSysOperName": null,
    "servSysOperType": 1,
    "svtrid": null,
    "thirdServiceMsg": null,
    "thirdServiceStatus": null,
    "updateDate": "2023-06-25 18:44:12",
    "userId": 1658,
    "userName": "UISW55I2Jx7ms1z2oeMiuuAZ7dKTSLbP",
    "website": null
}

2023-06-25 18:44:12.544 | DEBUG    | httprunner.client:log_print:40 - 
================== response details ==================
status_code : 200
headers  : {
    "Server": "nginx",
    "Date": "Sun, 25 Jun 2023 10:44:12 GMT",
    "Content-Type": "application/json;charset=UTF-8",
    "Transfer-Encoding": "chunked",
    "X-Frame-Options": "SAMEORIGIN",
    "Connection": "keep-alive"
}
cookies  : {}
encoding : UTF-8
content_type : application/json;charset=UTF-8
body     : {
    "message": "success",
    "status": 1,
    "data": true
}

2023-06-25 18:44:12.544 | INFO     | httprunner.client:request:217 - status_code: 200, response_time(ms): 216.58 ms, response_length: 0 bytes
2023-06-25 18:44:12.544 | INFO     | httprunner.response:validate:249 - assert status_code equal 200(int)	==> pass
2023-06-25 18:44:12.545 | INFO     | httprunner.response:validate:249 - assert body.message equal success(str)	==> pass
2023-06-25 18:44:12.545 | INFO     | httprunner.runner:__run_step:304 - run step end: 企业注册最终第三步提交信息 <<<<<<

2023-06-25 18:44:12.545 | INFO     | httprunner.runner:__run_step:304 - run step end: 企业注册最终第三步提交信息 <<<<<<

2023-06-25 18:44:12.546 | INFO     | httprunner.runner:__run_step:292 - run step begin: 登录-管理员 >>>>>>
2023-06-25 18:44:12.547 | INFO     | httprunner.runner:__run_step:292 - run step begin: 登录-企业用户 >>>>>>
2023-06-25 18:44:12.630 | DEBUG    | httprunner.client:request:186 - client IP: 127.0.0.1, Port: 56655
2023-06-25 18:44:12.630 | DEBUG    | httprunner.client:request:194 - server IP: 127.0.0.1, Port: 8888
2023-06-25 18:44:12.631 | DEBUG    | httprunner.client:log_print:40 - 
================== request details ==================
method   : POST
url      : http://139.198.116.76:8000/api/home/test/login
headers  : {
    "User-Agent": "python-requests/2.28.1",
    "Accept-Encoding": "gzip, deflate, br",
    "Accept": "*/*",
    "Connection": "keep-alive",
    "Content-Length": "144",
    "Content-Type": "application/json",
    "HRUN-Request-ID": "HRUN-a7e6f519-e69a-46b1-993d-02e331978dcd-852547",
    "Cookie": "SESSION=NTEyNGE0MmYtMzUzMC00ZDk4LWJmNTEtMjk3YWI1ZmFiYjUw"
}
cookies  : {
    "SESSION": "NTEyNGE0MmYtMzUzMC00ZDk4LWJmNTEtMjk3YWI1ZmFiYjUw"
}
body     : {
    "captcha": "0000",
    "captchaSign": "5d39bab12bba81ab59b3931d2ca06ee9603c3803355932be66974f122cab3502",
    "emailCaptcha": "",
    "username": "adminy"
}

2023-06-25 18:44:12.631 | DEBUG    | httprunner.client:log_print:40 - 
================== response details ==================
status_code : 200
headers  : {
    "Server": "nginx",
    "Date": "Sun, 25 Jun 2023 10:44:12 GMT",
    "Content-Type": "application/json;charset=UTF-8",
    "Transfer-Encoding": "chunked",
    "Set-Cookie": "SESSION=Nzk1MzA2MDUtZmI4Yi00YTA5LWE5YmMtOGQxNmUyNTcyOWJl; Path=/; HttpOnly; SameSite=Lax",
    "X-Frame-Options": "SAMEORIGIN",
    "Connection": "keep-alive"
}
cookies  : {
    "SESSION": "Nzk1MzA2MDUtZmI4Yi00YTA5LWE5YmMtOGQxNmUyNTcyOWJl"
}
encoding : UTF-8
content_type : application/json;charset=UTF-8
body     : {
    "message": "success",
    "status": 1,
    "data": true
}

2023-06-25 18:44:12.632 | INFO     | httprunner.client:request:217 - status_code: 200, response_time(ms): 82.71 ms, response_length: 0 bytes
2023-06-25 18:44:12.632 | INFO     | httprunner.response:extract:179 - extract mapping: {'adminSession': 'response.headers."Set-Cookie".session'}
2023-06-25 18:44:12.632 | INFO     | httprunner.response:validate:249 - assert status_code equal 200(int)	==> pass
2023-06-25 18:44:12.633 | INFO     | httprunner.response:validate:249 - assert headers."Content-Type" equal application/json;charset=UTF-8(str)	==> pass
2023-06-25 18:44:12.633 | INFO     | httprunner.response:validate:249 - assert body.message equal success(str)	==> pass
2023-06-25 18:44:12.633 | INFO     | httprunner.response:validate:249 - assert body.status equal 1(int)	==> pass
2023-06-25 18:44:12.633 | INFO     | httprunner.response:validate:249 - assert body.data equal True(bool)	==> pass
2023-06-25 18:44:12.633 | INFO     | httprunner.runner:__run_step:304 - run step end: 登录-企业用户 <<<<<<

2023-06-25 18:44:12.634 | INFO     | httprunner.runner:__run_step_testcase:286 - export variables: {'adminSession': 'response.headers."Set-Cookie".session'}
2023-06-25 18:44:12.634 | INFO     | httprunner.runner:__run_step:304 - run step end: 登录-管理员 <<<<<<

2023-06-25 18:44:12.634 | INFO     | httprunner.runner:__run_step:292 - run step begin: 年费费用查询 >>>>>>
2023-06-25 18:44:12.635 | INFO     | httprunner.runner:__run_step:292 - run step begin: 财务规则查询-年费 >>>>>>
2023-06-25 18:44:12.682 | DEBUG    | httprunner.client:request:186 - client IP: 127.0.0.1, Port: 56655
2023-06-25 18:44:12.683 | DEBUG    | httprunner.client:request:194 - server IP: 127.0.0.1, Port: 8888
2023-06-25 18:44:12.684 | DEBUG    | httprunner.client:log_print:40 - 
================== request details ==================
method   : GET
url      : http://139.198.116.76:8000/api/finance/rule/findRule?cache=1663837640684&moneyType=2&userId=1658
headers  : {
    "User-Agent": "Mozilla/5.0 (Macintosh; Intel Mac OS X 10_15_7) AppleWebKit/537.36 (KHTML, like Gecko) Chrome/98.0.4758.102 Safari/537.36 Edg/98.0.1108.56",
    "Accept-Encoding": "gzip, deflate",
    "Accept": "application/json, text/plain, */*",
    "Connection": "keep-alive",
    "Accept-Language": "zh-CN,zh;q=0.9,en;q=0.8,en-GB;q=0.7,en-US;q=0.6",
    "HRUN-Request-ID": "HRUN-a7e6f519-e69a-46b1-993d-02e331978dcd-852635",
    "Cookie": "SESSION=Nzk1MzA2MDUtZmI4Yi00YTA5LWE5YmMtOGQxNmUyNTcyOWJl; SESSION=response.headers.\"Set-Cookie\".session"
}
cookies  : {
    "SESSION": "Nzk1MzA2MDUtZmI4Yi00YTA5LWE5YmMtOGQxNmUyNTcyOWJl"
}
body     : None

2023-06-25 18:44:12.684 | DEBUG    | httprunner.client:log_print:40 - 
================== response details ==================
status_code : 200
headers  : {
    "Server": "nginx",
    "Date": "Sun, 25 Jun 2023 10:44:12 GMT",
    "Content-Type": "application/json;charset=UTF-8",
    "Transfer-Encoding": "chunked",
    "X-Frame-Options": "SAMEORIGIN",
    "Connection": "keep-alive"
}
cookies  : {}
encoding : UTF-8
content_type : application/json;charset=UTF-8
body     : {
    "message": "success",
    "status": 1,
    "data": [
        {
            "id": 78,
            "createDate": "2023-05-31 12:51:47",
            "updateDate": "2023-05-31 12:51:47",
            "name": "标准",
            "money": 10000.0,
            "moneyType": 2,
            "prefixCount": 1,
            "remart": "test",
            "entName": null,
            "entUserId": null,
            "ruleType": 2,
            "escrowId": null
        }
    ]
}

2023-06-25 18:44:12.685 | INFO     | httprunner.client:request:217 - status_code: 200, response_time(ms): 47.17 ms, response_length: 0 bytes
2023-06-25 18:44:12.685 | INFO     | httprunner.response:extract:179 - extract mapping: {'annualFeeRuleId': 78}
2023-06-25 18:44:12.685 | INFO     | httprunner.response:validate:249 - assert status_code equal 200(int)	==> pass
2023-06-25 18:44:12.685 | INFO     | httprunner.response:validate:249 - assert body.message equal success(str)	==> pass
2023-06-25 18:44:12.685 | INFO     | httprunner.response:validate:249 - assert body.status equal 1(int)	==> pass
2023-06-25 18:44:12.685 | INFO     | httprunner.runner:__run_step:304 - run step end: 财务规则查询-年费 <<<<<<

2023-06-25 18:44:12.685 | INFO     | httprunner.runner:__run_step_testcase:286 - export variables: {'annualFeeRuleId': 78}
2023-06-25 18:44:12.685 | INFO     | httprunner.runner:__run_step:304 - run step end: 年费费用查询 <<<<<<

2023-06-25 18:44:12.686 | INFO     | httprunner.runner:__run_step:292 - run step begin: 注册费费用查询 >>>>>>
2023-06-25 18:44:12.686 | INFO     | httprunner.runner:__run_step:292 - run step begin: 财务规则查询-注册费 >>>>>>
2023-06-25 18:44:12.732 | DEBUG    | httprunner.client:request:186 - client IP: 127.0.0.1, Port: 56655
2023-06-25 18:44:12.733 | DEBUG    | httprunner.client:request:194 - server IP: 127.0.0.1, Port: 8888
2023-06-25 18:44:12.734 | DEBUG    | httprunner.client:log_print:40 - 
================== request details ==================
method   : GET
url      : http://139.198.116.76:8000/api/finance/rule/findRule?moneyType=1&userId=1658
headers  : {
    "User-Agent": "Mozilla/5.0 (Macintosh; Intel Mac OS X 10_15_7) AppleWebKit/537.36 (KHTML, like Gecko) Chrome/98.0.4758.102 Safari/537.36 Edg/98.0.1108.56",
    "Accept-Encoding": "gzip, deflate",
    "Accept": "application/json, text/plain, */*",
    "Connection": "keep-alive",
    "Accept-Language": "zh-CN,zh;q=0.9,en;q=0.8,en-GB;q=0.7,en-US;q=0.6",
    "HRUN-Request-ID": "HRUN-a7e6f519-e69a-46b1-993d-02e331978dcd-852686",
    "Cookie": "SESSION=Nzk1MzA2MDUtZmI4Yi00YTA5LWE5YmMtOGQxNmUyNTcyOWJl; SESSION=response.headers.\"Set-Cookie\".session"
}
cookies  : {
    "SESSION": "Nzk1MzA2MDUtZmI4Yi00YTA5LWE5YmMtOGQxNmUyNTcyOWJl"
}
body     : None

2023-06-25 18:44:12.735 | DEBUG    | httprunner.client:log_print:40 - 
================== response details ==================
status_code : 200
headers  : {
    "Server": "nginx",
    "Date": "Sun, 25 Jun 2023 10:44:12 GMT",
    "Content-Type": "application/json;charset=UTF-8",
    "Transfer-Encoding": "chunked",
    "X-Frame-Options": "SAMEORIGIN",
    "Connection": "keep-alive"
}
cookies  : {}
encoding : UTF-8
content_type : application/json;charset=UTF-8
body     : {
    "message": "success",
    "status": 1,
    "data": [
        {
            "id": 77,
            "createDate": "2023-05-31 12:51:33",
            "updateDate": "2023-05-31 12:51:33",
            "name": "标准",
            "money": 10000.0,
            "moneyType": 1,
            "prefixCount": 1,
            "remart": "test",
            "entName": null,
            "entUserId": null,
            "ruleType": 2,
            "escrowId": null
        }
    ]
}

2023-06-25 18:44:12.735 | INFO     | httprunner.client:request:217 - status_code: 200, response_time(ms): 46.33 ms, response_length: 0 bytes
2023-06-25 18:44:12.736 | INFO     | httprunner.response:extract:179 - extract mapping: {'regFeeRuleId': 77}
2023-06-25 18:44:12.736 | INFO     | httprunner.response:validate:249 - assert status_code equal 200(int)	==> pass
2023-06-25 18:44:12.736 | INFO     | httprunner.response:validate:249 - assert body.message equal success(str)	==> pass
2023-06-25 18:44:12.736 | INFO     | httprunner.response:validate:249 - assert body.status equal 1(int)	==> pass
2023-06-25 18:44:12.737 | INFO     | httprunner.runner:__run_step:304 - run step end: 财务规则查询-注册费 <<<<<<

2023-06-25 18:44:12.737 | INFO     | httprunner.runner:__run_step_testcase:286 - export variables: {'regFeeRuleId': 77}
2023-06-25 18:44:12.737 | INFO     | httprunner.runner:__run_step:304 - run step end: 注册费费用查询 <<<<<<

2023-06-25 18:44:12.738 | INFO     | httprunner.runner:__run_step:292 - run step begin: 审核结果保存 >>>>>>
2023-06-25 18:44:12.738 | INFO     | httprunner.runner:__run_step:292 - run step begin: 企业审核保存 >>>>>>
2023-06-25 18:44:13.755 | DEBUG    | httprunner.client:request:186 - client IP: 127.0.0.1, Port: 56655
2023-06-25 18:44:13.755 | DEBUG    | httprunner.client:request:194 - server IP: 127.0.0.1, Port: 8888
2023-06-25 18:44:13.756 | DEBUG    | httprunner.client:log_print:40 - 
================== request details ==================
method   : POST
url      : http://139.198.116.76:8000/api/v3/ent/audit/save?annualFeeRuleId=78&applyId=1424&auditMsg=%E5%AE%A1%E6%A0%B8%E9%80%9A%E8%BF%87&auditResult=pass&entPrefix=88.408.616547301&regFeeRuleId=77
headers  : {
    "User-Agent": "Mozilla/5.0 (Macintosh; Intel Mac OS X 10_15_7) AppleWebKit/537.36 (KHTML, like Gecko) Chrome/98.0.4758.102 Safari/537.36 Edg/98.0.1108.56",
    "Accept-Encoding": "gzip, deflate",
    "Accept": "application/json, text/plain, */*",
    "Connection": "keep-alive",
    "Accept-Language": "zh-CN,zh;q=0.9,en;q=0.8,en-GB;q=0.7,en-US;q=0.6",
    "Content-Length": "0",
    "HRUN-Request-ID": "HRUN-a7e6f519-e69a-46b1-993d-02e331978dcd-852738",
    "Cookie": "SESSION=Nzk1MzA2MDUtZmI4Yi00YTA5LWE5YmMtOGQxNmUyNTcyOWJl; SESSION=response.headers.\"Set-Cookie\".session"
}
cookies  : {
    "SESSION": "Nzk1MzA2MDUtZmI4Yi00YTA5LWE5YmMtOGQxNmUyNTcyOWJl"
}
body     : None

2023-06-25 18:44:13.756 | DEBUG    | httprunner.client:log_print:40 - 
================== response details ==================
status_code : 200
headers  : {
    "Server": "nginx",
    "Date": "Sun, 25 Jun 2023 10:44:13 GMT",
    "Content-Type": "application/json",
    "Transfer-Encoding": "chunked",
    "X-Frame-Options": "SAMEORIGIN",
    "Connection": "keep-alive"
}
cookies  : {}
encoding : utf-8
content_type : application/json
body     : {
    "message": "success",
    "status": 1,
    "data": true
}

2023-06-25 18:44:13.757 | INFO     | httprunner.client:request:217 - status_code: 200, response_time(ms): 1016.19 ms, response_length: 0 bytes
2023-06-25 18:44:13.757 | INFO     | httprunner.response:validate:249 - assert status_code equal 200(int)	==> pass
2023-06-25 18:44:13.757 | INFO     | httprunner.response:validate:249 - assert body.message equal success(str)	==> pass
2023-06-25 18:44:13.758 | INFO     | httprunner.response:validate:249 - assert body.status equal 1(int)	==> pass
2023-06-25 18:44:13.758 | INFO     | httprunner.response:validate:249 - assert body.data equal True(bool)	==> pass
2023-06-25 18:44:13.758 | INFO     | httprunner.runner:__run_step:304 - run step end: 企业审核保存 <<<<<<

2023-06-25 18:44:13.758 | INFO     | httprunner.runner:__run_step:304 - run step end: 审核结果保存 <<<<<<

2023-06-25 18:44:13.759 | INFO     | httprunner.runner:__run_step:292 - run step begin: 企业用户登录 >>>>>>
2023-06-25 18:44:13.761 | INFO     | httprunner.runner:__run_step:292 - run step begin: 登录-企业用户 >>>>>>
2023-06-25 18:44:13.819 | DEBUG    | httprunner.client:request:186 - client IP: 127.0.0.1, Port: 56655
2023-06-25 18:44:13.820 | DEBUG    | httprunner.client:request:194 - server IP: 127.0.0.1, Port: 8888
2023-06-25 18:44:13.821 | DEBUG    | httprunner.client:log_print:40 - 
================== request details ==================
method   : POST
url      : http://139.198.116.76:8000/api/home/test/login
headers  : {
    "User-Agent": "python-requests/2.28.1",
    "Accept-Encoding": "gzip, deflate, br",
    "Accept": "*/*",
    "Connection": "keep-alive",
    "Content-Length": "170",
    "Content-Type": "application/json",
    "HRUN-Request-ID": "HRUN-a7e6f519-e69a-46b1-993d-02e331978dcd-853761",
    "Cookie": "SESSION=Nzk1MzA2MDUtZmI4Yi00YTA5LWE5YmMtOGQxNmUyNTcyOWJl"
}
cookies  : {
    "SESSION": "Nzk1MzA2MDUtZmI4Yi00YTA5LWE5YmMtOGQxNmUyNTcyOWJl"
}
body     : {
    "captcha": "0000",
    "captchaSign": "4bbd19421eb9532755dbbf5372d2e8c9f9121dac44316e525a59f8a91090a3fd",
    "emailCaptcha": "",
    "username": "UISW55I2Jx7ms1z2oeMiuuAZ7dKTSLbP"
}

2023-06-25 18:44:13.822 | DEBUG    | httprunner.client:log_print:40 - 
================== response details ==================
status_code : 200
headers  : {
    "Server": "nginx",
    "Date": "Sun, 25 Jun 2023 10:44:13 GMT",
    "Content-Type": "application/json;charset=UTF-8",
    "Transfer-Encoding": "chunked",
    "Set-Cookie": "SESSION=YWRlYmZlYzQtOGRiYy00NzM4LWIxMGEtYTE1OTcwMTY2Zjgw; Path=/; HttpOnly; SameSite=Lax",
    "X-Frame-Options": "SAMEORIGIN",
    "Connection": "keep-alive"
}
cookies  : {
    "SESSION": "YWRlYmZlYzQtOGRiYy00NzM4LWIxMGEtYTE1OTcwMTY2Zjgw"
}
encoding : UTF-8
content_type : application/json;charset=UTF-8
body     : {
    "message": "success",
    "status": 1,
    "data": true
}

2023-06-25 18:44:13.822 | INFO     | httprunner.client:request:217 - status_code: 200, response_time(ms): 57.93 ms, response_length: 0 bytes
2023-06-25 18:44:13.822 | INFO     | httprunner.response:extract:179 - extract mapping: {'entSession': 'response.headers."Set-Cookie".session'}
2023-06-25 18:44:13.823 | INFO     | httprunner.response:validate:249 - assert status_code equal 200(int)	==> pass
2023-06-25 18:44:13.823 | INFO     | httprunner.response:validate:249 - assert headers."Content-Type" equal application/json;charset=UTF-8(str)	==> pass
2023-06-25 18:44:13.824 | INFO     | httprunner.response:validate:249 - assert body.message equal success(str)	==> pass
2023-06-25 18:44:13.824 | INFO     | httprunner.response:validate:249 - assert body.status equal 1(int)	==> pass
2023-06-25 18:44:13.824 | INFO     | httprunner.response:validate:249 - assert body.data equal True(bool)	==> pass
2023-06-25 18:44:13.824 | INFO     | httprunner.runner:__run_step:304 - run step end: 登录-企业用户 <<<<<<

2023-06-25 18:44:13.824 | INFO     | httprunner.runner:__run_step_testcase:286 - export variables: {'entSession': 'response.headers."Set-Cookie".session'}
2023-06-25 18:44:13.824 | INFO     | httprunner.runner:__run_step:304 - run step end: 企业用户登录 <<<<<<

2023-06-25 18:44:13.824 | INFO     | httprunner.runner:__run_step:292 - run step begin: 企业申请托管 >>>>>>
2023-06-25 18:44:13.825 | INFO     | httprunner.runner:__run_step:292 - run step begin: 托管申请 >>>>>>
2023-06-25 18:44:13.883 | DEBUG    | httprunner.client:request:186 - client IP: 127.0.0.1, Port: 56655
2023-06-25 18:44:13.884 | DEBUG    | httprunner.client:request:194 - server IP: 127.0.0.1, Port: 8888
2023-06-25 18:44:13.884 | DEBUG    | httprunner.client:log_print:40 - 
================== request details ==================
method   : GET
url      : http://139.198.116.76:8000/api/prefixProxy/apply?entPrefix=88.408.616547301
headers  : {
    "User-Agent": "Mozilla/5.0 (Macintosh; Intel Mac OS X 10_15_7) AppleWebKit/537.36 (KHTML, like Gecko) Chrome/105.0.0.0 Safari/537.36",
    "Accept-Encoding": "gzip, deflate",
    "Accept": "application/json, text/plain, */*",
    "Connection": "keep-alive",
    "Accept-Language": "zh-CN,zh;q=0.9",
    "HRUN-Request-ID": "HRUN-a7e6f519-e69a-46b1-993d-02e331978dcd-853825",
    "Cookie": "SESSION=YWRlYmZlYzQtOGRiYy00NzM4LWIxMGEtYTE1OTcwMTY2Zjgw; SESSION=response.headers.\"Set-Cookie\".session"
}
cookies  : {
    "SESSION": "YWRlYmZlYzQtOGRiYy00NzM4LWIxMGEtYTE1OTcwMTY2Zjgw"
}
body     : None

2023-06-25 18:44:13.885 | DEBUG    | httprunner.client:log_print:40 - 
================== response details ==================
status_code : 200
headers  : {
    "Server": "nginx",
    "Date": "Sun, 25 Jun 2023 10:44:14 GMT",
    "Content-Type": "application/json;charset=UTF-8",
    "Transfer-Encoding": "chunked",
    "X-Frame-Options": "SAMEORIGIN",
    "Connection": "keep-alive"
}
cookies  : {}
encoding : UTF-8
content_type : application/json;charset=UTF-8
body     : {
    "message": "success",
    "status": 1,
    "data": null
}

2023-06-25 18:44:13.885 | INFO     | httprunner.client:request:217 - status_code: 200, response_time(ms): 58.18 ms, response_length: 0 bytes
2023-06-25 18:44:13.886 | INFO     | httprunner.response:validate:249 - assert status_code equal 200(int)	==> pass
2023-06-25 18:44:13.886 | INFO     | httprunner.response:validate:249 - assert body.message equal success(str)	==> pass
2023-06-25 18:44:13.886 | INFO     | httprunner.runner:__run_step:304 - run step end: 托管申请 <<<<<<

2023-06-25 18:44:13.887 | INFO     | httprunner.runner:__run_step:304 - run step end: 企业申请托管 <<<<<<

2023-06-25 18:44:13.888 | INFO     | httprunner.runner:__run_step:292 - run step begin: 管理员用户登录 >>>>>>
2023-06-25 18:44:13.888 | INFO     | httprunner.runner:__run_step:292 - run step begin: 登录-企业用户 >>>>>>
2023-06-25 18:44:13.970 | DEBUG    | httprunner.client:request:186 - client IP: 127.0.0.1, Port: 56655
2023-06-25 18:44:13.970 | DEBUG    | httprunner.client:request:194 - server IP: 127.0.0.1, Port: 8888
2023-06-25 18:44:13.971 | DEBUG    | httprunner.client:log_print:40 - 
================== request details ==================
method   : POST
url      : http://139.198.116.76:8000/api/home/test/login
headers  : {
    "User-Agent": "python-requests/2.28.1",
    "Accept-Encoding": "gzip, deflate, br",
    "Accept": "*/*",
    "Connection": "keep-alive",
    "Content-Length": "144",
    "Content-Type": "application/json",
    "HRUN-Request-ID": "HRUN-a7e6f519-e69a-46b1-993d-02e331978dcd-853888",
    "Cookie": "SESSION=YWRlYmZlYzQtOGRiYy00NzM4LWIxMGEtYTE1OTcwMTY2Zjgw"
}
cookies  : {
    "SESSION": "YWRlYmZlYzQtOGRiYy00NzM4LWIxMGEtYTE1OTcwMTY2Zjgw"
}
body     : {
    "captcha": "0000",
    "captchaSign": "5d39bab12bba81ab59b3931d2ca06ee9603c3803355932be66974f122cab3502",
    "emailCaptcha": "",
    "username": "adminy"
}

2023-06-25 18:44:13.972 | DEBUG    | httprunner.client:log_print:40 - 
================== response details ==================
status_code : 200
headers  : {
    "Server": "nginx",
    "Date": "Sun, 25 Jun 2023 10:44:14 GMT",
    "Content-Type": "application/json;charset=UTF-8",
    "Transfer-Encoding": "chunked",
    "Set-Cookie": "SESSION=NzhjMGQ4NTItNzhjNS00OGM0LTk1ZmUtYzBiZGVmMzE3ZDRi; Path=/; HttpOnly; SameSite=Lax",
    "X-Frame-Options": "SAMEORIGIN",
    "Connection": "keep-alive"
}
cookies  : {
    "SESSION": "NzhjMGQ4NTItNzhjNS00OGM0LTk1ZmUtYzBiZGVmMzE3ZDRi"
}
encoding : UTF-8
content_type : application/json;charset=UTF-8
body     : {
    "message": "success",
    "status": 1,
    "data": true
}

2023-06-25 18:44:13.972 | INFO     | httprunner.client:request:217 - status_code: 200, response_time(ms): 81.4 ms, response_length: 0 bytes
2023-06-25 18:44:13.972 | INFO     | httprunner.response:extract:179 - extract mapping: {'adminSession': 'response.headers."Set-Cookie".session'}
2023-06-25 18:44:13.973 | INFO     | httprunner.response:validate:249 - assert status_code equal 200(int)	==> pass
2023-06-25 18:44:13.973 | INFO     | httprunner.response:validate:249 - assert headers."Content-Type" equal application/json;charset=UTF-8(str)	==> pass
2023-06-25 18:44:13.973 | INFO     | httprunner.response:validate:249 - assert body.message equal success(str)	==> pass
2023-06-25 18:44:13.974 | INFO     | httprunner.response:validate:249 - assert body.status equal 1(int)	==> pass
2023-06-25 18:44:13.974 | INFO     | httprunner.response:validate:249 - assert body.data equal True(bool)	==> pass
2023-06-25 18:44:13.974 | INFO     | httprunner.runner:__run_step:304 - run step end: 登录-企业用户 <<<<<<

2023-06-25 18:44:13.974 | INFO     | httprunner.runner:__run_step_testcase:286 - export variables: {'adminSession': 'response.headers."Set-Cookie".session'}
2023-06-25 18:44:13.975 | INFO     | httprunner.runner:__run_step:304 - run step end: 管理员用户登录 <<<<<<

2023-06-25 18:44:13.975 | INFO     | httprunner.runner:__run_step:292 - run step begin: 前缀审核列表查询所申请前缀的id >>>>>>
2023-06-25 18:44:13.976 | INFO     | httprunner.runner:__run_step:292 - run step begin: 前缀审核列表 >>>>>>
2023-06-25 18:44:14.025 | DEBUG    | httprunner.client:request:186 - client IP: 127.0.0.1, Port: 56655
2023-06-25 18:44:14.025 | DEBUG    | httprunner.client:request:194 - server IP: 127.0.0.1, Port: 8888
2023-06-25 18:44:14.026 | DEBUG    | httprunner.client:log_print:40 - 
================== request details ==================
method   : GET
url      : http://139.198.116.76:8000/api/proxyserver/prefix/audit/pageQuery?cache=1663920502544&currentPage=1&entNameCn=&escrowOrgName=&order=&orderProp=&prefix=88.408.616547301
headers  : {
    "User-Agent": "Mozilla/5.0 (Macintosh; Intel Mac OS X 10_15_7) AppleWebKit/537.36 (KHTML, like Gecko) Chrome/104.0.0.0 Safari/537.36",
    "Accept-Encoding": "gzip, deflate",
    "Accept": "application/json, text/plain, */*",
    "Connection": "keep-alive",
    "Accept-Language": "zh-CN,zh;q=0.9",
    "HRUN-Request-ID": "HRUN-a7e6f519-e69a-46b1-993d-02e331978dcd-853976",
    "Cookie": "SESSION=NzhjMGQ4NTItNzhjNS00OGM0LTk1ZmUtYzBiZGVmMzE3ZDRi; SESSION=response.headers.\"Set-Cookie\".session"
}
cookies  : {
    "SESSION": "NzhjMGQ4NTItNzhjNS00OGM0LTk1ZmUtYzBiZGVmMzE3ZDRi"
}
body     : None

2023-06-25 18:44:14.028 | DEBUG    | httprunner.client:log_print:40 - 
================== response details ==================
status_code : 200
headers  : {
    "Server": "nginx",
    "Date": "Sun, 25 Jun 2023 10:44:14 GMT",
    "Content-Type": "application/json",
    "Transfer-Encoding": "chunked",
    "X-Frame-Options": "SAMEORIGIN",
    "Connection": "keep-alive"
}
cookies  : {}
encoding : utf-8
content_type : application/json
body     : {
    "message": "success",
    "status": 1,
    "data": {
        "first": true,
        "last": true,
        "totalPages": 1,
        "totalElements": 1,
        "number": 1,
        "size": 10,
        "sort": {
            "sorted": true,
            "unsorted": false,
            "empty": false
        },
        "numberOfElements": 1,
        "content": [
            {
                "id": 376,
                "prefix": "88.408.616547301",
                "entNameCn": "UISW55I2Jx7ms1z2oeMiuuAZ7dKTSLbP",
                "escrowOrgName": null,
                "isProxy": 2,
                "userId": 1658,
                "createDate": "2023-06-25 18:44:14",
                "updateDate": "2023-06-25 18:44:14"
            }
        ]
    }
}

2023-06-25 18:44:14.028 | INFO     | httprunner.client:request:217 - status_code: 200, response_time(ms): 48.63 ms, response_length: 0 bytes
2023-06-25 18:44:14.029 | INFO     | httprunner.response:extract:179 - extract mapping: {'prefixauditid': 376}
2023-06-25 18:44:14.029 | INFO     | httprunner.response:validate:249 - assert status_code equal 200(int)	==> pass
2023-06-25 18:44:14.029 | INFO     | httprunner.response:validate:249 - assert headers."Content-Type" equal application/json(str)	==> pass
2023-06-25 18:44:14.030 | INFO     | httprunner.response:validate:249 - assert body.message equal success(str)	==> pass
2023-06-25 18:44:14.030 | INFO     | httprunner.response:validate:249 - assert body.status equal 1(int)	==> pass
2023-06-25 18:44:14.030 | INFO     | httprunner.runner:__run_step:304 - run step end: 前缀审核列表 <<<<<<

2023-06-25 18:44:14.030 | INFO     | httprunner.runner:__run_step_testcase:286 - export variables: {'prefixauditid': 376}
2023-06-25 18:44:14.030 | INFO     | httprunner.runner:__run_step:304 - run step end: 前缀审核列表查询所申请前缀的id <<<<<<

2023-06-25 18:44:14.030 | INFO     | httprunner.runner:__run_step:292 - run step begin: 获取托管服务器列表 >>>>>>
2023-06-25 18:44:14.031 | INFO     | httprunner.runner:__run_step:292 - run step begin: 托管服务器列表 >>>>>>
2023-06-25 18:44:14.080 | DEBUG    | httprunner.client:request:186 - client IP: 127.0.0.1, Port: 56655
2023-06-25 18:44:14.080 | DEBUG    | httprunner.client:request:194 - server IP: 127.0.0.1, Port: 8888
2023-06-25 18:44:14.081 | DEBUG    | httprunner.client:log_print:40 - 
================== request details ==================
method   : GET
url      : http://139.198.116.76:8000/api/system/proxy/server/pageQuery?cache=1663915357874
headers  : {
    "User-Agent": "Mozilla/5.0 (Macintosh; Intel Mac OS X 10_15_7) AppleWebKit/537.36 (KHTML, like Gecko) Chrome/104.0.0.0 Safari/537.36",
    "Accept-Encoding": "gzip, deflate",
    "Accept": "application/json, text/plain, */*",
    "Connection": "keep-alive",
    "Accept-Language": "zh-CN,zh;q=0.9",
    "HRUN-Request-ID": "HRUN-a7e6f519-e69a-46b1-993d-02e331978dcd-854031",
    "Cookie": "SESSION=NzhjMGQ4NTItNzhjNS00OGM0LTk1ZmUtYzBiZGVmMzE3ZDRi; SESSION=response.headers.\"Set-Cookie\".session"
}
cookies  : {
    "SESSION": "NzhjMGQ4NTItNzhjNS00OGM0LTk1ZmUtYzBiZGVmMzE3ZDRi"
}
body     : None

2023-06-25 18:44:14.082 | DEBUG    | httprunner.client:log_print:40 - 
================== response details ==================
status_code : 200
headers  : {
    "Server": "nginx",
    "Date": "Sun, 25 Jun 2023 10:44:14 GMT",
    "Content-Type": "application/json",
    "Transfer-Encoding": "chunked",
    "X-Frame-Options": "SAMEORIGIN",
    "Connection": "keep-alive"
}
cookies  : {}
encoding : utf-8
content_type : application/json
body     : {
    "message": "success",
    "status": 1,
    "data": {
        "first": true,
        "last": true,
        "totalPages": 1,
        "totalElements": 1,
        "number": 1,
        "size": 10,
        "sort": {
            "sorted": true,
            "unsorted": false,
            "empty": false
        },
        "numberOfElements": 1,
        "content": [
            {
                "id": 5,
                "createDate": "2023-05-31 10:16:20",
                "updateDate": "2023-05-31 10:16:20",
                "srvName": "托管服务器-勿动",
                "ipType": 4,
                "ip": "192.168.0.76",
                "tcpPort": 2643,
                "udpPort": null,
                "httpPort": 8083,
                "ipTypeReslove": 4,
                "ipReslove": "139.198.116.208",
                "tcpPortReslove": 2643,
                "udpPortReslove": null,
                "httpPortReslove": 8083
            }
        ]
    }
}

2023-06-25 18:44:14.082 | INFO     | httprunner.client:request:217 - status_code: 200, response_time(ms): 48.68 ms, response_length: 0 bytes
2023-06-25 18:44:14.083 | INFO     | httprunner.response:extract:179 - extract mapping: {'proxyserverid': 5}
2023-06-25 18:44:14.083 | INFO     | httprunner.response:validate:249 - assert status_code equal 200(int)	==> pass
2023-06-25 18:44:14.083 | INFO     | httprunner.response:validate:249 - assert headers."Content-Type" equal application/json(str)	==> pass
2023-06-25 18:44:14.083 | INFO     | httprunner.response:validate:249 - assert body.message equal success(str)	==> pass
2023-06-25 18:44:14.084 | INFO     | httprunner.response:validate:249 - assert body.status equal 1(int)	==> pass
2023-06-25 18:44:14.084 | INFO     | httprunner.runner:__run_step:304 - run step end: 托管服务器列表 <<<<<<

2023-06-25 18:44:14.084 | INFO     | httprunner.runner:__run_step_testcase:286 - export variables: {'proxyserverid': 5}
2023-06-25 18:44:14.084 | INFO     | httprunner.runner:__run_step:304 - run step end: 获取托管服务器列表 <<<<<<

2023-06-25 18:44:14.085 | INFO     | httprunner.runner:__run_step:292 - run step begin: 前缀审核通过 >>>>>>
2023-06-25 18:44:14.085 | INFO     | httprunner.runner:__run_step:292 - run step begin: 托管审核保存 >>>>>>
2023-06-25 18:44:14.327 | DEBUG    | httprunner.client:request:186 - client IP: 127.0.0.1, Port: 56655
2023-06-25 18:44:14.328 | DEBUG    | httprunner.client:request:194 - server IP: 127.0.0.1, Port: 8888
2023-06-25 18:44:14.329 | DEBUG    | httprunner.client:log_print:40 - 
================== request details ==================
method   : POST
url      : http://139.198.116.76:8000/api/proxyserver/prefix/audit/save?auditResult=pass&id=376&ids=5
headers  : {
    "User-Agent": "Mozilla/5.0 (Macintosh; Intel Mac OS X 10_15_7) AppleWebKit/537.36 (KHTML, like Gecko) Chrome/104.0.0.0 Safari/537.36",
    "Accept-Encoding": "gzip, deflate",
    "Accept": "application/json, text/plain, */*",
    "Connection": "keep-alive",
    "Accept-Language": "zh-CN,zh;q=0.9",
    "Content-Length": "0",
    "HRUN-Request-ID": "HRUN-a7e6f519-e69a-46b1-993d-02e331978dcd-854086",
    "Cookie": "SESSION=NzhjMGQ4NTItNzhjNS00OGM0LTk1ZmUtYzBiZGVmMzE3ZDRi; SESSION=response.headers.\"Set-Cookie\".session"
}
cookies  : {
    "SESSION": "NzhjMGQ4NTItNzhjNS00OGM0LTk1ZmUtYzBiZGVmMzE3ZDRi"
}
body     : None

2023-06-25 18:44:14.330 | DEBUG    | httprunner.client:log_print:40 - 
================== response details ==================
status_code : 200
headers  : {
    "Server": "nginx",
    "Date": "Sun, 25 Jun 2023 10:44:14 GMT",
    "Content-Type": "application/json",
    "Transfer-Encoding": "chunked",
    "X-Frame-Options": "SAMEORIGIN",
    "Connection": "keep-alive"
}
cookies  : {}
encoding : utf-8
content_type : application/json
body     : {
    "message": "success",
    "status": 1,
    "data": true
}

2023-06-25 18:44:14.330 | INFO     | httprunner.client:request:217 - status_code: 200, response_time(ms): 241.82 ms, response_length: 0 bytes
2023-06-25 18:44:14.330 | INFO     | httprunner.response:validate:249 - assert status_code equal 200(int)	==> pass
2023-06-25 18:44:14.331 | INFO     | httprunner.response:validate:249 - assert headers."Content-Type" equal application/json(str)	==> pass
2023-06-25 18:44:14.331 | INFO     | httprunner.response:validate:249 - assert body.message equal success(str)	==> pass
2023-06-25 18:44:14.331 | INFO     | httprunner.response:validate:249 - assert body.status equal 1(int)	==> pass
2023-06-25 18:44:14.331 | INFO     | httprunner.response:validate:249 - assert body.data equal True(bool)	==> pass
2023-06-25 18:44:14.331 | INFO     | httprunner.runner:__run_step:304 - run step end: 托管审核保存 <<<<<<

2023-06-25 18:44:14.331 | INFO     | httprunner.runner:__run_step:304 - run step end: 前缀审核通过 <<<<<<

