2023-06-26 10:33:06.464 | INFO     | httprunner.runner:test_start:450 - Start to run testcase: 添加标识业务数据-ent-37,38, TestCase ID: ab8d8949-0436-48ac-a364-ee7fbc0172cd
2023-06-26 10:33:06.465 | INFO     | httprunner.runner:__run_step:292 - run step begin: 用户注册 >>>>>>
2023-06-26 10:33:06.465 | INFO     | httprunner.runner:__run_step:292 - run step begin: 用户注册 >>>>>>
2023-06-26 10:33:06.703 | DEBUG    | httprunner.client:request:186 - client IP: 127.0.0.1, Port: 50889
2023-06-26 10:33:06.703 | DEBUG    | httprunner.client:request:194 - server IP: 127.0.0.1, Port: 8888
2023-06-26 10:33:06.704 | DEBUG    | httprunner.client:log_print:40 - 
================== request details ==================
method   : POST
url      : http://139.198.116.76:8000/api/home/test/registry
headers  : {
    "User-Agent": "Mozilla/5.0 (Windows NT 10.0; WOW64) AppleWebKit/537.36 (KHTML, like Gecko) Chrome/100.0.4896.60 Safari/537.36",
    "Accept-Encoding": "gzip, deflate",
    "Accept": "application/json, text/plain, */*",
    "Connection": "keep-alive",
    "Accept-Language": "zh-CN,zh;q=0.9",
    "HRUN-Request-ID": "HRUN-ab8d8949-0436-48ac-a364-ee7fbc0172cd-786465",
    "Content-Length": "187",
    "Content-Type": "application/json"
}
cookies  : {}
body     : {
    "email": "8HAcRffkECErFmYm@qaqseq.com",
    "mobile": "19885695945",
    "openId": "",
    "openUserName": "",
    "password": "Admin@123",
    "remarks": "",
    "username": "fppWWTq3scZbKm3Ywn9LoCefXhrs8hhG"
}

2023-06-26 10:33:06.704 | DEBUG    | httprunner.client:log_print:40 - 
================== response details ==================
status_code : 200
headers  : {
    "Server": "nginx",
    "Date": "Mon, 26 Jun 2023 02:33:06 GMT",
    "Content-Type": "application/json",
    "Transfer-Encoding": "chunked",
    "X-Frame-Options": "SAMEORIGIN",
    "Connection": "keep-alive"
}
cookies  : {}
encoding : utf-8
content_type : application/json
body     : {
    "message": "success",
    "status": 1,
    "data": true
}

2023-06-26 10:33:06.704 | INFO     | httprunner.client:request:217 - status_code: 200, response_time(ms): 238.09 ms, response_length: 0 bytes
2023-06-26 10:33:06.704 | INFO     | httprunner.response:validate:249 - assert status_code equal 200(int)	==> pass
2023-06-26 10:33:06.704 | INFO     | httprunner.response:validate:249 - assert body.message equal success(str)	==> pass
2023-06-26 10:33:06.704 | INFO     | httprunner.response:validate:249 - assert body.status equal 1(int)	==> pass
2023-06-26 10:33:06.704 | INFO     | httprunner.response:validate:249 - assert body.message contains success(str)	==> pass
2023-06-26 10:33:06.704 | INFO     | httprunner.response:validate:249 - assert body.status contained_by [1, 200](list)	==> pass
2023-06-26 10:33:06.704 | INFO     | httprunner.runner:__run_step:304 - run step end: 用户注册 <<<<<<

2023-06-26 10:33:06.704 | INFO     | httprunner.runner:__run_step:304 - run step end: 用户注册 <<<<<<

2023-06-26 10:33:06.705 | INFO     | httprunner.runner:__run_step:292 - run step begin: 登录-企业 >>>>>>
2023-06-26 10:33:06.705 | INFO     | httprunner.runner:__run_step:292 - run step begin: 登录-企业用户 >>>>>>
2023-06-26 10:33:06.764 | DEBUG    | httprunner.client:request:186 - client IP: 127.0.0.1, Port: 50889
2023-06-26 10:33:06.764 | DEBUG    | httprunner.client:request:194 - server IP: 127.0.0.1, Port: 8888
2023-06-26 10:33:06.764 | DEBUG    | httprunner.client:log_print:40 - 
================== request details ==================
method   : POST
url      : http://139.198.116.76:8000/api/home/test/login
headers  : {
    "User-Agent": "python-requests/2.28.1",
    "Accept-Encoding": "gzip, deflate, br",
    "Accept": "*/*",
    "Connection": "keep-alive",
    "Content-Length": "170",
    "Content-Type": "application/json",
    "HRUN-Request-ID": "HRUN-ab8d8949-0436-48ac-a364-ee7fbc0172cd-786705"
}
cookies  : {}
body     : {
    "captcha": "0000",
    "captchaSign": "e9460925cd6c3363a8fb060793ed0a3210c39980daef8c5e04e19d412f880d8d",
    "emailCaptcha": "",
    "username": "fppWWTq3scZbKm3Ywn9LoCefXhrs8hhG"
}

2023-06-26 10:33:06.764 | DEBUG    | httprunner.client:log_print:40 - 
================== response details ==================
status_code : 200
headers  : {
    "Server": "nginx",
    "Date": "Mon, 26 Jun 2023 02:33:06 GMT",
    "Content-Type": "application/json;charset=UTF-8",
    "Transfer-Encoding": "chunked",
    "Set-Cookie": "SESSION=NDFlNjY1ODEtNTM4NS00ZDEyLWJjMmYtY2EyYWY3NDEwMGFj; Path=/; HttpOnly; SameSite=Lax",
    "X-Frame-Options": "SAMEORIGIN",
    "Connection": "keep-alive"
}
cookies  : {
    "SESSION": "NDFlNjY1ODEtNTM4NS00ZDEyLWJjMmYtY2EyYWY3NDEwMGFj"
}
encoding : UTF-8
content_type : application/json;charset=UTF-8
body     : {
    "message": "success",
    "status": 1,
    "data": true
}

2023-06-26 10:33:06.765 | INFO     | httprunner.client:request:217 - status_code: 200, response_time(ms): 58.8 ms, response_length: 0 bytes
2023-06-26 10:33:06.765 | INFO     | httprunner.response:extract:179 - extract mapping: {'entSession': 'response.headers."Set-Cookie".session'}
2023-06-26 10:33:06.765 | INFO     | httprunner.response:validate:249 - assert status_code equal 200(int)	==> pass
2023-06-26 10:33:06.765 | INFO     | httprunner.response:validate:249 - assert headers."Content-Type" equal application/json;charset=UTF-8(str)	==> pass
2023-06-26 10:33:06.765 | INFO     | httprunner.response:validate:249 - assert body.message equal success(str)	==> pass
2023-06-26 10:33:06.765 | INFO     | httprunner.response:validate:249 - assert body.status equal 1(int)	==> pass
2023-06-26 10:33:06.765 | INFO     | httprunner.response:validate:249 - assert body.data equal True(bool)	==> pass
2023-06-26 10:33:06.765 | INFO     | httprunner.runner:__run_step:304 - run step end: 登录-企业用户 <<<<<<

2023-06-26 10:33:06.765 | INFO     | httprunner.runner:__run_step_testcase:286 - export variables: {'entSession': 'response.headers."Set-Cookie".session'}
2023-06-26 10:33:06.765 | INFO     | httprunner.runner:__run_step:304 - run step end: 登录-企业 <<<<<<

2023-06-26 10:33:06.765 | INFO     | httprunner.runner:__run_step:292 - run step begin: 前缀注册企业资质图片上传 >>>>>>
2023-06-26 10:33:06.766 | INFO     | httprunner.runner:__run_step:292 - run step begin: 前缀注册企业资质图片上传 >>>>>>
2023-06-26 10:33:06.862 | DEBUG    | httprunner.client:request:186 - client IP: 127.0.0.1, Port: 50889
2023-06-26 10:33:06.863 | DEBUG    | httprunner.client:request:194 - server IP: 127.0.0.1, Port: 8888
2023-06-26 10:33:06.863 | DEBUG    | httprunner.client:log_print:40 - 
================== request details ==================
method   : POST
url      : http://139.198.116.76:8000/api/file/img/upload
headers  : {
    "User-Agent": "Mozilla/5.0 (Macintosh; Intel Mac OS X 10_15_7) AppleWebKit/537.36 (KHTML, like Gecko) Chrome/105.0.0.0 Safari/537.36",
    "Accept-Encoding": "gzip, deflate",
    "Accept": "application/json, text/plain, */*",
    "Connection": "keep-alive",
    "Accept-Language": "zh-CN,zh;q=0.9",
    "Content-Type": "multipart/form-data; boundary=ef35c49944814365b1bace3d2138e01b",
    "HRUN-Request-ID": "HRUN-ab8d8949-0436-48ac-a364-ee7fbc0172cd-786767",
    "Cookie": "SESSION=NDFlNjY1ODEtNTM4NS00ZDEyLWJjMmYtY2EyYWY3NDEwMGFj; SESSION=response.headers.\"Set-Cookie\".session",
    "Content-Length": "20435"
}
cookies  : {
    "SESSION": "NDFlNjY1ODEtNTM4NS00ZDEyLWJjMmYtY2EyYWY3NDEwMGFj"
}
body     : upload file stream (OMITTED)

2023-06-26 10:33:06.863 | DEBUG    | httprunner.client:log_print:40 - 
================== response details ==================
status_code : 200
headers  : {
    "Server": "nginx",
    "Date": "Mon, 26 Jun 2023 02:33:06 GMT",
    "Content-Type": "application/json;charset=UTF-8",
    "Transfer-Encoding": "chunked",
    "X-Frame-Options": "SAMEORIGIN",
    "Connection": "keep-alive"
}
cookies  : {}
encoding : UTF-8
content_type : application/json;charset=UTF-8
body     : {
    "message": "success",
    "status": 1,
    "data": {
        "id": 2944,
        "path": "69fd2f98-eb70-4c07-9336-87a66379daa5.jpeg"
    }
}

2023-06-26 10:33:06.863 | INFO     | httprunner.client:request:217 - status_code: 200, response_time(ms): 95.7 ms, response_length: 0 bytes
2023-06-26 10:33:06.863 | INFO     | httprunner.response:extract:179 - extract mapping: {'imgId': 2944}
2023-06-26 10:33:06.863 | INFO     | httprunner.response:validate:249 - assert status_code equal 200(int)	==> pass
2023-06-26 10:33:06.863 | INFO     | httprunner.runner:__run_step:304 - run step end: 前缀注册企业资质图片上传 <<<<<<

2023-06-26 10:33:06.864 | INFO     | httprunner.runner:__run_step_testcase:286 - export variables: {'imgId': 2944}
2023-06-26 10:33:06.864 | INFO     | httprunner.runner:__run_step:304 - run step end: 前缀注册企业资质图片上传 <<<<<<

2023-06-26 10:33:06.864 | INFO     | httprunner.runner:__run_step:292 - run step begin: 前缀注册企业联系人身份证图片正面上传 >>>>>>
2023-06-26 10:33:06.864 | INFO     | httprunner.runner:__run_step:292 - run step begin: 前缀注册企业联系人身份证图片背面上传 >>>>>>
2023-06-26 10:33:06.992 | DEBUG    | httprunner.client:request:186 - client IP: 127.0.0.1, Port: 50889
2023-06-26 10:33:06.992 | DEBUG    | httprunner.client:request:194 - server IP: 127.0.0.1, Port: 8888
2023-06-26 10:33:06.992 | DEBUG    | httprunner.client:log_print:40 - 
================== request details ==================
method   : POST
url      : http://139.198.116.76:8000/api/file/img/upload
headers  : {
    "User-Agent": "Mozilla/5.0 (Macintosh; Intel Mac OS X 10_15_7) AppleWebKit/537.36 (KHTML, like Gecko) Chrome/105.0.0.0 Safari/537.36",
    "Accept-Encoding": "gzip, deflate",
    "Accept": "application/json, text/plain, */*",
    "Connection": "keep-alive",
    "Accept-Language": "zh-CN,zh;q=0.9",
    "Content-Type": "multipart/form-data; boundary=cd81c099d74743ed82accef323dd7e6d",
    "HRUN-Request-ID": "HRUN-ab8d8949-0436-48ac-a364-ee7fbc0172cd-786864",
    "Cookie": "SESSION=NDFlNjY1ODEtNTM4NS00ZDEyLWJjMmYtY2EyYWY3NDEwMGFj; SESSION=response.headers.\"Set-Cookie\".session",
    "Content-Length": "20435"
}
cookies  : {
    "SESSION": "NDFlNjY1ODEtNTM4NS00ZDEyLWJjMmYtY2EyYWY3NDEwMGFj"
}
body     : upload file stream (OMITTED)

2023-06-26 10:33:06.992 | DEBUG    | httprunner.client:log_print:40 - 
================== response details ==================
status_code : 200
headers  : {
    "Server": "nginx",
    "Date": "Mon, 26 Jun 2023 02:33:07 GMT",
    "Content-Type": "application/json;charset=UTF-8",
    "Transfer-Encoding": "chunked",
    "X-Frame-Options": "SAMEORIGIN",
    "Connection": "keep-alive"
}
cookies  : {}
encoding : UTF-8
content_type : application/json;charset=UTF-8
body     : {
    "message": "success",
    "status": 1,
    "data": {
        "id": 2945,
        "path": "f667e12c-bc2c-4ccc-975a-8f4da02c7dca.jpeg"
    }
}

2023-06-26 10:33:06.993 | INFO     | httprunner.client:request:217 - status_code: 200, response_time(ms): 127.31 ms, response_length: 0 bytes
2023-06-26 10:33:06.993 | INFO     | httprunner.response:extract:179 - extract mapping: {'imgId_f': 2945}
2023-06-26 10:33:06.993 | INFO     | httprunner.response:validate:249 - assert status_code equal 200(int)	==> pass
2023-06-26 10:33:06.993 | INFO     | httprunner.runner:__run_step:304 - run step end: 前缀注册企业联系人身份证图片背面上传 <<<<<<

2023-06-26 10:33:06.993 | INFO     | httprunner.runner:__run_step_testcase:286 - export variables: {'imgId_f': 2945}
2023-06-26 10:33:06.993 | INFO     | httprunner.runner:__run_step:304 - run step end: 前缀注册企业联系人身份证图片正面上传 <<<<<<

2023-06-26 10:33:06.993 | INFO     | httprunner.runner:__run_step:292 - run step begin: 前缀注册企业联系人身份证图片背面上传 >>>>>>
2023-06-26 10:33:06.994 | INFO     | httprunner.runner:__run_step:292 - run step begin: 前缀注册企业联系人身份证图片背面上传 >>>>>>
2023-06-26 10:33:07.088 | DEBUG    | httprunner.client:request:186 - client IP: 127.0.0.1, Port: 50889
2023-06-26 10:33:07.088 | DEBUG    | httprunner.client:request:194 - server IP: 127.0.0.1, Port: 8888
2023-06-26 10:33:07.088 | DEBUG    | httprunner.client:log_print:40 - 
================== request details ==================
method   : POST
url      : http://139.198.116.76:8000/api/file/img/upload
headers  : {
    "User-Agent": "Mozilla/5.0 (Macintosh; Intel Mac OS X 10_15_7) AppleWebKit/537.36 (KHTML, like Gecko) Chrome/105.0.0.0 Safari/537.36",
    "Accept-Encoding": "gzip, deflate",
    "Accept": "application/json, text/plain, */*",
    "Connection": "keep-alive",
    "Accept-Language": "zh-CN,zh;q=0.9",
    "Content-Type": "multipart/form-data; boundary=fe921eca8f524b78abe336897ee99bbe",
    "HRUN-Request-ID": "HRUN-ab8d8949-0436-48ac-a364-ee7fbc0172cd-786994",
    "Cookie": "SESSION=NDFlNjY1ODEtNTM4NS00ZDEyLWJjMmYtY2EyYWY3NDEwMGFj; SESSION=response.headers.\"Set-Cookie\".session",
    "Content-Length": "20435"
}
cookies  : {
    "SESSION": "NDFlNjY1ODEtNTM4NS00ZDEyLWJjMmYtY2EyYWY3NDEwMGFj"
}
body     : upload file stream (OMITTED)

2023-06-26 10:33:07.088 | DEBUG    | httprunner.client:log_print:40 - 
================== response details ==================
status_code : 200
headers  : {
    "Server": "nginx",
    "Date": "Mon, 26 Jun 2023 02:33:07 GMT",
    "Content-Type": "application/json;charset=UTF-8",
    "Transfer-Encoding": "chunked",
    "X-Frame-Options": "SAMEORIGIN",
    "Connection": "keep-alive"
}
cookies  : {}
encoding : UTF-8
content_type : application/json;charset=UTF-8
body     : {
    "message": "success",
    "status": 1,
    "data": {
        "id": 2946,
        "path": "cf5ac973-2f30-4d9b-8234-bcd0c01cae62.jpeg"
    }
}

2023-06-26 10:33:07.089 | INFO     | httprunner.client:request:217 - status_code: 200, response_time(ms): 93.74 ms, response_length: 0 bytes
2023-06-26 10:33:07.089 | INFO     | httprunner.response:extract:179 - extract mapping: {'imgId_b': 2946}
2023-06-26 10:33:07.089 | INFO     | httprunner.response:validate:249 - assert status_code equal 200(int)	==> pass
2023-06-26 10:33:07.089 | INFO     | httprunner.runner:__run_step:304 - run step end: 前缀注册企业联系人身份证图片背面上传 <<<<<<

2023-06-26 10:33:07.089 | INFO     | httprunner.runner:__run_step_testcase:286 - export variables: {'imgId_b': 2946}
2023-06-26 10:33:07.089 | INFO     | httprunner.runner:__run_step:304 - run step end: 前缀注册企业联系人身份证图片背面上传 <<<<<<

2023-06-26 10:33:07.089 | INFO     | httprunner.runner:__run_step:292 - run step begin: 企业注册第一步提交信息 >>>>>>
2023-06-26 10:33:07.089 | INFO     | httprunner.runner:__run_step:292 - run step begin: 企业注册第一步提交信息 >>>>>>
2023-06-26 10:33:07.256 | DEBUG    | httprunner.client:request:186 - client IP: 127.0.0.1, Port: 50889
2023-06-26 10:33:07.257 | DEBUG    | httprunner.client:request:194 - server IP: 127.0.0.1, Port: 8888
2023-06-26 10:33:07.258 | DEBUG    | httprunner.client:log_print:40 - 
================== request details ==================
method   : POST
url      : http://139.198.116.76:8000/api/v3/entApply/basicInfo/submit
headers  : {
    "User-Agent": "Mozilla/5.0 (Macintosh; Intel Mac OS X 10_15_7) AppleWebKit/537.36 (KHTML, like Gecko) Chrome/105.0.0.0 Safari/537.36",
    "Accept-Encoding": "gzip, deflate",
    "Accept": "application/json, text/plain, */*",
    "Connection": "keep-alive",
    "Accept-Language": "zh-CN,zh;q=0.9",
    "Content-Type": "application/json;charset=UTF-8",
    "HRUN-Request-ID": "HRUN-ab8d8949-0436-48ac-a364-ee7fbc0172cd-787090",
    "Cookie": "SESSION=NDFlNjY1ODEtNTM4NS00ZDEyLWJjMmYtY2EyYWY3NDEwMGFj; SESSION=response.headers.\"Set-Cookie\".session",
    "Content-Length": "2555"
}
cookies  : {
    "SESSION": "NDFlNjY1ODEtNTM4NS00ZDEyLWJjMmYtY2EyYWY3NDEwMGFj"
}
body     : {
    "applyStep": 2,
    "applyType": null,
    "area": [
        "110000",
        "110100",
        "110101"
    ],
    "cltrid": null,
    "contactCrtBackImgPath": null,
    "contactCrtBackImgRid": 2946,
    "contactCrtFrontImgPath": null,
    "contactCrtFrontImgRid": 2945,
    "contactCrtNo": "511610199602048512",
    "contactCrtType": 1,
    "contactEmail": "8HAcRffkECErFmYm@qaqseq.com",
    "contactName": "fppWWTq3scZbKm3Ywn9LoCefXhrs8hhG",
    "contactPhone": "19885695945",
    "createDate": null,
    "dataHostingContractFilePath": null,
    "dataHostingContractFileRid": null,
    "dataHostingOrg": null,
    "entGeneralId": null,
    "entInfoLicenses": [],
    "entInfoSerIndustrys": [],
    "entPrefix": "88.408.7677085644",
    "escrowId": null,
    "escrowOrgName": null,
    "establishDate": null,
    "extDomain": null,
    "extIpAddr": null,
    "extWebName": null,
    "finalAuditMsg": null,
    "finalAuditStatus": null,
    "firstAuditMsg": null,
    "firstAuditStatus": null,
    "id": null,
    "idRegNaImp": null,
    "industry": [
        "A",
        "01"
    ],
    "industryCategory": "A",
    "industrySpecific": "01",
    "isSubmit": 0,
    "legalCrtBackImgContent": null,
    "legalCrtBackImgPath": null,
    "legalCrtBackImgRid": 2946,
    "legalCrtFrontImgContent": null,
    "legalCrtFrontImgPath": null,
    "legalCrtFrontImgRid": 2945,
    "legalCrtNo": "511610199602048512",
    "legalCrtType": "1",
    "legalCrtTypeDesc": "中国居民身份证",
    "legalEmail": null,
    "legalFax": null,
    "legalName": "张三",
    "legalPhone": null,
    "orgAddr": "致真",
    "orgAddrCity": "110100",
    "orgAddrCityDesc": "市辖区",
    "orgAddrCounty": "110101",
    "orgAddrCountyDesc": "东城区",
    "orgAddrProvince": "110000",
    "orgAddrProvinceDesc": "北京市",
    "orgCategorySpecificDesc": "农、林、牧、渔业-农业",
    "orgCrtCode": "fppWWTq3scZbKm3Ywn9LoCefXhrs8hhG",
    "orgCrtImgContent": null,
    "orgCrtImgPath": null,
    "orgCrtImgRid": 2944,
    "orgCrtType": "1",
    "orgDesc": null,
    "orgName": "fppWWTq3scZbKm3Ywn9LoCefXhrs8hhG",
    "orgNature": "1",
    "orgNatureDesc": "国有控股",
    "periodValidity": null,
    "regAuthority": null,
    "regCapital": null,
    "regRealNaImpName": null,
    "regRealNaImpType": null,
    "servHostingContractFilePath": null,
    "servHostingContractFileRid": null,
    "servHostingOrg": null,
    "servSysBuildContractFilePath": null,
    "servSysBuildContractFileRid": null,
    "servSysBuildName": null,
    "servSysBuildType": 1,
    "servSysOperContractFilePath": null,
    "servSysOperContractFileRid": null,
    "servSysOperName": null,
    "servSysOperType": 1,
    "svtrid": null,
    "thirdServiceMsg": null,
    "thirdServiceStatus": null,
    "updateDate": null,
    "userId": null,
    "userName": null,
    "website": null
}

2023-06-26 10:33:07.260 | DEBUG    | httprunner.client:log_print:40 - 
================== response details ==================
status_code : 200
headers  : {
    "Server": "nginx",
    "Date": "Mon, 26 Jun 2023 02:33:07 GMT",
    "Content-Type": "application/json;charset=UTF-8",
    "Transfer-Encoding": "chunked",
    "X-Frame-Options": "SAMEORIGIN",
    "Connection": "keep-alive"
}
cookies  : {}
encoding : UTF-8
content_type : application/json;charset=UTF-8
body     : {
    "message": "success",
    "status": 1,
    "data": true
}

2023-06-26 10:33:07.260 | INFO     | httprunner.client:request:217 - status_code: 200, response_time(ms): 166.72 ms, response_length: 0 bytes
2023-06-26 10:33:07.260 | INFO     | httprunner.response:validate:249 - assert status_code equal 200(int)	==> pass
2023-06-26 10:33:07.260 | INFO     | httprunner.response:validate:249 - assert body.message equal success(str)	==> pass
2023-06-26 10:33:07.260 | INFO     | httprunner.runner:__run_step:304 - run step end: 企业注册第一步提交信息 <<<<<<

2023-06-26 10:33:07.261 | INFO     | httprunner.runner:__run_step:304 - run step end: 企业注册第一步提交信息 <<<<<<

2023-06-26 10:33:07.261 | INFO     | httprunner.runner:__run_step:292 - run step begin: 企业注册查询注册信息 >>>>>>
2023-06-26 10:33:07.261 | INFO     | httprunner.runner:__run_step:292 - run step begin: 企业注册查询注册信息 >>>>>>
2023-06-26 10:33:07.411 | DEBUG    | httprunner.client:request:186 - client IP: 127.0.0.1, Port: 50889
2023-06-26 10:33:07.412 | DEBUG    | httprunner.client:request:194 - server IP: 127.0.0.1, Port: 8888
2023-06-26 10:33:07.412 | DEBUG    | httprunner.client:log_print:40 - 
================== request details ==================
method   : GET
url      : http://139.198.116.76:8000/api/v3/entApply/applyOrNot
headers  : {
    "User-Agent": "Mozilla/5.0 (Macintosh; Intel Mac OS X 10_15_7) AppleWebKit/537.36 (KHTML, like Gecko) Chrome/105.0.0.0 Safari/537.36",
    "Accept-Encoding": "gzip, deflate",
    "Accept": "application/json, text/plain, */*",
    "Connection": "keep-alive",
    "Accept-Language": "zh-CN,zh;q=0.9",
    "HRUN-Request-ID": "HRUN-ab8d8949-0436-48ac-a364-ee7fbc0172cd-787261",
    "Cookie": "SESSION=NDFlNjY1ODEtNTM4NS00ZDEyLWJjMmYtY2EyYWY3NDEwMGFj; SESSION=response.headers.\"Set-Cookie\".session"
}
cookies  : {
    "SESSION": "NDFlNjY1ODEtNTM4NS00ZDEyLWJjMmYtY2EyYWY3NDEwMGFj"
}
body     : None

2023-06-26 10:33:07.414 | DEBUG    | httprunner.client:log_print:40 - 
================== response details ==================
status_code : 200
headers  : {
    "Server": "nginx",
    "Date": "Mon, 26 Jun 2023 02:33:07 GMT",
    "Content-Type": "application/json;charset=UTF-8",
    "Transfer-Encoding": "chunked",
    "X-Frame-Options": "SAMEORIGIN",
    "Connection": "keep-alive"
}
cookies  : {}
encoding : UTF-8
content_type : application/json;charset=UTF-8
body     : {
    "message": "success",
    "status": 1,
    "data": {
        "nbmsEntApplyPO": {
            "id": 1454,
            "createDate": "2023-06-26 10:33:07",
            "updateDate": "2023-06-26 10:33:07",
            "applyType": null,
            "entGeneralId": null,
            "applyStep": 2,
            "isSubmit": 0,
            "entPrefix": "88.408.7677085644",
            "firstAuditStatus": null,
            "firstAuditMsg": null,
            "thirdServiceStatus": null,
            "thirdServiceMsg": null,
            "userName": "fppWWTq3scZbKm3Ywn9LoCefXhrs8hhG",
            "finalAuditStatus": null,
            "finalAuditMsg": null,
            "svtrid": null,
            "cltrid": null,
            "userId": 1688,
            "orgName": "fppWWTq3scZbKm3Ywn9LoCefXhrs8hhG",
            "orgNature": "1",
            "orgAddrProvince": "110000",
            "orgAddrCity": "110100",
            "orgAddrCounty": "110101",
            "orgAddr": "致真",
            "orgCrtType": "1",
            "orgCrtCode": "fppWWTq3scZbKm3Ywn9LoCefXhrs8hhG",
            "legalName": "张三",
            "legalCrtType": "1",
            "legalCrtNo": "511610199602048512",
            "orgDesc": null,
            "industryCategory": "A",
            "industrySpecific": "01",
            "contactName": "fppWWTq3scZbKm3Ywn9LoCefXhrs8hhG",
            "contactPhone": "19885695945",
            "contactCrtType": 1,
            "contactCrtNo": "511610199602048512",
            "contactEmail": "8HAcRffkECErFmYm@qaqseq.com",
            "website": null,
            "regAuthority": null,
            "regCapital": null,
            "establishDate": null,
            "periodValidity": null,
            "legalEmail": null,
            "legalPhone": null,
            "legalFax": null,
            "servSysBuildType": null,
            "servSysBuildName": null,
            "servSysOperType": null,
            "servSysOperName": null,
            "dataHostingOrg": null,
            "servHostingOrg": null,
            "regRealNaImpType": null,
            "regRealNaImpName": null,
            "idRegNaImp": null,
            "extWebName": null,
            "extDomain": null,
            "extIpAddr": null,
            "orgCrtImgRid": 2944,
            "contactCrtFrontImgRid": 2945,
            "contactCrtBackImgRid": 2946,
            "legalCrtFrontImgRid": 2945,
            "legalCrtBackImgRid": 2946,
            "servSysBuildContractFileRid": null,
            "servSysOperContractFileRid": null,
            "dataHostingContractFileRid": null,
            "servHostingContractFileRid": null,
            "entInfoLicenses": [],
            "entInfoSyss": [],
            "entInfoSerIndustrys": [],
            "escrowId": null,
            "industryQualificationRid": null,
            "certificationRid": null,
            "openingBank": null,
            "bankCard": null,
            "verificationName": null,
            "orgNatureDesc": "国有控股",
            "orgCrtImgContent": null,
            "orgCategorySpecificDesc": "农、林、牧、渔业-农业",
            "orgAddrProvinceDesc": "北京市",
            "orgAddrCountyDesc": "东城区",
            "orgAddrCityDesc": "市辖区",
            "legalCrtTypeDesc": "中国居民身份证",
            "legalCrtFrontImgContent": null,
            "legalCrtBackImgContent": null,
            "orgCrtImgPath": "69fd2f98-eb70-4c07-9336-87a66379daa5.jpeg",
            "contactCrtFrontImgPath": "f667e12c-bc2c-4ccc-975a-8f4da02c7dca.jpeg",
            "contactCrtBackImgPath": "cf5ac973-2f30-4d9b-8234-bcd0c01cae62.jpeg",
            "legalCrtFrontImgPath": "f667e12c-bc2c-4ccc-975a-8f4da02c7dca.jpeg",
            "legalCrtBackImgPath": "cf5ac973-2f30-4d9b-8234-bcd0c01cae62.jpeg",
            "servSysBuildContractFilePath": null,
            "servSysOperContractFilePath": null,
            "dataHostingContractFilePath": null,
            "servHostingContractFilePath": null,
            "industryQualificationFilePath": null,
            "certificationFilePath": null,
            "escrowOrgName": null
        },
        "nbmsEntPO": null,
        "nbmsEntPrefixApplyPO": null,
        "needRelog": null,
        "applyStatus": 0
    }
}

2023-06-26 10:33:07.414 | INFO     | httprunner.client:request:217 - status_code: 200, response_time(ms): 150.0 ms, response_length: 0 bytes
2023-06-26 10:33:07.417 | INFO     | httprunner.response:extract:179 - extract mapping: {'applyId': 1454, 'userId': 1688, 'userName': 'fppWWTq3scZbKm3Ywn9LoCefXhrs8hhG', 'imgId_f': 2945, 'imgId_b': 2946, 'entId': None, 'entUserId': None, 'prefix': '88.408.7677085644', 'contactCrtNo': '511610199602048512', 'contactCrtType': 1, 'contactEmail': '8HAcRffkECErFmYm@qaqseq.com', 'contactName': 'fppWWTq3scZbKm3Ywn9LoCefXhrs8hhG', 'contactPhone': '19885695945', 'industryCategory': 'A', 'industrySpecific': '01', 'orgName': 'fppWWTq3scZbKm3Ywn9LoCefXhrs8hhG', 'orgNature': '1', 'orgAddrProvince': '110000', 'orgAddrCity': '110100', 'orgAddrCounty': '110101', 'orgAddr': '致真', 'orgCrtType': '1', 'orgCrtCode': 'fppWWTq3scZbKm3Ywn9LoCefXhrs8hhG', 'legalName': '张三', 'legalEmail': None, 'legalPhone': None, 'legalCrtType': '1', 'legalCrtNo': '511610199602048512', 'legalCrtFrontImgRid': 2945, 'legalCrtBackImgRid': 2946, 'orgCrtImgRid': 2944, 'imgId': 2944, 'orgNatureDesc': '国有控股', 'orgCategorySpecificDesc': '农、林、牧、渔业-农业', 'orgAddrProvinceDesc': '北京市', 'orgAddrCountyDesc': '东城区', 'orgAddrCityDesc': '市辖区', 'legalCrtTypeDesc': '中国居民身份证', 'createDate': '2023-06-26 10:33:07', 'updateDate': '2023-06-26 10:33:07', 'entInfoSyss_0_id': None, 'entInfoSyss_0_entApplyId': None, 'entApplyId': None, 'entInfoSyss_0_sysType': None, 'entInfoSyss_0_deployMode': None, 'entInfoSyss_0_deployAddr': None, 'entInfoSyss_0_deployAddrProvince': None, 'entInfoSyss_0_deployAddrCity': None, 'entInfoSyss_0_deployAddrCounty': None, 'entInfoSyss_1_id': None, 'entInfoSyss_1_entApplyId': None, 'entInfoSyss_1_sysType': None, 'entInfoSyss_1_deployMode': None, 'entInfoSyss_1_deployAddr': None, 'entInfoSyss_1_deployAddrProvince': None, 'entInfoSyss_1_deployAddrCity': None, 'entInfoSyss_1_deployAddrCounty': None, 'entInfoSyss_2_id': None, 'entInfoSyss_2_entApplyId': None, 'entInfoSyss_2_sysType': None, 'entInfoSyss_2_deployMode': None, 'entInfoSyss_2_deployAddr': None, 'entInfoSyss_2_deployAddrProvince': None, 'entInfoSyss_2_deployAddrCity': None, 'entInfoSyss_2_deployAddrCounty': None, 'entInfoSyss_3_id': None, 'entInfoSyss_3_entApplyId': None, 'entInfoSyss_3_sysType': None, 'entInfoSyss_3_deployMode': None, 'entInfoSyss_3_deployAddr': None, 'entInfoSyss_3_deployAddrProvince': None, 'entInfoSyss_3_deployAddrCity': None, 'entInfoSyss_3_deployAddrCounty': None}
2023-06-26 10:33:07.417 | INFO     | httprunner.response:validate:249 - assert status_code equal 200(int)	==> pass
2023-06-26 10:33:07.417 | INFO     | httprunner.response:validate:249 - assert body.message equal success(str)	==> pass
2023-06-26 10:33:07.417 | INFO     | httprunner.runner:__run_step:304 - run step end: 企业注册查询注册信息 <<<<<<

2023-06-26 10:33:07.417 | INFO     | httprunner.runner:__run_step_testcase:286 - export variables: {'imgId': 2944, 'legalEmail': None, 'orgNatureDesc': '国有控股', 'entInfoSyss_0_deployAddr': None, 'prefix': '88.408.7677085644', 'entInfoSyss_1_entApplyId': None, 'entInfoSyss_2_deployMode': None, 'orgCrtType': '1', 'orgCrtImgRid': 2944, 'entInfoSyss_0_deployAddrCounty': None, 'entInfoSyss_1_deployAddrCounty': None, 'entInfoSyss_2_deployAddrCounty': None, 'entInfoSyss_2_deployAddrProvince': None, 'entUserId': None, 'entInfoSyss_2_sysType': None, 'entInfoSyss_3_sysType': None, 'entInfoSyss_3_deployAddrProvince': None, 'entInfoSyss_3_deployAddrCity': None, 'orgAddrProvince': '110000', 'legalCrtFrontImgRid': 2945, 'entApplyId': None, 'industryCategory': 'A', 'legalName': '张三', 'imgId_f': 2945, 'applyId': 1454, 'entInfoSyss_1_deployMode': None, 'orgCrtCode': 'fppWWTq3scZbKm3Ywn9LoCefXhrs8hhG', 'contactName': 'fppWWTq3scZbKm3Ywn9LoCefXhrs8hhG', 'contactPhone': '19885695945', 'legalCrtType': '1', 'entInfoSyss_0_entApplyId': None, 'imgId_b': 2946, 'entInfoSyss_0_id': None, 'contactCrtType': 1, 'entInfoSyss_2_entApplyId': None, 'legalPhone': None, 'orgAddrProvinceDesc': '北京市', 'entInfoSyss_1_id': None, 'entInfoSyss_1_deployAddr': None, 'createDate': '2023-06-26 10:33:07', 'entInfoSyss_1_deployAddrCity': None, 'entInfoSyss_3_deployAddrCounty': None, 'industrySpecific': '01', 'entInfoSyss_2_id': None, 'orgAddrCity': '110100', 'orgAddrCountyDesc': '东城区', 'entId': None, 'orgAddrCityDesc': '市辖区', 'entInfoSyss_2_deployAddr': None, 'userId': 1688, 'entInfoSyss_3_entApplyId': None, 'entInfoSyss_3_deployAddr': None, 'legalCrtTypeDesc': '中国居民身份证', 'entInfoSyss_1_sysType': None, 'entInfoSyss_0_deployAddrCity': None, 'contactCrtNo': '511610199602048512', 'userName': 'fppWWTq3scZbKm3Ywn9LoCefXhrs8hhG', 'entInfoSyss_3_deployMode': None, 'updateDate': '2023-06-26 10:33:07', 'legalCrtBackImgRid': 2946, 'entInfoSyss_0_deployMode': None, 'orgAddr': '致真', 'legalCrtNo': '511610199602048512', 'entInfoSyss_0_sysType': None, 'orgCategorySpecificDesc': '农、林、牧、渔业-农业', 'entInfoSyss_1_deployAddrProvince': None, 'orgNature': '1', 'orgAddrCounty': '110101', 'entInfoSyss_2_deployAddrCity': None, 'orgName': 'fppWWTq3scZbKm3Ywn9LoCefXhrs8hhG', 'contactEmail': '8HAcRffkECErFmYm@qaqseq.com', 'entInfoSyss_3_id': None, 'entInfoSyss_0_deployAddrProvince': None}
2023-06-26 10:33:07.417 | INFO     | httprunner.runner:__run_step:304 - run step end: 企业注册查询注册信息 <<<<<<

2023-06-26 10:33:07.418 | INFO     | httprunner.runner:__run_step:292 - run step begin: 企业注册第二步提交信息 >>>>>>
2023-06-26 10:33:07.418 | INFO     | httprunner.runner:__run_step:292 - run step begin: 企业注册第二步提交信息 >>>>>>
2023-06-26 10:33:07.640 | DEBUG    | httprunner.client:request:186 - client IP: 127.0.0.1, Port: 50889
2023-06-26 10:33:07.641 | DEBUG    | httprunner.client:request:194 - server IP: 127.0.0.1, Port: 8888
2023-06-26 10:33:07.643 | DEBUG    | httprunner.client:log_print:40 - 
================== request details ==================
method   : POST
url      : http://139.198.116.76:8000/api/v3/entApply/registerManageInfo
headers  : {
    "User-Agent": "Mozilla/5.0 (Macintosh; Intel Mac OS X 10_15_7) AppleWebKit/537.36 (KHTML, like Gecko) Chrome/105.0.0.0 Safari/537.36",
    "Accept-Encoding": "gzip, deflate",
    "Accept": "application/json, text/plain, */*",
    "Connection": "keep-alive",
    "Accept-Language": "zh-CN,zh;q=0.9",
    "Content-Type": "application/json;charset=UTF-8",
    "X-HTTP-Method-Override": "put",
    "HRUN-Request-ID": "HRUN-ab8d8949-0436-48ac-a364-ee7fbc0172cd-787418",
    "Cookie": "SESSION=NDFlNjY1ODEtNTM4NS00ZDEyLWJjMmYtY2EyYWY3NDEwMGFj; SESSION=response.headers.\"Set-Cookie\".session",
    "Content-Length": "3280"
}
cookies  : {
    "SESSION": "NDFlNjY1ODEtNTM4NS00ZDEyLWJjMmYtY2EyYWY3NDEwMGFj"
}
body     : {
    "applyStep": 3,
    "applyType": null,
    "cltrid": null,
    "contactCrtBackImgPath": null,
    "contactCrtBackImgRid": 2946,
    "contactCrtFrontImgPath": null,
    "contactCrtFrontImgRid": 2945,
    "contactCrtNo": "511610199602048512",
    "contactCrtType": 1,
    "contactEmail": "8HAcRffkECErFmYm@qaqseq.com",
    "contactName": "fppWWTq3scZbKm3Ywn9LoCefXhrs8hhG",
    "contactPhone": "19885695945",
    "createDate": "2023-06-26 10:33:07",
    "dataHostingContractFilePath": null,
    "dataHostingContractFileRid": null,
    "dataHostingOrg": null,
    "entGeneralId": null,
    "entInfoLicenses": [],
    "entInfoSerIndustrys": [],
    "entInfoSyss": [
        {
            "deployAddr": "致真",
            "deployAddrCity": "110100",
            "deployAddrCounty": "110101",
            "deployAddrProvince": "110000",
            "deployMode": 1,
            "ipPort": null,
            "name": null,
            "sysType": 1
        },
        {
            "deployAddr": "致真",
            "deployAddrCity": "110100",
            "deployAddrCounty": "110101",
            "deployAddrProvince": "110000",
            "deployMode": 1,
            "ipPort": null,
            "name": null,
            "sysType": 2
        },
        {
            "deployAddr": "天津",
            "deployAddrCity": "120100",
            "deployAddrCounty": "120101",
            "deployAddrProvince": "120000",
            "deployMode": 1,
            "ipPort": null,
            "name": null,
            "sysType": 3
        },
        {
            "deployAddr": "天津",
            "deployAddrCity": "120100",
            "deployAddrCounty": "120101",
            "deployAddrProvince": "120000",
            "deployMode": 1,
            "ipPort": null,
            "name": null,
            "sysType": 4
        }
    ],
    "entPrefix": "88.408.7677085644",
    "escrowId": null,
    "escrowOrgName": null,
    "establishDate": null,
    "extDomain": null,
    "extIpAddr": null,
    "extWebName": null,
    "finalAuditMsg": null,
    "finalAuditStatus": null,
    "firstAuditMsg": null,
    "firstAuditStatus": null,
    "id": 1454,
    "idRegNaImp": null,
    "industryCategory": "A",
    "industrySpecific": "01",
    "isSubmit": 0,
    "legalCrtBackImgContent": null,
    "legalCrtBackImgPath": null,
    "legalCrtBackImgRid": 2946,
    "legalCrtFrontImgContent": null,
    "legalCrtFrontImgPath": null,
    "legalCrtFrontImgRid": 2945,
    "legalCrtNo": "511610199602048512",
    "legalCrtType": "1",
    "legalCrtTypeDesc": "中国居民身份证",
    "legalEmail": null,
    "legalFax": null,
    "legalName": "张三",
    "legalPhone": null,
    "orgAddr": "致真",
    "orgAddrCity": "110100",
    "orgAddrCityDesc": "市辖区",
    "orgAddrCounty": "110101",
    "orgAddrCountyDesc": "东城区",
    "orgAddrProvince": "110000",
    "orgAddrProvinceDesc": "北京市",
    "orgCategorySpecificDesc": "农、林、牧、渔业-农业",
    "orgCrtCode": "fppWWTq3scZbKm3Ywn9LoCefXhrs8hhG",
    "orgCrtImgContent": null,
    "orgCrtImgPath": null,
    "orgCrtImgRid": 2944,
    "orgCrtType": "1",
    "orgDesc": null,
    "orgName": "fppWWTq3scZbKm3Ywn9LoCefXhrs8hhG",
    "orgNature": "1",
    "orgNatureDesc": "1",
    "periodValidity": null,
    "regAuthority": null,
    "regCapital": null,
    "regRealNaImpName": null,
    "regRealNaImpType": null,
    "servHostingContractFilePath": null,
    "servHostingContractFileRid": null,
    "servHostingOrg": null,
    "servSysBuildContractFilePath": null,
    "servSysBuildContractFileRid": null,
    "servSysBuildName": null,
    "servSysBuildType": 1,
    "servSysOperContractFilePath": null,
    "servSysOperContractFileRid": null,
    "servSysOperName": null,
    "servSysOperType": 1,
    "svtrid": null,
    "thirdServiceMsg": null,
    "thirdServiceStatus": null,
    "updateDate": "2023-06-26 10:33:07",
    "userId": 1688,
    "userName": "fppWWTq3scZbKm3Ywn9LoCefXhrs8hhG",
    "website": null
}

2023-06-26 10:33:07.644 | DEBUG    | httprunner.client:log_print:40 - 
================== response details ==================
status_code : 200
headers  : {
    "Server": "nginx",
    "Date": "Mon, 26 Jun 2023 02:33:07 GMT",
    "Content-Type": "application/json;charset=UTF-8",
    "Transfer-Encoding": "chunked",
    "X-Frame-Options": "SAMEORIGIN",
    "Connection": "keep-alive"
}
cookies  : {}
encoding : UTF-8
content_type : application/json;charset=UTF-8
body     : {
    "message": "success",
    "status": 1,
    "data": true
}

2023-06-26 10:33:07.644 | INFO     | httprunner.client:request:217 - status_code: 200, response_time(ms): 222.06 ms, response_length: 0 bytes
2023-06-26 10:33:07.644 | INFO     | httprunner.response:validate:249 - assert status_code equal 200(int)	==> pass
2023-06-26 10:33:07.644 | INFO     | httprunner.response:validate:249 - assert body.message equal success(str)	==> pass
2023-06-26 10:33:07.645 | INFO     | httprunner.runner:__run_step:304 - run step end: 企业注册第二步提交信息 <<<<<<

2023-06-26 10:33:07.645 | INFO     | httprunner.runner:__run_step:304 - run step end: 企业注册第二步提交信息 <<<<<<

2023-06-26 10:33:07.645 | INFO     | httprunner.runner:__run_step:292 - run step begin: 企业注册查询注册信息 >>>>>>
2023-06-26 10:33:07.645 | INFO     | httprunner.runner:__run_step:292 - run step begin: 企业注册查询注册信息 >>>>>>
2023-06-26 10:33:07.719 | DEBUG    | httprunner.client:request:186 - client IP: 127.0.0.1, Port: 50889
2023-06-26 10:33:07.720 | DEBUG    | httprunner.client:request:194 - server IP: 127.0.0.1, Port: 8888
2023-06-26 10:33:07.721 | DEBUG    | httprunner.client:log_print:40 - 
================== request details ==================
method   : GET
url      : http://139.198.116.76:8000/api/v3/entApply/applyOrNot
headers  : {
    "User-Agent": "Mozilla/5.0 (Macintosh; Intel Mac OS X 10_15_7) AppleWebKit/537.36 (KHTML, like Gecko) Chrome/105.0.0.0 Safari/537.36",
    "Accept-Encoding": "gzip, deflate",
    "Accept": "application/json, text/plain, */*",
    "Connection": "keep-alive",
    "Accept-Language": "zh-CN,zh;q=0.9",
    "HRUN-Request-ID": "HRUN-ab8d8949-0436-48ac-a364-ee7fbc0172cd-787645",
    "Cookie": "SESSION=NDFlNjY1ODEtNTM4NS00ZDEyLWJjMmYtY2EyYWY3NDEwMGFj; SESSION=response.headers.\"Set-Cookie\".session"
}
cookies  : {
    "SESSION": "NDFlNjY1ODEtNTM4NS00ZDEyLWJjMmYtY2EyYWY3NDEwMGFj"
}
body     : None

2023-06-26 10:33:07.722 | DEBUG    | httprunner.client:log_print:40 - 
================== response details ==================
status_code : 200
headers  : {
    "Server": "nginx",
    "Date": "Mon, 26 Jun 2023 02:33:07 GMT",
    "Content-Type": "application/json;charset=UTF-8",
    "Transfer-Encoding": "chunked",
    "X-Frame-Options": "SAMEORIGIN",
    "Connection": "keep-alive"
}
cookies  : {}
encoding : UTF-8
content_type : application/json;charset=UTF-8
body     : {
    "message": "success",
    "status": 1,
    "data": {
        "nbmsEntApplyPO": {
            "id": 1454,
            "createDate": "2023-06-26 10:33:07",
            "updateDate": "2023-06-26 10:33:08",
            "applyType": null,
            "entGeneralId": null,
            "applyStep": 3,
            "isSubmit": 0,
            "entPrefix": "88.408.7677085644",
            "firstAuditStatus": null,
            "firstAuditMsg": null,
            "thirdServiceStatus": null,
            "thirdServiceMsg": null,
            "userName": "fppWWTq3scZbKm3Ywn9LoCefXhrs8hhG",
            "finalAuditStatus": null,
            "finalAuditMsg": null,
            "svtrid": null,
            "cltrid": null,
            "userId": 1688,
            "orgName": "fppWWTq3scZbKm3Ywn9LoCefXhrs8hhG",
            "orgNature": "1",
            "orgAddrProvince": "110000",
            "orgAddrCity": "110100",
            "orgAddrCounty": "110101",
            "orgAddr": "致真",
            "orgCrtType": "1",
            "orgCrtCode": "fppWWTq3scZbKm3Ywn9LoCefXhrs8hhG",
            "legalName": "张三",
            "legalCrtType": "1",
            "legalCrtNo": "511610199602048512",
            "orgDesc": null,
            "industryCategory": "A",
            "industrySpecific": "01",
            "contactName": "fppWWTq3scZbKm3Ywn9LoCefXhrs8hhG",
            "contactPhone": "19885695945",
            "contactCrtType": 1,
            "contactCrtNo": "511610199602048512",
            "contactEmail": "8HAcRffkECErFmYm@qaqseq.com",
            "website": null,
            "regAuthority": null,
            "regCapital": null,
            "establishDate": null,
            "periodValidity": null,
            "legalEmail": null,
            "legalPhone": null,
            "legalFax": null,
            "servSysBuildType": 1,
            "servSysBuildName": null,
            "servSysOperType": 1,
            "servSysOperName": null,
            "dataHostingOrg": null,
            "servHostingOrg": null,
            "regRealNaImpType": null,
            "regRealNaImpName": null,
            "idRegNaImp": null,
            "extWebName": null,
            "extDomain": null,
            "extIpAddr": null,
            "orgCrtImgRid": 2944,
            "contactCrtFrontImgRid": 2945,
            "contactCrtBackImgRid": 2946,
            "legalCrtFrontImgRid": 2945,
            "legalCrtBackImgRid": 2946,
            "servSysBuildContractFileRid": null,
            "servSysOperContractFileRid": null,
            "dataHostingContractFileRid": null,
            "servHostingContractFileRid": null,
            "entInfoLicenses": [],
            "entInfoSyss": [
                {
                    "id": 3668,
                    "entApplyId": 1454,
                    "sysType": 1,
                    "deployMode": 1,
                    "deployAddr": "致真",
                    "deployAddrProvince": "110000",
                    "deployAddrCity": "110100",
                    "deployAddrCounty": "110101",
                    "name": null,
                    "ipPort": null
                },
                {
                    "id": 3669,
                    "entApplyId": 1454,
                    "sysType": 2,
                    "deployMode": 1,
                    "deployAddr": "致真",
                    "deployAddrProvince": "110000",
                    "deployAddrCity": "110100",
                    "deployAddrCounty": "110101",
                    "name": null,
                    "ipPort": null
                },
                {
                    "id": 3670,
                    "entApplyId": 1454,
                    "sysType": 3,
                    "deployMode": 1,
                    "deployAddr": "天津",
                    "deployAddrProvince": "120000",
                    "deployAddrCity": "120100",
                    "deployAddrCounty": "120101",
                    "name": null,
                    "ipPort": null
                },
                {
                    "id": 3671,
                    "entApplyId": 1454,
                    "sysType": 4,
                    "deployMode": 1,
                    "deployAddr": "天津",
                    "deployAddrProvince": "120000",
                    "deployAddrCity": "120100",
                    "deployAddrCounty": "120101",
                    "name": null,
                    "ipPort": null
                }
            ],
            "entInfoSerIndustrys": [],
            "escrowId": null,
            "industryQualificationRid": null,
            "certificationRid": null,
            "openingBank": null,
            "bankCard": null,
            "verificationName": null,
            "orgNatureDesc": "国有控股",
            "orgCrtImgContent": null,
            "orgCategorySpecificDesc": "农、林、牧、渔业-农业",
            "orgAddrProvinceDesc": "北京市",
            "orgAddrCountyDesc": "东城区",
            "orgAddrCityDesc": "市辖区",
            "legalCrtTypeDesc": "中国居民身份证",
            "legalCrtFrontImgContent": null,
            "legalCrtBackImgContent": null,
            "orgCrtImgPath": "69fd2f98-eb70-4c07-9336-87a66379daa5.jpeg",
            "contactCrtFrontImgPath": "f667e12c-bc2c-4ccc-975a-8f4da02c7dca.jpeg",
            "contactCrtBackImgPath": "cf5ac973-2f30-4d9b-8234-bcd0c01cae62.jpeg",
            "legalCrtFrontImgPath": "f667e12c-bc2c-4ccc-975a-8f4da02c7dca.jpeg",
            "legalCrtBackImgPath": "cf5ac973-2f30-4d9b-8234-bcd0c01cae62.jpeg",
            "servSysBuildContractFilePath": null,
            "servSysOperContractFilePath": null,
            "dataHostingContractFilePath": null,
            "servHostingContractFilePath": null,
            "industryQualificationFilePath": null,
            "certificationFilePath": null,
            "escrowOrgName": null
        },
        "nbmsEntPO": null,
        "nbmsEntPrefixApplyPO": null,
        "needRelog": null,
        "applyStatus": 0
    }
}

2023-06-26 10:33:07.722 | INFO     | httprunner.client:request:217 - status_code: 200, response_time(ms): 73.64 ms, response_length: 0 bytes
2023-06-26 10:33:07.724 | INFO     | httprunner.response:extract:179 - extract mapping: {'applyId': 1454, 'userId': 1688, 'userName': 'fppWWTq3scZbKm3Ywn9LoCefXhrs8hhG', 'imgId_f': 2945, 'imgId_b': 2946, 'entId': None, 'entUserId': None, 'prefix': '88.408.7677085644', 'contactCrtNo': '511610199602048512', 'contactCrtType': 1, 'contactEmail': '8HAcRffkECErFmYm@qaqseq.com', 'contactName': 'fppWWTq3scZbKm3Ywn9LoCefXhrs8hhG', 'contactPhone': '19885695945', 'industryCategory': 'A', 'industrySpecific': '01', 'orgName': 'fppWWTq3scZbKm3Ywn9LoCefXhrs8hhG', 'orgNature': '1', 'orgAddrProvince': '110000', 'orgAddrCity': '110100', 'orgAddrCounty': '110101', 'orgAddr': '致真', 'orgCrtType': '1', 'orgCrtCode': 'fppWWTq3scZbKm3Ywn9LoCefXhrs8hhG', 'legalName': '张三', 'legalEmail': None, 'legalPhone': None, 'legalCrtType': '1', 'legalCrtNo': '511610199602048512', 'legalCrtFrontImgRid': 2945, 'legalCrtBackImgRid': 2946, 'orgCrtImgRid': 2944, 'imgId': 2944, 'orgNatureDesc': '国有控股', 'orgCategorySpecificDesc': '农、林、牧、渔业-农业', 'orgAddrProvinceDesc': '北京市', 'orgAddrCountyDesc': '东城区', 'orgAddrCityDesc': '市辖区', 'legalCrtTypeDesc': '中国居民身份证', 'createDate': '2023-06-26 10:33:07', 'updateDate': '2023-06-26 10:33:08', 'entInfoSyss_0_id': 3668, 'entInfoSyss_0_entApplyId': 1454, 'entApplyId': 1454, 'entInfoSyss_0_sysType': 1, 'entInfoSyss_0_deployMode': 1, 'entInfoSyss_0_deployAddr': '致真', 'entInfoSyss_0_deployAddrProvince': '110000', 'entInfoSyss_0_deployAddrCity': '110100', 'entInfoSyss_0_deployAddrCounty': '110101', 'entInfoSyss_1_id': 3669, 'entInfoSyss_1_entApplyId': 1454, 'entInfoSyss_1_sysType': 2, 'entInfoSyss_1_deployMode': 1, 'entInfoSyss_1_deployAddr': '致真', 'entInfoSyss_1_deployAddrProvince': '110000', 'entInfoSyss_1_deployAddrCity': '110100', 'entInfoSyss_1_deployAddrCounty': '110101', 'entInfoSyss_2_id': 3670, 'entInfoSyss_2_entApplyId': 1454, 'entInfoSyss_2_sysType': 3, 'entInfoSyss_2_deployMode': 1, 'entInfoSyss_2_deployAddr': '天津', 'entInfoSyss_2_deployAddrProvince': '120000', 'entInfoSyss_2_deployAddrCity': '120100', 'entInfoSyss_2_deployAddrCounty': '120101', 'entInfoSyss_3_id': 3671, 'entInfoSyss_3_entApplyId': 1454, 'entInfoSyss_3_sysType': 4, 'entInfoSyss_3_deployMode': 1, 'entInfoSyss_3_deployAddr': '天津', 'entInfoSyss_3_deployAddrProvince': '120000', 'entInfoSyss_3_deployAddrCity': '120100', 'entInfoSyss_3_deployAddrCounty': '120101'}
2023-06-26 10:33:07.724 | INFO     | httprunner.response:validate:249 - assert status_code equal 200(int)	==> pass
2023-06-26 10:33:07.724 | INFO     | httprunner.response:validate:249 - assert body.message equal success(str)	==> pass
2023-06-26 10:33:07.724 | INFO     | httprunner.runner:__run_step:304 - run step end: 企业注册查询注册信息 <<<<<<

2023-06-26 10:33:07.724 | INFO     | httprunner.runner:__run_step_testcase:286 - export variables: {'imgId': 2944, 'legalEmail': None, 'orgNatureDesc': '国有控股', 'entInfoSyss_0_deployAddr': '致真', 'prefix': '88.408.7677085644', 'entInfoSyss_1_entApplyId': 1454, 'entInfoSyss_2_deployMode': 1, 'orgCrtType': '1', 'orgCrtImgRid': 2944, 'entInfoSyss_0_deployAddrCounty': '110101', 'entInfoSyss_1_deployAddrCounty': '110101', 'entInfoSyss_2_deployAddrCounty': '120101', 'entInfoSyss_2_deployAddrProvince': '120000', 'entUserId': None, 'entInfoSyss_2_sysType': 3, 'entInfoSyss_3_sysType': 4, 'entInfoSyss_3_deployAddrProvince': '120000', 'entInfoSyss_3_deployAddrCity': '120100', 'orgAddrProvince': '110000', 'legalCrtFrontImgRid': 2945, 'entApplyId': 1454, 'industryCategory': 'A', 'legalName': '张三', 'imgId_f': 2945, 'applyId': 1454, 'entInfoSyss_1_deployMode': 1, 'orgCrtCode': 'fppWWTq3scZbKm3Ywn9LoCefXhrs8hhG', 'contactName': 'fppWWTq3scZbKm3Ywn9LoCefXhrs8hhG', 'contactPhone': '19885695945', 'legalCrtType': '1', 'entInfoSyss_0_entApplyId': 1454, 'imgId_b': 2946, 'entInfoSyss_0_id': 3668, 'contactCrtType': 1, 'entInfoSyss_2_entApplyId': 1454, 'legalPhone': None, 'orgAddrProvinceDesc': '北京市', 'entInfoSyss_1_id': 3669, 'entInfoSyss_1_deployAddr': '致真', 'createDate': '2023-06-26 10:33:07', 'entInfoSyss_1_deployAddrCity': '110100', 'entInfoSyss_3_deployAddrCounty': '120101', 'industrySpecific': '01', 'entInfoSyss_2_id': 3670, 'orgAddrCity': '110100', 'orgAddrCountyDesc': '东城区', 'entId': None, 'orgAddrCityDesc': '市辖区', 'entInfoSyss_2_deployAddr': '天津', 'userId': 1688, 'entInfoSyss_3_entApplyId': 1454, 'entInfoSyss_3_deployAddr': '天津', 'legalCrtTypeDesc': '中国居民身份证', 'entInfoSyss_1_sysType': 2, 'entInfoSyss_0_deployAddrCity': '110100', 'contactCrtNo': '511610199602048512', 'userName': 'fppWWTq3scZbKm3Ywn9LoCefXhrs8hhG', 'entInfoSyss_3_deployMode': 1, 'updateDate': '2023-06-26 10:33:08', 'legalCrtBackImgRid': 2946, 'entInfoSyss_0_deployMode': 1, 'orgAddr': '致真', 'legalCrtNo': '511610199602048512', 'entInfoSyss_0_sysType': 1, 'orgCategorySpecificDesc': '农、林、牧、渔业-农业', 'entInfoSyss_1_deployAddrProvince': '110000', 'orgNature': '1', 'orgAddrCounty': '110101', 'entInfoSyss_2_deployAddrCity': '120100', 'orgName': 'fppWWTq3scZbKm3Ywn9LoCefXhrs8hhG', 'contactEmail': '8HAcRffkECErFmYm@qaqseq.com', 'entInfoSyss_3_id': 3671, 'entInfoSyss_0_deployAddrProvince': '110000'}
2023-06-26 10:33:07.724 | INFO     | httprunner.runner:__run_step:304 - run step end: 企业注册查询注册信息 <<<<<<

2023-06-26 10:33:07.724 | INFO     | httprunner.runner:__run_step:292 - run step begin: 企业注册最终第三步提交信息 >>>>>>
2023-06-26 10:33:07.725 | INFO     | httprunner.runner:__run_step:292 - run step begin: 企业注册最终第三步提交信息 >>>>>>
2023-06-26 10:33:07.881 | DEBUG    | httprunner.client:request:186 - client IP: 127.0.0.1, Port: 50889
2023-06-26 10:33:07.882 | DEBUG    | httprunner.client:request:194 - server IP: 127.0.0.1, Port: 8888
2023-06-26 10:33:07.884 | DEBUG    | httprunner.client:log_print:40 - 
================== request details ==================
method   : POST
url      : http://139.198.116.76:8000/api/v3/entApply/apply
headers  : {
    "User-Agent": "Mozilla/5.0 (Macintosh; Intel Mac OS X 10_15_7) AppleWebKit/537.36 (KHTML, like Gecko) Chrome/105.0.0.0 Safari/537.36",
    "Accept-Encoding": "gzip, deflate",
    "Accept": "application/json, text/plain, */*",
    "Connection": "keep-alive",
    "Accept-Language": "zh-CN,zh;q=0.9",
    "Content-Type": "application/json;charset=UTF-8",
    "HRUN-Request-ID": "HRUN-ab8d8949-0436-48ac-a364-ee7fbc0172cd-787725",
    "Cookie": "SESSION=NDFlNjY1ODEtNTM4NS00ZDEyLWJjMmYtY2EyYWY3NDEwMGFj; SESSION=response.headers.\"Set-Cookie\".session",
    "Content-Length": "3280"
}
cookies  : {
    "SESSION": "NDFlNjY1ODEtNTM4NS00ZDEyLWJjMmYtY2EyYWY3NDEwMGFj"
}
body     : {
    "applyStep": 4,
    "applyType": null,
    "cltrid": null,
    "contactCrtBackImgPath": null,
    "contactCrtBackImgRid": 2946,
    "contactCrtFrontImgPath": null,
    "contactCrtFrontImgRid": 2945,
    "contactCrtNo": "511610199602048512",
    "contactCrtType": 1,
    "contactEmail": "8HAcRffkECErFmYm@qaqseq.com",
    "contactName": "fppWWTq3scZbKm3Ywn9LoCefXhrs8hhG",
    "contactPhone": "19885695945",
    "createDate": "2023-06-26 10:33:07",
    "dataHostingContractFilePath": null,
    "dataHostingContractFileRid": null,
    "dataHostingOrg": null,
    "entGeneralId": null,
    "entInfoLicenses": [],
    "entInfoSerIndustrys": [],
    "entInfoSyss": [
        {
            "deployAddr": "致真",
            "deployAddrCity": "110100",
            "deployAddrCounty": "110101",
            "deployAddrProvince": "110000",
            "deployMode": 1,
            "ipPort": null,
            "name": null,
            "sysType": 2
        },
        {
            "deployAddr": "致真",
            "deployAddrCity": "110100",
            "deployAddrCounty": "110101",
            "deployAddrProvince": "110000",
            "deployMode": 1,
            "ipPort": null,
            "name": null,
            "sysType": 3
        },
        {
            "deployAddr": "天津",
            "deployAddrCity": "120100",
            "deployAddrCounty": "120101",
            "deployAddrProvince": "120000",
            "deployMode": 1,
            "ipPort": null,
            "name": null,
            "sysType": 4
        },
        {
            "deployAddr": "天津",
            "deployAddrCity": "120100",
            "deployAddrCounty": "120101",
            "deployAddrProvince": "120000",
            "deployMode": 1,
            "ipPort": null,
            "name": null,
            "sysType": 4
        }
    ],
    "entPrefix": "88.408.7677085644",
    "escrowId": null,
    "escrowOrgName": null,
    "establishDate": null,
    "extDomain": null,
    "extIpAddr": null,
    "extWebName": null,
    "finalAuditMsg": null,
    "finalAuditStatus": null,
    "firstAuditMsg": null,
    "firstAuditStatus": null,
    "id": 1454,
    "idRegNaImp": null,
    "industryCategory": "A",
    "industrySpecific": "01",
    "isSubmit": 0,
    "legalCrtBackImgContent": null,
    "legalCrtBackImgPath": null,
    "legalCrtBackImgRid": 2946,
    "legalCrtFrontImgContent": null,
    "legalCrtFrontImgPath": null,
    "legalCrtFrontImgRid": 2945,
    "legalCrtNo": "511610199602048512",
    "legalCrtType": "1",
    "legalCrtTypeDesc": "中国居民身份证",
    "legalEmail": null,
    "legalFax": null,
    "legalName": "张三",
    "legalPhone": null,
    "orgAddr": "致真",
    "orgAddrCity": "110100",
    "orgAddrCityDesc": "市辖区",
    "orgAddrCounty": "110101",
    "orgAddrCountyDesc": "东城区",
    "orgAddrProvince": "110000",
    "orgAddrProvinceDesc": "北京市",
    "orgCategorySpecificDesc": "农、林、牧、渔业-农业",
    "orgCrtCode": "fppWWTq3scZbKm3Ywn9LoCefXhrs8hhG",
    "orgCrtImgContent": null,
    "orgCrtImgPath": null,
    "orgCrtImgRid": 2944,
    "orgCrtType": "1",
    "orgDesc": null,
    "orgName": "fppWWTq3scZbKm3Ywn9LoCefXhrs8hhG",
    "orgNature": "1",
    "orgNatureDesc": "1",
    "periodValidity": null,
    "regAuthority": null,
    "regCapital": null,
    "regRealNaImpName": null,
    "regRealNaImpType": null,
    "servHostingContractFilePath": null,
    "servHostingContractFileRid": null,
    "servHostingOrg": null,
    "servSysBuildContractFilePath": null,
    "servSysBuildContractFileRid": null,
    "servSysBuildName": null,
    "servSysBuildType": 1,
    "servSysOperContractFilePath": null,
    "servSysOperContractFileRid": null,
    "servSysOperName": null,
    "servSysOperType": 1,
    "svtrid": null,
    "thirdServiceMsg": null,
    "thirdServiceStatus": null,
    "updateDate": "2023-06-26 10:33:08",
    "userId": 1688,
    "userName": "fppWWTq3scZbKm3Ywn9LoCefXhrs8hhG",
    "website": null
}

2023-06-26 10:33:07.885 | DEBUG    | httprunner.client:log_print:40 - 
================== response details ==================
status_code : 200
headers  : {
    "Server": "nginx",
    "Date": "Mon, 26 Jun 2023 02:33:07 GMT",
    "Content-Type": "application/json;charset=UTF-8",
    "Transfer-Encoding": "chunked",
    "X-Frame-Options": "SAMEORIGIN",
    "Connection": "keep-alive"
}
cookies  : {}
encoding : UTF-8
content_type : application/json;charset=UTF-8
body     : {
    "message": "success",
    "status": 1,
    "data": true
}

2023-06-26 10:33:07.886 | INFO     | httprunner.client:request:217 - status_code: 200, response_time(ms): 156.29 ms, response_length: 0 bytes
2023-06-26 10:33:07.886 | INFO     | httprunner.response:validate:249 - assert status_code equal 200(int)	==> pass
2023-06-26 10:33:07.886 | INFO     | httprunner.response:validate:249 - assert body.message equal success(str)	==> pass
2023-06-26 10:33:07.886 | INFO     | httprunner.runner:__run_step:304 - run step end: 企业注册最终第三步提交信息 <<<<<<

2023-06-26 10:33:07.886 | INFO     | httprunner.runner:__run_step:304 - run step end: 企业注册最终第三步提交信息 <<<<<<

2023-06-26 10:33:07.886 | INFO     | httprunner.runner:__run_step:292 - run step begin: 登录-管理员 >>>>>>
2023-06-26 10:33:07.887 | INFO     | httprunner.runner:__run_step:292 - run step begin: 登录-企业用户 >>>>>>
2023-06-26 10:33:08.067 | DEBUG    | httprunner.client:request:186 - client IP: 127.0.0.1, Port: 50889
2023-06-26 10:33:08.067 | DEBUG    | httprunner.client:request:194 - server IP: 127.0.0.1, Port: 8888
2023-06-26 10:33:08.068 | DEBUG    | httprunner.client:log_print:40 - 
================== request details ==================
method   : POST
url      : http://139.198.116.76:8000/api/home/test/login
headers  : {
    "User-Agent": "python-requests/2.28.1",
    "Accept-Encoding": "gzip, deflate, br",
    "Accept": "*/*",
    "Connection": "keep-alive",
    "Content-Length": "144",
    "Content-Type": "application/json",
    "HRUN-Request-ID": "HRUN-ab8d8949-0436-48ac-a364-ee7fbc0172cd-787887",
    "Cookie": "SESSION=NDFlNjY1ODEtNTM4NS00ZDEyLWJjMmYtY2EyYWY3NDEwMGFj"
}
cookies  : {
    "SESSION": "NDFlNjY1ODEtNTM4NS00ZDEyLWJjMmYtY2EyYWY3NDEwMGFj"
}
body     : {
    "captcha": "0000",
    "captchaSign": "5d39bab12bba81ab59b3931d2ca06ee9603c3803355932be66974f122cab3502",
    "emailCaptcha": "",
    "username": "adminy"
}

2023-06-26 10:33:08.069 | DEBUG    | httprunner.client:log_print:40 - 
================== response details ==================
status_code : 200
headers  : {
    "Server": "nginx",
    "Date": "Mon, 26 Jun 2023 02:33:08 GMT",
    "Content-Type": "application/json;charset=UTF-8",
    "Transfer-Encoding": "chunked",
    "Set-Cookie": "SESSION=MDEzZGFjMWMtMGY4NC00M2ExLThlMmQtNWYwMDJiMWYyOTlk; Path=/; HttpOnly; SameSite=Lax",
    "X-Frame-Options": "SAMEORIGIN",
    "Connection": "keep-alive"
}
cookies  : {
    "SESSION": "MDEzZGFjMWMtMGY4NC00M2ExLThlMmQtNWYwMDJiMWYyOTlk"
}
encoding : UTF-8
content_type : application/json;charset=UTF-8
body     : {
    "message": "success",
    "status": 1,
    "data": true
}

2023-06-26 10:33:08.069 | INFO     | httprunner.client:request:217 - status_code: 200, response_time(ms): 179.97 ms, response_length: 0 bytes
2023-06-26 10:33:08.069 | INFO     | httprunner.response:extract:179 - extract mapping: {'adminSession': 'response.headers."Set-Cookie".session'}
2023-06-26 10:33:08.070 | INFO     | httprunner.response:validate:249 - assert status_code equal 200(int)	==> pass
2023-06-26 10:33:08.070 | INFO     | httprunner.response:validate:249 - assert headers."Content-Type" equal application/json;charset=UTF-8(str)	==> pass
2023-06-26 10:33:08.070 | INFO     | httprunner.response:validate:249 - assert body.message equal success(str)	==> pass
2023-06-26 10:33:08.070 | INFO     | httprunner.response:validate:249 - assert body.status equal 1(int)	==> pass
2023-06-26 10:33:08.070 | INFO     | httprunner.response:validate:249 - assert body.data equal True(bool)	==> pass
2023-06-26 10:33:08.070 | INFO     | httprunner.runner:__run_step:304 - run step end: 登录-企业用户 <<<<<<

2023-06-26 10:33:08.070 | INFO     | httprunner.runner:__run_step_testcase:286 - export variables: {'adminSession': 'response.headers."Set-Cookie".session'}
2023-06-26 10:33:08.070 | INFO     | httprunner.runner:__run_step:304 - run step end: 登录-管理员 <<<<<<

2023-06-26 10:33:08.070 | INFO     | httprunner.runner:__run_step:292 - run step begin: 年费费用查询 >>>>>>
2023-06-26 10:33:08.071 | INFO     | httprunner.runner:__run_step:292 - run step begin: 财务规则查询-年费 >>>>>>
2023-06-26 10:33:08.119 | DEBUG    | httprunner.client:request:186 - client IP: 127.0.0.1, Port: 50889
2023-06-26 10:33:08.119 | DEBUG    | httprunner.client:request:194 - server IP: 127.0.0.1, Port: 8888
2023-06-26 10:33:08.120 | DEBUG    | httprunner.client:log_print:40 - 
================== request details ==================
method   : GET
url      : http://139.198.116.76:8000/api/finance/rule/findRule?cache=1663837640684&moneyType=2&userId=1688
headers  : {
    "User-Agent": "Mozilla/5.0 (Macintosh; Intel Mac OS X 10_15_7) AppleWebKit/537.36 (KHTML, like Gecko) Chrome/98.0.4758.102 Safari/537.36 Edg/98.0.1108.56",
    "Accept-Encoding": "gzip, deflate",
    "Accept": "application/json, text/plain, */*",
    "Connection": "keep-alive",
    "Accept-Language": "zh-CN,zh;q=0.9,en;q=0.8,en-GB;q=0.7,en-US;q=0.6",
    "HRUN-Request-ID": "HRUN-ab8d8949-0436-48ac-a364-ee7fbc0172cd-788071",
    "Cookie": "SESSION=MDEzZGFjMWMtMGY4NC00M2ExLThlMmQtNWYwMDJiMWYyOTlk; SESSION=response.headers.\"Set-Cookie\".session"
}
cookies  : {
    "SESSION": "MDEzZGFjMWMtMGY4NC00M2ExLThlMmQtNWYwMDJiMWYyOTlk"
}
body     : None

2023-06-26 10:33:08.121 | DEBUG    | httprunner.client:log_print:40 - 
================== response details ==================
status_code : 200
headers  : {
    "Server": "nginx",
    "Date": "Mon, 26 Jun 2023 02:33:08 GMT",
    "Content-Type": "application/json;charset=UTF-8",
    "Transfer-Encoding": "chunked",
    "X-Frame-Options": "SAMEORIGIN",
    "Connection": "keep-alive"
}
cookies  : {}
encoding : UTF-8
content_type : application/json;charset=UTF-8
body     : {
    "message": "success",
    "status": 1,
    "data": [
        {
            "id": 78,
            "createDate": "2023-05-31 12:51:47",
            "updateDate": "2023-05-31 12:51:47",
            "name": "标准",
            "money": 10000.0,
            "moneyType": 2,
            "prefixCount": 1,
            "remart": "test",
            "entName": null,
            "entUserId": null,
            "ruleType": 2,
            "escrowId": null
        }
    ]
}

2023-06-26 10:33:08.122 | INFO     | httprunner.client:request:217 - status_code: 200, response_time(ms): 47.89 ms, response_length: 0 bytes
2023-06-26 10:33:08.122 | INFO     | httprunner.response:extract:179 - extract mapping: {'annualFeeRuleId': 78}
2023-06-26 10:33:08.122 | INFO     | httprunner.response:validate:249 - assert status_code equal 200(int)	==> pass
2023-06-26 10:33:08.123 | INFO     | httprunner.response:validate:249 - assert body.message equal success(str)	==> pass
2023-06-26 10:33:08.123 | INFO     | httprunner.response:validate:249 - assert body.status equal 1(int)	==> pass
2023-06-26 10:33:08.123 | INFO     | httprunner.runner:__run_step:304 - run step end: 财务规则查询-年费 <<<<<<

2023-06-26 10:33:08.123 | INFO     | httprunner.runner:__run_step_testcase:286 - export variables: {'annualFeeRuleId': 78}
2023-06-26 10:33:08.123 | INFO     | httprunner.runner:__run_step:304 - run step end: 年费费用查询 <<<<<<

2023-06-26 10:33:08.123 | INFO     | httprunner.runner:__run_step:292 - run step begin: 注册费费用查询 >>>>>>
2023-06-26 10:33:08.124 | INFO     | httprunner.runner:__run_step:292 - run step begin: 财务规则查询-注册费 >>>>>>
2023-06-26 10:33:08.171 | DEBUG    | httprunner.client:request:186 - client IP: 127.0.0.1, Port: 50889
2023-06-26 10:33:08.171 | DEBUG    | httprunner.client:request:194 - server IP: 127.0.0.1, Port: 8888
2023-06-26 10:33:08.172 | DEBUG    | httprunner.client:log_print:40 - 
================== request details ==================
method   : GET
url      : http://139.198.116.76:8000/api/finance/rule/findRule?moneyType=1&userId=1688
headers  : {
    "User-Agent": "Mozilla/5.0 (Macintosh; Intel Mac OS X 10_15_7) AppleWebKit/537.36 (KHTML, like Gecko) Chrome/98.0.4758.102 Safari/537.36 Edg/98.0.1108.56",
    "Accept-Encoding": "gzip, deflate",
    "Accept": "application/json, text/plain, */*",
    "Connection": "keep-alive",
    "Accept-Language": "zh-CN,zh;q=0.9,en;q=0.8,en-GB;q=0.7,en-US;q=0.6",
    "HRUN-Request-ID": "HRUN-ab8d8949-0436-48ac-a364-ee7fbc0172cd-788124",
    "Cookie": "SESSION=MDEzZGFjMWMtMGY4NC00M2ExLThlMmQtNWYwMDJiMWYyOTlk; SESSION=response.headers.\"Set-Cookie\".session"
}
cookies  : {
    "SESSION": "MDEzZGFjMWMtMGY4NC00M2ExLThlMmQtNWYwMDJiMWYyOTlk"
}
body     : None

2023-06-26 10:33:08.173 | DEBUG    | httprunner.client:log_print:40 - 
================== response details ==================
status_code : 200
headers  : {
    "Server": "nginx",
    "Date": "Mon, 26 Jun 2023 02:33:08 GMT",
    "Content-Type": "application/json;charset=UTF-8",
    "Transfer-Encoding": "chunked",
    "X-Frame-Options": "SAMEORIGIN",
    "Connection": "keep-alive"
}
cookies  : {}
encoding : UTF-8
content_type : application/json;charset=UTF-8
body     : {
    "message": "success",
    "status": 1,
    "data": [
        {
            "id": 77,
            "createDate": "2023-05-31 12:51:33",
            "updateDate": "2023-05-31 12:51:33",
            "name": "标准",
            "money": 10000.0,
            "moneyType": 1,
            "prefixCount": 1,
            "remart": "test",
            "entName": null,
            "entUserId": null,
            "ruleType": 2,
            "escrowId": null
        }
    ]
}

2023-06-26 10:33:08.173 | INFO     | httprunner.client:request:217 - status_code: 200, response_time(ms): 46.61 ms, response_length: 0 bytes
2023-06-26 10:33:08.173 | INFO     | httprunner.response:extract:179 - extract mapping: {'regFeeRuleId': 77}
2023-06-26 10:33:08.173 | INFO     | httprunner.response:validate:249 - assert status_code equal 200(int)	==> pass
2023-06-26 10:33:08.174 | INFO     | httprunner.response:validate:249 - assert body.message equal success(str)	==> pass
2023-06-26 10:33:08.174 | INFO     | httprunner.response:validate:249 - assert body.status equal 1(int)	==> pass
2023-06-26 10:33:08.175 | INFO     | httprunner.runner:__run_step:304 - run step end: 财务规则查询-注册费 <<<<<<

2023-06-26 10:33:08.175 | INFO     | httprunner.runner:__run_step_testcase:286 - export variables: {'regFeeRuleId': 77}
2023-06-26 10:33:08.175 | INFO     | httprunner.runner:__run_step:304 - run step end: 注册费费用查询 <<<<<<

2023-06-26 10:33:08.176 | INFO     | httprunner.runner:__run_step:292 - run step begin: 审核结果保存 >>>>>>
2023-06-26 10:33:08.177 | INFO     | httprunner.runner:__run_step:292 - run step begin: 企业审核保存 >>>>>>
2023-06-26 10:33:09.153 | DEBUG    | httprunner.client:request:186 - client IP: 127.0.0.1, Port: 50889
2023-06-26 10:33:09.154 | DEBUG    | httprunner.client:request:194 - server IP: 127.0.0.1, Port: 8888
2023-06-26 10:33:09.155 | DEBUG    | httprunner.client:log_print:40 - 
================== request details ==================
method   : POST
url      : http://139.198.116.76:8000/api/v3/ent/audit/save?annualFeeRuleId=78&applyId=1454&auditMsg=%E5%AE%A1%E6%A0%B8%E9%80%9A%E8%BF%87&auditResult=pass&entPrefix=88.408.7677085644&regFeeRuleId=77
headers  : {
    "User-Agent": "Mozilla/5.0 (Macintosh; Intel Mac OS X 10_15_7) AppleWebKit/537.36 (KHTML, like Gecko) Chrome/98.0.4758.102 Safari/537.36 Edg/98.0.1108.56",
    "Accept-Encoding": "gzip, deflate",
    "Accept": "application/json, text/plain, */*",
    "Connection": "keep-alive",
    "Accept-Language": "zh-CN,zh;q=0.9,en;q=0.8,en-GB;q=0.7,en-US;q=0.6",
    "Content-Length": "0",
    "HRUN-Request-ID": "HRUN-ab8d8949-0436-48ac-a364-ee7fbc0172cd-788177",
    "Cookie": "SESSION=MDEzZGFjMWMtMGY4NC00M2ExLThlMmQtNWYwMDJiMWYyOTlk; SESSION=response.headers.\"Set-Cookie\".session"
}
cookies  : {
    "SESSION": "MDEzZGFjMWMtMGY4NC00M2ExLThlMmQtNWYwMDJiMWYyOTlk"
}
body     : None

2023-06-26 10:33:09.155 | DEBUG    | httprunner.client:log_print:40 - 
================== response details ==================
status_code : 200
headers  : {
    "Server": "nginx",
    "Date": "Mon, 26 Jun 2023 02:33:09 GMT",
    "Content-Type": "application/json",
    "Transfer-Encoding": "chunked",
    "X-Frame-Options": "SAMEORIGIN",
    "Connection": "keep-alive"
}
cookies  : {}
encoding : utf-8
content_type : application/json
body     : {
    "message": "success",
    "status": 1,
    "data": true
}

2023-06-26 10:33:09.156 | INFO     | httprunner.client:request:217 - status_code: 200, response_time(ms): 976.5 ms, response_length: 0 bytes
2023-06-26 10:33:09.156 | INFO     | httprunner.response:validate:249 - assert status_code equal 200(int)	==> pass
2023-06-26 10:33:09.157 | INFO     | httprunner.response:validate:249 - assert body.message equal success(str)	==> pass
2023-06-26 10:33:09.157 | INFO     | httprunner.response:validate:249 - assert body.status equal 1(int)	==> pass
2023-06-26 10:33:09.157 | INFO     | httprunner.response:validate:249 - assert body.data equal True(bool)	==> pass
2023-06-26 10:33:09.158 | INFO     | httprunner.runner:__run_step:304 - run step end: 企业审核保存 <<<<<<

2023-06-26 10:33:09.158 | INFO     | httprunner.runner:__run_step:304 - run step end: 审核结果保存 <<<<<<

2023-06-26 10:33:09.159 | INFO     | httprunner.runner:__run_step:292 - run step begin: 查询企业详情 >>>>>>
2023-06-26 10:33:09.159 | INFO     | httprunner.runner:__run_step:292 - run step begin: 企业信息详情 >>>>>>
2023-06-26 10:33:09.251 | DEBUG    | httprunner.client:request:186 - client IP: 127.0.0.1, Port: 50889
2023-06-26 10:33:09.252 | DEBUG    | httprunner.client:request:194 - server IP: 127.0.0.1, Port: 8888
2023-06-26 10:33:09.252 | DEBUG    | httprunner.client:log_print:40 - 
================== request details ==================
method   : GET
url      : http://139.198.116.76:8000/api/v3/ent/detail?isSensetive=1&userId=1688
headers  : {
    "User-Agent": "Mozilla/5.0 (Macintosh; Intel Mac OS X 10_15_7) AppleWebKit/537.36 (KHTML, like Gecko) Chrome/98.0.4758.102 Safari/537.36 Edg/98.0.1108.56",
    "Accept-Encoding": "gzip, deflate",
    "Accept": "application/json, text/plain, */*",
    "Connection": "keep-alive",
    "Accept-Language": "zh-CN,zh;q=0.9,en;q=0.8,en-GB;q=0.7,en-US;q=0.6",
    "HRUN-Request-ID": "HRUN-ab8d8949-0436-48ac-a364-ee7fbc0172cd-789159",
    "Cookie": "SESSION=MDEzZGFjMWMtMGY4NC00M2ExLThlMmQtNWYwMDJiMWYyOTlk; SESSION=response.headers.\"Set-Cookie\".session"
}
cookies  : {
    "SESSION": "MDEzZGFjMWMtMGY4NC00M2ExLThlMmQtNWYwMDJiMWYyOTlk"
}
body     : None

2023-06-26 10:33:09.255 | DEBUG    | httprunner.client:log_print:40 - 
================== response details ==================
status_code : 200
headers  : {
    "Server": "nginx",
    "Date": "Mon, 26 Jun 2023 02:33:09 GMT",
    "Content-Type": "application/json;charset=UTF-8",
    "Transfer-Encoding": "chunked",
    "X-Frame-Options": "SAMEORIGIN",
    "Connection": "keep-alive"
}
cookies  : {}
encoding : UTF-8
content_type : application/json;charset=UTF-8
body     : {
    "message": "success",
    "status": 1,
    "data": {
        "nbmsEntPO": {
            "id": 567,
            "createDate": "2023-06-26 10:33:09",
            "updateDate": "2023-06-26 10:33:09",
            "entGeneralId": "2812911000000006",
            "userId": 1688,
            "userName": "fppWWTq3scZbKm3Ywn9LoCefXhrs8hhG",
            "sync": null,
            "orgName": "fppWWTq3scZbKm3Ywn9LoCefXhrs8hhG",
            "orgNature": "1",
            "orgAddrProvince": "110000",
            "orgAddrCity": "110100",
            "orgAddrCounty": "110101",
            "orgAddr": "致真",
            "orgCrtType": "1",
            "orgCrtCode": "fppWWTq3scZbKm3Ywn9LoCefXhrs8hhG",
            "legalName": "*三",
            "legalCrtType": "1",
            "legalCrtNo": "**************8512",
            "orgDesc": null,
            "industryCategory": "A",
            "industrySpecific": "01",
            "contactName": "******************************hG",
            "contactPhone": "198****5945",
            "contactCrtType": 1,
            "contactCrtNo": "**************8512",
            "contactEmail": "8HA*************@qaqseq.com",
            "website": null,
            "regAuthority": null,
            "regCapital": null,
            "establishDate": null,
            "periodValidity": null,
            "legalEmail": null,
            "legalPhone": null,
            "legalFax": null,
            "servSysBuildType": 1,
            "servSysBuildName": null,
            "servSysOperType": "1",
            "servSysOperName": null,
            "dataHostingOrg": null,
            "servHostingOrg": null,
            "regRealNaImpType": null,
            "regRealNaImpName": null,
            "idRegNaImp": null,
            "extWebName": null,
            "extDomain": null,
            "extIpAddr": null,
            "orgCrtImgRid": 2944,
            "contactCrtFrontImgRid": 2945,
            "contactCrtBackImgRid": 2946,
            "legalCrtFrontImgRid": 2945,
            "legalCrtBackImgRid": 2946,
            "servSysBuildContractFileRid": null,
            "servSysOperContractFileRid": null,
            "dataHostingContractFileRid": null,
            "servHostingContractFileRid": null,
            "isDeleted": 0,
            "xmlCreated": 0,
            "xmlUpdateTime": null,
            "xmlDeleted": 0,
            "xmlSync": 0,
            "entInfoLicenses": [],
            "entInfoSyss": [
                {
                    "id": 1889,
                    "entId": 567,
                    "sysType": 1,
                    "deployMode": 1,
                    "deployAddr": "致真",
                    "deployAddrProvince": "110000",
                    "deployAddrCity": "110100",
                    "deployAddrCounty": "110101",
                    "name": null,
                    "ipPort": null
                },
                {
                    "id": 1890,
                    "entId": 567,
                    "sysType": 2,
                    "deployMode": 1,
                    "deployAddr": "致真",
                    "deployAddrProvince": "110000",
                    "deployAddrCity": "110100",
                    "deployAddrCounty": "110101",
                    "name": null,
                    "ipPort": null
                },
                {
                    "id": 1891,
                    "entId": 567,
                    "sysType": 3,
                    "deployMode": 1,
                    "deployAddr": "天津",
                    "deployAddrProvince": "120000",
                    "deployAddrCity": "120100",
                    "deployAddrCounty": "120101",
                    "name": null,
                    "ipPort": null
                },
                {
                    "id": 1892,
                    "entId": 567,
                    "sysType": 4,
                    "deployMode": 1,
                    "deployAddr": "天津",
                    "deployAddrProvince": "120000",
                    "deployAddrCity": "120100",
                    "deployAddrCounty": "120101",
                    "name": null,
                    "ipPort": null
                }
            ],
            "entInfoSerIndustrys": [],
            "escrowId": null,
            "industryQualificationRid": null,
            "certificationRid": null,
            "openingBank": null,
            "bankCard": null,
            "orgTypeDesc": "国有控股",
            "orgCrtImgContent": null,
            "orgAddrProvinceDesc": "北京市",
            "orgAddrCountyDesc": "东城区",
            "orgAddrCityDesc": "市辖区",
            "orgCategorySpecificDesc": "农、林、牧、渔业-农业",
            "legalCrtTypeDesc": "中国居民身份证",
            "legalCrtFrontImgContent": null,
            "legalCrtBackImgContent": null,
            "entPrefix": "88.408.7677085644",
            "shrPrefix": null,
            "orgCrtImgPath": "69fd2f98-eb70-4c07-9336-87a66379daa5.jpeg",
            "contactCrtFrontImgPath": "f667e12c-bc2c-4ccc-975a-8f4da02c7dca.jpeg",
            "contactCrtBackImgPath": "cf5ac973-2f30-4d9b-8234-bcd0c01cae62.jpeg",
            "legalCrtFrontImgPath": "f667e12c-bc2c-4ccc-975a-8f4da02c7dca.jpeg",
            "legalCrtBackImgPath": "cf5ac973-2f30-4d9b-8234-bcd0c01cae62.jpeg",
            "servSysBuildContractFilePath": null,
            "servSysOperContractFilePath": null,
            "dataHostingContractFilePath": null,
            "servHostingContractFilePath": null,
            "industryQualificationFilePath": null,
            "certificationFilePath": null,
            "escrowOrgName": null
        },
        "nbmsEntPrefixPOs": [
            {
                "id": 743,
                "createDate": "2023-06-26 10:33:09",
                "updateDate": "2023-06-26 10:33:09",
                "entPrefix": "88.408.7677085644",
                "state": 1,
                "historyState": 1,
                "entGeneralId": "2812911000000006",
                "entName": "fppWWTq3scZbKm3Ywn9LoCefXhrs8hhG",
                "userId": 1688,
                "proxyState": 1,
                "prefixConfigPO": [],
                "escrowId": null
            }
        ]
    }
}

2023-06-26 10:33:09.255 | INFO     | httprunner.client:request:217 - status_code: 200, response_time(ms): 92.03 ms, response_length: 0 bytes
2023-06-26 10:33:09.255 | INFO     | httprunner.response:extract:179 - extract mapping: {'entId': 567}
2023-06-26 10:33:09.255 | INFO     | httprunner.response:validate:249 - assert status_code equal 200(int)	==> pass
2023-06-26 10:33:09.255 | INFO     | httprunner.response:validate:249 - assert body.message equal success(str)	==> pass
2023-06-26 10:33:09.256 | INFO     | httprunner.response:validate:249 - assert body.status equal 1(int)	==> pass
2023-06-26 10:33:09.256 | INFO     | httprunner.runner:__run_step:304 - run step end: 企业信息详情 <<<<<<

2023-06-26 10:33:09.256 | INFO     | httprunner.runner:__run_step_testcase:286 - export variables: {'entId': 567}
2023-06-26 10:33:09.256 | INFO     | httprunner.runner:__run_step:304 - run step end: 查询企业详情 <<<<<<

2023-06-26 10:33:09.256 | INFO     | httprunner.runner:__run_step:292 - run step begin: 登录-企业 >>>>>>
2023-06-26 10:33:09.256 | INFO     | httprunner.runner:__run_step:292 - run step begin: 登录-企业用户 >>>>>>
2023-06-26 10:33:09.315 | DEBUG    | httprunner.client:request:186 - client IP: 127.0.0.1, Port: 50889
2023-06-26 10:33:09.315 | DEBUG    | httprunner.client:request:194 - server IP: 127.0.0.1, Port: 8888
2023-06-26 10:33:09.316 | DEBUG    | httprunner.client:log_print:40 - 
================== request details ==================
method   : POST
url      : http://139.198.116.76:8000/api/home/test/login
headers  : {
    "User-Agent": "python-requests/2.28.1",
    "Accept-Encoding": "gzip, deflate, br",
    "Accept": "*/*",
    "Connection": "keep-alive",
    "Content-Length": "170",
    "Content-Type": "application/json",
    "HRUN-Request-ID": "HRUN-ab8d8949-0436-48ac-a364-ee7fbc0172cd-789256",
    "Cookie": "SESSION=MDEzZGFjMWMtMGY4NC00M2ExLThlMmQtNWYwMDJiMWYyOTlk"
}
cookies  : {
    "SESSION": "MDEzZGFjMWMtMGY4NC00M2ExLThlMmQtNWYwMDJiMWYyOTlk"
}
body     : {
    "captcha": "0000",
    "captchaSign": "e9460925cd6c3363a8fb060793ed0a3210c39980daef8c5e04e19d412f880d8d",
    "emailCaptcha": "",
    "username": "fppWWTq3scZbKm3Ywn9LoCefXhrs8hhG"
}

2023-06-26 10:33:09.317 | DEBUG    | httprunner.client:log_print:40 - 
================== response details ==================
status_code : 200
headers  : {
    "Server": "nginx",
    "Date": "Mon, 26 Jun 2023 02:33:09 GMT",
    "Content-Type": "application/json;charset=UTF-8",
    "Transfer-Encoding": "chunked",
    "Set-Cookie": "SESSION=MjdiNTk2ZDgtODRiYy00ZDQ1LWE0YWMtZTJhNTBkOTU5M2Y3; Path=/; HttpOnly; SameSite=Lax",
    "X-Frame-Options": "SAMEORIGIN",
    "Connection": "keep-alive"
}
cookies  : {
    "SESSION": "MjdiNTk2ZDgtODRiYy00ZDQ1LWE0YWMtZTJhNTBkOTU5M2Y3"
}
encoding : UTF-8
content_type : application/json;charset=UTF-8
body     : {
    "message": "success",
    "status": 1,
    "data": true
}

2023-06-26 10:33:09.317 | INFO     | httprunner.client:request:217 - status_code: 200, response_time(ms): 58.07 ms, response_length: 0 bytes
2023-06-26 10:33:09.317 | INFO     | httprunner.response:extract:179 - extract mapping: {'entSession': 'response.headers."Set-Cookie".session'}
2023-06-26 10:33:09.317 | INFO     | httprunner.response:validate:249 - assert status_code equal 200(int)	==> pass
2023-06-26 10:33:09.318 | INFO     | httprunner.response:validate:249 - assert headers."Content-Type" equal application/json;charset=UTF-8(str)	==> pass
2023-06-26 10:33:09.319 | INFO     | httprunner.response:validate:249 - assert body.message equal success(str)	==> pass
2023-06-26 10:33:09.319 | INFO     | httprunner.response:validate:249 - assert body.status equal 1(int)	==> pass
2023-06-26 10:33:09.319 | INFO     | httprunner.response:validate:249 - assert body.data equal True(bool)	==> pass
2023-06-26 10:33:09.319 | INFO     | httprunner.runner:__run_step:304 - run step end: 登录-企业用户 <<<<<<

2023-06-26 10:33:09.319 | INFO     | httprunner.runner:__run_step_testcase:286 - export variables: {'entSession': 'response.headers."Set-Cookie".session'}
2023-06-26 10:33:09.319 | INFO     | httprunner.runner:__run_step:304 - run step end: 登录-企业 <<<<<<

2023-06-26 10:33:09.319 | INFO     | httprunner.runner:__run_step:292 - run step begin: 添加标识业务数据 >>>>>>
2023-06-26 10:33:09.320 | INFO     | httprunner.runner:__run_step:292 - run step begin: 添加标识业务数据 >>>>>>
2023-06-26 10:33:09.379 | DEBUG    | httprunner.client:request:186 - client IP: 127.0.0.1, Port: 50889
2023-06-26 10:33:09.379 | DEBUG    | httprunner.client:request:194 - server IP: 127.0.0.1, Port: 8888
2023-06-26 10:33:09.380 | DEBUG    | httprunner.client:log_print:40 - 
================== request details ==================
method   : POST
url      : http://139.198.116.76:8000/api/v3/entBussInfo
headers  : {
    "User-Agent": "Mozilla/5.0 (Macintosh; Intel Mac OS X 10_15_7) AppleWebKit/537.36 (KHTML, like Gecko) Chrome/105.0.0.0 Safari/537.36",
    "Accept-Encoding": "gzip, deflate",
    "Accept": "application/json, text/plain, */*",
    "Connection": "keep-alive",
    "Accept-Language": "zh-CN,zh;q=0.9",
    "Content-Length": "213",
    "Content-Type": "application/json;charset=UTF-8",
    "HRUN-Request-ID": "HRUN-ab8d8949-0436-48ac-a364-ee7fbc0172cd-789320",
    "Cookie": "SESSION=MjdiNTk2ZDgtODRiYy00ZDQ1LWE0YWMtZTJhNTBkOTU5M2Y3; SESSION=response.headers.\"Set-Cookie\".session"
}
cookies  : {
    "SESSION": "MjdiNTk2ZDgtODRiYy00ZDQ1LWE0YWMtZTJhNTBkOTU5M2Y3"
}
body     : {
    "appDesc": "sdad",
    "appName": 815235703,
    "appRdunit": "bbbbbbbbbbbsdadsdasdasbbbbb",
    "appType": 1,
    "appUserCount": 5677,
    "entId": 567,
    "orgName": "fppWWTq3scZbKm3Ywn9LoCefXhrs8hhG",
    "prefix": "88.408.7677085644"
}

2023-06-26 10:33:09.381 | DEBUG    | httprunner.client:log_print:40 - 
================== response details ==================
status_code : 200
headers  : {
    "Server": "nginx",
    "Date": "Mon, 26 Jun 2023 02:33:09 GMT",
    "Content-Type": "application/json",
    "Transfer-Encoding": "chunked",
    "X-Frame-Options": "SAMEORIGIN",
    "Connection": "keep-alive"
}
cookies  : {}
encoding : utf-8
content_type : application/json
body     : {
    "message": "success",
    "status": 1,
    "data": true
}

2023-06-26 10:33:09.382 | INFO     | httprunner.client:request:217 - status_code: 200, response_time(ms): 58.7 ms, response_length: 0 bytes
2023-06-26 10:33:09.382 | INFO     | httprunner.response:validate:249 - assert status_code equal 200(int)	==> pass
2023-06-26 10:33:09.382 | INFO     | httprunner.response:validate:249 - assert headers."Content-Type" equal application/json(str)	==> pass
2023-06-26 10:33:09.382 | INFO     | httprunner.response:validate:249 - assert body.message equal success(str)	==> pass
2023-06-26 10:33:09.382 | INFO     | httprunner.response:validate:249 - assert body.status equal 1(int)	==> pass
2023-06-26 10:33:09.382 | INFO     | httprunner.response:validate:249 - assert body.data equal True(bool)	==> pass
2023-06-26 10:33:09.382 | INFO     | httprunner.runner:__run_step:304 - run step end: 添加标识业务数据 <<<<<<

2023-06-26 10:33:09.383 | INFO     | httprunner.runner:__run_step:304 - run step end: 添加标识业务数据 <<<<<<

2023-06-26 10:33:09.383 | INFO     | httprunner.runner:__run_step:292 - run step begin: 查看标识业务列表 >>>>>>
2023-06-26 10:33:09.383 | INFO     | httprunner.runner:__run_step:292 - run step begin: 标识业务数据分页列表 >>>>>>
2023-06-26 10:33:09.454 | DEBUG    | httprunner.client:request:186 - client IP: 127.0.0.1, Port: 50889
2023-06-26 10:33:09.455 | DEBUG    | httprunner.client:request:194 - server IP: 127.0.0.1, Port: 8888
2023-06-26 10:33:09.455 | DEBUG    | httprunner.client:log_print:40 - 
================== request details ==================
method   : GET
url      : http://139.198.116.76:8000/api/v3/entBussInfo/pageQuery?cache=1663839277560&currentPage=1&orgName=fppWWTq3scZbKm3Ywn9LoCefXhrs8hhG&prefix=88.408.7677085644&appName=815235703&appType=1
headers  : {
    "User-Agent": "Mozilla/5.0 (Macintosh; Intel Mac OS X 10_15_7) AppleWebKit/537.36 (KHTML, like Gecko) Chrome/105.0.0.0 Safari/537.36",
    "Accept-Encoding": "gzip, deflate",
    "Accept": "application/json, text/plain, */*",
    "Connection": "keep-alive",
    "Accept-Language": "zh-CN,zh;q=0.9",
    "HRUN-Request-ID": "HRUN-ab8d8949-0436-48ac-a364-ee7fbc0172cd-789383",
    "Cookie": "SESSION=MjdiNTk2ZDgtODRiYy00ZDQ1LWE0YWMtZTJhNTBkOTU5M2Y3; SESSION=response.headers.\"Set-Cookie\".session"
}
cookies  : {
    "SESSION": "MjdiNTk2ZDgtODRiYy00ZDQ1LWE0YWMtZTJhNTBkOTU5M2Y3"
}
body     : None

2023-06-26 10:33:09.456 | DEBUG    | httprunner.client:log_print:40 - 
================== response details ==================
status_code : 200
headers  : {
    "Server": "nginx",
    "Date": "Mon, 26 Jun 2023 02:33:09 GMT",
    "Content-Type": "application/json;charset=UTF-8",
    "Transfer-Encoding": "chunked",
    "X-Frame-Options": "SAMEORIGIN",
    "Connection": "keep-alive"
}
cookies  : {}
encoding : UTF-8
content_type : application/json;charset=UTF-8
body     : {
    "message": "success",
    "status": 1,
    "data": {
        "first": true,
        "last": true,
        "totalPages": 1,
        "totalElements": 1,
        "number": 1,
        "size": 10,
        "sort": {
            "sorted": true,
            "unsorted": false,
            "empty": false
        },
        "numberOfElements": 1,
        "content": [
            {
                "appDesc": "sdad",
                "appRdunit": "bbbbbbbbbbbsdadsdasdasbbbbb",
                "appType": 1,
                "appUserCount": 5677,
                "useRecursion": null,
                "prefix": "88.408.7677085644",
                "orgName": "fppWWTq3scZbKm3Ywn9LoCefXhrs8hhG",
                "entId": 567,
                "appName": "815235703",
                "id": 19
            }
        ]
    }
}

2023-06-26 10:33:09.456 | INFO     | httprunner.client:request:217 - status_code: 200, response_time(ms): 70.63 ms, response_length: 0 bytes
2023-06-26 10:33:09.457 | INFO     | httprunner.response:extract:179 - extract mapping: {'entBusinessId': 19}
2023-06-26 10:33:09.457 | INFO     | httprunner.response:validate:249 - assert status_code equal 200(int)	==> pass
2023-06-26 10:33:09.457 | INFO     | httprunner.response:validate:249 - assert headers."Content-Type" equal application/json;charset=UTF-8(str)	==> pass
2023-06-26 10:33:09.457 | INFO     | httprunner.response:validate:249 - assert body.message equal success(str)	==> pass
2023-06-26 10:33:09.457 | INFO     | httprunner.response:validate:249 - assert body.status equal 1(int)	==> pass
2023-06-26 10:33:09.458 | INFO     | httprunner.runner:__run_step:304 - run step end: 标识业务数据分页列表 <<<<<<

2023-06-26 10:33:09.458 | INFO     | httprunner.runner:__run_step_testcase:286 - export variables: {'entBusinessId': 19}
2023-06-26 10:33:09.458 | INFO     | httprunner.runner:__run_step:304 - run step end: 查看标识业务列表 <<<<<<

2023-06-26 10:33:09.458 | INFO     | httprunner.runner:__run_step:292 - run step begin: 删除标识业务数据 >>>>>>
2023-06-26 10:33:09.458 | INFO     | httprunner.runner:__run_step:292 - run step begin: 标识业务数据删除 >>>>>>
2023-06-26 10:33:09.510 | DEBUG    | httprunner.client:request:186 - client IP: 127.0.0.1, Port: 50889
2023-06-26 10:33:09.511 | DEBUG    | httprunner.client:request:194 - server IP: 127.0.0.1, Port: 8888
2023-06-26 10:33:09.511 | DEBUG    | httprunner.client:log_print:40 - 
================== request details ==================
method   : POST
url      : http://139.198.116.76:8000/api/v3/entBussInfo?id=19
headers  : {
    "User-Agent": "Mozilla/5.0 (Macintosh; Intel Mac OS X 10_15_7) AppleWebKit/537.36 (KHTML, like Gecko) Chrome/105.0.0.0 Safari/537.36",
    "Accept-Encoding": "gzip, deflate",
    "Accept": "application/json, text/plain, */*",
    "Connection": "keep-alive",
    "Accept-Language": "zh-CN,zh;q=0.9",
    "Content-Length": "0",
    "X-HTTP-Method-Override": "delete",
    "HRUN-Request-ID": "HRUN-ab8d8949-0436-48ac-a364-ee7fbc0172cd-789458",
    "Cookie": "SESSION=MjdiNTk2ZDgtODRiYy00ZDQ1LWE0YWMtZTJhNTBkOTU5M2Y3; SESSION=response.headers.\"Set-Cookie\".session"
}
cookies  : {
    "SESSION": "MjdiNTk2ZDgtODRiYy00ZDQ1LWE0YWMtZTJhNTBkOTU5M2Y3"
}
body     : None

2023-06-26 10:33:09.512 | DEBUG    | httprunner.client:log_print:40 - 
================== response details ==================
status_code : 200
headers  : {
    "Server": "nginx",
    "Date": "Mon, 26 Jun 2023 02:33:09 GMT",
    "Content-Type": "application/json",
    "Transfer-Encoding": "chunked",
    "X-Frame-Options": "SAMEORIGIN",
    "Connection": "keep-alive"
}
cookies  : {}
encoding : utf-8
content_type : application/json
body     : {
    "message": "success",
    "status": 1,
    "data": true
}

2023-06-26 10:33:09.512 | INFO     | httprunner.client:request:217 - status_code: 200, response_time(ms): 51.95 ms, response_length: 0 bytes
2023-06-26 10:33:09.513 | INFO     | httprunner.response:validate:249 - assert status_code equal 200(int)	==> pass
2023-06-26 10:33:09.513 | INFO     | httprunner.response:validate:249 - assert headers."Content-Type" equal application/json(str)	==> pass
2023-06-26 10:33:09.514 | INFO     | httprunner.response:validate:249 - assert body.message equal success(str)	==> pass
2023-06-26 10:33:09.514 | INFO     | httprunner.response:validate:249 - assert body.status equal 1(int)	==> pass
2023-06-26 10:33:09.514 | INFO     | httprunner.response:validate:249 - assert body.data equal True(bool)	==> pass
2023-06-26 10:33:09.514 | INFO     | httprunner.runner:__run_step:304 - run step end: 标识业务数据删除 <<<<<<

2023-06-26 10:33:09.515 | INFO     | httprunner.runner:__run_step:304 - run step end: 删除标识业务数据 <<<<<<

