2023-06-14 17:42:11.634 | INFO     | httprunner.runner:test_start:450 - Start to run testcase: 门户首页查询已删除的标识, TestCase ID: b334d043-b0b1-430c-9830-4ec58490fd7b
2023-06-14 17:42:11.635 | INFO     | httprunner.runner:__run_step:292 - run step begin: 企业申请托管并审核通过 >>>>>>
2023-06-14 17:42:11.635 | INFO     | httprunner.runner:__run_step:292 - run step begin: 企业注册并前缀审核通过 >>>>>>
2023-06-14 17:42:11.635 | INFO     | httprunner.runner:__run_step:292 - run step begin: 用户注册 >>>>>>
2023-06-14 17:42:11.635 | INFO     | httprunner.runner:__run_step:292 - run step begin: 用户注册 >>>>>>
2023-06-14 17:42:11.745 | DEBUG    | httprunner.client:request:186 - client IP: 127.0.0.1, Port: 58455
2023-06-14 17:42:11.745 | DEBUG    | httprunner.client:request:194 - server IP: 127.0.0.1, Port: 8888
2023-06-14 17:42:11.745 | DEBUG    | httprunner.client:log_print:40 - 
================== request details ==================
method   : POST
url      : http://139.198.116.76:8000/api/home/test/registry
headers  : {
    "User-Agent": "Mozilla/5.0 (Windows NT 10.0; WOW64) AppleWebKit/537.36 (KHTML, like Gecko) Chrome/100.0.4896.60 Safari/537.36",
    "Accept-Encoding": "gzip, deflate",
    "Accept": "application/json, text/plain, */*",
    "Connection": "keep-alive",
    "Accept-Language": "zh-CN,zh;q=0.9",
    "HRUN-Request-ID": "HRUN-b334d043-b0b1-430c-9830-4ec58490fd7b-731635",
    "Content-Length": "187",
    "Content-Type": "application/json"
}
cookies  : {}
body     : {
    "email": "3GLVG3BliRWpXO7j@qaqseq.com",
    "mobile": "10500503007",
    "openId": "",
    "openUserName": "",
    "password": "Admin@123",
    "remarks": "",
    "username": "aJorf3IbiBCceLIUEAWkCb4OAOssVmXY"
}

2023-06-14 17:42:11.747 | DEBUG    | httprunner.client:log_print:40 - 
================== response details ==================
status_code : 200
headers  : {
    "Server": "nginx",
    "Date": "Wed, 14 Jun 2023 09:42:11 GMT",
    "Content-Type": "application/json",
    "Transfer-Encoding": "chunked",
    "X-Frame-Options": "SAMEORIGIN",
    "Connection": "keep-alive"
}
cookies  : {}
encoding : utf-8
content_type : application/json
body     : {
    "message": "success",
    "status": 1,
    "data": true
}

2023-06-14 17:42:11.748 | INFO     | httprunner.client:request:217 - status_code: 200, response_time(ms): 109.23 ms, response_length: 0 bytes
2023-06-14 17:42:11.748 | INFO     | httprunner.response:validate:249 - assert status_code equal 200(int)	==> pass
2023-06-14 17:42:11.748 | INFO     | httprunner.response:validate:249 - assert body.message equal success(str)	==> pass
2023-06-14 17:42:11.748 | INFO     | httprunner.response:validate:249 - assert body.status equal 1(int)	==> pass
2023-06-14 17:42:11.748 | INFO     | httprunner.response:validate:249 - assert body.message contains success(str)	==> pass
2023-06-14 17:42:11.748 | INFO     | httprunner.response:validate:249 - assert body.status contained_by [1, 200](list)	==> pass
2023-06-14 17:42:11.748 | INFO     | httprunner.runner:__run_step:304 - run step end: 用户注册 <<<<<<

2023-06-14 17:42:11.748 | INFO     | httprunner.runner:__run_step:304 - run step end: 用户注册 <<<<<<

2023-06-14 17:42:11.748 | INFO     | httprunner.runner:__run_step:292 - run step begin: 登录-企业 >>>>>>
2023-06-14 17:42:11.749 | INFO     | httprunner.runner:__run_step:292 - run step begin: 登录-企业用户 >>>>>>
2023-06-14 17:42:11.822 | DEBUG    | httprunner.client:request:186 - client IP: 127.0.0.1, Port: 58455
2023-06-14 17:42:11.822 | DEBUG    | httprunner.client:request:194 - server IP: 127.0.0.1, Port: 8888
2023-06-14 17:42:11.822 | DEBUG    | httprunner.client:log_print:40 - 
================== request details ==================
method   : POST
url      : http://139.198.116.76:8000/api/home/test/login
headers  : {
    "User-Agent": "python-requests/2.28.1",
    "Accept-Encoding": "gzip, deflate, br",
    "Accept": "*/*",
    "Connection": "keep-alive",
    "Content-Length": "170",
    "Content-Type": "application/json",
    "HRUN-Request-ID": "HRUN-b334d043-b0b1-430c-9830-4ec58490fd7b-731749"
}
cookies  : {}
body     : {
    "captcha": "0000",
    "captchaSign": "012863833e33d071d4af37aeda378c08e8aee3968bfc0f293cdc6b5aece53e08",
    "emailCaptcha": "",
    "username": "aJorf3IbiBCceLIUEAWkCb4OAOssVmXY"
}

2023-06-14 17:42:11.822 | DEBUG    | httprunner.client:log_print:40 - 
================== response details ==================
status_code : 200
headers  : {
    "Server": "nginx",
    "Date": "Wed, 14 Jun 2023 09:42:11 GMT",
    "Content-Type": "application/json;charset=UTF-8",
    "Transfer-Encoding": "chunked",
    "Set-Cookie": "SESSION=NjgyOWFmYzctMjYxZi00MDg3LTlhNjgtYWJhYzM1YTY5ZGFl; Path=/; HttpOnly; SameSite=Lax",
    "X-Frame-Options": "SAMEORIGIN",
    "Connection": "keep-alive"
}
cookies  : {
    "SESSION": "NjgyOWFmYzctMjYxZi00MDg3LTlhNjgtYWJhYzM1YTY5ZGFl"
}
encoding : UTF-8
content_type : application/json;charset=UTF-8
body     : {
    "message": "success",
    "status": 1,
    "data": true
}

2023-06-14 17:42:11.823 | INFO     | httprunner.client:request:217 - status_code: 200, response_time(ms): 73.15 ms, response_length: 0 bytes
2023-06-14 17:42:11.823 | INFO     | httprunner.response:extract:179 - extract mapping: {'entSession': 'response.headers."Set-Cookie".session'}
2023-06-14 17:42:11.823 | INFO     | httprunner.response:validate:249 - assert status_code equal 200(int)	==> pass
2023-06-14 17:42:11.823 | INFO     | httprunner.response:validate:249 - assert headers."Content-Type" equal application/json;charset=UTF-8(str)	==> pass
2023-06-14 17:42:11.823 | INFO     | httprunner.response:validate:249 - assert body.message equal success(str)	==> pass
2023-06-14 17:42:11.823 | INFO     | httprunner.response:validate:249 - assert body.status equal 1(int)	==> pass
2023-06-14 17:42:11.823 | INFO     | httprunner.response:validate:249 - assert body.data equal True(bool)	==> pass
2023-06-14 17:42:11.823 | INFO     | httprunner.runner:__run_step:304 - run step end: 登录-企业用户 <<<<<<

2023-06-14 17:42:11.823 | INFO     | httprunner.runner:__run_step_testcase:286 - export variables: {'entSession': 'response.headers."Set-Cookie".session'}
2023-06-14 17:42:11.823 | INFO     | httprunner.runner:__run_step:304 - run step end: 登录-企业 <<<<<<

2023-06-14 17:42:11.823 | INFO     | httprunner.runner:__run_step:292 - run step begin: 前缀注册企业资质图片上传 >>>>>>
2023-06-14 17:42:11.823 | INFO     | httprunner.runner:__run_step:292 - run step begin: 前缀注册企业资质图片上传 >>>>>>
2023-06-14 17:42:11.949 | DEBUG    | httprunner.client:request:186 - client IP: 127.0.0.1, Port: 58455
2023-06-14 17:42:11.949 | DEBUG    | httprunner.client:request:194 - server IP: 127.0.0.1, Port: 8888
2023-06-14 17:42:11.950 | DEBUG    | httprunner.client:log_print:40 - 
================== request details ==================
method   : POST
url      : http://139.198.116.76:8000/api/file/img/upload
headers  : {
    "User-Agent": "Mozilla/5.0 (Macintosh; Intel Mac OS X 10_15_7) AppleWebKit/537.36 (KHTML, like Gecko) Chrome/105.0.0.0 Safari/537.36",
    "Accept-Encoding": "gzip, deflate",
    "Accept": "application/json, text/plain, */*",
    "Connection": "keep-alive",
    "Accept-Language": "zh-CN,zh;q=0.9",
    "Content-Type": "multipart/form-data; boundary=6c5edde6db884933bae4dbd90fc73853",
    "HRUN-Request-ID": "HRUN-b334d043-b0b1-430c-9830-4ec58490fd7b-731825",
    "Cookie": "SESSION=NjgyOWFmYzctMjYxZi00MDg3LTlhNjgtYWJhYzM1YTY5ZGFl; SESSION=response.headers.\"Set-Cookie\".session",
    "Content-Length": "20435"
}
cookies  : {
    "SESSION": "NjgyOWFmYzctMjYxZi00MDg3LTlhNjgtYWJhYzM1YTY5ZGFl"
}
body     : upload file stream (OMITTED)

2023-06-14 17:42:11.952 | DEBUG    | httprunner.client:log_print:40 - 
================== response details ==================
status_code : 200
headers  : {
    "Server": "nginx",
    "Date": "Wed, 14 Jun 2023 09:42:12 GMT",
    "Content-Type": "application/json;charset=UTF-8",
    "Transfer-Encoding": "chunked",
    "X-Frame-Options": "SAMEORIGIN",
    "Connection": "keep-alive"
}
cookies  : {}
encoding : UTF-8
content_type : application/json;charset=UTF-8
body     : {
    "message": "success",
    "status": 1,
    "data": {
        "id": 2257,
        "path": "1940a8e3-a011-457a-8454-65b60410a5b5.jpeg"
    }
}

2023-06-14 17:42:11.953 | INFO     | httprunner.client:request:217 - status_code: 200, response_time(ms): 122.96 ms, response_length: 0 bytes
2023-06-14 17:42:11.954 | INFO     | httprunner.response:extract:179 - extract mapping: {'imgId': 2257}
2023-06-14 17:42:11.954 | INFO     | httprunner.response:validate:249 - assert status_code equal 200(int)	==> pass
2023-06-14 17:42:11.954 | INFO     | httprunner.runner:__run_step:304 - run step end: 前缀注册企业资质图片上传 <<<<<<

2023-06-14 17:42:11.955 | INFO     | httprunner.runner:__run_step_testcase:286 - export variables: {'imgId': 2257}
2023-06-14 17:42:11.955 | INFO     | httprunner.runner:__run_step:304 - run step end: 前缀注册企业资质图片上传 <<<<<<

2023-06-14 17:42:11.955 | INFO     | httprunner.runner:__run_step:292 - run step begin: 前缀注册企业联系人身份证图片正面上传 >>>>>>
2023-06-14 17:42:11.956 | INFO     | httprunner.runner:__run_step:292 - run step begin: 前缀注册企业联系人身份证图片背面上传 >>>>>>
2023-06-14 17:42:12.065 | DEBUG    | httprunner.client:request:186 - client IP: 127.0.0.1, Port: 58455
2023-06-14 17:42:12.066 | DEBUG    | httprunner.client:request:194 - server IP: 127.0.0.1, Port: 8888
2023-06-14 17:42:12.067 | DEBUG    | httprunner.client:log_print:40 - 
================== request details ==================
method   : POST
url      : http://139.198.116.76:8000/api/file/img/upload
headers  : {
    "User-Agent": "Mozilla/5.0 (Macintosh; Intel Mac OS X 10_15_7) AppleWebKit/537.36 (KHTML, like Gecko) Chrome/105.0.0.0 Safari/537.36",
    "Accept-Encoding": "gzip, deflate",
    "Accept": "application/json, text/plain, */*",
    "Connection": "keep-alive",
    "Accept-Language": "zh-CN,zh;q=0.9",
    "Content-Type": "multipart/form-data; boundary=779f92f6395f4e518c956728cfa95a93",
    "HRUN-Request-ID": "HRUN-b334d043-b0b1-430c-9830-4ec58490fd7b-731957",
    "Cookie": "SESSION=NjgyOWFmYzctMjYxZi00MDg3LTlhNjgtYWJhYzM1YTY5ZGFl; SESSION=response.headers.\"Set-Cookie\".session",
    "Content-Length": "20435"
}
cookies  : {
    "SESSION": "NjgyOWFmYzctMjYxZi00MDg3LTlhNjgtYWJhYzM1YTY5ZGFl"
}
body     : upload file stream (OMITTED)

2023-06-14 17:42:12.067 | DEBUG    | httprunner.client:log_print:40 - 
================== response details ==================
status_code : 200
headers  : {
    "Server": "nginx",
    "Date": "Wed, 14 Jun 2023 09:42:12 GMT",
    "Content-Type": "application/json;charset=UTF-8",
    "Transfer-Encoding": "chunked",
    "X-Frame-Options": "SAMEORIGIN",
    "Connection": "keep-alive"
}
cookies  : {}
encoding : UTF-8
content_type : application/json;charset=UTF-8
body     : {
    "message": "success",
    "status": 1,
    "data": {
        "id": 2258,
        "path": "1d9f32e0-47a0-4f4d-affb-3e479269dea2.jpeg"
    }
}

2023-06-14 17:42:12.068 | INFO     | httprunner.client:request:217 - status_code: 200, response_time(ms): 107.75 ms, response_length: 0 bytes
2023-06-14 17:42:12.068 | INFO     | httprunner.response:extract:179 - extract mapping: {'imgId_f': 2258}
2023-06-14 17:42:12.068 | INFO     | httprunner.response:validate:249 - assert status_code equal 200(int)	==> pass
2023-06-14 17:42:12.068 | INFO     | httprunner.runner:__run_step:304 - run step end: 前缀注册企业联系人身份证图片背面上传 <<<<<<

2023-06-14 17:42:12.069 | INFO     | httprunner.runner:__run_step_testcase:286 - export variables: {'imgId_f': 2258}
2023-06-14 17:42:12.069 | INFO     | httprunner.runner:__run_step:304 - run step end: 前缀注册企业联系人身份证图片正面上传 <<<<<<

2023-06-14 17:42:12.069 | INFO     | httprunner.runner:__run_step:292 - run step begin: 前缀注册企业联系人身份证图片背面上传 >>>>>>
2023-06-14 17:42:12.070 | INFO     | httprunner.runner:__run_step:292 - run step begin: 前缀注册企业联系人身份证图片背面上传 >>>>>>
2023-06-14 17:42:12.182 | DEBUG    | httprunner.client:request:186 - client IP: 127.0.0.1, Port: 58455
2023-06-14 17:42:12.183 | DEBUG    | httprunner.client:request:194 - server IP: 127.0.0.1, Port: 8888
2023-06-14 17:42:12.184 | DEBUG    | httprunner.client:log_print:40 - 
================== request details ==================
method   : POST
url      : http://139.198.116.76:8000/api/file/img/upload
headers  : {
    "User-Agent": "Mozilla/5.0 (Macintosh; Intel Mac OS X 10_15_7) AppleWebKit/537.36 (KHTML, like Gecko) Chrome/105.0.0.0 Safari/537.36",
    "Accept-Encoding": "gzip, deflate",
    "Accept": "application/json, text/plain, */*",
    "Connection": "keep-alive",
    "Accept-Language": "zh-CN,zh;q=0.9",
    "Content-Type": "multipart/form-data; boundary=2d43a52004e2423d87833839251bf031",
    "HRUN-Request-ID": "HRUN-b334d043-b0b1-430c-9830-4ec58490fd7b-732071",
    "Cookie": "SESSION=NjgyOWFmYzctMjYxZi00MDg3LTlhNjgtYWJhYzM1YTY5ZGFl; SESSION=response.headers.\"Set-Cookie\".session",
    "Content-Length": "20435"
}
cookies  : {
    "SESSION": "NjgyOWFmYzctMjYxZi00MDg3LTlhNjgtYWJhYzM1YTY5ZGFl"
}
body     : upload file stream (OMITTED)

2023-06-14 17:42:12.185 | DEBUG    | httprunner.client:log_print:40 - 
================== response details ==================
status_code : 200
headers  : {
    "Server": "nginx",
    "Date": "Wed, 14 Jun 2023 09:42:12 GMT",
    "Content-Type": "application/json;charset=UTF-8",
    "Transfer-Encoding": "chunked",
    "X-Frame-Options": "SAMEORIGIN",
    "Connection": "keep-alive"
}
cookies  : {}
encoding : UTF-8
content_type : application/json;charset=UTF-8
body     : {
    "message": "success",
    "status": 1,
    "data": {
        "id": 2259,
        "path": "f1702b5a-0fd7-4ecf-93e3-498c6ab32687.jpeg"
    }
}

2023-06-14 17:42:12.185 | INFO     | httprunner.client:request:217 - status_code: 200, response_time(ms): 111.4 ms, response_length: 0 bytes
2023-06-14 17:42:12.185 | INFO     | httprunner.response:extract:179 - extract mapping: {'imgId_b': 2259}
2023-06-14 17:42:12.185 | INFO     | httprunner.response:validate:249 - assert status_code equal 200(int)	==> pass
2023-06-14 17:42:12.186 | INFO     | httprunner.runner:__run_step:304 - run step end: 前缀注册企业联系人身份证图片背面上传 <<<<<<

2023-06-14 17:42:12.186 | INFO     | httprunner.runner:__run_step_testcase:286 - export variables: {'imgId_b': 2259}
2023-06-14 17:42:12.186 | INFO     | httprunner.runner:__run_step:304 - run step end: 前缀注册企业联系人身份证图片背面上传 <<<<<<

2023-06-14 17:42:12.187 | INFO     | httprunner.runner:__run_step:292 - run step begin: 企业注册第一步提交信息 >>>>>>
2023-06-14 17:42:12.187 | INFO     | httprunner.runner:__run_step:292 - run step begin: 企业注册第一步提交信息 >>>>>>
