2023-06-25 18:40:12.398 | INFO     | httprunner.runner:test_start:450 - Start to run testcase: 门户查询不存在的标识, TestCase ID: c054594f-d026-4316-b9f7-6b1221cc593d
2023-06-25 18:40:12.399 | INFO     | httprunner.runner:__run_step:292 - run step begin: 门户查询标识信息不存在 >>>>>>
2023-06-25 18:40:12.399 | INFO     | httprunner.runner:__run_step:292 - run step begin: 门户查询标识信息不存在 >>>>>>
2023-06-25 18:40:12.589 | DEBUG    | httprunner.client:request:186 - client IP: 127.0.0.1, Port: 55471
2023-06-25 18:40:12.590 | DEBUG    | httprunner.client:request:194 - server IP: 127.0.0.1, Port: 8888
2023-06-25 18:40:12.590 | DEBUG    | httprunner.client:log_print:40 - 
================== request details ==================
method   : GET
url      : http://139.198.116.76:8000/api/identityv2/query/data?handle=803.12.12%2F1234
headers  : {
    "User-Agent": "Mozilla/5.0 (Macintosh; Intel Mac OS X 10_15_7) AppleWebKit/537.36 (KHTML, like Gecko) Chrome/105.0.0.0 Safari/537.36",
    "Accept-Encoding": "gzip, deflate",
    "Accept": "application/json, text/plain, */*",
    "Connection": "keep-alive",
    "Accept-Language": "zh-CN,zh;q=0.9",
    "HRUN-Request-ID": "HRUN-c054594f-d026-4316-b9f7-6b1221cc593d-612399"
}
cookies  : {}
body     : None

2023-06-25 18:40:12.590 | DEBUG    | httprunner.client:log_print:40 - 
================== response details ==================
status_code : 200
headers  : {
    "Server": "nginx",
    "Date": "Sun, 25 Jun 2023 10:40:12 GMT",
    "Content-Type": "application/json",
    "Transfer-Encoding": "chunked",
    "X-Frame-Options": "SAMEORIGIN",
    "Connection": "keep-alive"
}
cookies  : {}
encoding : utf-8
content_type : application/json
body     : {
    "message": "success",
    "status": 1,
    "data": {
        "handleVO": {
            "prefix": "803.12.12",
            "handle": "803.12.12/1234",
            "templateVersion": null,
            "value": null
        },
        "templateHandleVO": null
    }
}

2023-06-25 18:40:12.590 | INFO     | httprunner.client:request:217 - status_code: 200, response_time(ms): 190.06 ms, response_length: 0 bytes
2023-06-25 18:40:12.591 | INFO     | httprunner.response:validate:249 - assert status_code equal 200(int)	==> pass
2023-06-25 18:40:12.591 | INFO     | httprunner.response:validate:249 - assert body.message equal success(str)	==> pass
2023-06-25 18:40:12.591 | INFO     | httprunner.response:validate:249 - assert body.data.handleV0.value equal None(NoneType)	==> pass
2023-06-25 18:40:12.591 | INFO     | httprunner.response:validate:249 - assert body.data.templateHandleVO equal None(NoneType)	==> pass
2023-06-25 18:40:12.591 | INFO     | httprunner.runner:__run_step:304 - run step end: 门户查询标识信息不存在 <<<<<<

2023-06-25 18:40:12.591 | INFO     | httprunner.runner:__run_step:304 - run step end: 门户查询标识信息不存在 <<<<<<

