2023-06-25 18:43:10.214 | INFO     | httprunner.runner:test_start:450 - Start to run testcase: 前缀审核通过, TestCase ID: c35916df-e217-4dfc-a3ef-60ef1defa0e2
2023-06-25 18:43:10.214 | INFO     | httprunner.runner:__run_step:292 - run step begin: 用户注册 >>>>>>
2023-06-25 18:43:10.215 | INFO     | httprunner.runner:__run_step:292 - run step begin: 用户注册 >>>>>>
2023-06-25 18:43:10.377 | DEBUG    | httprunner.client:request:186 - client IP: 127.0.0.1, Port: 56352
2023-06-25 18:43:10.377 | DEBUG    | httprunner.client:request:194 - server IP: 127.0.0.1, Port: 8888
2023-06-25 18:43:10.377 | DEBUG    | httprunner.client:log_print:40 - 
================== request details ==================
method   : POST
url      : http://139.198.116.76:8000/api/home/test/registry
headers  : {
    "User-Agent": "Mozilla/5.0 (Windows NT 10.0; WOW64) AppleWebKit/537.36 (KHTML, like Gecko) Chrome/100.0.4896.60 Safari/537.36",
    "Accept-Encoding": "gzip, deflate",
    "Accept": "application/json, text/plain, */*",
    "Connection": "keep-alive",
    "Accept-Language": "zh-CN,zh;q=0.9",
    "HRUN-Request-ID": "HRUN-c35916df-e217-4dfc-a3ef-60ef1defa0e2-790215",
    "Content-Length": "187",
    "Content-Type": "application/json"
}
cookies  : {}
body     : {
    "email": "qdoIZuFwYsT4E2Te@qaqseq.com",
    "mobile": "11588654772",
    "openId": "",
    "openUserName": "",
    "password": "Admin@123",
    "remarks": "",
    "username": "yU4dXtt2tbzagsH8DE260ljXrV9qCh2T"
}

2023-06-25 18:43:10.377 | DEBUG    | httprunner.client:log_print:40 - 
================== response details ==================
status_code : 200
headers  : {
    "Server": "nginx",
    "Date": "Sun, 25 Jun 2023 10:43:10 GMT",
    "Content-Type": "application/json",
    "Transfer-Encoding": "chunked",
    "X-Frame-Options": "SAMEORIGIN",
    "Connection": "keep-alive"
}
cookies  : {}
encoding : utf-8
content_type : application/json
body     : {
    "message": "success",
    "status": 1,
    "data": true
}

2023-06-25 18:43:10.377 | INFO     | httprunner.client:request:217 - status_code: 200, response_time(ms): 161.83 ms, response_length: 0 bytes
2023-06-25 18:43:10.378 | INFO     | httprunner.response:validate:249 - assert status_code equal 200(int)	==> pass
2023-06-25 18:43:10.378 | INFO     | httprunner.response:validate:249 - assert body.message equal success(str)	==> pass
2023-06-25 18:43:10.378 | INFO     | httprunner.response:validate:249 - assert body.status equal 1(int)	==> pass
2023-06-25 18:43:10.378 | INFO     | httprunner.response:validate:249 - assert body.message contains success(str)	==> pass
2023-06-25 18:43:10.378 | INFO     | httprunner.response:validate:249 - assert body.status contained_by [1, 200](list)	==> pass
2023-06-25 18:43:10.378 | INFO     | httprunner.runner:__run_step:304 - run step end: 用户注册 <<<<<<

2023-06-25 18:43:10.378 | INFO     | httprunner.runner:__run_step:304 - run step end: 用户注册 <<<<<<

2023-06-25 18:43:10.378 | INFO     | httprunner.runner:__run_step:292 - run step begin: 登录-企业 >>>>>>
2023-06-25 18:43:10.378 | INFO     | httprunner.runner:__run_step:292 - run step begin: 登录-企业用户 >>>>>>
2023-06-25 18:43:10.442 | DEBUG    | httprunner.client:request:186 - client IP: 127.0.0.1, Port: 56352
2023-06-25 18:43:10.443 | DEBUG    | httprunner.client:request:194 - server IP: 127.0.0.1, Port: 8888
2023-06-25 18:43:10.444 | DEBUG    | httprunner.client:log_print:40 - 
================== request details ==================
method   : POST
url      : http://139.198.116.76:8000/api/home/test/login
headers  : {
    "User-Agent": "python-requests/2.28.1",
    "Accept-Encoding": "gzip, deflate, br",
    "Accept": "*/*",
    "Connection": "keep-alive",
    "Content-Length": "170",
    "Content-Type": "application/json",
    "HRUN-Request-ID": "HRUN-c35916df-e217-4dfc-a3ef-60ef1defa0e2-790379"
}
cookies  : {}
body     : {
    "captcha": "0000",
    "captchaSign": "2f248ebe4d7ca625fc15321cfeb56aa74d16fabfe9234ddcdc8fb26943311d3e",
    "emailCaptcha": "",
    "username": "yU4dXtt2tbzagsH8DE260ljXrV9qCh2T"
}

2023-06-25 18:43:10.444 | DEBUG    | httprunner.client:log_print:40 - 
================== response details ==================
status_code : 200
headers  : {
    "Server": "nginx",
    "Date": "Sun, 25 Jun 2023 10:43:10 GMT",
    "Content-Type": "application/json;charset=UTF-8",
    "Transfer-Encoding": "chunked",
    "Set-Cookie": "SESSION=YjYxYjc4ZmItMjA1OS00ZTAyLWI4NzQtNmNhYTQ5NGY0MTc3; Path=/; HttpOnly; SameSite=Lax",
    "X-Frame-Options": "SAMEORIGIN",
    "Connection": "keep-alive"
}
cookies  : {
    "SESSION": "YjYxYjc4ZmItMjA1OS00ZTAyLWI4NzQtNmNhYTQ5NGY0MTc3"
}
encoding : UTF-8
content_type : application/json;charset=UTF-8
body     : {
    "message": "success",
    "status": 1,
    "data": true
}

2023-06-25 18:43:10.445 | INFO     | httprunner.client:request:217 - status_code: 200, response_time(ms): 63.65 ms, response_length: 0 bytes
2023-06-25 18:43:10.445 | INFO     | httprunner.response:extract:179 - extract mapping: {'entSession': 'response.headers."Set-Cookie".session'}
2023-06-25 18:43:10.445 | INFO     | httprunner.response:validate:249 - assert status_code equal 200(int)	==> pass
2023-06-25 18:43:10.446 | INFO     | httprunner.response:validate:249 - assert headers."Content-Type" equal application/json;charset=UTF-8(str)	==> pass
2023-06-25 18:43:10.446 | INFO     | httprunner.response:validate:249 - assert body.message equal success(str)	==> pass
2023-06-25 18:43:10.446 | INFO     | httprunner.response:validate:249 - assert body.status equal 1(int)	==> pass
2023-06-25 18:43:10.447 | INFO     | httprunner.response:validate:249 - assert body.data equal True(bool)	==> pass
2023-06-25 18:43:10.447 | INFO     | httprunner.runner:__run_step:304 - run step end: 登录-企业用户 <<<<<<

2023-06-25 18:43:10.447 | INFO     | httprunner.runner:__run_step_testcase:286 - export variables: {'entSession': 'response.headers."Set-Cookie".session'}
2023-06-25 18:43:10.447 | INFO     | httprunner.runner:__run_step:304 - run step end: 登录-企业 <<<<<<

2023-06-25 18:43:10.447 | INFO     | httprunner.runner:__run_step:292 - run step begin: 前缀注册企业资质图片上传 >>>>>>
2023-06-25 18:43:10.448 | INFO     | httprunner.runner:__run_step:292 - run step begin: 前缀注册企业资质图片上传 >>>>>>
2023-06-25 18:43:10.577 | DEBUG    | httprunner.client:request:186 - client IP: 127.0.0.1, Port: 56352
2023-06-25 18:43:10.578 | DEBUG    | httprunner.client:request:194 - server IP: 127.0.0.1, Port: 8888
2023-06-25 18:43:10.580 | DEBUG    | httprunner.client:log_print:40 - 
================== request details ==================
method   : POST
url      : http://139.198.116.76:8000/api/file/img/upload
headers  : {
    "User-Agent": "Mozilla/5.0 (Macintosh; Intel Mac OS X 10_15_7) AppleWebKit/537.36 (KHTML, like Gecko) Chrome/105.0.0.0 Safari/537.36",
    "Accept-Encoding": "gzip, deflate",
    "Accept": "application/json, text/plain, */*",
    "Connection": "keep-alive",
    "Accept-Language": "zh-CN,zh;q=0.9",
    "Content-Type": "multipart/form-data; boundary=2b0e89f31a134d5a8fd89b04fa0e1462",
    "HRUN-Request-ID": "HRUN-c35916df-e217-4dfc-a3ef-60ef1defa0e2-790448",
    "Cookie": "SESSION=YjYxYjc4ZmItMjA1OS00ZTAyLWI4NzQtNmNhYTQ5NGY0MTc3; SESSION=response.headers.\"Set-Cookie\".session",
    "Content-Length": "20435"
}
cookies  : {
    "SESSION": "YjYxYjc4ZmItMjA1OS00ZTAyLWI4NzQtNmNhYTQ5NGY0MTc3"
}
body     : upload file stream (OMITTED)

2023-06-25 18:43:10.581 | DEBUG    | httprunner.client:log_print:40 - 
================== response details ==================
status_code : 200
headers  : {
    "Server": "nginx",
    "Date": "Sun, 25 Jun 2023 10:43:10 GMT",
    "Content-Type": "application/json;charset=UTF-8",
    "Transfer-Encoding": "chunked",
    "X-Frame-Options": "SAMEORIGIN",
    "Connection": "keep-alive"
}
cookies  : {}
encoding : UTF-8
content_type : application/json;charset=UTF-8
body     : {
    "message": "success",
    "status": 1,
    "data": {
        "id": 2815,
        "path": "9e61fe44-db49-4b31-828d-4476a639e05b.jpeg"
    }
}

2023-06-25 18:43:10.581 | INFO     | httprunner.client:request:217 - status_code: 200, response_time(ms): 128.7 ms, response_length: 0 bytes
2023-06-25 18:43:10.581 | INFO     | httprunner.response:extract:179 - extract mapping: {'imgId': 2815}
2023-06-25 18:43:10.581 | INFO     | httprunner.response:validate:249 - assert status_code equal 200(int)	==> pass
2023-06-25 18:43:10.581 | INFO     | httprunner.runner:__run_step:304 - run step end: 前缀注册企业资质图片上传 <<<<<<

2023-06-25 18:43:10.581 | INFO     | httprunner.runner:__run_step_testcase:286 - export variables: {'imgId': 2815}
2023-06-25 18:43:10.581 | INFO     | httprunner.runner:__run_step:304 - run step end: 前缀注册企业资质图片上传 <<<<<<

2023-06-25 18:43:10.582 | INFO     | httprunner.runner:__run_step:292 - run step begin: 前缀注册企业联系人身份证图片正面上传 >>>>>>
2023-06-25 18:43:10.582 | INFO     | httprunner.runner:__run_step:292 - run step begin: 前缀注册企业联系人身份证图片背面上传 >>>>>>
2023-06-25 18:43:10.764 | DEBUG    | httprunner.client:request:186 - client IP: 127.0.0.1, Port: 56352
2023-06-25 18:43:10.765 | DEBUG    | httprunner.client:request:194 - server IP: 127.0.0.1, Port: 8888
2023-06-25 18:43:10.765 | DEBUG    | httprunner.client:log_print:40 - 
================== request details ==================
method   : POST
url      : http://139.198.116.76:8000/api/file/img/upload
headers  : {
    "User-Agent": "Mozilla/5.0 (Macintosh; Intel Mac OS X 10_15_7) AppleWebKit/537.36 (KHTML, like Gecko) Chrome/105.0.0.0 Safari/537.36",
    "Accept-Encoding": "gzip, deflate",
    "Accept": "application/json, text/plain, */*",
    "Connection": "keep-alive",
    "Accept-Language": "zh-CN,zh;q=0.9",
    "Content-Type": "multipart/form-data; boundary=7aa604ab55384b74b0789c21e45ef480",
    "HRUN-Request-ID": "HRUN-c35916df-e217-4dfc-a3ef-60ef1defa0e2-790582",
    "Cookie": "SESSION=YjYxYjc4ZmItMjA1OS00ZTAyLWI4NzQtNmNhYTQ5NGY0MTc3; SESSION=response.headers.\"Set-Cookie\".session",
    "Content-Length": "20435"
}
cookies  : {
    "SESSION": "YjYxYjc4ZmItMjA1OS00ZTAyLWI4NzQtNmNhYTQ5NGY0MTc3"
}
body     : upload file stream (OMITTED)

2023-06-25 18:43:10.766 | DEBUG    | httprunner.client:log_print:40 - 
================== response details ==================
status_code : 200
headers  : {
    "Server": "nginx",
    "Date": "Sun, 25 Jun 2023 10:43:10 GMT",
    "Content-Type": "application/json;charset=UTF-8",
    "Transfer-Encoding": "chunked",
    "X-Frame-Options": "SAMEORIGIN",
    "Connection": "keep-alive"
}
cookies  : {}
encoding : UTF-8
content_type : application/json;charset=UTF-8
body     : {
    "message": "success",
    "status": 1,
    "data": {
        "id": 2816,
        "path": "3e539023-df50-44d2-88a7-37628aaefdb3.jpeg"
    }
}

2023-06-25 18:43:10.766 | INFO     | httprunner.client:request:217 - status_code: 200, response_time(ms): 181.64 ms, response_length: 0 bytes
2023-06-25 18:43:10.767 | INFO     | httprunner.response:extract:179 - extract mapping: {'imgId_f': 2816}
2023-06-25 18:43:10.767 | INFO     | httprunner.response:validate:249 - assert status_code equal 200(int)	==> pass
2023-06-25 18:43:10.767 | INFO     | httprunner.runner:__run_step:304 - run step end: 前缀注册企业联系人身份证图片背面上传 <<<<<<

2023-06-25 18:43:10.767 | INFO     | httprunner.runner:__run_step_testcase:286 - export variables: {'imgId_f': 2816}
2023-06-25 18:43:10.767 | INFO     | httprunner.runner:__run_step:304 - run step end: 前缀注册企业联系人身份证图片正面上传 <<<<<<

2023-06-25 18:43:10.767 | INFO     | httprunner.runner:__run_step:292 - run step begin: 前缀注册企业联系人身份证图片背面上传 >>>>>>
2023-06-25 18:43:10.767 | INFO     | httprunner.runner:__run_step:292 - run step begin: 前缀注册企业联系人身份证图片背面上传 >>>>>>
2023-06-25 18:43:10.864 | DEBUG    | httprunner.client:request:186 - client IP: 127.0.0.1, Port: 56352
2023-06-25 18:43:10.865 | DEBUG    | httprunner.client:request:194 - server IP: 127.0.0.1, Port: 8888
2023-06-25 18:43:10.865 | DEBUG    | httprunner.client:log_print:40 - 
================== request details ==================
method   : POST
url      : http://139.198.116.76:8000/api/file/img/upload
headers  : {
    "User-Agent": "Mozilla/5.0 (Macintosh; Intel Mac OS X 10_15_7) AppleWebKit/537.36 (KHTML, like Gecko) Chrome/105.0.0.0 Safari/537.36",
    "Accept-Encoding": "gzip, deflate",
    "Accept": "application/json, text/plain, */*",
    "Connection": "keep-alive",
    "Accept-Language": "zh-CN,zh;q=0.9",
    "Content-Type": "multipart/form-data; boundary=ce0353620d544aa49d7b683929fa9182",
    "HRUN-Request-ID": "HRUN-c35916df-e217-4dfc-a3ef-60ef1defa0e2-790768",
    "Cookie": "SESSION=YjYxYjc4ZmItMjA1OS00ZTAyLWI4NzQtNmNhYTQ5NGY0MTc3; SESSION=response.headers.\"Set-Cookie\".session",
    "Content-Length": "20435"
}
cookies  : {
    "SESSION": "YjYxYjc4ZmItMjA1OS00ZTAyLWI4NzQtNmNhYTQ5NGY0MTc3"
}
body     : upload file stream (OMITTED)

2023-06-25 18:43:10.866 | DEBUG    | httprunner.client:log_print:40 - 
================== response details ==================
status_code : 200
headers  : {
    "Server": "nginx",
    "Date": "Sun, 25 Jun 2023 10:43:11 GMT",
    "Content-Type": "application/json;charset=UTF-8",
    "Transfer-Encoding": "chunked",
    "X-Frame-Options": "SAMEORIGIN",
    "Connection": "keep-alive"
}
cookies  : {}
encoding : UTF-8
content_type : application/json;charset=UTF-8
body     : {
    "message": "success",
    "status": 1,
    "data": {
        "id": 2817,
        "path": "235c4ec8-252a-4afe-a3b0-10234b1427ea.jpeg"
    }
}

2023-06-25 18:43:10.867 | INFO     | httprunner.client:request:217 - status_code: 200, response_time(ms): 96.37 ms, response_length: 0 bytes
2023-06-25 18:43:10.867 | INFO     | httprunner.response:extract:179 - extract mapping: {'imgId_b': 2817}
2023-06-25 18:43:10.867 | INFO     | httprunner.response:validate:249 - assert status_code equal 200(int)	==> pass
2023-06-25 18:43:10.867 | INFO     | httprunner.runner:__run_step:304 - run step end: 前缀注册企业联系人身份证图片背面上传 <<<<<<

2023-06-25 18:43:10.868 | INFO     | httprunner.runner:__run_step_testcase:286 - export variables: {'imgId_b': 2817}
2023-06-25 18:43:10.868 | INFO     | httprunner.runner:__run_step:304 - run step end: 前缀注册企业联系人身份证图片背面上传 <<<<<<

2023-06-25 18:43:10.868 | INFO     | httprunner.runner:__run_step:292 - run step begin: 企业注册第一步提交信息 >>>>>>
2023-06-25 18:43:10.868 | INFO     | httprunner.runner:__run_step:292 - run step begin: 企业注册第一步提交信息 >>>>>>
2023-06-25 18:43:11.039 | DEBUG    | httprunner.client:request:186 - client IP: 127.0.0.1, Port: 56352
2023-06-25 18:43:11.040 | DEBUG    | httprunner.client:request:194 - server IP: 127.0.0.1, Port: 8888
2023-06-25 18:43:11.041 | DEBUG    | httprunner.client:log_print:40 - 
================== request details ==================
method   : POST
url      : http://139.198.116.76:8000/api/v3/entApply/basicInfo/submit
headers  : {
    "User-Agent": "Mozilla/5.0 (Macintosh; Intel Mac OS X 10_15_7) AppleWebKit/537.36 (KHTML, like Gecko) Chrome/105.0.0.0 Safari/537.36",
    "Accept-Encoding": "gzip, deflate",
    "Accept": "application/json, text/plain, */*",
    "Connection": "keep-alive",
    "Accept-Language": "zh-CN,zh;q=0.9",
    "Content-Type": "application/json;charset=UTF-8",
    "HRUN-Request-ID": "HRUN-c35916df-e217-4dfc-a3ef-60ef1defa0e2-790868",
    "Cookie": "SESSION=YjYxYjc4ZmItMjA1OS00ZTAyLWI4NzQtNmNhYTQ5NGY0MTc3; SESSION=response.headers.\"Set-Cookie\".session",
    "Content-Length": "2555"
}
cookies  : {
    "SESSION": "YjYxYjc4ZmItMjA1OS00ZTAyLWI4NzQtNmNhYTQ5NGY0MTc3"
}
body     : {
    "applyStep": 2,
    "applyType": null,
    "area": [
        "110000",
        "110100",
        "110101"
    ],
    "cltrid": null,
    "contactCrtBackImgPath": null,
    "contactCrtBackImgRid": 2817,
    "contactCrtFrontImgPath": null,
    "contactCrtFrontImgRid": 2816,
    "contactCrtNo": "452850198801245458",
    "contactCrtType": 1,
    "contactEmail": "qdoIZuFwYsT4E2Te@qaqseq.com",
    "contactName": "yU4dXtt2tbzagsH8DE260ljXrV9qCh2T",
    "contactPhone": "11588654772",
    "createDate": null,
    "dataHostingContractFilePath": null,
    "dataHostingContractFileRid": null,
    "dataHostingOrg": null,
    "entGeneralId": null,
    "entInfoLicenses": [],
    "entInfoSerIndustrys": [],
    "entPrefix": "88.408.5480976606",
    "escrowId": null,
    "escrowOrgName": null,
    "establishDate": null,
    "extDomain": null,
    "extIpAddr": null,
    "extWebName": null,
    "finalAuditMsg": null,
    "finalAuditStatus": null,
    "firstAuditMsg": null,
    "firstAuditStatus": null,
    "id": null,
    "idRegNaImp": null,
    "industry": [
        "A",
        "01"
    ],
    "industryCategory": "A",
    "industrySpecific": "01",
    "isSubmit": 0,
    "legalCrtBackImgContent": null,
    "legalCrtBackImgPath": null,
    "legalCrtBackImgRid": 2817,
    "legalCrtFrontImgContent": null,
    "legalCrtFrontImgPath": null,
    "legalCrtFrontImgRid": 2816,
    "legalCrtNo": "452850198801245458",
    "legalCrtType": "1",
    "legalCrtTypeDesc": "中国居民身份证",
    "legalEmail": null,
    "legalFax": null,
    "legalName": "张三",
    "legalPhone": null,
    "orgAddr": "致真",
    "orgAddrCity": "110100",
    "orgAddrCityDesc": "市辖区",
    "orgAddrCounty": "110101",
    "orgAddrCountyDesc": "东城区",
    "orgAddrProvince": "110000",
    "orgAddrProvinceDesc": "北京市",
    "orgCategorySpecificDesc": "农、林、牧、渔业-农业",
    "orgCrtCode": "yU4dXtt2tbzagsH8DE260ljXrV9qCh2T",
    "orgCrtImgContent": null,
    "orgCrtImgPath": null,
    "orgCrtImgRid": 2815,
    "orgCrtType": "1",
    "orgDesc": null,
    "orgName": "yU4dXtt2tbzagsH8DE260ljXrV9qCh2T",
    "orgNature": "1",
    "orgNatureDesc": "国有控股",
    "periodValidity": null,
    "regAuthority": null,
    "regCapital": null,
    "regRealNaImpName": null,
    "regRealNaImpType": null,
    "servHostingContractFilePath": null,
    "servHostingContractFileRid": null,
    "servHostingOrg": null,
    "servSysBuildContractFilePath": null,
    "servSysBuildContractFileRid": null,
    "servSysBuildName": null,
    "servSysBuildType": 1,
    "servSysOperContractFilePath": null,
    "servSysOperContractFileRid": null,
    "servSysOperName": null,
    "servSysOperType": 1,
    "svtrid": null,
    "thirdServiceMsg": null,
    "thirdServiceStatus": null,
    "updateDate": null,
    "userId": null,
    "userName": null,
    "website": null
}

2023-06-25 18:43:11.042 | DEBUG    | httprunner.client:log_print:40 - 
================== response details ==================
status_code : 200
headers  : {
    "Server": "nginx",
    "Date": "Sun, 25 Jun 2023 10:43:11 GMT",
    "Content-Type": "application/json;charset=UTF-8",
    "Transfer-Encoding": "chunked",
    "X-Frame-Options": "SAMEORIGIN",
    "Connection": "keep-alive"
}
cookies  : {}
encoding : UTF-8
content_type : application/json;charset=UTF-8
body     : {
    "message": "success",
    "status": 1,
    "data": true
}

2023-06-25 18:43:11.042 | INFO     | httprunner.client:request:217 - status_code: 200, response_time(ms): 170.82 ms, response_length: 0 bytes
2023-06-25 18:43:11.043 | INFO     | httprunner.response:validate:249 - assert status_code equal 200(int)	==> pass
2023-06-25 18:43:11.043 | INFO     | httprunner.response:validate:249 - assert body.message equal success(str)	==> pass
2023-06-25 18:43:11.043 | INFO     | httprunner.runner:__run_step:304 - run step end: 企业注册第一步提交信息 <<<<<<

2023-06-25 18:43:11.044 | INFO     | httprunner.runner:__run_step:304 - run step end: 企业注册第一步提交信息 <<<<<<

2023-06-25 18:43:11.044 | INFO     | httprunner.runner:__run_step:292 - run step begin: 企业注册查询注册信息 >>>>>>
2023-06-25 18:43:11.044 | INFO     | httprunner.runner:__run_step:292 - run step begin: 企业注册查询注册信息 >>>>>>
2023-06-25 18:43:11.136 | DEBUG    | httprunner.client:request:186 - client IP: 127.0.0.1, Port: 56352
2023-06-25 18:43:11.136 | DEBUG    | httprunner.client:request:194 - server IP: 127.0.0.1, Port: 8888
2023-06-25 18:43:11.137 | DEBUG    | httprunner.client:log_print:40 - 
================== request details ==================
method   : GET
url      : http://139.198.116.76:8000/api/v3/entApply/applyOrNot
headers  : {
    "User-Agent": "Mozilla/5.0 (Macintosh; Intel Mac OS X 10_15_7) AppleWebKit/537.36 (KHTML, like Gecko) Chrome/105.0.0.0 Safari/537.36",
    "Accept-Encoding": "gzip, deflate",
    "Accept": "application/json, text/plain, */*",
    "Connection": "keep-alive",
    "Accept-Language": "zh-CN,zh;q=0.9",
    "HRUN-Request-ID": "HRUN-c35916df-e217-4dfc-a3ef-60ef1defa0e2-791044",
    "Cookie": "SESSION=YjYxYjc4ZmItMjA1OS00ZTAyLWI4NzQtNmNhYTQ5NGY0MTc3; SESSION=response.headers.\"Set-Cookie\".session"
}
cookies  : {
    "SESSION": "YjYxYjc4ZmItMjA1OS00ZTAyLWI4NzQtNmNhYTQ5NGY0MTc3"
}
body     : None

2023-06-25 18:43:11.139 | DEBUG    | httprunner.client:log_print:40 - 
================== response details ==================
status_code : 200
headers  : {
    "Server": "nginx",
    "Date": "Sun, 25 Jun 2023 10:43:11 GMT",
    "Content-Type": "application/json;charset=UTF-8",
    "Transfer-Encoding": "chunked",
    "X-Frame-Options": "SAMEORIGIN",
    "Connection": "keep-alive"
}
cookies  : {}
encoding : UTF-8
content_type : application/json;charset=UTF-8
body     : {
    "message": "success",
    "status": 1,
    "data": {
        "nbmsEntApplyPO": {
            "id": 1413,
            "createDate": "2023-06-25 18:43:11",
            "updateDate": "2023-06-25 18:43:11",
            "applyType": null,
            "entGeneralId": null,
            "applyStep": 2,
            "isSubmit": 0,
            "entPrefix": "88.408.5480976606",
            "firstAuditStatus": null,
            "firstAuditMsg": null,
            "thirdServiceStatus": null,
            "thirdServiceMsg": null,
            "userName": "yU4dXtt2tbzagsH8DE260ljXrV9qCh2T",
            "finalAuditStatus": null,
            "finalAuditMsg": null,
            "svtrid": null,
            "cltrid": null,
            "userId": 1648,
            "orgName": "yU4dXtt2tbzagsH8DE260ljXrV9qCh2T",
            "orgNature": "1",
            "orgAddrProvince": "110000",
            "orgAddrCity": "110100",
            "orgAddrCounty": "110101",
            "orgAddr": "致真",
            "orgCrtType": "1",
            "orgCrtCode": "yU4dXtt2tbzagsH8DE260ljXrV9qCh2T",
            "legalName": "张三",
            "legalCrtType": "1",
            "legalCrtNo": "452850198801245458",
            "orgDesc": null,
            "industryCategory": "A",
            "industrySpecific": "01",
            "contactName": "yU4dXtt2tbzagsH8DE260ljXrV9qCh2T",
            "contactPhone": "11588654772",
            "contactCrtType": 1,
            "contactCrtNo": "452850198801245458",
            "contactEmail": "qdoIZuFwYsT4E2Te@qaqseq.com",
            "website": null,
            "regAuthority": null,
            "regCapital": null,
            "establishDate": null,
            "periodValidity": null,
            "legalEmail": null,
            "legalPhone": null,
            "legalFax": null,
            "servSysBuildType": null,
            "servSysBuildName": null,
            "servSysOperType": null,
            "servSysOperName": null,
            "dataHostingOrg": null,
            "servHostingOrg": null,
            "regRealNaImpType": null,
            "regRealNaImpName": null,
            "idRegNaImp": null,
            "extWebName": null,
            "extDomain": null,
            "extIpAddr": null,
            "orgCrtImgRid": 2815,
            "contactCrtFrontImgRid": 2816,
            "contactCrtBackImgRid": 2817,
            "legalCrtFrontImgRid": 2816,
            "legalCrtBackImgRid": 2817,
            "servSysBuildContractFileRid": null,
            "servSysOperContractFileRid": null,
            "dataHostingContractFileRid": null,
            "servHostingContractFileRid": null,
            "entInfoLicenses": [],
            "entInfoSyss": [],
            "entInfoSerIndustrys": [],
            "escrowId": null,
            "industryQualificationRid": null,
            "certificationRid": null,
            "openingBank": null,
            "bankCard": null,
            "verificationName": null,
            "orgNatureDesc": "国有控股",
            "orgCrtImgContent": null,
            "orgCategorySpecificDesc": "农、林、牧、渔业-农业",
            "orgAddrProvinceDesc": "北京市",
            "orgAddrCountyDesc": "东城区",
            "orgAddrCityDesc": "市辖区",
            "legalCrtTypeDesc": "中国居民身份证",
            "legalCrtFrontImgContent": null,
            "legalCrtBackImgContent": null,
            "orgCrtImgPath": "9e61fe44-db49-4b31-828d-4476a639e05b.jpeg",
            "contactCrtFrontImgPath": "3e539023-df50-44d2-88a7-37628aaefdb3.jpeg",
            "contactCrtBackImgPath": "235c4ec8-252a-4afe-a3b0-10234b1427ea.jpeg",
            "legalCrtFrontImgPath": "3e539023-df50-44d2-88a7-37628aaefdb3.jpeg",
            "legalCrtBackImgPath": "235c4ec8-252a-4afe-a3b0-10234b1427ea.jpeg",
            "servSysBuildContractFilePath": null,
            "servSysOperContractFilePath": null,
            "dataHostingContractFilePath": null,
            "servHostingContractFilePath": null,
            "industryQualificationFilePath": null,
            "certificationFilePath": null,
            "escrowOrgName": null
        },
        "nbmsEntPO": null,
        "nbmsEntPrefixApplyPO": null,
        "needRelog": null,
        "applyStatus": 0
    }
}

2023-06-25 18:43:11.139 | INFO     | httprunner.client:request:217 - status_code: 200, response_time(ms): 91.38 ms, response_length: 0 bytes
2023-06-25 18:43:11.143 | INFO     | httprunner.response:extract:179 - extract mapping: {'applyId': 1413, 'userId': 1648, 'userName': 'yU4dXtt2tbzagsH8DE260ljXrV9qCh2T', 'imgId_f': 2816, 'imgId_b': 2817, 'entId': None, 'entUserId': None, 'prefix': '88.408.5480976606', 'contactCrtNo': '452850198801245458', 'contactCrtType': 1, 'contactEmail': 'qdoIZuFwYsT4E2Te@qaqseq.com', 'contactName': 'yU4dXtt2tbzagsH8DE260ljXrV9qCh2T', 'contactPhone': '11588654772', 'industryCategory': 'A', 'industrySpecific': '01', 'orgName': 'yU4dXtt2tbzagsH8DE260ljXrV9qCh2T', 'orgNature': '1', 'orgAddrProvince': '110000', 'orgAddrCity': '110100', 'orgAddrCounty': '110101', 'orgAddr': '致真', 'orgCrtType': '1', 'orgCrtCode': 'yU4dXtt2tbzagsH8DE260ljXrV9qCh2T', 'legalName': '张三', 'legalEmail': None, 'legalPhone': None, 'legalCrtType': '1', 'legalCrtNo': '452850198801245458', 'legalCrtFrontImgRid': 2816, 'legalCrtBackImgRid': 2817, 'orgCrtImgRid': 2815, 'imgId': 2815, 'orgNatureDesc': '国有控股', 'orgCategorySpecificDesc': '农、林、牧、渔业-农业', 'orgAddrProvinceDesc': '北京市', 'orgAddrCountyDesc': '东城区', 'orgAddrCityDesc': '市辖区', 'legalCrtTypeDesc': '中国居民身份证', 'createDate': '2023-06-25 18:43:11', 'updateDate': '2023-06-25 18:43:11', 'entInfoSyss_0_id': None, 'entInfoSyss_0_entApplyId': None, 'entApplyId': None, 'entInfoSyss_0_sysType': None, 'entInfoSyss_0_deployMode': None, 'entInfoSyss_0_deployAddr': None, 'entInfoSyss_0_deployAddrProvince': None, 'entInfoSyss_0_deployAddrCity': None, 'entInfoSyss_0_deployAddrCounty': None, 'entInfoSyss_1_id': None, 'entInfoSyss_1_entApplyId': None, 'entInfoSyss_1_sysType': None, 'entInfoSyss_1_deployMode': None, 'entInfoSyss_1_deployAddr': None, 'entInfoSyss_1_deployAddrProvince': None, 'entInfoSyss_1_deployAddrCity': None, 'entInfoSyss_1_deployAddrCounty': None, 'entInfoSyss_2_id': None, 'entInfoSyss_2_entApplyId': None, 'entInfoSyss_2_sysType': None, 'entInfoSyss_2_deployMode': None, 'entInfoSyss_2_deployAddr': None, 'entInfoSyss_2_deployAddrProvince': None, 'entInfoSyss_2_deployAddrCity': None, 'entInfoSyss_2_deployAddrCounty': None, 'entInfoSyss_3_id': None, 'entInfoSyss_3_entApplyId': None, 'entInfoSyss_3_sysType': None, 'entInfoSyss_3_deployMode': None, 'entInfoSyss_3_deployAddr': None, 'entInfoSyss_3_deployAddrProvince': None, 'entInfoSyss_3_deployAddrCity': None, 'entInfoSyss_3_deployAddrCounty': None}
2023-06-25 18:43:11.143 | INFO     | httprunner.response:validate:249 - assert status_code equal 200(int)	==> pass
2023-06-25 18:43:11.143 | INFO     | httprunner.response:validate:249 - assert body.message equal success(str)	==> pass
2023-06-25 18:43:11.143 | INFO     | httprunner.runner:__run_step:304 - run step end: 企业注册查询注册信息 <<<<<<

2023-06-25 18:43:11.143 | INFO     | httprunner.runner:__run_step_testcase:286 - export variables: {'contactName': 'yU4dXtt2tbzagsH8DE260ljXrV9qCh2T', 'entInfoSyss_3_deployAddrCity': None, 'entInfoSyss_1_id': None, 'entInfoSyss_1_entApplyId': None, 'orgAddrCityDesc': '市辖区', 'updateDate': '2023-06-25 18:43:11', 'entInfoSyss_2_deployAddrCity': None, 'entInfoSyss_3_deployAddr': None, 'orgCrtType': '1', 'contactCrtNo': '452850198801245458', 'entInfoSyss_3_deployAddrCounty': None, 'applyId': 1413, 'entInfoSyss_2_deployMode': None, 'orgAddrProvince': '110000', 'orgAddrCountyDesc': '东城区', 'entInfoSyss_3_id': None, 'legalPhone': None, 'orgNature': '1', 'entInfoSyss_0_sysType': None, 'legalCrtTypeDesc': '中国居民身份证', 'entInfoSyss_1_sysType': None, 'entInfoSyss_3_entApplyId': None, 'entInfoSyss_0_deployAddr': None, 'entInfoSyss_0_deployAddrCity': None, 'industryCategory': 'A', 'entUserId': None, 'entInfoSyss_3_deployMode': None, 'entInfoSyss_2_deployAddrProvince': None, 'legalCrtType': '1', 'orgAddrProvinceDesc': '北京市', 'entInfoSyss_1_deployMode': None, 'legalCrtBackImgRid': 2817, 'userId': 1648, 'orgAddrCity': '110100', 'entInfoSyss_0_deployAddrCounty': None, 'entInfoSyss_0_deployAddrProvince': None, 'contactPhone': '11588654772', 'entInfoSyss_3_deployAddrProvince': None, 'imgId_b': 2817, 'entInfoSyss_0_id': None, 'contactEmail': 'qdoIZuFwYsT4E2Te@qaqseq.com', 'legalCrtNo': '452850198801245458', 'entInfoSyss_0_entApplyId': None, 'legalName': '张三', 'entInfoSyss_3_sysType': None, 'entInfoSyss_1_deployAddr': None, 'orgNatureDesc': '国有控股', 'legalEmail': None, 'entInfoSyss_2_id': None, 'entId': None, 'createDate': '2023-06-25 18:43:11', 'entInfoSyss_1_deployAddrCounty': None, 'entInfoSyss_2_deployAddr': None, 'entInfoSyss_2_deployAddrCounty': None, 'orgCategorySpecificDesc': '农、林、牧、渔业-农业', 'entInfoSyss_1_deployAddrCity': None, 'prefix': '88.408.5480976606', 'orgName': 'yU4dXtt2tbzagsH8DE260ljXrV9qCh2T', 'imgId': 2815, 'imgId_f': 2816, 'userName': 'yU4dXtt2tbzagsH8DE260ljXrV9qCh2T', 'entApplyId': None, 'contactCrtType': 1, 'industrySpecific': '01', 'orgCrtCode': 'yU4dXtt2tbzagsH8DE260ljXrV9qCh2T', 'orgCrtImgRid': 2815, 'entInfoSyss_2_entApplyId': None, 'entInfoSyss_1_deployAddrProvince': None, 'orgAddrCounty': '110101', 'legalCrtFrontImgRid': 2816, 'orgAddr': '致真', 'entInfoSyss_0_deployMode': None, 'entInfoSyss_2_sysType': None}
2023-06-25 18:43:11.143 | INFO     | httprunner.runner:__run_step:304 - run step end: 企业注册查询注册信息 <<<<<<

2023-06-25 18:43:11.143 | INFO     | httprunner.runner:__run_step:292 - run step begin: 企业注册第二步提交信息 >>>>>>
2023-06-25 18:43:11.144 | INFO     | httprunner.runner:__run_step:292 - run step begin: 企业注册第二步提交信息 >>>>>>
2023-06-25 18:43:11.325 | DEBUG    | httprunner.client:request:186 - client IP: 127.0.0.1, Port: 56352
2023-06-25 18:43:11.326 | DEBUG    | httprunner.client:request:194 - server IP: 127.0.0.1, Port: 8888
2023-06-25 18:43:11.327 | DEBUG    | httprunner.client:log_print:40 - 
================== request details ==================
method   : POST
url      : http://139.198.116.76:8000/api/v3/entApply/registerManageInfo
headers  : {
    "User-Agent": "Mozilla/5.0 (Macintosh; Intel Mac OS X 10_15_7) AppleWebKit/537.36 (KHTML, like Gecko) Chrome/105.0.0.0 Safari/537.36",
    "Accept-Encoding": "gzip, deflate",
    "Accept": "application/json, text/plain, */*",
    "Connection": "keep-alive",
    "Accept-Language": "zh-CN,zh;q=0.9",
    "Content-Type": "application/json;charset=UTF-8",
    "X-HTTP-Method-Override": "put",
    "HRUN-Request-ID": "HRUN-c35916df-e217-4dfc-a3ef-60ef1defa0e2-791144",
    "Cookie": "SESSION=YjYxYjc4ZmItMjA1OS00ZTAyLWI4NzQtNmNhYTQ5NGY0MTc3; SESSION=response.headers.\"Set-Cookie\".session",
    "Content-Length": "3280"
}
cookies  : {
    "SESSION": "YjYxYjc4ZmItMjA1OS00ZTAyLWI4NzQtNmNhYTQ5NGY0MTc3"
}
body     : {
    "applyStep": 3,
    "applyType": null,
    "cltrid": null,
    "contactCrtBackImgPath": null,
    "contactCrtBackImgRid": 2817,
    "contactCrtFrontImgPath": null,
    "contactCrtFrontImgRid": 2816,
    "contactCrtNo": "452850198801245458",
    "contactCrtType": 1,
    "contactEmail": "qdoIZuFwYsT4E2Te@qaqseq.com",
    "contactName": "yU4dXtt2tbzagsH8DE260ljXrV9qCh2T",
    "contactPhone": "11588654772",
    "createDate": "2023-06-25 18:43:11",
    "dataHostingContractFilePath": null,
    "dataHostingContractFileRid": null,
    "dataHostingOrg": null,
    "entGeneralId": null,
    "entInfoLicenses": [],
    "entInfoSerIndustrys": [],
    "entInfoSyss": [
        {
            "deployAddr": "致真",
            "deployAddrCity": "110100",
            "deployAddrCounty": "110101",
            "deployAddrProvince": "110000",
            "deployMode": 1,
            "ipPort": null,
            "name": null,
            "sysType": 1
        },
        {
            "deployAddr": "致真",
            "deployAddrCity": "110100",
            "deployAddrCounty": "110101",
            "deployAddrProvince": "110000",
            "deployMode": 1,
            "ipPort": null,
            "name": null,
            "sysType": 2
        },
        {
            "deployAddr": "天津",
            "deployAddrCity": "120100",
            "deployAddrCounty": "120101",
            "deployAddrProvince": "120000",
            "deployMode": 1,
            "ipPort": null,
            "name": null,
            "sysType": 3
        },
        {
            "deployAddr": "天津",
            "deployAddrCity": "120100",
            "deployAddrCounty": "120101",
            "deployAddrProvince": "120000",
            "deployMode": 1,
            "ipPort": null,
            "name": null,
            "sysType": 4
        }
    ],
    "entPrefix": "88.408.5480976606",
    "escrowId": null,
    "escrowOrgName": null,
    "establishDate": null,
    "extDomain": null,
    "extIpAddr": null,
    "extWebName": null,
    "finalAuditMsg": null,
    "finalAuditStatus": null,
    "firstAuditMsg": null,
    "firstAuditStatus": null,
    "id": 1413,
    "idRegNaImp": null,
    "industryCategory": "A",
    "industrySpecific": "01",
    "isSubmit": 0,
    "legalCrtBackImgContent": null,
    "legalCrtBackImgPath": null,
    "legalCrtBackImgRid": 2817,
    "legalCrtFrontImgContent": null,
    "legalCrtFrontImgPath": null,
    "legalCrtFrontImgRid": 2816,
    "legalCrtNo": "452850198801245458",
    "legalCrtType": "1",
    "legalCrtTypeDesc": "中国居民身份证",
    "legalEmail": null,
    "legalFax": null,
    "legalName": "张三",
    "legalPhone": null,
    "orgAddr": "致真",
    "orgAddrCity": "110100",
    "orgAddrCityDesc": "市辖区",
    "orgAddrCounty": "110101",
    "orgAddrCountyDesc": "东城区",
    "orgAddrProvince": "110000",
    "orgAddrProvinceDesc": "北京市",
    "orgCategorySpecificDesc": "农、林、牧、渔业-农业",
    "orgCrtCode": "yU4dXtt2tbzagsH8DE260ljXrV9qCh2T",
    "orgCrtImgContent": null,
    "orgCrtImgPath": null,
    "orgCrtImgRid": 2815,
    "orgCrtType": "1",
    "orgDesc": null,
    "orgName": "yU4dXtt2tbzagsH8DE260ljXrV9qCh2T",
    "orgNature": "1",
    "orgNatureDesc": "1",
    "periodValidity": null,
    "regAuthority": null,
    "regCapital": null,
    "regRealNaImpName": null,
    "regRealNaImpType": null,
    "servHostingContractFilePath": null,
    "servHostingContractFileRid": null,
    "servHostingOrg": null,
    "servSysBuildContractFilePath": null,
    "servSysBuildContractFileRid": null,
    "servSysBuildName": null,
    "servSysBuildType": 1,
    "servSysOperContractFilePath": null,
    "servSysOperContractFileRid": null,
    "servSysOperName": null,
    "servSysOperType": 1,
    "svtrid": null,
    "thirdServiceMsg": null,
    "thirdServiceStatus": null,
    "updateDate": "2023-06-25 18:43:11",
    "userId": 1648,
    "userName": "yU4dXtt2tbzagsH8DE260ljXrV9qCh2T",
    "website": null
}

2023-06-25 18:43:11.328 | DEBUG    | httprunner.client:log_print:40 - 
================== response details ==================
status_code : 200
headers  : {
    "Server": "nginx",
    "Date": "Sun, 25 Jun 2023 10:43:11 GMT",
    "Content-Type": "application/json;charset=UTF-8",
    "Transfer-Encoding": "chunked",
    "X-Frame-Options": "SAMEORIGIN",
    "Connection": "keep-alive"
}
cookies  : {}
encoding : UTF-8
content_type : application/json;charset=UTF-8
body     : {
    "message": "success",
    "status": 1,
    "data": true
}

2023-06-25 18:43:11.328 | INFO     | httprunner.client:request:217 - status_code: 200, response_time(ms): 180.7 ms, response_length: 0 bytes
2023-06-25 18:43:11.328 | INFO     | httprunner.response:validate:249 - assert status_code equal 200(int)	==> pass
2023-06-25 18:43:11.329 | INFO     | httprunner.response:validate:249 - assert body.message equal success(str)	==> pass
2023-06-25 18:43:11.329 | INFO     | httprunner.runner:__run_step:304 - run step end: 企业注册第二步提交信息 <<<<<<

2023-06-25 18:43:11.329 | INFO     | httprunner.runner:__run_step:304 - run step end: 企业注册第二步提交信息 <<<<<<

2023-06-25 18:43:11.329 | INFO     | httprunner.runner:__run_step:292 - run step begin: 企业注册查询注册信息 >>>>>>
2023-06-25 18:43:11.330 | INFO     | httprunner.runner:__run_step:292 - run step begin: 企业注册查询注册信息 >>>>>>
2023-06-25 18:43:11.411 | DEBUG    | httprunner.client:request:186 - client IP: 127.0.0.1, Port: 56352
2023-06-25 18:43:11.411 | DEBUG    | httprunner.client:request:194 - server IP: 127.0.0.1, Port: 8888
2023-06-25 18:43:11.412 | DEBUG    | httprunner.client:log_print:40 - 
================== request details ==================
method   : GET
url      : http://139.198.116.76:8000/api/v3/entApply/applyOrNot
headers  : {
    "User-Agent": "Mozilla/5.0 (Macintosh; Intel Mac OS X 10_15_7) AppleWebKit/537.36 (KHTML, like Gecko) Chrome/105.0.0.0 Safari/537.36",
    "Accept-Encoding": "gzip, deflate",
    "Accept": "application/json, text/plain, */*",
    "Connection": "keep-alive",
    "Accept-Language": "zh-CN,zh;q=0.9",
    "HRUN-Request-ID": "HRUN-c35916df-e217-4dfc-a3ef-60ef1defa0e2-791330",
    "Cookie": "SESSION=YjYxYjc4ZmItMjA1OS00ZTAyLWI4NzQtNmNhYTQ5NGY0MTc3; SESSION=response.headers.\"Set-Cookie\".session"
}
cookies  : {
    "SESSION": "YjYxYjc4ZmItMjA1OS00ZTAyLWI4NzQtNmNhYTQ5NGY0MTc3"
}
body     : None

2023-06-25 18:43:11.414 | DEBUG    | httprunner.client:log_print:40 - 
================== response details ==================
status_code : 200
headers  : {
    "Server": "nginx",
    "Date": "Sun, 25 Jun 2023 10:43:11 GMT",
    "Content-Type": "application/json;charset=UTF-8",
    "Transfer-Encoding": "chunked",
    "X-Frame-Options": "SAMEORIGIN",
    "Connection": "keep-alive"
}
cookies  : {}
encoding : UTF-8
content_type : application/json;charset=UTF-8
body     : {
    "message": "success",
    "status": 1,
    "data": {
        "nbmsEntApplyPO": {
            "id": 1413,
            "createDate": "2023-06-25 18:43:11",
            "updateDate": "2023-06-25 18:43:11",
            "applyType": null,
            "entGeneralId": null,
            "applyStep": 3,
            "isSubmit": 0,
            "entPrefix": "88.408.5480976606",
            "firstAuditStatus": null,
            "firstAuditMsg": null,
            "thirdServiceStatus": null,
            "thirdServiceMsg": null,
            "userName": "yU4dXtt2tbzagsH8DE260ljXrV9qCh2T",
            "finalAuditStatus": null,
            "finalAuditMsg": null,
            "svtrid": null,
            "cltrid": null,
            "userId": 1648,
            "orgName": "yU4dXtt2tbzagsH8DE260ljXrV9qCh2T",
            "orgNature": "1",
            "orgAddrProvince": "110000",
            "orgAddrCity": "110100",
            "orgAddrCounty": "110101",
            "orgAddr": "致真",
            "orgCrtType": "1",
            "orgCrtCode": "yU4dXtt2tbzagsH8DE260ljXrV9qCh2T",
            "legalName": "张三",
            "legalCrtType": "1",
            "legalCrtNo": "452850198801245458",
            "orgDesc": null,
            "industryCategory": "A",
            "industrySpecific": "01",
            "contactName": "yU4dXtt2tbzagsH8DE260ljXrV9qCh2T",
            "contactPhone": "11588654772",
            "contactCrtType": 1,
            "contactCrtNo": "452850198801245458",
            "contactEmail": "qdoIZuFwYsT4E2Te@qaqseq.com",
            "website": null,
            "regAuthority": null,
            "regCapital": null,
            "establishDate": null,
            "periodValidity": null,
            "legalEmail": null,
            "legalPhone": null,
            "legalFax": null,
            "servSysBuildType": 1,
            "servSysBuildName": null,
            "servSysOperType": 1,
            "servSysOperName": null,
            "dataHostingOrg": null,
            "servHostingOrg": null,
            "regRealNaImpType": null,
            "regRealNaImpName": null,
            "idRegNaImp": null,
            "extWebName": null,
            "extDomain": null,
            "extIpAddr": null,
            "orgCrtImgRid": 2815,
            "contactCrtFrontImgRid": 2816,
            "contactCrtBackImgRid": 2817,
            "legalCrtFrontImgRid": 2816,
            "legalCrtBackImgRid": 2817,
            "servSysBuildContractFileRid": null,
            "servSysOperContractFileRid": null,
            "dataHostingContractFileRid": null,
            "servHostingContractFileRid": null,
            "entInfoLicenses": [],
            "entInfoSyss": [
                {
                    "id": 3512,
                    "entApplyId": 1413,
                    "sysType": 1,
                    "deployMode": 1,
                    "deployAddr": "致真",
                    "deployAddrProvince": "110000",
                    "deployAddrCity": "110100",
                    "deployAddrCounty": "110101",
                    "name": null,
                    "ipPort": null
                },
                {
                    "id": 3513,
                    "entApplyId": 1413,
                    "sysType": 2,
                    "deployMode": 1,
                    "deployAddr": "致真",
                    "deployAddrProvince": "110000",
                    "deployAddrCity": "110100",
                    "deployAddrCounty": "110101",
                    "name": null,
                    "ipPort": null
                },
                {
                    "id": 3514,
                    "entApplyId": 1413,
                    "sysType": 3,
                    "deployMode": 1,
                    "deployAddr": "天津",
                    "deployAddrProvince": "120000",
                    "deployAddrCity": "120100",
                    "deployAddrCounty": "120101",
                    "name": null,
                    "ipPort": null
                },
                {
                    "id": 3515,
                    "entApplyId": 1413,
                    "sysType": 4,
                    "deployMode": 1,
                    "deployAddr": "天津",
                    "deployAddrProvince": "120000",
                    "deployAddrCity": "120100",
                    "deployAddrCounty": "120101",
                    "name": null,
                    "ipPort": null
                }
            ],
            "entInfoSerIndustrys": [],
            "escrowId": null,
            "industryQualificationRid": null,
            "certificationRid": null,
            "openingBank": null,
            "bankCard": null,
            "verificationName": null,
            "orgNatureDesc": "国有控股",
            "orgCrtImgContent": null,
            "orgCategorySpecificDesc": "农、林、牧、渔业-农业",
            "orgAddrProvinceDesc": "北京市",
            "orgAddrCountyDesc": "东城区",
            "orgAddrCityDesc": "市辖区",
            "legalCrtTypeDesc": "中国居民身份证",
            "legalCrtFrontImgContent": null,
            "legalCrtBackImgContent": null,
            "orgCrtImgPath": "9e61fe44-db49-4b31-828d-4476a639e05b.jpeg",
            "contactCrtFrontImgPath": "3e539023-df50-44d2-88a7-37628aaefdb3.jpeg",
            "contactCrtBackImgPath": "235c4ec8-252a-4afe-a3b0-10234b1427ea.jpeg",
            "legalCrtFrontImgPath": "3e539023-df50-44d2-88a7-37628aaefdb3.jpeg",
            "legalCrtBackImgPath": "235c4ec8-252a-4afe-a3b0-10234b1427ea.jpeg",
            "servSysBuildContractFilePath": null,
            "servSysOperContractFilePath": null,
            "dataHostingContractFilePath": null,
            "servHostingContractFilePath": null,
            "industryQualificationFilePath": null,
            "certificationFilePath": null,
            "escrowOrgName": null
        },
        "nbmsEntPO": null,
        "nbmsEntPrefixApplyPO": null,
        "needRelog": null,
        "applyStatus": 0
    }
}

2023-06-25 18:43:11.415 | INFO     | httprunner.client:request:217 - status_code: 200, response_time(ms): 81.17 ms, response_length: 0 bytes
2023-06-25 18:43:11.416 | INFO     | httprunner.response:extract:179 - extract mapping: {'applyId': 1413, 'userId': 1648, 'userName': 'yU4dXtt2tbzagsH8DE260ljXrV9qCh2T', 'imgId_f': 2816, 'imgId_b': 2817, 'entId': None, 'entUserId': None, 'prefix': '88.408.5480976606', 'contactCrtNo': '452850198801245458', 'contactCrtType': 1, 'contactEmail': 'qdoIZuFwYsT4E2Te@qaqseq.com', 'contactName': 'yU4dXtt2tbzagsH8DE260ljXrV9qCh2T', 'contactPhone': '11588654772', 'industryCategory': 'A', 'industrySpecific': '01', 'orgName': 'yU4dXtt2tbzagsH8DE260ljXrV9qCh2T', 'orgNature': '1', 'orgAddrProvince': '110000', 'orgAddrCity': '110100', 'orgAddrCounty': '110101', 'orgAddr': '致真', 'orgCrtType': '1', 'orgCrtCode': 'yU4dXtt2tbzagsH8DE260ljXrV9qCh2T', 'legalName': '张三', 'legalEmail': None, 'legalPhone': None, 'legalCrtType': '1', 'legalCrtNo': '452850198801245458', 'legalCrtFrontImgRid': 2816, 'legalCrtBackImgRid': 2817, 'orgCrtImgRid': 2815, 'imgId': 2815, 'orgNatureDesc': '国有控股', 'orgCategorySpecificDesc': '农、林、牧、渔业-农业', 'orgAddrProvinceDesc': '北京市', 'orgAddrCountyDesc': '东城区', 'orgAddrCityDesc': '市辖区', 'legalCrtTypeDesc': '中国居民身份证', 'createDate': '2023-06-25 18:43:11', 'updateDate': '2023-06-25 18:43:11', 'entInfoSyss_0_id': 3512, 'entInfoSyss_0_entApplyId': 1413, 'entApplyId': 1413, 'entInfoSyss_0_sysType': 1, 'entInfoSyss_0_deployMode': 1, 'entInfoSyss_0_deployAddr': '致真', 'entInfoSyss_0_deployAddrProvince': '110000', 'entInfoSyss_0_deployAddrCity': '110100', 'entInfoSyss_0_deployAddrCounty': '110101', 'entInfoSyss_1_id': 3513, 'entInfoSyss_1_entApplyId': 1413, 'entInfoSyss_1_sysType': 2, 'entInfoSyss_1_deployMode': 1, 'entInfoSyss_1_deployAddr': '致真', 'entInfoSyss_1_deployAddrProvince': '110000', 'entInfoSyss_1_deployAddrCity': '110100', 'entInfoSyss_1_deployAddrCounty': '110101', 'entInfoSyss_2_id': 3514, 'entInfoSyss_2_entApplyId': 1413, 'entInfoSyss_2_sysType': 3, 'entInfoSyss_2_deployMode': 1, 'entInfoSyss_2_deployAddr': '天津', 'entInfoSyss_2_deployAddrProvince': '120000', 'entInfoSyss_2_deployAddrCity': '120100', 'entInfoSyss_2_deployAddrCounty': '120101', 'entInfoSyss_3_id': 3515, 'entInfoSyss_3_entApplyId': 1413, 'entInfoSyss_3_sysType': 4, 'entInfoSyss_3_deployMode': 1, 'entInfoSyss_3_deployAddr': '天津', 'entInfoSyss_3_deployAddrProvince': '120000', 'entInfoSyss_3_deployAddrCity': '120100', 'entInfoSyss_3_deployAddrCounty': '120101'}
2023-06-25 18:43:11.417 | INFO     | httprunner.response:validate:249 - assert status_code equal 200(int)	==> pass
2023-06-25 18:43:11.417 | INFO     | httprunner.response:validate:249 - assert body.message equal success(str)	==> pass
2023-06-25 18:43:11.417 | INFO     | httprunner.runner:__run_step:304 - run step end: 企业注册查询注册信息 <<<<<<

2023-06-25 18:43:11.418 | INFO     | httprunner.runner:__run_step_testcase:286 - export variables: {'contactName': 'yU4dXtt2tbzagsH8DE260ljXrV9qCh2T', 'entInfoSyss_3_deployAddrCity': '120100', 'entInfoSyss_1_id': 3513, 'entInfoSyss_1_entApplyId': 1413, 'orgAddrCityDesc': '市辖区', 'updateDate': '2023-06-25 18:43:11', 'entInfoSyss_2_deployAddrCity': '120100', 'entInfoSyss_3_deployAddr': '天津', 'orgCrtType': '1', 'contactCrtNo': '452850198801245458', 'entInfoSyss_3_deployAddrCounty': '120101', 'applyId': 1413, 'entInfoSyss_2_deployMode': 1, 'orgAddrProvince': '110000', 'orgAddrCountyDesc': '东城区', 'entInfoSyss_3_id': 3515, 'legalPhone': None, 'orgNature': '1', 'entInfoSyss_0_sysType': 1, 'legalCrtTypeDesc': '中国居民身份证', 'entInfoSyss_1_sysType': 2, 'entInfoSyss_3_entApplyId': 1413, 'entInfoSyss_0_deployAddr': '致真', 'entInfoSyss_0_deployAddrCity': '110100', 'industryCategory': 'A', 'entUserId': None, 'entInfoSyss_3_deployMode': 1, 'entInfoSyss_2_deployAddrProvince': '120000', 'legalCrtType': '1', 'orgAddrProvinceDesc': '北京市', 'entInfoSyss_1_deployMode': 1, 'legalCrtBackImgRid': 2817, 'userId': 1648, 'orgAddrCity': '110100', 'entInfoSyss_0_deployAddrCounty': '110101', 'entInfoSyss_0_deployAddrProvince': '110000', 'contactPhone': '11588654772', 'entInfoSyss_3_deployAddrProvince': '120000', 'imgId_b': 2817, 'entInfoSyss_0_id': 3512, 'contactEmail': 'qdoIZuFwYsT4E2Te@qaqseq.com', 'legalCrtNo': '452850198801245458', 'entInfoSyss_0_entApplyId': 1413, 'legalName': '张三', 'entInfoSyss_3_sysType': 4, 'entInfoSyss_1_deployAddr': '致真', 'orgNatureDesc': '国有控股', 'legalEmail': None, 'entInfoSyss_2_id': 3514, 'entId': None, 'createDate': '2023-06-25 18:43:11', 'entInfoSyss_1_deployAddrCounty': '110101', 'entInfoSyss_2_deployAddr': '天津', 'entInfoSyss_2_deployAddrCounty': '120101', 'orgCategorySpecificDesc': '农、林、牧、渔业-农业', 'entInfoSyss_1_deployAddrCity': '110100', 'prefix': '88.408.5480976606', 'orgName': 'yU4dXtt2tbzagsH8DE260ljXrV9qCh2T', 'imgId': 2815, 'imgId_f': 2816, 'userName': 'yU4dXtt2tbzagsH8DE260ljXrV9qCh2T', 'entApplyId': 1413, 'contactCrtType': 1, 'industrySpecific': '01', 'orgCrtCode': 'yU4dXtt2tbzagsH8DE260ljXrV9qCh2T', 'orgCrtImgRid': 2815, 'entInfoSyss_2_entApplyId': 1413, 'entInfoSyss_1_deployAddrProvince': '110000', 'orgAddrCounty': '110101', 'legalCrtFrontImgRid': 2816, 'orgAddr': '致真', 'entInfoSyss_0_deployMode': 1, 'entInfoSyss_2_sysType': 3}
2023-06-25 18:43:11.418 | INFO     | httprunner.runner:__run_step:304 - run step end: 企业注册查询注册信息 <<<<<<

2023-06-25 18:43:11.418 | INFO     | httprunner.runner:__run_step:292 - run step begin: 企业注册最终第三步提交信息 >>>>>>
2023-06-25 18:43:11.419 | INFO     | httprunner.runner:__run_step:292 - run step begin: 企业注册最终第三步提交信息 >>>>>>
2023-06-25 18:43:11.579 | DEBUG    | httprunner.client:request:186 - client IP: 127.0.0.1, Port: 56352
2023-06-25 18:43:11.579 | DEBUG    | httprunner.client:request:194 - server IP: 127.0.0.1, Port: 8888
2023-06-25 18:43:11.581 | DEBUG    | httprunner.client:log_print:40 - 
================== request details ==================
method   : POST
url      : http://139.198.116.76:8000/api/v3/entApply/apply
headers  : {
    "User-Agent": "Mozilla/5.0 (Macintosh; Intel Mac OS X 10_15_7) AppleWebKit/537.36 (KHTML, like Gecko) Chrome/105.0.0.0 Safari/537.36",
    "Accept-Encoding": "gzip, deflate",
    "Accept": "application/json, text/plain, */*",
    "Connection": "keep-alive",
    "Accept-Language": "zh-CN,zh;q=0.9",
    "Content-Type": "application/json;charset=UTF-8",
    "HRUN-Request-ID": "HRUN-c35916df-e217-4dfc-a3ef-60ef1defa0e2-791420",
    "Cookie": "SESSION=YjYxYjc4ZmItMjA1OS00ZTAyLWI4NzQtNmNhYTQ5NGY0MTc3; SESSION=response.headers.\"Set-Cookie\".session",
    "Content-Length": "3280"
}
cookies  : {
    "SESSION": "YjYxYjc4ZmItMjA1OS00ZTAyLWI4NzQtNmNhYTQ5NGY0MTc3"
}
body     : {
    "applyStep": 4,
    "applyType": null,
    "cltrid": null,
    "contactCrtBackImgPath": null,
    "contactCrtBackImgRid": 2817,
    "contactCrtFrontImgPath": null,
    "contactCrtFrontImgRid": 2816,
    "contactCrtNo": "452850198801245458",
    "contactCrtType": 1,
    "contactEmail": "qdoIZuFwYsT4E2Te@qaqseq.com",
    "contactName": "yU4dXtt2tbzagsH8DE260ljXrV9qCh2T",
    "contactPhone": "11588654772",
    "createDate": "2023-06-25 18:43:11",
    "dataHostingContractFilePath": null,
    "dataHostingContractFileRid": null,
    "dataHostingOrg": null,
    "entGeneralId": null,
    "entInfoLicenses": [],
    "entInfoSerIndustrys": [],
    "entInfoSyss": [
        {
            "deployAddr": "致真",
            "deployAddrCity": "110100",
            "deployAddrCounty": "110101",
            "deployAddrProvince": "110000",
            "deployMode": 1,
            "ipPort": null,
            "name": null,
            "sysType": 2
        },
        {
            "deployAddr": "致真",
            "deployAddrCity": "110100",
            "deployAddrCounty": "110101",
            "deployAddrProvince": "110000",
            "deployMode": 1,
            "ipPort": null,
            "name": null,
            "sysType": 3
        },
        {
            "deployAddr": "天津",
            "deployAddrCity": "120100",
            "deployAddrCounty": "120101",
            "deployAddrProvince": "120000",
            "deployMode": 1,
            "ipPort": null,
            "name": null,
            "sysType": 4
        },
        {
            "deployAddr": "天津",
            "deployAddrCity": "120100",
            "deployAddrCounty": "120101",
            "deployAddrProvince": "120000",
            "deployMode": 1,
            "ipPort": null,
            "name": null,
            "sysType": 4
        }
    ],
    "entPrefix": "88.408.5480976606",
    "escrowId": null,
    "escrowOrgName": null,
    "establishDate": null,
    "extDomain": null,
    "extIpAddr": null,
    "extWebName": null,
    "finalAuditMsg": null,
    "finalAuditStatus": null,
    "firstAuditMsg": null,
    "firstAuditStatus": null,
    "id": 1413,
    "idRegNaImp": null,
    "industryCategory": "A",
    "industrySpecific": "01",
    "isSubmit": 0,
    "legalCrtBackImgContent": null,
    "legalCrtBackImgPath": null,
    "legalCrtBackImgRid": 2817,
    "legalCrtFrontImgContent": null,
    "legalCrtFrontImgPath": null,
    "legalCrtFrontImgRid": 2816,
    "legalCrtNo": "452850198801245458",
    "legalCrtType": "1",
    "legalCrtTypeDesc": "中国居民身份证",
    "legalEmail": null,
    "legalFax": null,
    "legalName": "张三",
    "legalPhone": null,
    "orgAddr": "致真",
    "orgAddrCity": "110100",
    "orgAddrCityDesc": "市辖区",
    "orgAddrCounty": "110101",
    "orgAddrCountyDesc": "东城区",
    "orgAddrProvince": "110000",
    "orgAddrProvinceDesc": "北京市",
    "orgCategorySpecificDesc": "农、林、牧、渔业-农业",
    "orgCrtCode": "yU4dXtt2tbzagsH8DE260ljXrV9qCh2T",
    "orgCrtImgContent": null,
    "orgCrtImgPath": null,
    "orgCrtImgRid": 2815,
    "orgCrtType": "1",
    "orgDesc": null,
    "orgName": "yU4dXtt2tbzagsH8DE260ljXrV9qCh2T",
    "orgNature": "1",
    "orgNatureDesc": "1",
    "periodValidity": null,
    "regAuthority": null,
    "regCapital": null,
    "regRealNaImpName": null,
    "regRealNaImpType": null,
    "servHostingContractFilePath": null,
    "servHostingContractFileRid": null,
    "servHostingOrg": null,
    "servSysBuildContractFilePath": null,
    "servSysBuildContractFileRid": null,
    "servSysBuildName": null,
    "servSysBuildType": 1,
    "servSysOperContractFilePath": null,
    "servSysOperContractFileRid": null,
    "servSysOperName": null,
    "servSysOperType": 1,
    "svtrid": null,
    "thirdServiceMsg": null,
    "thirdServiceStatus": null,
    "updateDate": "2023-06-25 18:43:11",
    "userId": 1648,
    "userName": "yU4dXtt2tbzagsH8DE260ljXrV9qCh2T",
    "website": null
}

2023-06-25 18:43:11.582 | DEBUG    | httprunner.client:log_print:40 - 
================== response details ==================
status_code : 200
headers  : {
    "Server": "nginx",
    "Date": "Sun, 25 Jun 2023 10:43:11 GMT",
    "Content-Type": "application/json;charset=UTF-8",
    "Transfer-Encoding": "chunked",
    "X-Frame-Options": "SAMEORIGIN",
    "Connection": "keep-alive"
}
cookies  : {}
encoding : UTF-8
content_type : application/json;charset=UTF-8
body     : {
    "message": "success",
    "status": 1,
    "data": true
}

2023-06-25 18:43:11.582 | INFO     | httprunner.client:request:217 - status_code: 200, response_time(ms): 158.28 ms, response_length: 0 bytes
2023-06-25 18:43:11.582 | INFO     | httprunner.response:validate:249 - assert status_code equal 200(int)	==> pass
2023-06-25 18:43:11.582 | INFO     | httprunner.response:validate:249 - assert body.message equal success(str)	==> pass
2023-06-25 18:43:11.582 | INFO     | httprunner.runner:__run_step:304 - run step end: 企业注册最终第三步提交信息 <<<<<<

2023-06-25 18:43:11.583 | INFO     | httprunner.runner:__run_step:304 - run step end: 企业注册最终第三步提交信息 <<<<<<

2023-06-25 18:43:11.583 | INFO     | httprunner.runner:__run_step:292 - run step begin: 登录-管理员 >>>>>>
2023-06-25 18:43:11.583 | INFO     | httprunner.runner:__run_step:292 - run step begin: 登录-企业用户 >>>>>>
2023-06-25 18:43:11.719 | DEBUG    | httprunner.client:request:186 - client IP: 127.0.0.1, Port: 56352
2023-06-25 18:43:11.720 | DEBUG    | httprunner.client:request:194 - server IP: 127.0.0.1, Port: 8888
2023-06-25 18:43:11.721 | DEBUG    | httprunner.client:log_print:40 - 
================== request details ==================
method   : POST
url      : http://139.198.116.76:8000/api/home/test/login
headers  : {
    "User-Agent": "python-requests/2.28.1",
    "Accept-Encoding": "gzip, deflate, br",
    "Accept": "*/*",
    "Connection": "keep-alive",
    "Content-Length": "144",
    "Content-Type": "application/json",
    "HRUN-Request-ID": "HRUN-c35916df-e217-4dfc-a3ef-60ef1defa0e2-791583",
    "Cookie": "SESSION=YjYxYjc4ZmItMjA1OS00ZTAyLWI4NzQtNmNhYTQ5NGY0MTc3"
}
cookies  : {
    "SESSION": "YjYxYjc4ZmItMjA1OS00ZTAyLWI4NzQtNmNhYTQ5NGY0MTc3"
}
body     : {
    "captcha": "0000",
    "captchaSign": "5d39bab12bba81ab59b3931d2ca06ee9603c3803355932be66974f122cab3502",
    "emailCaptcha": "",
    "username": "adminy"
}

2023-06-25 18:43:11.721 | DEBUG    | httprunner.client:log_print:40 - 
================== response details ==================
status_code : 200
headers  : {
    "Server": "nginx",
    "Date": "Sun, 25 Jun 2023 10:43:11 GMT",
    "Content-Type": "application/json;charset=UTF-8",
    "Transfer-Encoding": "chunked",
    "Set-Cookie": "SESSION=ODRlZjdjYmEtYjcwOS00NzAxLThmOGQtNTVlNmVjYmJiNGU2; Path=/; HttpOnly; SameSite=Lax",
    "X-Frame-Options": "SAMEORIGIN",
    "Connection": "keep-alive"
}
cookies  : {
    "SESSION": "ODRlZjdjYmEtYjcwOS00NzAxLThmOGQtNTVlNmVjYmJiNGU2"
}
encoding : UTF-8
content_type : application/json;charset=UTF-8
body     : {
    "message": "success",
    "status": 1,
    "data": true
}

2023-06-25 18:43:11.722 | INFO     | httprunner.client:request:217 - status_code: 200, response_time(ms): 135.7 ms, response_length: 0 bytes
2023-06-25 18:43:11.722 | INFO     | httprunner.response:extract:179 - extract mapping: {'adminSession': 'response.headers."Set-Cookie".session'}
2023-06-25 18:43:11.722 | INFO     | httprunner.response:validate:249 - assert status_code equal 200(int)	==> pass
2023-06-25 18:43:11.723 | INFO     | httprunner.response:validate:249 - assert headers."Content-Type" equal application/json;charset=UTF-8(str)	==> pass
2023-06-25 18:43:11.723 | INFO     | httprunner.response:validate:249 - assert body.message equal success(str)	==> pass
2023-06-25 18:43:11.723 | INFO     | httprunner.response:validate:249 - assert body.status equal 1(int)	==> pass
2023-06-25 18:43:11.723 | INFO     | httprunner.response:validate:249 - assert body.data equal True(bool)	==> pass
2023-06-25 18:43:11.723 | INFO     | httprunner.runner:__run_step:304 - run step end: 登录-企业用户 <<<<<<

2023-06-25 18:43:11.723 | INFO     | httprunner.runner:__run_step_testcase:286 - export variables: {'adminSession': 'response.headers."Set-Cookie".session'}
2023-06-25 18:43:11.723 | INFO     | httprunner.runner:__run_step:304 - run step end: 登录-管理员 <<<<<<

2023-06-25 18:43:11.723 | INFO     | httprunner.runner:__run_step:292 - run step begin: 年费费用查询 >>>>>>
2023-06-25 18:43:11.724 | INFO     | httprunner.runner:__run_step:292 - run step begin: 财务规则查询-年费 >>>>>>
2023-06-25 18:43:11.800 | DEBUG    | httprunner.client:request:186 - client IP: 127.0.0.1, Port: 56352
2023-06-25 18:43:11.801 | DEBUG    | httprunner.client:request:194 - server IP: 127.0.0.1, Port: 8888
2023-06-25 18:43:11.802 | DEBUG    | httprunner.client:log_print:40 - 
================== request details ==================
method   : GET
url      : http://139.198.116.76:8000/api/finance/rule/findRule?cache=1663837640684&moneyType=2&userId=1648
headers  : {
    "User-Agent": "Mozilla/5.0 (Macintosh; Intel Mac OS X 10_15_7) AppleWebKit/537.36 (KHTML, like Gecko) Chrome/98.0.4758.102 Safari/537.36 Edg/98.0.1108.56",
    "Accept-Encoding": "gzip, deflate",
    "Accept": "application/json, text/plain, */*",
    "Connection": "keep-alive",
    "Accept-Language": "zh-CN,zh;q=0.9,en;q=0.8,en-GB;q=0.7,en-US;q=0.6",
    "HRUN-Request-ID": "HRUN-c35916df-e217-4dfc-a3ef-60ef1defa0e2-791724",
    "Cookie": "SESSION=ODRlZjdjYmEtYjcwOS00NzAxLThmOGQtNTVlNmVjYmJiNGU2; SESSION=response.headers.\"Set-Cookie\".session"
}
cookies  : {
    "SESSION": "ODRlZjdjYmEtYjcwOS00NzAxLThmOGQtNTVlNmVjYmJiNGU2"
}
body     : None

2023-06-25 18:43:11.803 | DEBUG    | httprunner.client:log_print:40 - 
================== response details ==================
status_code : 200
headers  : {
    "Server": "nginx",
    "Date": "Sun, 25 Jun 2023 10:43:11 GMT",
    "Content-Type": "application/json;charset=UTF-8",
    "Transfer-Encoding": "chunked",
    "X-Frame-Options": "SAMEORIGIN",
    "Connection": "keep-alive"
}
cookies  : {}
encoding : UTF-8
content_type : application/json;charset=UTF-8
body     : {
    "message": "success",
    "status": 1,
    "data": [
        {
            "id": 78,
            "createDate": "2023-05-31 12:51:47",
            "updateDate": "2023-05-31 12:51:47",
            "name": "标准",
            "money": 10000.0,
            "moneyType": 2,
            "prefixCount": 1,
            "remart": "test",
            "entName": null,
            "entUserId": null,
            "ruleType": 2,
            "escrowId": null
        }
    ]
}

2023-06-25 18:43:11.803 | INFO     | httprunner.client:request:217 - status_code: 200, response_time(ms): 76.31 ms, response_length: 0 bytes
2023-06-25 18:43:11.803 | INFO     | httprunner.response:extract:179 - extract mapping: {'annualFeeRuleId': 78}
2023-06-25 18:43:11.804 | INFO     | httprunner.response:validate:249 - assert status_code equal 200(int)	==> pass
2023-06-25 18:43:11.804 | INFO     | httprunner.response:validate:249 - assert body.message equal success(str)	==> pass
2023-06-25 18:43:11.804 | INFO     | httprunner.response:validate:249 - assert body.status equal 1(int)	==> pass
2023-06-25 18:43:11.804 | INFO     | httprunner.runner:__run_step:304 - run step end: 财务规则查询-年费 <<<<<<

2023-06-25 18:43:11.804 | INFO     | httprunner.runner:__run_step_testcase:286 - export variables: {'annualFeeRuleId': 78}
2023-06-25 18:43:11.804 | INFO     | httprunner.runner:__run_step:304 - run step end: 年费费用查询 <<<<<<

2023-06-25 18:43:11.804 | INFO     | httprunner.runner:__run_step:292 - run step begin: 注册费费用查询 >>>>>>
2023-06-25 18:43:11.804 | INFO     | httprunner.runner:__run_step:292 - run step begin: 财务规则查询-注册费 >>>>>>
2023-06-25 18:43:11.871 | DEBUG    | httprunner.client:request:186 - client IP: 127.0.0.1, Port: 56352
2023-06-25 18:43:11.872 | DEBUG    | httprunner.client:request:194 - server IP: 127.0.0.1, Port: 8888
2023-06-25 18:43:11.872 | DEBUG    | httprunner.client:log_print:40 - 
================== request details ==================
method   : GET
url      : http://139.198.116.76:8000/api/finance/rule/findRule?moneyType=1&userId=1648
headers  : {
    "User-Agent": "Mozilla/5.0 (Macintosh; Intel Mac OS X 10_15_7) AppleWebKit/537.36 (KHTML, like Gecko) Chrome/98.0.4758.102 Safari/537.36 Edg/98.0.1108.56",
    "Accept-Encoding": "gzip, deflate",
    "Accept": "application/json, text/plain, */*",
    "Connection": "keep-alive",
    "Accept-Language": "zh-CN,zh;q=0.9,en;q=0.8,en-GB;q=0.7,en-US;q=0.6",
    "HRUN-Request-ID": "HRUN-c35916df-e217-4dfc-a3ef-60ef1defa0e2-791805",
    "Cookie": "SESSION=ODRlZjdjYmEtYjcwOS00NzAxLThmOGQtNTVlNmVjYmJiNGU2; SESSION=response.headers.\"Set-Cookie\".session"
}
cookies  : {
    "SESSION": "ODRlZjdjYmEtYjcwOS00NzAxLThmOGQtNTVlNmVjYmJiNGU2"
}
body     : None

2023-06-25 18:43:11.873 | DEBUG    | httprunner.client:log_print:40 - 
================== response details ==================
status_code : 200
headers  : {
    "Server": "nginx",
    "Date": "Sun, 25 Jun 2023 10:43:12 GMT",
    "Content-Type": "application/json;charset=UTF-8",
    "Transfer-Encoding": "chunked",
    "X-Frame-Options": "SAMEORIGIN",
    "Connection": "keep-alive"
}
cookies  : {}
encoding : UTF-8
content_type : application/json;charset=UTF-8
body     : {
    "message": "success",
    "status": 1,
    "data": [
        {
            "id": 77,
            "createDate": "2023-05-31 12:51:33",
            "updateDate": "2023-05-31 12:51:33",
            "name": "标准",
            "money": 10000.0,
            "moneyType": 1,
            "prefixCount": 1,
            "remart": "test",
            "entName": null,
            "entUserId": null,
            "ruleType": 2,
            "escrowId": null
        }
    ]
}

2023-06-25 18:43:11.874 | INFO     | httprunner.client:request:217 - status_code: 200, response_time(ms): 66.43 ms, response_length: 0 bytes
2023-06-25 18:43:11.874 | INFO     | httprunner.response:extract:179 - extract mapping: {'regFeeRuleId': 77}
2023-06-25 18:43:11.874 | INFO     | httprunner.response:validate:249 - assert status_code equal 200(int)	==> pass
2023-06-25 18:43:11.874 | INFO     | httprunner.response:validate:249 - assert body.message equal success(str)	==> pass
2023-06-25 18:43:11.875 | INFO     | httprunner.response:validate:249 - assert body.status equal 1(int)	==> pass
2023-06-25 18:43:11.875 | INFO     | httprunner.runner:__run_step:304 - run step end: 财务规则查询-注册费 <<<<<<

2023-06-25 18:43:11.875 | INFO     | httprunner.runner:__run_step_testcase:286 - export variables: {'regFeeRuleId': 77}
2023-06-25 18:43:11.875 | INFO     | httprunner.runner:__run_step:304 - run step end: 注册费费用查询 <<<<<<

2023-06-25 18:43:11.875 | INFO     | httprunner.runner:__run_step:292 - run step begin: 审核结果保存 >>>>>>
2023-06-25 18:43:11.876 | INFO     | httprunner.runner:__run_step:292 - run step begin: 企业审核保存 >>>>>>
2023-06-25 18:43:12.990 | DEBUG    | httprunner.client:request:186 - client IP: 127.0.0.1, Port: 56352
2023-06-25 18:43:12.991 | DEBUG    | httprunner.client:request:194 - server IP: 127.0.0.1, Port: 8888
2023-06-25 18:43:12.991 | DEBUG    | httprunner.client:log_print:40 - 
================== request details ==================
method   : POST
url      : http://139.198.116.76:8000/api/v3/ent/audit/save?annualFeeRuleId=78&applyId=1413&auditMsg=%E5%AE%A1%E6%A0%B8%E9%80%9A%E8%BF%87&auditResult=pass&entPrefix=88.408.5480976606&regFeeRuleId=77
headers  : {
    "User-Agent": "Mozilla/5.0 (Macintosh; Intel Mac OS X 10_15_7) AppleWebKit/537.36 (KHTML, like Gecko) Chrome/98.0.4758.102 Safari/537.36 Edg/98.0.1108.56",
    "Accept-Encoding": "gzip, deflate",
    "Accept": "application/json, text/plain, */*",
    "Connection": "keep-alive",
    "Accept-Language": "zh-CN,zh;q=0.9,en;q=0.8,en-GB;q=0.7,en-US;q=0.6",
    "Content-Length": "0",
    "HRUN-Request-ID": "HRUN-c35916df-e217-4dfc-a3ef-60ef1defa0e2-791876",
    "Cookie": "SESSION=ODRlZjdjYmEtYjcwOS00NzAxLThmOGQtNTVlNmVjYmJiNGU2; SESSION=response.headers.\"Set-Cookie\".session"
}
cookies  : {
    "SESSION": "ODRlZjdjYmEtYjcwOS00NzAxLThmOGQtNTVlNmVjYmJiNGU2"
}
body     : None

2023-06-25 18:43:12.993 | DEBUG    | httprunner.client:log_print:40 - 
================== response details ==================
status_code : 200
headers  : {
    "Server": "nginx",
    "Date": "Sun, 25 Jun 2023 10:43:13 GMT",
    "Content-Type": "application/json",
    "Transfer-Encoding": "chunked",
    "X-Frame-Options": "SAMEORIGIN",
    "Connection": "keep-alive"
}
cookies  : {}
encoding : utf-8
content_type : application/json
body     : {
    "message": "success",
    "status": 1,
    "data": true
}

2023-06-25 18:43:12.993 | INFO     | httprunner.client:request:217 - status_code: 200, response_time(ms): 1114.35 ms, response_length: 0 bytes
2023-06-25 18:43:12.994 | INFO     | httprunner.response:validate:249 - assert status_code equal 200(int)	==> pass
2023-06-25 18:43:12.994 | INFO     | httprunner.response:validate:249 - assert body.message equal success(str)	==> pass
2023-06-25 18:43:12.994 | INFO     | httprunner.response:validate:249 - assert body.status equal 1(int)	==> pass
2023-06-25 18:43:12.994 | INFO     | httprunner.response:validate:249 - assert body.data equal True(bool)	==> pass
2023-06-25 18:43:12.994 | INFO     | httprunner.runner:__run_step:304 - run step end: 企业审核保存 <<<<<<

2023-06-25 18:43:12.994 | INFO     | httprunner.runner:__run_step:304 - run step end: 审核结果保存 <<<<<<

2023-06-25 18:43:12.995 | INFO     | httprunner.runner:__run_step:292 - run step begin: 前缀管理分页 >>>>>>
2023-06-25 18:43:12.995 | INFO     | httprunner.runner:__run_step:292 - run step begin: 前缀管理分页 >>>>>>
2023-06-25 18:43:13.047 | DEBUG    | httprunner.client:request:186 - client IP: 127.0.0.1, Port: 56352
2023-06-25 18:43:13.048 | DEBUG    | httprunner.client:request:194 - server IP: 127.0.0.1, Port: 8888
2023-06-25 18:43:13.048 | DEBUG    | httprunner.client:log_print:40 - 
================== request details ==================
method   : GET
url      : http://139.198.116.76:8000/api/v3/ent/prefix/manage/pageQuery?cache=1663838231980&currentPage=1&entPrefix=88.408.5480976606&escrowOrgName=&order=&orderProp=
headers  : {
    "User-Agent": "Mozilla/5.0 (Macintosh; Intel Mac OS X 10_15_7) AppleWebKit/537.36 (KHTML, like Gecko) Chrome/98.0.4758.102 Safari/537.36 Edg/98.0.1108.56",
    "Accept-Encoding": "gzip, deflate",
    "Accept": "application/json, text/plain, */*",
    "Connection": "keep-alive",
    "Accept-Language": "zh-CN,zh;q=0.9,en;q=0.8,en-GB;q=0.7,en-US;q=0.6",
    "HRUN-Request-ID": "HRUN-c35916df-e217-4dfc-a3ef-60ef1defa0e2-792995",
    "Cookie": "SESSION=ODRlZjdjYmEtYjcwOS00NzAxLThmOGQtNTVlNmVjYmJiNGU2; SESSION=response.headers.\"Set-Cookie\".session"
}
cookies  : {
    "SESSION": "ODRlZjdjYmEtYjcwOS00NzAxLThmOGQtNTVlNmVjYmJiNGU2"
}
body     : None

2023-06-25 18:43:13.049 | DEBUG    | httprunner.client:log_print:40 - 
================== response details ==================
status_code : 200
headers  : {
    "Server": "nginx",
    "Date": "Sun, 25 Jun 2023 10:43:13 GMT",
    "Content-Type": "application/json",
    "Transfer-Encoding": "chunked",
    "X-Frame-Options": "SAMEORIGIN",
    "Connection": "keep-alive"
}
cookies  : {}
encoding : utf-8
content_type : application/json
body     : {
    "message": "success",
    "status": 1,
    "data": {
        "first": true,
        "last": true,
        "totalPages": 1,
        "totalElements": 1,
        "number": 1,
        "size": 10,
        "sort": {
            "sorted": false,
            "unsorted": true,
            "empty": true
        },
        "numberOfElements": 1,
        "content": [
            {
                "userId": 1648,
                "entPrefix": "88.408.5480976606",
                "state": 1,
                "entGeneralId": null,
                "entName": "yU4dXtt2tbzagsH8DE260ljXrV9qCh2T",
                "escrowOrgName": null,
                "proxyState": 1,
                "createDate": "2023-06-25 18:43:13",
                "updateDate": "2023-06-25 18:43:13",
                "id": 707
            }
        ]
    }
}

2023-06-25 18:43:13.050 | INFO     | httprunner.client:request:217 - status_code: 200, response_time(ms): 51.93 ms, response_length: 0 bytes
2023-06-25 18:43:13.050 | INFO     | httprunner.response:extract:179 - extract mapping: {'userId': 1648, 'entPrefix': '88.408.5480976606', 'prefixId': 707, 'entNameCn': 'yU4dXtt2tbzagsH8DE260ljXrV9qCh2T', 'proxyState': 1}
2023-06-25 18:43:13.051 | INFO     | httprunner.response:validate:249 - assert status_code equal 200(int)	==> pass
2023-06-25 18:43:13.051 | INFO     | httprunner.response:validate:249 - assert body.message equal success(str)	==> pass
2023-06-25 18:43:13.051 | INFO     | httprunner.runner:__run_step:304 - run step end: 前缀管理分页 <<<<<<

2023-06-25 18:43:13.051 | INFO     | httprunner.runner:__run_step_testcase:286 - export variables: {'prefixId': 707, 'entPrefix': '88.408.5480976606', 'userId': 1648, 'entNameCn': 'yU4dXtt2tbzagsH8DE260ljXrV9qCh2T', 'proxyState': 1}
2023-06-25 18:43:13.051 | INFO     | httprunner.runner:__run_step:304 - run step end: 前缀管理分页 <<<<<<

