2023-06-25 18:44:42.035 | INFO     | httprunner.runner:test_start:450 - Start to run testcase: 托管审核通过，并验证列表中'已托管'状态, TestCase ID: c547e1f8-79f9-4695-a5d7-ccf9f832a2f3
2023-06-25 18:44:42.036 | INFO     | httprunner.runner:__run_step:292 - run step begin: 用户注册 >>>>>>
2023-06-25 18:44:42.036 | INFO     | httprunner.runner:__run_step:292 - run step begin: 用户注册 >>>>>>
2023-06-25 18:44:42.168 | DEBUG    | httprunner.client:request:186 - client IP: 127.0.0.1, Port: 56807
2023-06-25 18:44:42.169 | DEBUG    | httprunner.client:request:194 - server IP: 127.0.0.1, Port: 8888
2023-06-25 18:44:42.169 | DEBUG    | httprunner.client:log_print:40 - 
================== request details ==================
method   : POST
url      : http://139.198.116.76:8000/api/home/test/registry
headers  : {
    "User-Agent": "Mozilla/5.0 (Windows NT 10.0; WOW64) AppleWebKit/537.36 (KHTML, like Gecko) Chrome/100.0.4896.60 Safari/537.36",
    "Accept-Encoding": "gzip, deflate",
    "Accept": "application/json, text/plain, */*",
    "Connection": "keep-alive",
    "Accept-Language": "zh-CN,zh;q=0.9",
    "HRUN-Request-ID": "HRUN-c547e1f8-79f9-4695-a5d7-ccf9f832a2f3-882036",
    "Content-Length": "187",
    "Content-Type": "application/json"
}
cookies  : {}
body     : {
    "email": "OtZ5j2Go2nqw8SAo@qaqseq.com",
    "mobile": "15963890182",
    "openId": "",
    "openUserName": "",
    "password": "Admin@123",
    "remarks": "",
    "username": "UC8qJyydQ0eG9hwyc3XMfokkAU17k5cN"
}

2023-06-25 18:44:42.169 | DEBUG    | httprunner.client:log_print:40 - 
================== response details ==================
status_code : 200
headers  : {
    "Server": "nginx",
    "Date": "Sun, 25 Jun 2023 10:44:42 GMT",
    "Content-Type": "application/json",
    "Transfer-Encoding": "chunked",
    "X-Frame-Options": "SAMEORIGIN",
    "Connection": "keep-alive"
}
cookies  : {}
encoding : utf-8
content_type : application/json
body     : {
    "message": "success",
    "status": 1,
    "data": true
}

2023-06-25 18:44:42.169 | INFO     | httprunner.client:request:217 - status_code: 200, response_time(ms): 132.35 ms, response_length: 0 bytes
2023-06-25 18:44:42.169 | INFO     | httprunner.response:validate:249 - assert status_code equal 200(int)	==> pass
2023-06-25 18:44:42.169 | INFO     | httprunner.response:validate:249 - assert body.message equal success(str)	==> pass
2023-06-25 18:44:42.169 | INFO     | httprunner.response:validate:249 - assert body.status equal 1(int)	==> pass
2023-06-25 18:44:42.169 | INFO     | httprunner.response:validate:249 - assert body.message contains success(str)	==> pass
2023-06-25 18:44:42.170 | INFO     | httprunner.response:validate:249 - assert body.status contained_by [1, 200](list)	==> pass
2023-06-25 18:44:42.170 | INFO     | httprunner.runner:__run_step:304 - run step end: 用户注册 <<<<<<

2023-06-25 18:44:42.170 | INFO     | httprunner.runner:__run_step:304 - run step end: 用户注册 <<<<<<

2023-06-25 18:44:42.170 | INFO     | httprunner.runner:__run_step:292 - run step begin: 登录-企业 >>>>>>
2023-06-25 18:44:42.170 | INFO     | httprunner.runner:__run_step:292 - run step begin: 登录-企业用户 >>>>>>
2023-06-25 18:44:42.229 | DEBUG    | httprunner.client:request:186 - client IP: 127.0.0.1, Port: 56807
2023-06-25 18:44:42.229 | DEBUG    | httprunner.client:request:194 - server IP: 127.0.0.1, Port: 8888
2023-06-25 18:44:42.229 | DEBUG    | httprunner.client:log_print:40 - 
================== request details ==================
method   : POST
url      : http://139.198.116.76:8000/api/home/test/login
headers  : {
    "User-Agent": "python-requests/2.28.1",
    "Accept-Encoding": "gzip, deflate, br",
    "Accept": "*/*",
    "Connection": "keep-alive",
    "Content-Length": "170",
    "Content-Type": "application/json",
    "HRUN-Request-ID": "HRUN-c547e1f8-79f9-4695-a5d7-ccf9f832a2f3-882170"
}
cookies  : {}
body     : {
    "captcha": "0000",
    "captchaSign": "1e2c6ef7e10759afe783f8eb651a55568d35bd40520804d213fafa4dc0b4352d",
    "emailCaptcha": "",
    "username": "UC8qJyydQ0eG9hwyc3XMfokkAU17k5cN"
}

2023-06-25 18:44:42.229 | DEBUG    | httprunner.client:log_print:40 - 
================== response details ==================
status_code : 200
headers  : {
    "Server": "nginx",
    "Date": "Sun, 25 Jun 2023 10:44:42 GMT",
    "Content-Type": "application/json;charset=UTF-8",
    "Transfer-Encoding": "chunked",
    "Set-Cookie": "SESSION=MjIyMTZlNDctMzIwMy00YjJhLThlOGUtNjJlNTY0NGNkYmFm; Path=/; HttpOnly; SameSite=Lax",
    "X-Frame-Options": "SAMEORIGIN",
    "Connection": "keep-alive"
}
cookies  : {
    "SESSION": "MjIyMTZlNDctMzIwMy00YjJhLThlOGUtNjJlNTY0NGNkYmFm"
}
encoding : UTF-8
content_type : application/json;charset=UTF-8
body     : {
    "message": "success",
    "status": 1,
    "data": true
}

2023-06-25 18:44:42.229 | INFO     | httprunner.client:request:217 - status_code: 200, response_time(ms): 58.37 ms, response_length: 0 bytes
2023-06-25 18:44:42.229 | INFO     | httprunner.response:extract:179 - extract mapping: {'entSession': 'response.headers."Set-Cookie".session'}
2023-06-25 18:44:42.229 | INFO     | httprunner.response:validate:249 - assert status_code equal 200(int)	==> pass
2023-06-25 18:44:42.230 | INFO     | httprunner.response:validate:249 - assert headers."Content-Type" equal application/json;charset=UTF-8(str)	==> pass
2023-06-25 18:44:42.230 | INFO     | httprunner.response:validate:249 - assert body.message equal success(str)	==> pass
2023-06-25 18:44:42.230 | INFO     | httprunner.response:validate:249 - assert body.status equal 1(int)	==> pass
2023-06-25 18:44:42.230 | INFO     | httprunner.response:validate:249 - assert body.data equal True(bool)	==> pass
2023-06-25 18:44:42.230 | INFO     | httprunner.runner:__run_step:304 - run step end: 登录-企业用户 <<<<<<

2023-06-25 18:44:42.230 | INFO     | httprunner.runner:__run_step_testcase:286 - export variables: {'entSession': 'response.headers."Set-Cookie".session'}
2023-06-25 18:44:42.230 | INFO     | httprunner.runner:__run_step:304 - run step end: 登录-企业 <<<<<<

2023-06-25 18:44:42.230 | INFO     | httprunner.runner:__run_step:292 - run step begin: 前缀注册企业资质图片上传 >>>>>>
2023-06-25 18:44:42.230 | INFO     | httprunner.runner:__run_step:292 - run step begin: 前缀注册企业资质图片上传 >>>>>>
2023-06-25 18:44:42.332 | DEBUG    | httprunner.client:request:186 - client IP: 127.0.0.1, Port: 56807
2023-06-25 18:44:42.333 | DEBUG    | httprunner.client:request:194 - server IP: 127.0.0.1, Port: 8888
2023-06-25 18:44:42.334 | DEBUG    | httprunner.client:log_print:40 - 
================== request details ==================
method   : POST
url      : http://139.198.116.76:8000/api/file/img/upload
headers  : {
    "User-Agent": "Mozilla/5.0 (Macintosh; Intel Mac OS X 10_15_7) AppleWebKit/537.36 (KHTML, like Gecko) Chrome/105.0.0.0 Safari/537.36",
    "Accept-Encoding": "gzip, deflate",
    "Accept": "application/json, text/plain, */*",
    "Connection": "keep-alive",
    "Accept-Language": "zh-CN,zh;q=0.9",
    "Content-Type": "multipart/form-data; boundary=2a61c5fc56554757b3b5eaf2eb76767b",
    "HRUN-Request-ID": "HRUN-c547e1f8-79f9-4695-a5d7-ccf9f832a2f3-882232",
    "Cookie": "SESSION=MjIyMTZlNDctMzIwMy00YjJhLThlOGUtNjJlNTY0NGNkYmFm; SESSION=response.headers.\"Set-Cookie\".session",
    "Content-Length": "20435"
}
cookies  : {
    "SESSION": "MjIyMTZlNDctMzIwMy00YjJhLThlOGUtNjJlNTY0NGNkYmFm"
}
body     : upload file stream (OMITTED)

2023-06-25 18:44:42.334 | DEBUG    | httprunner.client:log_print:40 - 
================== response details ==================
status_code : 200
headers  : {
    "Server": "nginx",
    "Date": "Sun, 25 Jun 2023 10:44:42 GMT",
    "Content-Type": "application/json;charset=UTF-8",
    "Transfer-Encoding": "chunked",
    "X-Frame-Options": "SAMEORIGIN",
    "Connection": "keep-alive"
}
cookies  : {}
encoding : UTF-8
content_type : application/json;charset=UTF-8
body     : {
    "message": "success",
    "status": 1,
    "data": {
        "id": 2863,
        "path": "69228b35-6d1f-4163-8497-81e03a48cb5b.jpeg"
    }
}

2023-06-25 18:44:42.335 | INFO     | httprunner.client:request:217 - status_code: 200, response_time(ms): 100.76 ms, response_length: 0 bytes
2023-06-25 18:44:42.335 | INFO     | httprunner.response:extract:179 - extract mapping: {'imgId': 2863}
2023-06-25 18:44:42.335 | INFO     | httprunner.response:validate:249 - assert status_code equal 200(int)	==> pass
2023-06-25 18:44:42.336 | INFO     | httprunner.runner:__run_step:304 - run step end: 前缀注册企业资质图片上传 <<<<<<

2023-06-25 18:44:42.336 | INFO     | httprunner.runner:__run_step_testcase:286 - export variables: {'imgId': 2863}
2023-06-25 18:44:42.336 | INFO     | httprunner.runner:__run_step:304 - run step end: 前缀注册企业资质图片上传 <<<<<<

2023-06-25 18:44:42.337 | INFO     | httprunner.runner:__run_step:292 - run step begin: 前缀注册企业联系人身份证图片正面上传 >>>>>>
2023-06-25 18:44:42.337 | INFO     | httprunner.runner:__run_step:292 - run step begin: 前缀注册企业联系人身份证图片背面上传 >>>>>>
2023-06-25 18:44:42.557 | DEBUG    | httprunner.client:request:186 - client IP: 127.0.0.1, Port: 56807
2023-06-25 18:44:42.558 | DEBUG    | httprunner.client:request:194 - server IP: 127.0.0.1, Port: 8888
2023-06-25 18:44:42.558 | DEBUG    | httprunner.client:log_print:40 - 
================== request details ==================
method   : POST
url      : http://139.198.116.76:8000/api/file/img/upload
headers  : {
    "User-Agent": "Mozilla/5.0 (Macintosh; Intel Mac OS X 10_15_7) AppleWebKit/537.36 (KHTML, like Gecko) Chrome/105.0.0.0 Safari/537.36",
    "Accept-Encoding": "gzip, deflate",
    "Accept": "application/json, text/plain, */*",
    "Connection": "keep-alive",
    "Accept-Language": "zh-CN,zh;q=0.9",
    "Content-Type": "multipart/form-data; boundary=b4c5a1da688c4fb9b85bcfe49e4c41f1",
    "HRUN-Request-ID": "HRUN-c547e1f8-79f9-4695-a5d7-ccf9f832a2f3-882338",
    "Cookie": "SESSION=MjIyMTZlNDctMzIwMy00YjJhLThlOGUtNjJlNTY0NGNkYmFm; SESSION=response.headers.\"Set-Cookie\".session",
    "Content-Length": "20435"
}
cookies  : {
    "SESSION": "MjIyMTZlNDctMzIwMy00YjJhLThlOGUtNjJlNTY0NGNkYmFm"
}
body     : upload file stream (OMITTED)

2023-06-25 18:44:42.559 | DEBUG    | httprunner.client:log_print:40 - 
================== response details ==================
status_code : 200
headers  : {
    "Server": "nginx",
    "Date": "Sun, 25 Jun 2023 10:44:42 GMT",
    "Content-Type": "application/json;charset=UTF-8",
    "Transfer-Encoding": "chunked",
    "X-Frame-Options": "SAMEORIGIN",
    "Connection": "keep-alive"
}
cookies  : {}
encoding : UTF-8
content_type : application/json;charset=UTF-8
body     : {
    "message": "success",
    "status": 1,
    "data": {
        "id": 2864,
        "path": "feccebda-1472-4e71-aa63-f6a8cbb896db.jpeg"
    }
}

2023-06-25 18:44:42.559 | INFO     | httprunner.client:request:217 - status_code: 200, response_time(ms): 219.34 ms, response_length: 0 bytes
2023-06-25 18:44:42.559 | INFO     | httprunner.response:extract:179 - extract mapping: {'imgId_f': 2864}
2023-06-25 18:44:42.559 | INFO     | httprunner.response:validate:249 - assert status_code equal 200(int)	==> pass
2023-06-25 18:44:42.559 | INFO     | httprunner.runner:__run_step:304 - run step end: 前缀注册企业联系人身份证图片背面上传 <<<<<<

2023-06-25 18:44:42.559 | INFO     | httprunner.runner:__run_step_testcase:286 - export variables: {'imgId_f': 2864}
2023-06-25 18:44:42.559 | INFO     | httprunner.runner:__run_step:304 - run step end: 前缀注册企业联系人身份证图片正面上传 <<<<<<

2023-06-25 18:44:42.559 | INFO     | httprunner.runner:__run_step:292 - run step begin: 前缀注册企业联系人身份证图片背面上传 >>>>>>
2023-06-25 18:44:42.560 | INFO     | httprunner.runner:__run_step:292 - run step begin: 前缀注册企业联系人身份证图片背面上传 >>>>>>
2023-06-25 18:44:42.727 | DEBUG    | httprunner.client:request:186 - client IP: 127.0.0.1, Port: 56807
2023-06-25 18:44:42.728 | DEBUG    | httprunner.client:request:194 - server IP: 127.0.0.1, Port: 8888
2023-06-25 18:44:42.729 | DEBUG    | httprunner.client:log_print:40 - 
================== request details ==================
method   : POST
url      : http://139.198.116.76:8000/api/file/img/upload
headers  : {
    "User-Agent": "Mozilla/5.0 (Macintosh; Intel Mac OS X 10_15_7) AppleWebKit/537.36 (KHTML, like Gecko) Chrome/105.0.0.0 Safari/537.36",
    "Accept-Encoding": "gzip, deflate",
    "Accept": "application/json, text/plain, */*",
    "Connection": "keep-alive",
    "Accept-Language": "zh-CN,zh;q=0.9",
    "Content-Type": "multipart/form-data; boundary=0588c5c3cbdd43f5995324c39d3882a8",
    "HRUN-Request-ID": "HRUN-c547e1f8-79f9-4695-a5d7-ccf9f832a2f3-882560",
    "Cookie": "SESSION=MjIyMTZlNDctMzIwMy00YjJhLThlOGUtNjJlNTY0NGNkYmFm; SESSION=response.headers.\"Set-Cookie\".session",
    "Content-Length": "20435"
}
cookies  : {
    "SESSION": "MjIyMTZlNDctMzIwMy00YjJhLThlOGUtNjJlNTY0NGNkYmFm"
}
body     : upload file stream (OMITTED)

2023-06-25 18:44:42.731 | DEBUG    | httprunner.client:log_print:40 - 
================== response details ==================
status_code : 200
headers  : {
    "Server": "nginx",
    "Date": "Sun, 25 Jun 2023 10:44:42 GMT",
    "Content-Type": "application/json;charset=UTF-8",
    "Transfer-Encoding": "chunked",
    "X-Frame-Options": "SAMEORIGIN",
    "Connection": "keep-alive"
}
cookies  : {}
encoding : UTF-8
content_type : application/json;charset=UTF-8
body     : {
    "message": "success",
    "status": 1,
    "data": {
        "id": 2865,
        "path": "a8c52699-39b5-4baf-a2c9-ad894bc46ece.jpeg"
    }
}

2023-06-25 18:44:42.731 | INFO     | httprunner.client:request:217 - status_code: 200, response_time(ms): 167.34 ms, response_length: 0 bytes
2023-06-25 18:44:42.732 | INFO     | httprunner.response:extract:179 - extract mapping: {'imgId_b': 2865}
2023-06-25 18:44:42.732 | INFO     | httprunner.response:validate:249 - assert status_code equal 200(int)	==> pass
2023-06-25 18:44:42.732 | INFO     | httprunner.runner:__run_step:304 - run step end: 前缀注册企业联系人身份证图片背面上传 <<<<<<

2023-06-25 18:44:42.733 | INFO     | httprunner.runner:__run_step_testcase:286 - export variables: {'imgId_b': 2865}
2023-06-25 18:44:42.733 | INFO     | httprunner.runner:__run_step:304 - run step end: 前缀注册企业联系人身份证图片背面上传 <<<<<<

2023-06-25 18:44:42.733 | INFO     | httprunner.runner:__run_step:292 - run step begin: 企业注册第一步提交信息 >>>>>>
2023-06-25 18:44:42.734 | INFO     | httprunner.runner:__run_step:292 - run step begin: 企业注册第一步提交信息 >>>>>>
2023-06-25 18:44:43.147 | DEBUG    | httprunner.client:request:186 - client IP: 127.0.0.1, Port: 56807
2023-06-25 18:44:43.148 | DEBUG    | httprunner.client:request:194 - server IP: 127.0.0.1, Port: 8888
2023-06-25 18:44:43.149 | DEBUG    | httprunner.client:log_print:40 - 
================== request details ==================
method   : POST
url      : http://139.198.116.76:8000/api/v3/entApply/basicInfo/submit
headers  : {
    "User-Agent": "Mozilla/5.0 (Macintosh; Intel Mac OS X 10_15_7) AppleWebKit/537.36 (KHTML, like Gecko) Chrome/105.0.0.0 Safari/537.36",
    "Accept-Encoding": "gzip, deflate",
    "Accept": "application/json, text/plain, */*",
    "Connection": "keep-alive",
    "Accept-Language": "zh-CN,zh;q=0.9",
    "Content-Type": "application/json;charset=UTF-8",
    "HRUN-Request-ID": "HRUN-c547e1f8-79f9-4695-a5d7-ccf9f832a2f3-882735",
    "Cookie": "SESSION=MjIyMTZlNDctMzIwMy00YjJhLThlOGUtNjJlNTY0NGNkYmFm; SESSION=response.headers.\"Set-Cookie\".session",
    "Content-Length": "2555"
}
cookies  : {
    "SESSION": "MjIyMTZlNDctMzIwMy00YjJhLThlOGUtNjJlNTY0NGNkYmFm"
}
body     : {
    "applyStep": 2,
    "applyType": null,
    "area": [
        "110000",
        "110100",
        "110101"
    ],
    "cltrid": null,
    "contactCrtBackImgPath": null,
    "contactCrtBackImgRid": 2865,
    "contactCrtFrontImgPath": null,
    "contactCrtFrontImgRid": 2864,
    "contactCrtNo": "625433196107250358",
    "contactCrtType": 1,
    "contactEmail": "OtZ5j2Go2nqw8SAo@qaqseq.com",
    "contactName": "UC8qJyydQ0eG9hwyc3XMfokkAU17k5cN",
    "contactPhone": "15963890182",
    "createDate": null,
    "dataHostingContractFilePath": null,
    "dataHostingContractFileRid": null,
    "dataHostingOrg": null,
    "entGeneralId": null,
    "entInfoLicenses": [],
    "entInfoSerIndustrys": [],
    "entPrefix": "88.408.1800499563",
    "escrowId": null,
    "escrowOrgName": null,
    "establishDate": null,
    "extDomain": null,
    "extIpAddr": null,
    "extWebName": null,
    "finalAuditMsg": null,
    "finalAuditStatus": null,
    "firstAuditMsg": null,
    "firstAuditStatus": null,
    "id": null,
    "idRegNaImp": null,
    "industry": [
        "A",
        "01"
    ],
    "industryCategory": "A",
    "industrySpecific": "01",
    "isSubmit": 0,
    "legalCrtBackImgContent": null,
    "legalCrtBackImgPath": null,
    "legalCrtBackImgRid": 2865,
    "legalCrtFrontImgContent": null,
    "legalCrtFrontImgPath": null,
    "legalCrtFrontImgRid": 2864,
    "legalCrtNo": "625433196107250358",
    "legalCrtType": "1",
    "legalCrtTypeDesc": "中国居民身份证",
    "legalEmail": null,
    "legalFax": null,
    "legalName": "张三",
    "legalPhone": null,
    "orgAddr": "致真",
    "orgAddrCity": "110100",
    "orgAddrCityDesc": "市辖区",
    "orgAddrCounty": "110101",
    "orgAddrCountyDesc": "东城区",
    "orgAddrProvince": "110000",
    "orgAddrProvinceDesc": "北京市",
    "orgCategorySpecificDesc": "农、林、牧、渔业-农业",
    "orgCrtCode": "UC8qJyydQ0eG9hwyc3XMfokkAU17k5cN",
    "orgCrtImgContent": null,
    "orgCrtImgPath": null,
    "orgCrtImgRid": 2863,
    "orgCrtType": "1",
    "orgDesc": null,
    "orgName": "UC8qJyydQ0eG9hwyc3XMfokkAU17k5cN",
    "orgNature": "1",
    "orgNatureDesc": "国有控股",
    "periodValidity": null,
    "regAuthority": null,
    "regCapital": null,
    "regRealNaImpName": null,
    "regRealNaImpType": null,
    "servHostingContractFilePath": null,
    "servHostingContractFileRid": null,
    "servHostingOrg": null,
    "servSysBuildContractFilePath": null,
    "servSysBuildContractFileRid": null,
    "servSysBuildName": null,
    "servSysBuildType": 1,
    "servSysOperContractFilePath": null,
    "servSysOperContractFileRid": null,
    "servSysOperName": null,
    "servSysOperType": 1,
    "svtrid": null,
    "thirdServiceMsg": null,
    "thirdServiceStatus": null,
    "updateDate": null,
    "userId": null,
    "userName": null,
    "website": null
}

2023-06-25 18:44:43.150 | DEBUG    | httprunner.client:log_print:40 - 
================== response details ==================
status_code : 200
headers  : {
    "Server": "nginx",
    "Date": "Sun, 25 Jun 2023 10:44:43 GMT",
    "Content-Type": "application/json;charset=UTF-8",
    "Transfer-Encoding": "chunked",
    "X-Frame-Options": "SAMEORIGIN",
    "Connection": "keep-alive"
}
cookies  : {}
encoding : UTF-8
content_type : application/json;charset=UTF-8
body     : {
    "message": "success",
    "status": 1,
    "data": true
}

2023-06-25 18:44:43.151 | INFO     | httprunner.client:request:217 - status_code: 200, response_time(ms): 412.24 ms, response_length: 0 bytes
2023-06-25 18:44:43.151 | INFO     | httprunner.response:validate:249 - assert status_code equal 200(int)	==> pass
2023-06-25 18:44:43.151 | INFO     | httprunner.response:validate:249 - assert body.message equal success(str)	==> pass
2023-06-25 18:44:43.152 | INFO     | httprunner.runner:__run_step:304 - run step end: 企业注册第一步提交信息 <<<<<<

2023-06-25 18:44:43.152 | INFO     | httprunner.runner:__run_step:304 - run step end: 企业注册第一步提交信息 <<<<<<

2023-06-25 18:44:43.152 | INFO     | httprunner.runner:__run_step:292 - run step begin: 企业注册查询注册信息 >>>>>>
2023-06-25 18:44:43.153 | INFO     | httprunner.runner:__run_step:292 - run step begin: 企业注册查询注册信息 >>>>>>
2023-06-25 18:44:43.231 | DEBUG    | httprunner.client:request:186 - client IP: 127.0.0.1, Port: 56807
2023-06-25 18:44:43.232 | DEBUG    | httprunner.client:request:194 - server IP: 127.0.0.1, Port: 8888
2023-06-25 18:44:43.233 | DEBUG    | httprunner.client:log_print:40 - 
================== request details ==================
method   : GET
url      : http://139.198.116.76:8000/api/v3/entApply/applyOrNot
headers  : {
    "User-Agent": "Mozilla/5.0 (Macintosh; Intel Mac OS X 10_15_7) AppleWebKit/537.36 (KHTML, like Gecko) Chrome/105.0.0.0 Safari/537.36",
    "Accept-Encoding": "gzip, deflate",
    "Accept": "application/json, text/plain, */*",
    "Connection": "keep-alive",
    "Accept-Language": "zh-CN,zh;q=0.9",
    "HRUN-Request-ID": "HRUN-c547e1f8-79f9-4695-a5d7-ccf9f832a2f3-883153",
    "Cookie": "SESSION=MjIyMTZlNDctMzIwMy00YjJhLThlOGUtNjJlNTY0NGNkYmFm; SESSION=response.headers.\"Set-Cookie\".session"
}
cookies  : {
    "SESSION": "MjIyMTZlNDctMzIwMy00YjJhLThlOGUtNjJlNTY0NGNkYmFm"
}
body     : None

2023-06-25 18:44:43.234 | DEBUG    | httprunner.client:log_print:40 - 
================== response details ==================
status_code : 200
headers  : {
    "Server": "nginx",
    "Date": "Sun, 25 Jun 2023 10:44:43 GMT",
    "Content-Type": "application/json;charset=UTF-8",
    "Transfer-Encoding": "chunked",
    "X-Frame-Options": "SAMEORIGIN",
    "Connection": "keep-alive"
}
cookies  : {}
encoding : UTF-8
content_type : application/json;charset=UTF-8
body     : {
    "message": "success",
    "status": 1,
    "data": {
        "nbmsEntApplyPO": {
            "id": 1429,
            "createDate": "2023-06-25 18:44:43",
            "updateDate": "2023-06-25 18:44:43",
            "applyType": null,
            "entGeneralId": null,
            "applyStep": 2,
            "isSubmit": 0,
            "entPrefix": "88.408.1800499563",
            "firstAuditStatus": null,
            "firstAuditMsg": null,
            "thirdServiceStatus": null,
            "thirdServiceMsg": null,
            "userName": "UC8qJyydQ0eG9hwyc3XMfokkAU17k5cN",
            "finalAuditStatus": null,
            "finalAuditMsg": null,
            "svtrid": null,
            "cltrid": null,
            "userId": 1663,
            "orgName": "UC8qJyydQ0eG9hwyc3XMfokkAU17k5cN",
            "orgNature": "1",
            "orgAddrProvince": "110000",
            "orgAddrCity": "110100",
            "orgAddrCounty": "110101",
            "orgAddr": "致真",
            "orgCrtType": "1",
            "orgCrtCode": "UC8qJyydQ0eG9hwyc3XMfokkAU17k5cN",
            "legalName": "张三",
            "legalCrtType": "1",
            "legalCrtNo": "625433196107250358",
            "orgDesc": null,
            "industryCategory": "A",
            "industrySpecific": "01",
            "contactName": "UC8qJyydQ0eG9hwyc3XMfokkAU17k5cN",
            "contactPhone": "15963890182",
            "contactCrtType": 1,
            "contactCrtNo": "625433196107250358",
            "contactEmail": "OtZ5j2Go2nqw8SAo@qaqseq.com",
            "website": null,
            "regAuthority": null,
            "regCapital": null,
            "establishDate": null,
            "periodValidity": null,
            "legalEmail": null,
            "legalPhone": null,
            "legalFax": null,
            "servSysBuildType": null,
            "servSysBuildName": null,
            "servSysOperType": null,
            "servSysOperName": null,
            "dataHostingOrg": null,
            "servHostingOrg": null,
            "regRealNaImpType": null,
            "regRealNaImpName": null,
            "idRegNaImp": null,
            "extWebName": null,
            "extDomain": null,
            "extIpAddr": null,
            "orgCrtImgRid": 2863,
            "contactCrtFrontImgRid": 2864,
            "contactCrtBackImgRid": 2865,
            "legalCrtFrontImgRid": 2864,
            "legalCrtBackImgRid": 2865,
            "servSysBuildContractFileRid": null,
            "servSysOperContractFileRid": null,
            "dataHostingContractFileRid": null,
            "servHostingContractFileRid": null,
            "entInfoLicenses": [],
            "entInfoSyss": [],
            "entInfoSerIndustrys": [],
            "escrowId": null,
            "industryQualificationRid": null,
            "certificationRid": null,
            "openingBank": null,
            "bankCard": null,
            "verificationName": null,
            "orgNatureDesc": "国有控股",
            "orgCrtImgContent": null,
            "orgCategorySpecificDesc": "农、林、牧、渔业-农业",
            "orgAddrProvinceDesc": "北京市",
            "orgAddrCountyDesc": "东城区",
            "orgAddrCityDesc": "市辖区",
            "legalCrtTypeDesc": "中国居民身份证",
            "legalCrtFrontImgContent": null,
            "legalCrtBackImgContent": null,
            "orgCrtImgPath": "69228b35-6d1f-4163-8497-81e03a48cb5b.jpeg",
            "contactCrtFrontImgPath": "feccebda-1472-4e71-aa63-f6a8cbb896db.jpeg",
            "contactCrtBackImgPath": "a8c52699-39b5-4baf-a2c9-ad894bc46ece.jpeg",
            "legalCrtFrontImgPath": "feccebda-1472-4e71-aa63-f6a8cbb896db.jpeg",
            "legalCrtBackImgPath": "a8c52699-39b5-4baf-a2c9-ad894bc46ece.jpeg",
            "servSysBuildContractFilePath": null,
            "servSysOperContractFilePath": null,
            "dataHostingContractFilePath": null,
            "servHostingContractFilePath": null,
            "industryQualificationFilePath": null,
            "certificationFilePath": null,
            "escrowOrgName": null
        },
        "nbmsEntPO": null,
        "nbmsEntPrefixApplyPO": null,
        "needRelog": null,
        "applyStatus": 0
    }
}

2023-06-25 18:44:43.235 | INFO     | httprunner.client:request:217 - status_code: 200, response_time(ms): 77.93 ms, response_length: 0 bytes
2023-06-25 18:44:43.237 | INFO     | httprunner.response:extract:179 - extract mapping: {'applyId': 1429, 'userId': 1663, 'userName': 'UC8qJyydQ0eG9hwyc3XMfokkAU17k5cN', 'imgId_f': 2864, 'imgId_b': 2865, 'entId': None, 'entUserId': None, 'prefix': '88.408.1800499563', 'contactCrtNo': '625433196107250358', 'contactCrtType': 1, 'contactEmail': 'OtZ5j2Go2nqw8SAo@qaqseq.com', 'contactName': 'UC8qJyydQ0eG9hwyc3XMfokkAU17k5cN', 'contactPhone': '15963890182', 'industryCategory': 'A', 'industrySpecific': '01', 'orgName': 'UC8qJyydQ0eG9hwyc3XMfokkAU17k5cN', 'orgNature': '1', 'orgAddrProvince': '110000', 'orgAddrCity': '110100', 'orgAddrCounty': '110101', 'orgAddr': '致真', 'orgCrtType': '1', 'orgCrtCode': 'UC8qJyydQ0eG9hwyc3XMfokkAU17k5cN', 'legalName': '张三', 'legalEmail': None, 'legalPhone': None, 'legalCrtType': '1', 'legalCrtNo': '625433196107250358', 'legalCrtFrontImgRid': 2864, 'legalCrtBackImgRid': 2865, 'orgCrtImgRid': 2863, 'imgId': 2863, 'orgNatureDesc': '国有控股', 'orgCategorySpecificDesc': '农、林、牧、渔业-农业', 'orgAddrProvinceDesc': '北京市', 'orgAddrCountyDesc': '东城区', 'orgAddrCityDesc': '市辖区', 'legalCrtTypeDesc': '中国居民身份证', 'createDate': '2023-06-25 18:44:43', 'updateDate': '2023-06-25 18:44:43', 'entInfoSyss_0_id': None, 'entInfoSyss_0_entApplyId': None, 'entApplyId': None, 'entInfoSyss_0_sysType': None, 'entInfoSyss_0_deployMode': None, 'entInfoSyss_0_deployAddr': None, 'entInfoSyss_0_deployAddrProvince': None, 'entInfoSyss_0_deployAddrCity': None, 'entInfoSyss_0_deployAddrCounty': None, 'entInfoSyss_1_id': None, 'entInfoSyss_1_entApplyId': None, 'entInfoSyss_1_sysType': None, 'entInfoSyss_1_deployMode': None, 'entInfoSyss_1_deployAddr': None, 'entInfoSyss_1_deployAddrProvince': None, 'entInfoSyss_1_deployAddrCity': None, 'entInfoSyss_1_deployAddrCounty': None, 'entInfoSyss_2_id': None, 'entInfoSyss_2_entApplyId': None, 'entInfoSyss_2_sysType': None, 'entInfoSyss_2_deployMode': None, 'entInfoSyss_2_deployAddr': None, 'entInfoSyss_2_deployAddrProvince': None, 'entInfoSyss_2_deployAddrCity': None, 'entInfoSyss_2_deployAddrCounty': None, 'entInfoSyss_3_id': None, 'entInfoSyss_3_entApplyId': None, 'entInfoSyss_3_sysType': None, 'entInfoSyss_3_deployMode': None, 'entInfoSyss_3_deployAddr': None, 'entInfoSyss_3_deployAddrProvince': None, 'entInfoSyss_3_deployAddrCity': None, 'entInfoSyss_3_deployAddrCounty': None}
2023-06-25 18:44:43.237 | INFO     | httprunner.response:validate:249 - assert status_code equal 200(int)	==> pass
2023-06-25 18:44:43.237 | INFO     | httprunner.response:validate:249 - assert body.message equal success(str)	==> pass
2023-06-25 18:44:43.237 | INFO     | httprunner.runner:__run_step:304 - run step end: 企业注册查询注册信息 <<<<<<

2023-06-25 18:44:43.238 | INFO     | httprunner.runner:__run_step_testcase:286 - export variables: {'orgAddrProvince': '110000', 'entInfoSyss_2_deployAddr': None, 'orgAddrCountyDesc': '东城区', 'entInfoSyss_2_entApplyId': None, 'entInfoSyss_3_id': None, 'imgId_f': 2864, 'entInfoSyss_3_deployAddrProvince': None, 'industrySpecific': '01', 'entUserId': None, 'legalCrtTypeDesc': '中国居民身份证', 'contactPhone': '15963890182', 'orgAddr': '致真', 'orgName': 'UC8qJyydQ0eG9hwyc3XMfokkAU17k5cN', 'entInfoSyss_1_deployAddrProvince': None, 'entInfoSyss_0_deployAddrCounty': None, 'entInfoSyss_1_deployAddrCounty': None, 'entInfoSyss_1_deployAddr': None, 'legalCrtNo': '625433196107250358', 'createDate': '2023-06-25 18:44:43', 'entInfoSyss_2_sysType': None, 'entInfoSyss_1_deployAddrCity': None, 'contactEmail': 'OtZ5j2Go2nqw8SAo@qaqseq.com', 'entInfoSyss_1_deployMode': None, 'prefix': '88.408.1800499563', 'entInfoSyss_1_id': None, 'entInfoSyss_3_deployAddr': None, 'entApplyId': None, 'entInfoSyss_2_deployAddrProvince': None, 'entInfoSyss_2_deployMode': None, 'entInfoSyss_1_sysType': None, 'orgAddrProvinceDesc': '北京市', 'orgNatureDesc': '国有控股', 'updateDate': '2023-06-25 18:44:43', 'imgId': 2863, 'orgNature': '1', 'entInfoSyss_0_deployAddrCity': None, 'entInfoSyss_3_deployAddrCounty': None, 'legalCrtBackImgRid': 2865, 'contactName': 'UC8qJyydQ0eG9hwyc3XMfokkAU17k5cN', 'entInfoSyss_0_entApplyId': None, 'entInfoSyss_3_deployMode': None, 'entInfoSyss_0_deployAddr': None, 'entInfoSyss_2_deployAddrCity': None, 'entInfoSyss_1_entApplyId': None, 'legalEmail': None, 'entInfoSyss_3_deployAddrCity': None, 'contactCrtType': 1, 'orgCategorySpecificDesc': '农、林、牧、渔业-农业', 'orgCrtType': '1', 'entInfoSyss_0_sysType': None, 'entInfoSyss_0_deployAddrProvince': None, 'legalCrtType': '1', 'imgId_b': 2865, 'applyId': 1429, 'userName': 'UC8qJyydQ0eG9hwyc3XMfokkAU17k5cN', 'orgAddrCounty': '110101', 'entInfoSyss_2_deployAddrCounty': None, 'orgAddrCityDesc': '市辖区', 'orgAddrCity': '110100', 'legalPhone': None, 'orgCrtImgRid': 2863, 'legalCrtFrontImgRid': 2864, 'entInfoSyss_0_id': None, 'industryCategory': 'A', 'contactCrtNo': '625433196107250358', 'entInfoSyss_3_sysType': None, 'entInfoSyss_3_entApplyId': None, 'entId': None, 'orgCrtCode': 'UC8qJyydQ0eG9hwyc3XMfokkAU17k5cN', 'entInfoSyss_0_deployMode': None, 'entInfoSyss_2_id': None, 'legalName': '张三', 'userId': 1663}
2023-06-25 18:44:43.238 | INFO     | httprunner.runner:__run_step:304 - run step end: 企业注册查询注册信息 <<<<<<

2023-06-25 18:44:43.238 | INFO     | httprunner.runner:__run_step:292 - run step begin: 企业注册第二步提交信息 >>>>>>
2023-06-25 18:44:43.238 | INFO     | httprunner.runner:__run_step:292 - run step begin: 企业注册第二步提交信息 >>>>>>
2023-06-25 18:44:43.308 | DEBUG    | httprunner.client:request:186 - client IP: 127.0.0.1, Port: 56807
2023-06-25 18:44:43.308 | DEBUG    | httprunner.client:request:194 - server IP: 127.0.0.1, Port: 8888
2023-06-25 18:44:43.310 | DEBUG    | httprunner.client:log_print:40 - 
================== request details ==================
method   : POST
url      : http://139.198.116.76:8000/api/v3/entApply/registerManageInfo
headers  : {
    "User-Agent": "Mozilla/5.0 (Macintosh; Intel Mac OS X 10_15_7) AppleWebKit/537.36 (KHTML, like Gecko) Chrome/105.0.0.0 Safari/537.36",
    "Accept-Encoding": "gzip, deflate",
    "Accept": "application/json, text/plain, */*",
    "Connection": "keep-alive",
    "Accept-Language": "zh-CN,zh;q=0.9",
    "Content-Type": "application/json;charset=UTF-8",
    "X-HTTP-Method-Override": "put",
    "HRUN-Request-ID": "HRUN-c547e1f8-79f9-4695-a5d7-ccf9f832a2f3-883239",
    "Cookie": "SESSION=MjIyMTZlNDctMzIwMy00YjJhLThlOGUtNjJlNTY0NGNkYmFm; SESSION=response.headers.\"Set-Cookie\".session",
    "Content-Length": "3280"
}
cookies  : {
    "SESSION": "MjIyMTZlNDctMzIwMy00YjJhLThlOGUtNjJlNTY0NGNkYmFm"
}
body     : {
    "applyStep": 3,
    "applyType": null,
    "cltrid": null,
    "contactCrtBackImgPath": null,
    "contactCrtBackImgRid": 2865,
    "contactCrtFrontImgPath": null,
    "contactCrtFrontImgRid": 2864,
    "contactCrtNo": "625433196107250358",
    "contactCrtType": 1,
    "contactEmail": "OtZ5j2Go2nqw8SAo@qaqseq.com",
    "contactName": "UC8qJyydQ0eG9hwyc3XMfokkAU17k5cN",
    "contactPhone": "15963890182",
    "createDate": "2023-06-25 18:44:43",
    "dataHostingContractFilePath": null,
    "dataHostingContractFileRid": null,
    "dataHostingOrg": null,
    "entGeneralId": null,
    "entInfoLicenses": [],
    "entInfoSerIndustrys": [],
    "entInfoSyss": [
        {
            "deployAddr": "致真",
            "deployAddrCity": "110100",
            "deployAddrCounty": "110101",
            "deployAddrProvince": "110000",
            "deployMode": 1,
            "ipPort": null,
            "name": null,
            "sysType": 1
        },
        {
            "deployAddr": "致真",
            "deployAddrCity": "110100",
            "deployAddrCounty": "110101",
            "deployAddrProvince": "110000",
            "deployMode": 1,
            "ipPort": null,
            "name": null,
            "sysType": 2
        },
        {
            "deployAddr": "天津",
            "deployAddrCity": "120100",
            "deployAddrCounty": "120101",
            "deployAddrProvince": "120000",
            "deployMode": 1,
            "ipPort": null,
            "name": null,
            "sysType": 3
        },
        {
            "deployAddr": "天津",
            "deployAddrCity": "120100",
            "deployAddrCounty": "120101",
            "deployAddrProvince": "120000",
            "deployMode": 1,
            "ipPort": null,
            "name": null,
            "sysType": 4
        }
    ],
    "entPrefix": "88.408.1800499563",
    "escrowId": null,
    "escrowOrgName": null,
    "establishDate": null,
    "extDomain": null,
    "extIpAddr": null,
    "extWebName": null,
    "finalAuditMsg": null,
    "finalAuditStatus": null,
    "firstAuditMsg": null,
    "firstAuditStatus": null,
    "id": 1429,
    "idRegNaImp": null,
    "industryCategory": "A",
    "industrySpecific": "01",
    "isSubmit": 0,
    "legalCrtBackImgContent": null,
    "legalCrtBackImgPath": null,
    "legalCrtBackImgRid": 2865,
    "legalCrtFrontImgContent": null,
    "legalCrtFrontImgPath": null,
    "legalCrtFrontImgRid": 2864,
    "legalCrtNo": "625433196107250358",
    "legalCrtType": "1",
    "legalCrtTypeDesc": "中国居民身份证",
    "legalEmail": null,
    "legalFax": null,
    "legalName": "张三",
    "legalPhone": null,
    "orgAddr": "致真",
    "orgAddrCity": "110100",
    "orgAddrCityDesc": "市辖区",
    "orgAddrCounty": "110101",
    "orgAddrCountyDesc": "东城区",
    "orgAddrProvince": "110000",
    "orgAddrProvinceDesc": "北京市",
    "orgCategorySpecificDesc": "农、林、牧、渔业-农业",
    "orgCrtCode": "UC8qJyydQ0eG9hwyc3XMfokkAU17k5cN",
    "orgCrtImgContent": null,
    "orgCrtImgPath": null,
    "orgCrtImgRid": 2863,
    "orgCrtType": "1",
    "orgDesc": null,
    "orgName": "UC8qJyydQ0eG9hwyc3XMfokkAU17k5cN",
    "orgNature": "1",
    "orgNatureDesc": "1",
    "periodValidity": null,
    "regAuthority": null,
    "regCapital": null,
    "regRealNaImpName": null,
    "regRealNaImpType": null,
    "servHostingContractFilePath": null,
    "servHostingContractFileRid": null,
    "servHostingOrg": null,
    "servSysBuildContractFilePath": null,
    "servSysBuildContractFileRid": null,
    "servSysBuildName": null,
    "servSysBuildType": 1,
    "servSysOperContractFilePath": null,
    "servSysOperContractFileRid": null,
    "servSysOperName": null,
    "servSysOperType": 1,
    "svtrid": null,
    "thirdServiceMsg": null,
    "thirdServiceStatus": null,
    "updateDate": "2023-06-25 18:44:43",
    "userId": 1663,
    "userName": "UC8qJyydQ0eG9hwyc3XMfokkAU17k5cN",
    "website": null
}

2023-06-25 18:44:43.311 | DEBUG    | httprunner.client:log_print:40 - 
================== response details ==================
status_code : 200
headers  : {
    "Server": "nginx",
    "Date": "Sun, 25 Jun 2023 10:44:43 GMT",
    "Content-Type": "application/json;charset=UTF-8",
    "Transfer-Encoding": "chunked",
    "X-Frame-Options": "SAMEORIGIN",
    "Connection": "keep-alive"
}
cookies  : {}
encoding : UTF-8
content_type : application/json;charset=UTF-8
body     : {
    "message": "success",
    "status": 1,
    "data": true
}

2023-06-25 18:44:43.311 | INFO     | httprunner.client:request:217 - status_code: 200, response_time(ms): 68.85 ms, response_length: 0 bytes
2023-06-25 18:44:43.311 | INFO     | httprunner.response:validate:249 - assert status_code equal 200(int)	==> pass
2023-06-25 18:44:43.311 | INFO     | httprunner.response:validate:249 - assert body.message equal success(str)	==> pass
2023-06-25 18:44:43.312 | INFO     | httprunner.runner:__run_step:304 - run step end: 企业注册第二步提交信息 <<<<<<

2023-06-25 18:44:43.312 | INFO     | httprunner.runner:__run_step:304 - run step end: 企业注册第二步提交信息 <<<<<<

2023-06-25 18:44:43.312 | INFO     | httprunner.runner:__run_step:292 - run step begin: 企业注册查询注册信息 >>>>>>
2023-06-25 18:44:43.313 | INFO     | httprunner.runner:__run_step:292 - run step begin: 企业注册查询注册信息 >>>>>>
2023-06-25 18:44:43.397 | DEBUG    | httprunner.client:request:186 - client IP: 127.0.0.1, Port: 56807
2023-06-25 18:44:43.397 | DEBUG    | httprunner.client:request:194 - server IP: 127.0.0.1, Port: 8888
2023-06-25 18:44:43.398 | DEBUG    | httprunner.client:log_print:40 - 
================== request details ==================
method   : GET
url      : http://139.198.116.76:8000/api/v3/entApply/applyOrNot
headers  : {
    "User-Agent": "Mozilla/5.0 (Macintosh; Intel Mac OS X 10_15_7) AppleWebKit/537.36 (KHTML, like Gecko) Chrome/105.0.0.0 Safari/537.36",
    "Accept-Encoding": "gzip, deflate",
    "Accept": "application/json, text/plain, */*",
    "Connection": "keep-alive",
    "Accept-Language": "zh-CN,zh;q=0.9",
    "HRUN-Request-ID": "HRUN-c547e1f8-79f9-4695-a5d7-ccf9f832a2f3-883313",
    "Cookie": "SESSION=MjIyMTZlNDctMzIwMy00YjJhLThlOGUtNjJlNTY0NGNkYmFm; SESSION=response.headers.\"Set-Cookie\".session"
}
cookies  : {
    "SESSION": "MjIyMTZlNDctMzIwMy00YjJhLThlOGUtNjJlNTY0NGNkYmFm"
}
body     : None

2023-06-25 18:44:43.399 | DEBUG    | httprunner.client:log_print:40 - 
================== response details ==================
status_code : 200
headers  : {
    "Server": "nginx",
    "Date": "Sun, 25 Jun 2023 10:44:43 GMT",
    "Content-Type": "application/json;charset=UTF-8",
    "Transfer-Encoding": "chunked",
    "X-Frame-Options": "SAMEORIGIN",
    "Connection": "keep-alive"
}
cookies  : {}
encoding : UTF-8
content_type : application/json;charset=UTF-8
body     : {
    "message": "success",
    "status": 1,
    "data": {
        "nbmsEntApplyPO": {
            "id": 1429,
            "createDate": "2023-06-25 18:44:43",
            "updateDate": "2023-06-25 18:44:43",
            "applyType": null,
            "entGeneralId": null,
            "applyStep": 3,
            "isSubmit": 0,
            "entPrefix": "88.408.1800499563",
            "firstAuditStatus": null,
            "firstAuditMsg": null,
            "thirdServiceStatus": null,
            "thirdServiceMsg": null,
            "userName": "UC8qJyydQ0eG9hwyc3XMfokkAU17k5cN",
            "finalAuditStatus": null,
            "finalAuditMsg": null,
            "svtrid": null,
            "cltrid": null,
            "userId": 1663,
            "orgName": "UC8qJyydQ0eG9hwyc3XMfokkAU17k5cN",
            "orgNature": "1",
            "orgAddrProvince": "110000",
            "orgAddrCity": "110100",
            "orgAddrCounty": "110101",
            "orgAddr": "致真",
            "orgCrtType": "1",
            "orgCrtCode": "UC8qJyydQ0eG9hwyc3XMfokkAU17k5cN",
            "legalName": "张三",
            "legalCrtType": "1",
            "legalCrtNo": "625433196107250358",
            "orgDesc": null,
            "industryCategory": "A",
            "industrySpecific": "01",
            "contactName": "UC8qJyydQ0eG9hwyc3XMfokkAU17k5cN",
            "contactPhone": "15963890182",
            "contactCrtType": 1,
            "contactCrtNo": "625433196107250358",
            "contactEmail": "OtZ5j2Go2nqw8SAo@qaqseq.com",
            "website": null,
            "regAuthority": null,
            "regCapital": null,
            "establishDate": null,
            "periodValidity": null,
            "legalEmail": null,
            "legalPhone": null,
            "legalFax": null,
            "servSysBuildType": 1,
            "servSysBuildName": null,
            "servSysOperType": 1,
            "servSysOperName": null,
            "dataHostingOrg": null,
            "servHostingOrg": null,
            "regRealNaImpType": null,
            "regRealNaImpName": null,
            "idRegNaImp": null,
            "extWebName": null,
            "extDomain": null,
            "extIpAddr": null,
            "orgCrtImgRid": 2863,
            "contactCrtFrontImgRid": 2864,
            "contactCrtBackImgRid": 2865,
            "legalCrtFrontImgRid": 2864,
            "legalCrtBackImgRid": 2865,
            "servSysBuildContractFileRid": null,
            "servSysOperContractFileRid": null,
            "dataHostingContractFileRid": null,
            "servHostingContractFileRid": null,
            "entInfoLicenses": [],
            "entInfoSyss": [
                {
                    "id": 3576,
                    "entApplyId": 1429,
                    "sysType": 1,
                    "deployMode": 1,
                    "deployAddr": "致真",
                    "deployAddrProvince": "110000",
                    "deployAddrCity": "110100",
                    "deployAddrCounty": "110101",
                    "name": null,
                    "ipPort": null
                },
                {
                    "id": 3577,
                    "entApplyId": 1429,
                    "sysType": 2,
                    "deployMode": 1,
                    "deployAddr": "致真",
                    "deployAddrProvince": "110000",
                    "deployAddrCity": "110100",
                    "deployAddrCounty": "110101",
                    "name": null,
                    "ipPort": null
                },
                {
                    "id": 3578,
                    "entApplyId": 1429,
                    "sysType": 3,
                    "deployMode": 1,
                    "deployAddr": "天津",
                    "deployAddrProvince": "120000",
                    "deployAddrCity": "120100",
                    "deployAddrCounty": "120101",
                    "name": null,
                    "ipPort": null
                },
                {
                    "id": 3579,
                    "entApplyId": 1429,
                    "sysType": 4,
                    "deployMode": 1,
                    "deployAddr": "天津",
                    "deployAddrProvince": "120000",
                    "deployAddrCity": "120100",
                    "deployAddrCounty": "120101",
                    "name": null,
                    "ipPort": null
                }
            ],
            "entInfoSerIndustrys": [],
            "escrowId": null,
            "industryQualificationRid": null,
            "certificationRid": null,
            "openingBank": null,
            "bankCard": null,
            "verificationName": null,
            "orgNatureDesc": "国有控股",
            "orgCrtImgContent": null,
            "orgCategorySpecificDesc": "农、林、牧、渔业-农业",
            "orgAddrProvinceDesc": "北京市",
            "orgAddrCountyDesc": "东城区",
            "orgAddrCityDesc": "市辖区",
            "legalCrtTypeDesc": "中国居民身份证",
            "legalCrtFrontImgContent": null,
            "legalCrtBackImgContent": null,
            "orgCrtImgPath": "69228b35-6d1f-4163-8497-81e03a48cb5b.jpeg",
            "contactCrtFrontImgPath": "feccebda-1472-4e71-aa63-f6a8cbb896db.jpeg",
            "contactCrtBackImgPath": "a8c52699-39b5-4baf-a2c9-ad894bc46ece.jpeg",
            "legalCrtFrontImgPath": "feccebda-1472-4e71-aa63-f6a8cbb896db.jpeg",
            "legalCrtBackImgPath": "a8c52699-39b5-4baf-a2c9-ad894bc46ece.jpeg",
            "servSysBuildContractFilePath": null,
            "servSysOperContractFilePath": null,
            "dataHostingContractFilePath": null,
            "servHostingContractFilePath": null,
            "industryQualificationFilePath": null,
            "certificationFilePath": null,
            "escrowOrgName": null
        },
        "nbmsEntPO": null,
        "nbmsEntPrefixApplyPO": null,
        "needRelog": null,
        "applyStatus": 0
    }
}

2023-06-25 18:44:43.400 | INFO     | httprunner.client:request:217 - status_code: 200, response_time(ms): 83.96 ms, response_length: 0 bytes
2023-06-25 18:44:43.402 | INFO     | httprunner.response:extract:179 - extract mapping: {'applyId': 1429, 'userId': 1663, 'userName': 'UC8qJyydQ0eG9hwyc3XMfokkAU17k5cN', 'imgId_f': 2864, 'imgId_b': 2865, 'entId': None, 'entUserId': None, 'prefix': '88.408.1800499563', 'contactCrtNo': '625433196107250358', 'contactCrtType': 1, 'contactEmail': 'OtZ5j2Go2nqw8SAo@qaqseq.com', 'contactName': 'UC8qJyydQ0eG9hwyc3XMfokkAU17k5cN', 'contactPhone': '15963890182', 'industryCategory': 'A', 'industrySpecific': '01', 'orgName': 'UC8qJyydQ0eG9hwyc3XMfokkAU17k5cN', 'orgNature': '1', 'orgAddrProvince': '110000', 'orgAddrCity': '110100', 'orgAddrCounty': '110101', 'orgAddr': '致真', 'orgCrtType': '1', 'orgCrtCode': 'UC8qJyydQ0eG9hwyc3XMfokkAU17k5cN', 'legalName': '张三', 'legalEmail': None, 'legalPhone': None, 'legalCrtType': '1', 'legalCrtNo': '625433196107250358', 'legalCrtFrontImgRid': 2864, 'legalCrtBackImgRid': 2865, 'orgCrtImgRid': 2863, 'imgId': 2863, 'orgNatureDesc': '国有控股', 'orgCategorySpecificDesc': '农、林、牧、渔业-农业', 'orgAddrProvinceDesc': '北京市', 'orgAddrCountyDesc': '东城区', 'orgAddrCityDesc': '市辖区', 'legalCrtTypeDesc': '中国居民身份证', 'createDate': '2023-06-25 18:44:43', 'updateDate': '2023-06-25 18:44:43', 'entInfoSyss_0_id': 3576, 'entInfoSyss_0_entApplyId': 1429, 'entApplyId': 1429, 'entInfoSyss_0_sysType': 1, 'entInfoSyss_0_deployMode': 1, 'entInfoSyss_0_deployAddr': '致真', 'entInfoSyss_0_deployAddrProvince': '110000', 'entInfoSyss_0_deployAddrCity': '110100', 'entInfoSyss_0_deployAddrCounty': '110101', 'entInfoSyss_1_id': 3577, 'entInfoSyss_1_entApplyId': 1429, 'entInfoSyss_1_sysType': 2, 'entInfoSyss_1_deployMode': 1, 'entInfoSyss_1_deployAddr': '致真', 'entInfoSyss_1_deployAddrProvince': '110000', 'entInfoSyss_1_deployAddrCity': '110100', 'entInfoSyss_1_deployAddrCounty': '110101', 'entInfoSyss_2_id': 3578, 'entInfoSyss_2_entApplyId': 1429, 'entInfoSyss_2_sysType': 3, 'entInfoSyss_2_deployMode': 1, 'entInfoSyss_2_deployAddr': '天津', 'entInfoSyss_2_deployAddrProvince': '120000', 'entInfoSyss_2_deployAddrCity': '120100', 'entInfoSyss_2_deployAddrCounty': '120101', 'entInfoSyss_3_id': 3579, 'entInfoSyss_3_entApplyId': 1429, 'entInfoSyss_3_sysType': 4, 'entInfoSyss_3_deployMode': 1, 'entInfoSyss_3_deployAddr': '天津', 'entInfoSyss_3_deployAddrProvince': '120000', 'entInfoSyss_3_deployAddrCity': '120100', 'entInfoSyss_3_deployAddrCounty': '120101'}
2023-06-25 18:44:43.402 | INFO     | httprunner.response:validate:249 - assert status_code equal 200(int)	==> pass
2023-06-25 18:44:43.402 | INFO     | httprunner.response:validate:249 - assert body.message equal success(str)	==> pass
2023-06-25 18:44:43.402 | INFO     | httprunner.runner:__run_step:304 - run step end: 企业注册查询注册信息 <<<<<<

2023-06-25 18:44:43.402 | INFO     | httprunner.runner:__run_step_testcase:286 - export variables: {'orgAddrProvince': '110000', 'entInfoSyss_2_deployAddr': '天津', 'orgAddrCountyDesc': '东城区', 'entInfoSyss_2_entApplyId': 1429, 'entInfoSyss_3_id': 3579, 'imgId_f': 2864, 'entInfoSyss_3_deployAddrProvince': '120000', 'industrySpecific': '01', 'entUserId': None, 'legalCrtTypeDesc': '中国居民身份证', 'contactPhone': '15963890182', 'orgAddr': '致真', 'orgName': 'UC8qJyydQ0eG9hwyc3XMfokkAU17k5cN', 'entInfoSyss_1_deployAddrProvince': '110000', 'entInfoSyss_0_deployAddrCounty': '110101', 'entInfoSyss_1_deployAddrCounty': '110101', 'entInfoSyss_1_deployAddr': '致真', 'legalCrtNo': '625433196107250358', 'createDate': '2023-06-25 18:44:43', 'entInfoSyss_2_sysType': 3, 'entInfoSyss_1_deployAddrCity': '110100', 'contactEmail': 'OtZ5j2Go2nqw8SAo@qaqseq.com', 'entInfoSyss_1_deployMode': 1, 'prefix': '88.408.1800499563', 'entInfoSyss_1_id': 3577, 'entInfoSyss_3_deployAddr': '天津', 'entApplyId': 1429, 'entInfoSyss_2_deployAddrProvince': '120000', 'entInfoSyss_2_deployMode': 1, 'entInfoSyss_1_sysType': 2, 'orgAddrProvinceDesc': '北京市', 'orgNatureDesc': '国有控股', 'updateDate': '2023-06-25 18:44:43', 'imgId': 2863, 'orgNature': '1', 'entInfoSyss_0_deployAddrCity': '110100', 'entInfoSyss_3_deployAddrCounty': '120101', 'legalCrtBackImgRid': 2865, 'contactName': 'UC8qJyydQ0eG9hwyc3XMfokkAU17k5cN', 'entInfoSyss_0_entApplyId': 1429, 'entInfoSyss_3_deployMode': 1, 'entInfoSyss_0_deployAddr': '致真', 'entInfoSyss_2_deployAddrCity': '120100', 'entInfoSyss_1_entApplyId': 1429, 'legalEmail': None, 'entInfoSyss_3_deployAddrCity': '120100', 'contactCrtType': 1, 'orgCategorySpecificDesc': '农、林、牧、渔业-农业', 'orgCrtType': '1', 'entInfoSyss_0_sysType': 1, 'entInfoSyss_0_deployAddrProvince': '110000', 'legalCrtType': '1', 'imgId_b': 2865, 'applyId': 1429, 'userName': 'UC8qJyydQ0eG9hwyc3XMfokkAU17k5cN', 'orgAddrCounty': '110101', 'entInfoSyss_2_deployAddrCounty': '120101', 'orgAddrCityDesc': '市辖区', 'orgAddrCity': '110100', 'legalPhone': None, 'orgCrtImgRid': 2863, 'legalCrtFrontImgRid': 2864, 'entInfoSyss_0_id': 3576, 'industryCategory': 'A', 'contactCrtNo': '625433196107250358', 'entInfoSyss_3_sysType': 4, 'entInfoSyss_3_entApplyId': 1429, 'entId': None, 'orgCrtCode': 'UC8qJyydQ0eG9hwyc3XMfokkAU17k5cN', 'entInfoSyss_0_deployMode': 1, 'entInfoSyss_2_id': 3578, 'legalName': '张三', 'userId': 1663}
2023-06-25 18:44:43.402 | INFO     | httprunner.runner:__run_step:304 - run step end: 企业注册查询注册信息 <<<<<<

2023-06-25 18:44:43.403 | INFO     | httprunner.runner:__run_step:292 - run step begin: 企业注册最终第三步提交信息 >>>>>>
2023-06-25 18:44:43.403 | INFO     | httprunner.runner:__run_step:292 - run step begin: 企业注册最终第三步提交信息 >>>>>>
2023-06-25 18:44:43.671 | DEBUG    | httprunner.client:request:186 - client IP: 127.0.0.1, Port: 56807
2023-06-25 18:44:43.671 | DEBUG    | httprunner.client:request:194 - server IP: 127.0.0.1, Port: 8888
2023-06-25 18:44:43.673 | DEBUG    | httprunner.client:log_print:40 - 
================== request details ==================
method   : POST
url      : http://139.198.116.76:8000/api/v3/entApply/apply
headers  : {
    "User-Agent": "Mozilla/5.0 (Macintosh; Intel Mac OS X 10_15_7) AppleWebKit/537.36 (KHTML, like Gecko) Chrome/105.0.0.0 Safari/537.36",
    "Accept-Encoding": "gzip, deflate",
    "Accept": "application/json, text/plain, */*",
    "Connection": "keep-alive",
    "Accept-Language": "zh-CN,zh;q=0.9",
    "Content-Type": "application/json;charset=UTF-8",
    "HRUN-Request-ID": "HRUN-c547e1f8-79f9-4695-a5d7-ccf9f832a2f3-883403",
    "Cookie": "SESSION=MjIyMTZlNDctMzIwMy00YjJhLThlOGUtNjJlNTY0NGNkYmFm; SESSION=response.headers.\"Set-Cookie\".session",
    "Content-Length": "3280"
}
cookies  : {
    "SESSION": "MjIyMTZlNDctMzIwMy00YjJhLThlOGUtNjJlNTY0NGNkYmFm"
}
body     : {
    "applyStep": 4,
    "applyType": null,
    "cltrid": null,
    "contactCrtBackImgPath": null,
    "contactCrtBackImgRid": 2865,
    "contactCrtFrontImgPath": null,
    "contactCrtFrontImgRid": 2864,
    "contactCrtNo": "625433196107250358",
    "contactCrtType": 1,
    "contactEmail": "OtZ5j2Go2nqw8SAo@qaqseq.com",
    "contactName": "UC8qJyydQ0eG9hwyc3XMfokkAU17k5cN",
    "contactPhone": "15963890182",
    "createDate": "2023-06-25 18:44:43",
    "dataHostingContractFilePath": null,
    "dataHostingContractFileRid": null,
    "dataHostingOrg": null,
    "entGeneralId": null,
    "entInfoLicenses": [],
    "entInfoSerIndustrys": [],
    "entInfoSyss": [
        {
            "deployAddr": "致真",
            "deployAddrCity": "110100",
            "deployAddrCounty": "110101",
            "deployAddrProvince": "110000",
            "deployMode": 1,
            "ipPort": null,
            "name": null,
            "sysType": 2
        },
        {
            "deployAddr": "致真",
            "deployAddrCity": "110100",
            "deployAddrCounty": "110101",
            "deployAddrProvince": "110000",
            "deployMode": 1,
            "ipPort": null,
            "name": null,
            "sysType": 3
        },
        {
            "deployAddr": "天津",
            "deployAddrCity": "120100",
            "deployAddrCounty": "120101",
            "deployAddrProvince": "120000",
            "deployMode": 1,
            "ipPort": null,
            "name": null,
            "sysType": 4
        },
        {
            "deployAddr": "天津",
            "deployAddrCity": "120100",
            "deployAddrCounty": "120101",
            "deployAddrProvince": "120000",
            "deployMode": 1,
            "ipPort": null,
            "name": null,
            "sysType": 4
        }
    ],
    "entPrefix": "88.408.1800499563",
    "escrowId": null,
    "escrowOrgName": null,
    "establishDate": null,
    "extDomain": null,
    "extIpAddr": null,
    "extWebName": null,
    "finalAuditMsg": null,
    "finalAuditStatus": null,
    "firstAuditMsg": null,
    "firstAuditStatus": null,
    "id": 1429,
    "idRegNaImp": null,
    "industryCategory": "A",
    "industrySpecific": "01",
    "isSubmit": 0,
    "legalCrtBackImgContent": null,
    "legalCrtBackImgPath": null,
    "legalCrtBackImgRid": 2865,
    "legalCrtFrontImgContent": null,
    "legalCrtFrontImgPath": null,
    "legalCrtFrontImgRid": 2864,
    "legalCrtNo": "625433196107250358",
    "legalCrtType": "1",
    "legalCrtTypeDesc": "中国居民身份证",
    "legalEmail": null,
    "legalFax": null,
    "legalName": "张三",
    "legalPhone": null,
    "orgAddr": "致真",
    "orgAddrCity": "110100",
    "orgAddrCityDesc": "市辖区",
    "orgAddrCounty": "110101",
    "orgAddrCountyDesc": "东城区",
    "orgAddrProvince": "110000",
    "orgAddrProvinceDesc": "北京市",
    "orgCategorySpecificDesc": "农、林、牧、渔业-农业",
    "orgCrtCode": "UC8qJyydQ0eG9hwyc3XMfokkAU17k5cN",
    "orgCrtImgContent": null,
    "orgCrtImgPath": null,
    "orgCrtImgRid": 2863,
    "orgCrtType": "1",
    "orgDesc": null,
    "orgName": "UC8qJyydQ0eG9hwyc3XMfokkAU17k5cN",
    "orgNature": "1",
    "orgNatureDesc": "1",
    "periodValidity": null,
    "regAuthority": null,
    "regCapital": null,
    "regRealNaImpName": null,
    "regRealNaImpType": null,
    "servHostingContractFilePath": null,
    "servHostingContractFileRid": null,
    "servHostingOrg": null,
    "servSysBuildContractFilePath": null,
    "servSysBuildContractFileRid": null,
    "servSysBuildName": null,
    "servSysBuildType": 1,
    "servSysOperContractFilePath": null,
    "servSysOperContractFileRid": null,
    "servSysOperName": null,
    "servSysOperType": 1,
    "svtrid": null,
    "thirdServiceMsg": null,
    "thirdServiceStatus": null,
    "updateDate": "2023-06-25 18:44:43",
    "userId": 1663,
    "userName": "UC8qJyydQ0eG9hwyc3XMfokkAU17k5cN",
    "website": null
}

2023-06-25 18:44:43.674 | DEBUG    | httprunner.client:log_print:40 - 
================== response details ==================
status_code : 200
headers  : {
    "Server": "nginx",
    "Date": "Sun, 25 Jun 2023 10:44:43 GMT",
    "Content-Type": "application/json;charset=UTF-8",
    "Transfer-Encoding": "chunked",
    "X-Frame-Options": "SAMEORIGIN",
    "Connection": "keep-alive"
}
cookies  : {}
encoding : UTF-8
content_type : application/json;charset=UTF-8
body     : {
    "message": "success",
    "status": 1,
    "data": true
}

2023-06-25 18:44:43.674 | INFO     | httprunner.client:request:217 - status_code: 200, response_time(ms): 267.33 ms, response_length: 0 bytes
2023-06-25 18:44:43.674 | INFO     | httprunner.response:validate:249 - assert status_code equal 200(int)	==> pass
2023-06-25 18:44:43.674 | INFO     | httprunner.response:validate:249 - assert body.message equal success(str)	==> pass
2023-06-25 18:44:43.675 | INFO     | httprunner.runner:__run_step:304 - run step end: 企业注册最终第三步提交信息 <<<<<<

2023-06-25 18:44:43.675 | INFO     | httprunner.runner:__run_step:304 - run step end: 企业注册最终第三步提交信息 <<<<<<

2023-06-25 18:44:43.676 | INFO     | httprunner.runner:__run_step:292 - run step begin: 登录-管理员 >>>>>>
2023-06-25 18:44:43.677 | INFO     | httprunner.runner:__run_step:292 - run step begin: 登录-企业用户 >>>>>>
2023-06-25 18:44:43.737 | DEBUG    | httprunner.client:request:186 - client IP: 127.0.0.1, Port: 56807
2023-06-25 18:44:43.738 | DEBUG    | httprunner.client:request:194 - server IP: 127.0.0.1, Port: 8888
2023-06-25 18:44:43.738 | DEBUG    | httprunner.client:log_print:40 - 
================== request details ==================
method   : POST
url      : http://139.198.116.76:8000/api/home/test/login
headers  : {
    "User-Agent": "python-requests/2.28.1",
    "Accept-Encoding": "gzip, deflate, br",
    "Accept": "*/*",
    "Connection": "keep-alive",
    "Content-Length": "144",
    "Content-Type": "application/json",
    "HRUN-Request-ID": "HRUN-c547e1f8-79f9-4695-a5d7-ccf9f832a2f3-883677",
    "Cookie": "SESSION=MjIyMTZlNDctMzIwMy00YjJhLThlOGUtNjJlNTY0NGNkYmFm"
}
cookies  : {
    "SESSION": "MjIyMTZlNDctMzIwMy00YjJhLThlOGUtNjJlNTY0NGNkYmFm"
}
body     : {
    "captcha": "0000",
    "captchaSign": "5d39bab12bba81ab59b3931d2ca06ee9603c3803355932be66974f122cab3502",
    "emailCaptcha": "",
    "username": "adminy"
}

2023-06-25 18:44:43.739 | DEBUG    | httprunner.client:log_print:40 - 
================== response details ==================
status_code : 200
headers  : {
    "Server": "nginx",
    "Date": "Sun, 25 Jun 2023 10:44:43 GMT",
    "Content-Type": "application/json;charset=UTF-8",
    "Transfer-Encoding": "chunked",
    "Set-Cookie": "SESSION=MThmNTE2YjYtZjAyMi00ZDAyLWE5YjYtZmY1ZDRmZjVkNGRl; Path=/; HttpOnly; SameSite=Lax",
    "X-Frame-Options": "SAMEORIGIN",
    "Connection": "keep-alive"
}
cookies  : {
    "SESSION": "MThmNTE2YjYtZjAyMi00ZDAyLWE5YjYtZmY1ZDRmZjVkNGRl"
}
encoding : UTF-8
content_type : application/json;charset=UTF-8
body     : {
    "message": "success",
    "status": 1,
    "data": true
}

2023-06-25 18:44:43.739 | INFO     | httprunner.client:request:217 - status_code: 200, response_time(ms): 60.36 ms, response_length: 0 bytes
2023-06-25 18:44:43.740 | INFO     | httprunner.response:extract:179 - extract mapping: {'adminSession': 'response.headers."Set-Cookie".session'}
2023-06-25 18:44:43.740 | INFO     | httprunner.response:validate:249 - assert status_code equal 200(int)	==> pass
2023-06-25 18:44:43.740 | INFO     | httprunner.response:validate:249 - assert headers."Content-Type" equal application/json;charset=UTF-8(str)	==> pass
2023-06-25 18:44:43.741 | INFO     | httprunner.response:validate:249 - assert body.message equal success(str)	==> pass
2023-06-25 18:44:43.741 | INFO     | httprunner.response:validate:249 - assert body.status equal 1(int)	==> pass
2023-06-25 18:44:43.741 | INFO     | httprunner.response:validate:249 - assert body.data equal True(bool)	==> pass
2023-06-25 18:44:43.741 | INFO     | httprunner.runner:__run_step:304 - run step end: 登录-企业用户 <<<<<<

2023-06-25 18:44:43.742 | INFO     | httprunner.runner:__run_step_testcase:286 - export variables: {'adminSession': 'response.headers."Set-Cookie".session'}
2023-06-25 18:44:43.742 | INFO     | httprunner.runner:__run_step:304 - run step end: 登录-管理员 <<<<<<

2023-06-25 18:44:43.742 | INFO     | httprunner.runner:__run_step:292 - run step begin: 年费费用查询 >>>>>>
2023-06-25 18:44:43.743 | INFO     | httprunner.runner:__run_step:292 - run step begin: 财务规则查询-年费 >>>>>>
2023-06-25 18:44:43.793 | DEBUG    | httprunner.client:request:186 - client IP: 127.0.0.1, Port: 56807
2023-06-25 18:44:43.793 | DEBUG    | httprunner.client:request:194 - server IP: 127.0.0.1, Port: 8888
2023-06-25 18:44:43.794 | DEBUG    | httprunner.client:log_print:40 - 
================== request details ==================
method   : GET
url      : http://139.198.116.76:8000/api/finance/rule/findRule?cache=1663837640684&moneyType=2&userId=1663
headers  : {
    "User-Agent": "Mozilla/5.0 (Macintosh; Intel Mac OS X 10_15_7) AppleWebKit/537.36 (KHTML, like Gecko) Chrome/98.0.4758.102 Safari/537.36 Edg/98.0.1108.56",
    "Accept-Encoding": "gzip, deflate",
    "Accept": "application/json, text/plain, */*",
    "Connection": "keep-alive",
    "Accept-Language": "zh-CN,zh;q=0.9,en;q=0.8,en-GB;q=0.7,en-US;q=0.6",
    "HRUN-Request-ID": "HRUN-c547e1f8-79f9-4695-a5d7-ccf9f832a2f3-883743",
    "Cookie": "SESSION=MThmNTE2YjYtZjAyMi00ZDAyLWE5YjYtZmY1ZDRmZjVkNGRl; SESSION=response.headers.\"Set-Cookie\".session"
}
cookies  : {
    "SESSION": "MThmNTE2YjYtZjAyMi00ZDAyLWE5YjYtZmY1ZDRmZjVkNGRl"
}
body     : None

2023-06-25 18:44:43.795 | DEBUG    | httprunner.client:log_print:40 - 
================== response details ==================
status_code : 200
headers  : {
    "Server": "nginx",
    "Date": "Sun, 25 Jun 2023 10:44:43 GMT",
    "Content-Type": "application/json;charset=UTF-8",
    "Transfer-Encoding": "chunked",
    "X-Frame-Options": "SAMEORIGIN",
    "Connection": "keep-alive"
}
cookies  : {}
encoding : UTF-8
content_type : application/json;charset=UTF-8
body     : {
    "message": "success",
    "status": 1,
    "data": [
        {
            "id": 78,
            "createDate": "2023-05-31 12:51:47",
            "updateDate": "2023-05-31 12:51:47",
            "name": "标准",
            "money": 10000.0,
            "moneyType": 2,
            "prefixCount": 1,
            "remart": "test",
            "entName": null,
            "entUserId": null,
            "ruleType": 2,
            "escrowId": null
        }
    ]
}

2023-06-25 18:44:43.795 | INFO     | httprunner.client:request:217 - status_code: 200, response_time(ms): 49.66 ms, response_length: 0 bytes
2023-06-25 18:44:43.795 | INFO     | httprunner.response:extract:179 - extract mapping: {'annualFeeRuleId': 78}
2023-06-25 18:44:43.796 | INFO     | httprunner.response:validate:249 - assert status_code equal 200(int)	==> pass
2023-06-25 18:44:43.796 | INFO     | httprunner.response:validate:249 - assert body.message equal success(str)	==> pass
2023-06-25 18:44:43.796 | INFO     | httprunner.response:validate:249 - assert body.status equal 1(int)	==> pass
2023-06-25 18:44:43.797 | INFO     | httprunner.runner:__run_step:304 - run step end: 财务规则查询-年费 <<<<<<

2023-06-25 18:44:43.797 | INFO     | httprunner.runner:__run_step_testcase:286 - export variables: {'annualFeeRuleId': 78}
2023-06-25 18:44:43.797 | INFO     | httprunner.runner:__run_step:304 - run step end: 年费费用查询 <<<<<<

2023-06-25 18:44:43.797 | INFO     | httprunner.runner:__run_step:292 - run step begin: 注册费费用查询 >>>>>>
2023-06-25 18:44:43.798 | INFO     | httprunner.runner:__run_step:292 - run step begin: 财务规则查询-注册费 >>>>>>
2023-06-25 18:44:43.867 | DEBUG    | httprunner.client:request:186 - client IP: 127.0.0.1, Port: 56807
2023-06-25 18:44:43.868 | DEBUG    | httprunner.client:request:194 - server IP: 127.0.0.1, Port: 8888
2023-06-25 18:44:43.868 | DEBUG    | httprunner.client:log_print:40 - 
================== request details ==================
method   : GET
url      : http://139.198.116.76:8000/api/finance/rule/findRule?moneyType=1&userId=1663
headers  : {
    "User-Agent": "Mozilla/5.0 (Macintosh; Intel Mac OS X 10_15_7) AppleWebKit/537.36 (KHTML, like Gecko) Chrome/98.0.4758.102 Safari/537.36 Edg/98.0.1108.56",
    "Accept-Encoding": "gzip, deflate",
    "Accept": "application/json, text/plain, */*",
    "Connection": "keep-alive",
    "Accept-Language": "zh-CN,zh;q=0.9,en;q=0.8,en-GB;q=0.7,en-US;q=0.6",
    "HRUN-Request-ID": "HRUN-c547e1f8-79f9-4695-a5d7-ccf9f832a2f3-883798",
    "Cookie": "SESSION=MThmNTE2YjYtZjAyMi00ZDAyLWE5YjYtZmY1ZDRmZjVkNGRl; SESSION=response.headers.\"Set-Cookie\".session"
}
cookies  : {
    "SESSION": "MThmNTE2YjYtZjAyMi00ZDAyLWE5YjYtZmY1ZDRmZjVkNGRl"
}
body     : None

2023-06-25 18:44:43.869 | DEBUG    | httprunner.client:log_print:40 - 
================== response details ==================
status_code : 200
headers  : {
    "Server": "nginx",
    "Date": "Sun, 25 Jun 2023 10:44:44 GMT",
    "Content-Type": "application/json;charset=UTF-8",
    "Transfer-Encoding": "chunked",
    "X-Frame-Options": "SAMEORIGIN",
    "Connection": "keep-alive"
}
cookies  : {}
encoding : UTF-8
content_type : application/json;charset=UTF-8
body     : {
    "message": "success",
    "status": 1,
    "data": [
        {
            "id": 77,
            "createDate": "2023-05-31 12:51:33",
            "updateDate": "2023-05-31 12:51:33",
            "name": "标准",
            "money": 10000.0,
            "moneyType": 1,
            "prefixCount": 1,
            "remart": "test",
            "entName": null,
            "entUserId": null,
            "ruleType": 2,
            "escrowId": null
        }
    ]
}

2023-06-25 18:44:43.870 | INFO     | httprunner.client:request:217 - status_code: 200, response_time(ms): 69.17 ms, response_length: 0 bytes
2023-06-25 18:44:43.870 | INFO     | httprunner.response:extract:179 - extract mapping: {'regFeeRuleId': 77}
2023-06-25 18:44:43.870 | INFO     | httprunner.response:validate:249 - assert status_code equal 200(int)	==> pass
2023-06-25 18:44:43.870 | INFO     | httprunner.response:validate:249 - assert body.message equal success(str)	==> pass
2023-06-25 18:44:43.871 | INFO     | httprunner.response:validate:249 - assert body.status equal 1(int)	==> pass
2023-06-25 18:44:43.871 | INFO     | httprunner.runner:__run_step:304 - run step end: 财务规则查询-注册费 <<<<<<

2023-06-25 18:44:43.872 | INFO     | httprunner.runner:__run_step_testcase:286 - export variables: {'regFeeRuleId': 77}
2023-06-25 18:44:43.872 | INFO     | httprunner.runner:__run_step:304 - run step end: 注册费费用查询 <<<<<<

2023-06-25 18:44:43.872 | INFO     | httprunner.runner:__run_step:292 - run step begin: 审核结果保存 >>>>>>
2023-06-25 18:44:43.872 | INFO     | httprunner.runner:__run_step:292 - run step begin: 企业审核保存 >>>>>>
2023-06-25 18:44:44.886 | DEBUG    | httprunner.client:request:186 - client IP: 127.0.0.1, Port: 56807
2023-06-25 18:44:44.886 | DEBUG    | httprunner.client:request:194 - server IP: 127.0.0.1, Port: 8888
2023-06-25 18:44:44.887 | DEBUG    | httprunner.client:log_print:40 - 
================== request details ==================
method   : POST
url      : http://139.198.116.76:8000/api/v3/ent/audit/save?annualFeeRuleId=78&applyId=1429&auditMsg=%E5%AE%A1%E6%A0%B8%E9%80%9A%E8%BF%87&auditResult=pass&entPrefix=88.408.1800499563&regFeeRuleId=77
headers  : {
    "User-Agent": "Mozilla/5.0 (Macintosh; Intel Mac OS X 10_15_7) AppleWebKit/537.36 (KHTML, like Gecko) Chrome/98.0.4758.102 Safari/537.36 Edg/98.0.1108.56",
    "Accept-Encoding": "gzip, deflate",
    "Accept": "application/json, text/plain, */*",
    "Connection": "keep-alive",
    "Accept-Language": "zh-CN,zh;q=0.9,en;q=0.8,en-GB;q=0.7,en-US;q=0.6",
    "Content-Length": "0",
    "HRUN-Request-ID": "HRUN-c547e1f8-79f9-4695-a5d7-ccf9f832a2f3-883873",
    "Cookie": "SESSION=MThmNTE2YjYtZjAyMi00ZDAyLWE5YjYtZmY1ZDRmZjVkNGRl; SESSION=response.headers.\"Set-Cookie\".session"
}
cookies  : {
    "SESSION": "MThmNTE2YjYtZjAyMi00ZDAyLWE5YjYtZmY1ZDRmZjVkNGRl"
}
body     : None

2023-06-25 18:44:44.888 | DEBUG    | httprunner.client:log_print:40 - 
================== response details ==================
status_code : 200
headers  : {
    "Server": "nginx",
    "Date": "Sun, 25 Jun 2023 10:44:45 GMT",
    "Content-Type": "application/json",
    "Transfer-Encoding": "chunked",
    "X-Frame-Options": "SAMEORIGIN",
    "Connection": "keep-alive"
}
cookies  : {}
encoding : utf-8
content_type : application/json
body     : {
    "message": "success",
    "status": 1,
    "data": true
}

2023-06-25 18:44:44.888 | INFO     | httprunner.client:request:217 - status_code: 200, response_time(ms): 1012.96 ms, response_length: 0 bytes
2023-06-25 18:44:44.888 | INFO     | httprunner.response:validate:249 - assert status_code equal 200(int)	==> pass
2023-06-25 18:44:44.889 | INFO     | httprunner.response:validate:249 - assert body.message equal success(str)	==> pass
2023-06-25 18:44:44.889 | INFO     | httprunner.response:validate:249 - assert body.status equal 1(int)	==> pass
2023-06-25 18:44:44.889 | INFO     | httprunner.response:validate:249 - assert body.data equal True(bool)	==> pass
2023-06-25 18:44:44.889 | INFO     | httprunner.runner:__run_step:304 - run step end: 企业审核保存 <<<<<<

2023-06-25 18:44:44.890 | INFO     | httprunner.runner:__run_step:304 - run step end: 审核结果保存 <<<<<<

2023-06-25 18:44:44.890 | INFO     | httprunner.runner:__run_step:292 - run step begin: 企业用户登录 >>>>>>
2023-06-25 18:44:44.891 | INFO     | httprunner.runner:__run_step:292 - run step begin: 登录-企业用户 >>>>>>
2023-06-25 18:44:44.953 | DEBUG    | httprunner.client:request:186 - client IP: 127.0.0.1, Port: 56807
2023-06-25 18:44:44.953 | DEBUG    | httprunner.client:request:194 - server IP: 127.0.0.1, Port: 8888
2023-06-25 18:44:44.954 | DEBUG    | httprunner.client:log_print:40 - 
================== request details ==================
method   : POST
url      : http://139.198.116.76:8000/api/home/test/login
headers  : {
    "User-Agent": "python-requests/2.28.1",
    "Accept-Encoding": "gzip, deflate, br",
    "Accept": "*/*",
    "Connection": "keep-alive",
    "Content-Length": "170",
    "Content-Type": "application/json",
    "HRUN-Request-ID": "HRUN-c547e1f8-79f9-4695-a5d7-ccf9f832a2f3-884891",
    "Cookie": "SESSION=MThmNTE2YjYtZjAyMi00ZDAyLWE5YjYtZmY1ZDRmZjVkNGRl"
}
cookies  : {
    "SESSION": "MThmNTE2YjYtZjAyMi00ZDAyLWE5YjYtZmY1ZDRmZjVkNGRl"
}
body     : {
    "captcha": "0000",
    "captchaSign": "1e2c6ef7e10759afe783f8eb651a55568d35bd40520804d213fafa4dc0b4352d",
    "emailCaptcha": "",
    "username": "UC8qJyydQ0eG9hwyc3XMfokkAU17k5cN"
}

2023-06-25 18:44:44.955 | DEBUG    | httprunner.client:log_print:40 - 
================== response details ==================
status_code : 200
headers  : {
    "Server": "nginx",
    "Date": "Sun, 25 Jun 2023 10:44:45 GMT",
    "Content-Type": "application/json;charset=UTF-8",
    "Transfer-Encoding": "chunked",
    "Set-Cookie": "SESSION=YmQ2YzM2MDUtZmM0YS00YWJlLWEzOWEtMWUyZjk0MWIzZmRl; Path=/; HttpOnly; SameSite=Lax",
    "X-Frame-Options": "SAMEORIGIN",
    "Connection": "keep-alive"
}
cookies  : {
    "SESSION": "YmQ2YzM2MDUtZmM0YS00YWJlLWEzOWEtMWUyZjk0MWIzZmRl"
}
encoding : UTF-8
content_type : application/json;charset=UTF-8
body     : {
    "message": "success",
    "status": 1,
    "data": true
}

2023-06-25 18:44:44.955 | INFO     | httprunner.client:request:217 - status_code: 200, response_time(ms): 61.49 ms, response_length: 0 bytes
2023-06-25 18:44:44.955 | INFO     | httprunner.response:extract:179 - extract mapping: {'entSession': 'response.headers."Set-Cookie".session'}
2023-06-25 18:44:44.956 | INFO     | httprunner.response:validate:249 - assert status_code equal 200(int)	==> pass
2023-06-25 18:44:44.956 | INFO     | httprunner.response:validate:249 - assert headers."Content-Type" equal application/json;charset=UTF-8(str)	==> pass
2023-06-25 18:44:44.956 | INFO     | httprunner.response:validate:249 - assert body.message equal success(str)	==> pass
2023-06-25 18:44:44.956 | INFO     | httprunner.response:validate:249 - assert body.status equal 1(int)	==> pass
2023-06-25 18:44:44.957 | INFO     | httprunner.response:validate:249 - assert body.data equal True(bool)	==> pass
2023-06-25 18:44:44.957 | INFO     | httprunner.runner:__run_step:304 - run step end: 登录-企业用户 <<<<<<

2023-06-25 18:44:44.957 | INFO     | httprunner.runner:__run_step_testcase:286 - export variables: {'entSession': 'response.headers."Set-Cookie".session'}
2023-06-25 18:44:44.957 | INFO     | httprunner.runner:__run_step:304 - run step end: 企业用户登录 <<<<<<

2023-06-25 18:44:44.957 | INFO     | httprunner.runner:__run_step:292 - run step begin: 企业申请托管 >>>>>>
2023-06-25 18:44:44.957 | INFO     | httprunner.runner:__run_step:292 - run step begin: 托管申请 >>>>>>
2023-06-25 18:44:45.305 | DEBUG    | httprunner.client:request:186 - client IP: 127.0.0.1, Port: 56807
2023-06-25 18:44:45.306 | DEBUG    | httprunner.client:request:194 - server IP: 127.0.0.1, Port: 8888
2023-06-25 18:44:45.306 | DEBUG    | httprunner.client:log_print:40 - 
================== request details ==================
method   : GET
url      : http://139.198.116.76:8000/api/prefixProxy/apply?entPrefix=88.408.1800499563
headers  : {
    "User-Agent": "Mozilla/5.0 (Macintosh; Intel Mac OS X 10_15_7) AppleWebKit/537.36 (KHTML, like Gecko) Chrome/105.0.0.0 Safari/537.36",
    "Accept-Encoding": "gzip, deflate",
    "Accept": "application/json, text/plain, */*",
    "Connection": "keep-alive",
    "Accept-Language": "zh-CN,zh;q=0.9",
    "HRUN-Request-ID": "HRUN-c547e1f8-79f9-4695-a5d7-ccf9f832a2f3-884957",
    "Cookie": "SESSION=YmQ2YzM2MDUtZmM0YS00YWJlLWEzOWEtMWUyZjk0MWIzZmRl; SESSION=response.headers.\"Set-Cookie\".session"
}
cookies  : {
    "SESSION": "YmQ2YzM2MDUtZmM0YS00YWJlLWEzOWEtMWUyZjk0MWIzZmRl"
}
body     : None

2023-06-25 18:44:45.307 | DEBUG    | httprunner.client:log_print:40 - 
================== response details ==================
status_code : 200
headers  : {
    "Server": "nginx",
    "Date": "Sun, 25 Jun 2023 10:44:45 GMT",
    "Content-Type": "application/json;charset=UTF-8",
    "Transfer-Encoding": "chunked",
    "X-Frame-Options": "SAMEORIGIN",
    "Connection": "keep-alive"
}
cookies  : {}
encoding : UTF-8
content_type : application/json;charset=UTF-8
body     : {
    "message": "success",
    "status": 1,
    "data": null
}

2023-06-25 18:44:45.307 | INFO     | httprunner.client:request:217 - status_code: 200, response_time(ms): 347.66 ms, response_length: 0 bytes
2023-06-25 18:44:45.307 | INFO     | httprunner.response:validate:249 - assert status_code equal 200(int)	==> pass
2023-06-25 18:44:45.308 | INFO     | httprunner.response:validate:249 - assert body.message equal success(str)	==> pass
2023-06-25 18:44:45.308 | INFO     | httprunner.runner:__run_step:304 - run step end: 托管申请 <<<<<<

2023-06-25 18:44:45.308 | INFO     | httprunner.runner:__run_step:304 - run step end: 企业申请托管 <<<<<<

2023-06-25 18:44:45.309 | INFO     | httprunner.runner:__run_step:292 - run step begin: 管理员用户登录 >>>>>>
2023-06-25 18:44:45.310 | INFO     | httprunner.runner:__run_step:292 - run step begin: 登录-企业用户 >>>>>>
2023-06-25 18:44:45.371 | DEBUG    | httprunner.client:request:186 - client IP: 127.0.0.1, Port: 56807
2023-06-25 18:44:45.372 | DEBUG    | httprunner.client:request:194 - server IP: 127.0.0.1, Port: 8888
2023-06-25 18:44:45.373 | DEBUG    | httprunner.client:log_print:40 - 
================== request details ==================
method   : POST
url      : http://139.198.116.76:8000/api/home/test/login
headers  : {
    "User-Agent": "python-requests/2.28.1",
    "Accept-Encoding": "gzip, deflate, br",
    "Accept": "*/*",
    "Connection": "keep-alive",
    "Content-Length": "144",
    "Content-Type": "application/json",
    "HRUN-Request-ID": "HRUN-c547e1f8-79f9-4695-a5d7-ccf9f832a2f3-885311",
    "Cookie": "SESSION=YmQ2YzM2MDUtZmM0YS00YWJlLWEzOWEtMWUyZjk0MWIzZmRl"
}
cookies  : {
    "SESSION": "YmQ2YzM2MDUtZmM0YS00YWJlLWEzOWEtMWUyZjk0MWIzZmRl"
}
body     : {
    "captcha": "0000",
    "captchaSign": "5d39bab12bba81ab59b3931d2ca06ee9603c3803355932be66974f122cab3502",
    "emailCaptcha": "",
    "username": "adminy"
}

2023-06-25 18:44:45.374 | DEBUG    | httprunner.client:log_print:40 - 
================== response details ==================
status_code : 200
headers  : {
    "Server": "nginx",
    "Date": "Sun, 25 Jun 2023 10:44:45 GMT",
    "Content-Type": "application/json;charset=UTF-8",
    "Transfer-Encoding": "chunked",
    "Set-Cookie": "SESSION=ODkwY2I5MmEtZjY5YS00YzVjLTk0N2ItMzBjYjIxNzAxNzYx; Path=/; HttpOnly; SameSite=Lax",
    "X-Frame-Options": "SAMEORIGIN",
    "Connection": "keep-alive"
}
cookies  : {
    "SESSION": "ODkwY2I5MmEtZjY5YS00YzVjLTk0N2ItMzBjYjIxNzAxNzYx"
}
encoding : UTF-8
content_type : application/json;charset=UTF-8
body     : {
    "message": "success",
    "status": 1,
    "data": true
}

2023-06-25 18:44:45.374 | INFO     | httprunner.client:request:217 - status_code: 200, response_time(ms): 60.82 ms, response_length: 0 bytes
2023-06-25 18:44:45.374 | INFO     | httprunner.response:extract:179 - extract mapping: {'adminSession': 'response.headers."Set-Cookie".session'}
2023-06-25 18:44:45.375 | INFO     | httprunner.response:validate:249 - assert status_code equal 200(int)	==> pass
2023-06-25 18:44:45.375 | INFO     | httprunner.response:validate:249 - assert headers."Content-Type" equal application/json;charset=UTF-8(str)	==> pass
2023-06-25 18:44:45.375 | INFO     | httprunner.response:validate:249 - assert body.message equal success(str)	==> pass
2023-06-25 18:44:45.376 | INFO     | httprunner.response:validate:249 - assert body.status equal 1(int)	==> pass
2023-06-25 18:44:45.376 | INFO     | httprunner.response:validate:249 - assert body.data equal True(bool)	==> pass
2023-06-25 18:44:45.376 | INFO     | httprunner.runner:__run_step:304 - run step end: 登录-企业用户 <<<<<<

2023-06-25 18:44:45.376 | INFO     | httprunner.runner:__run_step_testcase:286 - export variables: {'adminSession': 'response.headers."Set-Cookie".session'}
2023-06-25 18:44:45.376 | INFO     | httprunner.runner:__run_step:304 - run step end: 管理员用户登录 <<<<<<

2023-06-25 18:44:45.376 | INFO     | httprunner.runner:__run_step:292 - run step begin: 前缀审核列表查询所申请前缀的id >>>>>>
2023-06-25 18:44:45.377 | INFO     | httprunner.runner:__run_step:292 - run step begin: 前缀审核列表 >>>>>>
2023-06-25 18:44:45.446 | DEBUG    | httprunner.client:request:186 - client IP: 127.0.0.1, Port: 56807
2023-06-25 18:44:45.446 | DEBUG    | httprunner.client:request:194 - server IP: 127.0.0.1, Port: 8888
2023-06-25 18:44:45.447 | DEBUG    | httprunner.client:log_print:40 - 
================== request details ==================
method   : GET
url      : http://139.198.116.76:8000/api/proxyserver/prefix/audit/pageQuery?cache=1663920502544&currentPage=1&entNameCn=&escrowOrgName=&order=&orderProp=&prefix=88.408.1800499563
headers  : {
    "User-Agent": "Mozilla/5.0 (Macintosh; Intel Mac OS X 10_15_7) AppleWebKit/537.36 (KHTML, like Gecko) Chrome/104.0.0.0 Safari/537.36",
    "Accept-Encoding": "gzip, deflate",
    "Accept": "application/json, text/plain, */*",
    "Connection": "keep-alive",
    "Accept-Language": "zh-CN,zh;q=0.9",
    "HRUN-Request-ID": "HRUN-c547e1f8-79f9-4695-a5d7-ccf9f832a2f3-885377",
    "Cookie": "SESSION=ODkwY2I5MmEtZjY5YS00YzVjLTk0N2ItMzBjYjIxNzAxNzYx; SESSION=response.headers.\"Set-Cookie\".session"
}
cookies  : {
    "SESSION": "ODkwY2I5MmEtZjY5YS00YzVjLTk0N2ItMzBjYjIxNzAxNzYx"
}
body     : None

2023-06-25 18:44:45.448 | DEBUG    | httprunner.client:log_print:40 - 
================== response details ==================
status_code : 200
headers  : {
    "Server": "nginx",
    "Date": "Sun, 25 Jun 2023 10:44:45 GMT",
    "Content-Type": "application/json",
    "Transfer-Encoding": "chunked",
    "X-Frame-Options": "SAMEORIGIN",
    "Connection": "keep-alive"
}
cookies  : {}
encoding : utf-8
content_type : application/json
body     : {
    "message": "success",
    "status": 1,
    "data": {
        "first": true,
        "last": true,
        "totalPages": 1,
        "totalElements": 1,
        "number": 1,
        "size": 10,
        "sort": {
            "sorted": true,
            "unsorted": false,
            "empty": false
        },
        "numberOfElements": 1,
        "content": [
            {
                "id": 381,
                "prefix": "88.408.1800499563",
                "entNameCn": "UC8qJyydQ0eG9hwyc3XMfokkAU17k5cN",
                "escrowOrgName": null,
                "isProxy": 2,
                "userId": 1663,
                "createDate": "2023-06-25 18:44:45",
                "updateDate": "2023-06-25 18:44:45"
            }
        ]
    }
}

2023-06-25 18:44:45.448 | INFO     | httprunner.client:request:217 - status_code: 200, response_time(ms): 68.76 ms, response_length: 0 bytes
2023-06-25 18:44:45.449 | INFO     | httprunner.response:extract:179 - extract mapping: {'prefixauditid': 381}
2023-06-25 18:44:45.449 | INFO     | httprunner.response:validate:249 - assert status_code equal 200(int)	==> pass
2023-06-25 18:44:45.449 | INFO     | httprunner.response:validate:249 - assert headers."Content-Type" equal application/json(str)	==> pass
2023-06-25 18:44:45.449 | INFO     | httprunner.response:validate:249 - assert body.message equal success(str)	==> pass
2023-06-25 18:44:45.450 | INFO     | httprunner.response:validate:249 - assert body.status equal 1(int)	==> pass
2023-06-25 18:44:45.450 | INFO     | httprunner.runner:__run_step:304 - run step end: 前缀审核列表 <<<<<<

2023-06-25 18:44:45.451 | INFO     | httprunner.runner:__run_step_testcase:286 - export variables: {'prefixauditid': 381}
2023-06-25 18:44:45.451 | INFO     | httprunner.runner:__run_step:304 - run step end: 前缀审核列表查询所申请前缀的id <<<<<<

2023-06-25 18:44:45.451 | INFO     | httprunner.runner:__run_step:292 - run step begin: 获取托管服务器列表 >>>>>>
2023-06-25 18:44:45.451 | INFO     | httprunner.runner:__run_step:292 - run step begin: 托管服务器列表 >>>>>>
2023-06-25 18:44:45.502 | DEBUG    | httprunner.client:request:186 - client IP: 127.0.0.1, Port: 56807
2023-06-25 18:44:45.503 | DEBUG    | httprunner.client:request:194 - server IP: 127.0.0.1, Port: 8888
2023-06-25 18:44:45.503 | DEBUG    | httprunner.client:log_print:40 - 
================== request details ==================
method   : GET
url      : http://139.198.116.76:8000/api/system/proxy/server/pageQuery?cache=1663915357874
headers  : {
    "User-Agent": "Mozilla/5.0 (Macintosh; Intel Mac OS X 10_15_7) AppleWebKit/537.36 (KHTML, like Gecko) Chrome/104.0.0.0 Safari/537.36",
    "Accept-Encoding": "gzip, deflate",
    "Accept": "application/json, text/plain, */*",
    "Connection": "keep-alive",
    "Accept-Language": "zh-CN,zh;q=0.9",
    "HRUN-Request-ID": "HRUN-c547e1f8-79f9-4695-a5d7-ccf9f832a2f3-885452",
    "Cookie": "SESSION=ODkwY2I5MmEtZjY5YS00YzVjLTk0N2ItMzBjYjIxNzAxNzYx; SESSION=response.headers.\"Set-Cookie\".session"
}
cookies  : {
    "SESSION": "ODkwY2I5MmEtZjY5YS00YzVjLTk0N2ItMzBjYjIxNzAxNzYx"
}
body     : None

2023-06-25 18:44:45.504 | DEBUG    | httprunner.client:log_print:40 - 
================== response details ==================
status_code : 200
headers  : {
    "Server": "nginx",
    "Date": "Sun, 25 Jun 2023 10:44:45 GMT",
    "Content-Type": "application/json",
    "Transfer-Encoding": "chunked",
    "X-Frame-Options": "SAMEORIGIN",
    "Connection": "keep-alive"
}
cookies  : {}
encoding : utf-8
content_type : application/json
body     : {
    "message": "success",
    "status": 1,
    "data": {
        "first": true,
        "last": true,
        "totalPages": 1,
        "totalElements": 1,
        "number": 1,
        "size": 10,
        "sort": {
            "sorted": true,
            "unsorted": false,
            "empty": false
        },
        "numberOfElements": 1,
        "content": [
            {
                "id": 5,
                "createDate": "2023-05-31 10:16:20",
                "updateDate": "2023-05-31 10:16:20",
                "srvName": "托管服务器-勿动",
                "ipType": 4,
                "ip": "192.168.0.76",
                "tcpPort": 2643,
                "udpPort": null,
                "httpPort": 8083,
                "ipTypeReslove": 4,
                "ipReslove": "139.198.116.208",
                "tcpPortReslove": 2643,
                "udpPortReslove": null,
                "httpPortReslove": 8083
            }
        ]
    }
}

2023-06-25 18:44:45.505 | INFO     | httprunner.client:request:217 - status_code: 200, response_time(ms): 50.49 ms, response_length: 0 bytes
2023-06-25 18:44:45.505 | INFO     | httprunner.response:extract:179 - extract mapping: {'proxyserverid': 5}
2023-06-25 18:44:45.505 | INFO     | httprunner.response:validate:249 - assert status_code equal 200(int)	==> pass
2023-06-25 18:44:45.505 | INFO     | httprunner.response:validate:249 - assert headers."Content-Type" equal application/json(str)	==> pass
2023-06-25 18:44:45.506 | INFO     | httprunner.response:validate:249 - assert body.message equal success(str)	==> pass
2023-06-25 18:44:45.506 | INFO     | httprunner.response:validate:249 - assert body.status equal 1(int)	==> pass
2023-06-25 18:44:45.506 | INFO     | httprunner.runner:__run_step:304 - run step end: 托管服务器列表 <<<<<<

2023-06-25 18:44:45.507 | INFO     | httprunner.runner:__run_step_testcase:286 - export variables: {'proxyserverid': 5}
2023-06-25 18:44:45.507 | INFO     | httprunner.runner:__run_step:304 - run step end: 获取托管服务器列表 <<<<<<

2023-06-25 18:44:45.508 | INFO     | httprunner.runner:__run_step:292 - run step begin: 前缀审核通过 >>>>>>
2023-06-25 18:44:45.508 | INFO     | httprunner.runner:__run_step:292 - run step begin: 托管审核保存 >>>>>>
2023-06-25 18:44:45.703 | DEBUG    | httprunner.client:request:186 - client IP: 127.0.0.1, Port: 56807
2023-06-25 18:44:45.703 | DEBUG    | httprunner.client:request:194 - server IP: 127.0.0.1, Port: 8888
2023-06-25 18:44:45.704 | DEBUG    | httprunner.client:log_print:40 - 
================== request details ==================
method   : POST
url      : http://139.198.116.76:8000/api/proxyserver/prefix/audit/save?auditResult=pass&id=381&ids=5
headers  : {
    "User-Agent": "Mozilla/5.0 (Macintosh; Intel Mac OS X 10_15_7) AppleWebKit/537.36 (KHTML, like Gecko) Chrome/104.0.0.0 Safari/537.36",
    "Accept-Encoding": "gzip, deflate",
    "Accept": "application/json, text/plain, */*",
    "Connection": "keep-alive",
    "Accept-Language": "zh-CN,zh;q=0.9",
    "Content-Length": "0",
    "HRUN-Request-ID": "HRUN-c547e1f8-79f9-4695-a5d7-ccf9f832a2f3-885508",
    "Cookie": "SESSION=ODkwY2I5MmEtZjY5YS00YzVjLTk0N2ItMzBjYjIxNzAxNzYx; SESSION=response.headers.\"Set-Cookie\".session"
}
cookies  : {
    "SESSION": "ODkwY2I5MmEtZjY5YS00YzVjLTk0N2ItMzBjYjIxNzAxNzYx"
}
body     : None

2023-06-25 18:44:45.704 | DEBUG    | httprunner.client:log_print:40 - 
================== response details ==================
status_code : 200
headers  : {
    "Server": "nginx",
    "Date": "Sun, 25 Jun 2023 10:44:45 GMT",
    "Content-Type": "application/json",
    "Transfer-Encoding": "chunked",
    "X-Frame-Options": "SAMEORIGIN",
    "Connection": "keep-alive"
}
cookies  : {}
encoding : utf-8
content_type : application/json
body     : {
    "message": "success",
    "status": 1,
    "data": true
}

2023-06-25 18:44:45.705 | INFO     | httprunner.client:request:217 - status_code: 200, response_time(ms): 194.05 ms, response_length: 0 bytes
2023-06-25 18:44:45.705 | INFO     | httprunner.response:validate:249 - assert status_code equal 200(int)	==> pass
2023-06-25 18:44:45.705 | INFO     | httprunner.response:validate:249 - assert headers."Content-Type" equal application/json(str)	==> pass
2023-06-25 18:44:45.705 | INFO     | httprunner.response:validate:249 - assert body.message equal success(str)	==> pass
2023-06-25 18:44:45.706 | INFO     | httprunner.response:validate:249 - assert body.status equal 1(int)	==> pass
2023-06-25 18:44:45.706 | INFO     | httprunner.response:validate:249 - assert body.data equal True(bool)	==> pass
2023-06-25 18:44:45.706 | INFO     | httprunner.runner:__run_step:304 - run step end: 托管审核保存 <<<<<<

2023-06-25 18:44:45.707 | INFO     | httprunner.runner:__run_step:304 - run step end: 前缀审核通过 <<<<<<

2023-06-25 18:44:45.707 | INFO     | httprunner.runner:__run_step:292 - run step begin: 前缀审核列表查询所申请前缀的id >>>>>>
2023-06-25 18:44:45.708 | INFO     | httprunner.runner:__run_step:292 - run step begin: 前缀审核列表查询 >>>>>>
2023-06-25 18:44:45.761 | DEBUG    | httprunner.client:request:186 - client IP: 127.0.0.1, Port: 56807
2023-06-25 18:44:45.761 | DEBUG    | httprunner.client:request:194 - server IP: 127.0.0.1, Port: 8888
2023-06-25 18:44:45.762 | DEBUG    | httprunner.client:log_print:40 - 
================== request details ==================
method   : GET
url      : http://139.198.116.76:8000/api/proxyserver/prefix/audit/pageQuery?cache=1663920502544&currentPage=1&entNameCn=&escrowOrgName=&order=&orderProp=&prefix=88.408.1800499563
headers  : {
    "User-Agent": "Mozilla/5.0 (Macintosh; Intel Mac OS X 10_15_7) AppleWebKit/537.36 (KHTML, like Gecko) Chrome/104.0.0.0 Safari/537.36",
    "Accept-Encoding": "gzip, deflate",
    "Accept": "application/json, text/plain, */*",
    "Connection": "keep-alive",
    "Accept-Language": "zh-CN,zh;q=0.9",
    "HRUN-Request-ID": "HRUN-c547e1f8-79f9-4695-a5d7-ccf9f832a2f3-885708",
    "Cookie": "SESSION=ODkwY2I5MmEtZjY5YS00YzVjLTk0N2ItMzBjYjIxNzAxNzYx; SESSION=response.headers.\"Set-Cookie\".session"
}
cookies  : {
    "SESSION": "ODkwY2I5MmEtZjY5YS00YzVjLTk0N2ItMzBjYjIxNzAxNzYx"
}
body     : None

2023-06-25 18:44:45.762 | DEBUG    | httprunner.client:log_print:40 - 
================== response details ==================
status_code : 200
headers  : {
    "Server": "nginx",
    "Date": "Sun, 25 Jun 2023 10:44:45 GMT",
    "Content-Type": "application/json",
    "Transfer-Encoding": "chunked",
    "X-Frame-Options": "SAMEORIGIN",
    "Connection": "keep-alive"
}
cookies  : {}
encoding : utf-8
content_type : application/json
body     : {
    "message": "success",
    "status": 1,
    "data": {
        "first": true,
        "last": true,
        "totalPages": 1,
        "totalElements": 1,
        "number": 1,
        "size": 10,
        "sort": {
            "sorted": true,
            "unsorted": false,
            "empty": false
        },
        "numberOfElements": 1,
        "content": [
            {
                "id": 381,
                "prefix": "88.408.1800499563",
                "entNameCn": "UC8qJyydQ0eG9hwyc3XMfokkAU17k5cN",
                "escrowOrgName": null,
                "isProxy": 1,
                "userId": 1663,
                "createDate": "2023-06-25 18:44:45",
                "updateDate": "2023-06-25 18:44:46"
            }
        ]
    }
}

2023-06-25 18:44:45.763 | INFO     | httprunner.client:request:217 - status_code: 200, response_time(ms): 52.16 ms, response_length: 0 bytes
2023-06-25 18:44:45.763 | INFO     | httprunner.response:extract:179 - extract mapping: {'prefixauditid': 381}
2023-06-25 18:44:45.763 | INFO     | httprunner.response:validate:249 - assert status_code equal 200(int)	==> pass
2023-06-25 18:44:45.763 | INFO     | httprunner.response:validate:249 - assert headers."Content-Type" equal application/json(str)	==> pass
2023-06-25 18:44:45.764 | INFO     | httprunner.response:validate:249 - assert body.message equal success(str)	==> pass
2023-06-25 18:44:45.764 | INFO     | httprunner.response:validate:249 - assert body.status equal 1(int)	==> pass
2023-06-25 18:44:45.764 | INFO     | httprunner.response:validate:249 - assert body.data.content[0].isProxy equal 1(int)	==> pass
2023-06-25 18:44:45.765 | INFO     | httprunner.runner:__run_step:304 - run step end: 前缀审核列表查询 <<<<<<

2023-06-25 18:44:45.765 | INFO     | httprunner.runner:__run_step_testcase:286 - export variables: {'prefixauditid': 381}
2023-06-25 18:44:45.765 | INFO     | httprunner.runner:__run_step:304 - run step end: 前缀审核列表查询所申请前缀的id <<<<<<

