2023-06-25 16:25:41.179 | INFO     | httprunner.runner:test_start:450 - Start to run testcase: 托管审核用例集, TestCase ID: d5737151-3a5c-44fc-adbc-ca2ed82b9ce2
2023-06-25 16:25:41.179 | INFO     | httprunner.runner:__run_step:292 - run step begin: 用户注册 >>>>>>
2023-06-25 16:25:41.180 | INFO     | httprunner.runner:__run_step:292 - run step begin: 用户注册 >>>>>>
2023-06-25 16:25:41.278 | DEBUG    | httprunner.client:request:186 - client IP: 127.0.0.1, Port: 61439
2023-06-25 16:25:41.278 | DEBUG    | httprunner.client:request:194 - server IP: 127.0.0.1, Port: 8888
2023-06-25 16:25:41.278 | DEBUG    | httprunner.client:log_print:40 - 
================== request details ==================
method   : POST
url      : http://139.198.116.76:8000/api/home/test/registry
headers  : {
    "User-Agent": "Mozilla/5.0 (Windows NT 10.0; WOW64) AppleWebKit/537.36 (KHTML, like Gecko) Chrome/100.0.4896.60 Safari/537.36",
    "Accept-Encoding": "gzip, deflate",
    "Accept": "application/json, text/plain, */*",
    "Connection": "keep-alive",
    "Accept-Language": "zh-CN,zh;q=0.9",
    "HRUN-Request-ID": "HRUN-d5737151-3a5c-44fc-adbc-ca2ed82b9ce2-541180",
    "Content-Length": "187",
    "Content-Type": "application/json"
}
cookies  : {}
body     : {
    "email": "cIOMjWr7GGQyeeUB@qaqseq.com",
    "mobile": "12093162493",
    "openId": "",
    "openUserName": "",
    "password": "Admin@123",
    "remarks": "",
    "username": "2oYKwBBQcNJv7JIke8b3HjY4f6CYUiui"
}

2023-06-25 16:25:41.278 | DEBUG    | httprunner.client:log_print:40 - 
================== response details ==================
status_code : 200
headers  : {
    "Server": "nginx",
    "Date": "Sun, 25 Jun 2023 08:25:41 GMT",
    "Content-Type": "application/json",
    "Transfer-Encoding": "chunked",
    "X-Frame-Options": "SAMEORIGIN",
    "Connection": "keep-alive"
}
cookies  : {}
encoding : utf-8
content_type : application/json
body     : {
    "message": "success",
    "status": 1,
    "data": true
}

2023-06-25 16:25:41.279 | INFO     | httprunner.client:request:217 - status_code: 200, response_time(ms): 97.91 ms, response_length: 0 bytes
2023-06-25 16:25:41.279 | INFO     | httprunner.response:validate:249 - assert status_code equal 200(int)	==> pass
2023-06-25 16:25:41.279 | INFO     | httprunner.response:validate:249 - assert body.message equal success(str)	==> pass
2023-06-25 16:25:41.279 | INFO     | httprunner.response:validate:249 - assert body.status equal 1(int)	==> pass
2023-06-25 16:25:41.279 | INFO     | httprunner.response:validate:249 - assert body.message contains success(str)	==> pass
2023-06-25 16:25:41.279 | INFO     | httprunner.response:validate:249 - assert body.status contained_by [1, 200](list)	==> pass
2023-06-25 16:25:41.279 | INFO     | httprunner.runner:__run_step:304 - run step end: 用户注册 <<<<<<

2023-06-25 16:25:41.279 | INFO     | httprunner.runner:__run_step:304 - run step end: 用户注册 <<<<<<

2023-06-25 16:25:41.279 | INFO     | httprunner.runner:__run_step:292 - run step begin: 登录-企业 >>>>>>
2023-06-25 16:25:41.279 | INFO     | httprunner.runner:__run_step:292 - run step begin: 登录-企业用户 >>>>>>
2023-06-25 16:25:41.341 | DEBUG    | httprunner.client:request:186 - client IP: 127.0.0.1, Port: 61439
2023-06-25 16:25:41.341 | DEBUG    | httprunner.client:request:194 - server IP: 127.0.0.1, Port: 8888
2023-06-25 16:25:41.341 | DEBUG    | httprunner.client:log_print:40 - 
================== request details ==================
method   : POST
url      : http://139.198.116.76:8000/api/home/test/login
headers  : {
    "User-Agent": "python-requests/2.28.1",
    "Accept-Encoding": "gzip, deflate, br",
    "Accept": "*/*",
    "Connection": "keep-alive",
    "Content-Length": "170",
    "Content-Type": "application/json",
    "HRUN-Request-ID": "HRUN-d5737151-3a5c-44fc-adbc-ca2ed82b9ce2-541280"
}
cookies  : {}
body     : {
    "captcha": "0000",
    "captchaSign": "584cce759b2dacf120a3c9dedf1374b1f26e7350a132552210d4a3acd2d20465",
    "emailCaptcha": "",
    "username": "2oYKwBBQcNJv7JIke8b3HjY4f6CYUiui"
}

2023-06-25 16:25:41.341 | DEBUG    | httprunner.client:log_print:40 - 
================== response details ==================
status_code : 200
headers  : {
    "Server": "nginx",
    "Date": "Sun, 25 Jun 2023 08:25:41 GMT",
    "Content-Type": "application/json;charset=UTF-8",
    "Transfer-Encoding": "chunked",
    "Set-Cookie": "SESSION=Y2NiN2EzMGUtM2ZkMS00MTZlLWIxODEtZGJmMDQwNGZhYTY2; Path=/; HttpOnly; SameSite=Lax",
    "X-Frame-Options": "SAMEORIGIN",
    "Connection": "keep-alive"
}
cookies  : {
    "SESSION": "Y2NiN2EzMGUtM2ZkMS00MTZlLWIxODEtZGJmMDQwNGZhYTY2"
}
encoding : UTF-8
content_type : application/json;charset=UTF-8
body     : {
    "message": "success",
    "status": 1,
    "data": true
}

2023-06-25 16:25:41.342 | INFO     | httprunner.client:request:217 - status_code: 200, response_time(ms): 61.25 ms, response_length: 0 bytes
2023-06-25 16:25:41.342 | INFO     | httprunner.response:extract:179 - extract mapping: {'entSession': 'response.headers."Set-Cookie".session'}
2023-06-25 16:25:41.342 | INFO     | httprunner.response:validate:249 - assert status_code equal 200(int)	==> pass
2023-06-25 16:25:41.342 | INFO     | httprunner.response:validate:249 - assert headers."Content-Type" equal application/json;charset=UTF-8(str)	==> pass
2023-06-25 16:25:41.342 | INFO     | httprunner.response:validate:249 - assert body.message equal success(str)	==> pass
2023-06-25 16:25:41.342 | INFO     | httprunner.response:validate:249 - assert body.status equal 1(int)	==> pass
2023-06-25 16:25:41.342 | INFO     | httprunner.response:validate:249 - assert body.data equal True(bool)	==> pass
2023-06-25 16:25:41.342 | INFO     | httprunner.runner:__run_step:304 - run step end: 登录-企业用户 <<<<<<

2023-06-25 16:25:41.342 | INFO     | httprunner.runner:__run_step_testcase:286 - export variables: {'entSession': 'response.headers."Set-Cookie".session'}
2023-06-25 16:25:41.342 | INFO     | httprunner.runner:__run_step:304 - run step end: 登录-企业 <<<<<<

2023-06-25 16:25:41.342 | INFO     | httprunner.runner:__run_step:292 - run step begin: 前缀注册企业资质图片上传 >>>>>>
2023-06-25 16:25:41.343 | INFO     | httprunner.runner:__run_step:292 - run step begin: 前缀注册企业资质图片上传 >>>>>>
2023-06-25 16:25:41.542 | DEBUG    | httprunner.client:request:186 - client IP: 127.0.0.1, Port: 61439
2023-06-25 16:25:41.543 | DEBUG    | httprunner.client:request:194 - server IP: 127.0.0.1, Port: 8888
2023-06-25 16:25:41.543 | DEBUG    | httprunner.client:log_print:40 - 
================== request details ==================
method   : POST
url      : http://139.198.116.76:8000/api/file/img/upload
headers  : {
    "User-Agent": "Mozilla/5.0 (Macintosh; Intel Mac OS X 10_15_7) AppleWebKit/537.36 (KHTML, like Gecko) Chrome/105.0.0.0 Safari/537.36",
    "Accept-Encoding": "gzip, deflate",
    "Accept": "application/json, text/plain, */*",
    "Connection": "keep-alive",
    "Accept-Language": "zh-CN,zh;q=0.9",
    "Content-Type": "multipart/form-data; boundary=8bdefd5bf8a64d2b9de02d72e53d59e0",
    "HRUN-Request-ID": "HRUN-d5737151-3a5c-44fc-adbc-ca2ed82b9ce2-541345",
    "Cookie": "SESSION=Y2NiN2EzMGUtM2ZkMS00MTZlLWIxODEtZGJmMDQwNGZhYTY2; SESSION=response.headers.\"Set-Cookie\".session",
    "Content-Length": "20435"
}
cookies  : {
    "SESSION": "Y2NiN2EzMGUtM2ZkMS00MTZlLWIxODEtZGJmMDQwNGZhYTY2"
}
body     : upload file stream (OMITTED)

2023-06-25 16:25:41.545 | DEBUG    | httprunner.client:log_print:40 - 
================== response details ==================
status_code : 200
headers  : {
    "Server": "nginx",
    "Date": "Sun, 25 Jun 2023 08:25:41 GMT",
    "Content-Type": "application/json;charset=UTF-8",
    "Transfer-Encoding": "chunked",
    "X-Frame-Options": "SAMEORIGIN",
    "Connection": "keep-alive"
}
cookies  : {}
encoding : UTF-8
content_type : application/json;charset=UTF-8
body     : {
    "message": "success",
    "status": 1,
    "data": {
        "id": 2638,
        "path": "2a1b9c27-e8e2-44fe-afba-e011638b2215.jpeg"
    }
}

2023-06-25 16:25:41.545 | INFO     | httprunner.client:request:217 - status_code: 200, response_time(ms): 197.39 ms, response_length: 0 bytes
2023-06-25 16:25:41.545 | INFO     | httprunner.response:extract:179 - extract mapping: {'imgId': 2638}
2023-06-25 16:25:41.546 | INFO     | httprunner.response:validate:249 - assert status_code equal 200(int)	==> pass
2023-06-25 16:25:41.546 | INFO     | httprunner.runner:__run_step:304 - run step end: 前缀注册企业资质图片上传 <<<<<<

2023-06-25 16:25:41.546 | INFO     | httprunner.runner:__run_step_testcase:286 - export variables: {'imgId': 2638}
2023-06-25 16:25:41.546 | INFO     | httprunner.runner:__run_step:304 - run step end: 前缀注册企业资质图片上传 <<<<<<

2023-06-25 16:25:41.547 | INFO     | httprunner.runner:__run_step:292 - run step begin: 前缀注册企业联系人身份证图片正面上传 >>>>>>
2023-06-25 16:25:41.547 | INFO     | httprunner.runner:__run_step:292 - run step begin: 前缀注册企业联系人身份证图片背面上传 >>>>>>
2023-06-25 16:25:41.641 | DEBUG    | httprunner.client:request:186 - client IP: 127.0.0.1, Port: 61439
2023-06-25 16:25:41.641 | DEBUG    | httprunner.client:request:194 - server IP: 127.0.0.1, Port: 8888
2023-06-25 16:25:41.642 | DEBUG    | httprunner.client:log_print:40 - 
================== request details ==================
method   : POST
url      : http://139.198.116.76:8000/api/file/img/upload
headers  : {
    "User-Agent": "Mozilla/5.0 (Macintosh; Intel Mac OS X 10_15_7) AppleWebKit/537.36 (KHTML, like Gecko) Chrome/105.0.0.0 Safari/537.36",
    "Accept-Encoding": "gzip, deflate",
    "Accept": "application/json, text/plain, */*",
    "Connection": "keep-alive",
    "Accept-Language": "zh-CN,zh;q=0.9",
    "Content-Type": "multipart/form-data; boundary=745609abab9449e8952135cd48a86341",
    "HRUN-Request-ID": "HRUN-d5737151-3a5c-44fc-adbc-ca2ed82b9ce2-541547",
    "Cookie": "SESSION=Y2NiN2EzMGUtM2ZkMS00MTZlLWIxODEtZGJmMDQwNGZhYTY2; SESSION=response.headers.\"Set-Cookie\".session",
    "Content-Length": "20435"
}
cookies  : {
    "SESSION": "Y2NiN2EzMGUtM2ZkMS00MTZlLWIxODEtZGJmMDQwNGZhYTY2"
}
body     : upload file stream (OMITTED)

2023-06-25 16:25:41.642 | DEBUG    | httprunner.client:log_print:40 - 
================== response details ==================
status_code : 200
headers  : {
    "Server": "nginx",
    "Date": "Sun, 25 Jun 2023 08:25:41 GMT",
    "Content-Type": "application/json;charset=UTF-8",
    "Transfer-Encoding": "chunked",
    "X-Frame-Options": "SAMEORIGIN",
    "Connection": "keep-alive"
}
cookies  : {}
encoding : UTF-8
content_type : application/json;charset=UTF-8
body     : {
    "message": "success",
    "status": 1,
    "data": {
        "id": 2639,
        "path": "fe97c0b5-3095-4884-b888-5aa420c333e0.jpeg"
    }
}

2023-06-25 16:25:41.642 | INFO     | httprunner.client:request:217 - status_code: 200, response_time(ms): 93.74 ms, response_length: 0 bytes
2023-06-25 16:25:41.642 | INFO     | httprunner.response:extract:179 - extract mapping: {'imgId_f': 2639}
2023-06-25 16:25:41.642 | INFO     | httprunner.response:validate:249 - assert status_code equal 200(int)	==> pass
2023-06-25 16:25:41.642 | INFO     | httprunner.runner:__run_step:304 - run step end: 前缀注册企业联系人身份证图片背面上传 <<<<<<

2023-06-25 16:25:41.643 | INFO     | httprunner.runner:__run_step_testcase:286 - export variables: {'imgId_f': 2639}
2023-06-25 16:25:41.643 | INFO     | httprunner.runner:__run_step:304 - run step end: 前缀注册企业联系人身份证图片正面上传 <<<<<<

2023-06-25 16:25:41.643 | INFO     | httprunner.runner:__run_step:292 - run step begin: 前缀注册企业联系人身份证图片背面上传 >>>>>>
2023-06-25 16:25:41.643 | INFO     | httprunner.runner:__run_step:292 - run step begin: 前缀注册企业联系人身份证图片背面上传 >>>>>>
2023-06-25 16:25:41.741 | DEBUG    | httprunner.client:request:186 - client IP: 127.0.0.1, Port: 61439
2023-06-25 16:25:41.741 | DEBUG    | httprunner.client:request:194 - server IP: 127.0.0.1, Port: 8888
2023-06-25 16:25:41.742 | DEBUG    | httprunner.client:log_print:40 - 
================== request details ==================
method   : POST
url      : http://139.198.116.76:8000/api/file/img/upload
headers  : {
    "User-Agent": "Mozilla/5.0 (Macintosh; Intel Mac OS X 10_15_7) AppleWebKit/537.36 (KHTML, like Gecko) Chrome/105.0.0.0 Safari/537.36",
    "Accept-Encoding": "gzip, deflate",
    "Accept": "application/json, text/plain, */*",
    "Connection": "keep-alive",
    "Accept-Language": "zh-CN,zh;q=0.9",
    "Content-Type": "multipart/form-data; boundary=e839c20cdcdb4cdc93183011b212053b",
    "HRUN-Request-ID": "HRUN-d5737151-3a5c-44fc-adbc-ca2ed82b9ce2-541643",
    "Cookie": "SESSION=Y2NiN2EzMGUtM2ZkMS00MTZlLWIxODEtZGJmMDQwNGZhYTY2; SESSION=response.headers.\"Set-Cookie\".session",
    "Content-Length": "20435"
}
cookies  : {
    "SESSION": "Y2NiN2EzMGUtM2ZkMS00MTZlLWIxODEtZGJmMDQwNGZhYTY2"
}
body     : upload file stream (OMITTED)

2023-06-25 16:25:41.743 | DEBUG    | httprunner.client:log_print:40 - 
================== response details ==================
status_code : 200
headers  : {
    "Server": "nginx",
    "Date": "Sun, 25 Jun 2023 08:25:42 GMT",
    "Content-Type": "application/json;charset=UTF-8",
    "Transfer-Encoding": "chunked",
    "X-Frame-Options": "SAMEORIGIN",
    "Connection": "keep-alive"
}
cookies  : {}
encoding : UTF-8
content_type : application/json;charset=UTF-8
body     : {
    "message": "success",
    "status": 1,
    "data": {
        "id": 2640,
        "path": "07da6b94-4437-4dd0-b365-231288157d98.jpeg"
    }
}

2023-06-25 16:25:41.743 | INFO     | httprunner.client:request:217 - status_code: 200, response_time(ms): 97.13 ms, response_length: 0 bytes
2023-06-25 16:25:41.744 | INFO     | httprunner.response:extract:179 - extract mapping: {'imgId_b': 2640}
2023-06-25 16:25:41.744 | INFO     | httprunner.response:validate:249 - assert status_code equal 200(int)	==> pass
2023-06-25 16:25:41.744 | INFO     | httprunner.runner:__run_step:304 - run step end: 前缀注册企业联系人身份证图片背面上传 <<<<<<

2023-06-25 16:25:41.745 | INFO     | httprunner.runner:__run_step_testcase:286 - export variables: {'imgId_b': 2640}
2023-06-25 16:25:41.745 | INFO     | httprunner.runner:__run_step:304 - run step end: 前缀注册企业联系人身份证图片背面上传 <<<<<<

2023-06-25 16:25:41.745 | INFO     | httprunner.runner:__run_step:292 - run step begin: 企业注册第一步提交信息 >>>>>>
2023-06-25 16:25:41.745 | INFO     | httprunner.runner:__run_step:292 - run step begin: 企业注册第一步提交信息 >>>>>>
2023-06-25 16:25:42.092 | DEBUG    | httprunner.client:request:186 - client IP: 127.0.0.1, Port: 61439
2023-06-25 16:25:42.093 | DEBUG    | httprunner.client:request:194 - server IP: 127.0.0.1, Port: 8888
2023-06-25 16:25:42.094 | DEBUG    | httprunner.client:log_print:40 - 
================== request details ==================
method   : POST
url      : http://139.198.116.76:8000/api/v3/entApply/basicInfo/submit
headers  : {
    "User-Agent": "Mozilla/5.0 (Macintosh; Intel Mac OS X 10_15_7) AppleWebKit/537.36 (KHTML, like Gecko) Chrome/105.0.0.0 Safari/537.36",
    "Accept-Encoding": "gzip, deflate",
    "Accept": "application/json, text/plain, */*",
    "Connection": "keep-alive",
    "Accept-Language": "zh-CN,zh;q=0.9",
    "Content-Type": "application/json;charset=UTF-8",
    "HRUN-Request-ID": "HRUN-d5737151-3a5c-44fc-adbc-ca2ed82b9ce2-541745",
    "Cookie": "SESSION=Y2NiN2EzMGUtM2ZkMS00MTZlLWIxODEtZGJmMDQwNGZhYTY2; SESSION=response.headers.\"Set-Cookie\".session",
    "Content-Length": "2555"
}
cookies  : {
    "SESSION": "Y2NiN2EzMGUtM2ZkMS00MTZlLWIxODEtZGJmMDQwNGZhYTY2"
}
body     : {
    "applyStep": 2,
    "applyType": null,
    "area": [
        "110000",
        "110100",
        "110101"
    ],
    "cltrid": null,
    "contactCrtBackImgPath": null,
    "contactCrtBackImgRid": 2640,
    "contactCrtFrontImgPath": null,
    "contactCrtFrontImgRid": 2639,
    "contactCrtNo": "313409197308044777",
    "contactCrtType": 1,
    "contactEmail": "cIOMjWr7GGQyeeUB@qaqseq.com",
    "contactName": "2oYKwBBQcNJv7JIke8b3HjY4f6CYUiui",
    "contactPhone": "12093162493",
    "createDate": null,
    "dataHostingContractFilePath": null,
    "dataHostingContractFileRid": null,
    "dataHostingOrg": null,
    "entGeneralId": null,
    "entInfoLicenses": [],
    "entInfoSerIndustrys": [],
    "entPrefix": "88.408.5157037042",
    "escrowId": null,
    "escrowOrgName": null,
    "establishDate": null,
    "extDomain": null,
    "extIpAddr": null,
    "extWebName": null,
    "finalAuditMsg": null,
    "finalAuditStatus": null,
    "firstAuditMsg": null,
    "firstAuditStatus": null,
    "id": null,
    "idRegNaImp": null,
    "industry": [
        "A",
        "01"
    ],
    "industryCategory": "A",
    "industrySpecific": "01",
    "isSubmit": 0,
    "legalCrtBackImgContent": null,
    "legalCrtBackImgPath": null,
    "legalCrtBackImgRid": 2640,
    "legalCrtFrontImgContent": null,
    "legalCrtFrontImgPath": null,
    "legalCrtFrontImgRid": 2639,
    "legalCrtNo": "313409197308044777",
    "legalCrtType": "1",
    "legalCrtTypeDesc": "中国居民身份证",
    "legalEmail": null,
    "legalFax": null,
    "legalName": "张三",
    "legalPhone": null,
    "orgAddr": "致真",
    "orgAddrCity": "110100",
    "orgAddrCityDesc": "市辖区",
    "orgAddrCounty": "110101",
    "orgAddrCountyDesc": "东城区",
    "orgAddrProvince": "110000",
    "orgAddrProvinceDesc": "北京市",
    "orgCategorySpecificDesc": "农、林、牧、渔业-农业",
    "orgCrtCode": "2oYKwBBQcNJv7JIke8b3HjY4f6CYUiui",
    "orgCrtImgContent": null,
    "orgCrtImgPath": null,
    "orgCrtImgRid": 2638,
    "orgCrtType": "1",
    "orgDesc": null,
    "orgName": "2oYKwBBQcNJv7JIke8b3HjY4f6CYUiui",
    "orgNature": "1",
    "orgNatureDesc": "国有控股",
    "periodValidity": null,
    "regAuthority": null,
    "regCapital": null,
    "regRealNaImpName": null,
    "regRealNaImpType": null,
    "servHostingContractFilePath": null,
    "servHostingContractFileRid": null,
    "servHostingOrg": null,
    "servSysBuildContractFilePath": null,
    "servSysBuildContractFileRid": null,
    "servSysBuildName": null,
    "servSysBuildType": 1,
    "servSysOperContractFilePath": null,
    "servSysOperContractFileRid": null,
    "servSysOperName": null,
    "servSysOperType": 1,
    "svtrid": null,
    "thirdServiceMsg": null,
    "thirdServiceStatus": null,
    "updateDate": null,
    "userId": null,
    "userName": null,
    "website": null
}

2023-06-25 16:25:42.095 | DEBUG    | httprunner.client:log_print:40 - 
================== response details ==================
status_code : 200
headers  : {
    "Server": "nginx",
    "Date": "Sun, 25 Jun 2023 08:25:42 GMT",
    "Content-Type": "application/json;charset=UTF-8",
    "Transfer-Encoding": "chunked",
    "X-Frame-Options": "SAMEORIGIN",
    "Connection": "keep-alive"
}
cookies  : {}
encoding : UTF-8
content_type : application/json;charset=UTF-8
body     : {
    "message": "success",
    "status": 1,
    "data": true
}

2023-06-25 16:25:42.096 | INFO     | httprunner.client:request:217 - status_code: 200, response_time(ms): 346.79 ms, response_length: 0 bytes
2023-06-25 16:25:42.096 | INFO     | httprunner.response:validate:249 - assert status_code equal 200(int)	==> pass
2023-06-25 16:25:42.096 | INFO     | httprunner.response:validate:249 - assert body.message equal success(str)	==> pass
2023-06-25 16:25:42.097 | INFO     | httprunner.runner:__run_step:304 - run step end: 企业注册第一步提交信息 <<<<<<

2023-06-25 16:25:42.097 | INFO     | httprunner.runner:__run_step:304 - run step end: 企业注册第一步提交信息 <<<<<<

2023-06-25 16:25:42.097 | INFO     | httprunner.runner:__run_step:292 - run step begin: 企业注册查询注册信息 >>>>>>
2023-06-25 16:25:42.097 | INFO     | httprunner.runner:__run_step:292 - run step begin: 企业注册查询注册信息 >>>>>>
2023-06-25 16:25:42.169 | DEBUG    | httprunner.client:request:186 - client IP: 127.0.0.1, Port: 61439
2023-06-25 16:25:42.169 | DEBUG    | httprunner.client:request:194 - server IP: 127.0.0.1, Port: 8888
2023-06-25 16:25:42.170 | DEBUG    | httprunner.client:log_print:40 - 
================== request details ==================
method   : GET
url      : http://139.198.116.76:8000/api/v3/entApply/applyOrNot
headers  : {
    "User-Agent": "Mozilla/5.0 (Macintosh; Intel Mac OS X 10_15_7) AppleWebKit/537.36 (KHTML, like Gecko) Chrome/105.0.0.0 Safari/537.36",
    "Accept-Encoding": "gzip, deflate",
    "Accept": "application/json, text/plain, */*",
    "Connection": "keep-alive",
    "Accept-Language": "zh-CN,zh;q=0.9",
    "HRUN-Request-ID": "HRUN-d5737151-3a5c-44fc-adbc-ca2ed82b9ce2-542097",
    "Cookie": "SESSION=Y2NiN2EzMGUtM2ZkMS00MTZlLWIxODEtZGJmMDQwNGZhYTY2; SESSION=response.headers.\"Set-Cookie\".session"
}
cookies  : {
    "SESSION": "Y2NiN2EzMGUtM2ZkMS00MTZlLWIxODEtZGJmMDQwNGZhYTY2"
}
body     : None

2023-06-25 16:25:42.172 | DEBUG    | httprunner.client:log_print:40 - 
================== response details ==================
status_code : 200
headers  : {
    "Server": "nginx",
    "Date": "Sun, 25 Jun 2023 08:25:42 GMT",
    "Content-Type": "application/json;charset=UTF-8",
    "Transfer-Encoding": "chunked",
    "X-Frame-Options": "SAMEORIGIN",
    "Connection": "keep-alive"
}
cookies  : {}
encoding : UTF-8
content_type : application/json;charset=UTF-8
body     : {
    "message": "success",
    "status": 1,
    "data": {
        "nbmsEntApplyPO": {
            "id": 1362,
            "createDate": "2023-06-25 16:25:42",
            "updateDate": "2023-06-25 16:25:42",
            "applyType": null,
            "entGeneralId": null,
            "applyStep": 2,
            "isSubmit": 0,
            "entPrefix": "88.408.5157037042",
            "firstAuditStatus": null,
            "firstAuditMsg": null,
            "thirdServiceStatus": null,
            "thirdServiceMsg": null,
            "userName": "2oYKwBBQcNJv7JIke8b3HjY4f6CYUiui",
            "finalAuditStatus": null,
            "finalAuditMsg": null,
            "svtrid": null,
            "cltrid": null,
            "userId": 1598,
            "orgName": "2oYKwBBQcNJv7JIke8b3HjY4f6CYUiui",
            "orgNature": "1",
            "orgAddrProvince": "110000",
            "orgAddrCity": "110100",
            "orgAddrCounty": "110101",
            "orgAddr": "致真",
            "orgCrtType": "1",
            "orgCrtCode": "2oYKwBBQcNJv7JIke8b3HjY4f6CYUiui",
            "legalName": "张三",
            "legalCrtType": "1",
            "legalCrtNo": "313409197308044777",
            "orgDesc": null,
            "industryCategory": "A",
            "industrySpecific": "01",
            "contactName": "2oYKwBBQcNJv7JIke8b3HjY4f6CYUiui",
            "contactPhone": "12093162493",
            "contactCrtType": 1,
            "contactCrtNo": "313409197308044777",
            "contactEmail": "cIOMjWr7GGQyeeUB@qaqseq.com",
            "website": null,
            "regAuthority": null,
            "regCapital": null,
            "establishDate": null,
            "periodValidity": null,
            "legalEmail": null,
            "legalPhone": null,
            "legalFax": null,
            "servSysBuildType": null,
            "servSysBuildName": null,
            "servSysOperType": null,
            "servSysOperName": null,
            "dataHostingOrg": null,
            "servHostingOrg": null,
            "regRealNaImpType": null,
            "regRealNaImpName": null,
            "idRegNaImp": null,
            "extWebName": null,
            "extDomain": null,
            "extIpAddr": null,
            "orgCrtImgRid": 2638,
            "contactCrtFrontImgRid": 2639,
            "contactCrtBackImgRid": 2640,
            "legalCrtFrontImgRid": 2639,
            "legalCrtBackImgRid": 2640,
            "servSysBuildContractFileRid": null,
            "servSysOperContractFileRid": null,
            "dataHostingContractFileRid": null,
            "servHostingContractFileRid": null,
            "entInfoLicenses": [],
            "entInfoSyss": [],
            "entInfoSerIndustrys": [],
            "escrowId": null,
            "industryQualificationRid": null,
            "certificationRid": null,
            "openingBank": null,
            "bankCard": null,
            "verificationName": null,
            "orgNatureDesc": "国有控股",
            "orgCrtImgContent": null,
            "orgCategorySpecificDesc": "农、林、牧、渔业-农业",
            "orgAddrProvinceDesc": "北京市",
            "orgAddrCountyDesc": "东城区",
            "orgAddrCityDesc": "市辖区",
            "legalCrtTypeDesc": "中国居民身份证",
            "legalCrtFrontImgContent": null,
            "legalCrtBackImgContent": null,
            "orgCrtImgPath": "2a1b9c27-e8e2-44fe-afba-e011638b2215.jpeg",
            "contactCrtFrontImgPath": "fe97c0b5-3095-4884-b888-5aa420c333e0.jpeg",
            "contactCrtBackImgPath": "07da6b94-4437-4dd0-b365-231288157d98.jpeg",
            "legalCrtFrontImgPath": "fe97c0b5-3095-4884-b888-5aa420c333e0.jpeg",
            "legalCrtBackImgPath": "07da6b94-4437-4dd0-b365-231288157d98.jpeg",
            "servSysBuildContractFilePath": null,
            "servSysOperContractFilePath": null,
            "dataHostingContractFilePath": null,
            "servHostingContractFilePath": null,
            "industryQualificationFilePath": null,
            "certificationFilePath": null,
            "escrowOrgName": null
        },
        "nbmsEntPO": null,
        "nbmsEntPrefixApplyPO": null,
        "needRelog": null,
        "applyStatus": 0
    }
}

2023-06-25 16:25:42.172 | INFO     | httprunner.client:request:217 - status_code: 200, response_time(ms): 71.11 ms, response_length: 0 bytes
2023-06-25 16:25:42.176 | INFO     | httprunner.response:extract:179 - extract mapping: {'applyId': 1362, 'userId': 1598, 'userName': '2oYKwBBQcNJv7JIke8b3HjY4f6CYUiui', 'imgId_f': 2639, 'imgId_b': 2640, 'entId': None, 'entUserId': None, 'prefix': '88.408.5157037042', 'contactCrtNo': '313409197308044777', 'contactCrtType': 1, 'contactEmail': 'cIOMjWr7GGQyeeUB@qaqseq.com', 'contactName': '2oYKwBBQcNJv7JIke8b3HjY4f6CYUiui', 'contactPhone': '12093162493', 'industryCategory': 'A', 'industrySpecific': '01', 'orgName': '2oYKwBBQcNJv7JIke8b3HjY4f6CYUiui', 'orgNature': '1', 'orgAddrProvince': '110000', 'orgAddrCity': '110100', 'orgAddrCounty': '110101', 'orgAddr': '致真', 'orgCrtType': '1', 'orgCrtCode': '2oYKwBBQcNJv7JIke8b3HjY4f6CYUiui', 'legalName': '张三', 'legalEmail': None, 'legalPhone': None, 'legalCrtType': '1', 'legalCrtNo': '313409197308044777', 'legalCrtFrontImgRid': 2639, 'legalCrtBackImgRid': 2640, 'orgCrtImgRid': 2638, 'imgId': 2638, 'orgNatureDesc': '国有控股', 'orgCategorySpecificDesc': '农、林、牧、渔业-农业', 'orgAddrProvinceDesc': '北京市', 'orgAddrCountyDesc': '东城区', 'orgAddrCityDesc': '市辖区', 'legalCrtTypeDesc': '中国居民身份证', 'createDate': '2023-06-25 16:25:42', 'updateDate': '2023-06-25 16:25:42', 'entInfoSyss_0_id': None, 'entInfoSyss_0_entApplyId': None, 'entApplyId': None, 'entInfoSyss_0_sysType': None, 'entInfoSyss_0_deployMode': None, 'entInfoSyss_0_deployAddr': None, 'entInfoSyss_0_deployAddrProvince': None, 'entInfoSyss_0_deployAddrCity': None, 'entInfoSyss_0_deployAddrCounty': None, 'entInfoSyss_1_id': None, 'entInfoSyss_1_entApplyId': None, 'entInfoSyss_1_sysType': None, 'entInfoSyss_1_deployMode': None, 'entInfoSyss_1_deployAddr': None, 'entInfoSyss_1_deployAddrProvince': None, 'entInfoSyss_1_deployAddrCity': None, 'entInfoSyss_1_deployAddrCounty': None, 'entInfoSyss_2_id': None, 'entInfoSyss_2_entApplyId': None, 'entInfoSyss_2_sysType': None, 'entInfoSyss_2_deployMode': None, 'entInfoSyss_2_deployAddr': None, 'entInfoSyss_2_deployAddrProvince': None, 'entInfoSyss_2_deployAddrCity': None, 'entInfoSyss_2_deployAddrCounty': None, 'entInfoSyss_3_id': None, 'entInfoSyss_3_entApplyId': None, 'entInfoSyss_3_sysType': None, 'entInfoSyss_3_deployMode': None, 'entInfoSyss_3_deployAddr': None, 'entInfoSyss_3_deployAddrProvince': None, 'entInfoSyss_3_deployAddrCity': None, 'entInfoSyss_3_deployAddrCounty': None}
2023-06-25 16:25:42.176 | INFO     | httprunner.response:validate:249 - assert status_code equal 200(int)	==> pass
2023-06-25 16:25:42.176 | INFO     | httprunner.response:validate:249 - assert body.message equal success(str)	==> pass
2023-06-25 16:25:42.176 | INFO     | httprunner.runner:__run_step:304 - run step end: 企业注册查询注册信息 <<<<<<

2023-06-25 16:25:42.177 | INFO     | httprunner.runner:__run_step_testcase:286 - export variables: {'orgCategorySpecificDesc': '农、林、牧、渔业-农业', 'createDate': '2023-06-25 16:25:42', 'orgAddrCity': '110100', 'entInfoSyss_3_deployAddrCity': None, 'imgId_b': 2640, 'entInfoSyss_1_id': None, 'entInfoSyss_2_deployAddrCounty': None, 'entInfoSyss_0_deployAddr': None, 'contactCrtNo': '313409197308044777', 'contactCrtType': 1, 'orgCrtImgRid': 2638, 'entInfoSyss_1_deployAddrCounty': None, 'entInfoSyss_3_deployAddrProvince': None, 'entUserId': None, 'legalEmail': None, 'entInfoSyss_0_entApplyId': None, 'updateDate': '2023-06-25 16:25:42', 'entInfoSyss_2_sysType': None, 'contactEmail': 'cIOMjWr7GGQyeeUB@qaqseq.com', 'orgNature': '1', 'orgCrtType': '1', 'entInfoSyss_2_entApplyId': None, 'entInfoSyss_0_deployAddrCity': None, 'orgAddrCountyDesc': '东城区', 'prefix': '88.408.5157037042', 'entInfoSyss_2_deployAddrCity': None, 'orgAddrCounty': '110101', 'entInfoSyss_0_deployAddrProvince': None, 'entInfoSyss_3_deployAddr': None, 'legalCrtFrontImgRid': 2639, 'entInfoSyss_3_deployAddrCounty': None, 'entInfoSyss_0_id': None, 'orgName': '2oYKwBBQcNJv7JIke8b3HjY4f6CYUiui', 'legalPhone': None, 'legalCrtBackImgRid': 2640, 'entInfoSyss_3_deployMode': None, 'entInfoSyss_3_entApplyId': None, 'userName': '2oYKwBBQcNJv7JIke8b3HjY4f6CYUiui', 'imgId_f': 2639, 'contactPhone': '12093162493', 'applyId': 1362, 'orgAddrProvinceDesc': '北京市', 'entId': None, 'entInfoSyss_0_deployMode': None, 'entInfoSyss_2_deployAddrProvince': None, 'userId': 1598, 'entInfoSyss_2_deployMode': None, 'contactName': '2oYKwBBQcNJv7JIke8b3HjY4f6CYUiui', 'legalCrtType': '1', 'orgCrtCode': '2oYKwBBQcNJv7JIke8b3HjY4f6CYUiui', 'legalCrtTypeDesc': '中国居民身份证', 'orgAddrProvince': '110000', 'entInfoSyss_1_entApplyId': None, 'entInfoSyss_0_deployAddrCounty': None, 'entInfoSyss_1_deployAddrProvince': None, 'entInfoSyss_1_sysType': None, 'entInfoSyss_3_sysType': None, 'industryCategory': 'A', 'legalCrtNo': '313409197308044777', 'entInfoSyss_1_deployMode': None, 'imgId': 2638, 'entInfoSyss_3_id': None, 'entApplyId': None, 'entInfoSyss_1_deployAddr': None, 'legalName': '张三', 'entInfoSyss_1_deployAddrCity': None, 'entInfoSyss_2_deployAddr': None, 'industrySpecific': '01', 'entInfoSyss_2_id': None, 'entInfoSyss_0_sysType': None, 'orgAddrCityDesc': '市辖区', 'orgAddr': '致真', 'orgNatureDesc': '国有控股'}
2023-06-25 16:25:42.177 | INFO     | httprunner.runner:__run_step:304 - run step end: 企业注册查询注册信息 <<<<<<

2023-06-25 16:25:42.177 | INFO     | httprunner.runner:__run_step:292 - run step begin: 企业注册第二步提交信息 >>>>>>
2023-06-25 16:25:42.177 | INFO     | httprunner.runner:__run_step:292 - run step begin: 企业注册第二步提交信息 >>>>>>
2023-06-25 16:25:42.253 | DEBUG    | httprunner.client:request:186 - client IP: 127.0.0.1, Port: 61439
2023-06-25 16:25:42.254 | DEBUG    | httprunner.client:request:194 - server IP: 127.0.0.1, Port: 8888
2023-06-25 16:25:42.255 | DEBUG    | httprunner.client:log_print:40 - 
================== request details ==================
method   : POST
url      : http://139.198.116.76:8000/api/v3/entApply/registerManageInfo
headers  : {
    "User-Agent": "Mozilla/5.0 (Macintosh; Intel Mac OS X 10_15_7) AppleWebKit/537.36 (KHTML, like Gecko) Chrome/105.0.0.0 Safari/537.36",
    "Accept-Encoding": "gzip, deflate",
    "Accept": "application/json, text/plain, */*",
    "Connection": "keep-alive",
    "Accept-Language": "zh-CN,zh;q=0.9",
    "Content-Type": "application/json;charset=UTF-8",
    "X-HTTP-Method-Override": "put",
    "HRUN-Request-ID": "HRUN-d5737151-3a5c-44fc-adbc-ca2ed82b9ce2-542178",
    "Cookie": "SESSION=Y2NiN2EzMGUtM2ZkMS00MTZlLWIxODEtZGJmMDQwNGZhYTY2; SESSION=response.headers.\"Set-Cookie\".session",
    "Content-Length": "3280"
}
cookies  : {
    "SESSION": "Y2NiN2EzMGUtM2ZkMS00MTZlLWIxODEtZGJmMDQwNGZhYTY2"
}
body     : {
    "applyStep": 3,
    "applyType": null,
    "cltrid": null,
    "contactCrtBackImgPath": null,
    "contactCrtBackImgRid": 2640,
    "contactCrtFrontImgPath": null,
    "contactCrtFrontImgRid": 2639,
    "contactCrtNo": "313409197308044777",
    "contactCrtType": 1,
    "contactEmail": "cIOMjWr7GGQyeeUB@qaqseq.com",
    "contactName": "2oYKwBBQcNJv7JIke8b3HjY4f6CYUiui",
    "contactPhone": "12093162493",
    "createDate": "2023-06-25 16:25:42",
    "dataHostingContractFilePath": null,
    "dataHostingContractFileRid": null,
    "dataHostingOrg": null,
    "entGeneralId": null,
    "entInfoLicenses": [],
    "entInfoSerIndustrys": [],
    "entInfoSyss": [
        {
            "deployAddr": "致真",
            "deployAddrCity": "110100",
            "deployAddrCounty": "110101",
            "deployAddrProvince": "110000",
            "deployMode": 1,
            "ipPort": null,
            "name": null,
            "sysType": 1
        },
        {
            "deployAddr": "致真",
            "deployAddrCity": "110100",
            "deployAddrCounty": "110101",
            "deployAddrProvince": "110000",
            "deployMode": 1,
            "ipPort": null,
            "name": null,
            "sysType": 2
        },
        {
            "deployAddr": "天津",
            "deployAddrCity": "120100",
            "deployAddrCounty": "120101",
            "deployAddrProvince": "120000",
            "deployMode": 1,
            "ipPort": null,
            "name": null,
            "sysType": 3
        },
        {
            "deployAddr": "天津",
            "deployAddrCity": "120100",
            "deployAddrCounty": "120101",
            "deployAddrProvince": "120000",
            "deployMode": 1,
            "ipPort": null,
            "name": null,
            "sysType": 4
        }
    ],
    "entPrefix": "88.408.5157037042",
    "escrowId": null,
    "escrowOrgName": null,
    "establishDate": null,
    "extDomain": null,
    "extIpAddr": null,
    "extWebName": null,
    "finalAuditMsg": null,
    "finalAuditStatus": null,
    "firstAuditMsg": null,
    "firstAuditStatus": null,
    "id": 1362,
    "idRegNaImp": null,
    "industryCategory": "A",
    "industrySpecific": "01",
    "isSubmit": 0,
    "legalCrtBackImgContent": null,
    "legalCrtBackImgPath": null,
    "legalCrtBackImgRid": 2640,
    "legalCrtFrontImgContent": null,
    "legalCrtFrontImgPath": null,
    "legalCrtFrontImgRid": 2639,
    "legalCrtNo": "313409197308044777",
    "legalCrtType": "1",
    "legalCrtTypeDesc": "中国居民身份证",
    "legalEmail": null,
    "legalFax": null,
    "legalName": "张三",
    "legalPhone": null,
    "orgAddr": "致真",
    "orgAddrCity": "110100",
    "orgAddrCityDesc": "市辖区",
    "orgAddrCounty": "110101",
    "orgAddrCountyDesc": "东城区",
    "orgAddrProvince": "110000",
    "orgAddrProvinceDesc": "北京市",
    "orgCategorySpecificDesc": "农、林、牧、渔业-农业",
    "orgCrtCode": "2oYKwBBQcNJv7JIke8b3HjY4f6CYUiui",
    "orgCrtImgContent": null,
    "orgCrtImgPath": null,
    "orgCrtImgRid": 2638,
    "orgCrtType": "1",
    "orgDesc": null,
    "orgName": "2oYKwBBQcNJv7JIke8b3HjY4f6CYUiui",
    "orgNature": "1",
    "orgNatureDesc": "1",
    "periodValidity": null,
    "regAuthority": null,
    "regCapital": null,
    "regRealNaImpName": null,
    "regRealNaImpType": null,
    "servHostingContractFilePath": null,
    "servHostingContractFileRid": null,
    "servHostingOrg": null,
    "servSysBuildContractFilePath": null,
    "servSysBuildContractFileRid": null,
    "servSysBuildName": null,
    "servSysBuildType": 1,
    "servSysOperContractFilePath": null,
    "servSysOperContractFileRid": null,
    "servSysOperName": null,
    "servSysOperType": 1,
    "svtrid": null,
    "thirdServiceMsg": null,
    "thirdServiceStatus": null,
    "updateDate": "2023-06-25 16:25:42",
    "userId": 1598,
    "userName": "2oYKwBBQcNJv7JIke8b3HjY4f6CYUiui",
    "website": null
}

2023-06-25 16:25:42.256 | DEBUG    | httprunner.client:log_print:40 - 
================== response details ==================
status_code : 200
headers  : {
    "Server": "nginx",
    "Date": "Sun, 25 Jun 2023 08:25:42 GMT",
    "Content-Type": "application/json;charset=UTF-8",
    "Transfer-Encoding": "chunked",
    "X-Frame-Options": "SAMEORIGIN",
    "Connection": "keep-alive"
}
cookies  : {}
encoding : UTF-8
content_type : application/json;charset=UTF-8
body     : {
    "message": "success",
    "status": 1,
    "data": true
}

2023-06-25 16:25:42.257 | INFO     | httprunner.client:request:217 - status_code: 200, response_time(ms): 75.49 ms, response_length: 0 bytes
2023-06-25 16:25:42.257 | INFO     | httprunner.response:validate:249 - assert status_code equal 200(int)	==> pass
2023-06-25 16:25:42.257 | INFO     | httprunner.response:validate:249 - assert body.message equal success(str)	==> pass
2023-06-25 16:25:42.257 | INFO     | httprunner.runner:__run_step:304 - run step end: 企业注册第二步提交信息 <<<<<<

2023-06-25 16:25:42.257 | INFO     | httprunner.runner:__run_step:304 - run step end: 企业注册第二步提交信息 <<<<<<

2023-06-25 16:25:42.257 | INFO     | httprunner.runner:__run_step:292 - run step begin: 企业注册查询注册信息 >>>>>>
2023-06-25 16:25:42.258 | INFO     | httprunner.runner:__run_step:292 - run step begin: 企业注册查询注册信息 >>>>>>
2023-06-25 16:25:42.327 | DEBUG    | httprunner.client:request:186 - client IP: 127.0.0.1, Port: 61439
2023-06-25 16:25:42.327 | DEBUG    | httprunner.client:request:194 - server IP: 127.0.0.1, Port: 8888
2023-06-25 16:25:42.328 | DEBUG    | httprunner.client:log_print:40 - 
================== request details ==================
method   : GET
url      : http://139.198.116.76:8000/api/v3/entApply/applyOrNot
headers  : {
    "User-Agent": "Mozilla/5.0 (Macintosh; Intel Mac OS X 10_15_7) AppleWebKit/537.36 (KHTML, like Gecko) Chrome/105.0.0.0 Safari/537.36",
    "Accept-Encoding": "gzip, deflate",
    "Accept": "application/json, text/plain, */*",
    "Connection": "keep-alive",
    "Accept-Language": "zh-CN,zh;q=0.9",
    "HRUN-Request-ID": "HRUN-d5737151-3a5c-44fc-adbc-ca2ed82b9ce2-542258",
    "Cookie": "SESSION=Y2NiN2EzMGUtM2ZkMS00MTZlLWIxODEtZGJmMDQwNGZhYTY2; SESSION=response.headers.\"Set-Cookie\".session"
}
cookies  : {
    "SESSION": "Y2NiN2EzMGUtM2ZkMS00MTZlLWIxODEtZGJmMDQwNGZhYTY2"
}
body     : None

2023-06-25 16:25:42.330 | DEBUG    | httprunner.client:log_print:40 - 
================== response details ==================
status_code : 200
headers  : {
    "Server": "nginx",
    "Date": "Sun, 25 Jun 2023 08:25:42 GMT",
    "Content-Type": "application/json;charset=UTF-8",
    "Transfer-Encoding": "chunked",
    "X-Frame-Options": "SAMEORIGIN",
    "Connection": "keep-alive"
}
cookies  : {}
encoding : UTF-8
content_type : application/json;charset=UTF-8
body     : {
    "message": "success",
    "status": 1,
    "data": {
        "nbmsEntApplyPO": {
            "id": 1362,
            "createDate": "2023-06-25 16:25:42",
            "updateDate": "2023-06-25 16:25:43",
            "applyType": null,
            "entGeneralId": null,
            "applyStep": 3,
            "isSubmit": 0,
            "entPrefix": "88.408.5157037042",
            "firstAuditStatus": null,
            "firstAuditMsg": null,
            "thirdServiceStatus": null,
            "thirdServiceMsg": null,
            "userName": "2oYKwBBQcNJv7JIke8b3HjY4f6CYUiui",
            "finalAuditStatus": null,
            "finalAuditMsg": null,
            "svtrid": null,
            "cltrid": null,
            "userId": 1598,
            "orgName": "2oYKwBBQcNJv7JIke8b3HjY4f6CYUiui",
            "orgNature": "1",
            "orgAddrProvince": "110000",
            "orgAddrCity": "110100",
            "orgAddrCounty": "110101",
            "orgAddr": "致真",
            "orgCrtType": "1",
            "orgCrtCode": "2oYKwBBQcNJv7JIke8b3HjY4f6CYUiui",
            "legalName": "张三",
            "legalCrtType": "1",
            "legalCrtNo": "313409197308044777",
            "orgDesc": null,
            "industryCategory": "A",
            "industrySpecific": "01",
            "contactName": "2oYKwBBQcNJv7JIke8b3HjY4f6CYUiui",
            "contactPhone": "12093162493",
            "contactCrtType": 1,
            "contactCrtNo": "313409197308044777",
            "contactEmail": "cIOMjWr7GGQyeeUB@qaqseq.com",
            "website": null,
            "regAuthority": null,
            "regCapital": null,
            "establishDate": null,
            "periodValidity": null,
            "legalEmail": null,
            "legalPhone": null,
            "legalFax": null,
            "servSysBuildType": 1,
            "servSysBuildName": null,
            "servSysOperType": 1,
            "servSysOperName": null,
            "dataHostingOrg": null,
            "servHostingOrg": null,
            "regRealNaImpType": null,
            "regRealNaImpName": null,
            "idRegNaImp": null,
            "extWebName": null,
            "extDomain": null,
            "extIpAddr": null,
            "orgCrtImgRid": 2638,
            "contactCrtFrontImgRid": 2639,
            "contactCrtBackImgRid": 2640,
            "legalCrtFrontImgRid": 2639,
            "legalCrtBackImgRid": 2640,
            "servSysBuildContractFileRid": null,
            "servSysOperContractFileRid": null,
            "dataHostingContractFileRid": null,
            "servHostingContractFileRid": null,
            "entInfoLicenses": [],
            "entInfoSyss": [
                {
                    "id": 3300,
                    "entApplyId": 1362,
                    "sysType": 1,
                    "deployMode": 1,
                    "deployAddr": "致真",
                    "deployAddrProvince": "110000",
                    "deployAddrCity": "110100",
                    "deployAddrCounty": "110101",
                    "name": null,
                    "ipPort": null
                },
                {
                    "id": 3301,
                    "entApplyId": 1362,
                    "sysType": 2,
                    "deployMode": 1,
                    "deployAddr": "致真",
                    "deployAddrProvince": "110000",
                    "deployAddrCity": "110100",
                    "deployAddrCounty": "110101",
                    "name": null,
                    "ipPort": null
                },
                {
                    "id": 3302,
                    "entApplyId": 1362,
                    "sysType": 3,
                    "deployMode": 1,
                    "deployAddr": "天津",
                    "deployAddrProvince": "120000",
                    "deployAddrCity": "120100",
                    "deployAddrCounty": "120101",
                    "name": null,
                    "ipPort": null
                },
                {
                    "id": 3303,
                    "entApplyId": 1362,
                    "sysType": 4,
                    "deployMode": 1,
                    "deployAddr": "天津",
                    "deployAddrProvince": "120000",
                    "deployAddrCity": "120100",
                    "deployAddrCounty": "120101",
                    "name": null,
                    "ipPort": null
                }
            ],
            "entInfoSerIndustrys": [],
            "escrowId": null,
            "industryQualificationRid": null,
            "certificationRid": null,
            "openingBank": null,
            "bankCard": null,
            "verificationName": null,
            "orgNatureDesc": "国有控股",
            "orgCrtImgContent": null,
            "orgCategorySpecificDesc": "农、林、牧、渔业-农业",
            "orgAddrProvinceDesc": "北京市",
            "orgAddrCountyDesc": "东城区",
            "orgAddrCityDesc": "市辖区",
            "legalCrtTypeDesc": "中国居民身份证",
            "legalCrtFrontImgContent": null,
            "legalCrtBackImgContent": null,
            "orgCrtImgPath": "2a1b9c27-e8e2-44fe-afba-e011638b2215.jpeg",
            "contactCrtFrontImgPath": "fe97c0b5-3095-4884-b888-5aa420c333e0.jpeg",
            "contactCrtBackImgPath": "07da6b94-4437-4dd0-b365-231288157d98.jpeg",
            "legalCrtFrontImgPath": "fe97c0b5-3095-4884-b888-5aa420c333e0.jpeg",
            "legalCrtBackImgPath": "07da6b94-4437-4dd0-b365-231288157d98.jpeg",
            "servSysBuildContractFilePath": null,
            "servSysOperContractFilePath": null,
            "dataHostingContractFilePath": null,
            "servHostingContractFilePath": null,
            "industryQualificationFilePath": null,
            "certificationFilePath": null,
            "escrowOrgName": null
        },
        "nbmsEntPO": null,
        "nbmsEntPrefixApplyPO": null,
        "needRelog": null,
        "applyStatus": 0
    }
}

2023-06-25 16:25:42.330 | INFO     | httprunner.client:request:217 - status_code: 200, response_time(ms): 68.53 ms, response_length: 0 bytes
2023-06-25 16:25:42.331 | INFO     | httprunner.response:extract:179 - extract mapping: {'applyId': 1362, 'userId': 1598, 'userName': '2oYKwBBQcNJv7JIke8b3HjY4f6CYUiui', 'imgId_f': 2639, 'imgId_b': 2640, 'entId': None, 'entUserId': None, 'prefix': '88.408.5157037042', 'contactCrtNo': '313409197308044777', 'contactCrtType': 1, 'contactEmail': 'cIOMjWr7GGQyeeUB@qaqseq.com', 'contactName': '2oYKwBBQcNJv7JIke8b3HjY4f6CYUiui', 'contactPhone': '12093162493', 'industryCategory': 'A', 'industrySpecific': '01', 'orgName': '2oYKwBBQcNJv7JIke8b3HjY4f6CYUiui', 'orgNature': '1', 'orgAddrProvince': '110000', 'orgAddrCity': '110100', 'orgAddrCounty': '110101', 'orgAddr': '致真', 'orgCrtType': '1', 'orgCrtCode': '2oYKwBBQcNJv7JIke8b3HjY4f6CYUiui', 'legalName': '张三', 'legalEmail': None, 'legalPhone': None, 'legalCrtType': '1', 'legalCrtNo': '313409197308044777', 'legalCrtFrontImgRid': 2639, 'legalCrtBackImgRid': 2640, 'orgCrtImgRid': 2638, 'imgId': 2638, 'orgNatureDesc': '国有控股', 'orgCategorySpecificDesc': '农、林、牧、渔业-农业', 'orgAddrProvinceDesc': '北京市', 'orgAddrCountyDesc': '东城区', 'orgAddrCityDesc': '市辖区', 'legalCrtTypeDesc': '中国居民身份证', 'createDate': '2023-06-25 16:25:42', 'updateDate': '2023-06-25 16:25:43', 'entInfoSyss_0_id': 3300, 'entInfoSyss_0_entApplyId': 1362, 'entApplyId': 1362, 'entInfoSyss_0_sysType': 1, 'entInfoSyss_0_deployMode': 1, 'entInfoSyss_0_deployAddr': '致真', 'entInfoSyss_0_deployAddrProvince': '110000', 'entInfoSyss_0_deployAddrCity': '110100', 'entInfoSyss_0_deployAddrCounty': '110101', 'entInfoSyss_1_id': 3301, 'entInfoSyss_1_entApplyId': 1362, 'entInfoSyss_1_sysType': 2, 'entInfoSyss_1_deployMode': 1, 'entInfoSyss_1_deployAddr': '致真', 'entInfoSyss_1_deployAddrProvince': '110000', 'entInfoSyss_1_deployAddrCity': '110100', 'entInfoSyss_1_deployAddrCounty': '110101', 'entInfoSyss_2_id': 3302, 'entInfoSyss_2_entApplyId': 1362, 'entInfoSyss_2_sysType': 3, 'entInfoSyss_2_deployMode': 1, 'entInfoSyss_2_deployAddr': '天津', 'entInfoSyss_2_deployAddrProvince': '120000', 'entInfoSyss_2_deployAddrCity': '120100', 'entInfoSyss_2_deployAddrCounty': '120101', 'entInfoSyss_3_id': 3303, 'entInfoSyss_3_entApplyId': 1362, 'entInfoSyss_3_sysType': 4, 'entInfoSyss_3_deployMode': 1, 'entInfoSyss_3_deployAddr': '天津', 'entInfoSyss_3_deployAddrProvince': '120000', 'entInfoSyss_3_deployAddrCity': '120100', 'entInfoSyss_3_deployAddrCounty': '120101'}
2023-06-25 16:25:42.331 | INFO     | httprunner.response:validate:249 - assert status_code equal 200(int)	==> pass
2023-06-25 16:25:42.331 | INFO     | httprunner.response:validate:249 - assert body.message equal success(str)	==> pass
2023-06-25 16:25:42.331 | INFO     | httprunner.runner:__run_step:304 - run step end: 企业注册查询注册信息 <<<<<<

2023-06-25 16:25:42.331 | INFO     | httprunner.runner:__run_step_testcase:286 - export variables: {'orgCategorySpecificDesc': '农、林、牧、渔业-农业', 'createDate': '2023-06-25 16:25:42', 'orgAddrCity': '110100', 'entInfoSyss_3_deployAddrCity': '120100', 'imgId_b': 2640, 'entInfoSyss_1_id': 3301, 'entInfoSyss_2_deployAddrCounty': '120101', 'entInfoSyss_0_deployAddr': '致真', 'contactCrtNo': '313409197308044777', 'contactCrtType': 1, 'orgCrtImgRid': 2638, 'entInfoSyss_1_deployAddrCounty': '110101', 'entInfoSyss_3_deployAddrProvince': '120000', 'entUserId': None, 'legalEmail': None, 'entInfoSyss_0_entApplyId': 1362, 'updateDate': '2023-06-25 16:25:43', 'entInfoSyss_2_sysType': 3, 'contactEmail': 'cIOMjWr7GGQyeeUB@qaqseq.com', 'orgNature': '1', 'orgCrtType': '1', 'entInfoSyss_2_entApplyId': 1362, 'entInfoSyss_0_deployAddrCity': '110100', 'orgAddrCountyDesc': '东城区', 'prefix': '88.408.5157037042', 'entInfoSyss_2_deployAddrCity': '120100', 'orgAddrCounty': '110101', 'entInfoSyss_0_deployAddrProvince': '110000', 'entInfoSyss_3_deployAddr': '天津', 'legalCrtFrontImgRid': 2639, 'entInfoSyss_3_deployAddrCounty': '120101', 'entInfoSyss_0_id': 3300, 'orgName': '2oYKwBBQcNJv7JIke8b3HjY4f6CYUiui', 'legalPhone': None, 'legalCrtBackImgRid': 2640, 'entInfoSyss_3_deployMode': 1, 'entInfoSyss_3_entApplyId': 1362, 'userName': '2oYKwBBQcNJv7JIke8b3HjY4f6CYUiui', 'imgId_f': 2639, 'contactPhone': '12093162493', 'applyId': 1362, 'orgAddrProvinceDesc': '北京市', 'entId': None, 'entInfoSyss_0_deployMode': 1, 'entInfoSyss_2_deployAddrProvince': '120000', 'userId': 1598, 'entInfoSyss_2_deployMode': 1, 'contactName': '2oYKwBBQcNJv7JIke8b3HjY4f6CYUiui', 'legalCrtType': '1', 'orgCrtCode': '2oYKwBBQcNJv7JIke8b3HjY4f6CYUiui', 'legalCrtTypeDesc': '中国居民身份证', 'orgAddrProvince': '110000', 'entInfoSyss_1_entApplyId': 1362, 'entInfoSyss_0_deployAddrCounty': '110101', 'entInfoSyss_1_deployAddrProvince': '110000', 'entInfoSyss_1_sysType': 2, 'entInfoSyss_3_sysType': 4, 'industryCategory': 'A', 'legalCrtNo': '313409197308044777', 'entInfoSyss_1_deployMode': 1, 'imgId': 2638, 'entInfoSyss_3_id': 3303, 'entApplyId': 1362, 'entInfoSyss_1_deployAddr': '致真', 'legalName': '张三', 'entInfoSyss_1_deployAddrCity': '110100', 'entInfoSyss_2_deployAddr': '天津', 'industrySpecific': '01', 'entInfoSyss_2_id': 3302, 'entInfoSyss_0_sysType': 1, 'orgAddrCityDesc': '市辖区', 'orgAddr': '致真', 'orgNatureDesc': '国有控股'}
2023-06-25 16:25:42.331 | INFO     | httprunner.runner:__run_step:304 - run step end: 企业注册查询注册信息 <<<<<<

2023-06-25 16:25:42.331 | INFO     | httprunner.runner:__run_step:292 - run step begin: 企业注册最终第三步提交信息 >>>>>>
2023-06-25 16:25:42.332 | INFO     | httprunner.runner:__run_step:292 - run step begin: 企业注册最终第三步提交信息 >>>>>>
2023-06-25 16:25:42.521 | DEBUG    | httprunner.client:request:186 - client IP: 127.0.0.1, Port: 61439
2023-06-25 16:25:42.521 | DEBUG    | httprunner.client:request:194 - server IP: 127.0.0.1, Port: 8888
2023-06-25 16:25:42.523 | DEBUG    | httprunner.client:log_print:40 - 
================== request details ==================
method   : POST
url      : http://139.198.116.76:8000/api/v3/entApply/apply
headers  : {
    "User-Agent": "Mozilla/5.0 (Macintosh; Intel Mac OS X 10_15_7) AppleWebKit/537.36 (KHTML, like Gecko) Chrome/105.0.0.0 Safari/537.36",
    "Accept-Encoding": "gzip, deflate",
    "Accept": "application/json, text/plain, */*",
    "Connection": "keep-alive",
    "Accept-Language": "zh-CN,zh;q=0.9",
    "Content-Type": "application/json;charset=UTF-8",
    "HRUN-Request-ID": "HRUN-d5737151-3a5c-44fc-adbc-ca2ed82b9ce2-542332",
    "Cookie": "SESSION=Y2NiN2EzMGUtM2ZkMS00MTZlLWIxODEtZGJmMDQwNGZhYTY2; SESSION=response.headers.\"Set-Cookie\".session",
    "Content-Length": "3280"
}
cookies  : {
    "SESSION": "Y2NiN2EzMGUtM2ZkMS00MTZlLWIxODEtZGJmMDQwNGZhYTY2"
}
body     : {
    "applyStep": 4,
    "applyType": null,
    "cltrid": null,
    "contactCrtBackImgPath": null,
    "contactCrtBackImgRid": 2640,
    "contactCrtFrontImgPath": null,
    "contactCrtFrontImgRid": 2639,
    "contactCrtNo": "313409197308044777",
    "contactCrtType": 1,
    "contactEmail": "cIOMjWr7GGQyeeUB@qaqseq.com",
    "contactName": "2oYKwBBQcNJv7JIke8b3HjY4f6CYUiui",
    "contactPhone": "12093162493",
    "createDate": "2023-06-25 16:25:42",
    "dataHostingContractFilePath": null,
    "dataHostingContractFileRid": null,
    "dataHostingOrg": null,
    "entGeneralId": null,
    "entInfoLicenses": [],
    "entInfoSerIndustrys": [],
    "entInfoSyss": [
        {
            "deployAddr": "致真",
            "deployAddrCity": "110100",
            "deployAddrCounty": "110101",
            "deployAddrProvince": "110000",
            "deployMode": 1,
            "ipPort": null,
            "name": null,
            "sysType": 2
        },
        {
            "deployAddr": "致真",
            "deployAddrCity": "110100",
            "deployAddrCounty": "110101",
            "deployAddrProvince": "110000",
            "deployMode": 1,
            "ipPort": null,
            "name": null,
            "sysType": 3
        },
        {
            "deployAddr": "天津",
            "deployAddrCity": "120100",
            "deployAddrCounty": "120101",
            "deployAddrProvince": "120000",
            "deployMode": 1,
            "ipPort": null,
            "name": null,
            "sysType": 4
        },
        {
            "deployAddr": "天津",
            "deployAddrCity": "120100",
            "deployAddrCounty": "120101",
            "deployAddrProvince": "120000",
            "deployMode": 1,
            "ipPort": null,
            "name": null,
            "sysType": 4
        }
    ],
    "entPrefix": "88.408.5157037042",
    "escrowId": null,
    "escrowOrgName": null,
    "establishDate": null,
    "extDomain": null,
    "extIpAddr": null,
    "extWebName": null,
    "finalAuditMsg": null,
    "finalAuditStatus": null,
    "firstAuditMsg": null,
    "firstAuditStatus": null,
    "id": 1362,
    "idRegNaImp": null,
    "industryCategory": "A",
    "industrySpecific": "01",
    "isSubmit": 0,
    "legalCrtBackImgContent": null,
    "legalCrtBackImgPath": null,
    "legalCrtBackImgRid": 2640,
    "legalCrtFrontImgContent": null,
    "legalCrtFrontImgPath": null,
    "legalCrtFrontImgRid": 2639,
    "legalCrtNo": "313409197308044777",
    "legalCrtType": "1",
    "legalCrtTypeDesc": "中国居民身份证",
    "legalEmail": null,
    "legalFax": null,
    "legalName": "张三",
    "legalPhone": null,
    "orgAddr": "致真",
    "orgAddrCity": "110100",
    "orgAddrCityDesc": "市辖区",
    "orgAddrCounty": "110101",
    "orgAddrCountyDesc": "东城区",
    "orgAddrProvince": "110000",
    "orgAddrProvinceDesc": "北京市",
    "orgCategorySpecificDesc": "农、林、牧、渔业-农业",
    "orgCrtCode": "2oYKwBBQcNJv7JIke8b3HjY4f6CYUiui",
    "orgCrtImgContent": null,
    "orgCrtImgPath": null,
    "orgCrtImgRid": 2638,
    "orgCrtType": "1",
    "orgDesc": null,
    "orgName": "2oYKwBBQcNJv7JIke8b3HjY4f6CYUiui",
    "orgNature": "1",
    "orgNatureDesc": "1",
    "periodValidity": null,
    "regAuthority": null,
    "regCapital": null,
    "regRealNaImpName": null,
    "regRealNaImpType": null,
    "servHostingContractFilePath": null,
    "servHostingContractFileRid": null,
    "servHostingOrg": null,
    "servSysBuildContractFilePath": null,
    "servSysBuildContractFileRid": null,
    "servSysBuildName": null,
    "servSysBuildType": 1,
    "servSysOperContractFilePath": null,
    "servSysOperContractFileRid": null,
    "servSysOperName": null,
    "servSysOperType": 1,
    "svtrid": null,
    "thirdServiceMsg": null,
    "thirdServiceStatus": null,
    "updateDate": "2023-06-25 16:25:43",
    "userId": 1598,
    "userName": "2oYKwBBQcNJv7JIke8b3HjY4f6CYUiui",
    "website": null
}

2023-06-25 16:25:42.524 | DEBUG    | httprunner.client:log_print:40 - 
================== response details ==================
status_code : 200
headers  : {
    "Server": "nginx",
    "Date": "Sun, 25 Jun 2023 08:25:42 GMT",
    "Content-Type": "application/json;charset=UTF-8",
    "Transfer-Encoding": "chunked",
    "X-Frame-Options": "SAMEORIGIN",
    "Connection": "keep-alive"
}
cookies  : {}
encoding : UTF-8
content_type : application/json;charset=UTF-8
body     : {
    "message": "success",
    "status": 1,
    "data": true
}

2023-06-25 16:25:42.524 | INFO     | httprunner.client:request:217 - status_code: 200, response_time(ms): 188.18 ms, response_length: 0 bytes
2023-06-25 16:25:42.524 | INFO     | httprunner.response:validate:249 - assert status_code equal 200(int)	==> pass
2023-06-25 16:25:42.525 | INFO     | httprunner.response:validate:249 - assert body.message equal success(str)	==> pass
2023-06-25 16:25:42.525 | INFO     | httprunner.runner:__run_step:304 - run step end: 企业注册最终第三步提交信息 <<<<<<

2023-06-25 16:25:42.525 | INFO     | httprunner.runner:__run_step:304 - run step end: 企业注册最终第三步提交信息 <<<<<<

2023-06-25 16:25:42.525 | INFO     | httprunner.runner:__run_step:292 - run step begin: 登录-管理员 >>>>>>
2023-06-25 16:25:42.525 | INFO     | httprunner.runner:__run_step:292 - run step begin: 登录-企业用户 >>>>>>
2023-06-25 16:25:42.585 | DEBUG    | httprunner.client:request:186 - client IP: 127.0.0.1, Port: 61439
2023-06-25 16:25:42.586 | DEBUG    | httprunner.client:request:194 - server IP: 127.0.0.1, Port: 8888
2023-06-25 16:25:42.587 | DEBUG    | httprunner.client:log_print:40 - 
================== request details ==================
method   : POST
url      : http://139.198.116.76:8000/api/home/test/login
headers  : {
    "User-Agent": "python-requests/2.28.1",
    "Accept-Encoding": "gzip, deflate, br",
    "Accept": "*/*",
    "Connection": "keep-alive",
    "Content-Length": "144",
    "Content-Type": "application/json",
    "HRUN-Request-ID": "HRUN-d5737151-3a5c-44fc-adbc-ca2ed82b9ce2-542525",
    "Cookie": "SESSION=Y2NiN2EzMGUtM2ZkMS00MTZlLWIxODEtZGJmMDQwNGZhYTY2"
}
cookies  : {
    "SESSION": "Y2NiN2EzMGUtM2ZkMS00MTZlLWIxODEtZGJmMDQwNGZhYTY2"
}
body     : {
    "captcha": "0000",
    "captchaSign": "5d39bab12bba81ab59b3931d2ca06ee9603c3803355932be66974f122cab3502",
    "emailCaptcha": "",
    "username": "adminy"
}

2023-06-25 16:25:42.588 | DEBUG    | httprunner.client:log_print:40 - 
================== response details ==================
status_code : 200
headers  : {
    "Server": "nginx",
    "Date": "Sun, 25 Jun 2023 08:25:42 GMT",
    "Content-Type": "application/json;charset=UTF-8",
    "Transfer-Encoding": "chunked",
    "Set-Cookie": "SESSION=YWI5ZWI0ZjEtOTJlMC00NWFjLTgyZWYtNjM5NDYwNTI5M2I3; Path=/; HttpOnly; SameSite=Lax",
    "X-Frame-Options": "SAMEORIGIN",
    "Connection": "keep-alive"
}
cookies  : {
    "SESSION": "YWI5ZWI0ZjEtOTJlMC00NWFjLTgyZWYtNjM5NDYwNTI5M2I3"
}
encoding : UTF-8
content_type : application/json;charset=UTF-8
body     : {
    "message": "success",
    "status": 1,
    "data": true
}

2023-06-25 16:25:42.588 | INFO     | httprunner.client:request:217 - status_code: 200, response_time(ms): 59.88 ms, response_length: 0 bytes
2023-06-25 16:25:42.588 | INFO     | httprunner.response:extract:179 - extract mapping: {'adminSession': 'response.headers."Set-Cookie".session'}
2023-06-25 16:25:42.588 | INFO     | httprunner.response:validate:249 - assert status_code equal 200(int)	==> pass
2023-06-25 16:25:42.589 | INFO     | httprunner.response:validate:249 - assert headers."Content-Type" equal application/json;charset=UTF-8(str)	==> pass
2023-06-25 16:25:42.589 | INFO     | httprunner.response:validate:249 - assert body.message equal success(str)	==> pass
2023-06-25 16:25:42.589 | INFO     | httprunner.response:validate:249 - assert body.status equal 1(int)	==> pass
2023-06-25 16:25:42.589 | INFO     | httprunner.response:validate:249 - assert body.data equal True(bool)	==> pass
2023-06-25 16:25:42.590 | INFO     | httprunner.runner:__run_step:304 - run step end: 登录-企业用户 <<<<<<

2023-06-25 16:25:42.590 | INFO     | httprunner.runner:__run_step_testcase:286 - export variables: {'adminSession': 'response.headers."Set-Cookie".session'}
2023-06-25 16:25:42.590 | INFO     | httprunner.runner:__run_step:304 - run step end: 登录-管理员 <<<<<<

2023-06-25 16:25:42.590 | INFO     | httprunner.runner:__run_step:292 - run step begin: 年费费用查询 >>>>>>
2023-06-25 16:25:42.590 | INFO     | httprunner.runner:__run_step:292 - run step begin: 财务规则查询-年费 >>>>>>
2023-06-25 16:25:42.662 | DEBUG    | httprunner.client:request:186 - client IP: 127.0.0.1, Port: 61439
2023-06-25 16:25:42.663 | DEBUG    | httprunner.client:request:194 - server IP: 127.0.0.1, Port: 8888
2023-06-25 16:25:42.663 | DEBUG    | httprunner.client:log_print:40 - 
================== request details ==================
method   : GET
url      : http://139.198.116.76:8000/api/finance/rule/findRule?cache=1663837640684&moneyType=2&userId=1598
headers  : {
    "User-Agent": "Mozilla/5.0 (Macintosh; Intel Mac OS X 10_15_7) AppleWebKit/537.36 (KHTML, like Gecko) Chrome/98.0.4758.102 Safari/537.36 Edg/98.0.1108.56",
    "Accept-Encoding": "gzip, deflate",
    "Accept": "application/json, text/plain, */*",
    "Connection": "keep-alive",
    "Accept-Language": "zh-CN,zh;q=0.9,en;q=0.8,en-GB;q=0.7,en-US;q=0.6",
    "HRUN-Request-ID": "HRUN-d5737151-3a5c-44fc-adbc-ca2ed82b9ce2-542590",
    "Cookie": "SESSION=YWI5ZWI0ZjEtOTJlMC00NWFjLTgyZWYtNjM5NDYwNTI5M2I3; SESSION=response.headers.\"Set-Cookie\".session"
}
cookies  : {
    "SESSION": "YWI5ZWI0ZjEtOTJlMC00NWFjLTgyZWYtNjM5NDYwNTI5M2I3"
}
body     : None

2023-06-25 16:25:42.664 | DEBUG    | httprunner.client:log_print:40 - 
================== response details ==================
status_code : 200
headers  : {
    "Server": "nginx",
    "Date": "Sun, 25 Jun 2023 08:25:42 GMT",
    "Content-Type": "application/json;charset=UTF-8",
    "Transfer-Encoding": "chunked",
    "X-Frame-Options": "SAMEORIGIN",
    "Connection": "keep-alive"
}
cookies  : {}
encoding : UTF-8
content_type : application/json;charset=UTF-8
body     : {
    "message": "success",
    "status": 1,
    "data": [
        {
            "id": 78,
            "createDate": "2023-05-31 12:51:47",
            "updateDate": "2023-05-31 12:51:47",
            "name": "标准",
            "money": 10000.0,
            "moneyType": 2,
            "prefixCount": 1,
            "remart": "test",
            "entName": null,
            "entUserId": null,
            "ruleType": 2,
            "escrowId": null
        }
    ]
}

2023-06-25 16:25:42.664 | INFO     | httprunner.client:request:217 - status_code: 200, response_time(ms): 71.86 ms, response_length: 0 bytes
2023-06-25 16:25:42.665 | INFO     | httprunner.response:extract:179 - extract mapping: {'annualFeeRuleId': 78}
2023-06-25 16:25:42.665 | INFO     | httprunner.response:validate:249 - assert status_code equal 200(int)	==> pass
2023-06-25 16:25:42.665 | INFO     | httprunner.response:validate:249 - assert body.message equal success(str)	==> pass
2023-06-25 16:25:42.666 | INFO     | httprunner.response:validate:249 - assert body.status equal 1(int)	==> pass
2023-06-25 16:25:42.666 | INFO     | httprunner.runner:__run_step:304 - run step end: 财务规则查询-年费 <<<<<<

2023-06-25 16:25:42.666 | INFO     | httprunner.runner:__run_step_testcase:286 - export variables: {'annualFeeRuleId': 78}
2023-06-25 16:25:42.666 | INFO     | httprunner.runner:__run_step:304 - run step end: 年费费用查询 <<<<<<

2023-06-25 16:25:42.667 | INFO     | httprunner.runner:__run_step:292 - run step begin: 注册费费用查询 >>>>>>
2023-06-25 16:25:42.667 | INFO     | httprunner.runner:__run_step:292 - run step begin: 财务规则查询-注册费 >>>>>>
2023-06-25 16:25:42.718 | DEBUG    | httprunner.client:request:186 - client IP: 127.0.0.1, Port: 61439
2023-06-25 16:25:42.718 | DEBUG    | httprunner.client:request:194 - server IP: 127.0.0.1, Port: 8888
2023-06-25 16:25:42.719 | DEBUG    | httprunner.client:log_print:40 - 
================== request details ==================
method   : GET
url      : http://139.198.116.76:8000/api/finance/rule/findRule?moneyType=1&userId=1598
headers  : {
    "User-Agent": "Mozilla/5.0 (Macintosh; Intel Mac OS X 10_15_7) AppleWebKit/537.36 (KHTML, like Gecko) Chrome/98.0.4758.102 Safari/537.36 Edg/98.0.1108.56",
    "Accept-Encoding": "gzip, deflate",
    "Accept": "application/json, text/plain, */*",
    "Connection": "keep-alive",
    "Accept-Language": "zh-CN,zh;q=0.9,en;q=0.8,en-GB;q=0.7,en-US;q=0.6",
    "HRUN-Request-ID": "HRUN-d5737151-3a5c-44fc-adbc-ca2ed82b9ce2-542667",
    "Cookie": "SESSION=YWI5ZWI0ZjEtOTJlMC00NWFjLTgyZWYtNjM5NDYwNTI5M2I3; SESSION=response.headers.\"Set-Cookie\".session"
}
cookies  : {
    "SESSION": "YWI5ZWI0ZjEtOTJlMC00NWFjLTgyZWYtNjM5NDYwNTI5M2I3"
}
body     : None

2023-06-25 16:25:42.720 | DEBUG    | httprunner.client:log_print:40 - 
================== response details ==================
status_code : 200
headers  : {
    "Server": "nginx",
    "Date": "Sun, 25 Jun 2023 08:25:43 GMT",
    "Content-Type": "application/json;charset=UTF-8",
    "Transfer-Encoding": "chunked",
    "X-Frame-Options": "SAMEORIGIN",
    "Connection": "keep-alive"
}
cookies  : {}
encoding : UTF-8
content_type : application/json;charset=UTF-8
body     : {
    "message": "success",
    "status": 1,
    "data": [
        {
            "id": 77,
            "createDate": "2023-05-31 12:51:33",
            "updateDate": "2023-05-31 12:51:33",
            "name": "标准",
            "money": 10000.0,
            "moneyType": 1,
            "prefixCount": 1,
            "remart": "test",
            "entName": null,
            "entUserId": null,
            "ruleType": 2,
            "escrowId": null
        }
    ]
}

2023-06-25 16:25:42.720 | INFO     | httprunner.client:request:217 - status_code: 200, response_time(ms): 50.57 ms, response_length: 0 bytes
2023-06-25 16:25:42.720 | INFO     | httprunner.response:extract:179 - extract mapping: {'regFeeRuleId': 77}
2023-06-25 16:25:42.721 | INFO     | httprunner.response:validate:249 - assert status_code equal 200(int)	==> pass
2023-06-25 16:25:42.721 | INFO     | httprunner.response:validate:249 - assert body.message equal success(str)	==> pass
2023-06-25 16:25:42.721 | INFO     | httprunner.response:validate:249 - assert body.status equal 1(int)	==> pass
2023-06-25 16:25:42.721 | INFO     | httprunner.runner:__run_step:304 - run step end: 财务规则查询-注册费 <<<<<<

2023-06-25 16:25:42.722 | INFO     | httprunner.runner:__run_step_testcase:286 - export variables: {'regFeeRuleId': 77}
2023-06-25 16:25:42.722 | INFO     | httprunner.runner:__run_step:304 - run step end: 注册费费用查询 <<<<<<

2023-06-25 16:25:42.723 | INFO     | httprunner.runner:__run_step:292 - run step begin: 审核结果保存 >>>>>>
2023-06-25 16:25:42.724 | INFO     | httprunner.runner:__run_step:292 - run step begin: 企业审核保存 >>>>>>
2023-06-25 16:25:44.585 | DEBUG    | httprunner.client:request:186 - client IP: 127.0.0.1, Port: 61439
2023-06-25 16:25:44.586 | DEBUG    | httprunner.client:request:194 - server IP: 127.0.0.1, Port: 8888
2023-06-25 16:25:44.587 | DEBUG    | httprunner.client:log_print:40 - 
================== request details ==================
method   : POST
url      : http://139.198.116.76:8000/api/v3/ent/audit/save?annualFeeRuleId=78&applyId=1362&auditMsg=%E5%AE%A1%E6%A0%B8%E9%80%9A%E8%BF%87&auditResult=pass&entPrefix=88.408.5157037042&regFeeRuleId=77
headers  : {
    "User-Agent": "Mozilla/5.0 (Macintosh; Intel Mac OS X 10_15_7) AppleWebKit/537.36 (KHTML, like Gecko) Chrome/98.0.4758.102 Safari/537.36 Edg/98.0.1108.56",
    "Accept-Encoding": "gzip, deflate",
    "Accept": "application/json, text/plain, */*",
    "Connection": "keep-alive",
    "Accept-Language": "zh-CN,zh;q=0.9,en;q=0.8,en-GB;q=0.7,en-US;q=0.6",
    "Content-Length": "0",
    "HRUN-Request-ID": "HRUN-d5737151-3a5c-44fc-adbc-ca2ed82b9ce2-542724",
    "Cookie": "SESSION=YWI5ZWI0ZjEtOTJlMC00NWFjLTgyZWYtNjM5NDYwNTI5M2I3; SESSION=response.headers.\"Set-Cookie\".session"
}
cookies  : {
    "SESSION": "YWI5ZWI0ZjEtOTJlMC00NWFjLTgyZWYtNjM5NDYwNTI5M2I3"
}
body     : None

2023-06-25 16:25:44.589 | DEBUG    | httprunner.client:log_print:40 - 
================== response details ==================
status_code : 200
headers  : {
    "Server": "nginx",
    "Date": "Sun, 25 Jun 2023 08:25:44 GMT",
    "Content-Type": "application/json",
    "Transfer-Encoding": "chunked",
    "X-Frame-Options": "SAMEORIGIN",
    "Connection": "keep-alive"
}
cookies  : {}
encoding : utf-8
content_type : application/json
body     : {
    "message": "success",
    "status": 1,
    "data": true
}

2023-06-25 16:25:44.589 | INFO     | httprunner.client:request:217 - status_code: 200, response_time(ms): 1861.2 ms, response_length: 0 bytes
2023-06-25 16:25:44.589 | INFO     | httprunner.response:validate:249 - assert status_code equal 200(int)	==> pass
2023-06-25 16:25:44.590 | INFO     | httprunner.response:validate:249 - assert body.message equal success(str)	==> pass
2023-06-25 16:25:44.590 | INFO     | httprunner.response:validate:249 - assert body.status equal 1(int)	==> pass
2023-06-25 16:25:44.590 | INFO     | httprunner.response:validate:249 - assert body.data equal True(bool)	==> pass
2023-06-25 16:25:44.590 | INFO     | httprunner.runner:__run_step:304 - run step end: 企业审核保存 <<<<<<

2023-06-25 16:25:44.590 | INFO     | httprunner.runner:__run_step:304 - run step end: 审核结果保存 <<<<<<

2023-06-25 16:25:44.591 | INFO     | httprunner.runner:__run_step:292 - run step begin: 企业用户登录 >>>>>>
2023-06-25 16:25:44.592 | INFO     | httprunner.runner:__run_step:292 - run step begin: 登录-企业用户 >>>>>>
2023-06-25 16:25:44.657 | DEBUG    | httprunner.client:request:186 - client IP: 127.0.0.1, Port: 61439
2023-06-25 16:25:44.658 | DEBUG    | httprunner.client:request:194 - server IP: 127.0.0.1, Port: 8888
2023-06-25 16:25:44.659 | DEBUG    | httprunner.client:log_print:40 - 
================== request details ==================
method   : POST
url      : http://139.198.116.76:8000/api/home/test/login
headers  : {
    "User-Agent": "python-requests/2.28.1",
    "Accept-Encoding": "gzip, deflate, br",
    "Accept": "*/*",
    "Connection": "keep-alive",
    "Content-Length": "170",
    "Content-Type": "application/json",
    "HRUN-Request-ID": "HRUN-d5737151-3a5c-44fc-adbc-ca2ed82b9ce2-544592",
    "Cookie": "SESSION=YWI5ZWI0ZjEtOTJlMC00NWFjLTgyZWYtNjM5NDYwNTI5M2I3"
}
cookies  : {
    "SESSION": "YWI5ZWI0ZjEtOTJlMC00NWFjLTgyZWYtNjM5NDYwNTI5M2I3"
}
body     : {
    "captcha": "0000",
    "captchaSign": "584cce759b2dacf120a3c9dedf1374b1f26e7350a132552210d4a3acd2d20465",
    "emailCaptcha": "",
    "username": "2oYKwBBQcNJv7JIke8b3HjY4f6CYUiui"
}

2023-06-25 16:25:44.659 | DEBUG    | httprunner.client:log_print:40 - 
================== response details ==================
status_code : 200
headers  : {
    "Server": "nginx",
    "Date": "Sun, 25 Jun 2023 08:25:44 GMT",
    "Content-Type": "application/json;charset=UTF-8",
    "Transfer-Encoding": "chunked",
    "Set-Cookie": "SESSION=ODZkMGI2NTMtNDRlZC00NmUxLWE4OGItMDM4ZTJiYzE0NjY1; Path=/; HttpOnly; SameSite=Lax",
    "X-Frame-Options": "SAMEORIGIN",
    "Connection": "keep-alive"
}
cookies  : {
    "SESSION": "ODZkMGI2NTMtNDRlZC00NmUxLWE4OGItMDM4ZTJiYzE0NjY1"
}
encoding : UTF-8
content_type : application/json;charset=UTF-8
body     : {
    "message": "success",
    "status": 1,
    "data": true
}

2023-06-25 16:25:44.660 | INFO     | httprunner.client:request:217 - status_code: 200, response_time(ms): 64.73 ms, response_length: 0 bytes
2023-06-25 16:25:44.660 | INFO     | httprunner.response:extract:179 - extract mapping: {'entSession': 'response.headers."Set-Cookie".session'}
2023-06-25 16:25:44.660 | INFO     | httprunner.response:validate:249 - assert status_code equal 200(int)	==> pass
2023-06-25 16:25:44.660 | INFO     | httprunner.response:validate:249 - assert headers."Content-Type" equal application/json;charset=UTF-8(str)	==> pass
2023-06-25 16:25:44.661 | INFO     | httprunner.response:validate:249 - assert body.message equal success(str)	==> pass
2023-06-25 16:25:44.661 | INFO     | httprunner.response:validate:249 - assert body.status equal 1(int)	==> pass
2023-06-25 16:25:44.661 | INFO     | httprunner.response:validate:249 - assert body.data equal True(bool)	==> pass
2023-06-25 16:25:44.661 | INFO     | httprunner.runner:__run_step:304 - run step end: 登录-企业用户 <<<<<<

2023-06-25 16:25:44.661 | INFO     | httprunner.runner:__run_step_testcase:286 - export variables: {'entSession': 'response.headers."Set-Cookie".session'}
2023-06-25 16:25:44.661 | INFO     | httprunner.runner:__run_step:304 - run step end: 企业用户登录 <<<<<<

2023-06-25 16:25:44.662 | INFO     | httprunner.runner:__run_step:292 - run step begin: 企业申请托管 >>>>>>
2023-06-25 16:25:44.663 | INFO     | httprunner.runner:__run_step:292 - run step begin: 托管申请 >>>>>>
2023-06-25 16:25:44.725 | DEBUG    | httprunner.client:request:186 - client IP: 127.0.0.1, Port: 61439
2023-06-25 16:25:44.726 | DEBUG    | httprunner.client:request:194 - server IP: 127.0.0.1, Port: 8888
2023-06-25 16:25:44.726 | DEBUG    | httprunner.client:log_print:40 - 
================== request details ==================
method   : GET
url      : http://139.198.116.76:8000/api/prefixProxy/apply?entPrefix=88.408.5157037042
headers  : {
    "User-Agent": "Mozilla/5.0 (Macintosh; Intel Mac OS X 10_15_7) AppleWebKit/537.36 (KHTML, like Gecko) Chrome/105.0.0.0 Safari/537.36",
    "Accept-Encoding": "gzip, deflate",
    "Accept": "application/json, text/plain, */*",
    "Connection": "keep-alive",
    "Accept-Language": "zh-CN,zh;q=0.9",
    "HRUN-Request-ID": "HRUN-d5737151-3a5c-44fc-adbc-ca2ed82b9ce2-544663",
    "Cookie": "SESSION=ODZkMGI2NTMtNDRlZC00NmUxLWE4OGItMDM4ZTJiYzE0NjY1; SESSION=response.headers.\"Set-Cookie\".session"
}
cookies  : {
    "SESSION": "ODZkMGI2NTMtNDRlZC00NmUxLWE4OGItMDM4ZTJiYzE0NjY1"
}
body     : None

2023-06-25 16:25:44.727 | DEBUG    | httprunner.client:log_print:40 - 
================== response details ==================
status_code : 200
headers  : {
    "Server": "nginx",
    "Date": "Sun, 25 Jun 2023 08:25:45 GMT",
    "Content-Type": "application/json;charset=UTF-8",
    "Transfer-Encoding": "chunked",
    "X-Frame-Options": "SAMEORIGIN",
    "Connection": "keep-alive"
}
cookies  : {}
encoding : UTF-8
content_type : application/json;charset=UTF-8
body     : {
    "message": "success",
    "status": 1,
    "data": null
}

2023-06-25 16:25:44.728 | INFO     | httprunner.client:request:217 - status_code: 200, response_time(ms): 61.85 ms, response_length: 0 bytes
2023-06-25 16:25:44.728 | INFO     | httprunner.response:validate:249 - assert status_code equal 200(int)	==> pass
2023-06-25 16:25:44.729 | INFO     | httprunner.response:validate:249 - assert body.message equal success(str)	==> pass
2023-06-25 16:25:44.729 | INFO     | httprunner.runner:__run_step:304 - run step end: 托管申请 <<<<<<

2023-06-25 16:25:44.729 | INFO     | httprunner.runner:__run_step:304 - run step end: 企业申请托管 <<<<<<

2023-06-25 16:25:44.729 | INFO     | httprunner.runner:__run_step:292 - run step begin: 管理员用户登录 >>>>>>
2023-06-25 16:25:44.730 | INFO     | httprunner.runner:__run_step:292 - run step begin: 登录-企业用户 >>>>>>
2023-06-25 16:25:44.819 | DEBUG    | httprunner.client:request:186 - client IP: 127.0.0.1, Port: 61439
2023-06-25 16:25:44.819 | DEBUG    | httprunner.client:request:194 - server IP: 127.0.0.1, Port: 8888
2023-06-25 16:25:44.820 | DEBUG    | httprunner.client:log_print:40 - 
================== request details ==================
method   : POST
url      : http://139.198.116.76:8000/api/home/test/login
headers  : {
    "User-Agent": "python-requests/2.28.1",
    "Accept-Encoding": "gzip, deflate, br",
    "Accept": "*/*",
    "Connection": "keep-alive",
    "Content-Length": "144",
    "Content-Type": "application/json",
    "HRUN-Request-ID": "HRUN-d5737151-3a5c-44fc-adbc-ca2ed82b9ce2-544731",
    "Cookie": "SESSION=ODZkMGI2NTMtNDRlZC00NmUxLWE4OGItMDM4ZTJiYzE0NjY1"
}
cookies  : {
    "SESSION": "ODZkMGI2NTMtNDRlZC00NmUxLWE4OGItMDM4ZTJiYzE0NjY1"
}
body     : {
    "captcha": "0000",
    "captchaSign": "5d39bab12bba81ab59b3931d2ca06ee9603c3803355932be66974f122cab3502",
    "emailCaptcha": "",
    "username": "adminy"
}

2023-06-25 16:25:44.821 | DEBUG    | httprunner.client:log_print:40 - 
================== response details ==================
status_code : 200
headers  : {
    "Server": "nginx",
    "Date": "Sun, 25 Jun 2023 08:25:45 GMT",
    "Content-Type": "application/json;charset=UTF-8",
    "Transfer-Encoding": "chunked",
    "Set-Cookie": "SESSION=YzIxZTYzZGItM2UzYy00OTY5LTk2MDEtYWRlNjE3YTIxZjU0; Path=/; HttpOnly; SameSite=Lax",
    "X-Frame-Options": "SAMEORIGIN",
    "Connection": "keep-alive"
}
cookies  : {
    "SESSION": "YzIxZTYzZGItM2UzYy00OTY5LTk2MDEtYWRlNjE3YTIxZjU0"
}
encoding : UTF-8
content_type : application/json;charset=UTF-8
body     : {
    "message": "success",
    "status": 1,
    "data": true
}

2023-06-25 16:25:44.821 | INFO     | httprunner.client:request:217 - status_code: 200, response_time(ms): 87.5 ms, response_length: 0 bytes
2023-06-25 16:25:44.821 | INFO     | httprunner.response:extract:179 - extract mapping: {'adminSession': 'response.headers."Set-Cookie".session'}
2023-06-25 16:25:44.822 | INFO     | httprunner.response:validate:249 - assert status_code equal 200(int)	==> pass
2023-06-25 16:25:44.822 | INFO     | httprunner.response:validate:249 - assert headers."Content-Type" equal application/json;charset=UTF-8(str)	==> pass
2023-06-25 16:25:44.823 | INFO     | httprunner.response:validate:249 - assert body.message equal success(str)	==> pass
2023-06-25 16:25:44.823 | INFO     | httprunner.response:validate:249 - assert body.status equal 1(int)	==> pass
2023-06-25 16:25:44.823 | INFO     | httprunner.response:validate:249 - assert body.data equal True(bool)	==> pass
2023-06-25 16:25:44.823 | INFO     | httprunner.runner:__run_step:304 - run step end: 登录-企业用户 <<<<<<

2023-06-25 16:25:44.823 | INFO     | httprunner.runner:__run_step_testcase:286 - export variables: {'adminSession': 'response.headers."Set-Cookie".session'}
2023-06-25 16:25:44.824 | INFO     | httprunner.runner:__run_step:304 - run step end: 管理员用户登录 <<<<<<

2023-06-25 16:25:44.824 | INFO     | httprunner.runner:__run_step:292 - run step begin: 前缀审核列表查询所申请前缀的id >>>>>>
2023-06-25 16:25:44.825 | INFO     | httprunner.runner:__run_step:292 - run step begin: 前缀审核列表 >>>>>>
2023-06-25 16:25:44.879 | DEBUG    | httprunner.client:request:186 - client IP: 127.0.0.1, Port: 61439
2023-06-25 16:25:44.879 | DEBUG    | httprunner.client:request:194 - server IP: 127.0.0.1, Port: 8888
2023-06-25 16:25:44.880 | DEBUG    | httprunner.client:log_print:40 - 
================== request details ==================
method   : GET
url      : http://139.198.116.76:8000/api/proxyserver/prefix/audit/pageQuery?cache=1663920502544&currentPage=1&entNameCn=&escrowOrgName=&order=&orderProp=&prefix=88.408.5157037042
headers  : {
    "User-Agent": "Mozilla/5.0 (Macintosh; Intel Mac OS X 10_15_7) AppleWebKit/537.36 (KHTML, like Gecko) Chrome/104.0.0.0 Safari/537.36",
    "Accept-Encoding": "gzip, deflate",
    "Accept": "application/json, text/plain, */*",
    "Connection": "keep-alive",
    "Accept-Language": "zh-CN,zh;q=0.9",
    "HRUN-Request-ID": "HRUN-d5737151-3a5c-44fc-adbc-ca2ed82b9ce2-544825",
    "Cookie": "SESSION=YzIxZTYzZGItM2UzYy00OTY5LTk2MDEtYWRlNjE3YTIxZjU0; SESSION=response.headers.\"Set-Cookie\".session"
}
cookies  : {
    "SESSION": "YzIxZTYzZGItM2UzYy00OTY5LTk2MDEtYWRlNjE3YTIxZjU0"
}
body     : None

2023-06-25 16:25:44.882 | DEBUG    | httprunner.client:log_print:40 - 
================== response details ==================
status_code : 200
headers  : {
    "Server": "nginx",
    "Date": "Sun, 25 Jun 2023 08:25:45 GMT",
    "Content-Type": "application/json",
    "Transfer-Encoding": "chunked",
    "X-Frame-Options": "SAMEORIGIN",
    "Connection": "keep-alive"
}
cookies  : {}
encoding : utf-8
content_type : application/json
body     : {
    "message": "success",
    "status": 1,
    "data": {
        "first": true,
        "last": true,
        "totalPages": 1,
        "totalElements": 1,
        "number": 1,
        "size": 10,
        "sort": {
            "sorted": true,
            "unsorted": false,
            "empty": false
        },
        "numberOfElements": 1,
        "content": [
            {
                "id": 354,
                "prefix": "88.408.5157037042",
                "entNameCn": "2oYKwBBQcNJv7JIke8b3HjY4f6CYUiui",
                "escrowOrgName": null,
                "isProxy": 2,
                "userId": 1598,
                "createDate": "2023-06-25 16:25:45",
                "updateDate": "2023-06-25 16:25:45"
            }
        ]
    }
}

2023-06-25 16:25:44.882 | INFO     | httprunner.client:request:217 - status_code: 200, response_time(ms): 52.84 ms, response_length: 0 bytes
2023-06-25 16:25:44.883 | INFO     | httprunner.response:extract:179 - extract mapping: {'prefixauditid': 354}
2023-06-25 16:25:44.883 | INFO     | httprunner.response:validate:249 - assert status_code equal 200(int)	==> pass
2023-06-25 16:25:44.883 | INFO     | httprunner.response:validate:249 - assert headers."Content-Type" equal application/json(str)	==> pass
2023-06-25 16:25:44.883 | INFO     | httprunner.response:validate:249 - assert body.message equal success(str)	==> pass
2023-06-25 16:25:44.883 | INFO     | httprunner.response:validate:249 - assert body.status equal 1(int)	==> pass
2023-06-25 16:25:44.884 | INFO     | httprunner.runner:__run_step:304 - run step end: 前缀审核列表 <<<<<<

2023-06-25 16:25:44.884 | INFO     | httprunner.runner:__run_step_testcase:286 - export variables: {'prefixauditid': 354}
2023-06-25 16:25:44.884 | INFO     | httprunner.runner:__run_step:304 - run step end: 前缀审核列表查询所申请前缀的id <<<<<<

2023-06-25 16:25:44.885 | INFO     | httprunner.runner:__run_step:292 - run step begin: 获取托管服务器列表 >>>>>>
2023-06-25 16:25:44.885 | INFO     | httprunner.runner:__run_step:292 - run step begin: 托管服务器列表 >>>>>>
2023-06-25 16:25:44.960 | DEBUG    | httprunner.client:request:186 - client IP: 127.0.0.1, Port: 61439
2023-06-25 16:25:44.961 | DEBUG    | httprunner.client:request:194 - server IP: 127.0.0.1, Port: 8888
2023-06-25 16:25:44.961 | DEBUG    | httprunner.client:log_print:40 - 
================== request details ==================
method   : GET
url      : http://139.198.116.76:8000/api/system/proxy/server/pageQuery?cache=1663915357874
headers  : {
    "User-Agent": "Mozilla/5.0 (Macintosh; Intel Mac OS X 10_15_7) AppleWebKit/537.36 (KHTML, like Gecko) Chrome/104.0.0.0 Safari/537.36",
    "Accept-Encoding": "gzip, deflate",
    "Accept": "application/json, text/plain, */*",
    "Connection": "keep-alive",
    "Accept-Language": "zh-CN,zh;q=0.9",
    "HRUN-Request-ID": "HRUN-d5737151-3a5c-44fc-adbc-ca2ed82b9ce2-544886",
    "Cookie": "SESSION=YzIxZTYzZGItM2UzYy00OTY5LTk2MDEtYWRlNjE3YTIxZjU0; SESSION=response.headers.\"Set-Cookie\".session"
}
cookies  : {
    "SESSION": "YzIxZTYzZGItM2UzYy00OTY5LTk2MDEtYWRlNjE3YTIxZjU0"
}
body     : None

2023-06-25 16:25:44.962 | DEBUG    | httprunner.client:log_print:40 - 
================== response details ==================
status_code : 200
headers  : {
    "Server": "nginx",
    "Date": "Sun, 25 Jun 2023 08:25:45 GMT",
    "Content-Type": "application/json",
    "Transfer-Encoding": "chunked",
    "X-Frame-Options": "SAMEORIGIN",
    "Connection": "keep-alive"
}
cookies  : {}
encoding : utf-8
content_type : application/json
body     : {
    "message": "success",
    "status": 1,
    "data": {
        "first": true,
        "last": true,
        "totalPages": 1,
        "totalElements": 1,
        "number": 1,
        "size": 10,
        "sort": {
            "sorted": true,
            "unsorted": false,
            "empty": false
        },
        "numberOfElements": 1,
        "content": [
            {
                "id": 5,
                "createDate": "2023-05-31 10:16:20",
                "updateDate": "2023-05-31 10:16:20",
                "srvName": "托管服务器-勿动",
                "ipType": 4,
                "ip": "192.168.0.76",
                "tcpPort": 2643,
                "udpPort": null,
                "httpPort": 8083,
                "ipTypeReslove": 4,
                "ipReslove": "139.198.116.208",
                "tcpPortReslove": 2643,
                "udpPortReslove": null,
                "httpPortReslove": 8083
            }
        ]
    }
}

2023-06-25 16:25:44.963 | INFO     | httprunner.client:request:217 - status_code: 200, response_time(ms): 74.45 ms, response_length: 0 bytes
2023-06-25 16:25:44.963 | INFO     | httprunner.response:extract:179 - extract mapping: {'proxyserverid': 5}
2023-06-25 16:25:44.963 | INFO     | httprunner.response:validate:249 - assert status_code equal 200(int)	==> pass
2023-06-25 16:25:44.964 | INFO     | httprunner.response:validate:249 - assert headers."Content-Type" equal application/json(str)	==> pass
2023-06-25 16:25:44.964 | INFO     | httprunner.response:validate:249 - assert body.message equal success(str)	==> pass
2023-06-25 16:25:44.964 | INFO     | httprunner.response:validate:249 - assert body.status equal 1(int)	==> pass
2023-06-25 16:25:44.964 | INFO     | httprunner.runner:__run_step:304 - run step end: 托管服务器列表 <<<<<<

2023-06-25 16:25:44.965 | INFO     | httprunner.runner:__run_step_testcase:286 - export variables: {'proxyserverid': 5}
2023-06-25 16:25:44.965 | INFO     | httprunner.runner:__run_step:304 - run step end: 获取托管服务器列表 <<<<<<

2023-06-25 16:25:44.965 | INFO     | httprunner.runner:__run_step:292 - run step begin: 前缀审核通过 >>>>>>
2023-06-25 16:25:44.966 | INFO     | httprunner.runner:__run_step:292 - run step begin: 托管审核保存 >>>>>>
2023-06-25 16:25:45.048 | DEBUG    | httprunner.client:request:186 - client IP: 127.0.0.1, Port: 61439
2023-06-25 16:25:45.048 | DEBUG    | httprunner.client:request:194 - server IP: 127.0.0.1, Port: 8888
2023-06-25 16:25:45.049 | DEBUG    | httprunner.client:log_print:40 - 
================== request details ==================
method   : POST
url      : http://139.198.116.76:8000/api/proxyserver/prefix/audit/save?auditResult=pass&id=354&ids=5
headers  : {
    "User-Agent": "Mozilla/5.0 (Macintosh; Intel Mac OS X 10_15_7) AppleWebKit/537.36 (KHTML, like Gecko) Chrome/104.0.0.0 Safari/537.36",
    "Accept-Encoding": "gzip, deflate",
    "Accept": "application/json, text/plain, */*",
    "Connection": "keep-alive",
    "Accept-Language": "zh-CN,zh;q=0.9",
    "Content-Length": "0",
    "HRUN-Request-ID": "HRUN-d5737151-3a5c-44fc-adbc-ca2ed82b9ce2-544966",
    "Cookie": "SESSION=YzIxZTYzZGItM2UzYy00OTY5LTk2MDEtYWRlNjE3YTIxZjU0; SESSION=response.headers.\"Set-Cookie\".session"
}
cookies  : {
    "SESSION": "YzIxZTYzZGItM2UzYy00OTY5LTk2MDEtYWRlNjE3YTIxZjU0"
}
body     : None

2023-06-25 16:25:45.051 | DEBUG    | httprunner.client:log_print:40 - 
================== response details ==================
status_code : 200
headers  : {
    "Server": "nginx",
    "Date": "Sun, 25 Jun 2023 08:25:45 GMT",
    "Content-Type": "application/json",
    "Transfer-Encoding": "chunked",
    "X-Frame-Options": "SAMEORIGIN",
    "Connection": "keep-alive"
}
cookies  : {}
encoding : utf-8
content_type : application/json
body     : {
    "message": "success",
    "status": 1,
    "data": true
}

2023-06-25 16:25:45.051 | INFO     | httprunner.client:request:217 - status_code: 200, response_time(ms): 80.82 ms, response_length: 0 bytes
2023-06-25 16:25:45.052 | INFO     | httprunner.response:validate:249 - assert status_code equal 200(int)	==> pass
2023-06-25 16:25:45.052 | INFO     | httprunner.response:validate:249 - assert headers."Content-Type" equal application/json(str)	==> pass
2023-06-25 16:25:45.052 | INFO     | httprunner.response:validate:249 - assert body.message equal success(str)	==> pass
2023-06-25 16:25:45.052 | INFO     | httprunner.response:validate:249 - assert body.status equal 1(int)	==> pass
2023-06-25 16:25:45.052 | INFO     | httprunner.response:validate:249 - assert body.data equal True(bool)	==> pass
2023-06-25 16:25:45.052 | INFO     | httprunner.runner:__run_step:304 - run step end: 托管审核保存 <<<<<<

2023-06-25 16:25:45.052 | INFO     | httprunner.runner:__run_step:304 - run step end: 前缀审核通过 <<<<<<

