2023-06-14 10:46:30.785 | INFO     | httprunner.runner:test_start:450 - Start to run testcase: xml上传, TestCase ID: def2f50c-b702-4ee4-83b5-3acd4b989c15
2023-06-14 10:46:30.785 | INFO     | httprunner.runner:__run_step:292 - run step begin: 登录-企业 >>>>>>
2023-06-14 10:46:30.786 | INFO     | httprunner.runner:__run_step:292 - run step begin: 登录-企业用户 >>>>>>
2023-06-14 10:46:30.902 | DEBUG    | httprunner.client:request:186 - client IP: 10.14.148.129, Port: 59838
2023-06-14 10:46:30.902 | DEBUG    | httprunner.client:request:194 - server IP: 139.198.116.76, Port: 8000
2023-06-14 10:46:30.903 | DEBUG    | httprunner.client:log_print:40 - 
================== request details ==================
method   : POST
url      : http://139.198.116.76:8000/api/home/test/login
headers  : {
    "User-Agent": "python-requests/2.28.1",
    "Accept-Encoding": "gzip, deflate, br",
    "Accept": "*/*",
    "Connection": "keep-alive",
    "Content-Length": "153",
    "Content-Type": "application/json",
    "HRUN-Request-ID": "HRUN-def2f50c-b702-4ee4-83b5-3acd4b989c15-790786"
}
cookies  : {}
body     : {
    "captcha": "0000",
    "captchaSign": "38be7cc8cac76d23e86626cb05d7f6d2b78d6331475624bdc58c23c527e3c5c5",
    "emailCaptcha": "",
    "username": "20230531-110943"
}

2023-06-14 10:46:30.903 | DEBUG    | httprunner.client:log_print:40 - 
================== response details ==================
status_code : 200
headers  : {
    "Server": "nginx",
    "Date": "Wed, 14 Jun 2023 02:46:30 GMT",
    "Content-Type": "application/json;charset=UTF-8",
    "Transfer-Encoding": "chunked",
    "Connection": "keep-alive",
    "Set-Cookie": "SESSION=NTU1ODA2YzgtMGNiYi00MmMxLWJmMmItNmFkYThmZjkxZjZj; Path=/; HttpOnly; SameSite=Lax",
    "X-Frame-Options": "SAMEORIGIN"
}
cookies  : {
    "SESSION": "NTU1ODA2YzgtMGNiYi00MmMxLWJmMmItNmFkYThmZjkxZjZj"
}
encoding : UTF-8
content_type : application/json;charset=UTF-8
body     : {
    "message": "success",
    "status": 1,
    "data": true
}

2023-06-14 10:46:30.903 | INFO     | httprunner.client:request:217 - status_code: 200, response_time(ms): 116.15 ms, response_length: 0 bytes
2023-06-14 10:46:30.903 | INFO     | httprunner.response:extract:179 - extract mapping: {'entSession': 'response.headers."Set-Cookie".session'}
2023-06-14 10:46:30.903 | INFO     | httprunner.response:validate:249 - assert status_code equal 200(int)	==> pass
2023-06-14 10:46:30.904 | INFO     | httprunner.response:validate:249 - assert headers."Content-Type" equal application/json;charset=UTF-8(str)	==> pass
2023-06-14 10:46:30.904 | INFO     | httprunner.response:validate:249 - assert body.message equal success(str)	==> pass
2023-06-14 10:46:30.904 | INFO     | httprunner.response:validate:249 - assert body.status equal 1(int)	==> pass
2023-06-14 10:46:30.904 | INFO     | httprunner.response:validate:249 - assert body.data equal True(bool)	==> pass
2023-06-14 10:46:30.904 | INFO     | httprunner.runner:__run_step:304 - run step end: 登录-企业用户 <<<<<<

2023-06-14 10:46:30.904 | INFO     | httprunner.runner:__run_step_testcase:286 - export variables: {'entSession': 'response.headers."Set-Cookie".session'}
2023-06-14 10:46:30.904 | INFO     | httprunner.runner:__run_step:304 - run step end: 登录-企业 <<<<<<

2023-06-14 10:46:30.904 | INFO     | httprunner.runner:__run_step:292 - run step begin: 上传xml文件 >>>>>>
2023-06-14 10:46:30.905 | INFO     | httprunner.runner:__run_step:292 - run step begin: xml上传注册标识 >>>>>>
2023-06-14 10:46:31.147 | DEBUG    | httprunner.client:request:186 - client IP: 10.14.148.129, Port: 59838
2023-06-14 10:46:31.148 | DEBUG    | httprunner.client:request:194 - server IP: 139.198.116.76, Port: 8000
2023-06-14 10:46:31.149 | DEBUG    | httprunner.client:log_print:40 - 
================== request details ==================
method   : POST
url      : http://139.198.116.76:8000/api/snms/identityv2/data/uploadXml
headers  : {
    "User-Agent": "Mozilla/5.0 (Macintosh; Intel Mac OS X 10_15_7) AppleWebKit/537.36 (KHTML, like Gecko) Chrome/105.0.0.0 Safari/537.36",
    "Accept-Encoding": "gzip, deflate",
    "Accept": "application/json, text/plain, */*",
    "Connection": "keep-alive",
    "Accept-Language": "zh-CN,zh;q=0.9",
    "Content-Type": "multipart/form-data; boundary=eb5e59b757cf4a8aa452dcce4f5e817e",
    "HRUN-Request-ID": "HRUN-def2f50c-b702-4ee4-83b5-3acd4b989c15-790907",
    "Cookie": "SESSION=NTU1ODA2YzgtMGNiYi00MmMxLWJmMmItNmFkYThmZjkxZjZj; SESSION=response.headers.\"Set-Cookie\".session",
    "Content-Length": "1467"
}
cookies  : {
    "SESSION": "NTU1ODA2YzgtMGNiYi00MmMxLWJmMmItNmFkYThmZjkxZjZj"
}
body     : upload file stream (OMITTED)

2023-06-14 10:46:31.151 | DEBUG    | httprunner.client:log_print:40 - 
================== response details ==================
status_code : 200
headers  : {
    "Server": "nginx",
    "Date": "Wed, 14 Jun 2023 02:46:31 GMT",
    "Content-Type": "application/json",
    "Transfer-Encoding": "chunked",
    "Connection": "keep-alive",
    "X-Frame-Options": "SAMEORIGIN"
}
cookies  : {}
encoding : utf-8
content_type : application/json
body     : {
    "message": "success",
    "status": 1,
    "data": true
}

2023-06-14 10:46:31.151 | INFO     | httprunner.client:request:217 - status_code: 200, response_time(ms): 239.28 ms, response_length: 0 bytes
2023-06-14 10:46:31.152 | INFO     | httprunner.response:validate:249 - assert status_code equal 200(int)	==> pass
2023-06-14 10:46:31.152 | INFO     | httprunner.response:validate:249 - assert headers."Content-Type" equal application/json(str)	==> pass
2023-06-14 10:46:31.153 | INFO     | httprunner.response:validate:249 - assert body.message equal success(str)	==> pass
2023-06-14 10:46:31.153 | INFO     | httprunner.response:validate:249 - assert body.status equal 1(int)	==> pass
2023-06-14 10:46:31.154 | INFO     | httprunner.response:validate:249 - assert body.data equal True(bool)	==> pass
2023-06-14 10:46:31.154 | INFO     | httprunner.runner:__run_step:304 - run step end: xml上传注册标识 <<<<<<

2023-06-14 10:46:31.155 | INFO     | httprunner.runner:__run_step:304 - run step end: 上传xml文件 <<<<<<

