2023-06-14 10:42:06.833 | INFO     | httprunner.runner:test_start:450 - Start to run testcase: 核验接口, TestCase ID: df490ff7-c0ee-4005-b2db-07da5d387cd7
2023-06-14 10:42:06.834 | INFO     | httprunner.runner:__run_step:292 - run step begin: 用户注册 >>>>>>
2023-06-14 10:42:06.834 | INFO     | httprunner.runner:__run_step:292 - run step begin: 用户注册 >>>>>>
2023-06-14 10:42:06.938 | DEBUG    | httprunner.client:request:186 - client IP: 10.14.148.129, Port: 58860
2023-06-14 10:42:06.938 | DEBUG    | httprunner.client:request:194 - server IP: 139.198.116.76, Port: 8000
2023-06-14 10:42:06.939 | DEBUG    | httprunner.client:log_print:40 - 
================== request details ==================
method   : POST
url      : http://139.198.116.76:8000/api/home/test/registry
headers  : {
    "User-Agent": "Mozilla/5.0 (Windows NT 10.0; WOW64) AppleWebKit/537.36 (KHTML, like Gecko) Chrome/100.0.4896.60 Safari/537.36",
    "Accept-Encoding": "gzip, deflate",
    "Accept": "application/json, text/plain, */*",
    "Connection": "keep-alive",
    "Accept-Language": "zh-CN,zh;q=0.9",
    "HRUN-Request-ID": "HRUN-df490ff7-c0ee-4005-b2db-07da5d387cd7-526834",
    "Content-Length": "187",
    "Content-Type": "application/json"
}
cookies  : {}
body     : {
    "email": "m35GO5QaScioruu4@qaqseq.com",
    "mobile": "11451273312",
    "openId": "",
    "openUserName": "",
    "password": "Admin@123",
    "remarks": "",
    "username": "oqqLrsOIHruPbduYXd1fEPKiONujPthA"
}

2023-06-14 10:42:06.939 | DEBUG    | httprunner.client:log_print:40 - 
================== response details ==================
status_code : 200
headers  : {
    "Server": "nginx",
    "Date": "Wed, 14 Jun 2023 02:42:06 GMT",
    "Content-Type": "application/json",
    "Transfer-Encoding": "chunked",
    "Connection": "keep-alive",
    "X-Frame-Options": "SAMEORIGIN"
}
cookies  : {}
encoding : utf-8
content_type : application/json
body     : {
    "message": "success",
    "status": 1,
    "data": true
}

2023-06-14 10:42:06.939 | INFO     | httprunner.client:request:217 - status_code: 200, response_time(ms): 103.83 ms, response_length: 0 bytes
2023-06-14 10:42:06.939 | INFO     | httprunner.response:validate:249 - assert status_code equal 200(int)	==> pass
2023-06-14 10:42:06.939 | INFO     | httprunner.response:validate:249 - assert body.message equal success(str)	==> pass
2023-06-14 10:42:06.939 | INFO     | httprunner.response:validate:249 - assert body.status equal 1(int)	==> pass
2023-06-14 10:42:06.940 | INFO     | httprunner.response:validate:249 - assert body.message contains success(str)	==> pass
2023-06-14 10:42:06.940 | INFO     | httprunner.response:validate:249 - assert body.status contained_by [1, 200](list)	==> pass
2023-06-14 10:42:06.940 | INFO     | httprunner.runner:__run_step:304 - run step end: 用户注册 <<<<<<

2023-06-14 10:42:06.940 | INFO     | httprunner.runner:__run_step:304 - run step end: 用户注册 <<<<<<

2023-06-14 10:42:06.940 | INFO     | httprunner.runner:__run_step:292 - run step begin: 登录-企业 >>>>>>
2023-06-14 10:42:06.940 | INFO     | httprunner.runner:__run_step:292 - run step begin: 登录-企业用户 >>>>>>
2023-06-14 10:42:07.013 | DEBUG    | httprunner.client:request:186 - client IP: 10.14.148.129, Port: 58860
2023-06-14 10:42:07.013 | DEBUG    | httprunner.client:request:194 - server IP: 139.198.116.76, Port: 8000
2023-06-14 10:42:07.013 | DEBUG    | httprunner.client:log_print:40 - 
================== request details ==================
method   : POST
url      : http://139.198.116.76:8000/api/home/test/login
headers  : {
    "User-Agent": "python-requests/2.28.1",
    "Accept-Encoding": "gzip, deflate, br",
    "Accept": "*/*",
    "Connection": "keep-alive",
    "Content-Length": "170",
    "Content-Type": "application/json",
    "HRUN-Request-ID": "HRUN-df490ff7-c0ee-4005-b2db-07da5d387cd7-526941"
}
cookies  : {}
body     : {
    "captcha": "0000",
    "captchaSign": "adb2491c3a2241414ccd600f8e0ff72750b478d9ce0f335582f3066371972425",
    "emailCaptcha": "",
    "username": "oqqLrsOIHruPbduYXd1fEPKiONujPthA"
}

2023-06-14 10:42:07.013 | DEBUG    | httprunner.client:log_print:40 - 
================== response details ==================
status_code : 200
headers  : {
    "Server": "nginx",
    "Date": "Wed, 14 Jun 2023 02:42:07 GMT",
    "Content-Type": "application/json;charset=UTF-8",
    "Transfer-Encoding": "chunked",
    "Connection": "keep-alive",
    "Set-Cookie": "SESSION=ODg3YmQ3ZjctZmEzNC00OGFjLWI3ZGQtOWY4Mjc3MDBlNmNl; Path=/; HttpOnly; SameSite=Lax",
    "X-Frame-Options": "SAMEORIGIN"
}
cookies  : {
    "SESSION": "ODg3YmQ3ZjctZmEzNC00OGFjLWI3ZGQtOWY4Mjc3MDBlNmNl"
}
encoding : UTF-8
content_type : application/json;charset=UTF-8
body     : {
    "message": "success",
    "status": 1,
    "data": true
}

2023-06-14 10:42:07.013 | INFO     | httprunner.client:request:217 - status_code: 200, response_time(ms): 72.0 ms, response_length: 0 bytes
2023-06-14 10:42:07.013 | INFO     | httprunner.response:extract:179 - extract mapping: {'entSession': 'response.headers."Set-Cookie".session'}
2023-06-14 10:42:07.013 | INFO     | httprunner.response:validate:249 - assert status_code equal 200(int)	==> pass
2023-06-14 10:42:07.014 | INFO     | httprunner.response:validate:249 - assert headers."Content-Type" equal application/json;charset=UTF-8(str)	==> pass
2023-06-14 10:42:07.014 | INFO     | httprunner.response:validate:249 - assert body.message equal success(str)	==> pass
2023-06-14 10:42:07.014 | INFO     | httprunner.response:validate:249 - assert body.status equal 1(int)	==> pass
2023-06-14 10:42:07.014 | INFO     | httprunner.response:validate:249 - assert body.data equal True(bool)	==> pass
2023-06-14 10:42:07.014 | INFO     | httprunner.runner:__run_step:304 - run step end: 登录-企业用户 <<<<<<

2023-06-14 10:42:07.014 | INFO     | httprunner.runner:__run_step_testcase:286 - export variables: {'entSession': 'response.headers."Set-Cookie".session'}
2023-06-14 10:42:07.014 | INFO     | httprunner.runner:__run_step:304 - run step end: 登录-企业 <<<<<<

2023-06-14 10:42:07.014 | INFO     | httprunner.runner:__run_step:292 - run step begin: 前缀注册企业资质图片上传 >>>>>>
2023-06-14 10:42:07.014 | INFO     | httprunner.runner:__run_step:292 - run step begin: 前缀注册企业资质图片上传 >>>>>>
2023-06-14 10:42:07.129 | DEBUG    | httprunner.client:request:186 - client IP: 10.14.148.129, Port: 58860
2023-06-14 10:42:07.129 | DEBUG    | httprunner.client:request:194 - server IP: 139.198.116.76, Port: 8000
2023-06-14 10:42:07.130 | DEBUG    | httprunner.client:log_print:40 - 
================== request details ==================
method   : POST
url      : http://139.198.116.76:8000/api/file/img/upload
headers  : {
    "User-Agent": "Mozilla/5.0 (Macintosh; Intel Mac OS X 10_15_7) AppleWebKit/537.36 (KHTML, like Gecko) Chrome/105.0.0.0 Safari/537.36",
    "Accept-Encoding": "gzip, deflate",
    "Accept": "application/json, text/plain, */*",
    "Connection": "keep-alive",
    "Accept-Language": "zh-CN,zh;q=0.9",
    "Content-Type": "multipart/form-data; boundary=6aee523dd5734221b43124f6a592c553",
    "HRUN-Request-ID": "HRUN-df490ff7-c0ee-4005-b2db-07da5d387cd7-527015",
    "Cookie": "SESSION=ODg3YmQ3ZjctZmEzNC00OGFjLWI3ZGQtOWY4Mjc3MDBlNmNl; SESSION=response.headers.\"Set-Cookie\".session",
    "Content-Length": "20435"
}
cookies  : {
    "SESSION": "ODg3YmQ3ZjctZmEzNC00OGFjLWI3ZGQtOWY4Mjc3MDBlNmNl"
}
body     : upload file stream (OMITTED)

2023-06-14 10:42:07.131 | DEBUG    | httprunner.client:log_print:40 - 
================== response details ==================
status_code : 200
headers  : {
    "Server": "nginx",
    "Date": "Wed, 14 Jun 2023 02:42:07 GMT",
    "Content-Type": "application/json;charset=UTF-8",
    "Transfer-Encoding": "chunked",
    "Connection": "keep-alive",
    "X-Frame-Options": "SAMEORIGIN"
}
cookies  : {}
encoding : UTF-8
content_type : application/json;charset=UTF-8
body     : {
    "message": "success",
    "status": 1,
    "data": {
        "id": 2062,
        "path": "52d8bcdb-b3d0-4388-83ff-d5f7a0f68802.jpeg"
    }
}

2023-06-14 10:42:07.131 | INFO     | httprunner.client:request:217 - status_code: 200, response_time(ms): 113.83 ms, response_length: 0 bytes
2023-06-14 10:42:07.131 | INFO     | httprunner.response:extract:179 - extract mapping: {'imgId': 2062}
2023-06-14 10:42:07.132 | INFO     | httprunner.response:validate:249 - assert status_code equal 200(int)	==> pass
2023-06-14 10:42:07.132 | INFO     | httprunner.runner:__run_step:304 - run step end: 前缀注册企业资质图片上传 <<<<<<

2023-06-14 10:42:07.132 | INFO     | httprunner.runner:__run_step_testcase:286 - export variables: {'imgId': 2062}
2023-06-14 10:42:07.132 | INFO     | httprunner.runner:__run_step:304 - run step end: 前缀注册企业资质图片上传 <<<<<<

2023-06-14 10:42:07.133 | INFO     | httprunner.runner:__run_step:292 - run step begin: 前缀注册企业联系人身份证图片正面上传 >>>>>>
2023-06-14 10:42:07.133 | INFO     | httprunner.runner:__run_step:292 - run step begin: 前缀注册企业联系人身份证图片背面上传 >>>>>>
2023-06-14 10:42:07.237 | DEBUG    | httprunner.client:request:186 - client IP: 10.14.148.129, Port: 58860
2023-06-14 10:42:07.238 | DEBUG    | httprunner.client:request:194 - server IP: 139.198.116.76, Port: 8000
2023-06-14 10:42:07.239 | DEBUG    | httprunner.client:log_print:40 - 
================== request details ==================
method   : POST
url      : http://139.198.116.76:8000/api/file/img/upload
headers  : {
    "User-Agent": "Mozilla/5.0 (Macintosh; Intel Mac OS X 10_15_7) AppleWebKit/537.36 (KHTML, like Gecko) Chrome/105.0.0.0 Safari/537.36",
    "Accept-Encoding": "gzip, deflate",
    "Accept": "application/json, text/plain, */*",
    "Connection": "keep-alive",
    "Accept-Language": "zh-CN,zh;q=0.9",
    "Content-Type": "multipart/form-data; boundary=c63fbdb3d697451f9104949114f7a2dd",
    "HRUN-Request-ID": "HRUN-df490ff7-c0ee-4005-b2db-07da5d387cd7-527134",
    "Cookie": "SESSION=ODg3YmQ3ZjctZmEzNC00OGFjLWI3ZGQtOWY4Mjc3MDBlNmNl; SESSION=response.headers.\"Set-Cookie\".session",
    "Content-Length": "20435"
}
cookies  : {
    "SESSION": "ODg3YmQ3ZjctZmEzNC00OGFjLWI3ZGQtOWY4Mjc3MDBlNmNl"
}
body     : upload file stream (OMITTED)

2023-06-14 10:42:07.239 | DEBUG    | httprunner.client:log_print:40 - 
================== response details ==================
status_code : 200
headers  : {
    "Server": "nginx",
    "Date": "Wed, 14 Jun 2023 02:42:07 GMT",
    "Content-Type": "application/json;charset=UTF-8",
    "Transfer-Encoding": "chunked",
    "Connection": "keep-alive",
    "X-Frame-Options": "SAMEORIGIN"
}
cookies  : {}
encoding : UTF-8
content_type : application/json;charset=UTF-8
body     : {
    "message": "success",
    "status": 1,
    "data": {
        "id": 2063,
        "path": "c05b546d-3b23-44b5-b841-04c6e9d1b743.jpeg"
    }
}

2023-06-14 10:42:07.240 | INFO     | httprunner.client:request:217 - status_code: 200, response_time(ms): 103.33 ms, response_length: 0 bytes
2023-06-14 10:42:07.240 | INFO     | httprunner.response:extract:179 - extract mapping: {'imgId_f': 2063}
2023-06-14 10:42:07.240 | INFO     | httprunner.response:validate:249 - assert status_code equal 200(int)	==> pass
2023-06-14 10:42:07.241 | INFO     | httprunner.runner:__run_step:304 - run step end: 前缀注册企业联系人身份证图片背面上传 <<<<<<

2023-06-14 10:42:07.241 | INFO     | httprunner.runner:__run_step_testcase:286 - export variables: {'imgId_f': 2063}
2023-06-14 10:42:07.241 | INFO     | httprunner.runner:__run_step:304 - run step end: 前缀注册企业联系人身份证图片正面上传 <<<<<<

2023-06-14 10:42:07.242 | INFO     | httprunner.runner:__run_step:292 - run step begin: 前缀注册企业联系人身份证图片背面上传 >>>>>>
2023-06-14 10:42:07.242 | INFO     | httprunner.runner:__run_step:292 - run step begin: 前缀注册企业联系人身份证图片背面上传 >>>>>>
2023-06-14 10:42:07.349 | DEBUG    | httprunner.client:request:186 - client IP: 10.14.148.129, Port: 58860
2023-06-14 10:42:07.349 | DEBUG    | httprunner.client:request:194 - server IP: 139.198.116.76, Port: 8000
2023-06-14 10:42:07.352 | DEBUG    | httprunner.client:log_print:40 - 
================== request details ==================
method   : POST
url      : http://139.198.116.76:8000/api/file/img/upload
headers  : {
    "User-Agent": "Mozilla/5.0 (Macintosh; Intel Mac OS X 10_15_7) AppleWebKit/537.36 (KHTML, like Gecko) Chrome/105.0.0.0 Safari/537.36",
    "Accept-Encoding": "gzip, deflate",
    "Accept": "application/json, text/plain, */*",
    "Connection": "keep-alive",
    "Accept-Language": "zh-CN,zh;q=0.9",
    "Content-Type": "multipart/form-data; boundary=f8e73e491040407db6afe615662b120a",
    "HRUN-Request-ID": "HRUN-df490ff7-c0ee-4005-b2db-07da5d387cd7-527243",
    "Cookie": "SESSION=ODg3YmQ3ZjctZmEzNC00OGFjLWI3ZGQtOWY4Mjc3MDBlNmNl; SESSION=response.headers.\"Set-Cookie\".session",
    "Content-Length": "20435"
}
cookies  : {
    "SESSION": "ODg3YmQ3ZjctZmEzNC00OGFjLWI3ZGQtOWY4Mjc3MDBlNmNl"
}
body     : upload file stream (OMITTED)

2023-06-14 10:42:07.352 | DEBUG    | httprunner.client:log_print:40 - 
================== response details ==================
status_code : 200
headers  : {
    "Server": "nginx",
    "Date": "Wed, 14 Jun 2023 02:42:07 GMT",
    "Content-Type": "application/json;charset=UTF-8",
    "Transfer-Encoding": "chunked",
    "Connection": "keep-alive",
    "X-Frame-Options": "SAMEORIGIN"
}
cookies  : {}
encoding : UTF-8
content_type : application/json;charset=UTF-8
body     : {
    "message": "success",
    "status": 1,
    "data": {
        "id": 2064,
        "path": "64ee559b-fa06-42b4-a3c0-3b1ff4f56124.jpeg"
    }
}

2023-06-14 10:42:07.353 | INFO     | httprunner.client:request:217 - status_code: 200, response_time(ms): 105.81 ms, response_length: 0 bytes
2023-06-14 10:42:07.353 | INFO     | httprunner.response:extract:179 - extract mapping: {'imgId_b': 2064}
2023-06-14 10:42:07.353 | INFO     | httprunner.response:validate:249 - assert status_code equal 200(int)	==> pass
2023-06-14 10:42:07.353 | INFO     | httprunner.runner:__run_step:304 - run step end: 前缀注册企业联系人身份证图片背面上传 <<<<<<

2023-06-14 10:42:07.353 | INFO     | httprunner.runner:__run_step_testcase:286 - export variables: {'imgId_b': 2064}
2023-06-14 10:42:07.354 | INFO     | httprunner.runner:__run_step:304 - run step end: 前缀注册企业联系人身份证图片背面上传 <<<<<<

2023-06-14 10:42:07.354 | INFO     | httprunner.runner:__run_step:292 - run step begin: 企业注册第一步提交信息 >>>>>>
2023-06-14 10:42:07.355 | INFO     | httprunner.runner:__run_step:292 - run step begin: 企业注册第一步提交信息 >>>>>>
2023-06-14 10:42:07.556 | DEBUG    | httprunner.client:request:186 - client IP: 10.14.148.129, Port: 58860
2023-06-14 10:42:07.557 | DEBUG    | httprunner.client:request:194 - server IP: 139.198.116.76, Port: 8000
2023-06-14 10:42:07.558 | DEBUG    | httprunner.client:log_print:40 - 
================== request details ==================
method   : POST
url      : http://139.198.116.76:8000/api/v3/entApply/basicInfo/submit
headers  : {
    "User-Agent": "Mozilla/5.0 (Macintosh; Intel Mac OS X 10_15_7) AppleWebKit/537.36 (KHTML, like Gecko) Chrome/105.0.0.0 Safari/537.36",
    "Accept-Encoding": "gzip, deflate",
    "Accept": "application/json, text/plain, */*",
    "Connection": "keep-alive",
    "Accept-Language": "zh-CN,zh;q=0.9",
    "Content-Type": "application/json;charset=UTF-8",
    "HRUN-Request-ID": "HRUN-df490ff7-c0ee-4005-b2db-07da5d387cd7-527355",
    "Cookie": "SESSION=ODg3YmQ3ZjctZmEzNC00OGFjLWI3ZGQtOWY4Mjc3MDBlNmNl; SESSION=response.headers.\"Set-Cookie\".session",
    "Content-Length": "2557"
}
cookies  : {
    "SESSION": "ODg3YmQ3ZjctZmEzNC00OGFjLWI3ZGQtOWY4Mjc3MDBlNmNl"
}
body     : {
    "applyStep": 2,
    "applyType": null,
    "area": [
        "110000",
        "110100",
        "110101"
    ],
    "cltrid": null,
    "contactCrtBackImgPath": null,
    "contactCrtBackImgRid": 2064,
    "contactCrtFrontImgPath": null,
    "contactCrtFrontImgRid": 2063,
    "contactCrtNo": "333596196312137874",
    "contactCrtType": 1,
    "contactEmail": "m35GO5QaScioruu4@qaqseq.com",
    "contactName": "oqqLrsOIHruPbduYXd1fEPKiONujPthA",
    "contactPhone": "11451273312",
    "createDate": null,
    "dataHostingContractFilePath": null,
    "dataHostingContractFileRid": null,
    "dataHostingOrg": null,
    "entGeneralId": null,
    "entInfoLicenses": [],
    "entInfoSerIndustrys": [],
    "entPrefix": "88.408.720428999472",
    "escrowId": null,
    "escrowOrgName": null,
    "establishDate": null,
    "extDomain": null,
    "extIpAddr": null,
    "extWebName": null,
    "finalAuditMsg": null,
    "finalAuditStatus": null,
    "firstAuditMsg": null,
    "firstAuditStatus": null,
    "id": null,
    "idRegNaImp": null,
    "industry": [
        "A",
        "01"
    ],
    "industryCategory": "A",
    "industrySpecific": "01",
    "isSubmit": 0,
    "legalCrtBackImgContent": null,
    "legalCrtBackImgPath": null,
    "legalCrtBackImgRid": 2064,
    "legalCrtFrontImgContent": null,
    "legalCrtFrontImgPath": null,
    "legalCrtFrontImgRid": 2063,
    "legalCrtNo": "333596196312137874",
    "legalCrtType": "1",
    "legalCrtTypeDesc": "中国居民身份证",
    "legalEmail": null,
    "legalFax": null,
    "legalName": "张三",
    "legalPhone": null,
    "orgAddr": "致真",
    "orgAddrCity": "110100",
    "orgAddrCityDesc": "市辖区",
    "orgAddrCounty": "110101",
    "orgAddrCountyDesc": "东城区",
    "orgAddrProvince": "110000",
    "orgAddrProvinceDesc": "北京市",
    "orgCategorySpecificDesc": "农、林、牧、渔业-农业",
    "orgCrtCode": "ZnIGQHDwwvJuJAY7eLrgUFp1m1fTfxsJ",
    "orgCrtImgContent": null,
    "orgCrtImgPath": null,
    "orgCrtImgRid": 2062,
    "orgCrtType": "1",
    "orgDesc": null,
    "orgName": "C1UHOwMSQSxJEHh64BPuo9yGDfUYU8zx",
    "orgNature": "1",
    "orgNatureDesc": "国有控股",
    "periodValidity": null,
    "regAuthority": null,
    "regCapital": null,
    "regRealNaImpName": null,
    "regRealNaImpType": null,
    "servHostingContractFilePath": null,
    "servHostingContractFileRid": null,
    "servHostingOrg": null,
    "servSysBuildContractFilePath": null,
    "servSysBuildContractFileRid": null,
    "servSysBuildName": null,
    "servSysBuildType": 1,
    "servSysOperContractFilePath": null,
    "servSysOperContractFileRid": null,
    "servSysOperName": null,
    "servSysOperType": 1,
    "svtrid": null,
    "thirdServiceMsg": null,
    "thirdServiceStatus": null,
    "updateDate": null,
    "userId": null,
    "userName": null,
    "website": null
}

2023-06-14 10:42:07.559 | DEBUG    | httprunner.client:log_print:40 - 
================== response details ==================
status_code : 200
headers  : {
    "Server": "nginx",
    "Date": "Wed, 14 Jun 2023 02:42:07 GMT",
    "Content-Type": "application/json;charset=UTF-8",
    "Transfer-Encoding": "chunked",
    "Connection": "keep-alive",
    "X-Frame-Options": "SAMEORIGIN"
}
cookies  : {}
encoding : UTF-8
content_type : application/json;charset=UTF-8
body     : {
    "message": "success",
    "status": 1,
    "data": true
}

2023-06-14 10:42:07.559 | INFO     | httprunner.client:request:217 - status_code: 200, response_time(ms): 200.49 ms, response_length: 0 bytes
2023-06-14 10:42:07.559 | INFO     | httprunner.response:validate:249 - assert status_code equal 200(int)	==> pass
2023-06-14 10:42:07.560 | INFO     | httprunner.response:validate:249 - assert body.message equal success(str)	==> pass
2023-06-14 10:42:07.560 | INFO     | httprunner.runner:__run_step:304 - run step end: 企业注册第一步提交信息 <<<<<<

2023-06-14 10:42:07.560 | INFO     | httprunner.runner:__run_step:304 - run step end: 企业注册第一步提交信息 <<<<<<

2023-06-14 10:42:07.560 | INFO     | httprunner.runner:__run_step:292 - run step begin: 企业注册查询注册信息 >>>>>>
2023-06-14 10:42:07.561 | INFO     | httprunner.runner:__run_step:292 - run step begin: 企业注册查询注册信息 >>>>>>
2023-06-14 10:42:07.648 | DEBUG    | httprunner.client:request:186 - client IP: 10.14.148.129, Port: 58860
2023-06-14 10:42:07.649 | DEBUG    | httprunner.client:request:194 - server IP: 139.198.116.76, Port: 8000
2023-06-14 10:42:07.651 | DEBUG    | httprunner.client:log_print:40 - 
================== request details ==================
method   : GET
url      : http://139.198.116.76:8000/api/v3/entApply/applyOrNot
headers  : {
    "User-Agent": "Mozilla/5.0 (Macintosh; Intel Mac OS X 10_15_7) AppleWebKit/537.36 (KHTML, like Gecko) Chrome/105.0.0.0 Safari/537.36",
    "Accept-Encoding": "gzip, deflate",
    "Accept": "application/json, text/plain, */*",
    "Connection": "keep-alive",
    "Accept-Language": "zh-CN,zh;q=0.9",
    "HRUN-Request-ID": "HRUN-df490ff7-c0ee-4005-b2db-07da5d387cd7-527561",
    "Cookie": "SESSION=ODg3YmQ3ZjctZmEzNC00OGFjLWI3ZGQtOWY4Mjc3MDBlNmNl; SESSION=response.headers.\"Set-Cookie\".session"
}
cookies  : {
    "SESSION": "ODg3YmQ3ZjctZmEzNC00OGFjLWI3ZGQtOWY4Mjc3MDBlNmNl"
}
body     : None

2023-06-14 10:42:07.652 | DEBUG    | httprunner.client:log_print:40 - 
================== response details ==================
status_code : 200
headers  : {
    "Server": "nginx",
    "Date": "Wed, 14 Jun 2023 02:42:07 GMT",
    "Content-Type": "application/json;charset=UTF-8",
    "Transfer-Encoding": "chunked",
    "Connection": "keep-alive",
    "X-Frame-Options": "SAMEORIGIN"
}
cookies  : {}
encoding : UTF-8
content_type : application/json;charset=UTF-8
body     : {
    "message": "success",
    "status": 1,
    "data": {
        "nbmsEntApplyPO": {
            "id": 1122,
            "createDate": "2023-06-14 10:42:08",
            "updateDate": "2023-06-14 10:42:08",
            "applyType": null,
            "entGeneralId": null,
            "applyStep": 2,
            "isSubmit": 0,
            "entPrefix": "88.408.720428999472",
            "firstAuditStatus": null,
            "firstAuditMsg": null,
            "thirdServiceStatus": null,
            "thirdServiceMsg": null,
            "userName": "oqqLrsOIHruPbduYXd1fEPKiONujPthA",
            "finalAuditStatus": null,
            "finalAuditMsg": null,
            "svtrid": null,
            "cltrid": null,
            "userId": 1333,
            "orgName": "C1UHOwMSQSxJEHh64BPuo9yGDfUYU8zx",
            "orgNature": "1",
            "orgAddrProvince": "110000",
            "orgAddrCity": "110100",
            "orgAddrCounty": "110101",
            "orgAddr": "致真",
            "orgCrtType": "1",
            "orgCrtCode": "ZnIGQHDwwvJuJAY7eLrgUFp1m1fTfxsJ",
            "legalName": "张三",
            "legalCrtType": "1",
            "legalCrtNo": "333596196312137874",
            "orgDesc": null,
            "industryCategory": "A",
            "industrySpecific": "01",
            "contactName": "oqqLrsOIHruPbduYXd1fEPKiONujPthA",
            "contactPhone": "11451273312",
            "contactCrtType": 1,
            "contactCrtNo": "333596196312137874",
            "contactEmail": "m35GO5QaScioruu4@qaqseq.com",
            "website": null,
            "regAuthority": null,
            "regCapital": null,
            "establishDate": null,
            "periodValidity": null,
            "legalEmail": null,
            "legalPhone": null,
            "legalFax": null,
            "servSysBuildType": null,
            "servSysBuildName": null,
            "servSysOperType": null,
            "servSysOperName": null,
            "dataHostingOrg": null,
            "servHostingOrg": null,
            "regRealNaImpType": null,
            "regRealNaImpName": null,
            "idRegNaImp": null,
            "extWebName": null,
            "extDomain": null,
            "extIpAddr": null,
            "orgCrtImgRid": 2062,
            "contactCrtFrontImgRid": 2063,
            "contactCrtBackImgRid": 2064,
            "legalCrtFrontImgRid": 2063,
            "legalCrtBackImgRid": 2064,
            "servSysBuildContractFileRid": null,
            "servSysOperContractFileRid": null,
            "dataHostingContractFileRid": null,
            "servHostingContractFileRid": null,
            "entInfoLicenses": [],
            "entInfoSyss": [],
            "entInfoSerIndustrys": [],
            "escrowId": null,
            "industryQualificationRid": null,
            "certificationRid": null,
            "openingBank": null,
            "bankCard": null,
            "verificationName": null,
            "orgNatureDesc": "国有控股",
            "orgCrtImgContent": null,
            "orgCategorySpecificDesc": "农、林、牧、渔业-农业",
            "orgAddrProvinceDesc": "北京市",
            "orgAddrCountyDesc": "东城区",
            "orgAddrCityDesc": "市辖区",
            "legalCrtTypeDesc": "中国居民身份证",
            "legalCrtFrontImgContent": null,
            "legalCrtBackImgContent": null,
            "orgCrtImgPath": "52d8bcdb-b3d0-4388-83ff-d5f7a0f68802.jpeg",
            "contactCrtFrontImgPath": "c05b546d-3b23-44b5-b841-04c6e9d1b743.jpeg",
            "contactCrtBackImgPath": "64ee559b-fa06-42b4-a3c0-3b1ff4f56124.jpeg",
            "legalCrtFrontImgPath": "c05b546d-3b23-44b5-b841-04c6e9d1b743.jpeg",
            "legalCrtBackImgPath": "64ee559b-fa06-42b4-a3c0-3b1ff4f56124.jpeg",
            "servSysBuildContractFilePath": null,
            "servSysOperContractFilePath": null,
            "dataHostingContractFilePath": null,
            "servHostingContractFilePath": null,
            "industryQualificationFilePath": null,
            "certificationFilePath": null,
            "escrowOrgName": null
        },
        "nbmsEntPO": null,
        "nbmsEntPrefixApplyPO": null,
        "needRelog": null,
        "applyStatus": 0
    }
}

2023-06-14 10:42:07.653 | INFO     | httprunner.client:request:217 - status_code: 200, response_time(ms): 86.92 ms, response_length: 0 bytes
2023-06-14 10:42:07.659 | INFO     | httprunner.response:extract:179 - extract mapping: {'applyId': 1122, 'userId': 1333, 'userName': 'oqqLrsOIHruPbduYXd1fEPKiONujPthA', 'imgId_f': 2063, 'imgId_b': 2064, 'entId': None, 'entUserId': None, 'prefix': '88.408.720428999472', 'contactCrtNo': '333596196312137874', 'contactCrtType': 1, 'contactEmail': 'm35GO5QaScioruu4@qaqseq.com', 'contactName': 'oqqLrsOIHruPbduYXd1fEPKiONujPthA', 'contactPhone': '11451273312', 'industryCategory': 'A', 'industrySpecific': '01', 'orgName': 'C1UHOwMSQSxJEHh64BPuo9yGDfUYU8zx', 'orgNature': '1', 'orgAddrProvince': '110000', 'orgAddrCity': '110100', 'orgAddrCounty': '110101', 'orgAddr': '致真', 'orgCrtType': '1', 'orgCrtCode': 'ZnIGQHDwwvJuJAY7eLrgUFp1m1fTfxsJ', 'legalName': '张三', 'legalEmail': None, 'legalPhone': None, 'legalCrtType': '1', 'legalCrtNo': '333596196312137874', 'legalCrtFrontImgRid': 2063, 'legalCrtBackImgRid': 2064, 'orgCrtImgRid': 2062, 'imgId': 2062, 'orgNatureDesc': '国有控股', 'orgCategorySpecificDesc': '农、林、牧、渔业-农业', 'orgAddrProvinceDesc': '北京市', 'orgAddrCountyDesc': '东城区', 'orgAddrCityDesc': '市辖区', 'legalCrtTypeDesc': '中国居民身份证', 'createDate': '2023-06-14 10:42:08', 'updateDate': '2023-06-14 10:42:08', 'entInfoSyss_0_id': None, 'entInfoSyss_0_entApplyId': None, 'entApplyId': None, 'entInfoSyss_0_sysType': None, 'entInfoSyss_0_deployMode': None, 'entInfoSyss_0_deployAddr': None, 'entInfoSyss_0_deployAddrProvince': None, 'entInfoSyss_0_deployAddrCity': None, 'entInfoSyss_0_deployAddrCounty': None, 'entInfoSyss_1_id': None, 'entInfoSyss_1_entApplyId': None, 'entInfoSyss_1_sysType': None, 'entInfoSyss_1_deployMode': None, 'entInfoSyss_1_deployAddr': None, 'entInfoSyss_1_deployAddrProvince': None, 'entInfoSyss_1_deployAddrCity': None, 'entInfoSyss_1_deployAddrCounty': None, 'entInfoSyss_2_id': None, 'entInfoSyss_2_entApplyId': None, 'entInfoSyss_2_sysType': None, 'entInfoSyss_2_deployMode': None, 'entInfoSyss_2_deployAddr': None, 'entInfoSyss_2_deployAddrProvince': None, 'entInfoSyss_2_deployAddrCity': None, 'entInfoSyss_2_deployAddrCounty': None, 'entInfoSyss_3_id': None, 'entInfoSyss_3_entApplyId': None, 'entInfoSyss_3_sysType': None, 'entInfoSyss_3_deployMode': None, 'entInfoSyss_3_deployAddr': None, 'entInfoSyss_3_deployAddrProvince': None, 'entInfoSyss_3_deployAddrCity': None, 'entInfoSyss_3_deployAddrCounty': None}
2023-06-14 10:42:07.659 | INFO     | httprunner.response:validate:249 - assert status_code equal 200(int)	==> pass
2023-06-14 10:42:07.659 | INFO     | httprunner.response:validate:249 - assert body.message equal success(str)	==> pass
2023-06-14 10:42:07.660 | INFO     | httprunner.runner:__run_step:304 - run step end: 企业注册查询注册信息 <<<<<<

2023-06-14 10:42:07.660 | INFO     | httprunner.runner:__run_step_testcase:286 - export variables: {'userId': 1333, 'entInfoSyss_1_deployAddrCounty': None, 'entInfoSyss_2_sysType': None, 'entInfoSyss_2_deployAddrProvince': None, 'entInfoSyss_1_entApplyId': None, 'entInfoSyss_0_deployAddrCounty': None, 'orgCrtImgRid': 2062, 'entInfoSyss_3_deployMode': None, 'orgAddrProvince': '110000', 'entInfoSyss_2_deployAddrCity': None, 'orgAddr': '致真', 'entInfoSyss_1_deployAddr': None, 'entInfoSyss_1_id': None, 'imgId_b': 2064, 'applyId': 1122, 'prefix': '88.408.720428999472', 'orgAddrCountyDesc': '东城区', 'createDate': '2023-06-14 10:42:08', 'updateDate': '2023-06-14 10:42:08', 'entInfoSyss_3_entApplyId': None, 'entInfoSyss_3_sysType': None, 'entInfoSyss_0_deployAddr': None, 'orgNature': '1', 'entInfoSyss_2_deployMode': None, 'entInfoSyss_1_deployAddrCity': None, 'entInfoSyss_3_deployAddr': None, 'entInfoSyss_0_deployAddrProvince': None, 'orgCategorySpecificDesc': '农、林、牧、渔业-农业', 'industrySpecific': '01', 'entInfoSyss_1_sysType': None, 'contactName': 'oqqLrsOIHruPbduYXd1fEPKiONujPthA', 'contactPhone': '11451273312', 'orgName': 'C1UHOwMSQSxJEHh64BPuo9yGDfUYU8zx', 'legalCrtTypeDesc': '中国居民身份证', 'legalCrtType': '1', 'orgCrtCode': 'ZnIGQHDwwvJuJAY7eLrgUFp1m1fTfxsJ', 'orgAddrCounty': '110101', 'entInfoSyss_0_entApplyId': None, 'entInfoSyss_1_deployAddrProvince': None, 'entInfoSyss_0_sysType': None, 'orgCrtType': '1', 'entInfoSyss_0_id': None, 'imgId': 2062, 'contactCrtNo': '333596196312137874', 'entApplyId': None, 'orgNatureDesc': '国有控股', 'entInfoSyss_0_deployAddrCity': None, 'entInfoSyss_2_deployAddr': None, 'orgAddrCityDesc': '市辖区', 'entInfoSyss_2_id': None, 'entInfoSyss_3_deployAddrCounty': None, 'entInfoSyss_1_deployMode': None, 'orgAddrProvinceDesc': '北京市', 'entInfoSyss_3_id': None, 'legalPhone': None, 'userName': 'oqqLrsOIHruPbduYXd1fEPKiONujPthA', 'legalCrtNo': '333596196312137874', 'entId': None, 'industryCategory': 'A', 'entUserId': None, 'entInfoSyss_3_deployAddrProvince': None, 'orgAddrCity': '110100', 'legalCrtFrontImgRid': 2063, 'entInfoSyss_3_deployAddrCity': None, 'entInfoSyss_0_deployMode': None, 'imgId_f': 2063, 'legalCrtBackImgRid': 2064, 'entInfoSyss_2_entApplyId': None, 'legalName': '张三', 'entInfoSyss_2_deployAddrCounty': None, 'contactEmail': 'm35GO5QaScioruu4@qaqseq.com', 'legalEmail': None, 'contactCrtType': 1}
2023-06-14 10:42:07.660 | INFO     | httprunner.runner:__run_step:304 - run step end: 企业注册查询注册信息 <<<<<<

2023-06-14 10:42:07.660 | INFO     | httprunner.runner:__run_step:292 - run step begin: 企业注册第二步提交信息 >>>>>>
2023-06-14 10:42:07.661 | INFO     | httprunner.runner:__run_step:292 - run step begin: 企业注册第二步提交信息 >>>>>>
2023-06-14 10:42:07.746 | DEBUG    | httprunner.client:request:186 - client IP: 10.14.148.129, Port: 58860
2023-06-14 10:42:07.747 | DEBUG    | httprunner.client:request:194 - server IP: 139.198.116.76, Port: 8000
2023-06-14 10:42:07.749 | DEBUG    | httprunner.client:log_print:40 - 
================== request details ==================
method   : POST
url      : http://139.198.116.76:8000/api/v3/entApply/registerManageInfo
headers  : {
    "User-Agent": "Mozilla/5.0 (Macintosh; Intel Mac OS X 10_15_7) AppleWebKit/537.36 (KHTML, like Gecko) Chrome/105.0.0.0 Safari/537.36",
    "Accept-Encoding": "gzip, deflate",
    "Accept": "application/json, text/plain, */*",
    "Connection": "keep-alive",
    "Accept-Language": "zh-CN,zh;q=0.9",
    "Content-Type": "application/json;charset=UTF-8",
    "X-HTTP-Method-Override": "put",
    "HRUN-Request-ID": "HRUN-df490ff7-c0ee-4005-b2db-07da5d387cd7-527662",
    "Cookie": "SESSION=ODg3YmQ3ZjctZmEzNC00OGFjLWI3ZGQtOWY4Mjc3MDBlNmNl; SESSION=response.headers.\"Set-Cookie\".session",
    "Content-Length": "3282"
}
cookies  : {
    "SESSION": "ODg3YmQ3ZjctZmEzNC00OGFjLWI3ZGQtOWY4Mjc3MDBlNmNl"
}
body     : {
    "applyStep": 3,
    "applyType": null,
    "cltrid": null,
    "contactCrtBackImgPath": null,
    "contactCrtBackImgRid": 2064,
    "contactCrtFrontImgPath": null,
    "contactCrtFrontImgRid": 2063,
    "contactCrtNo": "333596196312137874",
    "contactCrtType": 1,
    "contactEmail": "m35GO5QaScioruu4@qaqseq.com",
    "contactName": "oqqLrsOIHruPbduYXd1fEPKiONujPthA",
    "contactPhone": "11451273312",
    "createDate": "2023-06-14 10:42:08",
    "dataHostingContractFilePath": null,
    "dataHostingContractFileRid": null,
    "dataHostingOrg": null,
    "entGeneralId": null,
    "entInfoLicenses": [],
    "entInfoSerIndustrys": [],
    "entInfoSyss": [
        {
            "deployAddr": "致真",
            "deployAddrCity": "110100",
            "deployAddrCounty": "110101",
            "deployAddrProvince": "110000",
            "deployMode": 1,
            "ipPort": null,
            "name": null,
            "sysType": 1
        },
        {
            "deployAddr": "致真",
            "deployAddrCity": "110100",
            "deployAddrCounty": "110101",
            "deployAddrProvince": "110000",
            "deployMode": 1,
            "ipPort": null,
            "name": null,
            "sysType": 2
        },
        {
            "deployAddr": "天津",
            "deployAddrCity": "120100",
            "deployAddrCounty": "120101",
            "deployAddrProvince": "120000",
            "deployMode": 1,
            "ipPort": null,
            "name": null,
            "sysType": 3
        },
        {
            "deployAddr": "天津",
            "deployAddrCity": "120100",
            "deployAddrCounty": "120101",
            "deployAddrProvince": "120000",
            "deployMode": 1,
            "ipPort": null,
            "name": null,
            "sysType": 4
        }
    ],
    "entPrefix": "88.408.720428999472",
    "escrowId": null,
    "escrowOrgName": null,
    "establishDate": null,
    "extDomain": null,
    "extIpAddr": null,
    "extWebName": null,
    "finalAuditMsg": null,
    "finalAuditStatus": null,
    "firstAuditMsg": null,
    "firstAuditStatus": null,
    "id": 1122,
    "idRegNaImp": null,
    "industryCategory": "A",
    "industrySpecific": "01",
    "isSubmit": 0,
    "legalCrtBackImgContent": null,
    "legalCrtBackImgPath": null,
    "legalCrtBackImgRid": 2064,
    "legalCrtFrontImgContent": null,
    "legalCrtFrontImgPath": null,
    "legalCrtFrontImgRid": 2063,
    "legalCrtNo": "333596196312137874",
    "legalCrtType": "1",
    "legalCrtTypeDesc": "中国居民身份证",
    "legalEmail": null,
    "legalFax": null,
    "legalName": "张三",
    "legalPhone": null,
    "orgAddr": "致真",
    "orgAddrCity": "110100",
    "orgAddrCityDesc": "市辖区",
    "orgAddrCounty": "110101",
    "orgAddrCountyDesc": "东城区",
    "orgAddrProvince": "110000",
    "orgAddrProvinceDesc": "北京市",
    "orgCategorySpecificDesc": "农、林、牧、渔业-农业",
    "orgCrtCode": "ZnIGQHDwwvJuJAY7eLrgUFp1m1fTfxsJ",
    "orgCrtImgContent": null,
    "orgCrtImgPath": null,
    "orgCrtImgRid": 2062,
    "orgCrtType": "1",
    "orgDesc": null,
    "orgName": "C1UHOwMSQSxJEHh64BPuo9yGDfUYU8zx",
    "orgNature": "1",
    "orgNatureDesc": "1",
    "periodValidity": null,
    "regAuthority": null,
    "regCapital": null,
    "regRealNaImpName": null,
    "regRealNaImpType": null,
    "servHostingContractFilePath": null,
    "servHostingContractFileRid": null,
    "servHostingOrg": null,
    "servSysBuildContractFilePath": null,
    "servSysBuildContractFileRid": null,
    "servSysBuildName": null,
    "servSysBuildType": 1,
    "servSysOperContractFilePath": null,
    "servSysOperContractFileRid": null,
    "servSysOperName": null,
    "servSysOperType": 1,
    "svtrid": null,
    "thirdServiceMsg": null,
    "thirdServiceStatus": null,
    "updateDate": "2023-06-14 10:42:08",
    "userId": 1333,
    "userName": "oqqLrsOIHruPbduYXd1fEPKiONujPthA",
    "website": null
}

2023-06-14 10:42:07.750 | DEBUG    | httprunner.client:log_print:40 - 
================== response details ==================
status_code : 200
headers  : {
    "Server": "nginx",
    "Date": "Wed, 14 Jun 2023 02:42:07 GMT",
    "Content-Type": "application/json;charset=UTF-8",
    "Transfer-Encoding": "chunked",
    "Connection": "keep-alive",
    "X-Frame-Options": "SAMEORIGIN"
}
cookies  : {}
encoding : UTF-8
content_type : application/json;charset=UTF-8
body     : {
    "message": "success",
    "status": 1,
    "data": true
}

2023-06-14 10:42:07.750 | INFO     | httprunner.client:request:217 - status_code: 200, response_time(ms): 83.91 ms, response_length: 0 bytes
2023-06-14 10:42:07.751 | INFO     | httprunner.response:validate:249 - assert status_code equal 200(int)	==> pass
2023-06-14 10:42:07.751 | INFO     | httprunner.response:validate:249 - assert body.message equal success(str)	==> pass
2023-06-14 10:42:07.751 | INFO     | httprunner.runner:__run_step:304 - run step end: 企业注册第二步提交信息 <<<<<<

2023-06-14 10:42:07.751 | INFO     | httprunner.runner:__run_step:304 - run step end: 企业注册第二步提交信息 <<<<<<

2023-06-14 10:42:07.752 | INFO     | httprunner.runner:__run_step:292 - run step begin: 企业注册查询注册信息 >>>>>>
2023-06-14 10:42:07.753 | INFO     | httprunner.runner:__run_step:292 - run step begin: 企业注册查询注册信息 >>>>>>
2023-06-14 10:42:07.839 | DEBUG    | httprunner.client:request:186 - client IP: 10.14.148.129, Port: 58860
2023-06-14 10:42:07.840 | DEBUG    | httprunner.client:request:194 - server IP: 139.198.116.76, Port: 8000
2023-06-14 10:42:07.841 | DEBUG    | httprunner.client:log_print:40 - 
================== request details ==================
method   : GET
url      : http://139.198.116.76:8000/api/v3/entApply/applyOrNot
headers  : {
    "User-Agent": "Mozilla/5.0 (Macintosh; Intel Mac OS X 10_15_7) AppleWebKit/537.36 (KHTML, like Gecko) Chrome/105.0.0.0 Safari/537.36",
    "Accept-Encoding": "gzip, deflate",
    "Accept": "application/json, text/plain, */*",
    "Connection": "keep-alive",
    "Accept-Language": "zh-CN,zh;q=0.9",
    "HRUN-Request-ID": "HRUN-df490ff7-c0ee-4005-b2db-07da5d387cd7-527753",
    "Cookie": "SESSION=ODg3YmQ3ZjctZmEzNC00OGFjLWI3ZGQtOWY4Mjc3MDBlNmNl; SESSION=response.headers.\"Set-Cookie\".session"
}
cookies  : {
    "SESSION": "ODg3YmQ3ZjctZmEzNC00OGFjLWI3ZGQtOWY4Mjc3MDBlNmNl"
}
body     : None

2023-06-14 10:42:07.842 | DEBUG    | httprunner.client:log_print:40 - 
================== response details ==================
status_code : 200
headers  : {
    "Server": "nginx",
    "Date": "Wed, 14 Jun 2023 02:42:07 GMT",
    "Content-Type": "application/json;charset=UTF-8",
    "Transfer-Encoding": "chunked",
    "Connection": "keep-alive",
    "X-Frame-Options": "SAMEORIGIN"
}
cookies  : {}
encoding : UTF-8
content_type : application/json;charset=UTF-8
body     : {
    "message": "success",
    "status": 1,
    "data": {
        "nbmsEntApplyPO": {
            "id": 1122,
            "createDate": "2023-06-14 10:42:08",
            "updateDate": "2023-06-14 10:42:08",
            "applyType": null,
            "entGeneralId": null,
            "applyStep": 3,
            "isSubmit": 0,
            "entPrefix": "88.408.720428999472",
            "firstAuditStatus": null,
            "firstAuditMsg": null,
            "thirdServiceStatus": null,
            "thirdServiceMsg": null,
            "userName": "oqqLrsOIHruPbduYXd1fEPKiONujPthA",
            "finalAuditStatus": null,
            "finalAuditMsg": null,
            "svtrid": null,
            "cltrid": null,
            "userId": 1333,
            "orgName": "C1UHOwMSQSxJEHh64BPuo9yGDfUYU8zx",
            "orgNature": "1",
            "orgAddrProvince": "110000",
            "orgAddrCity": "110100",
            "orgAddrCounty": "110101",
            "orgAddr": "致真",
            "orgCrtType": "1",
            "orgCrtCode": "ZnIGQHDwwvJuJAY7eLrgUFp1m1fTfxsJ",
            "legalName": "张三",
            "legalCrtType": "1",
            "legalCrtNo": "333596196312137874",
            "orgDesc": null,
            "industryCategory": "A",
            "industrySpecific": "01",
            "contactName": "oqqLrsOIHruPbduYXd1fEPKiONujPthA",
            "contactPhone": "11451273312",
            "contactCrtType": 1,
            "contactCrtNo": "333596196312137874",
            "contactEmail": "m35GO5QaScioruu4@qaqseq.com",
            "website": null,
            "regAuthority": null,
            "regCapital": null,
            "establishDate": null,
            "periodValidity": null,
            "legalEmail": null,
            "legalPhone": null,
            "legalFax": null,
            "servSysBuildType": 1,
            "servSysBuildName": null,
            "servSysOperType": 1,
            "servSysOperName": null,
            "dataHostingOrg": null,
            "servHostingOrg": null,
            "regRealNaImpType": null,
            "regRealNaImpName": null,
            "idRegNaImp": null,
            "extWebName": null,
            "extDomain": null,
            "extIpAddr": null,
            "orgCrtImgRid": 2062,
            "contactCrtFrontImgRid": 2063,
            "contactCrtBackImgRid": 2064,
            "legalCrtFrontImgRid": 2063,
            "legalCrtBackImgRid": 2064,
            "servSysBuildContractFileRid": null,
            "servSysOperContractFileRid": null,
            "dataHostingContractFileRid": null,
            "servHostingContractFileRid": null,
            "entInfoLicenses": [],
            "entInfoSyss": [
                {
                    "id": 2241,
                    "entApplyId": 1122,
                    "sysType": 1,
                    "deployMode": 1,
                    "deployAddr": "致真",
                    "deployAddrProvince": "110000",
                    "deployAddrCity": "110100",
                    "deployAddrCounty": "110101",
                    "name": null,
                    "ipPort": null
                },
                {
                    "id": 2242,
                    "entApplyId": 1122,
                    "sysType": 2,
                    "deployMode": 1,
                    "deployAddr": "致真",
                    "deployAddrProvince": "110000",
                    "deployAddrCity": "110100",
                    "deployAddrCounty": "110101",
                    "name": null,
                    "ipPort": null
                },
                {
                    "id": 2243,
                    "entApplyId": 1122,
                    "sysType": 3,
                    "deployMode": 1,
                    "deployAddr": "天津",
                    "deployAddrProvince": "120000",
                    "deployAddrCity": "120100",
                    "deployAddrCounty": "120101",
                    "name": null,
                    "ipPort": null
                },
                {
                    "id": 2244,
                    "entApplyId": 1122,
                    "sysType": 4,
                    "deployMode": 1,
                    "deployAddr": "天津",
                    "deployAddrProvince": "120000",
                    "deployAddrCity": "120100",
                    "deployAddrCounty": "120101",
                    "name": null,
                    "ipPort": null
                }
            ],
            "entInfoSerIndustrys": [],
            "escrowId": null,
            "industryQualificationRid": null,
            "certificationRid": null,
            "openingBank": null,
            "bankCard": null,
            "verificationName": null,
            "orgNatureDesc": "国有控股",
            "orgCrtImgContent": null,
            "orgCategorySpecificDesc": "农、林、牧、渔业-农业",
            "orgAddrProvinceDesc": "北京市",
            "orgAddrCountyDesc": "东城区",
            "orgAddrCityDesc": "市辖区",
            "legalCrtTypeDesc": "中国居民身份证",
            "legalCrtFrontImgContent": null,
            "legalCrtBackImgContent": null,
            "orgCrtImgPath": "52d8bcdb-b3d0-4388-83ff-d5f7a0f68802.jpeg",
            "contactCrtFrontImgPath": "c05b546d-3b23-44b5-b841-04c6e9d1b743.jpeg",
            "contactCrtBackImgPath": "64ee559b-fa06-42b4-a3c0-3b1ff4f56124.jpeg",
            "legalCrtFrontImgPath": "c05b546d-3b23-44b5-b841-04c6e9d1b743.jpeg",
            "legalCrtBackImgPath": "64ee559b-fa06-42b4-a3c0-3b1ff4f56124.jpeg",
            "servSysBuildContractFilePath": null,
            "servSysOperContractFilePath": null,
            "dataHostingContractFilePath": null,
            "servHostingContractFilePath": null,
            "industryQualificationFilePath": null,
            "certificationFilePath": null,
            "escrowOrgName": null
        },
        "nbmsEntPO": null,
        "nbmsEntPrefixApplyPO": null,
        "needRelog": null,
        "applyStatus": 0
    }
}

2023-06-14 10:42:07.843 | INFO     | httprunner.client:request:217 - status_code: 200, response_time(ms): 85.8 ms, response_length: 0 bytes
2023-06-14 10:42:07.844 | INFO     | httprunner.response:extract:179 - extract mapping: {'applyId': 1122, 'userId': 1333, 'userName': 'oqqLrsOIHruPbduYXd1fEPKiONujPthA', 'imgId_f': 2063, 'imgId_b': 2064, 'entId': None, 'entUserId': None, 'prefix': '88.408.720428999472', 'contactCrtNo': '333596196312137874', 'contactCrtType': 1, 'contactEmail': 'm35GO5QaScioruu4@qaqseq.com', 'contactName': 'oqqLrsOIHruPbduYXd1fEPKiONujPthA', 'contactPhone': '11451273312', 'industryCategory': 'A', 'industrySpecific': '01', 'orgName': 'C1UHOwMSQSxJEHh64BPuo9yGDfUYU8zx', 'orgNature': '1', 'orgAddrProvince': '110000', 'orgAddrCity': '110100', 'orgAddrCounty': '110101', 'orgAddr': '致真', 'orgCrtType': '1', 'orgCrtCode': 'ZnIGQHDwwvJuJAY7eLrgUFp1m1fTfxsJ', 'legalName': '张三', 'legalEmail': None, 'legalPhone': None, 'legalCrtType': '1', 'legalCrtNo': '333596196312137874', 'legalCrtFrontImgRid': 2063, 'legalCrtBackImgRid': 2064, 'orgCrtImgRid': 2062, 'imgId': 2062, 'orgNatureDesc': '国有控股', 'orgCategorySpecificDesc': '农、林、牧、渔业-农业', 'orgAddrProvinceDesc': '北京市', 'orgAddrCountyDesc': '东城区', 'orgAddrCityDesc': '市辖区', 'legalCrtTypeDesc': '中国居民身份证', 'createDate': '2023-06-14 10:42:08', 'updateDate': '2023-06-14 10:42:08', 'entInfoSyss_0_id': 2241, 'entInfoSyss_0_entApplyId': 1122, 'entApplyId': 1122, 'entInfoSyss_0_sysType': 1, 'entInfoSyss_0_deployMode': 1, 'entInfoSyss_0_deployAddr': '致真', 'entInfoSyss_0_deployAddrProvince': '110000', 'entInfoSyss_0_deployAddrCity': '110100', 'entInfoSyss_0_deployAddrCounty': '110101', 'entInfoSyss_1_id': 2242, 'entInfoSyss_1_entApplyId': 1122, 'entInfoSyss_1_sysType': 2, 'entInfoSyss_1_deployMode': 1, 'entInfoSyss_1_deployAddr': '致真', 'entInfoSyss_1_deployAddrProvince': '110000', 'entInfoSyss_1_deployAddrCity': '110100', 'entInfoSyss_1_deployAddrCounty': '110101', 'entInfoSyss_2_id': 2243, 'entInfoSyss_2_entApplyId': 1122, 'entInfoSyss_2_sysType': 3, 'entInfoSyss_2_deployMode': 1, 'entInfoSyss_2_deployAddr': '天津', 'entInfoSyss_2_deployAddrProvince': '120000', 'entInfoSyss_2_deployAddrCity': '120100', 'entInfoSyss_2_deployAddrCounty': '120101', 'entInfoSyss_3_id': 2244, 'entInfoSyss_3_entApplyId': 1122, 'entInfoSyss_3_sysType': 4, 'entInfoSyss_3_deployMode': 1, 'entInfoSyss_3_deployAddr': '天津', 'entInfoSyss_3_deployAddrProvince': '120000', 'entInfoSyss_3_deployAddrCity': '120100', 'entInfoSyss_3_deployAddrCounty': '120101'}
2023-06-14 10:42:07.844 | INFO     | httprunner.response:validate:249 - assert status_code equal 200(int)	==> pass
2023-06-14 10:42:07.844 | INFO     | httprunner.response:validate:249 - assert body.message equal success(str)	==> pass
2023-06-14 10:42:07.845 | INFO     | httprunner.runner:__run_step:304 - run step end: 企业注册查询注册信息 <<<<<<

2023-06-14 10:42:07.845 | INFO     | httprunner.runner:__run_step_testcase:286 - export variables: {'userId': 1333, 'entInfoSyss_1_deployAddrCounty': '110101', 'entInfoSyss_2_sysType': 3, 'entInfoSyss_2_deployAddrProvince': '120000', 'entInfoSyss_1_entApplyId': 1122, 'entInfoSyss_0_deployAddrCounty': '110101', 'orgCrtImgRid': 2062, 'entInfoSyss_3_deployMode': 1, 'orgAddrProvince': '110000', 'entInfoSyss_2_deployAddrCity': '120100', 'orgAddr': '致真', 'entInfoSyss_1_deployAddr': '致真', 'entInfoSyss_1_id': 2242, 'imgId_b': 2064, 'applyId': 1122, 'prefix': '88.408.720428999472', 'orgAddrCountyDesc': '东城区', 'createDate': '2023-06-14 10:42:08', 'updateDate': '2023-06-14 10:42:08', 'entInfoSyss_3_entApplyId': 1122, 'entInfoSyss_3_sysType': 4, 'entInfoSyss_0_deployAddr': '致真', 'orgNature': '1', 'entInfoSyss_2_deployMode': 1, 'entInfoSyss_1_deployAddrCity': '110100', 'entInfoSyss_3_deployAddr': '天津', 'entInfoSyss_0_deployAddrProvince': '110000', 'orgCategorySpecificDesc': '农、林、牧、渔业-农业', 'industrySpecific': '01', 'entInfoSyss_1_sysType': 2, 'contactName': 'oqqLrsOIHruPbduYXd1fEPKiONujPthA', 'contactPhone': '11451273312', 'orgName': 'C1UHOwMSQSxJEHh64BPuo9yGDfUYU8zx', 'legalCrtTypeDesc': '中国居民身份证', 'legalCrtType': '1', 'orgCrtCode': 'ZnIGQHDwwvJuJAY7eLrgUFp1m1fTfxsJ', 'orgAddrCounty': '110101', 'entInfoSyss_0_entApplyId': 1122, 'entInfoSyss_1_deployAddrProvince': '110000', 'entInfoSyss_0_sysType': 1, 'orgCrtType': '1', 'entInfoSyss_0_id': 2241, 'imgId': 2062, 'contactCrtNo': '333596196312137874', 'entApplyId': 1122, 'orgNatureDesc': '国有控股', 'entInfoSyss_0_deployAddrCity': '110100', 'entInfoSyss_2_deployAddr': '天津', 'orgAddrCityDesc': '市辖区', 'entInfoSyss_2_id': 2243, 'entInfoSyss_3_deployAddrCounty': '120101', 'entInfoSyss_1_deployMode': 1, 'orgAddrProvinceDesc': '北京市', 'entInfoSyss_3_id': 2244, 'legalPhone': None, 'userName': 'oqqLrsOIHruPbduYXd1fEPKiONujPthA', 'legalCrtNo': '333596196312137874', 'entId': None, 'industryCategory': 'A', 'entUserId': None, 'entInfoSyss_3_deployAddrProvince': '120000', 'orgAddrCity': '110100', 'legalCrtFrontImgRid': 2063, 'entInfoSyss_3_deployAddrCity': '120100', 'entInfoSyss_0_deployMode': 1, 'imgId_f': 2063, 'legalCrtBackImgRid': 2064, 'entInfoSyss_2_entApplyId': 1122, 'legalName': '张三', 'entInfoSyss_2_deployAddrCounty': '120101', 'contactEmail': 'm35GO5QaScioruu4@qaqseq.com', 'legalEmail': None, 'contactCrtType': 1}
2023-06-14 10:42:07.845 | INFO     | httprunner.runner:__run_step:304 - run step end: 企业注册查询注册信息 <<<<<<

2023-06-14 10:42:07.846 | INFO     | httprunner.runner:__run_step:292 - run step begin: 企业注册最终第三步提交信息 >>>>>>
2023-06-14 10:42:07.846 | INFO     | httprunner.runner:__run_step:292 - run step begin: 企业注册最终第三步提交信息 >>>>>>
2023-06-14 10:42:08.038 | DEBUG    | httprunner.client:request:186 - client IP: 10.14.148.129, Port: 58860
2023-06-14 10:42:08.039 | DEBUG    | httprunner.client:request:194 - server IP: 139.198.116.76, Port: 8000
2023-06-14 10:42:08.041 | DEBUG    | httprunner.client:log_print:40 - 
================== request details ==================
method   : POST
url      : http://139.198.116.76:8000/api/v3/entApply/apply
headers  : {
    "User-Agent": "Mozilla/5.0 (Macintosh; Intel Mac OS X 10_15_7) AppleWebKit/537.36 (KHTML, like Gecko) Chrome/105.0.0.0 Safari/537.36",
    "Accept-Encoding": "gzip, deflate",
    "Accept": "application/json, text/plain, */*",
    "Connection": "keep-alive",
    "Accept-Language": "zh-CN,zh;q=0.9",
    "Content-Type": "application/json;charset=UTF-8",
    "HRUN-Request-ID": "HRUN-df490ff7-c0ee-4005-b2db-07da5d387cd7-527847",
    "Cookie": "SESSION=ODg3YmQ3ZjctZmEzNC00OGFjLWI3ZGQtOWY4Mjc3MDBlNmNl; SESSION=response.headers.\"Set-Cookie\".session",
    "Content-Length": "3282"
}
cookies  : {
    "SESSION": "ODg3YmQ3ZjctZmEzNC00OGFjLWI3ZGQtOWY4Mjc3MDBlNmNl"
}
body     : {
    "applyStep": 4,
    "applyType": null,
    "cltrid": null,
    "contactCrtBackImgPath": null,
    "contactCrtBackImgRid": 2064,
    "contactCrtFrontImgPath": null,
    "contactCrtFrontImgRid": 2063,
    "contactCrtNo": "333596196312137874",
    "contactCrtType": 1,
    "contactEmail": "m35GO5QaScioruu4@qaqseq.com",
    "contactName": "oqqLrsOIHruPbduYXd1fEPKiONujPthA",
    "contactPhone": "11451273312",
    "createDate": "2023-06-14 10:42:08",
    "dataHostingContractFilePath": null,
    "dataHostingContractFileRid": null,
    "dataHostingOrg": null,
    "entGeneralId": null,
    "entInfoLicenses": [],
    "entInfoSerIndustrys": [],
    "entInfoSyss": [
        {
            "deployAddr": "致真",
            "deployAddrCity": "110100",
            "deployAddrCounty": "110101",
            "deployAddrProvince": "110000",
            "deployMode": 1,
            "ipPort": null,
            "name": null,
            "sysType": 2
        },
        {
            "deployAddr": "致真",
            "deployAddrCity": "110100",
            "deployAddrCounty": "110101",
            "deployAddrProvince": "110000",
            "deployMode": 1,
            "ipPort": null,
            "name": null,
            "sysType": 3
        },
        {
            "deployAddr": "天津",
            "deployAddrCity": "120100",
            "deployAddrCounty": "120101",
            "deployAddrProvince": "120000",
            "deployMode": 1,
            "ipPort": null,
            "name": null,
            "sysType": 4
        },
        {
            "deployAddr": "天津",
            "deployAddrCity": "120100",
            "deployAddrCounty": "120101",
            "deployAddrProvince": "120000",
            "deployMode": 1,
            "ipPort": null,
            "name": null,
            "sysType": 4
        }
    ],
    "entPrefix": "88.408.720428999472",
    "escrowId": null,
    "escrowOrgName": null,
    "establishDate": null,
    "extDomain": null,
    "extIpAddr": null,
    "extWebName": null,
    "finalAuditMsg": null,
    "finalAuditStatus": null,
    "firstAuditMsg": null,
    "firstAuditStatus": null,
    "id": 1122,
    "idRegNaImp": null,
    "industryCategory": "A",
    "industrySpecific": "01",
    "isSubmit": 0,
    "legalCrtBackImgContent": null,
    "legalCrtBackImgPath": null,
    "legalCrtBackImgRid": 2064,
    "legalCrtFrontImgContent": null,
    "legalCrtFrontImgPath": null,
    "legalCrtFrontImgRid": 2063,
    "legalCrtNo": "333596196312137874",
    "legalCrtType": "1",
    "legalCrtTypeDesc": "中国居民身份证",
    "legalEmail": null,
    "legalFax": null,
    "legalName": "张三",
    "legalPhone": null,
    "orgAddr": "致真",
    "orgAddrCity": "110100",
    "orgAddrCityDesc": "市辖区",
    "orgAddrCounty": "110101",
    "orgAddrCountyDesc": "东城区",
    "orgAddrProvince": "110000",
    "orgAddrProvinceDesc": "北京市",
    "orgCategorySpecificDesc": "农、林、牧、渔业-农业",
    "orgCrtCode": "ZnIGQHDwwvJuJAY7eLrgUFp1m1fTfxsJ",
    "orgCrtImgContent": null,
    "orgCrtImgPath": null,
    "orgCrtImgRid": 2062,
    "orgCrtType": "1",
    "orgDesc": null,
    "orgName": "C1UHOwMSQSxJEHh64BPuo9yGDfUYU8zx",
    "orgNature": "1",
    "orgNatureDesc": "1",
    "periodValidity": null,
    "regAuthority": null,
    "regCapital": null,
    "regRealNaImpName": null,
    "regRealNaImpType": null,
    "servHostingContractFilePath": null,
    "servHostingContractFileRid": null,
    "servHostingOrg": null,
    "servSysBuildContractFilePath": null,
    "servSysBuildContractFileRid": null,
    "servSysBuildName": null,
    "servSysBuildType": 1,
    "servSysOperContractFilePath": null,
    "servSysOperContractFileRid": null,
    "servSysOperName": null,
    "servSysOperType": 1,
    "svtrid": null,
    "thirdServiceMsg": null,
    "thirdServiceStatus": null,
    "updateDate": "2023-06-14 10:42:08",
    "userId": 1333,
    "userName": "oqqLrsOIHruPbduYXd1fEPKiONujPthA",
    "website": null
}

2023-06-14 10:42:08.042 | DEBUG    | httprunner.client:log_print:40 - 
================== response details ==================
status_code : 200
headers  : {
    "Server": "nginx",
    "Date": "Wed, 14 Jun 2023 02:42:08 GMT",
    "Content-Type": "application/json;charset=UTF-8",
    "Transfer-Encoding": "chunked",
    "Connection": "keep-alive",
    "X-Frame-Options": "SAMEORIGIN"
}
cookies  : {}
encoding : UTF-8
content_type : application/json;charset=UTF-8
body     : {
    "message": "success",
    "status": 1,
    "data": true
}

2023-06-14 10:42:08.042 | INFO     | httprunner.client:request:217 - status_code: 200, response_time(ms): 190.38 ms, response_length: 0 bytes
2023-06-14 10:42:08.042 | INFO     | httprunner.response:validate:249 - assert status_code equal 200(int)	==> pass
2023-06-14 10:42:08.043 | INFO     | httprunner.response:validate:249 - assert body.message equal success(str)	==> pass
2023-06-14 10:42:08.043 | INFO     | httprunner.runner:__run_step:304 - run step end: 企业注册最终第三步提交信息 <<<<<<

2023-06-14 10:42:08.043 | INFO     | httprunner.runner:__run_step:304 - run step end: 企业注册最终第三步提交信息 <<<<<<

2023-06-14 10:42:08.043 | INFO     | httprunner.runner:__run_step:292 - run step begin: 登录-管理员 >>>>>>
2023-06-14 10:42:08.044 | INFO     | httprunner.runner:__run_step:292 - run step begin: 登录-企业用户 >>>>>>
2023-06-14 10:42:08.142 | DEBUG    | httprunner.client:request:186 - client IP: 10.14.148.129, Port: 58860
2023-06-14 10:42:08.144 | DEBUG    | httprunner.client:request:194 - server IP: 139.198.116.76, Port: 8000
2023-06-14 10:42:08.145 | DEBUG    | httprunner.client:log_print:40 - 
================== request details ==================
method   : POST
url      : http://139.198.116.76:8000/api/home/test/login
headers  : {
    "User-Agent": "python-requests/2.28.1",
    "Accept-Encoding": "gzip, deflate, br",
    "Accept": "*/*",
    "Connection": "keep-alive",
    "Content-Length": "144",
    "Content-Type": "application/json",
    "HRUN-Request-ID": "HRUN-df490ff7-c0ee-4005-b2db-07da5d387cd7-528045",
    "Cookie": "SESSION=ODg3YmQ3ZjctZmEzNC00OGFjLWI3ZGQtOWY4Mjc3MDBlNmNl"
}
cookies  : {
    "SESSION": "ODg3YmQ3ZjctZmEzNC00OGFjLWI3ZGQtOWY4Mjc3MDBlNmNl"
}
body     : {
    "captcha": "0000",
    "captchaSign": "5d39bab12bba81ab59b3931d2ca06ee9603c3803355932be66974f122cab3502",
    "emailCaptcha": "",
    "username": "adminy"
}

2023-06-14 10:42:08.146 | DEBUG    | httprunner.client:log_print:40 - 
================== response details ==================
status_code : 200
headers  : {
    "Server": "nginx",
    "Date": "Wed, 14 Jun 2023 02:42:08 GMT",
    "Content-Type": "application/json;charset=UTF-8",
    "Transfer-Encoding": "chunked",
    "Connection": "keep-alive",
    "Set-Cookie": "SESSION=NjBmZDEyYjctYmRkNC00YTkzLThlOTYtMzMwMGM0ZDM1Yjdi; Path=/; HttpOnly; SameSite=Lax",
    "X-Frame-Options": "SAMEORIGIN"
}
cookies  : {
    "SESSION": "NjBmZDEyYjctYmRkNC00YTkzLThlOTYtMzMwMGM0ZDM1Yjdi"
}
encoding : UTF-8
content_type : application/json;charset=UTF-8
body     : {
    "message": "success",
    "status": 1,
    "data": true
}

2023-06-14 10:42:08.147 | INFO     | httprunner.client:request:217 - status_code: 200, response_time(ms): 97.48 ms, response_length: 0 bytes
2023-06-14 10:42:08.147 | INFO     | httprunner.response:extract:179 - extract mapping: {'adminSession': 'response.headers."Set-Cookie".session'}
2023-06-14 10:42:08.147 | INFO     | httprunner.response:validate:249 - assert status_code equal 200(int)	==> pass
2023-06-14 10:42:08.147 | INFO     | httprunner.response:validate:249 - assert headers."Content-Type" equal application/json;charset=UTF-8(str)	==> pass
2023-06-14 10:42:08.148 | INFO     | httprunner.response:validate:249 - assert body.message equal success(str)	==> pass
2023-06-14 10:42:08.148 | INFO     | httprunner.response:validate:249 - assert body.status equal 1(int)	==> pass
2023-06-14 10:42:08.148 | INFO     | httprunner.response:validate:249 - assert body.data equal True(bool)	==> pass
2023-06-14 10:42:08.148 | INFO     | httprunner.runner:__run_step:304 - run step end: 登录-企业用户 <<<<<<

2023-06-14 10:42:08.148 | INFO     | httprunner.runner:__run_step_testcase:286 - export variables: {'adminSession': 'response.headers."Set-Cookie".session'}
2023-06-14 10:42:08.148 | INFO     | httprunner.runner:__run_step:304 - run step end: 登录-管理员 <<<<<<

2023-06-14 10:42:08.149 | INFO     | httprunner.runner:__run_step:292 - run step begin: 法人资格核验接口 >>>>>>
2023-06-14 10:42:08.150 | INFO     | httprunner.runner:__run_step:292 - run step begin: 核验接口 >>>>>>
2023-06-14 10:42:10.399 | DEBUG    | httprunner.client:request:186 - client IP: 10.14.148.129, Port: 58860
2023-06-14 10:42:10.400 | DEBUG    | httprunner.client:request:194 - server IP: 139.198.116.76, Port: 8000
2023-06-14 10:42:10.401 | DEBUG    | httprunner.client:log_print:40 - 
================== request details ==================
method   : GET
url      : http://139.198.116.76:8000/api/ent/apply/verification/legalQualify?entApplyId=1122
headers  : {
    "User-Agent": "Mozilla/5.0 (Macintosh; Intel Mac OS X 10_15_7) AppleWebKit/537.36 (KHTML, like Gecko) Chrome/98.0.4758.102 Safari/537.36 Edg/98.0.1108.56",
    "Accept-Encoding": "gzip, deflate",
    "Accept": "application/json, text/plain, */*",
    "Connection": "keep-alive",
    "Accept-Language": "zh-CN,zh;q=0.9,en;q=0.8,en-GB;q=0.7,en-US;q=0.6",
    "HRUN-Request-ID": "HRUN-df490ff7-c0ee-4005-b2db-07da5d387cd7-528150",
    "Cookie": "SESSION=NjBmZDEyYjctYmRkNC00YTkzLThlOTYtMzMwMGM0ZDM1Yjdi; SESSION=adminSession"
}
cookies  : {
    "SESSION": "NjBmZDEyYjctYmRkNC00YTkzLThlOTYtMzMwMGM0ZDM1Yjdi"
}
body     : None

2023-06-14 10:42:10.402 | DEBUG    | httprunner.client:log_print:40 - 
================== response details ==================
status_code : 200
headers  : {
    "Server": "nginx",
    "Date": "Wed, 14 Jun 2023 02:42:10 GMT",
    "Content-Type": "application/json",
    "Transfer-Encoding": "chunked",
    "Connection": "keep-alive",
    "X-Frame-Options": "SAMEORIGIN"
}
cookies  : {}
encoding : utf-8
content_type : application/json
body     : {
    "message": "success",
    "status": 1,
    "data": {
        "orgNameStatus": 2,
        "orgNameMsg": "企业组织信息核验不一致",
        "orgCrtNoStatus": 2,
        "orgCrtNoMsg": "企业组织信息核验不一致",
        "orgCrtImgOcrStatus": 2,
        "orgCrtImgOcrMsg": "接口调用失败"
    }
}

2023-06-14 10:42:10.402 | INFO     | httprunner.client:request:217 - status_code: 200, response_time(ms): 2248.89 ms, response_length: 0 bytes
2023-06-14 10:42:10.402 | INFO     | httprunner.response:validate:249 - assert status_code equal 200(int)	==> pass
2023-06-14 10:42:10.403 | INFO     | httprunner.response:validate:249 - assert body.message equal success(str)	==> pass
2023-06-14 10:42:10.403 | INFO     | httprunner.response:validate:249 - assert body.status equal 1(int)	==> pass
2023-06-14 10:42:10.403 | INFO     | httprunner.runner:__run_step:304 - run step end: 核验接口 <<<<<<

2023-06-14 10:42:10.403 | INFO     | httprunner.runner:__run_step:304 - run step end: 法人资格核验接口 <<<<<<

2023-06-14 10:42:10.404 | INFO     | httprunner.runner:__run_step:292 - run step begin: 核验日志列表 >>>>>>
2023-06-14 10:42:10.405 | INFO     | httprunner.runner:__run_step:292 - run step begin: 核验日志列表 >>>>>>
2023-06-14 10:42:10.480 | DEBUG    | httprunner.client:request:186 - client IP: 10.14.148.129, Port: 58860
2023-06-14 10:42:10.480 | DEBUG    | httprunner.client:request:194 - server IP: 139.198.116.76, Port: 8000
2023-06-14 10:42:10.480 | DEBUG    | httprunner.client:log_print:40 - 
================== request details ==================
method   : GET
url      : http://139.198.116.76:8000/api/log/snms/verification?currentPage=1&order=&orderProp=&rangeTime=&serviceName=&serviceStatus=
headers  : {
    "User-Agent": "Mozilla/5.0 (Macintosh; Intel Mac OS X 10_15_7) AppleWebKit/537.36 (KHTML, like Gecko) Chrome/104.0.0.0 Safari/537.36",
    "Accept-Encoding": "gzip, deflate",
    "Accept": "application/json, text/plain, */*",
    "Connection": "keep-alive",
    "Accept-Language": "zh-CN,zh;q=0.9",
    "HRUN-Request-ID": "HRUN-df490ff7-c0ee-4005-b2db-07da5d387cd7-530405",
    "Cookie": "SESSION=NjBmZDEyYjctYmRkNC00YTkzLThlOTYtMzMwMGM0ZDM1Yjdi; SESSION=response.headers.\"Set-Cookie\".session"
}
cookies  : {
    "SESSION": "NjBmZDEyYjctYmRkNC00YTkzLThlOTYtMzMwMGM0ZDM1Yjdi"
}
body     : None

2023-06-14 10:42:10.482 | DEBUG    | httprunner.client:log_print:40 - 
================== response details ==================
status_code : 200
headers  : {
    "Server": "nginx",
    "Date": "Wed, 14 Jun 2023 02:42:10 GMT",
    "Content-Type": "application/json",
    "Transfer-Encoding": "chunked",
    "Connection": "keep-alive",
    "X-Frame-Options": "SAMEORIGIN"
}
cookies  : {}
encoding : utf-8
content_type : application/json
body     : {
    "message": "success",
    "status": 1,
    "data": {
        "first": true,
        "last": false,
        "totalPages": 6,
        "totalElements": 54,
        "number": 1,
        "size": 10,
        "sort": {
            "sorted": true,
            "unsorted": false,
            "empty": false
        },
        "numberOfElements": 10,
        "content": [
            {
                "id": 218,
                "createDate": "2023-06-14 10:42:10",
                "updateDate": "2023-06-14 10:42:10",
                "userId": 1333,
                "entGeneralId": null,
                "accessIP": "127.0.0.1:9124",
                "serviceCode": "cods-ocr-service",
                "serviceName": "组织机构代码OCR识别",
                "verifyContent": "法人资格",
                "serviceStatus": 2,
                "serviceMsg": "接口调用失败",
                "operatorUserName": "adminy",
                "operatorUserId": 630,
                "escrowId": null
            },
            {
                "id": 217,
                "createDate": "2023-06-14 10:42:10",
                "updateDate": "2023-06-14 10:42:10",
                "userId": 1333,
                "entGeneralId": null,
                "accessIP": "127.0.0.1:9124",
                "serviceCode": "org-verification-query-service",
                "serviceName": "企业组织机构信息核验",
                "verifyContent": "法人资格",
                "serviceStatus": 2,
                "serviceMsg": "企业组织信息核验不一致",
                "operatorUserName": "adminy",
                "operatorUserId": 630,
                "escrowId": null
            },
            {
                "id": 216,
                "createDate": "2023-06-06 15:37:00",
                "updateDate": "2023-06-06 15:37:00",
                "userId": 1312,
                "entGeneralId": null,
                "accessIP": "127.0.0.1:5712",
                "serviceCode": "id-ocr-service",
                "serviceName": "身份证OCR解析",
                "verifyContent": "联系人身份",
                "serviceStatus": 1,
                "serviceMsg": "通过",
                "operatorUserName": "adminy",
                "operatorUserId": 630,
                "escrowId": null
            },
            {
                "id": 215,
                "createDate": "2023-06-06 15:36:56",
                "updateDate": "2023-06-06 15:36:56",
                "userId": 1312,
                "entGeneralId": null,
                "accessIP": "127.0.0.1:5712",
                "serviceCode": "auth-two-elements",
                "serviceName": "身份二要素核验",
                "verifyContent": "联系人身份",
                "serviceStatus": 1,
                "serviceMsg": "通过",
                "operatorUserName": "adminy",
                "operatorUserId": 630,
                "escrowId": null
            },
            {
                "id": 214,
                "createDate": "2023-06-06 15:36:55",
                "updateDate": "2023-06-06 15:36:55",
                "userId": 1312,
                "entGeneralId": null,
                "accessIP": "127.0.0.1:5706",
                "serviceCode": "id-ocr-service",
                "serviceName": "身份证OCR解析",
                "verifyContent": "法人身份",
                "serviceStatus": 1,
                "serviceMsg": "通过",
                "operatorUserName": "adminy",
                "operatorUserId": 630,
                "escrowId": null
            },
            {
                "id": 213,
                "createDate": "2023-06-06 15:36:52",
                "updateDate": "2023-06-06 15:36:52",
                "userId": 1312,
                "entGeneralId": null,
                "accessIP": "127.0.0.1:5706",
                "serviceCode": "auth-two-elements",
                "serviceName": "身份二要素核验",
                "verifyContent": "法人身份",
                "serviceStatus": 1,
                "serviceMsg": "通过",
                "operatorUserName": "adminy",
                "operatorUserId": 630,
                "escrowId": null
            },
            {
                "id": 212,
                "createDate": "2023-06-06 15:36:50",
                "updateDate": "2023-06-06 15:36:50",
                "userId": 1312,
                "entGeneralId": null,
                "accessIP": "127.0.0.1:5702",
                "serviceCode": "cods-ocr-service",
                "serviceName": "组织机构代码OCR识别",
                "verifyContent": "法人资格",
                "serviceStatus": 2,
                "serviceMsg": "营业执照中的单位统一社会信用代码与用户提交的不一致",
                "operatorUserName": "adminy",
                "operatorUserId": 630,
                "escrowId": null
            },
            {
                "id": 211,
                "createDate": "2023-06-06 15:36:42",
                "updateDate": "2023-06-06 15:36:42",
                "userId": 1312,
                "entGeneralId": null,
                "accessIP": "127.0.0.1:5702",
                "serviceCode": "org-verification-query-service",
                "serviceName": "企业组织机构信息核验",
                "verifyContent": "法人资格",
                "serviceStatus": 2,
                "serviceMsg": "企业组织信息核验不一致",
                "operatorUserName": "adminy",
                "operatorUserId": 630,
                "escrowId": null
            },
            {
                "id": 209,
                "createDate": "2023-06-01 09:53:17",
                "updateDate": "2023-06-01 09:53:17",
                "userId": 1194,
                "entGeneralId": null,
                "accessIP": "127.0.0.1:10452",
                "serviceCode": "org-verification-query-service",
                "serviceName": "企业组织机构信息核验",
                "verifyContent": "法人资格",
                "serviceStatus": 2,
                "serviceMsg": "企业组织信息核验不一致",
                "operatorUserName": "SHY",
                "operatorUserId": 1040,
                "escrowId": null
            },
            {
                "id": 210,
                "createDate": "2023-06-01 09:53:17",
                "updateDate": "2023-06-01 09:53:17",
                "userId": 1194,
                "entGeneralId": null,
                "accessIP": "127.0.0.1:10452",
                "serviceCode": "cods-ocr-service",
                "serviceName": "组织机构代码OCR识别",
                "verifyContent": "法人资格",
                "serviceStatus": 2,
                "serviceMsg": "接口调用失败",
                "operatorUserName": "SHY",
                "operatorUserId": 1040,
                "escrowId": null
            }
        ]
    }
}

2023-06-14 10:42:10.483 | INFO     | httprunner.client:request:217 - status_code: 200, response_time(ms): 74.61 ms, response_length: 0 bytes
2023-06-14 10:42:10.483 | INFO     | httprunner.response:validate:249 - assert status_code equal 200(int)	==> pass
2023-06-14 10:42:10.483 | INFO     | httprunner.response:validate:249 - assert body.message equal success(str)	==> pass
2023-06-14 10:42:10.483 | INFO     | httprunner.response:validate:249 - assert body.data.content[0].verifyContent equal 法人资格(str)	==> pass
2023-06-14 10:42:10.484 | INFO     | httprunner.runner:__run_step:304 - run step end: 核验日志列表 <<<<<<

2023-06-14 10:42:10.484 | INFO     | httprunner.runner:__run_step:304 - run step end: 核验日志列表 <<<<<<

2023-06-14 10:42:10.484 | INFO     | httprunner.runner:__run_step:292 - run step begin: 法人身份核验接口 >>>>>>
2023-06-14 10:42:10.485 | INFO     | httprunner.runner:__run_step:292 - run step begin: 核验接口 >>>>>>
2023-06-14 10:42:12.696 | DEBUG    | httprunner.client:request:186 - client IP: 10.14.148.129, Port: 58860
2023-06-14 10:42:12.697 | DEBUG    | httprunner.client:request:194 - server IP: 139.198.116.76, Port: 8000
2023-06-14 10:42:12.698 | DEBUG    | httprunner.client:log_print:40 - 
================== request details ==================
method   : GET
url      : http://139.198.116.76:8000/api/ent/apply/verification/legalIdentify?entApplyId=1122
headers  : {
    "User-Agent": "Mozilla/5.0 (Macintosh; Intel Mac OS X 10_15_7) AppleWebKit/537.36 (KHTML, like Gecko) Chrome/98.0.4758.102 Safari/537.36 Edg/98.0.1108.56",
    "Accept-Encoding": "gzip, deflate",
    "Accept": "application/json, text/plain, */*",
    "Connection": "keep-alive",
    "Accept-Language": "zh-CN,zh;q=0.9,en;q=0.8,en-GB;q=0.7,en-US;q=0.6",
    "HRUN-Request-ID": "HRUN-df490ff7-c0ee-4005-b2db-07da5d387cd7-530486",
    "Cookie": "SESSION=NjBmZDEyYjctYmRkNC00YTkzLThlOTYtMzMwMGM0ZDM1Yjdi; SESSION=adminSession"
}
cookies  : {
    "SESSION": "NjBmZDEyYjctYmRkNC00YTkzLThlOTYtMzMwMGM0ZDM1Yjdi"
}
body     : None

2023-06-14 10:42:12.699 | DEBUG    | httprunner.client:log_print:40 - 
================== response details ==================
status_code : 200
headers  : {
    "Server": "nginx",
    "Date": "Wed, 14 Jun 2023 02:42:12 GMT",
    "Content-Type": "application/json",
    "Transfer-Encoding": "chunked",
    "Connection": "keep-alive",
    "X-Frame-Options": "SAMEORIGIN"
}
cookies  : {}
encoding : utf-8
content_type : application/json
body     : {
    "message": "success",
    "status": 1,
    "data": {
        "legalNameStatus": 2,
        "legalNameMsg": "传入数据错误",
        "legalCrtNoStatus": 2,
        "legalCrtNoMsg": "传入数据错误",
        "legalCrtImgOcrStatus": 2,
        "legalCrtImgOcrMsg": "图片传入不清晰或错误"
    }
}

2023-06-14 10:42:12.699 | INFO     | httprunner.client:request:217 - status_code: 200, response_time(ms): 2209.99 ms, response_length: 0 bytes
2023-06-14 10:42:12.699 | INFO     | httprunner.response:validate:249 - assert status_code equal 200(int)	==> pass
2023-06-14 10:42:12.700 | INFO     | httprunner.response:validate:249 - assert body.message equal success(str)	==> pass
2023-06-14 10:42:12.700 | INFO     | httprunner.response:validate:249 - assert body.status equal 1(int)	==> pass
2023-06-14 10:42:12.700 | INFO     | httprunner.runner:__run_step:304 - run step end: 核验接口 <<<<<<

2023-06-14 10:42:12.700 | INFO     | httprunner.runner:__run_step:304 - run step end: 法人身份核验接口 <<<<<<

2023-06-14 10:42:12.700 | INFO     | httprunner.runner:__run_step:292 - run step begin: 核验日志列表 >>>>>>
2023-06-14 10:42:12.701 | INFO     | httprunner.runner:__run_step:292 - run step begin: 核验日志列表 >>>>>>
2023-06-14 10:42:12.763 | DEBUG    | httprunner.client:request:186 - client IP: 10.14.148.129, Port: 58860
2023-06-14 10:42:12.763 | DEBUG    | httprunner.client:request:194 - server IP: 139.198.116.76, Port: 8000
2023-06-14 10:42:12.764 | DEBUG    | httprunner.client:log_print:40 - 
================== request details ==================
method   : GET
url      : http://139.198.116.76:8000/api/log/snms/verification?currentPage=1&order=&orderProp=&rangeTime=&serviceName=&serviceStatus=
headers  : {
    "User-Agent": "Mozilla/5.0 (Macintosh; Intel Mac OS X 10_15_7) AppleWebKit/537.36 (KHTML, like Gecko) Chrome/104.0.0.0 Safari/537.36",
    "Accept-Encoding": "gzip, deflate",
    "Accept": "application/json, text/plain, */*",
    "Connection": "keep-alive",
    "Accept-Language": "zh-CN,zh;q=0.9",
    "HRUN-Request-ID": "HRUN-df490ff7-c0ee-4005-b2db-07da5d387cd7-532702",
    "Cookie": "SESSION=NjBmZDEyYjctYmRkNC00YTkzLThlOTYtMzMwMGM0ZDM1Yjdi; SESSION=response.headers.\"Set-Cookie\".session"
}
cookies  : {
    "SESSION": "NjBmZDEyYjctYmRkNC00YTkzLThlOTYtMzMwMGM0ZDM1Yjdi"
}
body     : None

2023-06-14 10:42:12.767 | DEBUG    | httprunner.client:log_print:40 - 
================== response details ==================
status_code : 200
headers  : {
    "Server": "nginx",
    "Date": "Wed, 14 Jun 2023 02:42:12 GMT",
    "Content-Type": "application/json",
    "Transfer-Encoding": "chunked",
    "Connection": "keep-alive",
    "X-Frame-Options": "SAMEORIGIN"
}
cookies  : {}
encoding : utf-8
content_type : application/json
body     : {
    "message": "success",
    "status": 1,
    "data": {
        "first": true,
        "last": false,
        "totalPages": 6,
        "totalElements": 56,
        "number": 1,
        "size": 10,
        "sort": {
            "sorted": true,
            "unsorted": false,
            "empty": false
        },
        "numberOfElements": 10,
        "content": [
            {
                "id": 220,
                "createDate": "2023-06-14 10:42:13",
                "updateDate": "2023-06-14 10:42:13",
                "userId": 1333,
                "entGeneralId": null,
                "accessIP": "127.0.0.1:9130",
                "serviceCode": "id-ocr-service",
                "serviceName": "身份证OCR解析",
                "verifyContent": "法人身份",
                "serviceStatus": 2,
                "serviceMsg": "图片传入不清晰或错误",
                "operatorUserName": "adminy",
                "operatorUserId": 630,
                "escrowId": null
            },
            {
                "id": 219,
                "createDate": "2023-06-14 10:42:11",
                "updateDate": "2023-06-14 10:42:11",
                "userId": 1333,
                "entGeneralId": null,
                "accessIP": "127.0.0.1:9130",
                "serviceCode": "auth-two-elements",
                "serviceName": "身份二要素核验",
                "verifyContent": "法人身份",
                "serviceStatus": 2,
                "serviceMsg": "传入数据错误",
                "operatorUserName": "adminy",
                "operatorUserId": 630,
                "escrowId": null
            },
            {
                "id": 218,
                "createDate": "2023-06-14 10:42:10",
                "updateDate": "2023-06-14 10:42:10",
                "userId": 1333,
                "entGeneralId": null,
                "accessIP": "127.0.0.1:9124",
                "serviceCode": "cods-ocr-service",
                "serviceName": "组织机构代码OCR识别",
                "verifyContent": "法人资格",
                "serviceStatus": 2,
                "serviceMsg": "接口调用失败",
                "operatorUserName": "adminy",
                "operatorUserId": 630,
                "escrowId": null
            },
            {
                "id": 217,
                "createDate": "2023-06-14 10:42:10",
                "updateDate": "2023-06-14 10:42:10",
                "userId": 1333,
                "entGeneralId": null,
                "accessIP": "127.0.0.1:9124",
                "serviceCode": "org-verification-query-service",
                "serviceName": "企业组织机构信息核验",
                "verifyContent": "法人资格",
                "serviceStatus": 2,
                "serviceMsg": "企业组织信息核验不一致",
                "operatorUserName": "adminy",
                "operatorUserId": 630,
                "escrowId": null
            },
            {
                "id": 216,
                "createDate": "2023-06-06 15:37:00",
                "updateDate": "2023-06-06 15:37:00",
                "userId": 1312,
                "entGeneralId": null,
                "accessIP": "127.0.0.1:5712",
                "serviceCode": "id-ocr-service",
                "serviceName": "身份证OCR解析",
                "verifyContent": "联系人身份",
                "serviceStatus": 1,
                "serviceMsg": "通过",
                "operatorUserName": "adminy",
                "operatorUserId": 630,
                "escrowId": null
            },
            {
                "id": 215,
                "createDate": "2023-06-06 15:36:56",
                "updateDate": "2023-06-06 15:36:56",
                "userId": 1312,
                "entGeneralId": null,
                "accessIP": "127.0.0.1:5712",
                "serviceCode": "auth-two-elements",
                "serviceName": "身份二要素核验",
                "verifyContent": "联系人身份",
                "serviceStatus": 1,
                "serviceMsg": "通过",
                "operatorUserName": "adminy",
                "operatorUserId": 630,
                "escrowId": null
            },
            {
                "id": 214,
                "createDate": "2023-06-06 15:36:55",
                "updateDate": "2023-06-06 15:36:55",
                "userId": 1312,
                "entGeneralId": null,
                "accessIP": "127.0.0.1:5706",
                "serviceCode": "id-ocr-service",
                "serviceName": "身份证OCR解析",
                "verifyContent": "法人身份",
                "serviceStatus": 1,
                "serviceMsg": "通过",
                "operatorUserName": "adminy",
                "operatorUserId": 630,
                "escrowId": null
            },
            {
                "id": 213,
                "createDate": "2023-06-06 15:36:52",
                "updateDate": "2023-06-06 15:36:52",
                "userId": 1312,
                "entGeneralId": null,
                "accessIP": "127.0.0.1:5706",
                "serviceCode": "auth-two-elements",
                "serviceName": "身份二要素核验",
                "verifyContent": "法人身份",
                "serviceStatus": 1,
                "serviceMsg": "通过",
                "operatorUserName": "adminy",
                "operatorUserId": 630,
                "escrowId": null
            },
            {
                "id": 212,
                "createDate": "2023-06-06 15:36:50",
                "updateDate": "2023-06-06 15:36:50",
                "userId": 1312,
                "entGeneralId": null,
                "accessIP": "127.0.0.1:5702",
                "serviceCode": "cods-ocr-service",
                "serviceName": "组织机构代码OCR识别",
                "verifyContent": "法人资格",
                "serviceStatus": 2,
                "serviceMsg": "营业执照中的单位统一社会信用代码与用户提交的不一致",
                "operatorUserName": "adminy",
                "operatorUserId": 630,
                "escrowId": null
            },
            {
                "id": 211,
                "createDate": "2023-06-06 15:36:42",
                "updateDate": "2023-06-06 15:36:42",
                "userId": 1312,
                "entGeneralId": null,
                "accessIP": "127.0.0.1:5702",
                "serviceCode": "org-verification-query-service",
                "serviceName": "企业组织机构信息核验",
                "verifyContent": "法人资格",
                "serviceStatus": 2,
                "serviceMsg": "企业组织信息核验不一致",
                "operatorUserName": "adminy",
                "operatorUserId": 630,
                "escrowId": null
            }
        ]
    }
}

2023-06-14 10:42:12.767 | INFO     | httprunner.client:request:217 - status_code: 200, response_time(ms): 60.87 ms, response_length: 0 bytes
2023-06-14 10:42:12.767 | INFO     | httprunner.response:validate:249 - assert status_code equal 200(int)	==> pass
2023-06-14 10:42:12.768 | INFO     | httprunner.response:validate:249 - assert body.message equal success(str)	==> pass
2023-06-14 10:42:12.768 | INFO     | httprunner.response:validate:249 - assert body.data.content[0].verifyContent equal 法人身份(str)	==> pass
2023-06-14 10:42:12.768 | INFO     | httprunner.runner:__run_step:304 - run step end: 核验日志列表 <<<<<<

2023-06-14 10:42:12.768 | INFO     | httprunner.runner:__run_step:304 - run step end: 核验日志列表 <<<<<<

2023-06-14 10:42:12.769 | INFO     | httprunner.runner:__run_step:292 - run step begin: 联系人身份核验接口 >>>>>>
2023-06-14 10:42:12.770 | INFO     | httprunner.runner:__run_step:292 - run step begin: 核验接口 >>>>>>
2023-06-14 10:42:14.906 | DEBUG    | httprunner.client:request:186 - client IP: 10.14.148.129, Port: 58860
2023-06-14 10:42:14.907 | DEBUG    | httprunner.client:request:194 - server IP: 139.198.116.76, Port: 8000
2023-06-14 10:42:14.909 | DEBUG    | httprunner.client:log_print:40 - 
================== request details ==================
method   : GET
url      : http://139.198.116.76:8000/api/ent/apply/verification/contactIdentify?entApplyId=1122
headers  : {
    "User-Agent": "Mozilla/5.0 (Macintosh; Intel Mac OS X 10_15_7) AppleWebKit/537.36 (KHTML, like Gecko) Chrome/98.0.4758.102 Safari/537.36 Edg/98.0.1108.56",
    "Accept-Encoding": "gzip, deflate",
    "Accept": "application/json, text/plain, */*",
    "Connection": "keep-alive",
    "Accept-Language": "zh-CN,zh;q=0.9,en;q=0.8,en-GB;q=0.7,en-US;q=0.6",
    "HRUN-Request-ID": "HRUN-df490ff7-c0ee-4005-b2db-07da5d387cd7-532770",
    "Cookie": "SESSION=NjBmZDEyYjctYmRkNC00YTkzLThlOTYtMzMwMGM0ZDM1Yjdi; SESSION=adminSession"
}
cookies  : {
    "SESSION": "NjBmZDEyYjctYmRkNC00YTkzLThlOTYtMzMwMGM0ZDM1Yjdi"
}
body     : None

2023-06-14 10:42:14.910 | DEBUG    | httprunner.client:log_print:40 - 
================== response details ==================
status_code : 200
headers  : {
    "Server": "nginx",
    "Date": "Wed, 14 Jun 2023 02:42:14 GMT",
    "Content-Type": "application/json",
    "Transfer-Encoding": "chunked",
    "Connection": "keep-alive",
    "X-Frame-Options": "SAMEORIGIN"
}
cookies  : {}
encoding : utf-8
content_type : application/json
body     : {
    "message": "success",
    "status": 1,
    "data": {
        "contactNameStatus": 2,
        "contactNameMsg": "传入数据错误",
        "contactCrtNoStatus": 2,
        "contactCrtNoMsg": "传入数据错误",
        "contactCrtImgOcrStatus": 2,
        "contactCrtImgOcrMsg": "图片传入不清晰或错误"
    }
}

2023-06-14 10:42:14.910 | INFO     | httprunner.client:request:217 - status_code: 200, response_time(ms): 2135.96 ms, response_length: 0 bytes
2023-06-14 10:42:14.910 | INFO     | httprunner.response:validate:249 - assert status_code equal 200(int)	==> pass
2023-06-14 10:42:14.911 | INFO     | httprunner.response:validate:249 - assert body.message equal success(str)	==> pass
2023-06-14 10:42:14.911 | INFO     | httprunner.response:validate:249 - assert body.status equal 1(int)	==> pass
2023-06-14 10:42:14.911 | INFO     | httprunner.runner:__run_step:304 - run step end: 核验接口 <<<<<<

2023-06-14 10:42:14.911 | INFO     | httprunner.runner:__run_step:304 - run step end: 联系人身份核验接口 <<<<<<

2023-06-14 10:42:14.912 | INFO     | httprunner.runner:__run_step:292 - run step begin: 核验日志列表 >>>>>>
2023-06-14 10:42:14.913 | INFO     | httprunner.runner:__run_step:292 - run step begin: 核验日志列表 >>>>>>
2023-06-14 10:42:14.975 | DEBUG    | httprunner.client:request:186 - client IP: 10.14.148.129, Port: 58860
2023-06-14 10:42:14.976 | DEBUG    | httprunner.client:request:194 - server IP: 139.198.116.76, Port: 8000
2023-06-14 10:42:14.976 | DEBUG    | httprunner.client:log_print:40 - 
================== request details ==================
method   : GET
url      : http://139.198.116.76:8000/api/log/snms/verification?currentPage=1&order=&orderProp=&rangeTime=&serviceName=&serviceStatus=
headers  : {
    "User-Agent": "Mozilla/5.0 (Macintosh; Intel Mac OS X 10_15_7) AppleWebKit/537.36 (KHTML, like Gecko) Chrome/104.0.0.0 Safari/537.36",
    "Accept-Encoding": "gzip, deflate",
    "Accept": "application/json, text/plain, */*",
    "Connection": "keep-alive",
    "Accept-Language": "zh-CN,zh;q=0.9",
    "HRUN-Request-ID": "HRUN-df490ff7-c0ee-4005-b2db-07da5d387cd7-534913",
    "Cookie": "SESSION=NjBmZDEyYjctYmRkNC00YTkzLThlOTYtMzMwMGM0ZDM1Yjdi; SESSION=response.headers.\"Set-Cookie\".session"
}
cookies  : {
    "SESSION": "NjBmZDEyYjctYmRkNC00YTkzLThlOTYtMzMwMGM0ZDM1Yjdi"
}
body     : None

2023-06-14 10:42:14.978 | DEBUG    | httprunner.client:log_print:40 - 
================== response details ==================
status_code : 200
headers  : {
    "Server": "nginx",
    "Date": "Wed, 14 Jun 2023 02:42:15 GMT",
    "Content-Type": "application/json",
    "Transfer-Encoding": "chunked",
    "Connection": "keep-alive",
    "X-Frame-Options": "SAMEORIGIN"
}
cookies  : {}
encoding : utf-8
content_type : application/json
body     : {
    "message": "success",
    "status": 1,
    "data": {
        "first": true,
        "last": false,
        "totalPages": 6,
        "totalElements": 58,
        "number": 1,
        "size": 10,
        "sort": {
            "sorted": true,
            "unsorted": false,
            "empty": false
        },
        "numberOfElements": 10,
        "content": [
            {
                "id": 222,
                "createDate": "2023-06-14 10:42:15",
                "updateDate": "2023-06-14 10:42:15",
                "userId": 1333,
                "entGeneralId": null,
                "accessIP": "127.0.0.1:9134",
                "serviceCode": "id-ocr-service",
                "serviceName": "身份证OCR解析",
                "verifyContent": "联系人身份",
                "serviceStatus": 2,
                "serviceMsg": "图片传入不清晰或错误",
                "operatorUserName": "adminy",
                "operatorUserId": 630,
                "escrowId": null
            },
            {
                "id": 221,
                "createDate": "2023-06-14 10:42:13",
                "updateDate": "2023-06-14 10:42:13",
                "userId": 1333,
                "entGeneralId": null,
                "accessIP": "127.0.0.1:9134",
                "serviceCode": "auth-two-elements",
                "serviceName": "身份二要素核验",
                "verifyContent": "联系人身份",
                "serviceStatus": 2,
                "serviceMsg": "传入数据错误",
                "operatorUserName": "adminy",
                "operatorUserId": 630,
                "escrowId": null
            },
            {
                "id": 220,
                "createDate": "2023-06-14 10:42:13",
                "updateDate": "2023-06-14 10:42:13",
                "userId": 1333,
                "entGeneralId": null,
                "accessIP": "127.0.0.1:9130",
                "serviceCode": "id-ocr-service",
                "serviceName": "身份证OCR解析",
                "verifyContent": "法人身份",
                "serviceStatus": 2,
                "serviceMsg": "图片传入不清晰或错误",
                "operatorUserName": "adminy",
                "operatorUserId": 630,
                "escrowId": null
            },
            {
                "id": 219,
                "createDate": "2023-06-14 10:42:11",
                "updateDate": "2023-06-14 10:42:11",
                "userId": 1333,
                "entGeneralId": null,
                "accessIP": "127.0.0.1:9130",
                "serviceCode": "auth-two-elements",
                "serviceName": "身份二要素核验",
                "verifyContent": "法人身份",
                "serviceStatus": 2,
                "serviceMsg": "传入数据错误",
                "operatorUserName": "adminy",
                "operatorUserId": 630,
                "escrowId": null
            },
            {
                "id": 218,
                "createDate": "2023-06-14 10:42:10",
                "updateDate": "2023-06-14 10:42:10",
                "userId": 1333,
                "entGeneralId": null,
                "accessIP": "127.0.0.1:9124",
                "serviceCode": "cods-ocr-service",
                "serviceName": "组织机构代码OCR识别",
                "verifyContent": "法人资格",
                "serviceStatus": 2,
                "serviceMsg": "接口调用失败",
                "operatorUserName": "adminy",
                "operatorUserId": 630,
                "escrowId": null
            },
            {
                "id": 217,
                "createDate": "2023-06-14 10:42:10",
                "updateDate": "2023-06-14 10:42:10",
                "userId": 1333,
                "entGeneralId": null,
                "accessIP": "127.0.0.1:9124",
                "serviceCode": "org-verification-query-service",
                "serviceName": "企业组织机构信息核验",
                "verifyContent": "法人资格",
                "serviceStatus": 2,
                "serviceMsg": "企业组织信息核验不一致",
                "operatorUserName": "adminy",
                "operatorUserId": 630,
                "escrowId": null
            },
            {
                "id": 216,
                "createDate": "2023-06-06 15:37:00",
                "updateDate": "2023-06-06 15:37:00",
                "userId": 1312,
                "entGeneralId": null,
                "accessIP": "127.0.0.1:5712",
                "serviceCode": "id-ocr-service",
                "serviceName": "身份证OCR解析",
                "verifyContent": "联系人身份",
                "serviceStatus": 1,
                "serviceMsg": "通过",
                "operatorUserName": "adminy",
                "operatorUserId": 630,
                "escrowId": null
            },
            {
                "id": 215,
                "createDate": "2023-06-06 15:36:56",
                "updateDate": "2023-06-06 15:36:56",
                "userId": 1312,
                "entGeneralId": null,
                "accessIP": "127.0.0.1:5712",
                "serviceCode": "auth-two-elements",
                "serviceName": "身份二要素核验",
                "verifyContent": "联系人身份",
                "serviceStatus": 1,
                "serviceMsg": "通过",
                "operatorUserName": "adminy",
                "operatorUserId": 630,
                "escrowId": null
            },
            {
                "id": 214,
                "createDate": "2023-06-06 15:36:55",
                "updateDate": "2023-06-06 15:36:55",
                "userId": 1312,
                "entGeneralId": null,
                "accessIP": "127.0.0.1:5706",
                "serviceCode": "id-ocr-service",
                "serviceName": "身份证OCR解析",
                "verifyContent": "法人身份",
                "serviceStatus": 1,
                "serviceMsg": "通过",
                "operatorUserName": "adminy",
                "operatorUserId": 630,
                "escrowId": null
            },
            {
                "id": 213,
                "createDate": "2023-06-06 15:36:52",
                "updateDate": "2023-06-06 15:36:52",
                "userId": 1312,
                "entGeneralId": null,
                "accessIP": "127.0.0.1:5706",
                "serviceCode": "auth-two-elements",
                "serviceName": "身份二要素核验",
                "verifyContent": "法人身份",
                "serviceStatus": 1,
                "serviceMsg": "通过",
                "operatorUserName": "adminy",
                "operatorUserId": 630,
                "escrowId": null
            }
        ]
    }
}

2023-06-14 10:42:14.978 | INFO     | httprunner.client:request:217 - status_code: 200, response_time(ms): 61.6 ms, response_length: 0 bytes
2023-06-14 10:42:14.978 | INFO     | httprunner.response:validate:249 - assert status_code equal 200(int)	==> pass
2023-06-14 10:42:14.978 | INFO     | httprunner.response:validate:249 - assert body.message equal success(str)	==> pass
2023-06-14 10:42:14.979 | INFO     | httprunner.response:validate:249 - assert body.data.content[0].verifyContent equal 联系人身份(str)	==> pass
2023-06-14 10:42:14.979 | INFO     | httprunner.runner:__run_step:304 - run step end: 核验日志列表 <<<<<<

2023-06-14 10:42:14.979 | INFO     | httprunner.runner:__run_step:304 - run step end: 核验日志列表 <<<<<<

