2023-06-27 15:37:53.056 | INFO     | httprunner.runner:test_start:450 - Start to run testcase: idhub标识注册用例集-admin-30,31, TestCase ID: e23510c8-68f5-44e6-a879-8af3f11581c3
2023-06-27 15:37:53.057 | INFO     | httprunner.runner:__run_step:292 - run step begin: 用户注册 >>>>>>
2023-06-27 15:37:53.057 | INFO     | httprunner.runner:__run_step:292 - run step begin: 用户注册 >>>>>>
2023-06-27 15:37:53.162 | DEBUG    | httprunner.client:request:186 - client IP: 10.14.148.129, Port: 54228
2023-06-27 15:37:53.162 | DEBUG    | httprunner.client:request:194 - server IP: 139.198.116.76, Port: 8000
2023-06-27 15:37:53.162 | DEBUG    | httprunner.client:log_print:40 - 
================== request details ==================
method   : POST
url      : http://139.198.116.76:8000/api/home/test/registry
headers  : {
    "User-Agent": "Mozilla/5.0 (Windows NT 10.0; WOW64) AppleWebKit/537.36 (KHTML, like Gecko) Chrome/100.0.4896.60 Safari/537.36",
    "Accept-Encoding": "gzip, deflate",
    "Accept": "application/json, text/plain, */*",
    "Connection": "keep-alive",
    "Accept-Language": "zh-CN,zh;q=0.9",
    "HRUN-Request-ID": "HRUN-e23510c8-68f5-44e6-a879-8af3f11581c3-473057",
    "Content-Length": "187",
    "Content-Type": "application/json"
}
cookies  : {}
body     : {
    "email": "h0LdTYb0x3uZRKm2@qaqseq.com",
    "mobile": "10035730987",
    "openId": "",
    "openUserName": "",
    "password": "Admin@123",
    "remarks": "",
    "username": "WYuNeESWHcuLmpcpImDzrnuCd20dooUL"
}

2023-06-27 15:37:53.163 | DEBUG    | httprunner.client:log_print:40 - 
================== response details ==================
status_code : 200
headers  : {
    "Server": "nginx",
    "Date": "Tue, 27 Jun 2023 07:37:53 GMT",
    "Content-Type": "application/json",
    "Transfer-Encoding": "chunked",
    "Connection": "keep-alive",
    "X-Frame-Options": "SAMEORIGIN"
}
cookies  : {}
encoding : utf-8
content_type : application/json
body     : {
    "message": "success",
    "status": 1,
    "data": true
}

2023-06-27 15:37:53.163 | INFO     | httprunner.client:request:217 - status_code: 200, response_time(ms): 104.68 ms, response_length: 0 bytes
2023-06-27 15:37:53.163 | INFO     | httprunner.response:validate:249 - assert status_code equal 200(int)	==> pass
2023-06-27 15:37:53.163 | INFO     | httprunner.response:validate:249 - assert body.message equal success(str)	==> pass
2023-06-27 15:37:53.163 | INFO     | httprunner.response:validate:249 - assert body.status equal 1(int)	==> pass
2023-06-27 15:37:53.163 | INFO     | httprunner.response:validate:249 - assert body.message contains success(str)	==> pass
2023-06-27 15:37:53.163 | INFO     | httprunner.response:validate:249 - assert body.status contained_by [1, 200](list)	==> pass
2023-06-27 15:37:53.164 | INFO     | httprunner.runner:__run_step:304 - run step end: 用户注册 <<<<<<

2023-06-27 15:37:53.164 | INFO     | httprunner.runner:__run_step:304 - run step end: 用户注册 <<<<<<

2023-06-27 15:37:53.164 | INFO     | httprunner.runner:__run_step:292 - run step begin: 登录-企业 >>>>>>
2023-06-27 15:37:53.164 | INFO     | httprunner.runner:__run_step:292 - run step begin: 登录-企业用户 >>>>>>
2023-06-27 15:37:53.225 | DEBUG    | httprunner.client:request:186 - client IP: 10.14.148.129, Port: 54228
2023-06-27 15:37:53.225 | DEBUG    | httprunner.client:request:194 - server IP: 139.198.116.76, Port: 8000
2023-06-27 15:37:53.226 | DEBUG    | httprunner.client:log_print:40 - 
================== request details ==================
method   : POST
url      : http://139.198.116.76:8000/api/home/test/login
headers  : {
    "User-Agent": "python-requests/2.28.1",
    "Accept-Encoding": "gzip, deflate, br",
    "Accept": "*/*",
    "Connection": "keep-alive",
    "Content-Length": "170",
    "Content-Type": "application/json",
    "HRUN-Request-ID": "HRUN-e23510c8-68f5-44e6-a879-8af3f11581c3-473164"
}
cookies  : {}
body     : {
    "captcha": "0000",
    "captchaSign": "65598701970d463468e7e138dd84d91f3dcdf2c1e7722f36144d90eb214aabe8",
    "emailCaptcha": "",
    "username": "WYuNeESWHcuLmpcpImDzrnuCd20dooUL"
}

2023-06-27 15:37:53.226 | DEBUG    | httprunner.client:log_print:40 - 
================== response details ==================
status_code : 200
headers  : {
    "Server": "nginx",
    "Date": "Tue, 27 Jun 2023 07:37:53 GMT",
    "Content-Type": "application/json;charset=UTF-8",
    "Transfer-Encoding": "chunked",
    "Connection": "keep-alive",
    "Set-Cookie": "SESSION=OGE1OGYwYWYtNzY4MS00OTY5LTg5YzEtNGFmNGQzNDYyOTg1; Path=/; HttpOnly; SameSite=Lax",
    "X-Frame-Options": "SAMEORIGIN"
}
cookies  : {
    "SESSION": "OGE1OGYwYWYtNzY4MS00OTY5LTg5YzEtNGFmNGQzNDYyOTg1"
}
encoding : UTF-8
content_type : application/json;charset=UTF-8
body     : {
    "message": "success",
    "status": 1,
    "data": true
}

2023-06-27 15:37:53.226 | INFO     | httprunner.client:request:217 - status_code: 200, response_time(ms): 60.66 ms, response_length: 0 bytes
2023-06-27 15:37:53.226 | INFO     | httprunner.response:extract:179 - extract mapping: {'entSession': 'response.headers."Set-Cookie".session'}
2023-06-27 15:37:53.226 | INFO     | httprunner.response:validate:249 - assert status_code equal 200(int)	==> pass
2023-06-27 15:37:53.227 | INFO     | httprunner.response:validate:249 - assert headers."Content-Type" equal application/json;charset=UTF-8(str)	==> pass
2023-06-27 15:37:53.227 | INFO     | httprunner.response:validate:249 - assert body.message equal success(str)	==> pass
2023-06-27 15:37:53.227 | INFO     | httprunner.response:validate:249 - assert body.status equal 1(int)	==> pass
2023-06-27 15:37:53.227 | INFO     | httprunner.response:validate:249 - assert body.data equal True(bool)	==> pass
2023-06-27 15:37:53.227 | INFO     | httprunner.runner:__run_step:304 - run step end: 登录-企业用户 <<<<<<

2023-06-27 15:37:53.227 | INFO     | httprunner.runner:__run_step_testcase:286 - export variables: {'entSession': 'response.headers."Set-Cookie".session'}
2023-06-27 15:37:53.227 | INFO     | httprunner.runner:__run_step:304 - run step end: 登录-企业 <<<<<<

2023-06-27 15:37:53.227 | INFO     | httprunner.runner:__run_step:292 - run step begin: 前缀注册企业资质图片上传 >>>>>>
2023-06-27 15:37:53.228 | INFO     | httprunner.runner:__run_step:292 - run step begin: 前缀注册企业资质图片上传 >>>>>>
2023-06-27 15:37:53.341 | DEBUG    | httprunner.client:request:186 - client IP: 10.14.148.129, Port: 54228
2023-06-27 15:37:53.342 | DEBUG    | httprunner.client:request:194 - server IP: 139.198.116.76, Port: 8000
2023-06-27 15:37:53.343 | DEBUG    | httprunner.client:log_print:40 - 
================== request details ==================
method   : POST
url      : http://139.198.116.76:8000/api/file/img/upload
headers  : {
    "User-Agent": "Mozilla/5.0 (Macintosh; Intel Mac OS X 10_15_7) AppleWebKit/537.36 (KHTML, like Gecko) Chrome/105.0.0.0 Safari/537.36",
    "Accept-Encoding": "gzip, deflate",
    "Accept": "application/json, text/plain, */*",
    "Connection": "keep-alive",
    "Accept-Language": "zh-CN,zh;q=0.9",
    "Content-Type": "multipart/form-data; boundary=e212925a222b48d899f22f88b7a4be40",
    "HRUN-Request-ID": "HRUN-e23510c8-68f5-44e6-a879-8af3f11581c3-473231",
    "Cookie": "SESSION=OGE1OGYwYWYtNzY4MS00OTY5LTg5YzEtNGFmNGQzNDYyOTg1; SESSION=response.headers.\"Set-Cookie\".session",
    "Content-Length": "20435"
}
cookies  : {
    "SESSION": "OGE1OGYwYWYtNzY4MS00OTY5LTg5YzEtNGFmNGQzNDYyOTg1"
}
body     : upload file stream (OMITTED)

2023-06-27 15:37:53.344 | DEBUG    | httprunner.client:log_print:40 - 
================== response details ==================
status_code : 200
headers  : {
    "Server": "nginx",
    "Date": "Tue, 27 Jun 2023 07:37:53 GMT",
    "Content-Type": "application/json;charset=UTF-8",
    "Transfer-Encoding": "chunked",
    "Connection": "keep-alive",
    "X-Frame-Options": "SAMEORIGIN"
}
cookies  : {}
encoding : UTF-8
content_type : application/json;charset=UTF-8
body     : {
    "message": "success",
    "status": 1,
    "data": {
        "id": 3126,
        "path": "5ff3b293-172d-4a23-9391-6199aa7f0e6b.jpeg"
    }
}

2023-06-27 15:37:53.344 | INFO     | httprunner.client:request:217 - status_code: 200, response_time(ms): 110.39 ms, response_length: 0 bytes
2023-06-27 15:37:53.344 | INFO     | httprunner.response:extract:179 - extract mapping: {'imgId': 3126}
2023-06-27 15:37:53.345 | INFO     | httprunner.response:validate:249 - assert status_code equal 200(int)	==> pass
2023-06-27 15:37:53.345 | INFO     | httprunner.runner:__run_step:304 - run step end: 前缀注册企业资质图片上传 <<<<<<

2023-06-27 15:37:53.345 | INFO     | httprunner.runner:__run_step_testcase:286 - export variables: {'imgId': 3126}
2023-06-27 15:37:53.345 | INFO     | httprunner.runner:__run_step:304 - run step end: 前缀注册企业资质图片上传 <<<<<<

2023-06-27 15:37:53.345 | INFO     | httprunner.runner:__run_step:292 - run step begin: 前缀注册企业联系人身份证图片正面上传 >>>>>>
2023-06-27 15:37:53.346 | INFO     | httprunner.runner:__run_step:292 - run step begin: 前缀注册企业联系人身份证图片背面上传 >>>>>>
2023-06-27 15:37:53.489 | DEBUG    | httprunner.client:request:186 - client IP: 10.14.148.129, Port: 54228
2023-06-27 15:37:53.490 | DEBUG    | httprunner.client:request:194 - server IP: 139.198.116.76, Port: 8000
2023-06-27 15:37:53.491 | DEBUG    | httprunner.client:log_print:40 - 
================== request details ==================
method   : POST
url      : http://139.198.116.76:8000/api/file/img/upload
headers  : {
    "User-Agent": "Mozilla/5.0 (Macintosh; Intel Mac OS X 10_15_7) AppleWebKit/537.36 (KHTML, like Gecko) Chrome/105.0.0.0 Safari/537.36",
    "Accept-Encoding": "gzip, deflate",
    "Accept": "application/json, text/plain, */*",
    "Connection": "keep-alive",
    "Accept-Language": "zh-CN,zh;q=0.9",
    "Content-Type": "multipart/form-data; boundary=86abdc8c578a4d4c9f0e8641516f4842",
    "HRUN-Request-ID": "HRUN-e23510c8-68f5-44e6-a879-8af3f11581c3-473346",
    "Cookie": "SESSION=OGE1OGYwYWYtNzY4MS00OTY5LTg5YzEtNGFmNGQzNDYyOTg1; SESSION=response.headers.\"Set-Cookie\".session",
    "Content-Length": "20435"
}
cookies  : {
    "SESSION": "OGE1OGYwYWYtNzY4MS00OTY5LTg5YzEtNGFmNGQzNDYyOTg1"
}
body     : upload file stream (OMITTED)

2023-06-27 15:37:53.492 | DEBUG    | httprunner.client:log_print:40 - 
================== response details ==================
status_code : 200
headers  : {
    "Server": "nginx",
    "Date": "Tue, 27 Jun 2023 07:37:53 GMT",
    "Content-Type": "application/json;charset=UTF-8",
    "Transfer-Encoding": "chunked",
    "Connection": "keep-alive",
    "X-Frame-Options": "SAMEORIGIN"
}
cookies  : {}
encoding : UTF-8
content_type : application/json;charset=UTF-8
body     : {
    "message": "success",
    "status": 1,
    "data": {
        "id": 3127,
        "path": "928a57c8-296c-4605-b702-d289ab4ff38a.jpeg"
    }
}

2023-06-27 15:37:53.493 | INFO     | httprunner.client:request:217 - status_code: 200, response_time(ms): 141.79 ms, response_length: 0 bytes
2023-06-27 15:37:53.493 | INFO     | httprunner.response:extract:179 - extract mapping: {'imgId_f': 3127}
2023-06-27 15:37:53.493 | INFO     | httprunner.response:validate:249 - assert status_code equal 200(int)	==> pass
2023-06-27 15:37:53.493 | INFO     | httprunner.runner:__run_step:304 - run step end: 前缀注册企业联系人身份证图片背面上传 <<<<<<

2023-06-27 15:37:53.494 | INFO     | httprunner.runner:__run_step_testcase:286 - export variables: {'imgId_f': 3127}
2023-06-27 15:37:53.494 | INFO     | httprunner.runner:__run_step:304 - run step end: 前缀注册企业联系人身份证图片正面上传 <<<<<<

2023-06-27 15:37:53.494 | INFO     | httprunner.runner:__run_step:292 - run step begin: 前缀注册企业联系人身份证图片背面上传 >>>>>>
2023-06-27 15:37:53.495 | INFO     | httprunner.runner:__run_step:292 - run step begin: 前缀注册企业联系人身份证图片背面上传 >>>>>>
2023-06-27 15:37:53.594 | DEBUG    | httprunner.client:request:186 - client IP: 10.14.148.129, Port: 54228
2023-06-27 15:37:53.595 | DEBUG    | httprunner.client:request:194 - server IP: 139.198.116.76, Port: 8000
2023-06-27 15:37:53.596 | DEBUG    | httprunner.client:log_print:40 - 
================== request details ==================
method   : POST
url      : http://139.198.116.76:8000/api/file/img/upload
headers  : {
    "User-Agent": "Mozilla/5.0 (Macintosh; Intel Mac OS X 10_15_7) AppleWebKit/537.36 (KHTML, like Gecko) Chrome/105.0.0.0 Safari/537.36",
    "Accept-Encoding": "gzip, deflate",
    "Accept": "application/json, text/plain, */*",
    "Connection": "keep-alive",
    "Accept-Language": "zh-CN,zh;q=0.9",
    "Content-Type": "multipart/form-data; boundary=735702db06694f8fba8be8b0875a5fd3",
    "HRUN-Request-ID": "HRUN-e23510c8-68f5-44e6-a879-8af3f11581c3-473496",
    "Cookie": "SESSION=OGE1OGYwYWYtNzY4MS00OTY5LTg5YzEtNGFmNGQzNDYyOTg1; SESSION=response.headers.\"Set-Cookie\".session",
    "Content-Length": "20435"
}
cookies  : {
    "SESSION": "OGE1OGYwYWYtNzY4MS00OTY5LTg5YzEtNGFmNGQzNDYyOTg1"
}
body     : upload file stream (OMITTED)

2023-06-27 15:37:53.597 | DEBUG    | httprunner.client:log_print:40 - 
================== response details ==================
status_code : 200
headers  : {
    "Server": "nginx",
    "Date": "Tue, 27 Jun 2023 07:37:53 GMT",
    "Content-Type": "application/json;charset=UTF-8",
    "Transfer-Encoding": "chunked",
    "Connection": "keep-alive",
    "X-Frame-Options": "SAMEORIGIN"
}
cookies  : {}
encoding : UTF-8
content_type : application/json;charset=UTF-8
body     : {
    "message": "success",
    "status": 1,
    "data": {
        "id": 3128,
        "path": "5d55bc42-2f2d-46b9-b68d-342a2c25d587.jpeg"
    }
}

2023-06-27 15:37:53.597 | INFO     | httprunner.client:request:217 - status_code: 200, response_time(ms): 98.15 ms, response_length: 0 bytes
2023-06-27 15:37:53.598 | INFO     | httprunner.response:extract:179 - extract mapping: {'imgId_b': 3128}
2023-06-27 15:37:53.598 | INFO     | httprunner.response:validate:249 - assert status_code equal 200(int)	==> pass
2023-06-27 15:37:53.598 | INFO     | httprunner.runner:__run_step:304 - run step end: 前缀注册企业联系人身份证图片背面上传 <<<<<<

2023-06-27 15:37:53.598 | INFO     | httprunner.runner:__run_step_testcase:286 - export variables: {'imgId_b': 3128}
2023-06-27 15:37:53.598 | INFO     | httprunner.runner:__run_step:304 - run step end: 前缀注册企业联系人身份证图片背面上传 <<<<<<

2023-06-27 15:37:53.599 | INFO     | httprunner.runner:__run_step:292 - run step begin: 企业注册第一步提交信息 >>>>>>
2023-06-27 15:37:53.600 | INFO     | httprunner.runner:__run_step:292 - run step begin: 企业注册第一步提交信息 >>>>>>
2023-06-27 15:37:53.923 | DEBUG    | httprunner.client:request:186 - client IP: 10.14.148.129, Port: 54228
2023-06-27 15:37:53.924 | DEBUG    | httprunner.client:request:194 - server IP: 139.198.116.76, Port: 8000
2023-06-27 15:37:53.926 | DEBUG    | httprunner.client:log_print:40 - 
================== request details ==================
method   : POST
url      : http://139.198.116.76:8000/api/v3/entApply/basicInfo/submit
headers  : {
    "User-Agent": "Mozilla/5.0 (Macintosh; Intel Mac OS X 10_15_7) AppleWebKit/537.36 (KHTML, like Gecko) Chrome/105.0.0.0 Safari/537.36",
    "Accept-Encoding": "gzip, deflate",
    "Accept": "application/json, text/plain, */*",
    "Connection": "keep-alive",
    "Accept-Language": "zh-CN,zh;q=0.9",
    "Content-Type": "application/json;charset=UTF-8",
    "HRUN-Request-ID": "HRUN-e23510c8-68f5-44e6-a879-8af3f11581c3-473600",
    "Cookie": "SESSION=OGE1OGYwYWYtNzY4MS00OTY5LTg5YzEtNGFmNGQzNDYyOTg1; SESSION=response.headers.\"Set-Cookie\".session",
    "Content-Length": "2549"
}
cookies  : {
    "SESSION": "OGE1OGYwYWYtNzY4MS00OTY5LTg5YzEtNGFmNGQzNDYyOTg1"
}
body     : {
    "applyStep": 2,
    "applyType": null,
    "area": [
        "110000",
        "110100",
        "110101"
    ],
    "cltrid": null,
    "contactCrtBackImgPath": null,
    "contactCrtBackImgRid": 3128,
    "contactCrtFrontImgPath": null,
    "contactCrtFrontImgRid": 3127,
    "contactCrtNo": "455087197504173237",
    "contactCrtType": 1,
    "contactEmail": "h0LdTYb0x3uZRKm2@qaqseq.com",
    "contactName": "WYuNeESWHcuLmpcpImDzrnuCd20dooUL",
    "contactPhone": "10035730987",
    "createDate": null,
    "dataHostingContractFilePath": null,
    "dataHostingContractFileRid": null,
    "dataHostingOrg": null,
    "entGeneralId": null,
    "entInfoLicenses": [],
    "entInfoSerIndustrys": [],
    "entPrefix": "88.408.6763",
    "escrowId": null,
    "escrowOrgName": null,
    "establishDate": null,
    "extDomain": null,
    "extIpAddr": null,
    "extWebName": null,
    "finalAuditMsg": null,
    "finalAuditStatus": null,
    "firstAuditMsg": null,
    "firstAuditStatus": null,
    "id": null,
    "idRegNaImp": null,
    "industry": [
        "A",
        "01"
    ],
    "industryCategory": "A",
    "industrySpecific": "01",
    "isSubmit": 0,
    "legalCrtBackImgContent": null,
    "legalCrtBackImgPath": null,
    "legalCrtBackImgRid": 3128,
    "legalCrtFrontImgContent": null,
    "legalCrtFrontImgPath": null,
    "legalCrtFrontImgRid": 3127,
    "legalCrtNo": "455087197504173237",
    "legalCrtType": "1",
    "legalCrtTypeDesc": "中国居民身份证",
    "legalEmail": null,
    "legalFax": null,
    "legalName": "张三",
    "legalPhone": null,
    "orgAddr": "致真",
    "orgAddrCity": "110100",
    "orgAddrCityDesc": "市辖区",
    "orgAddrCounty": "110101",
    "orgAddrCountyDesc": "东城区",
    "orgAddrProvince": "110000",
    "orgAddrProvinceDesc": "北京市",
    "orgCategorySpecificDesc": "农、林、牧、渔业-农业",
    "orgCrtCode": "WYuNeESWHcuLmpcpImDzrnuCd20dooUL",
    "orgCrtImgContent": null,
    "orgCrtImgPath": null,
    "orgCrtImgRid": 3126,
    "orgCrtType": "1",
    "orgDesc": null,
    "orgName": "WYuNeESWHcuLmpcpImDzrnuCd20dooUL",
    "orgNature": "1",
    "orgNatureDesc": "国有控股",
    "periodValidity": null,
    "regAuthority": null,
    "regCapital": null,
    "regRealNaImpName": null,
    "regRealNaImpType": null,
    "servHostingContractFilePath": null,
    "servHostingContractFileRid": null,
    "servHostingOrg": null,
    "servSysBuildContractFilePath": null,
    "servSysBuildContractFileRid": null,
    "servSysBuildName": null,
    "servSysBuildType": 1,
    "servSysOperContractFilePath": null,
    "servSysOperContractFileRid": null,
    "servSysOperName": null,
    "servSysOperType": 1,
    "svtrid": null,
    "thirdServiceMsg": null,
    "thirdServiceStatus": null,
    "updateDate": null,
    "userId": null,
    "userName": null,
    "website": null
}

2023-06-27 15:37:53.927 | DEBUG    | httprunner.client:log_print:40 - 
================== response details ==================
status_code : 200
headers  : {
    "Server": "nginx",
    "Date": "Tue, 27 Jun 2023 07:37:54 GMT",
    "Content-Type": "application/json;charset=UTF-8",
    "Transfer-Encoding": "chunked",
    "Connection": "keep-alive",
    "X-Frame-Options": "SAMEORIGIN"
}
cookies  : {}
encoding : UTF-8
content_type : application/json;charset=UTF-8
body     : {
    "message": "success",
    "status": 1,
    "data": true
}

2023-06-27 15:37:53.927 | INFO     | httprunner.client:request:217 - status_code: 200, response_time(ms): 322.82 ms, response_length: 0 bytes
2023-06-27 15:37:53.927 | INFO     | httprunner.response:validate:249 - assert status_code equal 200(int)	==> pass
2023-06-27 15:37:53.927 | INFO     | httprunner.response:validate:249 - assert body.message equal success(str)	==> pass
2023-06-27 15:37:53.928 | INFO     | httprunner.runner:__run_step:304 - run step end: 企业注册第一步提交信息 <<<<<<

2023-06-27 15:37:53.928 | INFO     | httprunner.runner:__run_step:304 - run step end: 企业注册第一步提交信息 <<<<<<

2023-06-27 15:37:53.928 | INFO     | httprunner.runner:__run_step:292 - run step begin: 企业注册查询注册信息 >>>>>>
2023-06-27 15:37:53.929 | INFO     | httprunner.runner:__run_step:292 - run step begin: 企业注册查询注册信息 >>>>>>
2023-06-27 15:37:54.014 | DEBUG    | httprunner.client:request:186 - client IP: 10.14.148.129, Port: 54228
2023-06-27 15:37:54.015 | DEBUG    | httprunner.client:request:194 - server IP: 139.198.116.76, Port: 8000
2023-06-27 15:37:54.015 | DEBUG    | httprunner.client:log_print:40 - 
================== request details ==================
method   : GET
url      : http://139.198.116.76:8000/api/v3/entApply/applyOrNot
headers  : {
    "User-Agent": "Mozilla/5.0 (Macintosh; Intel Mac OS X 10_15_7) AppleWebKit/537.36 (KHTML, like Gecko) Chrome/105.0.0.0 Safari/537.36",
    "Accept-Encoding": "gzip, deflate",
    "Accept": "application/json, text/plain, */*",
    "Connection": "keep-alive",
    "Accept-Language": "zh-CN,zh;q=0.9",
    "HRUN-Request-ID": "HRUN-e23510c8-68f5-44e6-a879-8af3f11581c3-473929",
    "Cookie": "SESSION=OGE1OGYwYWYtNzY4MS00OTY5LTg5YzEtNGFmNGQzNDYyOTg1; SESSION=response.headers.\"Set-Cookie\".session"
}
cookies  : {
    "SESSION": "OGE1OGYwYWYtNzY4MS00OTY5LTg5YzEtNGFmNGQzNDYyOTg1"
}
body     : None

2023-06-27 15:37:54.017 | DEBUG    | httprunner.client:log_print:40 - 
================== response details ==================
status_code : 200
headers  : {
    "Server": "nginx",
    "Date": "Tue, 27 Jun 2023 07:37:54 GMT",
    "Content-Type": "application/json;charset=UTF-8",
    "Transfer-Encoding": "chunked",
    "Connection": "keep-alive",
    "X-Frame-Options": "SAMEORIGIN"
}
cookies  : {}
encoding : UTF-8
content_type : application/json;charset=UTF-8
body     : {
    "message": "success",
    "status": 1,
    "data": {
        "nbmsEntApplyPO": {
            "id": 1519,
            "createDate": "2023-06-27 15:37:54",
            "updateDate": "2023-06-27 15:37:54",
            "applyType": null,
            "entGeneralId": null,
            "applyStep": 2,
            "isSubmit": 0,
            "entPrefix": "88.408.6763",
            "firstAuditStatus": null,
            "firstAuditMsg": null,
            "thirdServiceStatus": null,
            "thirdServiceMsg": null,
            "userName": "WYuNeESWHcuLmpcpImDzrnuCd20dooUL",
            "finalAuditStatus": null,
            "finalAuditMsg": null,
            "svtrid": null,
            "cltrid": null,
            "userId": 1764,
            "orgName": "WYuNeESWHcuLmpcpImDzrnuCd20dooUL",
            "orgNature": "1",
            "orgAddrProvince": "110000",
            "orgAddrCity": "110100",
            "orgAddrCounty": "110101",
            "orgAddr": "致真",
            "orgCrtType": "1",
            "orgCrtCode": "WYuNeESWHcuLmpcpImDzrnuCd20dooUL",
            "legalName": "张三",
            "legalCrtType": "1",
            "legalCrtNo": "455087197504173237",
            "orgDesc": null,
            "industryCategory": "A",
            "industrySpecific": "01",
            "contactName": "WYuNeESWHcuLmpcpImDzrnuCd20dooUL",
            "contactPhone": "10035730987",
            "contactCrtType": 1,
            "contactCrtNo": "455087197504173237",
            "contactEmail": "h0LdTYb0x3uZRKm2@qaqseq.com",
            "website": null,
            "regAuthority": null,
            "regCapital": null,
            "establishDate": null,
            "periodValidity": null,
            "legalEmail": null,
            "legalPhone": null,
            "legalFax": null,
            "servSysBuildType": null,
            "servSysBuildName": null,
            "servSysOperType": null,
            "servSysOperName": null,
            "dataHostingOrg": null,
            "servHostingOrg": null,
            "regRealNaImpType": null,
            "regRealNaImpName": null,
            "idRegNaImp": null,
            "extWebName": null,
            "extDomain": null,
            "extIpAddr": null,
            "orgCrtImgRid": 3126,
            "contactCrtFrontImgRid": 3127,
            "contactCrtBackImgRid": 3128,
            "legalCrtFrontImgRid": 3127,
            "legalCrtBackImgRid": 3128,
            "servSysBuildContractFileRid": null,
            "servSysOperContractFileRid": null,
            "dataHostingContractFileRid": null,
            "servHostingContractFileRid": null,
            "entInfoLicenses": [],
            "entInfoSyss": [],
            "entInfoSerIndustrys": [],
            "escrowId": null,
            "industryQualificationRid": null,
            "certificationRid": null,
            "openingBank": null,
            "bankCard": null,
            "verificationName": null,
            "orgNatureDesc": "国有控股",
            "orgCrtImgContent": null,
            "orgCategorySpecificDesc": "农、林、牧、渔业-农业",
            "orgAddrProvinceDesc": "北京市",
            "orgAddrCountyDesc": "东城区",
            "orgAddrCityDesc": "市辖区",
            "legalCrtTypeDesc": "中国居民身份证",
            "legalCrtFrontImgContent": null,
            "legalCrtBackImgContent": null,
            "orgCrtImgPath": "5ff3b293-172d-4a23-9391-6199aa7f0e6b.jpeg",
            "contactCrtFrontImgPath": "928a57c8-296c-4605-b702-d289ab4ff38a.jpeg",
            "contactCrtBackImgPath": "5d55bc42-2f2d-46b9-b68d-342a2c25d587.jpeg",
            "legalCrtFrontImgPath": "928a57c8-296c-4605-b702-d289ab4ff38a.jpeg",
            "legalCrtBackImgPath": "5d55bc42-2f2d-46b9-b68d-342a2c25d587.jpeg",
            "servSysBuildContractFilePath": null,
            "servSysOperContractFilePath": null,
            "dataHostingContractFilePath": null,
            "servHostingContractFilePath": null,
            "industryQualificationFilePath": null,
            "certificationFilePath": null,
            "escrowOrgName": null
        },
        "nbmsEntPO": null,
        "nbmsEntPrefixApplyPO": null,
        "needRelog": null,
        "applyStatus": 0
    }
}

2023-06-27 15:37:54.018 | INFO     | httprunner.client:request:217 - status_code: 200, response_time(ms): 84.77 ms, response_length: 0 bytes
2023-06-27 15:37:54.025 | INFO     | httprunner.response:extract:179 - extract mapping: {'applyId': 1519, 'userId': 1764, 'userName': 'WYuNeESWHcuLmpcpImDzrnuCd20dooUL', 'imgId_f': 3127, 'imgId_b': 3128, 'entId': None, 'entUserId': None, 'prefix': '88.408.6763', 'contactCrtNo': '455087197504173237', 'contactCrtType': 1, 'contactEmail': 'h0LdTYb0x3uZRKm2@qaqseq.com', 'contactName': 'WYuNeESWHcuLmpcpImDzrnuCd20dooUL', 'contactPhone': '10035730987', 'industryCategory': 'A', 'industrySpecific': '01', 'orgName': 'WYuNeESWHcuLmpcpImDzrnuCd20dooUL', 'orgNature': '1', 'orgAddrProvince': '110000', 'orgAddrCity': '110100', 'orgAddrCounty': '110101', 'orgAddr': '致真', 'orgCrtType': '1', 'orgCrtCode': 'WYuNeESWHcuLmpcpImDzrnuCd20dooUL', 'legalName': '张三', 'legalEmail': None, 'legalPhone': None, 'legalCrtType': '1', 'legalCrtNo': '455087197504173237', 'legalCrtFrontImgRid': 3127, 'legalCrtBackImgRid': 3128, 'orgCrtImgRid': 3126, 'imgId': 3126, 'orgNatureDesc': '国有控股', 'orgCategorySpecificDesc': '农、林、牧、渔业-农业', 'orgAddrProvinceDesc': '北京市', 'orgAddrCountyDesc': '东城区', 'orgAddrCityDesc': '市辖区', 'legalCrtTypeDesc': '中国居民身份证', 'createDate': '2023-06-27 15:37:54', 'updateDate': '2023-06-27 15:37:54', 'entInfoSyss_0_id': None, 'entInfoSyss_0_entApplyId': None, 'entApplyId': None, 'entInfoSyss_0_sysType': None, 'entInfoSyss_0_deployMode': None, 'entInfoSyss_0_deployAddr': None, 'entInfoSyss_0_deployAddrProvince': None, 'entInfoSyss_0_deployAddrCity': None, 'entInfoSyss_0_deployAddrCounty': None, 'entInfoSyss_1_id': None, 'entInfoSyss_1_entApplyId': None, 'entInfoSyss_1_sysType': None, 'entInfoSyss_1_deployMode': None, 'entInfoSyss_1_deployAddr': None, 'entInfoSyss_1_deployAddrProvince': None, 'entInfoSyss_1_deployAddrCity': None, 'entInfoSyss_1_deployAddrCounty': None, 'entInfoSyss_2_id': None, 'entInfoSyss_2_entApplyId': None, 'entInfoSyss_2_sysType': None, 'entInfoSyss_2_deployMode': None, 'entInfoSyss_2_deployAddr': None, 'entInfoSyss_2_deployAddrProvince': None, 'entInfoSyss_2_deployAddrCity': None, 'entInfoSyss_2_deployAddrCounty': None, 'entInfoSyss_3_id': None, 'entInfoSyss_3_entApplyId': None, 'entInfoSyss_3_sysType': None, 'entInfoSyss_3_deployMode': None, 'entInfoSyss_3_deployAddr': None, 'entInfoSyss_3_deployAddrProvince': None, 'entInfoSyss_3_deployAddrCity': None, 'entInfoSyss_3_deployAddrCounty': None}
2023-06-27 15:37:54.026 | INFO     | httprunner.response:validate:249 - assert status_code equal 200(int)	==> pass
2023-06-27 15:37:54.026 | INFO     | httprunner.response:validate:249 - assert body.message equal success(str)	==> pass
2023-06-27 15:37:54.026 | INFO     | httprunner.runner:__run_step:304 - run step end: 企业注册查询注册信息 <<<<<<

2023-06-27 15:37:54.026 | INFO     | httprunner.runner:__run_step_testcase:286 - export variables: {'entId': None, 'orgAddr': '致真', 'entInfoSyss_1_sysType': None, 'contactEmail': 'h0LdTYb0x3uZRKm2@qaqseq.com', 'applyId': 1519, 'orgName': 'WYuNeESWHcuLmpcpImDzrnuCd20dooUL', 'updateDate': '2023-06-27 15:37:54', 'entInfoSyss_1_entApplyId': None, 'entInfoSyss_1_deployAddrCounty': None, 'entInfoSyss_3_deployAddrCity': None, 'entInfoSyss_3_id': None, 'entInfoSyss_0_deployAddrCounty': None, 'entInfoSyss_2_deployAddrProvince': None, 'entInfoSyss_3_deployAddrProvince': None, 'entInfoSyss_2_sysType': None, 'legalEmail': None, 'entInfoSyss_0_sysType': None, 'entInfoSyss_2_deployAddr': None, 'entInfoSyss_3_deployAddrCounty': None, 'legalCrtBackImgRid': 3128, 'orgCrtImgRid': 3126, 'contactName': 'WYuNeESWHcuLmpcpImDzrnuCd20dooUL', 'legalName': '张三', 'entInfoSyss_0_deployAddr': None, 'imgId': 3126, 'entInfoSyss_3_sysType': None, 'orgAddrProvinceDesc': '北京市', 'entUserId': None, 'userName': 'WYuNeESWHcuLmpcpImDzrnuCd20dooUL', 'entApplyId': None, 'industrySpecific': '01', 'imgId_b': 3128, 'entInfoSyss_1_id': None, 'entInfoSyss_2_entApplyId': None, 'entInfoSyss_2_deployAddrCounty': None, 'orgAddrCityDesc': '市辖区', 'orgCrtType': '1', 'legalCrtNo': '455087197504173237', 'entInfoSyss_3_deployAddr': None, 'userId': 1764, 'entInfoSyss_1_deployAddr': None, 'contactCrtType': 1, 'contactCrtNo': '455087197504173237', 'orgAddrProvince': '110000', 'entInfoSyss_1_deployMode': None, 'entInfoSyss_2_id': None, 'entInfoSyss_2_deployMode': None, 'entInfoSyss_3_deployMode': None, 'legalCrtTypeDesc': '中国居民身份证', 'entInfoSyss_0_id': None, 'entInfoSyss_1_deployAddrProvince': None, 'orgAddrCity': '110100', 'legalPhone': None, 'orgCrtCode': 'WYuNeESWHcuLmpcpImDzrnuCd20dooUL', 'orgAddrCountyDesc': '东城区', 'legalCrtFrontImgRid': 3127, 'entInfoSyss_0_deployMode': None, 'legalCrtType': '1', 'orgAddrCounty': '110101', 'contactPhone': '10035730987', 'createDate': '2023-06-27 15:37:54', 'entInfoSyss_2_deployAddrCity': None, 'entInfoSyss_1_deployAddrCity': None, 'orgNature': '1', 'orgNatureDesc': '国有控股', 'entInfoSyss_0_entApplyId': None, 'imgId_f': 3127, 'prefix': '88.408.6763', 'entInfoSyss_3_entApplyId': None, 'industryCategory': 'A', 'entInfoSyss_0_deployAddrProvince': None, 'orgCategorySpecificDesc': '农、林、牧、渔业-农业', 'entInfoSyss_0_deployAddrCity': None}
2023-06-27 15:37:54.026 | INFO     | httprunner.runner:__run_step:304 - run step end: 企业注册查询注册信息 <<<<<<

2023-06-27 15:37:54.027 | INFO     | httprunner.runner:__run_step:292 - run step begin: 企业注册第二步提交信息 >>>>>>
2023-06-27 15:37:54.028 | INFO     | httprunner.runner:__run_step:292 - run step begin: 企业注册第二步提交信息 >>>>>>
2023-06-27 15:37:54.103 | DEBUG    | httprunner.client:request:186 - client IP: 10.14.148.129, Port: 54228
2023-06-27 15:37:54.104 | DEBUG    | httprunner.client:request:194 - server IP: 139.198.116.76, Port: 8000
2023-06-27 15:37:54.106 | DEBUG    | httprunner.client:log_print:40 - 
================== request details ==================
method   : POST
url      : http://139.198.116.76:8000/api/v3/entApply/registerManageInfo
headers  : {
    "User-Agent": "Mozilla/5.0 (Macintosh; Intel Mac OS X 10_15_7) AppleWebKit/537.36 (KHTML, like Gecko) Chrome/105.0.0.0 Safari/537.36",
    "Accept-Encoding": "gzip, deflate",
    "Accept": "application/json, text/plain, */*",
    "Connection": "keep-alive",
    "Accept-Language": "zh-CN,zh;q=0.9",
    "Content-Type": "application/json;charset=UTF-8",
    "X-HTTP-Method-Override": "put",
    "HRUN-Request-ID": "HRUN-e23510c8-68f5-44e6-a879-8af3f11581c3-474028",
    "Cookie": "SESSION=OGE1OGYwYWYtNzY4MS00OTY5LTg5YzEtNGFmNGQzNDYyOTg1; SESSION=response.headers.\"Set-Cookie\".session",
    "Content-Length": "3274"
}
cookies  : {
    "SESSION": "OGE1OGYwYWYtNzY4MS00OTY5LTg5YzEtNGFmNGQzNDYyOTg1"
}
body     : {
    "applyStep": 3,
    "applyType": null,
    "cltrid": null,
    "contactCrtBackImgPath": null,
    "contactCrtBackImgRid": 3128,
    "contactCrtFrontImgPath": null,
    "contactCrtFrontImgRid": 3127,
    "contactCrtNo": "455087197504173237",
    "contactCrtType": 1,
    "contactEmail": "h0LdTYb0x3uZRKm2@qaqseq.com",
    "contactName": "WYuNeESWHcuLmpcpImDzrnuCd20dooUL",
    "contactPhone": "10035730987",
    "createDate": "2023-06-27 15:37:54",
    "dataHostingContractFilePath": null,
    "dataHostingContractFileRid": null,
    "dataHostingOrg": null,
    "entGeneralId": null,
    "entInfoLicenses": [],
    "entInfoSerIndustrys": [],
    "entInfoSyss": [
        {
            "deployAddr": "致真",
            "deployAddrCity": "110100",
            "deployAddrCounty": "110101",
            "deployAddrProvince": "110000",
            "deployMode": 1,
            "ipPort": null,
            "name": null,
            "sysType": 1
        },
        {
            "deployAddr": "致真",
            "deployAddrCity": "110100",
            "deployAddrCounty": "110101",
            "deployAddrProvince": "110000",
            "deployMode": 1,
            "ipPort": null,
            "name": null,
            "sysType": 2
        },
        {
            "deployAddr": "天津",
            "deployAddrCity": "120100",
            "deployAddrCounty": "120101",
            "deployAddrProvince": "120000",
            "deployMode": 1,
            "ipPort": null,
            "name": null,
            "sysType": 3
        },
        {
            "deployAddr": "天津",
            "deployAddrCity": "120100",
            "deployAddrCounty": "120101",
            "deployAddrProvince": "120000",
            "deployMode": 1,
            "ipPort": null,
            "name": null,
            "sysType": 4
        }
    ],
    "entPrefix": "88.408.6763",
    "escrowId": null,
    "escrowOrgName": null,
    "establishDate": null,
    "extDomain": null,
    "extIpAddr": null,
    "extWebName": null,
    "finalAuditMsg": null,
    "finalAuditStatus": null,
    "firstAuditMsg": null,
    "firstAuditStatus": null,
    "id": 1519,
    "idRegNaImp": null,
    "industryCategory": "A",
    "industrySpecific": "01",
    "isSubmit": 0,
    "legalCrtBackImgContent": null,
    "legalCrtBackImgPath": null,
    "legalCrtBackImgRid": 3128,
    "legalCrtFrontImgContent": null,
    "legalCrtFrontImgPath": null,
    "legalCrtFrontImgRid": 3127,
    "legalCrtNo": "455087197504173237",
    "legalCrtType": "1",
    "legalCrtTypeDesc": "中国居民身份证",
    "legalEmail": null,
    "legalFax": null,
    "legalName": "张三",
    "legalPhone": null,
    "orgAddr": "致真",
    "orgAddrCity": "110100",
    "orgAddrCityDesc": "市辖区",
    "orgAddrCounty": "110101",
    "orgAddrCountyDesc": "东城区",
    "orgAddrProvince": "110000",
    "orgAddrProvinceDesc": "北京市",
    "orgCategorySpecificDesc": "农、林、牧、渔业-农业",
    "orgCrtCode": "WYuNeESWHcuLmpcpImDzrnuCd20dooUL",
    "orgCrtImgContent": null,
    "orgCrtImgPath": null,
    "orgCrtImgRid": 3126,
    "orgCrtType": "1",
    "orgDesc": null,
    "orgName": "WYuNeESWHcuLmpcpImDzrnuCd20dooUL",
    "orgNature": "1",
    "orgNatureDesc": "1",
    "periodValidity": null,
    "regAuthority": null,
    "regCapital": null,
    "regRealNaImpName": null,
    "regRealNaImpType": null,
    "servHostingContractFilePath": null,
    "servHostingContractFileRid": null,
    "servHostingOrg": null,
    "servSysBuildContractFilePath": null,
    "servSysBuildContractFileRid": null,
    "servSysBuildName": null,
    "servSysBuildType": 1,
    "servSysOperContractFilePath": null,
    "servSysOperContractFileRid": null,
    "servSysOperName": null,
    "servSysOperType": 1,
    "svtrid": null,
    "thirdServiceMsg": null,
    "thirdServiceStatus": null,
    "updateDate": "2023-06-27 15:37:54",
    "userId": 1764,
    "userName": "WYuNeESWHcuLmpcpImDzrnuCd20dooUL",
    "website": null
}

2023-06-27 15:37:54.107 | DEBUG    | httprunner.client:log_print:40 - 
================== response details ==================
status_code : 200
headers  : {
    "Server": "nginx",
    "Date": "Tue, 27 Jun 2023 07:37:54 GMT",
    "Content-Type": "application/json;charset=UTF-8",
    "Transfer-Encoding": "chunked",
    "Connection": "keep-alive",
    "X-Frame-Options": "SAMEORIGIN"
}
cookies  : {}
encoding : UTF-8
content_type : application/json;charset=UTF-8
body     : {
    "message": "success",
    "status": 1,
    "data": true
}

2023-06-27 15:37:54.107 | INFO     | httprunner.client:request:217 - status_code: 200, response_time(ms): 74.4 ms, response_length: 0 bytes
2023-06-27 15:37:54.108 | INFO     | httprunner.response:validate:249 - assert status_code equal 200(int)	==> pass
2023-06-27 15:37:54.108 | INFO     | httprunner.response:validate:249 - assert body.message equal success(str)	==> pass
2023-06-27 15:37:54.108 | INFO     | httprunner.runner:__run_step:304 - run step end: 企业注册第二步提交信息 <<<<<<

2023-06-27 15:37:54.108 | INFO     | httprunner.runner:__run_step:304 - run step end: 企业注册第二步提交信息 <<<<<<

2023-06-27 15:37:54.109 | INFO     | httprunner.runner:__run_step:292 - run step begin: 企业注册查询注册信息 >>>>>>
2023-06-27 15:37:54.110 | INFO     | httprunner.runner:__run_step:292 - run step begin: 企业注册查询注册信息 >>>>>>
2023-06-27 15:37:54.184 | DEBUG    | httprunner.client:request:186 - client IP: 10.14.148.129, Port: 54228
2023-06-27 15:37:54.185 | DEBUG    | httprunner.client:request:194 - server IP: 139.198.116.76, Port: 8000
2023-06-27 15:37:54.186 | DEBUG    | httprunner.client:log_print:40 - 
================== request details ==================
method   : GET
url      : http://139.198.116.76:8000/api/v3/entApply/applyOrNot
headers  : {
    "User-Agent": "Mozilla/5.0 (Macintosh; Intel Mac OS X 10_15_7) AppleWebKit/537.36 (KHTML, like Gecko) Chrome/105.0.0.0 Safari/537.36",
    "Accept-Encoding": "gzip, deflate",
    "Accept": "application/json, text/plain, */*",
    "Connection": "keep-alive",
    "Accept-Language": "zh-CN,zh;q=0.9",
    "HRUN-Request-ID": "HRUN-e23510c8-68f5-44e6-a879-8af3f11581c3-474110",
    "Cookie": "SESSION=OGE1OGYwYWYtNzY4MS00OTY5LTg5YzEtNGFmNGQzNDYyOTg1; SESSION=response.headers.\"Set-Cookie\".session"
}
cookies  : {
    "SESSION": "OGE1OGYwYWYtNzY4MS00OTY5LTg5YzEtNGFmNGQzNDYyOTg1"
}
body     : None

2023-06-27 15:37:54.198 | DEBUG    | httprunner.client:log_print:40 - 
================== response details ==================
status_code : 200
headers  : {
    "Server": "nginx",
    "Date": "Tue, 27 Jun 2023 07:37:54 GMT",
    "Content-Type": "application/json;charset=UTF-8",
    "Transfer-Encoding": "chunked",
    "Connection": "keep-alive",
    "X-Frame-Options": "SAMEORIGIN"
}
cookies  : {}
encoding : UTF-8
content_type : application/json;charset=UTF-8
body     : {
    "message": "success",
    "status": 1,
    "data": {
        "nbmsEntApplyPO": {
            "id": 1519,
            "createDate": "2023-06-27 15:37:54",
            "updateDate": "2023-06-27 15:37:54",
            "applyType": null,
            "entGeneralId": null,
            "applyStep": 3,
            "isSubmit": 0,
            "entPrefix": "88.408.6763",
            "firstAuditStatus": null,
            "firstAuditMsg": null,
            "thirdServiceStatus": null,
            "thirdServiceMsg": null,
            "userName": "WYuNeESWHcuLmpcpImDzrnuCd20dooUL",
            "finalAuditStatus": null,
            "finalAuditMsg": null,
            "svtrid": null,
            "cltrid": null,
            "userId": 1764,
            "orgName": "WYuNeESWHcuLmpcpImDzrnuCd20dooUL",
            "orgNature": "1",
            "orgAddrProvince": "110000",
            "orgAddrCity": "110100",
            "orgAddrCounty": "110101",
            "orgAddr": "致真",
            "orgCrtType": "1",
            "orgCrtCode": "WYuNeESWHcuLmpcpImDzrnuCd20dooUL",
            "legalName": "张三",
            "legalCrtType": "1",
            "legalCrtNo": "455087197504173237",
            "orgDesc": null,
            "industryCategory": "A",
            "industrySpecific": "01",
            "contactName": "WYuNeESWHcuLmpcpImDzrnuCd20dooUL",
            "contactPhone": "10035730987",
            "contactCrtType": 1,
            "contactCrtNo": "455087197504173237",
            "contactEmail": "h0LdTYb0x3uZRKm2@qaqseq.com",
            "website": null,
            "regAuthority": null,
            "regCapital": null,
            "establishDate": null,
            "periodValidity": null,
            "legalEmail": null,
            "legalPhone": null,
            "legalFax": null,
            "servSysBuildType": 1,
            "servSysBuildName": null,
            "servSysOperType": 1,
            "servSysOperName": null,
            "dataHostingOrg": null,
            "servHostingOrg": null,
            "regRealNaImpType": null,
            "regRealNaImpName": null,
            "idRegNaImp": null,
            "extWebName": null,
            "extDomain": null,
            "extIpAddr": null,
            "orgCrtImgRid": 3126,
            "contactCrtFrontImgRid": 3127,
            "contactCrtBackImgRid": 3128,
            "legalCrtFrontImgRid": 3127,
            "legalCrtBackImgRid": 3128,
            "servSysBuildContractFileRid": null,
            "servSysOperContractFileRid": null,
            "dataHostingContractFileRid": null,
            "servHostingContractFileRid": null,
            "entInfoLicenses": [],
            "entInfoSyss": [
                {
                    "id": 3941,
                    "entApplyId": 1519,
                    "sysType": 1,
                    "deployMode": 1,
                    "deployAddr": "致真",
                    "deployAddrProvince": "110000",
                    "deployAddrCity": "110100",
                    "deployAddrCounty": "110101",
                    "name": null,
                    "ipPort": null
                },
                {
                    "id": 3942,
                    "entApplyId": 1519,
                    "sysType": 2,
                    "deployMode": 1,
                    "deployAddr": "致真",
                    "deployAddrProvince": "110000",
                    "deployAddrCity": "110100",
                    "deployAddrCounty": "110101",
                    "name": null,
                    "ipPort": null
                },
                {
                    "id": 3943,
                    "entApplyId": 1519,
                    "sysType": 3,
                    "deployMode": 1,
                    "deployAddr": "天津",
                    "deployAddrProvince": "120000",
                    "deployAddrCity": "120100",
                    "deployAddrCounty": "120101",
                    "name": null,
                    "ipPort": null
                },
                {
                    "id": 3944,
                    "entApplyId": 1519,
                    "sysType": 4,
                    "deployMode": 1,
                    "deployAddr": "天津",
                    "deployAddrProvince": "120000",
                    "deployAddrCity": "120100",
                    "deployAddrCounty": "120101",
                    "name": null,
                    "ipPort": null
                }
            ],
            "entInfoSerIndustrys": [],
            "escrowId": null,
            "industryQualificationRid": null,
            "certificationRid": null,
            "openingBank": null,
            "bankCard": null,
            "verificationName": null,
            "orgNatureDesc": "国有控股",
            "orgCrtImgContent": null,
            "orgCategorySpecificDesc": "农、林、牧、渔业-农业",
            "orgAddrProvinceDesc": "北京市",
            "orgAddrCountyDesc": "东城区",
            "orgAddrCityDesc": "市辖区",
            "legalCrtTypeDesc": "中国居民身份证",
            "legalCrtFrontImgContent": null,
            "legalCrtBackImgContent": null,
            "orgCrtImgPath": "5ff3b293-172d-4a23-9391-6199aa7f0e6b.jpeg",
            "contactCrtFrontImgPath": "928a57c8-296c-4605-b702-d289ab4ff38a.jpeg",
            "contactCrtBackImgPath": "5d55bc42-2f2d-46b9-b68d-342a2c25d587.jpeg",
            "legalCrtFrontImgPath": "928a57c8-296c-4605-b702-d289ab4ff38a.jpeg",
            "legalCrtBackImgPath": "5d55bc42-2f2d-46b9-b68d-342a2c25d587.jpeg",
            "servSysBuildContractFilePath": null,
            "servSysOperContractFilePath": null,
            "dataHostingContractFilePath": null,
            "servHostingContractFilePath": null,
            "industryQualificationFilePath": null,
            "certificationFilePath": null,
            "escrowOrgName": null
        },
        "nbmsEntPO": null,
        "nbmsEntPrefixApplyPO": null,
        "needRelog": null,
        "applyStatus": 0
    }
}

2023-06-27 15:37:54.199 | INFO     | httprunner.client:request:217 - status_code: 200, response_time(ms): 73.54 ms, response_length: 0 bytes
2023-06-27 15:37:54.202 | INFO     | httprunner.response:extract:179 - extract mapping: {'applyId': 1519, 'userId': 1764, 'userName': 'WYuNeESWHcuLmpcpImDzrnuCd20dooUL', 'imgId_f': 3127, 'imgId_b': 3128, 'entId': None, 'entUserId': None, 'prefix': '88.408.6763', 'contactCrtNo': '455087197504173237', 'contactCrtType': 1, 'contactEmail': 'h0LdTYb0x3uZRKm2@qaqseq.com', 'contactName': 'WYuNeESWHcuLmpcpImDzrnuCd20dooUL', 'contactPhone': '10035730987', 'industryCategory': 'A', 'industrySpecific': '01', 'orgName': 'WYuNeESWHcuLmpcpImDzrnuCd20dooUL', 'orgNature': '1', 'orgAddrProvince': '110000', 'orgAddrCity': '110100', 'orgAddrCounty': '110101', 'orgAddr': '致真', 'orgCrtType': '1', 'orgCrtCode': 'WYuNeESWHcuLmpcpImDzrnuCd20dooUL', 'legalName': '张三', 'legalEmail': None, 'legalPhone': None, 'legalCrtType': '1', 'legalCrtNo': '455087197504173237', 'legalCrtFrontImgRid': 3127, 'legalCrtBackImgRid': 3128, 'orgCrtImgRid': 3126, 'imgId': 3126, 'orgNatureDesc': '国有控股', 'orgCategorySpecificDesc': '农、林、牧、渔业-农业', 'orgAddrProvinceDesc': '北京市', 'orgAddrCountyDesc': '东城区', 'orgAddrCityDesc': '市辖区', 'legalCrtTypeDesc': '中国居民身份证', 'createDate': '2023-06-27 15:37:54', 'updateDate': '2023-06-27 15:37:54', 'entInfoSyss_0_id': 3941, 'entInfoSyss_0_entApplyId': 1519, 'entApplyId': 1519, 'entInfoSyss_0_sysType': 1, 'entInfoSyss_0_deployMode': 1, 'entInfoSyss_0_deployAddr': '致真', 'entInfoSyss_0_deployAddrProvince': '110000', 'entInfoSyss_0_deployAddrCity': '110100', 'entInfoSyss_0_deployAddrCounty': '110101', 'entInfoSyss_1_id': 3942, 'entInfoSyss_1_entApplyId': 1519, 'entInfoSyss_1_sysType': 2, 'entInfoSyss_1_deployMode': 1, 'entInfoSyss_1_deployAddr': '致真', 'entInfoSyss_1_deployAddrProvince': '110000', 'entInfoSyss_1_deployAddrCity': '110100', 'entInfoSyss_1_deployAddrCounty': '110101', 'entInfoSyss_2_id': 3943, 'entInfoSyss_2_entApplyId': 1519, 'entInfoSyss_2_sysType': 3, 'entInfoSyss_2_deployMode': 1, 'entInfoSyss_2_deployAddr': '天津', 'entInfoSyss_2_deployAddrProvince': '120000', 'entInfoSyss_2_deployAddrCity': '120100', 'entInfoSyss_2_deployAddrCounty': '120101', 'entInfoSyss_3_id': 3944, 'entInfoSyss_3_entApplyId': 1519, 'entInfoSyss_3_sysType': 4, 'entInfoSyss_3_deployMode': 1, 'entInfoSyss_3_deployAddr': '天津', 'entInfoSyss_3_deployAddrProvince': '120000', 'entInfoSyss_3_deployAddrCity': '120100', 'entInfoSyss_3_deployAddrCounty': '120101'}
2023-06-27 15:37:54.202 | INFO     | httprunner.response:validate:249 - assert status_code equal 200(int)	==> pass
2023-06-27 15:37:54.202 | INFO     | httprunner.response:validate:249 - assert body.message equal success(str)	==> pass
2023-06-27 15:37:54.202 | INFO     | httprunner.runner:__run_step:304 - run step end: 企业注册查询注册信息 <<<<<<

2023-06-27 15:37:54.203 | INFO     | httprunner.runner:__run_step_testcase:286 - export variables: {'entId': None, 'orgAddr': '致真', 'entInfoSyss_1_sysType': 2, 'contactEmail': 'h0LdTYb0x3uZRKm2@qaqseq.com', 'applyId': 1519, 'orgName': 'WYuNeESWHcuLmpcpImDzrnuCd20dooUL', 'updateDate': '2023-06-27 15:37:54', 'entInfoSyss_1_entApplyId': 1519, 'entInfoSyss_1_deployAddrCounty': '110101', 'entInfoSyss_3_deployAddrCity': '120100', 'entInfoSyss_3_id': 3944, 'entInfoSyss_0_deployAddrCounty': '110101', 'entInfoSyss_2_deployAddrProvince': '120000', 'entInfoSyss_3_deployAddrProvince': '120000', 'entInfoSyss_2_sysType': 3, 'legalEmail': None, 'entInfoSyss_0_sysType': 1, 'entInfoSyss_2_deployAddr': '天津', 'entInfoSyss_3_deployAddrCounty': '120101', 'legalCrtBackImgRid': 3128, 'orgCrtImgRid': 3126, 'contactName': 'WYuNeESWHcuLmpcpImDzrnuCd20dooUL', 'legalName': '张三', 'entInfoSyss_0_deployAddr': '致真', 'imgId': 3126, 'entInfoSyss_3_sysType': 4, 'orgAddrProvinceDesc': '北京市', 'entUserId': None, 'userName': 'WYuNeESWHcuLmpcpImDzrnuCd20dooUL', 'entApplyId': 1519, 'industrySpecific': '01', 'imgId_b': 3128, 'entInfoSyss_1_id': 3942, 'entInfoSyss_2_entApplyId': 1519, 'entInfoSyss_2_deployAddrCounty': '120101', 'orgAddrCityDesc': '市辖区', 'orgCrtType': '1', 'legalCrtNo': '455087197504173237', 'entInfoSyss_3_deployAddr': '天津', 'userId': 1764, 'entInfoSyss_1_deployAddr': '致真', 'contactCrtType': 1, 'contactCrtNo': '455087197504173237', 'orgAddrProvince': '110000', 'entInfoSyss_1_deployMode': 1, 'entInfoSyss_2_id': 3943, 'entInfoSyss_2_deployMode': 1, 'entInfoSyss_3_deployMode': 1, 'legalCrtTypeDesc': '中国居民身份证', 'entInfoSyss_0_id': 3941, 'entInfoSyss_1_deployAddrProvince': '110000', 'orgAddrCity': '110100', 'legalPhone': None, 'orgCrtCode': 'WYuNeESWHcuLmpcpImDzrnuCd20dooUL', 'orgAddrCountyDesc': '东城区', 'legalCrtFrontImgRid': 3127, 'entInfoSyss_0_deployMode': 1, 'legalCrtType': '1', 'orgAddrCounty': '110101', 'contactPhone': '10035730987', 'createDate': '2023-06-27 15:37:54', 'entInfoSyss_2_deployAddrCity': '120100', 'entInfoSyss_1_deployAddrCity': '110100', 'orgNature': '1', 'orgNatureDesc': '国有控股', 'entInfoSyss_0_entApplyId': 1519, 'imgId_f': 3127, 'prefix': '88.408.6763', 'entInfoSyss_3_entApplyId': 1519, 'industryCategory': 'A', 'entInfoSyss_0_deployAddrProvince': '110000', 'orgCategorySpecificDesc': '农、林、牧、渔业-农业', 'entInfoSyss_0_deployAddrCity': '110100'}
2023-06-27 15:37:54.203 | INFO     | httprunner.runner:__run_step:304 - run step end: 企业注册查询注册信息 <<<<<<

2023-06-27 15:37:54.204 | INFO     | httprunner.runner:__run_step:292 - run step begin: 企业注册最终第三步提交信息 >>>>>>
2023-06-27 15:37:54.205 | INFO     | httprunner.runner:__run_step:292 - run step begin: 企业注册最终第三步提交信息 >>>>>>
2023-06-27 15:37:54.375 | DEBUG    | httprunner.client:request:186 - client IP: 10.14.148.129, Port: 54228
2023-06-27 15:37:54.376 | DEBUG    | httprunner.client:request:194 - server IP: 139.198.116.76, Port: 8000
2023-06-27 15:37:54.378 | DEBUG    | httprunner.client:log_print:40 - 
================== request details ==================
method   : POST
url      : http://139.198.116.76:8000/api/v3/entApply/apply
headers  : {
    "User-Agent": "Mozilla/5.0 (Macintosh; Intel Mac OS X 10_15_7) AppleWebKit/537.36 (KHTML, like Gecko) Chrome/105.0.0.0 Safari/537.36",
    "Accept-Encoding": "gzip, deflate",
    "Accept": "application/json, text/plain, */*",
    "Connection": "keep-alive",
    "Accept-Language": "zh-CN,zh;q=0.9",
    "Content-Type": "application/json;charset=UTF-8",
    "HRUN-Request-ID": "HRUN-e23510c8-68f5-44e6-a879-8af3f11581c3-474206",
    "Cookie": "SESSION=OGE1OGYwYWYtNzY4MS00OTY5LTg5YzEtNGFmNGQzNDYyOTg1; SESSION=response.headers.\"Set-Cookie\".session",
    "Content-Length": "3274"
}
cookies  : {
    "SESSION": "OGE1OGYwYWYtNzY4MS00OTY5LTg5YzEtNGFmNGQzNDYyOTg1"
}
body     : {
    "applyStep": 4,
    "applyType": null,
    "cltrid": null,
    "contactCrtBackImgPath": null,
    "contactCrtBackImgRid": 3128,
    "contactCrtFrontImgPath": null,
    "contactCrtFrontImgRid": 3127,
    "contactCrtNo": "455087197504173237",
    "contactCrtType": 1,
    "contactEmail": "h0LdTYb0x3uZRKm2@qaqseq.com",
    "contactName": "WYuNeESWHcuLmpcpImDzrnuCd20dooUL",
    "contactPhone": "10035730987",
    "createDate": "2023-06-27 15:37:54",
    "dataHostingContractFilePath": null,
    "dataHostingContractFileRid": null,
    "dataHostingOrg": null,
    "entGeneralId": null,
    "entInfoLicenses": [],
    "entInfoSerIndustrys": [],
    "entInfoSyss": [
        {
            "deployAddr": "致真",
            "deployAddrCity": "110100",
            "deployAddrCounty": "110101",
            "deployAddrProvince": "110000",
            "deployMode": 1,
            "ipPort": null,
            "name": null,
            "sysType": 2
        },
        {
            "deployAddr": "致真",
            "deployAddrCity": "110100",
            "deployAddrCounty": "110101",
            "deployAddrProvince": "110000",
            "deployMode": 1,
            "ipPort": null,
            "name": null,
            "sysType": 3
        },
        {
            "deployAddr": "天津",
            "deployAddrCity": "120100",
            "deployAddrCounty": "120101",
            "deployAddrProvince": "120000",
            "deployMode": 1,
            "ipPort": null,
            "name": null,
            "sysType": 4
        },
        {
            "deployAddr": "天津",
            "deployAddrCity": "120100",
            "deployAddrCounty": "120101",
            "deployAddrProvince": "120000",
            "deployMode": 1,
            "ipPort": null,
            "name": null,
            "sysType": 4
        }
    ],
    "entPrefix": "88.408.6763",
    "escrowId": null,
    "escrowOrgName": null,
    "establishDate": null,
    "extDomain": null,
    "extIpAddr": null,
    "extWebName": null,
    "finalAuditMsg": null,
    "finalAuditStatus": null,
    "firstAuditMsg": null,
    "firstAuditStatus": null,
    "id": 1519,
    "idRegNaImp": null,
    "industryCategory": "A",
    "industrySpecific": "01",
    "isSubmit": 0,
    "legalCrtBackImgContent": null,
    "legalCrtBackImgPath": null,
    "legalCrtBackImgRid": 3128,
    "legalCrtFrontImgContent": null,
    "legalCrtFrontImgPath": null,
    "legalCrtFrontImgRid": 3127,
    "legalCrtNo": "455087197504173237",
    "legalCrtType": "1",
    "legalCrtTypeDesc": "中国居民身份证",
    "legalEmail": null,
    "legalFax": null,
    "legalName": "张三",
    "legalPhone": null,
    "orgAddr": "致真",
    "orgAddrCity": "110100",
    "orgAddrCityDesc": "市辖区",
    "orgAddrCounty": "110101",
    "orgAddrCountyDesc": "东城区",
    "orgAddrProvince": "110000",
    "orgAddrProvinceDesc": "北京市",
    "orgCategorySpecificDesc": "农、林、牧、渔业-农业",
    "orgCrtCode": "WYuNeESWHcuLmpcpImDzrnuCd20dooUL",
    "orgCrtImgContent": null,
    "orgCrtImgPath": null,
    "orgCrtImgRid": 3126,
    "orgCrtType": "1",
    "orgDesc": null,
    "orgName": "WYuNeESWHcuLmpcpImDzrnuCd20dooUL",
    "orgNature": "1",
    "orgNatureDesc": "1",
    "periodValidity": null,
    "regAuthority": null,
    "regCapital": null,
    "regRealNaImpName": null,
    "regRealNaImpType": null,
    "servHostingContractFilePath": null,
    "servHostingContractFileRid": null,
    "servHostingOrg": null,
    "servSysBuildContractFilePath": null,
    "servSysBuildContractFileRid": null,
    "servSysBuildName": null,
    "servSysBuildType": 1,
    "servSysOperContractFilePath": null,
    "servSysOperContractFileRid": null,
    "servSysOperName": null,
    "servSysOperType": 1,
    "svtrid": null,
    "thirdServiceMsg": null,
    "thirdServiceStatus": null,
    "updateDate": "2023-06-27 15:37:54",
    "userId": 1764,
    "userName": "WYuNeESWHcuLmpcpImDzrnuCd20dooUL",
    "website": null
}

2023-06-27 15:37:54.379 | DEBUG    | httprunner.client:log_print:40 - 
================== response details ==================
status_code : 200
headers  : {
    "Server": "nginx",
    "Date": "Tue, 27 Jun 2023 07:37:54 GMT",
    "Content-Type": "application/json;charset=UTF-8",
    "Transfer-Encoding": "chunked",
    "Connection": "keep-alive",
    "X-Frame-Options": "SAMEORIGIN"
}
cookies  : {}
encoding : UTF-8
content_type : application/json;charset=UTF-8
body     : {
    "message": "success",
    "status": 1,
    "data": true
}

2023-06-27 15:37:54.379 | INFO     | httprunner.client:request:217 - status_code: 200, response_time(ms): 168.52 ms, response_length: 0 bytes
2023-06-27 15:37:54.379 | INFO     | httprunner.response:validate:249 - assert status_code equal 200(int)	==> pass
2023-06-27 15:37:54.380 | INFO     | httprunner.response:validate:249 - assert body.message equal success(str)	==> pass
2023-06-27 15:37:54.380 | INFO     | httprunner.runner:__run_step:304 - run step end: 企业注册最终第三步提交信息 <<<<<<

2023-06-27 15:37:54.380 | INFO     | httprunner.runner:__run_step:304 - run step end: 企业注册最终第三步提交信息 <<<<<<

2023-06-27 15:37:54.381 | INFO     | httprunner.runner:__run_step:292 - run step begin: 登录-管理员 >>>>>>
2023-06-27 15:37:54.382 | INFO     | httprunner.runner:__run_step:292 - run step begin: 登录-企业用户 >>>>>>
2023-06-27 15:37:54.444 | DEBUG    | httprunner.client:request:186 - client IP: 10.14.148.129, Port: 54228
2023-06-27 15:37:54.445 | DEBUG    | httprunner.client:request:194 - server IP: 139.198.116.76, Port: 8000
2023-06-27 15:37:54.446 | DEBUG    | httprunner.client:log_print:40 - 
================== request details ==================
method   : POST
url      : http://139.198.116.76:8000/api/home/test/login
headers  : {
    "User-Agent": "python-requests/2.28.1",
    "Accept-Encoding": "gzip, deflate, br",
    "Accept": "*/*",
    "Connection": "keep-alive",
    "Content-Length": "144",
    "Content-Type": "application/json",
    "HRUN-Request-ID": "HRUN-e23510c8-68f5-44e6-a879-8af3f11581c3-474382",
    "Cookie": "SESSION=OGE1OGYwYWYtNzY4MS00OTY5LTg5YzEtNGFmNGQzNDYyOTg1"
}
cookies  : {
    "SESSION": "OGE1OGYwYWYtNzY4MS00OTY5LTg5YzEtNGFmNGQzNDYyOTg1"
}
body     : {
    "captcha": "0000",
    "captchaSign": "5d39bab12bba81ab59b3931d2ca06ee9603c3803355932be66974f122cab3502",
    "emailCaptcha": "",
    "username": "adminy"
}

2023-06-27 15:37:54.447 | DEBUG    | httprunner.client:log_print:40 - 
================== response details ==================
status_code : 200
headers  : {
    "Server": "nginx",
    "Date": "Tue, 27 Jun 2023 07:37:54 GMT",
    "Content-Type": "application/json;charset=UTF-8",
    "Transfer-Encoding": "chunked",
    "Connection": "keep-alive",
    "Set-Cookie": "SESSION=NmViZjIwYTAtNWRmYS00M2JmLWFmNjMtZGNjZmQ0YzQ2Yjli; Path=/; HttpOnly; SameSite=Lax",
    "X-Frame-Options": "SAMEORIGIN"
}
cookies  : {
    "SESSION": "NmViZjIwYTAtNWRmYS00M2JmLWFmNjMtZGNjZmQ0YzQ2Yjli"
}
encoding : UTF-8
content_type : application/json;charset=UTF-8
body     : {
    "message": "success",
    "status": 1,
    "data": true
}

2023-06-27 15:37:54.448 | INFO     | httprunner.client:request:217 - status_code: 200, response_time(ms): 61.48 ms, response_length: 0 bytes
2023-06-27 15:37:54.448 | INFO     | httprunner.response:extract:179 - extract mapping: {'adminSession': 'response.headers."Set-Cookie".session'}
2023-06-27 15:37:54.448 | INFO     | httprunner.response:validate:249 - assert status_code equal 200(int)	==> pass
2023-06-27 15:37:54.449 | INFO     | httprunner.response:validate:249 - assert headers."Content-Type" equal application/json;charset=UTF-8(str)	==> pass
2023-06-27 15:37:54.449 | INFO     | httprunner.response:validate:249 - assert body.message equal success(str)	==> pass
2023-06-27 15:37:54.449 | INFO     | httprunner.response:validate:249 - assert body.status equal 1(int)	==> pass
2023-06-27 15:37:54.449 | INFO     | httprunner.response:validate:249 - assert body.data equal True(bool)	==> pass
2023-06-27 15:37:54.449 | INFO     | httprunner.runner:__run_step:304 - run step end: 登录-企业用户 <<<<<<

2023-06-27 15:37:54.449 | INFO     | httprunner.runner:__run_step_testcase:286 - export variables: {'adminSession': 'response.headers."Set-Cookie".session'}
2023-06-27 15:37:54.450 | INFO     | httprunner.runner:__run_step:304 - run step end: 登录-管理员 <<<<<<

2023-06-27 15:37:54.450 | INFO     | httprunner.runner:__run_step:292 - run step begin: 年费费用查询 >>>>>>
2023-06-27 15:37:54.451 | INFO     | httprunner.runner:__run_step:292 - run step begin: 财务规则查询-年费 >>>>>>
2023-06-27 15:37:54.501 | DEBUG    | httprunner.client:request:186 - client IP: 10.14.148.129, Port: 54228
2023-06-27 15:37:54.502 | DEBUG    | httprunner.client:request:194 - server IP: 139.198.116.76, Port: 8000
2023-06-27 15:37:54.502 | DEBUG    | httprunner.client:log_print:40 - 
================== request details ==================
method   : GET
url      : http://139.198.116.76:8000/api/finance/rule/findRule?cache=1663837640684&moneyType=2&userId=1764
headers  : {
    "User-Agent": "Mozilla/5.0 (Macintosh; Intel Mac OS X 10_15_7) AppleWebKit/537.36 (KHTML, like Gecko) Chrome/98.0.4758.102 Safari/537.36 Edg/98.0.1108.56",
    "Accept-Encoding": "gzip, deflate",
    "Accept": "application/json, text/plain, */*",
    "Connection": "keep-alive",
    "Accept-Language": "zh-CN,zh;q=0.9,en;q=0.8,en-GB;q=0.7,en-US;q=0.6",
    "HRUN-Request-ID": "HRUN-e23510c8-68f5-44e6-a879-8af3f11581c3-474451",
    "Cookie": "SESSION=NmViZjIwYTAtNWRmYS00M2JmLWFmNjMtZGNjZmQ0YzQ2Yjli; SESSION=response.headers.\"Set-Cookie\".session"
}
cookies  : {
    "SESSION": "NmViZjIwYTAtNWRmYS00M2JmLWFmNjMtZGNjZmQ0YzQ2Yjli"
}
body     : None

2023-06-27 15:37:54.503 | DEBUG    | httprunner.client:log_print:40 - 
================== response details ==================
status_code : 200
headers  : {
    "Server": "nginx",
    "Date": "Tue, 27 Jun 2023 07:37:54 GMT",
    "Content-Type": "application/json;charset=UTF-8",
    "Transfer-Encoding": "chunked",
    "Connection": "keep-alive",
    "X-Frame-Options": "SAMEORIGIN"
}
cookies  : {}
encoding : UTF-8
content_type : application/json;charset=UTF-8
body     : {
    "message": "success",
    "status": 1,
    "data": [
        {
            "id": 78,
            "createDate": "2023-05-31 12:51:47",
            "updateDate": "2023-05-31 12:51:47",
            "name": "标准",
            "money": 10000.0,
            "moneyType": 2,
            "prefixCount": 1,
            "remart": "test",
            "entName": null,
            "entUserId": null,
            "ruleType": 2,
            "escrowId": null
        }
    ]
}

2023-06-27 15:37:54.503 | INFO     | httprunner.client:request:217 - status_code: 200, response_time(ms): 50.28 ms, response_length: 0 bytes
2023-06-27 15:37:54.503 | INFO     | httprunner.response:extract:179 - extract mapping: {'annualFeeRuleId': 78}
2023-06-27 15:37:54.503 | INFO     | httprunner.response:validate:249 - assert status_code equal 200(int)	==> pass
2023-06-27 15:37:54.503 | INFO     | httprunner.response:validate:249 - assert body.message equal success(str)	==> pass
2023-06-27 15:37:54.504 | INFO     | httprunner.response:validate:249 - assert body.status equal 1(int)	==> pass
2023-06-27 15:37:54.504 | INFO     | httprunner.runner:__run_step:304 - run step end: 财务规则查询-年费 <<<<<<

2023-06-27 15:37:54.504 | INFO     | httprunner.runner:__run_step_testcase:286 - export variables: {'annualFeeRuleId': 78}
2023-06-27 15:37:54.504 | INFO     | httprunner.runner:__run_step:304 - run step end: 年费费用查询 <<<<<<

2023-06-27 15:37:54.505 | INFO     | httprunner.runner:__run_step:292 - run step begin: 注册费费用查询 >>>>>>
2023-06-27 15:37:54.506 | INFO     | httprunner.runner:__run_step:292 - run step begin: 财务规则查询-注册费 >>>>>>
2023-06-27 15:37:54.558 | DEBUG    | httprunner.client:request:186 - client IP: 10.14.148.129, Port: 54228
2023-06-27 15:37:54.558 | DEBUG    | httprunner.client:request:194 - server IP: 139.198.116.76, Port: 8000
2023-06-27 15:37:54.559 | DEBUG    | httprunner.client:log_print:40 - 
================== request details ==================
method   : GET
url      : http://139.198.116.76:8000/api/finance/rule/findRule?moneyType=1&userId=1764
headers  : {
    "User-Agent": "Mozilla/5.0 (Macintosh; Intel Mac OS X 10_15_7) AppleWebKit/537.36 (KHTML, like Gecko) Chrome/98.0.4758.102 Safari/537.36 Edg/98.0.1108.56",
    "Accept-Encoding": "gzip, deflate",
    "Accept": "application/json, text/plain, */*",
    "Connection": "keep-alive",
    "Accept-Language": "zh-CN,zh;q=0.9,en;q=0.8,en-GB;q=0.7,en-US;q=0.6",
    "HRUN-Request-ID": "HRUN-e23510c8-68f5-44e6-a879-8af3f11581c3-474506",
    "Cookie": "SESSION=NmViZjIwYTAtNWRmYS00M2JmLWFmNjMtZGNjZmQ0YzQ2Yjli; SESSION=response.headers.\"Set-Cookie\".session"
}
cookies  : {
    "SESSION": "NmViZjIwYTAtNWRmYS00M2JmLWFmNjMtZGNjZmQ0YzQ2Yjli"
}
body     : None

2023-06-27 15:37:54.560 | DEBUG    | httprunner.client:log_print:40 - 
================== response details ==================
status_code : 200
headers  : {
    "Server": "nginx",
    "Date": "Tue, 27 Jun 2023 07:37:54 GMT",
    "Content-Type": "application/json;charset=UTF-8",
    "Transfer-Encoding": "chunked",
    "Connection": "keep-alive",
    "X-Frame-Options": "SAMEORIGIN"
}
cookies  : {}
encoding : UTF-8
content_type : application/json;charset=UTF-8
body     : {
    "message": "success",
    "status": 1,
    "data": [
        {
            "id": 77,
            "createDate": "2023-05-31 12:51:33",
            "updateDate": "2023-05-31 12:51:33",
            "name": "标准",
            "money": 10000.0,
            "moneyType": 1,
            "prefixCount": 1,
            "remart": "test",
            "entName": null,
            "entUserId": null,
            "ruleType": 2,
            "escrowId": null
        }
    ]
}

2023-06-27 15:37:54.561 | INFO     | httprunner.client:request:217 - status_code: 200, response_time(ms): 51.62 ms, response_length: 0 bytes
2023-06-27 15:37:54.561 | INFO     | httprunner.response:extract:179 - extract mapping: {'regFeeRuleId': 77}
2023-06-27 15:37:54.561 | INFO     | httprunner.response:validate:249 - assert status_code equal 200(int)	==> pass
2023-06-27 15:37:54.561 | INFO     | httprunner.response:validate:249 - assert body.message equal success(str)	==> pass
2023-06-27 15:37:54.562 | INFO     | httprunner.response:validate:249 - assert body.status equal 1(int)	==> pass
2023-06-27 15:37:54.562 | INFO     | httprunner.runner:__run_step:304 - run step end: 财务规则查询-注册费 <<<<<<

2023-06-27 15:37:54.562 | INFO     | httprunner.runner:__run_step_testcase:286 - export variables: {'regFeeRuleId': 77}
2023-06-27 15:37:54.562 | INFO     | httprunner.runner:__run_step:304 - run step end: 注册费费用查询 <<<<<<

2023-06-27 15:37:54.563 | INFO     | httprunner.runner:__run_step:292 - run step begin: 审核结果保存 >>>>>>
2023-06-27 15:37:54.564 | INFO     | httprunner.runner:__run_step:292 - run step begin: 企业审核保存 >>>>>>
2023-06-27 15:37:56.542 | DEBUG    | httprunner.client:request:186 - client IP: 10.14.148.129, Port: 54228
2023-06-27 15:37:56.543 | DEBUG    | httprunner.client:request:194 - server IP: 139.198.116.76, Port: 8000
2023-06-27 15:37:56.544 | DEBUG    | httprunner.client:log_print:40 - 
================== request details ==================
method   : POST
url      : http://139.198.116.76:8000/api/v3/ent/audit/save?annualFeeRuleId=78&applyId=1519&auditMsg=%E5%AE%A1%E6%A0%B8%E9%80%9A%E8%BF%87&auditResult=pass&entPrefix=88.408.6763&regFeeRuleId=77
headers  : {
    "User-Agent": "Mozilla/5.0 (Macintosh; Intel Mac OS X 10_15_7) AppleWebKit/537.36 (KHTML, like Gecko) Chrome/98.0.4758.102 Safari/537.36 Edg/98.0.1108.56",
    "Accept-Encoding": "gzip, deflate",
    "Accept": "application/json, text/plain, */*",
    "Connection": "keep-alive",
    "Accept-Language": "zh-CN,zh;q=0.9,en;q=0.8,en-GB;q=0.7,en-US;q=0.6",
    "Content-Length": "0",
    "HRUN-Request-ID": "HRUN-e23510c8-68f5-44e6-a879-8af3f11581c3-474564",
    "Cookie": "SESSION=NmViZjIwYTAtNWRmYS00M2JmLWFmNjMtZGNjZmQ0YzQ2Yjli; SESSION=response.headers.\"Set-Cookie\".session"
}
cookies  : {
    "SESSION": "NmViZjIwYTAtNWRmYS00M2JmLWFmNjMtZGNjZmQ0YzQ2Yjli"
}
body     : None

2023-06-27 15:37:56.544 | DEBUG    | httprunner.client:log_print:40 - 
================== response details ==================
status_code : 200
headers  : {
    "Server": "nginx",
    "Date": "Tue, 27 Jun 2023 07:37:56 GMT",
    "Content-Type": "application/json",
    "Transfer-Encoding": "chunked",
    "Connection": "keep-alive",
    "X-Frame-Options": "SAMEORIGIN"
}
cookies  : {}
encoding : utf-8
content_type : application/json
body     : {
    "message": "success",
    "status": 1,
    "data": true
}

2023-06-27 15:37:56.544 | INFO     | httprunner.client:request:217 - status_code: 200, response_time(ms): 1977.57 ms, response_length: 0 bytes
2023-06-27 15:37:56.545 | INFO     | httprunner.response:validate:249 - assert status_code equal 200(int)	==> pass
2023-06-27 15:37:56.545 | INFO     | httprunner.response:validate:249 - assert body.message equal success(str)	==> pass
2023-06-27 15:37:56.545 | INFO     | httprunner.response:validate:249 - assert body.status equal 1(int)	==> pass
2023-06-27 15:37:56.545 | INFO     | httprunner.response:validate:249 - assert body.data equal True(bool)	==> pass
2023-06-27 15:37:56.545 | INFO     | httprunner.runner:__run_step:304 - run step end: 企业审核保存 <<<<<<

2023-06-27 15:37:56.545 | INFO     | httprunner.runner:__run_step:304 - run step end: 审核结果保存 <<<<<<

2023-06-27 15:37:56.546 | INFO     | httprunner.runner:__run_step:292 - run step begin: 前缀管理列表 >>>>>>
2023-06-27 15:37:56.547 | INFO     | httprunner.runner:__run_step:292 - run step begin: 前缀管理分页 >>>>>>
2023-06-27 15:37:56.600 | DEBUG    | httprunner.client:request:186 - client IP: 10.14.148.129, Port: 54228
2023-06-27 15:37:56.601 | DEBUG    | httprunner.client:request:194 - server IP: 139.198.116.76, Port: 8000
2023-06-27 15:37:56.602 | DEBUG    | httprunner.client:log_print:40 - 
================== request details ==================
method   : GET
url      : http://139.198.116.76:8000/api/v3/ent/prefix/manage/pageQuery?cache=1663838231980&currentPage=1&entPrefix=88.408.6763&escrowOrgName=&order=&orderProp=&state=
headers  : {
    "User-Agent": "Mozilla/5.0 (Macintosh; Intel Mac OS X 10_15_7) AppleWebKit/537.36 (KHTML, like Gecko) Chrome/98.0.4758.102 Safari/537.36 Edg/98.0.1108.56",
    "Accept-Encoding": "gzip, deflate",
    "Accept": "application/json, text/plain, */*",
    "Connection": "keep-alive",
    "Accept-Language": "zh-CN,zh;q=0.9,en;q=0.8,en-GB;q=0.7,en-US;q=0.6",
    "HRUN-Request-ID": "HRUN-e23510c8-68f5-44e6-a879-8af3f11581c3-476547",
    "Cookie": "SESSION=NmViZjIwYTAtNWRmYS00M2JmLWFmNjMtZGNjZmQ0YzQ2Yjli; SESSION=response.headers.\"Set-Cookie\".session"
}
cookies  : {
    "SESSION": "NmViZjIwYTAtNWRmYS00M2JmLWFmNjMtZGNjZmQ0YzQ2Yjli"
}
body     : None

2023-06-27 15:37:56.603 | DEBUG    | httprunner.client:log_print:40 - 
================== response details ==================
status_code : 200
headers  : {
    "Server": "nginx",
    "Date": "Tue, 27 Jun 2023 07:37:56 GMT",
    "Content-Type": "application/json",
    "Transfer-Encoding": "chunked",
    "Connection": "keep-alive",
    "X-Frame-Options": "SAMEORIGIN"
}
cookies  : {}
encoding : utf-8
content_type : application/json
body     : {
    "message": "success",
    "status": 1,
    "data": {
        "first": true,
        "last": true,
        "totalPages": 1,
        "totalElements": 1,
        "number": 1,
        "size": 10,
        "sort": {
            "sorted": false,
            "unsorted": true,
            "empty": true
        },
        "numberOfElements": 1,
        "content": [
            {
                "userId": 1764,
                "entPrefix": "88.408.6763",
                "state": 1,
                "entGeneralId": null,
                "entName": "WYuNeESWHcuLmpcpImDzrnuCd20dooUL",
                "escrowOrgName": null,
                "proxyState": 1,
                "createDate": "2023-06-27 15:37:57",
                "updateDate": "2023-06-27 15:37:57",
                "id": 797
            }
        ]
    }
}

2023-06-27 15:37:56.604 | INFO     | httprunner.client:request:217 - status_code: 200, response_time(ms): 53.09 ms, response_length: 0 bytes
2023-06-27 15:37:56.605 | INFO     | httprunner.response:extract:179 - extract mapping: {'userId': 1764, 'entPrefix': '88.408.6763', 'prefixId': 797, 'entNameCn': 'WYuNeESWHcuLmpcpImDzrnuCd20dooUL'}
2023-06-27 15:37:56.606 | INFO     | httprunner.response:validate:249 - assert status_code equal 200(int)	==> pass
2023-06-27 15:37:56.606 | INFO     | httprunner.response:validate:249 - assert body.message equal success(str)	==> pass
2023-06-27 15:37:56.606 | INFO     | httprunner.response:validate:249 - assert body.status equal 1(int)	==> pass
2023-06-27 15:37:56.607 | INFO     | httprunner.response:validate:249 - assert body.data.content[0].proxyState equal 1(int)	==> pass
2023-06-27 15:37:56.607 | INFO     | httprunner.runner:__run_step:304 - run step end: 前缀管理分页 <<<<<<

2023-06-27 15:37:56.607 | INFO     | httprunner.runner:__run_step_testcase:286 - export variables: {'entPrefix': '88.408.6763', 'prefixId': 797, 'userId': 1764, 'entNameCn': 'WYuNeESWHcuLmpcpImDzrnuCd20dooUL'}
2023-06-27 15:37:56.607 | INFO     | httprunner.runner:__run_step:304 - run step end: 前缀管理列表 <<<<<<

2023-06-27 15:37:56.608 | INFO     | httprunner.runner:__run_step:292 - run step begin: 前缀配置 >>>>>>
2023-06-27 15:37:56.609 | INFO     | httprunner.runner:__run_step:292 - run step begin: 前缀配置分页 >>>>>>
2023-06-27 15:37:56.700 | DEBUG    | httprunner.client:request:186 - client IP: 10.14.148.129, Port: 54228
2023-06-27 15:37:56.701 | DEBUG    | httprunner.client:request:194 - server IP: 139.198.116.76, Port: 8000
2023-06-27 15:37:56.703 | DEBUG    | httprunner.client:log_print:40 - 
================== request details ==================
method   : GET
url      : http://139.198.116.76:8000/api/v3/ent/prefix/manage/configPage?entPrefix=88.408.6763&userId=1764
headers  : {
    "User-Agent": "Mozilla/5.0 (Macintosh; Intel Mac OS X 10_15_7) AppleWebKit/537.36 (KHTML, like Gecko) Chrome/98.0.4758.102 Safari/537.36 Edg/98.0.1108.56",
    "Accept-Encoding": "gzip, deflate",
    "Accept": "application/json, text/plain, */*",
    "Connection": "keep-alive",
    "Accept-Language": "zh-CN,zh;q=0.9,en;q=0.8,en-GB;q=0.7,en-US;q=0.6",
    "HRUN-Request-ID": "HRUN-e23510c8-68f5-44e6-a879-8af3f11581c3-476609",
    "Cookie": "SESSION=NmViZjIwYTAtNWRmYS00M2JmLWFmNjMtZGNjZmQ0YzQ2Yjli; SESSION=response.headers.\"Set-Cookie\".session"
}
cookies  : {
    "SESSION": "NmViZjIwYTAtNWRmYS00M2JmLWFmNjMtZGNjZmQ0YzQ2Yjli"
}
body     : None

2023-06-27 15:37:56.705 | DEBUG    | httprunner.client:log_print:40 - 
================== response details ==================
status_code : 200
headers  : {
    "Server": "nginx",
    "Date": "Tue, 27 Jun 2023 07:37:56 GMT",
    "Content-Type": "application/json",
    "Transfer-Encoding": "chunked",
    "Connection": "keep-alive",
    "X-Frame-Options": "SAMEORIGIN"
}
cookies  : {}
encoding : utf-8
content_type : application/json
body     : {
    "message": "success",
    "status": 1,
    "data": {
        "entPO": {
            "id": 611,
            "createDate": "2023-06-27 15:37:57",
            "updateDate": "2023-06-27 15:37:57",
            "entGeneralId": "2813085500000001",
            "userId": 1764,
            "userName": "WYuNeESWHcuLmpcpImDzrnuCd20dooUL",
            "sync": null,
            "orgName": "WYuNeESWHcuLmpcpImDzrnuCd20dooUL",
            "orgNature": "1",
            "orgAddrProvince": "110000",
            "orgAddrCity": "110100",
            "orgAddrCounty": "110101",
            "orgAddr": "致真",
            "orgCrtType": "1",
            "orgCrtCode": "WYuNeESWHcuLmpcpImDzrnuCd20dooUL",
            "legalName": "张三",
            "legalCrtType": "1",
            "legalCrtNo": "455087197504173237",
            "orgDesc": null,
            "industryCategory": "A",
            "industrySpecific": "01",
            "contactName": "WYuNeESWHcuLmpcpImDzrnuCd20dooUL",
            "contactPhone": "10035730987",
            "contactCrtType": 1,
            "contactCrtNo": "455087197504173237",
            "contactEmail": "h0LdTYb0x3uZRKm2@qaqseq.com",
            "website": null,
            "regAuthority": null,
            "regCapital": null,
            "establishDate": null,
            "periodValidity": null,
            "legalEmail": null,
            "legalPhone": null,
            "legalFax": null,
            "servSysBuildType": 1,
            "servSysBuildName": null,
            "servSysOperType": "1",
            "servSysOperName": null,
            "dataHostingOrg": null,
            "servHostingOrg": null,
            "regRealNaImpType": null,
            "regRealNaImpName": null,
            "idRegNaImp": null,
            "extWebName": null,
            "extDomain": null,
            "extIpAddr": null,
            "orgCrtImgRid": 3126,
            "contactCrtFrontImgRid": 3127,
            "contactCrtBackImgRid": 3128,
            "legalCrtFrontImgRid": 3127,
            "legalCrtBackImgRid": 3128,
            "servSysBuildContractFileRid": null,
            "servSysOperContractFileRid": null,
            "dataHostingContractFileRid": null,
            "servHostingContractFileRid": null,
            "isDeleted": 0,
            "xmlCreated": 0,
            "xmlUpdateTime": null,
            "xmlDeleted": 0,
            "xmlSync": 0,
            "entInfoLicenses": [],
            "entInfoSyss": [
                {
                    "id": 2069,
                    "entId": 611,
                    "sysType": 1,
                    "deployMode": 1,
                    "deployAddr": "致真",
                    "deployAddrProvince": "110000",
                    "deployAddrCity": "110100",
                    "deployAddrCounty": "110101",
                    "name": null,
                    "ipPort": null
                },
                {
                    "id": 2070,
                    "entId": 611,
                    "sysType": 2,
                    "deployMode": 1,
                    "deployAddr": "致真",
                    "deployAddrProvince": "110000",
                    "deployAddrCity": "110100",
                    "deployAddrCounty": "110101",
                    "name": null,
                    "ipPort": null
                },
                {
                    "id": 2071,
                    "entId": 611,
                    "sysType": 3,
                    "deployMode": 1,
                    "deployAddr": "天津",
                    "deployAddrProvince": "120000",
                    "deployAddrCity": "120100",
                    "deployAddrCounty": "120101",
                    "name": null,
                    "ipPort": null
                },
                {
                    "id": 2072,
                    "entId": 611,
                    "sysType": 4,
                    "deployMode": 1,
                    "deployAddr": "天津",
                    "deployAddrProvince": "120000",
                    "deployAddrCity": "120100",
                    "deployAddrCounty": "120101",
                    "name": null,
                    "ipPort": null
                }
            ],
            "entInfoSerIndustrys": [],
            "escrowId": null,
            "industryQualificationRid": null,
            "certificationRid": null,
            "openingBank": null,
            "bankCard": null,
            "orgTypeDesc": null,
            "orgCrtImgContent": null,
            "orgAddrProvinceDesc": "北京市",
            "orgAddrCountyDesc": "东城区",
            "orgAddrCityDesc": "市辖区",
            "orgCategorySpecificDesc": "农、林、牧、渔业-农业",
            "legalCrtTypeDesc": "中国居民身份证",
            "legalCrtFrontImgContent": null,
            "legalCrtBackImgContent": null,
            "entPrefix": null,
            "shrPrefix": null,
            "orgCrtImgPath": null,
            "contactCrtFrontImgPath": null,
            "contactCrtBackImgPath": null,
            "legalCrtFrontImgPath": null,
            "legalCrtBackImgPath": null,
            "servSysBuildContractFilePath": null,
            "servSysOperContractFilePath": null,
            "dataHostingContractFilePath": null,
            "servHostingContractFilePath": null,
            "industryQualificationFilePath": null,
            "certificationFilePath": null,
            "escrowOrgName": null
        },
        "nbmsEntPrefixPOs": [
            {
                "id": 797,
                "createDate": "2023-06-27 15:37:57",
                "updateDate": "2023-06-27 15:37:57",
                "entPrefix": "88.408.6763",
                "state": 1,
                "historyState": 1,
                "entGeneralId": "2813085500000001",
                "entName": "WYuNeESWHcuLmpcpImDzrnuCd20dooUL",
                "userId": 1764,
                "proxyState": 1,
                "prefixConfigPO": [],
                "escrowId": null
            }
        ],
        "handleProxyServerPO": []
    }
}

2023-06-27 15:37:56.705 | INFO     | httprunner.client:request:217 - status_code: 200, response_time(ms): 90.52 ms, response_length: 0 bytes
2023-06-27 15:37:56.705 | INFO     | httprunner.response:validate:249 - assert status_code equal 200(int)	==> pass
2023-06-27 15:37:56.705 | INFO     | httprunner.response:validate:249 - assert body.message equal success(str)	==> pass
2023-06-27 15:37:56.706 | INFO     | httprunner.response:validate:249 - assert body.status equal 1(int)	==> pass
2023-06-27 15:37:56.706 | INFO     | httprunner.runner:__run_step:304 - run step end: 前缀配置分页 <<<<<<

2023-06-27 15:37:56.706 | INFO     | httprunner.runner:__run_step:304 - run step end: 前缀配置 <<<<<<

2023-06-27 15:37:56.707 | INFO     | httprunner.runner:__run_step:292 - run step begin: 保存前缀配置 >>>>>>
2023-06-27 15:37:56.707 | INFO     | httprunner.runner:__run_step:292 - run step begin: 保存前缀配置 >>>>>>
2023-06-27 15:37:56.779 | DEBUG    | httprunner.client:request:186 - client IP: 10.14.148.129, Port: 54228
2023-06-27 15:37:56.780 | DEBUG    | httprunner.client:request:194 - server IP: 139.198.116.76, Port: 8000
2023-06-27 15:37:56.782 | DEBUG    | httprunner.client:log_print:40 - 
================== request details ==================
method   : POST
url      : http://139.198.116.76:8000/api/v3/ent/prefix/manage/saveConfig
headers  : {
    "User-Agent": "Mozilla/5.0 (Macintosh; Intel Mac OS X 10_15_7) AppleWebKit/537.36 (KHTML, like Gecko) Chrome/98.0.4758.102 Safari/537.36 Edg/98.0.1108.56",
    "Accept-Encoding": "gzip, deflate",
    "Accept": "application/json, text/plain, */*",
    "Connection": "keep-alive",
    "Accept-Language": "zh-CN,zh;q=0.9,en;q=0.8,en-GB;q=0.7,en-US;q=0.6",
    "Content-Type": "application/json",
    "HRUN-Request-ID": "HRUN-e23510c8-68f5-44e6-a879-8af3f11581c3-476708",
    "Cookie": "SESSION=NmViZjIwYTAtNWRmYS00M2JmLWFmNjMtZGNjZmQ0YzQ2Yjli; SESSION=response.headers.\"Set-Cookie\".session",
    "Content-Length": "215"
}
cookies  : {
    "SESSION": "NmViZjIwYTAtNWRmYS00M2JmLWFmNjMtZGNjZmQ0YzQ2Yjli"
}
body     : {
    "entNameCn": "WYuNeESWHcuLmpcpImDzrnuCd20dooUL",
    "entPrefix": "88.408.6763",
    "ip": "139.198.116.208",
    "ipType": "4",
    "objName": "88.408.6763",
    "prefixId": 797,
    "tcpPort": "2643",
    "userId": 1764,
    "httpPort": "8083"
}

2023-06-27 15:37:56.783 | DEBUG    | httprunner.client:log_print:40 - 
================== response details ==================
status_code : 200
headers  : {
    "Server": "nginx",
    "Date": "Tue, 27 Jun 2023 07:37:56 GMT",
    "Content-Type": "application/json",
    "Transfer-Encoding": "chunked",
    "Connection": "keep-alive",
    "X-Frame-Options": "SAMEORIGIN"
}
cookies  : {}
encoding : utf-8
content_type : application/json
body     : {
    "message": "success",
    "status": 1,
    "data": true
}

2023-06-27 15:37:56.783 | INFO     | httprunner.client:request:217 - status_code: 200, response_time(ms): 71.41 ms, response_length: 0 bytes
2023-06-27 15:37:56.784 | INFO     | httprunner.response:validate:249 - assert status_code equal 200(int)	==> pass
2023-06-27 15:37:56.784 | INFO     | httprunner.response:validate:249 - assert body.message equal success(str)	==> pass
2023-06-27 15:37:56.785 | INFO     | httprunner.response:validate:249 - assert body.status equal 1(int)	==> pass
2023-06-27 15:37:56.785 | INFO     | httprunner.response:validate:249 - assert body.data equal True(bool)	==> pass
2023-06-27 15:37:56.785 | INFO     | httprunner.runner:__run_step:304 - run step end: 保存前缀配置 <<<<<<

2023-06-27 15:37:56.785 | INFO     | httprunner.runner:__run_step:304 - run step end: 保存前缀配置 <<<<<<

2023-06-27 15:37:56.786 | INFO     | httprunner.runner:__run_step:292 - run step begin: idhub预制前缀 >>>>>>
2023-06-27 15:37:56.787 | INFO     | httprunner.runner:__run_step:292 - run step begin: idhub预制前缀 >>>>>>
2023-06-27 15:37:56.887 | DEBUG    | httprunner.client:request:186 - client IP: 10.14.148.129, Port: 54246
2023-06-27 15:37:56.888 | DEBUG    | httprunner.client:request:194 - server IP: 139.198.116.208, Port: 8083
2023-06-27 15:37:56.889 | DEBUG    | httprunner.client:log_print:40 - 
================== request details ==================
method   : PUT
url      : http://139.198.116.208:8083/api/prefixes/88.408.6763
headers  : {
    "User-Agent": "python-requests/2.28.1",
    "Accept-Encoding": "gzip, deflate, br",
    "Accept": "*/*",
    "Connection": "keep-alive",
    "HRUN-Request-ID": "HRUN-e23510c8-68f5-44e6-a879-8af3f11581c3-476787",
    "Content-Length": "0"
}
cookies  : {
    "SESSION": "NmViZjIwYTAtNWRmYS00M2JmLWFmNjMtZGNjZmQ0YzQ2Yjli"
}
body     : None

2023-06-27 15:37:56.891 | DEBUG    | httprunner.client:log_print:40 - 
================== response details ==================
status_code : 200
headers  : {
    "Server": "GoFrame HTTP Server",
    "Trace-Id": "a1b5ebc9f9736c1742c13314fe03d267",
    "Date": "Tue, 27 Jun 2023 07:37:57 GMT",
    "Content-Length": "34",
    "Content-Type": "text/plain; charset=utf-8"
}
cookies  : {}
encoding : utf-8
content_type : text/plain; charset=utf-8
body     : {
    "msg": "success",
    "responseCode": 1
}

2023-06-27 15:37:56.891 | INFO     | httprunner.client:request:217 - status_code: 200, response_time(ms): 100.18 ms, response_length: 0 bytes
2023-06-27 15:37:56.891 | INFO     | httprunner.response:validate:249 - assert status_code equal 200(int)	==> pass
2023-06-27 15:37:56.892 | INFO     | httprunner.response:validate:249 - assert body.msg equal success(str)	==> pass
2023-06-27 15:37:56.892 | INFO     | httprunner.response:validate:249 - assert body.responseCode equal 1(int)	==> pass
2023-06-27 15:37:56.892 | INFO     | httprunner.runner:__run_step:304 - run step end: idhub预制前缀 <<<<<<

2023-06-27 15:37:56.892 | INFO     | httprunner.runner:__run_step:304 - run step end: idhub预制前缀 <<<<<<

2023-06-27 15:37:56.893 | INFO     | httprunner.runner:__run_step:292 - run step begin: 首页统计查询-before >>>>>>
2023-06-27 15:37:56.894 | INFO     | httprunner.runner:__run_step:292 - run step begin: 首页-数据汇总-企业申请中 >>>>>>
2023-06-27 15:37:56.952 | DEBUG    | httprunner.client:request:186 - client IP: 10.14.148.129, Port: 54228
2023-06-27 15:37:56.952 | DEBUG    | httprunner.client:request:194 - server IP: 139.198.116.76, Port: 8000
2023-06-27 15:37:56.953 | DEBUG    | httprunner.client:log_print:40 - 
================== request details ==================
method   : GET
url      : http://139.198.116.76:8000/api/index/statistics?cache=1663755717060
headers  : {
    "User-Agent": "Mozilla/5.0 (Macintosh; Intel Mac OS X 10_15_7) AppleWebKit/537.36 (KHTML, like Gecko) Chrome/105.0.0.0 Safari/537.36",
    "Accept-Encoding": "gzip, deflate",
    "Accept": "application/json, text/plain, */*",
    "Connection": "keep-alive",
    "Accept-Language": "zh-CN,zh;q=0.9",
    "HRUN-Request-ID": "HRUN-e23510c8-68f5-44e6-a879-8af3f11581c3-476894",
    "Cookie": "SESSION=NmViZjIwYTAtNWRmYS00M2JmLWFmNjMtZGNjZmQ0YzQ2Yjli; SESSION=response.headers.\"Set-Cookie\".session"
}
cookies  : {
    "SESSION": "NmViZjIwYTAtNWRmYS00M2JmLWFmNjMtZGNjZmQ0YzQ2Yjli"
}
body     : None

2023-06-27 15:37:56.954 | DEBUG    | httprunner.client:log_print:40 - 
================== response details ==================
status_code : 200
headers  : {
    "Server": "nginx",
    "Date": "Tue, 27 Jun 2023 07:37:57 GMT",
    "Content-Type": "application/json;charset=UTF-8",
    "Transfer-Encoding": "chunked",
    "Connection": "keep-alive",
    "X-Frame-Options": "SAMEORIGIN"
}
cookies  : {}
encoding : UTF-8
content_type : application/json;charset=UTF-8
body     : {
    "message": "success",
    "status": 1,
    "data": {
        "prefixNum": 582,
        "entNum": 503,
        "applyNum": 388,
        "identityNum": 1922,
        "resolvnum": 280,
        "delnum": 81
    }
}

2023-06-27 15:37:56.954 | INFO     | httprunner.client:request:217 - status_code: 200, response_time(ms): 57.25 ms, response_length: 0 bytes
2023-06-27 15:37:56.954 | INFO     | httprunner.response:extract:179 - extract mapping: {'applyNum': 388, 'delnum': 81, 'entNum': 503, 'identityNum': 1922, 'prefixNum': 582, 'resolvnum': 280}
2023-06-27 15:37:56.955 | INFO     | httprunner.response:validate:249 - assert status_code equal 200(int)	==> pass
2023-06-27 15:37:56.955 | INFO     | httprunner.response:validate:249 - assert headers."Content-Type" equal application/json;charset=UTF-8(str)	==> pass
2023-06-27 15:37:56.955 | INFO     | httprunner.response:validate:249 - assert body.message equal success(str)	==> pass
2023-06-27 15:37:56.955 | INFO     | httprunner.response:validate:249 - assert body.status equal 1(int)	==> pass
2023-06-27 15:37:56.955 | INFO     | httprunner.runner:__run_step:304 - run step end: 首页-数据汇总-企业申请中 <<<<<<

2023-06-27 15:37:56.956 | INFO     | httprunner.runner:__run_step_testcase:286 - export variables: {'entNum': 503, 'applyNum': 388, 'resolvnum': 280, 'identityNum': 1922, 'prefixNum': 582, 'delnum': 81}
2023-06-27 15:37:56.956 | INFO     | httprunner.runner:__run_step:304 - run step end: 首页统计查询-before <<<<<<

2023-06-27 15:37:56.956 | INFO     | httprunner.runner:__run_step:292 - run step begin: 自建idhub创建标识 >>>>>>
2023-06-27 15:37:56.957 | INFO     | httprunner.runner:__run_step:292 - run step begin: 调用idhub接口创建标识 >>>>>>
2023-06-27 15:37:57.006 | DEBUG    | httprunner.client:request:186 - client IP: 10.14.148.129, Port: 54246
2023-06-27 15:37:57.007 | DEBUG    | httprunner.client:request:194 - server IP: 139.198.116.208, Port: 8083
2023-06-27 15:37:57.009 | DEBUG    | httprunner.client:log_print:40 - 
================== request details ==================
method   : PUT
url      : http://139.198.116.208:8083/api/handles/88.408.6763/760596
headers  : {
    "User-Agent": "python-requests/2.28.1",
    "Accept-Encoding": "gzip, deflate, br",
    "Accept": "*/*",
    "Connection": "keep-alive",
    "Content-Length": "231",
    "Content-Type": "application/json",
    "HRUN-Request-ID": "HRUN-e23510c8-68f5-44e6-a879-8af3f11581c3-476958"
}
cookies  : {
    "SESSION": "NmViZjIwYTAtNWRmYS00M2JmLWFmNjMtZGNjZmQ0YzQ2Yjli"
}
body     : [
    {
        "adminRead": "1",
        "adminWrite": "1",
        "data": {
            "format": "string",
            "value": "www.baidu.com"
        },
        "index": 100,
        "publicRead": "1",
        "publicWrite": "0",
        "references": [],
        "timestamp": "2017-10-19 09:48:03",
        "ttl": 86400,
        "type": "URL"
    }
]

2023-06-27 15:37:57.014 | DEBUG    | httprunner.client:log_print:40 - 
================== response details ==================
status_code : 200
headers  : {
    "Content-Type": "application/json",
    "Server": "GoFrame HTTP Server",
    "Trace-Id": "8b6158d1f9736c1743c133144edb6250",
    "Date": "Tue, 27 Jun 2023 07:37:57 GMT",
    "Content-Length": "34"
}
cookies  : {}
encoding : utf-8
content_type : application/json
body     : {
    "msg": "success",
    "responseCode": 1
}

2023-06-27 15:37:57.014 | INFO     | httprunner.client:request:217 - status_code: 200, response_time(ms): 48.6 ms, response_length: 0 bytes
2023-06-27 15:37:57.015 | INFO     | httprunner.response:validate:249 - assert status_code equal 200(int)	==> pass
2023-06-27 15:37:57.016 | INFO     | httprunner.response:validate:249 - assert headers."Content-Type" equal application/json(str)	==> pass
2023-06-27 15:37:57.016 | INFO     | httprunner.response:validate:249 - assert body.msg equal success(str)	==> pass
2023-06-27 15:37:57.016 | INFO     | httprunner.response:validate:249 - assert body.responseCode equal 1(int)	==> pass
2023-06-27 15:37:57.017 | INFO     | httprunner.runner:__run_step:304 - run step end: 调用idhub接口创建标识 <<<<<<

2023-06-27 15:37:57.017 | INFO     | httprunner.runner:__run_step:304 - run step end: 自建idhub创建标识 <<<<<<

2023-06-27 15:37:57.017 | INFO     | httprunner.runner:__run_step:292 - run step begin: idhub解析标识 >>>>>>
2023-06-27 15:37:57.018 | INFO     | httprunner.runner:__run_step:292 - run step begin: idhub解析标识 >>>>>>
2023-06-27 15:37:57.067 | DEBUG    | httprunner.client:request:186 - client IP: 10.14.148.129, Port: 54246
2023-06-27 15:37:57.068 | DEBUG    | httprunner.client:request:194 - server IP: 139.198.116.208, Port: 8083
2023-06-27 15:37:57.069 | DEBUG    | httprunner.client:log_print:40 - 
================== request details ==================
method   : GET
url      : http://139.198.116.208:8083/api/handles/88.408.6763/760596
headers  : {
    "User-Agent": "Mozilla/5.0 (Macintosh; Intel Mac OS X 10_15_7) AppleWebKit/537.36 (KHTML, like Gecko) Chrome/105.0.0.0 Safari/537.36",
    "Accept-Encoding": "gzip, deflate",
    "Accept": "application/json, text/plain, */*",
    "Connection": "keep-alive",
    "Accept-Language": "zh-CN,zh;q=0.9",
    "HRUN-Request-ID": "HRUN-e23510c8-68f5-44e6-a879-8af3f11581c3-477018"
}
cookies  : {
    "SESSION": "NmViZjIwYTAtNWRmYS00M2JmLWFmNjMtZGNjZmQ0YzQ2Yjli"
}
body     : None

2023-06-27 15:37:57.070 | DEBUG    | httprunner.client:log_print:40 - 
================== response details ==================
status_code : 200
headers  : {
    "Content-Type": "application/json",
    "Server": "GoFrame HTTP Server",
    "Trace-Id": "7f90d8d4f9736c1744c13314d00874c9",
    "Date": "Tue, 27 Jun 2023 07:37:57 GMT",
    "Content-Length": "258"
}
cookies  : {}
encoding : utf-8
content_type : application/json
body     : {
    "handle": "88.408.6763/760596",
    "responseCode": 1,
    "value": [
        {
            "adminRead": 1,
            "adminWrite": 1,
            "data": {
                "format": "string",
                "value": "www.baidu.com"
            },
            "index": 100,
            "publicRead": 1,
            "publicWrite": 0,
            "references": [],
            "timestamp": "2017-10-19 09:48:03",
            "ttl": 86400,
            "type": "URL"
        }
    ]
}

2023-06-27 15:37:57.070 | INFO     | httprunner.client:request:217 - status_code: 200, response_time(ms): 48.74 ms, response_length: 0 bytes
2023-06-27 15:37:57.071 | INFO     | httprunner.response:validate:249 - assert status_code equal 200(int)	==> pass
2023-06-27 15:37:57.071 | INFO     | httprunner.runner:__run_step:304 - run step end: idhub解析标识 <<<<<<

2023-06-27 15:37:57.071 | INFO     | httprunner.runner:__run_step:304 - run step end: idhub解析标识 <<<<<<

2023-06-27 15:37:57.072 | INFO     | httprunner.runner:__run_step:292 - run step begin: 首页统计查询-after >>>>>>
2023-06-27 15:37:57.073 | INFO     | httprunner.runner:__run_step:292 - run step begin: 首页-数据汇总-企业申请中 >>>>>>
2023-06-27 15:37:57.073 | INFO     | httprunner.runner:__call_hooks:112 - call hook actions: setup request
2023-06-27 15:37:57.073 | DEBUG    | httprunner.runner:__call_hooks:121 - call hook function: ${setup_hook_example()}
2023-06-27 15:39:17.199 | DEBUG    | httprunner.client:request:186 - client IP: 10.14.148.129, Port: 54509
2023-06-27 15:39:17.203 | DEBUG    | httprunner.client:request:194 - server IP: 139.198.116.76, Port: 8000
2023-06-27 15:39:17.205 | DEBUG    | httprunner.client:log_print:40 - 
================== request details ==================
method   : GET
url      : http://139.198.116.76:8000/api/index/statistics?cache=1663755717060
headers  : {
    "User-Agent": "Mozilla/5.0 (Macintosh; Intel Mac OS X 10_15_7) AppleWebKit/537.36 (KHTML, like Gecko) Chrome/105.0.0.0 Safari/537.36",
    "Accept-Encoding": "gzip, deflate",
    "Accept": "application/json, text/plain, */*",
    "Connection": "keep-alive",
    "Accept-Language": "zh-CN,zh;q=0.9",
    "HRUN-Request-ID": "HRUN-e23510c8-68f5-44e6-a879-8af3f11581c3-477073",
    "Cookie": "SESSION=NmViZjIwYTAtNWRmYS00M2JmLWFmNjMtZGNjZmQ0YzQ2Yjli; SESSION=response.headers.\"Set-Cookie\".session"
}
cookies  : {
    "SESSION": "NmViZjIwYTAtNWRmYS00M2JmLWFmNjMtZGNjZmQ0YzQ2Yjli"
}
body     : None

2023-06-27 15:39:17.206 | DEBUG    | httprunner.client:log_print:40 - 
================== response details ==================
status_code : 200
headers  : {
    "Server": "nginx",
    "Date": "Tue, 27 Jun 2023 07:39:17 GMT",
    "Content-Type": "application/json;charset=UTF-8",
    "Transfer-Encoding": "chunked",
    "Connection": "keep-alive",
    "X-Frame-Options": "SAMEORIGIN"
}
cookies  : {}
encoding : UTF-8
content_type : application/json;charset=UTF-8
body     : {
    "message": "success",
    "status": 1,
    "data": {
        "prefixNum": 582,
        "entNum": 503,
        "applyNum": 388,
        "identityNum": 1922,
        "resolvnum": 280,
        "delnum": 81
    }
}

2023-06-27 15:39:17.206 | INFO     | httprunner.client:request:217 - status_code: 200, response_time(ms): 117.94 ms, response_length: 0 bytes
2023-06-27 15:39:17.209 | INFO     | httprunner.response:validate:249 - assert status_code equal 200(int)	==> pass
2023-06-27 15:39:17.210 | INFO     | httprunner.response:validate:249 - assert headers."Content-Type" equal application/json;charset=UTF-8(str)	==> pass
2023-06-27 15:39:17.210 | INFO     | httprunner.response:validate:249 - assert body.message equal success(str)	==> pass
2023-06-27 15:39:17.210 | INFO     | httprunner.response:validate:249 - assert body.status equal 1(int)	==> pass
2023-06-27 15:39:17.211 | ERROR    | httprunner.response:validate:266 - assert body.data.identityNum equal 1923(int)	==> fail
check_item: body.data.identityNum
check_value: 1922(int)
assert_method: equal
expect_value: 1923(int)
2023-06-27 15:39:17.211 | ERROR    | httprunner.response:validate:266 - assert body.data.resolvnum equal 281(int)	==> fail
check_item: body.data.resolvnum
check_value: 280(int)
assert_method: equal
expect_value: 281(int)
2023-06-27 15:39:17.211 | ERROR    | httprunner.runner:log_req_resp_details:194 - 
******************************** DETAILED REQUEST & RESPONSE ********************************
====== request details ======
url: http://139.198.116.76:8000/api/index/statistics
method: GET
headers: {'Accept': 'application/json, text/plain, */*', 'Accept-Encoding': 'gzip, deflate', 'Accept-Language': 'zh-CN,zh;q=0.9', 'Connection': 'keep-alive', 'User-Agent': 'Mozilla/5.0 (Macintosh; Intel Mac OS X 10_15_7) AppleWebKit/537.36 (KHTML, like Gecko) Chrome/105.0.0.0 Safari/537.36', 'HRUN-Request-ID': 'HRUN-e23510c8-68f5-44e6-a879-8af3f11581c3-477073'}
params: {'cache': '1663755717060'}
data: None
cookies: {'SESSION': 'response.headers."Set-Cookie".session'}
timeout: 120
allow_redirects: True
verify: False
json: None

====== response details ======
status_code: 200
headers: {'Server': 'nginx', 'Date': 'Tue, 27 Jun 2023 07:39:17 GMT', 'Content-Type': 'application/json;charset=UTF-8', 'Transfer-Encoding': 'chunked', 'Connection': 'keep-alive', 'X-Frame-Options': 'SAMEORIGIN'}
body: '{"message":"success","status":1,"data":{"prefixNum":582,"entNum":503,"applyNum":388,"identityNum":1922,"resolvnum":280,"delnum":81}}'

