2023-06-14 10:41:56.669 | INFO     | httprunner.runner:test_start:450 - Start to run testcase: 申请记录分页-ent-35,36, TestCase ID: e6862b38-a98e-4e10-a2de-d6b5a95b0054
2023-06-14 10:41:56.669 | INFO     | httprunner.runner:__run_step:292 - run step begin: 用户注册 >>>>>>
2023-06-14 10:41:56.670 | INFO     | httprunner.runner:__run_step:292 - run step begin: 用户注册 >>>>>>
2023-06-14 10:41:56.834 | DEBUG    | httprunner.client:request:186 - client IP: 10.14.148.129, Port: 58825
2023-06-14 10:41:56.834 | DEBUG    | httprunner.client:request:194 - server IP: 139.198.116.76, Port: 8000
2023-06-14 10:41:56.835 | DEBUG    | httprunner.client:log_print:40 - 
================== request details ==================
method   : POST
url      : http://139.198.116.76:8000/api/home/test/registry
headers  : {
    "User-Agent": "Mozilla/5.0 (Windows NT 10.0; WOW64) AppleWebKit/537.36 (KHTML, like Gecko) Chrome/100.0.4896.60 Safari/537.36",
    "Accept-Encoding": "gzip, deflate",
    "Accept": "application/json, text/plain, */*",
    "Connection": "keep-alive",
    "Accept-Language": "zh-CN,zh;q=0.9",
    "HRUN-Request-ID": "HRUN-e6862b38-a98e-4e10-a2de-d6b5a95b0054-516670",
    "Content-Length": "187",
    "Content-Type": "application/json"
}
cookies  : {}
body     : {
    "email": "cZtY9105GytCcUEl@qaqseq.com",
    "mobile": "18162700425",
    "openId": "",
    "openUserName": "",
    "password": "Admin@123",
    "remarks": "",
    "username": "eV0VMQxNLvJhre5eVnNegBDBHjvKglio"
}

2023-06-14 10:41:56.835 | DEBUG    | httprunner.client:log_print:40 - 
================== response details ==================
status_code : 200
headers  : {
    "Server": "nginx",
    "Date": "Wed, 14 Jun 2023 02:41:56 GMT",
    "Content-Type": "application/json",
    "Transfer-Encoding": "chunked",
    "Connection": "keep-alive",
    "X-Frame-Options": "SAMEORIGIN"
}
cookies  : {}
encoding : utf-8
content_type : application/json
body     : {
    "message": "success",
    "status": 1,
    "data": true
}

2023-06-14 10:41:56.836 | INFO     | httprunner.client:request:217 - status_code: 200, response_time(ms): 163.89 ms, response_length: 0 bytes
2023-06-14 10:41:56.836 | INFO     | httprunner.response:validate:249 - assert status_code equal 200(int)	==> pass
2023-06-14 10:41:56.836 | INFO     | httprunner.response:validate:249 - assert body.message equal success(str)	==> pass
2023-06-14 10:41:56.836 | INFO     | httprunner.response:validate:249 - assert body.status equal 1(int)	==> pass
2023-06-14 10:41:56.836 | INFO     | httprunner.response:validate:249 - assert body.message contains success(str)	==> pass
2023-06-14 10:41:56.837 | INFO     | httprunner.response:validate:249 - assert body.status contained_by [1, 200](list)	==> pass
2023-06-14 10:41:56.837 | INFO     | httprunner.runner:__run_step:304 - run step end: 用户注册 <<<<<<

2023-06-14 10:41:56.837 | INFO     | httprunner.runner:__run_step:304 - run step end: 用户注册 <<<<<<

2023-06-14 10:41:56.837 | INFO     | httprunner.runner:__run_step:292 - run step begin: 登录-企业 >>>>>>
2023-06-14 10:41:56.838 | INFO     | httprunner.runner:__run_step:292 - run step begin: 登录-企业用户 >>>>>>
2023-06-14 10:41:57.130 | DEBUG    | httprunner.client:request:186 - client IP: 10.14.148.129, Port: 58825
2023-06-14 10:41:57.131 | DEBUG    | httprunner.client:request:194 - server IP: 139.198.116.76, Port: 8000
2023-06-14 10:41:57.132 | DEBUG    | httprunner.client:log_print:40 - 
================== request details ==================
method   : POST
url      : http://139.198.116.76:8000/api/home/test/login
headers  : {
    "User-Agent": "python-requests/2.28.1",
    "Accept-Encoding": "gzip, deflate, br",
    "Accept": "*/*",
    "Connection": "keep-alive",
    "Content-Length": "170",
    "Content-Type": "application/json",
    "HRUN-Request-ID": "HRUN-e6862b38-a98e-4e10-a2de-d6b5a95b0054-516838"
}
cookies  : {}
body     : {
    "captcha": "0000",
    "captchaSign": "354a4988be6322abcdcd6cfc281280ae3da8e38dde5e5f0b0a89c63d55e5d415",
    "emailCaptcha": "",
    "username": "eV0VMQxNLvJhre5eVnNegBDBHjvKglio"
}

2023-06-14 10:41:57.133 | DEBUG    | httprunner.client:log_print:40 - 
================== response details ==================
status_code : 200
headers  : {
    "Server": "nginx",
    "Date": "Wed, 14 Jun 2023 02:41:57 GMT",
    "Content-Type": "application/json;charset=UTF-8",
    "Transfer-Encoding": "chunked",
    "Connection": "keep-alive",
    "Set-Cookie": "SESSION=NDE3NWE4MmQtNmRkZi00ODhjLThkZWItMjU2MDY5YjYyM2Fl; Path=/; HttpOnly; SameSite=Lax",
    "X-Frame-Options": "SAMEORIGIN"
}
cookies  : {
    "SESSION": "NDE3NWE4MmQtNmRkZi00ODhjLThkZWItMjU2MDY5YjYyM2Fl"
}
encoding : UTF-8
content_type : application/json;charset=UTF-8
body     : {
    "message": "success",
    "status": 1,
    "data": true
}

2023-06-14 10:41:57.133 | INFO     | httprunner.client:request:217 - status_code: 200, response_time(ms): 291.87 ms, response_length: 0 bytes
2023-06-14 10:41:57.133 | INFO     | httprunner.response:extract:179 - extract mapping: {'entSession': 'response.headers."Set-Cookie".session'}
2023-06-14 10:41:57.133 | INFO     | httprunner.response:validate:249 - assert status_code equal 200(int)	==> pass
2023-06-14 10:41:57.134 | INFO     | httprunner.response:validate:249 - assert headers."Content-Type" equal application/json;charset=UTF-8(str)	==> pass
2023-06-14 10:41:57.134 | INFO     | httprunner.response:validate:249 - assert body.message equal success(str)	==> pass
2023-06-14 10:41:57.134 | INFO     | httprunner.response:validate:249 - assert body.status equal 1(int)	==> pass
2023-06-14 10:41:57.134 | INFO     | httprunner.response:validate:249 - assert body.data equal True(bool)	==> pass
2023-06-14 10:41:57.135 | INFO     | httprunner.runner:__run_step:304 - run step end: 登录-企业用户 <<<<<<

2023-06-14 10:41:57.135 | INFO     | httprunner.runner:__run_step_testcase:286 - export variables: {'entSession': 'response.headers."Set-Cookie".session'}
2023-06-14 10:41:57.135 | INFO     | httprunner.runner:__run_step:304 - run step end: 登录-企业 <<<<<<

2023-06-14 10:41:57.135 | INFO     | httprunner.runner:__run_step:292 - run step begin: 前缀注册企业资质图片上传 >>>>>>
2023-06-14 10:41:57.136 | INFO     | httprunner.runner:__run_step:292 - run step begin: 前缀注册企业资质图片上传 >>>>>>
2023-06-14 10:41:57.357 | DEBUG    | httprunner.client:request:186 - client IP: 10.14.148.129, Port: 58825
2023-06-14 10:41:57.359 | DEBUG    | httprunner.client:request:194 - server IP: 139.198.116.76, Port: 8000
2023-06-14 10:41:57.360 | DEBUG    | httprunner.client:log_print:40 - 
================== request details ==================
method   : POST
url      : http://139.198.116.76:8000/api/file/img/upload
headers  : {
    "User-Agent": "Mozilla/5.0 (Macintosh; Intel Mac OS X 10_15_7) AppleWebKit/537.36 (KHTML, like Gecko) Chrome/105.0.0.0 Safari/537.36",
    "Accept-Encoding": "gzip, deflate",
    "Accept": "application/json, text/plain, */*",
    "Connection": "keep-alive",
    "Accept-Language": "zh-CN,zh;q=0.9",
    "Content-Type": "multipart/form-data; boundary=d53a0a81ab8f46ba8afdca7abd23babf",
    "HRUN-Request-ID": "HRUN-e6862b38-a98e-4e10-a2de-d6b5a95b0054-517138",
    "Cookie": "SESSION=NDE3NWE4MmQtNmRkZi00ODhjLThkZWItMjU2MDY5YjYyM2Fl; SESSION=response.headers.\"Set-Cookie\".session",
    "Content-Length": "20435"
}
cookies  : {
    "SESSION": "NDE3NWE4MmQtNmRkZi00ODhjLThkZWItMjU2MDY5YjYyM2Fl"
}
body     : upload file stream (OMITTED)

2023-06-14 10:41:57.363 | DEBUG    | httprunner.client:log_print:40 - 
================== response details ==================
status_code : 200
headers  : {
    "Server": "nginx",
    "Date": "Wed, 14 Jun 2023 02:41:57 GMT",
    "Content-Type": "application/json;charset=UTF-8",
    "Transfer-Encoding": "chunked",
    "Connection": "keep-alive",
    "X-Frame-Options": "SAMEORIGIN"
}
cookies  : {}
encoding : UTF-8
content_type : application/json;charset=UTF-8
body     : {
    "message": "success",
    "status": 1,
    "data": {
        "id": 2056,
        "path": "337df93e-c30b-4791-aad7-667c6cb2d603.jpeg"
    }
}

2023-06-14 10:41:57.363 | INFO     | httprunner.client:request:217 - status_code: 200, response_time(ms): 219.59 ms, response_length: 0 bytes
2023-06-14 10:41:57.364 | INFO     | httprunner.response:extract:179 - extract mapping: {'imgId': 2056}
2023-06-14 10:41:57.364 | INFO     | httprunner.response:validate:249 - assert status_code equal 200(int)	==> pass
2023-06-14 10:41:57.364 | INFO     | httprunner.runner:__run_step:304 - run step end: 前缀注册企业资质图片上传 <<<<<<

2023-06-14 10:41:57.364 | INFO     | httprunner.runner:__run_step_testcase:286 - export variables: {'imgId': 2056}
2023-06-14 10:41:57.364 | INFO     | httprunner.runner:__run_step:304 - run step end: 前缀注册企业资质图片上传 <<<<<<

2023-06-14 10:41:57.365 | INFO     | httprunner.runner:__run_step:292 - run step begin: 前缀注册企业联系人身份证图片正面上传 >>>>>>
2023-06-14 10:41:57.365 | INFO     | httprunner.runner:__run_step:292 - run step begin: 前缀注册企业联系人身份证图片背面上传 >>>>>>
2023-06-14 10:41:57.480 | DEBUG    | httprunner.client:request:186 - client IP: 10.14.148.129, Port: 58825
2023-06-14 10:41:57.481 | DEBUG    | httprunner.client:request:194 - server IP: 139.198.116.76, Port: 8000
2023-06-14 10:41:57.482 | DEBUG    | httprunner.client:log_print:40 - 
================== request details ==================
method   : POST
url      : http://139.198.116.76:8000/api/file/img/upload
headers  : {
    "User-Agent": "Mozilla/5.0 (Macintosh; Intel Mac OS X 10_15_7) AppleWebKit/537.36 (KHTML, like Gecko) Chrome/105.0.0.0 Safari/537.36",
    "Accept-Encoding": "gzip, deflate",
    "Accept": "application/json, text/plain, */*",
    "Connection": "keep-alive",
    "Accept-Language": "zh-CN,zh;q=0.9",
    "Content-Type": "multipart/form-data; boundary=63a77cb1fd64492daa95058b4dace6b6",
    "HRUN-Request-ID": "HRUN-e6862b38-a98e-4e10-a2de-d6b5a95b0054-517366",
    "Cookie": "SESSION=NDE3NWE4MmQtNmRkZi00ODhjLThkZWItMjU2MDY5YjYyM2Fl; SESSION=response.headers.\"Set-Cookie\".session",
    "Content-Length": "20435"
}
cookies  : {
    "SESSION": "NDE3NWE4MmQtNmRkZi00ODhjLThkZWItMjU2MDY5YjYyM2Fl"
}
body     : upload file stream (OMITTED)

2023-06-14 10:41:57.483 | DEBUG    | httprunner.client:log_print:40 - 
================== response details ==================
status_code : 200
headers  : {
    "Server": "nginx",
    "Date": "Wed, 14 Jun 2023 02:41:57 GMT",
    "Content-Type": "application/json;charset=UTF-8",
    "Transfer-Encoding": "chunked",
    "Connection": "keep-alive",
    "X-Frame-Options": "SAMEORIGIN"
}
cookies  : {}
encoding : UTF-8
content_type : application/json;charset=UTF-8
body     : {
    "message": "success",
    "status": 1,
    "data": {
        "id": 2057,
        "path": "b658a172-e1ff-454b-adb0-b078f26087ef.jpeg"
    }
}

2023-06-14 10:41:57.483 | INFO     | httprunner.client:request:217 - status_code: 200, response_time(ms): 113.13 ms, response_length: 0 bytes
2023-06-14 10:41:57.484 | INFO     | httprunner.response:extract:179 - extract mapping: {'imgId_f': 2057}
2023-06-14 10:41:57.484 | INFO     | httprunner.response:validate:249 - assert status_code equal 200(int)	==> pass
2023-06-14 10:41:57.485 | INFO     | httprunner.runner:__run_step:304 - run step end: 前缀注册企业联系人身份证图片背面上传 <<<<<<

2023-06-14 10:41:57.485 | INFO     | httprunner.runner:__run_step_testcase:286 - export variables: {'imgId_f': 2057}
2023-06-14 10:41:57.485 | INFO     | httprunner.runner:__run_step:304 - run step end: 前缀注册企业联系人身份证图片正面上传 <<<<<<

2023-06-14 10:41:57.485 | INFO     | httprunner.runner:__run_step:292 - run step begin: 前缀注册企业联系人身份证图片背面上传 >>>>>>
2023-06-14 10:41:57.486 | INFO     | httprunner.runner:__run_step:292 - run step begin: 前缀注册企业联系人身份证图片背面上传 >>>>>>
2023-06-14 10:41:57.642 | DEBUG    | httprunner.client:request:186 - client IP: 10.14.148.129, Port: 58825
2023-06-14 10:41:57.642 | DEBUG    | httprunner.client:request:194 - server IP: 139.198.116.76, Port: 8000
2023-06-14 10:41:57.643 | DEBUG    | httprunner.client:log_print:40 - 
================== request details ==================
method   : POST
url      : http://139.198.116.76:8000/api/file/img/upload
headers  : {
    "User-Agent": "Mozilla/5.0 (Macintosh; Intel Mac OS X 10_15_7) AppleWebKit/537.36 (KHTML, like Gecko) Chrome/105.0.0.0 Safari/537.36",
    "Accept-Encoding": "gzip, deflate",
    "Accept": "application/json, text/plain, */*",
    "Connection": "keep-alive",
    "Accept-Language": "zh-CN,zh;q=0.9",
    "Content-Type": "multipart/form-data; boundary=cea915a282174d06945ee253a8b885f7",
    "HRUN-Request-ID": "HRUN-e6862b38-a98e-4e10-a2de-d6b5a95b0054-517486",
    "Cookie": "SESSION=NDE3NWE4MmQtNmRkZi00ODhjLThkZWItMjU2MDY5YjYyM2Fl; SESSION=response.headers.\"Set-Cookie\".session",
    "Content-Length": "20435"
}
cookies  : {
    "SESSION": "NDE3NWE4MmQtNmRkZi00ODhjLThkZWItMjU2MDY5YjYyM2Fl"
}
body     : upload file stream (OMITTED)

2023-06-14 10:41:57.644 | DEBUG    | httprunner.client:log_print:40 - 
================== response details ==================
status_code : 200
headers  : {
    "Server": "nginx",
    "Date": "Wed, 14 Jun 2023 02:41:57 GMT",
    "Content-Type": "application/json;charset=UTF-8",
    "Transfer-Encoding": "chunked",
    "Connection": "keep-alive",
    "X-Frame-Options": "SAMEORIGIN"
}
cookies  : {}
encoding : UTF-8
content_type : application/json;charset=UTF-8
body     : {
    "message": "success",
    "status": 1,
    "data": {
        "id": 2058,
        "path": "0dfb6a58-2e51-48bf-929e-d1e0d05f289c.jpeg"
    }
}

2023-06-14 10:41:57.644 | INFO     | httprunner.client:request:217 - status_code: 200, response_time(ms): 155.06 ms, response_length: 0 bytes
2023-06-14 10:41:57.645 | INFO     | httprunner.response:extract:179 - extract mapping: {'imgId_b': 2058}
2023-06-14 10:41:57.645 | INFO     | httprunner.response:validate:249 - assert status_code equal 200(int)	==> pass
2023-06-14 10:41:57.645 | INFO     | httprunner.runner:__run_step:304 - run step end: 前缀注册企业联系人身份证图片背面上传 <<<<<<

2023-06-14 10:41:57.645 | INFO     | httprunner.runner:__run_step_testcase:286 - export variables: {'imgId_b': 2058}
2023-06-14 10:41:57.645 | INFO     | httprunner.runner:__run_step:304 - run step end: 前缀注册企业联系人身份证图片背面上传 <<<<<<

2023-06-14 10:41:57.646 | INFO     | httprunner.runner:__run_step:292 - run step begin: 企业注册第一步提交信息 >>>>>>
2023-06-14 10:41:57.646 | INFO     | httprunner.runner:__run_step:292 - run step begin: 企业注册第一步提交信息 >>>>>>
2023-06-14 10:41:58.465 | DEBUG    | httprunner.client:request:186 - client IP: 10.14.148.129, Port: 58825
2023-06-14 10:41:58.466 | DEBUG    | httprunner.client:request:194 - server IP: 139.198.116.76, Port: 8000
2023-06-14 10:41:58.468 | DEBUG    | httprunner.client:log_print:40 - 
================== request details ==================
method   : POST
url      : http://139.198.116.76:8000/api/v3/entApply/basicInfo/submit
headers  : {
    "User-Agent": "Mozilla/5.0 (Macintosh; Intel Mac OS X 10_15_7) AppleWebKit/537.36 (KHTML, like Gecko) Chrome/105.0.0.0 Safari/537.36",
    "Accept-Encoding": "gzip, deflate",
    "Accept": "application/json, text/plain, */*",
    "Connection": "keep-alive",
    "Accept-Language": "zh-CN,zh;q=0.9",
    "Content-Type": "application/json;charset=UTF-8",
    "HRUN-Request-ID": "HRUN-e6862b38-a98e-4e10-a2de-d6b5a95b0054-517647",
    "Cookie": "SESSION=NDE3NWE4MmQtNmRkZi00ODhjLThkZWItMjU2MDY5YjYyM2Fl; SESSION=response.headers.\"Set-Cookie\".session",
    "Content-Length": "2557"
}
cookies  : {
    "SESSION": "NDE3NWE4MmQtNmRkZi00ODhjLThkZWItMjU2MDY5YjYyM2Fl"
}
body     : {
    "applyStep": 2,
    "applyType": null,
    "area": [
        "110000",
        "110100",
        "110101"
    ],
    "cltrid": null,
    "contactCrtBackImgPath": null,
    "contactCrtBackImgRid": 2058,
    "contactCrtFrontImgPath": null,
    "contactCrtFrontImgRid": 2057,
    "contactCrtNo": "235051197905309433",
    "contactCrtType": 1,
    "contactEmail": "cZtY9105GytCcUEl@qaqseq.com",
    "contactName": "eV0VMQxNLvJhre5eVnNegBDBHjvKglio",
    "contactPhone": "18162700425",
    "createDate": null,
    "dataHostingContractFilePath": null,
    "dataHostingContractFileRid": null,
    "dataHostingOrg": null,
    "entGeneralId": null,
    "entInfoLicenses": [],
    "entInfoSerIndustrys": [],
    "entPrefix": "88.408.724124296021",
    "escrowId": null,
    "escrowOrgName": null,
    "establishDate": null,
    "extDomain": null,
    "extIpAddr": null,
    "extWebName": null,
    "finalAuditMsg": null,
    "finalAuditStatus": null,
    "firstAuditMsg": null,
    "firstAuditStatus": null,
    "id": null,
    "idRegNaImp": null,
    "industry": [
        "A",
        "01"
    ],
    "industryCategory": "A",
    "industrySpecific": "01",
    "isSubmit": 0,
    "legalCrtBackImgContent": null,
    "legalCrtBackImgPath": null,
    "legalCrtBackImgRid": 2058,
    "legalCrtFrontImgContent": null,
    "legalCrtFrontImgPath": null,
    "legalCrtFrontImgRid": 2057,
    "legalCrtNo": "235051197905309433",
    "legalCrtType": "1",
    "legalCrtTypeDesc": "中国居民身份证",
    "legalEmail": null,
    "legalFax": null,
    "legalName": "张三",
    "legalPhone": null,
    "orgAddr": "致真",
    "orgAddrCity": "110100",
    "orgAddrCityDesc": "市辖区",
    "orgAddrCounty": "110101",
    "orgAddrCountyDesc": "东城区",
    "orgAddrProvince": "110000",
    "orgAddrProvinceDesc": "北京市",
    "orgCategorySpecificDesc": "农、林、牧、渔业-农业",
    "orgCrtCode": "pVLlZJdJVTdyeccpgnFRfGua8w3EGTop",
    "orgCrtImgContent": null,
    "orgCrtImgPath": null,
    "orgCrtImgRid": 2056,
    "orgCrtType": "1",
    "orgDesc": null,
    "orgName": "TQjnbqIAvEnmMZMHocHHDCz1mIKGStO1",
    "orgNature": "1",
    "orgNatureDesc": "国有控股",
    "periodValidity": null,
    "regAuthority": null,
    "regCapital": null,
    "regRealNaImpName": null,
    "regRealNaImpType": null,
    "servHostingContractFilePath": null,
    "servHostingContractFileRid": null,
    "servHostingOrg": null,
    "servSysBuildContractFilePath": null,
    "servSysBuildContractFileRid": null,
    "servSysBuildName": null,
    "servSysBuildType": 1,
    "servSysOperContractFilePath": null,
    "servSysOperContractFileRid": null,
    "servSysOperName": null,
    "servSysOperType": 1,
    "svtrid": null,
    "thirdServiceMsg": null,
    "thirdServiceStatus": null,
    "updateDate": null,
    "userId": null,
    "userName": null,
    "website": null
}

2023-06-14 10:41:58.469 | DEBUG    | httprunner.client:log_print:40 - 
================== response details ==================
status_code : 200
headers  : {
    "Server": "nginx",
    "Date": "Wed, 14 Jun 2023 02:41:58 GMT",
    "Content-Type": "application/json;charset=UTF-8",
    "Transfer-Encoding": "chunked",
    "Connection": "keep-alive",
    "X-Frame-Options": "SAMEORIGIN"
}
cookies  : {}
encoding : UTF-8
content_type : application/json;charset=UTF-8
body     : {
    "message": "success",
    "status": 1,
    "data": true
}

2023-06-14 10:41:58.469 | INFO     | httprunner.client:request:217 - status_code: 200, response_time(ms): 817.29 ms, response_length: 0 bytes
2023-06-14 10:41:58.469 | INFO     | httprunner.response:validate:249 - assert status_code equal 200(int)	==> pass
2023-06-14 10:41:58.470 | INFO     | httprunner.response:validate:249 - assert body.message equal success(str)	==> pass
2023-06-14 10:41:58.470 | INFO     | httprunner.runner:__run_step:304 - run step end: 企业注册第一步提交信息 <<<<<<

2023-06-14 10:41:58.470 | INFO     | httprunner.runner:__run_step:304 - run step end: 企业注册第一步提交信息 <<<<<<

2023-06-14 10:41:58.470 | INFO     | httprunner.runner:__run_step:292 - run step begin: 企业注册查询注册信息 >>>>>>
2023-06-14 10:41:58.471 | INFO     | httprunner.runner:__run_step:292 - run step begin: 企业注册查询注册信息 >>>>>>
2023-06-14 10:41:58.569 | DEBUG    | httprunner.client:request:186 - client IP: 10.14.148.129, Port: 58825
2023-06-14 10:41:58.570 | DEBUG    | httprunner.client:request:194 - server IP: 139.198.116.76, Port: 8000
2023-06-14 10:41:58.571 | DEBUG    | httprunner.client:log_print:40 - 
================== request details ==================
method   : GET
url      : http://139.198.116.76:8000/api/v3/entApply/applyOrNot
headers  : {
    "User-Agent": "Mozilla/5.0 (Macintosh; Intel Mac OS X 10_15_7) AppleWebKit/537.36 (KHTML, like Gecko) Chrome/105.0.0.0 Safari/537.36",
    "Accept-Encoding": "gzip, deflate",
    "Accept": "application/json, text/plain, */*",
    "Connection": "keep-alive",
    "Accept-Language": "zh-CN,zh;q=0.9",
    "HRUN-Request-ID": "HRUN-e6862b38-a98e-4e10-a2de-d6b5a95b0054-518471",
    "Cookie": "SESSION=NDE3NWE4MmQtNmRkZi00ODhjLThkZWItMjU2MDY5YjYyM2Fl; SESSION=response.headers.\"Set-Cookie\".session"
}
cookies  : {
    "SESSION": "NDE3NWE4MmQtNmRkZi00ODhjLThkZWItMjU2MDY5YjYyM2Fl"
}
body     : None

2023-06-14 10:41:58.572 | DEBUG    | httprunner.client:log_print:40 - 
================== response details ==================
status_code : 200
headers  : {
    "Server": "nginx",
    "Date": "Wed, 14 Jun 2023 02:41:58 GMT",
    "Content-Type": "application/json;charset=UTF-8",
    "Transfer-Encoding": "chunked",
    "Connection": "keep-alive",
    "X-Frame-Options": "SAMEORIGIN"
}
cookies  : {}
encoding : UTF-8
content_type : application/json;charset=UTF-8
body     : {
    "message": "success",
    "status": 1,
    "data": {
        "nbmsEntApplyPO": {
            "id": 1120,
            "createDate": "2023-06-14 10:41:58",
            "updateDate": "2023-06-14 10:41:58",
            "applyType": null,
            "entGeneralId": null,
            "applyStep": 2,
            "isSubmit": 0,
            "entPrefix": "88.408.724124296021",
            "firstAuditStatus": null,
            "firstAuditMsg": null,
            "thirdServiceStatus": null,
            "thirdServiceMsg": null,
            "userName": "eV0VMQxNLvJhre5eVnNegBDBHjvKglio",
            "finalAuditStatus": null,
            "finalAuditMsg": null,
            "svtrid": null,
            "cltrid": null,
            "userId": 1331,
            "orgName": "TQjnbqIAvEnmMZMHocHHDCz1mIKGStO1",
            "orgNature": "1",
            "orgAddrProvince": "110000",
            "orgAddrCity": "110100",
            "orgAddrCounty": "110101",
            "orgAddr": "致真",
            "orgCrtType": "1",
            "orgCrtCode": "pVLlZJdJVTdyeccpgnFRfGua8w3EGTop",
            "legalName": "张三",
            "legalCrtType": "1",
            "legalCrtNo": "235051197905309433",
            "orgDesc": null,
            "industryCategory": "A",
            "industrySpecific": "01",
            "contactName": "eV0VMQxNLvJhre5eVnNegBDBHjvKglio",
            "contactPhone": "18162700425",
            "contactCrtType": 1,
            "contactCrtNo": "235051197905309433",
            "contactEmail": "cZtY9105GytCcUEl@qaqseq.com",
            "website": null,
            "regAuthority": null,
            "regCapital": null,
            "establishDate": null,
            "periodValidity": null,
            "legalEmail": null,
            "legalPhone": null,
            "legalFax": null,
            "servSysBuildType": null,
            "servSysBuildName": null,
            "servSysOperType": null,
            "servSysOperName": null,
            "dataHostingOrg": null,
            "servHostingOrg": null,
            "regRealNaImpType": null,
            "regRealNaImpName": null,
            "idRegNaImp": null,
            "extWebName": null,
            "extDomain": null,
            "extIpAddr": null,
            "orgCrtImgRid": 2056,
            "contactCrtFrontImgRid": 2057,
            "contactCrtBackImgRid": 2058,
            "legalCrtFrontImgRid": 2057,
            "legalCrtBackImgRid": 2058,
            "servSysBuildContractFileRid": null,
            "servSysOperContractFileRid": null,
            "dataHostingContractFileRid": null,
            "servHostingContractFileRid": null,
            "entInfoLicenses": [],
            "entInfoSyss": [],
            "entInfoSerIndustrys": [],
            "escrowId": null,
            "industryQualificationRid": null,
            "certificationRid": null,
            "openingBank": null,
            "bankCard": null,
            "verificationName": null,
            "orgNatureDesc": "国有控股",
            "orgCrtImgContent": null,
            "orgCategorySpecificDesc": "农、林、牧、渔业-农业",
            "orgAddrProvinceDesc": "北京市",
            "orgAddrCountyDesc": "东城区",
            "orgAddrCityDesc": "市辖区",
            "legalCrtTypeDesc": "中国居民身份证",
            "legalCrtFrontImgContent": null,
            "legalCrtBackImgContent": null,
            "orgCrtImgPath": "337df93e-c30b-4791-aad7-667c6cb2d603.jpeg",
            "contactCrtFrontImgPath": "b658a172-e1ff-454b-adb0-b078f26087ef.jpeg",
            "contactCrtBackImgPath": "0dfb6a58-2e51-48bf-929e-d1e0d05f289c.jpeg",
            "legalCrtFrontImgPath": "b658a172-e1ff-454b-adb0-b078f26087ef.jpeg",
            "legalCrtBackImgPath": "0dfb6a58-2e51-48bf-929e-d1e0d05f289c.jpeg",
            "servSysBuildContractFilePath": null,
            "servSysOperContractFilePath": null,
            "dataHostingContractFilePath": null,
            "servHostingContractFilePath": null,
            "industryQualificationFilePath": null,
            "certificationFilePath": null,
            "escrowOrgName": null
        },
        "nbmsEntPO": null,
        "nbmsEntPrefixApplyPO": null,
        "needRelog": null,
        "applyStatus": 0
    }
}

2023-06-14 10:41:58.573 | INFO     | httprunner.client:request:217 - status_code: 200, response_time(ms): 97.28 ms, response_length: 0 bytes
2023-06-14 10:41:58.580 | INFO     | httprunner.response:extract:179 - extract mapping: {'applyId': 1120, 'userId': 1331, 'userName': 'eV0VMQxNLvJhre5eVnNegBDBHjvKglio', 'imgId_f': 2057, 'imgId_b': 2058, 'entId': None, 'entUserId': None, 'prefix': '88.408.724124296021', 'contactCrtNo': '235051197905309433', 'contactCrtType': 1, 'contactEmail': 'cZtY9105GytCcUEl@qaqseq.com', 'contactName': 'eV0VMQxNLvJhre5eVnNegBDBHjvKglio', 'contactPhone': '18162700425', 'industryCategory': 'A', 'industrySpecific': '01', 'orgName': 'TQjnbqIAvEnmMZMHocHHDCz1mIKGStO1', 'orgNature': '1', 'orgAddrProvince': '110000', 'orgAddrCity': '110100', 'orgAddrCounty': '110101', 'orgAddr': '致真', 'orgCrtType': '1', 'orgCrtCode': 'pVLlZJdJVTdyeccpgnFRfGua8w3EGTop', 'legalName': '张三', 'legalEmail': None, 'legalPhone': None, 'legalCrtType': '1', 'legalCrtNo': '235051197905309433', 'legalCrtFrontImgRid': 2057, 'legalCrtBackImgRid': 2058, 'orgCrtImgRid': 2056, 'imgId': 2056, 'orgNatureDesc': '国有控股', 'orgCategorySpecificDesc': '农、林、牧、渔业-农业', 'orgAddrProvinceDesc': '北京市', 'orgAddrCountyDesc': '东城区', 'orgAddrCityDesc': '市辖区', 'legalCrtTypeDesc': '中国居民身份证', 'createDate': '2023-06-14 10:41:58', 'updateDate': '2023-06-14 10:41:58', 'entInfoSyss_0_id': None, 'entInfoSyss_0_entApplyId': None, 'entApplyId': None, 'entInfoSyss_0_sysType': None, 'entInfoSyss_0_deployMode': None, 'entInfoSyss_0_deployAddr': None, 'entInfoSyss_0_deployAddrProvince': None, 'entInfoSyss_0_deployAddrCity': None, 'entInfoSyss_0_deployAddrCounty': None, 'entInfoSyss_1_id': None, 'entInfoSyss_1_entApplyId': None, 'entInfoSyss_1_sysType': None, 'entInfoSyss_1_deployMode': None, 'entInfoSyss_1_deployAddr': None, 'entInfoSyss_1_deployAddrProvince': None, 'entInfoSyss_1_deployAddrCity': None, 'entInfoSyss_1_deployAddrCounty': None, 'entInfoSyss_2_id': None, 'entInfoSyss_2_entApplyId': None, 'entInfoSyss_2_sysType': None, 'entInfoSyss_2_deployMode': None, 'entInfoSyss_2_deployAddr': None, 'entInfoSyss_2_deployAddrProvince': None, 'entInfoSyss_2_deployAddrCity': None, 'entInfoSyss_2_deployAddrCounty': None, 'entInfoSyss_3_id': None, 'entInfoSyss_3_entApplyId': None, 'entInfoSyss_3_sysType': None, 'entInfoSyss_3_deployMode': None, 'entInfoSyss_3_deployAddr': None, 'entInfoSyss_3_deployAddrProvince': None, 'entInfoSyss_3_deployAddrCity': None, 'entInfoSyss_3_deployAddrCounty': None}
2023-06-14 10:41:58.580 | INFO     | httprunner.response:validate:249 - assert status_code equal 200(int)	==> pass
2023-06-14 10:41:58.580 | INFO     | httprunner.response:validate:249 - assert body.message equal success(str)	==> pass
2023-06-14 10:41:58.580 | INFO     | httprunner.runner:__run_step:304 - run step end: 企业注册查询注册信息 <<<<<<

2023-06-14 10:41:58.581 | INFO     | httprunner.runner:__run_step_testcase:286 - export variables: {'orgAddrProvince': '110000', 'industryCategory': 'A', 'entInfoSyss_1_sysType': None, 'entInfoSyss_3_deployMode': None, 'orgName': 'TQjnbqIAvEnmMZMHocHHDCz1mIKGStO1', 'entInfoSyss_0_id': None, 'entInfoSyss_0_deployMode': None, 'entApplyId': None, 'legalCrtBackImgRid': 2058, 'orgNatureDesc': '国有控股', 'entInfoSyss_2_deployAddrProvince': None, 'orgAddrProvinceDesc': '北京市', 'entInfoSyss_0_deployAddr': None, 'entInfoSyss_0_deployAddrCity': None, 'entInfoSyss_3_deployAddr': None, 'userName': 'eV0VMQxNLvJhre5eVnNegBDBHjvKglio', 'legalCrtType': '1', 'entInfoSyss_1_deployMode': None, 'entInfoSyss_3_sysType': None, 'entId': None, 'entInfoSyss_1_deployAddrCounty': None, 'entUserId': None, 'legalCrtTypeDesc': '中国居民身份证', 'entInfoSyss_1_id': None, 'entInfoSyss_1_entApplyId': None, 'entInfoSyss_3_deployAddrCity': None, 'entInfoSyss_1_deployAddr': None, 'orgCrtType': '1', 'orgCrtImgRid': 2056, 'entInfoSyss_0_deployAddrCounty': None, 'prefix': '88.408.724124296021', 'entInfoSyss_2_id': None, 'imgId_b': 2058, 'entInfoSyss_0_sysType': None, 'contactPhone': '18162700425', 'entInfoSyss_2_entApplyId': None, 'orgAddrCityDesc': '市辖区', 'orgCategorySpecificDesc': '农、林、牧、渔业-农业', 'imgId': 2056, 'orgAddrCountyDesc': '东城区', 'orgCrtCode': 'pVLlZJdJVTdyeccpgnFRfGua8w3EGTop', 'industrySpecific': '01', 'orgAddr': '致真', 'entInfoSyss_3_entApplyId': None, 'entInfoSyss_3_deployAddrCounty': None, 'createDate': '2023-06-14 10:41:58', 'orgNature': '1', 'contactCrtNo': '235051197905309433', 'entInfoSyss_2_deployAddrCounty': None, 'legalPhone': None, 'entInfoSyss_3_id': None, 'entInfoSyss_1_deployAddrProvince': None, 'imgId_f': 2057, 'contactName': 'eV0VMQxNLvJhre5eVnNegBDBHjvKglio', 'userId': 1331, 'legalName': '张三', 'applyId': 1120, 'entInfoSyss_2_sysType': None, 'entInfoSyss_0_entApplyId': None, 'entInfoSyss_2_deployMode': None, 'legalEmail': None, 'contactEmail': 'cZtY9105GytCcUEl@qaqseq.com', 'contactCrtType': 1, 'legalCrtFrontImgRid': 2057, 'orgAddrCity': '110100', 'legalCrtNo': '235051197905309433', 'updateDate': '2023-06-14 10:41:58', 'entInfoSyss_0_deployAddrProvince': None, 'entInfoSyss_2_deployAddrCity': None, 'entInfoSyss_1_deployAddrCity': None, 'entInfoSyss_2_deployAddr': None, 'entInfoSyss_3_deployAddrProvince': None, 'orgAddrCounty': '110101'}
2023-06-14 10:41:58.581 | INFO     | httprunner.runner:__run_step:304 - run step end: 企业注册查询注册信息 <<<<<<

2023-06-14 10:41:58.581 | INFO     | httprunner.runner:__run_step:292 - run step begin: 企业注册第二步提交信息 >>>>>>
2023-06-14 10:41:58.582 | INFO     | httprunner.runner:__run_step:292 - run step begin: 企业注册第二步提交信息 >>>>>>
2023-06-14 10:41:58.735 | DEBUG    | httprunner.client:request:186 - client IP: 10.14.148.129, Port: 58825
2023-06-14 10:41:58.735 | DEBUG    | httprunner.client:request:194 - server IP: 139.198.116.76, Port: 8000
2023-06-14 10:41:58.736 | DEBUG    | httprunner.client:log_print:40 - 
================== request details ==================
method   : POST
url      : http://139.198.116.76:8000/api/v3/entApply/registerManageInfo
headers  : {
    "User-Agent": "Mozilla/5.0 (Macintosh; Intel Mac OS X 10_15_7) AppleWebKit/537.36 (KHTML, like Gecko) Chrome/105.0.0.0 Safari/537.36",
    "Accept-Encoding": "gzip, deflate",
    "Accept": "application/json, text/plain, */*",
    "Connection": "keep-alive",
    "Accept-Language": "zh-CN,zh;q=0.9",
    "Content-Type": "application/json;charset=UTF-8",
    "X-HTTP-Method-Override": "put",
    "HRUN-Request-ID": "HRUN-e6862b38-a98e-4e10-a2de-d6b5a95b0054-518583",
    "Cookie": "SESSION=NDE3NWE4MmQtNmRkZi00ODhjLThkZWItMjU2MDY5YjYyM2Fl; SESSION=response.headers.\"Set-Cookie\".session",
    "Content-Length": "3282"
}
cookies  : {
    "SESSION": "NDE3NWE4MmQtNmRkZi00ODhjLThkZWItMjU2MDY5YjYyM2Fl"
}
body     : {
    "applyStep": 3,
    "applyType": null,
    "cltrid": null,
    "contactCrtBackImgPath": null,
    "contactCrtBackImgRid": 2058,
    "contactCrtFrontImgPath": null,
    "contactCrtFrontImgRid": 2057,
    "contactCrtNo": "235051197905309433",
    "contactCrtType": 1,
    "contactEmail": "cZtY9105GytCcUEl@qaqseq.com",
    "contactName": "eV0VMQxNLvJhre5eVnNegBDBHjvKglio",
    "contactPhone": "18162700425",
    "createDate": "2023-06-14 10:41:58",
    "dataHostingContractFilePath": null,
    "dataHostingContractFileRid": null,
    "dataHostingOrg": null,
    "entGeneralId": null,
    "entInfoLicenses": [],
    "entInfoSerIndustrys": [],
    "entInfoSyss": [
        {
            "deployAddr": "致真",
            "deployAddrCity": "110100",
            "deployAddrCounty": "110101",
            "deployAddrProvince": "110000",
            "deployMode": 1,
            "ipPort": null,
            "name": null,
            "sysType": 1
        },
        {
            "deployAddr": "致真",
            "deployAddrCity": "110100",
            "deployAddrCounty": "110101",
            "deployAddrProvince": "110000",
            "deployMode": 1,
            "ipPort": null,
            "name": null,
            "sysType": 2
        },
        {
            "deployAddr": "天津",
            "deployAddrCity": "120100",
            "deployAddrCounty": "120101",
            "deployAddrProvince": "120000",
            "deployMode": 1,
            "ipPort": null,
            "name": null,
            "sysType": 3
        },
        {
            "deployAddr": "天津",
            "deployAddrCity": "120100",
            "deployAddrCounty": "120101",
            "deployAddrProvince": "120000",
            "deployMode": 1,
            "ipPort": null,
            "name": null,
            "sysType": 4
        }
    ],
    "entPrefix": "88.408.724124296021",
    "escrowId": null,
    "escrowOrgName": null,
    "establishDate": null,
    "extDomain": null,
    "extIpAddr": null,
    "extWebName": null,
    "finalAuditMsg": null,
    "finalAuditStatus": null,
    "firstAuditMsg": null,
    "firstAuditStatus": null,
    "id": 1120,
    "idRegNaImp": null,
    "industryCategory": "A",
    "industrySpecific": "01",
    "isSubmit": 0,
    "legalCrtBackImgContent": null,
    "legalCrtBackImgPath": null,
    "legalCrtBackImgRid": 2058,
    "legalCrtFrontImgContent": null,
    "legalCrtFrontImgPath": null,
    "legalCrtFrontImgRid": 2057,
    "legalCrtNo": "235051197905309433",
    "legalCrtType": "1",
    "legalCrtTypeDesc": "中国居民身份证",
    "legalEmail": null,
    "legalFax": null,
    "legalName": "张三",
    "legalPhone": null,
    "orgAddr": "致真",
    "orgAddrCity": "110100",
    "orgAddrCityDesc": "市辖区",
    "orgAddrCounty": "110101",
    "orgAddrCountyDesc": "东城区",
    "orgAddrProvince": "110000",
    "orgAddrProvinceDesc": "北京市",
    "orgCategorySpecificDesc": "农、林、牧、渔业-农业",
    "orgCrtCode": "pVLlZJdJVTdyeccpgnFRfGua8w3EGTop",
    "orgCrtImgContent": null,
    "orgCrtImgPath": null,
    "orgCrtImgRid": 2056,
    "orgCrtType": "1",
    "orgDesc": null,
    "orgName": "TQjnbqIAvEnmMZMHocHHDCz1mIKGStO1",
    "orgNature": "1",
    "orgNatureDesc": "1",
    "periodValidity": null,
    "regAuthority": null,
    "regCapital": null,
    "regRealNaImpName": null,
    "regRealNaImpType": null,
    "servHostingContractFilePath": null,
    "servHostingContractFileRid": null,
    "servHostingOrg": null,
    "servSysBuildContractFilePath": null,
    "servSysBuildContractFileRid": null,
    "servSysBuildName": null,
    "servSysBuildType": 1,
    "servSysOperContractFilePath": null,
    "servSysOperContractFileRid": null,
    "servSysOperName": null,
    "servSysOperType": 1,
    "svtrid": null,
    "thirdServiceMsg": null,
    "thirdServiceStatus": null,
    "updateDate": "2023-06-14 10:41:58",
    "userId": 1331,
    "userName": "eV0VMQxNLvJhre5eVnNegBDBHjvKglio",
    "website": null
}

2023-06-14 10:41:58.737 | DEBUG    | httprunner.client:log_print:40 - 
================== response details ==================
status_code : 200
headers  : {
    "Server": "nginx",
    "Date": "Wed, 14 Jun 2023 02:41:58 GMT",
    "Content-Type": "application/json;charset=UTF-8",
    "Transfer-Encoding": "chunked",
    "Connection": "keep-alive",
    "X-Frame-Options": "SAMEORIGIN"
}
cookies  : {}
encoding : UTF-8
content_type : application/json;charset=UTF-8
body     : {
    "message": "success",
    "status": 1,
    "data": true
}

2023-06-14 10:41:58.737 | INFO     | httprunner.client:request:217 - status_code: 200, response_time(ms): 152.0 ms, response_length: 0 bytes
2023-06-14 10:41:58.737 | INFO     | httprunner.response:validate:249 - assert status_code equal 200(int)	==> pass
2023-06-14 10:41:58.738 | INFO     | httprunner.response:validate:249 - assert body.message equal success(str)	==> pass
2023-06-14 10:41:58.738 | INFO     | httprunner.runner:__run_step:304 - run step end: 企业注册第二步提交信息 <<<<<<

2023-06-14 10:41:58.738 | INFO     | httprunner.runner:__run_step:304 - run step end: 企业注册第二步提交信息 <<<<<<

2023-06-14 10:41:58.739 | INFO     | httprunner.runner:__run_step:292 - run step begin: 企业注册查询注册信息 >>>>>>
2023-06-14 10:41:58.740 | INFO     | httprunner.runner:__run_step:292 - run step begin: 企业注册查询注册信息 >>>>>>
2023-06-14 10:41:58.827 | DEBUG    | httprunner.client:request:186 - client IP: 10.14.148.129, Port: 58825
2023-06-14 10:41:58.828 | DEBUG    | httprunner.client:request:194 - server IP: 139.198.116.76, Port: 8000
2023-06-14 10:41:58.829 | DEBUG    | httprunner.client:log_print:40 - 
================== request details ==================
method   : GET
url      : http://139.198.116.76:8000/api/v3/entApply/applyOrNot
headers  : {
    "User-Agent": "Mozilla/5.0 (Macintosh; Intel Mac OS X 10_15_7) AppleWebKit/537.36 (KHTML, like Gecko) Chrome/105.0.0.0 Safari/537.36",
    "Accept-Encoding": "gzip, deflate",
    "Accept": "application/json, text/plain, */*",
    "Connection": "keep-alive",
    "Accept-Language": "zh-CN,zh;q=0.9",
    "HRUN-Request-ID": "HRUN-e6862b38-a98e-4e10-a2de-d6b5a95b0054-518741",
    "Cookie": "SESSION=NDE3NWE4MmQtNmRkZi00ODhjLThkZWItMjU2MDY5YjYyM2Fl; SESSION=response.headers.\"Set-Cookie\".session"
}
cookies  : {
    "SESSION": "NDE3NWE4MmQtNmRkZi00ODhjLThkZWItMjU2MDY5YjYyM2Fl"
}
body     : None

2023-06-14 10:41:58.831 | DEBUG    | httprunner.client:log_print:40 - 
================== response details ==================
status_code : 200
headers  : {
    "Server": "nginx",
    "Date": "Wed, 14 Jun 2023 02:41:58 GMT",
    "Content-Type": "application/json;charset=UTF-8",
    "Transfer-Encoding": "chunked",
    "Connection": "keep-alive",
    "X-Frame-Options": "SAMEORIGIN"
}
cookies  : {}
encoding : UTF-8
content_type : application/json;charset=UTF-8
body     : {
    "message": "success",
    "status": 1,
    "data": {
        "nbmsEntApplyPO": {
            "id": 1120,
            "createDate": "2023-06-14 10:41:58",
            "updateDate": "2023-06-14 10:41:59",
            "applyType": null,
            "entGeneralId": null,
            "applyStep": 3,
            "isSubmit": 0,
            "entPrefix": "88.408.724124296021",
            "firstAuditStatus": null,
            "firstAuditMsg": null,
            "thirdServiceStatus": null,
            "thirdServiceMsg": null,
            "userName": "eV0VMQxNLvJhre5eVnNegBDBHjvKglio",
            "finalAuditStatus": null,
            "finalAuditMsg": null,
            "svtrid": null,
            "cltrid": null,
            "userId": 1331,
            "orgName": "TQjnbqIAvEnmMZMHocHHDCz1mIKGStO1",
            "orgNature": "1",
            "orgAddrProvince": "110000",
            "orgAddrCity": "110100",
            "orgAddrCounty": "110101",
            "orgAddr": "致真",
            "orgCrtType": "1",
            "orgCrtCode": "pVLlZJdJVTdyeccpgnFRfGua8w3EGTop",
            "legalName": "张三",
            "legalCrtType": "1",
            "legalCrtNo": "235051197905309433",
            "orgDesc": null,
            "industryCategory": "A",
            "industrySpecific": "01",
            "contactName": "eV0VMQxNLvJhre5eVnNegBDBHjvKglio",
            "contactPhone": "18162700425",
            "contactCrtType": 1,
            "contactCrtNo": "235051197905309433",
            "contactEmail": "cZtY9105GytCcUEl@qaqseq.com",
            "website": null,
            "regAuthority": null,
            "regCapital": null,
            "establishDate": null,
            "periodValidity": null,
            "legalEmail": null,
            "legalPhone": null,
            "legalFax": null,
            "servSysBuildType": 1,
            "servSysBuildName": null,
            "servSysOperType": 1,
            "servSysOperName": null,
            "dataHostingOrg": null,
            "servHostingOrg": null,
            "regRealNaImpType": null,
            "regRealNaImpName": null,
            "idRegNaImp": null,
            "extWebName": null,
            "extDomain": null,
            "extIpAddr": null,
            "orgCrtImgRid": 2056,
            "contactCrtFrontImgRid": 2057,
            "contactCrtBackImgRid": 2058,
            "legalCrtFrontImgRid": 2057,
            "legalCrtBackImgRid": 2058,
            "servSysBuildContractFileRid": null,
            "servSysOperContractFileRid": null,
            "dataHostingContractFileRid": null,
            "servHostingContractFileRid": null,
            "entInfoLicenses": [],
            "entInfoSyss": [
                {
                    "id": 2233,
                    "entApplyId": 1120,
                    "sysType": 1,
                    "deployMode": 1,
                    "deployAddr": "致真",
                    "deployAddrProvince": "110000",
                    "deployAddrCity": "110100",
                    "deployAddrCounty": "110101",
                    "name": null,
                    "ipPort": null
                },
                {
                    "id": 2234,
                    "entApplyId": 1120,
                    "sysType": 2,
                    "deployMode": 1,
                    "deployAddr": "致真",
                    "deployAddrProvince": "110000",
                    "deployAddrCity": "110100",
                    "deployAddrCounty": "110101",
                    "name": null,
                    "ipPort": null
                },
                {
                    "id": 2235,
                    "entApplyId": 1120,
                    "sysType": 3,
                    "deployMode": 1,
                    "deployAddr": "天津",
                    "deployAddrProvince": "120000",
                    "deployAddrCity": "120100",
                    "deployAddrCounty": "120101",
                    "name": null,
                    "ipPort": null
                },
                {
                    "id": 2236,
                    "entApplyId": 1120,
                    "sysType": 4,
                    "deployMode": 1,
                    "deployAddr": "天津",
                    "deployAddrProvince": "120000",
                    "deployAddrCity": "120100",
                    "deployAddrCounty": "120101",
                    "name": null,
                    "ipPort": null
                }
            ],
            "entInfoSerIndustrys": [],
            "escrowId": null,
            "industryQualificationRid": null,
            "certificationRid": null,
            "openingBank": null,
            "bankCard": null,
            "verificationName": null,
            "orgNatureDesc": "国有控股",
            "orgCrtImgContent": null,
            "orgCategorySpecificDesc": "农、林、牧、渔业-农业",
            "orgAddrProvinceDesc": "北京市",
            "orgAddrCountyDesc": "东城区",
            "orgAddrCityDesc": "市辖区",
            "legalCrtTypeDesc": "中国居民身份证",
            "legalCrtFrontImgContent": null,
            "legalCrtBackImgContent": null,
            "orgCrtImgPath": "337df93e-c30b-4791-aad7-667c6cb2d603.jpeg",
            "contactCrtFrontImgPath": "b658a172-e1ff-454b-adb0-b078f26087ef.jpeg",
            "contactCrtBackImgPath": "0dfb6a58-2e51-48bf-929e-d1e0d05f289c.jpeg",
            "legalCrtFrontImgPath": "b658a172-e1ff-454b-adb0-b078f26087ef.jpeg",
            "legalCrtBackImgPath": "0dfb6a58-2e51-48bf-929e-d1e0d05f289c.jpeg",
            "servSysBuildContractFilePath": null,
            "servSysOperContractFilePath": null,
            "dataHostingContractFilePath": null,
            "servHostingContractFilePath": null,
            "industryQualificationFilePath": null,
            "certificationFilePath": null,
            "escrowOrgName": null
        },
        "nbmsEntPO": null,
        "nbmsEntPrefixApplyPO": null,
        "needRelog": null,
        "applyStatus": 0
    }
}

2023-06-14 10:41:58.831 | INFO     | httprunner.client:request:217 - status_code: 200, response_time(ms): 86.44 ms, response_length: 0 bytes
2023-06-14 10:41:58.833 | INFO     | httprunner.response:extract:179 - extract mapping: {'applyId': 1120, 'userId': 1331, 'userName': 'eV0VMQxNLvJhre5eVnNegBDBHjvKglio', 'imgId_f': 2057, 'imgId_b': 2058, 'entId': None, 'entUserId': None, 'prefix': '88.408.724124296021', 'contactCrtNo': '235051197905309433', 'contactCrtType': 1, 'contactEmail': 'cZtY9105GytCcUEl@qaqseq.com', 'contactName': 'eV0VMQxNLvJhre5eVnNegBDBHjvKglio', 'contactPhone': '18162700425', 'industryCategory': 'A', 'industrySpecific': '01', 'orgName': 'TQjnbqIAvEnmMZMHocHHDCz1mIKGStO1', 'orgNature': '1', 'orgAddrProvince': '110000', 'orgAddrCity': '110100', 'orgAddrCounty': '110101', 'orgAddr': '致真', 'orgCrtType': '1', 'orgCrtCode': 'pVLlZJdJVTdyeccpgnFRfGua8w3EGTop', 'legalName': '张三', 'legalEmail': None, 'legalPhone': None, 'legalCrtType': '1', 'legalCrtNo': '235051197905309433', 'legalCrtFrontImgRid': 2057, 'legalCrtBackImgRid': 2058, 'orgCrtImgRid': 2056, 'imgId': 2056, 'orgNatureDesc': '国有控股', 'orgCategorySpecificDesc': '农、林、牧、渔业-农业', 'orgAddrProvinceDesc': '北京市', 'orgAddrCountyDesc': '东城区', 'orgAddrCityDesc': '市辖区', 'legalCrtTypeDesc': '中国居民身份证', 'createDate': '2023-06-14 10:41:58', 'updateDate': '2023-06-14 10:41:59', 'entInfoSyss_0_id': 2233, 'entInfoSyss_0_entApplyId': 1120, 'entApplyId': 1120, 'entInfoSyss_0_sysType': 1, 'entInfoSyss_0_deployMode': 1, 'entInfoSyss_0_deployAddr': '致真', 'entInfoSyss_0_deployAddrProvince': '110000', 'entInfoSyss_0_deployAddrCity': '110100', 'entInfoSyss_0_deployAddrCounty': '110101', 'entInfoSyss_1_id': 2234, 'entInfoSyss_1_entApplyId': 1120, 'entInfoSyss_1_sysType': 2, 'entInfoSyss_1_deployMode': 1, 'entInfoSyss_1_deployAddr': '致真', 'entInfoSyss_1_deployAddrProvince': '110000', 'entInfoSyss_1_deployAddrCity': '110100', 'entInfoSyss_1_deployAddrCounty': '110101', 'entInfoSyss_2_id': 2235, 'entInfoSyss_2_entApplyId': 1120, 'entInfoSyss_2_sysType': 3, 'entInfoSyss_2_deployMode': 1, 'entInfoSyss_2_deployAddr': '天津', 'entInfoSyss_2_deployAddrProvince': '120000', 'entInfoSyss_2_deployAddrCity': '120100', 'entInfoSyss_2_deployAddrCounty': '120101', 'entInfoSyss_3_id': 2236, 'entInfoSyss_3_entApplyId': 1120, 'entInfoSyss_3_sysType': 4, 'entInfoSyss_3_deployMode': 1, 'entInfoSyss_3_deployAddr': '天津', 'entInfoSyss_3_deployAddrProvince': '120000', 'entInfoSyss_3_deployAddrCity': '120100', 'entInfoSyss_3_deployAddrCounty': '120101'}
2023-06-14 10:41:58.833 | INFO     | httprunner.response:validate:249 - assert status_code equal 200(int)	==> pass
2023-06-14 10:41:58.833 | INFO     | httprunner.response:validate:249 - assert body.message equal success(str)	==> pass
2023-06-14 10:41:58.833 | INFO     | httprunner.runner:__run_step:304 - run step end: 企业注册查询注册信息 <<<<<<

2023-06-14 10:41:58.834 | INFO     | httprunner.runner:__run_step_testcase:286 - export variables: {'orgAddrProvince': '110000', 'industryCategory': 'A', 'entInfoSyss_1_sysType': 2, 'entInfoSyss_3_deployMode': 1, 'orgName': 'TQjnbqIAvEnmMZMHocHHDCz1mIKGStO1', 'entInfoSyss_0_id': 2233, 'entInfoSyss_0_deployMode': 1, 'entApplyId': 1120, 'legalCrtBackImgRid': 2058, 'orgNatureDesc': '国有控股', 'entInfoSyss_2_deployAddrProvince': '120000', 'orgAddrProvinceDesc': '北京市', 'entInfoSyss_0_deployAddr': '致真', 'entInfoSyss_0_deployAddrCity': '110100', 'entInfoSyss_3_deployAddr': '天津', 'userName': 'eV0VMQxNLvJhre5eVnNegBDBHjvKglio', 'legalCrtType': '1', 'entInfoSyss_1_deployMode': 1, 'entInfoSyss_3_sysType': 4, 'entId': None, 'entInfoSyss_1_deployAddrCounty': '110101', 'entUserId': None, 'legalCrtTypeDesc': '中国居民身份证', 'entInfoSyss_1_id': 2234, 'entInfoSyss_1_entApplyId': 1120, 'entInfoSyss_3_deployAddrCity': '120100', 'entInfoSyss_1_deployAddr': '致真', 'orgCrtType': '1', 'orgCrtImgRid': 2056, 'entInfoSyss_0_deployAddrCounty': '110101', 'prefix': '88.408.724124296021', 'entInfoSyss_2_id': 2235, 'imgId_b': 2058, 'entInfoSyss_0_sysType': 1, 'contactPhone': '18162700425', 'entInfoSyss_2_entApplyId': 1120, 'orgAddrCityDesc': '市辖区', 'orgCategorySpecificDesc': '农、林、牧、渔业-农业', 'imgId': 2056, 'orgAddrCountyDesc': '东城区', 'orgCrtCode': 'pVLlZJdJVTdyeccpgnFRfGua8w3EGTop', 'industrySpecific': '01', 'orgAddr': '致真', 'entInfoSyss_3_entApplyId': 1120, 'entInfoSyss_3_deployAddrCounty': '120101', 'createDate': '2023-06-14 10:41:58', 'orgNature': '1', 'contactCrtNo': '235051197905309433', 'entInfoSyss_2_deployAddrCounty': '120101', 'legalPhone': None, 'entInfoSyss_3_id': 2236, 'entInfoSyss_1_deployAddrProvince': '110000', 'imgId_f': 2057, 'contactName': 'eV0VMQxNLvJhre5eVnNegBDBHjvKglio', 'userId': 1331, 'legalName': '张三', 'applyId': 1120, 'entInfoSyss_2_sysType': 3, 'entInfoSyss_0_entApplyId': 1120, 'entInfoSyss_2_deployMode': 1, 'legalEmail': None, 'contactEmail': 'cZtY9105GytCcUEl@qaqseq.com', 'contactCrtType': 1, 'legalCrtFrontImgRid': 2057, 'orgAddrCity': '110100', 'legalCrtNo': '235051197905309433', 'updateDate': '2023-06-14 10:41:59', 'entInfoSyss_0_deployAddrProvince': '110000', 'entInfoSyss_2_deployAddrCity': '120100', 'entInfoSyss_1_deployAddrCity': '110100', 'entInfoSyss_2_deployAddr': '天津', 'entInfoSyss_3_deployAddrProvince': '120000', 'orgAddrCounty': '110101'}
2023-06-14 10:41:58.834 | INFO     | httprunner.runner:__run_step:304 - run step end: 企业注册查询注册信息 <<<<<<

2023-06-14 10:41:58.834 | INFO     | httprunner.runner:__run_step:292 - run step begin: 企业注册最终第三步提交信息 >>>>>>
2023-06-14 10:41:58.835 | INFO     | httprunner.runner:__run_step:292 - run step begin: 企业注册最终第三步提交信息 >>>>>>
2023-06-14 10:41:59.066 | DEBUG    | httprunner.client:request:186 - client IP: 10.14.148.129, Port: 58825
2023-06-14 10:41:59.066 | DEBUG    | httprunner.client:request:194 - server IP: 139.198.116.76, Port: 8000
2023-06-14 10:41:59.068 | DEBUG    | httprunner.client:log_print:40 - 
================== request details ==================
method   : POST
url      : http://139.198.116.76:8000/api/v3/entApply/apply
headers  : {
    "User-Agent": "Mozilla/5.0 (Macintosh; Intel Mac OS X 10_15_7) AppleWebKit/537.36 (KHTML, like Gecko) Chrome/105.0.0.0 Safari/537.36",
    "Accept-Encoding": "gzip, deflate",
    "Accept": "application/json, text/plain, */*",
    "Connection": "keep-alive",
    "Accept-Language": "zh-CN,zh;q=0.9",
    "Content-Type": "application/json;charset=UTF-8",
    "HRUN-Request-ID": "HRUN-e6862b38-a98e-4e10-a2de-d6b5a95b0054-518836",
    "Cookie": "SESSION=NDE3NWE4MmQtNmRkZi00ODhjLThkZWItMjU2MDY5YjYyM2Fl; SESSION=response.headers.\"Set-Cookie\".session",
    "Content-Length": "3282"
}
cookies  : {
    "SESSION": "NDE3NWE4MmQtNmRkZi00ODhjLThkZWItMjU2MDY5YjYyM2Fl"
}
body     : {
    "applyStep": 4,
    "applyType": null,
    "cltrid": null,
    "contactCrtBackImgPath": null,
    "contactCrtBackImgRid": 2058,
    "contactCrtFrontImgPath": null,
    "contactCrtFrontImgRid": 2057,
    "contactCrtNo": "235051197905309433",
    "contactCrtType": 1,
    "contactEmail": "cZtY9105GytCcUEl@qaqseq.com",
    "contactName": "eV0VMQxNLvJhre5eVnNegBDBHjvKglio",
    "contactPhone": "18162700425",
    "createDate": "2023-06-14 10:41:58",
    "dataHostingContractFilePath": null,
    "dataHostingContractFileRid": null,
    "dataHostingOrg": null,
    "entGeneralId": null,
    "entInfoLicenses": [],
    "entInfoSerIndustrys": [],
    "entInfoSyss": [
        {
            "deployAddr": "致真",
            "deployAddrCity": "110100",
            "deployAddrCounty": "110101",
            "deployAddrProvince": "110000",
            "deployMode": 1,
            "ipPort": null,
            "name": null,
            "sysType": 2
        },
        {
            "deployAddr": "致真",
            "deployAddrCity": "110100",
            "deployAddrCounty": "110101",
            "deployAddrProvince": "110000",
            "deployMode": 1,
            "ipPort": null,
            "name": null,
            "sysType": 3
        },
        {
            "deployAddr": "天津",
            "deployAddrCity": "120100",
            "deployAddrCounty": "120101",
            "deployAddrProvince": "120000",
            "deployMode": 1,
            "ipPort": null,
            "name": null,
            "sysType": 4
        },
        {
            "deployAddr": "天津",
            "deployAddrCity": "120100",
            "deployAddrCounty": "120101",
            "deployAddrProvince": "120000",
            "deployMode": 1,
            "ipPort": null,
            "name": null,
            "sysType": 4
        }
    ],
    "entPrefix": "88.408.724124296021",
    "escrowId": null,
    "escrowOrgName": null,
    "establishDate": null,
    "extDomain": null,
    "extIpAddr": null,
    "extWebName": null,
    "finalAuditMsg": null,
    "finalAuditStatus": null,
    "firstAuditMsg": null,
    "firstAuditStatus": null,
    "id": 1120,
    "idRegNaImp": null,
    "industryCategory": "A",
    "industrySpecific": "01",
    "isSubmit": 0,
    "legalCrtBackImgContent": null,
    "legalCrtBackImgPath": null,
    "legalCrtBackImgRid": 2058,
    "legalCrtFrontImgContent": null,
    "legalCrtFrontImgPath": null,
    "legalCrtFrontImgRid": 2057,
    "legalCrtNo": "235051197905309433",
    "legalCrtType": "1",
    "legalCrtTypeDesc": "中国居民身份证",
    "legalEmail": null,
    "legalFax": null,
    "legalName": "张三",
    "legalPhone": null,
    "orgAddr": "致真",
    "orgAddrCity": "110100",
    "orgAddrCityDesc": "市辖区",
    "orgAddrCounty": "110101",
    "orgAddrCountyDesc": "东城区",
    "orgAddrProvince": "110000",
    "orgAddrProvinceDesc": "北京市",
    "orgCategorySpecificDesc": "农、林、牧、渔业-农业",
    "orgCrtCode": "pVLlZJdJVTdyeccpgnFRfGua8w3EGTop",
    "orgCrtImgContent": null,
    "orgCrtImgPath": null,
    "orgCrtImgRid": 2056,
    "orgCrtType": "1",
    "orgDesc": null,
    "orgName": "TQjnbqIAvEnmMZMHocHHDCz1mIKGStO1",
    "orgNature": "1",
    "orgNatureDesc": "1",
    "periodValidity": null,
    "regAuthority": null,
    "regCapital": null,
    "regRealNaImpName": null,
    "regRealNaImpType": null,
    "servHostingContractFilePath": null,
    "servHostingContractFileRid": null,
    "servHostingOrg": null,
    "servSysBuildContractFilePath": null,
    "servSysBuildContractFileRid": null,
    "servSysBuildName": null,
    "servSysBuildType": 1,
    "servSysOperContractFilePath": null,
    "servSysOperContractFileRid": null,
    "servSysOperName": null,
    "servSysOperType": 1,
    "svtrid": null,
    "thirdServiceMsg": null,
    "thirdServiceStatus": null,
    "updateDate": "2023-06-14 10:41:59",
    "userId": 1331,
    "userName": "eV0VMQxNLvJhre5eVnNegBDBHjvKglio",
    "website": null
}

2023-06-14 10:41:59.068 | DEBUG    | httprunner.client:log_print:40 - 
================== response details ==================
status_code : 200
headers  : {
    "Server": "nginx",
    "Date": "Wed, 14 Jun 2023 02:41:59 GMT",
    "Content-Type": "application/json;charset=UTF-8",
    "Transfer-Encoding": "chunked",
    "Connection": "keep-alive",
    "X-Frame-Options": "SAMEORIGIN"
}
cookies  : {}
encoding : UTF-8
content_type : application/json;charset=UTF-8
body     : {
    "message": "success",
    "status": 1,
    "data": true
}

2023-06-14 10:41:59.069 | INFO     | httprunner.client:request:217 - status_code: 200, response_time(ms): 229.97 ms, response_length: 0 bytes
2023-06-14 10:41:59.069 | INFO     | httprunner.response:validate:249 - assert status_code equal 200(int)	==> pass
2023-06-14 10:41:59.069 | INFO     | httprunner.response:validate:249 - assert body.message equal success(str)	==> pass
2023-06-14 10:41:59.070 | INFO     | httprunner.runner:__run_step:304 - run step end: 企业注册最终第三步提交信息 <<<<<<

2023-06-14 10:41:59.070 | INFO     | httprunner.runner:__run_step:304 - run step end: 企业注册最终第三步提交信息 <<<<<<

2023-06-14 10:41:59.070 | INFO     | httprunner.runner:__run_step:292 - run step begin: 登录-管理员 >>>>>>
2023-06-14 10:41:59.071 | INFO     | httprunner.runner:__run_step:292 - run step begin: 登录-企业用户 >>>>>>
2023-06-14 10:41:59.191 | DEBUG    | httprunner.client:request:186 - client IP: 10.14.148.129, Port: 58825
2023-06-14 10:41:59.192 | DEBUG    | httprunner.client:request:194 - server IP: 139.198.116.76, Port: 8000
2023-06-14 10:41:59.193 | DEBUG    | httprunner.client:log_print:40 - 
================== request details ==================
method   : POST
url      : http://139.198.116.76:8000/api/home/test/login
headers  : {
    "User-Agent": "python-requests/2.28.1",
    "Accept-Encoding": "gzip, deflate, br",
    "Accept": "*/*",
    "Connection": "keep-alive",
    "Content-Length": "144",
    "Content-Type": "application/json",
    "HRUN-Request-ID": "HRUN-e6862b38-a98e-4e10-a2de-d6b5a95b0054-519072",
    "Cookie": "SESSION=NDE3NWE4MmQtNmRkZi00ODhjLThkZWItMjU2MDY5YjYyM2Fl"
}
cookies  : {
    "SESSION": "NDE3NWE4MmQtNmRkZi00ODhjLThkZWItMjU2MDY5YjYyM2Fl"
}
body     : {
    "captcha": "0000",
    "captchaSign": "5d39bab12bba81ab59b3931d2ca06ee9603c3803355932be66974f122cab3502",
    "emailCaptcha": "",
    "username": "adminy"
}

2023-06-14 10:41:59.194 | DEBUG    | httprunner.client:log_print:40 - 
================== response details ==================
status_code : 200
headers  : {
    "Server": "nginx",
    "Date": "Wed, 14 Jun 2023 02:41:59 GMT",
    "Content-Type": "application/json;charset=UTF-8",
    "Transfer-Encoding": "chunked",
    "Connection": "keep-alive",
    "Set-Cookie": "SESSION=NzVjMjc5OTctOTA0NS00NjNkLThlYmItMzE1NDkwYjQ5Njk1; Path=/; HttpOnly; SameSite=Lax",
    "X-Frame-Options": "SAMEORIGIN"
}
cookies  : {
    "SESSION": "NzVjMjc5OTctOTA0NS00NjNkLThlYmItMzE1NDkwYjQ5Njk1"
}
encoding : UTF-8
content_type : application/json;charset=UTF-8
body     : {
    "message": "success",
    "status": 1,
    "data": true
}

2023-06-14 10:41:59.194 | INFO     | httprunner.client:request:217 - status_code: 200, response_time(ms): 118.89 ms, response_length: 0 bytes
2023-06-14 10:41:59.194 | INFO     | httprunner.response:extract:179 - extract mapping: {'adminSession': 'response.headers."Set-Cookie".session'}
2023-06-14 10:41:59.194 | INFO     | httprunner.response:validate:249 - assert status_code equal 200(int)	==> pass
2023-06-14 10:41:59.195 | INFO     | httprunner.response:validate:249 - assert headers."Content-Type" equal application/json;charset=UTF-8(str)	==> pass
2023-06-14 10:41:59.195 | INFO     | httprunner.response:validate:249 - assert body.message equal success(str)	==> pass
2023-06-14 10:41:59.195 | INFO     | httprunner.response:validate:249 - assert body.status equal 1(int)	==> pass
2023-06-14 10:41:59.195 | INFO     | httprunner.response:validate:249 - assert body.data equal True(bool)	==> pass
2023-06-14 10:41:59.195 | INFO     | httprunner.runner:__run_step:304 - run step end: 登录-企业用户 <<<<<<

2023-06-14 10:41:59.196 | INFO     | httprunner.runner:__run_step_testcase:286 - export variables: {'adminSession': 'response.headers."Set-Cookie".session'}
2023-06-14 10:41:59.196 | INFO     | httprunner.runner:__run_step:304 - run step end: 登录-管理员 <<<<<<

2023-06-14 10:41:59.196 | INFO     | httprunner.runner:__run_step:292 - run step begin: 年费费用查询 >>>>>>
2023-06-14 10:41:59.197 | INFO     | httprunner.runner:__run_step:292 - run step begin: 财务规则查询-年费 >>>>>>
2023-06-14 10:41:59.267 | DEBUG    | httprunner.client:request:186 - client IP: 10.14.148.129, Port: 58825
2023-06-14 10:41:59.268 | DEBUG    | httprunner.client:request:194 - server IP: 139.198.116.76, Port: 8000
2023-06-14 10:41:59.269 | DEBUG    | httprunner.client:log_print:40 - 
================== request details ==================
method   : GET
url      : http://139.198.116.76:8000/api/finance/rule/findRule?cache=1663837640684&moneyType=2&userId=1331
headers  : {
    "User-Agent": "Mozilla/5.0 (Macintosh; Intel Mac OS X 10_15_7) AppleWebKit/537.36 (KHTML, like Gecko) Chrome/98.0.4758.102 Safari/537.36 Edg/98.0.1108.56",
    "Accept-Encoding": "gzip, deflate",
    "Accept": "application/json, text/plain, */*",
    "Connection": "keep-alive",
    "Accept-Language": "zh-CN,zh;q=0.9,en;q=0.8,en-GB;q=0.7,en-US;q=0.6",
    "HRUN-Request-ID": "HRUN-e6862b38-a98e-4e10-a2de-d6b5a95b0054-519198",
    "Cookie": "SESSION=NzVjMjc5OTctOTA0NS00NjNkLThlYmItMzE1NDkwYjQ5Njk1; SESSION=response.headers.\"Set-Cookie\".session"
}
cookies  : {
    "SESSION": "NzVjMjc5OTctOTA0NS00NjNkLThlYmItMzE1NDkwYjQ5Njk1"
}
body     : None

2023-06-14 10:41:59.270 | DEBUG    | httprunner.client:log_print:40 - 
================== response details ==================
status_code : 200
headers  : {
    "Server": "nginx",
    "Date": "Wed, 14 Jun 2023 02:41:59 GMT",
    "Content-Type": "application/json;charset=UTF-8",
    "Transfer-Encoding": "chunked",
    "Connection": "keep-alive",
    "X-Frame-Options": "SAMEORIGIN"
}
cookies  : {}
encoding : UTF-8
content_type : application/json;charset=UTF-8
body     : {
    "message": "success",
    "status": 1,
    "data": [
        {
            "id": 78,
            "createDate": "2023-05-31 12:51:47",
            "updateDate": "2023-05-31 12:51:47",
            "name": "标准",
            "money": 10000.0,
            "moneyType": 2,
            "prefixCount": 1,
            "remart": "test",
            "entName": null,
            "entUserId": null,
            "ruleType": 2,
            "escrowId": null
        }
    ]
}

2023-06-14 10:41:59.270 | INFO     | httprunner.client:request:217 - status_code: 200, response_time(ms): 69.59 ms, response_length: 0 bytes
2023-06-14 10:41:59.271 | INFO     | httprunner.response:extract:179 - extract mapping: {'annualFeeRuleId': 78}
2023-06-14 10:41:59.271 | INFO     | httprunner.response:validate:249 - assert status_code equal 200(int)	==> pass
2023-06-14 10:41:59.271 | INFO     | httprunner.response:validate:249 - assert body.message equal success(str)	==> pass
2023-06-14 10:41:59.271 | INFO     | httprunner.response:validate:249 - assert body.status equal 1(int)	==> pass
2023-06-14 10:41:59.272 | INFO     | httprunner.runner:__run_step:304 - run step end: 财务规则查询-年费 <<<<<<

2023-06-14 10:41:59.272 | INFO     | httprunner.runner:__run_step_testcase:286 - export variables: {'annualFeeRuleId': 78}
2023-06-14 10:41:59.272 | INFO     | httprunner.runner:__run_step:304 - run step end: 年费费用查询 <<<<<<

2023-06-14 10:41:59.272 | INFO     | httprunner.runner:__run_step:292 - run step begin: 注册费费用查询 >>>>>>
2023-06-14 10:41:59.273 | INFO     | httprunner.runner:__run_step:292 - run step begin: 财务规则查询-注册费 >>>>>>
2023-06-14 10:41:59.773 | DEBUG    | httprunner.client:request:186 - client IP: 10.14.148.129, Port: 58825
2023-06-14 10:41:59.774 | DEBUG    | httprunner.client:request:194 - server IP: 139.198.116.76, Port: 8000
2023-06-14 10:41:59.774 | DEBUG    | httprunner.client:log_print:40 - 
================== request details ==================
method   : GET
url      : http://139.198.116.76:8000/api/finance/rule/findRule?moneyType=1&userId=1331
headers  : {
    "User-Agent": "Mozilla/5.0 (Macintosh; Intel Mac OS X 10_15_7) AppleWebKit/537.36 (KHTML, like Gecko) Chrome/98.0.4758.102 Safari/537.36 Edg/98.0.1108.56",
    "Accept-Encoding": "gzip, deflate",
    "Accept": "application/json, text/plain, */*",
    "Connection": "keep-alive",
    "Accept-Language": "zh-CN,zh;q=0.9,en;q=0.8,en-GB;q=0.7,en-US;q=0.6",
    "HRUN-Request-ID": "HRUN-e6862b38-a98e-4e10-a2de-d6b5a95b0054-519274",
    "Cookie": "SESSION=NzVjMjc5OTctOTA0NS00NjNkLThlYmItMzE1NDkwYjQ5Njk1; SESSION=response.headers.\"Set-Cookie\".session"
}
cookies  : {
    "SESSION": "NzVjMjc5OTctOTA0NS00NjNkLThlYmItMzE1NDkwYjQ5Njk1"
}
body     : None

2023-06-14 10:41:59.775 | DEBUG    | httprunner.client:log_print:40 - 
================== response details ==================
status_code : 200
headers  : {
    "Server": "nginx",
    "Date": "Wed, 14 Jun 2023 02:41:59 GMT",
    "Content-Type": "application/json;charset=UTF-8",
    "Transfer-Encoding": "chunked",
    "Connection": "keep-alive",
    "X-Frame-Options": "SAMEORIGIN"
}
cookies  : {}
encoding : UTF-8
content_type : application/json;charset=UTF-8
body     : {
    "message": "success",
    "status": 1,
    "data": [
        {
            "id": 77,
            "createDate": "2023-05-31 12:51:33",
            "updateDate": "2023-05-31 12:51:33",
            "name": "标准",
            "money": 10000.0,
            "moneyType": 1,
            "prefixCount": 1,
            "remart": "test",
            "entName": null,
            "entUserId": null,
            "ruleType": 2,
            "escrowId": null
        }
    ]
}

2023-06-14 10:41:59.775 | INFO     | httprunner.client:request:217 - status_code: 200, response_time(ms): 498.69 ms, response_length: 0 bytes
2023-06-14 10:41:59.776 | INFO     | httprunner.response:extract:179 - extract mapping: {'regFeeRuleId': 77}
2023-06-14 10:41:59.776 | INFO     | httprunner.response:validate:249 - assert status_code equal 200(int)	==> pass
2023-06-14 10:41:59.776 | INFO     | httprunner.response:validate:249 - assert body.message equal success(str)	==> pass
2023-06-14 10:41:59.776 | INFO     | httprunner.response:validate:249 - assert body.status equal 1(int)	==> pass
2023-06-14 10:41:59.776 | INFO     | httprunner.runner:__run_step:304 - run step end: 财务规则查询-注册费 <<<<<<

2023-06-14 10:41:59.777 | INFO     | httprunner.runner:__run_step_testcase:286 - export variables: {'regFeeRuleId': 77}
2023-06-14 10:41:59.777 | INFO     | httprunner.runner:__run_step:304 - run step end: 注册费费用查询 <<<<<<

2023-06-14 10:41:59.777 | INFO     | httprunner.runner:__run_step:292 - run step begin: 审核结果保存 >>>>>>
2023-06-14 10:41:59.778 | INFO     | httprunner.runner:__run_step:292 - run step begin: 企业审核保存 >>>>>>
2023-06-14 10:42:01.943 | DEBUG    | httprunner.client:request:186 - client IP: 10.14.148.129, Port: 58825
2023-06-14 10:42:01.945 | DEBUG    | httprunner.client:request:194 - server IP: 139.198.116.76, Port: 8000
2023-06-14 10:42:01.946 | DEBUG    | httprunner.client:log_print:40 - 
================== request details ==================
method   : POST
url      : http://139.198.116.76:8000/api/v3/ent/audit/save?annualFeeRuleId=78&applyId=1120&auditMsg=%E5%AE%A1%E6%A0%B8%E9%80%9A%E8%BF%87&auditResult=pass&entPrefix=88.408.724124296021&regFeeRuleId=77
headers  : {
    "User-Agent": "Mozilla/5.0 (Macintosh; Intel Mac OS X 10_15_7) AppleWebKit/537.36 (KHTML, like Gecko) Chrome/98.0.4758.102 Safari/537.36 Edg/98.0.1108.56",
    "Accept-Encoding": "gzip, deflate",
    "Accept": "application/json, text/plain, */*",
    "Connection": "keep-alive",
    "Accept-Language": "zh-CN,zh;q=0.9,en;q=0.8,en-GB;q=0.7,en-US;q=0.6",
    "Content-Length": "0",
    "HRUN-Request-ID": "HRUN-e6862b38-a98e-4e10-a2de-d6b5a95b0054-519778",
    "Cookie": "SESSION=NzVjMjc5OTctOTA0NS00NjNkLThlYmItMzE1NDkwYjQ5Njk1; SESSION=response.headers.\"Set-Cookie\".session"
}
cookies  : {
    "SESSION": "NzVjMjc5OTctOTA0NS00NjNkLThlYmItMzE1NDkwYjQ5Njk1"
}
body     : None

2023-06-14 10:42:01.947 | DEBUG    | httprunner.client:log_print:40 - 
================== response details ==================
status_code : 200
headers  : {
    "Server": "nginx",
    "Date": "Wed, 14 Jun 2023 02:42:01 GMT",
    "Content-Type": "application/json",
    "Transfer-Encoding": "chunked",
    "Connection": "keep-alive",
    "X-Frame-Options": "SAMEORIGIN"
}
cookies  : {}
encoding : utf-8
content_type : application/json
body     : {
    "message": "success",
    "status": 1,
    "data": true
}

2023-06-14 10:42:01.947 | INFO     | httprunner.client:request:217 - status_code: 200, response_time(ms): 2164.73 ms, response_length: 0 bytes
2023-06-14 10:42:01.948 | INFO     | httprunner.response:validate:249 - assert status_code equal 200(int)	==> pass
2023-06-14 10:42:01.948 | INFO     | httprunner.response:validate:249 - assert body.message equal success(str)	==> pass
2023-06-14 10:42:01.948 | INFO     | httprunner.response:validate:249 - assert body.status equal 1(int)	==> pass
2023-06-14 10:42:01.949 | INFO     | httprunner.response:validate:249 - assert body.data equal True(bool)	==> pass
2023-06-14 10:42:01.949 | INFO     | httprunner.runner:__run_step:304 - run step end: 企业审核保存 <<<<<<

2023-06-14 10:42:01.949 | INFO     | httprunner.runner:__run_step:304 - run step end: 审核结果保存 <<<<<<

2023-06-14 10:42:01.950 | INFO     | httprunner.runner:__run_step:292 - run step begin: 申请记录分页 >>>>>>
2023-06-14 10:42:01.951 | INFO     | httprunner.runner:__run_step:292 - run step begin: 申请记录分页列表 >>>>>>
2023-06-14 10:42:02.056 | DEBUG    | httprunner.client:request:186 - client IP: 10.14.148.129, Port: 58825
2023-06-14 10:42:02.057 | DEBUG    | httprunner.client:request:194 - server IP: 139.198.116.76, Port: 8000
2023-06-14 10:42:02.059 | DEBUG    | httprunner.client:log_print:40 - 
================== request details ==================
method   : GET
url      : http://139.198.116.76:8000/api/v3/entApply/record/pageQuery?currentPage=&order=&orderProp=&orgName=TQjnbqIAvEnmMZMHocHHDCz1mIKGStO1&rangeTime=
headers  : {
    "User-Agent": "Mozilla/5.0 (Macintosh; Intel Mac OS X 10_15_7) AppleWebKit/537.36 (KHTML, like Gecko) Chrome/105.0.0.0 Safari/537.36",
    "Accept-Encoding": "gzip, deflate",
    "Accept": "application/json, text/plain, */*",
    "Connection": "keep-alive",
    "Accept-Language": "zh-CN,zh;q=0.9",
    "HRUN-Request-ID": "HRUN-e6862b38-a98e-4e10-a2de-d6b5a95b0054-521951",
    "Cookie": "SESSION=NzVjMjc5OTctOTA0NS00NjNkLThlYmItMzE1NDkwYjQ5Njk1; SESSION=response.headers.\"Set-Cookie\".session"
}
cookies  : {
    "SESSION": "NzVjMjc5OTctOTA0NS00NjNkLThlYmItMzE1NDkwYjQ5Njk1"
}
body     : None

2023-06-14 10:42:02.060 | DEBUG    | httprunner.client:log_print:40 - 
================== response details ==================
status_code : 200
headers  : {
    "Server": "nginx",
    "Date": "Wed, 14 Jun 2023 02:42:02 GMT",
    "Content-Type": "application/json",
    "Transfer-Encoding": "chunked",
    "Connection": "keep-alive",
    "X-Frame-Options": "SAMEORIGIN"
}
cookies  : {}
encoding : utf-8
content_type : application/json
body     : {
    "message": "success",
    "status": 1,
    "data": {
        "first": true,
        "last": true,
        "totalPages": 1,
        "totalElements": 1,
        "number": 1,
        "size": 10,
        "sort": {
            "sorted": false,
            "unsorted": true,
            "empty": true
        },
        "numberOfElements": 1,
        "content": [
            {
                "id": 1120,
                "escrowOrgName": null,
                "orgName": "TQjnbqIAvEnmMZMHocHHDCz1mIKGStO1",
                "entPrefix": "88.408.724124296021",
                "orgCrtCode": "pVLlZJdJVTdyeccpgnFRfGua8w3EGTop",
                "orgNature": 1,
                "applyType": 1,
                "thirdServiceStatus": 3,
                "firstAuditStatus": 2,
                "createDate": "2023-06-14 10:41:58",
                "updateDate": "2023-06-14 10:42:02"
            }
        ]
    }
}

2023-06-14 10:42:02.061 | INFO     | httprunner.client:request:217 - status_code: 200, response_time(ms): 104.92 ms, response_length: 0 bytes
2023-06-14 10:42:02.061 | INFO     | httprunner.response:extract:179 - extract mapping: {'applyId': 1120}
2023-06-14 10:42:02.062 | INFO     | httprunner.response:validate:249 - assert status_code equal 200(int)	==> pass
2023-06-14 10:42:02.062 | INFO     | httprunner.response:validate:249 - assert headers."Content-Type" equal application/json(str)	==> pass
2023-06-14 10:42:02.062 | INFO     | httprunner.response:validate:249 - assert body.message equal success(str)	==> pass
2023-06-14 10:42:02.062 | INFO     | httprunner.response:validate:249 - assert body.status equal 1(int)	==> pass
2023-06-14 10:42:02.062 | INFO     | httprunner.runner:__run_step:304 - run step end: 申请记录分页列表 <<<<<<

2023-06-14 10:42:02.063 | INFO     | httprunner.runner:__run_step_testcase:286 - export variables: {'applyId': 1120}
2023-06-14 10:42:02.063 | INFO     | httprunner.runner:__run_step:304 - run step end: 申请记录分页 <<<<<<

2023-06-14 10:42:02.063 | INFO     | httprunner.runner:__run_step:292 - run step begin: 申请记录详情 >>>>>>
2023-06-14 10:42:02.064 | INFO     | httprunner.runner:__run_step:292 - run step begin: 申请记录详情 >>>>>>
2023-06-14 10:42:02.171 | DEBUG    | httprunner.client:request:186 - client IP: 10.14.148.129, Port: 58825
2023-06-14 10:42:02.171 | DEBUG    | httprunner.client:request:194 - server IP: 139.198.116.76, Port: 8000
2023-06-14 10:42:02.172 | DEBUG    | httprunner.client:log_print:40 - 
================== request details ==================
method   : GET
url      : http://139.198.116.76:8000/api/v3/entApply/record/detail?applyId=1120&isSensetive=1
headers  : {
    "User-Agent": "Mozilla/5.0 (Macintosh; Intel Mac OS X 10_15_7) AppleWebKit/537.36 (KHTML, like Gecko) Chrome/105.0.0.0 Safari/537.36",
    "Accept-Encoding": "gzip, deflate",
    "Accept": "application/json, text/plain, */*",
    "Connection": "keep-alive",
    "Accept-Language": "zh-CN,zh;q=0.9",
    "HRUN-Request-ID": "HRUN-e6862b38-a98e-4e10-a2de-d6b5a95b0054-522065",
    "Cookie": "SESSION=NzVjMjc5OTctOTA0NS00NjNkLThlYmItMzE1NDkwYjQ5Njk1; SESSION=response.headers.\"Set-Cookie\".session"
}
cookies  : {
    "SESSION": "NzVjMjc5OTctOTA0NS00NjNkLThlYmItMzE1NDkwYjQ5Njk1"
}
body     : None

2023-06-14 10:42:02.174 | DEBUG    | httprunner.client:log_print:40 - 
================== response details ==================
status_code : 200
headers  : {
    "Server": "nginx",
    "Date": "Wed, 14 Jun 2023 02:42:02 GMT",
    "Content-Type": "application/json",
    "Transfer-Encoding": "chunked",
    "Connection": "keep-alive",
    "X-Frame-Options": "SAMEORIGIN"
}
cookies  : {}
encoding : utf-8
content_type : application/json
body     : {
    "message": "success",
    "status": 1,
    "data": {
        "entApplyPO": {
            "id": 1120,
            "createDate": "2023-06-14 10:41:58",
            "updateDate": "2023-06-14 10:42:02",
            "applyType": 1,
            "entGeneralId": "2811183900000001",
            "applyStep": 4,
            "isSubmit": 1,
            "entPrefix": "88.408.724124296021",
            "firstAuditStatus": 2,
            "firstAuditMsg": "审核通过",
            "thirdServiceStatus": 3,
            "thirdServiceMsg": null,
            "userName": "eV0VMQxNLvJhre5eVnNegBDBHjvKglio",
            "finalAuditStatus": null,
            "finalAuditMsg": null,
            "svtrid": "230614103900000011",
            "cltrid": "168671052050476502380",
            "userId": 1331,
            "orgName": "TQjnbqIAvEnmMZMHocHHDCz1mIKGStO1",
            "orgNature": "1",
            "orgAddrProvince": "110000",
            "orgAddrCity": "110100",
            "orgAddrCounty": "110101",
            "orgAddr": "致真",
            "orgCrtType": "1",
            "orgCrtCode": "pVLlZJdJVTdyeccpgnFRfGua8w3EGTop",
            "legalName": "*三",
            "legalCrtType": "1",
            "legalCrtNo": "**************9433",
            "orgDesc": null,
            "industryCategory": "A",
            "industrySpecific": "01",
            "contactName": "******************************io",
            "contactPhone": "181****0425",
            "contactCrtType": 1,
            "contactCrtNo": "**************9433",
            "contactEmail": "cZt*************@qaqseq.com",
            "website": null,
            "regAuthority": null,
            "regCapital": null,
            "establishDate": null,
            "periodValidity": null,
            "legalEmail": null,
            "legalPhone": null,
            "legalFax": null,
            "servSysBuildType": 1,
            "servSysBuildName": null,
            "servSysOperType": 1,
            "servSysOperName": null,
            "dataHostingOrg": null,
            "servHostingOrg": null,
            "regRealNaImpType": null,
            "regRealNaImpName": null,
            "idRegNaImp": null,
            "extWebName": null,
            "extDomain": null,
            "extIpAddr": null,
            "orgCrtImgRid": 2056,
            "contactCrtFrontImgRid": 2057,
            "contactCrtBackImgRid": 2058,
            "legalCrtFrontImgRid": 2057,
            "legalCrtBackImgRid": 2058,
            "servSysBuildContractFileRid": null,
            "servSysOperContractFileRid": null,
            "dataHostingContractFileRid": null,
            "servHostingContractFileRid": null,
            "entInfoLicenses": [],
            "entInfoSyss": [
                {
                    "id": 2233,
                    "entApplyId": 1120,
                    "sysType": 1,
                    "deployMode": 1,
                    "deployAddr": "致真",
                    "deployAddrProvince": "110000",
                    "deployAddrCity": "110100",
                    "deployAddrCounty": "110101",
                    "name": null,
                    "ipPort": null
                },
                {
                    "id": 2234,
                    "entApplyId": 1120,
                    "sysType": 2,
                    "deployMode": 1,
                    "deployAddr": "致真",
                    "deployAddrProvince": "110000",
                    "deployAddrCity": "110100",
                    "deployAddrCounty": "110101",
                    "name": null,
                    "ipPort": null
                },
                {
                    "id": 2235,
                    "entApplyId": 1120,
                    "sysType": 3,
                    "deployMode": 1,
                    "deployAddr": "天津",
                    "deployAddrProvince": "120000",
                    "deployAddrCity": "120100",
                    "deployAddrCounty": "120101",
                    "name": null,
                    "ipPort": null
                },
                {
                    "id": 2236,
                    "entApplyId": 1120,
                    "sysType": 4,
                    "deployMode": 1,
                    "deployAddr": "天津",
                    "deployAddrProvince": "120000",
                    "deployAddrCity": "120100",
                    "deployAddrCounty": "120101",
                    "name": null,
                    "ipPort": null
                }
            ],
            "entInfoSerIndustrys": [],
            "escrowId": null,
            "industryQualificationRid": null,
            "certificationRid": null,
            "openingBank": null,
            "bankCard": null,
            "verificationName": null,
            "orgNatureDesc": "国有控股",
            "orgCrtImgContent": null,
            "orgCategorySpecificDesc": "农、林、牧、渔业-农业",
            "orgAddrProvinceDesc": "北京市",
            "orgAddrCountyDesc": "东城区",
            "orgAddrCityDesc": "市辖区",
            "legalCrtTypeDesc": "中国居民身份证",
            "legalCrtFrontImgContent": null,
            "legalCrtBackImgContent": null,
            "orgCrtImgPath": "337df93e-c30b-4791-aad7-667c6cb2d603.jpeg",
            "contactCrtFrontImgPath": "b658a172-e1ff-454b-adb0-b078f26087ef.jpeg",
            "contactCrtBackImgPath": "0dfb6a58-2e51-48bf-929e-d1e0d05f289c.jpeg",
            "legalCrtFrontImgPath": "b658a172-e1ff-454b-adb0-b078f26087ef.jpeg",
            "legalCrtBackImgPath": "0dfb6a58-2e51-48bf-929e-d1e0d05f289c.jpeg",
            "servSysBuildContractFilePath": null,
            "servSysOperContractFilePath": null,
            "dataHostingContractFilePath": null,
            "servHostingContractFilePath": null,
            "industryQualificationFilePath": null,
            "certificationFilePath": null,
            "escrowOrgName": null
        },
        "verifyDetailVO": {
            "verifyStatus": 3,
            "verifyMsg": null,
            "createDate": "2023-06-14 10:42:02",
            "verificationName": null
        },
        "entAuditPOs": [
            {
                "id": 30776,
                "createDate": "2023-06-14 10:42:02",
                "updateDate": "2023-06-14 10:42:02",
                "applyId": 1120,
                "status": 2,
                "auditMsg": "审核通过",
                "auditUserId": 630,
                "auditUser": "adminy",
                "entId": null,
                "entUserId": 1331,
                "escrowId": null
            }
        ]
    }
}

2023-06-14 10:42:02.175 | INFO     | httprunner.client:request:217 - status_code: 200, response_time(ms): 105.72 ms, response_length: 0 bytes
2023-06-14 10:42:02.175 | INFO     | httprunner.response:validate:249 - assert status_code equal 200(int)	==> pass
2023-06-14 10:42:02.176 | INFO     | httprunner.response:validate:249 - assert headers."Content-Type" equal application/json(str)	==> pass
2023-06-14 10:42:02.176 | INFO     | httprunner.response:validate:249 - assert body.message equal success(str)	==> pass
2023-06-14 10:42:02.176 | INFO     | httprunner.response:validate:249 - assert body.status equal 1(int)	==> pass
2023-06-14 10:42:02.176 | INFO     | httprunner.response:validate:249 - assert body.data.entAuditPOs[0].status contained_by [1, 2, 3](list)	==> pass
2023-06-14 10:42:02.177 | INFO     | httprunner.response:validate:249 - assert body.data.verifyDetailVO.verifyStatus contained_by [1, 2, 3, 4, 5](list)	==> pass
2023-06-14 10:42:02.177 | INFO     | httprunner.runner:__run_step:304 - run step end: 申请记录详情 <<<<<<

2023-06-14 10:42:02.177 | INFO     | httprunner.runner:__run_step:304 - run step end: 申请记录详情 <<<<<<

