2023-06-15 10:49:32.019 | INFO     | httprunner.runner:test_start:450 - Start to run testcase: 门户查询格式错误的标识信息用例集, TestCase ID: eb36dbf9-051c-4e85-a835-69cb3ebc4130
2023-06-15 10:49:32.020 | INFO     | httprunner.runner:__run_step:292 - run step begin: 门户查询标识信息格式错误 >>>>>>
2023-06-15 10:49:32.020 | INFO     | httprunner.runner:__run_step:292 - run step begin: 门户查询标识信息格式错误 >>>>>>
2023-06-15 10:49:32.138 | DEBUG    | httprunner.client:request:186 - client IP: 127.0.0.1, Port: 49154
2023-06-15 10:49:32.139 | DEBUG    | httprunner.client:request:194 - server IP: 127.0.0.1, Port: 8888
2023-06-15 10:49:32.139 | DEBUG    | httprunner.client:log_print:40 - 
================== request details ==================
method   : GET
url      : http://139.198.116.76:8000/api/identityv2/query/data?handle=sdfsdfsdf
headers  : {
    "User-Agent": "Mozilla/5.0 (Macintosh; Intel Mac OS X 10_15_7) AppleWebKit/537.36 (KHTML, like Gecko) Chrome/105.0.0.0 Safari/537.36",
    "Accept-Encoding": "gzip, deflate",
    "Accept": "application/json, text/plain, */*",
    "Connection": "keep-alive",
    "Accept-Language": "zh-CN,zh;q=0.9",
    "HRUN-Request-ID": "HRUN-eb36dbf9-051c-4e85-a835-69cb3ebc4130-372020"
}
cookies  : {}
body     : None

2023-06-15 10:49:32.139 | DEBUG    | httprunner.client:log_print:40 - 
================== response details ==================
status_code : 200
headers  : {
    "Server": "nginx",
    "Date": "Thu, 15 Jun 2023 02:49:32 GMT",
    "Content-Type": "application/json",
    "Transfer-Encoding": "chunked",
    "X-Frame-Options": "SAMEORIGIN",
    "Connection": "keep-alive"
}
cookies  : {}
encoding : utf-8
content_type : application/json
body     : {
    "message": "标识格式不合法",
    "status": -2,
    "data": null
}

2023-06-15 10:49:32.139 | INFO     | httprunner.client:request:217 - status_code: 200, response_time(ms): 118.18 ms, response_length: 0 bytes
2023-06-15 10:49:32.139 | INFO     | httprunner.response:validate:249 - assert status_code equal 200(int)	==> pass
2023-06-15 10:49:32.139 | INFO     | httprunner.response:validate:249 - assert body.message equal 标识格式不合法(str)	==> pass
2023-06-15 10:49:32.139 | INFO     | httprunner.runner:__run_step:304 - run step end: 门户查询标识信息格式错误 <<<<<<

2023-06-15 10:49:32.139 | INFO     | httprunner.runner:__run_step:304 - run step end: 门户查询标识信息格式错误 <<<<<<

