2023-06-26 10:32:55.980 | INFO     | httprunner.runner:test_start:450 - Start to run testcase: 企业注册信息第三步暂存用例集, TestCase ID: ee59f2a2-880a-4f4b-b3dc-66db797d7e7e
2023-06-26 10:32:55.981 | INFO     | httprunner.runner:__run_step:292 - run step begin: 用户注册 >>>>>>
2023-06-26 10:32:55.981 | INFO     | httprunner.runner:__run_step:292 - run step begin: 用户注册 >>>>>>
2023-06-26 10:32:56.203 | DEBUG    | httprunner.client:request:186 - client IP: 127.0.0.1, Port: 50824
2023-06-26 10:32:56.204 | DEBUG    | httprunner.client:request:194 - server IP: 127.0.0.1, Port: 8888
2023-06-26 10:32:56.205 | DEBUG    | httprunner.client:log_print:40 - 
================== request details ==================
method   : POST
url      : http://139.198.116.76:8000/api/home/test/registry
headers  : {
    "User-Agent": "Mozilla/5.0 (Windows NT 10.0; WOW64) AppleWebKit/537.36 (KHTML, like Gecko) Chrome/100.0.4896.60 Safari/537.36",
    "Accept-Encoding": "gzip, deflate",
    "Accept": "application/json, text/plain, */*",
    "Connection": "keep-alive",
    "Accept-Language": "zh-CN,zh;q=0.9",
    "HRUN-Request-ID": "HRUN-ee59f2a2-880a-4f4b-b3dc-66db797d7e7e-775981",
    "Content-Length": "187",
    "Content-Type": "application/json"
}
cookies  : {}
body     : {
    "email": "ebKyPCMQiyIxi9MG@qaqseq.com",
    "mobile": "18167508753",
    "openId": "",
    "openUserName": "",
    "password": "Admin@123",
    "remarks": "",
    "username": "DYKFF5mUw2gwEu4o1jVXdJKF5SUS9GqB"
}

2023-06-26 10:32:56.205 | DEBUG    | httprunner.client:log_print:40 - 
================== response details ==================
status_code : 200
headers  : {
    "Server": "nginx",
    "Date": "Mon, 26 Jun 2023 02:32:56 GMT",
    "Content-Type": "application/json",
    "Transfer-Encoding": "chunked",
    "X-Frame-Options": "SAMEORIGIN",
    "Connection": "keep-alive"
}
cookies  : {}
encoding : utf-8
content_type : application/json
body     : {
    "message": "success",
    "status": 1,
    "data": true
}

2023-06-26 10:32:56.206 | INFO     | httprunner.client:request:217 - status_code: 200, response_time(ms): 222.24 ms, response_length: 0 bytes
2023-06-26 10:32:56.206 | INFO     | httprunner.response:validate:249 - assert status_code equal 200(int)	==> pass
2023-06-26 10:32:56.206 | INFO     | httprunner.response:validate:249 - assert body.message equal success(str)	==> pass
2023-06-26 10:32:56.207 | INFO     | httprunner.response:validate:249 - assert body.status equal 1(int)	==> pass
2023-06-26 10:32:56.207 | INFO     | httprunner.response:validate:249 - assert body.message contains success(str)	==> pass
2023-06-26 10:32:56.207 | INFO     | httprunner.response:validate:249 - assert body.status contained_by [1, 200](list)	==> pass
2023-06-26 10:32:56.207 | INFO     | httprunner.runner:__run_step:304 - run step end: 用户注册 <<<<<<

2023-06-26 10:32:56.208 | INFO     | httprunner.runner:__run_step:304 - run step end: 用户注册 <<<<<<

2023-06-26 10:32:56.208 | INFO     | httprunner.runner:__run_step:292 - run step begin: 登录-企业 >>>>>>
2023-06-26 10:32:56.208 | INFO     | httprunner.runner:__run_step:292 - run step begin: 登录-企业用户 >>>>>>
2023-06-26 10:32:56.311 | DEBUG    | httprunner.client:request:186 - client IP: 127.0.0.1, Port: 50824
2023-06-26 10:32:56.312 | DEBUG    | httprunner.client:request:194 - server IP: 127.0.0.1, Port: 8888
2023-06-26 10:32:56.313 | DEBUG    | httprunner.client:log_print:40 - 
================== request details ==================
method   : POST
url      : http://139.198.116.76:8000/api/home/test/login
headers  : {
    "User-Agent": "python-requests/2.28.1",
    "Accept-Encoding": "gzip, deflate, br",
    "Accept": "*/*",
    "Connection": "keep-alive",
    "Content-Length": "170",
    "Content-Type": "application/json",
    "HRUN-Request-ID": "HRUN-ee59f2a2-880a-4f4b-b3dc-66db797d7e7e-776208"
}
cookies  : {}
body     : {
    "captcha": "0000",
    "captchaSign": "750dfcd01730584deb2cffacad3f9c8dde6a0c354c377765e61454908009b69e",
    "emailCaptcha": "",
    "username": "DYKFF5mUw2gwEu4o1jVXdJKF5SUS9GqB"
}

2023-06-26 10:32:56.313 | DEBUG    | httprunner.client:log_print:40 - 
================== response details ==================
status_code : 200
headers  : {
    "Server": "nginx",
    "Date": "Mon, 26 Jun 2023 02:32:56 GMT",
    "Content-Type": "application/json;charset=UTF-8",
    "Transfer-Encoding": "chunked",
    "Set-Cookie": "SESSION=YjUxNWNjODktMzgwZC00MmYzLThjOTItZmRiMjQ3Y2EwYzlh; Path=/; HttpOnly; SameSite=Lax",
    "X-Frame-Options": "SAMEORIGIN",
    "Connection": "keep-alive"
}
cookies  : {
    "SESSION": "YjUxNWNjODktMzgwZC00MmYzLThjOTItZmRiMjQ3Y2EwYzlh"
}
encoding : UTF-8
content_type : application/json;charset=UTF-8
body     : {
    "message": "success",
    "status": 1,
    "data": true
}

2023-06-26 10:32:56.313 | INFO     | httprunner.client:request:217 - status_code: 200, response_time(ms): 102.95 ms, response_length: 0 bytes
2023-06-26 10:32:56.314 | INFO     | httprunner.response:extract:179 - extract mapping: {'entSession': 'response.headers."Set-Cookie".session'}
2023-06-26 10:32:56.314 | INFO     | httprunner.response:validate:249 - assert status_code equal 200(int)	==> pass
2023-06-26 10:32:56.315 | INFO     | httprunner.response:validate:249 - assert headers."Content-Type" equal application/json;charset=UTF-8(str)	==> pass
2023-06-26 10:32:56.315 | INFO     | httprunner.response:validate:249 - assert body.message equal success(str)	==> pass
2023-06-26 10:32:56.315 | INFO     | httprunner.response:validate:249 - assert body.status equal 1(int)	==> pass
2023-06-26 10:32:56.315 | INFO     | httprunner.response:validate:249 - assert body.data equal True(bool)	==> pass
2023-06-26 10:32:56.315 | INFO     | httprunner.runner:__run_step:304 - run step end: 登录-企业用户 <<<<<<

2023-06-26 10:32:56.315 | INFO     | httprunner.runner:__run_step_testcase:286 - export variables: {'entSession': 'response.headers."Set-Cookie".session'}
2023-06-26 10:32:56.315 | INFO     | httprunner.runner:__run_step:304 - run step end: 登录-企业 <<<<<<

2023-06-26 10:32:56.315 | INFO     | httprunner.runner:__run_step:292 - run step begin: 前缀注册企业资质图片上传 >>>>>>
2023-06-26 10:32:56.316 | INFO     | httprunner.runner:__run_step:292 - run step begin: 前缀注册企业资质图片上传 >>>>>>
2023-06-26 10:32:56.501 | DEBUG    | httprunner.client:request:186 - client IP: 127.0.0.1, Port: 50824
2023-06-26 10:32:56.502 | DEBUG    | httprunner.client:request:194 - server IP: 127.0.0.1, Port: 8888
2023-06-26 10:32:56.503 | DEBUG    | httprunner.client:log_print:40 - 
================== request details ==================
method   : POST
url      : http://139.198.116.76:8000/api/file/img/upload
headers  : {
    "User-Agent": "Mozilla/5.0 (Macintosh; Intel Mac OS X 10_15_7) AppleWebKit/537.36 (KHTML, like Gecko) Chrome/105.0.0.0 Safari/537.36",
    "Accept-Encoding": "gzip, deflate",
    "Accept": "application/json, text/plain, */*",
    "Connection": "keep-alive",
    "Accept-Language": "zh-CN,zh;q=0.9",
    "Content-Type": "multipart/form-data; boundary=ffab4c9b692b44389e55b6da39923e72",
    "HRUN-Request-ID": "HRUN-ee59f2a2-880a-4f4b-b3dc-66db797d7e7e-776316",
    "Cookie": "SESSION=YjUxNWNjODktMzgwZC00MmYzLThjOTItZmRiMjQ3Y2EwYzlh; SESSION=response.headers.\"Set-Cookie\".session",
    "Content-Length": "20435"
}
cookies  : {
    "SESSION": "YjUxNWNjODktMzgwZC00MmYzLThjOTItZmRiMjQ3Y2EwYzlh"
}
body     : upload file stream (OMITTED)

2023-06-26 10:32:56.503 | DEBUG    | httprunner.client:log_print:40 - 
================== response details ==================
status_code : 200
headers  : {
    "Server": "nginx",
    "Date": "Mon, 26 Jun 2023 02:32:56 GMT",
    "Content-Type": "application/json;charset=UTF-8",
    "Transfer-Encoding": "chunked",
    "X-Frame-Options": "SAMEORIGIN",
    "Connection": "keep-alive"
}
cookies  : {}
encoding : UTF-8
content_type : application/json;charset=UTF-8
body     : {
    "message": "success",
    "status": 1,
    "data": {
        "id": 2929,
        "path": "83bdaa65-193d-4fc6-9a5c-6c48747ca773.jpeg"
    }
}

2023-06-26 10:32:56.504 | INFO     | httprunner.client:request:217 - status_code: 200, response_time(ms): 185.23 ms, response_length: 0 bytes
2023-06-26 10:32:56.504 | INFO     | httprunner.response:extract:179 - extract mapping: {'imgId': 2929}
2023-06-26 10:32:56.504 | INFO     | httprunner.response:validate:249 - assert status_code equal 200(int)	==> pass
2023-06-26 10:32:56.505 | INFO     | httprunner.runner:__run_step:304 - run step end: 前缀注册企业资质图片上传 <<<<<<

2023-06-26 10:32:56.505 | INFO     | httprunner.runner:__run_step_testcase:286 - export variables: {'imgId': 2929}
2023-06-26 10:32:56.505 | INFO     | httprunner.runner:__run_step:304 - run step end: 前缀注册企业资质图片上传 <<<<<<

2023-06-26 10:32:56.505 | INFO     | httprunner.runner:__run_step:292 - run step begin: 前缀注册企业联系人身份证图片正面上传 >>>>>>
2023-06-26 10:32:56.505 | INFO     | httprunner.runner:__run_step:292 - run step begin: 前缀注册企业联系人身份证图片背面上传 >>>>>>
2023-06-26 10:32:56.604 | DEBUG    | httprunner.client:request:186 - client IP: 127.0.0.1, Port: 50824
2023-06-26 10:32:56.605 | DEBUG    | httprunner.client:request:194 - server IP: 127.0.0.1, Port: 8888
2023-06-26 10:32:56.605 | DEBUG    | httprunner.client:log_print:40 - 
================== request details ==================
method   : POST
url      : http://139.198.116.76:8000/api/file/img/upload
headers  : {
    "User-Agent": "Mozilla/5.0 (Macintosh; Intel Mac OS X 10_15_7) AppleWebKit/537.36 (KHTML, like Gecko) Chrome/105.0.0.0 Safari/537.36",
    "Accept-Encoding": "gzip, deflate",
    "Accept": "application/json, text/plain, */*",
    "Connection": "keep-alive",
    "Accept-Language": "zh-CN,zh;q=0.9",
    "Content-Type": "multipart/form-data; boundary=cfa1e7c711f04a99aaac54dee1377930",
    "HRUN-Request-ID": "HRUN-ee59f2a2-880a-4f4b-b3dc-66db797d7e7e-776506",
    "Cookie": "SESSION=YjUxNWNjODktMzgwZC00MmYzLThjOTItZmRiMjQ3Y2EwYzlh; SESSION=response.headers.\"Set-Cookie\".session",
    "Content-Length": "20435"
}
cookies  : {
    "SESSION": "YjUxNWNjODktMzgwZC00MmYzLThjOTItZmRiMjQ3Y2EwYzlh"
}
body     : upload file stream (OMITTED)

2023-06-26 10:32:56.608 | DEBUG    | httprunner.client:log_print:40 - 
================== response details ==================
status_code : 200
headers  : {
    "Server": "nginx",
    "Date": "Mon, 26 Jun 2023 02:32:56 GMT",
    "Content-Type": "application/json;charset=UTF-8",
    "Transfer-Encoding": "chunked",
    "X-Frame-Options": "SAMEORIGIN",
    "Connection": "keep-alive"
}
cookies  : {}
encoding : UTF-8
content_type : application/json;charset=UTF-8
body     : {
    "message": "success",
    "status": 1,
    "data": {
        "id": 2930,
        "path": "feaa0b2b-56cd-4b9e-9db4-cba16d718a6e.jpeg"
    }
}

2023-06-26 10:32:56.608 | INFO     | httprunner.client:request:217 - status_code: 200, response_time(ms): 98.56 ms, response_length: 0 bytes
2023-06-26 10:32:56.609 | INFO     | httprunner.response:extract:179 - extract mapping: {'imgId_f': 2930}
2023-06-26 10:32:56.609 | INFO     | httprunner.response:validate:249 - assert status_code equal 200(int)	==> pass
2023-06-26 10:32:56.609 | INFO     | httprunner.runner:__run_step:304 - run step end: 前缀注册企业联系人身份证图片背面上传 <<<<<<

2023-06-26 10:32:56.609 | INFO     | httprunner.runner:__run_step_testcase:286 - export variables: {'imgId_f': 2930}
2023-06-26 10:32:56.610 | INFO     | httprunner.runner:__run_step:304 - run step end: 前缀注册企业联系人身份证图片正面上传 <<<<<<

2023-06-26 10:32:56.610 | INFO     | httprunner.runner:__run_step:292 - run step begin: 前缀注册企业联系人身份证图片背面上传 >>>>>>
2023-06-26 10:32:56.610 | INFO     | httprunner.runner:__run_step:292 - run step begin: 前缀注册企业联系人身份证图片背面上传 >>>>>>
2023-06-26 10:32:56.707 | DEBUG    | httprunner.client:request:186 - client IP: 127.0.0.1, Port: 50824
2023-06-26 10:32:56.707 | DEBUG    | httprunner.client:request:194 - server IP: 127.0.0.1, Port: 8888
2023-06-26 10:32:56.708 | DEBUG    | httprunner.client:log_print:40 - 
================== request details ==================
method   : POST
url      : http://139.198.116.76:8000/api/file/img/upload
headers  : {
    "User-Agent": "Mozilla/5.0 (Macintosh; Intel Mac OS X 10_15_7) AppleWebKit/537.36 (KHTML, like Gecko) Chrome/105.0.0.0 Safari/537.36",
    "Accept-Encoding": "gzip, deflate",
    "Accept": "application/json, text/plain, */*",
    "Connection": "keep-alive",
    "Accept-Language": "zh-CN,zh;q=0.9",
    "Content-Type": "multipart/form-data; boundary=5db5f73dc53d4cb4a95e21c1bd21ad78",
    "HRUN-Request-ID": "HRUN-ee59f2a2-880a-4f4b-b3dc-66db797d7e7e-776610",
    "Cookie": "SESSION=YjUxNWNjODktMzgwZC00MmYzLThjOTItZmRiMjQ3Y2EwYzlh; SESSION=response.headers.\"Set-Cookie\".session",
    "Content-Length": "20435"
}
cookies  : {
    "SESSION": "YjUxNWNjODktMzgwZC00MmYzLThjOTItZmRiMjQ3Y2EwYzlh"
}
body     : upload file stream (OMITTED)

2023-06-26 10:32:56.709 | DEBUG    | httprunner.client:log_print:40 - 
================== response details ==================
status_code : 200
headers  : {
    "Server": "nginx",
    "Date": "Mon, 26 Jun 2023 02:32:56 GMT",
    "Content-Type": "application/json;charset=UTF-8",
    "Transfer-Encoding": "chunked",
    "X-Frame-Options": "SAMEORIGIN",
    "Connection": "keep-alive"
}
cookies  : {}
encoding : UTF-8
content_type : application/json;charset=UTF-8
body     : {
    "message": "success",
    "status": 1,
    "data": {
        "id": 2931,
        "path": "0b9b986f-bbc8-4ec4-81d9-35cf8af0c266.jpeg"
    }
}

2023-06-26 10:32:56.709 | INFO     | httprunner.client:request:217 - status_code: 200, response_time(ms): 96.49 ms, response_length: 0 bytes
2023-06-26 10:32:56.710 | INFO     | httprunner.response:extract:179 - extract mapping: {'imgId_b': 2931}
2023-06-26 10:32:56.710 | INFO     | httprunner.response:validate:249 - assert status_code equal 200(int)	==> pass
2023-06-26 10:32:56.710 | INFO     | httprunner.runner:__run_step:304 - run step end: 前缀注册企业联系人身份证图片背面上传 <<<<<<

2023-06-26 10:32:56.710 | INFO     | httprunner.runner:__run_step_testcase:286 - export variables: {'imgId_b': 2931}
2023-06-26 10:32:56.710 | INFO     | httprunner.runner:__run_step:304 - run step end: 前缀注册企业联系人身份证图片背面上传 <<<<<<

2023-06-26 10:32:56.711 | INFO     | httprunner.runner:__run_step:292 - run step begin: 企业注册第一步提交信息 >>>>>>
2023-06-26 10:32:56.711 | INFO     | httprunner.runner:__run_step:292 - run step begin: 企业注册第一步提交信息 >>>>>>
2023-06-26 10:32:56.886 | DEBUG    | httprunner.client:request:186 - client IP: 127.0.0.1, Port: 50824
2023-06-26 10:32:56.887 | DEBUG    | httprunner.client:request:194 - server IP: 127.0.0.1, Port: 8888
2023-06-26 10:32:56.888 | DEBUG    | httprunner.client:log_print:40 - 
================== request details ==================
method   : POST
url      : http://139.198.116.76:8000/api/v3/entApply/basicInfo/submit
headers  : {
    "User-Agent": "Mozilla/5.0 (Macintosh; Intel Mac OS X 10_15_7) AppleWebKit/537.36 (KHTML, like Gecko) Chrome/105.0.0.0 Safari/537.36",
    "Accept-Encoding": "gzip, deflate",
    "Accept": "application/json, text/plain, */*",
    "Connection": "keep-alive",
    "Accept-Language": "zh-CN,zh;q=0.9",
    "Content-Type": "application/json;charset=UTF-8",
    "HRUN-Request-ID": "HRUN-ee59f2a2-880a-4f4b-b3dc-66db797d7e7e-776711",
    "Cookie": "SESSION=YjUxNWNjODktMzgwZC00MmYzLThjOTItZmRiMjQ3Y2EwYzlh; SESSION=response.headers.\"Set-Cookie\".session",
    "Content-Length": "2555"
}
cookies  : {
    "SESSION": "YjUxNWNjODktMzgwZC00MmYzLThjOTItZmRiMjQ3Y2EwYzlh"
}
body     : {
    "applyStep": 2,
    "applyType": null,
    "area": [
        "110000",
        "110100",
        "110101"
    ],
    "cltrid": null,
    "contactCrtBackImgPath": null,
    "contactCrtBackImgRid": 2931,
    "contactCrtFrontImgPath": null,
    "contactCrtFrontImgRid": 2930,
    "contactCrtNo": "322038196904204515",
    "contactCrtType": 1,
    "contactEmail": "ebKyPCMQiyIxi9MG@qaqseq.com",
    "contactName": "DYKFF5mUw2gwEu4o1jVXdJKF5SUS9GqB",
    "contactPhone": "18167508753",
    "createDate": null,
    "dataHostingContractFilePath": null,
    "dataHostingContractFileRid": null,
    "dataHostingOrg": null,
    "entGeneralId": null,
    "entInfoLicenses": [],
    "entInfoSerIndustrys": [],
    "entPrefix": "88.408.2644776810",
    "escrowId": null,
    "escrowOrgName": null,
    "establishDate": null,
    "extDomain": null,
    "extIpAddr": null,
    "extWebName": null,
    "finalAuditMsg": null,
    "finalAuditStatus": null,
    "firstAuditMsg": null,
    "firstAuditStatus": null,
    "id": null,
    "idRegNaImp": null,
    "industry": [
        "A",
        "01"
    ],
    "industryCategory": "A",
    "industrySpecific": "01",
    "isSubmit": 0,
    "legalCrtBackImgContent": null,
    "legalCrtBackImgPath": null,
    "legalCrtBackImgRid": 2931,
    "legalCrtFrontImgContent": null,
    "legalCrtFrontImgPath": null,
    "legalCrtFrontImgRid": 2930,
    "legalCrtNo": "322038196904204515",
    "legalCrtType": "1",
    "legalCrtTypeDesc": "中国居民身份证",
    "legalEmail": null,
    "legalFax": null,
    "legalName": "张三",
    "legalPhone": null,
    "orgAddr": "致真",
    "orgAddrCity": "110100",
    "orgAddrCityDesc": "市辖区",
    "orgAddrCounty": "110101",
    "orgAddrCountyDesc": "东城区",
    "orgAddrProvince": "110000",
    "orgAddrProvinceDesc": "北京市",
    "orgCategorySpecificDesc": "农、林、牧、渔业-农业",
    "orgCrtCode": "DYKFF5mUw2gwEu4o1jVXdJKF5SUS9GqB",
    "orgCrtImgContent": null,
    "orgCrtImgPath": null,
    "orgCrtImgRid": 2929,
    "orgCrtType": "1",
    "orgDesc": null,
    "orgName": "DYKFF5mUw2gwEu4o1jVXdJKF5SUS9GqB",
    "orgNature": "1",
    "orgNatureDesc": "国有控股",
    "periodValidity": null,
    "regAuthority": null,
    "regCapital": null,
    "regRealNaImpName": null,
    "regRealNaImpType": null,
    "servHostingContractFilePath": null,
    "servHostingContractFileRid": null,
    "servHostingOrg": null,
    "servSysBuildContractFilePath": null,
    "servSysBuildContractFileRid": null,
    "servSysBuildName": null,
    "servSysBuildType": 1,
    "servSysOperContractFilePath": null,
    "servSysOperContractFileRid": null,
    "servSysOperName": null,
    "servSysOperType": 1,
    "svtrid": null,
    "thirdServiceMsg": null,
    "thirdServiceStatus": null,
    "updateDate": null,
    "userId": null,
    "userName": null,
    "website": null
}

2023-06-26 10:32:56.889 | DEBUG    | httprunner.client:log_print:40 - 
================== response details ==================
status_code : 200
headers  : {
    "Server": "nginx",
    "Date": "Mon, 26 Jun 2023 02:32:56 GMT",
    "Content-Type": "application/json;charset=UTF-8",
    "Transfer-Encoding": "chunked",
    "X-Frame-Options": "SAMEORIGIN",
    "Connection": "keep-alive"
}
cookies  : {}
encoding : UTF-8
content_type : application/json;charset=UTF-8
body     : {
    "message": "success",
    "status": 1,
    "data": true
}

2023-06-26 10:32:56.889 | INFO     | httprunner.client:request:217 - status_code: 200, response_time(ms): 175.07 ms, response_length: 0 bytes
2023-06-26 10:32:56.889 | INFO     | httprunner.response:validate:249 - assert status_code equal 200(int)	==> pass
2023-06-26 10:32:56.889 | INFO     | httprunner.response:validate:249 - assert body.message equal success(str)	==> pass
2023-06-26 10:32:56.889 | INFO     | httprunner.runner:__run_step:304 - run step end: 企业注册第一步提交信息 <<<<<<

2023-06-26 10:32:56.889 | INFO     | httprunner.runner:__run_step:304 - run step end: 企业注册第一步提交信息 <<<<<<

2023-06-26 10:32:56.889 | INFO     | httprunner.runner:__run_step:292 - run step begin: 企业注册查询注册信息 >>>>>>
2023-06-26 10:32:56.890 | INFO     | httprunner.runner:__run_step:292 - run step begin: 企业注册查询注册信息 >>>>>>
2023-06-26 10:32:56.965 | DEBUG    | httprunner.client:request:186 - client IP: 127.0.0.1, Port: 50824
2023-06-26 10:32:56.966 | DEBUG    | httprunner.client:request:194 - server IP: 127.0.0.1, Port: 8888
2023-06-26 10:32:56.967 | DEBUG    | httprunner.client:log_print:40 - 
================== request details ==================
method   : GET
url      : http://139.198.116.76:8000/api/v3/entApply/applyOrNot
headers  : {
    "User-Agent": "Mozilla/5.0 (Macintosh; Intel Mac OS X 10_15_7) AppleWebKit/537.36 (KHTML, like Gecko) Chrome/105.0.0.0 Safari/537.36",
    "Accept-Encoding": "gzip, deflate",
    "Accept": "application/json, text/plain, */*",
    "Connection": "keep-alive",
    "Accept-Language": "zh-CN,zh;q=0.9",
    "HRUN-Request-ID": "HRUN-ee59f2a2-880a-4f4b-b3dc-66db797d7e7e-776890",
    "Cookie": "SESSION=YjUxNWNjODktMzgwZC00MmYzLThjOTItZmRiMjQ3Y2EwYzlh; SESSION=response.headers.\"Set-Cookie\".session"
}
cookies  : {
    "SESSION": "YjUxNWNjODktMzgwZC00MmYzLThjOTItZmRiMjQ3Y2EwYzlh"
}
body     : None

2023-06-26 10:32:56.968 | DEBUG    | httprunner.client:log_print:40 - 
================== response details ==================
status_code : 200
headers  : {
    "Server": "nginx",
    "Date": "Mon, 26 Jun 2023 02:32:57 GMT",
    "Content-Type": "application/json;charset=UTF-8",
    "Transfer-Encoding": "chunked",
    "X-Frame-Options": "SAMEORIGIN",
    "Connection": "keep-alive"
}
cookies  : {}
encoding : UTF-8
content_type : application/json;charset=UTF-8
body     : {
    "message": "success",
    "status": 1,
    "data": {
        "nbmsEntApplyPO": {
            "id": 1449,
            "createDate": "2023-06-26 10:32:57",
            "updateDate": "2023-06-26 10:32:57",
            "applyType": null,
            "entGeneralId": null,
            "applyStep": 2,
            "isSubmit": 0,
            "entPrefix": "88.408.2644776810",
            "firstAuditStatus": null,
            "firstAuditMsg": null,
            "thirdServiceStatus": null,
            "thirdServiceMsg": null,
            "userName": "DYKFF5mUw2gwEu4o1jVXdJKF5SUS9GqB",
            "finalAuditStatus": null,
            "finalAuditMsg": null,
            "svtrid": null,
            "cltrid": null,
            "userId": 1684,
            "orgName": "DYKFF5mUw2gwEu4o1jVXdJKF5SUS9GqB",
            "orgNature": "1",
            "orgAddrProvince": "110000",
            "orgAddrCity": "110100",
            "orgAddrCounty": "110101",
            "orgAddr": "致真",
            "orgCrtType": "1",
            "orgCrtCode": "DYKFF5mUw2gwEu4o1jVXdJKF5SUS9GqB",
            "legalName": "张三",
            "legalCrtType": "1",
            "legalCrtNo": "322038196904204515",
            "orgDesc": null,
            "industryCategory": "A",
            "industrySpecific": "01",
            "contactName": "DYKFF5mUw2gwEu4o1jVXdJKF5SUS9GqB",
            "contactPhone": "18167508753",
            "contactCrtType": 1,
            "contactCrtNo": "322038196904204515",
            "contactEmail": "ebKyPCMQiyIxi9MG@qaqseq.com",
            "website": null,
            "regAuthority": null,
            "regCapital": null,
            "establishDate": null,
            "periodValidity": null,
            "legalEmail": null,
            "legalPhone": null,
            "legalFax": null,
            "servSysBuildType": null,
            "servSysBuildName": null,
            "servSysOperType": null,
            "servSysOperName": null,
            "dataHostingOrg": null,
            "servHostingOrg": null,
            "regRealNaImpType": null,
            "regRealNaImpName": null,
            "idRegNaImp": null,
            "extWebName": null,
            "extDomain": null,
            "extIpAddr": null,
            "orgCrtImgRid": 2929,
            "contactCrtFrontImgRid": 2930,
            "contactCrtBackImgRid": 2931,
            "legalCrtFrontImgRid": 2930,
            "legalCrtBackImgRid": 2931,
            "servSysBuildContractFileRid": null,
            "servSysOperContractFileRid": null,
            "dataHostingContractFileRid": null,
            "servHostingContractFileRid": null,
            "entInfoLicenses": [],
            "entInfoSyss": [],
            "entInfoSerIndustrys": [],
            "escrowId": null,
            "industryQualificationRid": null,
            "certificationRid": null,
            "openingBank": null,
            "bankCard": null,
            "verificationName": null,
            "orgNatureDesc": "国有控股",
            "orgCrtImgContent": null,
            "orgCategorySpecificDesc": "农、林、牧、渔业-农业",
            "orgAddrProvinceDesc": "北京市",
            "orgAddrCountyDesc": "东城区",
            "orgAddrCityDesc": "市辖区",
            "legalCrtTypeDesc": "中国居民身份证",
            "legalCrtFrontImgContent": null,
            "legalCrtBackImgContent": null,
            "orgCrtImgPath": "83bdaa65-193d-4fc6-9a5c-6c48747ca773.jpeg",
            "contactCrtFrontImgPath": "feaa0b2b-56cd-4b9e-9db4-cba16d718a6e.jpeg",
            "contactCrtBackImgPath": "0b9b986f-bbc8-4ec4-81d9-35cf8af0c266.jpeg",
            "legalCrtFrontImgPath": "feaa0b2b-56cd-4b9e-9db4-cba16d718a6e.jpeg",
            "legalCrtBackImgPath": "0b9b986f-bbc8-4ec4-81d9-35cf8af0c266.jpeg",
            "servSysBuildContractFilePath": null,
            "servSysOperContractFilePath": null,
            "dataHostingContractFilePath": null,
            "servHostingContractFilePath": null,
            "industryQualificationFilePath": null,
            "certificationFilePath": null,
            "escrowOrgName": null
        },
        "nbmsEntPO": null,
        "nbmsEntPrefixApplyPO": null,
        "needRelog": null,
        "applyStatus": 0
    }
}

2023-06-26 10:32:56.969 | INFO     | httprunner.client:request:217 - status_code: 200, response_time(ms): 75.13 ms, response_length: 0 bytes
2023-06-26 10:32:56.971 | INFO     | httprunner.response:extract:179 - extract mapping: {'applyId': 1449, 'userId': 1684, 'userName': 'DYKFF5mUw2gwEu4o1jVXdJKF5SUS9GqB', 'imgId_f': 2930, 'imgId_b': 2931, 'entId': None, 'entUserId': None, 'prefix': '88.408.2644776810', 'contactCrtNo': '322038196904204515', 'contactCrtType': 1, 'contactEmail': 'ebKyPCMQiyIxi9MG@qaqseq.com', 'contactName': 'DYKFF5mUw2gwEu4o1jVXdJKF5SUS9GqB', 'contactPhone': '18167508753', 'industryCategory': 'A', 'industrySpecific': '01', 'orgName': 'DYKFF5mUw2gwEu4o1jVXdJKF5SUS9GqB', 'orgNature': '1', 'orgAddrProvince': '110000', 'orgAddrCity': '110100', 'orgAddrCounty': '110101', 'orgAddr': '致真', 'orgCrtType': '1', 'orgCrtCode': 'DYKFF5mUw2gwEu4o1jVXdJKF5SUS9GqB', 'legalName': '张三', 'legalEmail': None, 'legalPhone': None, 'legalCrtType': '1', 'legalCrtNo': '322038196904204515', 'legalCrtFrontImgRid': 2930, 'legalCrtBackImgRid': 2931, 'orgCrtImgRid': 2929, 'imgId': 2929, 'orgNatureDesc': '国有控股', 'orgCategorySpecificDesc': '农、林、牧、渔业-农业', 'orgAddrProvinceDesc': '北京市', 'orgAddrCountyDesc': '东城区', 'orgAddrCityDesc': '市辖区', 'legalCrtTypeDesc': '中国居民身份证', 'createDate': '2023-06-26 10:32:57', 'updateDate': '2023-06-26 10:32:57', 'entInfoSyss_0_id': None, 'entInfoSyss_0_entApplyId': None, 'entApplyId': None, 'entInfoSyss_0_sysType': None, 'entInfoSyss_0_deployMode': None, 'entInfoSyss_0_deployAddr': None, 'entInfoSyss_0_deployAddrProvince': None, 'entInfoSyss_0_deployAddrCity': None, 'entInfoSyss_0_deployAddrCounty': None, 'entInfoSyss_1_id': None, 'entInfoSyss_1_entApplyId': None, 'entInfoSyss_1_sysType': None, 'entInfoSyss_1_deployMode': None, 'entInfoSyss_1_deployAddr': None, 'entInfoSyss_1_deployAddrProvince': None, 'entInfoSyss_1_deployAddrCity': None, 'entInfoSyss_1_deployAddrCounty': None, 'entInfoSyss_2_id': None, 'entInfoSyss_2_entApplyId': None, 'entInfoSyss_2_sysType': None, 'entInfoSyss_2_deployMode': None, 'entInfoSyss_2_deployAddr': None, 'entInfoSyss_2_deployAddrProvince': None, 'entInfoSyss_2_deployAddrCity': None, 'entInfoSyss_2_deployAddrCounty': None, 'entInfoSyss_3_id': None, 'entInfoSyss_3_entApplyId': None, 'entInfoSyss_3_sysType': None, 'entInfoSyss_3_deployMode': None, 'entInfoSyss_3_deployAddr': None, 'entInfoSyss_3_deployAddrProvince': None, 'entInfoSyss_3_deployAddrCity': None, 'entInfoSyss_3_deployAddrCounty': None}
2023-06-26 10:32:56.971 | INFO     | httprunner.response:validate:249 - assert status_code equal 200(int)	==> pass
2023-06-26 10:32:56.972 | INFO     | httprunner.response:validate:249 - assert body.message equal success(str)	==> pass
2023-06-26 10:32:56.972 | INFO     | httprunner.runner:__run_step:304 - run step end: 企业注册查询注册信息 <<<<<<

2023-06-26 10:32:56.972 | INFO     | httprunner.runner:__run_step_testcase:286 - export variables: {'orgAddrCity': '110100', 'orgNatureDesc': '国有控股', 'orgAddrCountyDesc': '东城区', 'prefix': '88.408.2644776810', 'legalCrtFrontImgRid': 2930, 'entInfoSyss_0_id': None, 'orgCrtType': '1', 'entInfoSyss_1_sysType': None, 'orgCrtImgRid': 2929, 'entInfoSyss_2_deployAddrProvince': None, 'entInfoSyss_1_deployAddr': None, 'orgAddrProvince': '110000', 'orgAddr': '致真', 'entInfoSyss_0_deployAddrCounty': None, 'entInfoSyss_3_deployAddrCounty': None, 'userId': 1684, 'entInfoSyss_2_deployMode': None, 'entInfoSyss_0_deployMode': None, 'entInfoSyss_3_sysType': None, 'orgCrtCode': 'DYKFF5mUw2gwEu4o1jVXdJKF5SUS9GqB', 'legalCrtNo': '322038196904204515', 'updateDate': '2023-06-26 10:32:57', 'entInfoSyss_0_entApplyId': None, 'orgCategorySpecificDesc': '农、林、牧、渔业-农业', 'entInfoSyss_2_sysType': None, 'imgId': 2929, 'entInfoSyss_1_deployAddrProvince': None, 'entInfoSyss_2_deployAddrCounty': None, 'entInfoSyss_3_id': None, 'entInfoSyss_2_deployAddr': None, 'entInfoSyss_3_deployAddr': None, 'legalCrtTypeDesc': '中国居民身份证', 'entInfoSyss_3_deployAddrProvince': None, 'legalCrtBackImgRid': 2931, 'entInfoSyss_3_deployMode': None, 'legalName': '张三', 'contactEmail': 'ebKyPCMQiyIxi9MG@qaqseq.com', 'userName': 'DYKFF5mUw2gwEu4o1jVXdJKF5SUS9GqB', 'orgAddrProvinceDesc': '北京市', 'entInfoSyss_1_id': None, 'entUserId': None, 'createDate': '2023-06-26 10:32:57', 'entInfoSyss_1_entApplyId': None, 'entInfoSyss_0_deployAddrCity': None, 'entInfoSyss_0_sysType': None, 'entInfoSyss_2_entApplyId': None, 'industryCategory': 'A', 'legalPhone': None, 'orgAddrCityDesc': '市辖区', 'entInfoSyss_2_id': None, 'industrySpecific': '01', 'entInfoSyss_1_deployAddrCity': None, 'entInfoSyss_0_deployAddr': None, 'applyId': 1449, 'imgId_b': 2931, 'entInfoSyss_2_deployAddrCity': None, 'entApplyId': None, 'contactCrtType': 1, 'entInfoSyss_1_deployAddrCounty': None, 'legalCrtType': '1', 'imgId_f': 2930, 'contactName': 'DYKFF5mUw2gwEu4o1jVXdJKF5SUS9GqB', 'entId': None, 'entInfoSyss_0_deployAddrProvince': None, 'entInfoSyss_3_deployAddrCity': None, 'legalEmail': None, 'contactCrtNo': '322038196904204515', 'orgNature': '1', 'orgAddrCounty': '110101', 'contactPhone': '18167508753', 'entInfoSyss_1_deployMode': None, 'entInfoSyss_3_entApplyId': None, 'orgName': 'DYKFF5mUw2gwEu4o1jVXdJKF5SUS9GqB'}
2023-06-26 10:32:56.972 | INFO     | httprunner.runner:__run_step:304 - run step end: 企业注册查询注册信息 <<<<<<

2023-06-26 10:32:56.972 | INFO     | httprunner.runner:__run_step:292 - run step begin: 企业注册第二步提交信息 >>>>>>
2023-06-26 10:32:56.972 | INFO     | httprunner.runner:__run_step:292 - run step begin: 企业注册第二步提交信息 >>>>>>
2023-06-26 10:32:57.230 | DEBUG    | httprunner.client:request:186 - client IP: 127.0.0.1, Port: 50824
2023-06-26 10:32:57.231 | DEBUG    | httprunner.client:request:194 - server IP: 127.0.0.1, Port: 8888
2023-06-26 10:32:57.233 | DEBUG    | httprunner.client:log_print:40 - 
================== request details ==================
method   : POST
url      : http://139.198.116.76:8000/api/v3/entApply/registerManageInfo
headers  : {
    "User-Agent": "Mozilla/5.0 (Macintosh; Intel Mac OS X 10_15_7) AppleWebKit/537.36 (KHTML, like Gecko) Chrome/105.0.0.0 Safari/537.36",
    "Accept-Encoding": "gzip, deflate",
    "Accept": "application/json, text/plain, */*",
    "Connection": "keep-alive",
    "Accept-Language": "zh-CN,zh;q=0.9",
    "Content-Type": "application/json;charset=UTF-8",
    "X-HTTP-Method-Override": "put",
    "HRUN-Request-ID": "HRUN-ee59f2a2-880a-4f4b-b3dc-66db797d7e7e-776973",
    "Cookie": "SESSION=YjUxNWNjODktMzgwZC00MmYzLThjOTItZmRiMjQ3Y2EwYzlh; SESSION=response.headers.\"Set-Cookie\".session",
    "Content-Length": "3280"
}
cookies  : {
    "SESSION": "YjUxNWNjODktMzgwZC00MmYzLThjOTItZmRiMjQ3Y2EwYzlh"
}
body     : {
    "applyStep": 3,
    "applyType": null,
    "cltrid": null,
    "contactCrtBackImgPath": null,
    "contactCrtBackImgRid": 2931,
    "contactCrtFrontImgPath": null,
    "contactCrtFrontImgRid": 2930,
    "contactCrtNo": "322038196904204515",
    "contactCrtType": 1,
    "contactEmail": "ebKyPCMQiyIxi9MG@qaqseq.com",
    "contactName": "DYKFF5mUw2gwEu4o1jVXdJKF5SUS9GqB",
    "contactPhone": "18167508753",
    "createDate": "2023-06-26 10:32:57",
    "dataHostingContractFilePath": null,
    "dataHostingContractFileRid": null,
    "dataHostingOrg": null,
    "entGeneralId": null,
    "entInfoLicenses": [],
    "entInfoSerIndustrys": [],
    "entInfoSyss": [
        {
            "deployAddr": "致真",
            "deployAddrCity": "110100",
            "deployAddrCounty": "110101",
            "deployAddrProvince": "110000",
            "deployMode": 1,
            "ipPort": null,
            "name": null,
            "sysType": 1
        },
        {
            "deployAddr": "致真",
            "deployAddrCity": "110100",
            "deployAddrCounty": "110101",
            "deployAddrProvince": "110000",
            "deployMode": 1,
            "ipPort": null,
            "name": null,
            "sysType": 2
        },
        {
            "deployAddr": "天津",
            "deployAddrCity": "120100",
            "deployAddrCounty": "120101",
            "deployAddrProvince": "120000",
            "deployMode": 1,
            "ipPort": null,
            "name": null,
            "sysType": 3
        },
        {
            "deployAddr": "天津",
            "deployAddrCity": "120100",
            "deployAddrCounty": "120101",
            "deployAddrProvince": "120000",
            "deployMode": 1,
            "ipPort": null,
            "name": null,
            "sysType": 4
        }
    ],
    "entPrefix": "88.408.2644776810",
    "escrowId": null,
    "escrowOrgName": null,
    "establishDate": null,
    "extDomain": null,
    "extIpAddr": null,
    "extWebName": null,
    "finalAuditMsg": null,
    "finalAuditStatus": null,
    "firstAuditMsg": null,
    "firstAuditStatus": null,
    "id": 1449,
    "idRegNaImp": null,
    "industryCategory": "A",
    "industrySpecific": "01",
    "isSubmit": 0,
    "legalCrtBackImgContent": null,
    "legalCrtBackImgPath": null,
    "legalCrtBackImgRid": 2931,
    "legalCrtFrontImgContent": null,
    "legalCrtFrontImgPath": null,
    "legalCrtFrontImgRid": 2930,
    "legalCrtNo": "322038196904204515",
    "legalCrtType": "1",
    "legalCrtTypeDesc": "中国居民身份证",
    "legalEmail": null,
    "legalFax": null,
    "legalName": "张三",
    "legalPhone": null,
    "orgAddr": "致真",
    "orgAddrCity": "110100",
    "orgAddrCityDesc": "市辖区",
    "orgAddrCounty": "110101",
    "orgAddrCountyDesc": "东城区",
    "orgAddrProvince": "110000",
    "orgAddrProvinceDesc": "北京市",
    "orgCategorySpecificDesc": "农、林、牧、渔业-农业",
    "orgCrtCode": "DYKFF5mUw2gwEu4o1jVXdJKF5SUS9GqB",
    "orgCrtImgContent": null,
    "orgCrtImgPath": null,
    "orgCrtImgRid": 2929,
    "orgCrtType": "1",
    "orgDesc": null,
    "orgName": "DYKFF5mUw2gwEu4o1jVXdJKF5SUS9GqB",
    "orgNature": "1",
    "orgNatureDesc": "1",
    "periodValidity": null,
    "regAuthority": null,
    "regCapital": null,
    "regRealNaImpName": null,
    "regRealNaImpType": null,
    "servHostingContractFilePath": null,
    "servHostingContractFileRid": null,
    "servHostingOrg": null,
    "servSysBuildContractFilePath": null,
    "servSysBuildContractFileRid": null,
    "servSysBuildName": null,
    "servSysBuildType": 1,
    "servSysOperContractFilePath": null,
    "servSysOperContractFileRid": null,
    "servSysOperName": null,
    "servSysOperType": 1,
    "svtrid": null,
    "thirdServiceMsg": null,
    "thirdServiceStatus": null,
    "updateDate": "2023-06-26 10:32:57",
    "userId": 1684,
    "userName": "DYKFF5mUw2gwEu4o1jVXdJKF5SUS9GqB",
    "website": null
}

2023-06-26 10:32:57.234 | DEBUG    | httprunner.client:log_print:40 - 
================== response details ==================
status_code : 200
headers  : {
    "Server": "nginx",
    "Date": "Mon, 26 Jun 2023 02:32:57 GMT",
    "Content-Type": "application/json;charset=UTF-8",
    "Transfer-Encoding": "chunked",
    "X-Frame-Options": "SAMEORIGIN",
    "Connection": "keep-alive"
}
cookies  : {}
encoding : UTF-8
content_type : application/json;charset=UTF-8
body     : {
    "message": "success",
    "status": 1,
    "data": true
}

2023-06-26 10:32:57.234 | INFO     | httprunner.client:request:217 - status_code: 200, response_time(ms): 257.37 ms, response_length: 0 bytes
2023-06-26 10:32:57.234 | INFO     | httprunner.response:validate:249 - assert status_code equal 200(int)	==> pass
2023-06-26 10:32:57.235 | INFO     | httprunner.response:validate:249 - assert body.message equal success(str)	==> pass
2023-06-26 10:32:57.235 | INFO     | httprunner.runner:__run_step:304 - run step end: 企业注册第二步提交信息 <<<<<<

2023-06-26 10:32:57.235 | INFO     | httprunner.runner:__run_step:304 - run step end: 企业注册第二步提交信息 <<<<<<

2023-06-26 10:32:57.235 | INFO     | httprunner.runner:__run_step:292 - run step begin: 企业注册查询注册信息 >>>>>>
2023-06-26 10:32:57.235 | INFO     | httprunner.runner:__run_step:292 - run step begin: 企业注册查询注册信息 >>>>>>
2023-06-26 10:32:57.308 | DEBUG    | httprunner.client:request:186 - client IP: 127.0.0.1, Port: 50824
2023-06-26 10:32:57.309 | DEBUG    | httprunner.client:request:194 - server IP: 127.0.0.1, Port: 8888
2023-06-26 10:32:57.310 | DEBUG    | httprunner.client:log_print:40 - 
================== request details ==================
method   : GET
url      : http://139.198.116.76:8000/api/v3/entApply/applyOrNot
headers  : {
    "User-Agent": "Mozilla/5.0 (Macintosh; Intel Mac OS X 10_15_7) AppleWebKit/537.36 (KHTML, like Gecko) Chrome/105.0.0.0 Safari/537.36",
    "Accept-Encoding": "gzip, deflate",
    "Accept": "application/json, text/plain, */*",
    "Connection": "keep-alive",
    "Accept-Language": "zh-CN,zh;q=0.9",
    "HRUN-Request-ID": "HRUN-ee59f2a2-880a-4f4b-b3dc-66db797d7e7e-777236",
    "Cookie": "SESSION=YjUxNWNjODktMzgwZC00MmYzLThjOTItZmRiMjQ3Y2EwYzlh; SESSION=response.headers.\"Set-Cookie\".session"
}
cookies  : {
    "SESSION": "YjUxNWNjODktMzgwZC00MmYzLThjOTItZmRiMjQ3Y2EwYzlh"
}
body     : None

2023-06-26 10:32:57.311 | DEBUG    | httprunner.client:log_print:40 - 
================== response details ==================
status_code : 200
headers  : {
    "Server": "nginx",
    "Date": "Mon, 26 Jun 2023 02:32:57 GMT",
    "Content-Type": "application/json;charset=UTF-8",
    "Transfer-Encoding": "chunked",
    "X-Frame-Options": "SAMEORIGIN",
    "Connection": "keep-alive"
}
cookies  : {}
encoding : UTF-8
content_type : application/json;charset=UTF-8
body     : {
    "message": "success",
    "status": 1,
    "data": {
        "nbmsEntApplyPO": {
            "id": 1449,
            "createDate": "2023-06-26 10:32:57",
            "updateDate": "2023-06-26 10:32:57",
            "applyType": null,
            "entGeneralId": null,
            "applyStep": 3,
            "isSubmit": 0,
            "entPrefix": "88.408.2644776810",
            "firstAuditStatus": null,
            "firstAuditMsg": null,
            "thirdServiceStatus": null,
            "thirdServiceMsg": null,
            "userName": "DYKFF5mUw2gwEu4o1jVXdJKF5SUS9GqB",
            "finalAuditStatus": null,
            "finalAuditMsg": null,
            "svtrid": null,
            "cltrid": null,
            "userId": 1684,
            "orgName": "DYKFF5mUw2gwEu4o1jVXdJKF5SUS9GqB",
            "orgNature": "1",
            "orgAddrProvince": "110000",
            "orgAddrCity": "110100",
            "orgAddrCounty": "110101",
            "orgAddr": "致真",
            "orgCrtType": "1",
            "orgCrtCode": "DYKFF5mUw2gwEu4o1jVXdJKF5SUS9GqB",
            "legalName": "张三",
            "legalCrtType": "1",
            "legalCrtNo": "322038196904204515",
            "orgDesc": null,
            "industryCategory": "A",
            "industrySpecific": "01",
            "contactName": "DYKFF5mUw2gwEu4o1jVXdJKF5SUS9GqB",
            "contactPhone": "18167508753",
            "contactCrtType": 1,
            "contactCrtNo": "322038196904204515",
            "contactEmail": "ebKyPCMQiyIxi9MG@qaqseq.com",
            "website": null,
            "regAuthority": null,
            "regCapital": null,
            "establishDate": null,
            "periodValidity": null,
            "legalEmail": null,
            "legalPhone": null,
            "legalFax": null,
            "servSysBuildType": 1,
            "servSysBuildName": null,
            "servSysOperType": 1,
            "servSysOperName": null,
            "dataHostingOrg": null,
            "servHostingOrg": null,
            "regRealNaImpType": null,
            "regRealNaImpName": null,
            "idRegNaImp": null,
            "extWebName": null,
            "extDomain": null,
            "extIpAddr": null,
            "orgCrtImgRid": 2929,
            "contactCrtFrontImgRid": 2930,
            "contactCrtBackImgRid": 2931,
            "legalCrtFrontImgRid": 2930,
            "legalCrtBackImgRid": 2931,
            "servSysBuildContractFileRid": null,
            "servSysOperContractFileRid": null,
            "dataHostingContractFileRid": null,
            "servHostingContractFileRid": null,
            "entInfoLicenses": [],
            "entInfoSyss": [
                {
                    "id": 3656,
                    "entApplyId": 1449,
                    "sysType": 1,
                    "deployMode": 1,
                    "deployAddr": "致真",
                    "deployAddrProvince": "110000",
                    "deployAddrCity": "110100",
                    "deployAddrCounty": "110101",
                    "name": null,
                    "ipPort": null
                },
                {
                    "id": 3657,
                    "entApplyId": 1449,
                    "sysType": 2,
                    "deployMode": 1,
                    "deployAddr": "致真",
                    "deployAddrProvince": "110000",
                    "deployAddrCity": "110100",
                    "deployAddrCounty": "110101",
                    "name": null,
                    "ipPort": null
                },
                {
                    "id": 3658,
                    "entApplyId": 1449,
                    "sysType": 3,
                    "deployMode": 1,
                    "deployAddr": "天津",
                    "deployAddrProvince": "120000",
                    "deployAddrCity": "120100",
                    "deployAddrCounty": "120101",
                    "name": null,
                    "ipPort": null
                },
                {
                    "id": 3659,
                    "entApplyId": 1449,
                    "sysType": 4,
                    "deployMode": 1,
                    "deployAddr": "天津",
                    "deployAddrProvince": "120000",
                    "deployAddrCity": "120100",
                    "deployAddrCounty": "120101",
                    "name": null,
                    "ipPort": null
                }
            ],
            "entInfoSerIndustrys": [],
            "escrowId": null,
            "industryQualificationRid": null,
            "certificationRid": null,
            "openingBank": null,
            "bankCard": null,
            "verificationName": null,
            "orgNatureDesc": "国有控股",
            "orgCrtImgContent": null,
            "orgCategorySpecificDesc": "农、林、牧、渔业-农业",
            "orgAddrProvinceDesc": "北京市",
            "orgAddrCountyDesc": "东城区",
            "orgAddrCityDesc": "市辖区",
            "legalCrtTypeDesc": "中国居民身份证",
            "legalCrtFrontImgContent": null,
            "legalCrtBackImgContent": null,
            "orgCrtImgPath": "83bdaa65-193d-4fc6-9a5c-6c48747ca773.jpeg",
            "contactCrtFrontImgPath": "feaa0b2b-56cd-4b9e-9db4-cba16d718a6e.jpeg",
            "contactCrtBackImgPath": "0b9b986f-bbc8-4ec4-81d9-35cf8af0c266.jpeg",
            "legalCrtFrontImgPath": "feaa0b2b-56cd-4b9e-9db4-cba16d718a6e.jpeg",
            "legalCrtBackImgPath": "0b9b986f-bbc8-4ec4-81d9-35cf8af0c266.jpeg",
            "servSysBuildContractFilePath": null,
            "servSysOperContractFilePath": null,
            "dataHostingContractFilePath": null,
            "servHostingContractFilePath": null,
            "industryQualificationFilePath": null,
            "certificationFilePath": null,
            "escrowOrgName": null
        },
        "nbmsEntPO": null,
        "nbmsEntPrefixApplyPO": null,
        "needRelog": null,
        "applyStatus": 0
    }
}

2023-06-26 10:32:57.311 | INFO     | httprunner.client:request:217 - status_code: 200, response_time(ms): 72.78 ms, response_length: 0 bytes
2023-06-26 10:32:57.312 | INFO     | httprunner.response:extract:179 - extract mapping: {'applyId': 1449, 'userId': 1684, 'userName': 'DYKFF5mUw2gwEu4o1jVXdJKF5SUS9GqB', 'imgId_f': 2930, 'imgId_b': 2931, 'entId': None, 'entUserId': None, 'prefix': '88.408.2644776810', 'contactCrtNo': '322038196904204515', 'contactCrtType': 1, 'contactEmail': 'ebKyPCMQiyIxi9MG@qaqseq.com', 'contactName': 'DYKFF5mUw2gwEu4o1jVXdJKF5SUS9GqB', 'contactPhone': '18167508753', 'industryCategory': 'A', 'industrySpecific': '01', 'orgName': 'DYKFF5mUw2gwEu4o1jVXdJKF5SUS9GqB', 'orgNature': '1', 'orgAddrProvince': '110000', 'orgAddrCity': '110100', 'orgAddrCounty': '110101', 'orgAddr': '致真', 'orgCrtType': '1', 'orgCrtCode': 'DYKFF5mUw2gwEu4o1jVXdJKF5SUS9GqB', 'legalName': '张三', 'legalEmail': None, 'legalPhone': None, 'legalCrtType': '1', 'legalCrtNo': '322038196904204515', 'legalCrtFrontImgRid': 2930, 'legalCrtBackImgRid': 2931, 'orgCrtImgRid': 2929, 'imgId': 2929, 'orgNatureDesc': '国有控股', 'orgCategorySpecificDesc': '农、林、牧、渔业-农业', 'orgAddrProvinceDesc': '北京市', 'orgAddrCountyDesc': '东城区', 'orgAddrCityDesc': '市辖区', 'legalCrtTypeDesc': '中国居民身份证', 'createDate': '2023-06-26 10:32:57', 'updateDate': '2023-06-26 10:32:57', 'entInfoSyss_0_id': 3656, 'entInfoSyss_0_entApplyId': 1449, 'entApplyId': 1449, 'entInfoSyss_0_sysType': 1, 'entInfoSyss_0_deployMode': 1, 'entInfoSyss_0_deployAddr': '致真', 'entInfoSyss_0_deployAddrProvince': '110000', 'entInfoSyss_0_deployAddrCity': '110100', 'entInfoSyss_0_deployAddrCounty': '110101', 'entInfoSyss_1_id': 3657, 'entInfoSyss_1_entApplyId': 1449, 'entInfoSyss_1_sysType': 2, 'entInfoSyss_1_deployMode': 1, 'entInfoSyss_1_deployAddr': '致真', 'entInfoSyss_1_deployAddrProvince': '110000', 'entInfoSyss_1_deployAddrCity': '110100', 'entInfoSyss_1_deployAddrCounty': '110101', 'entInfoSyss_2_id': 3658, 'entInfoSyss_2_entApplyId': 1449, 'entInfoSyss_2_sysType': 3, 'entInfoSyss_2_deployMode': 1, 'entInfoSyss_2_deployAddr': '天津', 'entInfoSyss_2_deployAddrProvince': '120000', 'entInfoSyss_2_deployAddrCity': '120100', 'entInfoSyss_2_deployAddrCounty': '120101', 'entInfoSyss_3_id': 3659, 'entInfoSyss_3_entApplyId': 1449, 'entInfoSyss_3_sysType': 4, 'entInfoSyss_3_deployMode': 1, 'entInfoSyss_3_deployAddr': '天津', 'entInfoSyss_3_deployAddrProvince': '120000', 'entInfoSyss_3_deployAddrCity': '120100', 'entInfoSyss_3_deployAddrCounty': '120101'}
2023-06-26 10:32:57.312 | INFO     | httprunner.response:validate:249 - assert status_code equal 200(int)	==> pass
2023-06-26 10:32:57.312 | INFO     | httprunner.response:validate:249 - assert body.message equal success(str)	==> pass
2023-06-26 10:32:57.313 | INFO     | httprunner.runner:__run_step:304 - run step end: 企业注册查询注册信息 <<<<<<

2023-06-26 10:32:57.313 | INFO     | httprunner.runner:__run_step_testcase:286 - export variables: {'orgAddrCity': '110100', 'orgNatureDesc': '国有控股', 'orgAddrCountyDesc': '东城区', 'prefix': '88.408.2644776810', 'legalCrtFrontImgRid': 2930, 'entInfoSyss_0_id': 3656, 'orgCrtType': '1', 'entInfoSyss_1_sysType': 2, 'orgCrtImgRid': 2929, 'entInfoSyss_2_deployAddrProvince': '120000', 'entInfoSyss_1_deployAddr': '致真', 'orgAddrProvince': '110000', 'orgAddr': '致真', 'entInfoSyss_0_deployAddrCounty': '110101', 'entInfoSyss_3_deployAddrCounty': '120101', 'userId': 1684, 'entInfoSyss_2_deployMode': 1, 'entInfoSyss_0_deployMode': 1, 'entInfoSyss_3_sysType': 4, 'orgCrtCode': 'DYKFF5mUw2gwEu4o1jVXdJKF5SUS9GqB', 'legalCrtNo': '322038196904204515', 'updateDate': '2023-06-26 10:32:57', 'entInfoSyss_0_entApplyId': 1449, 'orgCategorySpecificDesc': '农、林、牧、渔业-农业', 'entInfoSyss_2_sysType': 3, 'imgId': 2929, 'entInfoSyss_1_deployAddrProvince': '110000', 'entInfoSyss_2_deployAddrCounty': '120101', 'entInfoSyss_3_id': 3659, 'entInfoSyss_2_deployAddr': '天津', 'entInfoSyss_3_deployAddr': '天津', 'legalCrtTypeDesc': '中国居民身份证', 'entInfoSyss_3_deployAddrProvince': '120000', 'legalCrtBackImgRid': 2931, 'entInfoSyss_3_deployMode': 1, 'legalName': '张三', 'contactEmail': 'ebKyPCMQiyIxi9MG@qaqseq.com', 'userName': 'DYKFF5mUw2gwEu4o1jVXdJKF5SUS9GqB', 'orgAddrProvinceDesc': '北京市', 'entInfoSyss_1_id': 3657, 'entUserId': None, 'createDate': '2023-06-26 10:32:57', 'entInfoSyss_1_entApplyId': 1449, 'entInfoSyss_0_deployAddrCity': '110100', 'entInfoSyss_0_sysType': 1, 'entInfoSyss_2_entApplyId': 1449, 'industryCategory': 'A', 'legalPhone': None, 'orgAddrCityDesc': '市辖区', 'entInfoSyss_2_id': 3658, 'industrySpecific': '01', 'entInfoSyss_1_deployAddrCity': '110100', 'entInfoSyss_0_deployAddr': '致真', 'applyId': 1449, 'imgId_b': 2931, 'entInfoSyss_2_deployAddrCity': '120100', 'entApplyId': 1449, 'contactCrtType': 1, 'entInfoSyss_1_deployAddrCounty': '110101', 'legalCrtType': '1', 'imgId_f': 2930, 'contactName': 'DYKFF5mUw2gwEu4o1jVXdJKF5SUS9GqB', 'entId': None, 'entInfoSyss_0_deployAddrProvince': '110000', 'entInfoSyss_3_deployAddrCity': '120100', 'legalEmail': None, 'contactCrtNo': '322038196904204515', 'orgNature': '1', 'orgAddrCounty': '110101', 'contactPhone': '18167508753', 'entInfoSyss_1_deployMode': 1, 'entInfoSyss_3_entApplyId': 1449, 'orgName': 'DYKFF5mUw2gwEu4o1jVXdJKF5SUS9GqB'}
2023-06-26 10:32:57.313 | INFO     | httprunner.runner:__run_step:304 - run step end: 企业注册查询注册信息 <<<<<<

2023-06-26 10:32:57.313 | INFO     | httprunner.runner:__run_step:292 - run step begin: 暂存企业注册第三步提交信息 >>>>>>
2023-06-26 10:32:57.313 | INFO     | httprunner.runner:__run_step:292 - run step begin: 暂存企业注册第三步提交信息 >>>>>>
2023-06-26 10:32:57.375 | DEBUG    | httprunner.client:request:186 - client IP: 127.0.0.1, Port: 50824
2023-06-26 10:32:57.375 | DEBUG    | httprunner.client:request:194 - server IP: 127.0.0.1, Port: 8888
2023-06-26 10:32:57.377 | DEBUG    | httprunner.client:log_print:40 - 
================== request details ==================
method   : POST
url      : http://139.198.116.76:8000/api/v3/entApply/hostingAndIdentifyServeInfo/storage
headers  : {
    "User-Agent": "Mozilla/5.0 (Macintosh; Intel Mac OS X 10_15_7) AppleWebKit/537.36 (KHTML, like Gecko) Chrome/105.0.0.0 Safari/537.36",
    "Accept-Encoding": "gzip, deflate",
    "Accept": "application/json, text/plain, */*",
    "Connection": "keep-alive",
    "Accept-Language": "zh-CN,zh;q=0.9",
    "Content-Type": "application/json;charset=UTF-8",
    "X-HTTP-Method-Override": "put",
    "HRUN-Request-ID": "HRUN-ee59f2a2-880a-4f4b-b3dc-66db797d7e7e-777314",
    "Cookie": "SESSION=YjUxNWNjODktMzgwZC00MmYzLThjOTItZmRiMjQ3Y2EwYzlh; SESSION=response.headers.\"Set-Cookie\".session",
    "Content-Length": "3326"
}
cookies  : {
    "SESSION": "YjUxNWNjODktMzgwZC00MmYzLThjOTItZmRiMjQ3Y2EwYzlh"
}
body     : {
    "applyStep": 3,
    "applyType": null,
    "cltrid": null,
    "contactCrtBackImgPath": null,
    "contactCrtBackImgRid": 2931,
    "contactCrtFrontImgPath": null,
    "contactCrtFrontImgRid": 2930,
    "contactCrtNo": "322038196904204515",
    "contactCrtType": 1,
    "contactEmail": "ebKyPCMQiyIxi9MG@qaqseq.com",
    "contactName": "DYKFF5mUw2gwEu4o1jVXdJKF5SUS9GqB",
    "contactPhone": "18167508753",
    "createDate": "2023-06-26 10:32:57",
    "dataHostingContractFilePath": null,
    "dataHostingContractFileRid": null,
    "dataHostingOrg": null,
    "entGeneralId": null,
    "entInfoLicenses": [],
    "entInfoSerIndustrys": [],
    "entInfoSyss": [
        {
            "deployAddr": "致真",
            "deployAddrCity": "110100",
            "deployAddrCounty": "110101",
            "deployAddrProvince": "110000",
            "deployMode": 1,
            "ipPort": null,
            "name": null,
            "sysType": 1
        },
        {
            "deployAddr": "致真",
            "deployAddrCity": "110100",
            "deployAddrCounty": "110101",
            "deployAddrProvince": "110000",
            "deployMode": 1,
            "ipPort": null,
            "name": null,
            "sysType": 2
        },
        {
            "deployAddr": "天津",
            "deployAddrCity": "120100",
            "deployAddrCounty": "120101",
            "deployAddrProvince": "120000",
            "deployMode": 1,
            "ipPort": null,
            "name": null,
            "sysType": 3
        },
        {
            "deployAddr": "天津",
            "deployAddrCity": "120100",
            "deployAddrCounty": "120101",
            "deployAddrProvince": "120000",
            "deployMode": 1,
            "ipPort": null,
            "name": null,
            "sysType": 4
        }
    ],
    "entPrefix": "88.408.2644776810",
    "escrowId": null,
    "escrowOrgName": null,
    "establishDate": null,
    "extDomain": null,
    "extIpAddr": null,
    "extWebName": null,
    "finalAuditMsg": null,
    "finalAuditStatus": null,
    "firstAuditMsg": null,
    "firstAuditStatus": null,
    "id": 1449,
    "idRegNaImp": null,
    "industryCategory": "A",
    "industrySpecific": "01",
    "isSubmit": 0,
    "legalCrtBackImgContent": null,
    "legalCrtBackImgPath": null,
    "legalCrtBackImgRid": 2931,
    "legalCrtFrontImgContent": null,
    "legalCrtFrontImgPath": null,
    "legalCrtFrontImgRid": 2930,
    "legalCrtNo": "322038196904204515",
    "legalCrtType": "1",
    "legalCrtTypeDesc": "中国居民身份证",
    "legalEmail": null,
    "legalFax": null,
    "legalName": "张三",
    "legalPhone": null,
    "orgAddr": "致真",
    "orgAddrCity": "110100",
    "orgAddrCityDesc": "市辖区",
    "orgAddrCounty": "110101",
    "orgAddrCountyDesc": "东城区",
    "orgAddrProvince": "110000",
    "orgAddrProvinceDesc": "北京市",
    "orgCategorySpecificDesc": "农、林、牧、渔业-农业",
    "orgCrtCode": "DYKFF5mUw2gwEu4o1jVXdJKF5SUS9GqB",
    "orgCrtImgContent": null,
    "orgCrtImgPath": null,
    "orgCrtImgRid": 2929,
    "orgCrtType": "1",
    "orgDesc": null,
    "orgName": "DYKFF5mUw2gwEu4o1jVXdJKF5SUS9GqB",
    "orgNature": "1",
    "orgNatureDesc": "1",
    "periodValidity": null,
    "regAuthority": null,
    "regCapital": null,
    "regRealNaImpName": null,
    "regRealNaImpType": null,
    "servHostingContractFilePath": null,
    "servHostingContractFileRid": null,
    "servHostingOrg": "暂存服务托管单位",
    "servSysBuildContractFilePath": null,
    "servSysBuildContractFileRid": null,
    "servSysBuildName": null,
    "servSysBuildType": 1,
    "servSysOperContractFilePath": null,
    "servSysOperContractFileRid": null,
    "servSysOperName": null,
    "servSysOperType": 1,
    "svtrid": null,
    "thirdServiceMsg": null,
    "thirdServiceStatus": null,
    "updateDate": "2023-06-26 10:32:57",
    "userId": 1684,
    "userName": "DYKFF5mUw2gwEu4o1jVXdJKF5SUS9GqB",
    "website": null
}

2023-06-26 10:32:57.378 | DEBUG    | httprunner.client:log_print:40 - 
================== response details ==================
status_code : 200
headers  : {
    "Server": "nginx",
    "Date": "Mon, 26 Jun 2023 02:32:57 GMT",
    "Content-Type": "application/json;charset=UTF-8",
    "Transfer-Encoding": "chunked",
    "X-Frame-Options": "SAMEORIGIN",
    "Connection": "keep-alive"
}
cookies  : {}
encoding : UTF-8
content_type : application/json;charset=UTF-8
body     : {
    "message": "success",
    "status": 1,
    "data": true
}

2023-06-26 10:32:57.378 | INFO     | httprunner.client:request:217 - status_code: 200, response_time(ms): 60.85 ms, response_length: 0 bytes
2023-06-26 10:32:57.378 | INFO     | httprunner.response:validate:249 - assert status_code equal 200(int)	==> pass
2023-06-26 10:32:57.378 | INFO     | httprunner.response:validate:249 - assert body.message equal success(str)	==> pass
2023-06-26 10:32:57.378 | INFO     | httprunner.runner:__run_step:304 - run step end: 暂存企业注册第三步提交信息 <<<<<<

2023-06-26 10:32:57.378 | INFO     | httprunner.runner:__run_step:304 - run step end: 暂存企业注册第三步提交信息 <<<<<<

