2023-06-15 14:51:07.951 | INFO     | httprunner.runner:test_start:450 - Start to run testcase: 企业注册信息用例集, TestCase ID: f6b71688-c628-4331-bbd8-8732f112c261
2023-06-15 14:51:07.951 | INFO     | httprunner.runner:__run_step:292 - run step begin: 用户注册 >>>>>>
2023-06-15 14:51:07.952 | INFO     | httprunner.runner:__run_step:292 - run step begin: 用户注册 >>>>>>
2023-06-15 14:51:08.056 | DEBUG    | httprunner.client:request:186 - client IP: 127.0.0.1, Port: 60892
2023-06-15 14:51:08.056 | DEBUG    | httprunner.client:request:194 - server IP: 127.0.0.1, Port: 8888
2023-06-15 14:51:08.056 | DEBUG    | httprunner.client:log_print:40 - 
================== request details ==================
method   : POST
url      : http://139.198.116.76:8000/api/home/test/registry
headers  : {
    "User-Agent": "Mozilla/5.0 (Windows NT 10.0; WOW64) AppleWebKit/537.36 (KHTML, like Gecko) Chrome/100.0.4896.60 Safari/537.36",
    "Accept-Encoding": "gzip, deflate",
    "Accept": "application/json, text/plain, */*",
    "Connection": "keep-alive",
    "Accept-Language": "zh-CN,zh;q=0.9",
    "HRUN-Request-ID": "HRUN-f6b71688-c628-4331-bbd8-8732f112c261-867952",
    "Content-Length": "187",
    "Content-Type": "application/json"
}
cookies  : {}
body     : {
    "email": "scQ10Jfti1hftG5I@qaqseq.com",
    "mobile": "14470035150",
    "openId": "",
    "openUserName": "",
    "password": "Admin@123",
    "remarks": "",
    "username": "4yU3QJ9v3M3Wzimwrd07LRdjpZH4bpcR"
}

2023-06-15 14:51:08.058 | DEBUG    | httprunner.client:log_print:40 - 
================== response details ==================
status_code : 200
headers  : {
    "Server": "nginx",
    "Date": "Thu, 15 Jun 2023 06:51:08 GMT",
    "Content-Type": "application/json",
    "Transfer-Encoding": "chunked",
    "X-Frame-Options": "SAMEORIGIN",
    "Connection": "keep-alive"
}
cookies  : {}
encoding : utf-8
content_type : application/json
body     : {
    "message": "success",
    "status": 1,
    "data": true
}

2023-06-15 14:51:08.058 | INFO     | httprunner.client:request:217 - status_code: 200, response_time(ms): 103.99 ms, response_length: 0 bytes
2023-06-15 14:51:08.058 | INFO     | httprunner.response:validate:249 - assert status_code equal 200(int)	==> pass
2023-06-15 14:51:08.058 | INFO     | httprunner.response:validate:249 - assert body.message equal success(str)	==> pass
2023-06-15 14:51:08.058 | INFO     | httprunner.response:validate:249 - assert body.status equal 1(int)	==> pass
2023-06-15 14:51:08.058 | INFO     | httprunner.response:validate:249 - assert body.message contains success(str)	==> pass
2023-06-15 14:51:08.058 | INFO     | httprunner.response:validate:249 - assert body.status contained_by [1, 200](list)	==> pass
2023-06-15 14:51:08.058 | INFO     | httprunner.runner:__run_step:304 - run step end: 用户注册 <<<<<<

2023-06-15 14:51:08.058 | INFO     | httprunner.runner:__run_step:304 - run step end: 用户注册 <<<<<<

2023-06-15 14:51:08.058 | INFO     | httprunner.runner:__run_step:292 - run step begin: 登录-企业 >>>>>>
2023-06-15 14:51:08.059 | INFO     | httprunner.runner:__run_step:292 - run step begin: 登录-企业用户 >>>>>>
2023-06-15 14:51:08.119 | DEBUG    | httprunner.client:request:186 - client IP: 127.0.0.1, Port: 60892
2023-06-15 14:51:08.119 | DEBUG    | httprunner.client:request:194 - server IP: 127.0.0.1, Port: 8888
2023-06-15 14:51:08.119 | DEBUG    | httprunner.client:log_print:40 - 
================== request details ==================
method   : POST
url      : http://139.198.116.76:8000/api/home/test/login
headers  : {
    "User-Agent": "python-requests/2.28.1",
    "Accept-Encoding": "gzip, deflate, br",
    "Accept": "*/*",
    "Connection": "keep-alive",
    "Content-Length": "170",
    "Content-Type": "application/json",
    "HRUN-Request-ID": "HRUN-f6b71688-c628-4331-bbd8-8732f112c261-868059"
}
cookies  : {}
body     : {
    "captcha": "0000",
    "captchaSign": "216a5a7a4b11a1d33aedd18dae4d3acf82d30b46f6deed5ffcfc0a3eebd83d7a",
    "emailCaptcha": "",
    "username": "4yU3QJ9v3M3Wzimwrd07LRdjpZH4bpcR"
}

2023-06-15 14:51:08.119 | DEBUG    | httprunner.client:log_print:40 - 
================== response details ==================
status_code : 200
headers  : {
    "Server": "nginx",
    "Date": "Thu, 15 Jun 2023 06:51:08 GMT",
    "Content-Type": "application/json;charset=UTF-8",
    "Transfer-Encoding": "chunked",
    "Set-Cookie": "SESSION=MTI4MmM4MWUtNWM1Ni00ZWMwLTk1MTEtNzUwOGQwMzM1ZTkw; Path=/; HttpOnly; SameSite=Lax",
    "X-Frame-Options": "SAMEORIGIN",
    "Connection": "keep-alive"
}
cookies  : {
    "SESSION": "MTI4MmM4MWUtNWM1Ni00ZWMwLTk1MTEtNzUwOGQwMzM1ZTkw"
}
encoding : UTF-8
content_type : application/json;charset=UTF-8
body     : {
    "message": "success",
    "status": 1,
    "data": true
}

2023-06-15 14:51:08.119 | INFO     | httprunner.client:request:217 - status_code: 200, response_time(ms): 59.68 ms, response_length: 0 bytes
2023-06-15 14:51:08.119 | INFO     | httprunner.response:extract:179 - extract mapping: {'entSession': 'response.headers."Set-Cookie".session'}
2023-06-15 14:51:08.119 | INFO     | httprunner.response:validate:249 - assert status_code equal 200(int)	==> pass
2023-06-15 14:51:08.119 | INFO     | httprunner.response:validate:249 - assert headers."Content-Type" equal application/json;charset=UTF-8(str)	==> pass
2023-06-15 14:51:08.120 | INFO     | httprunner.response:validate:249 - assert body.message equal success(str)	==> pass
2023-06-15 14:51:08.120 | INFO     | httprunner.response:validate:249 - assert body.status equal 1(int)	==> pass
2023-06-15 14:51:08.120 | INFO     | httprunner.response:validate:249 - assert body.data equal True(bool)	==> pass
2023-06-15 14:51:08.120 | INFO     | httprunner.runner:__run_step:304 - run step end: 登录-企业用户 <<<<<<

2023-06-15 14:51:08.120 | INFO     | httprunner.runner:__run_step_testcase:286 - export variables: {'entSession': 'response.headers."Set-Cookie".session'}
2023-06-15 14:51:08.120 | INFO     | httprunner.runner:__run_step:304 - run step end: 登录-企业 <<<<<<

2023-06-15 14:51:08.120 | INFO     | httprunner.runner:__run_step:292 - run step begin: 前缀注册企业资质图片上传 >>>>>>
2023-06-15 14:51:08.120 | INFO     | httprunner.runner:__run_step:292 - run step begin: 前缀注册企业资质图片上传 >>>>>>
2023-06-15 14:51:08.225 | DEBUG    | httprunner.client:request:186 - client IP: 127.0.0.1, Port: 60892
2023-06-15 14:51:08.225 | DEBUG    | httprunner.client:request:194 - server IP: 127.0.0.1, Port: 8888
2023-06-15 14:51:08.226 | DEBUG    | httprunner.client:log_print:40 - 
================== request details ==================
method   : POST
url      : http://139.198.116.76:8000/api/file/img/upload
headers  : {
    "User-Agent": "Mozilla/5.0 (Macintosh; Intel Mac OS X 10_15_7) AppleWebKit/537.36 (KHTML, like Gecko) Chrome/105.0.0.0 Safari/537.36",
    "Accept-Encoding": "gzip, deflate",
    "Accept": "application/json, text/plain, */*",
    "Connection": "keep-alive",
    "Accept-Language": "zh-CN,zh;q=0.9",
    "Content-Type": "multipart/form-data; boundary=f756503b2ce74cbbb0dd7b9d361f4d42",
    "HRUN-Request-ID": "HRUN-f6b71688-c628-4331-bbd8-8732f112c261-868122",
    "Cookie": "SESSION=MTI4MmM4MWUtNWM1Ni00ZWMwLTk1MTEtNzUwOGQwMzM1ZTkw; SESSION=response.headers.\"Set-Cookie\".session",
    "Content-Length": "20435"
}
cookies  : {
    "SESSION": "MTI4MmM4MWUtNWM1Ni00ZWMwLTk1MTEtNzUwOGQwMzM1ZTkw"
}
body     : upload file stream (OMITTED)

2023-06-15 14:51:08.227 | DEBUG    | httprunner.client:log_print:40 - 
================== response details ==================
status_code : 200
headers  : {
    "Server": "nginx",
    "Date": "Thu, 15 Jun 2023 06:51:08 GMT",
    "Content-Type": "application/json;charset=UTF-8",
    "Transfer-Encoding": "chunked",
    "X-Frame-Options": "SAMEORIGIN",
    "Connection": "keep-alive"
}
cookies  : {}
encoding : UTF-8
content_type : application/json;charset=UTF-8
body     : {
    "message": "success",
    "status": 1,
    "data": {
        "id": 2294,
        "path": "f3858ce7-d889-42c1-8993-5c356d1fd8ae.jpeg"
    }
}

2023-06-15 14:51:08.227 | INFO     | httprunner.client:request:217 - status_code: 200, response_time(ms): 102.72 ms, response_length: 0 bytes
2023-06-15 14:51:08.228 | INFO     | httprunner.response:extract:179 - extract mapping: {'imgId': 2294}
2023-06-15 14:51:08.228 | INFO     | httprunner.response:validate:249 - assert status_code equal 200(int)	==> pass
2023-06-15 14:51:08.228 | INFO     | httprunner.runner:__run_step:304 - run step end: 前缀注册企业资质图片上传 <<<<<<

2023-06-15 14:51:08.228 | INFO     | httprunner.runner:__run_step_testcase:286 - export variables: {'imgId': 2294}
2023-06-15 14:51:08.229 | INFO     | httprunner.runner:__run_step:304 - run step end: 前缀注册企业资质图片上传 <<<<<<

2023-06-15 14:51:08.229 | INFO     | httprunner.runner:__run_step:292 - run step begin: 前缀注册企业联系人身份证图片正面上传 >>>>>>
2023-06-15 14:51:08.230 | INFO     | httprunner.runner:__run_step:292 - run step begin: 前缀注册企业联系人身份证图片背面上传 >>>>>>
2023-06-15 14:51:08.358 | DEBUG    | httprunner.client:request:186 - client IP: 127.0.0.1, Port: 60892
2023-06-15 14:51:08.358 | DEBUG    | httprunner.client:request:194 - server IP: 127.0.0.1, Port: 8888
2023-06-15 14:51:08.359 | DEBUG    | httprunner.client:log_print:40 - 
================== request details ==================
method   : POST
url      : http://139.198.116.76:8000/api/file/img/upload
headers  : {
    "User-Agent": "Mozilla/5.0 (Macintosh; Intel Mac OS X 10_15_7) AppleWebKit/537.36 (KHTML, like Gecko) Chrome/105.0.0.0 Safari/537.36",
    "Accept-Encoding": "gzip, deflate",
    "Accept": "application/json, text/plain, */*",
    "Connection": "keep-alive",
    "Accept-Language": "zh-CN,zh;q=0.9",
    "Content-Type": "multipart/form-data; boundary=2847f10de6c2405aa451d152a0677e00",
    "HRUN-Request-ID": "HRUN-f6b71688-c628-4331-bbd8-8732f112c261-868230",
    "Cookie": "SESSION=MTI4MmM4MWUtNWM1Ni00ZWMwLTk1MTEtNzUwOGQwMzM1ZTkw; SESSION=response.headers.\"Set-Cookie\".session",
    "Content-Length": "20435"
}
cookies  : {
    "SESSION": "MTI4MmM4MWUtNWM1Ni00ZWMwLTk1MTEtNzUwOGQwMzM1ZTkw"
}
body     : upload file stream (OMITTED)

2023-06-15 14:51:08.360 | DEBUG    | httprunner.client:log_print:40 - 
================== response details ==================
status_code : 200
headers  : {
    "Server": "nginx",
    "Date": "Thu, 15 Jun 2023 06:51:08 GMT",
    "Content-Type": "application/json;charset=UTF-8",
    "Transfer-Encoding": "chunked",
    "X-Frame-Options": "SAMEORIGIN",
    "Connection": "keep-alive"
}
cookies  : {}
encoding : UTF-8
content_type : application/json;charset=UTF-8
body     : {
    "message": "success",
    "status": 1,
    "data": {
        "id": 2295,
        "path": "3f17f5bd-4e05-413c-bd99-e1cbb2c26b80.jpeg"
    }
}

2023-06-15 14:51:08.360 | INFO     | httprunner.client:request:217 - status_code: 200, response_time(ms): 127.44 ms, response_length: 0 bytes
2023-06-15 14:51:08.361 | INFO     | httprunner.response:extract:179 - extract mapping: {'imgId_f': 2295}
2023-06-15 14:51:08.361 | INFO     | httprunner.response:validate:249 - assert status_code equal 200(int)	==> pass
2023-06-15 14:51:08.361 | INFO     | httprunner.runner:__run_step:304 - run step end: 前缀注册企业联系人身份证图片背面上传 <<<<<<

2023-06-15 14:51:08.362 | INFO     | httprunner.runner:__run_step_testcase:286 - export variables: {'imgId_f': 2295}
2023-06-15 14:51:08.362 | INFO     | httprunner.runner:__run_step:304 - run step end: 前缀注册企业联系人身份证图片正面上传 <<<<<<

2023-06-15 14:51:08.362 | INFO     | httprunner.runner:__run_step:292 - run step begin: 前缀注册企业联系人身份证图片背面上传 >>>>>>
2023-06-15 14:51:08.362 | INFO     | httprunner.runner:__run_step:292 - run step begin: 前缀注册企业联系人身份证图片背面上传 >>>>>>
2023-06-15 14:51:08.599 | DEBUG    | httprunner.client:request:186 - client IP: 127.0.0.1, Port: 60892
2023-06-15 14:51:08.599 | DEBUG    | httprunner.client:request:194 - server IP: 127.0.0.1, Port: 8888
2023-06-15 14:51:08.600 | DEBUG    | httprunner.client:log_print:40 - 
================== request details ==================
method   : POST
url      : http://139.198.116.76:8000/api/file/img/upload
headers  : {
    "User-Agent": "Mozilla/5.0 (Macintosh; Intel Mac OS X 10_15_7) AppleWebKit/537.36 (KHTML, like Gecko) Chrome/105.0.0.0 Safari/537.36",
    "Accept-Encoding": "gzip, deflate",
    "Accept": "application/json, text/plain, */*",
    "Connection": "keep-alive",
    "Accept-Language": "zh-CN,zh;q=0.9",
    "Content-Type": "multipart/form-data; boundary=bf7e070bb2504344b6767318cc88b5cf",
    "HRUN-Request-ID": "HRUN-f6b71688-c628-4331-bbd8-8732f112c261-868363",
    "Cookie": "SESSION=MTI4MmM4MWUtNWM1Ni00ZWMwLTk1MTEtNzUwOGQwMzM1ZTkw; SESSION=response.headers.\"Set-Cookie\".session",
    "Content-Length": "20435"
}
cookies  : {
    "SESSION": "MTI4MmM4MWUtNWM1Ni00ZWMwLTk1MTEtNzUwOGQwMzM1ZTkw"
}
body     : upload file stream (OMITTED)

2023-06-15 14:51:08.601 | DEBUG    | httprunner.client:log_print:40 - 
================== response details ==================
status_code : 200
headers  : {
    "Server": "nginx",
    "Date": "Thu, 15 Jun 2023 06:51:08 GMT",
    "Content-Type": "application/json;charset=UTF-8",
    "Transfer-Encoding": "chunked",
    "X-Frame-Options": "SAMEORIGIN",
    "Connection": "keep-alive"
}
cookies  : {}
encoding : UTF-8
content_type : application/json;charset=UTF-8
body     : {
    "message": "success",
    "status": 1,
    "data": {
        "id": 2296,
        "path": "dd794ae3-d1ed-481b-b130-97264b1f6108.jpeg"
    }
}

2023-06-15 14:51:08.601 | INFO     | httprunner.client:request:217 - status_code: 200, response_time(ms): 235.95 ms, response_length: 0 bytes
2023-06-15 14:51:08.602 | INFO     | httprunner.response:extract:179 - extract mapping: {'imgId_b': 2296}
2023-06-15 14:51:08.602 | INFO     | httprunner.response:validate:249 - assert status_code equal 200(int)	==> pass
2023-06-15 14:51:08.602 | INFO     | httprunner.runner:__run_step:304 - run step end: 前缀注册企业联系人身份证图片背面上传 <<<<<<

2023-06-15 14:51:08.603 | INFO     | httprunner.runner:__run_step_testcase:286 - export variables: {'imgId_b': 2296}
2023-06-15 14:51:08.603 | INFO     | httprunner.runner:__run_step:304 - run step end: 前缀注册企业联系人身份证图片背面上传 <<<<<<

2023-06-15 14:51:08.603 | INFO     | httprunner.runner:__run_step:292 - run step begin: 企业注册第一步提交信息 >>>>>>
2023-06-15 14:51:08.604 | INFO     | httprunner.runner:__run_step:292 - run step begin: 企业注册第一步提交信息 >>>>>>
2023-06-15 14:51:08.671 | DEBUG    | httprunner.client:request:186 - client IP: 127.0.0.1, Port: 60892
2023-06-15 14:51:08.672 | DEBUG    | httprunner.client:request:194 - server IP: 127.0.0.1, Port: 8888
2023-06-15 14:51:08.674 | DEBUG    | httprunner.client:log_print:40 - 
================== request details ==================
method   : POST
url      : http://139.198.116.76:8000/api/v3/entApply/basicInfo/submit
headers  : {
    "User-Agent": "Mozilla/5.0 (Macintosh; Intel Mac OS X 10_15_7) AppleWebKit/537.36 (KHTML, like Gecko) Chrome/105.0.0.0 Safari/537.36",
    "Accept-Encoding": "gzip, deflate",
    "Accept": "application/json, text/plain, */*",
    "Connection": "keep-alive",
    "Accept-Language": "zh-CN,zh;q=0.9",
    "Content-Type": "application/json;charset=UTF-8",
    "HRUN-Request-ID": "HRUN-f6b71688-c628-4331-bbd8-8732f112c261-868604",
    "Cookie": "SESSION=MTI4MmM4MWUtNWM1Ni00ZWMwLTk1MTEtNzUwOGQwMzM1ZTkw; SESSION=response.headers.\"Set-Cookie\".session",
    "Content-Length": "3430"
}
cookies  : {
    "SESSION": "MTI4MmM4MWUtNWM1Ni00ZWMwLTk1MTEtNzUwOGQwMzM1ZTkw"
}
body     : {
    "applyStep": 2,
    "applyType": null,
    "area": [
        "110000",
        "110100",
        "110101"
    ],
    "cltrid": null,
    "contactCrtBackImgPath": null,
    "contactCrtBackImgRid": 2296,
    "contactCrtFrontImgPath": null,
    "contactCrtFrontImgRid": 2295,
    "contactCrtNo": "231056197911240377",
    "contactCrtType": 1,
    "contactEmail": "scQ10Jfti1hftG5I@qaqseq.com",
    "contactName": "4yU3QJ9v3M3Wzimwrd07LRdjpZH4bpcR",
    "contactPhone": "sdfasfasfasdf",
    "createDate": null,
    "dataHostingContractFilePath": null,
    "dataHostingContractFileRid": null,
    "dataHostingOrg": null,
    "entGeneralId": null,
    "entInfoLicenses": [],
    "entInfoSerIndustrys": [],
    "entInfoSyss": [
        {
            "deployAddr": "致真",
            "deployAddrCity": "110100",
            "deployAddrCounty": "110101",
            "deployAddrProvince": "110000",
            "deployMode": 1,
            "entApplyId": 951,
            "id": 2205,
            "ipPort": null,
            "name": null,
            "sysType": 1
        },
        {
            "deployAddr": "致真",
            "deployAddrCity": "110100",
            "deployAddrCounty": "110101",
            "deployAddrProvince": "110000",
            "deployMode": 1,
            "entApplyId": 951,
            "id": 2206,
            "ipPort": null,
            "name": null,
            "sysType": 2
        },
        {
            "deployAddr": "天津",
            "deployAddrCity": "120100",
            "deployAddrCounty": "120101",
            "deployAddrProvince": "120000",
            "deployMode": 1,
            "entApplyId": 951,
            "id": 2207,
            "ipPort": null,
            "name": null,
            "sysType": 3
        },
        {
            "deployAddr": "天津",
            "deployAddrCity": "120100",
            "deployAddrCounty": "120101",
            "deployAddrProvince": "120000",
            "deployMode": 1,
            "entApplyId": 951,
            "id": 2208,
            "ipPort": null,
            "name": null,
            "sysType": 4
        }
    ],
    "entPrefix": "88.408.5310227089",
    "escrowId": null,
    "escrowOrgName": null,
    "establishDate": null,
    "extDomain": null,
    "extIpAddr": null,
    "extWebName": null,
    "finalAuditMsg": null,
    "finalAuditStatus": null,
    "firstAuditMsg": null,
    "firstAuditStatus": null,
    "id": null,
    "idRegNaImp": null,
    "industry": [
        "A",
        "01"
    ],
    "industryCategory": "A",
    "industrySpecific": "01",
    "isSubmit": 0,
    "legalCrtBackImgContent": null,
    "legalCrtBackImgPath": null,
    "legalCrtBackImgRid": 2296,
    "legalCrtFrontImgContent": null,
    "legalCrtFrontImgPath": null,
    "legalCrtFrontImgRid": 2295,
    "legalCrtNo": "231056197911240377",
    "legalCrtType": "1",
    "legalCrtTypeDesc": "中国居民身份证",
    "legalEmail": null,
    "legalFax": null,
    "legalName": "张三",
    "legalPhone": null,
    "orgAddr": "致真",
    "orgAddrCity": "110100",
    "orgAddrCityDesc": "市辖区",
    "orgAddrCounty": "110101",
    "orgAddrCountyDesc": "东城区",
    "orgAddrProvince": "110000",
    "orgAddrProvinceDesc": "北京市",
    "orgCategorySpecificDesc": "农、林、牧、渔业-农业",
    "orgCrtCode": "mRkXDqpsYtI8AmbOKAfcHintrYViYRud",
    "orgCrtImgContent": null,
    "orgCrtImgPath": null,
    "orgCrtImgRid": 2294,
    "orgCrtType": "1",
    "orgDesc": null,
    "orgName": "uDai45zdgQEUFME83M0U3KgrEyoYMeBg",
    "orgNature": "1",
    "orgNatureDesc": "国有控股",
    "periodValidity": null,
    "regAuthority": null,
    "regCapital": null,
    "regRealNaImpName": null,
    "regRealNaImpType": null,
    "servHostingContractFilePath": null,
    "servHostingContractFileRid": null,
    "servHostingOrg": null,
    "servSysBuildContractFilePath": null,
    "servSysBuildContractFileRid": null,
    "servSysBuildName": null,
    "servSysBuildType": 1,
    "servSysOperContractFilePath": null,
    "servSysOperContractFileRid": null,
    "servSysOperName": null,
    "servSysOperType": 1,
    "svtrid": null,
    "thirdServiceMsg": null,
    "thirdServiceStatus": null,
    "updateDate": null,
    "userId": null,
    "userName": null,
    "website": null
}

2023-06-15 14:51:08.675 | DEBUG    | httprunner.client:log_print:40 - 
================== response details ==================
status_code : 200
headers  : {
    "Server": "nginx",
    "Date": "Thu, 15 Jun 2023 06:51:08 GMT",
    "Content-Type": "application/json",
    "Transfer-Encoding": "chunked",
    "X-Frame-Options": "SAMEORIGIN",
    "Connection": "keep-alive"
}
cookies  : {}
encoding : utf-8
content_type : application/json
body     : {
    "message": "联系人手机号不合法",
    "status": -2,
    "data": null
}

2023-06-15 14:51:08.675 | INFO     | httprunner.client:request:217 - status_code: 200, response_time(ms): 66.44 ms, response_length: 0 bytes
2023-06-15 14:51:08.675 | INFO     | httprunner.response:validate:249 - assert status_code equal 200(int)	==> pass
2023-06-15 14:51:08.675 | INFO     | httprunner.response:validate:249 - assert body.status equal -2(int)	==> pass
2023-06-15 14:51:08.675 | INFO     | httprunner.response:validate:249 - assert body.message equal 联系人手机号不合法(str)	==> pass
2023-06-15 14:51:08.675 | INFO     | httprunner.runner:__run_step:304 - run step end: 企业注册第一步提交信息 <<<<<<

2023-06-15 14:51:08.676 | INFO     | httprunner.runner:__run_step:304 - run step end: 企业注册第一步提交信息 <<<<<<

