2023-06-25 18:43:06.015 | INFO     | httprunner.runner:test_start:450 - Start to run testcase: 前缀注册提交成功, TestCase ID: f77037bd-fab8-451d-8c06-2e3bc15d49dd
2023-06-25 18:43:06.016 | INFO     | httprunner.runner:__run_step:292 - run step begin: 用户注册 >>>>>>
2023-06-25 18:43:06.016 | INFO     | httprunner.runner:__run_step:292 - run step begin: 用户注册 >>>>>>
2023-06-25 18:43:06.179 | DEBUG    | httprunner.client:request:186 - client IP: 127.0.0.1, Port: 56330
2023-06-25 18:43:06.180 | DEBUG    | httprunner.client:request:194 - server IP: 127.0.0.1, Port: 8888
2023-06-25 18:43:06.180 | DEBUG    | httprunner.client:log_print:40 - 
================== request details ==================
method   : POST
url      : http://139.198.116.76:8000/api/home/test/registry
headers  : {
    "User-Agent": "Mozilla/5.0 (Windows NT 10.0; WOW64) AppleWebKit/537.36 (KHTML, like Gecko) Chrome/100.0.4896.60 Safari/537.36",
    "Accept-Encoding": "gzip, deflate",
    "Accept": "application/json, text/plain, */*",
    "Connection": "keep-alive",
    "Accept-Language": "zh-CN,zh;q=0.9",
    "HRUN-Request-ID": "HRUN-f77037bd-fab8-451d-8c06-2e3bc15d49dd-786016",
    "Content-Length": "187",
    "Content-Type": "application/json"
}
cookies  : {}
body     : {
    "email": "bktrRRbxL9qWIcJb@qaqseq.com",
    "mobile": "14603432123",
    "openId": "",
    "openUserName": "",
    "password": "Admin@123",
    "remarks": "",
    "username": "6ptqutAIEXf4LeHpcKHQ74UHQ8bftxIN"
}

2023-06-25 18:43:06.180 | DEBUG    | httprunner.client:log_print:40 - 
================== response details ==================
status_code : 200
headers  : {
    "Server": "nginx",
    "Date": "Sun, 25 Jun 2023 10:43:06 GMT",
    "Content-Type": "application/json",
    "Transfer-Encoding": "chunked",
    "X-Frame-Options": "SAMEORIGIN",
    "Connection": "keep-alive"
}
cookies  : {}
encoding : utf-8
content_type : application/json
body     : {
    "message": "success",
    "status": 1,
    "data": true
}

2023-06-25 18:43:06.180 | INFO     | httprunner.client:request:217 - status_code: 200, response_time(ms): 162.89 ms, response_length: 0 bytes
2023-06-25 18:43:06.180 | INFO     | httprunner.response:validate:249 - assert status_code equal 200(int)	==> pass
2023-06-25 18:43:06.180 | INFO     | httprunner.response:validate:249 - assert body.message equal success(str)	==> pass
2023-06-25 18:43:06.180 | INFO     | httprunner.response:validate:249 - assert body.status equal 1(int)	==> pass
2023-06-25 18:43:06.180 | INFO     | httprunner.response:validate:249 - assert body.message contains success(str)	==> pass
2023-06-25 18:43:06.180 | INFO     | httprunner.response:validate:249 - assert body.status contained_by [1, 200](list)	==> pass
2023-06-25 18:43:06.180 | INFO     | httprunner.runner:__run_step:304 - run step end: 用户注册 <<<<<<

2023-06-25 18:43:06.181 | INFO     | httprunner.runner:__run_step:304 - run step end: 用户注册 <<<<<<

2023-06-25 18:43:06.181 | INFO     | httprunner.runner:__run_step:292 - run step begin: 登录-企业 >>>>>>
2023-06-25 18:43:06.181 | INFO     | httprunner.runner:__run_step:292 - run step begin: 登录-企业用户 >>>>>>
2023-06-25 18:43:06.240 | DEBUG    | httprunner.client:request:186 - client IP: 127.0.0.1, Port: 56330
2023-06-25 18:43:06.240 | DEBUG    | httprunner.client:request:194 - server IP: 127.0.0.1, Port: 8888
2023-06-25 18:43:06.241 | DEBUG    | httprunner.client:log_print:40 - 
================== request details ==================
method   : POST
url      : http://139.198.116.76:8000/api/home/test/login
headers  : {
    "User-Agent": "python-requests/2.28.1",
    "Accept-Encoding": "gzip, deflate, br",
    "Accept": "*/*",
    "Connection": "keep-alive",
    "Content-Length": "170",
    "Content-Type": "application/json",
    "HRUN-Request-ID": "HRUN-f77037bd-fab8-451d-8c06-2e3bc15d49dd-786181"
}
cookies  : {}
body     : {
    "captcha": "0000",
    "captchaSign": "beca49a0aa1dcbdba0bcd7b80db77ac72443be2c012bc6bf8f0fee817069d04e",
    "emailCaptcha": "",
    "username": "6ptqutAIEXf4LeHpcKHQ74UHQ8bftxIN"
}

2023-06-25 18:43:06.242 | DEBUG    | httprunner.client:log_print:40 - 
================== response details ==================
status_code : 200
headers  : {
    "Server": "nginx",
    "Date": "Sun, 25 Jun 2023 10:43:06 GMT",
    "Content-Type": "application/json;charset=UTF-8",
    "Transfer-Encoding": "chunked",
    "Set-Cookie": "SESSION=OGFlYmQxNzItOTE4Zi00NDcyLWIyYTMtNjkxZTQ0NmEwZTJh; Path=/; HttpOnly; SameSite=Lax",
    "X-Frame-Options": "SAMEORIGIN",
    "Connection": "keep-alive"
}
cookies  : {
    "SESSION": "OGFlYmQxNzItOTE4Zi00NDcyLWIyYTMtNjkxZTQ0NmEwZTJh"
}
encoding : UTF-8
content_type : application/json;charset=UTF-8
body     : {
    "message": "success",
    "status": 1,
    "data": true
}

2023-06-25 18:43:06.242 | INFO     | httprunner.client:request:217 - status_code: 200, response_time(ms): 58.68 ms, response_length: 0 bytes
2023-06-25 18:43:06.243 | INFO     | httprunner.response:extract:179 - extract mapping: {'entSession': 'response.headers."Set-Cookie".session'}
2023-06-25 18:43:06.243 | INFO     | httprunner.response:validate:249 - assert status_code equal 200(int)	==> pass
2023-06-25 18:43:06.243 | INFO     | httprunner.response:validate:249 - assert headers."Content-Type" equal application/json;charset=UTF-8(str)	==> pass
2023-06-25 18:43:06.243 | INFO     | httprunner.response:validate:249 - assert body.message equal success(str)	==> pass
2023-06-25 18:43:06.244 | INFO     | httprunner.response:validate:249 - assert body.status equal 1(int)	==> pass
2023-06-25 18:43:06.244 | INFO     | httprunner.response:validate:249 - assert body.data equal True(bool)	==> pass
2023-06-25 18:43:06.244 | INFO     | httprunner.runner:__run_step:304 - run step end: 登录-企业用户 <<<<<<

2023-06-25 18:43:06.244 | INFO     | httprunner.runner:__run_step_testcase:286 - export variables: {'entSession': 'response.headers."Set-Cookie".session'}
2023-06-25 18:43:06.244 | INFO     | httprunner.runner:__run_step:304 - run step end: 登录-企业 <<<<<<

2023-06-25 18:43:06.244 | INFO     | httprunner.runner:__run_step:292 - run step begin: 前缀注册企业资质图片上传 >>>>>>
2023-06-25 18:43:06.244 | INFO     | httprunner.runner:__run_step:292 - run step begin: 前缀注册企业资质图片上传 >>>>>>
2023-06-25 18:43:06.348 | DEBUG    | httprunner.client:request:186 - client IP: 127.0.0.1, Port: 56330
2023-06-25 18:43:06.349 | DEBUG    | httprunner.client:request:194 - server IP: 127.0.0.1, Port: 8888
2023-06-25 18:43:06.349 | DEBUG    | httprunner.client:log_print:40 - 
================== request details ==================
method   : POST
url      : http://139.198.116.76:8000/api/file/img/upload
headers  : {
    "User-Agent": "Mozilla/5.0 (Macintosh; Intel Mac OS X 10_15_7) AppleWebKit/537.36 (KHTML, like Gecko) Chrome/105.0.0.0 Safari/537.36",
    "Accept-Encoding": "gzip, deflate",
    "Accept": "application/json, text/plain, */*",
    "Connection": "keep-alive",
    "Accept-Language": "zh-CN,zh;q=0.9",
    "Content-Type": "multipart/form-data; boundary=e48a8329360848d49b241811d5130a37",
    "HRUN-Request-ID": "HRUN-f77037bd-fab8-451d-8c06-2e3bc15d49dd-786245",
    "Cookie": "SESSION=OGFlYmQxNzItOTE4Zi00NDcyLWIyYTMtNjkxZTQ0NmEwZTJh; SESSION=response.headers.\"Set-Cookie\".session",
    "Content-Length": "20435"
}
cookies  : {
    "SESSION": "OGFlYmQxNzItOTE4Zi00NDcyLWIyYTMtNjkxZTQ0NmEwZTJh"
}
body     : upload file stream (OMITTED)

2023-06-25 18:43:06.350 | DEBUG    | httprunner.client:log_print:40 - 
================== response details ==================
status_code : 200
headers  : {
    "Server": "nginx",
    "Date": "Sun, 25 Jun 2023 10:43:06 GMT",
    "Content-Type": "application/json;charset=UTF-8",
    "Transfer-Encoding": "chunked",
    "X-Frame-Options": "SAMEORIGIN",
    "Connection": "keep-alive"
}
cookies  : {}
encoding : UTF-8
content_type : application/json;charset=UTF-8
body     : {
    "message": "success",
    "status": 1,
    "data": {
        "id": 2812,
        "path": "674de76c-3b6f-4e01-85cd-aa8a61c80407.jpeg"
    }
}

2023-06-25 18:43:06.350 | INFO     | httprunner.client:request:217 - status_code: 200, response_time(ms): 102.99 ms, response_length: 0 bytes
2023-06-25 18:43:06.350 | INFO     | httprunner.response:extract:179 - extract mapping: {'imgId': 2812}
2023-06-25 18:43:06.350 | INFO     | httprunner.response:validate:249 - assert status_code equal 200(int)	==> pass
2023-06-25 18:43:06.350 | INFO     | httprunner.runner:__run_step:304 - run step end: 前缀注册企业资质图片上传 <<<<<<

2023-06-25 18:43:06.351 | INFO     | httprunner.runner:__run_step_testcase:286 - export variables: {'imgId': 2812}
2023-06-25 18:43:06.351 | INFO     | httprunner.runner:__run_step:304 - run step end: 前缀注册企业资质图片上传 <<<<<<

2023-06-25 18:43:06.351 | INFO     | httprunner.runner:__run_step:292 - run step begin: 前缀注册企业联系人身份证图片正面上传 >>>>>>
2023-06-25 18:43:06.351 | INFO     | httprunner.runner:__run_step:292 - run step begin: 前缀注册企业联系人身份证图片背面上传 >>>>>>
2023-06-25 18:43:06.479 | DEBUG    | httprunner.client:request:186 - client IP: 127.0.0.1, Port: 56330
2023-06-25 18:43:06.479 | DEBUG    | httprunner.client:request:194 - server IP: 127.0.0.1, Port: 8888
2023-06-25 18:43:06.480 | DEBUG    | httprunner.client:log_print:40 - 
================== request details ==================
method   : POST
url      : http://139.198.116.76:8000/api/file/img/upload
headers  : {
    "User-Agent": "Mozilla/5.0 (Macintosh; Intel Mac OS X 10_15_7) AppleWebKit/537.36 (KHTML, like Gecko) Chrome/105.0.0.0 Safari/537.36",
    "Accept-Encoding": "gzip, deflate",
    "Accept": "application/json, text/plain, */*",
    "Connection": "keep-alive",
    "Accept-Language": "zh-CN,zh;q=0.9",
    "Content-Type": "multipart/form-data; boundary=d51abc683eb843a4afb5e4b1c788843b",
    "HRUN-Request-ID": "HRUN-f77037bd-fab8-451d-8c06-2e3bc15d49dd-786351",
    "Cookie": "SESSION=OGFlYmQxNzItOTE4Zi00NDcyLWIyYTMtNjkxZTQ0NmEwZTJh; SESSION=response.headers.\"Set-Cookie\".session",
    "Content-Length": "20435"
}
cookies  : {
    "SESSION": "OGFlYmQxNzItOTE4Zi00NDcyLWIyYTMtNjkxZTQ0NmEwZTJh"
}
body     : upload file stream (OMITTED)

2023-06-25 18:43:06.481 | DEBUG    | httprunner.client:log_print:40 - 
================== response details ==================
status_code : 200
headers  : {
    "Server": "nginx",
    "Date": "Sun, 25 Jun 2023 10:43:06 GMT",
    "Content-Type": "application/json;charset=UTF-8",
    "Transfer-Encoding": "chunked",
    "X-Frame-Options": "SAMEORIGIN",
    "Connection": "keep-alive"
}
cookies  : {}
encoding : UTF-8
content_type : application/json;charset=UTF-8
body     : {
    "message": "success",
    "status": 1,
    "data": {
        "id": 2813,
        "path": "14517bf8-29a5-44d7-b0d4-92bcf75ba0b2.jpeg"
    }
}

2023-06-25 18:43:06.481 | INFO     | httprunner.client:request:217 - status_code: 200, response_time(ms): 127.39 ms, response_length: 0 bytes
2023-06-25 18:43:06.481 | INFO     | httprunner.response:extract:179 - extract mapping: {'imgId_f': 2813}
2023-06-25 18:43:06.482 | INFO     | httprunner.response:validate:249 - assert status_code equal 200(int)	==> pass
2023-06-25 18:43:06.482 | INFO     | httprunner.runner:__run_step:304 - run step end: 前缀注册企业联系人身份证图片背面上传 <<<<<<

2023-06-25 18:43:06.482 | INFO     | httprunner.runner:__run_step_testcase:286 - export variables: {'imgId_f': 2813}
2023-06-25 18:43:06.482 | INFO     | httprunner.runner:__run_step:304 - run step end: 前缀注册企业联系人身份证图片正面上传 <<<<<<

2023-06-25 18:43:06.483 | INFO     | httprunner.runner:__run_step:292 - run step begin: 前缀注册企业联系人身份证图片背面上传 >>>>>>
2023-06-25 18:43:06.483 | INFO     | httprunner.runner:__run_step:292 - run step begin: 前缀注册企业联系人身份证图片背面上传 >>>>>>
2023-06-25 18:43:06.581 | DEBUG    | httprunner.client:request:186 - client IP: 127.0.0.1, Port: 56330
2023-06-25 18:43:06.581 | DEBUG    | httprunner.client:request:194 - server IP: 127.0.0.1, Port: 8888
2023-06-25 18:43:06.582 | DEBUG    | httprunner.client:log_print:40 - 
================== request details ==================
method   : POST
url      : http://139.198.116.76:8000/api/file/img/upload
headers  : {
    "User-Agent": "Mozilla/5.0 (Macintosh; Intel Mac OS X 10_15_7) AppleWebKit/537.36 (KHTML, like Gecko) Chrome/105.0.0.0 Safari/537.36",
    "Accept-Encoding": "gzip, deflate",
    "Accept": "application/json, text/plain, */*",
    "Connection": "keep-alive",
    "Accept-Language": "zh-CN,zh;q=0.9",
    "Content-Type": "multipart/form-data; boundary=e3dbcce8ed954a6ba11c7983b0268b3a",
    "HRUN-Request-ID": "HRUN-f77037bd-fab8-451d-8c06-2e3bc15d49dd-786483",
    "Cookie": "SESSION=OGFlYmQxNzItOTE4Zi00NDcyLWIyYTMtNjkxZTQ0NmEwZTJh; SESSION=response.headers.\"Set-Cookie\".session",
    "Content-Length": "20435"
}
cookies  : {
    "SESSION": "OGFlYmQxNzItOTE4Zi00NDcyLWIyYTMtNjkxZTQ0NmEwZTJh"
}
body     : upload file stream (OMITTED)

2023-06-25 18:43:06.583 | DEBUG    | httprunner.client:log_print:40 - 
================== response details ==================
status_code : 200
headers  : {
    "Server": "nginx",
    "Date": "Sun, 25 Jun 2023 10:43:06 GMT",
    "Content-Type": "application/json;charset=UTF-8",
    "Transfer-Encoding": "chunked",
    "X-Frame-Options": "SAMEORIGIN",
    "Connection": "keep-alive"
}
cookies  : {}
encoding : UTF-8
content_type : application/json;charset=UTF-8
body     : {
    "message": "success",
    "status": 1,
    "data": {
        "id": 2814,
        "path": "3294ab45-760f-42d4-a810-0c9acb294ba4.jpeg"
    }
}

2023-06-25 18:43:06.583 | INFO     | httprunner.client:request:217 - status_code: 200, response_time(ms): 97.56 ms, response_length: 0 bytes
2023-06-25 18:43:06.584 | INFO     | httprunner.response:extract:179 - extract mapping: {'imgId_b': 2814}
2023-06-25 18:43:06.584 | INFO     | httprunner.response:validate:249 - assert status_code equal 200(int)	==> pass
2023-06-25 18:43:06.584 | INFO     | httprunner.runner:__run_step:304 - run step end: 前缀注册企业联系人身份证图片背面上传 <<<<<<

2023-06-25 18:43:06.585 | INFO     | httprunner.runner:__run_step_testcase:286 - export variables: {'imgId_b': 2814}
2023-06-25 18:43:06.585 | INFO     | httprunner.runner:__run_step:304 - run step end: 前缀注册企业联系人身份证图片背面上传 <<<<<<

2023-06-25 18:43:06.585 | INFO     | httprunner.runner:__run_step:292 - run step begin: 企业注册第一步提交信息 >>>>>>
2023-06-25 18:43:06.586 | INFO     | httprunner.runner:__run_step:292 - run step begin: 企业注册第一步提交信息 >>>>>>
2023-06-25 18:43:06.764 | DEBUG    | httprunner.client:request:186 - client IP: 127.0.0.1, Port: 56330
2023-06-25 18:43:06.765 | DEBUG    | httprunner.client:request:194 - server IP: 127.0.0.1, Port: 8888
2023-06-25 18:43:06.766 | DEBUG    | httprunner.client:log_print:40 - 
================== request details ==================
method   : POST
url      : http://139.198.116.76:8000/api/v3/entApply/basicInfo/submit
headers  : {
    "User-Agent": "Mozilla/5.0 (Macintosh; Intel Mac OS X 10_15_7) AppleWebKit/537.36 (KHTML, like Gecko) Chrome/105.0.0.0 Safari/537.36",
    "Accept-Encoding": "gzip, deflate",
    "Accept": "application/json, text/plain, */*",
    "Connection": "keep-alive",
    "Accept-Language": "zh-CN,zh;q=0.9",
    "Content-Type": "application/json;charset=UTF-8",
    "HRUN-Request-ID": "HRUN-f77037bd-fab8-451d-8c06-2e3bc15d49dd-786586",
    "Cookie": "SESSION=OGFlYmQxNzItOTE4Zi00NDcyLWIyYTMtNjkxZTQ0NmEwZTJh; SESSION=response.headers.\"Set-Cookie\".session",
    "Content-Length": "2555"
}
cookies  : {
    "SESSION": "OGFlYmQxNzItOTE4Zi00NDcyLWIyYTMtNjkxZTQ0NmEwZTJh"
}
body     : {
    "applyStep": 2,
    "applyType": null,
    "area": [
        "110000",
        "110100",
        "110101"
    ],
    "cltrid": null,
    "contactCrtBackImgPath": null,
    "contactCrtBackImgRid": 2814,
    "contactCrtFrontImgPath": null,
    "contactCrtFrontImgRid": 2813,
    "contactCrtNo": "50951419751216867X",
    "contactCrtType": 1,
    "contactEmail": "bktrRRbxL9qWIcJb@qaqseq.com",
    "contactName": "6ptqutAIEXf4LeHpcKHQ74UHQ8bftxIN",
    "contactPhone": "14603432123",
    "createDate": null,
    "dataHostingContractFilePath": null,
    "dataHostingContractFileRid": null,
    "dataHostingOrg": null,
    "entGeneralId": null,
    "entInfoLicenses": [],
    "entInfoSerIndustrys": [],
    "entPrefix": "88.408.1418080785",
    "escrowId": null,
    "escrowOrgName": null,
    "establishDate": null,
    "extDomain": null,
    "extIpAddr": null,
    "extWebName": null,
    "finalAuditMsg": null,
    "finalAuditStatus": null,
    "firstAuditMsg": null,
    "firstAuditStatus": null,
    "id": null,
    "idRegNaImp": null,
    "industry": [
        "A",
        "01"
    ],
    "industryCategory": "A",
    "industrySpecific": "01",
    "isSubmit": 0,
    "legalCrtBackImgContent": null,
    "legalCrtBackImgPath": null,
    "legalCrtBackImgRid": 2814,
    "legalCrtFrontImgContent": null,
    "legalCrtFrontImgPath": null,
    "legalCrtFrontImgRid": 2813,
    "legalCrtNo": "50951419751216867X",
    "legalCrtType": "1",
    "legalCrtTypeDesc": "中国居民身份证",
    "legalEmail": null,
    "legalFax": null,
    "legalName": "张三",
    "legalPhone": null,
    "orgAddr": "致真",
    "orgAddrCity": "110100",
    "orgAddrCityDesc": "市辖区",
    "orgAddrCounty": "110101",
    "orgAddrCountyDesc": "东城区",
    "orgAddrProvince": "110000",
    "orgAddrProvinceDesc": "北京市",
    "orgCategorySpecificDesc": "农、林、牧、渔业-农业",
    "orgCrtCode": "6ptqutAIEXf4LeHpcKHQ74UHQ8bftxIN",
    "orgCrtImgContent": null,
    "orgCrtImgPath": null,
    "orgCrtImgRid": 2812,
    "orgCrtType": "1",
    "orgDesc": null,
    "orgName": "6ptqutAIEXf4LeHpcKHQ74UHQ8bftxIN",
    "orgNature": "1",
    "orgNatureDesc": "国有控股",
    "periodValidity": null,
    "regAuthority": null,
    "regCapital": null,
    "regRealNaImpName": null,
    "regRealNaImpType": null,
    "servHostingContractFilePath": null,
    "servHostingContractFileRid": null,
    "servHostingOrg": null,
    "servSysBuildContractFilePath": null,
    "servSysBuildContractFileRid": null,
    "servSysBuildName": null,
    "servSysBuildType": 1,
    "servSysOperContractFilePath": null,
    "servSysOperContractFileRid": null,
    "servSysOperName": null,
    "servSysOperType": 1,
    "svtrid": null,
    "thirdServiceMsg": null,
    "thirdServiceStatus": null,
    "updateDate": null,
    "userId": null,
    "userName": null,
    "website": null
}

2023-06-25 18:43:06.767 | DEBUG    | httprunner.client:log_print:40 - 
================== response details ==================
status_code : 200
headers  : {
    "Server": "nginx",
    "Date": "Sun, 25 Jun 2023 10:43:06 GMT",
    "Content-Type": "application/json;charset=UTF-8",
    "Transfer-Encoding": "chunked",
    "X-Frame-Options": "SAMEORIGIN",
    "Connection": "keep-alive"
}
cookies  : {}
encoding : UTF-8
content_type : application/json;charset=UTF-8
body     : {
    "message": "success",
    "status": 1,
    "data": true
}

2023-06-25 18:43:06.767 | INFO     | httprunner.client:request:217 - status_code: 200, response_time(ms): 177.38 ms, response_length: 0 bytes
2023-06-25 18:43:06.767 | INFO     | httprunner.response:validate:249 - assert status_code equal 200(int)	==> pass
2023-06-25 18:43:06.768 | INFO     | httprunner.response:validate:249 - assert body.message equal success(str)	==> pass
2023-06-25 18:43:06.768 | INFO     | httprunner.runner:__run_step:304 - run step end: 企业注册第一步提交信息 <<<<<<

2023-06-25 18:43:06.768 | INFO     | httprunner.runner:__run_step:304 - run step end: 企业注册第一步提交信息 <<<<<<

2023-06-25 18:43:06.768 | INFO     | httprunner.runner:__run_step:292 - run step begin: 企业注册查询注册信息 >>>>>>
2023-06-25 18:43:06.768 | INFO     | httprunner.runner:__run_step:292 - run step begin: 企业注册查询注册信息 >>>>>>
2023-06-25 18:43:06.848 | DEBUG    | httprunner.client:request:186 - client IP: 127.0.0.1, Port: 56330
2023-06-25 18:43:06.849 | DEBUG    | httprunner.client:request:194 - server IP: 127.0.0.1, Port: 8888
2023-06-25 18:43:06.850 | DEBUG    | httprunner.client:log_print:40 - 
================== request details ==================
method   : GET
url      : http://139.198.116.76:8000/api/v3/entApply/applyOrNot
headers  : {
    "User-Agent": "Mozilla/5.0 (Macintosh; Intel Mac OS X 10_15_7) AppleWebKit/537.36 (KHTML, like Gecko) Chrome/105.0.0.0 Safari/537.36",
    "Accept-Encoding": "gzip, deflate",
    "Accept": "application/json, text/plain, */*",
    "Connection": "keep-alive",
    "Accept-Language": "zh-CN,zh;q=0.9",
    "HRUN-Request-ID": "HRUN-f77037bd-fab8-451d-8c06-2e3bc15d49dd-786768",
    "Cookie": "SESSION=OGFlYmQxNzItOTE4Zi00NDcyLWIyYTMtNjkxZTQ0NmEwZTJh; SESSION=response.headers.\"Set-Cookie\".session"
}
cookies  : {
    "SESSION": "OGFlYmQxNzItOTE4Zi00NDcyLWIyYTMtNjkxZTQ0NmEwZTJh"
}
body     : None

2023-06-25 18:43:06.851 | DEBUG    | httprunner.client:log_print:40 - 
================== response details ==================
status_code : 200
headers  : {
    "Server": "nginx",
    "Date": "Sun, 25 Jun 2023 10:43:07 GMT",
    "Content-Type": "application/json;charset=UTF-8",
    "Transfer-Encoding": "chunked",
    "X-Frame-Options": "SAMEORIGIN",
    "Connection": "keep-alive"
}
cookies  : {}
encoding : UTF-8
content_type : application/json;charset=UTF-8
body     : {
    "message": "success",
    "status": 1,
    "data": {
        "nbmsEntApplyPO": {
            "id": 1412,
            "createDate": "2023-06-25 18:43:07",
            "updateDate": "2023-06-25 18:43:07",
            "applyType": null,
            "entGeneralId": null,
            "applyStep": 2,
            "isSubmit": 0,
            "entPrefix": "88.408.1418080785",
            "firstAuditStatus": null,
            "firstAuditMsg": null,
            "thirdServiceStatus": null,
            "thirdServiceMsg": null,
            "userName": "6ptqutAIEXf4LeHpcKHQ74UHQ8bftxIN",
            "finalAuditStatus": null,
            "finalAuditMsg": null,
            "svtrid": null,
            "cltrid": null,
            "userId": 1647,
            "orgName": "6ptqutAIEXf4LeHpcKHQ74UHQ8bftxIN",
            "orgNature": "1",
            "orgAddrProvince": "110000",
            "orgAddrCity": "110100",
            "orgAddrCounty": "110101",
            "orgAddr": "致真",
            "orgCrtType": "1",
            "orgCrtCode": "6ptqutAIEXf4LeHpcKHQ74UHQ8bftxIN",
            "legalName": "张三",
            "legalCrtType": "1",
            "legalCrtNo": "50951419751216867X",
            "orgDesc": null,
            "industryCategory": "A",
            "industrySpecific": "01",
            "contactName": "6ptqutAIEXf4LeHpcKHQ74UHQ8bftxIN",
            "contactPhone": "14603432123",
            "contactCrtType": 1,
            "contactCrtNo": "50951419751216867X",
            "contactEmail": "bktrRRbxL9qWIcJb@qaqseq.com",
            "website": null,
            "regAuthority": null,
            "regCapital": null,
            "establishDate": null,
            "periodValidity": null,
            "legalEmail": null,
            "legalPhone": null,
            "legalFax": null,
            "servSysBuildType": null,
            "servSysBuildName": null,
            "servSysOperType": null,
            "servSysOperName": null,
            "dataHostingOrg": null,
            "servHostingOrg": null,
            "regRealNaImpType": null,
            "regRealNaImpName": null,
            "idRegNaImp": null,
            "extWebName": null,
            "extDomain": null,
            "extIpAddr": null,
            "orgCrtImgRid": 2812,
            "contactCrtFrontImgRid": 2813,
            "contactCrtBackImgRid": 2814,
            "legalCrtFrontImgRid": 2813,
            "legalCrtBackImgRid": 2814,
            "servSysBuildContractFileRid": null,
            "servSysOperContractFileRid": null,
            "dataHostingContractFileRid": null,
            "servHostingContractFileRid": null,
            "entInfoLicenses": [],
            "entInfoSyss": [],
            "entInfoSerIndustrys": [],
            "escrowId": null,
            "industryQualificationRid": null,
            "certificationRid": null,
            "openingBank": null,
            "bankCard": null,
            "verificationName": null,
            "orgNatureDesc": "国有控股",
            "orgCrtImgContent": null,
            "orgCategorySpecificDesc": "农、林、牧、渔业-农业",
            "orgAddrProvinceDesc": "北京市",
            "orgAddrCountyDesc": "东城区",
            "orgAddrCityDesc": "市辖区",
            "legalCrtTypeDesc": "中国居民身份证",
            "legalCrtFrontImgContent": null,
            "legalCrtBackImgContent": null,
            "orgCrtImgPath": "674de76c-3b6f-4e01-85cd-aa8a61c80407.jpeg",
            "contactCrtFrontImgPath": "14517bf8-29a5-44d7-b0d4-92bcf75ba0b2.jpeg",
            "contactCrtBackImgPath": "3294ab45-760f-42d4-a810-0c9acb294ba4.jpeg",
            "legalCrtFrontImgPath": "14517bf8-29a5-44d7-b0d4-92bcf75ba0b2.jpeg",
            "legalCrtBackImgPath": "3294ab45-760f-42d4-a810-0c9acb294ba4.jpeg",
            "servSysBuildContractFilePath": null,
            "servSysOperContractFilePath": null,
            "dataHostingContractFilePath": null,
            "servHostingContractFilePath": null,
            "industryQualificationFilePath": null,
            "certificationFilePath": null,
            "escrowOrgName": null
        },
        "nbmsEntPO": null,
        "nbmsEntPrefixApplyPO": null,
        "needRelog": null,
        "applyStatus": 0
    }
}

2023-06-25 18:43:06.851 | INFO     | httprunner.client:request:217 - status_code: 200, response_time(ms): 79.84 ms, response_length: 0 bytes
2023-06-25 18:43:06.855 | INFO     | httprunner.response:extract:179 - extract mapping: {'applyId': 1412, 'userId': 1647, 'userName': '6ptqutAIEXf4LeHpcKHQ74UHQ8bftxIN', 'imgId_f': 2813, 'imgId_b': 2814, 'entId': None, 'entUserId': None, 'prefix': '88.408.1418080785', 'contactCrtNo': '50951419751216867X', 'contactCrtType': 1, 'contactEmail': 'bktrRRbxL9qWIcJb@qaqseq.com', 'contactName': '6ptqutAIEXf4LeHpcKHQ74UHQ8bftxIN', 'contactPhone': '14603432123', 'industryCategory': 'A', 'industrySpecific': '01', 'orgName': '6ptqutAIEXf4LeHpcKHQ74UHQ8bftxIN', 'orgNature': '1', 'orgAddrProvince': '110000', 'orgAddrCity': '110100', 'orgAddrCounty': '110101', 'orgAddr': '致真', 'orgCrtType': '1', 'orgCrtCode': '6ptqutAIEXf4LeHpcKHQ74UHQ8bftxIN', 'legalName': '张三', 'legalEmail': None, 'legalPhone': None, 'legalCrtType': '1', 'legalCrtNo': '50951419751216867X', 'legalCrtFrontImgRid': 2813, 'legalCrtBackImgRid': 2814, 'orgCrtImgRid': 2812, 'imgId': 2812, 'orgNatureDesc': '国有控股', 'orgCategorySpecificDesc': '农、林、牧、渔业-农业', 'orgAddrProvinceDesc': '北京市', 'orgAddrCountyDesc': '东城区', 'orgAddrCityDesc': '市辖区', 'legalCrtTypeDesc': '中国居民身份证', 'createDate': '2023-06-25 18:43:07', 'updateDate': '2023-06-25 18:43:07', 'entInfoSyss_0_id': None, 'entInfoSyss_0_entApplyId': None, 'entApplyId': None, 'entInfoSyss_0_sysType': None, 'entInfoSyss_0_deployMode': None, 'entInfoSyss_0_deployAddr': None, 'entInfoSyss_0_deployAddrProvince': None, 'entInfoSyss_0_deployAddrCity': None, 'entInfoSyss_0_deployAddrCounty': None, 'entInfoSyss_1_id': None, 'entInfoSyss_1_entApplyId': None, 'entInfoSyss_1_sysType': None, 'entInfoSyss_1_deployMode': None, 'entInfoSyss_1_deployAddr': None, 'entInfoSyss_1_deployAddrProvince': None, 'entInfoSyss_1_deployAddrCity': None, 'entInfoSyss_1_deployAddrCounty': None, 'entInfoSyss_2_id': None, 'entInfoSyss_2_entApplyId': None, 'entInfoSyss_2_sysType': None, 'entInfoSyss_2_deployMode': None, 'entInfoSyss_2_deployAddr': None, 'entInfoSyss_2_deployAddrProvince': None, 'entInfoSyss_2_deployAddrCity': None, 'entInfoSyss_2_deployAddrCounty': None, 'entInfoSyss_3_id': None, 'entInfoSyss_3_entApplyId': None, 'entInfoSyss_3_sysType': None, 'entInfoSyss_3_deployMode': None, 'entInfoSyss_3_deployAddr': None, 'entInfoSyss_3_deployAddrProvince': None, 'entInfoSyss_3_deployAddrCity': None, 'entInfoSyss_3_deployAddrCounty': None}
2023-06-25 18:43:06.855 | INFO     | httprunner.response:validate:249 - assert status_code equal 200(int)	==> pass
2023-06-25 18:43:06.855 | INFO     | httprunner.response:validate:249 - assert body.message equal success(str)	==> pass
2023-06-25 18:43:06.855 | INFO     | httprunner.runner:__run_step:304 - run step end: 企业注册查询注册信息 <<<<<<

2023-06-25 18:43:06.855 | INFO     | httprunner.runner:__run_step_testcase:286 - export variables: {'userName': '6ptqutAIEXf4LeHpcKHQ74UHQ8bftxIN', 'legalName': '张三', 'contactPhone': '14603432123', 'orgAddrProvince': '110000', 'entInfoSyss_0_sysType': None, 'entInfoSyss_2_deployAddrProvince': None, 'entInfoSyss_2_deployAddrCity': None, 'imgId': 2812, 'orgCrtImgRid': 2812, 'entInfoSyss_1_deployAddrCity': None, 'entInfoSyss_1_sysType': None, 'entInfoSyss_2_sysType': None, 'orgCategorySpecificDesc': '农、林、牧、渔业-农业', 'entInfoSyss_2_id': None, 'imgId_b': 2814, 'orgCrtCode': '6ptqutAIEXf4LeHpcKHQ74UHQ8bftxIN', 'entInfoSyss_2_entApplyId': None, 'legalCrtTypeDesc': '中国居民身份证', 'entInfoSyss_1_deployAddrProvince': None, 'entInfoSyss_2_deployAddrCounty': None, 'entInfoSyss_1_entApplyId': None, 'orgAddrCounty': '110101', 'entInfoSyss_3_deployAddrProvince': None, 'entApplyId': None, 'orgAddrCity': '110100', 'legalCrtBackImgRid': 2814, 'entInfoSyss_1_deployAddr': None, 'industrySpecific': '01', 'entInfoSyss_0_deployAddrCity': None, 'orgCrtType': '1', 'entInfoSyss_3_entApplyId': None, 'entUserId': None, 'legalCrtFrontImgRid': 2813, 'contactEmail': 'bktrRRbxL9qWIcJb@qaqseq.com', 'orgAddrProvinceDesc': '北京市', 'entInfoSyss_1_deployAddrCounty': None, 'entInfoSyss_1_id': None, 'entInfoSyss_0_deployMode': None, 'entInfoSyss_0_deployAddrCounty': None, 'industryCategory': 'A', 'contactName': '6ptqutAIEXf4LeHpcKHQ74UHQ8bftxIN', 'entInfoSyss_0_id': None, 'entInfoSyss_2_deployAddr': None, 'entInfoSyss_3_deployAddrCounty': None, 'legalCrtType': '1', 'entInfoSyss_3_sysType': None, 'contactCrtNo': '50951419751216867X', 'orgAddrCountyDesc': '东城区', 'entInfoSyss_0_entApplyId': None, 'orgNatureDesc': '国有控股', 'applyId': 1412, 'entInfoSyss_0_deployAddrProvince': None, 'orgName': '6ptqutAIEXf4LeHpcKHQ74UHQ8bftxIN', 'legalEmail': None, 'orgAddr': '致真', 'entInfoSyss_3_deployAddrCity': None, 'entId': None, 'entInfoSyss_2_deployMode': None, 'entInfoSyss_3_deployAddr': None, 'orgAddrCityDesc': '市辖区', 'imgId_f': 2813, 'entInfoSyss_1_deployMode': None, 'prefix': '88.408.1418080785', 'entInfoSyss_0_deployAddr': None, 'legalPhone': None, 'entInfoSyss_3_deployMode': None, 'orgNature': '1', 'legalCrtNo': '50951419751216867X', 'entInfoSyss_3_id': None, 'contactCrtType': 1, 'updateDate': '2023-06-25 18:43:07', 'createDate': '2023-06-25 18:43:07', 'userId': 1647}
2023-06-25 18:43:06.855 | INFO     | httprunner.runner:__run_step:304 - run step end: 企业注册查询注册信息 <<<<<<

2023-06-25 18:43:06.856 | INFO     | httprunner.runner:__run_step:292 - run step begin: 企业注册第二步提交信息 >>>>>>
2023-06-25 18:43:06.856 | INFO     | httprunner.runner:__run_step:292 - run step begin: 企业注册第二步提交信息 >>>>>>
2023-06-25 18:43:06.940 | DEBUG    | httprunner.client:request:186 - client IP: 127.0.0.1, Port: 56330
2023-06-25 18:43:06.940 | DEBUG    | httprunner.client:request:194 - server IP: 127.0.0.1, Port: 8888
2023-06-25 18:43:06.942 | DEBUG    | httprunner.client:log_print:40 - 
================== request details ==================
method   : POST
url      : http://139.198.116.76:8000/api/v3/entApply/registerManageInfo
headers  : {
    "User-Agent": "Mozilla/5.0 (Macintosh; Intel Mac OS X 10_15_7) AppleWebKit/537.36 (KHTML, like Gecko) Chrome/105.0.0.0 Safari/537.36",
    "Accept-Encoding": "gzip, deflate",
    "Accept": "application/json, text/plain, */*",
    "Connection": "keep-alive",
    "Accept-Language": "zh-CN,zh;q=0.9",
    "Content-Type": "application/json;charset=UTF-8",
    "X-HTTP-Method-Override": "put",
    "HRUN-Request-ID": "HRUN-f77037bd-fab8-451d-8c06-2e3bc15d49dd-786856",
    "Cookie": "SESSION=OGFlYmQxNzItOTE4Zi00NDcyLWIyYTMtNjkxZTQ0NmEwZTJh; SESSION=response.headers.\"Set-Cookie\".session",
    "Content-Length": "3280"
}
cookies  : {
    "SESSION": "OGFlYmQxNzItOTE4Zi00NDcyLWIyYTMtNjkxZTQ0NmEwZTJh"
}
body     : {
    "applyStep": 3,
    "applyType": null,
    "cltrid": null,
    "contactCrtBackImgPath": null,
    "contactCrtBackImgRid": 2814,
    "contactCrtFrontImgPath": null,
    "contactCrtFrontImgRid": 2813,
    "contactCrtNo": "50951419751216867X",
    "contactCrtType": 1,
    "contactEmail": "bktrRRbxL9qWIcJb@qaqseq.com",
    "contactName": "6ptqutAIEXf4LeHpcKHQ74UHQ8bftxIN",
    "contactPhone": "14603432123",
    "createDate": "2023-06-25 18:43:07",
    "dataHostingContractFilePath": null,
    "dataHostingContractFileRid": null,
    "dataHostingOrg": null,
    "entGeneralId": null,
    "entInfoLicenses": [],
    "entInfoSerIndustrys": [],
    "entInfoSyss": [
        {
            "deployAddr": "致真",
            "deployAddrCity": "110100",
            "deployAddrCounty": "110101",
            "deployAddrProvince": "110000",
            "deployMode": 1,
            "ipPort": null,
            "name": null,
            "sysType": 1
        },
        {
            "deployAddr": "致真",
            "deployAddrCity": "110100",
            "deployAddrCounty": "110101",
            "deployAddrProvince": "110000",
            "deployMode": 1,
            "ipPort": null,
            "name": null,
            "sysType": 2
        },
        {
            "deployAddr": "天津",
            "deployAddrCity": "120100",
            "deployAddrCounty": "120101",
            "deployAddrProvince": "120000",
            "deployMode": 1,
            "ipPort": null,
            "name": null,
            "sysType": 3
        },
        {
            "deployAddr": "天津",
            "deployAddrCity": "120100",
            "deployAddrCounty": "120101",
            "deployAddrProvince": "120000",
            "deployMode": 1,
            "ipPort": null,
            "name": null,
            "sysType": 4
        }
    ],
    "entPrefix": "88.408.1418080785",
    "escrowId": null,
    "escrowOrgName": null,
    "establishDate": null,
    "extDomain": null,
    "extIpAddr": null,
    "extWebName": null,
    "finalAuditMsg": null,
    "finalAuditStatus": null,
    "firstAuditMsg": null,
    "firstAuditStatus": null,
    "id": 1412,
    "idRegNaImp": null,
    "industryCategory": "A",
    "industrySpecific": "01",
    "isSubmit": 0,
    "legalCrtBackImgContent": null,
    "legalCrtBackImgPath": null,
    "legalCrtBackImgRid": 2814,
    "legalCrtFrontImgContent": null,
    "legalCrtFrontImgPath": null,
    "legalCrtFrontImgRid": 2813,
    "legalCrtNo": "50951419751216867X",
    "legalCrtType": "1",
    "legalCrtTypeDesc": "中国居民身份证",
    "legalEmail": null,
    "legalFax": null,
    "legalName": "张三",
    "legalPhone": null,
    "orgAddr": "致真",
    "orgAddrCity": "110100",
    "orgAddrCityDesc": "市辖区",
    "orgAddrCounty": "110101",
    "orgAddrCountyDesc": "东城区",
    "orgAddrProvince": "110000",
    "orgAddrProvinceDesc": "北京市",
    "orgCategorySpecificDesc": "农、林、牧、渔业-农业",
    "orgCrtCode": "6ptqutAIEXf4LeHpcKHQ74UHQ8bftxIN",
    "orgCrtImgContent": null,
    "orgCrtImgPath": null,
    "orgCrtImgRid": 2812,
    "orgCrtType": "1",
    "orgDesc": null,
    "orgName": "6ptqutAIEXf4LeHpcKHQ74UHQ8bftxIN",
    "orgNature": "1",
    "orgNatureDesc": "1",
    "periodValidity": null,
    "regAuthority": null,
    "regCapital": null,
    "regRealNaImpName": null,
    "regRealNaImpType": null,
    "servHostingContractFilePath": null,
    "servHostingContractFileRid": null,
    "servHostingOrg": null,
    "servSysBuildContractFilePath": null,
    "servSysBuildContractFileRid": null,
    "servSysBuildName": null,
    "servSysBuildType": 1,
    "servSysOperContractFilePath": null,
    "servSysOperContractFileRid": null,
    "servSysOperName": null,
    "servSysOperType": 1,
    "svtrid": null,
    "thirdServiceMsg": null,
    "thirdServiceStatus": null,
    "updateDate": "2023-06-25 18:43:07",
    "userId": 1647,
    "userName": "6ptqutAIEXf4LeHpcKHQ74UHQ8bftxIN",
    "website": null
}

2023-06-25 18:43:06.943 | DEBUG    | httprunner.client:log_print:40 - 
================== response details ==================
status_code : 200
headers  : {
    "Server": "nginx",
    "Date": "Sun, 25 Jun 2023 10:43:07 GMT",
    "Content-Type": "application/json;charset=UTF-8",
    "Transfer-Encoding": "chunked",
    "X-Frame-Options": "SAMEORIGIN",
    "Connection": "keep-alive"
}
cookies  : {}
encoding : UTF-8
content_type : application/json;charset=UTF-8
body     : {
    "message": "success",
    "status": 1,
    "data": true
}

2023-06-25 18:43:06.943 | INFO     | httprunner.client:request:217 - status_code: 200, response_time(ms): 83.26 ms, response_length: 0 bytes
2023-06-25 18:43:06.943 | INFO     | httprunner.response:validate:249 - assert status_code equal 200(int)	==> pass
2023-06-25 18:43:06.944 | INFO     | httprunner.response:validate:249 - assert body.message equal success(str)	==> pass
2023-06-25 18:43:06.944 | INFO     | httprunner.runner:__run_step:304 - run step end: 企业注册第二步提交信息 <<<<<<

2023-06-25 18:43:06.944 | INFO     | httprunner.runner:__run_step:304 - run step end: 企业注册第二步提交信息 <<<<<<

2023-06-25 18:43:06.944 | INFO     | httprunner.runner:__run_step:292 - run step begin: 企业注册查询注册信息 >>>>>>
2023-06-25 18:43:06.945 | INFO     | httprunner.runner:__run_step:292 - run step begin: 企业注册查询注册信息 >>>>>>
2023-06-25 18:43:07.131 | DEBUG    | httprunner.client:request:186 - client IP: 127.0.0.1, Port: 56330
2023-06-25 18:43:07.131 | DEBUG    | httprunner.client:request:194 - server IP: 127.0.0.1, Port: 8888
2023-06-25 18:43:07.132 | DEBUG    | httprunner.client:log_print:40 - 
================== request details ==================
method   : GET
url      : http://139.198.116.76:8000/api/v3/entApply/applyOrNot
headers  : {
    "User-Agent": "Mozilla/5.0 (Macintosh; Intel Mac OS X 10_15_7) AppleWebKit/537.36 (KHTML, like Gecko) Chrome/105.0.0.0 Safari/537.36",
    "Accept-Encoding": "gzip, deflate",
    "Accept": "application/json, text/plain, */*",
    "Connection": "keep-alive",
    "Accept-Language": "zh-CN,zh;q=0.9",
    "HRUN-Request-ID": "HRUN-f77037bd-fab8-451d-8c06-2e3bc15d49dd-786945",
    "Cookie": "SESSION=OGFlYmQxNzItOTE4Zi00NDcyLWIyYTMtNjkxZTQ0NmEwZTJh; SESSION=response.headers.\"Set-Cookie\".session"
}
cookies  : {
    "SESSION": "OGFlYmQxNzItOTE4Zi00NDcyLWIyYTMtNjkxZTQ0NmEwZTJh"
}
body     : None

2023-06-25 18:43:07.133 | DEBUG    | httprunner.client:log_print:40 - 
================== response details ==================
status_code : 200
headers  : {
    "Server": "nginx",
    "Date": "Sun, 25 Jun 2023 10:43:07 GMT",
    "Content-Type": "application/json;charset=UTF-8",
    "Transfer-Encoding": "chunked",
    "X-Frame-Options": "SAMEORIGIN",
    "Connection": "keep-alive"
}
cookies  : {}
encoding : UTF-8
content_type : application/json;charset=UTF-8
body     : {
    "message": "success",
    "status": 1,
    "data": {
        "nbmsEntApplyPO": {
            "id": 1412,
            "createDate": "2023-06-25 18:43:07",
            "updateDate": "2023-06-25 18:43:07",
            "applyType": null,
            "entGeneralId": null,
            "applyStep": 3,
            "isSubmit": 0,
            "entPrefix": "88.408.1418080785",
            "firstAuditStatus": null,
            "firstAuditMsg": null,
            "thirdServiceStatus": null,
            "thirdServiceMsg": null,
            "userName": "6ptqutAIEXf4LeHpcKHQ74UHQ8bftxIN",
            "finalAuditStatus": null,
            "finalAuditMsg": null,
            "svtrid": null,
            "cltrid": null,
            "userId": 1647,
            "orgName": "6ptqutAIEXf4LeHpcKHQ74UHQ8bftxIN",
            "orgNature": "1",
            "orgAddrProvince": "110000",
            "orgAddrCity": "110100",
            "orgAddrCounty": "110101",
            "orgAddr": "致真",
            "orgCrtType": "1",
            "orgCrtCode": "6ptqutAIEXf4LeHpcKHQ74UHQ8bftxIN",
            "legalName": "张三",
            "legalCrtType": "1",
            "legalCrtNo": "50951419751216867X",
            "orgDesc": null,
            "industryCategory": "A",
            "industrySpecific": "01",
            "contactName": "6ptqutAIEXf4LeHpcKHQ74UHQ8bftxIN",
            "contactPhone": "14603432123",
            "contactCrtType": 1,
            "contactCrtNo": "50951419751216867X",
            "contactEmail": "bktrRRbxL9qWIcJb@qaqseq.com",
            "website": null,
            "regAuthority": null,
            "regCapital": null,
            "establishDate": null,
            "periodValidity": null,
            "legalEmail": null,
            "legalPhone": null,
            "legalFax": null,
            "servSysBuildType": 1,
            "servSysBuildName": null,
            "servSysOperType": 1,
            "servSysOperName": null,
            "dataHostingOrg": null,
            "servHostingOrg": null,
            "regRealNaImpType": null,
            "regRealNaImpName": null,
            "idRegNaImp": null,
            "extWebName": null,
            "extDomain": null,
            "extIpAddr": null,
            "orgCrtImgRid": 2812,
            "contactCrtFrontImgRid": 2813,
            "contactCrtBackImgRid": 2814,
            "legalCrtFrontImgRid": 2813,
            "legalCrtBackImgRid": 2814,
            "servSysBuildContractFileRid": null,
            "servSysOperContractFileRid": null,
            "dataHostingContractFileRid": null,
            "servHostingContractFileRid": null,
            "entInfoLicenses": [],
            "entInfoSyss": [
                {
                    "id": 3508,
                    "entApplyId": 1412,
                    "sysType": 1,
                    "deployMode": 1,
                    "deployAddr": "致真",
                    "deployAddrProvince": "110000",
                    "deployAddrCity": "110100",
                    "deployAddrCounty": "110101",
                    "name": null,
                    "ipPort": null
                },
                {
                    "id": 3509,
                    "entApplyId": 1412,
                    "sysType": 2,
                    "deployMode": 1,
                    "deployAddr": "致真",
                    "deployAddrProvince": "110000",
                    "deployAddrCity": "110100",
                    "deployAddrCounty": "110101",
                    "name": null,
                    "ipPort": null
                },
                {
                    "id": 3510,
                    "entApplyId": 1412,
                    "sysType": 3,
                    "deployMode": 1,
                    "deployAddr": "天津",
                    "deployAddrProvince": "120000",
                    "deployAddrCity": "120100",
                    "deployAddrCounty": "120101",
                    "name": null,
                    "ipPort": null
                },
                {
                    "id": 3511,
                    "entApplyId": 1412,
                    "sysType": 4,
                    "deployMode": 1,
                    "deployAddr": "天津",
                    "deployAddrProvince": "120000",
                    "deployAddrCity": "120100",
                    "deployAddrCounty": "120101",
                    "name": null,
                    "ipPort": null
                }
            ],
            "entInfoSerIndustrys": [],
            "escrowId": null,
            "industryQualificationRid": null,
            "certificationRid": null,
            "openingBank": null,
            "bankCard": null,
            "verificationName": null,
            "orgNatureDesc": "国有控股",
            "orgCrtImgContent": null,
            "orgCategorySpecificDesc": "农、林、牧、渔业-农业",
            "orgAddrProvinceDesc": "北京市",
            "orgAddrCountyDesc": "东城区",
            "orgAddrCityDesc": "市辖区",
            "legalCrtTypeDesc": "中国居民身份证",
            "legalCrtFrontImgContent": null,
            "legalCrtBackImgContent": null,
            "orgCrtImgPath": "674de76c-3b6f-4e01-85cd-aa8a61c80407.jpeg",
            "contactCrtFrontImgPath": "14517bf8-29a5-44d7-b0d4-92bcf75ba0b2.jpeg",
            "contactCrtBackImgPath": "3294ab45-760f-42d4-a810-0c9acb294ba4.jpeg",
            "legalCrtFrontImgPath": "14517bf8-29a5-44d7-b0d4-92bcf75ba0b2.jpeg",
            "legalCrtBackImgPath": "3294ab45-760f-42d4-a810-0c9acb294ba4.jpeg",
            "servSysBuildContractFilePath": null,
            "servSysOperContractFilePath": null,
            "dataHostingContractFilePath": null,
            "servHostingContractFilePath": null,
            "industryQualificationFilePath": null,
            "certificationFilePath": null,
            "escrowOrgName": null
        },
        "nbmsEntPO": null,
        "nbmsEntPrefixApplyPO": null,
        "needRelog": null,
        "applyStatus": 0
    }
}

2023-06-25 18:43:07.134 | INFO     | httprunner.client:request:217 - status_code: 200, response_time(ms): 185.68 ms, response_length: 0 bytes
2023-06-25 18:43:07.136 | INFO     | httprunner.response:extract:179 - extract mapping: {'applyId': 1412, 'userId': 1647, 'userName': '6ptqutAIEXf4LeHpcKHQ74UHQ8bftxIN', 'imgId_f': 2813, 'imgId_b': 2814, 'entId': None, 'entUserId': None, 'prefix': '88.408.1418080785', 'contactCrtNo': '50951419751216867X', 'contactCrtType': 1, 'contactEmail': 'bktrRRbxL9qWIcJb@qaqseq.com', 'contactName': '6ptqutAIEXf4LeHpcKHQ74UHQ8bftxIN', 'contactPhone': '14603432123', 'industryCategory': 'A', 'industrySpecific': '01', 'orgName': '6ptqutAIEXf4LeHpcKHQ74UHQ8bftxIN', 'orgNature': '1', 'orgAddrProvince': '110000', 'orgAddrCity': '110100', 'orgAddrCounty': '110101', 'orgAddr': '致真', 'orgCrtType': '1', 'orgCrtCode': '6ptqutAIEXf4LeHpcKHQ74UHQ8bftxIN', 'legalName': '张三', 'legalEmail': None, 'legalPhone': None, 'legalCrtType': '1', 'legalCrtNo': '50951419751216867X', 'legalCrtFrontImgRid': 2813, 'legalCrtBackImgRid': 2814, 'orgCrtImgRid': 2812, 'imgId': 2812, 'orgNatureDesc': '国有控股', 'orgCategorySpecificDesc': '农、林、牧、渔业-农业', 'orgAddrProvinceDesc': '北京市', 'orgAddrCountyDesc': '东城区', 'orgAddrCityDesc': '市辖区', 'legalCrtTypeDesc': '中国居民身份证', 'createDate': '2023-06-25 18:43:07', 'updateDate': '2023-06-25 18:43:07', 'entInfoSyss_0_id': 3508, 'entInfoSyss_0_entApplyId': 1412, 'entApplyId': 1412, 'entInfoSyss_0_sysType': 1, 'entInfoSyss_0_deployMode': 1, 'entInfoSyss_0_deployAddr': '致真', 'entInfoSyss_0_deployAddrProvince': '110000', 'entInfoSyss_0_deployAddrCity': '110100', 'entInfoSyss_0_deployAddrCounty': '110101', 'entInfoSyss_1_id': 3509, 'entInfoSyss_1_entApplyId': 1412, 'entInfoSyss_1_sysType': 2, 'entInfoSyss_1_deployMode': 1, 'entInfoSyss_1_deployAddr': '致真', 'entInfoSyss_1_deployAddrProvince': '110000', 'entInfoSyss_1_deployAddrCity': '110100', 'entInfoSyss_1_deployAddrCounty': '110101', 'entInfoSyss_2_id': 3510, 'entInfoSyss_2_entApplyId': 1412, 'entInfoSyss_2_sysType': 3, 'entInfoSyss_2_deployMode': 1, 'entInfoSyss_2_deployAddr': '天津', 'entInfoSyss_2_deployAddrProvince': '120000', 'entInfoSyss_2_deployAddrCity': '120100', 'entInfoSyss_2_deployAddrCounty': '120101', 'entInfoSyss_3_id': 3511, 'entInfoSyss_3_entApplyId': 1412, 'entInfoSyss_3_sysType': 4, 'entInfoSyss_3_deployMode': 1, 'entInfoSyss_3_deployAddr': '天津', 'entInfoSyss_3_deployAddrProvince': '120000', 'entInfoSyss_3_deployAddrCity': '120100', 'entInfoSyss_3_deployAddrCounty': '120101'}
2023-06-25 18:43:07.136 | INFO     | httprunner.response:validate:249 - assert status_code equal 200(int)	==> pass
2023-06-25 18:43:07.136 | INFO     | httprunner.response:validate:249 - assert body.message equal success(str)	==> pass
2023-06-25 18:43:07.136 | INFO     | httprunner.runner:__run_step:304 - run step end: 企业注册查询注册信息 <<<<<<

2023-06-25 18:43:07.136 | INFO     | httprunner.runner:__run_step_testcase:286 - export variables: {'userName': '6ptqutAIEXf4LeHpcKHQ74UHQ8bftxIN', 'legalName': '张三', 'contactPhone': '14603432123', 'orgAddrProvince': '110000', 'entInfoSyss_0_sysType': 1, 'entInfoSyss_2_deployAddrProvince': '120000', 'entInfoSyss_2_deployAddrCity': '120100', 'imgId': 2812, 'orgCrtImgRid': 2812, 'entInfoSyss_1_deployAddrCity': '110100', 'entInfoSyss_1_sysType': 2, 'entInfoSyss_2_sysType': 3, 'orgCategorySpecificDesc': '农、林、牧、渔业-农业', 'entInfoSyss_2_id': 3510, 'imgId_b': 2814, 'orgCrtCode': '6ptqutAIEXf4LeHpcKHQ74UHQ8bftxIN', 'entInfoSyss_2_entApplyId': 1412, 'legalCrtTypeDesc': '中国居民身份证', 'entInfoSyss_1_deployAddrProvince': '110000', 'entInfoSyss_2_deployAddrCounty': '120101', 'entInfoSyss_1_entApplyId': 1412, 'orgAddrCounty': '110101', 'entInfoSyss_3_deployAddrProvince': '120000', 'entApplyId': 1412, 'orgAddrCity': '110100', 'legalCrtBackImgRid': 2814, 'entInfoSyss_1_deployAddr': '致真', 'industrySpecific': '01', 'entInfoSyss_0_deployAddrCity': '110100', 'orgCrtType': '1', 'entInfoSyss_3_entApplyId': 1412, 'entUserId': None, 'legalCrtFrontImgRid': 2813, 'contactEmail': 'bktrRRbxL9qWIcJb@qaqseq.com', 'orgAddrProvinceDesc': '北京市', 'entInfoSyss_1_deployAddrCounty': '110101', 'entInfoSyss_1_id': 3509, 'entInfoSyss_0_deployMode': 1, 'entInfoSyss_0_deployAddrCounty': '110101', 'industryCategory': 'A', 'contactName': '6ptqutAIEXf4LeHpcKHQ74UHQ8bftxIN', 'entInfoSyss_0_id': 3508, 'entInfoSyss_2_deployAddr': '天津', 'entInfoSyss_3_deployAddrCounty': '120101', 'legalCrtType': '1', 'entInfoSyss_3_sysType': 4, 'contactCrtNo': '50951419751216867X', 'orgAddrCountyDesc': '东城区', 'entInfoSyss_0_entApplyId': 1412, 'orgNatureDesc': '国有控股', 'applyId': 1412, 'entInfoSyss_0_deployAddrProvince': '110000', 'orgName': '6ptqutAIEXf4LeHpcKHQ74UHQ8bftxIN', 'legalEmail': None, 'orgAddr': '致真', 'entInfoSyss_3_deployAddrCity': '120100', 'entId': None, 'entInfoSyss_2_deployMode': 1, 'entInfoSyss_3_deployAddr': '天津', 'orgAddrCityDesc': '市辖区', 'imgId_f': 2813, 'entInfoSyss_1_deployMode': 1, 'prefix': '88.408.1418080785', 'entInfoSyss_0_deployAddr': '致真', 'legalPhone': None, 'entInfoSyss_3_deployMode': 1, 'orgNature': '1', 'legalCrtNo': '50951419751216867X', 'entInfoSyss_3_id': 3511, 'contactCrtType': 1, 'updateDate': '2023-06-25 18:43:07', 'createDate': '2023-06-25 18:43:07', 'userId': 1647}
2023-06-25 18:43:07.136 | INFO     | httprunner.runner:__run_step:304 - run step end: 企业注册查询注册信息 <<<<<<

2023-06-25 18:43:07.137 | INFO     | httprunner.runner:__run_step:292 - run step begin: 企业注册最终第三步提交信息 >>>>>>
2023-06-25 18:43:07.137 | INFO     | httprunner.runner:__run_step:292 - run step begin: 企业注册最终第三步提交信息 >>>>>>
2023-06-25 18:43:07.297 | DEBUG    | httprunner.client:request:186 - client IP: 127.0.0.1, Port: 56330
2023-06-25 18:43:07.298 | DEBUG    | httprunner.client:request:194 - server IP: 127.0.0.1, Port: 8888
2023-06-25 18:43:07.299 | DEBUG    | httprunner.client:log_print:40 - 
================== request details ==================
method   : POST
url      : http://139.198.116.76:8000/api/v3/entApply/apply
headers  : {
    "User-Agent": "Mozilla/5.0 (Macintosh; Intel Mac OS X 10_15_7) AppleWebKit/537.36 (KHTML, like Gecko) Chrome/105.0.0.0 Safari/537.36",
    "Accept-Encoding": "gzip, deflate",
    "Accept": "application/json, text/plain, */*",
    "Connection": "keep-alive",
    "Accept-Language": "zh-CN,zh;q=0.9",
    "Content-Type": "application/json;charset=UTF-8",
    "HRUN-Request-ID": "HRUN-f77037bd-fab8-451d-8c06-2e3bc15d49dd-787137",
    "Cookie": "SESSION=OGFlYmQxNzItOTE4Zi00NDcyLWIyYTMtNjkxZTQ0NmEwZTJh; SESSION=response.headers.\"Set-Cookie\".session",
    "Content-Length": "3280"
}
cookies  : {
    "SESSION": "OGFlYmQxNzItOTE4Zi00NDcyLWIyYTMtNjkxZTQ0NmEwZTJh"
}
body     : {
    "applyStep": 4,
    "applyType": null,
    "cltrid": null,
    "contactCrtBackImgPath": null,
    "contactCrtBackImgRid": 2814,
    "contactCrtFrontImgPath": null,
    "contactCrtFrontImgRid": 2813,
    "contactCrtNo": "50951419751216867X",
    "contactCrtType": 1,
    "contactEmail": "bktrRRbxL9qWIcJb@qaqseq.com",
    "contactName": "6ptqutAIEXf4LeHpcKHQ74UHQ8bftxIN",
    "contactPhone": "14603432123",
    "createDate": "2023-06-25 18:43:07",
    "dataHostingContractFilePath": null,
    "dataHostingContractFileRid": null,
    "dataHostingOrg": null,
    "entGeneralId": null,
    "entInfoLicenses": [],
    "entInfoSerIndustrys": [],
    "entInfoSyss": [
        {
            "deployAddr": "致真",
            "deployAddrCity": "110100",
            "deployAddrCounty": "110101",
            "deployAddrProvince": "110000",
            "deployMode": 1,
            "ipPort": null,
            "name": null,
            "sysType": 2
        },
        {
            "deployAddr": "致真",
            "deployAddrCity": "110100",
            "deployAddrCounty": "110101",
            "deployAddrProvince": "110000",
            "deployMode": 1,
            "ipPort": null,
            "name": null,
            "sysType": 3
        },
        {
            "deployAddr": "天津",
            "deployAddrCity": "120100",
            "deployAddrCounty": "120101",
            "deployAddrProvince": "120000",
            "deployMode": 1,
            "ipPort": null,
            "name": null,
            "sysType": 4
        },
        {
            "deployAddr": "天津",
            "deployAddrCity": "120100",
            "deployAddrCounty": "120101",
            "deployAddrProvince": "120000",
            "deployMode": 1,
            "ipPort": null,
            "name": null,
            "sysType": 4
        }
    ],
    "entPrefix": "88.408.1418080785",
    "escrowId": null,
    "escrowOrgName": null,
    "establishDate": null,
    "extDomain": null,
    "extIpAddr": null,
    "extWebName": null,
    "finalAuditMsg": null,
    "finalAuditStatus": null,
    "firstAuditMsg": null,
    "firstAuditStatus": null,
    "id": 1412,
    "idRegNaImp": null,
    "industryCategory": "A",
    "industrySpecific": "01",
    "isSubmit": 0,
    "legalCrtBackImgContent": null,
    "legalCrtBackImgPath": null,
    "legalCrtBackImgRid": 2814,
    "legalCrtFrontImgContent": null,
    "legalCrtFrontImgPath": null,
    "legalCrtFrontImgRid": 2813,
    "legalCrtNo": "50951419751216867X",
    "legalCrtType": "1",
    "legalCrtTypeDesc": "中国居民身份证",
    "legalEmail": null,
    "legalFax": null,
    "legalName": "张三",
    "legalPhone": null,
    "orgAddr": "致真",
    "orgAddrCity": "110100",
    "orgAddrCityDesc": "市辖区",
    "orgAddrCounty": "110101",
    "orgAddrCountyDesc": "东城区",
    "orgAddrProvince": "110000",
    "orgAddrProvinceDesc": "北京市",
    "orgCategorySpecificDesc": "农、林、牧、渔业-农业",
    "orgCrtCode": "6ptqutAIEXf4LeHpcKHQ74UHQ8bftxIN",
    "orgCrtImgContent": null,
    "orgCrtImgPath": null,
    "orgCrtImgRid": 2812,
    "orgCrtType": "1",
    "orgDesc": null,
    "orgName": "6ptqutAIEXf4LeHpcKHQ74UHQ8bftxIN",
    "orgNature": "1",
    "orgNatureDesc": "1",
    "periodValidity": null,
    "regAuthority": null,
    "regCapital": null,
    "regRealNaImpName": null,
    "regRealNaImpType": null,
    "servHostingContractFilePath": null,
    "servHostingContractFileRid": null,
    "servHostingOrg": null,
    "servSysBuildContractFilePath": null,
    "servSysBuildContractFileRid": null,
    "servSysBuildName": null,
    "servSysBuildType": 1,
    "servSysOperContractFilePath": null,
    "servSysOperContractFileRid": null,
    "servSysOperName": null,
    "servSysOperType": 1,
    "svtrid": null,
    "thirdServiceMsg": null,
    "thirdServiceStatus": null,
    "updateDate": "2023-06-25 18:43:07",
    "userId": 1647,
    "userName": "6ptqutAIEXf4LeHpcKHQ74UHQ8bftxIN",
    "website": null
}

2023-06-25 18:43:07.300 | DEBUG    | httprunner.client:log_print:40 - 
================== response details ==================
status_code : 200
headers  : {
    "Server": "nginx",
    "Date": "Sun, 25 Jun 2023 10:43:07 GMT",
    "Content-Type": "application/json;charset=UTF-8",
    "Transfer-Encoding": "chunked",
    "X-Frame-Options": "SAMEORIGIN",
    "Connection": "keep-alive"
}
cookies  : {}
encoding : UTF-8
content_type : application/json;charset=UTF-8
body     : {
    "message": "success",
    "status": 1,
    "data": true
}

2023-06-25 18:43:07.300 | INFO     | httprunner.client:request:217 - status_code: 200, response_time(ms): 159.8 ms, response_length: 0 bytes
2023-06-25 18:43:07.301 | INFO     | httprunner.response:validate:249 - assert status_code equal 200(int)	==> pass
2023-06-25 18:43:07.301 | INFO     | httprunner.response:validate:249 - assert body.message equal success(str)	==> pass
2023-06-25 18:43:07.301 | INFO     | httprunner.runner:__run_step:304 - run step end: 企业注册最终第三步提交信息 <<<<<<

2023-06-25 18:43:07.302 | INFO     | httprunner.runner:__run_step:304 - run step end: 企业注册最终第三步提交信息 <<<<<<

