2023-06-25 18:39:32.202 | INFO     | httprunner.runner:test_start:450 - Start to run testcase: 企业审核驳回接口, TestCase ID: fba0730a-63d6-4284-957d-e249adf4deb0
2023-06-25 18:39:32.202 | INFO     | httprunner.runner:__run_step:292 - run step begin: 用户注册 >>>>>>
2023-06-25 18:39:32.203 | INFO     | httprunner.runner:__run_step:292 - run step begin: 用户注册 >>>>>>
2023-06-25 18:39:32.304 | DEBUG    | httprunner.client:request:186 - client IP: 127.0.0.1, Port: 55293
2023-06-25 18:39:32.304 | DEBUG    | httprunner.client:request:194 - server IP: 127.0.0.1, Port: 8888
2023-06-25 18:39:32.305 | DEBUG    | httprunner.client:log_print:40 - 
================== request details ==================
method   : POST
url      : http://139.198.116.76:8000/api/home/test/registry
headers  : {
    "User-Agent": "Mozilla/5.0 (Windows NT 10.0; WOW64) AppleWebKit/537.36 (KHTML, like Gecko) Chrome/100.0.4896.60 Safari/537.36",
    "Accept-Encoding": "gzip, deflate",
    "Accept": "application/json, text/plain, */*",
    "Connection": "keep-alive",
    "Accept-Language": "zh-CN,zh;q=0.9",
    "HRUN-Request-ID": "HRUN-fba0730a-63d6-4284-957d-e249adf4deb0-572203",
    "Content-Length": "187",
    "Content-Type": "application/json"
}
cookies  : {}
body     : {
    "email": "vCkGkYAqVWo3P1yv@qaqseq.com",
    "mobile": "18868612362",
    "openId": "",
    "openUserName": "",
    "password": "Admin@123",
    "remarks": "",
    "username": "48As4TmIljGK7olrwkAaFucjLMqshFeV"
}

2023-06-25 18:39:32.305 | DEBUG    | httprunner.client:log_print:40 - 
================== response details ==================
status_code : 200
headers  : {
    "Server": "nginx",
    "Date": "Sun, 25 Jun 2023 10:39:32 GMT",
    "Content-Type": "application/json",
    "Transfer-Encoding": "chunked",
    "X-Frame-Options": "SAMEORIGIN",
    "Connection": "keep-alive"
}
cookies  : {}
encoding : utf-8
content_type : application/json
body     : {
    "message": "success",
    "status": 1,
    "data": true
}

2023-06-25 18:39:32.305 | INFO     | httprunner.client:request:217 - status_code: 200, response_time(ms): 101.46 ms, response_length: 0 bytes
2023-06-25 18:39:32.305 | INFO     | httprunner.response:validate:249 - assert status_code equal 200(int)	==> pass
2023-06-25 18:39:32.305 | INFO     | httprunner.response:validate:249 - assert body.message equal success(str)	==> pass
2023-06-25 18:39:32.305 | INFO     | httprunner.response:validate:249 - assert body.status equal 1(int)	==> pass
2023-06-25 18:39:32.305 | INFO     | httprunner.response:validate:249 - assert body.message contains success(str)	==> pass
2023-06-25 18:39:32.305 | INFO     | httprunner.response:validate:249 - assert body.status contained_by [1, 200](list)	==> pass
2023-06-25 18:39:32.306 | INFO     | httprunner.runner:__run_step:304 - run step end: 用户注册 <<<<<<

2023-06-25 18:39:32.306 | INFO     | httprunner.runner:__run_step:304 - run step end: 用户注册 <<<<<<

2023-06-25 18:39:32.306 | INFO     | httprunner.runner:__run_step:292 - run step begin: 登录-企业 >>>>>>
2023-06-25 18:39:32.306 | INFO     | httprunner.runner:__run_step:292 - run step begin: 登录-企业用户 >>>>>>
2023-06-25 18:39:32.362 | DEBUG    | httprunner.client:request:186 - client IP: 127.0.0.1, Port: 55293
2023-06-25 18:39:32.363 | DEBUG    | httprunner.client:request:194 - server IP: 127.0.0.1, Port: 8888
2023-06-25 18:39:32.363 | DEBUG    | httprunner.client:log_print:40 - 
================== request details ==================
method   : POST
url      : http://139.198.116.76:8000/api/home/test/login
headers  : {
    "User-Agent": "python-requests/2.28.1",
    "Accept-Encoding": "gzip, deflate, br",
    "Accept": "*/*",
    "Connection": "keep-alive",
    "Content-Length": "170",
    "Content-Type": "application/json",
    "HRUN-Request-ID": "HRUN-fba0730a-63d6-4284-957d-e249adf4deb0-572306"
}
cookies  : {}
body     : {
    "captcha": "0000",
    "captchaSign": "69d5f03b1f36cf31e389f24a91956ccd776d23e0028b2fa321d03bcb50c1f102",
    "emailCaptcha": "",
    "username": "48As4TmIljGK7olrwkAaFucjLMqshFeV"
}

2023-06-25 18:39:32.363 | DEBUG    | httprunner.client:log_print:40 - 
================== response details ==================
status_code : 200
headers  : {
    "Server": "nginx",
    "Date": "Sun, 25 Jun 2023 10:39:32 GMT",
    "Content-Type": "application/json;charset=UTF-8",
    "Transfer-Encoding": "chunked",
    "Set-Cookie": "SESSION=NjFjM2M1MWMtOTk0NC00MTRkLWI1YzgtYjI3NWJlNWM2YmE1; Path=/; HttpOnly; SameSite=Lax",
    "X-Frame-Options": "SAMEORIGIN",
    "Connection": "keep-alive"
}
cookies  : {
    "SESSION": "NjFjM2M1MWMtOTk0NC00MTRkLWI1YzgtYjI3NWJlNWM2YmE1"
}
encoding : UTF-8
content_type : application/json;charset=UTF-8
body     : {
    "message": "success",
    "status": 1,
    "data": true
}

2023-06-25 18:39:32.363 | INFO     | httprunner.client:request:217 - status_code: 200, response_time(ms): 56.26 ms, response_length: 0 bytes
2023-06-25 18:39:32.363 | INFO     | httprunner.response:extract:179 - extract mapping: {'entSession': 'response.headers."Set-Cookie".session'}
2023-06-25 18:39:32.363 | INFO     | httprunner.response:validate:249 - assert status_code equal 200(int)	==> pass
2023-06-25 18:39:32.363 | INFO     | httprunner.response:validate:249 - assert headers."Content-Type" equal application/json;charset=UTF-8(str)	==> pass
2023-06-25 18:39:32.363 | INFO     | httprunner.response:validate:249 - assert body.message equal success(str)	==> pass
2023-06-25 18:39:32.363 | INFO     | httprunner.response:validate:249 - assert body.status equal 1(int)	==> pass
2023-06-25 18:39:32.364 | INFO     | httprunner.response:validate:249 - assert body.data equal True(bool)	==> pass
2023-06-25 18:39:32.364 | INFO     | httprunner.runner:__run_step:304 - run step end: 登录-企业用户 <<<<<<

2023-06-25 18:39:32.364 | INFO     | httprunner.runner:__run_step_testcase:286 - export variables: {'entSession': 'response.headers."Set-Cookie".session'}
2023-06-25 18:39:32.364 | INFO     | httprunner.runner:__run_step:304 - run step end: 登录-企业 <<<<<<

2023-06-25 18:39:32.364 | INFO     | httprunner.runner:__run_step:292 - run step begin: 前缀注册企业资质图片上传 >>>>>>
2023-06-25 18:39:32.364 | INFO     | httprunner.runner:__run_step:292 - run step begin: 前缀注册企业资质图片上传 >>>>>>
2023-06-25 18:39:32.462 | DEBUG    | httprunner.client:request:186 - client IP: 127.0.0.1, Port: 55293
2023-06-25 18:39:32.463 | DEBUG    | httprunner.client:request:194 - server IP: 127.0.0.1, Port: 8888
2023-06-25 18:39:32.463 | DEBUG    | httprunner.client:log_print:40 - 
================== request details ==================
method   : POST
url      : http://139.198.116.76:8000/api/file/img/upload
headers  : {
    "User-Agent": "Mozilla/5.0 (Macintosh; Intel Mac OS X 10_15_7) AppleWebKit/537.36 (KHTML, like Gecko) Chrome/105.0.0.0 Safari/537.36",
    "Accept-Encoding": "gzip, deflate",
    "Accept": "application/json, text/plain, */*",
    "Connection": "keep-alive",
    "Accept-Language": "zh-CN,zh;q=0.9",
    "Content-Type": "multipart/form-data; boundary=236895e118124a9ebc3634cd3551c9b3",
    "HRUN-Request-ID": "HRUN-fba0730a-63d6-4284-957d-e249adf4deb0-572365",
    "Cookie": "SESSION=NjFjM2M1MWMtOTk0NC00MTRkLWI1YzgtYjI3NWJlNWM2YmE1; SESSION=response.headers.\"Set-Cookie\".session",
    "Content-Length": "20435"
}
cookies  : {
    "SESSION": "NjFjM2M1MWMtOTk0NC00MTRkLWI1YzgtYjI3NWJlNWM2YmE1"
}
body     : upload file stream (OMITTED)

2023-06-25 18:39:32.464 | DEBUG    | httprunner.client:log_print:40 - 
================== response details ==================
status_code : 200
headers  : {
    "Server": "nginx",
    "Date": "Sun, 25 Jun 2023 10:39:32 GMT",
    "Content-Type": "application/json;charset=UTF-8",
    "Transfer-Encoding": "chunked",
    "X-Frame-Options": "SAMEORIGIN",
    "Connection": "keep-alive"
}
cookies  : {}
encoding : UTF-8
content_type : application/json;charset=UTF-8
body     : {
    "message": "success",
    "status": 1,
    "data": {
        "id": 2728,
        "path": "962342e5-4596-4d36-8336-57d4e367f714.jpeg"
    }
}

2023-06-25 18:39:32.464 | INFO     | httprunner.client:request:217 - status_code: 200, response_time(ms): 97.64 ms, response_length: 0 bytes
2023-06-25 18:39:32.465 | INFO     | httprunner.response:extract:179 - extract mapping: {'imgId': 2728}
2023-06-25 18:39:32.465 | INFO     | httprunner.response:validate:249 - assert status_code equal 200(int)	==> pass
2023-06-25 18:39:32.465 | INFO     | httprunner.runner:__run_step:304 - run step end: 前缀注册企业资质图片上传 <<<<<<

2023-06-25 18:39:32.466 | INFO     | httprunner.runner:__run_step_testcase:286 - export variables: {'imgId': 2728}
2023-06-25 18:39:32.466 | INFO     | httprunner.runner:__run_step:304 - run step end: 前缀注册企业资质图片上传 <<<<<<

2023-06-25 18:39:32.466 | INFO     | httprunner.runner:__run_step:292 - run step begin: 前缀注册企业联系人身份证图片正面上传 >>>>>>
2023-06-25 18:39:32.467 | INFO     | httprunner.runner:__run_step:292 - run step begin: 前缀注册企业联系人身份证图片背面上传 >>>>>>
2023-06-25 18:39:32.577 | DEBUG    | httprunner.client:request:186 - client IP: 127.0.0.1, Port: 55293
2023-06-25 18:39:32.578 | DEBUG    | httprunner.client:request:194 - server IP: 127.0.0.1, Port: 8888
2023-06-25 18:39:32.579 | DEBUG    | httprunner.client:log_print:40 - 
================== request details ==================
method   : POST
url      : http://139.198.116.76:8000/api/file/img/upload
headers  : {
    "User-Agent": "Mozilla/5.0 (Macintosh; Intel Mac OS X 10_15_7) AppleWebKit/537.36 (KHTML, like Gecko) Chrome/105.0.0.0 Safari/537.36",
    "Accept-Encoding": "gzip, deflate",
    "Accept": "application/json, text/plain, */*",
    "Connection": "keep-alive",
    "Accept-Language": "zh-CN,zh;q=0.9",
    "Content-Type": "multipart/form-data; boundary=7d6e1b8a0292420294f3aa2b26dc2440",
    "HRUN-Request-ID": "HRUN-fba0730a-63d6-4284-957d-e249adf4deb0-572468",
    "Cookie": "SESSION=NjFjM2M1MWMtOTk0NC00MTRkLWI1YzgtYjI3NWJlNWM2YmE1; SESSION=response.headers.\"Set-Cookie\".session",
    "Content-Length": "20435"
}
cookies  : {
    "SESSION": "NjFjM2M1MWMtOTk0NC00MTRkLWI1YzgtYjI3NWJlNWM2YmE1"
}
body     : upload file stream (OMITTED)

2023-06-25 18:39:32.579 | DEBUG    | httprunner.client:log_print:40 - 
================== response details ==================
status_code : 200
headers  : {
    "Server": "nginx",
    "Date": "Sun, 25 Jun 2023 10:39:32 GMT",
    "Content-Type": "application/json;charset=UTF-8",
    "Transfer-Encoding": "chunked",
    "X-Frame-Options": "SAMEORIGIN",
    "Connection": "keep-alive"
}
cookies  : {}
encoding : UTF-8
content_type : application/json;charset=UTF-8
body     : {
    "message": "success",
    "status": 1,
    "data": {
        "id": 2729,
        "path": "6bd02538-c8b3-4d56-9c4a-18b3227070d9.jpeg"
    }
}

2023-06-25 18:39:32.580 | INFO     | httprunner.client:request:217 - status_code: 200, response_time(ms): 109.74 ms, response_length: 0 bytes
2023-06-25 18:39:32.580 | INFO     | httprunner.response:extract:179 - extract mapping: {'imgId_f': 2729}
2023-06-25 18:39:32.580 | INFO     | httprunner.response:validate:249 - assert status_code equal 200(int)	==> pass
2023-06-25 18:39:32.581 | INFO     | httprunner.runner:__run_step:304 - run step end: 前缀注册企业联系人身份证图片背面上传 <<<<<<

2023-06-25 18:39:32.581 | INFO     | httprunner.runner:__run_step_testcase:286 - export variables: {'imgId_f': 2729}
2023-06-25 18:39:32.581 | INFO     | httprunner.runner:__run_step:304 - run step end: 前缀注册企业联系人身份证图片正面上传 <<<<<<

2023-06-25 18:39:32.582 | INFO     | httprunner.runner:__run_step:292 - run step begin: 前缀注册企业联系人身份证图片背面上传 >>>>>>
2023-06-25 18:39:32.582 | INFO     | httprunner.runner:__run_step:292 - run step begin: 前缀注册企业联系人身份证图片背面上传 >>>>>>
2023-06-25 18:39:32.682 | DEBUG    | httprunner.client:request:186 - client IP: 127.0.0.1, Port: 55293
2023-06-25 18:39:32.683 | DEBUG    | httprunner.client:request:194 - server IP: 127.0.0.1, Port: 8888
2023-06-25 18:39:32.685 | DEBUG    | httprunner.client:log_print:40 - 
================== request details ==================
method   : POST
url      : http://139.198.116.76:8000/api/file/img/upload
headers  : {
    "User-Agent": "Mozilla/5.0 (Macintosh; Intel Mac OS X 10_15_7) AppleWebKit/537.36 (KHTML, like Gecko) Chrome/105.0.0.0 Safari/537.36",
    "Accept-Encoding": "gzip, deflate",
    "Accept": "application/json, text/plain, */*",
    "Connection": "keep-alive",
    "Accept-Language": "zh-CN,zh;q=0.9",
    "Content-Type": "multipart/form-data; boundary=0483458209f44a7c9bde700fa1e16804",
    "HRUN-Request-ID": "HRUN-fba0730a-63d6-4284-957d-e249adf4deb0-572583",
    "Cookie": "SESSION=NjFjM2M1MWMtOTk0NC00MTRkLWI1YzgtYjI3NWJlNWM2YmE1; SESSION=response.headers.\"Set-Cookie\".session",
    "Content-Length": "20435"
}
cookies  : {
    "SESSION": "NjFjM2M1MWMtOTk0NC00MTRkLWI1YzgtYjI3NWJlNWM2YmE1"
}
body     : upload file stream (OMITTED)

2023-06-25 18:39:32.686 | DEBUG    | httprunner.client:log_print:40 - 
================== response details ==================
status_code : 200
headers  : {
    "Server": "nginx",
    "Date": "Sun, 25 Jun 2023 10:39:32 GMT",
    "Content-Type": "application/json;charset=UTF-8",
    "Transfer-Encoding": "chunked",
    "X-Frame-Options": "SAMEORIGIN",
    "Connection": "keep-alive"
}
cookies  : {}
encoding : UTF-8
content_type : application/json;charset=UTF-8
body     : {
    "message": "success",
    "status": 1,
    "data": {
        "id": 2730,
        "path": "d9d57eb3-6b5b-4e87-8377-0592e8f0b846.jpeg"
    }
}

2023-06-25 18:39:32.686 | INFO     | httprunner.client:request:217 - status_code: 200, response_time(ms): 99.61 ms, response_length: 0 bytes
2023-06-25 18:39:32.687 | INFO     | httprunner.response:extract:179 - extract mapping: {'imgId_b': 2730}
2023-06-25 18:39:32.687 | INFO     | httprunner.response:validate:249 - assert status_code equal 200(int)	==> pass
2023-06-25 18:39:32.687 | INFO     | httprunner.runner:__run_step:304 - run step end: 前缀注册企业联系人身份证图片背面上传 <<<<<<

2023-06-25 18:39:32.687 | INFO     | httprunner.runner:__run_step_testcase:286 - export variables: {'imgId_b': 2730}
2023-06-25 18:39:32.687 | INFO     | httprunner.runner:__run_step:304 - run step end: 前缀注册企业联系人身份证图片背面上传 <<<<<<

2023-06-25 18:39:32.687 | INFO     | httprunner.runner:__run_step:292 - run step begin: 企业注册第一步提交信息 >>>>>>
2023-06-25 18:39:32.688 | INFO     | httprunner.runner:__run_step:292 - run step begin: 企业注册第一步提交信息 >>>>>>
2023-06-25 18:39:32.853 | DEBUG    | httprunner.client:request:186 - client IP: 127.0.0.1, Port: 55293
2023-06-25 18:39:32.854 | DEBUG    | httprunner.client:request:194 - server IP: 127.0.0.1, Port: 8888
2023-06-25 18:39:32.855 | DEBUG    | httprunner.client:log_print:40 - 
================== request details ==================
method   : POST
url      : http://139.198.116.76:8000/api/v3/entApply/basicInfo/submit
headers  : {
    "User-Agent": "Mozilla/5.0 (Macintosh; Intel Mac OS X 10_15_7) AppleWebKit/537.36 (KHTML, like Gecko) Chrome/105.0.0.0 Safari/537.36",
    "Accept-Encoding": "gzip, deflate",
    "Accept": "application/json, text/plain, */*",
    "Connection": "keep-alive",
    "Accept-Language": "zh-CN,zh;q=0.9",
    "Content-Type": "application/json;charset=UTF-8",
    "HRUN-Request-ID": "HRUN-fba0730a-63d6-4284-957d-e249adf4deb0-572688",
    "Cookie": "SESSION=NjFjM2M1MWMtOTk0NC00MTRkLWI1YzgtYjI3NWJlNWM2YmE1; SESSION=response.headers.\"Set-Cookie\".session",
    "Content-Length": "2555"
}
cookies  : {
    "SESSION": "NjFjM2M1MWMtOTk0NC00MTRkLWI1YzgtYjI3NWJlNWM2YmE1"
}
body     : {
    "applyStep": 2,
    "applyType": null,
    "area": [
        "110000",
        "110100",
        "110101"
    ],
    "cltrid": null,
    "contactCrtBackImgPath": null,
    "contactCrtBackImgRid": 2730,
    "contactCrtFrontImgPath": null,
    "contactCrtFrontImgRid": 2729,
    "contactCrtNo": "429190198901121816",
    "contactCrtType": 1,
    "contactEmail": "vCkGkYAqVWo3P1yv@qaqseq.com",
    "contactName": "48As4TmIljGK7olrwkAaFucjLMqshFeV",
    "contactPhone": "18868612362",
    "createDate": null,
    "dataHostingContractFilePath": null,
    "dataHostingContractFileRid": null,
    "dataHostingOrg": null,
    "entGeneralId": null,
    "entInfoLicenses": [],
    "entInfoSerIndustrys": [],
    "entPrefix": "88.408.9527414102",
    "escrowId": null,
    "escrowOrgName": null,
    "establishDate": null,
    "extDomain": null,
    "extIpAddr": null,
    "extWebName": null,
    "finalAuditMsg": null,
    "finalAuditStatus": null,
    "firstAuditMsg": null,
    "firstAuditStatus": null,
    "id": null,
    "idRegNaImp": null,
    "industry": [
        "A",
        "01"
    ],
    "industryCategory": "A",
    "industrySpecific": "01",
    "isSubmit": 0,
    "legalCrtBackImgContent": null,
    "legalCrtBackImgPath": null,
    "legalCrtBackImgRid": 2730,
    "legalCrtFrontImgContent": null,
    "legalCrtFrontImgPath": null,
    "legalCrtFrontImgRid": 2729,
    "legalCrtNo": "429190198901121816",
    "legalCrtType": "1",
    "legalCrtTypeDesc": "中国居民身份证",
    "legalEmail": null,
    "legalFax": null,
    "legalName": "张三",
    "legalPhone": null,
    "orgAddr": "致真",
    "orgAddrCity": "110100",
    "orgAddrCityDesc": "市辖区",
    "orgAddrCounty": "110101",
    "orgAddrCountyDesc": "东城区",
    "orgAddrProvince": "110000",
    "orgAddrProvinceDesc": "北京市",
    "orgCategorySpecificDesc": "农、林、牧、渔业-农业",
    "orgCrtCode": "48As4TmIljGK7olrwkAaFucjLMqshFeV",
    "orgCrtImgContent": null,
    "orgCrtImgPath": null,
    "orgCrtImgRid": 2728,
    "orgCrtType": "1",
    "orgDesc": null,
    "orgName": "48As4TmIljGK7olrwkAaFucjLMqshFeV",
    "orgNature": "1",
    "orgNatureDesc": "国有控股",
    "periodValidity": null,
    "regAuthority": null,
    "regCapital": null,
    "regRealNaImpName": null,
    "regRealNaImpType": null,
    "servHostingContractFilePath": null,
    "servHostingContractFileRid": null,
    "servHostingOrg": null,
    "servSysBuildContractFilePath": null,
    "servSysBuildContractFileRid": null,
    "servSysBuildName": null,
    "servSysBuildType": 1,
    "servSysOperContractFilePath": null,
    "servSysOperContractFileRid": null,
    "servSysOperName": null,
    "servSysOperType": 1,
    "svtrid": null,
    "thirdServiceMsg": null,
    "thirdServiceStatus": null,
    "updateDate": null,
    "userId": null,
    "userName": null,
    "website": null
}

2023-06-25 18:39:32.856 | DEBUG    | httprunner.client:log_print:40 - 
================== response details ==================
status_code : 200
headers  : {
    "Server": "nginx",
    "Date": "Sun, 25 Jun 2023 10:39:32 GMT",
    "Content-Type": "application/json;charset=UTF-8",
    "Transfer-Encoding": "chunked",
    "X-Frame-Options": "SAMEORIGIN",
    "Connection": "keep-alive"
}
cookies  : {}
encoding : UTF-8
content_type : application/json;charset=UTF-8
body     : {
    "message": "success",
    "status": 1,
    "data": true
}

2023-06-25 18:39:32.856 | INFO     | httprunner.client:request:217 - status_code: 200, response_time(ms): 165.46 ms, response_length: 0 bytes
2023-06-25 18:39:32.857 | INFO     | httprunner.response:validate:249 - assert status_code equal 200(int)	==> pass
2023-06-25 18:39:32.857 | INFO     | httprunner.response:validate:249 - assert body.message equal success(str)	==> pass
2023-06-25 18:39:32.857 | INFO     | httprunner.runner:__run_step:304 - run step end: 企业注册第一步提交信息 <<<<<<

2023-06-25 18:39:32.857 | INFO     | httprunner.runner:__run_step:304 - run step end: 企业注册第一步提交信息 <<<<<<

2023-06-25 18:39:32.858 | INFO     | httprunner.runner:__run_step:292 - run step begin: 企业注册查询注册信息 >>>>>>
2023-06-25 18:39:32.858 | INFO     | httprunner.runner:__run_step:292 - run step begin: 企业注册查询注册信息 >>>>>>
2023-06-25 18:39:32.958 | DEBUG    | httprunner.client:request:186 - client IP: 127.0.0.1, Port: 55293
2023-06-25 18:39:32.959 | DEBUG    | httprunner.client:request:194 - server IP: 127.0.0.1, Port: 8888
2023-06-25 18:39:32.960 | DEBUG    | httprunner.client:log_print:40 - 
================== request details ==================
method   : GET
url      : http://139.198.116.76:8000/api/v3/entApply/applyOrNot
headers  : {
    "User-Agent": "Mozilla/5.0 (Macintosh; Intel Mac OS X 10_15_7) AppleWebKit/537.36 (KHTML, like Gecko) Chrome/105.0.0.0 Safari/537.36",
    "Accept-Encoding": "gzip, deflate",
    "Accept": "application/json, text/plain, */*",
    "Connection": "keep-alive",
    "Accept-Language": "zh-CN,zh;q=0.9",
    "HRUN-Request-ID": "HRUN-fba0730a-63d6-4284-957d-e249adf4deb0-572858",
    "Cookie": "SESSION=NjFjM2M1MWMtOTk0NC00MTRkLWI1YzgtYjI3NWJlNWM2YmE1; SESSION=response.headers.\"Set-Cookie\".session"
}
cookies  : {
    "SESSION": "NjFjM2M1MWMtOTk0NC00MTRkLWI1YzgtYjI3NWJlNWM2YmE1"
}
body     : None

2023-06-25 18:39:32.961 | DEBUG    | httprunner.client:log_print:40 - 
================== response details ==================
status_code : 200
headers  : {
    "Server": "nginx",
    "Date": "Sun, 25 Jun 2023 10:39:33 GMT",
    "Content-Type": "application/json;charset=UTF-8",
    "Transfer-Encoding": "chunked",
    "X-Frame-Options": "SAMEORIGIN",
    "Connection": "keep-alive"
}
cookies  : {}
encoding : UTF-8
content_type : application/json;charset=UTF-8
body     : {
    "message": "success",
    "status": 1,
    "data": {
        "nbmsEntApplyPO": {
            "id": 1387,
            "createDate": "2023-06-25 18:39:33",
            "updateDate": "2023-06-25 18:39:33",
            "applyType": null,
            "entGeneralId": null,
            "applyStep": 2,
            "isSubmit": 0,
            "entPrefix": "88.408.9527414102",
            "firstAuditStatus": null,
            "firstAuditMsg": null,
            "thirdServiceStatus": null,
            "thirdServiceMsg": null,
            "userName": "48As4TmIljGK7olrwkAaFucjLMqshFeV",
            "finalAuditStatus": null,
            "finalAuditMsg": null,
            "svtrid": null,
            "cltrid": null,
            "userId": 1622,
            "orgName": "48As4TmIljGK7olrwkAaFucjLMqshFeV",
            "orgNature": "1",
            "orgAddrProvince": "110000",
            "orgAddrCity": "110100",
            "orgAddrCounty": "110101",
            "orgAddr": "致真",
            "orgCrtType": "1",
            "orgCrtCode": "48As4TmIljGK7olrwkAaFucjLMqshFeV",
            "legalName": "张三",
            "legalCrtType": "1",
            "legalCrtNo": "429190198901121816",
            "orgDesc": null,
            "industryCategory": "A",
            "industrySpecific": "01",
            "contactName": "48As4TmIljGK7olrwkAaFucjLMqshFeV",
            "contactPhone": "18868612362",
            "contactCrtType": 1,
            "contactCrtNo": "429190198901121816",
            "contactEmail": "vCkGkYAqVWo3P1yv@qaqseq.com",
            "website": null,
            "regAuthority": null,
            "regCapital": null,
            "establishDate": null,
            "periodValidity": null,
            "legalEmail": null,
            "legalPhone": null,
            "legalFax": null,
            "servSysBuildType": null,
            "servSysBuildName": null,
            "servSysOperType": null,
            "servSysOperName": null,
            "dataHostingOrg": null,
            "servHostingOrg": null,
            "regRealNaImpType": null,
            "regRealNaImpName": null,
            "idRegNaImp": null,
            "extWebName": null,
            "extDomain": null,
            "extIpAddr": null,
            "orgCrtImgRid": 2728,
            "contactCrtFrontImgRid": 2729,
            "contactCrtBackImgRid": 2730,
            "legalCrtFrontImgRid": 2729,
            "legalCrtBackImgRid": 2730,
            "servSysBuildContractFileRid": null,
            "servSysOperContractFileRid": null,
            "dataHostingContractFileRid": null,
            "servHostingContractFileRid": null,
            "entInfoLicenses": [],
            "entInfoSyss": [],
            "entInfoSerIndustrys": [],
            "escrowId": null,
            "industryQualificationRid": null,
            "certificationRid": null,
            "openingBank": null,
            "bankCard": null,
            "verificationName": null,
            "orgNatureDesc": "国有控股",
            "orgCrtImgContent": null,
            "orgCategorySpecificDesc": "农、林、牧、渔业-农业",
            "orgAddrProvinceDesc": "北京市",
            "orgAddrCountyDesc": "东城区",
            "orgAddrCityDesc": "市辖区",
            "legalCrtTypeDesc": "中国居民身份证",
            "legalCrtFrontImgContent": null,
            "legalCrtBackImgContent": null,
            "orgCrtImgPath": "962342e5-4596-4d36-8336-57d4e367f714.jpeg",
            "contactCrtFrontImgPath": "6bd02538-c8b3-4d56-9c4a-18b3227070d9.jpeg",
            "contactCrtBackImgPath": "d9d57eb3-6b5b-4e87-8377-0592e8f0b846.jpeg",
            "legalCrtFrontImgPath": "6bd02538-c8b3-4d56-9c4a-18b3227070d9.jpeg",
            "legalCrtBackImgPath": "d9d57eb3-6b5b-4e87-8377-0592e8f0b846.jpeg",
            "servSysBuildContractFilePath": null,
            "servSysOperContractFilePath": null,
            "dataHostingContractFilePath": null,
            "servHostingContractFilePath": null,
            "industryQualificationFilePath": null,
            "certificationFilePath": null,
            "escrowOrgName": null
        },
        "nbmsEntPO": null,
        "nbmsEntPrefixApplyPO": null,
        "needRelog": null,
        "applyStatus": 0
    }
}

2023-06-25 18:39:32.961 | INFO     | httprunner.client:request:217 - status_code: 200, response_time(ms): 100.46 ms, response_length: 0 bytes
2023-06-25 18:39:32.964 | INFO     | httprunner.response:extract:179 - extract mapping: {'applyId': 1387, 'userId': 1622, 'userName': '48As4TmIljGK7olrwkAaFucjLMqshFeV', 'imgId_f': 2729, 'imgId_b': 2730, 'entId': None, 'entUserId': None, 'prefix': '88.408.9527414102', 'contactCrtNo': '429190198901121816', 'contactCrtType': 1, 'contactEmail': 'vCkGkYAqVWo3P1yv@qaqseq.com', 'contactName': '48As4TmIljGK7olrwkAaFucjLMqshFeV', 'contactPhone': '18868612362', 'industryCategory': 'A', 'industrySpecific': '01', 'orgName': '48As4TmIljGK7olrwkAaFucjLMqshFeV', 'orgNature': '1', 'orgAddrProvince': '110000', 'orgAddrCity': '110100', 'orgAddrCounty': '110101', 'orgAddr': '致真', 'orgCrtType': '1', 'orgCrtCode': '48As4TmIljGK7olrwkAaFucjLMqshFeV', 'legalName': '张三', 'legalEmail': None, 'legalPhone': None, 'legalCrtType': '1', 'legalCrtNo': '429190198901121816', 'legalCrtFrontImgRid': 2729, 'legalCrtBackImgRid': 2730, 'orgCrtImgRid': 2728, 'imgId': 2728, 'orgNatureDesc': '国有控股', 'orgCategorySpecificDesc': '农、林、牧、渔业-农业', 'orgAddrProvinceDesc': '北京市', 'orgAddrCountyDesc': '东城区', 'orgAddrCityDesc': '市辖区', 'legalCrtTypeDesc': '中国居民身份证', 'createDate': '2023-06-25 18:39:33', 'updateDate': '2023-06-25 18:39:33', 'entInfoSyss_0_id': None, 'entInfoSyss_0_entApplyId': None, 'entApplyId': None, 'entInfoSyss_0_sysType': None, 'entInfoSyss_0_deployMode': None, 'entInfoSyss_0_deployAddr': None, 'entInfoSyss_0_deployAddrProvince': None, 'entInfoSyss_0_deployAddrCity': None, 'entInfoSyss_0_deployAddrCounty': None, 'entInfoSyss_1_id': None, 'entInfoSyss_1_entApplyId': None, 'entInfoSyss_1_sysType': None, 'entInfoSyss_1_deployMode': None, 'entInfoSyss_1_deployAddr': None, 'entInfoSyss_1_deployAddrProvince': None, 'entInfoSyss_1_deployAddrCity': None, 'entInfoSyss_1_deployAddrCounty': None, 'entInfoSyss_2_id': None, 'entInfoSyss_2_entApplyId': None, 'entInfoSyss_2_sysType': None, 'entInfoSyss_2_deployMode': None, 'entInfoSyss_2_deployAddr': None, 'entInfoSyss_2_deployAddrProvince': None, 'entInfoSyss_2_deployAddrCity': None, 'entInfoSyss_2_deployAddrCounty': None, 'entInfoSyss_3_id': None, 'entInfoSyss_3_entApplyId': None, 'entInfoSyss_3_sysType': None, 'entInfoSyss_3_deployMode': None, 'entInfoSyss_3_deployAddr': None, 'entInfoSyss_3_deployAddrProvince': None, 'entInfoSyss_3_deployAddrCity': None, 'entInfoSyss_3_deployAddrCounty': None}
2023-06-25 18:39:32.965 | INFO     | httprunner.response:validate:249 - assert status_code equal 200(int)	==> pass
2023-06-25 18:39:32.965 | INFO     | httprunner.response:validate:249 - assert body.message equal success(str)	==> pass
2023-06-25 18:39:32.965 | INFO     | httprunner.runner:__run_step:304 - run step end: 企业注册查询注册信息 <<<<<<

2023-06-25 18:39:32.965 | INFO     | httprunner.runner:__run_step_testcase:286 - export variables: {'entInfoSyss_1_sysType': None, 'entInfoSyss_1_deployMode': None, 'entInfoSyss_2_deployAddr': None, 'orgAddrCountyDesc': '东城区', 'orgAddrProvince': '110000', 'entInfoSyss_0_sysType': None, 'legalPhone': None, 'contactEmail': 'vCkGkYAqVWo3P1yv@qaqseq.com', 'entInfoSyss_1_deployAddr': None, 'entInfoSyss_2_entApplyId': None, 'entInfoSyss_2_deployAddrProvince': None, 'orgAddrCity': '110100', 'prefix': '88.408.9527414102', 'imgId_b': 2730, 'entInfoSyss_3_deployMode': None, 'entInfoSyss_2_id': None, 'orgNature': '1', 'entInfoSyss_1_id': None, 'entInfoSyss_3_deployAddrCounty': None, 'entInfoSyss_3_deployAddrProvince': None, 'imgId': 2728, 'industryCategory': 'A', 'entInfoSyss_0_entApplyId': None, 'entInfoSyss_3_deployAddr': None, 'orgCrtImgRid': 2728, 'legalName': '张三', 'entId': None, 'entInfoSyss_0_deployAddrCounty': None, 'entInfoSyss_0_deployAddrProvince': None, 'orgAddrCityDesc': '市辖区', 'legalEmail': None, 'entApplyId': None, 'legalCrtTypeDesc': '中国居民身份证', 'entInfoSyss_1_entApplyId': None, 'entInfoSyss_2_deployAddrCounty': None, 'contactCrtNo': '429190198901121816', 'legalCrtFrontImgRid': 2729, 'orgAddrCounty': '110101', 'entInfoSyss_0_deployAddr': None, 'imgId_f': 2729, 'orgAddr': '致真', 'contactCrtType': 1, 'entInfoSyss_0_id': None, 'orgNatureDesc': '国有控股', 'userName': '48As4TmIljGK7olrwkAaFucjLMqshFeV', 'entInfoSyss_3_entApplyId': None, 'orgCategorySpecificDesc': '农、林、牧、渔业-农业', 'entInfoSyss_3_deployAddrCity': None, 'entInfoSyss_1_deployAddrCity': None, 'legalCrtBackImgRid': 2730, 'entInfoSyss_1_deployAddrCounty': None, 'contactPhone': '18868612362', 'updateDate': '2023-06-25 18:39:33', 'entInfoSyss_0_deployMode': None, 'entInfoSyss_2_deployMode': None, 'entUserId': None, 'industrySpecific': '01', 'orgCrtCode': '48As4TmIljGK7olrwkAaFucjLMqshFeV', 'orgCrtType': '1', 'entInfoSyss_2_sysType': None, 'entInfoSyss_2_deployAddrCity': None, 'createDate': '2023-06-25 18:39:33', 'entInfoSyss_3_id': None, 'orgAddrProvinceDesc': '北京市', 'entInfoSyss_1_deployAddrProvince': None, 'applyId': 1387, 'userId': 1622, 'contactName': '48As4TmIljGK7olrwkAaFucjLMqshFeV', 'entInfoSyss_0_deployAddrCity': None, 'entInfoSyss_3_sysType': None, 'legalCrtType': '1', 'legalCrtNo': '429190198901121816', 'orgName': '48As4TmIljGK7olrwkAaFucjLMqshFeV'}
2023-06-25 18:39:32.965 | INFO     | httprunner.runner:__run_step:304 - run step end: 企业注册查询注册信息 <<<<<<

2023-06-25 18:39:32.965 | INFO     | httprunner.runner:__run_step:292 - run step begin: 企业注册第二步提交信息 >>>>>>
2023-06-25 18:39:32.965 | INFO     | httprunner.runner:__run_step:292 - run step begin: 企业注册第二步提交信息 >>>>>>
2023-06-25 18:39:33.032 | DEBUG    | httprunner.client:request:186 - client IP: 127.0.0.1, Port: 55293
2023-06-25 18:39:33.033 | DEBUG    | httprunner.client:request:194 - server IP: 127.0.0.1, Port: 8888
2023-06-25 18:39:33.034 | DEBUG    | httprunner.client:log_print:40 - 
================== request details ==================
method   : POST
url      : http://139.198.116.76:8000/api/v3/entApply/registerManageInfo
headers  : {
    "User-Agent": "Mozilla/5.0 (Macintosh; Intel Mac OS X 10_15_7) AppleWebKit/537.36 (KHTML, like Gecko) Chrome/105.0.0.0 Safari/537.36",
    "Accept-Encoding": "gzip, deflate",
    "Accept": "application/json, text/plain, */*",
    "Connection": "keep-alive",
    "Accept-Language": "zh-CN,zh;q=0.9",
    "Content-Type": "application/json;charset=UTF-8",
    "X-HTTP-Method-Override": "put",
    "HRUN-Request-ID": "HRUN-fba0730a-63d6-4284-957d-e249adf4deb0-572966",
    "Cookie": "SESSION=NjFjM2M1MWMtOTk0NC00MTRkLWI1YzgtYjI3NWJlNWM2YmE1; SESSION=response.headers.\"Set-Cookie\".session",
    "Content-Length": "3280"
}
cookies  : {
    "SESSION": "NjFjM2M1MWMtOTk0NC00MTRkLWI1YzgtYjI3NWJlNWM2YmE1"
}
body     : {
    "applyStep": 3,
    "applyType": null,
    "cltrid": null,
    "contactCrtBackImgPath": null,
    "contactCrtBackImgRid": 2730,
    "contactCrtFrontImgPath": null,
    "contactCrtFrontImgRid": 2729,
    "contactCrtNo": "429190198901121816",
    "contactCrtType": 1,
    "contactEmail": "vCkGkYAqVWo3P1yv@qaqseq.com",
    "contactName": "48As4TmIljGK7olrwkAaFucjLMqshFeV",
    "contactPhone": "18868612362",
    "createDate": "2023-06-25 18:39:33",
    "dataHostingContractFilePath": null,
    "dataHostingContractFileRid": null,
    "dataHostingOrg": null,
    "entGeneralId": null,
    "entInfoLicenses": [],
    "entInfoSerIndustrys": [],
    "entInfoSyss": [
        {
            "deployAddr": "致真",
            "deployAddrCity": "110100",
            "deployAddrCounty": "110101",
            "deployAddrProvince": "110000",
            "deployMode": 1,
            "ipPort": null,
            "name": null,
            "sysType": 1
        },
        {
            "deployAddr": "致真",
            "deployAddrCity": "110100",
            "deployAddrCounty": "110101",
            "deployAddrProvince": "110000",
            "deployMode": 1,
            "ipPort": null,
            "name": null,
            "sysType": 2
        },
        {
            "deployAddr": "天津",
            "deployAddrCity": "120100",
            "deployAddrCounty": "120101",
            "deployAddrProvince": "120000",
            "deployMode": 1,
            "ipPort": null,
            "name": null,
            "sysType": 3
        },
        {
            "deployAddr": "天津",
            "deployAddrCity": "120100",
            "deployAddrCounty": "120101",
            "deployAddrProvince": "120000",
            "deployMode": 1,
            "ipPort": null,
            "name": null,
            "sysType": 4
        }
    ],
    "entPrefix": "88.408.9527414102",
    "escrowId": null,
    "escrowOrgName": null,
    "establishDate": null,
    "extDomain": null,
    "extIpAddr": null,
    "extWebName": null,
    "finalAuditMsg": null,
    "finalAuditStatus": null,
    "firstAuditMsg": null,
    "firstAuditStatus": null,
    "id": 1387,
    "idRegNaImp": null,
    "industryCategory": "A",
    "industrySpecific": "01",
    "isSubmit": 0,
    "legalCrtBackImgContent": null,
    "legalCrtBackImgPath": null,
    "legalCrtBackImgRid": 2730,
    "legalCrtFrontImgContent": null,
    "legalCrtFrontImgPath": null,
    "legalCrtFrontImgRid": 2729,
    "legalCrtNo": "429190198901121816",
    "legalCrtType": "1",
    "legalCrtTypeDesc": "中国居民身份证",
    "legalEmail": null,
    "legalFax": null,
    "legalName": "张三",
    "legalPhone": null,
    "orgAddr": "致真",
    "orgAddrCity": "110100",
    "orgAddrCityDesc": "市辖区",
    "orgAddrCounty": "110101",
    "orgAddrCountyDesc": "东城区",
    "orgAddrProvince": "110000",
    "orgAddrProvinceDesc": "北京市",
    "orgCategorySpecificDesc": "农、林、牧、渔业-农业",
    "orgCrtCode": "48As4TmIljGK7olrwkAaFucjLMqshFeV",
    "orgCrtImgContent": null,
    "orgCrtImgPath": null,
    "orgCrtImgRid": 2728,
    "orgCrtType": "1",
    "orgDesc": null,
    "orgName": "48As4TmIljGK7olrwkAaFucjLMqshFeV",
    "orgNature": "1",
    "orgNatureDesc": "1",
    "periodValidity": null,
    "regAuthority": null,
    "regCapital": null,
    "regRealNaImpName": null,
    "regRealNaImpType": null,
    "servHostingContractFilePath": null,
    "servHostingContractFileRid": null,
    "servHostingOrg": null,
    "servSysBuildContractFilePath": null,
    "servSysBuildContractFileRid": null,
    "servSysBuildName": null,
    "servSysBuildType": 1,
    "servSysOperContractFilePath": null,
    "servSysOperContractFileRid": null,
    "servSysOperName": null,
    "servSysOperType": 1,
    "svtrid": null,
    "thirdServiceMsg": null,
    "thirdServiceStatus": null,
    "updateDate": "2023-06-25 18:39:33",
    "userId": 1622,
    "userName": "48As4TmIljGK7olrwkAaFucjLMqshFeV",
    "website": null
}

2023-06-25 18:39:33.035 | DEBUG    | httprunner.client:log_print:40 - 
================== response details ==================
status_code : 200
headers  : {
    "Server": "nginx",
    "Date": "Sun, 25 Jun 2023 10:39:33 GMT",
    "Content-Type": "application/json;charset=UTF-8",
    "Transfer-Encoding": "chunked",
    "X-Frame-Options": "SAMEORIGIN",
    "Connection": "keep-alive"
}
cookies  : {}
encoding : UTF-8
content_type : application/json;charset=UTF-8
body     : {
    "message": "success",
    "status": 1,
    "data": true
}

2023-06-25 18:39:33.035 | INFO     | httprunner.client:request:217 - status_code: 200, response_time(ms): 65.86 ms, response_length: 0 bytes
2023-06-25 18:39:33.035 | INFO     | httprunner.response:validate:249 - assert status_code equal 200(int)	==> pass
2023-06-25 18:39:33.036 | INFO     | httprunner.response:validate:249 - assert body.message equal success(str)	==> pass
2023-06-25 18:39:33.036 | INFO     | httprunner.runner:__run_step:304 - run step end: 企业注册第二步提交信息 <<<<<<

2023-06-25 18:39:33.036 | INFO     | httprunner.runner:__run_step:304 - run step end: 企业注册第二步提交信息 <<<<<<

2023-06-25 18:39:33.036 | INFO     | httprunner.runner:__run_step:292 - run step begin: 企业注册查询注册信息 >>>>>>
2023-06-25 18:39:33.036 | INFO     | httprunner.runner:__run_step:292 - run step begin: 企业注册查询注册信息 >>>>>>
2023-06-25 18:39:33.233 | DEBUG    | httprunner.client:request:186 - client IP: 127.0.0.1, Port: 55293
2023-06-25 18:39:33.233 | DEBUG    | httprunner.client:request:194 - server IP: 127.0.0.1, Port: 8888
2023-06-25 18:39:33.234 | DEBUG    | httprunner.client:log_print:40 - 
================== request details ==================
method   : GET
url      : http://139.198.116.76:8000/api/v3/entApply/applyOrNot
headers  : {
    "User-Agent": "Mozilla/5.0 (Macintosh; Intel Mac OS X 10_15_7) AppleWebKit/537.36 (KHTML, like Gecko) Chrome/105.0.0.0 Safari/537.36",
    "Accept-Encoding": "gzip, deflate",
    "Accept": "application/json, text/plain, */*",
    "Connection": "keep-alive",
    "Accept-Language": "zh-CN,zh;q=0.9",
    "HRUN-Request-ID": "HRUN-fba0730a-63d6-4284-957d-e249adf4deb0-573037",
    "Cookie": "SESSION=NjFjM2M1MWMtOTk0NC00MTRkLWI1YzgtYjI3NWJlNWM2YmE1; SESSION=response.headers.\"Set-Cookie\".session"
}
cookies  : {
    "SESSION": "NjFjM2M1MWMtOTk0NC00MTRkLWI1YzgtYjI3NWJlNWM2YmE1"
}
body     : None

2023-06-25 18:39:33.235 | DEBUG    | httprunner.client:log_print:40 - 
================== response details ==================
status_code : 200
headers  : {
    "Server": "nginx",
    "Date": "Sun, 25 Jun 2023 10:39:33 GMT",
    "Content-Type": "application/json;charset=UTF-8",
    "Transfer-Encoding": "chunked",
    "X-Frame-Options": "SAMEORIGIN",
    "Connection": "keep-alive"
}
cookies  : {}
encoding : UTF-8
content_type : application/json;charset=UTF-8
body     : {
    "message": "success",
    "status": 1,
    "data": {
        "nbmsEntApplyPO": {
            "id": 1387,
            "createDate": "2023-06-25 18:39:33",
            "updateDate": "2023-06-25 18:39:33",
            "applyType": null,
            "entGeneralId": null,
            "applyStep": 3,
            "isSubmit": 0,
            "entPrefix": "88.408.9527414102",
            "firstAuditStatus": null,
            "firstAuditMsg": null,
            "thirdServiceStatus": null,
            "thirdServiceMsg": null,
            "userName": "48As4TmIljGK7olrwkAaFucjLMqshFeV",
            "finalAuditStatus": null,
            "finalAuditMsg": null,
            "svtrid": null,
            "cltrid": null,
            "userId": 1622,
            "orgName": "48As4TmIljGK7olrwkAaFucjLMqshFeV",
            "orgNature": "1",
            "orgAddrProvince": "110000",
            "orgAddrCity": "110100",
            "orgAddrCounty": "110101",
            "orgAddr": "致真",
            "orgCrtType": "1",
            "orgCrtCode": "48As4TmIljGK7olrwkAaFucjLMqshFeV",
            "legalName": "张三",
            "legalCrtType": "1",
            "legalCrtNo": "429190198901121816",
            "orgDesc": null,
            "industryCategory": "A",
            "industrySpecific": "01",
            "contactName": "48As4TmIljGK7olrwkAaFucjLMqshFeV",
            "contactPhone": "18868612362",
            "contactCrtType": 1,
            "contactCrtNo": "429190198901121816",
            "contactEmail": "vCkGkYAqVWo3P1yv@qaqseq.com",
            "website": null,
            "regAuthority": null,
            "regCapital": null,
            "establishDate": null,
            "periodValidity": null,
            "legalEmail": null,
            "legalPhone": null,
            "legalFax": null,
            "servSysBuildType": 1,
            "servSysBuildName": null,
            "servSysOperType": 1,
            "servSysOperName": null,
            "dataHostingOrg": null,
            "servHostingOrg": null,
            "regRealNaImpType": null,
            "regRealNaImpName": null,
            "idRegNaImp": null,
            "extWebName": null,
            "extDomain": null,
            "extIpAddr": null,
            "orgCrtImgRid": 2728,
            "contactCrtFrontImgRid": 2729,
            "contactCrtBackImgRid": 2730,
            "legalCrtFrontImgRid": 2729,
            "legalCrtBackImgRid": 2730,
            "servSysBuildContractFileRid": null,
            "servSysOperContractFileRid": null,
            "dataHostingContractFileRid": null,
            "servHostingContractFileRid": null,
            "entInfoLicenses": [],
            "entInfoSyss": [
                {
                    "id": 3412,
                    "entApplyId": 1387,
                    "sysType": 1,
                    "deployMode": 1,
                    "deployAddr": "致真",
                    "deployAddrProvince": "110000",
                    "deployAddrCity": "110100",
                    "deployAddrCounty": "110101",
                    "name": null,
                    "ipPort": null
                },
                {
                    "id": 3413,
                    "entApplyId": 1387,
                    "sysType": 2,
                    "deployMode": 1,
                    "deployAddr": "致真",
                    "deployAddrProvince": "110000",
                    "deployAddrCity": "110100",
                    "deployAddrCounty": "110101",
                    "name": null,
                    "ipPort": null
                },
                {
                    "id": 3414,
                    "entApplyId": 1387,
                    "sysType": 3,
                    "deployMode": 1,
                    "deployAddr": "天津",
                    "deployAddrProvince": "120000",
                    "deployAddrCity": "120100",
                    "deployAddrCounty": "120101",
                    "name": null,
                    "ipPort": null
                },
                {
                    "id": 3415,
                    "entApplyId": 1387,
                    "sysType": 4,
                    "deployMode": 1,
                    "deployAddr": "天津",
                    "deployAddrProvince": "120000",
                    "deployAddrCity": "120100",
                    "deployAddrCounty": "120101",
                    "name": null,
                    "ipPort": null
                }
            ],
            "entInfoSerIndustrys": [],
            "escrowId": null,
            "industryQualificationRid": null,
            "certificationRid": null,
            "openingBank": null,
            "bankCard": null,
            "verificationName": null,
            "orgNatureDesc": "国有控股",
            "orgCrtImgContent": null,
            "orgCategorySpecificDesc": "农、林、牧、渔业-农业",
            "orgAddrProvinceDesc": "北京市",
            "orgAddrCountyDesc": "东城区",
            "orgAddrCityDesc": "市辖区",
            "legalCrtTypeDesc": "中国居民身份证",
            "legalCrtFrontImgContent": null,
            "legalCrtBackImgContent": null,
            "orgCrtImgPath": "962342e5-4596-4d36-8336-57d4e367f714.jpeg",
            "contactCrtFrontImgPath": "6bd02538-c8b3-4d56-9c4a-18b3227070d9.jpeg",
            "contactCrtBackImgPath": "d9d57eb3-6b5b-4e87-8377-0592e8f0b846.jpeg",
            "legalCrtFrontImgPath": "6bd02538-c8b3-4d56-9c4a-18b3227070d9.jpeg",
            "legalCrtBackImgPath": "d9d57eb3-6b5b-4e87-8377-0592e8f0b846.jpeg",
            "servSysBuildContractFilePath": null,
            "servSysOperContractFilePath": null,
            "dataHostingContractFilePath": null,
            "servHostingContractFilePath": null,
            "industryQualificationFilePath": null,
            "certificationFilePath": null,
            "escrowOrgName": null
        },
        "nbmsEntPO": null,
        "nbmsEntPrefixApplyPO": null,
        "needRelog": null,
        "applyStatus": 0
    }
}

2023-06-25 18:39:33.236 | INFO     | httprunner.client:request:217 - status_code: 200, response_time(ms): 195.93 ms, response_length: 0 bytes
2023-06-25 18:39:33.238 | INFO     | httprunner.response:extract:179 - extract mapping: {'applyId': 1387, 'userId': 1622, 'userName': '48As4TmIljGK7olrwkAaFucjLMqshFeV', 'imgId_f': 2729, 'imgId_b': 2730, 'entId': None, 'entUserId': None, 'prefix': '88.408.9527414102', 'contactCrtNo': '429190198901121816', 'contactCrtType': 1, 'contactEmail': 'vCkGkYAqVWo3P1yv@qaqseq.com', 'contactName': '48As4TmIljGK7olrwkAaFucjLMqshFeV', 'contactPhone': '18868612362', 'industryCategory': 'A', 'industrySpecific': '01', 'orgName': '48As4TmIljGK7olrwkAaFucjLMqshFeV', 'orgNature': '1', 'orgAddrProvince': '110000', 'orgAddrCity': '110100', 'orgAddrCounty': '110101', 'orgAddr': '致真', 'orgCrtType': '1', 'orgCrtCode': '48As4TmIljGK7olrwkAaFucjLMqshFeV', 'legalName': '张三', 'legalEmail': None, 'legalPhone': None, 'legalCrtType': '1', 'legalCrtNo': '429190198901121816', 'legalCrtFrontImgRid': 2729, 'legalCrtBackImgRid': 2730, 'orgCrtImgRid': 2728, 'imgId': 2728, 'orgNatureDesc': '国有控股', 'orgCategorySpecificDesc': '农、林、牧、渔业-农业', 'orgAddrProvinceDesc': '北京市', 'orgAddrCountyDesc': '东城区', 'orgAddrCityDesc': '市辖区', 'legalCrtTypeDesc': '中国居民身份证', 'createDate': '2023-06-25 18:39:33', 'updateDate': '2023-06-25 18:39:33', 'entInfoSyss_0_id': 3412, 'entInfoSyss_0_entApplyId': 1387, 'entApplyId': 1387, 'entInfoSyss_0_sysType': 1, 'entInfoSyss_0_deployMode': 1, 'entInfoSyss_0_deployAddr': '致真', 'entInfoSyss_0_deployAddrProvince': '110000', 'entInfoSyss_0_deployAddrCity': '110100', 'entInfoSyss_0_deployAddrCounty': '110101', 'entInfoSyss_1_id': 3413, 'entInfoSyss_1_entApplyId': 1387, 'entInfoSyss_1_sysType': 2, 'entInfoSyss_1_deployMode': 1, 'entInfoSyss_1_deployAddr': '致真', 'entInfoSyss_1_deployAddrProvince': '110000', 'entInfoSyss_1_deployAddrCity': '110100', 'entInfoSyss_1_deployAddrCounty': '110101', 'entInfoSyss_2_id': 3414, 'entInfoSyss_2_entApplyId': 1387, 'entInfoSyss_2_sysType': 3, 'entInfoSyss_2_deployMode': 1, 'entInfoSyss_2_deployAddr': '天津', 'entInfoSyss_2_deployAddrProvince': '120000', 'entInfoSyss_2_deployAddrCity': '120100', 'entInfoSyss_2_deployAddrCounty': '120101', 'entInfoSyss_3_id': 3415, 'entInfoSyss_3_entApplyId': 1387, 'entInfoSyss_3_sysType': 4, 'entInfoSyss_3_deployMode': 1, 'entInfoSyss_3_deployAddr': '天津', 'entInfoSyss_3_deployAddrProvince': '120000', 'entInfoSyss_3_deployAddrCity': '120100', 'entInfoSyss_3_deployAddrCounty': '120101'}
2023-06-25 18:39:33.238 | INFO     | httprunner.response:validate:249 - assert status_code equal 200(int)	==> pass
2023-06-25 18:39:33.238 | INFO     | httprunner.response:validate:249 - assert body.message equal success(str)	==> pass
2023-06-25 18:39:33.238 | INFO     | httprunner.runner:__run_step:304 - run step end: 企业注册查询注册信息 <<<<<<

2023-06-25 18:39:33.238 | INFO     | httprunner.runner:__run_step_testcase:286 - export variables: {'entInfoSyss_1_sysType': 2, 'entInfoSyss_1_deployMode': 1, 'entInfoSyss_2_deployAddr': '天津', 'orgAddrCountyDesc': '东城区', 'orgAddrProvince': '110000', 'entInfoSyss_0_sysType': 1, 'legalPhone': None, 'contactEmail': 'vCkGkYAqVWo3P1yv@qaqseq.com', 'entInfoSyss_1_deployAddr': '致真', 'entInfoSyss_2_entApplyId': 1387, 'entInfoSyss_2_deployAddrProvince': '120000', 'orgAddrCity': '110100', 'prefix': '88.408.9527414102', 'imgId_b': 2730, 'entInfoSyss_3_deployMode': 1, 'entInfoSyss_2_id': 3414, 'orgNature': '1', 'entInfoSyss_1_id': 3413, 'entInfoSyss_3_deployAddrCounty': '120101', 'entInfoSyss_3_deployAddrProvince': '120000', 'imgId': 2728, 'industryCategory': 'A', 'entInfoSyss_0_entApplyId': 1387, 'entInfoSyss_3_deployAddr': '天津', 'orgCrtImgRid': 2728, 'legalName': '张三', 'entId': None, 'entInfoSyss_0_deployAddrCounty': '110101', 'entInfoSyss_0_deployAddrProvince': '110000', 'orgAddrCityDesc': '市辖区', 'legalEmail': None, 'entApplyId': 1387, 'legalCrtTypeDesc': '中国居民身份证', 'entInfoSyss_1_entApplyId': 1387, 'entInfoSyss_2_deployAddrCounty': '120101', 'contactCrtNo': '429190198901121816', 'legalCrtFrontImgRid': 2729, 'orgAddrCounty': '110101', 'entInfoSyss_0_deployAddr': '致真', 'imgId_f': 2729, 'orgAddr': '致真', 'contactCrtType': 1, 'entInfoSyss_0_id': 3412, 'orgNatureDesc': '国有控股', 'userName': '48As4TmIljGK7olrwkAaFucjLMqshFeV', 'entInfoSyss_3_entApplyId': 1387, 'orgCategorySpecificDesc': '农、林、牧、渔业-农业', 'entInfoSyss_3_deployAddrCity': '120100', 'entInfoSyss_1_deployAddrCity': '110100', 'legalCrtBackImgRid': 2730, 'entInfoSyss_1_deployAddrCounty': '110101', 'contactPhone': '18868612362', 'updateDate': '2023-06-25 18:39:33', 'entInfoSyss_0_deployMode': 1, 'entInfoSyss_2_deployMode': 1, 'entUserId': None, 'industrySpecific': '01', 'orgCrtCode': '48As4TmIljGK7olrwkAaFucjLMqshFeV', 'orgCrtType': '1', 'entInfoSyss_2_sysType': 3, 'entInfoSyss_2_deployAddrCity': '120100', 'createDate': '2023-06-25 18:39:33', 'entInfoSyss_3_id': 3415, 'orgAddrProvinceDesc': '北京市', 'entInfoSyss_1_deployAddrProvince': '110000', 'applyId': 1387, 'userId': 1622, 'contactName': '48As4TmIljGK7olrwkAaFucjLMqshFeV', 'entInfoSyss_0_deployAddrCity': '110100', 'entInfoSyss_3_sysType': 4, 'legalCrtType': '1', 'legalCrtNo': '429190198901121816', 'orgName': '48As4TmIljGK7olrwkAaFucjLMqshFeV'}
2023-06-25 18:39:33.238 | INFO     | httprunner.runner:__run_step:304 - run step end: 企业注册查询注册信息 <<<<<<

2023-06-25 18:39:33.239 | INFO     | httprunner.runner:__run_step:292 - run step begin: 企业注册最终第三步提交信息 >>>>>>
2023-06-25 18:39:33.239 | INFO     | httprunner.runner:__run_step:292 - run step begin: 企业注册最终第三步提交信息 >>>>>>
2023-06-25 18:39:33.393 | DEBUG    | httprunner.client:request:186 - client IP: 127.0.0.1, Port: 55293
2023-06-25 18:39:33.393 | DEBUG    | httprunner.client:request:194 - server IP: 127.0.0.1, Port: 8888
2023-06-25 18:39:33.395 | DEBUG    | httprunner.client:log_print:40 - 
================== request details ==================
method   : POST
url      : http://139.198.116.76:8000/api/v3/entApply/apply
headers  : {
    "User-Agent": "Mozilla/5.0 (Macintosh; Intel Mac OS X 10_15_7) AppleWebKit/537.36 (KHTML, like Gecko) Chrome/105.0.0.0 Safari/537.36",
    "Accept-Encoding": "gzip, deflate",
    "Accept": "application/json, text/plain, */*",
    "Connection": "keep-alive",
    "Accept-Language": "zh-CN,zh;q=0.9",
    "Content-Type": "application/json;charset=UTF-8",
    "HRUN-Request-ID": "HRUN-fba0730a-63d6-4284-957d-e249adf4deb0-573239",
    "Cookie": "SESSION=NjFjM2M1MWMtOTk0NC00MTRkLWI1YzgtYjI3NWJlNWM2YmE1; SESSION=response.headers.\"Set-Cookie\".session",
    "Content-Length": "3280"
}
cookies  : {
    "SESSION": "NjFjM2M1MWMtOTk0NC00MTRkLWI1YzgtYjI3NWJlNWM2YmE1"
}
body     : {
    "applyStep": 4,
    "applyType": null,
    "cltrid": null,
    "contactCrtBackImgPath": null,
    "contactCrtBackImgRid": 2730,
    "contactCrtFrontImgPath": null,
    "contactCrtFrontImgRid": 2729,
    "contactCrtNo": "429190198901121816",
    "contactCrtType": 1,
    "contactEmail": "vCkGkYAqVWo3P1yv@qaqseq.com",
    "contactName": "48As4TmIljGK7olrwkAaFucjLMqshFeV",
    "contactPhone": "18868612362",
    "createDate": "2023-06-25 18:39:33",
    "dataHostingContractFilePath": null,
    "dataHostingContractFileRid": null,
    "dataHostingOrg": null,
    "entGeneralId": null,
    "entInfoLicenses": [],
    "entInfoSerIndustrys": [],
    "entInfoSyss": [
        {
            "deployAddr": "致真",
            "deployAddrCity": "110100",
            "deployAddrCounty": "110101",
            "deployAddrProvince": "110000",
            "deployMode": 1,
            "ipPort": null,
            "name": null,
            "sysType": 2
        },
        {
            "deployAddr": "致真",
            "deployAddrCity": "110100",
            "deployAddrCounty": "110101",
            "deployAddrProvince": "110000",
            "deployMode": 1,
            "ipPort": null,
            "name": null,
            "sysType": 3
        },
        {
            "deployAddr": "天津",
            "deployAddrCity": "120100",
            "deployAddrCounty": "120101",
            "deployAddrProvince": "120000",
            "deployMode": 1,
            "ipPort": null,
            "name": null,
            "sysType": 4
        },
        {
            "deployAddr": "天津",
            "deployAddrCity": "120100",
            "deployAddrCounty": "120101",
            "deployAddrProvince": "120000",
            "deployMode": 1,
            "ipPort": null,
            "name": null,
            "sysType": 4
        }
    ],
    "entPrefix": "88.408.9527414102",
    "escrowId": null,
    "escrowOrgName": null,
    "establishDate": null,
    "extDomain": null,
    "extIpAddr": null,
    "extWebName": null,
    "finalAuditMsg": null,
    "finalAuditStatus": null,
    "firstAuditMsg": null,
    "firstAuditStatus": null,
    "id": 1387,
    "idRegNaImp": null,
    "industryCategory": "A",
    "industrySpecific": "01",
    "isSubmit": 0,
    "legalCrtBackImgContent": null,
    "legalCrtBackImgPath": null,
    "legalCrtBackImgRid": 2730,
    "legalCrtFrontImgContent": null,
    "legalCrtFrontImgPath": null,
    "legalCrtFrontImgRid": 2729,
    "legalCrtNo": "429190198901121816",
    "legalCrtType": "1",
    "legalCrtTypeDesc": "中国居民身份证",
    "legalEmail": null,
    "legalFax": null,
    "legalName": "张三",
    "legalPhone": null,
    "orgAddr": "致真",
    "orgAddrCity": "110100",
    "orgAddrCityDesc": "市辖区",
    "orgAddrCounty": "110101",
    "orgAddrCountyDesc": "东城区",
    "orgAddrProvince": "110000",
    "orgAddrProvinceDesc": "北京市",
    "orgCategorySpecificDesc": "农、林、牧、渔业-农业",
    "orgCrtCode": "48As4TmIljGK7olrwkAaFucjLMqshFeV",
    "orgCrtImgContent": null,
    "orgCrtImgPath": null,
    "orgCrtImgRid": 2728,
    "orgCrtType": "1",
    "orgDesc": null,
    "orgName": "48As4TmIljGK7olrwkAaFucjLMqshFeV",
    "orgNature": "1",
    "orgNatureDesc": "1",
    "periodValidity": null,
    "regAuthority": null,
    "regCapital": null,
    "regRealNaImpName": null,
    "regRealNaImpType": null,
    "servHostingContractFilePath": null,
    "servHostingContractFileRid": null,
    "servHostingOrg": null,
    "servSysBuildContractFilePath": null,
    "servSysBuildContractFileRid": null,
    "servSysBuildName": null,
    "servSysBuildType": 1,
    "servSysOperContractFilePath": null,
    "servSysOperContractFileRid": null,
    "servSysOperName": null,
    "servSysOperType": 1,
    "svtrid": null,
    "thirdServiceMsg": null,
    "thirdServiceStatus": null,
    "updateDate": "2023-06-25 18:39:33",
    "userId": 1622,
    "userName": "48As4TmIljGK7olrwkAaFucjLMqshFeV",
    "website": null
}

2023-06-25 18:39:33.396 | DEBUG    | httprunner.client:log_print:40 - 
================== response details ==================
status_code : 200
headers  : {
    "Server": "nginx",
    "Date": "Sun, 25 Jun 2023 10:39:33 GMT",
    "Content-Type": "application/json;charset=UTF-8",
    "Transfer-Encoding": "chunked",
    "X-Frame-Options": "SAMEORIGIN",
    "Connection": "keep-alive"
}
cookies  : {}
encoding : UTF-8
content_type : application/json;charset=UTF-8
body     : {
    "message": "success",
    "status": 1,
    "data": true
}

2023-06-25 18:39:33.396 | INFO     | httprunner.client:request:217 - status_code: 200, response_time(ms): 153.43 ms, response_length: 0 bytes
2023-06-25 18:39:33.396 | INFO     | httprunner.response:validate:249 - assert status_code equal 200(int)	==> pass
2023-06-25 18:39:33.397 | INFO     | httprunner.response:validate:249 - assert body.message equal success(str)	==> pass
2023-06-25 18:39:33.397 | INFO     | httprunner.runner:__run_step:304 - run step end: 企业注册最终第三步提交信息 <<<<<<

2023-06-25 18:39:33.397 | INFO     | httprunner.runner:__run_step:304 - run step end: 企业注册最终第三步提交信息 <<<<<<

2023-06-25 18:39:33.398 | INFO     | httprunner.runner:__run_step:292 - run step begin: 登录-管理员 >>>>>>
2023-06-25 18:39:33.398 | INFO     | httprunner.runner:__run_step:292 - run step begin: 登录-企业用户 >>>>>>
2023-06-25 18:39:33.474 | DEBUG    | httprunner.client:request:186 - client IP: 127.0.0.1, Port: 55293
2023-06-25 18:39:33.475 | DEBUG    | httprunner.client:request:194 - server IP: 127.0.0.1, Port: 8888
2023-06-25 18:39:33.475 | DEBUG    | httprunner.client:log_print:40 - 
================== request details ==================
method   : POST
url      : http://139.198.116.76:8000/api/home/test/login
headers  : {
    "User-Agent": "python-requests/2.28.1",
    "Accept-Encoding": "gzip, deflate, br",
    "Accept": "*/*",
    "Connection": "keep-alive",
    "Content-Length": "144",
    "Content-Type": "application/json",
    "HRUN-Request-ID": "HRUN-fba0730a-63d6-4284-957d-e249adf4deb0-573398",
    "Cookie": "SESSION=NjFjM2M1MWMtOTk0NC00MTRkLWI1YzgtYjI3NWJlNWM2YmE1"
}
cookies  : {
    "SESSION": "NjFjM2M1MWMtOTk0NC00MTRkLWI1YzgtYjI3NWJlNWM2YmE1"
}
body     : {
    "captcha": "0000",
    "captchaSign": "5d39bab12bba81ab59b3931d2ca06ee9603c3803355932be66974f122cab3502",
    "emailCaptcha": "",
    "username": "adminy"
}

2023-06-25 18:39:33.476 | DEBUG    | httprunner.client:log_print:40 - 
================== response details ==================
status_code : 200
headers  : {
    "Server": "nginx",
    "Date": "Sun, 25 Jun 2023 10:39:33 GMT",
    "Content-Type": "application/json;charset=UTF-8",
    "Transfer-Encoding": "chunked",
    "Set-Cookie": "SESSION=NWU1NGM0YmUtMzlkZi00NjczLTk1ZjItMGIyN2VjMDA5ZDZj; Path=/; HttpOnly; SameSite=Lax",
    "X-Frame-Options": "SAMEORIGIN",
    "Connection": "keep-alive"
}
cookies  : {
    "SESSION": "NWU1NGM0YmUtMzlkZi00NjczLTk1ZjItMGIyN2VjMDA5ZDZj"
}
encoding : UTF-8
content_type : application/json;charset=UTF-8
body     : {
    "message": "success",
    "status": 1,
    "data": true
}

2023-06-25 18:39:33.477 | INFO     | httprunner.client:request:217 - status_code: 200, response_time(ms): 75.67 ms, response_length: 0 bytes
2023-06-25 18:39:33.477 | INFO     | httprunner.response:extract:179 - extract mapping: {'adminSession': 'response.headers."Set-Cookie".session'}
2023-06-25 18:39:33.477 | INFO     | httprunner.response:validate:249 - assert status_code equal 200(int)	==> pass
2023-06-25 18:39:33.478 | INFO     | httprunner.response:validate:249 - assert headers."Content-Type" equal application/json;charset=UTF-8(str)	==> pass
2023-06-25 18:39:33.478 | INFO     | httprunner.response:validate:249 - assert body.message equal success(str)	==> pass
2023-06-25 18:39:33.478 | INFO     | httprunner.response:validate:249 - assert body.status equal 1(int)	==> pass
2023-06-25 18:39:33.478 | INFO     | httprunner.response:validate:249 - assert body.data equal True(bool)	==> pass
2023-06-25 18:39:33.479 | INFO     | httprunner.runner:__run_step:304 - run step end: 登录-企业用户 <<<<<<

2023-06-25 18:39:33.479 | INFO     | httprunner.runner:__run_step_testcase:286 - export variables: {'adminSession': 'response.headers."Set-Cookie".session'}
2023-06-25 18:39:33.479 | INFO     | httprunner.runner:__run_step:304 - run step end: 登录-管理员 <<<<<<

2023-06-25 18:39:33.479 | INFO     | httprunner.runner:__run_step:292 - run step begin: 注册费 >>>>>>
2023-06-25 18:39:33.480 | INFO     | httprunner.runner:__run_step:292 - run step begin: 财务规则查询-注册费 >>>>>>
2023-06-25 18:39:33.529 | DEBUG    | httprunner.client:request:186 - client IP: 127.0.0.1, Port: 55293
2023-06-25 18:39:33.529 | DEBUG    | httprunner.client:request:194 - server IP: 127.0.0.1, Port: 8888
2023-06-25 18:39:33.530 | DEBUG    | httprunner.client:log_print:40 - 
================== request details ==================
method   : GET
url      : http://139.198.116.76:8000/api/finance/rule/findRule?moneyType=1&userId=1622
headers  : {
    "User-Agent": "Mozilla/5.0 (Macintosh; Intel Mac OS X 10_15_7) AppleWebKit/537.36 (KHTML, like Gecko) Chrome/98.0.4758.102 Safari/537.36 Edg/98.0.1108.56",
    "Accept-Encoding": "gzip, deflate",
    "Accept": "application/json, text/plain, */*",
    "Connection": "keep-alive",
    "Accept-Language": "zh-CN,zh;q=0.9,en;q=0.8,en-GB;q=0.7,en-US;q=0.6",
    "HRUN-Request-ID": "HRUN-fba0730a-63d6-4284-957d-e249adf4deb0-573480",
    "Cookie": "SESSION=NWU1NGM0YmUtMzlkZi00NjczLTk1ZjItMGIyN2VjMDA5ZDZj; SESSION=response.headers.\"Set-Cookie\".session"
}
cookies  : {
    "SESSION": "NWU1NGM0YmUtMzlkZi00NjczLTk1ZjItMGIyN2VjMDA5ZDZj"
}
body     : None

2023-06-25 18:39:33.531 | DEBUG    | httprunner.client:log_print:40 - 
================== response details ==================
status_code : 200
headers  : {
    "Server": "nginx",
    "Date": "Sun, 25 Jun 2023 10:39:33 GMT",
    "Content-Type": "application/json;charset=UTF-8",
    "Transfer-Encoding": "chunked",
    "X-Frame-Options": "SAMEORIGIN",
    "Connection": "keep-alive"
}
cookies  : {}
encoding : UTF-8
content_type : application/json;charset=UTF-8
body     : {
    "message": "success",
    "status": 1,
    "data": [
        {
            "id": 77,
            "createDate": "2023-05-31 12:51:33",
            "updateDate": "2023-05-31 12:51:33",
            "name": "标准",
            "money": 10000.0,
            "moneyType": 1,
            "prefixCount": 1,
            "remart": "test",
            "entName": null,
            "entUserId": null,
            "ruleType": 2,
            "escrowId": null
        }
    ]
}

2023-06-25 18:39:33.532 | INFO     | httprunner.client:request:217 - status_code: 200, response_time(ms): 49.24 ms, response_length: 0 bytes
2023-06-25 18:39:33.532 | INFO     | httprunner.response:extract:179 - extract mapping: {'regFeeRuleId': 77}
2023-06-25 18:39:33.532 | INFO     | httprunner.response:validate:249 - assert status_code equal 200(int)	==> pass
2023-06-25 18:39:33.532 | INFO     | httprunner.response:validate:249 - assert body.message equal success(str)	==> pass
2023-06-25 18:39:33.533 | INFO     | httprunner.response:validate:249 - assert body.status equal 1(int)	==> pass
2023-06-25 18:39:33.533 | INFO     | httprunner.runner:__run_step:304 - run step end: 财务规则查询-注册费 <<<<<<

2023-06-25 18:39:33.533 | INFO     | httprunner.runner:__run_step_testcase:286 - export variables: {'regFeeRuleId': 77}
2023-06-25 18:39:33.533 | INFO     | httprunner.runner:__run_step:304 - run step end: 注册费 <<<<<<

2023-06-25 18:39:33.533 | INFO     | httprunner.runner:__run_step:292 - run step begin: 年费 >>>>>>
2023-06-25 18:39:33.533 | INFO     | httprunner.runner:__run_step:292 - run step begin: 财务规则查询-年费 >>>>>>
2023-06-25 18:39:33.672 | DEBUG    | httprunner.client:request:186 - client IP: 127.0.0.1, Port: 55293
2023-06-25 18:39:33.673 | DEBUG    | httprunner.client:request:194 - server IP: 127.0.0.1, Port: 8888
2023-06-25 18:39:33.673 | DEBUG    | httprunner.client:log_print:40 - 
================== request details ==================
method   : GET
url      : http://139.198.116.76:8000/api/finance/rule/findRule?cache=1663837640684&moneyType=2&userId=1622
headers  : {
    "User-Agent": "Mozilla/5.0 (Macintosh; Intel Mac OS X 10_15_7) AppleWebKit/537.36 (KHTML, like Gecko) Chrome/98.0.4758.102 Safari/537.36 Edg/98.0.1108.56",
    "Accept-Encoding": "gzip, deflate",
    "Accept": "application/json, text/plain, */*",
    "Connection": "keep-alive",
    "Accept-Language": "zh-CN,zh;q=0.9,en;q=0.8,en-GB;q=0.7,en-US;q=0.6",
    "HRUN-Request-ID": "HRUN-fba0730a-63d6-4284-957d-e249adf4deb0-573533",
    "Cookie": "SESSION=NWU1NGM0YmUtMzlkZi00NjczLTk1ZjItMGIyN2VjMDA5ZDZj; SESSION=response.headers.\"Set-Cookie\".session"
}
cookies  : {
    "SESSION": "NWU1NGM0YmUtMzlkZi00NjczLTk1ZjItMGIyN2VjMDA5ZDZj"
}
body     : None

2023-06-25 18:39:33.674 | DEBUG    | httprunner.client:log_print:40 - 
================== response details ==================
status_code : 200
headers  : {
    "Server": "nginx",
    "Date": "Sun, 25 Jun 2023 10:39:33 GMT",
    "Content-Type": "application/json;charset=UTF-8",
    "Transfer-Encoding": "chunked",
    "X-Frame-Options": "SAMEORIGIN",
    "Connection": "keep-alive"
}
cookies  : {}
encoding : UTF-8
content_type : application/json;charset=UTF-8
body     : {
    "message": "success",
    "status": 1,
    "data": [
        {
            "id": 78,
            "createDate": "2023-05-31 12:51:47",
            "updateDate": "2023-05-31 12:51:47",
            "name": "标准",
            "money": 10000.0,
            "moneyType": 2,
            "prefixCount": 1,
            "remart": "test",
            "entName": null,
            "entUserId": null,
            "ruleType": 2,
            "escrowId": null
        }
    ]
}

2023-06-25 18:39:33.675 | INFO     | httprunner.client:request:217 - status_code: 200, response_time(ms): 138.81 ms, response_length: 0 bytes
2023-06-25 18:39:33.676 | INFO     | httprunner.response:extract:179 - extract mapping: {'annualFeeRuleId': 78}
2023-06-25 18:39:33.677 | INFO     | httprunner.response:validate:249 - assert status_code equal 200(int)	==> pass
2023-06-25 18:39:33.677 | INFO     | httprunner.response:validate:249 - assert body.message equal success(str)	==> pass
2023-06-25 18:39:33.677 | INFO     | httprunner.response:validate:249 - assert body.status equal 1(int)	==> pass
2023-06-25 18:39:33.677 | INFO     | httprunner.runner:__run_step:304 - run step end: 财务规则查询-年费 <<<<<<

2023-06-25 18:39:33.677 | INFO     | httprunner.runner:__run_step_testcase:286 - export variables: {'annualFeeRuleId': 78}
2023-06-25 18:39:33.677 | INFO     | httprunner.runner:__run_step:304 - run step end: 年费 <<<<<<

2023-06-25 18:39:33.677 | INFO     | httprunner.runner:__run_step:292 - run step begin: 前缀管理分页 >>>>>>
2023-06-25 18:39:33.678 | INFO     | httprunner.runner:__run_step:292 - run step begin: 前缀管理分页 >>>>>>
2023-06-25 18:39:33.727 | DEBUG    | httprunner.client:request:186 - client IP: 127.0.0.1, Port: 55293
2023-06-25 18:39:33.727 | DEBUG    | httprunner.client:request:194 - server IP: 127.0.0.1, Port: 8888
2023-06-25 18:39:33.728 | DEBUG    | httprunner.client:log_print:40 - 
================== request details ==================
method   : GET
url      : http://139.198.116.76:8000/api/v3/ent/prefix/manage/pageQuery?cache=1663838231980&currentPage=1&entPrefix=88.408.9527414102&escrowOrgName=&order=&orderProp=
headers  : {
    "User-Agent": "Mozilla/5.0 (Macintosh; Intel Mac OS X 10_15_7) AppleWebKit/537.36 (KHTML, like Gecko) Chrome/98.0.4758.102 Safari/537.36 Edg/98.0.1108.56",
    "Accept-Encoding": "gzip, deflate",
    "Accept": "application/json, text/plain, */*",
    "Connection": "keep-alive",
    "Accept-Language": "zh-CN,zh;q=0.9,en;q=0.8,en-GB;q=0.7,en-US;q=0.6",
    "HRUN-Request-ID": "HRUN-fba0730a-63d6-4284-957d-e249adf4deb0-573678",
    "Cookie": "SESSION=NWU1NGM0YmUtMzlkZi00NjczLTk1ZjItMGIyN2VjMDA5ZDZj; SESSION=response.headers.\"Set-Cookie\".session"
}
cookies  : {
    "SESSION": "NWU1NGM0YmUtMzlkZi00NjczLTk1ZjItMGIyN2VjMDA5ZDZj"
}
body     : None

2023-06-25 18:39:33.729 | DEBUG    | httprunner.client:log_print:40 - 
================== response details ==================
status_code : 200
headers  : {
    "Server": "nginx",
    "Date": "Sun, 25 Jun 2023 10:39:33 GMT",
    "Content-Type": "application/json",
    "Transfer-Encoding": "chunked",
    "X-Frame-Options": "SAMEORIGIN",
    "Connection": "keep-alive"
}
cookies  : {}
encoding : utf-8
content_type : application/json
body     : {
    "message": "success",
    "status": 1,
    "data": {
        "first": true,
        "last": true,
        "totalPages": 0,
        "totalElements": 0,
        "number": 1,
        "size": 10,
        "sort": {
            "sorted": false,
            "unsorted": true,
            "empty": true
        },
        "numberOfElements": 0,
        "content": []
    }
}

2023-06-25 18:39:33.729 | INFO     | httprunner.client:request:217 - status_code: 200, response_time(ms): 48.61 ms, response_length: 0 bytes
2023-06-25 18:39:33.730 | INFO     | httprunner.response:extract:179 - extract mapping: {'userIdPage': None, 'entPrefixPage': None, 'prefixIdPage': None, 'entNameCnPage': None, 'proxyStatePage': None}
2023-06-25 18:39:33.730 | INFO     | httprunner.response:validate:249 - assert status_code equal 200(int)	==> pass
2023-06-25 18:39:33.731 | INFO     | httprunner.response:validate:249 - assert body.message equal success(str)	==> pass
2023-06-25 18:39:33.732 | INFO     | httprunner.runner:__run_step:304 - run step end: 前缀管理分页 <<<<<<

2023-06-25 18:39:33.732 | INFO     | httprunner.runner:__run_step_testcase:286 - export variables: {'entNameCnPage': None, 'proxyStatePage': None, 'userIdPage': None, 'prefixIdPage': None, 'entPrefixPage': None}
2023-06-25 18:39:33.732 | INFO     | httprunner.runner:__run_step:304 - run step end: 前缀管理分页 <<<<<<

2023-06-25 18:39:33.732 | INFO     | httprunner.runner:__run_step:292 - run step begin: 企业审核驳回 >>>>>>
2023-06-25 18:39:33.733 | INFO     | httprunner.runner:__run_step:292 - run step begin: 企业审核驳回 >>>>>>
2023-06-25 18:39:33.904 | DEBUG    | httprunner.client:request:186 - client IP: 127.0.0.1, Port: 55293
2023-06-25 18:39:33.905 | DEBUG    | httprunner.client:request:194 - server IP: 127.0.0.1, Port: 8888
2023-06-25 18:39:33.906 | DEBUG    | httprunner.client:log_print:40 - 
================== request details ==================
method   : POST
url      : http://139.198.116.76:8000/api/v3/ent/audit/save?annualFeeRuleId=78&applyId=1387&auditMsg=%E6%8F%90%E4%BA%A4%E7%9A%84%E8%B5%84%E8%B4%A8%E4%BF%A1%E6%81%AF%E6%9C%89%E8%AF%AF%EF%BC%8C%E9%A9%B3%E5%9B%9E%E7%94%B3%E8%AF%B7&auditResult=fail&entPrefix=88.408.9527414102&regFeeRuleId=77
headers  : {
    "User-Agent": "Mozilla/5.0 (Macintosh; Intel Mac OS X 10_15_7) AppleWebKit/537.36 (KHTML, like Gecko) Chrome/98.0.4758.102 Safari/537.36 Edg/98.0.1108.56",
    "Accept-Encoding": "gzip, deflate",
    "Accept": "application/json, text/plain, */*",
    "Connection": "keep-alive",
    "Accept-Language": "zh-CN,zh;q=0.9,en;q=0.8,en-GB;q=0.7,en-US;q=0.6",
    "Content-Length": "0",
    "HRUN-Request-ID": "HRUN-fba0730a-63d6-4284-957d-e249adf4deb0-573848",
    "Cookie": "SESSION=NWU1NGM0YmUtMzlkZi00NjczLTk1ZjItMGIyN2VjMDA5ZDZj; SESSION=NmM5MzhkY2EtZGVmZC00MWFlLThiYjEtNGFlMmZlNDc1MTEx"
}
cookies  : {
    "SESSION": "NWU1NGM0YmUtMzlkZi00NjczLTk1ZjItMGIyN2VjMDA5ZDZj"
}
body     : None

2023-06-25 18:39:33.906 | DEBUG    | httprunner.client:log_print:40 - 
================== response details ==================
status_code : 200
headers  : {
    "Server": "nginx",
    "Date": "Sun, 25 Jun 2023 10:39:34 GMT",
    "Content-Type": "application/json",
    "Transfer-Encoding": "chunked",
    "X-Frame-Options": "SAMEORIGIN",
    "Connection": "keep-alive"
}
cookies  : {}
encoding : utf-8
content_type : application/json
body     : {
    "message": "success",
    "status": 1,
    "data": true
}

2023-06-25 18:39:33.906 | INFO     | httprunner.client:request:217 - status_code: 200, response_time(ms): 56.13 ms, response_length: 0 bytes
2023-06-25 18:39:33.907 | INFO     | httprunner.response:validate:249 - assert status_code equal 200(int)	==> pass
2023-06-25 18:39:33.907 | INFO     | httprunner.response:validate:249 - assert body.message equal success(str)	==> pass
2023-06-25 18:39:33.908 | INFO     | httprunner.response:validate:249 - assert body.status equal 1(int)	==> pass
2023-06-25 18:39:33.908 | INFO     | httprunner.response:validate:249 - assert body.data equal True(bool)	==> pass
2023-06-25 18:39:33.908 | INFO     | httprunner.runner:__run_step:304 - run step end: 企业审核驳回 <<<<<<

2023-06-25 18:39:33.908 | INFO     | httprunner.runner:__run_step:304 - run step end: 企业审核驳回 <<<<<<

2023-06-25 18:39:33.908 | INFO     | httprunner.runner:__run_step:292 - run step begin: 登录-企业 >>>>>>
2023-06-25 18:39:33.909 | INFO     | httprunner.runner:__run_step:292 - run step begin: 登录-企业用户 >>>>>>
2023-06-25 18:39:33.973 | DEBUG    | httprunner.client:request:186 - client IP: 127.0.0.1, Port: 55293
2023-06-25 18:39:33.973 | DEBUG    | httprunner.client:request:194 - server IP: 127.0.0.1, Port: 8888
2023-06-25 18:39:33.974 | DEBUG    | httprunner.client:log_print:40 - 
================== request details ==================
method   : POST
url      : http://139.198.116.76:8000/api/home/test/login
headers  : {
    "User-Agent": "python-requests/2.28.1",
    "Accept-Encoding": "gzip, deflate, br",
    "Accept": "*/*",
    "Connection": "keep-alive",
    "Content-Length": "170",
    "Content-Type": "application/json",
    "HRUN-Request-ID": "HRUN-fba0730a-63d6-4284-957d-e249adf4deb0-573909",
    "Cookie": "SESSION=NWU1NGM0YmUtMzlkZi00NjczLTk1ZjItMGIyN2VjMDA5ZDZj"
}
cookies  : {
    "SESSION": "NWU1NGM0YmUtMzlkZi00NjczLTk1ZjItMGIyN2VjMDA5ZDZj"
}
body     : {
    "captcha": "0000",
    "captchaSign": "69d5f03b1f36cf31e389f24a91956ccd776d23e0028b2fa321d03bcb50c1f102",
    "emailCaptcha": "",
    "username": "48As4TmIljGK7olrwkAaFucjLMqshFeV"
}

2023-06-25 18:39:33.975 | DEBUG    | httprunner.client:log_print:40 - 
================== response details ==================
status_code : 200
headers  : {
    "Server": "nginx",
    "Date": "Sun, 25 Jun 2023 10:39:34 GMT",
    "Content-Type": "application/json;charset=UTF-8",
    "Transfer-Encoding": "chunked",
    "Set-Cookie": "SESSION=NjZhNmYyMGUtOGUwNy00MGNhLWI3ZTQtZjczYTkxYWFiZTJh; Path=/; HttpOnly; SameSite=Lax",
    "X-Frame-Options": "SAMEORIGIN",
    "Connection": "keep-alive"
}
cookies  : {
    "SESSION": "NjZhNmYyMGUtOGUwNy00MGNhLWI3ZTQtZjczYTkxYWFiZTJh"
}
encoding : UTF-8
content_type : application/json;charset=UTF-8
body     : {
    "message": "success",
    "status": 1,
    "data": true
}

2023-06-25 18:39:33.975 | INFO     | httprunner.client:request:217 - status_code: 200, response_time(ms): 64.03 ms, response_length: 0 bytes
2023-06-25 18:39:33.976 | INFO     | httprunner.response:extract:179 - extract mapping: {'entSession': 'response.headers."Set-Cookie".session'}
2023-06-25 18:39:33.976 | INFO     | httprunner.response:validate:249 - assert status_code equal 200(int)	==> pass
2023-06-25 18:39:33.976 | INFO     | httprunner.response:validate:249 - assert headers."Content-Type" equal application/json;charset=UTF-8(str)	==> pass
2023-06-25 18:39:33.977 | INFO     | httprunner.response:validate:249 - assert body.message equal success(str)	==> pass
2023-06-25 18:39:33.977 | INFO     | httprunner.response:validate:249 - assert body.status equal 1(int)	==> pass
2023-06-25 18:39:33.977 | INFO     | httprunner.response:validate:249 - assert body.data equal True(bool)	==> pass
2023-06-25 18:39:33.977 | INFO     | httprunner.runner:__run_step:304 - run step end: 登录-企业用户 <<<<<<

2023-06-25 18:39:33.977 | INFO     | httprunner.runner:__run_step_testcase:286 - export variables: {'entSession': 'response.headers."Set-Cookie".session'}
2023-06-25 18:39:33.977 | INFO     | httprunner.runner:__run_step:304 - run step end: 登录-企业 <<<<<<

2023-06-25 18:39:33.978 | INFO     | httprunner.runner:__run_step:292 - run step begin: 企业查看申请状态 >>>>>>
2023-06-25 18:39:33.978 | INFO     | httprunner.runner:__run_step:292 - run step begin: 企业注册查询注册信息 >>>>>>
2023-06-25 18:39:34.086 | DEBUG    | httprunner.client:request:186 - client IP: 127.0.0.1, Port: 55293
2023-06-25 18:39:34.087 | DEBUG    | httprunner.client:request:194 - server IP: 127.0.0.1, Port: 8888
2023-06-25 18:39:34.087 | DEBUG    | httprunner.client:log_print:40 - 
================== request details ==================
method   : GET
url      : http://139.198.116.76:8000/api/v3/entApply/applyOrNot?isSensetive=1
headers  : {
    "User-Agent": "Mozilla/5.0 (Macintosh; Intel Mac OS X 10_15_7) AppleWebKit/537.36 (KHTML, like Gecko) Chrome/105.0.0.0 Safari/537.36",
    "Accept-Encoding": "gzip, deflate",
    "Accept": "application/json, text/plain, */*",
    "Connection": "keep-alive",
    "Accept-Language": "zh-CN,zh;q=0.9",
    "HRUN-Request-ID": "HRUN-fba0730a-63d6-4284-957d-e249adf4deb0-573978",
    "Cookie": "SESSION=NjZhNmYyMGUtOGUwNy00MGNhLWI3ZTQtZjczYTkxYWFiZTJh; SESSION=response.headers.\"Set-Cookie\".session"
}
cookies  : {
    "SESSION": "NjZhNmYyMGUtOGUwNy00MGNhLWI3ZTQtZjczYTkxYWFiZTJh"
}
body     : None

2023-06-25 18:39:34.089 | DEBUG    | httprunner.client:log_print:40 - 
================== response details ==================
status_code : 200
headers  : {
    "Server": "nginx",
    "Date": "Sun, 25 Jun 2023 10:39:34 GMT",
    "Content-Type": "application/json;charset=UTF-8",
    "Transfer-Encoding": "chunked",
    "X-Frame-Options": "SAMEORIGIN",
    "Connection": "keep-alive"
}
cookies  : {}
encoding : UTF-8
content_type : application/json;charset=UTF-8
body     : {
    "message": "success",
    "status": 1,
    "data": {
        "nbmsEntApplyPO": {
            "id": 1387,
            "createDate": "2023-06-25 18:39:33",
            "updateDate": "2023-06-25 18:39:34",
            "applyType": 1,
            "entGeneralId": null,
            "applyStep": 4,
            "isSubmit": 1,
            "entPrefix": "88.408.9527414102",
            "firstAuditStatus": 3,
            "firstAuditMsg": "提交的资质信息有误，驳回申请",
            "thirdServiceStatus": 3,
            "thirdServiceMsg": null,
            "userName": "48As4TmIljGK7olrwkAaFucjLMqshFeV",
            "finalAuditStatus": null,
            "finalAuditMsg": null,
            "svtrid": null,
            "cltrid": null,
            "userId": 1622,
            "orgName": "48As4TmIljGK7olrwkAaFucjLMqshFeV",
            "orgNature": "1",
            "orgAddrProvince": "110000",
            "orgAddrCity": "110100",
            "orgAddrCounty": "110101",
            "orgAddr": "致真",
            "orgCrtType": "1",
            "orgCrtCode": "48As4TmIljGK7olrwkAaFucjLMqshFeV",
            "legalName": "*三",
            "legalCrtType": "1",
            "legalCrtNo": "**************1816",
            "orgDesc": null,
            "industryCategory": "A",
            "industrySpecific": "01",
            "contactName": "******************************eV",
            "contactPhone": "188****2362",
            "contactCrtType": 1,
            "contactCrtNo": "**************1816",
            "contactEmail": "vCk*************@qaqseq.com",
            "website": null,
            "regAuthority": null,
            "regCapital": null,
            "establishDate": null,
            "periodValidity": null,
            "legalEmail": null,
            "legalPhone": null,
            "legalFax": null,
            "servSysBuildType": 1,
            "servSysBuildName": null,
            "servSysOperType": 1,
            "servSysOperName": null,
            "dataHostingOrg": null,
            "servHostingOrg": null,
            "regRealNaImpType": null,
            "regRealNaImpName": null,
            "idRegNaImp": null,
            "extWebName": null,
            "extDomain": null,
            "extIpAddr": null,
            "orgCrtImgRid": 2728,
            "contactCrtFrontImgRid": 2729,
            "contactCrtBackImgRid": 2730,
            "legalCrtFrontImgRid": 2729,
            "legalCrtBackImgRid": 2730,
            "servSysBuildContractFileRid": null,
            "servSysOperContractFileRid": null,
            "dataHostingContractFileRid": null,
            "servHostingContractFileRid": null,
            "entInfoLicenses": [],
            "entInfoSyss": [
                {
                    "id": 3412,
                    "entApplyId": 1387,
                    "sysType": 1,
                    "deployMode": 1,
                    "deployAddr": "致真",
                    "deployAddrProvince": "110000",
                    "deployAddrCity": "110100",
                    "deployAddrCounty": "110101",
                    "name": null,
                    "ipPort": null
                },
                {
                    "id": 3413,
                    "entApplyId": 1387,
                    "sysType": 2,
                    "deployMode": 1,
                    "deployAddr": "致真",
                    "deployAddrProvince": "110000",
                    "deployAddrCity": "110100",
                    "deployAddrCounty": "110101",
                    "name": null,
                    "ipPort": null
                },
                {
                    "id": 3414,
                    "entApplyId": 1387,
                    "sysType": 3,
                    "deployMode": 1,
                    "deployAddr": "天津",
                    "deployAddrProvince": "120000",
                    "deployAddrCity": "120100",
                    "deployAddrCounty": "120101",
                    "name": null,
                    "ipPort": null
                },
                {
                    "id": 3415,
                    "entApplyId": 1387,
                    "sysType": 4,
                    "deployMode": 1,
                    "deployAddr": "天津",
                    "deployAddrProvince": "120000",
                    "deployAddrCity": "120100",
                    "deployAddrCounty": "120101",
                    "name": null,
                    "ipPort": null
                }
            ],
            "entInfoSerIndustrys": [],
            "escrowId": null,
            "industryQualificationRid": null,
            "certificationRid": null,
            "openingBank": null,
            "bankCard": null,
            "verificationName": null,
            "orgNatureDesc": "国有控股",
            "orgCrtImgContent": null,
            "orgCategorySpecificDesc": "农、林、牧、渔业-农业",
            "orgAddrProvinceDesc": "北京市",
            "orgAddrCountyDesc": "东城区",
            "orgAddrCityDesc": "市辖区",
            "legalCrtTypeDesc": "中国居民身份证",
            "legalCrtFrontImgContent": null,
            "legalCrtBackImgContent": null,
            "orgCrtImgPath": "962342e5-4596-4d36-8336-57d4e367f714.jpeg",
            "contactCrtFrontImgPath": "6bd02538-c8b3-4d56-9c4a-18b3227070d9.jpeg",
            "contactCrtBackImgPath": "d9d57eb3-6b5b-4e87-8377-0592e8f0b846.jpeg",
            "legalCrtFrontImgPath": "6bd02538-c8b3-4d56-9c4a-18b3227070d9.jpeg",
            "legalCrtBackImgPath": "d9d57eb3-6b5b-4e87-8377-0592e8f0b846.jpeg",
            "servSysBuildContractFilePath": null,
            "servSysOperContractFilePath": null,
            "dataHostingContractFilePath": null,
            "servHostingContractFilePath": null,
            "industryQualificationFilePath": null,
            "certificationFilePath": null,
            "escrowOrgName": null
        },
        "nbmsEntPO": null,
        "nbmsEntPrefixApplyPO": null,
        "needRelog": null,
        "applyStatus": 3
    }
}

2023-06-25 18:39:34.089 | INFO     | httprunner.client:request:217 - status_code: 200, response_time(ms): 108.03 ms, response_length: 0 bytes
2023-06-25 18:39:34.090 | INFO     | httprunner.response:validate:249 - assert status_code equal 200(int)	==> pass
2023-06-25 18:39:34.090 | INFO     | httprunner.response:validate:249 - assert body.message equal success(str)	==> pass
2023-06-25 18:39:34.090 | INFO     | httprunner.response:validate:249 - assert body.data.nbmsEntApplyPO.firstAuditStatus equal 3(int)	==> pass
2023-06-25 18:39:34.090 | INFO     | httprunner.response:validate:249 - assert body.data.nbmsEntApplyPO.firstAuditMsg equal 提交的资质信息有误，驳回申请(str)	==> pass
2023-06-25 18:39:34.090 | INFO     | httprunner.runner:__run_step:304 - run step end: 企业注册查询注册信息 <<<<<<

2023-06-25 18:39:34.090 | INFO     | httprunner.runner:__run_step:304 - run step end: 企业查看申请状态 <<<<<<

