2023-06-16 17:06:55.590 | INFO     | httprunner.runner:test_start:450 - Start to run testcase: 前缀审核列表-查询驳回状态, TestCase ID: ff7f6a2f-6a3e-47ce-9a25-d1932476d266
2023-06-16 17:06:55.591 | INFO     | httprunner.runner:__run_step:292 - run step begin: 用户注册 >>>>>>
2023-06-16 17:06:55.591 | INFO     | httprunner.runner:__run_step:292 - run step begin: 用户注册 >>>>>>
2023-06-16 17:06:55.702 | DEBUG    | httprunner.client:request:186 - client IP: 127.0.0.1, Port: 64208
2023-06-16 17:06:55.702 | DEBUG    | httprunner.client:request:194 - server IP: 127.0.0.1, Port: 8888
2023-06-16 17:06:55.702 | DEBUG    | httprunner.client:log_print:40 - 
================== request details ==================
method   : POST
url      : http://139.198.116.76:8000/api/home/test/registry
headers  : {
    "User-Agent": "Mozilla/5.0 (Windows NT 10.0; WOW64) AppleWebKit/537.36 (KHTML, like Gecko) Chrome/100.0.4896.60 Safari/537.36",
    "Accept-Encoding": "gzip, deflate",
    "Accept": "application/json, text/plain, */*",
    "Connection": "keep-alive",
    "Accept-Language": "zh-CN,zh;q=0.9",
    "HRUN-Request-ID": "HRUN-ff7f6a2f-6a3e-47ce-9a25-d1932476d266-415591",
    "Content-Length": "187",
    "Content-Type": "application/json"
}
cookies  : {}
body     : {
    "email": "t0NDTU2vAx7Xo9Vg@qaqseq.com",
    "mobile": "17544680584",
    "openId": "",
    "openUserName": "",
    "password": "Admin@123",
    "remarks": "",
    "username": "xSfZWQ4jOrT4WjG5QWhU3Hysq7hhtr1O"
}

2023-06-16 17:06:55.702 | DEBUG    | httprunner.client:log_print:40 - 
================== response details ==================
status_code : 200
headers  : {
    "Server": "nginx",
    "Date": "Fri, 16 Jun 2023 09:06:55 GMT",
    "Content-Type": "application/json",
    "Transfer-Encoding": "chunked",
    "X-Frame-Options": "SAMEORIGIN",
    "Connection": "keep-alive"
}
cookies  : {}
encoding : utf-8
content_type : application/json
body     : {
    "message": "success",
    "status": 1,
    "data": true
}

2023-06-16 17:06:55.702 | INFO     | httprunner.client:request:217 - status_code: 200, response_time(ms): 110.16 ms, response_length: 0 bytes
2023-06-16 17:06:55.702 | INFO     | httprunner.response:validate:249 - assert status_code equal 200(int)	==> pass
2023-06-16 17:06:55.702 | INFO     | httprunner.response:validate:249 - assert body.message equal success(str)	==> pass
2023-06-16 17:06:55.703 | INFO     | httprunner.response:validate:249 - assert body.status equal 1(int)	==> pass
2023-06-16 17:06:55.703 | INFO     | httprunner.response:validate:249 - assert body.message contains success(str)	==> pass
2023-06-16 17:06:55.703 | INFO     | httprunner.response:validate:249 - assert body.status contained_by [1, 200](list)	==> pass
2023-06-16 17:06:55.703 | INFO     | httprunner.runner:__run_step:304 - run step end: 用户注册 <<<<<<

2023-06-16 17:06:55.703 | INFO     | httprunner.runner:__run_step:304 - run step end: 用户注册 <<<<<<

2023-06-16 17:06:55.703 | INFO     | httprunner.runner:__run_step:292 - run step begin: 登录-企业 >>>>>>
2023-06-16 17:06:55.703 | INFO     | httprunner.runner:__run_step:292 - run step begin: 登录-企业用户 >>>>>>
2023-06-16 17:06:55.768 | DEBUG    | httprunner.client:request:186 - client IP: 127.0.0.1, Port: 64208
2023-06-16 17:06:55.768 | DEBUG    | httprunner.client:request:194 - server IP: 127.0.0.1, Port: 8888
2023-06-16 17:06:55.768 | DEBUG    | httprunner.client:log_print:40 - 
================== request details ==================
method   : POST
url      : http://139.198.116.76:8000/api/home/test/login
headers  : {
    "User-Agent": "python-requests/2.28.1",
    "Accept-Encoding": "gzip, deflate, br",
    "Accept": "*/*",
    "Connection": "keep-alive",
    "Content-Length": "170",
    "Content-Type": "application/json",
    "HRUN-Request-ID": "HRUN-ff7f6a2f-6a3e-47ce-9a25-d1932476d266-415703"
}
cookies  : {}
body     : {
    "captcha": "0000",
    "captchaSign": "81fcec4f441355689130db2f530316443c7d1c3a6690afde22ef8cb95e3a4578",
    "emailCaptcha": "",
    "username": "xSfZWQ4jOrT4WjG5QWhU3Hysq7hhtr1O"
}

2023-06-16 17:06:55.768 | DEBUG    | httprunner.client:log_print:40 - 
================== response details ==================
status_code : 200
headers  : {
    "Server": "nginx",
    "Date": "Fri, 16 Jun 2023 09:06:55 GMT",
    "Content-Type": "application/json;charset=UTF-8",
    "Transfer-Encoding": "chunked",
    "Set-Cookie": "SESSION=ZjEyMDc1MjMtNGVkMi00YjAwLTk2NDktZGYxMjZmOTk5NGQw; Path=/; HttpOnly; SameSite=Lax",
    "X-Frame-Options": "SAMEORIGIN",
    "Connection": "keep-alive"
}
cookies  : {
    "SESSION": "ZjEyMDc1MjMtNGVkMi00YjAwLTk2NDktZGYxMjZmOTk5NGQw"
}
encoding : UTF-8
content_type : application/json;charset=UTF-8
body     : {
    "message": "success",
    "status": 1,
    "data": true
}

2023-06-16 17:06:55.768 | INFO     | httprunner.client:request:217 - status_code: 200, response_time(ms): 64.38 ms, response_length: 0 bytes
2023-06-16 17:06:55.769 | INFO     | httprunner.response:extract:179 - extract mapping: {'entSession': 'response.headers."Set-Cookie".session'}
2023-06-16 17:06:55.769 | INFO     | httprunner.response:validate:249 - assert status_code equal 200(int)	==> pass
2023-06-16 17:06:55.769 | INFO     | httprunner.response:validate:249 - assert headers."Content-Type" equal application/json;charset=UTF-8(str)	==> pass
2023-06-16 17:06:55.769 | INFO     | httprunner.response:validate:249 - assert body.message equal success(str)	==> pass
2023-06-16 17:06:55.769 | INFO     | httprunner.response:validate:249 - assert body.status equal 1(int)	==> pass
2023-06-16 17:06:55.769 | INFO     | httprunner.response:validate:249 - assert body.data equal True(bool)	==> pass
2023-06-16 17:06:55.769 | INFO     | httprunner.runner:__run_step:304 - run step end: 登录-企业用户 <<<<<<

2023-06-16 17:06:55.769 | INFO     | httprunner.runner:__run_step_testcase:286 - export variables: {'entSession': 'response.headers."Set-Cookie".session'}
2023-06-16 17:06:55.769 | INFO     | httprunner.runner:__run_step:304 - run step end: 登录-企业 <<<<<<

2023-06-16 17:06:55.769 | INFO     | httprunner.runner:__run_step:292 - run step begin: 前缀注册企业资质图片上传 >>>>>>
2023-06-16 17:06:55.770 | INFO     | httprunner.runner:__run_step:292 - run step begin: 前缀注册企业资质图片上传 >>>>>>
2023-06-16 17:06:55.892 | DEBUG    | httprunner.client:request:186 - client IP: 127.0.0.1, Port: 64208
2023-06-16 17:06:55.893 | DEBUG    | httprunner.client:request:194 - server IP: 127.0.0.1, Port: 8888
2023-06-16 17:06:55.893 | DEBUG    | httprunner.client:log_print:40 - 
================== request details ==================
method   : POST
url      : http://139.198.116.76:8000/api/file/img/upload
headers  : {
    "User-Agent": "Mozilla/5.0 (Macintosh; Intel Mac OS X 10_15_7) AppleWebKit/537.36 (KHTML, like Gecko) Chrome/105.0.0.0 Safari/537.36",
    "Accept-Encoding": "gzip, deflate",
    "Accept": "application/json, text/plain, */*",
    "Connection": "keep-alive",
    "Accept-Language": "zh-CN,zh;q=0.9",
    "Content-Type": "multipart/form-data; boundary=53623f1ed18b4243a15264e03e5936de",
    "HRUN-Request-ID": "HRUN-ff7f6a2f-6a3e-47ce-9a25-d1932476d266-415771",
    "Cookie": "SESSION=ZjEyMDc1MjMtNGVkMi00YjAwLTk2NDktZGYxMjZmOTk5NGQw; SESSION=response.headers.\"Set-Cookie\".session",
    "Content-Length": "20435"
}
cookies  : {
    "SESSION": "ZjEyMDc1MjMtNGVkMi00YjAwLTk2NDktZGYxMjZmOTk5NGQw"
}
body     : upload file stream (OMITTED)

2023-06-16 17:06:55.894 | DEBUG    | httprunner.client:log_print:40 - 
================== response details ==================
status_code : 200
headers  : {
    "Server": "nginx",
    "Date": "Fri, 16 Jun 2023 09:06:55 GMT",
    "Content-Type": "application/json;charset=UTF-8",
    "Transfer-Encoding": "chunked",
    "X-Frame-Options": "SAMEORIGIN",
    "Connection": "keep-alive"
}
cookies  : {}
encoding : UTF-8
content_type : application/json;charset=UTF-8
body     : {
    "message": "success",
    "status": 1,
    "data": {
        "id": 2390,
        "path": "e6bffcf1-9078-4676-9beb-431229cb3c2c.jpeg"
    }
}

2023-06-16 17:06:55.895 | INFO     | httprunner.client:request:217 - status_code: 200, response_time(ms): 120.89 ms, response_length: 0 bytes
2023-06-16 17:06:55.895 | INFO     | httprunner.response:extract:179 - extract mapping: {'imgId': 2390}
2023-06-16 17:06:55.895 | INFO     | httprunner.response:validate:249 - assert status_code equal 200(int)	==> pass
2023-06-16 17:06:55.896 | INFO     | httprunner.runner:__run_step:304 - run step end: 前缀注册企业资质图片上传 <<<<<<

2023-06-16 17:06:55.896 | INFO     | httprunner.runner:__run_step_testcase:286 - export variables: {'imgId': 2390}
2023-06-16 17:06:55.896 | INFO     | httprunner.runner:__run_step:304 - run step end: 前缀注册企业资质图片上传 <<<<<<

2023-06-16 17:06:55.897 | INFO     | httprunner.runner:__run_step:292 - run step begin: 前缀注册企业联系人身份证图片正面上传 >>>>>>
2023-06-16 17:06:55.897 | INFO     | httprunner.runner:__run_step:292 - run step begin: 前缀注册企业联系人身份证图片背面上传 >>>>>>
2023-06-16 17:06:56.019 | DEBUG    | httprunner.client:request:186 - client IP: 127.0.0.1, Port: 64208
2023-06-16 17:06:56.019 | DEBUG    | httprunner.client:request:194 - server IP: 127.0.0.1, Port: 8888
2023-06-16 17:06:56.020 | DEBUG    | httprunner.client:log_print:40 - 
================== request details ==================
method   : POST
url      : http://139.198.116.76:8000/api/file/img/upload
headers  : {
    "User-Agent": "Mozilla/5.0 (Macintosh; Intel Mac OS X 10_15_7) AppleWebKit/537.36 (KHTML, like Gecko) Chrome/105.0.0.0 Safari/537.36",
    "Accept-Encoding": "gzip, deflate",
    "Accept": "application/json, text/plain, */*",
    "Connection": "keep-alive",
    "Accept-Language": "zh-CN,zh;q=0.9",
    "Content-Type": "multipart/form-data; boundary=ab433ee2430942a5b9403df81975611b",
    "HRUN-Request-ID": "HRUN-ff7f6a2f-6a3e-47ce-9a25-d1932476d266-415897",
    "Cookie": "SESSION=ZjEyMDc1MjMtNGVkMi00YjAwLTk2NDktZGYxMjZmOTk5NGQw; SESSION=response.headers.\"Set-Cookie\".session",
    "Content-Length": "20435"
}
cookies  : {
    "SESSION": "ZjEyMDc1MjMtNGVkMi00YjAwLTk2NDktZGYxMjZmOTk5NGQw"
}
body     : upload file stream (OMITTED)

2023-06-16 17:06:56.021 | DEBUG    | httprunner.client:log_print:40 - 
================== response details ==================
status_code : 200
headers  : {
    "Server": "nginx",
    "Date": "Fri, 16 Jun 2023 09:06:56 GMT",
    "Content-Type": "application/json;charset=UTF-8",
    "Transfer-Encoding": "chunked",
    "X-Frame-Options": "SAMEORIGIN",
    "Connection": "keep-alive"
}
cookies  : {}
encoding : UTF-8
content_type : application/json;charset=UTF-8
body     : {
    "message": "success",
    "status": 1,
    "data": {
        "id": 2391,
        "path": "9c9e1dd1-f221-49ef-a55c-ff22fbd98e22.jpeg"
    }
}

2023-06-16 17:06:56.022 | INFO     | httprunner.client:request:217 - status_code: 200, response_time(ms): 120.94 ms, response_length: 0 bytes
2023-06-16 17:06:56.022 | INFO     | httprunner.response:extract:179 - extract mapping: {'imgId_f': 2391}
2023-06-16 17:06:56.023 | INFO     | httprunner.response:validate:249 - assert status_code equal 200(int)	==> pass
2023-06-16 17:06:56.023 | INFO     | httprunner.runner:__run_step:304 - run step end: 前缀注册企业联系人身份证图片背面上传 <<<<<<

2023-06-16 17:06:56.024 | INFO     | httprunner.runner:__run_step_testcase:286 - export variables: {'imgId_f': 2391}
2023-06-16 17:06:56.024 | INFO     | httprunner.runner:__run_step:304 - run step end: 前缀注册企业联系人身份证图片正面上传 <<<<<<

2023-06-16 17:06:56.024 | INFO     | httprunner.runner:__run_step:292 - run step begin: 前缀注册企业联系人身份证图片背面上传 >>>>>>
2023-06-16 17:06:56.024 | INFO     | httprunner.runner:__run_step:292 - run step begin: 前缀注册企业联系人身份证图片背面上传 >>>>>>
2023-06-16 17:06:56.124 | DEBUG    | httprunner.client:request:186 - client IP: 127.0.0.1, Port: 64208
2023-06-16 17:06:56.124 | DEBUG    | httprunner.client:request:194 - server IP: 127.0.0.1, Port: 8888
2023-06-16 17:06:56.125 | DEBUG    | httprunner.client:log_print:40 - 
================== request details ==================
method   : POST
url      : http://139.198.116.76:8000/api/file/img/upload
headers  : {
    "User-Agent": "Mozilla/5.0 (Macintosh; Intel Mac OS X 10_15_7) AppleWebKit/537.36 (KHTML, like Gecko) Chrome/105.0.0.0 Safari/537.36",
    "Accept-Encoding": "gzip, deflate",
    "Accept": "application/json, text/plain, */*",
    "Connection": "keep-alive",
    "Accept-Language": "zh-CN,zh;q=0.9",
    "Content-Type": "multipart/form-data; boundary=0a799c024a6b4142ae6a71258f8c3485",
    "HRUN-Request-ID": "HRUN-ff7f6a2f-6a3e-47ce-9a25-d1932476d266-416024",
    "Cookie": "SESSION=ZjEyMDc1MjMtNGVkMi00YjAwLTk2NDktZGYxMjZmOTk5NGQw; SESSION=response.headers.\"Set-Cookie\".session",
    "Content-Length": "20435"
}
cookies  : {
    "SESSION": "ZjEyMDc1MjMtNGVkMi00YjAwLTk2NDktZGYxMjZmOTk5NGQw"
}
body     : upload file stream (OMITTED)

2023-06-16 17:06:56.127 | DEBUG    | httprunner.client:log_print:40 - 
================== response details ==================
status_code : 200
headers  : {
    "Server": "nginx",
    "Date": "Fri, 16 Jun 2023 09:06:56 GMT",
    "Content-Type": "application/json;charset=UTF-8",
    "Transfer-Encoding": "chunked",
    "X-Frame-Options": "SAMEORIGIN",
    "Connection": "keep-alive"
}
cookies  : {}
encoding : UTF-8
content_type : application/json;charset=UTF-8
body     : {
    "message": "success",
    "status": 1,
    "data": {
        "id": 2392,
        "path": "6e4c1065-33d7-48c7-bd1a-ddadfd726820.jpeg"
    }
}

2023-06-16 17:06:56.127 | INFO     | httprunner.client:request:217 - status_code: 200, response_time(ms): 99.13 ms, response_length: 0 bytes
2023-06-16 17:06:56.127 | INFO     | httprunner.response:extract:179 - extract mapping: {'imgId_b': 2392}
2023-06-16 17:06:56.128 | INFO     | httprunner.response:validate:249 - assert status_code equal 200(int)	==> pass
2023-06-16 17:06:56.128 | INFO     | httprunner.runner:__run_step:304 - run step end: 前缀注册企业联系人身份证图片背面上传 <<<<<<

2023-06-16 17:06:56.128 | INFO     | httprunner.runner:__run_step_testcase:286 - export variables: {'imgId_b': 2392}
2023-06-16 17:06:56.129 | INFO     | httprunner.runner:__run_step:304 - run step end: 前缀注册企业联系人身份证图片背面上传 <<<<<<

2023-06-16 17:06:56.129 | INFO     | httprunner.runner:__run_step:292 - run step begin: 企业注册第一步提交信息 >>>>>>
2023-06-16 17:06:56.129 | INFO     | httprunner.runner:__run_step:292 - run step begin: 企业注册第一步提交信息 >>>>>>
2023-06-16 17:06:56.353 | DEBUG    | httprunner.client:request:186 - client IP: 127.0.0.1, Port: 64208
2023-06-16 17:06:56.353 | DEBUG    | httprunner.client:request:194 - server IP: 127.0.0.1, Port: 8888
2023-06-16 17:06:56.355 | DEBUG    | httprunner.client:log_print:40 - 
================== request details ==================
method   : POST
url      : http://139.198.116.76:8000/api/v3/entApply/basicInfo/submit
headers  : {
    "User-Agent": "Mozilla/5.0 (Macintosh; Intel Mac OS X 10_15_7) AppleWebKit/537.36 (KHTML, like Gecko) Chrome/105.0.0.0 Safari/537.36",
    "Accept-Encoding": "gzip, deflate",
    "Accept": "application/json, text/plain, */*",
    "Connection": "keep-alive",
    "Accept-Language": "zh-CN,zh;q=0.9",
    "Content-Type": "application/json;charset=UTF-8",
    "HRUN-Request-ID": "HRUN-ff7f6a2f-6a3e-47ce-9a25-d1932476d266-416129",
    "Cookie": "SESSION=ZjEyMDc1MjMtNGVkMi00YjAwLTk2NDktZGYxMjZmOTk5NGQw; SESSION=response.headers.\"Set-Cookie\".session",
    "Content-Length": "2555"
}
cookies  : {
    "SESSION": "ZjEyMDc1MjMtNGVkMi00YjAwLTk2NDktZGYxMjZmOTk5NGQw"
}
body     : {
    "applyStep": 2,
    "applyType": null,
    "area": [
        "110000",
        "110100",
        "110101"
    ],
    "cltrid": null,
    "contactCrtBackImgPath": null,
    "contactCrtBackImgRid": 2392,
    "contactCrtFrontImgPath": null,
    "contactCrtFrontImgRid": 2391,
    "contactCrtNo": "152080197408238834",
    "contactCrtType": 1,
    "contactEmail": "t0NDTU2vAx7Xo9Vg@qaqseq.com",
    "contactName": "xSfZWQ4jOrT4WjG5QWhU3Hysq7hhtr1O",
    "contactPhone": "17544680584",
    "createDate": null,
    "dataHostingContractFilePath": null,
    "dataHostingContractFileRid": null,
    "dataHostingOrg": null,
    "entGeneralId": null,
    "entInfoLicenses": [],
    "entInfoSerIndustrys": [],
    "entPrefix": "88.408.2672559479",
    "escrowId": null,
    "escrowOrgName": null,
    "establishDate": null,
    "extDomain": null,
    "extIpAddr": null,
    "extWebName": null,
    "finalAuditMsg": null,
    "finalAuditStatus": null,
    "firstAuditMsg": null,
    "firstAuditStatus": null,
    "id": null,
    "idRegNaImp": null,
    "industry": [
        "A",
        "01"
    ],
    "industryCategory": "A",
    "industrySpecific": "01",
    "isSubmit": 0,
    "legalCrtBackImgContent": null,
    "legalCrtBackImgPath": null,
    "legalCrtBackImgRid": 2392,
    "legalCrtFrontImgContent": null,
    "legalCrtFrontImgPath": null,
    "legalCrtFrontImgRid": 2391,
    "legalCrtNo": "152080197408238834",
    "legalCrtType": "1",
    "legalCrtTypeDesc": "中国居民身份证",
    "legalEmail": null,
    "legalFax": null,
    "legalName": "张三",
    "legalPhone": null,
    "orgAddr": "致真",
    "orgAddrCity": "110100",
    "orgAddrCityDesc": "市辖区",
    "orgAddrCounty": "110101",
    "orgAddrCountyDesc": "东城区",
    "orgAddrProvince": "110000",
    "orgAddrProvinceDesc": "北京市",
    "orgCategorySpecificDesc": "农、林、牧、渔业-农业",
    "orgCrtCode": "xSfZWQ4jOrT4WjG5QWhU3Hysq7hhtr1O",
    "orgCrtImgContent": null,
    "orgCrtImgPath": null,
    "orgCrtImgRid": 2390,
    "orgCrtType": "1",
    "orgDesc": null,
    "orgName": "xSfZWQ4jOrT4WjG5QWhU3Hysq7hhtr1O",
    "orgNature": "1",
    "orgNatureDesc": "国有控股",
    "periodValidity": null,
    "regAuthority": null,
    "regCapital": null,
    "regRealNaImpName": null,
    "regRealNaImpType": null,
    "servHostingContractFilePath": null,
    "servHostingContractFileRid": null,
    "servHostingOrg": null,
    "servSysBuildContractFilePath": null,
    "servSysBuildContractFileRid": null,
    "servSysBuildName": null,
    "servSysBuildType": 1,
    "servSysOperContractFilePath": null,
    "servSysOperContractFileRid": null,
    "servSysOperName": null,
    "servSysOperType": 1,
    "svtrid": null,
    "thirdServiceMsg": null,
    "thirdServiceStatus": null,
    "updateDate": null,
    "userId": null,
    "userName": null,
    "website": null
}

2023-06-16 17:06:56.355 | DEBUG    | httprunner.client:log_print:40 - 
================== response details ==================
status_code : 200
headers  : {
    "Server": "nginx",
    "Date": "Fri, 16 Jun 2023 09:06:56 GMT",
    "Content-Type": "application/json;charset=UTF-8",
    "Transfer-Encoding": "chunked",
    "X-Frame-Options": "SAMEORIGIN",
    "Connection": "keep-alive"
}
cookies  : {}
encoding : UTF-8
content_type : application/json;charset=UTF-8
body     : {
    "message": "success",
    "status": 1,
    "data": true
}

2023-06-16 17:06:56.356 | INFO     | httprunner.client:request:217 - status_code: 200, response_time(ms): 223.36 ms, response_length: 0 bytes
2023-06-16 17:06:56.356 | INFO     | httprunner.response:validate:249 - assert status_code equal 200(int)	==> pass
2023-06-16 17:06:56.356 | INFO     | httprunner.response:validate:249 - assert body.message equal success(str)	==> pass
2023-06-16 17:06:56.357 | INFO     | httprunner.runner:__run_step:304 - run step end: 企业注册第一步提交信息 <<<<<<

2023-06-16 17:06:56.357 | INFO     | httprunner.runner:__run_step:304 - run step end: 企业注册第一步提交信息 <<<<<<

2023-06-16 17:06:56.357 | INFO     | httprunner.runner:__run_step:292 - run step begin: 企业注册查询注册信息 >>>>>>
2023-06-16 17:06:56.358 | INFO     | httprunner.runner:__run_step:292 - run step begin: 企业注册查询注册信息 >>>>>>
2023-06-16 17:06:56.435 | DEBUG    | httprunner.client:request:186 - client IP: 127.0.0.1, Port: 64208
2023-06-16 17:06:56.436 | DEBUG    | httprunner.client:request:194 - server IP: 127.0.0.1, Port: 8888
2023-06-16 17:06:56.436 | DEBUG    | httprunner.client:log_print:40 - 
================== request details ==================
method   : GET
url      : http://139.198.116.76:8000/api/v3/entApply/applyOrNot
headers  : {
    "User-Agent": "Mozilla/5.0 (Macintosh; Intel Mac OS X 10_15_7) AppleWebKit/537.36 (KHTML, like Gecko) Chrome/105.0.0.0 Safari/537.36",
    "Accept-Encoding": "gzip, deflate",
    "Accept": "application/json, text/plain, */*",
    "Connection": "keep-alive",
    "Accept-Language": "zh-CN,zh;q=0.9",
    "HRUN-Request-ID": "HRUN-ff7f6a2f-6a3e-47ce-9a25-d1932476d266-416358",
    "Cookie": "SESSION=ZjEyMDc1MjMtNGVkMi00YjAwLTk2NDktZGYxMjZmOTk5NGQw; SESSION=response.headers.\"Set-Cookie\".session"
}
cookies  : {
    "SESSION": "ZjEyMDc1MjMtNGVkMi00YjAwLTk2NDktZGYxMjZmOTk5NGQw"
}
body     : None

2023-06-16 17:06:56.437 | DEBUG    | httprunner.client:log_print:40 - 
================== response details ==================
status_code : 200
headers  : {
    "Server": "nginx",
    "Date": "Fri, 16 Jun 2023 09:06:56 GMT",
    "Content-Type": "application/json;charset=UTF-8",
    "Transfer-Encoding": "chunked",
    "X-Frame-Options": "SAMEORIGIN",
    "Connection": "keep-alive"
}
cookies  : {}
encoding : UTF-8
content_type : application/json;charset=UTF-8
body     : {
    "message": "success",
    "status": 1,
    "data": {
        "nbmsEntApplyPO": {
            "id": 1217,
            "createDate": "2023-06-16 17:06:56",
            "updateDate": "2023-06-16 17:06:56",
            "applyType": null,
            "entGeneralId": null,
            "applyStep": 2,
            "isSubmit": 0,
            "entPrefix": "88.408.2672559479",
            "firstAuditStatus": null,
            "firstAuditMsg": null,
            "thirdServiceStatus": null,
            "thirdServiceMsg": null,
            "userName": "xSfZWQ4jOrT4WjG5QWhU3Hysq7hhtr1O",
            "finalAuditStatus": null,
            "finalAuditMsg": null,
            "svtrid": null,
            "cltrid": null,
            "userId": 1442,
            "orgName": "xSfZWQ4jOrT4WjG5QWhU3Hysq7hhtr1O",
            "orgNature": "1",
            "orgAddrProvince": "110000",
            "orgAddrCity": "110100",
            "orgAddrCounty": "110101",
            "orgAddr": "致真",
            "orgCrtType": "1",
            "orgCrtCode": "xSfZWQ4jOrT4WjG5QWhU3Hysq7hhtr1O",
            "legalName": "张三",
            "legalCrtType": "1",
            "legalCrtNo": "152080197408238834",
            "orgDesc": null,
            "industryCategory": "A",
            "industrySpecific": "01",
            "contactName": "xSfZWQ4jOrT4WjG5QWhU3Hysq7hhtr1O",
            "contactPhone": "17544680584",
            "contactCrtType": 1,
            "contactCrtNo": "152080197408238834",
            "contactEmail": "t0NDTU2vAx7Xo9Vg@qaqseq.com",
            "website": null,
            "regAuthority": null,
            "regCapital": null,
            "establishDate": null,
            "periodValidity": null,
            "legalEmail": null,
            "legalPhone": null,
            "legalFax": null,
            "servSysBuildType": null,
            "servSysBuildName": null,
            "servSysOperType": null,
            "servSysOperName": null,
            "dataHostingOrg": null,
            "servHostingOrg": null,
            "regRealNaImpType": null,
            "regRealNaImpName": null,
            "idRegNaImp": null,
            "extWebName": null,
            "extDomain": null,
            "extIpAddr": null,
            "orgCrtImgRid": 2390,
            "contactCrtFrontImgRid": 2391,
            "contactCrtBackImgRid": 2392,
            "legalCrtFrontImgRid": 2391,
            "legalCrtBackImgRid": 2392,
            "servSysBuildContractFileRid": null,
            "servSysOperContractFileRid": null,
            "dataHostingContractFileRid": null,
            "servHostingContractFileRid": null,
            "entInfoLicenses": [],
            "entInfoSyss": [],
            "entInfoSerIndustrys": [],
            "escrowId": null,
            "industryQualificationRid": null,
            "certificationRid": null,
            "openingBank": null,
            "bankCard": null,
            "verificationName": null,
            "orgNatureDesc": "国有控股",
            "orgCrtImgContent": null,
            "orgCategorySpecificDesc": "农、林、牧、渔业-农业",
            "orgAddrProvinceDesc": "北京市",
            "orgAddrCountyDesc": "东城区",
            "orgAddrCityDesc": "市辖区",
            "legalCrtTypeDesc": "中国居民身份证",
            "legalCrtFrontImgContent": null,
            "legalCrtBackImgContent": null,
            "orgCrtImgPath": "e6bffcf1-9078-4676-9beb-431229cb3c2c.jpeg",
            "contactCrtFrontImgPath": "9c9e1dd1-f221-49ef-a55c-ff22fbd98e22.jpeg",
            "contactCrtBackImgPath": "6e4c1065-33d7-48c7-bd1a-ddadfd726820.jpeg",
            "legalCrtFrontImgPath": "9c9e1dd1-f221-49ef-a55c-ff22fbd98e22.jpeg",
            "legalCrtBackImgPath": "6e4c1065-33d7-48c7-bd1a-ddadfd726820.jpeg",
            "servSysBuildContractFilePath": null,
            "servSysOperContractFilePath": null,
            "dataHostingContractFilePath": null,
            "servHostingContractFilePath": null,
            "industryQualificationFilePath": null,
            "certificationFilePath": null,
            "escrowOrgName": null
        },
        "nbmsEntPO": null,
        "nbmsEntPrefixApplyPO": null,
        "needRelog": null,
        "applyStatus": 0
    }
}

2023-06-16 17:06:56.437 | INFO     | httprunner.client:request:217 - status_code: 200, response_time(ms): 77.24 ms, response_length: 0 bytes
2023-06-16 17:06:56.439 | INFO     | httprunner.response:extract:179 - extract mapping: {'applyId': 1217, 'userId': 1442, 'userName': 'xSfZWQ4jOrT4WjG5QWhU3Hysq7hhtr1O', 'imgId_f': 2391, 'imgId_b': 2392, 'entId': None, 'entUserId': None, 'prefix': '88.408.2672559479', 'contactCrtNo': '152080197408238834', 'contactCrtType': 1, 'contactEmail': 't0NDTU2vAx7Xo9Vg@qaqseq.com', 'contactName': 'xSfZWQ4jOrT4WjG5QWhU3Hysq7hhtr1O', 'contactPhone': '17544680584', 'industryCategory': 'A', 'industrySpecific': '01', 'orgName': 'xSfZWQ4jOrT4WjG5QWhU3Hysq7hhtr1O', 'orgNature': '1', 'orgAddrProvince': '110000', 'orgAddrCity': '110100', 'orgAddrCounty': '110101', 'orgAddr': '致真', 'orgCrtType': '1', 'orgCrtCode': 'xSfZWQ4jOrT4WjG5QWhU3Hysq7hhtr1O', 'legalName': '张三', 'legalEmail': None, 'legalPhone': None, 'legalCrtType': '1', 'legalCrtNo': '152080197408238834', 'legalCrtFrontImgRid': 2391, 'legalCrtBackImgRid': 2392, 'orgCrtImgRid': 2390, 'imgId': 2390, 'orgNatureDesc': '国有控股', 'orgCategorySpecificDesc': '农、林、牧、渔业-农业', 'orgAddrProvinceDesc': '北京市', 'orgAddrCountyDesc': '东城区', 'orgAddrCityDesc': '市辖区', 'legalCrtTypeDesc': '中国居民身份证', 'createDate': '2023-06-16 17:06:56', 'updateDate': '2023-06-16 17:06:56', 'entInfoSyss_0_id': None, 'entInfoSyss_0_entApplyId': None, 'entApplyId': None, 'entInfoSyss_0_sysType': None, 'entInfoSyss_0_deployMode': None, 'entInfoSyss_0_deployAddr': None, 'entInfoSyss_0_deployAddrProvince': None, 'entInfoSyss_0_deployAddrCity': None, 'entInfoSyss_0_deployAddrCounty': None, 'entInfoSyss_1_id': None, 'entInfoSyss_1_entApplyId': None, 'entInfoSyss_1_sysType': None, 'entInfoSyss_1_deployMode': None, 'entInfoSyss_1_deployAddr': None, 'entInfoSyss_1_deployAddrProvince': None, 'entInfoSyss_1_deployAddrCity': None, 'entInfoSyss_1_deployAddrCounty': None, 'entInfoSyss_2_id': None, 'entInfoSyss_2_entApplyId': None, 'entInfoSyss_2_sysType': None, 'entInfoSyss_2_deployMode': None, 'entInfoSyss_2_deployAddr': None, 'entInfoSyss_2_deployAddrProvince': None, 'entInfoSyss_2_deployAddrCity': None, 'entInfoSyss_2_deployAddrCounty': None, 'entInfoSyss_3_id': None, 'entInfoSyss_3_entApplyId': None, 'entInfoSyss_3_sysType': None, 'entInfoSyss_3_deployMode': None, 'entInfoSyss_3_deployAddr': None, 'entInfoSyss_3_deployAddrProvince': None, 'entInfoSyss_3_deployAddrCity': None, 'entInfoSyss_3_deployAddrCounty': None}
2023-06-16 17:06:56.439 | INFO     | httprunner.response:validate:249 - assert status_code equal 200(int)	==> pass
2023-06-16 17:06:56.440 | INFO     | httprunner.response:validate:249 - assert body.message equal success(str)	==> pass
2023-06-16 17:06:56.440 | INFO     | httprunner.runner:__run_step:304 - run step end: 企业注册查询注册信息 <<<<<<

2023-06-16 17:06:56.440 | INFO     | httprunner.runner:__run_step_testcase:286 - export variables: {'legalCrtBackImgRid': 2392, 'entInfoSyss_3_entApplyId': None, 'entUserId': None, 'legalCrtNo': '152080197408238834', 'entInfoSyss_2_id': None, 'entInfoSyss_0_entApplyId': None, 'entInfoSyss_1_deployAddrProvince': None, 'entInfoSyss_1_entApplyId': None, 'entInfoSyss_3_deployAddr': None, 'entInfoSyss_1_deployAddrCity': None, 'entId': None, 'orgNature': '1', 'orgCrtCode': 'xSfZWQ4jOrT4WjG5QWhU3Hysq7hhtr1O', 'orgAddrProvinceDesc': '北京市', 'contactName': 'xSfZWQ4jOrT4WjG5QWhU3Hysq7hhtr1O', 'industryCategory': 'A', 'entInfoSyss_2_deployAddrProvince': None, 'orgAddrProvince': '110000', 'orgAddrCity': '110100', 'entInfoSyss_2_deployAddr': None, 'imgId_f': 2391, 'userId': 1442, 'entInfoSyss_2_sysType': None, 'entInfoSyss_0_sysType': None, 'orgCategorySpecificDesc': '农、林、牧、渔业-农业', 'entInfoSyss_1_id': None, 'entInfoSyss_0_deployAddrProvince': None, 'orgAddrCountyDesc': '东城区', 'prefix': '88.408.2672559479', 'orgAddrCityDesc': '市辖区', 'entInfoSyss_0_id': None, 'legalCrtFrontImgRid': 2391, 'orgCrtType': '1', 'entInfoSyss_0_deployAddrCity': None, 'industrySpecific': '01', 'entInfoSyss_1_sysType': None, 'orgNatureDesc': '国有控股', 'entInfoSyss_2_deployMode': None, 'legalPhone': None, 'entInfoSyss_1_deployAddr': None, 'applyId': 1217, 'contactCrtNo': '152080197408238834', 'legalCrtType': '1', 'entInfoSyss_1_deployMode': None, 'legalCrtTypeDesc': '中国居民身份证', 'legalEmail': None, 'contactPhone': '17544680584', 'imgId_b': 2392, 'orgName': 'xSfZWQ4jOrT4WjG5QWhU3Hysq7hhtr1O', 'updateDate': '2023-06-16 17:06:56', 'entInfoSyss_0_deployAddrCounty': None, 'entInfoSyss_0_deployMode': None, 'entInfoSyss_3_deployMode': None, 'entInfoSyss_0_deployAddr': None, 'entInfoSyss_2_deployAddrCounty': None, 'entInfoSyss_3_deployAddrProvince': None, 'entInfoSyss_3_sysType': None, 'imgId': 2390, 'contactCrtType': 1, 'createDate': '2023-06-16 17:06:56', 'entInfoSyss_3_deployAddrCity': None, 'entInfoSyss_2_entApplyId': None, 'entInfoSyss_2_deployAddrCity': None, 'legalName': '张三', 'contactEmail': 't0NDTU2vAx7Xo9Vg@qaqseq.com', 'orgCrtImgRid': 2390, 'entInfoSyss_3_deployAddrCounty': None, 'orgAddrCounty': '110101', 'orgAddr': '致真', 'entInfoSyss_1_deployAddrCounty': None, 'entInfoSyss_3_id': None, 'entApplyId': None, 'userName': 'xSfZWQ4jOrT4WjG5QWhU3Hysq7hhtr1O'}
2023-06-16 17:06:56.440 | INFO     | httprunner.runner:__run_step:304 - run step end: 企业注册查询注册信息 <<<<<<

2023-06-16 17:06:56.440 | INFO     | httprunner.runner:__run_step:292 - run step begin: 企业注册第二步提交信息 >>>>>>
2023-06-16 17:06:56.440 | INFO     | httprunner.runner:__run_step:292 - run step begin: 企业注册第二步提交信息 >>>>>>
2023-06-16 17:06:56.565 | DEBUG    | httprunner.client:request:186 - client IP: 127.0.0.1, Port: 64208
2023-06-16 17:06:56.566 | DEBUG    | httprunner.client:request:194 - server IP: 127.0.0.1, Port: 8888
2023-06-16 17:06:56.568 | DEBUG    | httprunner.client:log_print:40 - 
================== request details ==================
method   : POST
url      : http://139.198.116.76:8000/api/v3/entApply/registerManageInfo
headers  : {
    "User-Agent": "Mozilla/5.0 (Macintosh; Intel Mac OS X 10_15_7) AppleWebKit/537.36 (KHTML, like Gecko) Chrome/105.0.0.0 Safari/537.36",
    "Accept-Encoding": "gzip, deflate",
    "Accept": "application/json, text/plain, */*",
    "Connection": "keep-alive",
    "Accept-Language": "zh-CN,zh;q=0.9",
    "Content-Type": "application/json;charset=UTF-8",
    "X-HTTP-Method-Override": "put",
    "HRUN-Request-ID": "HRUN-ff7f6a2f-6a3e-47ce-9a25-d1932476d266-416441",
    "Cookie": "SESSION=ZjEyMDc1MjMtNGVkMi00YjAwLTk2NDktZGYxMjZmOTk5NGQw; SESSION=response.headers.\"Set-Cookie\".session",
    "Content-Length": "3280"
}
cookies  : {
    "SESSION": "ZjEyMDc1MjMtNGVkMi00YjAwLTk2NDktZGYxMjZmOTk5NGQw"
}
body     : {
    "applyStep": 3,
    "applyType": null,
    "cltrid": null,
    "contactCrtBackImgPath": null,
    "contactCrtBackImgRid": 2392,
    "contactCrtFrontImgPath": null,
    "contactCrtFrontImgRid": 2391,
    "contactCrtNo": "152080197408238834",
    "contactCrtType": 1,
    "contactEmail": "t0NDTU2vAx7Xo9Vg@qaqseq.com",
    "contactName": "xSfZWQ4jOrT4WjG5QWhU3Hysq7hhtr1O",
    "contactPhone": "17544680584",
    "createDate": "2023-06-16 17:06:56",
    "dataHostingContractFilePath": null,
    "dataHostingContractFileRid": null,
    "dataHostingOrg": null,
    "entGeneralId": null,
    "entInfoLicenses": [],
    "entInfoSerIndustrys": [],
    "entInfoSyss": [
        {
            "deployAddr": "致真",
            "deployAddrCity": "110100",
            "deployAddrCounty": "110101",
            "deployAddrProvince": "110000",
            "deployMode": 1,
            "ipPort": null,
            "name": null,
            "sysType": 1
        },
        {
            "deployAddr": "致真",
            "deployAddrCity": "110100",
            "deployAddrCounty": "110101",
            "deployAddrProvince": "110000",
            "deployMode": 1,
            "ipPort": null,
            "name": null,
            "sysType": 2
        },
        {
            "deployAddr": "天津",
            "deployAddrCity": "120100",
            "deployAddrCounty": "120101",
            "deployAddrProvince": "120000",
            "deployMode": 1,
            "ipPort": null,
            "name": null,
            "sysType": 3
        },
        {
            "deployAddr": "天津",
            "deployAddrCity": "120100",
            "deployAddrCounty": "120101",
            "deployAddrProvince": "120000",
            "deployMode": 1,
            "ipPort": null,
            "name": null,
            "sysType": 4
        }
    ],
    "entPrefix": "88.408.2672559479",
    "escrowId": null,
    "escrowOrgName": null,
    "establishDate": null,
    "extDomain": null,
    "extIpAddr": null,
    "extWebName": null,
    "finalAuditMsg": null,
    "finalAuditStatus": null,
    "firstAuditMsg": null,
    "firstAuditStatus": null,
    "id": 1217,
    "idRegNaImp": null,
    "industryCategory": "A",
    "industrySpecific": "01",
    "isSubmit": 0,
    "legalCrtBackImgContent": null,
    "legalCrtBackImgPath": null,
    "legalCrtBackImgRid": 2392,
    "legalCrtFrontImgContent": null,
    "legalCrtFrontImgPath": null,
    "legalCrtFrontImgRid": 2391,
    "legalCrtNo": "152080197408238834",
    "legalCrtType": "1",
    "legalCrtTypeDesc": "中国居民身份证",
    "legalEmail": null,
    "legalFax": null,
    "legalName": "张三",
    "legalPhone": null,
    "orgAddr": "致真",
    "orgAddrCity": "110100",
    "orgAddrCityDesc": "市辖区",
    "orgAddrCounty": "110101",
    "orgAddrCountyDesc": "东城区",
    "orgAddrProvince": "110000",
    "orgAddrProvinceDesc": "北京市",
    "orgCategorySpecificDesc": "农、林、牧、渔业-农业",
    "orgCrtCode": "xSfZWQ4jOrT4WjG5QWhU3Hysq7hhtr1O",
    "orgCrtImgContent": null,
    "orgCrtImgPath": null,
    "orgCrtImgRid": 2390,
    "orgCrtType": "1",
    "orgDesc": null,
    "orgName": "xSfZWQ4jOrT4WjG5QWhU3Hysq7hhtr1O",
    "orgNature": "1",
    "orgNatureDesc": "1",
    "periodValidity": null,
    "regAuthority": null,
    "regCapital": null,
    "regRealNaImpName": null,
    "regRealNaImpType": null,
    "servHostingContractFilePath": null,
    "servHostingContractFileRid": null,
    "servHostingOrg": null,
    "servSysBuildContractFilePath": null,
    "servSysBuildContractFileRid": null,
    "servSysBuildName": null,
    "servSysBuildType": 1,
    "servSysOperContractFilePath": null,
    "servSysOperContractFileRid": null,
    "servSysOperName": null,
    "servSysOperType": 1,
    "svtrid": null,
    "thirdServiceMsg": null,
    "thirdServiceStatus": null,
    "updateDate": "2023-06-16 17:06:56",
    "userId": 1442,
    "userName": "xSfZWQ4jOrT4WjG5QWhU3Hysq7hhtr1O",
    "website": null
}

2023-06-16 17:06:56.569 | DEBUG    | httprunner.client:log_print:40 - 
================== response details ==================
status_code : 200
headers  : {
    "Server": "nginx",
    "Date": "Fri, 16 Jun 2023 09:06:56 GMT",
    "Content-Type": "application/json;charset=UTF-8",
    "Transfer-Encoding": "chunked",
    "X-Frame-Options": "SAMEORIGIN",
    "Connection": "keep-alive"
}
cookies  : {}
encoding : UTF-8
content_type : application/json;charset=UTF-8
body     : {
    "message": "success",
    "status": 1,
    "data": true
}

2023-06-16 17:06:56.569 | INFO     | httprunner.client:request:217 - status_code: 200, response_time(ms): 124.47 ms, response_length: 0 bytes
2023-06-16 17:06:56.569 | INFO     | httprunner.response:validate:249 - assert status_code equal 200(int)	==> pass
2023-06-16 17:06:56.569 | INFO     | httprunner.response:validate:249 - assert body.message equal success(str)	==> pass
2023-06-16 17:06:56.569 | INFO     | httprunner.runner:__run_step:304 - run step end: 企业注册第二步提交信息 <<<<<<

2023-06-16 17:06:56.569 | INFO     | httprunner.runner:__run_step:304 - run step end: 企业注册第二步提交信息 <<<<<<

2023-06-16 17:06:56.570 | INFO     | httprunner.runner:__run_step:292 - run step begin: 企业注册查询注册信息 >>>>>>
2023-06-16 17:06:56.570 | INFO     | httprunner.runner:__run_step:292 - run step begin: 企业注册查询注册信息 >>>>>>
2023-06-16 17:06:56.642 | DEBUG    | httprunner.client:request:186 - client IP: 127.0.0.1, Port: 64208
2023-06-16 17:06:56.642 | DEBUG    | httprunner.client:request:194 - server IP: 127.0.0.1, Port: 8888
2023-06-16 17:06:56.644 | DEBUG    | httprunner.client:log_print:40 - 
================== request details ==================
method   : GET
url      : http://139.198.116.76:8000/api/v3/entApply/applyOrNot
headers  : {
    "User-Agent": "Mozilla/5.0 (Macintosh; Intel Mac OS X 10_15_7) AppleWebKit/537.36 (KHTML, like Gecko) Chrome/105.0.0.0 Safari/537.36",
    "Accept-Encoding": "gzip, deflate",
    "Accept": "application/json, text/plain, */*",
    "Connection": "keep-alive",
    "Accept-Language": "zh-CN,zh;q=0.9",
    "HRUN-Request-ID": "HRUN-ff7f6a2f-6a3e-47ce-9a25-d1932476d266-416570",
    "Cookie": "SESSION=ZjEyMDc1MjMtNGVkMi00YjAwLTk2NDktZGYxMjZmOTk5NGQw; SESSION=response.headers.\"Set-Cookie\".session"
}
cookies  : {
    "SESSION": "ZjEyMDc1MjMtNGVkMi00YjAwLTk2NDktZGYxMjZmOTk5NGQw"
}
body     : None

2023-06-16 17:06:56.649 | DEBUG    | httprunner.client:log_print:40 - 
================== response details ==================
status_code : 200
headers  : {
    "Server": "nginx",
    "Date": "Fri, 16 Jun 2023 09:06:56 GMT",
    "Content-Type": "application/json;charset=UTF-8",
    "Transfer-Encoding": "chunked",
    "X-Frame-Options": "SAMEORIGIN",
    "Connection": "keep-alive"
}
cookies  : {}
encoding : UTF-8
content_type : application/json;charset=UTF-8
body     : {
    "message": "success",
    "status": 1,
    "data": {
        "nbmsEntApplyPO": {
            "id": 1217,
            "createDate": "2023-06-16 17:06:56",
            "updateDate": "2023-06-16 17:06:57",
            "applyType": null,
            "entGeneralId": null,
            "applyStep": 3,
            "isSubmit": 0,
            "entPrefix": "88.408.2672559479",
            "firstAuditStatus": null,
            "firstAuditMsg": null,
            "thirdServiceStatus": null,
            "thirdServiceMsg": null,
            "userName": "xSfZWQ4jOrT4WjG5QWhU3Hysq7hhtr1O",
            "finalAuditStatus": null,
            "finalAuditMsg": null,
            "svtrid": null,
            "cltrid": null,
            "userId": 1442,
            "orgName": "xSfZWQ4jOrT4WjG5QWhU3Hysq7hhtr1O",
            "orgNature": "1",
            "orgAddrProvince": "110000",
            "orgAddrCity": "110100",
            "orgAddrCounty": "110101",
            "orgAddr": "致真",
            "orgCrtType": "1",
            "orgCrtCode": "xSfZWQ4jOrT4WjG5QWhU3Hysq7hhtr1O",
            "legalName": "张三",
            "legalCrtType": "1",
            "legalCrtNo": "152080197408238834",
            "orgDesc": null,
            "industryCategory": "A",
            "industrySpecific": "01",
            "contactName": "xSfZWQ4jOrT4WjG5QWhU3Hysq7hhtr1O",
            "contactPhone": "17544680584",
            "contactCrtType": 1,
            "contactCrtNo": "152080197408238834",
            "contactEmail": "t0NDTU2vAx7Xo9Vg@qaqseq.com",
            "website": null,
            "regAuthority": null,
            "regCapital": null,
            "establishDate": null,
            "periodValidity": null,
            "legalEmail": null,
            "legalPhone": null,
            "legalFax": null,
            "servSysBuildType": 1,
            "servSysBuildName": null,
            "servSysOperType": 1,
            "servSysOperName": null,
            "dataHostingOrg": null,
            "servHostingOrg": null,
            "regRealNaImpType": null,
            "regRealNaImpName": null,
            "idRegNaImp": null,
            "extWebName": null,
            "extDomain": null,
            "extIpAddr": null,
            "orgCrtImgRid": 2390,
            "contactCrtFrontImgRid": 2391,
            "contactCrtBackImgRid": 2392,
            "legalCrtFrontImgRid": 2391,
            "legalCrtBackImgRid": 2392,
            "servSysBuildContractFileRid": null,
            "servSysOperContractFileRid": null,
            "dataHostingContractFileRid": null,
            "servHostingContractFileRid": null,
            "entInfoLicenses": [],
            "entInfoSyss": [
                {
                    "id": 2621,
                    "entApplyId": 1217,
                    "sysType": 1,
                    "deployMode": 1,
                    "deployAddr": "致真",
                    "deployAddrProvince": "110000",
                    "deployAddrCity": "110100",
                    "deployAddrCounty": "110101",
                    "name": null,
                    "ipPort": null
                },
                {
                    "id": 2622,
                    "entApplyId": 1217,
                    "sysType": 2,
                    "deployMode": 1,
                    "deployAddr": "致真",
                    "deployAddrProvince": "110000",
                    "deployAddrCity": "110100",
                    "deployAddrCounty": "110101",
                    "name": null,
                    "ipPort": null
                },
                {
                    "id": 2623,
                    "entApplyId": 1217,
                    "sysType": 3,
                    "deployMode": 1,
                    "deployAddr": "天津",
                    "deployAddrProvince": "120000",
                    "deployAddrCity": "120100",
                    "deployAddrCounty": "120101",
                    "name": null,
                    "ipPort": null
                },
                {
                    "id": 2624,
                    "entApplyId": 1217,
                    "sysType": 4,
                    "deployMode": 1,
                    "deployAddr": "天津",
                    "deployAddrProvince": "120000",
                    "deployAddrCity": "120100",
                    "deployAddrCounty": "120101",
                    "name": null,
                    "ipPort": null
                }
            ],
            "entInfoSerIndustrys": [],
            "escrowId": null,
            "industryQualificationRid": null,
            "certificationRid": null,
            "openingBank": null,
            "bankCard": null,
            "verificationName": null,
            "orgNatureDesc": "国有控股",
            "orgCrtImgContent": null,
            "orgCategorySpecificDesc": "农、林、牧、渔业-农业",
            "orgAddrProvinceDesc": "北京市",
            "orgAddrCountyDesc": "东城区",
            "orgAddrCityDesc": "市辖区",
            "legalCrtTypeDesc": "中国居民身份证",
            "legalCrtFrontImgContent": null,
            "legalCrtBackImgContent": null,
            "orgCrtImgPath": "e6bffcf1-9078-4676-9beb-431229cb3c2c.jpeg",
            "contactCrtFrontImgPath": "9c9e1dd1-f221-49ef-a55c-ff22fbd98e22.jpeg",
            "contactCrtBackImgPath": "6e4c1065-33d7-48c7-bd1a-ddadfd726820.jpeg",
            "legalCrtFrontImgPath": "9c9e1dd1-f221-49ef-a55c-ff22fbd98e22.jpeg",
            "legalCrtBackImgPath": "6e4c1065-33d7-48c7-bd1a-ddadfd726820.jpeg",
            "servSysBuildContractFilePath": null,
            "servSysOperContractFilePath": null,
            "dataHostingContractFilePath": null,
            "servHostingContractFilePath": null,
            "industryQualificationFilePath": null,
            "certificationFilePath": null,
            "escrowOrgName": null
        },
        "nbmsEntPO": null,
        "nbmsEntPrefixApplyPO": null,
        "needRelog": null,
        "applyStatus": 0
    }
}

2023-06-16 17:06:56.650 | INFO     | httprunner.client:request:217 - status_code: 200, response_time(ms): 71.44 ms, response_length: 0 bytes
2023-06-16 17:06:56.652 | INFO     | httprunner.response:extract:179 - extract mapping: {'applyId': 1217, 'userId': 1442, 'userName': 'xSfZWQ4jOrT4WjG5QWhU3Hysq7hhtr1O', 'imgId_f': 2391, 'imgId_b': 2392, 'entId': None, 'entUserId': None, 'prefix': '88.408.2672559479', 'contactCrtNo': '152080197408238834', 'contactCrtType': 1, 'contactEmail': 't0NDTU2vAx7Xo9Vg@qaqseq.com', 'contactName': 'xSfZWQ4jOrT4WjG5QWhU3Hysq7hhtr1O', 'contactPhone': '17544680584', 'industryCategory': 'A', 'industrySpecific': '01', 'orgName': 'xSfZWQ4jOrT4WjG5QWhU3Hysq7hhtr1O', 'orgNature': '1', 'orgAddrProvince': '110000', 'orgAddrCity': '110100', 'orgAddrCounty': '110101', 'orgAddr': '致真', 'orgCrtType': '1', 'orgCrtCode': 'xSfZWQ4jOrT4WjG5QWhU3Hysq7hhtr1O', 'legalName': '张三', 'legalEmail': None, 'legalPhone': None, 'legalCrtType': '1', 'legalCrtNo': '152080197408238834', 'legalCrtFrontImgRid': 2391, 'legalCrtBackImgRid': 2392, 'orgCrtImgRid': 2390, 'imgId': 2390, 'orgNatureDesc': '国有控股', 'orgCategorySpecificDesc': '农、林、牧、渔业-农业', 'orgAddrProvinceDesc': '北京市', 'orgAddrCountyDesc': '东城区', 'orgAddrCityDesc': '市辖区', 'legalCrtTypeDesc': '中国居民身份证', 'createDate': '2023-06-16 17:06:56', 'updateDate': '2023-06-16 17:06:57', 'entInfoSyss_0_id': 2621, 'entInfoSyss_0_entApplyId': 1217, 'entApplyId': 1217, 'entInfoSyss_0_sysType': 1, 'entInfoSyss_0_deployMode': 1, 'entInfoSyss_0_deployAddr': '致真', 'entInfoSyss_0_deployAddrProvince': '110000', 'entInfoSyss_0_deployAddrCity': '110100', 'entInfoSyss_0_deployAddrCounty': '110101', 'entInfoSyss_1_id': 2622, 'entInfoSyss_1_entApplyId': 1217, 'entInfoSyss_1_sysType': 2, 'entInfoSyss_1_deployMode': 1, 'entInfoSyss_1_deployAddr': '致真', 'entInfoSyss_1_deployAddrProvince': '110000', 'entInfoSyss_1_deployAddrCity': '110100', 'entInfoSyss_1_deployAddrCounty': '110101', 'entInfoSyss_2_id': 2623, 'entInfoSyss_2_entApplyId': 1217, 'entInfoSyss_2_sysType': 3, 'entInfoSyss_2_deployMode': 1, 'entInfoSyss_2_deployAddr': '天津', 'entInfoSyss_2_deployAddrProvince': '120000', 'entInfoSyss_2_deployAddrCity': '120100', 'entInfoSyss_2_deployAddrCounty': '120101', 'entInfoSyss_3_id': 2624, 'entInfoSyss_3_entApplyId': 1217, 'entInfoSyss_3_sysType': 4, 'entInfoSyss_3_deployMode': 1, 'entInfoSyss_3_deployAddr': '天津', 'entInfoSyss_3_deployAddrProvince': '120000', 'entInfoSyss_3_deployAddrCity': '120100', 'entInfoSyss_3_deployAddrCounty': '120101'}
2023-06-16 17:06:56.652 | INFO     | httprunner.response:validate:249 - assert status_code equal 200(int)	==> pass
2023-06-16 17:06:56.653 | INFO     | httprunner.response:validate:249 - assert body.message equal success(str)	==> pass
2023-06-16 17:06:56.653 | INFO     | httprunner.runner:__run_step:304 - run step end: 企业注册查询注册信息 <<<<<<

2023-06-16 17:06:56.653 | INFO     | httprunner.runner:__run_step_testcase:286 - export variables: {'legalCrtBackImgRid': 2392, 'entInfoSyss_3_entApplyId': 1217, 'entUserId': None, 'legalCrtNo': '152080197408238834', 'entInfoSyss_2_id': 2623, 'entInfoSyss_0_entApplyId': 1217, 'entInfoSyss_1_deployAddrProvince': '110000', 'entInfoSyss_1_entApplyId': 1217, 'entInfoSyss_3_deployAddr': '天津', 'entInfoSyss_1_deployAddrCity': '110100', 'entId': None, 'orgNature': '1', 'orgCrtCode': 'xSfZWQ4jOrT4WjG5QWhU3Hysq7hhtr1O', 'orgAddrProvinceDesc': '北京市', 'contactName': 'xSfZWQ4jOrT4WjG5QWhU3Hysq7hhtr1O', 'industryCategory': 'A', 'entInfoSyss_2_deployAddrProvince': '120000', 'orgAddrProvince': '110000', 'orgAddrCity': '110100', 'entInfoSyss_2_deployAddr': '天津', 'imgId_f': 2391, 'userId': 1442, 'entInfoSyss_2_sysType': 3, 'entInfoSyss_0_sysType': 1, 'orgCategorySpecificDesc': '农、林、牧、渔业-农业', 'entInfoSyss_1_id': 2622, 'entInfoSyss_0_deployAddrProvince': '110000', 'orgAddrCountyDesc': '东城区', 'prefix': '88.408.2672559479', 'orgAddrCityDesc': '市辖区', 'entInfoSyss_0_id': 2621, 'legalCrtFrontImgRid': 2391, 'orgCrtType': '1', 'entInfoSyss_0_deployAddrCity': '110100', 'industrySpecific': '01', 'entInfoSyss_1_sysType': 2, 'orgNatureDesc': '国有控股', 'entInfoSyss_2_deployMode': 1, 'legalPhone': None, 'entInfoSyss_1_deployAddr': '致真', 'applyId': 1217, 'contactCrtNo': '152080197408238834', 'legalCrtType': '1', 'entInfoSyss_1_deployMode': 1, 'legalCrtTypeDesc': '中国居民身份证', 'legalEmail': None, 'contactPhone': '17544680584', 'imgId_b': 2392, 'orgName': 'xSfZWQ4jOrT4WjG5QWhU3Hysq7hhtr1O', 'updateDate': '2023-06-16 17:06:57', 'entInfoSyss_0_deployAddrCounty': '110101', 'entInfoSyss_0_deployMode': 1, 'entInfoSyss_3_deployMode': 1, 'entInfoSyss_0_deployAddr': '致真', 'entInfoSyss_2_deployAddrCounty': '120101', 'entInfoSyss_3_deployAddrProvince': '120000', 'entInfoSyss_3_sysType': 4, 'imgId': 2390, 'contactCrtType': 1, 'createDate': '2023-06-16 17:06:56', 'entInfoSyss_3_deployAddrCity': '120100', 'entInfoSyss_2_entApplyId': 1217, 'entInfoSyss_2_deployAddrCity': '120100', 'legalName': '张三', 'contactEmail': 't0NDTU2vAx7Xo9Vg@qaqseq.com', 'orgCrtImgRid': 2390, 'entInfoSyss_3_deployAddrCounty': '120101', 'orgAddrCounty': '110101', 'orgAddr': '致真', 'entInfoSyss_1_deployAddrCounty': '110101', 'entInfoSyss_3_id': 2624, 'entApplyId': 1217, 'userName': 'xSfZWQ4jOrT4WjG5QWhU3Hysq7hhtr1O'}
2023-06-16 17:06:56.654 | INFO     | httprunner.runner:__run_step:304 - run step end: 企业注册查询注册信息 <<<<<<

2023-06-16 17:06:56.654 | INFO     | httprunner.runner:__run_step:292 - run step begin: 企业注册最终第三步提交信息 >>>>>>
2023-06-16 17:06:56.654 | INFO     | httprunner.runner:__run_step:292 - run step begin: 企业注册最终第三步提交信息 >>>>>>
2023-06-16 17:06:56.818 | DEBUG    | httprunner.client:request:186 - client IP: 127.0.0.1, Port: 64208
2023-06-16 17:06:56.818 | DEBUG    | httprunner.client:request:194 - server IP: 127.0.0.1, Port: 8888
2023-06-16 17:06:56.820 | DEBUG    | httprunner.client:log_print:40 - 
================== request details ==================
method   : POST
url      : http://139.198.116.76:8000/api/v3/entApply/apply
headers  : {
    "User-Agent": "Mozilla/5.0 (Macintosh; Intel Mac OS X 10_15_7) AppleWebKit/537.36 (KHTML, like Gecko) Chrome/105.0.0.0 Safari/537.36",
    "Accept-Encoding": "gzip, deflate",
    "Accept": "application/json, text/plain, */*",
    "Connection": "keep-alive",
    "Accept-Language": "zh-CN,zh;q=0.9",
    "Content-Type": "application/json;charset=UTF-8",
    "HRUN-Request-ID": "HRUN-ff7f6a2f-6a3e-47ce-9a25-d1932476d266-416655",
    "Cookie": "SESSION=ZjEyMDc1MjMtNGVkMi00YjAwLTk2NDktZGYxMjZmOTk5NGQw; SESSION=response.headers.\"Set-Cookie\".session",
    "Content-Length": "3280"
}
cookies  : {
    "SESSION": "ZjEyMDc1MjMtNGVkMi00YjAwLTk2NDktZGYxMjZmOTk5NGQw"
}
body     : {
    "applyStep": 4,
    "applyType": null,
    "cltrid": null,
    "contactCrtBackImgPath": null,
    "contactCrtBackImgRid": 2392,
    "contactCrtFrontImgPath": null,
    "contactCrtFrontImgRid": 2391,
    "contactCrtNo": "152080197408238834",
    "contactCrtType": 1,
    "contactEmail": "t0NDTU2vAx7Xo9Vg@qaqseq.com",
    "contactName": "xSfZWQ4jOrT4WjG5QWhU3Hysq7hhtr1O",
    "contactPhone": "17544680584",
    "createDate": "2023-06-16 17:06:56",
    "dataHostingContractFilePath": null,
    "dataHostingContractFileRid": null,
    "dataHostingOrg": null,
    "entGeneralId": null,
    "entInfoLicenses": [],
    "entInfoSerIndustrys": [],
    "entInfoSyss": [
        {
            "deployAddr": "致真",
            "deployAddrCity": "110100",
            "deployAddrCounty": "110101",
            "deployAddrProvince": "110000",
            "deployMode": 1,
            "ipPort": null,
            "name": null,
            "sysType": 2
        },
        {
            "deployAddr": "致真",
            "deployAddrCity": "110100",
            "deployAddrCounty": "110101",
            "deployAddrProvince": "110000",
            "deployMode": 1,
            "ipPort": null,
            "name": null,
            "sysType": 3
        },
        {
            "deployAddr": "天津",
            "deployAddrCity": "120100",
            "deployAddrCounty": "120101",
            "deployAddrProvince": "120000",
            "deployMode": 1,
            "ipPort": null,
            "name": null,
            "sysType": 4
        },
        {
            "deployAddr": "天津",
            "deployAddrCity": "120100",
            "deployAddrCounty": "120101",
            "deployAddrProvince": "120000",
            "deployMode": 1,
            "ipPort": null,
            "name": null,
            "sysType": 4
        }
    ],
    "entPrefix": "88.408.2672559479",
    "escrowId": null,
    "escrowOrgName": null,
    "establishDate": null,
    "extDomain": null,
    "extIpAddr": null,
    "extWebName": null,
    "finalAuditMsg": null,
    "finalAuditStatus": null,
    "firstAuditMsg": null,
    "firstAuditStatus": null,
    "id": 1217,
    "idRegNaImp": null,
    "industryCategory": "A",
    "industrySpecific": "01",
    "isSubmit": 0,
    "legalCrtBackImgContent": null,
    "legalCrtBackImgPath": null,
    "legalCrtBackImgRid": 2392,
    "legalCrtFrontImgContent": null,
    "legalCrtFrontImgPath": null,
    "legalCrtFrontImgRid": 2391,
    "legalCrtNo": "152080197408238834",
    "legalCrtType": "1",
    "legalCrtTypeDesc": "中国居民身份证",
    "legalEmail": null,
    "legalFax": null,
    "legalName": "张三",
    "legalPhone": null,
    "orgAddr": "致真",
    "orgAddrCity": "110100",
    "orgAddrCityDesc": "市辖区",
    "orgAddrCounty": "110101",
    "orgAddrCountyDesc": "东城区",
    "orgAddrProvince": "110000",
    "orgAddrProvinceDesc": "北京市",
    "orgCategorySpecificDesc": "农、林、牧、渔业-农业",
    "orgCrtCode": "xSfZWQ4jOrT4WjG5QWhU3Hysq7hhtr1O",
    "orgCrtImgContent": null,
    "orgCrtImgPath": null,
    "orgCrtImgRid": 2390,
    "orgCrtType": "1",
    "orgDesc": null,
    "orgName": "xSfZWQ4jOrT4WjG5QWhU3Hysq7hhtr1O",
    "orgNature": "1",
    "orgNatureDesc": "1",
    "periodValidity": null,
    "regAuthority": null,
    "regCapital": null,
    "regRealNaImpName": null,
    "regRealNaImpType": null,
    "servHostingContractFilePath": null,
    "servHostingContractFileRid": null,
    "servHostingOrg": null,
    "servSysBuildContractFilePath": null,
    "servSysBuildContractFileRid": null,
    "servSysBuildName": null,
    "servSysBuildType": 1,
    "servSysOperContractFilePath": null,
    "servSysOperContractFileRid": null,
    "servSysOperName": null,
    "servSysOperType": 1,
    "svtrid": null,
    "thirdServiceMsg": null,
    "thirdServiceStatus": null,
    "updateDate": "2023-06-16 17:06:57",
    "userId": 1442,
    "userName": "xSfZWQ4jOrT4WjG5QWhU3Hysq7hhtr1O",
    "website": null
}

2023-06-16 17:06:56.821 | DEBUG    | httprunner.client:log_print:40 - 
================== response details ==================
status_code : 200
headers  : {
    "Server": "nginx",
    "Date": "Fri, 16 Jun 2023 09:06:56 GMT",
    "Content-Type": "application/json;charset=UTF-8",
    "Transfer-Encoding": "chunked",
    "X-Frame-Options": "SAMEORIGIN",
    "Connection": "keep-alive"
}
cookies  : {}
encoding : UTF-8
content_type : application/json;charset=UTF-8
body     : {
    "message": "success",
    "status": 1,
    "data": true
}

2023-06-16 17:06:56.821 | INFO     | httprunner.client:request:217 - status_code: 200, response_time(ms): 162.73 ms, response_length: 0 bytes
2023-06-16 17:06:56.821 | INFO     | httprunner.response:validate:249 - assert status_code equal 200(int)	==> pass
2023-06-16 17:06:56.821 | INFO     | httprunner.response:validate:249 - assert body.message equal success(str)	==> pass
2023-06-16 17:06:56.821 | INFO     | httprunner.runner:__run_step:304 - run step end: 企业注册最终第三步提交信息 <<<<<<

2023-06-16 17:06:56.821 | INFO     | httprunner.runner:__run_step:304 - run step end: 企业注册最终第三步提交信息 <<<<<<

2023-06-16 17:06:56.822 | INFO     | httprunner.runner:__run_step:292 - run step begin: 登录-管理员 >>>>>>
2023-06-16 17:06:56.822 | INFO     | httprunner.runner:__run_step:292 - run step begin: 登录-企业用户 >>>>>>
2023-06-16 17:06:56.889 | DEBUG    | httprunner.client:request:186 - client IP: 127.0.0.1, Port: 64208
2023-06-16 17:06:56.889 | DEBUG    | httprunner.client:request:194 - server IP: 127.0.0.1, Port: 8888
2023-06-16 17:06:56.890 | DEBUG    | httprunner.client:log_print:40 - 
================== request details ==================
method   : POST
url      : http://139.198.116.76:8000/api/home/test/login
headers  : {
    "User-Agent": "python-requests/2.28.1",
    "Accept-Encoding": "gzip, deflate, br",
    "Accept": "*/*",
    "Connection": "keep-alive",
    "Content-Length": "144",
    "Content-Type": "application/json",
    "HRUN-Request-ID": "HRUN-ff7f6a2f-6a3e-47ce-9a25-d1932476d266-416822",
    "Cookie": "SESSION=ZjEyMDc1MjMtNGVkMi00YjAwLTk2NDktZGYxMjZmOTk5NGQw"
}
cookies  : {
    "SESSION": "ZjEyMDc1MjMtNGVkMi00YjAwLTk2NDktZGYxMjZmOTk5NGQw"
}
body     : {
    "captcha": "0000",
    "captchaSign": "5d39bab12bba81ab59b3931d2ca06ee9603c3803355932be66974f122cab3502",
    "emailCaptcha": "",
    "username": "adminy"
}

2023-06-16 17:06:56.890 | DEBUG    | httprunner.client:log_print:40 - 
================== response details ==================
status_code : 200
headers  : {
    "Server": "nginx",
    "Date": "Fri, 16 Jun 2023 09:06:56 GMT",
    "Content-Type": "application/json;charset=UTF-8",
    "Transfer-Encoding": "chunked",
    "Set-Cookie": "SESSION=ODBhYjgwOGMtYjY4MC00ZjlkLTg1NjctYmFlM2FmYTliNmZm; Path=/; HttpOnly; SameSite=Lax",
    "X-Frame-Options": "SAMEORIGIN",
    "Connection": "keep-alive"
}
cookies  : {
    "SESSION": "ODBhYjgwOGMtYjY4MC00ZjlkLTg1NjctYmFlM2FmYTliNmZm"
}
encoding : UTF-8
content_type : application/json;charset=UTF-8
body     : {
    "message": "success",
    "status": 1,
    "data": true
}

2023-06-16 17:06:56.890 | INFO     | httprunner.client:request:217 - status_code: 200, response_time(ms): 66.57 ms, response_length: 0 bytes
2023-06-16 17:06:56.891 | INFO     | httprunner.response:extract:179 - extract mapping: {'adminSession': 'response.headers."Set-Cookie".session'}
2023-06-16 17:06:56.891 | INFO     | httprunner.response:validate:249 - assert status_code equal 200(int)	==> pass
2023-06-16 17:06:56.891 | INFO     | httprunner.response:validate:249 - assert headers."Content-Type" equal application/json;charset=UTF-8(str)	==> pass
2023-06-16 17:06:56.891 | INFO     | httprunner.response:validate:249 - assert body.message equal success(str)	==> pass
2023-06-16 17:06:56.891 | INFO     | httprunner.response:validate:249 - assert body.status equal 1(int)	==> pass
2023-06-16 17:06:56.891 | INFO     | httprunner.response:validate:249 - assert body.data equal True(bool)	==> pass
2023-06-16 17:06:56.891 | INFO     | httprunner.runner:__run_step:304 - run step end: 登录-企业用户 <<<<<<

2023-06-16 17:06:56.891 | INFO     | httprunner.runner:__run_step_testcase:286 - export variables: {'adminSession': 'response.headers."Set-Cookie".session'}
2023-06-16 17:06:56.891 | INFO     | httprunner.runner:__run_step:304 - run step end: 登录-管理员 <<<<<<

2023-06-16 17:06:56.891 | INFO     | httprunner.runner:__run_step:292 - run step begin: 年费费用查询 >>>>>>
2023-06-16 17:06:56.892 | INFO     | httprunner.runner:__run_step:292 - run step begin: 财务规则查询-年费 >>>>>>
2023-06-16 17:06:56.945 | DEBUG    | httprunner.client:request:186 - client IP: 127.0.0.1, Port: 64208
2023-06-16 17:06:56.945 | DEBUG    | httprunner.client:request:194 - server IP: 127.0.0.1, Port: 8888
2023-06-16 17:06:56.946 | DEBUG    | httprunner.client:log_print:40 - 
================== request details ==================
method   : GET
url      : http://139.198.116.76:8000/api/finance/rule/findRule?cache=1663837640684&moneyType=2&userId=1442
headers  : {
    "User-Agent": "Mozilla/5.0 (Macintosh; Intel Mac OS X 10_15_7) AppleWebKit/537.36 (KHTML, like Gecko) Chrome/98.0.4758.102 Safari/537.36 Edg/98.0.1108.56",
    "Accept-Encoding": "gzip, deflate",
    "Accept": "application/json, text/plain, */*",
    "Connection": "keep-alive",
    "Accept-Language": "zh-CN,zh;q=0.9,en;q=0.8,en-GB;q=0.7,en-US;q=0.6",
    "HRUN-Request-ID": "HRUN-ff7f6a2f-6a3e-47ce-9a25-d1932476d266-416892",
    "Cookie": "SESSION=ODBhYjgwOGMtYjY4MC00ZjlkLTg1NjctYmFlM2FmYTliNmZm; SESSION=response.headers.\"Set-Cookie\".session"
}
cookies  : {
    "SESSION": "ODBhYjgwOGMtYjY4MC00ZjlkLTg1NjctYmFlM2FmYTliNmZm"
}
body     : None

2023-06-16 17:06:56.946 | DEBUG    | httprunner.client:log_print:40 - 
================== response details ==================
status_code : 200
headers  : {
    "Server": "nginx",
    "Date": "Fri, 16 Jun 2023 09:06:57 GMT",
    "Content-Type": "application/json;charset=UTF-8",
    "Transfer-Encoding": "chunked",
    "X-Frame-Options": "SAMEORIGIN",
    "Connection": "keep-alive"
}
cookies  : {}
encoding : UTF-8
content_type : application/json;charset=UTF-8
body     : {
    "message": "success",
    "status": 1,
    "data": [
        {
            "id": 78,
            "createDate": "2023-05-31 12:51:47",
            "updateDate": "2023-05-31 12:51:47",
            "name": "标准",
            "money": 10000.0,
            "moneyType": 2,
            "prefixCount": 1,
            "remart": "test",
            "entName": null,
            "entUserId": null,
            "ruleType": 2,
            "escrowId": null
        }
    ]
}

2023-06-16 17:06:56.947 | INFO     | httprunner.client:request:217 - status_code: 200, response_time(ms): 52.69 ms, response_length: 0 bytes
2023-06-16 17:06:56.947 | INFO     | httprunner.response:extract:179 - extract mapping: {'annualFeeRuleId': 78}
2023-06-16 17:06:56.947 | INFO     | httprunner.response:validate:249 - assert status_code equal 200(int)	==> pass
2023-06-16 17:06:56.948 | INFO     | httprunner.response:validate:249 - assert body.message equal success(str)	==> pass
2023-06-16 17:06:56.948 | INFO     | httprunner.response:validate:249 - assert body.status equal 1(int)	==> pass
2023-06-16 17:06:56.948 | INFO     | httprunner.runner:__run_step:304 - run step end: 财务规则查询-年费 <<<<<<

2023-06-16 17:06:56.948 | INFO     | httprunner.runner:__run_step_testcase:286 - export variables: {'annualFeeRuleId': 78}
2023-06-16 17:06:56.948 | INFO     | httprunner.runner:__run_step:304 - run step end: 年费费用查询 <<<<<<

2023-06-16 17:06:56.948 | INFO     | httprunner.runner:__run_step:292 - run step begin: 注册费费用查询 >>>>>>
2023-06-16 17:06:56.949 | INFO     | httprunner.runner:__run_step:292 - run step begin: 财务规则查询-注册费 >>>>>>
2023-06-16 17:06:57.000 | DEBUG    | httprunner.client:request:186 - client IP: 127.0.0.1, Port: 64208
2023-06-16 17:06:57.000 | DEBUG    | httprunner.client:request:194 - server IP: 127.0.0.1, Port: 8888
2023-06-16 17:06:57.001 | DEBUG    | httprunner.client:log_print:40 - 
================== request details ==================
method   : GET
url      : http://139.198.116.76:8000/api/finance/rule/findRule?moneyType=1&userId=1442
headers  : {
    "User-Agent": "Mozilla/5.0 (Macintosh; Intel Mac OS X 10_15_7) AppleWebKit/537.36 (KHTML, like Gecko) Chrome/98.0.4758.102 Safari/537.36 Edg/98.0.1108.56",
    "Accept-Encoding": "gzip, deflate",
    "Accept": "application/json, text/plain, */*",
    "Connection": "keep-alive",
    "Accept-Language": "zh-CN,zh;q=0.9,en;q=0.8,en-GB;q=0.7,en-US;q=0.6",
    "HRUN-Request-ID": "HRUN-ff7f6a2f-6a3e-47ce-9a25-d1932476d266-416949",
    "Cookie": "SESSION=ODBhYjgwOGMtYjY4MC00ZjlkLTg1NjctYmFlM2FmYTliNmZm; SESSION=response.headers.\"Set-Cookie\".session"
}
cookies  : {
    "SESSION": "ODBhYjgwOGMtYjY4MC00ZjlkLTg1NjctYmFlM2FmYTliNmZm"
}
body     : None

2023-06-16 17:06:57.002 | DEBUG    | httprunner.client:log_print:40 - 
================== response details ==================
status_code : 200
headers  : {
    "Server": "nginx",
    "Date": "Fri, 16 Jun 2023 09:06:57 GMT",
    "Content-Type": "application/json;charset=UTF-8",
    "Transfer-Encoding": "chunked",
    "X-Frame-Options": "SAMEORIGIN",
    "Connection": "keep-alive"
}
cookies  : {}
encoding : UTF-8
content_type : application/json;charset=UTF-8
body     : {
    "message": "success",
    "status": 1,
    "data": [
        {
            "id": 77,
            "createDate": "2023-05-31 12:51:33",
            "updateDate": "2023-05-31 12:51:33",
            "name": "标准",
            "money": 10000.0,
            "moneyType": 1,
            "prefixCount": 1,
            "remart": "test",
            "entName": null,
            "entUserId": null,
            "ruleType": 2,
            "escrowId": null
        }
    ]
}

2023-06-16 17:06:57.003 | INFO     | httprunner.client:request:217 - status_code: 200, response_time(ms): 51.1 ms, response_length: 0 bytes
2023-06-16 17:06:57.004 | INFO     | httprunner.response:extract:179 - extract mapping: {'regFeeRuleId': 77}
2023-06-16 17:06:57.005 | INFO     | httprunner.response:validate:249 - assert status_code equal 200(int)	==> pass
2023-06-16 17:06:57.006 | INFO     | httprunner.response:validate:249 - assert body.message equal success(str)	==> pass
2023-06-16 17:06:57.006 | INFO     | httprunner.response:validate:249 - assert body.status equal 1(int)	==> pass
2023-06-16 17:06:57.006 | INFO     | httprunner.runner:__run_step:304 - run step end: 财务规则查询-注册费 <<<<<<

2023-06-16 17:06:57.007 | INFO     | httprunner.runner:__run_step_testcase:286 - export variables: {'regFeeRuleId': 77}
2023-06-16 17:06:57.007 | INFO     | httprunner.runner:__run_step:304 - run step end: 注册费费用查询 <<<<<<

2023-06-16 17:06:57.007 | INFO     | httprunner.runner:__run_step:292 - run step begin: 审核结果保存 >>>>>>
2023-06-16 17:06:57.008 | INFO     | httprunner.runner:__run_step:292 - run step begin: 企业审核保存 >>>>>>
2023-06-16 17:06:58.043 | DEBUG    | httprunner.client:request:186 - client IP: 127.0.0.1, Port: 64208
2023-06-16 17:06:58.044 | DEBUG    | httprunner.client:request:194 - server IP: 127.0.0.1, Port: 8888
2023-06-16 17:06:58.045 | DEBUG    | httprunner.client:log_print:40 - 
================== request details ==================
method   : POST
url      : http://139.198.116.76:8000/api/v3/ent/audit/save?annualFeeRuleId=78&applyId=1217&auditMsg=%E5%AE%A1%E6%A0%B8%E9%80%9A%E8%BF%87&auditResult=pass&entPrefix=88.408.2672559479&regFeeRuleId=77
headers  : {
    "User-Agent": "Mozilla/5.0 (Macintosh; Intel Mac OS X 10_15_7) AppleWebKit/537.36 (KHTML, like Gecko) Chrome/98.0.4758.102 Safari/537.36 Edg/98.0.1108.56",
    "Accept-Encoding": "gzip, deflate",
    "Accept": "application/json, text/plain, */*",
    "Connection": "keep-alive",
    "Accept-Language": "zh-CN,zh;q=0.9,en;q=0.8,en-GB;q=0.7,en-US;q=0.6",
    "Content-Length": "0",
    "HRUN-Request-ID": "HRUN-ff7f6a2f-6a3e-47ce-9a25-d1932476d266-417008",
    "Cookie": "SESSION=ODBhYjgwOGMtYjY4MC00ZjlkLTg1NjctYmFlM2FmYTliNmZm; SESSION=response.headers.\"Set-Cookie\".session"
}
cookies  : {
    "SESSION": "ODBhYjgwOGMtYjY4MC00ZjlkLTg1NjctYmFlM2FmYTliNmZm"
}
body     : None

2023-06-16 17:06:58.046 | DEBUG    | httprunner.client:log_print:40 - 
================== response details ==================
status_code : 200
headers  : {
    "Server": "nginx",
    "Date": "Fri, 16 Jun 2023 09:06:58 GMT",
    "Content-Type": "application/json",
    "Transfer-Encoding": "chunked",
    "X-Frame-Options": "SAMEORIGIN",
    "Connection": "keep-alive"
}
cookies  : {}
encoding : utf-8
content_type : application/json
body     : {
    "message": "success",
    "status": 1,
    "data": true
}

2023-06-16 17:06:58.046 | INFO     | httprunner.client:request:217 - status_code: 200, response_time(ms): 1035.29 ms, response_length: 0 bytes
2023-06-16 17:06:58.046 | INFO     | httprunner.response:validate:249 - assert status_code equal 200(int)	==> pass
2023-06-16 17:06:58.046 | INFO     | httprunner.response:validate:249 - assert body.message equal success(str)	==> pass
2023-06-16 17:06:58.047 | INFO     | httprunner.response:validate:249 - assert body.status equal 1(int)	==> pass
2023-06-16 17:06:58.047 | INFO     | httprunner.response:validate:249 - assert body.data equal True(bool)	==> pass
2023-06-16 17:06:58.047 | INFO     | httprunner.runner:__run_step:304 - run step end: 企业审核保存 <<<<<<

2023-06-16 17:06:58.047 | INFO     | httprunner.runner:__run_step:304 - run step end: 审核结果保存 <<<<<<

2023-06-16 17:06:58.048 | INFO     | httprunner.runner:__run_step:292 - run step begin: 前缀管理分页 >>>>>>
2023-06-16 17:06:58.048 | INFO     | httprunner.runner:__run_step:292 - run step begin: 前缀管理分页 >>>>>>
2023-06-16 17:06:58.120 | DEBUG    | httprunner.client:request:186 - client IP: 127.0.0.1, Port: 64208
2023-06-16 17:06:58.121 | DEBUG    | httprunner.client:request:194 - server IP: 127.0.0.1, Port: 8888
2023-06-16 17:06:58.121 | DEBUG    | httprunner.client:log_print:40 - 
================== request details ==================
method   : GET
url      : http://139.198.116.76:8000/api/v3/ent/prefix/manage/pageQuery?cache=1663838231980&currentPage=1&entPrefix=88.408.2672559479&escrowOrgName=&order=&orderProp=
headers  : {
    "User-Agent": "Mozilla/5.0 (Macintosh; Intel Mac OS X 10_15_7) AppleWebKit/537.36 (KHTML, like Gecko) Chrome/98.0.4758.102 Safari/537.36 Edg/98.0.1108.56",
    "Accept-Encoding": "gzip, deflate",
    "Accept": "application/json, text/plain, */*",
    "Connection": "keep-alive",
    "Accept-Language": "zh-CN,zh;q=0.9,en;q=0.8,en-GB;q=0.7,en-US;q=0.6",
    "HRUN-Request-ID": "HRUN-ff7f6a2f-6a3e-47ce-9a25-d1932476d266-418048",
    "Cookie": "SESSION=ODBhYjgwOGMtYjY4MC00ZjlkLTg1NjctYmFlM2FmYTliNmZm; SESSION=response.headers.\"Set-Cookie\".session"
}
cookies  : {
    "SESSION": "ODBhYjgwOGMtYjY4MC00ZjlkLTg1NjctYmFlM2FmYTliNmZm"
}
body     : None

2023-06-16 17:06:58.123 | DEBUG    | httprunner.client:log_print:40 - 
================== response details ==================
status_code : 200
headers  : {
    "Server": "nginx",
    "Date": "Fri, 16 Jun 2023 09:06:58 GMT",
    "Content-Type": "application/json",
    "Transfer-Encoding": "chunked",
    "X-Frame-Options": "SAMEORIGIN",
    "Connection": "keep-alive"
}
cookies  : {}
encoding : utf-8
content_type : application/json
body     : {
    "message": "success",
    "status": 1,
    "data": {
        "first": true,
        "last": true,
        "totalPages": 1,
        "totalElements": 1,
        "number": 1,
        "size": 10,
        "sort": {
            "sorted": false,
            "empty": true,
            "unsorted": true
        },
        "numberOfElements": 1,
        "content": [
            {
                "userId": 1442,
                "entPrefix": "88.408.2672559479",
                "state": 1,
                "entGeneralId": null,
                "entName": "xSfZWQ4jOrT4WjG5QWhU3Hysq7hhtr1O",
                "escrowOrgName": null,
                "proxyState": 1,
                "createDate": "2023-06-16 17:06:58",
                "updateDate": "2023-06-16 17:06:58",
                "id": 644
            }
        ]
    }
}

2023-06-16 17:06:58.124 | INFO     | httprunner.client:request:217 - status_code: 200, response_time(ms): 71.83 ms, response_length: 0 bytes
2023-06-16 17:06:58.125 | INFO     | httprunner.response:extract:179 - extract mapping: {'userId': 1442, 'entPrefix': '88.408.2672559479', 'prefixId': 644, 'entNameCn': 'xSfZWQ4jOrT4WjG5QWhU3Hysq7hhtr1O', 'proxyState': 1}
2023-06-16 17:06:58.125 | INFO     | httprunner.response:validate:249 - assert status_code equal 200(int)	==> pass
2023-06-16 17:06:58.125 | INFO     | httprunner.response:validate:249 - assert body.message equal success(str)	==> pass
2023-06-16 17:06:58.125 | INFO     | httprunner.runner:__run_step:304 - run step end: 前缀管理分页 <<<<<<

2023-06-16 17:06:58.125 | INFO     | httprunner.runner:__run_step_testcase:286 - export variables: {'entPrefix': '88.408.2672559479', 'userId': 1442, 'prefixId': 644, 'entNameCn': 'xSfZWQ4jOrT4WjG5QWhU3Hysq7hhtr1O', 'proxyState': 1}
2023-06-16 17:06:58.125 | INFO     | httprunner.runner:__run_step:304 - run step end: 前缀管理分页 <<<<<<

2023-06-16 17:06:58.125 | INFO     | httprunner.runner:__run_step:292 - run step begin: 前缀审核列表查询驳回状态 >>>>>>
2023-06-16 17:06:58.126 | INFO     | httprunner.runner:__run_step:292 - run step begin: 前缀审核分页-驳回 >>>>>>
2023-06-16 17:06:58.191 | DEBUG    | httprunner.client:request:186 - client IP: 127.0.0.1, Port: 64208
2023-06-16 17:06:58.191 | DEBUG    | httprunner.client:request:194 - server IP: 127.0.0.1, Port: 8888
2023-06-16 17:06:58.192 | DEBUG    | httprunner.client:log_print:40 - 
================== request details ==================
method   : GET
url      : http://139.198.116.76:8000/api/v3/ent/audit/pageQuery?cache=1663838692645&currentPage=1&escrowOrgName=&order=&orderProp=&orgName=&prefix=&auditState=3&rangeTime=
headers  : {
    "User-Agent": "Mozilla/5.0 (Macintosh; Intel Mac OS X 10_15_7) AppleWebKit/537.36 (KHTML, like Gecko) Chrome/98.0.4758.102 Safari/537.36 Edg/98.0.1108.56",
    "Accept-Encoding": "gzip, deflate",
    "Accept": "application/json, text/plain, */*",
    "Connection": "keep-alive",
    "Accept-Language": "zh-CN,zh;q=0.9,en;q=0.8,en-GB;q=0.7,en-US;q=0.6",
    "HRUN-Request-ID": "HRUN-ff7f6a2f-6a3e-47ce-9a25-d1932476d266-418126",
    "Cookie": "SESSION=ODBhYjgwOGMtYjY4MC00ZjlkLTg1NjctYmFlM2FmYTliNmZm; SESSION=response.headers.\"Set-Cookie\".session"
}
cookies  : {
    "SESSION": "ODBhYjgwOGMtYjY4MC00ZjlkLTg1NjctYmFlM2FmYTliNmZm"
}
body     : None

2023-06-16 17:06:58.199 | DEBUG    | httprunner.client:log_print:40 - 
================== response details ==================
status_code : 200
headers  : {
    "Server": "nginx",
    "Date": "Fri, 16 Jun 2023 09:06:58 GMT",
    "Content-Type": "application/json",
    "Transfer-Encoding": "chunked",
    "X-Frame-Options": "SAMEORIGIN",
    "Connection": "keep-alive"
}
cookies  : {}
encoding : utf-8
content_type : application/json
body     : {
    "message": "success",
    "status": 1,
    "data": {
        "first": true,
        "last": false,
        "totalPages": 3,
        "totalElements": 26,
        "number": 1,
        "size": 10,
        "sort": {
            "sorted": false,
            "empty": true,
            "unsorted": true
        },
        "numberOfElements": 10,
        "content": [
            {
                "id": 1209,
                "escrowOrgName": null,
                "orgName": "iTNa8sN4Re9RkgsNRZdG1adCpVb9I7Vn",
                "entPrefix": "88.408.1016779891",
                "orgCrtCode": "iTNa8sN4Re9RkgsNRZdG1adCpVb9I7Vn",
                "orgNature": 1,
                "applyType": 1,
                "thirdServiceStatus": 3,
                "firstAuditStatus": 3,
                "createDate": "2023-06-16 14:44:23",
                "updateDate": "2023-06-16 14:44:24"
            },
            {
                "id": 1181,
                "escrowOrgName": null,
                "orgName": "EMpJ2Hbi4K8nPI7VIKblhBLMoNmgaKmI",
                "entPrefix": "88.408.1943",
                "orgCrtCode": "EMpJ2Hbi4K8nPI7VIKblhBLMoNmgaKmI",
                "orgNature": 1,
                "applyType": 1,
                "thirdServiceStatus": 3,
                "firstAuditStatus": 3,
                "createDate": "2023-06-14 16:54:49",
                "updateDate": "2023-06-15 16:39:47"
            },
            {
                "id": 1188,
                "escrowOrgName": null,
                "orgName": "F5WraV2EqReIIPfsdzuuSoUHbz05TkNB",
                "entPrefix": "88.408.2274657356",
                "orgCrtCode": "F5WraV2EqReIIPfsdzuuSoUHbz05TkNB",
                "orgNature": 1,
                "applyType": 1,
                "thirdServiceStatus": 3,
                "firstAuditStatus": 3,
                "createDate": "2023-06-15 11:29:26",
                "updateDate": "2023-06-15 11:29:27"
            },
            {
                "id": 1186,
                "escrowOrgName": null,
                "orgName": "6t0bIK9qhChMrugWUSuiE2s8GLxl14OU",
                "entPrefix": "88.408.926290327",
                "orgCrtCode": "6t0bIK9qhChMrugWUSuiE2s8GLxl14OU",
                "orgNature": 1,
                "applyType": 1,
                "thirdServiceStatus": 3,
                "firstAuditStatus": 3,
                "createDate": "2023-06-15 11:18:17",
                "updateDate": "2023-06-15 11:18:18"
            },
            {
                "id": 1182,
                "escrowOrgName": null,
                "orgName": "8U4wyA8zg9SePSbAM2KGy1lYO7EfK0mM",
                "entPrefix": "88.408.5280",
                "orgCrtCode": "8U4wyA8zg9SePSbAM2KGy1lYO7EfK0mM",
                "orgNature": 1,
                "applyType": 1,
                "thirdServiceStatus": 3,
                "firstAuditStatus": 3,
                "createDate": "2023-06-14 17:31:29",
                "updateDate": "2023-06-14 17:31:31"
            },
            {
                "id": 1150,
                "escrowOrgName": null,
                "orgName": "opjfD554HDOPyB6zqkgt0hH9a588zqzn",
                "entPrefix": "88.408.273331100042",
                "orgCrtCode": "9V2TbG0f5ryx1Ee2EHtncFHSagmPX4GR",
                "orgNature": 1,
                "applyType": 1,
                "thirdServiceStatus": 3,
                "firstAuditStatus": 3,
                "createDate": "2023-06-14 10:44:49",
                "updateDate": "2023-06-14 10:44:49"
            },
            {
                "id": 1148,
                "escrowOrgName": null,
                "orgName": "ZYJD6XOcPSqfDkVghCe7olJJEL7AyxeQ",
                "entPrefix": "88.408.53352008603",
                "orgCrtCode": "B5hDXkHL8g5zXZZbKTnOS7mX6VKGMqKC",
                "orgNature": 1,
                "applyType": 1,
                "thirdServiceStatus": 3,
                "firstAuditStatus": 3,
                "createDate": "2023-06-14 10:44:42",
                "updateDate": "2023-06-14 10:44:43"
            },
            {
                "id": 1123,
                "escrowOrgName": null,
                "orgName": "sUMQIkBVkRPUhV3erY2kXRY0rU1KaHsB",
                "entPrefix": "88.408.1088320892",
                "orgCrtCode": "j3OhMhjkJsEXmyEzOu6KtaqaWzChYyWP",
                "orgNature": 1,
                "applyType": 1,
                "thirdServiceStatus": 3,
                "firstAuditStatus": 3,
                "createDate": "2023-06-14 10:42:17",
                "updateDate": "2023-06-14 10:42:18"
            },
            {
                "id": 982,
                "escrowOrgName": null,
                "orgName": "hUnBEys8y2EHJtOxXkvaJuerUcRzBALA",
                "entPrefix": "88.408.927344338540",
                "orgCrtCode": "DTSWzw8FgFjxgAnEMAGJuhygfmoxDkKT",
                "orgNature": 1,
                "applyType": 1,
                "thirdServiceStatus": 3,
                "firstAuditStatus": 3,
                "createDate": "2023-05-31 19:14:34",
                "updateDate": "2023-05-31 19:14:35"
            },
            {
                "id": 980,
                "escrowOrgName": null,
                "orgName": "H8eN4K6BI2ARNgrfSzHUWxy2epJN4X87",
                "entPrefix": "88.408.426184134",
                "orgCrtCode": "AOXR6NelcFL2kOZgieQWihVJ1J4pc51H",
                "orgNature": 1,
                "applyType": 1,
                "thirdServiceStatus": 3,
                "firstAuditStatus": 3,
                "createDate": "2023-05-31 19:14:24",
                "updateDate": "2023-05-31 19:14:25"
            }
        ]
    }
}

2023-06-16 17:06:58.200 | INFO     | httprunner.client:request:217 - status_code: 200, response_time(ms): 64.91 ms, response_length: 0 bytes
2023-06-16 17:06:58.200 | INFO     | httprunner.response:validate:249 - assert status_code equal 200(int)	==> pass
2023-06-16 17:06:58.201 | INFO     | httprunner.response:validate:249 - assert body.message equal success(str)	==> pass
2023-06-16 17:06:58.201 | INFO     | httprunner.response:validate:249 - assert body.status equal 1(int)	==> pass
2023-06-16 17:06:58.201 | INFO     | httprunner.response:validate:249 - assert body.data.content[0].firstAuditStatus equal 3(int)	==> pass
2023-06-16 17:06:58.201 | INFO     | httprunner.runner:__run_step:304 - run step end: 前缀审核分页-驳回 <<<<<<

2023-06-16 17:06:58.202 | INFO     | httprunner.runner:__run_step:304 - run step end: 前缀审核列表查询驳回状态 <<<<<<

